/blue/stevenweisberg/stevenweisberg/MATLAB/projects/Weisberg_Aguirre_2020/scripts
c21b-s16.ufhpc
Sat Oct  3 17:28:01 EDT 2020
cp: cannot stat ‘./deploy_sim.sh’: No such file or directory
cp: cannot stat ‘./sim_wrapper.sh’: No such file or directory
------------------------------------------
Setting up environment variables
---
LD_LIBRARY_PATH is .:/apps/matlab/mcr/2020b/v99/runtime/glnxa64:/apps/matlab/mcr/2020b/v99/bin/glnxa64:/apps/matlab/mcr/2020b/v99/sys/os/glnxa64:/apps/matlab/mcr/2020b/v99/sys/opengl/lib/glnxa64
Warning: Executing startup failed in matlabrc.
This indicates a potentially serious problem in your MATLAB setup, which should be resolved as soon as possible.  Error detected was:
MATLAB:mpath:PathAlterationNotSupported
Modifying the search path is not supported by MATLAB Compiler. Remove functions that modify the search path from your MATLAB code. To make files visible to your deployed application, add the parent folder to your MATLAB session.
Warning: No stimulus domain specified. Defaulting to values between 0.01 and 1.
> In qpfmriParams (line 182)
In compiledSimulate (line 205)
Stimulus domain added from input.
Parameter slope specified as 0.41000
Parameter semiSat specified as 0.57000
Parameter beta specified as 1.00000
Parameter sigma specified as 0.15000
seed = 99seed = 104seed = 111seed = 111seed = 115seed = 101Initializing Q+. This may take a minute...
Elapsed time is 5.523300 seconds.
Simulated parameters:
slope: 0.410 semiSat: 0.570 beta: 1.000 sigma: 0.150 

Trial 1: baseline Stimulus Selection
Stimulus: 0.010
Output value 0.000

Q+ parameters
slope: 0.026 semiSat: 0.890 beta: 0.500 sigma: 0.010 
maxBOLD estimate = 1.000


Trial 2: maxBOLD Stimulus Selection
Stimulus: 1.000
Output value 1.364

Q+ parameters
slope: 0.055 semiSat: 0.670 beta: 1.250 sigma: 0.010 
maxBOLD estimate = 1.000


Trial 3: baseline Stimulus Selection
Stimulus: 0.010
Output value 0.142

Q+ parameters
slope: 0.043 semiSat: 0.780 beta: 1.250 sigma: 0.120 
maxBOLD estimate = 1.250


Trial 4: maxBOLD Stimulus Selection
Stimulus: 1.000
Output value 0.888

Q+ parameters
slope: 0.034 semiSat: 1.000 beta: 1.250 sigma: 0.120 
maxBOLD estimate = 1.562


Trial 5: baseline Stimulus Selection
Stimulus: 0.010
Output value -0.222

Q+ parameters
slope: 0.034 semiSat: 1.000 beta: 1.250 sigma: 0.120 
maxBOLD estimate = 1.953


Trial 6: maxBOLD Stimulus Selection
Stimulus: 1.000
Output value 0.999

Q+ parameters
slope: 0.034 semiSat: 0.890 beta: 0.750 sigma: 0.120 
maxBOLD estimate = 2.441


Trial 7: random Stimulus Selection
Stimulus: 0.381
Output value 0.416

Q+ parameters
slope: 0.034 semiSat: 1.000 beta: 1.250 sigma: 0.120 
maxBOLD estimate = 1.831


Trial 8: random Stimulus Selection
Stimulus: 0.794
Output value 1.405

Q+ parameters
slope: 0.144 semiSat: 0.450 beta: 0.750 sigma: 0.120 
maxBOLD estimate = 2.289


Trial 9: random Stimulus Selection
Stimulus: 0.794
Output value 1.756

Q+ parameters
slope: 0.113 semiSat: 0.450 beta: 0.938 sigma: 0.120 
maxBOLD estimate = 1.717


Trial 10: baseline Stimulus Selection
Stimulus: 0.010
Output value 0.137

Q+ parameters
slope: 0.113 semiSat: 0.450 beta: 0.938 sigma: 0.120 
maxBOLD estimate = 1.609


Trial 11: random Stimulus Selection
Stimulus: 0.134
Output value 0.000

Q+ parameters
slope: 0.183 semiSat: 0.450 beta: 0.875 sigma: 0.120 
maxBOLD estimate = 1.509


Trial 12: random Stimulus Selection
Stimulus: 0.010
Output value 0.420

Q+ parameters
slope: 0.183 semiSat: 0.450 beta: 0.875 sigma: 0.120 
maxBOLD estimate = 1.320


Trial 13: random Stimulus Selection
Stimulus: 0.959
Output value 1.890

Q+ parameters
slope: 0.070 semiSat: 0.670 beta: 1.500 sigma: 0.120 
maxBOLD estimate = 1.155


Trial 14: random Stimulus Selection
Stimulus: 0.257
Output value -0.295

Q+ parameters
slope: 0.183 semiSat: 0.560 beta: 0.938 sigma: 0.230 
maxBOLD estimate = 1.733


Trial 15: maxBOLD Stimulus Selection
Stimulus: 1.000
Output value 2.031

Q+ parameters
slope: 0.144 semiSat: 0.670 beta: 1.250 sigma: 0.230 
maxBOLD estimate = 1.624


Trial 16: random Stimulus Selection
Stimulus: 0.794
Output value 1.384

Q+ parameters
slope: 0.113 semiSat: 0.560 beta: 0.750 sigma: 0.120 
maxBOLD estimate = 2.031


Trial 17: random Stimulus Selection
Stimulus: 0.918
Output value 2.077

Q+ parameters
slope: 0.144 semiSat: 0.670 beta: 1.250 sigma: 0.230 
maxBOLD estimate = 1.523


Trial 18: random Stimulus Selection
Stimulus: 0.340
Output value 0.535

Q+ parameters
slope: 0.113 semiSat: 0.560 beta: 1.031 sigma: 0.230 
maxBOLD estimate = 1.904


Trial 19: random Stimulus Selection
Stimulus: 0.257
Output value 0.552

Q+ parameters
slope: 0.113 semiSat: 0.560 beta: 1.031 sigma: 0.230 
maxBOLD estimate = 1.963


Trial 20: baseline Stimulus Selection
Stimulus: 0.010
Output value -0.380

Q+ parameters
slope: 0.113 semiSat: 0.560 beta: 1.031 sigma: 0.230 
maxBOLD estimate = 2.024


Trial 21: random Stimulus Selection
Stimulus: 0.588
Output value 0.830

Q+ parameters
slope: 0.089 semiSat: 0.560 beta: 0.875 sigma: 0.120 
maxBOLD estimate = 2.088


Trial 22: random Stimulus Selection
Stimulus: 0.629
Output value 0.996

Q+ parameters
slope: 0.089 semiSat: 0.670 beta: 1.500 sigma: 0.230 
maxBOLD estimate = 1.827


Trial 23: random Stimulus Selection
Stimulus: 0.216
Output value -0.187

Q+ parameters
slope: 0.070 semiSat: 0.670 beta: 0.750 sigma: 0.120 
maxBOLD estimate = 2.740


Trial 24: random Stimulus Selection
Stimulus: 0.918
Output value 1.471

Q+ parameters
slope: 0.089 semiSat: 0.560 beta: 0.875 sigma: 0.120 
maxBOLD estimate = 2.055


Trial 25: maxBOLD Stimulus Selection
Stimulus: 1.000
Output value 2.697

Q+ parameters
slope: 0.089 semiSat: 0.670 beta: 1.500 sigma: 0.230 
maxBOLD estimate = 1.798


Trial 26: random Stimulus Selection
Stimulus: 0.175
Output value 0.552

Q+ parameters
slope: 0.070 semiSat: 0.670 beta: 0.750 sigma: 0.120 
maxBOLD estimate = 2.697


Trial 27: random Stimulus Selection
Stimulus: 0.876
Output value 1.609

Q+ parameters
slope: 0.089 semiSat: 0.560 beta: 0.875 sigma: 0.120 
maxBOLD estimate = 2.023


Trial 28: random Stimulus Selection
Stimulus: 0.670
Output value 1.690

Q+ parameters
slope: 0.070 semiSat: 0.670 beta: 1.500 sigma: 0.230 
maxBOLD estimate = 1.770


Trial 29: random Stimulus Selection
Stimulus: 0.588
Output value 0.905

Q+ parameters
slope: 0.070 semiSat: 0.670 beta: 0.750 sigma: 0.120 
maxBOLD estimate = 2.655


Trial 30: baseline Stimulus Selection
Stimulus: 0.010
Output value 0.000

Q+ parameters
slope: 0.089 semiSat: 0.560 beta: 0.875 sigma: 0.120 
maxBOLD estimate = 1.991


Trial 31: random Stimulus Selection
Stimulus: 0.588
Output value 1.040

Q+ parameters
slope: 0.113 semiSat: 0.560 beta: 0.938 sigma: 0.120 
maxBOLD estimate = 1.742


Trial 32: random Stimulus Selection
Stimulus: 0.918
Output value 1.782

Q+ parameters
slope: 0.070 semiSat: 0.670 beta: 1.500 sigma: 0.120 
maxBOLD estimate = 1.634


Trial 33: random Stimulus Selection
Stimulus: 0.505
Output value -0.334

Q+ parameters
slope: 0.183 semiSat: 0.560 beta: 0.750 sigma: 0.120 
maxBOLD estimate = 2.450


Trial 34: random Stimulus Selection
Stimulus: 0.216
Output value 0.000

Q+ parameters
slope: 0.113 semiSat: 0.670 beta: 1.500 sigma: 0.230 
maxBOLD estimate = 1.838


Trial 35: maxBOLD Stimulus Selection
Stimulus: 1.000
Output value 1.692

Q+ parameters
slope: 0.070 semiSat: 0.670 beta: 0.750 sigma: 0.120 
maxBOLD estimate = 2.757


Trial 36: random Stimulus Selection
Stimulus: 0.464
Output value -0.282

Q+ parameters
slope: 0.298 semiSat: 0.560 beta: 0.750 sigma: 0.120 
maxBOLD estimate = 2.067


Trial 37: random Stimulus Selection
Stimulus: 0.588
Output value 1.048

Q+ parameters
slope: 0.379 semiSat: 0.560 beta: 1.062 sigma: 0.230 
maxBOLD estimate = 1.551


Trial 38: random Stimulus Selection
Stimulus: 0.134
Output value -0.159

Q+ parameters
slope: 0.379 semiSat: 0.560 beta: 1.062 sigma: 0.230 
maxBOLD estimate = 1.647


Trial 39: random Stimulus Selection
Stimulus: 0.918
Output value 0.925

Q+ parameters
slope: 0.379 semiSat: 0.560 beta: 0.969 sigma: 0.230 
maxBOLD estimate = 1.750


Trial 40: baseline Stimulus Selection
Stimulus: 0.010
Output value -0.164

Q+ parameters
slope: 0.379 semiSat: 0.560 beta: 1.062 sigma: 0.230 
maxBOLD estimate = 1.696

--------------------------------------------------------------
FINAL VALUES
--------------------------------------------------------------
Simulated parameters:              slope: 0.410 semiSat: 0.570 beta: 1.000 sigma: 0.150 
Max posterior QUEST+ parameters:   slope: 0.379 semiSat: 0.560 beta: 0.875 sigma: 0.120 
Max BADS parameters:               slope: 0.283 semiSat: 0.587 beta: 1.000 sigma: 0.168 
maxBOLD estimate: 1.861
