/blue/stevenweisberg/stevenweisberg/MATLAB/projects/Weisberg_Aguirre_2020/scripts
c21b-s16.ufhpc
Sat Oct  3 17:06:38 EDT 2020
cp: cannot stat ‘./deploy_sim.sh’: No such file or directory
cp: cannot stat ‘./sim_wrapper.sh’: No such file or directory
------------------------------------------
Setting up environment variables
---
LD_LIBRARY_PATH is .:/apps/matlab/mcr/2020b/v99/runtime/glnxa64:/apps/matlab/mcr/2020b/v99/bin/glnxa64:/apps/matlab/mcr/2020b/v99/sys/os/glnxa64:/apps/matlab/mcr/2020b/v99/sys/opengl/lib/glnxa64
Warning: Executing startup failed in matlabrc.
This indicates a potentially serious problem in your MATLAB setup, which should be resolved as soon as possible.  Error detected was:
MATLAB:mpath:PathAlterationNotSupported
Modifying the search path is not supported by MATLAB Compiler. Remove functions that modify the search path from your MATLAB code. To make files visible to your deployed application, add the parent folder to your MATLAB session.
Warning: No stimulus domain specified. Defaulting to values between 0.01 and 1.
> In qpfmriParams (line 182)
In compiledSimulate (line 205)
Stimulus domain added from input.
Parameter slope specified as 0.41000
Parameter semiSat specified as 0.57000
Parameter beta specified as 1.00000
Parameter sigma specified as 0.05000
seed = 99seed = 104seed = 111seed = 111seed = 115seed = 101Initializing Q+. This may take a minute...
Elapsed time is 5.419928 seconds.
Simulated parameters:
slope: 0.410 semiSat: 0.570 beta: 1.000 sigma: 0.050 

Trial 1: baseline Stimulus Selection
Stimulus: 0.010
Output value 0.000

Q+ parameters
slope: 0.026 semiSat: 0.890 beta: 0.500 sigma: 0.010 
maxBOLD estimate = 1.000


Trial 2: maxBOLD Stimulus Selection
Stimulus: 1.000
Output value 1.364

Q+ parameters
slope: 0.055 semiSat: 0.670 beta: 1.250 sigma: 0.010 
maxBOLD estimate = 1.000


Trial 3: baseline Stimulus Selection
Stimulus: 0.010
Output value 0.000

Q+ parameters
slope: 0.055 semiSat: 0.670 beta: 1.250 sigma: 0.010 
maxBOLD estimate = 1.250


Trial 4: maxBOLD Stimulus Selection
Stimulus: 1.000
Output value 1.758

Q+ parameters
slope: 0.055 semiSat: 0.670 beta: 1.125 sigma: 0.120 
maxBOLD estimate = 1.562


Trial 5: baseline Stimulus Selection
Stimulus: 0.010
Output value 0.000

Q+ parameters
slope: 0.043 semiSat: 0.780 beta: 1.125 sigma: 0.010 
maxBOLD estimate = 1.758


Trial 6: maxBOLD Stimulus Selection
Stimulus: 1.000
Output value 1.393

Q+ parameters
slope: 0.043 semiSat: 0.780 beta: 0.969 sigma: 0.010 
maxBOLD estimate = 1.978


Trial 7: qplus Stimulus Selection
Stimulus: 0.711
Output value 1.219

Q+ parameters
slope: 0.070 semiSat: 0.450 beta: 0.875 sigma: 0.120 
maxBOLD estimate = 1.916


Trial 8: qplus Stimulus Selection
Stimulus: 0.423
Output value 0.000

Q+ parameters
slope: 0.234 semiSat: 0.560 beta: 0.938 sigma: 0.120 
maxBOLD estimate = 1.676


Trial 9: qplus Stimulus Selection
Stimulus: 0.588
Output value 0.830

Q+ parameters
slope: 0.234 semiSat: 0.560 beta: 0.969 sigma: 0.120 
maxBOLD estimate = 1.572


Trial 10: baseline Stimulus Selection
Stimulus: 0.010
Output value -0.156

Q+ parameters
slope: 0.234 semiSat: 0.560 beta: 1.125 sigma: 0.120 
maxBOLD estimate = 1.522


Trial 11: qplus Stimulus Selection
Stimulus: 0.505
Output value -0.136

Q+ parameters
slope: 0.616 semiSat: 0.560 beta: 0.875 sigma: 0.120 
maxBOLD estimate = 1.713


Trial 12: qplus Stimulus Selection
Stimulus: 0.629
Output value 1.320

Q+ parameters
slope: 0.616 semiSat: 0.560 beta: 0.969 sigma: 0.120 
maxBOLD estimate = 1.499


Trial 13: qplus Stimulus Selection
Stimulus: 0.588
Output value 1.122

Q+ parameters
slope: 0.379 semiSat: 0.560 beta: 1.062 sigma: 0.120 
maxBOLD estimate = 1.452


Trial 14: qplus Stimulus Selection
Stimulus: 0.588
Output value 0.951

Q+ parameters
slope: 0.379 semiSat: 0.560 beta: 0.969 sigma: 0.120 
maxBOLD estimate = 1.543


Trial 15: maxBOLD Stimulus Selection
Stimulus: 1.000
Output value 1.448

Q+ parameters
slope: 0.379 semiSat: 0.560 beta: 0.969 sigma: 0.120 
maxBOLD estimate = 1.494


Trial 16: qplus Stimulus Selection
Stimulus: 0.505
Output value 0.419

Q+ parameters
slope: 0.298 semiSat: 0.560 beta: 1.062 sigma: 0.120 
maxBOLD estimate = 1.448


Trial 17: qplus Stimulus Selection
Stimulus: 0.505
Output value 0.149

Q+ parameters
slope: 0.298 semiSat: 0.560 beta: 1.062 sigma: 0.120 
maxBOLD estimate = 1.538


Trial 18: qplus Stimulus Selection
Stimulus: 0.505
Output value 0.260

Q+ parameters
slope: 0.379 semiSat: 0.560 beta: 0.875 sigma: 0.120 
maxBOLD estimate = 1.634


Trial 19: qplus Stimulus Selection
Stimulus: 0.588
Output value 1.105

Q+ parameters
slope: 0.298 semiSat: 0.560 beta: 1.062 sigma: 0.120 
maxBOLD estimate = 1.430


Trial 20: baseline Stimulus Selection
Stimulus: 0.010
Output value 0.000

Q+ parameters
slope: 0.298 semiSat: 0.560 beta: 1.062 sigma: 0.120 
maxBOLD estimate = 1.519


Trial 21: qplus Stimulus Selection
Stimulus: 0.505
Output value 0.284

Q+ parameters
slope: 0.234 semiSat: 0.560 beta: 0.969 sigma: 0.120 
maxBOLD estimate = 1.614


Trial 22: qplus Stimulus Selection
Stimulus: 0.629
Output value 1.511

Q+ parameters
slope: 0.298 semiSat: 0.560 beta: 1.062 sigma: 0.120 
maxBOLD estimate = 1.564


Trial 23: qplus Stimulus Selection
Stimulus: 0.505
Output value 0.132

Q+ parameters
slope: 0.379 semiSat: 0.560 beta: 0.875 sigma: 0.120 
maxBOLD estimate = 1.662


Trial 24: qplus Stimulus Selection
Stimulus: 0.588
Output value 0.983

Q+ parameters
slope: 0.298 semiSat: 0.560 beta: 1.062 sigma: 0.120 
maxBOLD estimate = 1.454


Trial 25: maxBOLD Stimulus Selection
Stimulus: 1.000
Output value 1.790

Q+ parameters
slope: 0.298 semiSat: 0.560 beta: 1.062 sigma: 0.120 
maxBOLD estimate = 1.545


Trial 26: qplus Stimulus Selection
Stimulus: 0.505
Output value 0.131

Q+ parameters
slope: 0.379 semiSat: 0.560 beta: 0.875 sigma: 0.120 
maxBOLD estimate = 1.641


Trial 27: qplus Stimulus Selection
Stimulus: 0.670
Output value 1.763

Q+ parameters
slope: 0.298 semiSat: 0.560 beta: 1.125 sigma: 0.120 
maxBOLD estimate = 1.436


Trial 28: qplus Stimulus Selection
Stimulus: 0.505
Output value 0.285

Q+ parameters
slope: 0.234 semiSat: 0.560 beta: 0.969 sigma: 0.120 
maxBOLD estimate = 1.616


Trial 29: qplus Stimulus Selection
Stimulus: 0.629
Output value 1.663

Q+ parameters
slope: 0.298 semiSat: 0.560 beta: 1.062 sigma: 0.120 
maxBOLD estimate = 1.565


Trial 30: baseline Stimulus Selection
Stimulus: 0.010
Output value 0.132

Q+ parameters
slope: 0.379 semiSat: 0.560 beta: 0.875 sigma: 0.120 
maxBOLD estimate = 1.663


Trial 31: qplus Stimulus Selection
Stimulus: 0.670
Output value 1.786

Q+ parameters
slope: 0.379 semiSat: 0.560 beta: 1.125 sigma: 0.120 
maxBOLD estimate = 1.455


Trial 32: qplus Stimulus Selection
Stimulus: 0.629
Output value 1.442

Q+ parameters
slope: 0.379 semiSat: 0.560 beta: 0.969 sigma: 0.120 
maxBOLD estimate = 1.637


Trial 33: qplus Stimulus Selection
Stimulus: 0.629
Output value 1.442

Q+ parameters
slope: 0.379 semiSat: 0.560 beta: 1.000 sigma: 0.120 
maxBOLD estimate = 1.586


Trial 34: qplus Stimulus Selection
Stimulus: 0.629
Output value 1.153

Q+ parameters
slope: 0.379 semiSat: 0.560 beta: 1.000 sigma: 0.120 
maxBOLD estimate = 1.586


Trial 35: maxBOLD Stimulus Selection
Stimulus: 1.000
Output value 1.442

Q+ parameters
slope: 0.379 semiSat: 0.560 beta: 1.000 sigma: 0.120 
maxBOLD estimate = 1.586


Trial 36: qplus Stimulus Selection
Stimulus: 0.629
Output value 1.297

Q+ parameters
slope: 0.379 semiSat: 0.560 beta: 1.000 sigma: 0.120 
maxBOLD estimate = 1.586


Trial 37: qplus Stimulus Selection
Stimulus: 0.505
Output value 0.288

Q+ parameters
slope: 0.379 semiSat: 0.560 beta: 1.000 sigma: 0.120 
maxBOLD estimate = 1.586


Trial 38: qplus Stimulus Selection
Stimulus: 0.629
Output value 1.442

Q+ parameters
slope: 0.379 semiSat: 0.560 beta: 1.000 sigma: 0.120 
maxBOLD estimate = 1.586


Trial 39: qplus Stimulus Selection
Stimulus: 0.505
Output value 0.000

Q+ parameters
slope: 0.379 semiSat: 0.560 beta: 1.000 sigma: 0.120 
maxBOLD estimate = 1.586


Trial 40: baseline Stimulus Selection
Stimulus: 0.010
Output value 0.144

Q+ parameters
slope: 0.379 semiSat: 0.560 beta: 1.000 sigma: 0.120 
maxBOLD estimate = 1.586

--------------------------------------------------------------
FINAL VALUES
--------------------------------------------------------------
Simulated parameters:              slope: 0.410 semiSat: 0.570 beta: 1.000 sigma: 0.050 
Max posterior QUEST+ parameters:   slope: 0.379 semiSat: 0.560 beta: 1.031 sigma: 0.120 
Max BADS parameters:               slope: 0.411 semiSat: 0.577 beta: 1.000 sigma: 0.055 
maxBOLD estimate: 1.515
