/blue/stevenweisberg/stevenweisberg/MATLAB/projects/Weisberg_Aguirre_2020/scripts
c28a-s36.ufhpc
Sat Oct  3 16:30:31 EDT 2020
cp: cannot stat ‘./deploy_sim.sh’: No such file or directory
cp: cannot stat ‘./sim_wrapper.sh’: No such file or directory
------------------------------------------
Setting up environment variables
---
LD_LIBRARY_PATH is .:/apps/matlab/mcr/2020b/v99/runtime/glnxa64:/apps/matlab/mcr/2020b/v99/bin/glnxa64:/apps/matlab/mcr/2020b/v99/sys/os/glnxa64:/apps/matlab/mcr/2020b/v99/sys/opengl/lib/glnxa64
Warning: Executing startup failed in matlabrc.
This indicates a potentially serious problem in your MATLAB setup, which should be resolved as soon as possible.  Error detected was:
MATLAB:mpath:PathAlterationNotSupported
Modifying the search path is not supported by MATLAB Compiler. Remove functions that modify the search path from your MATLAB code. To make files visible to your deployed application, add the parent folder to your MATLAB session.
Warning: No stimulus domain specified. Defaulting to values between 0.01 and 1.
> In qpfmriParams (line 182)
In compiledSimulate (line 205)
Stimulus domain added from input.
Parameter slope specified as 0.41000
Parameter semiSat specified as 0.57000
Parameter beta specified as 1.00000
Parameter sigma specified as 0.05000
seed = 99seed = 104seed = 111seed = 111seed = 115seed = 101Initializing Q+. This may take a minute...
Elapsed time is 5.213793 seconds.
Simulated parameters:
slope: 0.410 semiSat: 0.570 beta: 1.000 sigma: 0.050 

Trial 1: baseline Stimulus Selection
Stimulus: 0.010
Output value 0.000

Q+ parameters
slope: 0.026 semiSat: 0.890 beta: 0.500 sigma: 0.010 
maxBOLD estimate = 1.000


Trial 2: maxBOLD Stimulus Selection
Stimulus: 1.000
Output value 1.364

Q+ parameters
slope: 0.055 semiSat: 0.670 beta: 1.250 sigma: 0.010 
maxBOLD estimate = 1.000


Trial 3: baseline Stimulus Selection
Stimulus: 0.010
Output value 0.000

Q+ parameters
slope: 0.055 semiSat: 0.670 beta: 1.250 sigma: 0.010 
maxBOLD estimate = 1.250


Trial 4: maxBOLD Stimulus Selection
Stimulus: 1.000
Output value 1.776

Q+ parameters
slope: 0.043 semiSat: 0.780 beta: 1.250 sigma: 0.010 
maxBOLD estimate = 1.562


Trial 5: baseline Stimulus Selection
Stimulus: 0.010
Output value 0.000

Q+ parameters
slope: 0.043 semiSat: 0.780 beta: 0.969 sigma: 0.120 
maxBOLD estimate = 1.953


Trial 6: maxBOLD Stimulus Selection
Stimulus: 1.000
Output value 1.935

Q+ parameters
slope: 0.043 semiSat: 0.780 beta: 1.125 sigma: 0.120 
maxBOLD estimate = 1.892


Trial 7: qplus Stimulus Selection
Stimulus: 0.588
Output value 0.726

Q+ parameters
slope: 0.070 semiSat: 0.560 beta: 0.750 sigma: 0.120 
maxBOLD estimate = 2.129


Trial 8: qplus Stimulus Selection
Stimulus: 0.505
Output value 0.435

Q+ parameters
slope: 0.113 semiSat: 0.670 beta: 1.500 sigma: 0.120 
maxBOLD estimate = 1.596


Trial 9: qplus Stimulus Selection
Stimulus: 0.629
Output value 1.306

Q+ parameters
slope: 0.234 semiSat: 0.560 beta: 0.750 sigma: 0.120 
maxBOLD estimate = 2.395


Trial 10: baseline Stimulus Selection
Stimulus: 0.010
Output value 0.153

Q+ parameters
slope: 0.234 semiSat: 0.560 beta: 0.938 sigma: 0.120 
maxBOLD estimate = 1.796


Trial 11: qplus Stimulus Selection
Stimulus: 0.505
Output value 0.158

Q+ parameters
slope: 0.379 semiSat: 0.560 beta: 1.031 sigma: 0.120 
maxBOLD estimate = 1.684


Trial 12: qplus Stimulus Selection
Stimulus: 0.588
Output value 0.967

Q+ parameters
slope: 0.379 semiSat: 0.560 beta: 0.875 sigma: 0.120 
maxBOLD estimate = 1.736


Trial 13: qplus Stimulus Selection
Stimulus: 0.629
Output value 1.709

Q+ parameters
slope: 0.379 semiSat: 0.560 beta: 1.125 sigma: 0.120 
maxBOLD estimate = 1.519


Trial 14: qplus Stimulus Selection
Stimulus: 0.546
Output value 0.583

Q+ parameters
slope: 0.379 semiSat: 0.560 beta: 0.938 sigma: 0.120 
maxBOLD estimate = 1.709


Trial 15: maxBOLD Stimulus Selection
Stimulus: 1.000
Output value 1.803

Q+ parameters
slope: 0.379 semiSat: 0.560 beta: 1.031 sigma: 0.120 
maxBOLD estimate = 1.602


Trial 16: qplus Stimulus Selection
Stimulus: 0.505
Output value 0.155

Q+ parameters
slope: 0.379 semiSat: 0.560 beta: 1.031 sigma: 0.120 
maxBOLD estimate = 1.652


Trial 17: qplus Stimulus Selection
Stimulus: 0.588
Output value 1.201

Q+ parameters
slope: 0.379 semiSat: 0.560 beta: 0.969 sigma: 0.120 
maxBOLD estimate = 1.704


Trial 18: qplus Stimulus Selection
Stimulus: 0.588
Output value 1.238

Q+ parameters
slope: 0.379 semiSat: 0.560 beta: 1.031 sigma: 0.120 
maxBOLD estimate = 1.651


Trial 19: qplus Stimulus Selection
Stimulus: 0.588
Output value 1.117

Q+ parameters
slope: 0.379 semiSat: 0.560 beta: 1.031 sigma: 0.120 
maxBOLD estimate = 1.702


Trial 20: baseline Stimulus Selection
Stimulus: 0.010
Output value 0.140

Q+ parameters
slope: 0.379 semiSat: 0.560 beta: 0.875 sigma: 0.120 
maxBOLD estimate = 1.756


Trial 21: qplus Stimulus Selection
Stimulus: 0.670
Output value 1.728

Q+ parameters
slope: 0.379 semiSat: 0.560 beta: 1.031 sigma: 0.120 
maxBOLD estimate = 1.536


Trial 22: qplus Stimulus Selection
Stimulus: 0.505
Output value 0.000

Q+ parameters
slope: 0.379 semiSat: 0.560 beta: 1.031 sigma: 0.120 
maxBOLD estimate = 1.584


Trial 23: qplus Stimulus Selection
Stimulus: 0.629
Output value 1.532

Q+ parameters
slope: 0.379 semiSat: 0.560 beta: 1.031 sigma: 0.120 
maxBOLD estimate = 1.634


Trial 24: qplus Stimulus Selection
Stimulus: 0.629
Output value 1.206

Q+ parameters
slope: 0.379 semiSat: 0.560 beta: 0.875 sigma: 0.120 
maxBOLD estimate = 1.685


Trial 25: maxBOLD Stimulus Selection
Stimulus: 1.000
Output value 1.809

Q+ parameters
slope: 0.379 semiSat: 0.560 beta: 1.125 sigma: 0.120 
maxBOLD estimate = 1.474


Trial 26: qplus Stimulus Selection
Stimulus: 0.505
Output value 0.292

Q+ parameters
slope: 0.379 semiSat: 0.560 beta: 0.969 sigma: 0.120 
maxBOLD estimate = 1.658


Trial 27: qplus Stimulus Selection
Stimulus: 0.505
Output value 0.301

Q+ parameters
slope: 0.379 semiSat: 0.560 beta: 1.031 sigma: 0.120 
maxBOLD estimate = 1.607


Trial 28: qplus Stimulus Selection
Stimulus: 0.629
Output value 1.605

Q+ parameters
slope: 0.379 semiSat: 0.560 beta: 0.969 sigma: 0.120 
maxBOLD estimate = 1.657


Trial 29: qplus Stimulus Selection
Stimulus: 0.629
Output value 1.505

Q+ parameters
slope: 0.379 semiSat: 0.560 beta: 1.031 sigma: 0.120 
maxBOLD estimate = 1.605


Trial 30: baseline Stimulus Selection
Stimulus: 0.010
Output value 0.000

Q+ parameters
slope: 0.379 semiSat: 0.560 beta: 0.969 sigma: 0.120 
maxBOLD estimate = 1.655

--------------------------------------------------------------
FINAL VALUES
--------------------------------------------------------------
Simulated parameters:              slope: 0.410 semiSat: 0.570 beta: 1.000 sigma: 0.050 
Max posterior QUEST+ parameters:   slope: 0.379 semiSat: 0.560 beta: 1.031 sigma: 0.120 
Max BADS parameters:               slope: 0.404 semiSat: 0.563 beta: 1.000 sigma: 0.055 
maxBOLD estimate: 1.559
