/blue/stevenweisberg/stevenweisberg/MATLAB/projects/Weisberg_Aguirre_2020/scripts
c21b-s25.ufhpc
Sat Oct  3 16:30:31 EDT 2020
cp: cannot stat ‘./deploy_sim.sh’: No such file or directory
cp: cannot stat ‘./sim_wrapper.sh’: No such file or directory
------------------------------------------
Setting up environment variables
---
LD_LIBRARY_PATH is .:/apps/matlab/mcr/2020b/v99/runtime/glnxa64:/apps/matlab/mcr/2020b/v99/bin/glnxa64:/apps/matlab/mcr/2020b/v99/sys/os/glnxa64:/apps/matlab/mcr/2020b/v99/sys/opengl/lib/glnxa64
Warning: Executing startup failed in matlabrc.
This indicates a potentially serious problem in your MATLAB setup, which should be resolved as soon as possible.  Error detected was:
MATLAB:mpath:PathAlterationNotSupported
Modifying the search path is not supported by MATLAB Compiler. Remove functions that modify the search path from your MATLAB code. To make files visible to your deployed application, add the parent folder to your MATLAB session.
Warning: No stimulus domain specified. Defaulting to values between 0.01 and 1.
> In qpfmriParams (line 182)
In compiledSimulate (line 205)
Stimulus domain added from input.
Parameter slope specified as 0.41000
Parameter semiSat specified as 0.57000
Parameter beta specified as 1.00000
Parameter sigma specified as 0.15000
seed = 99seed = 104seed = 111seed = 111seed = 115seed = 101Initializing Q+. This may take a minute...
Elapsed time is 5.345301 seconds.
Simulated parameters:
slope: 0.410 semiSat: 0.570 beta: 1.000 sigma: 0.150 

Trial 1: baseline Stimulus Selection
Stimulus: 0.010
Output value 0.000

Q+ parameters
slope: 0.026 semiSat: 0.890 beta: 0.500 sigma: 0.010 
maxBOLD estimate = 1.000


Trial 2: maxBOLD Stimulus Selection
Stimulus: 1.000
Output value 1.364

Q+ parameters
slope: 0.055 semiSat: 0.670 beta: 1.250 sigma: 0.010 
maxBOLD estimate = 1.000


Trial 3: baseline Stimulus Selection
Stimulus: 0.010
Output value 0.000

Q+ parameters
slope: 0.055 semiSat: 0.670 beta: 1.250 sigma: 0.010 
maxBOLD estimate = 1.250


Trial 4: maxBOLD Stimulus Selection
Stimulus: 1.000
Output value 1.420

Q+ parameters
slope: 0.043 semiSat: 0.780 beta: 1.250 sigma: 0.120 
maxBOLD estimate = 1.562


Trial 5: baseline Stimulus Selection
Stimulus: 0.010
Output value -0.444

Q+ parameters
slope: 0.043 semiSat: 0.780 beta: 1.250 sigma: 0.120 
maxBOLD estimate = 1.953


Trial 6: maxBOLD Stimulus Selection
Stimulus: 1.000
Output value 1.505

Q+ parameters
slope: 0.043 semiSat: 0.780 beta: 0.969 sigma: 0.120 
maxBOLD estimate = 2.441


Trial 7: qplus Stimulus Selection
Stimulus: 0.588
Output value 0.941

Q+ parameters
slope: 0.055 semiSat: 0.560 beta: 0.875 sigma: 0.120 
maxBOLD estimate = 2.365


Trial 8: qplus Stimulus Selection
Stimulus: 0.505
Output value 0.882

Q+ parameters
slope: 0.070 semiSat: 0.560 beta: 0.938 sigma: 0.120 
maxBOLD estimate = 2.069


Trial 9: qplus Stimulus Selection
Stimulus: 0.464
Output value 0.364

Q+ parameters
slope: 0.144 semiSat: 0.560 beta: 1.031 sigma: 0.120 
maxBOLD estimate = 1.940


Trial 10: baseline Stimulus Selection
Stimulus: 0.010
Output value 0.318

Q+ parameters
slope: 0.070 semiSat: 0.560 beta: 0.875 sigma: 0.120 
maxBOLD estimate = 2.001


Trial 11: qplus Stimulus Selection
Stimulus: 0.711
Output value 2.387

Q+ parameters
slope: 0.144 semiSat: 0.560 beta: 1.250 sigma: 0.120 
maxBOLD estimate = 1.751


Trial 12: qplus Stimulus Selection
Stimulus: 0.505
Output value -0.149

Q+ parameters
slope: 0.183 semiSat: 0.560 beta: 0.750 sigma: 0.120 
maxBOLD estimate = 2.188


Trial 13: qplus Stimulus Selection
Stimulus: 0.629
Output value 1.585

Q+ parameters
slope: 0.298 semiSat: 0.560 beta: 1.062 sigma: 0.120 
maxBOLD estimate = 1.641


Trial 14: qplus Stimulus Selection
Stimulus: 0.588
Output value 1.110

Q+ parameters
slope: 0.234 semiSat: 0.560 beta: 1.000 sigma: 0.120 
maxBOLD estimate = 1.744


Trial 15: maxBOLD Stimulus Selection
Stimulus: 1.000
Output value 1.040

Q+ parameters
slope: 0.234 semiSat: 0.560 beta: 0.938 sigma: 0.120 
maxBOLD estimate = 1.744


Trial 16: qplus Stimulus Selection
Stimulus: 0.588
Output value 1.189

Q+ parameters
slope: 0.298 semiSat: 0.560 beta: 1.000 sigma: 0.120 
maxBOLD estimate = 1.635


Trial 17: qplus Stimulus Selection
Stimulus: 0.546
Output value 1.073

Q+ parameters
slope: 0.298 semiSat: 0.560 beta: 1.031 sigma: 0.120 
maxBOLD estimate = 1.635


Trial 18: qplus Stimulus Selection
Stimulus: 0.505
Output value 0.474

Q+ parameters
slope: 0.298 semiSat: 0.560 beta: 1.031 sigma: 0.120 
maxBOLD estimate = 1.686


Trial 19: qplus Stimulus Selection
Stimulus: 0.505
Output value 0.489

Q+ parameters
slope: 0.183 semiSat: 0.560 beta: 1.031 sigma: 0.120 
maxBOLD estimate = 1.739


Trial 20: baseline Stimulus Selection
Stimulus: 0.010
Output value 0.153

Q+ parameters
slope: 0.234 semiSat: 0.560 beta: 0.938 sigma: 0.120 
maxBOLD estimate = 1.793


Trial 21: qplus Stimulus Selection
Stimulus: 0.588
Output value 1.576

Q+ parameters
slope: 0.298 semiSat: 0.560 beta: 1.031 sigma: 0.120 
maxBOLD estimate = 1.681


Trial 22: qplus Stimulus Selection
Stimulus: 0.546
Output value 0.443

Q+ parameters
slope: 0.234 semiSat: 0.560 beta: 0.938 sigma: 0.120 
maxBOLD estimate = 1.733


Trial 23: qplus Stimulus Selection
Stimulus: 0.588
Output value 0.739

Q+ parameters
slope: 0.298 semiSat: 0.560 beta: 1.000 sigma: 0.120 
maxBOLD estimate = 1.625


Trial 24: qplus Stimulus Selection
Stimulus: 0.546
Output value 0.762

Q+ parameters
slope: 0.298 semiSat: 0.560 beta: 1.031 sigma: 0.120 
maxBOLD estimate = 1.625


Trial 25: maxBOLD Stimulus Selection
Stimulus: 1.000
Output value 1.285

Q+ parameters
slope: 0.234 semiSat: 0.560 beta: 0.938 sigma: 0.120 
maxBOLD estimate = 1.676


Trial 26: qplus Stimulus Selection
Stimulus: 0.588
Output value 1.143

Q+ parameters
slope: 0.298 semiSat: 0.560 beta: 1.000 sigma: 0.120 
maxBOLD estimate = 1.571


Trial 27: qplus Stimulus Selection
Stimulus: 0.546
Output value 0.143

Q+ parameters
slope: 0.298 semiSat: 0.560 beta: 1.000 sigma: 0.120 
maxBOLD estimate = 1.571


Trial 28: qplus Stimulus Selection
Stimulus: 0.546
Output value 0.571

Q+ parameters
slope: 0.298 semiSat: 0.560 beta: 1.000 sigma: 0.120 
maxBOLD estimate = 1.571


Trial 29: qplus Stimulus Selection
Stimulus: 0.588
Output value 1.000

Q+ parameters
slope: 0.298 semiSat: 0.560 beta: 1.000 sigma: 0.120 
maxBOLD estimate = 1.571


Trial 30: baseline Stimulus Selection
Stimulus: 0.010
Output value -0.286

Q+ parameters
slope: 0.298 semiSat: 0.560 beta: 1.000 sigma: 0.120 
maxBOLD estimate = 1.571

--------------------------------------------------------------
FINAL VALUES
--------------------------------------------------------------
Simulated parameters:              slope: 0.410 semiSat: 0.570 beta: 1.000 sigma: 0.150 
Max posterior QUEST+ parameters:   slope: 0.298 semiSat: 0.560 beta: 1.000 sigma: 0.120 
Max BADS parameters:               slope: 0.298 semiSat: 0.561 beta: 1.000 sigma: 0.125 
maxBOLD estimate: 1.594
