/blue/stevenweisberg/stevenweisberg/MATLAB/projects/Weisberg_Aguirre_2020/scripts
c24a-s7.ufhpc
Sat Oct  3 17:32:26 EDT 2020
cp: cannot stat ‘./deploy_sim.sh’: No such file or directory
cp: cannot stat ‘./sim_wrapper.sh’: No such file or directory
------------------------------------------
Setting up environment variables
---
LD_LIBRARY_PATH is .:/apps/matlab/mcr/2020b/v99/runtime/glnxa64:/apps/matlab/mcr/2020b/v99/bin/glnxa64:/apps/matlab/mcr/2020b/v99/sys/os/glnxa64:/apps/matlab/mcr/2020b/v99/sys/opengl/lib/glnxa64
Warning: Executing startup failed in matlabrc.
This indicates a potentially serious problem in your MATLAB setup, which should be resolved as soon as possible.  Error detected was:
MATLAB:mpath:PathAlterationNotSupported
Modifying the search path is not supported by MATLAB Compiler. Remove functions that modify the search path from your MATLAB code. To make files visible to your deployed application, add the parent folder to your MATLAB session.
Warning: No stimulus domain specified. Defaulting to values between 0.01 and 1.
> In qpfmriParams (line 182)
In compiledSimulate (line 205)
Stimulus domain added from input.
Parameter slope specified as 0.41000
Parameter semiSat specified as 0.57000
Parameter beta specified as 1.00000
Parameter sigma specified as 0.25000
seed = 99seed = 104seed = 111seed = 111seed = 115seed = 101Initializing Q+. This may take a minute...
Elapsed time is 5.228177 seconds.
Simulated parameters:
slope: 0.410 semiSat: 0.570 beta: 1.000 sigma: 0.250 

Trial 1: baseline Stimulus Selection
Stimulus: 0.010
Output value 0.000

Q+ parameters
slope: 0.026 semiSat: 0.890 beta: 0.500 sigma: 0.010 
maxBOLD estimate = 1.000


Trial 2: maxBOLD Stimulus Selection
Stimulus: 1.000
Output value 1.364

Q+ parameters
slope: 0.055 semiSat: 0.670 beta: 1.250 sigma: 0.010 
maxBOLD estimate = 1.000


Trial 3: baseline Stimulus Selection
Stimulus: 0.010
Output value -0.284

Q+ parameters
slope: 0.055 semiSat: 0.670 beta: 1.250 sigma: 0.120 
maxBOLD estimate = 1.250


Trial 4: maxBOLD Stimulus Selection
Stimulus: 1.000
Output value 0.826

Q+ parameters
slope: 0.043 semiSat: 0.780 beta: 0.969 sigma: 0.120 
maxBOLD estimate = 1.562


Trial 5: baseline Stimulus Selection
Stimulus: 0.010
Output value 0.774

Q+ parameters
slope: 0.055 semiSat: 0.670 beta: 1.125 sigma: 0.230 
maxBOLD estimate = 1.514


Trial 6: maxBOLD Stimulus Selection
Stimulus: 1.000
Output value 2.322

Q+ parameters
slope: 0.055 semiSat: 0.670 beta: 1.250 sigma: 0.230 
maxBOLD estimate = 1.703


Trial 7: qplus Stimulus Selection
Stimulus: 0.505
Output value 0.435

Q+ parameters
slope: 0.043 semiSat: 0.890 beta: 1.125 sigma: 0.120 
maxBOLD estimate = 2.129


Trial 8: qplus Stimulus Selection
Stimulus: 0.711
Output value 2.286

Q+ parameters
slope: 0.379 semiSat: 0.560 beta: 0.875 sigma: 0.230 
maxBOLD estimate = 2.395


Trial 9: qplus Stimulus Selection
Stimulus: 0.629
Output value 2.381

Q+ parameters
slope: 0.298 semiSat: 0.560 beta: 1.250 sigma: 0.230 
maxBOLD estimate = 2.095


Trial 10: baseline Stimulus Selection
Stimulus: 0.010
Output value 0.357

Q+ parameters
slope: 0.379 semiSat: 0.560 beta: 0.750 sigma: 0.120 
maxBOLD estimate = 2.619


Trial 11: qplus Stimulus Selection
Stimulus: 0.629
Output value 1.138

Q+ parameters
slope: 0.379 semiSat: 0.560 beta: 1.062 sigma: 0.230 
maxBOLD estimate = 1.964


Trial 12: qplus Stimulus Selection
Stimulus: 0.505
Output value -0.368

Q+ parameters
slope: 0.616 semiSat: 0.560 beta: 0.969 sigma: 0.230 
maxBOLD estimate = 2.087


Trial 13: qplus Stimulus Selection
Stimulus: 0.588
Output value 0.643

Q+ parameters
slope: 0.379 semiSat: 0.560 beta: 0.875 sigma: 0.230 
maxBOLD estimate = 2.022


Trial 14: qplus Stimulus Selection
Stimulus: 0.629
Output value 2.171

Q+ parameters
slope: 0.379 semiSat: 0.560 beta: 1.125 sigma: 0.230 
maxBOLD estimate = 1.769


Trial 15: maxBOLD Stimulus Selection
Stimulus: 1.000
Output value 2.443

Q+ parameters
slope: 0.379 semiSat: 0.560 beta: 1.125 sigma: 0.230 
maxBOLD estimate = 1.990


Trial 16: qplus Stimulus Selection
Stimulus: 0.505
Output value -0.356

Q+ parameters
slope: 0.616 semiSat: 0.560 beta: 0.875 sigma: 0.230 
maxBOLD estimate = 2.239


Trial 17: qplus Stimulus Selection
Stimulus: 0.629
Output value 1.892

Q+ parameters
slope: 0.616 semiSat: 0.560 beta: 1.062 sigma: 0.230 
maxBOLD estimate = 1.959


Trial 18: qplus Stimulus Selection
Stimulus: 0.588
Output value 1.283

Q+ parameters
slope: 0.616 semiSat: 0.560 beta: 0.969 sigma: 0.230 
maxBOLD estimate = 2.082


Trial 19: qplus Stimulus Selection
Stimulus: 0.588
Output value 0.945

Q+ parameters
slope: 0.379 semiSat: 0.560 beta: 1.031 sigma: 0.230 
maxBOLD estimate = 2.017


Trial 20: baseline Stimulus Selection
Stimulus: 0.010
Output value 0.000

Q+ parameters
slope: 0.616 semiSat: 0.560 beta: 0.969 sigma: 0.230 
maxBOLD estimate = 2.080


Trial 21: qplus Stimulus Selection
Stimulus: 0.588
Output value 1.133

Q+ parameters
slope: 0.379 semiSat: 0.560 beta: 1.031 sigma: 0.230 
maxBOLD estimate = 2.015


Trial 22: qplus Stimulus Selection
Stimulus: 0.588
Output value 0.331

Q+ parameters
slope: 0.379 semiSat: 0.560 beta: 0.875 sigma: 0.230 
maxBOLD estimate = 2.078


Trial 23: qplus Stimulus Selection
Stimulus: 0.629
Output value 1.193

Q+ parameters
slope: 0.379 semiSat: 0.560 beta: 1.031 sigma: 0.230 
maxBOLD estimate = 1.818


Trial 24: qplus Stimulus Selection
Stimulus: 0.505
Output value -0.352

Q+ parameters
slope: 0.379 semiSat: 0.560 beta: 1.031 sigma: 0.230 
maxBOLD estimate = 1.875


Trial 25: maxBOLD Stimulus Selection
Stimulus: 1.000
Output value 0.461

Q+ parameters
slope: 0.616 semiSat: 0.560 beta: 0.875 sigma: 0.230 
maxBOLD estimate = 1.933


Trial 26: qplus Stimulus Selection
Stimulus: 0.505
Output value 0.634

Q+ parameters
slope: 0.379 semiSat: 0.560 beta: 1.031 sigma: 0.230 
maxBOLD estimate = 1.692


Trial 27: qplus Stimulus Selection
Stimulus: 0.629
Output value 1.383

Q+ parameters
slope: 0.616 semiSat: 0.560 beta: 0.969 sigma: 0.230 
maxBOLD estimate = 1.745


Trial 28: qplus Stimulus Selection
Stimulus: 0.505
Output value 0.149

Q+ parameters
slope: 0.616 semiSat: 0.560 beta: 0.969 sigma: 0.230 
maxBOLD estimate = 1.690


Trial 29: qplus Stimulus Selection
Stimulus: 0.546
Output value 0.577

Q+ parameters
slope: 0.616 semiSat: 0.560 beta: 0.969 sigma: 0.230 
maxBOLD estimate = 1.637


Trial 30: baseline Stimulus Selection
Stimulus: 0.010
Output value 0.446

Q+ parameters
slope: 0.379 semiSat: 0.560 beta: 1.031 sigma: 0.230 
maxBOLD estimate = 1.586


Trial 31: qplus Stimulus Selection
Stimulus: 0.629
Output value 1.041

Q+ parameters
slope: 0.616 semiSat: 0.560 beta: 0.875 sigma: 0.230 
maxBOLD estimate = 1.636


Trial 32: qplus Stimulus Selection
Stimulus: 0.505
Output value 0.537

Q+ parameters
slope: 0.379 semiSat: 0.560 beta: 1.031 sigma: 0.230 
maxBOLD estimate = 1.431


Trial 33: qplus Stimulus Selection
Stimulus: 0.629
Output value 1.660

Q+ parameters
slope: 0.379 semiSat: 0.560 beta: 1.031 sigma: 0.230 
maxBOLD estimate = 1.476


Trial 34: qplus Stimulus Selection
Stimulus: 0.629
Output value 1.141

Q+ parameters
slope: 0.379 semiSat: 0.560 beta: 1.031 sigma: 0.230 
maxBOLD estimate = 1.522


Trial 35: maxBOLD Stimulus Selection
Stimulus: 1.000
Output value 1.471

Q+ parameters
slope: 0.379 semiSat: 0.560 beta: 1.031 sigma: 0.230 
maxBOLD estimate = 1.570


Trial 36: qplus Stimulus Selection
Stimulus: 0.629
Output value 0.110

Q+ parameters
slope: 0.616 semiSat: 0.560 beta: 0.750 sigma: 0.230 
maxBOLD estimate = 1.619


Trial 37: qplus Stimulus Selection
Stimulus: 0.505
Output value -0.193

Q+ parameters
slope: 0.616 semiSat: 0.560 beta: 0.875 sigma: 0.230 
maxBOLD estimate = 1.214


Trial 38: qplus Stimulus Selection
Stimulus: 0.505
Output value -0.169

Q+ parameters
slope: 0.616 semiSat: 0.560 beta: 0.875 sigma: 0.230 
maxBOLD estimate = 1.062


Trial 39: qplus Stimulus Selection
Stimulus: 0.505
Output value -0.148

Q+ parameters
slope: 0.616 semiSat: 0.560 beta: 0.875 sigma: 0.340 
maxBOLD estimate = 0.929


Trial 40: baseline Stimulus Selection
Stimulus: 0.010
Output value 0.111

Q+ parameters
slope: 0.043 semiSat: 0.670 beta: 1.500 sigma: 1.000 
maxBOLD estimate = 0.813

--------------------------------------------------------------
FINAL VALUES
--------------------------------------------------------------
Simulated parameters:              slope: 0.410 semiSat: 0.570 beta: 1.000 sigma: 0.250 
Max posterior QUEST+ parameters:   slope: 0.616 semiSat: 0.560 beta: 0.875 sigma: 0.230 
Max BADS parameters:               slope: 0.418 semiSat: 0.587 beta: 1.000 sigma: 0.211 
maxBOLD estimate: 1.220
