/blue/stevenweisberg/stevenweisberg/MATLAB/projects/Weisberg_Aguirre_2020/scripts
c21b-s25.ufhpc
Sat Oct  3 16:30:31 EDT 2020
cp: cannot stat ‘./deploy_sim.sh’: No such file or directory
cp: cannot stat ‘./sim_wrapper.sh’: No such file or directory
------------------------------------------
Setting up environment variables
---
LD_LIBRARY_PATH is .:/apps/matlab/mcr/2020b/v99/runtime/glnxa64:/apps/matlab/mcr/2020b/v99/bin/glnxa64:/apps/matlab/mcr/2020b/v99/sys/os/glnxa64:/apps/matlab/mcr/2020b/v99/sys/opengl/lib/glnxa64
Warning: Executing startup failed in matlabrc.
This indicates a potentially serious problem in your MATLAB setup, which should be resolved as soon as possible.  Error detected was:
MATLAB:mpath:PathAlterationNotSupported
Modifying the search path is not supported by MATLAB Compiler. Remove functions that modify the search path from your MATLAB code. To make files visible to your deployed application, add the parent folder to your MATLAB session.
Warning: No stimulus domain specified. Defaulting to values between 0.01 and 1.
> In qpfmriParams (line 182)
In compiledSimulate (line 205)
Stimulus domain added from input.
Parameter slope specified as 0.41000
Parameter semiSat specified as 0.57000
Parameter beta specified as 1.00000
Parameter sigma specified as 0.25000
seed = 99seed = 104seed = 111seed = 111seed = 115seed = 101Initializing Q+. This may take a minute...
Elapsed time is 5.435684 seconds.
Simulated parameters:
slope: 0.410 semiSat: 0.570 beta: 1.000 sigma: 0.250 

Trial 1: baseline Stimulus Selection
Stimulus: 0.010
Output value 0.000

Q+ parameters
slope: 0.026 semiSat: 0.890 beta: 0.500 sigma: 0.010 
maxBOLD estimate = 1.000


Trial 2: maxBOLD Stimulus Selection
Stimulus: 1.000
Output value 1.364

Q+ parameters
slope: 0.055 semiSat: 0.670 beta: 1.250 sigma: 0.010 
maxBOLD estimate = 1.000


Trial 3: baseline Stimulus Selection
Stimulus: 0.010
Output value -0.284

Q+ parameters
slope: 0.055 semiSat: 0.670 beta: 1.250 sigma: 0.230 
maxBOLD estimate = 1.250


Trial 4: maxBOLD Stimulus Selection
Stimulus: 1.000
Output value 2.131

Q+ parameters
slope: 0.055 semiSat: 0.670 beta: 1.250 sigma: 0.230 
maxBOLD estimate = 1.562


Trial 5: baseline Stimulus Selection
Stimulus: 0.010
Output value 0.599

Q+ parameters
slope: 0.043 semiSat: 0.780 beta: 1.125 sigma: 0.230 
maxBOLD estimate = 1.953


Trial 6: maxBOLD Stimulus Selection
Stimulus: 1.000
Output value 1.355

Q+ parameters
slope: 0.043 semiSat: 0.780 beta: 0.969 sigma: 0.120 
maxBOLD estimate = 2.197


Trial 7: random Stimulus Selection
Stimulus: 0.629
Output value 1.016

Q+ parameters
slope: 0.089 semiSat: 0.450 beta: 0.750 sigma: 0.120 
maxBOLD estimate = 2.129


Trial 8: random Stimulus Selection
Stimulus: 0.753
Output value 1.742

Q+ parameters
slope: 0.113 semiSat: 0.340 beta: 1.000 sigma: 0.120 
maxBOLD estimate = 1.596


Trial 9: random Stimulus Selection
Stimulus: 0.257
Output value -0.290

Q+ parameters
slope: 0.183 semiSat: 0.450 beta: 1.000 sigma: 0.120 
maxBOLD estimate = 1.596


Trial 10: baseline Stimulus Selection
Stimulus: 0.010
Output value 0.000

Q+ parameters
slope: 0.144 semiSat: 0.450 beta: 1.031 sigma: 0.120 
maxBOLD estimate = 1.596


Trial 11: random Stimulus Selection
Stimulus: 0.753
Output value 1.347

Q+ parameters
slope: 0.144 semiSat: 0.560 beta: 1.500 sigma: 0.230 
maxBOLD estimate = 1.646


Trial 12: random Stimulus Selection
Stimulus: 0.216
Output value 0.674

Q+ parameters
slope: 0.113 semiSat: 0.340 beta: 0.750 sigma: 0.120 
maxBOLD estimate = 2.470


Trial 13: random Stimulus Selection
Stimulus: 0.299
Output value -0.168

Q+ parameters
slope: 0.234 semiSat: 0.450 beta: 1.000 sigma: 0.230 
maxBOLD estimate = 1.852


Trial 14: random Stimulus Selection
Stimulus: 0.794
Output value 1.579

Q+ parameters
slope: 0.113 semiSat: 0.450 beta: 0.938 sigma: 0.120 
maxBOLD estimate = 1.852


Trial 15: maxBOLD Stimulus Selection
Stimulus: 1.000
Output value 1.480

Q+ parameters
slope: 0.070 semiSat: 0.450 beta: 0.938 sigma: 0.120 
maxBOLD estimate = 1.736


Trial 16: random Stimulus Selection
Stimulus: 0.629
Output value 1.424

Q+ parameters
slope: 0.234 semiSat: 0.340 beta: 0.875 sigma: 0.120 
maxBOLD estimate = 1.628


Trial 17: random Stimulus Selection
Stimulus: 0.051
Output value -0.251

Q+ parameters
slope: 0.234 semiSat: 0.340 beta: 0.969 sigma: 0.120 
maxBOLD estimate = 1.424


Trial 18: random Stimulus Selection
Stimulus: 0.051
Output value -0.243

Q+ parameters
slope: 0.234 semiSat: 0.340 beta: 0.969 sigma: 0.120 
maxBOLD estimate = 1.380


Trial 19: random Stimulus Selection
Stimulus: 0.505
Output value 1.823

Q+ parameters
slope: 0.144 semiSat: 0.450 beta: 1.500 sigma: 0.120 
maxBOLD estimate = 1.337


Trial 20: baseline Stimulus Selection
Stimulus: 0.010
Output value 0.638

Q+ parameters
slope: 1.000 semiSat: 0.340 beta: 0.500 sigma: 0.230 
maxBOLD estimate = 2.005


Trial 21: random Stimulus Selection
Stimulus: 0.423
Output value 1.230

Q+ parameters
slope: 0.026 semiSat: 0.450 beta: 1.500 sigma: 1.000 
maxBOLD estimate = 1.003


Trial 22: random Stimulus Selection
Stimulus: 0.546
Output value 0.615

Q+ parameters
slope: 0.144 semiSat: 0.560 beta: 1.500 sigma: 0.340 
maxBOLD estimate = 1.504


Trial 23: random Stimulus Selection
Stimulus: 0.010
Output value -0.205

Q+ parameters
slope: 1.000 semiSat: 0.340 beta: 0.500 sigma: 0.120 
maxBOLD estimate = 2.256


Trial 24: random Stimulus Selection
Stimulus: 0.257
Output value 0.256

Q+ parameters
slope: 0.043 semiSat: 0.230 beta: 1.250 sigma: 1.000 
maxBOLD estimate = 1.128


Trial 25: maxBOLD Stimulus Selection
Stimulus: 1.000
Output value 1.730

Q+ parameters
slope: 0.070 semiSat: 0.340 beta: 1.500 sigma: 0.890 
maxBOLD estimate = 1.410


Trial 26: random Stimulus Selection
Stimulus: 0.753
Output value 1.154

Q+ parameters
slope: 0.089 semiSat: 0.450 beta: 0.750 sigma: 0.120 
maxBOLD estimate = 2.115


Trial 27: random Stimulus Selection
Stimulus: 0.794
Output value 1.190

Q+ parameters
slope: 0.070 semiSat: 0.450 beta: 1.031 sigma: 0.230 
maxBOLD estimate = 1.586


Trial 28: random Stimulus Selection
Stimulus: 0.753
Output value 0.767

Q+ parameters
slope: 0.070 semiSat: 0.450 beta: 1.031 sigma: 0.230 
maxBOLD estimate = 1.636


Trial 29: random Stimulus Selection
Stimulus: 0.299
Output value -0.288

Q+ parameters
slope: 0.234 semiSat: 0.450 beta: 0.938 sigma: 0.230 
maxBOLD estimate = 1.687


Trial 30: baseline Stimulus Selection
Stimulus: 0.010
Output value 0.000

Q+ parameters
slope: 0.234 semiSat: 0.450 beta: 0.938 sigma: 0.230 
maxBOLD estimate = 1.581

--------------------------------------------------------------
FINAL VALUES
--------------------------------------------------------------
Simulated parameters:              slope: 0.410 semiSat: 0.570 beta: 1.000 sigma: 0.250 
Max posterior QUEST+ parameters:   slope: 0.070 semiSat: 0.450 beta: 1.125 sigma: 0.230 
Max BADS parameters:               slope: 0.013 semiSat: 1.000 beta: 1.000 sigma: 1.000 
maxBOLD estimate: 1.403
