/blue/stevenweisberg/stevenweisberg/MATLAB/projects/Weisberg_Aguirre_2020/scripts
c35a-s25.ufhpc
Sat Oct  3 16:21:56 EDT 2020
cp: cannot stat ‘./deploy_sim.sh’: No such file or directory
cp: cannot stat ‘./sim_wrapper.sh’: No such file or directory
------------------------------------------
Setting up environment variables
---
LD_LIBRARY_PATH is .:/apps/matlab/mcr/2020b/v99/runtime/glnxa64:/apps/matlab/mcr/2020b/v99/bin/glnxa64:/apps/matlab/mcr/2020b/v99/sys/os/glnxa64:/apps/matlab/mcr/2020b/v99/sys/opengl/lib/glnxa64
Warning: Executing startup failed in matlabrc.
This indicates a potentially serious problem in your MATLAB setup, which should be resolved as soon as possible.  Error detected was:
MATLAB:mpath:PathAlterationNotSupported
Modifying the search path is not supported by MATLAB Compiler. Remove functions that modify the search path from your MATLAB code. To make files visible to your deployed application, add the parent folder to your MATLAB session.
Warning: No stimulus domain specified. Defaulting to values between 0.01 and 1.
> In qpfmriParams (line 182)
In compiledSimulate (line 205)
Stimulus domain added from input.
Parameter slope specified as 0.41000
Parameter semiSat specified as 0.57000
Parameter beta specified as 1.00000
Parameter sigma specified as 0.05000
seed = 99seed = 104seed = 111seed = 111seed = 115seed = 101Initializing Q+. This may take a minute...
Elapsed time is 5.492498 seconds.
Simulated parameters:
slope: 0.410 semiSat: 0.570 beta: 1.000 sigma: 0.050 

Trial 1: baseline Stimulus Selection
Stimulus: 0.010
Output value 0.000

Q+ parameters
slope: 0.026 semiSat: 0.890 beta: 0.500 sigma: 0.010 
maxBOLD estimate = 1.000


Trial 2: maxBOLD Stimulus Selection
Stimulus: 1.000
Output value 1.364

Q+ parameters
slope: 0.055 semiSat: 0.670 beta: 1.250 sigma: 0.010 
maxBOLD estimate = 1.000


Trial 3: baseline Stimulus Selection
Stimulus: 0.010
Output value 0.000

Q+ parameters
slope: 0.055 semiSat: 0.670 beta: 1.250 sigma: 0.010 
maxBOLD estimate = 1.250


Trial 4: maxBOLD Stimulus Selection
Stimulus: 1.000
Output value 1.776

Q+ parameters
slope: 0.055 semiSat: 0.670 beta: 1.250 sigma: 0.120 
maxBOLD estimate = 1.562


Trial 5: baseline Stimulus Selection
Stimulus: 0.010
Output value 0.000

Q+ parameters
slope: 0.043 semiSat: 0.780 beta: 1.125 sigma: 0.120 
maxBOLD estimate = 1.953


Trial 6: maxBOLD Stimulus Selection
Stimulus: 1.000
Output value 1.548

Q+ parameters
slope: 0.043 semiSat: 0.780 beta: 0.969 sigma: 0.120 
maxBOLD estimate = 2.197


Trial 7: random Stimulus Selection
Stimulus: 0.794
Output value 1.016

Q+ parameters
slope: 0.070 semiSat: 0.560 beta: 0.750 sigma: 0.120 
maxBOLD estimate = 2.129


Trial 8: random Stimulus Selection
Stimulus: 0.257
Output value 0.154

Q+ parameters
slope: 0.070 semiSat: 0.560 beta: 1.062 sigma: 0.120 
maxBOLD estimate = 1.596


Trial 9: random Stimulus Selection
Stimulus: 0.794
Output value 1.446

Q+ parameters
slope: 0.113 semiSat: 0.450 beta: 0.938 sigma: 0.120 
maxBOLD estimate = 1.696


Trial 10: baseline Stimulus Selection
Stimulus: 0.010
Output value 0.000

Q+ parameters
slope: 0.070 semiSat: 0.560 beta: 1.062 sigma: 0.120 
maxBOLD estimate = 1.590


Trial 11: random Stimulus Selection
Stimulus: 0.381
Output value 0.000

Q+ parameters
slope: 0.183 semiSat: 0.560 beta: 0.938 sigma: 0.120 
maxBOLD estimate = 1.690


Trial 12: random Stimulus Selection
Stimulus: 0.505
Output value 0.153

Q+ parameters
slope: 0.144 semiSat: 0.670 beta: 1.062 sigma: 0.120 
maxBOLD estimate = 1.584


Trial 13: random Stimulus Selection
Stimulus: 0.588
Output value 0.803

Q+ parameters
slope: 0.379 semiSat: 0.560 beta: 0.875 sigma: 0.120 
maxBOLD estimate = 1.683


Trial 14: random Stimulus Selection
Stimulus: 0.134
Output value 0.000

Q+ parameters
slope: 0.113 semiSat: 0.670 beta: 1.500 sigma: 0.120 
maxBOLD estimate = 1.473


Trial 15: maxBOLD Stimulus Selection
Stimulus: 1.000
Output value 1.205

Q+ parameters
slope: 0.113 semiSat: 0.670 beta: 0.750 sigma: 0.120 
maxBOLD estimate = 2.209


Trial 16: random Stimulus Selection
Stimulus: 0.010
Output value 0.132

Q+ parameters
slope: 0.234 semiSat: 0.560 beta: 0.875 sigma: 0.120 
maxBOLD estimate = 1.657


Trial 17: random Stimulus Selection
Stimulus: 0.794
Output value 2.372

Q+ parameters
slope: 0.113 semiSat: 0.670 beta: 1.500 sigma: 0.120 
maxBOLD estimate = 1.450


Trial 18: random Stimulus Selection
Stimulus: 0.794
Output value 1.038

Q+ parameters
slope: 0.113 semiSat: 0.670 beta: 0.750 sigma: 0.120 
maxBOLD estimate = 2.174


Trial 19: random Stimulus Selection
Stimulus: 0.629
Output value 1.297

Q+ parameters
slope: 0.379 semiSat: 0.560 beta: 0.875 sigma: 0.120 
maxBOLD estimate = 1.631


Trial 20: baseline Stimulus Selection
Stimulus: 0.010
Output value 0.000

Q+ parameters
slope: 0.379 semiSat: 0.560 beta: 1.125 sigma: 0.120 
maxBOLD estimate = 1.427


Trial 21: random Stimulus Selection
Stimulus: 0.464
Output value 0.000

Q+ parameters
slope: 0.379 semiSat: 0.560 beta: 0.969 sigma: 0.120 
maxBOLD estimate = 1.605


Trial 22: random Stimulus Selection
Stimulus: 0.876
Output value 1.604

Q+ parameters
slope: 0.379 semiSat: 0.560 beta: 1.031 sigma: 0.120 
maxBOLD estimate = 1.555


Trial 23: random Stimulus Selection
Stimulus: 0.835
Output value 1.695

Q+ parameters
slope: 0.379 semiSat: 0.560 beta: 0.969 sigma: 0.120 
maxBOLD estimate = 1.604


Trial 24: random Stimulus Selection
Stimulus: 0.670
Output value 1.907

Q+ parameters
slope: 0.379 semiSat: 0.560 beta: 1.125 sigma: 0.120 
maxBOLD estimate = 1.554


Trial 25: maxBOLD Stimulus Selection
Stimulus: 1.000
Output value 1.639

Q+ parameters
slope: 0.234 semiSat: 0.560 beta: 0.938 sigma: 0.120 
maxBOLD estimate = 1.748


Trial 26: random Stimulus Selection
Stimulus: 0.423
Output value 0.149

Q+ parameters
slope: 0.379 semiSat: 0.560 beta: 1.000 sigma: 0.120 
maxBOLD estimate = 1.639


Trial 27: random Stimulus Selection
Stimulus: 0.299
Output value 0.447

Q+ parameters
slope: 0.379 semiSat: 0.560 beta: 1.000 sigma: 0.120 
maxBOLD estimate = 1.639


Trial 28: random Stimulus Selection
Stimulus: 0.134
Output value 0.298

Q+ parameters
slope: 0.379 semiSat: 0.560 beta: 1.000 sigma: 0.120 
maxBOLD estimate = 1.639


Trial 29: random Stimulus Selection
Stimulus: 0.670
Output value 1.490

Q+ parameters
slope: 0.379 semiSat: 0.560 beta: 1.000 sigma: 0.120 
maxBOLD estimate = 1.639


Trial 30: baseline Stimulus Selection
Stimulus: 0.010
Output value 0.000

Q+ parameters
slope: 0.379 semiSat: 0.560 beta: 1.000 sigma: 0.120 
maxBOLD estimate = 1.639

--------------------------------------------------------------
FINAL VALUES
--------------------------------------------------------------
Simulated parameters:              slope: 0.410 semiSat: 0.570 beta: 1.000 sigma: 0.050 
Max posterior QUEST+ parameters:   slope: 0.379 semiSat: 0.560 beta: 1.000 sigma: 0.120 
Max BADS parameters:               slope: 0.528 semiSat: 0.581 beta: 1.000 sigma: 0.069 
maxBOLD estimate: 1.598
