/blue/stevenweisberg/stevenweisberg/MATLAB/projects/Weisberg_Aguirre_2020/scripts
c26a-s3.ufhpc
Sat Oct  3 17:23:36 EDT 2020
cp: cannot stat ‘./deploy_sim.sh’: No such file or directory
cp: cannot stat ‘./sim_wrapper.sh’: No such file or directory
------------------------------------------
Setting up environment variables
---
LD_LIBRARY_PATH is .:/apps/matlab/mcr/2020b/v99/runtime/glnxa64:/apps/matlab/mcr/2020b/v99/bin/glnxa64:/apps/matlab/mcr/2020b/v99/sys/os/glnxa64:/apps/matlab/mcr/2020b/v99/sys/opengl/lib/glnxa64
Warning: Executing startup failed in matlabrc.
This indicates a potentially serious problem in your MATLAB setup, which should be resolved as soon as possible.  Error detected was:
MATLAB:mpath:PathAlterationNotSupported
Modifying the search path is not supported by MATLAB Compiler. Remove functions that modify the search path from your MATLAB code. To make files visible to your deployed application, add the parent folder to your MATLAB session.
Warning: No stimulus domain specified. Defaulting to values between 0.01 and 1.
> In qpfmriParams (line 182)
In compiledSimulate (line 205)
Stimulus domain added from input.
Parameter slope specified as 0.41000
Parameter semiSat specified as 0.57000
Parameter beta specified as 1.00000
Parameter sigma specified as 0.25000
seed = 99seed = 104seed = 111seed = 111seed = 115seed = 101Initializing Q+. This may take a minute...
Elapsed time is 5.517456 seconds.
Simulated parameters:
slope: 0.410 semiSat: 0.570 beta: 1.000 sigma: 0.250 

Trial 1: baseline Stimulus Selection
Stimulus: 0.010
Output value 0.000

Q+ parameters
slope: 0.026 semiSat: 0.890 beta: 0.500 sigma: 0.010 
maxBOLD estimate = 1.000


Trial 2: maxBOLD Stimulus Selection
Stimulus: 1.000
Output value 1.364

Q+ parameters
slope: 0.055 semiSat: 0.670 beta: 1.250 sigma: 0.010 
maxBOLD estimate = 1.000


Trial 3: baseline Stimulus Selection
Stimulus: 0.010
Output value -0.284

Q+ parameters
slope: 0.055 semiSat: 0.670 beta: 1.250 sigma: 0.230 
maxBOLD estimate = 1.250


Trial 4: maxBOLD Stimulus Selection
Stimulus: 1.000
Output value 1.953

Q+ parameters
slope: 0.055 semiSat: 0.670 beta: 1.250 sigma: 0.120 
maxBOLD estimate = 1.562


Trial 5: baseline Stimulus Selection
Stimulus: 0.010
Output value -0.222

Q+ parameters
slope: 0.055 semiSat: 0.670 beta: 1.250 sigma: 0.230 
maxBOLD estimate = 1.953


Trial 6: maxBOLD Stimulus Selection
Stimulus: 1.000
Output value 0.832

Q+ parameters
slope: 0.043 semiSat: 0.780 beta: 1.250 sigma: 0.450 
maxBOLD estimate = 2.441


Trial 7: qplus Stimulus Selection
Stimulus: 0.629
Output value 0.832

Q+ parameters
slope: 0.043 semiSat: 0.670 beta: 0.750 sigma: 0.120 
maxBOLD estimate = 3.052


Trial 8: qplus Stimulus Selection
Stimulus: 0.629
Output value 1.561

Q+ parameters
slope: 0.089 semiSat: 0.450 beta: 1.500 sigma: 1.000 
maxBOLD estimate = 2.289


Trial 9: qplus Stimulus Selection
Stimulus: 0.505
Output value 0.546

Q+ parameters
slope: 0.034 semiSat: 0.890 beta: 0.875 sigma: 0.120 
maxBOLD estimate = 3.433


Trial 10: baseline Stimulus Selection
Stimulus: 0.010
Output value -0.410

Q+ parameters
slope: 0.070 semiSat: 0.560 beta: 0.750 sigma: 0.120 
maxBOLD estimate = 3.004


Trial 11: qplus Stimulus Selection
Stimulus: 0.711
Output value 1.389

Q+ parameters
slope: 0.070 semiSat: 0.560 beta: 0.969 sigma: 0.120 
maxBOLD estimate = 2.253


Trial 12: qplus Stimulus Selection
Stimulus: 0.505
Output value -0.192

Q+ parameters
slope: 0.234 semiSat: 0.560 beta: 0.969 sigma: 0.230 
maxBOLD estimate = 2.183


Trial 13: qplus Stimulus Selection
Stimulus: 0.629
Output value 1.177

Q+ parameters
slope: 0.113 semiSat: 0.560 beta: 0.875 sigma: 0.120 
maxBOLD estimate = 2.114


Trial 14: qplus Stimulus Selection
Stimulus: 0.629
Output value 1.472

Q+ parameters
slope: 0.234 semiSat: 0.560 beta: 0.875 sigma: 0.120 
maxBOLD estimate = 1.850


Trial 15: maxBOLD Stimulus Selection
Stimulus: 1.000
Output value 1.656

Q+ parameters
slope: 0.298 semiSat: 0.560 beta: 1.250 sigma: 0.230 
maxBOLD estimate = 1.619


Trial 16: qplus Stimulus Selection
Stimulus: 0.505
Output value 0.161

Q+ parameters
slope: 0.234 semiSat: 0.560 beta: 0.875 sigma: 0.120 
maxBOLD estimate = 2.024


Trial 17: qplus Stimulus Selection
Stimulus: 0.588
Output value 1.197

Q+ parameters
slope: 0.234 semiSat: 0.560 beta: 1.062 sigma: 0.230 
maxBOLD estimate = 1.771


Trial 18: qplus Stimulus Selection
Stimulus: 0.505
Output value -0.299

Q+ parameters
slope: 0.234 semiSat: 0.560 beta: 0.875 sigma: 0.120 
maxBOLD estimate = 1.881


Trial 19: qplus Stimulus Selection
Stimulus: 0.588
Output value 0.842

Q+ parameters
slope: 0.379 semiSat: 0.560 beta: 1.125 sigma: 0.230 
maxBOLD estimate = 1.646


Trial 20: baseline Stimulus Selection
Stimulus: 0.010
Output value 0.295

Q+ parameters
slope: 0.234 semiSat: 0.560 beta: 0.875 sigma: 0.120 
maxBOLD estimate = 1.852


Trial 21: qplus Stimulus Selection
Stimulus: 0.629
Output value 1.252

Q+ parameters
slope: 0.379 semiSat: 0.560 beta: 1.062 sigma: 0.230 
maxBOLD estimate = 1.620


Trial 22: qplus Stimulus Selection
Stimulus: 0.588
Output value 1.213

Q+ parameters
slope: 0.234 semiSat: 0.560 beta: 0.969 sigma: 0.120 
maxBOLD estimate = 1.722


Trial 23: qplus Stimulus Selection
Stimulus: 0.588
Output value 1.933

Q+ parameters
slope: 0.379 semiSat: 0.560 beta: 1.062 sigma: 0.230 
maxBOLD estimate = 1.668


Trial 24: qplus Stimulus Selection
Stimulus: 0.588
Output value 1.541

Q+ parameters
slope: 0.379 semiSat: 0.560 beta: 1.062 sigma: 0.230 
maxBOLD estimate = 1.772


Trial 25: maxBOLD Stimulus Selection
Stimulus: 1.000
Output value 1.658

Q+ parameters
slope: 0.379 semiSat: 0.560 beta: 0.969 sigma: 0.230 
maxBOLD estimate = 1.883


Trial 26: qplus Stimulus Selection
Stimulus: 0.505
Output value -0.321

Q+ parameters
slope: 0.616 semiSat: 0.560 beta: 0.969 sigma: 0.230 
maxBOLD estimate = 1.824


Trial 27: qplus Stimulus Selection
Stimulus: 0.546
Output value 1.807

Q+ parameters
slope: 0.379 semiSat: 0.560 beta: 1.125 sigma: 0.230 
maxBOLD estimate = 1.767


Trial 28: qplus Stimulus Selection
Stimulus: 0.505
Output value 0.316

Q+ parameters
slope: 0.379 semiSat: 0.560 beta: 0.875 sigma: 0.230 
maxBOLD estimate = 1.988


Trial 29: qplus Stimulus Selection
Stimulus: 0.629
Output value 1.957

Q+ parameters
slope: 0.379 semiSat: 0.560 beta: 1.125 sigma: 0.230 
maxBOLD estimate = 1.739


Trial 30: baseline Stimulus Selection
Stimulus: 0.010
Output value 0.778

Q+ parameters
slope: 0.616 semiSat: 0.560 beta: 0.875 sigma: 0.230 
maxBOLD estimate = 1.957


Trial 31: qplus Stimulus Selection
Stimulus: 0.629
Output value 1.654

Q+ parameters
slope: 0.616 semiSat: 0.560 beta: 1.062 sigma: 0.340 
maxBOLD estimate = 1.712


Trial 32: qplus Stimulus Selection
Stimulus: 0.546
Output value 0.868

Q+ parameters
slope: 0.616 semiSat: 0.560 beta: 0.875 sigma: 0.230 
maxBOLD estimate = 1.819


Trial 33: qplus Stimulus Selection
Stimulus: 0.505
Output value -0.154

Q+ parameters
slope: 0.616 semiSat: 0.560 beta: 1.062 sigma: 0.230 
maxBOLD estimate = 1.592


Trial 34: qplus Stimulus Selection
Stimulus: 0.546
Output value -0.163

Q+ parameters
slope: 1.000 semiSat: 0.560 beta: 1.062 sigma: 0.340 
maxBOLD estimate = 1.691


Trial 35: maxBOLD Stimulus Selection
Stimulus: 1.000
Output value 0.572

Q+ parameters
slope: 0.616 semiSat: 0.560 beta: 0.875 sigma: 0.230 
maxBOLD estimate = 1.797


Trial 36: qplus Stimulus Selection
Stimulus: 0.588
Output value 0.608

Q+ parameters
slope: 1.000 semiSat: 0.560 beta: 1.062 sigma: 0.340 
maxBOLD estimate = 1.572


Trial 37: qplus Stimulus Selection
Stimulus: 0.546
Output value 0.161

Q+ parameters
slope: 0.785 semiSat: 0.560 beta: 1.062 sigma: 0.340 
maxBOLD estimate = 1.671


Trial 38: qplus Stimulus Selection
Stimulus: 0.546
Output value -0.343

Q+ parameters
slope: 0.785 semiSat: 0.560 beta: 1.062 sigma: 0.450 
maxBOLD estimate = 1.775


Trial 39: qplus Stimulus Selection
Stimulus: 0.629
Output value 2.186

Q+ parameters
slope: 0.785 semiSat: 0.560 beta: 1.062 sigma: 0.450 
maxBOLD estimate = 1.886


Trial 40: baseline Stimulus Selection
Stimulus: 0.010
Output value -0.137

Q+ parameters
slope: 0.616 semiSat: 0.560 beta: 0.750 sigma: 0.230 
maxBOLD estimate = 2.004

--------------------------------------------------------------
FINAL VALUES
--------------------------------------------------------------
Simulated parameters:              slope: 0.410 semiSat: 0.570 beta: 1.000 sigma: 0.250 
Max posterior QUEST+ parameters:   slope: 0.785 semiSat: 0.560 beta: 1.062 sigma: 0.230 
Max BADS parameters:               slope: 0.711 semiSat: 0.557 beta: 1.000 sigma: 0.259 
maxBOLD estimate: 1.424
