/blue/stevenweisberg/stevenweisberg/MATLAB/projects/Weisberg_Aguirre_2020/scripts
c26a-s3.ufhpc
Sat Oct  3 17:17:06 EDT 2020
cp: cannot stat ‘./deploy_sim.sh’: No such file or directory
cp: cannot stat ‘./sim_wrapper.sh’: No such file or directory
------------------------------------------
Setting up environment variables
---
LD_LIBRARY_PATH is .:/apps/matlab/mcr/2020b/v99/runtime/glnxa64:/apps/matlab/mcr/2020b/v99/bin/glnxa64:/apps/matlab/mcr/2020b/v99/sys/os/glnxa64:/apps/matlab/mcr/2020b/v99/sys/opengl/lib/glnxa64
Warning: Executing startup failed in matlabrc.
This indicates a potentially serious problem in your MATLAB setup, which should be resolved as soon as possible.  Error detected was:
MATLAB:mpath:PathAlterationNotSupported
Modifying the search path is not supported by MATLAB Compiler. Remove functions that modify the search path from your MATLAB code. To make files visible to your deployed application, add the parent folder to your MATLAB session.
Warning: No stimulus domain specified. Defaulting to values between 0.01 and 1.
> In qpfmriParams (line 182)
In compiledSimulate (line 205)
Stimulus domain added from input.
Parameter slope specified as 0.41000
Parameter semiSat specified as 0.57000
Parameter beta specified as 1.00000
Parameter sigma specified as 0.15000
seed = 99seed = 104seed = 111seed = 111seed = 115seed = 101Initializing Q+. This may take a minute...
Elapsed time is 5.585557 seconds.
Simulated parameters:
slope: 0.410 semiSat: 0.570 beta: 1.000 sigma: 0.150 

Trial 1: baseline Stimulus Selection
Stimulus: 0.010
Output value 0.000

Q+ parameters
slope: 0.026 semiSat: 0.890 beta: 0.500 sigma: 0.010 
maxBOLD estimate = 1.000


Trial 2: maxBOLD Stimulus Selection
Stimulus: 1.000
Output value 1.364

Q+ parameters
slope: 0.055 semiSat: 0.670 beta: 1.250 sigma: 0.010 
maxBOLD estimate = 1.000


Trial 3: baseline Stimulus Selection
Stimulus: 0.010
Output value 0.568

Q+ parameters
slope: 0.055 semiSat: 0.670 beta: 1.250 sigma: 0.340 
maxBOLD estimate = 1.250


Trial 4: maxBOLD Stimulus Selection
Stimulus: 1.000
Output value 1.101

Q+ parameters
slope: 0.043 semiSat: 0.780 beta: 0.969 sigma: 0.120 
maxBOLD estimate = 1.562


Trial 5: baseline Stimulus Selection
Stimulus: 0.010
Output value -0.344

Q+ parameters
slope: 0.055 semiSat: 0.670 beta: 1.250 sigma: 0.230 
maxBOLD estimate = 1.514


Trial 6: maxBOLD Stimulus Selection
Stimulus: 1.000
Output value 1.720

Q+ parameters
slope: 0.034 semiSat: 1.000 beta: 1.250 sigma: 0.120 
maxBOLD estimate = 1.892


Trial 7: qplus Stimulus Selection
Stimulus: 0.588
Output value 0.564

Q+ parameters
slope: 0.034 semiSat: 0.890 beta: 0.875 sigma: 0.120 
maxBOLD estimate = 2.365


Trial 8: qplus Stimulus Selection
Stimulus: 0.835
Output value 0.494

Q+ parameters
slope: 0.034 semiSat: 0.890 beta: 0.875 sigma: 0.120 
maxBOLD estimate = 2.069


Trial 9: qplus Stimulus Selection
Stimulus: 0.629
Output value 0.741

Q+ parameters
slope: 0.055 semiSat: 0.560 beta: 0.750 sigma: 0.120 
maxBOLD estimate = 1.811


Trial 10: baseline Stimulus Selection
Stimulus: 0.010
Output value -0.262

Q+ parameters
slope: 0.144 semiSat: 0.560 beta: 1.062 sigma: 0.120 
maxBOLD estimate = 1.358


Trial 11: qplus Stimulus Selection
Stimulus: 0.381
Output value 0.394

Q+ parameters
slope: 0.070 semiSat: 0.450 beta: 1.000 sigma: 0.120 
maxBOLD estimate = 1.443


Trial 12: qplus Stimulus Selection
Stimulus: 0.505
Output value -0.279

Q+ parameters
slope: 0.616 semiSat: 0.560 beta: 1.062 sigma: 0.230 
maxBOLD estimate = 1.443


Trial 13: qplus Stimulus Selection
Stimulus: 0.588
Output value 0.610

Q+ parameters
slope: 0.379 semiSat: 0.560 beta: 0.875 sigma: 0.120 
maxBOLD estimate = 1.533


Trial 14: qplus Stimulus Selection
Stimulus: 0.629
Output value 1.646

Q+ parameters
slope: 0.379 semiSat: 0.560 beta: 1.125 sigma: 0.230 
maxBOLD estimate = 1.342


Trial 15: maxBOLD Stimulus Selection
Stimulus: 1.000
Output value 0.840

Q+ parameters
slope: 0.379 semiSat: 0.560 beta: 0.875 sigma: 0.120 
maxBOLD estimate = 1.509


Trial 16: qplus Stimulus Selection
Stimulus: 0.588
Output value 0.990

Q+ parameters
slope: 0.379 semiSat: 0.560 beta: 1.031 sigma: 0.120 
maxBOLD estimate = 1.321


Trial 17: qplus Stimulus Selection
Stimulus: 0.505
Output value -0.263

Q+ parameters
slope: 0.616 semiSat: 0.560 beta: 1.062 sigma: 0.230 
maxBOLD estimate = 1.362


Trial 18: qplus Stimulus Selection
Stimulus: 0.588
Output value 1.274

Q+ parameters
slope: 0.616 semiSat: 0.560 beta: 0.969 sigma: 0.230 
maxBOLD estimate = 1.447


Trial 19: qplus Stimulus Selection
Stimulus: 0.588
Output value 0.892

Q+ parameters
slope: 0.616 semiSat: 0.560 beta: 0.875 sigma: 0.120 
maxBOLD estimate = 1.402


Trial 20: baseline Stimulus Selection
Stimulus: 0.010
Output value 0.237

Q+ parameters
slope: 0.616 semiSat: 0.560 beta: 1.062 sigma: 0.230 
maxBOLD estimate = 1.227


Trial 21: qplus Stimulus Selection
Stimulus: 0.546
Output value 0.126

Q+ parameters
slope: 0.785 semiSat: 0.560 beta: 1.062 sigma: 0.230 
maxBOLD estimate = 1.303


Trial 22: qplus Stimulus Selection
Stimulus: 0.546
Output value 1.133

Q+ parameters
slope: 0.379 semiSat: 0.560 beta: 1.125 sigma: 0.230 
maxBOLD estimate = 1.385


Trial 23: qplus Stimulus Selection
Stimulus: 0.588
Output value 1.115

Q+ parameters
slope: 0.379 semiSat: 0.560 beta: 0.875 sigma: 0.120 
maxBOLD estimate = 1.558


Trial 24: qplus Stimulus Selection
Stimulus: 0.546
Output value 0.132

Q+ parameters
slope: 0.785 semiSat: 0.560 beta: 1.062 sigma: 0.230 
maxBOLD estimate = 1.363


Trial 25: maxBOLD Stimulus Selection
Stimulus: 1.000
Output value 0.922

Q+ parameters
slope: 0.616 semiSat: 0.560 beta: 0.875 sigma: 0.120 
maxBOLD estimate = 1.448


Trial 26: qplus Stimulus Selection
Stimulus: 0.546
Output value 0.122

Q+ parameters
slope: 0.785 semiSat: 0.560 beta: 1.062 sigma: 0.230 
maxBOLD estimate = 1.267


Trial 27: qplus Stimulus Selection
Stimulus: 0.546
Output value 0.130

Q+ parameters
slope: 0.785 semiSat: 0.560 beta: 1.062 sigma: 0.230 
maxBOLD estimate = 1.346


Trial 28: qplus Stimulus Selection
Stimulus: 0.588
Output value 0.829

Q+ parameters
slope: 0.785 semiSat: 0.560 beta: 1.062 sigma: 0.230 
maxBOLD estimate = 1.430


Trial 29: qplus Stimulus Selection
Stimulus: 0.588
Output value 0.484

Q+ parameters
slope: 0.616 semiSat: 0.560 beta: 0.875 sigma: 0.230 
maxBOLD estimate = 1.520


Trial 30: baseline Stimulus Selection
Stimulus: 0.010
Output value 0.000

Q+ parameters
slope: 0.616 semiSat: 0.560 beta: 0.969 sigma: 0.230 
maxBOLD estimate = 1.330


Trial 31: qplus Stimulus Selection
Stimulus: 0.629
Output value 1.493

Q+ parameters
slope: 0.785 semiSat: 0.560 beta: 1.062 sigma: 0.230 
maxBOLD estimate = 1.288


Trial 32: qplus Stimulus Selection
Stimulus: 0.546
Output value 0.397

Q+ parameters
slope: 0.785 semiSat: 0.560 beta: 1.062 sigma: 0.230 
maxBOLD estimate = 1.369


Trial 33: qplus Stimulus Selection
Stimulus: 0.546
Output value -0.128

Q+ parameters
slope: 0.616 semiSat: 0.560 beta: 0.969 sigma: 0.230 
maxBOLD estimate = 1.454


Trial 34: qplus Stimulus Selection
Stimulus: 0.546
Output value -0.124

Q+ parameters
slope: 1.000 semiSat: 0.560 beta: 0.969 sigma: 0.230 
maxBOLD estimate = 1.409


Trial 35: maxBOLD Stimulus Selection
Stimulus: 1.000
Output value 1.082

Q+ parameters
slope: 1.000 semiSat: 0.560 beta: 0.969 sigma: 0.230 
maxBOLD estimate = 1.365


Trial 36: qplus Stimulus Selection
Stimulus: 0.546
Output value 0.255

Q+ parameters
slope: 0.785 semiSat: 0.560 beta: 1.062 sigma: 0.230 
maxBOLD estimate = 1.322


Trial 37: qplus Stimulus Selection
Stimulus: 0.546
Output value 0.371

Q+ parameters
slope: 1.000 semiSat: 0.560 beta: 0.969 sigma: 0.230 
maxBOLD estimate = 1.405


Trial 38: qplus Stimulus Selection
Stimulus: 0.546
Output value 1.052

Q+ parameters
slope: 0.785 semiSat: 0.560 beta: 1.062 sigma: 0.230 
maxBOLD estimate = 1.361


Trial 39: qplus Stimulus Selection
Stimulus: 0.546
Output value 0.891

Q+ parameters
slope: 0.616 semiSat: 0.560 beta: 0.969 sigma: 0.230 
maxBOLD estimate = 1.446


Trial 40: baseline Stimulus Selection
Stimulus: 0.010
Output value 0.000

Q+ parameters
slope: 0.616 semiSat: 0.560 beta: 0.969 sigma: 0.230 
maxBOLD estimate = 1.401

--------------------------------------------------------------
FINAL VALUES
--------------------------------------------------------------
Simulated parameters:              slope: 0.410 semiSat: 0.570 beta: 1.000 sigma: 0.150 
Max posterior QUEST+ parameters:   slope: 0.616 semiSat: 0.560 beta: 0.750 sigma: 0.120 
Max BADS parameters:               slope: 0.390 semiSat: 0.593 beta: 1.000 sigma: 0.167 
maxBOLD estimate: 1.844
