/blue/stevenweisberg/stevenweisberg/MATLAB/projects/Weisberg_Aguirre_2020/scripts
c25a-s16.ufhpc
Sat Oct  3 16:51:36 EDT 2020
cp: cannot stat ‘./deploy_sim.sh’: No such file or directory
cp: cannot stat ‘./sim_wrapper.sh’: No such file or directory
------------------------------------------
Setting up environment variables
---
LD_LIBRARY_PATH is .:/apps/matlab/mcr/2020b/v99/runtime/glnxa64:/apps/matlab/mcr/2020b/v99/bin/glnxa64:/apps/matlab/mcr/2020b/v99/sys/os/glnxa64:/apps/matlab/mcr/2020b/v99/sys/opengl/lib/glnxa64
Warning: Executing startup failed in matlabrc.
This indicates a potentially serious problem in your MATLAB setup, which should be resolved as soon as possible.  Error detected was:
MATLAB:mpath:PathAlterationNotSupported
Modifying the search path is not supported by MATLAB Compiler. Remove functions that modify the search path from your MATLAB code. To make files visible to your deployed application, add the parent folder to your MATLAB session.
Warning: No stimulus domain specified. Defaulting to values between 0.01 and 1.
> In qpfmriParams (line 182)
In compiledSimulate (line 205)
Stimulus domain added from input.
Parameter slope specified as 0.41000
Parameter semiSat specified as 0.57000
Parameter beta specified as 1.00000
Parameter sigma specified as 0.05000
seed = 99seed = 104seed = 111seed = 111seed = 115seed = 101Initializing Q+. This may take a minute...
Elapsed time is 6.079559 seconds.
Simulated parameters:
slope: 0.410 semiSat: 0.570 beta: 1.000 sigma: 0.050 

Trial 1: baseline Stimulus Selection
Stimulus: 0.010
Output value 0.000

Q+ parameters
slope: 0.026 semiSat: 0.890 beta: 0.500 sigma: 0.010 
maxBOLD estimate = 1.000


Trial 2: maxBOLD Stimulus Selection
Stimulus: 1.000
Output value 1.364

Q+ parameters
slope: 0.055 semiSat: 0.670 beta: 1.250 sigma: 0.010 
maxBOLD estimate = 1.000


Trial 3: baseline Stimulus Selection
Stimulus: 0.010
Output value -0.142

Q+ parameters
slope: 0.055 semiSat: 0.670 beta: 1.250 sigma: 0.120 
maxBOLD estimate = 1.250


Trial 4: maxBOLD Stimulus Selection
Stimulus: 1.000
Output value 1.953

Q+ parameters
slope: 0.055 semiSat: 0.670 beta: 1.250 sigma: 0.120 
maxBOLD estimate = 1.562


Trial 5: baseline Stimulus Selection
Stimulus: 0.010
Output value 0.000

Q+ parameters
slope: 0.043 semiSat: 0.780 beta: 1.125 sigma: 0.120 
maxBOLD estimate = 1.953


Trial 6: maxBOLD Stimulus Selection
Stimulus: 1.000
Output value 1.548

Q+ parameters
slope: 0.043 semiSat: 0.780 beta: 0.969 sigma: 0.120 
maxBOLD estimate = 2.197


Trial 7: qplus Stimulus Selection
Stimulus: 0.629
Output value 1.016

Q+ parameters
slope: 0.089 semiSat: 0.450 beta: 0.750 sigma: 0.120 
maxBOLD estimate = 2.129


Trial 8: qplus Stimulus Selection
Stimulus: 0.381
Output value 0.363

Q+ parameters
slope: 0.089 semiSat: 0.560 beta: 1.250 sigma: 0.120 
maxBOLD estimate = 1.596


Trial 9: qplus Stimulus Selection
Stimulus: 0.505
Output value 0.136

Q+ parameters
slope: 0.379 semiSat: 0.560 beta: 0.750 sigma: 0.120 
maxBOLD estimate = 1.996


Trial 10: baseline Stimulus Selection
Stimulus: 0.010
Output value 0.000

Q+ parameters
slope: 0.379 semiSat: 0.560 beta: 1.062 sigma: 0.120 
maxBOLD estimate = 1.497


Trial 11: qplus Stimulus Selection
Stimulus: 0.588
Output value 0.840

Q+ parameters
slope: 0.234 semiSat: 0.560 beta: 0.969 sigma: 0.120 
maxBOLD estimate = 1.590


Trial 12: qplus Stimulus Selection
Stimulus: 0.629
Output value 1.488

Q+ parameters
slope: 0.298 semiSat: 0.560 beta: 1.062 sigma: 0.120 
maxBOLD estimate = 1.541


Trial 13: qplus Stimulus Selection
Stimulus: 0.505
Output value 0.144

Q+ parameters
slope: 0.379 semiSat: 0.560 beta: 0.969 sigma: 0.120 
maxBOLD estimate = 1.637


Trial 14: qplus Stimulus Selection
Stimulus: 0.505
Output value 0.306

Q+ parameters
slope: 0.298 semiSat: 0.560 beta: 1.062 sigma: 0.120 
maxBOLD estimate = 1.586


Trial 15: maxBOLD Stimulus Selection
Stimulus: 1.000
Output value 1.632

Q+ parameters
slope: 0.234 semiSat: 0.560 beta: 0.969 sigma: 0.120 
maxBOLD estimate = 1.685


Trial 16: qplus Stimulus Selection
Stimulus: 0.588
Output value 1.006

Q+ parameters
slope: 0.234 semiSat: 0.560 beta: 0.969 sigma: 0.120 
maxBOLD estimate = 1.632


Trial 17: qplus Stimulus Selection
Stimulus: 0.505
Output value 0.305

Q+ parameters
slope: 0.298 semiSat: 0.560 beta: 1.062 sigma: 0.120 
maxBOLD estimate = 1.581


Trial 18: qplus Stimulus Selection
Stimulus: 0.629
Output value 1.336

Q+ parameters
slope: 0.379 semiSat: 0.560 beta: 0.875 sigma: 0.120 
maxBOLD estimate = 1.680


Trial 19: qplus Stimulus Selection
Stimulus: 0.505
Output value 0.142

Q+ parameters
slope: 0.298 semiSat: 0.560 beta: 1.062 sigma: 0.120 
maxBOLD estimate = 1.470


Trial 20: baseline Stimulus Selection
Stimulus: 0.010
Output value -0.151

Q+ parameters
slope: 0.298 semiSat: 0.560 beta: 1.062 sigma: 0.120 
maxBOLD estimate = 1.562


Trial 21: qplus Stimulus Selection
Stimulus: 0.588
Output value 1.023

Q+ parameters
slope: 0.234 semiSat: 0.560 beta: 0.969 sigma: 0.120 
maxBOLD estimate = 1.659


Trial 22: qplus Stimulus Selection
Stimulus: 0.505
Output value 0.155

Q+ parameters
slope: 0.298 semiSat: 0.560 beta: 1.062 sigma: 0.120 
maxBOLD estimate = 1.608


Trial 23: qplus Stimulus Selection
Stimulus: 0.588
Output value 0.815

Q+ parameters
slope: 0.379 semiSat: 0.560 beta: 0.875 sigma: 0.120 
maxBOLD estimate = 1.708


Trial 24: qplus Stimulus Selection
Stimulus: 0.670
Output value 1.732

Q+ parameters
slope: 0.298 semiSat: 0.560 beta: 1.062 sigma: 0.120 
maxBOLD estimate = 1.495


Trial 25: maxBOLD Stimulus Selection
Stimulus: 1.000
Output value 1.489

Q+ parameters
slope: 0.379 semiSat: 0.560 beta: 1.031 sigma: 0.120 
maxBOLD estimate = 1.588


Trial 26: qplus Stimulus Selection
Stimulus: 0.629
Output value 1.154

Q+ parameters
slope: 0.234 semiSat: 0.560 beta: 0.969 sigma: 0.120 
maxBOLD estimate = 1.638


Trial 27: qplus Stimulus Selection
Stimulus: 0.505
Output value 0.000

Q+ parameters
slope: 0.379 semiSat: 0.560 beta: 0.969 sigma: 0.120 
maxBOLD estimate = 1.586


Trial 28: qplus Stimulus Selection
Stimulus: 0.629
Output value 1.397

Q+ parameters
slope: 0.379 semiSat: 0.560 beta: 1.000 sigma: 0.120 
maxBOLD estimate = 1.537


Trial 29: qplus Stimulus Selection
Stimulus: 0.588
Output value 1.257

Q+ parameters
slope: 0.379 semiSat: 0.560 beta: 1.000 sigma: 0.120 
maxBOLD estimate = 1.537


Trial 30: baseline Stimulus Selection
Stimulus: 0.010
Output value 0.140

Q+ parameters
slope: 0.379 semiSat: 0.560 beta: 1.000 sigma: 0.120 
maxBOLD estimate = 1.537


Trial 31: qplus Stimulus Selection
Stimulus: 0.629
Output value 1.585

Q+ parameters
slope: 0.379 semiSat: 0.560 beta: 1.031 sigma: 0.120 
maxBOLD estimate = 1.537


Trial 32: qplus Stimulus Selection
Stimulus: 0.629
Output value 1.535

Q+ parameters
slope: 0.379 semiSat: 0.560 beta: 0.969 sigma: 0.120 
maxBOLD estimate = 1.585


Trial 33: qplus Stimulus Selection
Stimulus: 0.505
Output value 0.288

Q+ parameters
slope: 0.379 semiSat: 0.560 beta: 1.031 sigma: 0.120 
maxBOLD estimate = 1.535


Trial 34: qplus Stimulus Selection
Stimulus: 0.629
Output value 1.534

Q+ parameters
slope: 0.379 semiSat: 0.560 beta: 0.969 sigma: 0.120 
maxBOLD estimate = 1.583


Trial 35: maxBOLD Stimulus Selection
Stimulus: 1.000
Output value 1.582

Q+ parameters
slope: 0.379 semiSat: 0.560 beta: 1.031 sigma: 0.120 
maxBOLD estimate = 1.534


Trial 36: qplus Stimulus Selection
Stimulus: 0.629
Output value 1.254

Q+ parameters
slope: 0.379 semiSat: 0.560 beta: 0.969 sigma: 0.120 
maxBOLD estimate = 1.582


Trial 37: qplus Stimulus Selection
Stimulus: 0.505
Output value 0.287

Q+ parameters
slope: 0.379 semiSat: 0.560 beta: 1.031 sigma: 0.120 
maxBOLD estimate = 1.532


Trial 38: qplus Stimulus Selection
Stimulus: 0.629
Output value 1.630

Q+ parameters
slope: 0.379 semiSat: 0.560 beta: 1.031 sigma: 0.120 
maxBOLD estimate = 1.580


Trial 39: qplus Stimulus Selection
Stimulus: 0.505
Output value 0.144

Q+ parameters
slope: 0.379 semiSat: 0.560 beta: 0.969 sigma: 0.120 
maxBOLD estimate = 1.630


Trial 40: baseline Stimulus Selection
Stimulus: 0.010
Output value 0.000

Q+ parameters
slope: 0.379 semiSat: 0.560 beta: 1.031 sigma: 0.120 
maxBOLD estimate = 1.579

--------------------------------------------------------------
FINAL VALUES
--------------------------------------------------------------
Simulated parameters:              slope: 0.410 semiSat: 0.570 beta: 1.000 sigma: 0.050 
Max posterior QUEST+ parameters:   slope: 0.379 semiSat: 0.560 beta: 0.969 sigma: 0.120 
Max BADS parameters:               slope: 0.393 semiSat: 0.570 beta: 1.000 sigma: 0.058 
maxBOLD estimate: 1.639
