/blue/stevenweisberg/stevenweisberg/MATLAB/projects/Weisberg_Aguirre_2020/scripts
c2a-s22.ufhpc
Sat Oct  3 17:00:25 EDT 2020
cp: cannot stat ‘./deploy_sim.sh’: No such file or directory
cp: cannot stat ‘./sim_wrapper.sh’: No such file or directory
------------------------------------------
Setting up environment variables
---
LD_LIBRARY_PATH is .:/apps/matlab/mcr/2020b/v99/runtime/glnxa64:/apps/matlab/mcr/2020b/v99/bin/glnxa64:/apps/matlab/mcr/2020b/v99/sys/os/glnxa64:/apps/matlab/mcr/2020b/v99/sys/opengl/lib/glnxa64
Warning: Executing startup failed in matlabrc.
This indicates a potentially serious problem in your MATLAB setup, which should be resolved as soon as possible.  Error detected was:
MATLAB:mpath:PathAlterationNotSupported
Modifying the search path is not supported by MATLAB Compiler. Remove functions that modify the search path from your MATLAB code. To make files visible to your deployed application, add the parent folder to your MATLAB session.
Warning: No stimulus domain specified. Defaulting to values between 0.01 and 1.
> In qpfmriParams (line 182)
In compiledSimulate (line 205)
Stimulus domain added from input.
Parameter slope specified as 0.41000
Parameter semiSat specified as 0.57000
Parameter beta specified as 1.00000
Parameter sigma specified as 0.15000
seed = 99seed = 104seed = 111seed = 111seed = 115seed = 101Initializing Q+. This may take a minute...
Elapsed time is 13.629396 seconds.
Simulated parameters:
slope: 0.410 semiSat: 0.570 beta: 1.000 sigma: 0.150 

Trial 1: baseline Stimulus Selection
Stimulus: 0.010
Output value 0.000

Q+ parameters
slope: 0.026 semiSat: 0.890 beta: 0.500 sigma: 0.010 
maxBOLD estimate = 1.000


Trial 2: maxBOLD Stimulus Selection
Stimulus: 1.000
Output value 1.364

Q+ parameters
slope: 0.055 semiSat: 0.670 beta: 1.250 sigma: 0.010 
maxBOLD estimate = 1.000


Trial 3: baseline Stimulus Selection
Stimulus: 0.010
Output value 0.142

Q+ parameters
slope: 0.055 semiSat: 0.670 beta: 1.250 sigma: 0.120 
maxBOLD estimate = 1.250


Trial 4: maxBOLD Stimulus Selection
Stimulus: 1.000
Output value 1.598

Q+ parameters
slope: 0.043 semiSat: 0.780 beta: 1.250 sigma: 0.120 
maxBOLD estimate = 1.562


Trial 5: baseline Stimulus Selection
Stimulus: 0.010
Output value 0.000

Q+ parameters
slope: 0.034 semiSat: 1.000 beta: 1.250 sigma: 0.120 
maxBOLD estimate = 1.953


Trial 6: maxBOLD Stimulus Selection
Stimulus: 1.000
Output value 0.971

Q+ parameters
slope: 0.034 semiSat: 0.890 beta: 0.875 sigma: 0.120 
maxBOLD estimate = 2.441


Trial 7: random Stimulus Selection
Stimulus: 0.216
Output value -0.486

Q+ parameters
slope: 0.043 semiSat: 1.000 beta: 1.250 sigma: 0.120 
maxBOLD estimate = 2.136


Trial 8: random Stimulus Selection
Stimulus: 0.051
Output value 0.243

Q+ parameters
slope: 0.043 semiSat: 1.000 beta: 1.000 sigma: 0.120 
maxBOLD estimate = 2.670


Trial 9: random Stimulus Selection
Stimulus: 0.876
Output value 1.365

Q+ parameters
slope: 0.043 semiSat: 1.000 beta: 1.125 sigma: 0.120 
maxBOLD estimate = 2.670


Trial 10: baseline Stimulus Selection
Stimulus: 0.010
Output value -0.205

Q+ parameters
slope: 0.043 semiSat: 0.890 beta: 0.750 sigma: 0.120 
maxBOLD estimate = 3.004


Trial 11: random Stimulus Selection
Stimulus: 0.918
Output value 1.959

Q+ parameters
slope: 0.089 semiSat: 0.890 beta: 1.062 sigma: 0.120 
maxBOLD estimate = 2.253


Trial 12: random Stimulus Selection
Stimulus: 0.134
Output value 0.571

Q+ parameters
slope: 0.055 semiSat: 0.780 beta: 0.875 sigma: 0.120 
maxBOLD estimate = 2.394


Trial 13: random Stimulus Selection
Stimulus: 0.257
Output value 0.405

Q+ parameters
slope: 0.043 semiSat: 0.780 beta: 1.062 sigma: 0.120 
maxBOLD estimate = 2.095


Trial 14: random Stimulus Selection
Stimulus: 0.216
Output value -0.303

Q+ parameters
slope: 0.183 semiSat: 0.780 beta: 0.750 sigma: 0.120 
maxBOLD estimate = 2.226


Trial 15: maxBOLD Stimulus Selection
Stimulus: 1.000
Output value 1.565

Q+ parameters
slope: 0.070 semiSat: 0.670 beta: 1.031 sigma: 0.120 
maxBOLD estimate = 1.669


Trial 16: random Stimulus Selection
Stimulus: 0.299
Output value 0.147

Q+ parameters
slope: 0.070 semiSat: 0.670 beta: 0.938 sigma: 0.120 
maxBOLD estimate = 1.721


Trial 17: random Stimulus Selection
Stimulus: 0.051
Output value -0.284

Q+ parameters
slope: 0.089 semiSat: 0.670 beta: 0.969 sigma: 0.120 
maxBOLD estimate = 1.614


Trial 18: random Stimulus Selection
Stimulus: 0.629
Output value 1.705

Q+ parameters
slope: 0.234 semiSat: 0.450 beta: 1.000 sigma: 0.120 
maxBOLD estimate = 1.563


Trial 19: random Stimulus Selection
Stimulus: 0.340
Output value 0.142

Q+ parameters
slope: 0.234 semiSat: 0.450 beta: 1.000 sigma: 0.120 
maxBOLD estimate = 1.563


Trial 20: baseline Stimulus Selection
Stimulus: 0.010
Output value 0.124

Q+ parameters
slope: 0.298 semiSat: 0.450 beta: 0.875 sigma: 0.120 
maxBOLD estimate = 1.563


Trial 21: random Stimulus Selection
Stimulus: 0.876
Output value 2.238

Q+ parameters
slope: 0.144 semiSat: 0.560 beta: 1.500 sigma: 0.120 
maxBOLD estimate = 1.368


Trial 22: random Stimulus Selection
Stimulus: 0.010
Output value 0.140

Q+ parameters
slope: 0.298 semiSat: 0.450 beta: 0.750 sigma: 0.120 
maxBOLD estimate = 2.052


Trial 23: random Stimulus Selection
Stimulus: 0.175
Output value 0.000

Q+ parameters
slope: 0.298 semiSat: 0.450 beta: 0.875 sigma: 0.120 
maxBOLD estimate = 1.539


Trial 24: random Stimulus Selection
Stimulus: 0.051
Output value 0.367

Q+ parameters
slope: 0.183 semiSat: 0.560 beta: 1.500 sigma: 0.120 
maxBOLD estimate = 1.347


Trial 25: maxBOLD Stimulus Selection
Stimulus: 1.000
Output value 1.515

Q+ parameters
slope: 0.298 semiSat: 0.450 beta: 0.750 sigma: 0.120 
maxBOLD estimate = 2.020


Trial 26: random Stimulus Selection
Stimulus: 0.588
Output value 1.334

Q+ parameters
slope: 0.298 semiSat: 0.450 beta: 0.969 sigma: 0.120 
maxBOLD estimate = 1.515


Trial 27: random Stimulus Selection
Stimulus: 0.588
Output value 0.688

Q+ parameters
slope: 0.379 semiSat: 0.560 beta: 1.031 sigma: 0.120 
maxBOLD estimate = 1.468


Trial 28: random Stimulus Selection
Stimulus: 0.505
Output value 0.284

Q+ parameters
slope: 0.379 semiSat: 0.560 beta: 1.031 sigma: 0.120 
maxBOLD estimate = 1.513


Trial 29: random Stimulus Selection
Stimulus: 0.216
Output value 0.732

Q+ parameters
slope: 0.379 semiSat: 0.560 beta: 1.031 sigma: 0.120 
maxBOLD estimate = 1.561


Trial 30: baseline Stimulus Selection
Stimulus: 0.010
Output value 0.256

Q+ parameters
slope: 0.379 semiSat: 0.560 beta: 0.875 sigma: 0.120 
maxBOLD estimate = 1.609


Trial 31: random Stimulus Selection
Stimulus: 0.216
Output value 0.000

Q+ parameters
slope: 0.379 semiSat: 0.560 beta: 1.031 sigma: 0.120 
maxBOLD estimate = 1.408


Trial 32: random Stimulus Selection
Stimulus: 0.629
Output value 1.634

Q+ parameters
slope: 0.379 semiSat: 0.560 beta: 1.031 sigma: 0.120 
maxBOLD estimate = 1.452


Trial 33: random Stimulus Selection
Stimulus: 0.959
Output value 1.685

Q+ parameters
slope: 0.379 semiSat: 0.560 beta: 1.031 sigma: 0.120 
maxBOLD estimate = 1.498


Trial 34: random Stimulus Selection
Stimulus: 0.918
Output value 1.593

Q+ parameters
slope: 0.379 semiSat: 0.560 beta: 1.031 sigma: 0.120 
maxBOLD estimate = 1.544


Trial 35: maxBOLD Stimulus Selection
Stimulus: 1.000
Output value 1.642

Q+ parameters
slope: 0.379 semiSat: 0.560 beta: 1.031 sigma: 0.120 
maxBOLD estimate = 1.593


Trial 36: random Stimulus Selection
Stimulus: 0.340
Output value 0.140

Q+ parameters
slope: 0.379 semiSat: 0.560 beta: 0.938 sigma: 0.120 
maxBOLD estimate = 1.642


Trial 37: random Stimulus Selection
Stimulus: 0.464
Output value 0.722

Q+ parameters
slope: 0.379 semiSat: 0.560 beta: 1.031 sigma: 0.120 
maxBOLD estimate = 1.540


Trial 38: random Stimulus Selection
Stimulus: 0.092
Output value -0.298

Q+ parameters
slope: 0.379 semiSat: 0.560 beta: 1.031 sigma: 0.120 
maxBOLD estimate = 1.588


Trial 39: random Stimulus Selection
Stimulus: 0.051
Output value 0.154

Q+ parameters
slope: 0.379 semiSat: 0.560 beta: 1.031 sigma: 0.120 
maxBOLD estimate = 1.638


Trial 40: baseline Stimulus Selection
Stimulus: 0.010
Output value 0.288

Q+ parameters
slope: 0.234 semiSat: 0.560 beta: 0.938 sigma: 0.120 
maxBOLD estimate = 1.689

--------------------------------------------------------------
FINAL VALUES
--------------------------------------------------------------
Simulated parameters:              slope: 0.410 semiSat: 0.570 beta: 1.000 sigma: 0.150 
Max posterior QUEST+ parameters:   slope: 0.379 semiSat: 0.560 beta: 1.031 sigma: 0.120 
Max BADS parameters:               slope: 0.317 semiSat: 0.564 beta: 1.000 sigma: 0.139 
maxBOLD estimate: 1.598
