/blue/stevenweisberg/stevenweisberg/MATLAB/projects/Weisberg_Aguirre_2020/scripts
c21a-s26.ufhpc
Sat Oct  3 18:28:17 EDT 2020
cp: cannot stat ‘./deploy_sim.sh’: No such file or directory
cp: cannot stat ‘./sim_wrapper.sh’: No such file or directory
------------------------------------------
Setting up environment variables
---
LD_LIBRARY_PATH is .:/apps/matlab/mcr/2020b/v99/runtime/glnxa64:/apps/matlab/mcr/2020b/v99/bin/glnxa64:/apps/matlab/mcr/2020b/v99/sys/os/glnxa64:/apps/matlab/mcr/2020b/v99/sys/opengl/lib/glnxa64
Warning: Executing startup failed in matlabrc.
This indicates a potentially serious problem in your MATLAB setup, which should be resolved as soon as possible.  Error detected was:
MATLAB:mpath:PathAlterationNotSupported
Modifying the search path is not supported by MATLAB Compiler. Remove functions that modify the search path from your MATLAB code. To make files visible to your deployed application, add the parent folder to your MATLAB session.
Warning: No stimulus domain specified. Defaulting to values between 0.01 and 1.
> In qpfmriParams (line 182)
In compiledSimulate (line 205)
Stimulus domain added from input.
Parameter slope specified as 0.41000
Parameter semiSat specified as 0.57000
Parameter beta specified as 1.00000
Parameter sigma specified as 0.15000
seed = 99seed = 104seed = 111seed = 111seed = 115seed = 101Initializing Q+. This may take a minute...
Elapsed time is 5.373242 seconds.
Simulated parameters:
slope: 0.410 semiSat: 0.570 beta: 1.000 sigma: 0.150 

Trial 1: baseline Stimulus Selection
Stimulus: 0.010
Output value 0.000

Q+ parameters
slope: 0.026 semiSat: 0.890 beta: 0.500 sigma: 0.010 
maxBOLD estimate = 1.000


Trial 2: maxBOLD Stimulus Selection
Stimulus: 1.000
Output value 1.364

Q+ parameters
slope: 0.055 semiSat: 0.670 beta: 1.250 sigma: 0.010 
maxBOLD estimate = 1.000


Trial 3: baseline Stimulus Selection
Stimulus: 0.010
Output value 0.142

Q+ parameters
slope: 0.055 semiSat: 0.670 beta: 1.250 sigma: 0.120 
maxBOLD estimate = 1.250


Trial 4: maxBOLD Stimulus Selection
Stimulus: 1.000
Output value 2.131

Q+ parameters
slope: 0.055 semiSat: 0.670 beta: 1.250 sigma: 0.120 
maxBOLD estimate = 1.562


Trial 5: baseline Stimulus Selection
Stimulus: 0.010
Output value 0.222

Q+ parameters
slope: 0.043 semiSat: 0.780 beta: 1.250 sigma: 0.120 
maxBOLD estimate = 1.953


Trial 6: maxBOLD Stimulus Selection
Stimulus: 1.000
Output value 1.720

Q+ parameters
slope: 0.043 semiSat: 0.780 beta: 0.969 sigma: 0.120 
maxBOLD estimate = 2.441


Trial 7: random Stimulus Selection
Stimulus: 0.505
Output value -0.208

Q+ parameters
slope: 0.089 semiSat: 0.890 beta: 0.969 sigma: 0.120 
maxBOLD estimate = 2.365


Trial 8: random Stimulus Selection
Stimulus: 0.505
Output value -0.202

Q+ parameters
slope: 0.089 semiSat: 0.890 beta: 0.969 sigma: 0.120 
maxBOLD estimate = 2.291


Trial 9: random Stimulus Selection
Stimulus: 0.753
Output value 0.706

Q+ parameters
slope: 0.113 semiSat: 0.780 beta: 0.875 sigma: 0.120 
maxBOLD estimate = 2.220


Trial 10: baseline Stimulus Selection
Stimulus: 0.010
Output value -0.441

Q+ parameters
slope: 0.144 semiSat: 0.780 beta: 1.250 sigma: 0.120 
maxBOLD estimate = 1.942


Trial 11: random Stimulus Selection
Stimulus: 0.010
Output value 0.000

Q+ parameters
slope: 0.113 semiSat: 0.780 beta: 0.875 sigma: 0.120 
maxBOLD estimate = 2.428


Trial 12: random Stimulus Selection
Stimulus: 0.216
Output value 0.187

Q+ parameters
slope: 0.113 semiSat: 0.780 beta: 0.969 sigma: 0.120 
maxBOLD estimate = 2.124


Trial 13: random Stimulus Selection
Stimulus: 0.134
Output value 0.193

Q+ parameters
slope: 0.144 semiSat: 0.780 beta: 1.031 sigma: 0.120 
maxBOLD estimate = 2.058


Trial 14: random Stimulus Selection
Stimulus: 0.670
Output value 1.736

Q+ parameters
slope: 0.113 semiSat: 0.670 beta: 1.000 sigma: 0.120 
maxBOLD estimate = 2.122


Trial 15: maxBOLD Stimulus Selection
Stimulus: 1.000
Output value 1.013

Q+ parameters
slope: 0.616 semiSat: 0.560 beta: 0.750 sigma: 0.120 
maxBOLD estimate = 2.122


Trial 16: random Stimulus Selection
Stimulus: 0.711
Output value 1.845

Q+ parameters
slope: 0.616 semiSat: 0.560 beta: 1.062 sigma: 0.120 
maxBOLD estimate = 1.592


Trial 17: random Stimulus Selection
Stimulus: 0.216
Output value 0.327

Q+ parameters
slope: 0.616 semiSat: 0.560 beta: 1.062 sigma: 0.230 
maxBOLD estimate = 1.691


Trial 18: random Stimulus Selection
Stimulus: 0.381
Output value 0.286

Q+ parameters
slope: 0.616 semiSat: 0.560 beta: 0.875 sigma: 0.120 
maxBOLD estimate = 1.797


Trial 19: random Stimulus Selection
Stimulus: 0.175
Output value 0.456

Q+ parameters
slope: 0.616 semiSat: 0.560 beta: 1.062 sigma: 0.230 
maxBOLD estimate = 1.572


Trial 20: baseline Stimulus Selection
Stimulus: 0.010
Output value 0.399

Q+ parameters
slope: 0.616 semiSat: 0.560 beta: 0.875 sigma: 0.120 
maxBOLD estimate = 1.670


Trial 21: random Stimulus Selection
Stimulus: 0.753
Output value 1.694

Q+ parameters
slope: 0.616 semiSat: 0.560 beta: 1.062 sigma: 0.230 
maxBOLD estimate = 1.462


Trial 22: random Stimulus Selection
Stimulus: 0.175
Output value 0.450

Q+ parameters
slope: 0.616 semiSat: 0.560 beta: 1.062 sigma: 0.230 
maxBOLD estimate = 1.553


Trial 23: random Stimulus Selection
Stimulus: 0.134
Output value -0.145

Q+ parameters
slope: 0.616 semiSat: 0.560 beta: 0.969 sigma: 0.120 
maxBOLD estimate = 1.650


Trial 24: random Stimulus Selection
Stimulus: 1.000
Output value 1.853

Q+ parameters
slope: 0.616 semiSat: 0.560 beta: 1.062 sigma: 0.230 
maxBOLD estimate = 1.598


Trial 25: maxBOLD Stimulus Selection
Stimulus: 1.000
Output value 1.969

Q+ parameters
slope: 0.616 semiSat: 0.560 beta: 1.062 sigma: 0.230 
maxBOLD estimate = 1.698


Trial 26: random Stimulus Selection
Stimulus: 0.464
Output value 0.144

Q+ parameters
slope: 0.616 semiSat: 0.560 beta: 0.875 sigma: 0.120 
maxBOLD estimate = 1.805


Trial 27: random Stimulus Selection
Stimulus: 0.423
Output value 0.000

Q+ parameters
slope: 0.616 semiSat: 0.560 beta: 1.062 sigma: 0.120 
maxBOLD estimate = 1.579


Trial 28: random Stimulus Selection
Stimulus: 0.134
Output value -0.162

Q+ parameters
slope: 0.616 semiSat: 0.560 beta: 1.062 sigma: 0.230 
maxBOLD estimate = 1.678


Trial 29: random Stimulus Selection
Stimulus: 0.711
Output value 1.276

Q+ parameters
slope: 0.616 semiSat: 0.560 beta: 0.875 sigma: 0.120 
maxBOLD estimate = 1.783


Trial 30: baseline Stimulus Selection
Stimulus: 0.010
Output value -0.301

Q+ parameters
slope: 0.616 semiSat: 0.560 beta: 1.062 sigma: 0.120 
maxBOLD estimate = 1.560


Trial 31: random Stimulus Selection
Stimulus: 0.134
Output value 0.146

Q+ parameters
slope: 0.616 semiSat: 0.560 beta: 0.969 sigma: 0.120 
maxBOLD estimate = 1.657


Trial 32: random Stimulus Selection
Stimulus: 0.794
Output value 1.861

Q+ parameters
slope: 0.616 semiSat: 0.560 beta: 1.062 sigma: 0.120 
maxBOLD estimate = 1.605


Trial 33: random Stimulus Selection
Stimulus: 0.959
Output value 1.352

Q+ parameters
slope: 0.616 semiSat: 0.560 beta: 0.969 sigma: 0.120 
maxBOLD estimate = 1.706


Trial 34: random Stimulus Selection
Stimulus: 0.257
Output value 0.437

Q+ parameters
slope: 0.616 semiSat: 0.560 beta: 0.969 sigma: 0.120 
maxBOLD estimate = 1.652


Trial 35: maxBOLD Stimulus Selection
Stimulus: 1.000
Output value 1.855

Q+ parameters
slope: 0.616 semiSat: 0.560 beta: 1.062 sigma: 0.120 
maxBOLD estimate = 1.601


Trial 36: random Stimulus Selection
Stimulus: 0.588
Output value 1.049

Q+ parameters
slope: 0.616 semiSat: 0.560 beta: 0.969 sigma: 0.120 
maxBOLD estimate = 1.701


Trial 37: random Stimulus Selection
Stimulus: 0.257
Output value 0.145

Q+ parameters
slope: 0.616 semiSat: 0.560 beta: 0.969 sigma: 0.120 
maxBOLD estimate = 1.648


Trial 38: random Stimulus Selection
Stimulus: 0.381
Output value -0.141

Q+ parameters
slope: 0.616 semiSat: 0.560 beta: 0.969 sigma: 0.120 
maxBOLD estimate = 1.596


Trial 39: random Stimulus Selection
Stimulus: 0.051
Output value -0.149

Q+ parameters
slope: 0.616 semiSat: 0.560 beta: 1.062 sigma: 0.120 
maxBOLD estimate = 1.546


Trial 40: baseline Stimulus Selection
Stimulus: 0.010
Output value 0.000

Q+ parameters
slope: 0.616 semiSat: 0.560 beta: 0.969 sigma: 0.120 
maxBOLD estimate = 1.643

--------------------------------------------------------------
FINAL VALUES
--------------------------------------------------------------
Simulated parameters:              slope: 0.410 semiSat: 0.570 beta: 1.000 sigma: 0.150 
Max posterior QUEST+ parameters:   slope: 0.616 semiSat: 0.560 beta: 0.969 sigma: 0.120 
Max BADS parameters:               slope: 0.691 semiSat: 0.580 beta: 1.000 sigma: 0.135 
maxBOLD estimate: 1.590
