/blue/stevenweisberg/stevenweisberg/MATLAB/projects/Weisberg_Aguirre_2020/scripts
c4a-s1.ufhpc
Sat Oct  3 18:06:18 EDT 2020
cp: cannot stat ‘./deploy_sim.sh’: No such file or directory
cp: cannot stat ‘./sim_wrapper.sh’: No such file or directory
------------------------------------------
Setting up environment variables
---
LD_LIBRARY_PATH is .:/apps/matlab/mcr/2020b/v99/runtime/glnxa64:/apps/matlab/mcr/2020b/v99/bin/glnxa64:/apps/matlab/mcr/2020b/v99/sys/os/glnxa64:/apps/matlab/mcr/2020b/v99/sys/opengl/lib/glnxa64
Warning: Executing startup failed in matlabrc.
This indicates a potentially serious problem in your MATLAB setup, which should be resolved as soon as possible.  Error detected was:
MATLAB:mpath:PathAlterationNotSupported
Modifying the search path is not supported by MATLAB Compiler. Remove functions that modify the search path from your MATLAB code. To make files visible to your deployed application, add the parent folder to your MATLAB session.
Warning: No stimulus domain specified. Defaulting to values between 0.01 and 1.
> In qpfmriParams (line 182)
In compiledSimulate (line 205)
Stimulus domain added from input.
Parameter slope specified as 0.41000
Parameter semiSat specified as 0.57000
Parameter beta specified as 1.00000
Parameter sigma specified as 0.05000
seed = 99seed = 104seed = 111seed = 111seed = 115seed = 101Initializing Q+. This may take a minute...
Elapsed time is 10.459950 seconds.
Simulated parameters:
slope: 0.410 semiSat: 0.570 beta: 1.000 sigma: 0.050 

Trial 1: baseline Stimulus Selection
Stimulus: 0.010
Output value 0.000

Q+ parameters
slope: 0.026 semiSat: 0.890 beta: 0.500 sigma: 0.010 
maxBOLD estimate = 1.000


Trial 2: maxBOLD Stimulus Selection
Stimulus: 1.000
Output value 1.364

Q+ parameters
slope: 0.055 semiSat: 0.670 beta: 1.250 sigma: 0.010 
maxBOLD estimate = 1.000


Trial 3: baseline Stimulus Selection
Stimulus: 0.010
Output value 0.000

Q+ parameters
slope: 0.055 semiSat: 0.670 beta: 1.250 sigma: 0.010 
maxBOLD estimate = 1.250


Trial 4: maxBOLD Stimulus Selection
Stimulus: 1.000
Output value 1.598

Q+ parameters
slope: 0.055 semiSat: 0.670 beta: 1.125 sigma: 0.120 
maxBOLD estimate = 1.562


Trial 5: baseline Stimulus Selection
Stimulus: 0.010
Output value 0.000

Q+ parameters
slope: 0.043 semiSat: 0.780 beta: 1.250 sigma: 0.120 
maxBOLD estimate = 1.758


Trial 6: maxBOLD Stimulus Selection
Stimulus: 1.000
Output value 1.748

Q+ parameters
slope: 0.034 semiSat: 1.000 beta: 1.250 sigma: 0.120 
maxBOLD estimate = 2.197


Trial 7: random Stimulus Selection
Stimulus: 0.670
Output value 0.624

Q+ parameters
slope: 0.483 semiSat: 0.120 beta: 0.500 sigma: 0.010 
maxBOLD estimate = 2.747


Trial 8: random Stimulus Selection
Stimulus: 0.340
Output value 0.375

Q+ parameters
slope: 0.089 semiSat: 0.560 beta: 1.500 sigma: 0.120 
maxBOLD estimate = 1.373


Trial 9: random Stimulus Selection
Stimulus: 0.546
Output value 0.281

Q+ parameters
slope: 0.616 semiSat: 0.560 beta: 0.750 sigma: 0.120 
maxBOLD estimate = 2.060


Trial 10: baseline Stimulus Selection
Stimulus: 0.010
Output value 0.000

Q+ parameters
slope: 0.616 semiSat: 0.560 beta: 0.969 sigma: 0.120 
maxBOLD estimate = 1.545


Trial 11: random Stimulus Selection
Stimulus: 0.010
Output value 0.000

Q+ parameters
slope: 0.785 semiSat: 0.560 beta: 1.062 sigma: 0.120 
maxBOLD estimate = 1.497


Trial 12: random Stimulus Selection
Stimulus: 0.670
Output value 1.400

Q+ parameters
slope: 0.616 semiSat: 0.560 beta: 0.969 sigma: 0.120 
maxBOLD estimate = 1.590


Trial 13: random Stimulus Selection
Stimulus: 0.794
Output value 1.103

Q+ parameters
slope: 0.483 semiSat: 0.560 beta: 0.875 sigma: 0.120 
maxBOLD estimate = 1.541


Trial 14: random Stimulus Selection
Stimulus: 0.464
Output value 0.000

Q+ parameters
slope: 0.785 semiSat: 0.560 beta: 1.062 sigma: 0.120 
maxBOLD estimate = 1.348


Trial 15: maxBOLD Stimulus Selection
Stimulus: 1.000
Output value 1.522

Q+ parameters
slope: 0.785 semiSat: 0.560 beta: 1.062 sigma: 0.120 
maxBOLD estimate = 1.432


Trial 16: random Stimulus Selection
Stimulus: 0.134
Output value -0.134

Q+ parameters
slope: 0.616 semiSat: 0.560 beta: 0.969 sigma: 0.120 
maxBOLD estimate = 1.522


Trial 17: random Stimulus Selection
Stimulus: 0.257
Output value -0.285

Q+ parameters
slope: 0.785 semiSat: 0.560 beta: 1.062 sigma: 0.120 
maxBOLD estimate = 1.474


Trial 18: random Stimulus Selection
Stimulus: 0.216
Output value -0.138

Q+ parameters
slope: 0.616 semiSat: 0.560 beta: 0.969 sigma: 0.120 
maxBOLD estimate = 1.566


Trial 19: random Stimulus Selection
Stimulus: 0.629
Output value 1.336

Q+ parameters
slope: 0.616 semiSat: 0.560 beta: 0.969 sigma: 0.120 
maxBOLD estimate = 1.517


Trial 20: baseline Stimulus Selection
Stimulus: 0.010
Output value 0.000

Q+ parameters
slope: 0.379 semiSat: 0.560 beta: 1.000 sigma: 0.120 
maxBOLD estimate = 1.470


Trial 21: random Stimulus Selection
Stimulus: 0.051
Output value -0.142

Q+ parameters
slope: 0.379 semiSat: 0.560 beta: 1.062 sigma: 0.120 
maxBOLD estimate = 1.470


Trial 22: random Stimulus Selection
Stimulus: 0.753
Output value 1.242

Q+ parameters
slope: 0.483 semiSat: 0.560 beta: 0.875 sigma: 0.120 
maxBOLD estimate = 1.562


Trial 23: random Stimulus Selection
Stimulus: 0.794
Output value 1.452

Q+ parameters
slope: 0.379 semiSat: 0.560 beta: 1.062 sigma: 0.120 
maxBOLD estimate = 1.367


Trial 24: random Stimulus Selection
Stimulus: 0.835
Output value 1.543

Q+ parameters
slope: 0.379 semiSat: 0.560 beta: 1.062 sigma: 0.120 
maxBOLD estimate = 1.452


Trial 25: maxBOLD Stimulus Selection
Stimulus: 1.000
Output value 1.227

Q+ parameters
slope: 0.483 semiSat: 0.560 beta: 0.875 sigma: 0.120 
maxBOLD estimate = 1.543


Trial 26: random Stimulus Selection
Stimulus: 0.299
Output value -0.130

Q+ parameters
slope: 0.379 semiSat: 0.560 beta: 1.062 sigma: 0.120 
maxBOLD estimate = 1.350


Trial 27: random Stimulus Selection
Stimulus: 0.381
Output value 0.139

Q+ parameters
slope: 0.379 semiSat: 0.560 beta: 1.062 sigma: 0.120 
maxBOLD estimate = 1.434


Trial 28: random Stimulus Selection
Stimulus: 0.876
Output value 1.524

Q+ parameters
slope: 0.379 semiSat: 0.560 beta: 1.000 sigma: 0.120 
maxBOLD estimate = 1.524


Trial 29: random Stimulus Selection
Stimulus: 0.876
Output value 1.385

Q+ parameters
slope: 0.379 semiSat: 0.560 beta: 1.000 sigma: 0.120 
maxBOLD estimate = 1.524


Trial 30: baseline Stimulus Selection
Stimulus: 0.010
Output value -0.139

Q+ parameters
slope: 0.379 semiSat: 0.560 beta: 1.000 sigma: 0.120 
maxBOLD estimate = 1.524


Trial 31: random Stimulus Selection
Stimulus: 0.629
Output value 1.476

Q+ parameters
slope: 0.616 semiSat: 0.560 beta: 0.969 sigma: 0.120 
maxBOLD estimate = 1.524


Trial 32: random Stimulus Selection
Stimulus: 0.092
Output value 0.134

Q+ parameters
slope: 0.379 semiSat: 0.560 beta: 1.000 sigma: 0.120 
maxBOLD estimate = 1.476


Trial 33: random Stimulus Selection
Stimulus: 0.876
Output value 1.610

Q+ parameters
slope: 0.379 semiSat: 0.560 beta: 1.000 sigma: 0.120 
maxBOLD estimate = 1.476


Trial 34: random Stimulus Selection
Stimulus: 0.092
Output value 0.000

Q+ parameters
slope: 0.379 semiSat: 0.560 beta: 1.000 sigma: 0.120 
maxBOLD estimate = 1.476


Trial 35: maxBOLD Stimulus Selection
Stimulus: 1.000
Output value 1.711

Q+ parameters
slope: 0.379 semiSat: 0.560 beta: 1.062 sigma: 0.120 
maxBOLD estimate = 1.476


Trial 36: random Stimulus Selection
Stimulus: 0.546
Output value 0.691

Q+ parameters
slope: 0.379 semiSat: 0.560 beta: 0.969 sigma: 0.120 
maxBOLD estimate = 1.569


Trial 37: random Stimulus Selection
Stimulus: 0.670
Output value 1.658

Q+ parameters
slope: 0.379 semiSat: 0.560 beta: 1.000 sigma: 0.120 
maxBOLD estimate = 1.520


Trial 38: random Stimulus Selection
Stimulus: 0.794
Output value 1.761

Q+ parameters
slope: 0.379 semiSat: 0.560 beta: 1.062 sigma: 0.120 
maxBOLD estimate = 1.520


Trial 39: random Stimulus Selection
Stimulus: 0.257
Output value 0.000

Q+ parameters
slope: 0.483 semiSat: 0.560 beta: 0.875 sigma: 0.120 
maxBOLD estimate = 1.615


Trial 40: baseline Stimulus Selection
Stimulus: 0.010
Output value 0.000

Q+ parameters
slope: 0.379 semiSat: 0.560 beta: 1.062 sigma: 0.120 
maxBOLD estimate = 1.413

--------------------------------------------------------------
FINAL VALUES
--------------------------------------------------------------
Simulated parameters:              slope: 0.410 semiSat: 0.570 beta: 1.000 sigma: 0.050 
Max posterior QUEST+ parameters:   slope: 0.379 semiSat: 0.560 beta: 1.062 sigma: 0.120 
Max BADS parameters:               slope: 0.340 semiSat: 0.567 beta: 1.000 sigma: 0.049 
maxBOLD estimate: 1.477
