/blue/stevenweisberg/stevenweisberg/MATLAB/projects/Weisberg_Aguirre_2020/scripts
c29a-s20.ufhpc
Sat Oct  3 17:28:01 EDT 2020
cp: cannot stat ‘./deploy_sim.sh’: No such file or directory
cp: cannot stat ‘./sim_wrapper.sh’: No such file or directory
------------------------------------------
Setting up environment variables
---
LD_LIBRARY_PATH is .:/apps/matlab/mcr/2020b/v99/runtime/glnxa64:/apps/matlab/mcr/2020b/v99/bin/glnxa64:/apps/matlab/mcr/2020b/v99/sys/os/glnxa64:/apps/matlab/mcr/2020b/v99/sys/opengl/lib/glnxa64
Warning: Executing startup failed in matlabrc.
This indicates a potentially serious problem in your MATLAB setup, which should be resolved as soon as possible.  Error detected was:
MATLAB:mpath:PathAlterationNotSupported
Modifying the search path is not supported by MATLAB Compiler. Remove functions that modify the search path from your MATLAB code. To make files visible to your deployed application, add the parent folder to your MATLAB session.
Warning: No stimulus domain specified. Defaulting to values between 0.01 and 1.
> In qpfmriParams (line 182)
In compiledSimulate (line 205)
Stimulus domain added from input.
Parameter slope specified as 0.41000
Parameter semiSat specified as 0.57000
Parameter beta specified as 1.00000
Parameter sigma specified as 0.25000
seed = 99seed = 104seed = 111seed = 111seed = 115seed = 101Initializing Q+. This may take a minute...
Elapsed time is 5.536366 seconds.
Simulated parameters:
slope: 0.410 semiSat: 0.570 beta: 1.000 sigma: 0.250 

Trial 1: baseline Stimulus Selection
Stimulus: 0.010
Output value 0.000

Q+ parameters
slope: 0.026 semiSat: 0.890 beta: 0.500 sigma: 0.010 
maxBOLD estimate = 1.000


Trial 2: maxBOLD Stimulus Selection
Stimulus: 1.000
Output value 1.364

Q+ parameters
slope: 0.055 semiSat: 0.670 beta: 1.250 sigma: 0.010 
maxBOLD estimate = 1.000


Trial 3: baseline Stimulus Selection
Stimulus: 0.010
Output value 0.426

Q+ parameters
slope: 0.055 semiSat: 0.670 beta: 1.250 sigma: 0.230 
maxBOLD estimate = 1.250


Trial 4: maxBOLD Stimulus Selection
Stimulus: 1.000
Output value 2.131

Q+ parameters
slope: 0.055 semiSat: 0.670 beta: 1.250 sigma: 0.120 
maxBOLD estimate = 1.562


Trial 5: baseline Stimulus Selection
Stimulus: 0.010
Output value -0.200

Q+ parameters
slope: 0.043 semiSat: 0.780 beta: 1.125 sigma: 0.120 
maxBOLD estimate = 1.953


Trial 6: maxBOLD Stimulus Selection
Stimulus: 1.000
Output value 1.798

Q+ parameters
slope: 0.043 semiSat: 0.780 beta: 1.125 sigma: 0.120 
maxBOLD estimate = 2.197


Trial 7: random Stimulus Selection
Stimulus: 0.340
Output value -0.337

Q+ parameters
slope: 0.055 semiSat: 1.000 beta: 1.500 sigma: 0.120 
maxBOLD estimate = 2.472


Trial 8: random Stimulus Selection
Stimulus: 0.794
Output value 0.674

Q+ parameters
slope: 0.089 semiSat: 0.670 beta: 0.500 sigma: 0.120 
maxBOLD estimate = 3.708


Trial 9: random Stimulus Selection
Stimulus: 0.546
Output value 1.912

Q+ parameters
slope: 0.298 semiSat: 0.450 beta: 1.031 sigma: 0.120 
maxBOLD estimate = 1.854


Trial 10: baseline Stimulus Selection
Stimulus: 0.010
Output value 0.978

Q+ parameters
slope: 0.144 semiSat: 0.560 beta: 0.938 sigma: 0.230 
maxBOLD estimate = 1.912


Trial 11: random Stimulus Selection
Stimulus: 0.588
Output value 0.947

Q+ parameters
slope: 0.144 semiSat: 0.560 beta: 0.969 sigma: 0.230 
maxBOLD estimate = 1.792


Trial 12: random Stimulus Selection
Stimulus: 0.381
Output value -0.306

Q+ parameters
slope: 0.183 semiSat: 0.560 beta: 0.969 sigma: 0.230 
maxBOLD estimate = 1.736


Trial 13: random Stimulus Selection
Stimulus: 0.546
Output value 0.296

Q+ parameters
slope: 0.234 semiSat: 0.560 beta: 0.969 sigma: 0.230 
maxBOLD estimate = 1.682


Trial 14: random Stimulus Selection
Stimulus: 0.257
Output value 0.472

Q+ parameters
slope: 0.183 semiSat: 0.560 beta: 1.062 sigma: 0.230 
maxBOLD estimate = 1.630


Trial 15: maxBOLD Stimulus Selection
Stimulus: 1.000
Output value 2.007

Q+ parameters
slope: 0.183 semiSat: 0.560 beta: 1.062 sigma: 0.230 
maxBOLD estimate = 1.731


Trial 16: random Stimulus Selection
Stimulus: 0.257
Output value 0.157

Q+ parameters
slope: 0.183 semiSat: 0.560 beta: 0.938 sigma: 0.230 
maxBOLD estimate = 1.840


Trial 17: random Stimulus Selection
Stimulus: 0.092
Output value -0.152

Q+ parameters
slope: 0.183 semiSat: 0.560 beta: 0.969 sigma: 0.230 
maxBOLD estimate = 1.725


Trial 18: random Stimulus Selection
Stimulus: 0.216
Output value 0.000

Q+ parameters
slope: 0.183 semiSat: 0.560 beta: 0.938 sigma: 0.120 
maxBOLD estimate = 1.671


Trial 19: random Stimulus Selection
Stimulus: 0.505
Output value -0.320

Q+ parameters
slope: 0.379 semiSat: 0.560 beta: 1.125 sigma: 0.230 
maxBOLD estimate = 1.566


Trial 20: baseline Stimulus Selection
Stimulus: 0.010
Output value -0.481

Q+ parameters
slope: 0.043 semiSat: 0.670 beta: 1.500 sigma: 0.230 
maxBOLD estimate = 1.762


Trial 21: random Stimulus Selection
Stimulus: 0.175
Output value -0.360

Q+ parameters
slope: 0.298 semiSat: 0.560 beta: 0.750 sigma: 0.120 
maxBOLD estimate = 2.643


Trial 22: random Stimulus Selection
Stimulus: 0.629
Output value 0.203

Q+ parameters
slope: 0.144 semiSat: 0.670 beta: 1.125 sigma: 0.230 
maxBOLD estimate = 1.982


Trial 23: random Stimulus Selection
Stimulus: 0.546
Output value -0.418

Q+ parameters
slope: 0.144 semiSat: 0.670 beta: 1.031 sigma: 0.230 
maxBOLD estimate = 2.230


Trial 24: random Stimulus Selection
Stimulus: 0.753
Output value 0.980

Q+ parameters
slope: 0.113 semiSat: 0.670 beta: 0.938 sigma: 0.230 
maxBOLD estimate = 2.300


Trial 25: maxBOLD Stimulus Selection
Stimulus: 1.000
Output value 0.735

Q+ parameters
slope: 0.113 semiSat: 0.670 beta: 0.938 sigma: 0.230 
maxBOLD estimate = 2.156


Trial 26: random Stimulus Selection
Stimulus: 0.959
Output value 1.929

Q+ parameters
slope: 0.089 semiSat: 0.780 beta: 1.500 sigma: 0.230 
maxBOLD estimate = 2.021


Trial 27: random Stimulus Selection
Stimulus: 0.299
Output value 0.345

Q+ parameters
slope: 0.043 semiSat: 1.000 beta: 1.250 sigma: 0.120 
maxBOLD estimate = 3.032


Trial 28: random Stimulus Selection
Stimulus: 0.505
Output value 0.000

Q+ parameters
slope: 0.144 semiSat: 0.670 beta: 0.500 sigma: 0.120 
maxBOLD estimate = 3.790


Trial 29: random Stimulus Selection
Stimulus: 0.299
Output value 0.000

Q+ parameters
slope: 0.089 semiSat: 0.780 beta: 1.500 sigma: 0.230 
maxBOLD estimate = 1.895


Trial 30: baseline Stimulus Selection
Stimulus: 0.010
Output value 0.258

Q+ parameters
slope: 1.000 semiSat: 0.560 beta: 0.500 sigma: 0.120 
maxBOLD estimate = 2.843


Trial 31: random Stimulus Selection
Stimulus: 0.546
Output value 1.163

Q+ parameters
slope: 0.043 semiSat: 0.780 beta: 1.500 sigma: 0.340 
maxBOLD estimate = 1.421


Trial 32: random Stimulus Selection
Stimulus: 0.588
Output value 0.908

Q+ parameters
slope: 0.113 semiSat: 0.670 beta: 0.938 sigma: 0.230 
maxBOLD estimate = 2.132


Trial 33: random Stimulus Selection
Stimulus: 0.134
Output value -0.545

Q+ parameters
slope: 0.089 semiSat: 0.780 beta: 1.500 sigma: 0.230 
maxBOLD estimate = 1.999


Trial 34: random Stimulus Selection
Stimulus: 1.000
Output value 2.385

Q+ parameters
slope: 0.043 semiSat: 1.000 beta: 1.250 sigma: 0.120 
maxBOLD estimate = 2.998


Trial 35: maxBOLD Stimulus Selection
Stimulus: 1.000
Output value 0.767

Q+ parameters
slope: 0.043 semiSat: 0.890 beta: 0.750 sigma: 0.120 
maxBOLD estimate = 3.747


Trial 36: random Stimulus Selection
Stimulus: 0.134
Output value -0.128

Q+ parameters
slope: 1.000 semiSat: 0.560 beta: 0.500 sigma: 0.120 
maxBOLD estimate = 2.811


Trial 37: random Stimulus Selection
Stimulus: 0.588
Output value 0.319

Q+ parameters
slope: 0.026 semiSat: 0.780 beta: 1.250 sigma: 0.340 
maxBOLD estimate = 1.405


Trial 38: random Stimulus Selection
Stimulus: 0.918
Output value 2.635

Q+ parameters
slope: 0.089 semiSat: 0.780 beta: 1.500 sigma: 0.230 
maxBOLD estimate = 1.757


Trial 39: random Stimulus Selection
Stimulus: 0.051
Output value -0.599

Q+ parameters
slope: 0.043 semiSat: 1.000 beta: 1.250 sigma: 0.120 
maxBOLD estimate = 2.635


Trial 40: baseline Stimulus Selection
Stimulus: 0.010
Output value 0.000

Q+ parameters
slope: 0.043 semiSat: 0.890 beta: 0.750 sigma: 0.120 
maxBOLD estimate = 3.294

--------------------------------------------------------------
FINAL VALUES
--------------------------------------------------------------
Simulated parameters:              slope: 0.410 semiSat: 0.570 beta: 1.000 sigma: 0.250 
Max posterior QUEST+ parameters:   slope: 0.043 semiSat: 1.000 beta: 1.250 sigma: 0.120 
Max BADS parameters:               slope: 0.040 semiSat: 0.972 beta: 1.000 sigma: 0.126 
maxBOLD estimate: 2.748
