/blue/stevenweisberg/stevenweisberg/MATLAB/projects/Weisberg_Aguirre_2020/scripts
c10b-s27.ufhpc
Sat Oct  3 16:23:47 EDT 2020
cp: cannot stat ‘./deploy_sim.sh’: No such file or directory
cp: cannot stat ‘./sim_wrapper.sh’: No such file or directory
------------------------------------------
Setting up environment variables
---
LD_LIBRARY_PATH is .:/apps/matlab/mcr/2020b/v99/runtime/glnxa64:/apps/matlab/mcr/2020b/v99/bin/glnxa64:/apps/matlab/mcr/2020b/v99/sys/os/glnxa64:/apps/matlab/mcr/2020b/v99/sys/opengl/lib/glnxa64
Warning: Executing startup failed in matlabrc.
This indicates a potentially serious problem in your MATLAB setup, which should be resolved as soon as possible.  Error detected was:
MATLAB:mpath:PathAlterationNotSupported
Modifying the search path is not supported by MATLAB Compiler. Remove functions that modify the search path from your MATLAB code. To make files visible to your deployed application, add the parent folder to your MATLAB session.
Warning: No stimulus domain specified. Defaulting to values between 0.01 and 1.
> In qpfmriParams (line 182)
In compiledSimulate (line 205)
Stimulus domain added from input.
Parameter slope specified as 0.41000
Parameter semiSat specified as 0.57000
Parameter beta specified as 1.00000
Parameter sigma specified as 0.05000
seed = 99seed = 104seed = 111seed = 111seed = 115seed = 101Initializing Q+. This may take a minute...
Elapsed time is 11.846498 seconds.
Simulated parameters:
slope: 0.410 semiSat: 0.570 beta: 1.000 sigma: 0.050 

Trial 1: baseline Stimulus Selection
Stimulus: 0.010
Output value 0.000

Q+ parameters
slope: 0.026 semiSat: 0.890 beta: 0.500 sigma: 0.010 
maxBOLD estimate = 1.000


Trial 2: maxBOLD Stimulus Selection
Stimulus: 1.000
Output value 1.364

Q+ parameters
slope: 0.055 semiSat: 0.670 beta: 1.250 sigma: 0.010 
maxBOLD estimate = 1.000


Trial 3: baseline Stimulus Selection
Stimulus: 0.010
Output value -0.142

Q+ parameters
slope: 0.055 semiSat: 0.670 beta: 1.250 sigma: 0.120 
maxBOLD estimate = 1.250


Trial 4: maxBOLD Stimulus Selection
Stimulus: 1.000
Output value 1.598

Q+ parameters
slope: 0.055 semiSat: 0.670 beta: 1.125 sigma: 0.120 
maxBOLD estimate = 1.562


Trial 5: baseline Stimulus Selection
Stimulus: 0.010
Output value 0.180

Q+ parameters
slope: 0.043 semiSat: 0.780 beta: 1.125 sigma: 0.120 
maxBOLD estimate = 1.758


Trial 6: maxBOLD Stimulus Selection
Stimulus: 1.000
Output value 1.393

Q+ parameters
slope: 0.043 semiSat: 0.780 beta: 0.969 sigma: 0.120 
maxBOLD estimate = 1.978


Trial 7: qplus Stimulus Selection
Stimulus: 0.629
Output value 1.219

Q+ parameters
slope: 0.070 semiSat: 0.450 beta: 0.875 sigma: 0.120 
maxBOLD estimate = 1.916


Trial 8: qplus Stimulus Selection
Stimulus: 0.381
Output value 0.000

Q+ parameters
slope: 0.234 semiSat: 0.560 beta: 0.938 sigma: 0.120 
maxBOLD estimate = 1.676


Trial 9: qplus Stimulus Selection
Stimulus: 0.505
Output value 0.000

Q+ parameters
slope: 0.616 semiSat: 0.560 beta: 0.875 sigma: 0.120 
maxBOLD estimate = 1.572


Trial 10: baseline Stimulus Selection
Stimulus: 0.010
Output value 0.133

Q+ parameters
slope: 0.379 semiSat: 0.560 beta: 1.062 sigma: 0.120 
maxBOLD estimate = 1.375


Trial 11: qplus Stimulus Selection
Stimulus: 0.588
Output value 1.029

Q+ parameters
slope: 0.379 semiSat: 0.560 beta: 0.969 sigma: 0.120 
maxBOLD estimate = 1.461


Trial 12: qplus Stimulus Selection
Stimulus: 0.588
Output value 1.094

Q+ parameters
slope: 0.298 semiSat: 0.560 beta: 1.062 sigma: 0.120 
maxBOLD estimate = 1.415


Trial 13: qplus Stimulus Selection
Stimulus: 0.505
Output value 0.000

Q+ parameters
slope: 0.379 semiSat: 0.560 beta: 0.969 sigma: 0.120 
maxBOLD estimate = 1.504


Trial 14: qplus Stimulus Selection
Stimulus: 0.588
Output value 1.026

Q+ parameters
slope: 0.379 semiSat: 0.560 beta: 0.969 sigma: 0.120 
maxBOLD estimate = 1.457


Trial 15: maxBOLD Stimulus Selection
Stimulus: 1.000
Output value 1.367

Q+ parameters
slope: 0.379 semiSat: 0.560 beta: 0.969 sigma: 0.120 
maxBOLD estimate = 1.411


Trial 16: qplus Stimulus Selection
Stimulus: 0.546
Output value 0.396

Q+ parameters
slope: 0.379 semiSat: 0.560 beta: 1.062 sigma: 0.120 
maxBOLD estimate = 1.367


Trial 17: qplus Stimulus Selection
Stimulus: 0.588
Output value 1.023

Q+ parameters
slope: 0.379 semiSat: 0.560 beta: 0.969 sigma: 0.120 
maxBOLD estimate = 1.453


Trial 18: qplus Stimulus Selection
Stimulus: 0.588
Output value 1.115

Q+ parameters
slope: 0.379 semiSat: 0.560 beta: 0.969 sigma: 0.120 
maxBOLD estimate = 1.407


Trial 19: qplus Stimulus Selection
Stimulus: 0.505
Output value 0.263

Q+ parameters
slope: 0.379 semiSat: 0.560 beta: 1.062 sigma: 0.120 
maxBOLD estimate = 1.363


Trial 20: baseline Stimulus Selection
Stimulus: 0.010
Output value -0.128

Q+ parameters
slope: 0.379 semiSat: 0.560 beta: 0.969 sigma: 0.120 
maxBOLD estimate = 1.448


Trial 21: qplus Stimulus Selection
Stimulus: 0.505
Output value -0.136

Q+ parameters
slope: 0.379 semiSat: 0.560 beta: 1.062 sigma: 0.120 
maxBOLD estimate = 1.403


Trial 22: qplus Stimulus Selection
Stimulus: 0.546
Output value 0.263

Q+ parameters
slope: 0.379 semiSat: 0.560 beta: 0.969 sigma: 0.120 
maxBOLD estimate = 1.491


Trial 23: qplus Stimulus Selection
Stimulus: 0.546
Output value 0.254

Q+ parameters
slope: 0.616 semiSat: 0.560 beta: 0.969 sigma: 0.120 
maxBOLD estimate = 1.444


Trial 24: qplus Stimulus Selection
Stimulus: 0.546
Output value 0.246

Q+ parameters
slope: 0.616 semiSat: 0.560 beta: 0.969 sigma: 0.120 
maxBOLD estimate = 1.399


Trial 25: maxBOLD Stimulus Selection
Stimulus: 1.000
Output value 1.440

Q+ parameters
slope: 0.785 semiSat: 0.560 beta: 1.062 sigma: 0.120 
maxBOLD estimate = 1.355


Trial 26: qplus Stimulus Selection
Stimulus: 0.546
Output value 0.381

Q+ parameters
slope: 0.616 semiSat: 0.560 beta: 0.969 sigma: 0.120 
maxBOLD estimate = 1.440


Trial 27: qplus Stimulus Selection
Stimulus: 0.588
Output value 0.983

Q+ parameters
slope: 0.616 semiSat: 0.560 beta: 0.969 sigma: 0.120 
maxBOLD estimate = 1.395


Trial 28: qplus Stimulus Selection
Stimulus: 0.546
Output value 0.261

Q+ parameters
slope: 0.785 semiSat: 0.560 beta: 1.062 sigma: 0.120 
maxBOLD estimate = 1.352


Trial 29: qplus Stimulus Selection
Stimulus: 0.546
Output value 0.253

Q+ parameters
slope: 0.616 semiSat: 0.560 beta: 0.969 sigma: 0.120 
maxBOLD estimate = 1.436


Trial 30: baseline Stimulus Selection
Stimulus: 0.010
Output value 0.000

Q+ parameters
slope: 0.616 semiSat: 0.560 beta: 0.969 sigma: 0.120 
maxBOLD estimate = 1.391

--------------------------------------------------------------
FINAL VALUES
--------------------------------------------------------------
Simulated parameters:              slope: 0.410 semiSat: 0.570 beta: 1.000 sigma: 0.050 
Max posterior QUEST+ parameters:   slope: 0.785 semiSat: 0.560 beta: 1.062 sigma: 0.120 
Max BADS parameters:               slope: 0.691 semiSat: 0.562 beta: 1.000 sigma: 0.060 
maxBOLD estimate: 1.344
