/blue/stevenweisberg/stevenweisberg/MATLAB/projects/Weisberg_Aguirre_2020/scripts
c21b-s25.ufhpc
Sat Oct  3 16:23:46 EDT 2020
cp: cannot stat ‘./deploy_sim.sh’: No such file or directory
cp: cannot stat ‘./sim_wrapper.sh’: No such file or directory
------------------------------------------
Setting up environment variables
---
LD_LIBRARY_PATH is .:/apps/matlab/mcr/2020b/v99/runtime/glnxa64:/apps/matlab/mcr/2020b/v99/bin/glnxa64:/apps/matlab/mcr/2020b/v99/sys/os/glnxa64:/apps/matlab/mcr/2020b/v99/sys/opengl/lib/glnxa64
Warning: Executing startup failed in matlabrc.
This indicates a potentially serious problem in your MATLAB setup, which should be resolved as soon as possible.  Error detected was:
MATLAB:mpath:PathAlterationNotSupported
Modifying the search path is not supported by MATLAB Compiler. Remove functions that modify the search path from your MATLAB code. To make files visible to your deployed application, add the parent folder to your MATLAB session.
Warning: No stimulus domain specified. Defaulting to values between 0.01 and 1.
> In qpfmriParams (line 182)
In compiledSimulate (line 205)
Stimulus domain added from input.
Parameter slope specified as 0.41000
Parameter semiSat specified as 0.57000
Parameter beta specified as 1.00000
Parameter sigma specified as 0.15000
seed = 99seed = 104seed = 111seed = 111seed = 115seed = 101Initializing Q+. This may take a minute...
Elapsed time is 5.469072 seconds.
Simulated parameters:
slope: 0.410 semiSat: 0.570 beta: 1.000 sigma: 0.150 

Trial 1: baseline Stimulus Selection
Stimulus: 0.010
Output value 0.000

Q+ parameters
slope: 0.026 semiSat: 0.890 beta: 0.500 sigma: 0.010 
maxBOLD estimate = 1.000


Trial 2: maxBOLD Stimulus Selection
Stimulus: 1.000
Output value 1.364

Q+ parameters
slope: 0.055 semiSat: 0.670 beta: 1.250 sigma: 0.010 
maxBOLD estimate = 1.000


Trial 3: baseline Stimulus Selection
Stimulus: 0.010
Output value 0.000

Q+ parameters
slope: 0.055 semiSat: 0.670 beta: 1.250 sigma: 0.010 
maxBOLD estimate = 1.250


Trial 4: maxBOLD Stimulus Selection
Stimulus: 1.000
Output value 1.420

Q+ parameters
slope: 0.043 semiSat: 0.780 beta: 1.250 sigma: 0.120 
maxBOLD estimate = 1.562


Trial 5: baseline Stimulus Selection
Stimulus: 0.010
Output value 0.666

Q+ parameters
slope: 0.034 semiSat: 1.000 beta: 1.250 sigma: 0.120 
maxBOLD estimate = 1.953


Trial 6: maxBOLD Stimulus Selection
Stimulus: 1.000
Output value 1.165

Q+ parameters
slope: 0.034 semiSat: 0.890 beta: 0.875 sigma: 0.120 
maxBOLD estimate = 2.441


Trial 7: qplus Stimulus Selection
Stimulus: 0.753
Output value 0.728

Q+ parameters
slope: 0.043 semiSat: 0.670 beta: 0.750 sigma: 0.120 
maxBOLD estimate = 2.136


Trial 8: qplus Stimulus Selection
Stimulus: 0.505
Output value 0.141

Q+ parameters
slope: 0.113 semiSat: 0.670 beta: 0.969 sigma: 0.120 
maxBOLD estimate = 1.602


Trial 9: qplus Stimulus Selection
Stimulus: 0.629
Output value 0.683

Q+ parameters
slope: 0.113 semiSat: 0.670 beta: 0.969 sigma: 0.120 
maxBOLD estimate = 1.552


Trial 10: baseline Stimulus Selection
Stimulus: 0.010
Output value -0.308

Q+ parameters
slope: 0.113 semiSat: 0.670 beta: 1.125 sigma: 0.120 
maxBOLD estimate = 1.504


Trial 11: qplus Stimulus Selection
Stimulus: 0.588
Output value 0.447

Q+ parameters
slope: 0.113 semiSat: 0.670 beta: 0.969 sigma: 0.120 
maxBOLD estimate = 1.692


Trial 12: qplus Stimulus Selection
Stimulus: 0.753
Output value 0.838

Q+ parameters
slope: 0.144 semiSat: 0.670 beta: 0.938 sigma: 0.120 
maxBOLD estimate = 1.639


Trial 13: qplus Stimulus Selection
Stimulus: 0.711
Output value 0.947

Q+ parameters
slope: 0.144 semiSat: 0.670 beta: 0.969 sigma: 0.120 
maxBOLD estimate = 1.536


Trial 14: qplus Stimulus Selection
Stimulus: 0.588
Output value 1.691

Q+ parameters
slope: 0.070 semiSat: 0.670 beta: 1.250 sigma: 0.230 
maxBOLD estimate = 1.488


Trial 15: maxBOLD Stimulus Selection
Stimulus: 1.000
Output value 1.268

Q+ parameters
slope: 0.070 semiSat: 0.670 beta: 0.938 sigma: 0.120 
maxBOLD estimate = 1.860


Trial 16: qplus Stimulus Selection
Stimulus: 0.629
Output value 1.427

Q+ parameters
slope: 0.234 semiSat: 0.560 beta: 0.750 sigma: 0.120 
maxBOLD estimate = 1.744


Trial 17: qplus Stimulus Selection
Stimulus: 0.423
Output value 0.253

Q+ parameters
slope: 0.183 semiSat: 0.560 beta: 1.062 sigma: 0.230 
maxBOLD estimate = 1.308


Trial 18: qplus Stimulus Selection
Stimulus: 0.464
Output value 0.268

Q+ parameters
slope: 0.183 semiSat: 0.560 beta: 1.062 sigma: 0.230 
maxBOLD estimate = 1.390


Trial 19: qplus Stimulus Selection
Stimulus: 0.629
Output value 1.141

Q+ parameters
slope: 0.183 semiSat: 0.560 beta: 1.062 sigma: 0.230 
maxBOLD estimate = 1.477


Trial 20: baseline Stimulus Selection
Stimulus: 0.010
Output value -0.303

Q+ parameters
slope: 0.183 semiSat: 0.560 beta: 1.062 sigma: 0.120 
maxBOLD estimate = 1.569


Trial 21: qplus Stimulus Selection
Stimulus: 0.505
Output value -0.170

Q+ parameters
slope: 0.379 semiSat: 0.560 beta: 1.125 sigma: 0.230 
maxBOLD estimate = 1.667


Trial 22: qplus Stimulus Selection
Stimulus: 0.505
Output value 0.000

Q+ parameters
slope: 0.379 semiSat: 0.560 beta: 0.750 sigma: 0.120 
maxBOLD estimate = 1.875


Trial 23: qplus Stimulus Selection
Stimulus: 0.588
Output value 1.007

Q+ parameters
slope: 0.379 semiSat: 0.560 beta: 1.125 sigma: 0.230 
maxBOLD estimate = 1.407


Trial 24: qplus Stimulus Selection
Stimulus: 0.505
Output value -0.324

Q+ parameters
slope: 0.379 semiSat: 0.560 beta: 1.125 sigma: 0.230 
maxBOLD estimate = 1.582


Trial 25: maxBOLD Stimulus Selection
Stimulus: 1.000
Output value 1.558

Q+ parameters
slope: 0.379 semiSat: 0.560 beta: 0.875 sigma: 0.120 
maxBOLD estimate = 1.780


Trial 26: qplus Stimulus Selection
Stimulus: 0.588
Output value 1.434

Q+ parameters
slope: 0.379 semiSat: 0.560 beta: 1.125 sigma: 0.230 
maxBOLD estimate = 1.558


Trial 27: qplus Stimulus Selection
Stimulus: 0.546
Output value 0.418

Q+ parameters
slope: 0.379 semiSat: 0.560 beta: 0.875 sigma: 0.120 
maxBOLD estimate = 1.752


Trial 28: qplus Stimulus Selection
Stimulus: 0.546
Output value 0.540

Q+ parameters
slope: 0.379 semiSat: 0.560 beta: 0.969 sigma: 0.120 
maxBOLD estimate = 1.533


Trial 29: qplus Stimulus Selection
Stimulus: 0.546
Output value 0.262

Q+ parameters
slope: 0.379 semiSat: 0.560 beta: 0.969 sigma: 0.120 
maxBOLD estimate = 1.485


Trial 30: baseline Stimulus Selection
Stimulus: 0.010
Output value -0.135

Q+ parameters
slope: 0.379 semiSat: 0.560 beta: 1.031 sigma: 0.120 
maxBOLD estimate = 1.439

--------------------------------------------------------------
FINAL VALUES
--------------------------------------------------------------
Simulated parameters:              slope: 0.410 semiSat: 0.570 beta: 1.000 sigma: 0.150 
Max posterior QUEST+ parameters:   slope: 0.379 semiSat: 0.560 beta: 0.969 sigma: 0.120 
Max BADS parameters:               slope: 0.400 semiSat: 0.572 beta: 1.000 sigma: 0.140 
maxBOLD estimate: 1.531
