/blue/stevenweisberg/stevenweisberg/MATLAB/projects/Weisberg_Aguirre_2020/scripts
c26a-s3.ufhpc
Sat Oct  3 17:28:01 EDT 2020
cp: cannot stat ‘./deploy_sim.sh’: No such file or directory
cp: cannot stat ‘./sim_wrapper.sh’: No such file or directory
------------------------------------------
Setting up environment variables
---
LD_LIBRARY_PATH is .:/apps/matlab/mcr/2020b/v99/runtime/glnxa64:/apps/matlab/mcr/2020b/v99/bin/glnxa64:/apps/matlab/mcr/2020b/v99/sys/os/glnxa64:/apps/matlab/mcr/2020b/v99/sys/opengl/lib/glnxa64
Warning: Executing startup failed in matlabrc.
This indicates a potentially serious problem in your MATLAB setup, which should be resolved as soon as possible.  Error detected was:
MATLAB:mpath:PathAlterationNotSupported
Modifying the search path is not supported by MATLAB Compiler. Remove functions that modify the search path from your MATLAB code. To make files visible to your deployed application, add the parent folder to your MATLAB session.
Warning: No stimulus domain specified. Defaulting to values between 0.01 and 1.
> In qpfmriParams (line 182)
In compiledSimulate (line 205)
Stimulus domain added from input.
Parameter slope specified as 0.41000
Parameter semiSat specified as 0.57000
Parameter beta specified as 1.00000
Parameter sigma specified as 0.25000
seed = 99seed = 104seed = 111seed = 111seed = 115seed = 101Initializing Q+. This may take a minute...
Elapsed time is 5.671840 seconds.
Simulated parameters:
slope: 0.410 semiSat: 0.570 beta: 1.000 sigma: 0.250 

Trial 1: baseline Stimulus Selection
Stimulus: 0.010
Output value 0.000

Q+ parameters
slope: 0.026 semiSat: 0.890 beta: 0.500 sigma: 0.010 
maxBOLD estimate = 1.000


Trial 2: maxBOLD Stimulus Selection
Stimulus: 1.000
Output value 0.705

Q+ parameters
slope: 0.043 semiSat: 0.780 beta: 0.969 sigma: 0.010 
maxBOLD estimate = 1.000


Trial 3: baseline Stimulus Selection
Stimulus: 0.010
Output value 0.330

Q+ parameters
slope: 0.034 semiSat: 1.000 beta: 1.250 sigma: 0.120 
maxBOLD estimate = 0.969


Trial 4: maxBOLD Stimulus Selection
Stimulus: 1.000
Output value 0.963

Q+ parameters
slope: 0.034 semiSat: 1.000 beta: 1.250 sigma: 0.120 
maxBOLD estimate = 1.211


Trial 5: baseline Stimulus Selection
Stimulus: 0.010
Output value 0.206

Q+ parameters
slope: 0.034 semiSat: 0.890 beta: 0.750 sigma: 0.120 
maxBOLD estimate = 1.514


Trial 6: maxBOLD Stimulus Selection
Stimulus: 1.000
Output value 0.600

Q+ parameters
slope: 0.043 semiSat: 0.780 beta: 0.969 sigma: 0.120 
maxBOLD estimate = 1.135


Trial 7: random Stimulus Selection
Stimulus: 0.010
Output value -0.250

Q+ parameters
slope: 0.043 semiSat: 0.780 beta: 1.250 sigma: 0.120 
maxBOLD estimate = 1.100


Trial 8: random Stimulus Selection
Stimulus: 0.670
Output value 1.125

Q+ parameters
slope: 0.089 semiSat: 0.340 beta: 0.750 sigma: 0.120 
maxBOLD estimate = 1.375


Trial 9: random Stimulus Selection
Stimulus: 0.464
Output value -0.199

Q+ parameters
slope: 0.379 semiSat: 0.560 beta: 1.062 sigma: 0.230 
maxBOLD estimate = 1.031


Trial 10: baseline Stimulus Selection
Stimulus: 0.010
Output value -0.199

Q+ parameters
slope: 0.379 semiSat: 0.560 beta: 1.000 sigma: 0.230 
maxBOLD estimate = 1.095


Trial 11: random Stimulus Selection
Stimulus: 0.629
Output value 0.610

Q+ parameters
slope: 0.483 semiSat: 0.560 beta: 0.875 sigma: 0.120 
maxBOLD estimate = 1.095


Trial 12: random Stimulus Selection
Stimulus: 0.092
Output value 0.556

Q+ parameters
slope: 0.379 semiSat: 0.560 beta: 1.062 sigma: 0.230 
maxBOLD estimate = 0.959


Trial 13: random Stimulus Selection
Stimulus: 0.340
Output value -0.162

Q+ parameters
slope: 0.483 semiSat: 0.560 beta: 0.875 sigma: 0.120 
maxBOLD estimate = 1.018


Trial 14: random Stimulus Selection
Stimulus: 0.505
Output value 0.506

Q+ parameters
slope: 0.379 semiSat: 0.560 beta: 1.250 sigma: 0.230 
maxBOLD estimate = 0.891


Trial 15: maxBOLD Stimulus Selection
Stimulus: 1.000
Output value 0.076

Q+ parameters
slope: 0.616 semiSat: 0.560 beta: 0.750 sigma: 0.230 
maxBOLD estimate = 1.114


Trial 16: random Stimulus Selection
Stimulus: 0.257
Output value -0.161

Q+ parameters
slope: 0.616 semiSat: 0.560 beta: 1.062 sigma: 0.230 
maxBOLD estimate = 0.835


Trial 17: random Stimulus Selection
Stimulus: 0.134
Output value -0.171

Q+ parameters
slope: 0.616 semiSat: 0.560 beta: 1.062 sigma: 0.230 
maxBOLD estimate = 0.888


Trial 18: random Stimulus Selection
Stimulus: 0.175
Output value 0.000

Q+ parameters
slope: 0.616 semiSat: 0.560 beta: 1.062 sigma: 0.230 
maxBOLD estimate = 0.943


Trial 19: random Stimulus Selection
Stimulus: 0.423
Output value -0.159

Q+ parameters
slope: 0.616 semiSat: 0.560 beta: 0.875 sigma: 0.120 
maxBOLD estimate = 1.002


Trial 20: baseline Stimulus Selection
Stimulus: 0.010
Output value -0.169

Q+ parameters
slope: 0.616 semiSat: 0.560 beta: 1.062 sigma: 0.230 
maxBOLD estimate = 0.877


Trial 21: random Stimulus Selection
Stimulus: 0.423
Output value -0.180

Q+ parameters
slope: 0.616 semiSat: 0.560 beta: 1.062 sigma: 0.230 
maxBOLD estimate = 0.932


Trial 22: random Stimulus Selection
Stimulus: 0.753
Output value 1.147

Q+ parameters
slope: 0.616 semiSat: 0.560 beta: 1.062 sigma: 0.230 
maxBOLD estimate = 0.990


Trial 23: random Stimulus Selection
Stimulus: 0.423
Output value -0.203

Q+ parameters
slope: 0.616 semiSat: 0.560 beta: 1.062 sigma: 0.230 
maxBOLD estimate = 1.052


Trial 24: random Stimulus Selection
Stimulus: 0.340
Output value -0.178

Q+ parameters
slope: 0.616 semiSat: 0.560 beta: 0.875 sigma: 0.120 
maxBOLD estimate = 1.117


Trial 25: maxBOLD Stimulus Selection
Stimulus: 1.000
Output value 1.133

Q+ parameters
slope: 0.616 semiSat: 0.560 beta: 1.062 sigma: 0.230 
maxBOLD estimate = 0.978


Trial 26: random Stimulus Selection
Stimulus: 0.010
Output value -0.100

Q+ parameters
slope: 0.616 semiSat: 0.560 beta: 1.062 sigma: 0.230 
maxBOLD estimate = 1.039


Trial 27: random Stimulus Selection
Stimulus: 0.505
Output value -0.213

Q+ parameters
slope: 0.616 semiSat: 0.560 beta: 1.062 sigma: 0.230 
maxBOLD estimate = 1.104


Trial 28: random Stimulus Selection
Stimulus: 0.959
Output value 0.413

Q+ parameters
slope: 0.616 semiSat: 0.560 beta: 0.969 sigma: 0.230 
maxBOLD estimate = 1.173


Trial 29: random Stimulus Selection
Stimulus: 0.670
Output value 1.201

Q+ parameters
slope: 0.616 semiSat: 0.560 beta: 0.969 sigma: 0.120 
maxBOLD estimate = 1.136


Trial 30: baseline Stimulus Selection
Stimulus: 0.010
Output value 0.194

Q+ parameters
slope: 0.616 semiSat: 0.560 beta: 0.969 sigma: 0.120 
maxBOLD estimate = 1.101


Trial 31: random Stimulus Selection
Stimulus: 0.753
Output value 0.073

Q+ parameters
slope: 0.616 semiSat: 0.560 beta: 0.750 sigma: 0.230 
maxBOLD estimate = 1.066


Trial 32: random Stimulus Selection
Stimulus: 0.299
Output value 0.327

Q+ parameters
slope: 0.089 semiSat: 0.670 beta: 1.125 sigma: 0.450 
maxBOLD estimate = 0.800


Trial 33: random Stimulus Selection
Stimulus: 0.588
Output value 0.675

Q+ parameters
slope: 1.000 semiSat: 0.560 beta: 0.750 sigma: 0.340 
maxBOLD estimate = 0.900


Trial 34: random Stimulus Selection
Stimulus: 0.051
Output value 0.107

Q+ parameters
slope: 0.183 semiSat: 0.560 beta: 0.875 sigma: 0.450 
maxBOLD estimate = 0.675


Trial 35: maxBOLD Stimulus Selection
Stimulus: 1.000
Output value 0.671

Q+ parameters
slope: 0.070 semiSat: 0.670 beta: 1.250 sigma: 0.670 
maxBOLD estimate = 0.590


Trial 36: random Stimulus Selection
Stimulus: 0.257
Output value 0.000

Q+ parameters
slope: 1.000 semiSat: 0.560 beta: 0.750 sigma: 0.340 
maxBOLD estimate = 0.738


Trial 37: random Stimulus Selection
Stimulus: 0.794
Output value 0.906

Q+ parameters
slope: 0.043 semiSat: 0.780 beta: 1.500 sigma: 1.000 
maxBOLD estimate = 0.553


Trial 38: random Stimulus Selection
Stimulus: 0.257
Output value -0.113

Q+ parameters
slope: 1.000 semiSat: 0.560 beta: 0.750 sigma: 0.340 
maxBOLD estimate = 0.830


Trial 39: random Stimulus Selection
Stimulus: 0.629
Output value -0.127

Q+ parameters
slope: 0.055 semiSat: 0.670 beta: 1.125 sigma: 1.000 
maxBOLD estimate = 0.623


Trial 40: baseline Stimulus Selection
Stimulus: 0.010
Output value -0.159

Q+ parameters
slope: 0.070 semiSat: 0.670 beta: 1.250 sigma: 0.890 
maxBOLD estimate = 0.701

--------------------------------------------------------------
FINAL VALUES
--------------------------------------------------------------
Simulated parameters:              slope: 0.410 semiSat: 0.570 beta: 1.000 sigma: 0.250 
Max posterior QUEST+ parameters:   slope: 0.070 semiSat: 0.670 beta: 1.250 sigma: 0.560 
Max BADS parameters:               slope: 0.151 semiSat: 0.605 beta: 1.000 sigma: 0.395 
maxBOLD estimate: 0.836
