/blue/stevenweisberg/stevenweisberg/MATLAB/projects/Weisberg_Aguirre_2020/scripts
c35a-s26.ufhpc
Sat Oct  3 16:42:30 EDT 2020
cp: cannot stat ‘./deploy_sim.sh’: No such file or directory
cp: cannot stat ‘./sim_wrapper.sh’: No such file or directory
------------------------------------------
Setting up environment variables
---
LD_LIBRARY_PATH is .:/apps/matlab/mcr/2020b/v99/runtime/glnxa64:/apps/matlab/mcr/2020b/v99/bin/glnxa64:/apps/matlab/mcr/2020b/v99/sys/os/glnxa64:/apps/matlab/mcr/2020b/v99/sys/opengl/lib/glnxa64
Warning: Executing startup failed in matlabrc.
This indicates a potentially serious problem in your MATLAB setup, which should be resolved as soon as possible.  Error detected was:
MATLAB:mpath:PathAlterationNotSupported
Modifying the search path is not supported by MATLAB Compiler. Remove functions that modify the search path from your MATLAB code. To make files visible to your deployed application, add the parent folder to your MATLAB session.
Warning: No stimulus domain specified. Defaulting to values between 0.01 and 1.
> In qpfmriParams (line 182)
In compiledSimulate (line 205)
Stimulus domain added from input.
Parameter slope specified as 0.41000
Parameter semiSat specified as 0.57000
Parameter beta specified as 1.00000
Parameter sigma specified as 0.25000
seed = 99seed = 104seed = 111seed = 111seed = 115seed = 101Initializing Q+. This may take a minute...
Elapsed time is 5.520424 seconds.
Simulated parameters:
slope: 0.410 semiSat: 0.570 beta: 1.000 sigma: 0.250 

Trial 1: baseline Stimulus Selection
Stimulus: 0.010
Output value 0.000

Q+ parameters
slope: 0.026 semiSat: 0.890 beta: 0.500 sigma: 0.010 
maxBOLD estimate = 1.000


Trial 2: maxBOLD Stimulus Selection
Stimulus: 1.000
Output value 0.705

Q+ parameters
slope: 0.043 semiSat: 0.780 beta: 0.969 sigma: 0.010 
maxBOLD estimate = 1.000


Trial 3: baseline Stimulus Selection
Stimulus: 0.010
Output value -0.220

Q+ parameters
slope: 0.055 semiSat: 0.670 beta: 1.250 sigma: 0.340 
maxBOLD estimate = 0.969


Trial 4: maxBOLD Stimulus Selection
Stimulus: 1.000
Output value 1.651

Q+ parameters
slope: 0.055 semiSat: 0.670 beta: 1.250 sigma: 0.230 
maxBOLD estimate = 1.211


Trial 5: baseline Stimulus Selection
Stimulus: 0.010
Output value 0.267

Q+ parameters
slope: 0.043 semiSat: 0.780 beta: 0.969 sigma: 0.120 
maxBOLD estimate = 1.514


Trial 6: maxBOLD Stimulus Selection
Stimulus: 1.000
Output value 2.000

Q+ parameters
slope: 0.055 semiSat: 0.670 beta: 1.250 sigma: 0.340 
maxBOLD estimate = 1.466


Trial 7: random Stimulus Selection
Stimulus: 0.876
Output value 0.729

Q+ parameters
slope: 0.034 semiSat: 0.890 beta: 0.875 sigma: 0.120 
maxBOLD estimate = 1.833


Trial 8: random Stimulus Selection
Stimulus: 0.464
Output value -0.437

Q+ parameters
slope: 0.089 semiSat: 1.000 beta: 1.500 sigma: 0.230 
maxBOLD estimate = 1.604


Trial 9: random Stimulus Selection
Stimulus: 0.051
Output value -0.191

Q+ parameters
slope: 0.055 semiSat: 1.000 beta: 0.875 sigma: 0.120 
maxBOLD estimate = 2.406


Trial 10: baseline Stimulus Selection
Stimulus: 0.010
Output value 0.000

Q+ parameters
slope: 0.070 semiSat: 1.000 beta: 1.000 sigma: 0.120 
maxBOLD estimate = 2.105


Trial 11: random Stimulus Selection
Stimulus: 0.959
Output value 0.927

Q+ parameters
slope: 0.070 semiSat: 1.000 beta: 0.969 sigma: 0.120 
maxBOLD estimate = 2.105


Trial 12: random Stimulus Selection
Stimulus: 0.835
Output value 0.649

Q+ parameters
slope: 0.055 semiSat: 1.000 beta: 0.875 sigma: 0.120 
maxBOLD estimate = 2.039


Trial 13: random Stimulus Selection
Stimulus: 1.000
Output value 0.000

Q+ parameters
slope: 0.055 semiSat: 1.000 beta: 0.875 sigma: 0.230 
maxBOLD estimate = 1.784


Trial 14: random Stimulus Selection
Stimulus: 0.423
Output value -0.355

Q+ parameters
slope: 0.070 semiSat: 1.000 beta: 1.250 sigma: 0.120 
maxBOLD estimate = 1.561


Trial 15: maxBOLD Stimulus Selection
Stimulus: 1.000
Output value 0.621

Q+ parameters
slope: 0.055 semiSat: 1.000 beta: 0.875 sigma: 0.120 
maxBOLD estimate = 1.952


Trial 16: random Stimulus Selection
Stimulus: 0.711
Output value 0.621

Q+ parameters
slope: 0.298 semiSat: 0.560 beta: 0.500 sigma: 0.120 
maxBOLD estimate = 1.708


Trial 17: random Stimulus Selection
Stimulus: 0.216
Output value -0.233

Q+ parameters
slope: 0.234 semiSat: 0.670 beta: 1.500 sigma: 0.230 
maxBOLD estimate = 0.854


Trial 18: random Stimulus Selection
Stimulus: 0.134
Output value -0.175

Q+ parameters
slope: 0.298 semiSat: 0.560 beta: 0.750 sigma: 0.230 
maxBOLD estimate = 1.281


Trial 19: random Stimulus Selection
Stimulus: 0.216
Output value -0.153

Q+ parameters
slope: 0.379 semiSat: 0.560 beta: 0.875 sigma: 0.230 
maxBOLD estimate = 0.961


Trial 20: baseline Stimulus Selection
Stimulus: 0.010
Output value 0.115

Q+ parameters
slope: 0.234 semiSat: 0.670 beta: 1.500 sigma: 0.230 
maxBOLD estimate = 0.840


Trial 21: random Stimulus Selection
Stimulus: 0.546
Output value -0.086

Q+ parameters
slope: 0.616 semiSat: 0.670 beta: 0.750 sigma: 0.230 
maxBOLD estimate = 1.261


Trial 22: random Stimulus Selection
Stimulus: 0.010
Output value -0.177

Q+ parameters
slope: 0.616 semiSat: 0.670 beta: 1.031 sigma: 0.230 
maxBOLD estimate = 0.946


Trial 23: random Stimulus Selection
Stimulus: 0.753
Output value 1.097

Q+ parameters
slope: 0.616 semiSat: 0.670 beta: 1.031 sigma: 0.230 
maxBOLD estimate = 0.975


Trial 24: random Stimulus Selection
Stimulus: 0.546
Output value -0.171

Q+ parameters
slope: 0.616 semiSat: 0.670 beta: 0.938 sigma: 0.230 
maxBOLD estimate = 1.006


Trial 25: maxBOLD Stimulus Selection
Stimulus: 1.000
Output value 1.061

Q+ parameters
slope: 0.616 semiSat: 0.670 beta: 1.031 sigma: 0.230 
maxBOLD estimate = 0.943


Trial 26: random Stimulus Selection
Stimulus: 0.423
Output value 1.061

Q+ parameters
slope: 0.113 semiSat: 0.670 beta: 1.500 sigma: 0.340 
maxBOLD estimate = 0.972


Trial 27: random Stimulus Selection
Stimulus: 0.381
Output value 0.199

Q+ parameters
slope: 0.616 semiSat: 0.670 beta: 0.750 sigma: 0.230 
maxBOLD estimate = 1.458


Trial 28: random Stimulus Selection
Stimulus: 0.423
Output value 0.597

Q+ parameters
slope: 0.089 semiSat: 0.670 beta: 1.500 sigma: 0.560 
maxBOLD estimate = 1.094


Trial 29: random Stimulus Selection
Stimulus: 0.257
Output value 0.783

Q+ parameters
slope: 0.616 semiSat: 0.670 beta: 0.750 sigma: 0.230 
maxBOLD estimate = 1.641


Trial 30: baseline Stimulus Selection
Stimulus: 0.010
Output value -0.336

Q+ parameters
slope: 0.113 semiSat: 0.670 beta: 1.500 sigma: 0.450 
maxBOLD estimate = 1.230


Trial 31: random Stimulus Selection
Stimulus: 0.588
Output value 0.755

Q+ parameters
slope: 1.000 semiSat: 0.560 beta: 0.500 sigma: 0.230 
maxBOLD estimate = 1.846


Trial 32: random Stimulus Selection
Stimulus: 0.835
Output value 1.510

Q+ parameters
slope: 0.070 semiSat: 0.670 beta: 1.500 sigma: 0.450 
maxBOLD estimate = 0.923


Trial 33: random Stimulus Selection
Stimulus: 1.000
Output value 1.699

Q+ parameters
slope: 1.000 semiSat: 0.560 beta: 1.125 sigma: 0.450 
maxBOLD estimate = 1.384


Trial 34: random Stimulus Selection
Stimulus: 0.670
Output value 1.752

Q+ parameters
slope: 1.000 semiSat: 0.560 beta: 1.031 sigma: 0.340 
maxBOLD estimate = 1.557


Trial 35: maxBOLD Stimulus Selection
Stimulus: 1.000
Output value 0.903

Q+ parameters
slope: 1.000 semiSat: 0.560 beta: 1.031 sigma: 0.450 
maxBOLD estimate = 1.606


Trial 36: random Stimulus Selection
Stimulus: 0.340
Output value 1.397

Q+ parameters
slope: 0.070 semiSat: 0.560 beta: 1.031 sigma: 1.000 
maxBOLD estimate = 1.656


Trial 37: random Stimulus Selection
Stimulus: 0.876
Output value 1.921

Q+ parameters
slope: 1.000 semiSat: 0.560 beta: 1.031 sigma: 0.340 
maxBOLD estimate = 1.708


Trial 38: random Stimulus Selection
Stimulus: 0.670
Output value 1.486

Q+ parameters
slope: 1.000 semiSat: 0.560 beta: 1.031 sigma: 0.450 
maxBOLD estimate = 1.761


Trial 39: random Stimulus Selection
Stimulus: 0.670
Output value 1.858

Q+ parameters
slope: 1.000 semiSat: 0.560 beta: 0.938 sigma: 0.340 
maxBOLD estimate = 1.816


Trial 40: baseline Stimulus Selection
Stimulus: 0.010
Output value -0.160

Q+ parameters
slope: 1.000 semiSat: 0.560 beta: 1.031 sigma: 0.340 
maxBOLD estimate = 1.703

--------------------------------------------------------------
FINAL VALUES
--------------------------------------------------------------
Simulated parameters:              slope: 0.410 semiSat: 0.570 beta: 1.000 sigma: 0.250 
Max posterior QUEST+ parameters:   slope: 1.000 semiSat: 0.560 beta: 1.031 sigma: 0.340 
Max BADS parameters:               slope: 1.000 semiSat: 0.567 beta: 1.000 sigma: 0.344 
maxBOLD estimate: 1.768
