/blue/stevenweisberg/stevenweisberg/MATLAB/projects/Weisberg_Aguirre_2020/scripts
c31a-s4.ufhpc
Sat Oct  3 16:37:28 EDT 2020
cp: cannot stat ‘./deploy_sim.sh’: No such file or directory
cp: cannot stat ‘./sim_wrapper.sh’: No such file or directory
------------------------------------------
Setting up environment variables
---
LD_LIBRARY_PATH is .:/apps/matlab/mcr/2020b/v99/runtime/glnxa64:/apps/matlab/mcr/2020b/v99/bin/glnxa64:/apps/matlab/mcr/2020b/v99/sys/os/glnxa64:/apps/matlab/mcr/2020b/v99/sys/opengl/lib/glnxa64
Warning: Executing startup failed in matlabrc.
This indicates a potentially serious problem in your MATLAB setup, which should be resolved as soon as possible.  Error detected was:
MATLAB:mpath:PathAlterationNotSupported
Modifying the search path is not supported by MATLAB Compiler. Remove functions that modify the search path from your MATLAB code. To make files visible to your deployed application, add the parent folder to your MATLAB session.
Warning: No stimulus domain specified. Defaulting to values between 0.01 and 1.
> In qpfmriParams (line 182)
In compiledSimulate (line 205)
Stimulus domain added from input.
Parameter slope specified as 0.41000
Parameter semiSat specified as 0.57000
Parameter beta specified as 1.00000
Parameter sigma specified as 0.25000
seed = 99seed = 104seed = 111seed = 111seed = 115seed = 101Initializing Q+. This may take a minute...
Elapsed time is 6.752386 seconds.
Simulated parameters:
slope: 0.410 semiSat: 0.570 beta: 1.000 sigma: 0.250 

Trial 1: baseline Stimulus Selection
Stimulus: 0.010
Output value 0.000

Q+ parameters
slope: 0.026 semiSat: 0.890 beta: 0.500 sigma: 0.010 
maxBOLD estimate = 1.000


Trial 2: maxBOLD Stimulus Selection
Stimulus: 1.000
Output value 1.364

Q+ parameters
slope: 0.055 semiSat: 0.670 beta: 1.250 sigma: 0.010 
maxBOLD estimate = 1.000


Trial 3: baseline Stimulus Selection
Stimulus: 0.010
Output value 0.511

Q+ parameters
slope: 0.043 semiSat: 0.780 beta: 1.125 sigma: 0.230 
maxBOLD estimate = 1.250


Trial 4: maxBOLD Stimulus Selection
Stimulus: 1.000
Output value 0.799

Q+ parameters
slope: 0.034 semiSat: 1.000 beta: 1.250 sigma: 0.120 
maxBOLD estimate = 1.406


Trial 5: baseline Stimulus Selection
Stimulus: 0.010
Output value -0.200

Q+ parameters
slope: 0.034 semiSat: 1.000 beta: 1.250 sigma: 0.120 
maxBOLD estimate = 1.758


Trial 6: maxBOLD Stimulus Selection
Stimulus: 1.000
Output value 2.697

Q+ parameters
slope: 0.043 semiSat: 0.780 beta: 1.125 sigma: 0.230 
maxBOLD estimate = 2.197


Trial 7: random Stimulus Selection
Stimulus: 0.216
Output value -0.421

Q+ parameters
slope: 0.055 semiSat: 0.780 beta: 0.938 sigma: 0.230 
maxBOLD estimate = 2.472


Trial 8: random Stimulus Selection
Stimulus: 0.711
Output value 1.264

Q+ parameters
slope: 0.144 semiSat: 0.450 beta: 0.750 sigma: 0.120 
maxBOLD estimate = 2.317


Trial 9: random Stimulus Selection
Stimulus: 0.876
Output value 2.370

Q+ parameters
slope: 0.113 semiSat: 0.560 beta: 1.250 sigma: 0.230 
maxBOLD estimate = 1.738


Trial 10: baseline Stimulus Selection
Stimulus: 0.010
Output value 0.198

Q+ parameters
slope: 0.144 semiSat: 0.450 beta: 1.000 sigma: 0.230 
maxBOLD estimate = 2.173


Trial 11: random Stimulus Selection
Stimulus: 0.381
Output value 0.185

Q+ parameters
slope: 0.183 semiSat: 0.560 beta: 0.938 sigma: 0.230 
maxBOLD estimate = 2.173


Trial 12: random Stimulus Selection
Stimulus: 0.629
Output value 1.111

Q+ parameters
slope: 0.298 semiSat: 0.670 beta: 1.500 sigma: 0.230 
maxBOLD estimate = 2.037


Trial 13: random Stimulus Selection
Stimulus: 0.959
Output value 0.833

Q+ parameters
slope: 1.000 semiSat: 0.450 beta: 0.500 sigma: 0.120 
maxBOLD estimate = 3.055


Trial 14: random Stimulus Selection
Stimulus: 0.711
Output value 2.500

Q+ parameters
slope: 0.234 semiSat: 0.670 beta: 1.500 sigma: 0.230 
maxBOLD estimate = 1.528


Trial 15: maxBOLD Stimulus Selection
Stimulus: 1.000
Output value 1.367

Q+ parameters
slope: 0.379 semiSat: 0.670 beta: 0.938 sigma: 0.230 
maxBOLD estimate = 2.291


Trial 16: random Stimulus Selection
Stimulus: 0.092
Output value 0.183

Q+ parameters
slope: 0.379 semiSat: 0.670 beta: 0.938 sigma: 0.230 
maxBOLD estimate = 2.148


Trial 17: random Stimulus Selection
Stimulus: 0.505
Output value -0.275

Q+ parameters
slope: 0.234 semiSat: 0.670 beta: 1.500 sigma: 0.230 
maxBOLD estimate = 2.014


Trial 18: random Stimulus Selection
Stimulus: 0.051
Output value -0.137

Q+ parameters
slope: 1.000 semiSat: 0.560 beta: 0.500 sigma: 0.120 
maxBOLD estimate = 3.021


Trial 19: random Stimulus Selection
Stimulus: 0.629
Output value 1.605

Q+ parameters
slope: 0.616 semiSat: 0.560 beta: 1.062 sigma: 0.230 
maxBOLD estimate = 1.510


Trial 20: baseline Stimulus Selection
Stimulus: 0.010
Output value -0.310

Q+ parameters
slope: 0.379 semiSat: 0.560 beta: 1.062 sigma: 0.230 
maxBOLD estimate = 1.605


Trial 21: random Stimulus Selection
Stimulus: 0.051
Output value 0.988

Q+ parameters
slope: 0.379 semiSat: 0.560 beta: 1.062 sigma: 0.230 
maxBOLD estimate = 1.705


Trial 22: random Stimulus Selection
Stimulus: 0.876
Output value 1.925

Q+ parameters
slope: 0.298 semiSat: 0.560 beta: 1.062 sigma: 0.230 
maxBOLD estimate = 1.812


Trial 23: random Stimulus Selection
Stimulus: 0.959
Output value 1.487

Q+ parameters
slope: 0.298 semiSat: 0.560 beta: 1.062 sigma: 0.230 
maxBOLD estimate = 1.925


Trial 24: random Stimulus Selection
Stimulus: 0.876
Output value 3.347

Q+ parameters
slope: 0.144 semiSat: 0.670 beta: 1.500 sigma: 0.230 
maxBOLD estimate = 2.045


Trial 25: maxBOLD Stimulus Selection
Stimulus: 1.000
Output value 1.464

Q+ parameters
slope: 0.070 semiSat: 0.670 beta: 0.750 sigma: 0.120 
maxBOLD estimate = 3.068


Trial 26: random Stimulus Selection
Stimulus: 0.753
Output value 1.412

Q+ parameters
slope: 0.298 semiSat: 0.560 beta: 0.750 sigma: 0.120 
maxBOLD estimate = 2.301


Trial 27: random Stimulus Selection
Stimulus: 0.546
Output value 1.883

Q+ parameters
slope: 0.483 semiSat: 0.560 beta: 1.500 sigma: 0.230 
maxBOLD estimate = 1.726


Trial 28: random Stimulus Selection
Stimulus: 0.175
Output value 0.176

Q+ parameters
slope: 0.183 semiSat: 0.560 beta: 0.750 sigma: 0.120 
maxBOLD estimate = 2.589


Trial 29: random Stimulus Selection
Stimulus: 0.299
Output value 0.375

Q+ parameters
slope: 0.298 semiSat: 0.560 beta: 1.062 sigma: 0.230 
maxBOLD estimate = 1.941


Trial 30: baseline Stimulus Selection
Stimulus: 0.010
Output value -0.398

Q+ parameters
slope: 0.298 semiSat: 0.560 beta: 1.062 sigma: 0.230 
maxBOLD estimate = 2.063


Trial 31: random Stimulus Selection
Stimulus: 0.257
Output value -0.374

Q+ parameters
slope: 0.183 semiSat: 0.560 beta: 0.938 sigma: 0.120 
maxBOLD estimate = 2.192


Trial 32: random Stimulus Selection
Stimulus: 0.134
Output value -0.397

Q+ parameters
slope: 0.298 semiSat: 0.560 beta: 1.062 sigma: 0.230 
maxBOLD estimate = 2.055


Trial 33: random Stimulus Selection
Stimulus: 0.670
Output value 1.488

Q+ parameters
slope: 0.183 semiSat: 0.560 beta: 0.938 sigma: 0.120 
maxBOLD estimate = 2.183


Trial 34: random Stimulus Selection
Stimulus: 0.381
Output value 0.000

Q+ parameters
slope: 0.298 semiSat: 0.560 beta: 1.062 sigma: 0.230 
maxBOLD estimate = 2.047


Trial 35: maxBOLD Stimulus Selection
Stimulus: 1.000
Output value 0.556

Q+ parameters
slope: 0.183 semiSat: 0.560 beta: 0.938 sigma: 0.230 
maxBOLD estimate = 2.175


Trial 36: random Stimulus Selection
Stimulus: 0.092
Output value -0.197

Q+ parameters
slope: 0.298 semiSat: 0.560 beta: 1.062 sigma: 0.230 
maxBOLD estimate = 2.039


Trial 37: random Stimulus Selection
Stimulus: 0.794
Output value 2.363

Q+ parameters
slope: 0.234 semiSat: 0.560 beta: 1.000 sigma: 0.230 
maxBOLD estimate = 2.166


Trial 38: random Stimulus Selection
Stimulus: 0.299
Output value 2.363

Q+ parameters
slope: 0.089 semiSat: 0.670 beta: 1.500 sigma: 0.230 
maxBOLD estimate = 2.166


Trial 39: random Stimulus Selection
Stimulus: 0.835
Output value 1.329

Q+ parameters
slope: 0.070 semiSat: 0.670 beta: 0.750 sigma: 0.120 
maxBOLD estimate = 3.249


Trial 40: baseline Stimulus Selection
Stimulus: 0.010
Output value 0.332

Q+ parameters
slope: 0.183 semiSat: 0.560 beta: 0.750 sigma: 0.120 
maxBOLD estimate = 2.437

--------------------------------------------------------------
FINAL VALUES
--------------------------------------------------------------
Simulated parameters:              slope: 0.410 semiSat: 0.570 beta: 1.000 sigma: 0.250 
Max posterior QUEST+ parameters:   slope: 0.070 semiSat: 0.560 beta: 1.250 sigma: 0.230 
Max BADS parameters:               slope: 0.069 semiSat: 0.559 beta: 1.000 sigma: 0.254 
maxBOLD estimate: 1.824
