/blue/stevenweisberg/stevenweisberg/MATLAB/projects/Weisberg_Aguirre_2020/scripts
c32b-s3.ufhpc
Sat Oct  3 17:46:02 EDT 2020
cp: cannot stat ‘./deploy_sim.sh’: No such file or directory
cp: cannot stat ‘./sim_wrapper.sh’: No such file or directory
------------------------------------------
Setting up environment variables
---
LD_LIBRARY_PATH is .:/apps/matlab/mcr/2020b/v99/runtime/glnxa64:/apps/matlab/mcr/2020b/v99/bin/glnxa64:/apps/matlab/mcr/2020b/v99/sys/os/glnxa64:/apps/matlab/mcr/2020b/v99/sys/opengl/lib/glnxa64
Warning: Executing startup failed in matlabrc.
This indicates a potentially serious problem in your MATLAB setup, which should be resolved as soon as possible.  Error detected was:
MATLAB:mpath:PathAlterationNotSupported
Modifying the search path is not supported by MATLAB Compiler. Remove functions that modify the search path from your MATLAB code. To make files visible to your deployed application, add the parent folder to your MATLAB session.
Warning: No stimulus domain specified. Defaulting to values between 0.01 and 1.
> In qpfmriParams (line 182)
In compiledSimulate (line 205)
Stimulus domain added from input.
Parameter slope specified as 0.41000
Parameter semiSat specified as 0.57000
Parameter beta specified as 1.00000
Parameter sigma specified as 0.15000
seed = 99seed = 104seed = 111seed = 111seed = 115seed = 101Initializing Q+. This may take a minute...
Elapsed time is 5.308178 seconds.
Simulated parameters:
slope: 0.410 semiSat: 0.570 beta: 1.000 sigma: 0.150 

Trial 1: baseline Stimulus Selection
Stimulus: 0.010
Output value 0.000

Q+ parameters
slope: 0.026 semiSat: 0.890 beta: 0.500 sigma: 0.010 
maxBOLD estimate = 1.000


Trial 2: maxBOLD Stimulus Selection
Stimulus: 1.000
Output value 1.364

Q+ parameters
slope: 0.055 semiSat: 0.670 beta: 1.250 sigma: 0.010 
maxBOLD estimate = 1.000


Trial 3: baseline Stimulus Selection
Stimulus: 0.010
Output value 0.284

Q+ parameters
slope: 0.055 semiSat: 0.670 beta: 1.250 sigma: 0.120 
maxBOLD estimate = 1.250


Trial 4: maxBOLD Stimulus Selection
Stimulus: 1.000
Output value 2.131

Q+ parameters
slope: 0.055 semiSat: 0.670 beta: 1.250 sigma: 0.120 
maxBOLD estimate = 1.562


Trial 5: baseline Stimulus Selection
Stimulus: 0.010
Output value 0.200

Q+ parameters
slope: 0.043 semiSat: 0.780 beta: 1.125 sigma: 0.120 
maxBOLD estimate = 1.953


Trial 6: maxBOLD Stimulus Selection
Stimulus: 1.000
Output value 1.742

Q+ parameters
slope: 0.043 semiSat: 0.780 beta: 0.969 sigma: 0.120 
maxBOLD estimate = 2.197


Trial 7: qplus Stimulus Selection
Stimulus: 0.588
Output value 0.726

Q+ parameters
slope: 0.070 semiSat: 0.560 beta: 0.750 sigma: 0.120 
maxBOLD estimate = 2.129


Trial 8: qplus Stimulus Selection
Stimulus: 0.505
Output value 0.218

Q+ parameters
slope: 0.113 semiSat: 0.670 beta: 1.500 sigma: 0.120 
maxBOLD estimate = 1.596


Trial 9: qplus Stimulus Selection
Stimulus: 0.629
Output value 0.980

Q+ parameters
slope: 0.183 semiSat: 0.560 beta: 0.750 sigma: 0.120 
maxBOLD estimate = 2.395


Trial 10: baseline Stimulus Selection
Stimulus: 0.010
Output value 0.163

Q+ parameters
slope: 0.089 semiSat: 0.670 beta: 1.000 sigma: 0.120 
maxBOLD estimate = 1.796


Trial 11: qplus Stimulus Selection
Stimulus: 0.711
Output value 2.939

Q+ parameters
slope: 0.144 semiSat: 0.670 beta: 1.500 sigma: 0.120 
maxBOLD estimate = 1.796


Trial 12: qplus Stimulus Selection
Stimulus: 0.588
Output value 0.735

Q+ parameters
slope: 1.000 semiSat: 0.560 beta: 0.500 sigma: 0.120 
maxBOLD estimate = 2.694


Trial 13: qplus Stimulus Selection
Stimulus: 0.835
Output value 1.653

Q+ parameters
slope: 0.183 semiSat: 0.560 beta: 1.125 sigma: 0.120 
maxBOLD estimate = 1.347


Trial 14: qplus Stimulus Selection
Stimulus: 0.505
Output value 0.000

Q+ parameters
slope: 0.298 semiSat: 0.560 beta: 1.062 sigma: 0.120 
maxBOLD estimate = 1.515


Trial 15: maxBOLD Stimulus Selection
Stimulus: 1.000
Output value 1.025

Q+ parameters
slope: 0.616 semiSat: 0.560 beta: 0.875 sigma: 0.120 
maxBOLD estimate = 1.610


Trial 16: qplus Stimulus Selection
Stimulus: 0.588
Output value 0.640

Q+ parameters
slope: 0.234 semiSat: 0.560 beta: 1.000 sigma: 0.120 
maxBOLD estimate = 1.409


Trial 17: qplus Stimulus Selection
Stimulus: 0.588
Output value 1.361

Q+ parameters
slope: 0.298 semiSat: 0.560 beta: 1.062 sigma: 0.120 
maxBOLD estimate = 1.409


Trial 18: qplus Stimulus Selection
Stimulus: 0.546
Output value 0.395

Q+ parameters
slope: 0.298 semiSat: 0.560 beta: 0.969 sigma: 0.120 
maxBOLD estimate = 1.497


Trial 19: qplus Stimulus Selection
Stimulus: 0.546
Output value 0.639

Q+ parameters
slope: 0.298 semiSat: 0.560 beta: 0.969 sigma: 0.120 
maxBOLD estimate = 1.450


Trial 20: baseline Stimulus Selection
Stimulus: 0.010
Output value -0.136

Q+ parameters
slope: 0.298 semiSat: 0.560 beta: 1.062 sigma: 0.120 
maxBOLD estimate = 1.405


Trial 21: qplus Stimulus Selection
Stimulus: 0.505
Output value -0.263

Q+ parameters
slope: 0.379 semiSat: 0.560 beta: 0.969 sigma: 0.120 
maxBOLD estimate = 1.493


Trial 22: qplus Stimulus Selection
Stimulus: 0.546
Output value 0.637

Q+ parameters
slope: 0.379 semiSat: 0.560 beta: 0.969 sigma: 0.120 
maxBOLD estimate = 1.446


Trial 23: qplus Stimulus Selection
Stimulus: 0.546
Output value 0.947

Q+ parameters
slope: 0.298 semiSat: 0.560 beta: 1.062 sigma: 0.120 
maxBOLD estimate = 1.401


Trial 24: qplus Stimulus Selection
Stimulus: 0.546
Output value 0.947

Q+ parameters
slope: 0.234 semiSat: 0.560 beta: 1.000 sigma: 0.120 
maxBOLD estimate = 1.488


Trial 25: maxBOLD Stimulus Selection
Stimulus: 1.000
Output value 1.725

Q+ parameters
slope: 0.298 semiSat: 0.560 beta: 1.062 sigma: 0.120 
maxBOLD estimate = 1.488


Trial 26: qplus Stimulus Selection
Stimulus: 0.588
Output value 1.532

Q+ parameters
slope: 0.379 semiSat: 0.560 beta: 0.969 sigma: 0.120 
maxBOLD estimate = 1.581


Trial 27: qplus Stimulus Selection
Stimulus: 0.546
Output value 0.000

Q+ parameters
slope: 0.379 semiSat: 0.560 beta: 0.969 sigma: 0.120 
maxBOLD estimate = 1.532


Trial 28: qplus Stimulus Selection
Stimulus: 0.546
Output value 1.670

Q+ parameters
slope: 0.379 semiSat: 0.560 beta: 1.125 sigma: 0.230 
maxBOLD estimate = 1.484


Trial 29: qplus Stimulus Selection
Stimulus: 0.588
Output value 1.062

Q+ parameters
slope: 0.379 semiSat: 0.560 beta: 0.875 sigma: 0.120 
maxBOLD estimate = 1.670


Trial 30: baseline Stimulus Selection
Stimulus: 0.010
Output value 0.847

Q+ parameters
slope: 0.379 semiSat: 0.560 beta: 1.062 sigma: 0.230 
maxBOLD estimate = 1.461


Trial 31: qplus Stimulus Selection
Stimulus: 0.588
Output value 1.504

Q+ parameters
slope: 0.616 semiSat: 0.560 beta: 0.969 sigma: 0.230 
maxBOLD estimate = 1.552


Trial 32: qplus Stimulus Selection
Stimulus: 0.588
Output value 1.452

Q+ parameters
slope: 0.616 semiSat: 0.560 beta: 1.062 sigma: 0.230 
maxBOLD estimate = 1.504


Trial 33: qplus Stimulus Selection
Stimulus: 0.588
Output value 1.017

Q+ parameters
slope: 0.616 semiSat: 0.560 beta: 0.875 sigma: 0.120 
maxBOLD estimate = 1.598


Trial 34: qplus Stimulus Selection
Stimulus: 0.546
Output value 0.540

Q+ parameters
slope: 0.616 semiSat: 0.560 beta: 1.062 sigma: 0.230 
maxBOLD estimate = 1.398


Trial 35: maxBOLD Stimulus Selection
Stimulus: 1.000
Output value 1.435

Q+ parameters
slope: 0.616 semiSat: 0.560 beta: 1.062 sigma: 0.230 
maxBOLD estimate = 1.485


Trial 36: qplus Stimulus Selection
Stimulus: 0.588
Output value 0.753

Q+ parameters
slope: 0.616 semiSat: 0.560 beta: 0.875 sigma: 0.120 
maxBOLD estimate = 1.578


Trial 37: qplus Stimulus Selection
Stimulus: 0.546
Output value 0.934

Q+ parameters
slope: 0.616 semiSat: 0.560 beta: 1.062 sigma: 0.230 
maxBOLD estimate = 1.381


Trial 38: qplus Stimulus Selection
Stimulus: 0.588
Output value 1.134

Q+ parameters
slope: 0.616 semiSat: 0.560 beta: 1.062 sigma: 0.230 
maxBOLD estimate = 1.467


Trial 39: qplus Stimulus Selection
Stimulus: 0.588
Output value 1.116

Q+ parameters
slope: 0.616 semiSat: 0.560 beta: 0.875 sigma: 0.120 
maxBOLD estimate = 1.559


Trial 40: baseline Stimulus Selection
Stimulus: 0.010
Output value 0.527

Q+ parameters
slope: 0.616 semiSat: 0.560 beta: 1.062 sigma: 0.230 
maxBOLD estimate = 1.364

--------------------------------------------------------------
FINAL VALUES
--------------------------------------------------------------
Simulated parameters:              slope: 0.410 semiSat: 0.570 beta: 1.000 sigma: 0.150 
Max posterior QUEST+ parameters:   slope: 0.616 semiSat: 0.560 beta: 1.062 sigma: 0.230 
Max BADS parameters:               slope: 0.699 semiSat: 0.554 beta: 1.000 sigma: 0.182 
maxBOLD estimate: 1.336
