/blue/stevenweisberg/stevenweisberg/MATLAB/projects/Weisberg_Aguirre_2020/scripts
c25b-s18.ufhpc
Sat Oct  3 16:35:02 EDT 2020
cp: cannot stat ‘./deploy_sim.sh’: No such file or directory
cp: cannot stat ‘./sim_wrapper.sh’: No such file or directory
------------------------------------------
Setting up environment variables
---
LD_LIBRARY_PATH is .:/apps/matlab/mcr/2020b/v99/runtime/glnxa64:/apps/matlab/mcr/2020b/v99/bin/glnxa64:/apps/matlab/mcr/2020b/v99/sys/os/glnxa64:/apps/matlab/mcr/2020b/v99/sys/opengl/lib/glnxa64
Warning: Executing startup failed in matlabrc.
This indicates a potentially serious problem in your MATLAB setup, which should be resolved as soon as possible.  Error detected was:
MATLAB:mpath:PathAlterationNotSupported
Modifying the search path is not supported by MATLAB Compiler. Remove functions that modify the search path from your MATLAB code. To make files visible to your deployed application, add the parent folder to your MATLAB session.
Warning: No stimulus domain specified. Defaulting to values between 0.01 and 1.
> In qpfmriParams (line 182)
In compiledSimulate (line 205)
Stimulus domain added from input.
Parameter slope specified as 0.41000
Parameter semiSat specified as 0.57000
Parameter beta specified as 1.00000
Parameter sigma specified as 0.25000
seed = 99seed = 104seed = 111seed = 111seed = 115seed = 101Initializing Q+. This may take a minute...
Elapsed time is 5.337515 seconds.
Simulated parameters:
slope: 0.410 semiSat: 0.570 beta: 1.000 sigma: 0.250 

Trial 1: baseline Stimulus Selection
Stimulus: 0.010
Output value 0.000

Q+ parameters
slope: 0.026 semiSat: 0.890 beta: 0.500 sigma: 0.010 
maxBOLD estimate = 1.000


Trial 2: maxBOLD Stimulus Selection
Stimulus: 1.000
Output value 1.364

Q+ parameters
slope: 0.055 semiSat: 0.670 beta: 1.250 sigma: 0.010 
maxBOLD estimate = 1.000


Trial 3: baseline Stimulus Selection
Stimulus: 0.010
Output value 0.000

Q+ parameters
slope: 0.055 semiSat: 0.670 beta: 1.250 sigma: 0.010 
maxBOLD estimate = 1.250


Trial 4: maxBOLD Stimulus Selection
Stimulus: 1.000
Output value 1.598

Q+ parameters
slope: 0.043 semiSat: 0.780 beta: 1.250 sigma: 0.120 
maxBOLD estimate = 1.562


Trial 5: baseline Stimulus Selection
Stimulus: 0.010
Output value -0.444

Q+ parameters
slope: 0.055 semiSat: 0.670 beta: 1.250 sigma: 0.230 
maxBOLD estimate = 1.953


Trial 6: maxBOLD Stimulus Selection
Stimulus: 1.000
Output value 0.388

Q+ parameters
slope: 0.034 semiSat: 0.890 beta: 0.875 sigma: 0.230 
maxBOLD estimate = 2.441


Trial 7: random Stimulus Selection
Stimulus: 0.505
Output value -0.376

Q+ parameters
slope: 0.089 semiSat: 0.890 beta: 0.969 sigma: 0.230 
maxBOLD estimate = 2.136


Trial 8: random Stimulus Selection
Stimulus: 0.299
Output value -0.365

Q+ parameters
slope: 0.089 semiSat: 0.890 beta: 0.969 sigma: 0.230 
maxBOLD estimate = 2.069


Trial 9: random Stimulus Selection
Stimulus: 0.794
Output value 1.230

Q+ parameters
slope: 0.234 semiSat: 0.670 beta: 0.750 sigma: 0.230 
maxBOLD estimate = 2.005


Trial 10: baseline Stimulus Selection
Stimulus: 0.010
Output value 0.384

Q+ parameters
slope: 0.234 semiSat: 0.670 beta: 0.938 sigma: 0.230 
maxBOLD estimate = 1.504


Trial 11: random Stimulus Selection
Stimulus: 0.959
Output value 0.529

Q+ parameters
slope: 0.234 semiSat: 0.670 beta: 1.031 sigma: 0.450 
maxBOLD estimate = 1.410


Trial 12: random Stimulus Selection
Stimulus: 0.423
Output value 0.248

Q+ parameters
slope: 0.234 semiSat: 0.670 beta: 0.938 sigma: 0.340 
maxBOLD estimate = 1.454


Trial 13: random Stimulus Selection
Stimulus: 0.835
Output value 0.581

Q+ parameters
slope: 0.234 semiSat: 0.670 beta: 0.938 sigma: 0.450 
maxBOLD estimate = 1.363


Trial 14: random Stimulus Selection
Stimulus: 0.051
Output value 0.436

Q+ parameters
slope: 0.234 semiSat: 0.670 beta: 0.938 sigma: 0.450 
maxBOLD estimate = 1.278


Trial 15: maxBOLD Stimulus Selection
Stimulus: 1.000
Output value 0.510

Q+ parameters
slope: 0.234 semiSat: 0.670 beta: 0.938 sigma: 0.340 
maxBOLD estimate = 1.198


Trial 16: random Stimulus Selection
Stimulus: 1.000
Output value 1.148

Q+ parameters
slope: 0.234 semiSat: 0.670 beta: 0.938 sigma: 0.340 
maxBOLD estimate = 1.123


Trial 17: random Stimulus Selection
Stimulus: 0.257
Output value -0.197

Q+ parameters
slope: 0.234 semiSat: 0.670 beta: 1.031 sigma: 0.340 
maxBOLD estimate = 1.053


Trial 18: random Stimulus Selection
Stimulus: 0.299
Output value 0.278

Q+ parameters
slope: 0.234 semiSat: 0.670 beta: 0.938 sigma: 0.340 
maxBOLD estimate = 1.086


Trial 19: random Stimulus Selection
Stimulus: 0.340
Output value -0.090

Q+ parameters
slope: 0.144 semiSat: 0.670 beta: 0.969 sigma: 0.340 
maxBOLD estimate = 1.018


Trial 20: baseline Stimulus Selection
Stimulus: 0.010
Output value 0.168

Q+ parameters
slope: 0.234 semiSat: 0.670 beta: 0.938 sigma: 0.340 
maxBOLD estimate = 0.986


Trial 21: random Stimulus Selection
Stimulus: 0.711
Output value 0.977

Q+ parameters
slope: 0.616 semiSat: 0.560 beta: 0.969 sigma: 0.230 
maxBOLD estimate = 0.924


Trial 22: random Stimulus Selection
Stimulus: 0.629
Output value 0.710

Q+ parameters
slope: 0.616 semiSat: 0.560 beta: 0.969 sigma: 0.230 
maxBOLD estimate = 0.895


Trial 23: random Stimulus Selection
Stimulus: 0.835
Output value 0.917

Q+ parameters
slope: 0.616 semiSat: 0.560 beta: 0.969 sigma: 0.230 
maxBOLD estimate = 0.867


Trial 24: random Stimulus Selection
Stimulus: 1.000
Output value 0.888

Q+ parameters
slope: 0.616 semiSat: 0.560 beta: 0.969 sigma: 0.230 
maxBOLD estimate = 0.840


Trial 25: maxBOLD Stimulus Selection
Stimulus: 1.000
Output value 0.860

Q+ parameters
slope: 0.616 semiSat: 0.560 beta: 0.969 sigma: 0.230 
maxBOLD estimate = 0.814


Trial 26: random Stimulus Selection
Stimulus: 0.876
Output value 0.833

Q+ parameters
slope: 0.616 semiSat: 0.560 beta: 0.969 sigma: 0.230 
maxBOLD estimate = 0.789


Trial 27: random Stimulus Selection
Stimulus: 0.711
Output value 0.807

Q+ parameters
slope: 0.616 semiSat: 0.560 beta: 0.969 sigma: 0.230 
maxBOLD estimate = 0.764


Trial 28: random Stimulus Selection
Stimulus: 0.134
Output value -0.065

Q+ parameters
slope: 0.616 semiSat: 0.560 beta: 0.969 sigma: 0.230 
maxBOLD estimate = 0.740


Trial 29: random Stimulus Selection
Stimulus: 0.257
Output value 0.189

Q+ parameters
slope: 0.616 semiSat: 0.560 beta: 0.969 sigma: 0.230 
maxBOLD estimate = 0.717


Trial 30: baseline Stimulus Selection
Stimulus: 0.010
Output value 0.710

Q+ parameters
slope: 0.616 semiSat: 0.560 beta: 0.938 sigma: 0.230 
maxBOLD estimate = 0.695

--------------------------------------------------------------
FINAL VALUES
--------------------------------------------------------------
Simulated parameters:              slope: 0.410 semiSat: 0.570 beta: 1.000 sigma: 0.250 
Max posterior QUEST+ parameters:   slope: 0.616 semiSat: 0.560 beta: 0.938 sigma: 0.230 
Max BADS parameters:               slope: 0.079 semiSat: 0.581 beta: 1.000 sigma: 0.386 
maxBOLD estimate: 0.646
