/blue/stevenweisberg/stevenweisberg/MATLAB/projects/Weisberg_Aguirre_2020/scripts
c32a-s23.ufhpc
Sat Oct  3 18:24:01 EDT 2020
cp: cannot stat ‘./deploy_sim.sh’: No such file or directory
cp: cannot stat ‘./sim_wrapper.sh’: No such file or directory
------------------------------------------
Setting up environment variables
---
LD_LIBRARY_PATH is .:/apps/matlab/mcr/2020b/v99/runtime/glnxa64:/apps/matlab/mcr/2020b/v99/bin/glnxa64:/apps/matlab/mcr/2020b/v99/sys/os/glnxa64:/apps/matlab/mcr/2020b/v99/sys/opengl/lib/glnxa64
Warning: Executing startup failed in matlabrc.
This indicates a potentially serious problem in your MATLAB setup, which should be resolved as soon as possible.  Error detected was:
MATLAB:mpath:PathAlterationNotSupported
Modifying the search path is not supported by MATLAB Compiler. Remove functions that modify the search path from your MATLAB code. To make files visible to your deployed application, add the parent folder to your MATLAB session.
Warning: No stimulus domain specified. Defaulting to values between 0.01 and 1.
> In qpfmriParams (line 182)
In compiledSimulate (line 205)
Stimulus domain added from input.
Parameter slope specified as 0.41000
Parameter semiSat specified as 0.57000
Parameter beta specified as 1.00000
Parameter sigma specified as 0.25000
seed = 99seed = 104seed = 111seed = 111seed = 115seed = 101Initializing Q+. This may take a minute...
Elapsed time is 5.889964 seconds.
Simulated parameters:
slope: 0.410 semiSat: 0.570 beta: 1.000 sigma: 0.250 

Trial 1: baseline Stimulus Selection
Stimulus: 0.010
Output value 0.000

Q+ parameters
slope: 0.026 semiSat: 0.890 beta: 0.500 sigma: 0.010 
maxBOLD estimate = 1.000


Trial 2: maxBOLD Stimulus Selection
Stimulus: 1.000
Output value 1.364

Q+ parameters
slope: 0.055 semiSat: 0.670 beta: 1.250 sigma: 0.010 
maxBOLD estimate = 1.000


Trial 3: baseline Stimulus Selection
Stimulus: 0.010
Output value 0.110

Q+ parameters
slope: 0.043 semiSat: 0.780 beta: 0.969 sigma: 0.120 
maxBOLD estimate = 1.250


Trial 4: maxBOLD Stimulus Selection
Stimulus: 1.000
Output value 1.486

Q+ parameters
slope: 0.055 semiSat: 0.670 beta: 1.125 sigma: 0.120 
maxBOLD estimate = 1.211


Trial 5: baseline Stimulus Selection
Stimulus: 0.010
Output value 1.084

Q+ parameters
slope: 0.055 semiSat: 0.670 beta: 1.250 sigma: 1.000 
maxBOLD estimate = 1.362


Trial 6: maxBOLD Stimulus Selection
Stimulus: 1.000
Output value 0.348

Q+ parameters
slope: 0.034 semiSat: 0.890 beta: 0.750 sigma: 0.120 
maxBOLD estimate = 1.703


Trial 7: qplus Stimulus Selection
Stimulus: 0.711
Output value 2.090

Q+ parameters
slope: 0.070 semiSat: 0.560 beta: 1.500 sigma: 1.000 
maxBOLD estimate = 1.277


Trial 8: qplus Stimulus Selection
Stimulus: 0.381
Output value -0.261

Q+ parameters
slope: 0.183 semiSat: 0.560 beta: 0.750 sigma: 0.230 
maxBOLD estimate = 1.916


Trial 9: qplus Stimulus Selection
Stimulus: 0.505
Output value 0.196

Q+ parameters
slope: 0.234 semiSat: 0.670 beta: 1.500 sigma: 0.670 
maxBOLD estimate = 1.437


Trial 10: baseline Stimulus Selection
Stimulus: 0.010
Output value 0.098

Q+ parameters
slope: 0.379 semiSat: 0.670 beta: 0.500 sigma: 0.120 
maxBOLD estimate = 2.155


Trial 11: qplus Stimulus Selection
Stimulus: 0.629
Output value 0.854

Q+ parameters
slope: 0.616 semiSat: 0.560 beta: 0.969 sigma: 0.230 
maxBOLD estimate = 1.078


Trial 12: qplus Stimulus Selection
Stimulus: 0.588
Output value 0.504

Q+ parameters
slope: 0.616 semiSat: 0.560 beta: 1.062 sigma: 0.340 
maxBOLD estimate = 1.044


Trial 13: qplus Stimulus Selection
Stimulus: 0.588
Output value 1.513

Q+ parameters
slope: 0.616 semiSat: 0.560 beta: 1.250 sigma: 0.230 
maxBOLD estimate = 1.109


Trial 14: qplus Stimulus Selection
Stimulus: 0.588
Output value 0.189

Q+ parameters
slope: 0.616 semiSat: 0.560 beta: 0.750 sigma: 0.230 
maxBOLD estimate = 1.386


Trial 15: maxBOLD Stimulus Selection
Stimulus: 1.000
Output value 1.418

Q+ parameters
slope: 0.616 semiSat: 0.560 beta: 1.250 sigma: 0.230 
maxBOLD estimate = 1.040


Trial 16: qplus Stimulus Selection
Stimulus: 0.588
Output value 1.462

Q+ parameters
slope: 1.000 semiSat: 0.560 beta: 1.031 sigma: 0.230 
maxBOLD estimate = 1.300


Trial 17: qplus Stimulus Selection
Stimulus: 0.588
Output value 1.257

Q+ parameters
slope: 1.000 semiSat: 0.560 beta: 1.031 sigma: 0.230 
maxBOLD estimate = 1.340


Trial 18: qplus Stimulus Selection
Stimulus: 0.588
Output value 1.296

Q+ parameters
slope: 1.000 semiSat: 0.560 beta: 1.031 sigma: 0.230 
maxBOLD estimate = 1.382


Trial 19: qplus Stimulus Selection
Stimulus: 0.588
Output value 1.604

Q+ parameters
slope: 1.000 semiSat: 0.560 beta: 1.031 sigma: 0.230 
maxBOLD estimate = 1.426


Trial 20: baseline Stimulus Selection
Stimulus: 0.010
Output value 0.501

Q+ parameters
slope: 1.000 semiSat: 0.560 beta: 0.750 sigma: 0.230 
maxBOLD estimate = 1.470


Trial 21: qplus Stimulus Selection
Stimulus: 0.629
Output value 1.503

Q+ parameters
slope: 0.616 semiSat: 0.560 beta: 1.250 sigma: 0.230 
maxBOLD estimate = 1.103


Trial 22: qplus Stimulus Selection
Stimulus: 0.546
Output value 1.163

Q+ parameters
slope: 1.000 semiSat: 0.560 beta: 1.031 sigma: 0.340 
maxBOLD estimate = 1.378


Trial 23: qplus Stimulus Selection
Stimulus: 0.588
Output value 1.332

Q+ parameters
slope: 0.616 semiSat: 0.560 beta: 1.031 sigma: 0.340 
maxBOLD estimate = 1.421


Trial 24: qplus Stimulus Selection
Stimulus: 0.629
Output value 1.649

Q+ parameters
slope: 1.000 semiSat: 0.560 beta: 1.031 sigma: 0.450 
maxBOLD estimate = 1.466


Trial 25: maxBOLD Stimulus Selection
Stimulus: 1.000
Output value 1.700

Q+ parameters
slope: 1.000 semiSat: 0.560 beta: 1.031 sigma: 0.450 
maxBOLD estimate = 1.511


Trial 26: qplus Stimulus Selection
Stimulus: 0.588
Output value 1.754

Q+ parameters
slope: 1.000 semiSat: 0.560 beta: 1.031 sigma: 0.450 
maxBOLD estimate = 1.559


Trial 27: qplus Stimulus Selection
Stimulus: 0.588
Output value 1.808

Q+ parameters
slope: 1.000 semiSat: 0.560 beta: 1.031 sigma: 0.340 
maxBOLD estimate = 1.607


Trial 28: qplus Stimulus Selection
Stimulus: 0.588
Output value 1.088

Q+ parameters
slope: 1.000 semiSat: 0.560 beta: 1.031 sigma: 0.450 
maxBOLD estimate = 1.658


Trial 29: qplus Stimulus Selection
Stimulus: 0.588
Output value 1.923

Q+ parameters
slope: 1.000 semiSat: 0.560 beta: 1.031 sigma: 0.450 
maxBOLD estimate = 1.709


Trial 30: baseline Stimulus Selection
Stimulus: 0.010
Output value -0.331

Q+ parameters
slope: 1.000 semiSat: 0.560 beta: 1.031 sigma: 0.340 
maxBOLD estimate = 1.763


Trial 31: qplus Stimulus Selection
Stimulus: 0.588
Output value 0.852

Q+ parameters
slope: 1.000 semiSat: 0.560 beta: 1.031 sigma: 0.450 
maxBOLD estimate = 1.818


Trial 32: qplus Stimulus Selection
Stimulus: 0.588
Output value 1.055

Q+ parameters
slope: 1.000 semiSat: 0.560 beta: 1.031 sigma: 0.450 
maxBOLD estimate = 1.875


Trial 33: qplus Stimulus Selection
Stimulus: 0.588
Output value 0.511

Q+ parameters
slope: 1.000 semiSat: 0.560 beta: 0.969 sigma: 0.560 
maxBOLD estimate = 1.933


Trial 34: qplus Stimulus Selection
Stimulus: 0.505
Output value -0.330

Q+ parameters
slope: 0.616 semiSat: 0.560 beta: 0.969 sigma: 0.340 
maxBOLD estimate = 1.873


Trial 35: maxBOLD Stimulus Selection
Stimulus: 1.000
Output value 1.438

Q+ parameters
slope: 0.616 semiSat: 0.560 beta: 0.969 sigma: 0.340 
maxBOLD estimate = 1.814


Trial 36: qplus Stimulus Selection
Stimulus: 0.505
Output value -0.300

Q+ parameters
slope: 0.616 semiSat: 0.560 beta: 0.938 sigma: 0.230 
maxBOLD estimate = 1.758


Trial 37: qplus Stimulus Selection
Stimulus: 0.505
Output value -0.145

Q+ parameters
slope: 0.616 semiSat: 0.560 beta: 0.969 sigma: 0.230 
maxBOLD estimate = 1.648


Trial 38: qplus Stimulus Selection
Stimulus: 0.505
Output value 0.281

Q+ parameters
slope: 0.616 semiSat: 0.560 beta: 0.969 sigma: 0.230 
maxBOLD estimate = 1.596


Trial 39: qplus Stimulus Selection
Stimulus: 0.505
Output value 0.474

Q+ parameters
slope: 0.379 semiSat: 0.560 beta: 1.125 sigma: 0.230 
maxBOLD estimate = 1.546


Trial 40: baseline Stimulus Selection
Stimulus: 0.010
Output value -0.356

Q+ parameters
slope: 0.379 semiSat: 0.560 beta: 1.125 sigma: 0.230 
maxBOLD estimate = 1.740

--------------------------------------------------------------
FINAL VALUES
--------------------------------------------------------------
Simulated parameters:              slope: 0.410 semiSat: 0.570 beta: 1.000 sigma: 0.250 
Max posterior QUEST+ parameters:   slope: 0.379 semiSat: 0.560 beta: 0.938 sigma: 0.230 
Max BADS parameters:               slope: 0.386 semiSat: 0.560 beta: 1.000 sigma: 0.238 
maxBOLD estimate: 2.089
