/blue/stevenweisberg/stevenweisberg/MATLAB/projects/Weisberg_Aguirre_2020/scripts
c21a-s26.ufhpc
Sat Oct  3 17:55:06 EDT 2020
cp: cannot stat ‘./deploy_sim.sh’: No such file or directory
cp: cannot stat ‘./sim_wrapper.sh’: No such file or directory
------------------------------------------
Setting up environment variables
---
LD_LIBRARY_PATH is .:/apps/matlab/mcr/2020b/v99/runtime/glnxa64:/apps/matlab/mcr/2020b/v99/bin/glnxa64:/apps/matlab/mcr/2020b/v99/sys/os/glnxa64:/apps/matlab/mcr/2020b/v99/sys/opengl/lib/glnxa64
Warning: Executing startup failed in matlabrc.
This indicates a potentially serious problem in your MATLAB setup, which should be resolved as soon as possible.  Error detected was:
MATLAB:mpath:PathAlterationNotSupported
Modifying the search path is not supported by MATLAB Compiler. Remove functions that modify the search path from your MATLAB code. To make files visible to your deployed application, add the parent folder to your MATLAB session.
Warning: No stimulus domain specified. Defaulting to values between 0.01 and 1.
> In qpfmriParams (line 182)
In compiledSimulate (line 205)
Stimulus domain added from input.
Parameter slope specified as 0.41000
Parameter semiSat specified as 0.57000
Parameter beta specified as 1.00000
Parameter sigma specified as 0.25000
seed = 99seed = 104seed = 111seed = 111seed = 115seed = 101Initializing Q+. This may take a minute...
Elapsed time is 5.740036 seconds.
Simulated parameters:
slope: 0.410 semiSat: 0.570 beta: 1.000 sigma: 0.250 

Trial 1: baseline Stimulus Selection
Stimulus: 0.010
Output value 0.000

Q+ parameters
slope: 0.026 semiSat: 0.890 beta: 0.500 sigma: 0.010 
maxBOLD estimate = 1.000


Trial 2: maxBOLD Stimulus Selection
Stimulus: 1.000
Output value 1.364

Q+ parameters
slope: 0.055 semiSat: 0.670 beta: 1.250 sigma: 0.010 
maxBOLD estimate = 1.000


Trial 3: baseline Stimulus Selection
Stimulus: 0.010
Output value 0.142

Q+ parameters
slope: 0.055 semiSat: 0.670 beta: 1.250 sigma: 0.120 
maxBOLD estimate = 1.250


Trial 4: maxBOLD Stimulus Selection
Stimulus: 1.000
Output value 2.131

Q+ parameters
slope: 0.055 semiSat: 0.670 beta: 1.250 sigma: 0.120 
maxBOLD estimate = 1.562


Trial 5: baseline Stimulus Selection
Stimulus: 0.010
Output value 0.444

Q+ parameters
slope: 0.055 semiSat: 0.670 beta: 1.250 sigma: 0.120 
maxBOLD estimate = 1.953


Trial 6: maxBOLD Stimulus Selection
Stimulus: 1.000
Output value 2.497

Q+ parameters
slope: 0.043 semiSat: 0.780 beta: 1.250 sigma: 0.120 
maxBOLD estimate = 2.441


Trial 7: qplus Stimulus Selection
Stimulus: 0.505
Output value -0.269

Q+ parameters
slope: 0.089 semiSat: 0.890 beta: 0.969 sigma: 0.120 
maxBOLD estimate = 3.052


Trial 8: qplus Stimulus Selection
Stimulus: 0.835
Output value 1.814

Q+ parameters
slope: 0.183 semiSat: 0.670 beta: 0.750 sigma: 0.120 
maxBOLD estimate = 2.956


Trial 9: qplus Stimulus Selection
Stimulus: 0.711
Output value 2.343

Q+ parameters
slope: 0.616 semiSat: 0.560 beta: 0.969 sigma: 0.120 
maxBOLD estimate = 2.217


Trial 10: baseline Stimulus Selection
Stimulus: 0.010
Output value 0.189

Q+ parameters
slope: 0.616 semiSat: 0.560 beta: 0.969 sigma: 0.120 
maxBOLD estimate = 2.148


Trial 11: qplus Stimulus Selection
Stimulus: 0.629
Output value 2.412

Q+ parameters
slope: 0.616 semiSat: 0.560 beta: 1.062 sigma: 0.120 
maxBOLD estimate = 2.081


Trial 12: qplus Stimulus Selection
Stimulus: 0.588
Output value 1.884

Q+ parameters
slope: 1.000 semiSat: 0.560 beta: 0.938 sigma: 0.120 
maxBOLD estimate = 2.211


Trial 13: qplus Stimulus Selection
Stimulus: 0.546
Output value 1.979

Q+ parameters
slope: 0.483 semiSat: 0.560 beta: 1.500 sigma: 0.120 
maxBOLD estimate = 2.073


Trial 14: qplus Stimulus Selection
Stimulus: 0.588
Output value 1.060

Q+ parameters
slope: 0.483 semiSat: 0.560 beta: 0.750 sigma: 0.120 
maxBOLD estimate = 3.109


Trial 15: maxBOLD Stimulus Selection
Stimulus: 1.000
Output value 1.590

Q+ parameters
slope: 0.379 semiSat: 0.560 beta: 0.938 sigma: 0.120 
maxBOLD estimate = 2.332


Trial 16: qplus Stimulus Selection
Stimulus: 0.505
Output value 1.118

Q+ parameters
slope: 0.379 semiSat: 0.560 beta: 1.125 sigma: 0.230 
maxBOLD estimate = 2.186


Trial 17: qplus Stimulus Selection
Stimulus: 0.588
Output value 1.677

Q+ parameters
slope: 0.379 semiSat: 0.560 beta: 0.938 sigma: 0.120 
maxBOLD estimate = 2.459


Trial 18: qplus Stimulus Selection
Stimulus: 0.505
Output value 0.590

Q+ parameters
slope: 0.379 semiSat: 0.560 beta: 0.938 sigma: 0.120 
maxBOLD estimate = 2.306


Trial 19: qplus Stimulus Selection
Stimulus: 0.546
Output value 2.653

Q+ parameters
slope: 0.298 semiSat: 0.560 beta: 1.500 sigma: 0.230 
maxBOLD estimate = 2.162


Trial 20: baseline Stimulus Selection
Stimulus: 0.010
Output value 0.221

Q+ parameters
slope: 0.379 semiSat: 0.560 beta: 0.750 sigma: 0.120 
maxBOLD estimate = 3.242


Trial 21: qplus Stimulus Selection
Stimulus: 0.629
Output value 2.280

Q+ parameters
slope: 0.379 semiSat: 0.560 beta: 0.938 sigma: 0.120 
maxBOLD estimate = 2.432


Trial 22: qplus Stimulus Selection
Stimulus: 0.588
Output value 1.360

Q+ parameters
slope: 0.379 semiSat: 0.560 beta: 0.938 sigma: 0.120 
maxBOLD estimate = 2.280


Trial 23: qplus Stimulus Selection
Stimulus: 0.588
Output value 0.874

Q+ parameters
slope: 0.379 semiSat: 0.560 beta: 1.125 sigma: 0.230 
maxBOLD estimate = 2.137


Trial 24: qplus Stimulus Selection
Stimulus: 0.505
Output value 0.492

Q+ parameters
slope: 0.379 semiSat: 0.560 beta: 0.750 sigma: 0.120 
maxBOLD estimate = 2.404


Trial 25: maxBOLD Stimulus Selection
Stimulus: 1.000
Output value 2.213

Q+ parameters
slope: 0.379 semiSat: 0.560 beta: 1.125 sigma: 0.230 
maxBOLD estimate = 1.803


Trial 26: qplus Stimulus Selection
Stimulus: 0.505
Output value 1.245

Q+ parameters
slope: 0.379 semiSat: 0.560 beta: 1.125 sigma: 0.230 
maxBOLD estimate = 2.029


Trial 27: qplus Stimulus Selection
Stimulus: 0.505
Output value 0.000

Q+ parameters
slope: 0.379 semiSat: 0.560 beta: 1.031 sigma: 0.230 
maxBOLD estimate = 2.282


Trial 28: qplus Stimulus Selection
Stimulus: 0.505
Output value 1.103

Q+ parameters
slope: 0.379 semiSat: 0.560 beta: 1.031 sigma: 0.230 
maxBOLD estimate = 2.354


Trial 29: qplus Stimulus Selection
Stimulus: 0.629
Output value 1.158

Q+ parameters
slope: 0.379 semiSat: 0.560 beta: 0.750 sigma: 0.120 
maxBOLD estimate = 2.427


Trial 30: baseline Stimulus Selection
Stimulus: 0.010
Output value 0.745

Q+ parameters
slope: 0.379 semiSat: 0.560 beta: 1.125 sigma: 0.230 
maxBOLD estimate = 1.820


Trial 31: qplus Stimulus Selection
Stimulus: 0.505
Output value 0.000

Q+ parameters
slope: 0.379 semiSat: 0.560 beta: 1.125 sigma: 0.230 
maxBOLD estimate = 2.048


Trial 32: qplus Stimulus Selection
Stimulus: 0.629
Output value 0.367

Q+ parameters
slope: 0.379 semiSat: 0.560 beta: 0.875 sigma: 0.230 
maxBOLD estimate = 2.304


Trial 33: qplus Stimulus Selection
Stimulus: 0.505
Output value 0.160

Q+ parameters
slope: 0.379 semiSat: 0.560 beta: 0.875 sigma: 0.230 
maxBOLD estimate = 2.016


Trial 34: qplus Stimulus Selection
Stimulus: 0.505
Output value 0.962

Q+ parameters
slope: 0.234 semiSat: 0.560 beta: 1.000 sigma: 0.230 
maxBOLD estimate = 1.764


Trial 35: maxBOLD Stimulus Selection
Stimulus: 1.000
Output value 1.123

Q+ parameters
slope: 0.234 semiSat: 0.560 beta: 1.000 sigma: 0.230 
maxBOLD estimate = 1.764


Trial 36: qplus Stimulus Selection
Stimulus: 0.505
Output value 0.160

Q+ parameters
slope: 0.234 semiSat: 0.560 beta: 1.000 sigma: 0.230 
maxBOLD estimate = 1.764


Trial 37: qplus Stimulus Selection
Stimulus: 0.505
Output value 0.321

Q+ parameters
slope: 0.234 semiSat: 0.560 beta: 1.000 sigma: 0.230 
maxBOLD estimate = 1.764


Trial 38: qplus Stimulus Selection
Stimulus: 0.505
Output value -0.321

Q+ parameters
slope: 0.234 semiSat: 0.560 beta: 1.000 sigma: 0.230 
maxBOLD estimate = 1.764


Trial 39: qplus Stimulus Selection
Stimulus: 0.505
Output value 0.000

Q+ parameters
slope: 0.234 semiSat: 0.560 beta: 1.000 sigma: 0.230 
maxBOLD estimate = 1.764


Trial 40: baseline Stimulus Selection
Stimulus: 0.010
Output value 0.160

Q+ parameters
slope: 0.234 semiSat: 0.560 beta: 1.000 sigma: 0.230 
maxBOLD estimate = 1.764

--------------------------------------------------------------
FINAL VALUES
--------------------------------------------------------------
Simulated parameters:              slope: 0.410 semiSat: 0.570 beta: 1.000 sigma: 0.250 
Max posterior QUEST+ parameters:   slope: 0.234 semiSat: 0.560 beta: 1.000 sigma: 0.230 
Max BADS parameters:               slope: 0.229 semiSat: 0.559 beta: 1.000 sigma: 0.201 
maxBOLD estimate: 1.775
