/blue/stevenweisberg/stevenweisberg/MATLAB/projects/Weisberg_Aguirre_2020/scripts
c32b-s2.ufhpc
Sat Oct  3 16:39:45 EDT 2020
cp: cannot stat ‘./deploy_sim.sh’: No such file or directory
cp: cannot stat ‘./sim_wrapper.sh’: No such file or directory
------------------------------------------
Setting up environment variables
---
LD_LIBRARY_PATH is .:/apps/matlab/mcr/2020b/v99/runtime/glnxa64:/apps/matlab/mcr/2020b/v99/bin/glnxa64:/apps/matlab/mcr/2020b/v99/sys/os/glnxa64:/apps/matlab/mcr/2020b/v99/sys/opengl/lib/glnxa64
Warning: Executing startup failed in matlabrc.
This indicates a potentially serious problem in your MATLAB setup, which should be resolved as soon as possible.  Error detected was:
MATLAB:mpath:PathAlterationNotSupported
Modifying the search path is not supported by MATLAB Compiler. Remove functions that modify the search path from your MATLAB code. To make files visible to your deployed application, add the parent folder to your MATLAB session.
Warning: No stimulus domain specified. Defaulting to values between 0.01 and 1.
> In qpfmriParams (line 182)
In compiledSimulate (line 205)
Stimulus domain added from input.
Parameter slope specified as 0.41000
Parameter semiSat specified as 0.57000
Parameter beta specified as 1.00000
Parameter sigma specified as 0.05000
seed = 99seed = 104seed = 111seed = 111seed = 115seed = 101Initializing Q+. This may take a minute...
Elapsed time is 5.798524 seconds.
Simulated parameters:
slope: 0.410 semiSat: 0.570 beta: 1.000 sigma: 0.050 

Trial 1: baseline Stimulus Selection
Stimulus: 0.010
Output value 0.000

Q+ parameters
slope: 0.026 semiSat: 0.890 beta: 0.500 sigma: 0.010 
maxBOLD estimate = 1.000


Trial 2: maxBOLD Stimulus Selection
Stimulus: 1.000
Output value 1.364

Q+ parameters
slope: 0.055 semiSat: 0.670 beta: 1.250 sigma: 0.010 
maxBOLD estimate = 1.000


Trial 3: baseline Stimulus Selection
Stimulus: 0.010
Output value 0.000

Q+ parameters
slope: 0.055 semiSat: 0.670 beta: 1.250 sigma: 0.010 
maxBOLD estimate = 1.250


Trial 4: maxBOLD Stimulus Selection
Stimulus: 1.000
Output value 1.953

Q+ parameters
slope: 0.055 semiSat: 0.670 beta: 1.250 sigma: 0.120 
maxBOLD estimate = 1.562


Trial 5: baseline Stimulus Selection
Stimulus: 0.010
Output value 0.200

Q+ parameters
slope: 0.043 semiSat: 0.780 beta: 1.125 sigma: 0.120 
maxBOLD estimate = 1.953


Trial 6: maxBOLD Stimulus Selection
Stimulus: 1.000
Output value 1.548

Q+ parameters
slope: 0.043 semiSat: 0.780 beta: 0.969 sigma: 0.120 
maxBOLD estimate = 2.197


Trial 7: qplus Stimulus Selection
Stimulus: 0.629
Output value 0.871

Q+ parameters
slope: 0.070 semiSat: 0.450 beta: 0.750 sigma: 0.120 
maxBOLD estimate = 2.129


Trial 8: qplus Stimulus Selection
Stimulus: 0.505
Output value -0.127

Q+ parameters
slope: 0.616 semiSat: 0.560 beta: 0.875 sigma: 0.120 
maxBOLD estimate = 1.596


Trial 9: qplus Stimulus Selection
Stimulus: 0.588
Output value 1.079

Q+ parameters
slope: 0.379 semiSat: 0.560 beta: 1.062 sigma: 0.120 
maxBOLD estimate = 1.397


Trial 10: baseline Stimulus Selection
Stimulus: 0.010
Output value -0.143

Q+ parameters
slope: 0.379 semiSat: 0.560 beta: 1.062 sigma: 0.120 
maxBOLD estimate = 1.484


Trial 11: qplus Stimulus Selection
Stimulus: 0.588
Output value 0.753

Q+ parameters
slope: 0.379 semiSat: 0.560 beta: 0.875 sigma: 0.120 
maxBOLD estimate = 1.577


Trial 12: qplus Stimulus Selection
Stimulus: 0.629
Output value 1.466

Q+ parameters
slope: 0.379 semiSat: 0.560 beta: 1.062 sigma: 0.120 
maxBOLD estimate = 1.380


Trial 13: qplus Stimulus Selection
Stimulus: 0.505
Output value 0.000

Q+ parameters
slope: 0.379 semiSat: 0.560 beta: 0.969 sigma: 0.120 
maxBOLD estimate = 1.466


Trial 14: qplus Stimulus Selection
Stimulus: 0.588
Output value 0.876

Q+ parameters
slope: 0.379 semiSat: 0.560 beta: 0.969 sigma: 0.120 
maxBOLD estimate = 1.420


Trial 15: maxBOLD Stimulus Selection
Stimulus: 1.000
Output value 1.462

Q+ parameters
slope: 0.379 semiSat: 0.560 beta: 1.062 sigma: 0.120 
maxBOLD estimate = 1.376


Trial 16: qplus Stimulus Selection
Stimulus: 0.588
Output value 1.287

Q+ parameters
slope: 0.379 semiSat: 0.560 beta: 0.969 sigma: 0.120 
maxBOLD estimate = 1.462


Trial 17: qplus Stimulus Selection
Stimulus: 0.546
Output value 0.249

Q+ parameters
slope: 0.616 semiSat: 0.560 beta: 0.969 sigma: 0.120 
maxBOLD estimate = 1.416


Trial 18: qplus Stimulus Selection
Stimulus: 0.546
Output value 0.398

Q+ parameters
slope: 0.379 semiSat: 0.560 beta: 1.062 sigma: 0.120 
maxBOLD estimate = 1.372


Trial 19: qplus Stimulus Selection
Stimulus: 0.546
Output value 0.257

Q+ parameters
slope: 0.616 semiSat: 0.560 beta: 0.969 sigma: 0.120 
maxBOLD estimate = 1.458


Trial 20: baseline Stimulus Selection
Stimulus: 0.010
Output value 0.000

Q+ parameters
slope: 0.616 semiSat: 0.560 beta: 0.969 sigma: 0.120 
maxBOLD estimate = 1.412


Trial 21: qplus Stimulus Selection
Stimulus: 0.588
Output value 1.205

Q+ parameters
slope: 0.616 semiSat: 0.560 beta: 0.969 sigma: 0.120 
maxBOLD estimate = 1.368


Trial 22: qplus Stimulus Selection
Stimulus: 0.546
Output value 0.233

Q+ parameters
slope: 0.616 semiSat: 0.560 beta: 0.969 sigma: 0.120 
maxBOLD estimate = 1.325


Trial 23: qplus Stimulus Selection
Stimulus: 0.546
Output value 0.372

Q+ parameters
slope: 0.785 semiSat: 0.560 beta: 1.062 sigma: 0.120 
maxBOLD estimate = 1.284


Trial 24: qplus Stimulus Selection
Stimulus: 0.546
Output value 0.481

Q+ parameters
slope: 0.616 semiSat: 0.560 beta: 0.969 sigma: 0.120 
maxBOLD estimate = 1.364


Trial 25: maxBOLD Stimulus Selection
Stimulus: 1.000
Output value 1.532

Q+ parameters
slope: 0.785 semiSat: 0.560 beta: 1.062 sigma: 0.120 
maxBOLD estimate = 1.321


Trial 26: qplus Stimulus Selection
Stimulus: 0.588
Output value 0.989

Q+ parameters
slope: 0.616 semiSat: 0.560 beta: 0.969 sigma: 0.120 
maxBOLD estimate = 1.404


Trial 27: qplus Stimulus Selection
Stimulus: 0.588
Output value 0.958

Q+ parameters
slope: 0.616 semiSat: 0.560 beta: 0.969 sigma: 0.120 
maxBOLD estimate = 1.360


Trial 28: qplus Stimulus Selection
Stimulus: 0.546
Output value 0.232

Q+ parameters
slope: 0.616 semiSat: 0.560 beta: 0.969 sigma: 0.120 
maxBOLD estimate = 1.318


Trial 29: qplus Stimulus Selection
Stimulus: 0.546
Output value 0.493

Q+ parameters
slope: 0.785 semiSat: 0.560 beta: 1.062 sigma: 0.120 
maxBOLD estimate = 1.276


Trial 30: baseline Stimulus Selection
Stimulus: 0.010
Output value -0.131

Q+ parameters
slope: 0.379 semiSat: 0.560 beta: 1.062 sigma: 0.120 
maxBOLD estimate = 1.356


Trial 31: qplus Stimulus Selection
Stimulus: 0.588
Output value 1.142

Q+ parameters
slope: 0.616 semiSat: 0.560 beta: 0.969 sigma: 0.120 
maxBOLD estimate = 1.441


Trial 32: qplus Stimulus Selection
Stimulus: 0.629
Output value 1.229

Q+ parameters
slope: 0.616 semiSat: 0.560 beta: 0.969 sigma: 0.120 
maxBOLD estimate = 1.396


Trial 33: qplus Stimulus Selection
Stimulus: 0.588
Output value 0.953

Q+ parameters
slope: 0.616 semiSat: 0.560 beta: 0.969 sigma: 0.120 
maxBOLD estimate = 1.352


Trial 34: qplus Stimulus Selection
Stimulus: 0.546
Output value 0.506

Q+ parameters
slope: 0.379 semiSat: 0.560 beta: 1.062 sigma: 0.120 
maxBOLD estimate = 1.310


Trial 35: maxBOLD Stimulus Selection
Stimulus: 1.000
Output value 1.348

Q+ parameters
slope: 0.616 semiSat: 0.560 beta: 0.969 sigma: 0.120 
maxBOLD estimate = 1.392


Trial 36: qplus Stimulus Selection
Stimulus: 0.588
Output value 1.303

Q+ parameters
slope: 0.379 semiSat: 0.560 beta: 1.062 sigma: 0.120 
maxBOLD estimate = 1.348


Trial 37: qplus Stimulus Selection
Stimulus: 0.546
Output value 0.252

Q+ parameters
slope: 0.616 semiSat: 0.560 beta: 0.969 sigma: 0.120 
maxBOLD estimate = 1.433


Trial 38: qplus Stimulus Selection
Stimulus: 0.629
Output value 1.222

Q+ parameters
slope: 0.616 semiSat: 0.560 beta: 0.969 sigma: 0.120 
maxBOLD estimate = 1.388


Trial 39: qplus Stimulus Selection
Stimulus: 0.546
Output value 0.649

Q+ parameters
slope: 0.379 semiSat: 0.560 beta: 1.062 sigma: 0.120 
maxBOLD estimate = 1.345


Trial 40: baseline Stimulus Selection
Stimulus: 0.010
Output value 0.000

Q+ parameters
slope: 0.616 semiSat: 0.560 beta: 0.969 sigma: 0.120 
maxBOLD estimate = 1.429

--------------------------------------------------------------
FINAL VALUES
--------------------------------------------------------------
Simulated parameters:              slope: 0.410 semiSat: 0.570 beta: 1.000 sigma: 0.050 
Max posterior QUEST+ parameters:   slope: 0.616 semiSat: 0.560 beta: 0.969 sigma: 0.120 
Max BADS parameters:               slope: 0.497 semiSat: 0.570 beta: 1.000 sigma: 0.047 
maxBOLD estimate: 1.407
