/blue/stevenweisberg/stevenweisberg/MATLAB/projects/Weisberg_Aguirre_2020/scripts
c21b-s16.ufhpc
Sat Oct  3 16:56:18 EDT 2020
cp: cannot stat ‘./deploy_sim.sh’: No such file or directory
cp: cannot stat ‘./sim_wrapper.sh’: No such file or directory
------------------------------------------
Setting up environment variables
---
LD_LIBRARY_PATH is .:/apps/matlab/mcr/2020b/v99/runtime/glnxa64:/apps/matlab/mcr/2020b/v99/bin/glnxa64:/apps/matlab/mcr/2020b/v99/sys/os/glnxa64:/apps/matlab/mcr/2020b/v99/sys/opengl/lib/glnxa64
Warning: Executing startup failed in matlabrc.
This indicates a potentially serious problem in your MATLAB setup, which should be resolved as soon as possible.  Error detected was:
MATLAB:mpath:PathAlterationNotSupported
Modifying the search path is not supported by MATLAB Compiler. Remove functions that modify the search path from your MATLAB code. To make files visible to your deployed application, add the parent folder to your MATLAB session.
Warning: No stimulus domain specified. Defaulting to values between 0.01 and 1.
> In qpfmriParams (line 182)
In compiledSimulate (line 205)
Stimulus domain added from input.
Parameter slope specified as 0.41000
Parameter semiSat specified as 0.57000
Parameter beta specified as 1.00000
Parameter sigma specified as 0.15000
seed = 99seed = 104seed = 111seed = 111seed = 115seed = 101Initializing Q+. This may take a minute...
Elapsed time is 5.571129 seconds.
Simulated parameters:
slope: 0.410 semiSat: 0.570 beta: 1.000 sigma: 0.150 

Trial 1: baseline Stimulus Selection
Stimulus: 0.010
Output value 0.000

Q+ parameters
slope: 0.026 semiSat: 0.890 beta: 0.500 sigma: 0.010 
maxBOLD estimate = 1.000


Trial 2: maxBOLD Stimulus Selection
Stimulus: 1.000
Output value 1.364

Q+ parameters
slope: 0.055 semiSat: 0.670 beta: 1.250 sigma: 0.010 
maxBOLD estimate = 1.000


Trial 3: baseline Stimulus Selection
Stimulus: 0.010
Output value 0.284

Q+ parameters
slope: 0.055 semiSat: 0.670 beta: 1.250 sigma: 0.120 
maxBOLD estimate = 1.250


Trial 4: maxBOLD Stimulus Selection
Stimulus: 1.000
Output value 2.131

Q+ parameters
slope: 0.055 semiSat: 0.670 beta: 1.250 sigma: 0.120 
maxBOLD estimate = 1.562


Trial 5: baseline Stimulus Selection
Stimulus: 0.010
Output value -0.222

Q+ parameters
slope: 0.043 semiSat: 0.780 beta: 1.250 sigma: 0.120 
maxBOLD estimate = 1.953


Trial 6: maxBOLD Stimulus Selection
Stimulus: 1.000
Output value 1.720

Q+ parameters
slope: 0.043 semiSat: 0.780 beta: 0.969 sigma: 0.120 
maxBOLD estimate = 2.441


Trial 7: random Stimulus Selection
Stimulus: 0.051
Output value 0.161

Q+ parameters
slope: 0.089 semiSat: 0.340 beta: 0.750 sigma: 0.120 
maxBOLD estimate = 2.365


Trial 8: random Stimulus Selection
Stimulus: 0.670
Output value 1.451

Q+ parameters
slope: 0.070 semiSat: 0.450 beta: 1.000 sigma: 0.120 
maxBOLD estimate = 1.774


Trial 9: random Stimulus Selection
Stimulus: 0.959
Output value 0.847

Q+ parameters
slope: 0.070 semiSat: 0.340 beta: 0.875 sigma: 0.120 
maxBOLD estimate = 1.774


Trial 10: baseline Stimulus Selection
Stimulus: 0.010
Output value 0.247

Q+ parameters
slope: 0.070 semiSat: 0.340 beta: 0.875 sigma: 0.120 
maxBOLD estimate = 1.552


Trial 11: random Stimulus Selection
Stimulus: 0.753
Output value 1.111

Q+ parameters
slope: 0.043 semiSat: 0.560 beta: 1.125 sigma: 0.120 
maxBOLD estimate = 1.358


Trial 12: random Stimulus Selection
Stimulus: 0.257
Output value -0.313

Q+ parameters
slope: 0.089 semiSat: 0.670 beta: 1.125 sigma: 0.230 
maxBOLD estimate = 1.528


Trial 13: random Stimulus Selection
Stimulus: 0.257
Output value 0.000

Q+ parameters
slope: 0.144 semiSat: 0.670 beta: 0.875 sigma: 0.120 
maxBOLD estimate = 1.719


Trial 14: random Stimulus Selection
Stimulus: 0.670
Output value 1.154

Q+ parameters
slope: 0.113 semiSat: 0.560 beta: 0.938 sigma: 0.120 
maxBOLD estimate = 1.504


Trial 15: maxBOLD Stimulus Selection
Stimulus: 1.000
Output value 1.410

Q+ parameters
slope: 0.113 semiSat: 0.560 beta: 1.000 sigma: 0.120 
maxBOLD estimate = 1.410


Trial 16: random Stimulus Selection
Stimulus: 0.588
Output value 0.769

Q+ parameters
slope: 0.113 semiSat: 0.560 beta: 1.000 sigma: 0.120 
maxBOLD estimate = 1.410


Trial 17: random Stimulus Selection
Stimulus: 0.134
Output value -0.256

Q+ parameters
slope: 0.113 semiSat: 0.560 beta: 1.000 sigma: 0.120 
maxBOLD estimate = 1.410


Trial 18: random Stimulus Selection
Stimulus: 0.670
Output value 1.410

Q+ parameters
slope: 0.113 semiSat: 0.560 beta: 1.000 sigma: 0.120 
maxBOLD estimate = 1.410


Trial 19: random Stimulus Selection
Stimulus: 0.340
Output value -0.248

Q+ parameters
slope: 0.144 semiSat: 0.560 beta: 0.969 sigma: 0.120 
maxBOLD estimate = 1.410


Trial 20: baseline Stimulus Selection
Stimulus: 0.010
Output value -0.241

Q+ parameters
slope: 0.144 semiSat: 0.560 beta: 0.969 sigma: 0.120 
maxBOLD estimate = 1.366


Trial 21: random Stimulus Selection
Stimulus: 0.340
Output value -0.128

Q+ parameters
slope: 0.144 semiSat: 0.560 beta: 1.062 sigma: 0.120 
maxBOLD estimate = 1.323


Trial 22: random Stimulus Selection
Stimulus: 0.299
Output value 0.248

Q+ parameters
slope: 0.144 semiSat: 0.560 beta: 0.969 sigma: 0.120 
maxBOLD estimate = 1.406


Trial 23: random Stimulus Selection
Stimulus: 0.134
Output value 0.132

Q+ parameters
slope: 0.144 semiSat: 0.560 beta: 1.062 sigma: 0.120 
maxBOLD estimate = 1.362


Trial 24: random Stimulus Selection
Stimulus: 0.588
Output value 0.892

Q+ parameters
slope: 0.144 semiSat: 0.560 beta: 0.969 sigma: 0.120 
maxBOLD estimate = 1.447


Trial 25: maxBOLD Stimulus Selection
Stimulus: 1.000
Output value 0.988

Q+ parameters
slope: 0.144 semiSat: 0.560 beta: 0.969 sigma: 0.120 
maxBOLD estimate = 1.402


Trial 26: random Stimulus Selection
Stimulus: 0.876
Output value 1.574

Q+ parameters
slope: 0.144 semiSat: 0.560 beta: 1.062 sigma: 0.120 
maxBOLD estimate = 1.358


Trial 27: random Stimulus Selection
Stimulus: 0.546
Output value 0.381

Q+ parameters
slope: 0.144 semiSat: 0.560 beta: 0.969 sigma: 0.120 
maxBOLD estimate = 1.443


Trial 28: random Stimulus Selection
Stimulus: 0.753
Output value 1.350

Q+ parameters
slope: 0.144 semiSat: 0.560 beta: 1.062 sigma: 0.120 
maxBOLD estimate = 1.398


Trial 29: random Stimulus Selection
Stimulus: 0.464
Output value -0.131

Q+ parameters
slope: 0.144 semiSat: 0.560 beta: 0.969 sigma: 0.120 
maxBOLD estimate = 1.485


Trial 30: baseline Stimulus Selection
Stimulus: 0.010
Output value 0.000

Q+ parameters
slope: 0.144 semiSat: 0.560 beta: 0.969 sigma: 0.120 
maxBOLD estimate = 1.439


Trial 31: random Stimulus Selection
Stimulus: 0.092
Output value -0.269

Q+ parameters
slope: 0.144 semiSat: 0.560 beta: 1.062 sigma: 0.120 
maxBOLD estimate = 1.394


Trial 32: random Stimulus Selection
Stimulus: 0.423
Output value -0.261

Q+ parameters
slope: 0.144 semiSat: 0.560 beta: 0.969 sigma: 0.120 
maxBOLD estimate = 1.481


Trial 33: random Stimulus Selection
Stimulus: 0.753
Output value 1.565

Q+ parameters
slope: 0.234 semiSat: 0.560 beta: 1.000 sigma: 0.120 
maxBOLD estimate = 1.435


Trial 34: random Stimulus Selection
Stimulus: 1.000
Output value 1.043

Q+ parameters
slope: 0.234 semiSat: 0.560 beta: 1.000 sigma: 0.120 
maxBOLD estimate = 1.435


Trial 35: maxBOLD Stimulus Selection
Stimulus: 1.000
Output value 1.663

Q+ parameters
slope: 0.144 semiSat: 0.560 beta: 1.062 sigma: 0.120 
maxBOLD estimate = 1.435


Trial 36: random Stimulus Selection
Stimulus: 0.381
Output value 0.134

Q+ parameters
slope: 0.144 semiSat: 0.560 beta: 0.969 sigma: 0.120 
maxBOLD estimate = 1.524


Trial 37: random Stimulus Selection
Stimulus: 0.753
Output value 1.342

Q+ parameters
slope: 0.234 semiSat: 0.560 beta: 1.000 sigma: 0.120 
maxBOLD estimate = 1.477


Trial 38: random Stimulus Selection
Stimulus: 0.835
Output value 0.805

Q+ parameters
slope: 0.234 semiSat: 0.560 beta: 1.000 sigma: 0.120 
maxBOLD estimate = 1.477


Trial 39: random Stimulus Selection
Stimulus: 0.092
Output value 0.268

Q+ parameters
slope: 0.234 semiSat: 0.560 beta: 1.000 sigma: 0.120 
maxBOLD estimate = 1.477


Trial 40: baseline Stimulus Selection
Stimulus: 0.010
Output value -0.268

Q+ parameters
slope: 0.234 semiSat: 0.560 beta: 1.000 sigma: 0.120 
maxBOLD estimate = 1.477

--------------------------------------------------------------
FINAL VALUES
--------------------------------------------------------------
Simulated parameters:              slope: 0.410 semiSat: 0.570 beta: 1.000 sigma: 0.150 
Max posterior QUEST+ parameters:   slope: 0.234 semiSat: 0.560 beta: 1.000 sigma: 0.120 
Max BADS parameters:               slope: 0.228 semiSat: 0.577 beta: 1.000 sigma: 0.123 
maxBOLD estimate: 1.457
