/blue/stevenweisberg/stevenweisberg/MATLAB/projects/Weisberg_Aguirre_2020/scripts
c30b-s23.ufhpc
Sat Oct  3 17:12:51 EDT 2020
cp: cannot stat ‘./deploy_sim.sh’: No such file or directory
cp: cannot stat ‘./sim_wrapper.sh’: No such file or directory
------------------------------------------
Setting up environment variables
---
LD_LIBRARY_PATH is .:/apps/matlab/mcr/2020b/v99/runtime/glnxa64:/apps/matlab/mcr/2020b/v99/bin/glnxa64:/apps/matlab/mcr/2020b/v99/sys/os/glnxa64:/apps/matlab/mcr/2020b/v99/sys/opengl/lib/glnxa64
Warning: Executing startup failed in matlabrc.
This indicates a potentially serious problem in your MATLAB setup, which should be resolved as soon as possible.  Error detected was:
MATLAB:mpath:PathAlterationNotSupported
Modifying the search path is not supported by MATLAB Compiler. Remove functions that modify the search path from your MATLAB code. To make files visible to your deployed application, add the parent folder to your MATLAB session.
Warning: No stimulus domain specified. Defaulting to values between 0.01 and 1.
> In qpfmriParams (line 182)
In compiledSimulate (line 205)
Stimulus domain added from input.
Parameter slope specified as 0.41000
Parameter semiSat specified as 0.57000
Parameter beta specified as 1.00000
Parameter sigma specified as 0.25000
seed = 99seed = 104seed = 111seed = 111seed = 115seed = 101Initializing Q+. This may take a minute...
Elapsed time is 5.129735 seconds.
Simulated parameters:
slope: 0.410 semiSat: 0.570 beta: 1.000 sigma: 0.250 

Trial 1: baseline Stimulus Selection
Stimulus: 0.010
Output value 0.000

Q+ parameters
slope: 0.026 semiSat: 0.890 beta: 0.500 sigma: 0.010 
maxBOLD estimate = 1.000


Trial 2: maxBOLD Stimulus Selection
Stimulus: 1.000
Output value 0.795

Q+ parameters
slope: 0.034 semiSat: 1.000 beta: 1.250 sigma: 0.010 
maxBOLD estimate = 1.000


Trial 3: baseline Stimulus Selection
Stimulus: 0.010
Output value -0.142

Q+ parameters
slope: 0.034 semiSat: 1.000 beta: 1.250 sigma: 0.120 
maxBOLD estimate = 1.250


Trial 4: maxBOLD Stimulus Selection
Stimulus: 1.000
Output value 1.598

Q+ parameters
slope: 0.043 semiSat: 0.780 beta: 1.125 sigma: 0.120 
maxBOLD estimate = 1.562


Trial 5: baseline Stimulus Selection
Stimulus: 0.010
Output value -0.155

Q+ parameters
slope: 0.043 semiSat: 0.780 beta: 0.969 sigma: 0.120 
maxBOLD estimate = 1.758


Trial 6: maxBOLD Stimulus Selection
Stimulus: 1.000
Output value 1.200

Q+ parameters
slope: 0.043 semiSat: 0.780 beta: 0.969 sigma: 0.120 
maxBOLD estimate = 1.703


Trial 7: qplus Stimulus Selection
Stimulus: 0.588
Output value 0.637

Q+ parameters
slope: 0.043 semiSat: 0.780 beta: 1.062 sigma: 0.120 
maxBOLD estimate = 1.650


Trial 8: qplus Stimulus Selection
Stimulus: 0.629
Output value 1.195

Q+ parameters
slope: 0.379 semiSat: 0.560 beta: 0.750 sigma: 0.120 
maxBOLD estimate = 1.753


Trial 9: qplus Stimulus Selection
Stimulus: 0.381
Output value 0.000

Q+ parameters
slope: 0.379 semiSat: 0.560 beta: 1.031 sigma: 0.120 
maxBOLD estimate = 1.315


Trial 10: baseline Stimulus Selection
Stimulus: 0.010
Output value 0.127

Q+ parameters
slope: 0.379 semiSat: 0.560 beta: 1.031 sigma: 0.120 
maxBOLD estimate = 1.356


Trial 11: qplus Stimulus Selection
Stimulus: 0.505
Output value 0.131

Q+ parameters
slope: 0.379 semiSat: 0.560 beta: 1.031 sigma: 0.120 
maxBOLD estimate = 1.398


Trial 12: qplus Stimulus Selection
Stimulus: 0.505
Output value 0.614

Q+ parameters
slope: 0.183 semiSat: 0.560 beta: 0.938 sigma: 0.120 
maxBOLD estimate = 1.442


Trial 13: qplus Stimulus Selection
Stimulus: 0.629
Output value 1.843

Q+ parameters
slope: 0.234 semiSat: 0.560 beta: 1.250 sigma: 0.120 
maxBOLD estimate = 1.352


Trial 14: qplus Stimulus Selection
Stimulus: 0.505
Output value -0.144

Q+ parameters
slope: 0.234 semiSat: 0.560 beta: 0.938 sigma: 0.120 
maxBOLD estimate = 1.690


Trial 15: maxBOLD Stimulus Selection
Stimulus: 1.000
Output value 1.485

Q+ parameters
slope: 0.234 semiSat: 0.560 beta: 0.938 sigma: 0.120 
maxBOLD estimate = 1.584


Trial 16: qplus Stimulus Selection
Stimulus: 0.505
Output value -0.278

Q+ parameters
slope: 0.379 semiSat: 0.560 beta: 1.031 sigma: 0.120 
maxBOLD estimate = 1.485


Trial 17: qplus Stimulus Selection
Stimulus: 0.588
Output value 0.718

Q+ parameters
slope: 0.379 semiSat: 0.560 beta: 1.031 sigma: 0.120 
maxBOLD estimate = 1.531


Trial 18: qplus Stimulus Selection
Stimulus: 0.588
Output value 1.777

Q+ parameters
slope: 0.379 semiSat: 0.560 beta: 1.125 sigma: 0.230 
maxBOLD estimate = 1.579


Trial 19: qplus Stimulus Selection
Stimulus: 0.588
Output value 0.424

Q+ parameters
slope: 0.379 semiSat: 0.560 beta: 0.875 sigma: 0.230 
maxBOLD estimate = 1.777


Trial 20: baseline Stimulus Selection
Stimulus: 0.010
Output value 0.146

Q+ parameters
slope: 0.379 semiSat: 0.560 beta: 1.031 sigma: 0.230 
maxBOLD estimate = 1.554


Trial 21: qplus Stimulus Selection
Stimulus: 0.629
Output value 1.803

Q+ parameters
slope: 0.379 semiSat: 0.560 beta: 1.031 sigma: 0.230 
maxBOLD estimate = 1.603


Trial 22: qplus Stimulus Selection
Stimulus: 0.505
Output value 0.000

Q+ parameters
slope: 0.379 semiSat: 0.560 beta: 0.875 sigma: 0.120 
maxBOLD estimate = 1.653


Trial 23: qplus Stimulus Selection
Stimulus: 0.546
Output value 0.419

Q+ parameters
slope: 0.785 semiSat: 0.560 beta: 1.062 sigma: 0.230 
maxBOLD estimate = 1.447


Trial 24: qplus Stimulus Selection
Stimulus: 0.546
Output value 0.271

Q+ parameters
slope: 0.616 semiSat: 0.560 beta: 0.969 sigma: 0.230 
maxBOLD estimate = 1.537


Trial 25: maxBOLD Stimulus Selection
Stimulus: 1.000
Output value 1.582

Q+ parameters
slope: 0.785 semiSat: 0.560 beta: 1.062 sigma: 0.230 
maxBOLD estimate = 1.489


Trial 26: qplus Stimulus Selection
Stimulus: 0.546
Output value -0.252

Q+ parameters
slope: 0.785 semiSat: 0.560 beta: 0.875 sigma: 0.230 
maxBOLD estimate = 1.582


Trial 27: qplus Stimulus Selection
Stimulus: 0.588
Output value 1.337

Q+ parameters
slope: 0.785 semiSat: 0.560 beta: 1.062 sigma: 0.230 
maxBOLD estimate = 1.384


Trial 28: qplus Stimulus Selection
Stimulus: 0.546
Output value 0.852

Q+ parameters
slope: 0.785 semiSat: 0.560 beta: 1.062 sigma: 0.230 
maxBOLD estimate = 1.471


Trial 29: qplus Stimulus Selection
Stimulus: 0.588
Output value 1.811

Q+ parameters
slope: 1.000 semiSat: 0.560 beta: 1.062 sigma: 0.340 
maxBOLD estimate = 1.563


Trial 30: baseline Stimulus Selection
Stimulus: 0.010
Output value 1.698

Q+ parameters
slope: 0.026 semiSat: 0.780 beta: 1.250 sigma: 1.000 
maxBOLD estimate = 1.660


Trial 31: qplus Stimulus Selection
Stimulus: 1.000
Output value 0.566

Q+ parameters
slope: 1.000 semiSat: 0.560 beta: 0.500 sigma: 0.230 
maxBOLD estimate = 2.075


Trial 32: qplus Stimulus Selection
Stimulus: 0.629
Output value 1.698

Q+ parameters
slope: 0.016 semiSat: 1.000 beta: 1.500 sigma: 1.000 
maxBOLD estimate = 1.038


Trial 33: qplus Stimulus Selection
Stimulus: 1.000
Output value 1.804

Q+ parameters
slope: 0.785 semiSat: 0.560 beta: 1.062 sigma: 0.450 
maxBOLD estimate = 1.557


Trial 34: qplus Stimulus Selection
Stimulus: 0.629
Output value 1.917

Q+ parameters
slope: 0.785 semiSat: 0.560 beta: 1.062 sigma: 0.450 
maxBOLD estimate = 1.654


Trial 35: maxBOLD Stimulus Selection
Stimulus: 1.000
Output value 1.083

Q+ parameters
slope: 0.616 semiSat: 0.560 beta: 0.969 sigma: 0.340 
maxBOLD estimate = 1.757


Trial 36: qplus Stimulus Selection
Stimulus: 0.670
Output value 1.151

Q+ parameters
slope: 0.785 semiSat: 0.560 beta: 1.062 sigma: 0.450 
maxBOLD estimate = 1.702


Trial 37: qplus Stimulus Selection
Stimulus: 0.629
Output value 1.434

Q+ parameters
slope: 0.616 semiSat: 0.560 beta: 0.969 sigma: 0.340 
maxBOLD estimate = 1.809


Trial 38: qplus Stimulus Selection
Stimulus: 0.670
Output value 1.389

Q+ parameters
slope: 0.616 semiSat: 0.560 beta: 0.969 sigma: 0.340 
maxBOLD estimate = 1.752


Trial 39: qplus Stimulus Selection
Stimulus: 0.670
Output value 1.967

Q+ parameters
slope: 0.785 semiSat: 0.560 beta: 1.062 sigma: 0.450 
maxBOLD estimate = 1.697


Trial 40: baseline Stimulus Selection
Stimulus: 0.010
Output value -0.174

Q+ parameters
slope: 0.785 semiSat: 0.560 beta: 1.062 sigma: 0.450 
maxBOLD estimate = 1.803

--------------------------------------------------------------
FINAL VALUES
--------------------------------------------------------------
Simulated parameters:              slope: 0.410 semiSat: 0.570 beta: 1.000 sigma: 0.250 
Max posterior QUEST+ parameters:   slope: 0.616 semiSat: 0.560 beta: 0.750 sigma: 0.230 
Max BADS parameters:               slope: 0.946 semiSat: 0.590 beta: 1.000 sigma: 0.253 
maxBOLD estimate: 2.008
