/blue/stevenweisberg/stevenweisberg/MATLAB/projects/Weisberg_Aguirre_2020/scripts
c3a-s19.ufhpc
Sat Oct  3 16:23:46 EDT 2020
cp: cannot stat ‘./deploy_sim.sh’: No such file or directory
cp: cannot stat ‘./sim_wrapper.sh’: No such file or directory
------------------------------------------
Setting up environment variables
---
LD_LIBRARY_PATH is .:/apps/matlab/mcr/2020b/v99/runtime/glnxa64:/apps/matlab/mcr/2020b/v99/bin/glnxa64:/apps/matlab/mcr/2020b/v99/sys/os/glnxa64:/apps/matlab/mcr/2020b/v99/sys/opengl/lib/glnxa64
Warning: Executing startup failed in matlabrc.
This indicates a potentially serious problem in your MATLAB setup, which should be resolved as soon as possible.  Error detected was:
MATLAB:mpath:PathAlterationNotSupported
Modifying the search path is not supported by MATLAB Compiler. Remove functions that modify the search path from your MATLAB code. To make files visible to your deployed application, add the parent folder to your MATLAB session.
Warning: No stimulus domain specified. Defaulting to values between 0.01 and 1.
> In qpfmriParams (line 182)
In compiledSimulate (line 205)
Stimulus domain added from input.
Parameter slope specified as 0.41000
Parameter semiSat specified as 0.57000
Parameter beta specified as 1.00000
Parameter sigma specified as 0.15000
seed = 99seed = 104seed = 111seed = 111seed = 115seed = 101Initializing Q+. This may take a minute...
Elapsed time is 11.940531 seconds.
Simulated parameters:
slope: 0.410 semiSat: 0.570 beta: 1.000 sigma: 0.150 

Trial 1: baseline Stimulus Selection
Stimulus: 0.010
Output value 0.000

Q+ parameters
slope: 0.026 semiSat: 0.890 beta: 0.500 sigma: 0.010 
maxBOLD estimate = 1.000


Trial 2: maxBOLD Stimulus Selection
Stimulus: 1.000
Output value 1.364

Q+ parameters
slope: 0.055 semiSat: 0.670 beta: 1.250 sigma: 0.010 
maxBOLD estimate = 1.000


Trial 3: baseline Stimulus Selection
Stimulus: 0.010
Output value -0.142

Q+ parameters
slope: 0.055 semiSat: 0.670 beta: 1.250 sigma: 0.120 
maxBOLD estimate = 1.250


Trial 4: maxBOLD Stimulus Selection
Stimulus: 1.000
Output value 1.438

Q+ parameters
slope: 0.055 semiSat: 0.670 beta: 1.125 sigma: 0.120 
maxBOLD estimate = 1.562


Trial 5: baseline Stimulus Selection
Stimulus: 0.010
Output value -0.400

Q+ parameters
slope: 0.055 semiSat: 0.670 beta: 1.250 sigma: 0.120 
maxBOLD estimate = 1.758


Trial 6: maxBOLD Stimulus Selection
Stimulus: 1.000
Output value 1.498

Q+ parameters
slope: 0.034 semiSat: 1.000 beta: 1.250 sigma: 0.120 
maxBOLD estimate = 2.197


Trial 7: random Stimulus Selection
Stimulus: 0.423
Output value 0.250

Q+ parameters
slope: 0.034 semiSat: 1.000 beta: 1.000 sigma: 0.120 
maxBOLD estimate = 2.747


Trial 8: random Stimulus Selection
Stimulus: 0.423
Output value -0.250

Q+ parameters
slope: 0.055 semiSat: 1.000 beta: 1.000 sigma: 0.120 
maxBOLD estimate = 2.747


Trial 9: random Stimulus Selection
Stimulus: 0.753
Output value 0.749

Q+ parameters
slope: 1.000 semiSat: 0.450 beta: 0.500 sigma: 0.120 
maxBOLD estimate = 2.747


Trial 10: baseline Stimulus Selection
Stimulus: 0.010
Output value -0.312

Q+ parameters
slope: 0.113 semiSat: 0.560 beta: 1.250 sigma: 0.120 
maxBOLD estimate = 1.373


Trial 11: random Stimulus Selection
Stimulus: 0.216
Output value -0.176

Q+ parameters
slope: 0.089 semiSat: 0.670 beta: 1.125 sigma: 0.120 
maxBOLD estimate = 1.717


Trial 12: random Stimulus Selection
Stimulus: 0.051
Output value -0.165

Q+ parameters
slope: 0.089 semiSat: 0.670 beta: 0.938 sigma: 0.120 
maxBOLD estimate = 1.931


Trial 13: random Stimulus Selection
Stimulus: 0.381
Output value -0.329

Q+ parameters
slope: 0.113 semiSat: 0.670 beta: 1.000 sigma: 0.120 
maxBOLD estimate = 1.810


Trial 14: random Stimulus Selection
Stimulus: 0.629
Output value 1.224

Q+ parameters
slope: 0.113 semiSat: 0.670 beta: 1.062 sigma: 0.120 
maxBOLD estimate = 1.810


Trial 15: maxBOLD Stimulus Selection
Stimulus: 1.000
Output value 0.393

Q+ parameters
slope: 0.183 semiSat: 0.560 beta: 0.750 sigma: 0.120 
maxBOLD estimate = 1.924


Trial 16: random Stimulus Selection
Stimulus: 0.546
Output value 0.139

Q+ parameters
slope: 1.000 semiSat: 0.560 beta: 1.062 sigma: 0.230 
maxBOLD estimate = 1.443


Trial 17: random Stimulus Selection
Stimulus: 0.588
Output value 0.732

Q+ parameters
slope: 0.183 semiSat: 0.560 beta: 0.875 sigma: 0.120 
maxBOLD estimate = 1.533


Trial 18: random Stimulus Selection
Stimulus: 0.546
Output value 0.213

Q+ parameters
slope: 0.785 semiSat: 0.560 beta: 0.875 sigma: 0.120 
maxBOLD estimate = 1.341


Trial 19: random Stimulus Selection
Stimulus: 1.000
Output value 1.034

Q+ parameters
slope: 0.616 semiSat: 0.560 beta: 0.969 sigma: 0.120 
maxBOLD estimate = 1.174


Trial 20: baseline Stimulus Selection
Stimulus: 0.010
Output value 0.300

Q+ parameters
slope: 0.616 semiSat: 0.560 beta: 0.969 sigma: 0.120 
maxBOLD estimate = 1.137


Trial 21: random Stimulus Selection
Stimulus: 0.711
Output value 1.277

Q+ parameters
slope: 0.785 semiSat: 0.560 beta: 1.062 sigma: 0.120 
maxBOLD estimate = 1.101


Trial 22: random Stimulus Selection
Stimulus: 0.299
Output value 0.103

Q+ parameters
slope: 0.616 semiSat: 0.560 beta: 0.969 sigma: 0.120 
maxBOLD estimate = 1.170


Trial 23: random Stimulus Selection
Stimulus: 0.959
Output value 1.314

Q+ parameters
slope: 0.785 semiSat: 0.560 beta: 1.062 sigma: 0.120 
maxBOLD estimate = 1.134


Trial 24: random Stimulus Selection
Stimulus: 0.092
Output value 0.212

Q+ parameters
slope: 0.616 semiSat: 0.560 beta: 0.969 sigma: 0.120 
maxBOLD estimate = 1.205


Trial 25: maxBOLD Stimulus Selection
Stimulus: 1.000
Output value 1.353

Q+ parameters
slope: 0.785 semiSat: 0.560 beta: 1.062 sigma: 0.120 
maxBOLD estimate = 1.167


Trial 26: random Stimulus Selection
Stimulus: 0.257
Output value 0.479

Q+ parameters
slope: 1.000 semiSat: 0.560 beta: 1.062 sigma: 0.230 
maxBOLD estimate = 1.240


Trial 27: random Stimulus Selection
Stimulus: 0.010
Output value 0.580

Q+ parameters
slope: 1.000 semiSat: 0.560 beta: 0.969 sigma: 0.230 
maxBOLD estimate = 1.317


Trial 28: random Stimulus Selection
Stimulus: 1.000
Output value 1.349

Q+ parameters
slope: 1.000 semiSat: 0.560 beta: 0.969 sigma: 0.230 
maxBOLD estimate = 1.276


Trial 29: random Stimulus Selection
Stimulus: 0.505
Output value 1.012

Q+ parameters
slope: 0.234 semiSat: 0.560 beta: 1.125 sigma: 0.230 
maxBOLD estimate = 1.236


Trial 30: baseline Stimulus Selection
Stimulus: 0.010
Output value 0.490

Q+ parameters
slope: 0.298 semiSat: 0.560 beta: 0.969 sigma: 0.230 
maxBOLD estimate = 1.391

--------------------------------------------------------------
FINAL VALUES
--------------------------------------------------------------
Simulated parameters:              slope: 0.410 semiSat: 0.570 beta: 1.000 sigma: 0.150 
Max posterior QUEST+ parameters:   slope: 0.298 semiSat: 0.560 beta: 0.969 sigma: 0.230 
Max BADS parameters:               slope: 0.340 semiSat: 0.587 beta: 1.000 sigma: 0.187 
maxBOLD estimate: 1.387
