/blue/stevenweisberg/stevenweisberg/MATLAB/projects/Weisberg_Aguirre_2020/scripts
c28a-s35.ufhpc
Sat Oct  3 18:12:57 EDT 2020
cp: cannot stat ‘./deploy_sim.sh’: No such file or directory
cp: cannot stat ‘./sim_wrapper.sh’: No such file or directory
------------------------------------------
Setting up environment variables
---
LD_LIBRARY_PATH is .:/apps/matlab/mcr/2020b/v99/runtime/glnxa64:/apps/matlab/mcr/2020b/v99/bin/glnxa64:/apps/matlab/mcr/2020b/v99/sys/os/glnxa64:/apps/matlab/mcr/2020b/v99/sys/opengl/lib/glnxa64
Warning: Executing startup failed in matlabrc.
This indicates a potentially serious problem in your MATLAB setup, which should be resolved as soon as possible.  Error detected was:
MATLAB:mpath:PathAlterationNotSupported
Modifying the search path is not supported by MATLAB Compiler. Remove functions that modify the search path from your MATLAB code. To make files visible to your deployed application, add the parent folder to your MATLAB session.
Warning: No stimulus domain specified. Defaulting to values between 0.01 and 1.
> In qpfmriParams (line 182)
In compiledSimulate (line 205)
Stimulus domain added from input.
Parameter slope specified as 0.41000
Parameter semiSat specified as 0.57000
Parameter beta specified as 1.00000
Parameter sigma specified as 0.25000
seed = 99seed = 104seed = 111seed = 111seed = 115seed = 101Initializing Q+. This may take a minute...
Elapsed time is 6.033728 seconds.
Simulated parameters:
slope: 0.410 semiSat: 0.570 beta: 1.000 sigma: 0.250 

Trial 1: baseline Stimulus Selection
Stimulus: 0.010
Output value 0.000

Q+ parameters
slope: 0.026 semiSat: 0.890 beta: 0.500 sigma: 0.010 
maxBOLD estimate = 1.000


Trial 2: maxBOLD Stimulus Selection
Stimulus: 1.000
Output value 1.364

Q+ parameters
slope: 0.055 semiSat: 0.670 beta: 1.250 sigma: 0.010 
maxBOLD estimate = 1.000


Trial 3: baseline Stimulus Selection
Stimulus: 0.010
Output value -0.284

Q+ parameters
slope: 0.055 semiSat: 0.670 beta: 1.250 sigma: 0.560 
maxBOLD estimate = 1.250


Trial 4: maxBOLD Stimulus Selection
Stimulus: 1.000
Output value 0.320

Q+ parameters
slope: 0.043 semiSat: 0.780 beta: 1.125 sigma: 1.000 
maxBOLD estimate = 1.562


Trial 5: baseline Stimulus Selection
Stimulus: 0.010
Output value -0.360

Q+ parameters
slope: 0.055 semiSat: 0.670 beta: 1.125 sigma: 1.000 
maxBOLD estimate = 1.758


Trial 6: maxBOLD Stimulus Selection
Stimulus: 1.000
Output value 1.820

Q+ parameters
slope: 0.055 semiSat: 0.670 beta: 1.125 sigma: 1.000 
maxBOLD estimate = 1.978


Trial 7: random Stimulus Selection
Stimulus: 0.216
Output value 0.607

Q+ parameters
slope: 0.055 semiSat: 0.890 beta: 1.500 sigma: 1.000 
maxBOLD estimate = 2.225


Trial 8: random Stimulus Selection
Stimulus: 0.918
Output value 0.910

Q+ parameters
slope: 0.034 semiSat: 1.000 beta: 0.750 sigma: 0.120 
maxBOLD estimate = 3.337


Trial 9: random Stimulus Selection
Stimulus: 0.794
Output value 0.910

Q+ parameters
slope: 0.785 semiSat: 0.230 beta: 0.500 sigma: 0.230 
maxBOLD estimate = 2.503


Trial 10: baseline Stimulus Selection
Stimulus: 0.010
Output value 0.427

Q+ parameters
slope: 0.234 semiSat: 0.120 beta: 1.250 sigma: 1.000 
maxBOLD estimate = 1.251


Trial 11: random Stimulus Selection
Stimulus: 0.257
Output value 0.147

Q+ parameters
slope: 0.113 semiSat: 0.560 beta: 1.031 sigma: 0.450 
maxBOLD estimate = 1.564


Trial 12: random Stimulus Selection
Stimulus: 0.546
Output value 1.100

Q+ parameters
slope: 0.298 semiSat: 0.450 beta: 0.938 sigma: 0.450 
maxBOLD estimate = 1.613


Trial 13: random Stimulus Selection
Stimulus: 0.464
Output value 0.666

Q+ parameters
slope: 0.379 semiSat: 0.340 beta: 0.969 sigma: 0.780 
maxBOLD estimate = 1.512


Trial 14: random Stimulus Selection
Stimulus: 0.464
Output value 0.566

Q+ parameters
slope: 0.070 semiSat: 0.450 beta: 1.062 sigma: 0.340 
maxBOLD estimate = 1.465


Trial 15: maxBOLD Stimulus Selection
Stimulus: 1.000
Output value 1.486

Q+ parameters
slope: 0.379 semiSat: 0.340 beta: 0.875 sigma: 1.000 
maxBOLD estimate = 1.557


Trial 16: random Stimulus Selection
Stimulus: 0.340
Output value 0.921

Q+ parameters
slope: 0.070 semiSat: 0.450 beta: 1.062 sigma: 0.340 
maxBOLD estimate = 1.362


Trial 17: random Stimulus Selection
Stimulus: 0.464
Output value 0.699

Q+ parameters
slope: 0.070 semiSat: 0.450 beta: 1.062 sigma: 0.340 
maxBOLD estimate = 1.447


Trial 18: random Stimulus Selection
Stimulus: 0.876
Output value 1.573

Q+ parameters
slope: 0.234 semiSat: 0.670 beta: 0.938 sigma: 1.000 
maxBOLD estimate = 1.538


Trial 19: random Stimulus Selection
Stimulus: 0.670
Output value 1.671

Q+ parameters
slope: 0.070 semiSat: 0.450 beta: 1.062 sigma: 0.230 
maxBOLD estimate = 1.442


Trial 20: baseline Stimulus Selection
Stimulus: 0.010
Output value -0.296

Q+ parameters
slope: 0.070 semiSat: 0.450 beta: 1.062 sigma: 0.230 
maxBOLD estimate = 1.532


Trial 21: random Stimulus Selection
Stimulus: 0.175
Output value -0.259

Q+ parameters
slope: 0.785 semiSat: 0.560 beta: 0.875 sigma: 0.670 
maxBOLD estimate = 1.627


Trial 22: random Stimulus Selection
Stimulus: 0.340
Output value -0.138

Q+ parameters
slope: 0.070 semiSat: 0.450 beta: 1.062 sigma: 0.340 
maxBOLD estimate = 1.424


Trial 23: random Stimulus Selection
Stimulus: 0.794
Output value 1.607

Q+ parameters
slope: 0.070 semiSat: 0.450 beta: 1.062 sigma: 0.230 
maxBOLD estimate = 1.513


Trial 24: random Stimulus Selection
Stimulus: 0.134
Output value -0.256

Q+ parameters
slope: 0.183 semiSat: 0.450 beta: 0.875 sigma: 0.230 
maxBOLD estimate = 1.607


Trial 25: maxBOLD Stimulus Selection
Stimulus: 1.000
Output value 1.630

Q+ parameters
slope: 0.070 semiSat: 0.450 beta: 1.062 sigma: 0.230 
maxBOLD estimate = 1.407


Trial 26: random Stimulus Selection
Stimulus: 0.670
Output value 1.732

Q+ parameters
slope: 0.070 semiSat: 0.450 beta: 1.062 sigma: 0.230 
maxBOLD estimate = 1.494


Trial 27: random Stimulus Selection
Stimulus: 0.257
Output value 0.541

Q+ parameters
slope: 0.113 semiSat: 0.450 beta: 0.938 sigma: 0.230 
maxBOLD estimate = 1.588


Trial 28: random Stimulus Selection
Stimulus: 0.670
Output value 1.725

Q+ parameters
slope: 0.070 semiSat: 0.450 beta: 1.062 sigma: 0.230 
maxBOLD estimate = 1.489


Trial 29: random Stimulus Selection
Stimulus: 0.505
Output value 1.725

Q+ parameters
slope: 0.234 semiSat: 0.450 beta: 1.000 sigma: 0.230 
maxBOLD estimate = 1.582


Trial 30: baseline Stimulus Selection
Stimulus: 0.010
Output value 0.404

Q+ parameters
slope: 0.113 semiSat: 0.450 beta: 0.938 sigma: 0.230 
maxBOLD estimate = 1.582


Trial 31: random Stimulus Selection
Stimulus: 0.464
Output value 0.944

Q+ parameters
slope: 0.379 semiSat: 0.450 beta: 0.875 sigma: 0.230 
maxBOLD estimate = 1.483


Trial 32: random Stimulus Selection
Stimulus: 0.010
Output value 0.553

Q+ parameters
slope: 0.483 semiSat: 0.450 beta: 0.938 sigma: 0.340 
maxBOLD estimate = 1.297


Trial 33: random Stimulus Selection
Stimulus: 0.794
Output value 1.244

Q+ parameters
slope: 0.483 semiSat: 0.450 beta: 0.938 sigma: 0.340 
maxBOLD estimate = 1.216


Trial 34: random Stimulus Selection
Stimulus: 0.711
Output value 1.166

Q+ parameters
slope: 0.089 semiSat: 0.340 beta: 0.938 sigma: 0.450 
maxBOLD estimate = 1.140


Trial 35: maxBOLD Stimulus Selection
Stimulus: 1.000
Output value 1.093

Q+ parameters
slope: 0.089 semiSat: 0.340 beta: 0.938 sigma: 0.450 
maxBOLD estimate = 1.069


Trial 36: random Stimulus Selection
Stimulus: 0.010
Output value 0.256

Q+ parameters
slope: 0.089 semiSat: 0.340 beta: 0.938 sigma: 0.450 
maxBOLD estimate = 1.002


Trial 37: random Stimulus Selection
Stimulus: 0.670
Output value 0.993

Q+ parameters
slope: 0.055 semiSat: 0.340 beta: 0.969 sigma: 0.560 
maxBOLD estimate = 0.940


Trial 38: random Stimulus Selection
Stimulus: 0.381
Output value -0.176

Q+ parameters
slope: 0.034 semiSat: 0.450 beta: 1.062 sigma: 1.000 
maxBOLD estimate = 0.910


Trial 39: random Stimulus Selection
Stimulus: 0.753
Output value 0.989

Q+ parameters
slope: 0.089 semiSat: 0.340 beta: 0.938 sigma: 0.560 
maxBOLD estimate = 0.967


Trial 40: baseline Stimulus Selection
Stimulus: 0.010
Output value 0.618

Q+ parameters
slope: 0.089 semiSat: 0.340 beta: 0.938 sigma: 0.670 
maxBOLD estimate = 0.907

--------------------------------------------------------------
FINAL VALUES
--------------------------------------------------------------
Simulated parameters:              slope: 0.410 semiSat: 0.570 beta: 1.000 sigma: 0.250 
Max posterior QUEST+ parameters:   slope: 0.055 semiSat: 0.340 beta: 0.969 sigma: 1.000 
Max BADS parameters:               slope: 0.045 semiSat: 0.360 beta: 1.000 sigma: 1.000 
maxBOLD estimate: 0.845
