/blue/stevenweisberg/stevenweisberg/MATLAB/projects/Weisberg_Aguirre_2020/scripts
c32b-s2.ufhpc
Sat Oct  3 16:49:35 EDT 2020
cp: cannot stat ‘./deploy_sim.sh’: No such file or directory
cp: cannot stat ‘./sim_wrapper.sh’: No such file or directory
------------------------------------------
Setting up environment variables
---
LD_LIBRARY_PATH is .:/apps/matlab/mcr/2020b/v99/runtime/glnxa64:/apps/matlab/mcr/2020b/v99/bin/glnxa64:/apps/matlab/mcr/2020b/v99/sys/os/glnxa64:/apps/matlab/mcr/2020b/v99/sys/opengl/lib/glnxa64
Warning: Executing startup failed in matlabrc.
This indicates a potentially serious problem in your MATLAB setup, which should be resolved as soon as possible.  Error detected was:
MATLAB:mpath:PathAlterationNotSupported
Modifying the search path is not supported by MATLAB Compiler. Remove functions that modify the search path from your MATLAB code. To make files visible to your deployed application, add the parent folder to your MATLAB session.
Warning: No stimulus domain specified. Defaulting to values between 0.01 and 1.
> In qpfmriParams (line 182)
In compiledSimulate (line 205)
Stimulus domain added from input.
Parameter slope specified as 0.41000
Parameter semiSat specified as 0.57000
Parameter beta specified as 1.00000
Parameter sigma specified as 0.25000
seed = 99seed = 104seed = 111seed = 111seed = 115seed = 101Initializing Q+. This may take a minute...
Elapsed time is 5.664518 seconds.
Simulated parameters:
slope: 0.410 semiSat: 0.570 beta: 1.000 sigma: 0.250 

Trial 1: baseline Stimulus Selection
Stimulus: 0.010
Output value 0.000

Q+ parameters
slope: 0.026 semiSat: 0.890 beta: 0.500 sigma: 0.010 
maxBOLD estimate = 1.000


Trial 2: maxBOLD Stimulus Selection
Stimulus: 1.000
Output value 1.364

Q+ parameters
slope: 0.055 semiSat: 0.670 beta: 1.250 sigma: 0.010 
maxBOLD estimate = 1.000


Trial 3: baseline Stimulus Selection
Stimulus: 0.010
Output value -0.142

Q+ parameters
slope: 0.055 semiSat: 0.670 beta: 1.250 sigma: 0.120 
maxBOLD estimate = 1.250


Trial 4: maxBOLD Stimulus Selection
Stimulus: 1.000
Output value 1.918

Q+ parameters
slope: 0.055 semiSat: 0.670 beta: 1.125 sigma: 0.120 
maxBOLD estimate = 1.562


Trial 5: baseline Stimulus Selection
Stimulus: 0.010
Output value 0.360

Q+ parameters
slope: 0.043 semiSat: 0.780 beta: 1.125 sigma: 0.120 
maxBOLD estimate = 1.758


Trial 6: maxBOLD Stimulus Selection
Stimulus: 1.000
Output value 1.124

Q+ parameters
slope: 0.034 semiSat: 1.000 beta: 1.250 sigma: 0.120 
maxBOLD estimate = 1.978


Trial 7: random Stimulus Selection
Stimulus: 0.546
Output value -0.449

Q+ parameters
slope: 0.070 semiSat: 1.000 beta: 1.000 sigma: 0.120 
maxBOLD estimate = 2.472


Trial 8: random Stimulus Selection
Stimulus: 0.505
Output value 0.393

Q+ parameters
slope: 0.070 semiSat: 1.000 beta: 0.875 sigma: 0.120 
maxBOLD estimate = 2.472


Trial 9: random Stimulus Selection
Stimulus: 0.340
Output value -0.393

Q+ parameters
slope: 0.070 semiSat: 1.000 beta: 1.000 sigma: 0.120 
maxBOLD estimate = 2.163


Trial 10: baseline Stimulus Selection
Stimulus: 0.010
Output value -0.344

Q+ parameters
slope: 0.089 semiSat: 0.890 beta: 0.875 sigma: 0.120 
maxBOLD estimate = 2.163


Trial 11: random Stimulus Selection
Stimulus: 0.257
Output value 0.172

Q+ parameters
slope: 0.113 semiSat: 0.890 beta: 1.000 sigma: 0.120 
maxBOLD estimate = 1.893


Trial 12: random Stimulus Selection
Stimulus: 0.423
Output value -0.344

Q+ parameters
slope: 0.113 semiSat: 0.890 beta: 1.000 sigma: 0.120 
maxBOLD estimate = 1.893


Trial 13: random Stimulus Selection
Stimulus: 0.092
Output value -0.344

Q+ parameters
slope: 0.113 semiSat: 0.890 beta: 1.000 sigma: 0.120 
maxBOLD estimate = 1.893


Trial 14: random Stimulus Selection
Stimulus: 0.134
Output value -0.333

Q+ parameters
slope: 0.089 semiSat: 0.890 beta: 0.969 sigma: 0.120 
maxBOLD estimate = 1.893


Trial 15: maxBOLD Stimulus Selection
Stimulus: 1.000
Output value 0.646

Q+ parameters
slope: 0.089 semiSat: 0.890 beta: 0.969 sigma: 0.230 
maxBOLD estimate = 1.833


Trial 16: random Stimulus Selection
Stimulus: 0.876
Output value 0.727

Q+ parameters
slope: 0.144 semiSat: 0.780 beta: 0.750 sigma: 0.120 
maxBOLD estimate = 1.776


Trial 17: random Stimulus Selection
Stimulus: 0.299
Output value -0.227

Q+ parameters
slope: 0.144 semiSat: 0.780 beta: 0.938 sigma: 0.120 
maxBOLD estimate = 1.332


Trial 18: random Stimulus Selection
Stimulus: 0.010
Output value 0.106

Q+ parameters
slope: 0.144 semiSat: 0.780 beta: 0.938 sigma: 0.120 
maxBOLD estimate = 1.249


Trial 19: random Stimulus Selection
Stimulus: 0.010
Output value -0.213

Q+ parameters
slope: 0.144 semiSat: 0.780 beta: 1.000 sigma: 0.120 
maxBOLD estimate = 1.171


Trial 20: baseline Stimulus Selection
Stimulus: 0.010
Output value -0.266

Q+ parameters
slope: 0.183 semiSat: 0.780 beta: 1.250 sigma: 0.230 
maxBOLD estimate = 1.171


Trial 21: random Stimulus Selection
Stimulus: 0.588
Output value 0.815

Q+ parameters
slope: 0.483 semiSat: 0.560 beta: 0.875 sigma: 0.120 
maxBOLD estimate = 1.463


Trial 22: random Stimulus Selection
Stimulus: 0.464
Output value -0.247

Q+ parameters
slope: 0.183 semiSat: 0.670 beta: 1.062 sigma: 0.120 
maxBOLD estimate = 1.281


Trial 23: random Stimulus Selection
Stimulus: 0.588
Output value 1.446

Q+ parameters
slope: 1.000 semiSat: 0.560 beta: 1.062 sigma: 0.230 
maxBOLD estimate = 1.361


Trial 24: random Stimulus Selection
Stimulus: 0.876
Output value 1.150

Q+ parameters
slope: 0.483 semiSat: 0.560 beta: 0.875 sigma: 0.120 
maxBOLD estimate = 1.446


Trial 25: maxBOLD Stimulus Selection
Stimulus: 1.000
Output value 1.466

Q+ parameters
slope: 1.000 semiSat: 0.560 beta: 1.062 sigma: 0.230 
maxBOLD estimate = 1.265


Trial 26: random Stimulus Selection
Stimulus: 0.959
Output value 0.183

Q+ parameters
slope: 1.000 semiSat: 0.560 beta: 0.750 sigma: 0.230 
maxBOLD estimate = 1.344


Trial 27: random Stimulus Selection
Stimulus: 0.381
Output value -0.172

Q+ parameters
slope: 1.000 semiSat: 0.560 beta: 0.938 sigma: 0.230 
maxBOLD estimate = 1.008


Trial 28: random Stimulus Selection
Stimulus: 0.505
Output value -0.161

Q+ parameters
slope: 1.000 semiSat: 0.560 beta: 0.938 sigma: 0.230 
maxBOLD estimate = 0.945


Trial 29: random Stimulus Selection
Stimulus: 0.257
Output value -0.151

Q+ parameters
slope: 1.000 semiSat: 0.560 beta: 0.938 sigma: 0.230 
maxBOLD estimate = 0.886


Trial 30: baseline Stimulus Selection
Stimulus: 0.010
Output value 0.000

Q+ parameters
slope: 1.000 semiSat: 0.560 beta: 0.938 sigma: 0.230 
maxBOLD estimate = 0.831


Trial 31: random Stimulus Selection
Stimulus: 0.753
Output value 0.796

Q+ parameters
slope: 1.000 semiSat: 0.560 beta: 0.938 sigma: 0.230 
maxBOLD estimate = 0.779


Trial 32: random Stimulus Selection
Stimulus: 0.959
Output value 0.498

Q+ parameters
slope: 1.000 semiSat: 0.560 beta: 0.938 sigma: 0.230 
maxBOLD estimate = 0.730


Trial 33: random Stimulus Selection
Stimulus: 0.464
Output value -0.132

Q+ parameters
slope: 0.055 semiSat: 0.560 beta: 1.062 sigma: 1.000 
maxBOLD estimate = 0.684


Trial 34: random Stimulus Selection
Stimulus: 0.340
Output value -0.124

Q+ parameters
slope: 1.000 semiSat: 0.560 beta: 0.938 sigma: 0.230 
maxBOLD estimate = 0.727


Trial 35: maxBOLD Stimulus Selection
Stimulus: 1.000
Output value 0.527

Q+ parameters
slope: 0.055 semiSat: 0.560 beta: 1.062 sigma: 1.000 
maxBOLD estimate = 0.682


Trial 36: random Stimulus Selection
Stimulus: 0.670
Output value -0.074

Q+ parameters
slope: 0.055 semiSat: 0.670 beta: 1.125 sigma: 1.000 
maxBOLD estimate = 0.724


Trial 37: random Stimulus Selection
Stimulus: 0.670
Output value 0.130

Q+ parameters
slope: 0.379 semiSat: 0.560 beta: 0.875 sigma: 0.340 
maxBOLD estimate = 0.815


Trial 38: random Stimulus Selection
Stimulus: 0.051
Output value -0.146

Q+ parameters
slope: 0.055 semiSat: 0.670 beta: 1.125 sigma: 0.560 
maxBOLD estimate = 0.713


Trial 39: random Stimulus Selection
Stimulus: 0.299
Output value -0.128

Q+ parameters
slope: 0.113 semiSat: 0.560 beta: 0.875 sigma: 0.340 
maxBOLD estimate = 0.802


Trial 40: baseline Stimulus Selection
Stimulus: 0.010
Output value -0.191

Q+ parameters
slope: 0.026 semiSat: 0.780 beta: 1.500 sigma: 1.000 
maxBOLD estimate = 0.702

--------------------------------------------------------------
FINAL VALUES
--------------------------------------------------------------
Simulated parameters:              slope: 0.410 semiSat: 0.570 beta: 1.000 sigma: 0.250 
Max posterior QUEST+ parameters:   slope: 0.183 semiSat: 0.560 beta: 0.875 sigma: 0.340 
Max BADS parameters:               slope: 0.165 semiSat: 0.608 beta: 1.000 sigma: 0.268 
maxBOLD estimate: 1.053
