/blue/stevenweisberg/stevenweisberg/MATLAB/projects/Weisberg_Aguirre_2020/scripts
c26b-s35.ufhpc
Sat Oct  3 16:28:27 EDT 2020
cp: cannot stat ‘./deploy_sim.sh’: No such file or directory
cp: cannot stat ‘./sim_wrapper.sh’: No such file or directory
------------------------------------------
Setting up environment variables
---
LD_LIBRARY_PATH is .:/apps/matlab/mcr/2020b/v99/runtime/glnxa64:/apps/matlab/mcr/2020b/v99/bin/glnxa64:/apps/matlab/mcr/2020b/v99/sys/os/glnxa64:/apps/matlab/mcr/2020b/v99/sys/opengl/lib/glnxa64
Warning: Executing startup failed in matlabrc.
This indicates a potentially serious problem in your MATLAB setup, which should be resolved as soon as possible.  Error detected was:
MATLAB:mpath:PathAlterationNotSupported
Modifying the search path is not supported by MATLAB Compiler. Remove functions that modify the search path from your MATLAB code. To make files visible to your deployed application, add the parent folder to your MATLAB session.
Warning: No stimulus domain specified. Defaulting to values between 0.01 and 1.
> In qpfmriParams (line 182)
In compiledSimulate (line 205)
Stimulus domain added from input.
Parameter slope specified as 0.41000
Parameter semiSat specified as 0.57000
Parameter beta specified as 1.00000
Parameter sigma specified as 0.25000
seed = 99seed = 104seed = 111seed = 111seed = 115seed = 101Initializing Q+. This may take a minute...
Elapsed time is 5.178638 seconds.
Simulated parameters:
slope: 0.410 semiSat: 0.570 beta: 1.000 sigma: 0.250 

Trial 1: baseline Stimulus Selection
Stimulus: 0.010
Output value 0.000

Q+ parameters
slope: 0.026 semiSat: 0.890 beta: 0.500 sigma: 0.010 
maxBOLD estimate = 1.000


Trial 2: maxBOLD Stimulus Selection
Stimulus: 1.000
Output value 1.364

Q+ parameters
slope: 0.055 semiSat: 0.670 beta: 1.250 sigma: 0.010 
maxBOLD estimate = 1.000


Trial 3: baseline Stimulus Selection
Stimulus: 0.010
Output value 0.142

Q+ parameters
slope: 0.055 semiSat: 0.670 beta: 1.250 sigma: 0.120 
maxBOLD estimate = 1.250


Trial 4: maxBOLD Stimulus Selection
Stimulus: 1.000
Output value 2.131

Q+ parameters
slope: 0.055 semiSat: 0.670 beta: 1.250 sigma: 0.120 
maxBOLD estimate = 1.562


Trial 5: baseline Stimulus Selection
Stimulus: 0.010
Output value 1.110

Q+ parameters
slope: 0.055 semiSat: 0.670 beta: 1.250 sigma: 1.000 
maxBOLD estimate = 1.953


Trial 6: maxBOLD Stimulus Selection
Stimulus: 1.000
Output value 0.111

Q+ parameters
slope: 0.034 semiSat: 0.780 beta: 0.500 sigma: 0.230 
maxBOLD estimate = 2.441


Trial 7: random Stimulus Selection
Stimulus: 0.464
Output value 0.624

Q+ parameters
slope: 0.089 semiSat: 0.890 beta: 1.125 sigma: 1.000 
maxBOLD estimate = 1.221


Trial 8: random Stimulus Selection
Stimulus: 0.134
Output value -0.281

Q+ parameters
slope: 0.089 semiSat: 0.890 beta: 1.125 sigma: 0.670 
maxBOLD estimate = 1.373


Trial 9: random Stimulus Selection
Stimulus: 0.051
Output value 0.158

Q+ parameters
slope: 0.089 semiSat: 0.890 beta: 1.125 sigma: 0.340 
maxBOLD estimate = 1.545


Trial 10: baseline Stimulus Selection
Stimulus: 0.010
Output value 0.000

Q+ parameters
slope: 0.070 semiSat: 1.000 beta: 1.500 sigma: 0.340 
maxBOLD estimate = 1.738


Trial 11: random Stimulus Selection
Stimulus: 0.711
Output value 0.207

Q+ parameters
slope: 0.043 semiSat: 1.000 beta: 0.875 sigma: 0.120 
maxBOLD estimate = 2.607


Trial 12: random Stimulus Selection
Stimulus: 0.711
Output value 0.207

Q+ parameters
slope: 0.043 semiSat: 1.000 beta: 1.000 sigma: 0.120 
maxBOLD estimate = 2.281


Trial 13: random Stimulus Selection
Stimulus: 0.092
Output value -0.415

Q+ parameters
slope: 0.043 semiSat: 1.000 beta: 1.000 sigma: 0.120 
maxBOLD estimate = 2.281


Trial 14: random Stimulus Selection
Stimulus: 0.464
Output value -0.415

Q+ parameters
slope: 0.070 semiSat: 1.000 beta: 1.000 sigma: 0.120 
maxBOLD estimate = 2.281


Trial 15: maxBOLD Stimulus Selection
Stimulus: 1.000
Output value 1.089

Q+ parameters
slope: 0.070 semiSat: 0.890 beta: 0.750 sigma: 0.120 
maxBOLD estimate = 2.281


Trial 16: random Stimulus Selection
Stimulus: 0.794
Output value 1.750

Q+ parameters
slope: 0.785 semiSat: 0.780 beta: 0.938 sigma: 0.230 
maxBOLD estimate = 1.711


Trial 17: random Stimulus Selection
Stimulus: 0.918
Output value 1.094

Q+ parameters
slope: 0.785 semiSat: 0.780 beta: 0.938 sigma: 0.230 
maxBOLD estimate = 1.604


Trial 18: random Stimulus Selection
Stimulus: 0.876
Output value 1.153

Q+ parameters
slope: 0.785 semiSat: 0.780 beta: 0.938 sigma: 0.230 
maxBOLD estimate = 1.504


Trial 19: random Stimulus Selection
Stimulus: 0.092
Output value -0.240

Q+ parameters
slope: 0.785 semiSat: 0.780 beta: 0.938 sigma: 0.230 
maxBOLD estimate = 1.410


Trial 20: baseline Stimulus Selection
Stimulus: 0.010
Output value 0.000

Q+ parameters
slope: 0.785 semiSat: 0.780 beta: 0.938 sigma: 0.230 
maxBOLD estimate = 1.322


Trial 21: random Stimulus Selection
Stimulus: 0.423
Output value 0.106

Q+ parameters
slope: 0.785 semiSat: 0.780 beta: 0.938 sigma: 0.230 
maxBOLD estimate = 1.239


Trial 22: random Stimulus Selection
Stimulus: 0.134
Output value -0.099

Q+ parameters
slope: 0.785 semiSat: 0.780 beta: 0.938 sigma: 0.340 
maxBOLD estimate = 1.162


Trial 23: random Stimulus Selection
Stimulus: 0.876
Output value 0.557

Q+ parameters
slope: 0.785 semiSat: 0.780 beta: 0.938 sigma: 0.340 
maxBOLD estimate = 1.089


Trial 24: random Stimulus Selection
Stimulus: 0.340
Output value 0.435

Q+ parameters
slope: 0.785 semiSat: 0.780 beta: 0.938 sigma: 0.340 
maxBOLD estimate = 1.021


Trial 25: maxBOLD Stimulus Selection
Stimulus: 1.000
Output value 1.012

Q+ parameters
slope: 1.000 semiSat: 0.780 beta: 0.969 sigma: 0.340 
maxBOLD estimate = 0.957


Trial 26: random Stimulus Selection
Stimulus: 0.464
Output value 0.327

Q+ parameters
slope: 1.000 semiSat: 0.780 beta: 0.969 sigma: 0.340 
maxBOLD estimate = 0.927


Trial 27: random Stimulus Selection
Stimulus: 0.257
Output value -0.184

Q+ parameters
slope: 0.055 semiSat: 0.560 beta: 1.125 sigma: 0.780 
maxBOLD estimate = 0.898


Trial 28: random Stimulus Selection
Stimulus: 0.546
Output value 1.102

Q+ parameters
slope: 0.113 semiSat: 0.560 beta: 1.000 sigma: 0.450 
maxBOLD estimate = 1.011


Trial 29: random Stimulus Selection
Stimulus: 0.257
Output value 0.092

Q+ parameters
slope: 0.144 semiSat: 0.560 beta: 1.000 sigma: 0.450 
maxBOLD estimate = 1.011


Trial 30: baseline Stimulus Selection
Stimulus: 0.010
Output value -0.184

Q+ parameters
slope: 0.144 semiSat: 0.560 beta: 1.000 sigma: 0.450 
maxBOLD estimate = 1.011

--------------------------------------------------------------
FINAL VALUES
--------------------------------------------------------------
Simulated parameters:              slope: 0.410 semiSat: 0.570 beta: 1.000 sigma: 0.250 
Max posterior QUEST+ parameters:   slope: 0.144 semiSat: 0.560 beta: 1.000 sigma: 0.450 
Max BADS parameters:               slope: 0.139 semiSat: 0.567 beta: 1.000 sigma: 0.413 
maxBOLD estimate: 1.004
