/blue/stevenweisberg/stevenweisberg/MATLAB/projects/Weisberg_Aguirre_2020/scripts
c27b-s1.ufhpc
Sat Oct  3 17:48:20 EDT 2020
cp: cannot stat ‘./deploy_sim.sh’: No such file or directory
cp: cannot stat ‘./sim_wrapper.sh’: No such file or directory
------------------------------------------
Setting up environment variables
---
LD_LIBRARY_PATH is .:/apps/matlab/mcr/2020b/v99/runtime/glnxa64:/apps/matlab/mcr/2020b/v99/bin/glnxa64:/apps/matlab/mcr/2020b/v99/sys/os/glnxa64:/apps/matlab/mcr/2020b/v99/sys/opengl/lib/glnxa64
Warning: Executing startup failed in matlabrc.
This indicates a potentially serious problem in your MATLAB setup, which should be resolved as soon as possible.  Error detected was:
MATLAB:mpath:PathAlterationNotSupported
Modifying the search path is not supported by MATLAB Compiler. Remove functions that modify the search path from your MATLAB code. To make files visible to your deployed application, add the parent folder to your MATLAB session.
Warning: No stimulus domain specified. Defaulting to values between 0.01 and 1.
> In qpfmriParams (line 182)
In compiledSimulate (line 205)
Stimulus domain added from input.
Parameter slope specified as 0.41000
Parameter semiSat specified as 0.57000
Parameter beta specified as 1.00000
Parameter sigma specified as 0.15000
seed = 99seed = 104seed = 111seed = 111seed = 115seed = 101Initializing Q+. This may take a minute...
Elapsed time is 6.203743 seconds.
Simulated parameters:
slope: 0.410 semiSat: 0.570 beta: 1.000 sigma: 0.150 

Trial 1: baseline Stimulus Selection
Stimulus: 0.010
Output value 0.000

Q+ parameters
slope: 0.026 semiSat: 0.890 beta: 0.500 sigma: 0.010 
maxBOLD estimate = 1.000


Trial 2: maxBOLD Stimulus Selection
Stimulus: 1.000
Output value 1.364

Q+ parameters
slope: 0.055 semiSat: 0.670 beta: 1.250 sigma: 0.010 
maxBOLD estimate = 1.000


Trial 3: baseline Stimulus Selection
Stimulus: 0.010
Output value 0.568

Q+ parameters
slope: 0.055 semiSat: 0.670 beta: 1.250 sigma: 0.230 
maxBOLD estimate = 1.250


Trial 4: maxBOLD Stimulus Selection
Stimulus: 1.000
Output value 2.131

Q+ parameters
slope: 0.055 semiSat: 0.670 beta: 1.250 sigma: 0.120 
maxBOLD estimate = 1.562


Trial 5: baseline Stimulus Selection
Stimulus: 0.010
Output value -0.222

Q+ parameters
slope: 0.043 semiSat: 0.780 beta: 1.250 sigma: 0.120 
maxBOLD estimate = 1.953


Trial 6: maxBOLD Stimulus Selection
Stimulus: 1.000
Output value 1.387

Q+ parameters
slope: 0.034 semiSat: 1.000 beta: 1.250 sigma: 0.120 
maxBOLD estimate = 2.441


Trial 7: qplus Stimulus Selection
Stimulus: 0.629
Output value 0.832

Q+ parameters
slope: 0.785 semiSat: 0.120 beta: 0.500 sigma: 0.120 
maxBOLD estimate = 3.052


Trial 8: qplus Stimulus Selection
Stimulus: 0.505
Output value -0.134

Q+ parameters
slope: 0.616 semiSat: 0.560 beta: 0.969 sigma: 0.120 
maxBOLD estimate = 1.526


Trial 9: qplus Stimulus Selection
Stimulus: 0.588
Output value 1.428

Q+ parameters
slope: 0.616 semiSat: 0.560 beta: 1.062 sigma: 0.120 
maxBOLD estimate = 1.478


Trial 10: baseline Stimulus Selection
Stimulus: 0.010
Output value 0.134

Q+ parameters
slope: 0.616 semiSat: 0.560 beta: 0.938 sigma: 0.120 
maxBOLD estimate = 1.571


Trial 11: qplus Stimulus Selection
Stimulus: 0.629
Output value 1.707

Q+ parameters
slope: 0.616 semiSat: 0.560 beta: 1.062 sigma: 0.120 
maxBOLD estimate = 1.472


Trial 12: qplus Stimulus Selection
Stimulus: 0.546
Output value 0.276

Q+ parameters
slope: 1.000 semiSat: 0.560 beta: 0.969 sigma: 0.120 
maxBOLD estimate = 1.564


Trial 13: qplus Stimulus Selection
Stimulus: 0.588
Output value 1.201

Q+ parameters
slope: 0.616 semiSat: 0.560 beta: 0.969 sigma: 0.120 
maxBOLD estimate = 1.516


Trial 14: qplus Stimulus Selection
Stimulus: 0.546
Output value 0.993

Q+ parameters
slope: 0.616 semiSat: 0.560 beta: 1.062 sigma: 0.120 
maxBOLD estimate = 1.468


Trial 15: maxBOLD Stimulus Selection
Stimulus: 1.000
Output value 1.808

Q+ parameters
slope: 0.616 semiSat: 0.560 beta: 1.062 sigma: 0.120 
maxBOLD estimate = 1.560


Trial 16: qplus Stimulus Selection
Stimulus: 0.546
Output value 1.055

Q+ parameters
slope: 0.483 semiSat: 0.560 beta: 1.000 sigma: 0.120 
maxBOLD estimate = 1.657


Trial 17: qplus Stimulus Selection
Stimulus: 0.505
Output value 0.452

Q+ parameters
slope: 0.483 semiSat: 0.560 beta: 1.000 sigma: 0.120 
maxBOLD estimate = 1.657


Trial 18: qplus Stimulus Selection
Stimulus: 0.588
Output value 0.730

Q+ parameters
slope: 0.379 semiSat: 0.560 beta: 0.969 sigma: 0.120 
maxBOLD estimate = 1.657


Trial 19: qplus Stimulus Selection
Stimulus: 0.505
Output value 0.000

Q+ parameters
slope: 0.379 semiSat: 0.560 beta: 1.031 sigma: 0.120 
maxBOLD estimate = 1.606


Trial 20: baseline Stimulus Selection
Stimulus: 0.010
Output value -0.339

Q+ parameters
slope: 0.379 semiSat: 0.560 beta: 1.125 sigma: 0.120 
maxBOLD estimate = 1.656


Trial 21: qplus Stimulus Selection
Stimulus: 0.588
Output value 0.593

Q+ parameters
slope: 0.379 semiSat: 0.560 beta: 0.875 sigma: 0.120 
maxBOLD estimate = 1.863


Trial 22: qplus Stimulus Selection
Stimulus: 0.505
Output value 0.000

Q+ parameters
slope: 0.379 semiSat: 0.560 beta: 1.125 sigma: 0.120 
maxBOLD estimate = 1.630


Trial 23: qplus Stimulus Selection
Stimulus: 0.546
Output value 0.292

Q+ parameters
slope: 0.379 semiSat: 0.560 beta: 0.875 sigma: 0.120 
maxBOLD estimate = 1.834


Trial 24: qplus Stimulus Selection
Stimulus: 0.588
Output value 0.903

Q+ parameters
slope: 0.379 semiSat: 0.560 beta: 1.031 sigma: 0.120 
maxBOLD estimate = 1.604


Trial 25: maxBOLD Stimulus Selection
Stimulus: 1.000
Output value 0.564

Q+ parameters
slope: 0.379 semiSat: 0.560 beta: 0.938 sigma: 0.120 
maxBOLD estimate = 1.655


Trial 26: qplus Stimulus Selection
Stimulus: 0.546
Output value -0.300

Q+ parameters
slope: 0.785 semiSat: 0.560 beta: 1.062 sigma: 0.230 
maxBOLD estimate = 1.551


Trial 27: qplus Stimulus Selection
Stimulus: 0.588
Output value 0.618

Q+ parameters
slope: 0.379 semiSat: 0.560 beta: 1.031 sigma: 0.230 
maxBOLD estimate = 1.648


Trial 28: qplus Stimulus Selection
Stimulus: 0.588
Output value 0.811

Q+ parameters
slope: 0.379 semiSat: 0.560 beta: 0.875 sigma: 0.120 
maxBOLD estimate = 1.700


Trial 29: qplus Stimulus Selection
Stimulus: 0.588
Output value 1.149

Q+ parameters
slope: 0.616 semiSat: 0.560 beta: 1.062 sigma: 0.230 
maxBOLD estimate = 1.487


Trial 30: baseline Stimulus Selection
Stimulus: 0.010
Output value -0.296

Q+ parameters
slope: 0.379 semiSat: 0.560 beta: 1.031 sigma: 0.120 
maxBOLD estimate = 1.580


Trial 31: qplus Stimulus Selection
Stimulus: 0.546
Output value 0.764

Q+ parameters
slope: 0.379 semiSat: 0.560 beta: 1.031 sigma: 0.120 
maxBOLD estimate = 1.630


Trial 32: qplus Stimulus Selection
Stimulus: 0.546
Output value 0.716

Q+ parameters
slope: 0.379 semiSat: 0.560 beta: 0.938 sigma: 0.120 
maxBOLD estimate = 1.680


Trial 33: qplus Stimulus Selection
Stimulus: 0.546
Output value 0.000

Q+ parameters
slope: 0.616 semiSat: 0.560 beta: 1.062 sigma: 0.230 
maxBOLD estimate = 1.575


Trial 34: qplus Stimulus Selection
Stimulus: 0.588
Output value 0.471

Q+ parameters
slope: 0.379 semiSat: 0.560 beta: 1.031 sigma: 0.230 
maxBOLD estimate = 1.674


Trial 35: maxBOLD Stimulus Selection
Stimulus: 1.000
Output value 1.295

Q+ parameters
slope: 0.379 semiSat: 0.560 beta: 1.031 sigma: 0.230 
maxBOLD estimate = 1.726


Trial 36: qplus Stimulus Selection
Stimulus: 0.588
Output value 0.850

Q+ parameters
slope: 0.379 semiSat: 0.560 beta: 0.875 sigma: 0.120 
maxBOLD estimate = 1.780


Trial 37: qplus Stimulus Selection
Stimulus: 0.588
Output value 0.584

Q+ parameters
slope: 0.379 semiSat: 0.560 beta: 1.031 sigma: 0.230 
maxBOLD estimate = 1.558


Trial 38: qplus Stimulus Selection
Stimulus: 0.629
Output value 0.904

Q+ parameters
slope: 0.379 semiSat: 0.560 beta: 1.031 sigma: 0.230 
maxBOLD estimate = 1.606


Trial 39: qplus Stimulus Selection
Stimulus: 0.505
Output value -0.311

Q+ parameters
slope: 0.379 semiSat: 0.560 beta: 1.031 sigma: 0.230 
maxBOLD estimate = 1.657


Trial 40: baseline Stimulus Selection
Stimulus: 0.010
Output value -0.320

Q+ parameters
slope: 0.379 semiSat: 0.560 beta: 1.031 sigma: 0.230 
maxBOLD estimate = 1.708

--------------------------------------------------------------
FINAL VALUES
--------------------------------------------------------------
Simulated parameters:              slope: 0.410 semiSat: 0.570 beta: 1.000 sigma: 0.150 
Max posterior QUEST+ parameters:   slope: 0.379 semiSat: 0.560 beta: 1.031 sigma: 0.230 
Max BADS parameters:               slope: 0.316 semiSat: 0.564 beta: 1.000 sigma: 0.164 
maxBOLD estimate: 1.670
