/blue/stevenweisberg/stevenweisberg/MATLAB/projects/Weisberg_Aguirre_2020/scripts
c10a-s32.ufhpc
Sat Oct  3 17:00:25 EDT 2020
cp: cannot stat ‘./deploy_sim.sh’: No such file or directory
cp: cannot stat ‘./sim_wrapper.sh’: No such file or directory
------------------------------------------
Setting up environment variables
---
LD_LIBRARY_PATH is .:/apps/matlab/mcr/2020b/v99/runtime/glnxa64:/apps/matlab/mcr/2020b/v99/bin/glnxa64:/apps/matlab/mcr/2020b/v99/sys/os/glnxa64:/apps/matlab/mcr/2020b/v99/sys/opengl/lib/glnxa64
Warning: Executing startup failed in matlabrc.
This indicates a potentially serious problem in your MATLAB setup, which should be resolved as soon as possible.  Error detected was:
MATLAB:mpath:PathAlterationNotSupported
Modifying the search path is not supported by MATLAB Compiler. Remove functions that modify the search path from your MATLAB code. To make files visible to your deployed application, add the parent folder to your MATLAB session.
Warning: No stimulus domain specified. Defaulting to values between 0.01 and 1.
> In qpfmriParams (line 182)
In compiledSimulate (line 205)
Stimulus domain added from input.
Parameter slope specified as 0.41000
Parameter semiSat specified as 0.57000
Parameter beta specified as 1.00000
Parameter sigma specified as 0.25000
seed = 99seed = 104seed = 111seed = 111seed = 115seed = 101Initializing Q+. This may take a minute...
Elapsed time is 9.215161 seconds.
Simulated parameters:
slope: 0.410 semiSat: 0.570 beta: 1.000 sigma: 0.250 

Trial 1: baseline Stimulus Selection
Stimulus: 0.010
Output value 0.000

Q+ parameters
slope: 0.026 semiSat: 0.890 beta: 0.500 sigma: 0.010 
maxBOLD estimate = 1.000


Trial 2: maxBOLD Stimulus Selection
Stimulus: 1.000
Output value 0.920

Q+ parameters
slope: 0.043 semiSat: 0.780 beta: 1.125 sigma: 0.010 
maxBOLD estimate = 1.000


Trial 3: baseline Stimulus Selection
Stimulus: 0.010
Output value 1.381

Q+ parameters
slope: 0.026 semiSat: 0.780 beta: 1.500 sigma: 1.000 
maxBOLD estimate = 1.125


Trial 4: maxBOLD Stimulus Selection
Stimulus: 1.000
Output value 1.553

Q+ parameters
slope: 0.055 semiSat: 0.670 beta: 1.125 sigma: 1.000 
maxBOLD estimate = 1.688


Trial 5: baseline Stimulus Selection
Stimulus: 0.010
Output value 0.000

Q+ parameters
slope: 0.043 semiSat: 0.780 beta: 1.250 sigma: 1.000 
maxBOLD estimate = 1.898


Trial 6: maxBOLD Stimulus Selection
Stimulus: 1.000
Output value 0.431

Q+ parameters
slope: 0.034 semiSat: 0.780 beta: 0.500 sigma: 0.120 
maxBOLD estimate = 2.373


Trial 7: qplus Stimulus Selection
Stimulus: 0.711
Output value 0.162

Q+ parameters
slope: 0.043 semiSat: 0.780 beta: 1.500 sigma: 1.000 
maxBOLD estimate = 1.187


Trial 8: qplus Stimulus Selection
Stimulus: 1.000
Output value 0.000

Q+ parameters
slope: 0.055 semiSat: 1.000 beta: 0.750 sigma: 0.230 
maxBOLD estimate = 1.780


Trial 9: qplus Stimulus Selection
Stimulus: 0.629
Output value -0.303

Q+ parameters
slope: 0.144 semiSat: 1.000 beta: 1.250 sigma: 1.000 
maxBOLD estimate = 1.335


Trial 10: baseline Stimulus Selection
Stimulus: 0.010
Output value -0.455

Q+ parameters
slope: 0.144 semiSat: 1.000 beta: 1.500 sigma: 1.000 
maxBOLD estimate = 1.669


Trial 11: qplus Stimulus Selection
Stimulus: 0.711
Output value 0.683

Q+ parameters
slope: 0.043 semiSat: 1.000 beta: 0.750 sigma: 0.230 
maxBOLD estimate = 2.503


Trial 12: qplus Stimulus Selection
Stimulus: 0.835
Output value 0.768

Q+ parameters
slope: 0.234 semiSat: 1.000 beta: 1.500 sigma: 1.000 
maxBOLD estimate = 1.877


Trial 13: qplus Stimulus Selection
Stimulus: 0.711
Output value 0.512

Q+ parameters
slope: 0.026 semiSat: 0.780 beta: 0.500 sigma: 0.120 
maxBOLD estimate = 2.816


Trial 14: qplus Stimulus Selection
Stimulus: 0.835
Output value 0.192

Q+ parameters
slope: 0.089 semiSat: 0.120 beta: 0.750 sigma: 1.000 
maxBOLD estimate = 1.408


Trial 15: maxBOLD Stimulus Selection
Stimulus: 1.000
Output value 0.558

Q+ parameters
slope: 0.013 semiSat: 0.010 beta: 0.969 sigma: 1.000 
maxBOLD estimate = 1.056


Trial 16: qplus Stimulus Selection
Stimulus: 0.835
Output value 0.901

Q+ parameters
slope: 0.013 semiSat: 0.010 beta: 0.969 sigma: 1.000 
maxBOLD estimate = 1.023


Trial 17: qplus Stimulus Selection
Stimulus: 0.835
Output value 0.524

Q+ parameters
slope: 0.013 semiSat: 0.010 beta: 0.969 sigma: 1.000 
maxBOLD estimate = 0.991


Trial 18: qplus Stimulus Selection
Stimulus: 0.835
Output value 0.761

Q+ parameters
slope: 0.013 semiSat: 0.010 beta: 0.969 sigma: 1.000 
maxBOLD estimate = 0.960


Trial 19: qplus Stimulus Selection
Stimulus: 0.835
Output value 0.983

Q+ parameters
slope: 0.013 semiSat: 0.010 beta: 0.969 sigma: 1.000 
maxBOLD estimate = 0.930


Trial 20: baseline Stimulus Selection
Stimulus: 0.010
Output value -0.079

Q+ parameters
slope: 0.013 semiSat: 0.010 beta: 0.969 sigma: 1.000 
maxBOLD estimate = 0.901


Trial 21: qplus Stimulus Selection
Stimulus: 0.835
Output value 0.764

Q+ parameters
slope: 0.034 semiSat: 0.010 beta: 0.875 sigma: 1.000 
maxBOLD estimate = 0.873


Trial 22: qplus Stimulus Selection
Stimulus: 0.876
Output value 0.729

Q+ parameters
slope: 0.034 semiSat: 0.010 beta: 0.875 sigma: 1.000 
maxBOLD estimate = 0.764


Trial 23: qplus Stimulus Selection
Stimulus: 0.835
Output value 0.638

Q+ parameters
slope: 0.034 semiSat: 0.010 beta: 0.875 sigma: 1.000 
maxBOLD estimate = 0.668


Trial 24: qplus Stimulus Selection
Stimulus: 0.835
Output value 0.558

Q+ parameters
slope: 0.034 semiSat: 0.010 beta: 0.875 sigma: 1.000 
maxBOLD estimate = 0.585


Trial 25: maxBOLD Stimulus Selection
Stimulus: 1.000
Output value 0.488

Q+ parameters
slope: 0.034 semiSat: 0.010 beta: 0.875 sigma: 1.000 
maxBOLD estimate = 0.512


Trial 26: qplus Stimulus Selection
Stimulus: 0.629
Output value 0.458

Q+ parameters
slope: 0.043 semiSat: 0.010 beta: 0.938 sigma: 0.670 
maxBOLD estimate = 0.448


Trial 27: qplus Stimulus Selection
Stimulus: 0.134
Output value -0.081

Q+ parameters
slope: 0.021 semiSat: 0.230 beta: 1.062 sigma: 1.000 
maxBOLD estimate = 0.420


Trial 28: qplus Stimulus Selection
Stimulus: 0.959
Output value 0.517

Q+ parameters
slope: 0.021 semiSat: 0.230 beta: 1.062 sigma: 1.000 
maxBOLD estimate = 0.446


Trial 29: qplus Stimulus Selection
Stimulus: 0.959
Output value 0.549

Q+ parameters
slope: 0.021 semiSat: 0.230 beta: 1.062 sigma: 1.000 
maxBOLD estimate = 0.474


Trial 30: baseline Stimulus Selection
Stimulus: 0.010
Output value 0.458

Q+ parameters
slope: 0.010 semiSat: 0.560 beta: 1.250 sigma: 1.000 
maxBOLD estimate = 0.503


Trial 31: qplus Stimulus Selection
Stimulus: 0.835
Output value 0.858

Q+ parameters
slope: 0.010 semiSat: 0.560 beta: 1.250 sigma: 1.000 
maxBOLD estimate = 0.629


Trial 32: qplus Stimulus Selection
Stimulus: 0.835
Output value 1.073

Q+ parameters
slope: 0.010 semiSat: 0.560 beta: 1.250 sigma: 1.000 
maxBOLD estimate = 0.787


Trial 33: qplus Stimulus Selection
Stimulus: 0.835
Output value 1.117

Q+ parameters
slope: 0.010 semiSat: 0.560 beta: 1.250 sigma: 1.000 
maxBOLD estimate = 0.983


Trial 34: qplus Stimulus Selection
Stimulus: 0.835
Output value 1.005

Q+ parameters
slope: 0.043 semiSat: 0.010 beta: 0.750 sigma: 1.000 
maxBOLD estimate = 1.229


Trial 35: maxBOLD Stimulus Selection
Stimulus: 1.000
Output value 0.524

Q+ parameters
slope: 0.010 semiSat: 0.560 beta: 1.250 sigma: 1.000 
maxBOLD estimate = 0.922


Trial 36: qplus Stimulus Selection
Stimulus: 0.835
Output value 0.393

Q+ parameters
slope: 0.010 semiSat: 0.560 beta: 1.250 sigma: 1.000 
maxBOLD estimate = 1.152


Trial 37: qplus Stimulus Selection
Stimulus: 0.835
Output value 1.669

Q+ parameters
slope: 0.016 semiSat: 0.670 beta: 1.062 sigma: 1.000 
maxBOLD estimate = 1.440


Trial 38: qplus Stimulus Selection
Stimulus: 0.134
Output value -0.209

Q+ parameters
slope: 0.034 semiSat: 0.340 beta: 0.750 sigma: 1.000 
maxBOLD estimate = 1.530


Trial 39: qplus Stimulus Selection
Stimulus: 0.051
Output value -0.196

Q+ parameters
slope: 0.010 semiSat: 0.120 beta: 0.938 sigma: 1.000 
maxBOLD estimate = 1.148


Trial 40: baseline Stimulus Selection
Stimulus: 0.010
Output value -0.208

Q+ parameters
slope: 0.016 semiSat: 0.230 beta: 1.062 sigma: 1.000 
maxBOLD estimate = 1.076

--------------------------------------------------------------
FINAL VALUES
--------------------------------------------------------------
Simulated parameters:              slope: 0.410 semiSat: 0.570 beta: 1.000 sigma: 0.250 
Max posterior QUEST+ parameters:   slope: 0.016 semiSat: 0.230 beta: 1.062 sigma: 1.000 
Max BADS parameters:               slope: 0.021 semiSat: 0.144 beta: 1.000 sigma: 1.000 
maxBOLD estimate: 1.143
