/blue/stevenweisberg/stevenweisberg/MATLAB/projects/Weisberg_Aguirre_2020/scripts
c28a-s22.ufhpc
Sat Oct  3 20:23:26 EDT 2020
cp: cannot stat ‘/blue/stevenweisberg/stevenweisberg/qpfMRIResults/deploy_sim.sh’: No such file or directory
cp: cannot stat ‘/blue/stevenweisberg/stevenweisberg/qpfMRIResults/sim_wrapper.sh’: No such file or directory
------------------------------------------
Setting up environment variables
---
LD_LIBRARY_PATH is .:/apps/matlab/mcr/2020b/v99/runtime/glnxa64:/apps/matlab/mcr/2020b/v99/bin/glnxa64:/apps/matlab/mcr/2020b/v99/sys/os/glnxa64:/apps/matlab/mcr/2020b/v99/sys/opengl/lib/glnxa64
Warning: Executing startup failed in matlabrc.
This indicates a potentially serious problem in your MATLAB setup, which should be resolved as soon as possible.  Error detected was:
MATLAB:mpath:PathAlterationNotSupported
Modifying the search path is not supported by MATLAB Compiler. Remove functions that modify the search path from your MATLAB code. To make files visible to your deployed application, add the parent folder to your MATLAB session.
Warning: No stimulus domain specified. Defaulting to values between 0.01 and 1.
> In qpfmriParams (line 182)
In compiledSimulate (line 205)
Stimulus domain added from input.
Parameter slope specified as 0.41000
Parameter semiSat specified as 0.57000
Parameter beta specified as 1.00000
Parameter sigma specified as 0.25000
seed = 99seed = 104seed = 111seed = 111seed = 115seed = 101Initializing Q+. This may take a minute...
Elapsed time is 6.092849 seconds.
Simulated parameters:
slope: 0.410 semiSat: 0.570 beta: 1.000 sigma: 0.250 

Trial 1: baseline Stimulus Selection
Stimulus: 0.010
Output value 0.000

Q+ parameters
slope: 0.026 semiSat: 0.890 beta: 0.500 sigma: 0.010 
maxBOLD estimate = 1.000


Trial 2: maxBOLD Stimulus Selection
Stimulus: 1.000
Output value 1.364

Q+ parameters
slope: 0.055 semiSat: 0.670 beta: 1.250 sigma: 0.010 
maxBOLD estimate = 1.000


Trial 3: baseline Stimulus Selection
Stimulus: 0.010
Output value 0.000

Q+ parameters
slope: 0.055 semiSat: 0.670 beta: 1.250 sigma: 0.010 
maxBOLD estimate = 1.250


Trial 4: maxBOLD Stimulus Selection
Stimulus: 1.000
Output value 2.131

Q+ parameters
slope: 0.055 semiSat: 0.670 beta: 1.250 sigma: 0.120 
maxBOLD estimate = 1.562


Trial 5: baseline Stimulus Selection
Stimulus: 0.010
Output value 0.666

Q+ parameters
slope: 0.055 semiSat: 0.670 beta: 1.250 sigma: 0.230 
maxBOLD estimate = 1.953


Trial 6: maxBOLD Stimulus Selection
Stimulus: 1.000
Output value 1.505

Q+ parameters
slope: 0.043 semiSat: 0.780 beta: 0.969 sigma: 0.120 
maxBOLD estimate = 2.441


Trial 7: random Stimulus Selection
Stimulus: 0.918
Output value 1.881

Q+ parameters
slope: 0.113 semiSat: 0.890 beta: 1.250 sigma: 0.230 
maxBOLD estimate = 2.365


Trial 8: random Stimulus Selection
Stimulus: 0.670
Output value 1.142

Q+ parameters
slope: 0.055 semiSat: 0.890 beta: 1.062 sigma: 0.120 
maxBOLD estimate = 2.956


Trial 9: random Stimulus Selection
Stimulus: 0.629
Output value 1.285

Q+ parameters
slope: 0.043 semiSat: 0.670 beta: 0.750 sigma: 0.120 
maxBOLD estimate = 3.141


Trial 10: baseline Stimulus Selection
Stimulus: 0.010
Output value -0.482

Q+ parameters
slope: 0.043 semiSat: 0.560 beta: 1.125 sigma: 0.120 
maxBOLD estimate = 2.356


Trial 11: random Stimulus Selection
Stimulus: 0.051
Output value -0.211

Q+ parameters
slope: 0.070 semiSat: 0.670 beta: 0.875 sigma: 0.120 
maxBOLD estimate = 2.650


Trial 12: random Stimulus Selection
Stimulus: 0.464
Output value 0.652

Q+ parameters
slope: 0.055 semiSat: 0.670 beta: 1.031 sigma: 0.120 
maxBOLD estimate = 2.319


Trial 13: random Stimulus Selection
Stimulus: 0.918
Output value 1.712

Q+ parameters
slope: 0.144 semiSat: 0.670 beta: 0.875 sigma: 0.120 
maxBOLD estimate = 2.392


Trial 14: random Stimulus Selection
Stimulus: 0.340
Output value 1.902

Q+ parameters
slope: 0.055 semiSat: 0.670 beta: 1.250 sigma: 0.230 
maxBOLD estimate = 2.093


Trial 15: maxBOLD Stimulus Selection
Stimulus: 1.000
Output value 1.962

Q+ parameters
slope: 0.070 semiSat: 0.780 beta: 1.031 sigma: 0.120 
maxBOLD estimate = 2.616


Trial 16: random Stimulus Selection
Stimulus: 0.918
Output value 1.226

Q+ parameters
slope: 0.055 semiSat: 0.890 beta: 1.250 sigma: 0.120 
maxBOLD estimate = 2.697


Trial 17: random Stimulus Selection
Stimulus: 0.257
Output value 0.326

Q+ parameters
slope: 0.055 semiSat: 0.890 beta: 1.062 sigma: 0.120 
maxBOLD estimate = 3.372


Trial 18: random Stimulus Selection
Stimulus: 0.505
Output value -0.814

Q+ parameters
slope: 0.043 semiSat: 1.000 beta: 1.250 sigma: 0.120 
maxBOLD estimate = 3.583


Trial 19: random Stimulus Selection
Stimulus: 0.299
Output value 0.407

Q+ parameters
slope: 0.043 semiSat: 1.000 beta: 1.000 sigma: 0.120 
maxBOLD estimate = 4.478


Trial 20: baseline Stimulus Selection
Stimulus: 0.010
Output value 0.204

Q+ parameters
slope: 0.089 semiSat: 0.780 beta: 0.500 sigma: 0.120 
maxBOLD estimate = 4.478


Trial 21: random Stimulus Selection
Stimulus: 0.051
Output value 1.832

Q+ parameters
slope: 0.234 semiSat: 0.670 beta: 1.500 sigma: 0.230 
maxBOLD estimate = 2.239


Trial 22: random Stimulus Selection
Stimulus: 0.092
Output value 0.649

Q+ parameters
slope: 0.055 semiSat: 0.890 beta: 1.062 sigma: 0.120 
maxBOLD estimate = 3.359


Trial 23: random Stimulus Selection
Stimulus: 0.835
Output value 2.433

Q+ parameters
slope: 0.043 semiSat: 1.000 beta: 1.250 sigma: 0.120 
maxBOLD estimate = 3.569


Trial 24: random Stimulus Selection
Stimulus: 1.000
Output value 1.014

Q+ parameters
slope: 0.144 semiSat: 0.670 beta: 0.500 sigma: 0.120 
maxBOLD estimate = 4.461


Trial 25: maxBOLD Stimulus Selection
Stimulus: 1.000
Output value 3.650

Q+ parameters
slope: 0.234 semiSat: 0.670 beta: 1.500 sigma: 0.230 
maxBOLD estimate = 2.230


Trial 26: random Stimulus Selection
Stimulus: 0.340
Output value -0.228

Q+ parameters
slope: 0.183 semiSat: 0.670 beta: 0.750 sigma: 0.120 
maxBOLD estimate = 3.346


Trial 27: random Stimulus Selection
Stimulus: 0.299
Output value 2.566

Q+ parameters
slope: 0.055 semiSat: 0.670 beta: 1.250 sigma: 0.230 
maxBOLD estimate = 2.509


Trial 28: random Stimulus Selection
Stimulus: 0.876
Output value 2.138

Q+ parameters
slope: 0.055 semiSat: 0.890 beta: 1.250 sigma: 0.120 
maxBOLD estimate = 3.136


Trial 29: random Stimulus Selection
Stimulus: 0.711
Output value 0.356

Q+ parameters
slope: 0.055 semiSat: 0.890 beta: 1.000 sigma: 0.120 
maxBOLD estimate = 3.921


Trial 30: baseline Stimulus Selection
Stimulus: 0.010
Output value 0.178

Q+ parameters
slope: 1.000 semiSat: 0.560 beta: 0.500 sigma: 0.120 
maxBOLD estimate = 3.921

--------------------------------------------------------------
FINAL VALUES
--------------------------------------------------------------
Simulated parameters:              slope: 0.410 semiSat: 0.570 beta: 1.000 sigma: 0.250 
Max posterior QUEST+ parameters:   slope: 0.234 semiSat: 0.670 beta: 1.250 sigma: 0.230 
Max BADS parameters:               slope: 0.218 semiSat: 0.661 beta: 1.000 sigma: 0.168 
maxBOLD estimate: 1.960
