/blue/stevenweisberg/stevenweisberg/MATLAB/projects/Weisberg_Aguirre_2020/scripts/run_sims
c0700a-s2.ufhpc
Tue Apr  6 22:10:55 EDT 2021
mkdir: cannot create directory ‘/blue/stevenweisberg/stevenweisberg/qpfMRIResults/model_parameter_set2/’: File exists
cp: cannot stat ‘/blue/stevenweisberg/stevenweisberg/qpfMRIResults/deploy_sim.sh’: No such file or directory
cp: cannot stat ‘/blue/stevenweisberg/stevenweisberg/qpfMRIResults/sim_wrapper.sh’: No such file or directory
------------------------------------------
Setting up environment variables
---
LD_LIBRARY_PATH is .:/apps/matlab/mcr/2020b/v99/runtime/glnxa64:/apps/matlab/mcr/2020b/v99/bin/glnxa64:/apps/matlab/mcr/2020b/v99/sys/os/glnxa64:/apps/matlab/mcr/2020b/v99/sys/opengl/lib/glnxa64
Warning: Executing startup failed in matlabrc.
This indicates a potentially serious problem in your MATLAB setup, which should be resolved as soon as possible.  Error detected was:
MATLAB:mpath:PathAlterationNotSupported
Modifying the search path is not supported by MATLAB Compiler. Remove functions that modify the search path from your MATLAB code. To make files visible to your deployed application, add the parent folder to your MATLAB session.
Warning: No stimulus domain specified. Defaulting to values between 0.01 and 1.
> In qpfmriParams (line 182)
In compiledSimulate (line 205)
Stimulus domain added from input.
Parameter slope specified as 0.20000
Parameter semiSat specified as 0.57000
Parameter beta specified as 1.00000
Parameter sigma specified as 0.15000
seed = 99seed = 104seed = 111seed = 111seed = 115seed = 101Initializing Q+. This may take a minute...
Elapsed time is 6.680062 seconds.
Simulated parameters:
slope: 0.200 semiSat: 0.570 beta: 1.000 sigma: 0.150 

Trial 1: baseline Stimulus Selection
Stimulus: 0.010
Output value 0.000

Q+ parameters
slope: 0.026 semiSat: 0.890 beta: 0.500 sigma: 0.010 
maxBOLD estimate = 1.000


Trial 2: maxBOLD Stimulus Selection
Stimulus: 1.000
Output value 0.920

Q+ parameters
slope: 0.043 semiSat: 0.780 beta: 1.125 sigma: 0.010 
maxBOLD estimate = 1.000


Trial 3: baseline Stimulus Selection
Stimulus: 0.010
Output value -0.256

Q+ parameters
slope: 0.055 semiSat: 0.670 beta: 1.250 sigma: 0.166 
maxBOLD estimate = 1.125


Trial 4: maxBOLD Stimulus Selection
Stimulus: 1.000
Output value 1.438

Q+ parameters
slope: 0.055 semiSat: 0.670 beta: 1.125 sigma: 0.062 
maxBOLD estimate = 1.406


Trial 5: baseline Stimulus Selection
Stimulus: 0.010
Output value -0.180

Q+ parameters
slope: 0.055 semiSat: 0.670 beta: 1.250 sigma: 0.062 
maxBOLD estimate = 1.582


Trial 6: maxBOLD Stimulus Selection
Stimulus: 1.000
Output value 2.225

Q+ parameters
slope: 0.043 semiSat: 0.780 beta: 1.125 sigma: 0.114 
maxBOLD estimate = 1.978


Trial 7: qplus Stimulus Selection
Stimulus: 0.505
Output value 0.588

Q+ parameters
slope: 0.043 semiSat: 0.780 beta: 0.969 sigma: 0.062 
maxBOLD estimate = 2.225


Trial 8: qplus Stimulus Selection
Stimulus: 0.711
Output value 1.616

Q+ parameters
slope: 0.089 semiSat: 0.450 beta: 0.750 sigma: 0.114 
maxBOLD estimate = 2.155


Trial 9: qplus Stimulus Selection
Stimulus: 0.505
Output value 2.645

Q+ parameters
slope: 0.089 semiSat: 0.450 beta: 1.500 sigma: 0.166 
maxBOLD estimate = 1.616


Trial 10: baseline Stimulus Selection
Stimulus: 0.010
Output value -0.165

Q+ parameters
slope: 0.089 semiSat: 0.450 beta: 0.750 sigma: 0.062 
maxBOLD estimate = 2.425


Trial 11: qplus Stimulus Selection
Stimulus: 0.381
Output value 0.000

Q+ parameters
slope: 0.144 semiSat: 0.560 beta: 1.500 sigma: 0.114 
maxBOLD estimate = 1.818


Trial 12: qplus Stimulus Selection
Stimulus: 0.505
Output value 1.488

Q+ parameters
slope: 0.144 semiSat: 0.450 beta: 0.750 sigma: 0.114 
maxBOLD estimate = 2.728


Trial 13: qplus Stimulus Selection
Stimulus: 0.588
Output value 1.046

Q+ parameters
slope: 0.070 semiSat: 0.450 beta: 0.938 sigma: 0.114 
maxBOLD estimate = 2.046


Trial 14: qplus Stimulus Selection
Stimulus: 0.505
Output value 0.872

Q+ parameters
slope: 0.113 semiSat: 0.560 beta: 1.250 sigma: 0.114 
maxBOLD estimate = 1.918


Trial 15: maxBOLD Stimulus Selection
Stimulus: 1.000
Output value 1.308

Q+ parameters
slope: 0.113 semiSat: 0.450 beta: 0.750 sigma: 0.114 
maxBOLD estimate = 2.397


Trial 16: qplus Stimulus Selection
Stimulus: 0.629
Output value 2.942

Q+ parameters
slope: 0.144 semiSat: 0.560 beta: 1.500 sigma: 0.114 
maxBOLD estimate = 1.798


Trial 17: qplus Stimulus Selection
Stimulus: 0.464
Output value 0.552

Q+ parameters
slope: 0.113 semiSat: 0.560 beta: 0.750 sigma: 0.114 
maxBOLD estimate = 2.697


Trial 18: qplus Stimulus Selection
Stimulus: 0.423
Output value 0.690

Q+ parameters
slope: 0.089 semiSat: 0.450 beta: 0.938 sigma: 0.114 
maxBOLD estimate = 2.023


Trial 19: qplus Stimulus Selection
Stimulus: 0.464
Output value 1.810

Q+ parameters
slope: 0.089 semiSat: 0.560 beta: 1.500 sigma: 0.166 
maxBOLD estimate = 1.896


Trial 20: baseline Stimulus Selection
Stimulus: 0.010
Output value 0.388

Q+ parameters
slope: 0.113 semiSat: 0.560 beta: 0.750 sigma: 0.114 
maxBOLD estimate = 2.845


Trial 21: qplus Stimulus Selection
Stimulus: 0.670
Output value 2.909

Q+ parameters
slope: 0.183 semiSat: 0.560 beta: 1.250 sigma: 0.166 
maxBOLD estimate = 2.133


Trial 22: qplus Stimulus Selection
Stimulus: 0.588
Output value 0.000

Q+ parameters
slope: 0.144 semiSat: 0.560 beta: 0.750 sigma: 0.114 
maxBOLD estimate = 2.667


Trial 23: qplus Stimulus Selection
Stimulus: 0.753
Output value 2.063

Q+ parameters
slope: 0.113 semiSat: 0.560 beta: 1.031 sigma: 0.114 
maxBOLD estimate = 2.000


Trial 24: qplus Stimulus Selection
Stimulus: 0.505
Output value 1.354

Q+ parameters
slope: 0.144 semiSat: 0.560 beta: 1.031 sigma: 0.114 
maxBOLD estimate = 2.063


Trial 25: maxBOLD Stimulus Selection
Stimulus: 1.000
Output value 1.088

Q+ parameters
slope: 0.144 semiSat: 0.560 beta: 0.938 sigma: 0.114 
maxBOLD estimate = 2.127


Trial 26: qplus Stimulus Selection
Stimulus: 0.505
Output value 0.561

Q+ parameters
slope: 0.144 semiSat: 0.560 beta: 1.031 sigma: 0.114 
maxBOLD estimate = 1.994


Trial 27: qplus Stimulus Selection
Stimulus: 0.629
Output value 2.804

Q+ parameters
slope: 0.144 semiSat: 0.560 beta: 1.250 sigma: 0.166 
maxBOLD estimate = 2.056


Trial 28: qplus Stimulus Selection
Stimulus: 0.588
Output value 0.876

Q+ parameters
slope: 0.144 semiSat: 0.560 beta: 0.750 sigma: 0.114 
maxBOLD estimate = 2.571


Trial 29: qplus Stimulus Selection
Stimulus: 0.423
Output value 0.438

Q+ parameters
slope: 0.144 semiSat: 0.560 beta: 1.250 sigma: 0.114 
maxBOLD estimate = 1.928


Trial 30: baseline Stimulus Selection
Stimulus: 0.010
Output value 0.329

Q+ parameters
slope: 0.144 semiSat: 0.560 beta: 0.750 sigma: 0.114 
maxBOLD estimate = 2.410


Trial 31: qplus Stimulus Selection
Stimulus: 0.670
Output value 2.465

Q+ parameters
slope: 0.183 semiSat: 0.560 beta: 1.250 sigma: 0.166 
maxBOLD estimate = 1.807


Trial 32: qplus Stimulus Selection
Stimulus: 0.505
Output value 0.462

Q+ parameters
slope: 0.144 semiSat: 0.560 beta: 0.750 sigma: 0.114 
maxBOLD estimate = 2.259


Trial 33: qplus Stimulus Selection
Stimulus: 0.711
Output value 2.311

Q+ parameters
slope: 0.144 semiSat: 0.560 beta: 1.250 sigma: 0.114 
maxBOLD estimate = 1.694


Trial 34: qplus Stimulus Selection
Stimulus: 0.588
Output value 1.625

Q+ parameters
slope: 0.144 semiSat: 0.560 beta: 0.938 sigma: 0.114 
maxBOLD estimate = 2.118


Trial 35: maxBOLD Stimulus Selection
Stimulus: 1.000
Output value 2.031

Q+ parameters
slope: 0.144 semiSat: 0.560 beta: 0.938 sigma: 0.114 
maxBOLD estimate = 1.986


Trial 36: qplus Stimulus Selection
Stimulus: 0.588
Output value 0.698

Q+ parameters
slope: 0.183 semiSat: 0.560 beta: 1.031 sigma: 0.114 
maxBOLD estimate = 1.862


Trial 37: qplus Stimulus Selection
Stimulus: 0.505
Output value 1.745

Q+ parameters
slope: 0.144 semiSat: 0.560 beta: 1.250 sigma: 0.166 
maxBOLD estimate = 1.920


Trial 38: qplus Stimulus Selection
Stimulus: 0.505
Output value 0.818

Q+ parameters
slope: 0.234 semiSat: 0.560 beta: 0.750 sigma: 0.114 
maxBOLD estimate = 2.400


Trial 39: qplus Stimulus Selection
Stimulus: 0.670
Output value 0.337

Q+ parameters
slope: 0.144 semiSat: 0.560 beta: 1.031 sigma: 0.166 
maxBOLD estimate = 1.800


Trial 40: baseline Stimulus Selection
Stimulus: 0.010
Output value 2.088

Q+ parameters
slope: 0.016 semiSat: 0.560 beta: 1.125 sigma: 0.531 
maxBOLD estimate = 1.856


Trial 41: qplus Stimulus Selection
Stimulus: 0.959
Output value 0.997

Q+ parameters
slope: 0.234 semiSat: 0.560 beta: 0.750 sigma: 0.114 
maxBOLD estimate = 2.088


Trial 42: qplus Stimulus Selection
Stimulus: 1.000
Output value 2.135

Q+ parameters
slope: 0.183 semiSat: 0.560 beta: 1.250 sigma: 0.166 
maxBOLD estimate = 1.566


Trial 43: qplus Stimulus Selection
Stimulus: 0.588
Output value 0.667

Q+ parameters
slope: 0.183 semiSat: 0.560 beta: 0.938 sigma: 0.114 
maxBOLD estimate = 1.957


Trial 44: qplus Stimulus Selection
Stimulus: 0.711
Output value 1.877

Q+ parameters
slope: 0.183 semiSat: 0.560 beta: 0.938 sigma: 0.114 
maxBOLD estimate = 1.835


Trial 45: maxBOLD Stimulus Selection
Stimulus: 1.000
Output value 2.111

Q+ parameters
slope: 0.183 semiSat: 0.560 beta: 1.125 sigma: 0.166 
maxBOLD estimate = 1.720


Trial 46: qplus Stimulus Selection
Stimulus: 0.505
Output value 0.660

Q+ parameters
slope: 0.183 semiSat: 0.560 beta: 0.938 sigma: 0.114 
maxBOLD estimate = 1.936


Trial 47: qplus Stimulus Selection
Stimulus: 0.588
Output value 0.000

Q+ parameters
slope: 0.183 semiSat: 0.560 beta: 1.031 sigma: 0.166 
maxBOLD estimate = 1.815


Trial 48: qplus Stimulus Selection
Stimulus: 0.505
Output value 0.000

Q+ parameters
slope: 0.183 semiSat: 0.560 beta: 0.938 sigma: 0.114 
maxBOLD estimate = 1.871


Trial 49: qplus Stimulus Selection
Stimulus: 0.588
Output value 0.493

Q+ parameters
slope: 0.183 semiSat: 0.560 beta: 1.031 sigma: 0.166 
maxBOLD estimate = 1.754


Trial 50: baseline Stimulus Selection
Stimulus: 0.010
Output value 0.154

Q+ parameters
slope: 0.183 semiSat: 0.560 beta: 0.938 sigma: 0.114 
maxBOLD estimate = 1.809


Trial 51: qplus Stimulus Selection
Stimulus: 0.588
Output value 0.636

Q+ parameters
slope: 0.183 semiSat: 0.560 beta: 1.031 sigma: 0.166 
maxBOLD estimate = 1.696


Trial 52: qplus Stimulus Selection
Stimulus: 0.505
Output value 0.000

Q+ parameters
slope: 0.234 semiSat: 0.560 beta: 1.000 sigma: 0.166 
maxBOLD estimate = 1.749


Trial 53: qplus Stimulus Selection
Stimulus: 0.588
Output value 1.908

Q+ parameters
slope: 0.234 semiSat: 0.560 beta: 1.000 sigma: 0.166 
maxBOLD estimate = 1.749


Trial 54: qplus Stimulus Selection
Stimulus: 0.505
Output value -0.318

Q+ parameters
slope: 0.234 semiSat: 0.560 beta: 1.000 sigma: 0.166 
maxBOLD estimate = 1.749


Trial 55: maxBOLD Stimulus Selection
Stimulus: 1.000
Output value 1.312

Q+ parameters
slope: 0.183 semiSat: 0.560 beta: 1.031 sigma: 0.166 
maxBOLD estimate = 1.749


Trial 56: qplus Stimulus Selection
Stimulus: 0.588
Output value -0.154

Q+ parameters
slope: 0.183 semiSat: 0.560 beta: 0.938 sigma: 0.166 
maxBOLD estimate = 1.804


Trial 57: qplus Stimulus Selection
Stimulus: 0.546
Output value 0.951

Q+ parameters
slope: 0.234 semiSat: 0.560 beta: 1.031 sigma: 0.166 
maxBOLD estimate = 1.691


Trial 58: qplus Stimulus Selection
Stimulus: 0.588
Output value 0.461

Q+ parameters
slope: 0.298 semiSat: 0.560 beta: 0.969 sigma: 0.166 
maxBOLD estimate = 1.744


Trial 59: qplus Stimulus Selection
Stimulus: 0.588
Output value 0.149

Q+ parameters
slope: 0.144 semiSat: 0.560 beta: 0.969 sigma: 0.166 
maxBOLD estimate = 1.689


Trial 60: baseline Stimulus Selection
Stimulus: 0.010
Output value 0.000

Q+ parameters
slope: 0.183 semiSat: 0.560 beta: 1.062 sigma: 0.166 
maxBOLD estimate = 1.637


Trial 61: qplus Stimulus Selection
Stimulus: 0.629
Output value 0.741

Q+ parameters
slope: 0.183 semiSat: 0.560 beta: 0.938 sigma: 0.166 
maxBOLD estimate = 1.739


Trial 62: qplus Stimulus Selection
Stimulus: 0.629
Output value 1.889

Q+ parameters
slope: 0.183 semiSat: 0.560 beta: 1.062 sigma: 0.166 
maxBOLD estimate = 1.630


Trial 63: qplus Stimulus Selection
Stimulus: 0.505
Output value 0.305

Q+ parameters
slope: 0.298 semiSat: 0.560 beta: 0.969 sigma: 0.166 
maxBOLD estimate = 1.732


Trial 64: qplus Stimulus Selection
Stimulus: 0.546
Output value -0.296

Q+ parameters
slope: 0.298 semiSat: 0.560 beta: 0.969 sigma: 0.166 
maxBOLD estimate = 1.678


Trial 65: maxBOLD Stimulus Selection
Stimulus: 1.000
Output value 0.716

Q+ parameters
slope: 0.298 semiSat: 0.560 beta: 0.969 sigma: 0.166 
maxBOLD estimate = 1.625


Trial 66: qplus Stimulus Selection
Stimulus: 0.546
Output value -0.277

Q+ parameters
slope: 0.298 semiSat: 0.560 beta: 0.969 sigma: 0.166 
maxBOLD estimate = 1.575


Trial 67: qplus Stimulus Selection
Stimulus: 0.546
Output value 0.537

Q+ parameters
slope: 0.298 semiSat: 0.560 beta: 0.969 sigma: 0.166 
maxBOLD estimate = 1.525


Trial 68: qplus Stimulus Selection
Stimulus: 0.546
Output value -0.260

Q+ parameters
slope: 0.298 semiSat: 0.560 beta: 0.969 sigma: 0.166 
maxBOLD estimate = 1.478


Trial 69: qplus Stimulus Selection
Stimulus: 0.505
Output value 0.586

Q+ parameters
slope: 0.183 semiSat: 0.560 beta: 1.125 sigma: 0.166 
maxBOLD estimate = 1.432


Trial 70: baseline Stimulus Selection
Stimulus: 0.010
Output value -0.329

Q+ parameters
slope: 0.183 semiSat: 0.560 beta: 1.125 sigma: 0.166 
maxBOLD estimate = 1.611


Trial 71: qplus Stimulus Selection
Stimulus: 0.711
Output value 1.596

Q+ parameters
slope: 0.298 semiSat: 0.560 beta: 0.969 sigma: 0.166 
maxBOLD estimate = 1.812


Trial 72: qplus Stimulus Selection
Stimulus: 0.629
Output value 0.309

Q+ parameters
slope: 0.298 semiSat: 0.560 beta: 0.969 sigma: 0.166 
maxBOLD estimate = 1.755


Trial 73: qplus Stimulus Selection
Stimulus: 0.629
Output value 1.498

Q+ parameters
slope: 0.298 semiSat: 0.560 beta: 0.969 sigma: 0.166 
maxBOLD estimate = 1.700


Trial 74: qplus Stimulus Selection
Stimulus: 0.505
Output value 0.000

Q+ parameters
slope: 0.298 semiSat: 0.560 beta: 0.969 sigma: 0.166 
maxBOLD estimate = 1.647


Trial 75: maxBOLD Stimulus Selection
Stimulus: 1.000
Output value 1.346

Q+ parameters
slope: 0.183 semiSat: 0.560 beta: 1.031 sigma: 0.166 
maxBOLD estimate = 1.596


Trial 76: qplus Stimulus Selection
Stimulus: 0.505
Output value 0.580

Q+ parameters
slope: 0.298 semiSat: 0.560 beta: 0.969 sigma: 0.166 
maxBOLD estimate = 1.646


Trial 77: qplus Stimulus Selection
Stimulus: 0.505
Output value 0.308

Q+ parameters
slope: 0.183 semiSat: 0.560 beta: 1.062 sigma: 0.166 
maxBOLD estimate = 1.594


Trial 78: qplus Stimulus Selection
Stimulus: 0.505
Output value 1.044

Q+ parameters
slope: 0.298 semiSat: 0.560 beta: 0.969 sigma: 0.166 
maxBOLD estimate = 1.694


Trial 79: qplus Stimulus Selection
Stimulus: 0.505
Output value 0.308

Q+ parameters
slope: 0.183 semiSat: 0.560 beta: 1.031 sigma: 0.166 
maxBOLD estimate = 1.641


Trial 80: baseline Stimulus Selection
Stimulus: 0.010
Output value 0.298

Q+ parameters
slope: 0.298 semiSat: 0.560 beta: 0.969 sigma: 0.166 
maxBOLD estimate = 1.692


Trial 81: qplus Stimulus Selection
Stimulus: 0.629
Output value 0.922

Q+ parameters
slope: 0.183 semiSat: 0.560 beta: 1.031 sigma: 0.166 
maxBOLD estimate = 1.639


Trial 82: qplus Stimulus Selection
Stimulus: 0.505
Output value 1.109

Q+ parameters
slope: 0.183 semiSat: 0.560 beta: 1.031 sigma: 0.166 
maxBOLD estimate = 1.691


Trial 83: qplus Stimulus Selection
Stimulus: 0.629
Output value 0.768

Q+ parameters
slope: 0.144 semiSat: 0.560 beta: 0.969 sigma: 0.166 
maxBOLD estimate = 1.743


Trial 84: qplus Stimulus Selection
Stimulus: 0.629
Output value 1.742

Q+ parameters
slope: 0.183 semiSat: 0.560 beta: 1.031 sigma: 0.166 
maxBOLD estimate = 1.689


Trial 85: maxBOLD Stimulus Selection
Stimulus: 1.000
Output value 1.188

Q+ parameters
slope: 0.183 semiSat: 0.560 beta: 0.938 sigma: 0.166 
maxBOLD estimate = 1.742


Trial 86: qplus Stimulus Selection
Stimulus: 0.629
Output value 0.946

Q+ parameters
slope: 0.183 semiSat: 0.560 beta: 1.062 sigma: 0.166 
maxBOLD estimate = 1.633


Trial 87: qplus Stimulus Selection
Stimulus: 0.505
Output value -0.306

Q+ parameters
slope: 0.298 semiSat: 0.560 beta: 0.969 sigma: 0.166 
maxBOLD estimate = 1.735


Trial 88: qplus Stimulus Selection
Stimulus: 0.629
Output value 1.891

Q+ parameters
slope: 0.183 semiSat: 0.560 beta: 1.031 sigma: 0.166 
maxBOLD estimate = 1.681


Trial 89: qplus Stimulus Selection
Stimulus: 0.505
Output value -0.153

Q+ parameters
slope: 0.298 semiSat: 0.560 beta: 0.969 sigma: 0.166 
maxBOLD estimate = 1.733


Trial 90: baseline Stimulus Selection
Stimulus: 0.010
Output value -0.324

Q+ parameters
slope: 0.183 semiSat: 0.560 beta: 1.062 sigma: 0.166 
maxBOLD estimate = 1.679


Trial 91: qplus Stimulus Selection
Stimulus: 0.505
Output value 0.157

Q+ parameters
slope: 0.144 semiSat: 0.560 beta: 0.969 sigma: 0.166 
maxBOLD estimate = 1.784


Trial 92: qplus Stimulus Selection
Stimulus: 0.588
Output value 1.782

Q+ parameters
slope: 0.183 semiSat: 0.560 beta: 1.031 sigma: 0.166 
maxBOLD estimate = 1.728


Trial 93: qplus Stimulus Selection
Stimulus: 0.505
Output value 0.501

Q+ parameters
slope: 0.183 semiSat: 0.560 beta: 1.031 sigma: 0.166 
maxBOLD estimate = 1.782


Trial 94: qplus Stimulus Selection
Stimulus: 0.629
Output value 1.295

Q+ parameters
slope: 0.144 semiSat: 0.560 beta: 0.969 sigma: 0.166 
maxBOLD estimate = 1.838


Trial 95: maxBOLD Stimulus Selection
Stimulus: 1.000
Output value 1.882

Q+ parameters
slope: 0.298 semiSat: 0.560 beta: 0.969 sigma: 0.166 
maxBOLD estimate = 1.780


Trial 96: qplus Stimulus Selection
Stimulus: 0.505
Output value -0.304

Q+ parameters
slope: 0.298 semiSat: 0.560 beta: 0.969 sigma: 0.166 
maxBOLD estimate = 1.725


Trial 97: qplus Stimulus Selection
Stimulus: 0.546
Output value 1.097

Q+ parameters
slope: 0.183 semiSat: 0.560 beta: 1.031 sigma: 0.166 
maxBOLD estimate = 1.671


Trial 98: qplus Stimulus Selection
Stimulus: 0.505
Output value 0.152

Q+ parameters
slope: 0.298 semiSat: 0.560 beta: 0.969 sigma: 0.166 
maxBOLD estimate = 1.723


Trial 99: qplus Stimulus Selection
Stimulus: 0.546
Output value 1.878

Q+ parameters
slope: 0.183 semiSat: 0.560 beta: 1.031 sigma: 0.166 
maxBOLD estimate = 1.669


Trial 100: baseline Stimulus Selection
Stimulus: 0.010
Output value -0.333

Q+ parameters
slope: 0.183 semiSat: 0.560 beta: 1.062 sigma: 0.166 
maxBOLD estimate = 1.721

--------------------------------------------------------------
FINAL VALUES
--------------------------------------------------------------
Simulated parameters:              slope: 0.200 semiSat: 0.570 beta: 1.000 sigma: 0.150 
Max posterior QUEST+ parameters:   slope: 0.183 semiSat: 0.560 beta: 0.938 sigma: 0.166 
Max BADS parameters:               slope: 0.148 semiSat: 0.573 beta: 1.000 sigma: 0.151 
maxBOLD estimate: 2.029
