/blue/stevenweisberg/stevenweisberg/MATLAB/projects/Weisberg_Aguirre_2020/scripts/run_sims
c0700a-s2.ufhpc
Wed Apr  7 05:12:48 EDT 2021
mkdir: cannot create directory ‘/blue/stevenweisberg/stevenweisberg/qpfMRIResults/model_parameter_set2/’: File exists
cp: cannot stat ‘/blue/stevenweisberg/stevenweisberg/qpfMRIResults/deploy_sim.sh’: No such file or directory
cp: cannot stat ‘/blue/stevenweisberg/stevenweisberg/qpfMRIResults/sim_wrapper.sh’: No such file or directory
------------------------------------------
Setting up environment variables
---
LD_LIBRARY_PATH is .:/apps/matlab/mcr/2020b/v99/runtime/glnxa64:/apps/matlab/mcr/2020b/v99/bin/glnxa64:/apps/matlab/mcr/2020b/v99/sys/os/glnxa64:/apps/matlab/mcr/2020b/v99/sys/opengl/lib/glnxa64
Warning: Executing startup failed in matlabrc.
This indicates a potentially serious problem in your MATLAB setup, which should be resolved as soon as possible.  Error detected was:
MATLAB:mpath:PathAlterationNotSupported
Modifying the search path is not supported by MATLAB Compiler. Remove functions that modify the search path from your MATLAB code. To make files visible to your deployed application, add the parent folder to your MATLAB session.
Warning: No stimulus domain specified. Defaulting to values between 0.01 and 1.
> In qpfmriParams (line 182)
In compiledSimulate (line 205)
Stimulus domain added from input.
Parameter slope specified as 0.20000
Parameter semiSat specified as 0.57000
Parameter beta specified as 1.00000
Parameter sigma specified as 0.15000
seed = 99seed = 104seed = 111seed = 111seed = 115seed = 101Initializing Q+. This may take a minute...
Elapsed time is 7.832521 seconds.
Simulated parameters:
slope: 0.200 semiSat: 0.570 beta: 1.000 sigma: 0.150 

Trial 1: baseline Stimulus Selection
Stimulus: 0.010
Output value 0.000

Q+ parameters
slope: 0.026 semiSat: 0.890 beta: 0.500 sigma: 0.010 
maxBOLD estimate = 1.000


Trial 2: maxBOLD Stimulus Selection
Stimulus: 1.000
Output value 1.364

Q+ parameters
slope: 0.055 semiSat: 0.670 beta: 1.250 sigma: 0.010 
maxBOLD estimate = 1.000


Trial 3: baseline Stimulus Selection
Stimulus: 0.010
Output value -0.284

Q+ parameters
slope: 0.055 semiSat: 0.670 beta: 1.250 sigma: 0.114 
maxBOLD estimate = 1.250


Trial 4: maxBOLD Stimulus Selection
Stimulus: 1.000
Output value 1.065

Q+ parameters
slope: 0.055 semiSat: 0.670 beta: 1.250 sigma: 0.323 
maxBOLD estimate = 1.562


Trial 5: baseline Stimulus Selection
Stimulus: 0.010
Output value -0.172

Q+ parameters
slope: 0.043 semiSat: 0.780 beta: 0.969 sigma: 0.166 
maxBOLD estimate = 1.953


Trial 6: maxBOLD Stimulus Selection
Stimulus: 1.000
Output value 1.742

Q+ parameters
slope: 0.043 semiSat: 0.780 beta: 1.125 sigma: 0.166 
maxBOLD estimate = 1.892


Trial 7: qplus Stimulus Selection
Stimulus: 0.505
Output value 0.000

Q+ parameters
slope: 0.070 semiSat: 1.000 beta: 1.250 sigma: 0.114 
maxBOLD estimate = 2.129


Trial 8: qplus Stimulus Selection
Stimulus: 0.835
Output value 0.847

Q+ parameters
slope: 1.000 semiSat: 0.560 beta: 0.500 sigma: 0.114 
maxBOLD estimate = 2.661


Trial 9: qplus Stimulus Selection
Stimulus: 0.711
Output value 2.177

Q+ parameters
slope: 0.234 semiSat: 0.670 beta: 1.500 sigma: 0.166 
maxBOLD estimate = 1.330


Trial 10: baseline Stimulus Selection
Stimulus: 0.010
Output value -0.159

Q+ parameters
slope: 0.616 semiSat: 0.560 beta: 0.875 sigma: 0.166 
maxBOLD estimate = 1.996


Trial 11: qplus Stimulus Selection
Stimulus: 0.629
Output value 1.429

Q+ parameters
slope: 0.234 semiSat: 0.670 beta: 1.500 sigma: 0.166 
maxBOLD estimate = 1.746


Trial 12: qplus Stimulus Selection
Stimulus: 0.629
Output value 0.714

Q+ parameters
slope: 0.183 semiSat: 0.670 beta: 0.750 sigma: 0.114 
maxBOLD estimate = 2.619


Trial 13: qplus Stimulus Selection
Stimulus: 0.588
Output value 0.670

Q+ parameters
slope: 0.183 semiSat: 0.560 beta: 0.750 sigma: 0.114 
maxBOLD estimate = 1.964


Trial 14: qplus Stimulus Selection
Stimulus: 0.629
Output value 1.423

Q+ parameters
slope: 0.298 semiSat: 0.560 beta: 1.062 sigma: 0.166 
maxBOLD estimate = 1.473


Trial 15: maxBOLD Stimulus Selection
Stimulus: 1.000
Output value 2.562

Q+ parameters
slope: 0.144 semiSat: 0.670 beta: 1.500 sigma: 0.114 
maxBOLD estimate = 1.565


Trial 16: qplus Stimulus Selection
Stimulus: 0.588
Output value 0.480

Q+ parameters
slope: 0.183 semiSat: 0.560 beta: 0.750 sigma: 0.114 
maxBOLD estimate = 2.348


Trial 17: qplus Stimulus Selection
Stimulus: 0.629
Output value 1.681

Q+ parameters
slope: 0.144 semiSat: 0.670 beta: 1.500 sigma: 0.166 
maxBOLD estimate = 1.761


Trial 18: qplus Stimulus Selection
Stimulus: 0.588
Output value 1.081

Q+ parameters
slope: 0.055 semiSat: 0.670 beta: 0.750 sigma: 0.114 
maxBOLD estimate = 2.642


Trial 19: qplus Stimulus Selection
Stimulus: 1.000
Output value 1.576

Q+ parameters
slope: 0.183 semiSat: 0.560 beta: 0.875 sigma: 0.166 
maxBOLD estimate = 1.981


Trial 20: baseline Stimulus Selection
Stimulus: 0.010
Output value 0.709

Q+ parameters
slope: 0.144 semiSat: 0.670 beta: 1.500 sigma: 0.166 
maxBOLD estimate = 1.734


Trial 21: qplus Stimulus Selection
Stimulus: 0.629
Output value 1.241

Q+ parameters
slope: 0.055 semiSat: 0.670 beta: 0.750 sigma: 0.114 
maxBOLD estimate = 2.600


Trial 22: qplus Stimulus Selection
Stimulus: 0.918
Output value 2.925

Q+ parameters
slope: 0.144 semiSat: 0.670 beta: 1.500 sigma: 0.166 
maxBOLD estimate = 1.950


Trial 23: qplus Stimulus Selection
Stimulus: 0.588
Output value 0.798

Q+ parameters
slope: 0.483 semiSat: 0.560 beta: 0.500 sigma: 0.114 
maxBOLD estimate = 2.925


Trial 24: qplus Stimulus Selection
Stimulus: 0.464
Output value 0.000

Q+ parameters
slope: 0.298 semiSat: 0.560 beta: 1.062 sigma: 0.218 
maxBOLD estimate = 1.463


Trial 25: maxBOLD Stimulus Selection
Stimulus: 1.000
Output value 1.351

Q+ parameters
slope: 0.298 semiSat: 0.560 beta: 1.062 sigma: 0.218 
maxBOLD estimate = 1.554


Trial 26: qplus Stimulus Selection
Stimulus: 0.505
Output value 0.450

Q+ parameters
slope: 0.113 semiSat: 0.670 beta: 1.500 sigma: 0.166 
maxBOLD estimate = 1.651


Trial 27: qplus Stimulus Selection
Stimulus: 0.588
Output value 0.675

Q+ parameters
slope: 0.183 semiSat: 0.560 beta: 0.750 sigma: 0.114 
maxBOLD estimate = 2.477


Trial 28: qplus Stimulus Selection
Stimulus: 0.711
Output value 2.786

Q+ parameters
slope: 0.144 semiSat: 0.670 beta: 1.500 sigma: 0.166 
maxBOLD estimate = 1.858


Trial 29: qplus Stimulus Selection
Stimulus: 0.588
Output value 0.507

Q+ parameters
slope: 0.483 semiSat: 0.560 beta: 0.500 sigma: 0.114 
maxBOLD estimate = 2.786


Trial 30: baseline Stimulus Selection
Stimulus: 0.010
Output value 0.404

Q+ parameters
slope: 0.298 semiSat: 0.560 beta: 1.062 sigma: 0.166 
maxBOLD estimate = 1.393


Trial 31: qplus Stimulus Selection
Stimulus: 0.505
Output value 0.572

Q+ parameters
slope: 0.298 semiSat: 0.560 beta: 1.062 sigma: 0.166 
maxBOLD estimate = 1.480


Trial 32: qplus Stimulus Selection
Stimulus: 0.505
Output value 0.715

Q+ parameters
slope: 0.234 semiSat: 0.560 beta: 1.000 sigma: 0.166 
maxBOLD estimate = 1.573


Trial 33: qplus Stimulus Selection
Stimulus: 0.505
Output value 0.608

Q+ parameters
slope: 0.183 semiSat: 0.560 beta: 1.062 sigma: 0.166 
maxBOLD estimate = 1.573


Trial 34: qplus Stimulus Selection
Stimulus: 0.505
Output value 0.152

Q+ parameters
slope: 0.234 semiSat: 0.560 beta: 1.000 sigma: 0.166 
maxBOLD estimate = 1.671


Trial 35: maxBOLD Stimulus Selection
Stimulus: 1.000
Output value 2.735

Q+ parameters
slope: 0.113 semiSat: 0.670 beta: 1.500 sigma: 0.166 
maxBOLD estimate = 1.671


Trial 36: qplus Stimulus Selection
Stimulus: 0.629
Output value 0.513

Q+ parameters
slope: 0.055 semiSat: 0.670 beta: 0.750 sigma: 0.114 
maxBOLD estimate = 2.507


Trial 37: qplus Stimulus Selection
Stimulus: 0.876
Output value 2.564

Q+ parameters
slope: 0.113 semiSat: 0.670 beta: 1.500 sigma: 0.166 
maxBOLD estimate = 1.880


Trial 38: qplus Stimulus Selection
Stimulus: 0.629
Output value 0.961

Q+ parameters
slope: 0.070 semiSat: 0.670 beta: 0.750 sigma: 0.114 
maxBOLD estimate = 2.820


Trial 39: qplus Stimulus Selection
Stimulus: 1.000
Output value 1.009

Q+ parameters
slope: 0.183 semiSat: 0.560 beta: 0.750 sigma: 0.114 
maxBOLD estimate = 2.115


Trial 40: baseline Stimulus Selection
Stimulus: 0.010
Output value -0.153

Q+ parameters
slope: 0.183 semiSat: 0.560 beta: 1.062 sigma: 0.166 
maxBOLD estimate = 1.586


Trial 41: qplus Stimulus Selection
Stimulus: 0.505
Output value -0.153

Q+ parameters
slope: 0.234 semiSat: 0.560 beta: 1.000 sigma: 0.166 
maxBOLD estimate = 1.685


Trial 42: qplus Stimulus Selection
Stimulus: 0.588
Output value 1.226

Q+ parameters
slope: 0.234 semiSat: 0.560 beta: 1.000 sigma: 0.166 
maxBOLD estimate = 1.685


Trial 43: qplus Stimulus Selection
Stimulus: 0.505
Output value 0.153

Q+ parameters
slope: 0.234 semiSat: 0.560 beta: 1.000 sigma: 0.166 
maxBOLD estimate = 1.685


Trial 44: qplus Stimulus Selection
Stimulus: 0.629
Output value 1.073

Q+ parameters
slope: 0.234 semiSat: 0.560 beta: 1.000 sigma: 0.166 
maxBOLD estimate = 1.685


Trial 45: maxBOLD Stimulus Selection
Stimulus: 1.000
Output value 1.379

Q+ parameters
slope: 0.234 semiSat: 0.560 beta: 1.000 sigma: 0.166 
maxBOLD estimate = 1.685


Trial 46: qplus Stimulus Selection
Stimulus: 0.629
Output value 0.919

Q+ parameters
slope: 0.144 semiSat: 0.560 beta: 1.000 sigma: 0.166 
maxBOLD estimate = 1.685


Trial 47: qplus Stimulus Selection
Stimulus: 0.629
Output value 0.766

Q+ parameters
slope: 0.144 semiSat: 0.560 beta: 1.000 sigma: 0.166 
maxBOLD estimate = 1.685


Trial 48: qplus Stimulus Selection
Stimulus: 0.629
Output value 0.919

Q+ parameters
slope: 0.113 semiSat: 0.670 beta: 1.500 sigma: 0.166 
maxBOLD estimate = 1.685


Trial 49: qplus Stimulus Selection
Stimulus: 0.629
Output value 0.517

Q+ parameters
slope: 0.070 semiSat: 0.670 beta: 0.750 sigma: 0.114 
maxBOLD estimate = 2.528


Trial 50: baseline Stimulus Selection
Stimulus: 0.010
Output value 0.000

Q+ parameters
slope: 0.113 semiSat: 0.670 beta: 1.500 sigma: 0.166 
maxBOLD estimate = 1.896


Trial 51: qplus Stimulus Selection
Stimulus: 0.753
Output value 0.646

Q+ parameters
slope: 0.183 semiSat: 0.560 beta: 0.500 sigma: 0.114 
maxBOLD estimate = 2.844


Trial 52: qplus Stimulus Selection
Stimulus: 1.000
Output value 1.648

Q+ parameters
slope: 0.183 semiSat: 0.560 beta: 1.062 sigma: 0.166 
maxBOLD estimate = 1.422


Trial 53: qplus Stimulus Selection
Stimulus: 0.505
Output value 0.292

Q+ parameters
slope: 0.183 semiSat: 0.560 beta: 1.062 sigma: 0.166 
maxBOLD estimate = 1.511


Trial 54: qplus Stimulus Selection
Stimulus: 0.505
Output value 0.146

Q+ parameters
slope: 0.144 semiSat: 0.560 beta: 1.000 sigma: 0.166 
maxBOLD estimate = 1.605


Trial 55: maxBOLD Stimulus Selection
Stimulus: 1.000
Output value 0.876

Q+ parameters
slope: 0.144 semiSat: 0.560 beta: 1.000 sigma: 0.166 
maxBOLD estimate = 1.605


Trial 56: qplus Stimulus Selection
Stimulus: 0.546
Output value 0.141

Q+ parameters
slope: 0.298 semiSat: 0.560 beta: 0.969 sigma: 0.166 
maxBOLD estimate = 1.605


Trial 57: qplus Stimulus Selection
Stimulus: 0.588
Output value 0.685

Q+ parameters
slope: 0.298 semiSat: 0.560 beta: 0.969 sigma: 0.166 
maxBOLD estimate = 1.555


Trial 58: qplus Stimulus Selection
Stimulus: 0.546
Output value -0.133

Q+ parameters
slope: 0.298 semiSat: 0.560 beta: 0.969 sigma: 0.166 
maxBOLD estimate = 1.507


Trial 59: qplus Stimulus Selection
Stimulus: 0.588
Output value 0.514

Q+ parameters
slope: 0.298 semiSat: 0.560 beta: 0.969 sigma: 0.166 
maxBOLD estimate = 1.459


Trial 60: baseline Stimulus Selection
Stimulus: 0.010
Output value -0.273

Q+ parameters
slope: 0.183 semiSat: 0.560 beta: 1.062 sigma: 0.166 
maxBOLD estimate = 1.414


Trial 61: qplus Stimulus Selection
Stimulus: 0.546
Output value 0.265

Q+ parameters
slope: 0.298 semiSat: 0.560 beta: 0.969 sigma: 0.166 
maxBOLD estimate = 1.502


Trial 62: qplus Stimulus Selection
Stimulus: 0.546
Output value 0.000

Q+ parameters
slope: 0.298 semiSat: 0.560 beta: 0.969 sigma: 0.166 
maxBOLD estimate = 1.455


Trial 63: qplus Stimulus Selection
Stimulus: 0.546
Output value 0.000

Q+ parameters
slope: 0.298 semiSat: 0.560 beta: 0.969 sigma: 0.166 
maxBOLD estimate = 1.410


Trial 64: qplus Stimulus Selection
Stimulus: 0.546
Output value 0.132

Q+ parameters
slope: 0.379 semiSat: 0.560 beta: 1.062 sigma: 0.218 
maxBOLD estimate = 1.366


Trial 65: maxBOLD Stimulus Selection
Stimulus: 1.000
Output value 1.406

Q+ parameters
slope: 0.298 semiSat: 0.560 beta: 0.969 sigma: 0.166 
maxBOLD estimate = 1.451


Trial 66: qplus Stimulus Selection
Stimulus: 0.588
Output value 0.619

Q+ parameters
slope: 0.298 semiSat: 0.560 beta: 0.969 sigma: 0.166 
maxBOLD estimate = 1.406


Trial 67: qplus Stimulus Selection
Stimulus: 0.546
Output value 0.395

Q+ parameters
slope: 0.379 semiSat: 0.560 beta: 1.062 sigma: 0.218 
maxBOLD estimate = 1.362


Trial 68: qplus Stimulus Selection
Stimulus: 0.546
Output value -0.127

Q+ parameters
slope: 0.298 semiSat: 0.560 beta: 0.969 sigma: 0.166 
maxBOLD estimate = 1.447


Trial 69: qplus Stimulus Selection
Stimulus: 0.588
Output value 0.370

Q+ parameters
slope: 0.298 semiSat: 0.560 beta: 0.969 sigma: 0.166 
maxBOLD estimate = 1.402


Trial 70: baseline Stimulus Selection
Stimulus: 0.010
Output value -0.262

Q+ parameters
slope: 0.379 semiSat: 0.560 beta: 1.062 sigma: 0.218 
maxBOLD estimate = 1.358


Trial 71: qplus Stimulus Selection
Stimulus: 0.546
Output value 0.381

Q+ parameters
slope: 0.298 semiSat: 0.560 beta: 0.969 sigma: 0.166 
maxBOLD estimate = 1.443


Trial 72: qplus Stimulus Selection
Stimulus: 0.588
Output value 0.862

Q+ parameters
slope: 0.298 semiSat: 0.560 beta: 0.969 sigma: 0.166 
maxBOLD estimate = 1.398


Trial 73: qplus Stimulus Selection
Stimulus: 0.588
Output value 0.715

Q+ parameters
slope: 0.298 semiSat: 0.560 beta: 0.969 sigma: 0.166 
maxBOLD estimate = 1.354


Trial 74: qplus Stimulus Selection
Stimulus: 0.546
Output value 0.507

Q+ parameters
slope: 0.379 semiSat: 0.560 beta: 1.062 sigma: 0.218 
maxBOLD estimate = 1.312


Trial 75: maxBOLD Stimulus Selection
Stimulus: 1.000
Output value 1.350

Q+ parameters
slope: 0.298 semiSat: 0.560 beta: 0.969 sigma: 0.166 
maxBOLD estimate = 1.394


Trial 76: qplus Stimulus Selection
Stimulus: 0.588
Output value 1.435

Q+ parameters
slope: 0.379 semiSat: 0.560 beta: 1.062 sigma: 0.218 
maxBOLD estimate = 1.350


Trial 77: qplus Stimulus Selection
Stimulus: 0.546
Output value 0.505

Q+ parameters
slope: 0.298 semiSat: 0.560 beta: 0.969 sigma: 0.166 
maxBOLD estimate = 1.435


Trial 78: qplus Stimulus Selection
Stimulus: 0.588
Output value 1.102

Q+ parameters
slope: 0.298 semiSat: 0.560 beta: 0.969 sigma: 0.166 
maxBOLD estimate = 1.390


Trial 79: qplus Stimulus Selection
Stimulus: 0.546
Output value 0.780

Q+ parameters
slope: 0.379 semiSat: 0.560 beta: 1.062 sigma: 0.218 
maxBOLD estimate = 1.346


Trial 80: baseline Stimulus Selection
Stimulus: 0.010
Output value 0.252

Q+ parameters
slope: 0.298 semiSat: 0.560 beta: 0.969 sigma: 0.166 
maxBOLD estimate = 1.430


Trial 81: qplus Stimulus Selection
Stimulus: 0.588
Output value 0.488

Q+ parameters
slope: 0.298 semiSat: 0.560 beta: 0.969 sigma: 0.166 
maxBOLD estimate = 1.386


Trial 82: qplus Stimulus Selection
Stimulus: 0.588
Output value 1.297

Q+ parameters
slope: 0.379 semiSat: 0.560 beta: 1.062 sigma: 0.218 
maxBOLD estimate = 1.342


Trial 83: qplus Stimulus Selection
Stimulus: 0.546
Output value 0.879

Q+ parameters
slope: 0.298 semiSat: 0.560 beta: 0.969 sigma: 0.166 
maxBOLD estimate = 1.426


Trial 84: qplus Stimulus Selection
Stimulus: 0.505
Output value 0.730

Q+ parameters
slope: 0.298 semiSat: 0.560 beta: 0.969 sigma: 0.166 
maxBOLD estimate = 1.382


Trial 85: maxBOLD Stimulus Selection
Stimulus: 1.000
Output value 1.643

Q+ parameters
slope: 0.234 semiSat: 0.560 beta: 1.125 sigma: 0.166 
maxBOLD estimate = 1.339


Trial 86: qplus Stimulus Selection
Stimulus: 0.505
Output value 0.133

Q+ parameters
slope: 0.298 semiSat: 0.560 beta: 0.969 sigma: 0.166 
maxBOLD estimate = 1.506


Trial 87: qplus Stimulus Selection
Stimulus: 0.711
Output value 1.542

Q+ parameters
slope: 0.298 semiSat: 0.560 beta: 0.969 sigma: 0.166 
maxBOLD estimate = 1.459


Trial 88: qplus Stimulus Selection
Stimulus: 0.505
Output value 0.249

Q+ parameters
slope: 0.298 semiSat: 0.560 beta: 0.969 sigma: 0.166 
maxBOLD estimate = 1.413


Trial 89: qplus Stimulus Selection
Stimulus: 0.505
Output value 0.000

Q+ parameters
slope: 0.298 semiSat: 0.560 beta: 0.969 sigma: 0.166 
maxBOLD estimate = 1.369


Trial 90: baseline Stimulus Selection
Stimulus: 0.010
Output value 0.000

Q+ parameters
slope: 0.379 semiSat: 0.560 beta: 1.062 sigma: 0.218 
maxBOLD estimate = 1.326


Trial 91: qplus Stimulus Selection
Stimulus: 0.505
Output value 0.496

Q+ parameters
slope: 0.298 semiSat: 0.560 beta: 0.969 sigma: 0.166 
maxBOLD estimate = 1.409


Trial 92: qplus Stimulus Selection
Stimulus: 0.588
Output value 1.323

Q+ parameters
slope: 0.298 semiSat: 0.560 beta: 0.969 sigma: 0.166 
maxBOLD estimate = 1.365


Trial 93: qplus Stimulus Selection
Stimulus: 0.505
Output value 0.135

Q+ parameters
slope: 0.234 semiSat: 0.560 beta: 1.125 sigma: 0.166 
maxBOLD estimate = 1.323


Trial 94: qplus Stimulus Selection
Stimulus: 0.505
Output value 0.524

Q+ parameters
slope: 0.298 semiSat: 0.560 beta: 0.969 sigma: 0.166 
maxBOLD estimate = 1.488


Trial 95: maxBOLD Stimulus Selection
Stimulus: 1.000
Output value 1.142

Q+ parameters
slope: 0.298 semiSat: 0.560 beta: 0.969 sigma: 0.166 
maxBOLD estimate = 1.441


Trial 96: qplus Stimulus Selection
Stimulus: 0.546
Output value 0.615

Q+ parameters
slope: 0.298 semiSat: 0.560 beta: 0.969 sigma: 0.166 
maxBOLD estimate = 1.396


Trial 97: qplus Stimulus Selection
Stimulus: 0.505
Output value 0.968

Q+ parameters
slope: 0.234 semiSat: 0.560 beta: 1.125 sigma: 0.166 
maxBOLD estimate = 1.353


Trial 98: qplus Stimulus Selection
Stimulus: 0.505
Output value 0.134

Q+ parameters
slope: 0.298 semiSat: 0.560 beta: 0.969 sigma: 0.166 
maxBOLD estimate = 1.522


Trial 99: qplus Stimulus Selection
Stimulus: 0.629
Output value 0.779

Q+ parameters
slope: 0.298 semiSat: 0.560 beta: 0.969 sigma: 0.166 
maxBOLD estimate = 1.474


Trial 100: baseline Stimulus Selection
Stimulus: 0.010
Output value -0.126

Q+ parameters
slope: 0.298 semiSat: 0.560 beta: 0.969 sigma: 0.166 
maxBOLD estimate = 1.428

--------------------------------------------------------------
FINAL VALUES
--------------------------------------------------------------
Simulated parameters:              slope: 0.200 semiSat: 0.570 beta: 1.000 sigma: 0.150 
Max posterior QUEST+ parameters:   slope: 0.113 semiSat: 0.670 beta: 1.500 sigma: 0.166 
Max BADS parameters:               slope: 0.212 semiSat: 0.585 beta: 1.000 sigma: 0.148 
maxBOLD estimate: 1.654
