/blue/stevenweisberg/stevenweisberg/MATLAB/projects/Weisberg_Aguirre_2020/scripts/run_sims
c27a-s40.ufhpc
Thu Nov 12 12:46:48 EST 2020
cp: cannot stat ‘/blue/stevenweisberg/stevenweisberg/qpfMRIResults/deploy_sim.sh’: No such file or directory
cp: cannot stat ‘/blue/stevenweisberg/stevenweisberg/qpfMRIResults/sim_wrapper.sh’: No such file or directory
------------------------------------------
Setting up environment variables
---
LD_LIBRARY_PATH is .:/apps/matlab/mcr/2020b/v99/runtime/glnxa64:/apps/matlab/mcr/2020b/v99/bin/glnxa64:/apps/matlab/mcr/2020b/v99/sys/os/glnxa64:/apps/matlab/mcr/2020b/v99/sys/opengl/lib/glnxa64
Warning: Executing startup failed in matlabrc.
This indicates a potentially serious problem in your MATLAB setup, which should be resolved as soon as possible.  Error detected was:
MATLAB:mpath:PathAlterationNotSupported
Modifying the search path is not supported by MATLAB Compiler. Remove functions that modify the search path from your MATLAB code. To make files visible to your deployed application, add the parent folder to your MATLAB session.
Warning: No stimulus domain specified. Defaulting to values between 0.01 and 1.
> In qpfmriParams (line 182)
In compiledSimulate (line 205)
Stimulus domain added from input.
Parameter slope specified as 0.41000
Parameter semiSat specified as 0.57000
Parameter beta specified as 1.00000
Parameter sigma specified as 0.15000
seed = 99seed = 104seed = 111seed = 111seed = 115seed = 101Initializing Q+. This may take a minute...
Elapsed time is 9.682046 seconds.
Simulated parameters:
slope: 0.410 semiSat: 0.570 beta: 1.000 sigma: 0.150 

Trial 1: baseline Stimulus Selection
Stimulus: 0.010
Output value 0.000

Q+ parameters
slope: 0.026 semiSat: 0.890 beta: 0.500 sigma: 0.010 
maxBOLD estimate = 1.000


Trial 2: maxBOLD Stimulus Selection
Stimulus: 1.000
Output value 1.364

Q+ parameters
slope: 0.055 semiSat: 0.670 beta: 1.250 sigma: 0.010 
maxBOLD estimate = 1.000


Trial 3: baseline Stimulus Selection
Stimulus: 0.010
Output value 0.142

Q+ parameters
slope: 0.055 semiSat: 0.670 beta: 1.250 sigma: 0.062 
maxBOLD estimate = 1.250


Trial 4: maxBOLD Stimulus Selection
Stimulus: 1.000
Output value 2.131

Q+ parameters
slope: 0.055 semiSat: 0.670 beta: 1.250 sigma: 0.114 
maxBOLD estimate = 1.562


Trial 5: baseline Stimulus Selection
Stimulus: 0.010
Output value 0.444

Q+ parameters
slope: 0.043 semiSat: 0.780 beta: 1.250 sigma: 0.114 
maxBOLD estimate = 1.953


Trial 6: maxBOLD Stimulus Selection
Stimulus: 1.000
Output value 1.505

Q+ parameters
slope: 0.043 semiSat: 0.780 beta: 0.969 sigma: 0.114 
maxBOLD estimate = 2.441


Trial 7: qplus Stimulus Selection
Stimulus: 0.629
Output value 1.290

Q+ parameters
slope: 0.089 semiSat: 0.340 beta: 0.750 sigma: 0.062 
maxBOLD estimate = 2.365


Trial 8: qplus Stimulus Selection
Stimulus: 0.381
Output value 0.403

Q+ parameters
slope: 0.089 semiSat: 0.560 beta: 1.250 sigma: 0.114 
maxBOLD estimate = 1.774


Trial 9: qplus Stimulus Selection
Stimulus: 0.505
Output value 0.000

Q+ parameters
slope: 0.616 semiSat: 0.560 beta: 0.750 sigma: 0.062 
maxBOLD estimate = 2.217


Trial 10: baseline Stimulus Selection
Stimulus: 0.010
Output value -0.161

Q+ parameters
slope: 0.379 semiSat: 0.560 beta: 1.062 sigma: 0.114 
maxBOLD estimate = 1.663


Trial 11: qplus Stimulus Selection
Stimulus: 0.588
Output value 0.778

Q+ parameters
slope: 0.234 semiSat: 0.560 beta: 0.969 sigma: 0.114 
maxBOLD estimate = 1.767


Trial 12: qplus Stimulus Selection
Stimulus: 0.629
Output value 2.101

Q+ parameters
slope: 0.379 semiSat: 0.560 beta: 1.125 sigma: 0.114 
maxBOLD estimate = 1.712


Trial 13: qplus Stimulus Selection
Stimulus: 0.546
Output value -0.153

Q+ parameters
slope: 0.785 semiSat: 0.560 beta: 0.875 sigma: 0.114 
maxBOLD estimate = 1.926


Trial 14: qplus Stimulus Selection
Stimulus: 0.588
Output value 0.790

Q+ parameters
slope: 0.379 semiSat: 0.560 beta: 1.031 sigma: 0.114 
maxBOLD estimate = 1.685


Trial 15: maxBOLD Stimulus Selection
Stimulus: 1.000
Output value 1.530

Q+ parameters
slope: 0.379 semiSat: 0.560 beta: 0.969 sigma: 0.114 
maxBOLD estimate = 1.738


Trial 16: qplus Stimulus Selection
Stimulus: 0.588
Output value 0.947

Q+ parameters
slope: 0.379 semiSat: 0.560 beta: 1.031 sigma: 0.114 
maxBOLD estimate = 1.683


Trial 17: qplus Stimulus Selection
Stimulus: 0.505
Output value -0.276

Q+ parameters
slope: 0.616 semiSat: 0.560 beta: 0.875 sigma: 0.114 
maxBOLD estimate = 1.736


Trial 18: qplus Stimulus Selection
Stimulus: 0.588
Output value 0.000

Q+ parameters
slope: 0.234 semiSat: 0.560 beta: 0.969 sigma: 0.218 
maxBOLD estimate = 1.519


Trial 19: qplus Stimulus Selection
Stimulus: 0.711
Output value 0.690

Q+ parameters
slope: 0.379 semiSat: 0.560 beta: 1.031 sigma: 0.218 
maxBOLD estimate = 1.471


Trial 20: baseline Stimulus Selection
Stimulus: 0.010
Output value -0.285

Q+ parameters
slope: 0.379 semiSat: 0.560 beta: 1.031 sigma: 0.166 
maxBOLD estimate = 1.517


Trial 21: qplus Stimulus Selection
Stimulus: 0.629
Output value 0.880

Q+ parameters
slope: 0.379 semiSat: 0.560 beta: 1.031 sigma: 0.218 
maxBOLD estimate = 1.565


Trial 22: qplus Stimulus Selection
Stimulus: 0.629
Output value 1.137

Q+ parameters
slope: 0.234 semiSat: 0.560 beta: 0.969 sigma: 0.166 
maxBOLD estimate = 1.614


Trial 23: qplus Stimulus Selection
Stimulus: 0.629
Output value 0.964

Q+ parameters
slope: 0.234 semiSat: 0.560 beta: 0.969 sigma: 0.166 
maxBOLD estimate = 1.563


Trial 24: qplus Stimulus Selection
Stimulus: 0.629
Output value 1.067

Q+ parameters
slope: 0.234 semiSat: 0.560 beta: 0.969 sigma: 0.166 
maxBOLD estimate = 1.514


Trial 25: maxBOLD Stimulus Selection
Stimulus: 1.000
Output value 1.034

Q+ parameters
slope: 0.616 semiSat: 0.560 beta: 0.969 sigma: 0.218 
maxBOLD estimate = 1.467


Trial 26: qplus Stimulus Selection
Stimulus: 0.505
Output value 0.000

Q+ parameters
slope: 0.379 semiSat: 0.560 beta: 0.969 sigma: 0.166 
maxBOLD estimate = 1.421


Trial 27: qplus Stimulus Selection
Stimulus: 0.546
Output value 0.133

Q+ parameters
slope: 0.785 semiSat: 0.560 beta: 1.062 sigma: 0.218 
maxBOLD estimate = 1.377


Trial 28: qplus Stimulus Selection
Stimulus: 0.546
Output value -0.129

Q+ parameters
slope: 0.616 semiSat: 0.560 beta: 0.969 sigma: 0.218 
maxBOLD estimate = 1.463


Trial 29: qplus Stimulus Selection
Stimulus: 0.505
Output value 0.000

Q+ parameters
slope: 0.616 semiSat: 0.560 beta: 0.969 sigma: 0.218 
maxBOLD estimate = 1.417


Trial 30: baseline Stimulus Selection
Stimulus: 0.010
Output value 0.000

Q+ parameters
slope: 0.616 semiSat: 0.560 beta: 0.969 sigma: 0.218 
maxBOLD estimate = 1.373

--------------------------------------------------------------
FINAL VALUES
--------------------------------------------------------------
Simulated parameters:              slope: 0.410 semiSat: 0.570 beta: 1.000 sigma: 0.150 
Max posterior QUEST+ parameters:   slope: 0.616 semiSat: 0.560 beta: 0.750 sigma: 0.166 
Max BADS parameters:               slope: 0.417 semiSat: 0.594 beta: 1.000 sigma: 0.172 
maxBOLD estimate: 1.764
