/blue/stevenweisberg/stevenweisberg/MATLAB/projects/Weisberg_Aguirre_2020/scripts/run_sims
c26a-s23.ufhpc
Sat Nov 14 01:44:35 EST 2020
mkdir: cannot create directory ‘/blue/stevenweisberg/stevenweisberg/qpfMRIResults/model_parameter_set1/’: File exists
cp: cannot stat ‘/blue/stevenweisberg/stevenweisberg/qpfMRIResults/deploy_sim.sh’: No such file or directory
cp: cannot stat ‘/blue/stevenweisberg/stevenweisberg/qpfMRIResults/sim_wrapper.sh’: No such file or directory
------------------------------------------
Setting up environment variables
---
LD_LIBRARY_PATH is .:/apps/matlab/mcr/2020b/v99/runtime/glnxa64:/apps/matlab/mcr/2020b/v99/bin/glnxa64:/apps/matlab/mcr/2020b/v99/sys/os/glnxa64:/apps/matlab/mcr/2020b/v99/sys/opengl/lib/glnxa64
Warning: Executing startup failed in matlabrc.
This indicates a potentially serious problem in your MATLAB setup, which should be resolved as soon as possible.  Error detected was:
MATLAB:mpath:PathAlterationNotSupported
Modifying the search path is not supported by MATLAB Compiler. Remove functions that modify the search path from your MATLAB code. To make files visible to your deployed application, add the parent folder to your MATLAB session.
Warning: No stimulus domain specified. Defaulting to values between 0.01 and 1.
> In qpfmriParams (line 182)
In compiledSimulate (line 205)
Stimulus domain added from input.
Parameter slope specified as 0.41000
Parameter semiSat specified as 0.57000
Parameter beta specified as 1.00000
Parameter sigma specified as 0.05000
seed = 99seed = 104seed = 111seed = 111seed = 115seed = 101Initializing Q+. This may take a minute...
Elapsed time is 10.273269 seconds.
Simulated parameters:
slope: 0.410 semiSat: 0.570 beta: 1.000 sigma: 0.050 

Trial 1: baseline Stimulus Selection
Stimulus: 0.010
Output value 0.000

Q+ parameters
slope: 0.026 semiSat: 0.890 beta: 0.500 sigma: 0.010 
maxBOLD estimate = 1.000


Trial 2: maxBOLD Stimulus Selection
Stimulus: 1.000
Output value 1.364

Q+ parameters
slope: 0.055 semiSat: 0.670 beta: 1.250 sigma: 0.010 
maxBOLD estimate = 1.000


Trial 3: baseline Stimulus Selection
Stimulus: 0.010
Output value -0.142

Q+ parameters
slope: 0.055 semiSat: 0.670 beta: 1.250 sigma: 0.062 
maxBOLD estimate = 1.250


Trial 4: maxBOLD Stimulus Selection
Stimulus: 1.000
Output value 1.776

Q+ parameters
slope: 0.043 semiSat: 0.780 beta: 1.250 sigma: 0.062 
maxBOLD estimate = 1.562


Trial 5: baseline Stimulus Selection
Stimulus: 0.010
Output value 0.000

Q+ parameters
slope: 0.043 semiSat: 0.780 beta: 1.125 sigma: 0.062 
maxBOLD estimate = 1.953


Trial 6: maxBOLD Stimulus Selection
Stimulus: 1.000
Output value 1.748

Q+ parameters
slope: 0.034 semiSat: 1.000 beta: 1.250 sigma: 0.062 
maxBOLD estimate = 2.197


Trial 7: random Stimulus Selection
Stimulus: 0.092
Output value -0.250

Q+ parameters
slope: 0.034 semiSat: 1.000 beta: 1.000 sigma: 0.062 
maxBOLD estimate = 2.747


Trial 8: random Stimulus Selection
Stimulus: 0.753
Output value 0.624

Q+ parameters
slope: 0.616 semiSat: 0.230 beta: 0.500 sigma: 0.062 
maxBOLD estimate = 2.747


Trial 9: random Stimulus Selection
Stimulus: 1.000
Output value 1.873

Q+ parameters
slope: 0.070 semiSat: 0.670 beta: 1.500 sigma: 0.062 
maxBOLD estimate = 1.373


Trial 10: baseline Stimulus Selection
Stimulus: 0.010
Output value 0.000

Q+ parameters
slope: 0.070 semiSat: 0.560 beta: 0.750 sigma: 0.062 
maxBOLD estimate = 2.060


Trial 11: random Stimulus Selection
Stimulus: 0.794
Output value 1.448

Q+ parameters
slope: 0.113 semiSat: 0.560 beta: 0.938 sigma: 0.062 
maxBOLD estimate = 1.545


Trial 12: random Stimulus Selection
Stimulus: 0.629
Output value 1.317

Q+ parameters
slope: 0.113 semiSat: 0.450 beta: 1.000 sigma: 0.062 
maxBOLD estimate = 1.448


Trial 13: random Stimulus Selection
Stimulus: 0.711
Output value 1.629

Q+ parameters
slope: 0.113 semiSat: 0.450 beta: 1.031 sigma: 0.062 
maxBOLD estimate = 1.448


Trial 14: random Stimulus Selection
Stimulus: 0.959
Output value 1.680

Q+ parameters
slope: 0.113 semiSat: 0.450 beta: 1.031 sigma: 0.062 
maxBOLD estimate = 1.494


Trial 15: maxBOLD Stimulus Selection
Stimulus: 1.000
Output value 1.540

Q+ parameters
slope: 0.089 semiSat: 0.450 beta: 1.000 sigma: 0.062 
maxBOLD estimate = 1.540


Trial 16: random Stimulus Selection
Stimulus: 0.753
Output value 1.588

Q+ parameters
slope: 0.113 semiSat: 0.450 beta: 1.031 sigma: 0.062 
maxBOLD estimate = 1.540


Trial 17: random Stimulus Selection
Stimulus: 0.546
Output value 0.406

Q+ parameters
slope: 0.616 semiSat: 0.560 beta: 0.938 sigma: 0.062 
maxBOLD estimate = 1.588


Trial 18: random Stimulus Selection
Stimulus: 0.051
Output value -0.131

Q+ parameters
slope: 0.616 semiSat: 0.560 beta: 0.969 sigma: 0.062 
maxBOLD estimate = 1.489


Trial 19: random Stimulus Selection
Stimulus: 0.092
Output value 0.000

Q+ parameters
slope: 0.616 semiSat: 0.560 beta: 0.969 sigma: 0.062 
maxBOLD estimate = 1.443


Trial 20: baseline Stimulus Selection
Stimulus: 0.010
Output value -0.270

Q+ parameters
slope: 0.379 semiSat: 0.560 beta: 1.062 sigma: 0.062 
maxBOLD estimate = 1.398


Trial 21: random Stimulus Selection
Stimulus: 0.464
Output value 0.000

Q+ parameters
slope: 0.379 semiSat: 0.560 beta: 1.062 sigma: 0.062 
maxBOLD estimate = 1.485


Trial 22: random Stimulus Selection
Stimulus: 0.464
Output value -0.139

Q+ parameters
slope: 0.616 semiSat: 0.560 beta: 0.969 sigma: 0.062 
maxBOLD estimate = 1.578


Trial 23: random Stimulus Selection
Stimulus: 0.546
Output value 0.404

Q+ parameters
slope: 0.379 semiSat: 0.560 beta: 0.969 sigma: 0.062 
maxBOLD estimate = 1.528


Trial 24: random Stimulus Selection
Stimulus: 0.670
Output value 1.573

Q+ parameters
slope: 0.379 semiSat: 0.560 beta: 1.062 sigma: 0.062 
maxBOLD estimate = 1.481


Trial 25: maxBOLD Stimulus Selection
Stimulus: 1.000
Output value 1.524

Q+ parameters
slope: 0.616 semiSat: 0.560 beta: 0.969 sigma: 0.062 
maxBOLD estimate = 1.573


Trial 26: random Stimulus Selection
Stimulus: 0.753
Output value 1.342

Q+ parameters
slope: 0.379 semiSat: 0.560 beta: 0.969 sigma: 0.062 
maxBOLD estimate = 1.524


Trial 27: random Stimulus Selection
Stimulus: 0.216
Output value 0.000

Q+ parameters
slope: 0.379 semiSat: 0.560 beta: 1.062 sigma: 0.062 
maxBOLD estimate = 1.476


Trial 28: random Stimulus Selection
Stimulus: 0.876
Output value 1.658

Q+ parameters
slope: 0.379 semiSat: 0.560 beta: 0.969 sigma: 0.062 
maxBOLD estimate = 1.569


Trial 29: random Stimulus Selection
Stimulus: 0.959
Output value 1.472

Q+ parameters
slope: 0.379 semiSat: 0.560 beta: 0.969 sigma: 0.062 
maxBOLD estimate = 1.520


Trial 30: baseline Stimulus Selection
Stimulus: 0.010
Output value 0.142

Q+ parameters
slope: 0.379 semiSat: 0.560 beta: 1.062 sigma: 0.062 
maxBOLD estimate = 1.472

--------------------------------------------------------------
FINAL VALUES
--------------------------------------------------------------
Simulated parameters:              slope: 0.410 semiSat: 0.570 beta: 1.000 sigma: 0.050 
Max posterior QUEST+ parameters:   slope: 0.616 semiSat: 0.560 beta: 0.938 sigma: 0.062 
Max BADS parameters:               slope: 0.358 semiSat: 0.572 beta: 1.000 sigma: 0.068 
maxBOLD estimate: 1.602
