/blue/stevenweisberg/stevenweisberg/MATLAB/projects/Weisberg_Aguirre_2020/scripts/run_sims
c29a-s17.ufhpc
Wed Apr  7 10:11:33 EDT 2021
mkdir: cannot create directory ‘/blue/stevenweisberg/stevenweisberg/qpfMRIResults/model_parameter_set2/’: File exists
cp: cannot stat ‘/blue/stevenweisberg/stevenweisberg/qpfMRIResults/deploy_sim.sh’: No such file or directory
cp: cannot stat ‘/blue/stevenweisberg/stevenweisberg/qpfMRIResults/sim_wrapper.sh’: No such file or directory
------------------------------------------
Setting up environment variables
---
LD_LIBRARY_PATH is .:/apps/matlab/mcr/2020b/v99/runtime/glnxa64:/apps/matlab/mcr/2020b/v99/bin/glnxa64:/apps/matlab/mcr/2020b/v99/sys/os/glnxa64:/apps/matlab/mcr/2020b/v99/sys/opengl/lib/glnxa64
Warning: Executing startup failed in matlabrc.
This indicates a potentially serious problem in your MATLAB setup, which should be resolved as soon as possible.  Error detected was:
MATLAB:mpath:PathAlterationNotSupported
Modifying the search path is not supported by MATLAB Compiler. Remove functions that modify the search path from your MATLAB code. To make files visible to your deployed application, add the parent folder to your MATLAB session.
Warning: No stimulus domain specified. Defaulting to values between 0.01 and 1.
> In qpfmriParams (line 182)
In compiledSimulate (line 205)
Stimulus domain added from input.
Parameter slope specified as 0.20000
Parameter semiSat specified as 0.57000
Parameter beta specified as 1.00000
Parameter sigma specified as 0.15000
seed = 99seed = 104seed = 111seed = 111seed = 115seed = 101Initializing Q+. This may take a minute...
Elapsed time is 10.044960 seconds.
Simulated parameters:
slope: 0.200 semiSat: 0.570 beta: 1.000 sigma: 0.150 

Trial 1: baseline Stimulus Selection
Stimulus: 0.010
Output value 0.000

Q+ parameters
slope: 0.026 semiSat: 0.890 beta: 0.500 sigma: 0.010 
maxBOLD estimate = 1.000


Trial 2: maxBOLD Stimulus Selection
Stimulus: 1.000
Output value 0.705

Q+ parameters
slope: 0.043 semiSat: 0.780 beta: 0.969 sigma: 0.010 
maxBOLD estimate = 1.000


Trial 3: baseline Stimulus Selection
Stimulus: 0.010
Output value -0.220

Q+ parameters
slope: 0.055 semiSat: 0.670 beta: 1.250 sigma: 0.114 
maxBOLD estimate = 0.969


Trial 4: maxBOLD Stimulus Selection
Stimulus: 1.000
Output value 1.486

Q+ parameters
slope: 0.055 semiSat: 0.670 beta: 1.125 sigma: 0.114 
maxBOLD estimate = 1.211


Trial 5: baseline Stimulus Selection
Stimulus: 0.010
Output value 0.155

Q+ parameters
slope: 0.043 semiSat: 0.780 beta: 1.250 sigma: 0.114 
maxBOLD estimate = 1.362


Trial 6: maxBOLD Stimulus Selection
Stimulus: 1.000
Output value 0.542

Q+ parameters
slope: 0.034 semiSat: 0.890 beta: 0.875 sigma: 0.166 
maxBOLD estimate = 1.703


Trial 7: random Stimulus Selection
Stimulus: 0.876
Output value 1.524

Q+ parameters
slope: 0.070 semiSat: 0.450 beta: 0.938 sigma: 0.166 
maxBOLD estimate = 1.490


Trial 8: random Stimulus Selection
Stimulus: 1.000
Output value 2.286

Q+ parameters
slope: 0.055 semiSat: 0.670 beta: 1.500 sigma: 0.166 
maxBOLD estimate = 1.397


Trial 9: random Stimulus Selection
Stimulus: 0.959
Output value 1.286

Q+ parameters
slope: 0.070 semiSat: 0.450 beta: 0.750 sigma: 0.114 
maxBOLD estimate = 2.095


Trial 10: baseline Stimulus Selection
Stimulus: 0.010
Output value -0.152

Q+ parameters
slope: 0.070 semiSat: 0.560 beta: 1.062 sigma: 0.166 
maxBOLD estimate = 1.572


Trial 11: random Stimulus Selection
Stimulus: 0.381
Output value 0.759

Q+ parameters
slope: 0.089 semiSat: 0.450 beta: 1.000 sigma: 0.166 
maxBOLD estimate = 1.670


Trial 12: random Stimulus Selection
Stimulus: 0.753
Output value 2.277

Q+ parameters
slope: 0.089 semiSat: 0.450 beta: 1.250 sigma: 0.166 
maxBOLD estimate = 1.670


Trial 13: random Stimulus Selection
Stimulus: 0.092
Output value 0.285

Q+ parameters
slope: 0.089 semiSat: 0.340 beta: 0.750 sigma: 0.114 
maxBOLD estimate = 2.087


Trial 14: random Stimulus Selection
Stimulus: 0.670
Output value 1.779

Q+ parameters
slope: 0.089 semiSat: 0.450 beta: 1.250 sigma: 0.166 
maxBOLD estimate = 1.565


Trial 15: maxBOLD Stimulus Selection
Stimulus: 1.000
Output value 1.401

Q+ parameters
slope: 0.070 semiSat: 0.450 beta: 0.875 sigma: 0.114 
maxBOLD estimate = 1.957


Trial 16: random Stimulus Selection
Stimulus: 0.629
Output value 1.946

Q+ parameters
slope: 0.089 semiSat: 0.450 beta: 1.250 sigma: 0.166 
maxBOLD estimate = 1.712


Trial 17: random Stimulus Selection
Stimulus: 0.753
Output value 1.459

Q+ parameters
slope: 0.089 semiSat: 0.340 beta: 0.750 sigma: 0.114 
maxBOLD estimate = 2.140


Trial 18: random Stimulus Selection
Stimulus: 0.175
Output value 0.365

Q+ parameters
slope: 0.089 semiSat: 0.450 beta: 1.250 sigma: 0.166 
maxBOLD estimate = 1.605


Trial 19: random Stimulus Selection
Stimulus: 0.835
Output value 1.117

Q+ parameters
slope: 0.070 semiSat: 0.450 beta: 0.875 sigma: 0.114 
maxBOLD estimate = 2.006


Trial 20: baseline Stimulus Selection
Stimulus: 0.010
Output value 0.449

Q+ parameters
slope: 0.089 semiSat: 0.450 beta: 0.938 sigma: 0.166 
maxBOLD estimate = 1.756


Trial 21: random Stimulus Selection
Stimulus: 0.505
Output value 0.309

Q+ parameters
slope: 0.234 semiSat: 0.560 beta: 1.031 sigma: 0.166 
maxBOLD estimate = 1.646


Trial 22: random Stimulus Selection
Stimulus: 0.134
Output value -0.270

Q+ parameters
slope: 0.616 semiSat: 0.560 beta: 0.875 sigma: 0.166 
maxBOLD estimate = 1.697


Trial 23: random Stimulus Selection
Stimulus: 0.051
Output value 0.143

Q+ parameters
slope: 0.379 semiSat: 0.560 beta: 1.062 sigma: 0.166 
maxBOLD estimate = 1.485


Trial 24: random Stimulus Selection
Stimulus: 0.876
Output value 0.762

Q+ parameters
slope: 0.616 semiSat: 0.560 beta: 1.062 sigma: 0.218 
maxBOLD estimate = 1.578


Trial 25: maxBOLD Stimulus Selection
Stimulus: 1.000
Output value 1.067

Q+ parameters
slope: 0.616 semiSat: 0.560 beta: 0.875 sigma: 0.166 
maxBOLD estimate = 1.677


Trial 26: random Stimulus Selection
Stimulus: 0.505
Output value -0.283

Q+ parameters
slope: 0.616 semiSat: 0.560 beta: 1.062 sigma: 0.166 
maxBOLD estimate = 1.467


Trial 27: random Stimulus Selection
Stimulus: 0.918
Output value 1.647

Q+ parameters
slope: 0.616 semiSat: 0.560 beta: 0.969 sigma: 0.166 
maxBOLD estimate = 1.559


Trial 28: random Stimulus Selection
Stimulus: 0.092
Output value -0.266

Q+ parameters
slope: 0.616 semiSat: 0.560 beta: 0.969 sigma: 0.166 
maxBOLD estimate = 1.510


Trial 29: random Stimulus Selection
Stimulus: 0.092
Output value 0.283

Q+ parameters
slope: 0.616 semiSat: 0.560 beta: 1.062 sigma: 0.166 
maxBOLD estimate = 1.463


Trial 30: baseline Stimulus Selection
Stimulus: 0.010
Output value -0.300

Q+ parameters
slope: 0.616 semiSat: 0.560 beta: 1.062 sigma: 0.166 
maxBOLD estimate = 1.554


Trial 31: random Stimulus Selection
Stimulus: 0.175
Output value 0.000

Q+ parameters
slope: 0.616 semiSat: 0.560 beta: 0.969 sigma: 0.166 
maxBOLD estimate = 1.651


Trial 32: random Stimulus Selection
Stimulus: 0.381
Output value 0.000

Q+ parameters
slope: 0.616 semiSat: 0.560 beta: 0.969 sigma: 0.166 
maxBOLD estimate = 1.600


Trial 33: random Stimulus Selection
Stimulus: 0.918
Output value 1.647

Q+ parameters
slope: 0.616 semiSat: 0.560 beta: 1.062 sigma: 0.166 
maxBOLD estimate = 1.550


Trial 34: random Stimulus Selection
Stimulus: 0.216
Output value 0.000

Q+ parameters
slope: 0.616 semiSat: 0.560 beta: 0.969 sigma: 0.166 
maxBOLD estimate = 1.647


Trial 35: maxBOLD Stimulus Selection
Stimulus: 1.000
Output value 0.562

Q+ parameters
slope: 0.616 semiSat: 0.560 beta: 0.969 sigma: 0.166 
maxBOLD estimate = 1.595


Trial 36: random Stimulus Selection
Stimulus: 0.711
Output value 1.045

Q+ parameters
slope: 0.616 semiSat: 0.560 beta: 1.062 sigma: 0.166 
maxBOLD estimate = 1.545


Trial 37: random Stimulus Selection
Stimulus: 0.711
Output value 0.653

Q+ parameters
slope: 0.234 semiSat: 0.560 beta: 0.875 sigma: 0.166 
maxBOLD estimate = 1.642


Trial 38: random Stimulus Selection
Stimulus: 0.794
Output value 1.110

Q+ parameters
slope: 0.616 semiSat: 0.560 beta: 1.062 sigma: 0.218 
maxBOLD estimate = 1.437


Trial 39: random Stimulus Selection
Stimulus: 0.175
Output value 0.442

Q+ parameters
slope: 0.616 semiSat: 0.560 beta: 1.062 sigma: 0.218 
maxBOLD estimate = 1.526


Trial 40: baseline Stimulus Selection
Stimulus: 0.010
Output value 0.258

Q+ parameters
slope: 0.616 semiSat: 0.560 beta: 0.875 sigma: 0.166 
maxBOLD estimate = 1.622


Trial 41: random Stimulus Selection
Stimulus: 0.423
Output value -0.274

Q+ parameters
slope: 0.616 semiSat: 0.560 beta: 1.062 sigma: 0.166 
maxBOLD estimate = 1.419


Trial 42: random Stimulus Selection
Stimulus: 0.505
Output value 0.531

Q+ parameters
slope: 0.234 semiSat: 0.560 beta: 0.969 sigma: 0.166 
maxBOLD estimate = 1.508


Trial 43: random Stimulus Selection
Stimulus: 0.175
Output value -0.257

Q+ parameters
slope: 0.234 semiSat: 0.560 beta: 0.969 sigma: 0.166 
maxBOLD estimate = 1.461


Trial 44: random Stimulus Selection
Stimulus: 0.588
Output value 1.230

Q+ parameters
slope: 0.379 semiSat: 0.560 beta: 1.062 sigma: 0.166 
maxBOLD estimate = 1.415


Trial 45: maxBOLD Stimulus Selection
Stimulus: 1.000
Output value 1.589

Q+ parameters
slope: 0.234 semiSat: 0.560 beta: 0.969 sigma: 0.166 
maxBOLD estimate = 1.503


Trial 46: random Stimulus Selection
Stimulus: 0.505
Output value 0.385

Q+ parameters
slope: 0.234 semiSat: 0.560 beta: 0.969 sigma: 0.166 
maxBOLD estimate = 1.457


Trial 47: random Stimulus Selection
Stimulus: 0.464
Output value 0.621

Q+ parameters
slope: 0.234 semiSat: 0.560 beta: 0.969 sigma: 0.166 
maxBOLD estimate = 1.411


Trial 48: random Stimulus Selection
Stimulus: 0.340
Output value 0.660

Q+ parameters
slope: 0.234 semiSat: 0.560 beta: 1.062 sigma: 0.166 
maxBOLD estimate = 1.367


Trial 49: random Stimulus Selection
Stimulus: 0.753
Output value 1.279

Q+ parameters
slope: 0.234 semiSat: 0.560 beta: 0.969 sigma: 0.166 
maxBOLD estimate = 1.452


Trial 50: baseline Stimulus Selection
Stimulus: 0.010
Output value -0.272

Q+ parameters
slope: 0.234 semiSat: 0.560 beta: 1.062 sigma: 0.166 
maxBOLD estimate = 1.407


Trial 51: random Stimulus Selection
Stimulus: 0.010
Output value 0.263

Q+ parameters
slope: 0.234 semiSat: 0.560 beta: 0.969 sigma: 0.166 
maxBOLD estimate = 1.495


Trial 52: random Stimulus Selection
Stimulus: 0.423
Output value 0.383

Q+ parameters
slope: 0.234 semiSat: 0.560 beta: 0.969 sigma: 0.166 
maxBOLD estimate = 1.448


Trial 53: random Stimulus Selection
Stimulus: 0.835
Output value 1.483

Q+ parameters
slope: 0.234 semiSat: 0.560 beta: 0.969 sigma: 0.166 
maxBOLD estimate = 1.403


Trial 54: random Stimulus Selection
Stimulus: 0.918
Output value 1.575

Q+ parameters
slope: 0.616 semiSat: 0.560 beta: 1.062 sigma: 0.218 
maxBOLD estimate = 1.359


Trial 55: maxBOLD Stimulus Selection
Stimulus: 1.000
Output value 1.272

Q+ parameters
slope: 0.234 semiSat: 0.560 beta: 0.969 sigma: 0.166 
maxBOLD estimate = 1.444


Trial 56: random Stimulus Selection
Stimulus: 0.959
Output value 1.478

Q+ parameters
slope: 0.234 semiSat: 0.560 beta: 0.969 sigma: 0.166 
maxBOLD estimate = 1.399


Trial 57: random Stimulus Selection
Stimulus: 0.299
Output value -0.262

Q+ parameters
slope: 0.379 semiSat: 0.560 beta: 1.062 sigma: 0.166 
maxBOLD estimate = 1.355


Trial 58: random Stimulus Selection
Stimulus: 0.959
Output value 0.888

Q+ parameters
slope: 0.234 semiSat: 0.560 beta: 0.969 sigma: 0.166 
maxBOLD estimate = 1.440


Trial 59: random Stimulus Selection
Stimulus: 1.000
Output value 0.943

Q+ parameters
slope: 0.616 semiSat: 0.560 beta: 1.062 sigma: 0.218 
maxBOLD estimate = 1.395

