/blue/stevenweisberg/stevenweisberg/MATLAB/projects/Weisberg_Aguirre_2020/scripts/run_sims
c7a-s17.ufhpc
Fri Nov 13 21:05:42 EST 2020
mkdir: cannot create directory ‘/blue/stevenweisberg/stevenweisberg/qpfMRIResults/model_parameter_set1/’: File exists
cp: cannot stat ‘/blue/stevenweisberg/stevenweisberg/qpfMRIResults/deploy_sim.sh’: No such file or directory
cp: cannot stat ‘/blue/stevenweisberg/stevenweisberg/qpfMRIResults/sim_wrapper.sh’: No such file or directory
------------------------------------------
Setting up environment variables
---
LD_LIBRARY_PATH is .:/apps/matlab/mcr/2020b/v99/runtime/glnxa64:/apps/matlab/mcr/2020b/v99/bin/glnxa64:/apps/matlab/mcr/2020b/v99/sys/os/glnxa64:/apps/matlab/mcr/2020b/v99/sys/opengl/lib/glnxa64
Warning: Executing startup failed in matlabrc.
This indicates a potentially serious problem in your MATLAB setup, which should be resolved as soon as possible.  Error detected was:
MATLAB:mpath:PathAlterationNotSupported
Modifying the search path is not supported by MATLAB Compiler. Remove functions that modify the search path from your MATLAB code. To make files visible to your deployed application, add the parent folder to your MATLAB session.
Warning: No stimulus domain specified. Defaulting to values between 0.01 and 1.
> In qpfmriParams (line 182)
In compiledSimulate (line 205)
Stimulus domain added from input.
Parameter slope specified as 0.41000
Parameter semiSat specified as 0.57000
Parameter beta specified as 1.00000
Parameter sigma specified as 0.25000
seed = 99seed = 104seed = 111seed = 111seed = 115seed = 101Initializing Q+. This may take a minute...
Elapsed time is 21.690402 seconds.
Simulated parameters:
slope: 0.410 semiSat: 0.570 beta: 1.000 sigma: 0.250 

Trial 1: baseline Stimulus Selection
Stimulus: 0.010
Output value 0.000

Q+ parameters
slope: 0.026 semiSat: 0.890 beta: 0.500 sigma: 0.010 
maxBOLD estimate = 1.000


Trial 2: maxBOLD Stimulus Selection
Stimulus: 1.000
Output value -0.091

Q+ parameters
slope: 0.026 semiSat: 0.890 beta: 0.500 sigma: 0.479 
maxBOLD estimate = 1.000


Trial 3: baseline Stimulus Selection
Stimulus: 0.010
Output value -0.136

Q+ parameters
slope: 0.026 semiSat: 0.560 beta: 1.500 sigma: 1.000 
maxBOLD estimate = 0.500


Trial 4: maxBOLD Stimulus Selection
Stimulus: 1.000
Output value 1.023

Q+ parameters
slope: 0.043 semiSat: 0.560 beta: 1.250 sigma: 1.000 
maxBOLD estimate = 0.750


Trial 5: baseline Stimulus Selection
Stimulus: 0.010
Output value 0.575

Q+ parameters
slope: 0.043 semiSat: 0.780 beta: 1.125 sigma: 1.000 
maxBOLD estimate = 0.938


Trial 6: maxBOLD Stimulus Selection
Stimulus: 1.000
Output value 1.438

Q+ parameters
slope: 0.043 semiSat: 0.780 beta: 1.250 sigma: 1.000 
maxBOLD estimate = 1.055


Trial 7: qplus Stimulus Selection
Stimulus: 0.505
Output value -0.270

Q+ parameters
slope: 0.089 semiSat: 0.890 beta: 1.125 sigma: 0.479 
maxBOLD estimate = 1.318


Trial 8: qplus Stimulus Selection
Stimulus: 0.753
Output value 0.708

Q+ parameters
slope: 0.183 semiSat: 0.670 beta: 0.750 sigma: 0.218 
maxBOLD estimate = 1.483


Trial 9: qplus Stimulus Selection
Stimulus: 0.753
Output value 0.758

Q+ parameters
slope: 0.379 semiSat: 0.670 beta: 0.938 sigma: 0.323 
maxBOLD estimate = 1.112


Trial 10: baseline Stimulus Selection
Stimulus: 0.010
Output value 0.569

Q+ parameters
slope: 0.144 semiSat: 1.000 beta: 1.500 sigma: 1.000 
maxBOLD estimate = 1.043


Trial 11: qplus Stimulus Selection
Stimulus: 0.753
Output value 0.853

Q+ parameters
slope: 0.298 semiSat: 0.670 beta: 0.750 sigma: 0.218 
maxBOLD estimate = 1.564


Trial 12: qplus Stimulus Selection
Stimulus: 0.629
Output value 0.827

Q+ parameters
slope: 0.616 semiSat: 0.560 beta: 0.969 sigma: 0.323 
maxBOLD estimate = 1.173


Trial 13: qplus Stimulus Selection
Stimulus: 0.629
Output value -0.200

Q+ parameters
slope: 0.785 semiSat: 0.670 beta: 0.969 sigma: 0.427 
maxBOLD estimate = 1.137


Trial 14: qplus Stimulus Selection
Stimulus: 0.711
Output value 0.425

Q+ parameters
slope: 0.785 semiSat: 0.670 beta: 1.062 sigma: 1.000 
maxBOLD estimate = 1.101


Trial 15: maxBOLD Stimulus Selection
Stimulus: 1.000
Output value 0.412

Q+ parameters
slope: 0.616 semiSat: 0.560 beta: 0.969 sigma: 1.000 
maxBOLD estimate = 1.170


Trial 16: qplus Stimulus Selection
Stimulus: 0.629
Output value 0.319

Q+ parameters
slope: 0.616 semiSat: 0.670 beta: 1.031 sigma: 0.323 
maxBOLD estimate = 1.133


Trial 17: qplus Stimulus Selection
Stimulus: 0.629
Output value 0.823

Q+ parameters
slope: 0.616 semiSat: 0.560 beta: 0.969 sigma: 0.375 
maxBOLD estimate = 1.169


Trial 18: qplus Stimulus Selection
Stimulus: 0.629
Output value 0.598

Q+ parameters
slope: 0.616 semiSat: 0.560 beta: 0.969 sigma: 0.427 
maxBOLD estimate = 1.132


Trial 19: qplus Stimulus Selection
Stimulus: 0.629
Output value 1.159

Q+ parameters
slope: 0.616 semiSat: 0.560 beta: 0.969 sigma: 0.323 
maxBOLD estimate = 1.097


Trial 20: baseline Stimulus Selection
Stimulus: 0.010
Output value -0.205

Q+ parameters
slope: 0.616 semiSat: 0.560 beta: 1.062 sigma: 0.271 
maxBOLD estimate = 1.063


Trial 21: qplus Stimulus Selection
Stimulus: 0.588
Output value 1.270

Q+ parameters
slope: 1.000 semiSat: 0.560 beta: 1.031 sigma: 0.271 
maxBOLD estimate = 1.129


Trial 22: qplus Stimulus Selection
Stimulus: 0.588
Output value 1.310

Q+ parameters
slope: 1.000 semiSat: 0.560 beta: 1.031 sigma: 0.271 
maxBOLD estimate = 1.164


Trial 23: qplus Stimulus Selection
Stimulus: 0.588
Output value 0.900

Q+ parameters
slope: 1.000 semiSat: 0.560 beta: 1.031 sigma: 0.271 
maxBOLD estimate = 1.201


Trial 24: qplus Stimulus Selection
Stimulus: 0.588
Output value 0.844

Q+ parameters
slope: 1.000 semiSat: 0.560 beta: 0.938 sigma: 0.271 
maxBOLD estimate = 1.238


Trial 25: maxBOLD Stimulus Selection
Stimulus: 1.000
Output value 1.306

Q+ parameters
slope: 1.000 semiSat: 0.560 beta: 1.031 sigma: 0.271 
maxBOLD estimate = 1.161


Trial 26: qplus Stimulus Selection
Stimulus: 0.588
Output value 1.224

Q+ parameters
slope: 1.000 semiSat: 0.560 beta: 0.938 sigma: 0.271 
maxBOLD estimate = 1.197


Trial 27: qplus Stimulus Selection
Stimulus: 0.588
Output value 0.198

Q+ parameters
slope: 0.616 semiSat: 0.560 beta: 0.969 sigma: 0.375 
maxBOLD estimate = 1.122


Trial 28: qplus Stimulus Selection
Stimulus: 0.629
Output value 1.223

Q+ parameters
slope: 1.000 semiSat: 0.560 beta: 1.031 sigma: 0.271 
maxBOLD estimate = 1.087


Trial 29: qplus Stimulus Selection
Stimulus: 0.588
Output value 0.841

Q+ parameters
slope: 1.000 semiSat: 0.560 beta: 1.031 sigma: 0.271 
maxBOLD estimate = 1.121


Trial 30: baseline Stimulus Selection
Stimulus: 0.010
Output value 1.419

Q+ parameters
slope: 0.021 semiSat: 0.890 beta: 1.500 sigma: 0.896 
maxBOLD estimate = 1.156

--------------------------------------------------------------
FINAL VALUES
--------------------------------------------------------------
Simulated parameters:              slope: 0.410 semiSat: 0.570 beta: 1.000 sigma: 0.250 
Max posterior QUEST+ parameters:   slope: 1.000 semiSat: 0.560 beta: 0.500 sigma: 0.218 
Max BADS parameters:               slope: 0.029 semiSat: 0.689 beta: 1.000 sigma: 0.233 
maxBOLD estimate: 1.713
