/blue/stevenweisberg/stevenweisberg/MATLAB/projects/Weisberg_Aguirre_2020/scripts/run_sims
c5a-s18.ufhpc
Fri Nov 13 16:02:51 EST 2020
mkdir: cannot create directory ‘/blue/stevenweisberg/stevenweisberg/qpfMRIResults/model_parameter_set1/’: File exists
cp: cannot stat ‘/blue/stevenweisberg/stevenweisberg/qpfMRIResults/deploy_sim.sh’: No such file or directory
cp: cannot stat ‘/blue/stevenweisberg/stevenweisberg/qpfMRIResults/sim_wrapper.sh’: No such file or directory
------------------------------------------
Setting up environment variables
---
LD_LIBRARY_PATH is .:/apps/matlab/mcr/2020b/v99/runtime/glnxa64:/apps/matlab/mcr/2020b/v99/bin/glnxa64:/apps/matlab/mcr/2020b/v99/sys/os/glnxa64:/apps/matlab/mcr/2020b/v99/sys/opengl/lib/glnxa64
Warning: Executing startup failed in matlabrc.
This indicates a potentially serious problem in your MATLAB setup, which should be resolved as soon as possible.  Error detected was:
MATLAB:mpath:PathAlterationNotSupported
Modifying the search path is not supported by MATLAB Compiler. Remove functions that modify the search path from your MATLAB code. To make files visible to your deployed application, add the parent folder to your MATLAB session.
Warning: No stimulus domain specified. Defaulting to values between 0.01 and 1.
> In qpfmriParams (line 182)
In compiledSimulate (line 205)
Stimulus domain added from input.
Parameter slope specified as 0.41000
Parameter semiSat specified as 0.57000
Parameter beta specified as 1.00000
Parameter sigma specified as 0.15000
seed = 99seed = 104seed = 111seed = 111seed = 115seed = 101Initializing Q+. This may take a minute...
Elapsed time is 20.299674 seconds.
Simulated parameters:
slope: 0.410 semiSat: 0.570 beta: 1.000 sigma: 0.150 

Trial 1: baseline Stimulus Selection
Stimulus: 0.010
Output value 0.000

Q+ parameters
slope: 0.026 semiSat: 0.890 beta: 0.500 sigma: 0.010 
maxBOLD estimate = 1.000


Trial 2: maxBOLD Stimulus Selection
Stimulus: 1.000
Output value 1.364

Q+ parameters
slope: 0.055 semiSat: 0.670 beta: 1.250 sigma: 0.010 
maxBOLD estimate = 1.000


Trial 3: baseline Stimulus Selection
Stimulus: 0.010
Output value 0.284

Q+ parameters
slope: 0.043 semiSat: 0.780 beta: 1.250 sigma: 0.114 
maxBOLD estimate = 1.250


Trial 4: maxBOLD Stimulus Selection
Stimulus: 1.000
Output value 1.953

Q+ parameters
slope: 0.043 semiSat: 0.780 beta: 1.250 sigma: 0.166 
maxBOLD estimate = 1.562


Trial 5: baseline Stimulus Selection
Stimulus: 0.010
Output value 0.155

Q+ parameters
slope: 0.034 semiSat: 0.890 beta: 0.875 sigma: 0.062 
maxBOLD estimate = 1.953


Trial 6: maxBOLD Stimulus Selection
Stimulus: 1.000
Output value 1.923

Q+ parameters
slope: 0.043 semiSat: 0.780 beta: 1.125 sigma: 0.114 
maxBOLD estimate = 1.709


Trial 7: qplus Stimulus Selection
Stimulus: 0.505
Output value 0.000

Q+ parameters
slope: 0.070 semiSat: 1.000 beta: 1.250 sigma: 0.114 
maxBOLD estimate = 1.923


Trial 8: qplus Stimulus Selection
Stimulus: 0.835
Output value 1.475

Q+ parameters
slope: 0.144 semiSat: 0.670 beta: 0.750 sigma: 0.114 
maxBOLD estimate = 2.403


Trial 9: qplus Stimulus Selection
Stimulus: 0.711
Output value 1.106

Q+ parameters
slope: 0.298 semiSat: 0.560 beta: 0.750 sigma: 0.062 
maxBOLD estimate = 1.802


Trial 10: baseline Stimulus Selection
Stimulus: 0.010
Output value -0.277

Q+ parameters
slope: 0.183 semiSat: 0.560 beta: 1.125 sigma: 0.114 
maxBOLD estimate = 1.352


Trial 11: qplus Stimulus Selection
Stimulus: 0.588
Output value 0.415

Q+ parameters
slope: 0.234 semiSat: 0.670 beta: 1.500 sigma: 0.114 
maxBOLD estimate = 1.521


Trial 12: qplus Stimulus Selection
Stimulus: 0.629
Output value 0.622

Q+ parameters
slope: 0.183 semiSat: 0.670 beta: 0.750 sigma: 0.114 
maxBOLD estimate = 2.281


Trial 13: qplus Stimulus Selection
Stimulus: 0.711
Output value 1.866

Q+ parameters
slope: 0.234 semiSat: 0.670 beta: 1.500 sigma: 0.166 
maxBOLD estimate = 1.711


Trial 14: qplus Stimulus Selection
Stimulus: 0.629
Output value 0.700

Q+ parameters
slope: 0.055 semiSat: 0.670 beta: 0.750 sigma: 0.114 
maxBOLD estimate = 2.566


Trial 15: maxBOLD Stimulus Selection
Stimulus: 1.000
Output value 1.181

Q+ parameters
slope: 0.183 semiSat: 0.560 beta: 0.750 sigma: 0.114 
maxBOLD estimate = 1.925


Trial 16: qplus Stimulus Selection
Stimulus: 0.629
Output value 2.362

Q+ parameters
slope: 0.089 semiSat: 0.670 beta: 1.500 sigma: 0.166 
maxBOLD estimate = 1.444


Trial 17: qplus Stimulus Selection
Stimulus: 0.423
Output value -0.148

Q+ parameters
slope: 0.183 semiSat: 0.670 beta: 0.750 sigma: 0.114 
maxBOLD estimate = 2.165


Trial 18: qplus Stimulus Selection
Stimulus: 0.588
Output value 1.550

Q+ parameters
slope: 0.144 semiSat: 0.670 beta: 1.500 sigma: 0.166 
maxBOLD estimate = 1.624


Trial 19: qplus Stimulus Selection
Stimulus: 0.629
Output value 0.498

Q+ parameters
slope: 0.070 semiSat: 0.670 beta: 0.750 sigma: 0.114 
maxBOLD estimate = 2.436


Trial 20: baseline Stimulus Selection
Stimulus: 0.010
Output value -0.291

Q+ parameters
slope: 0.183 semiSat: 0.560 beta: 0.875 sigma: 0.114 
maxBOLD estimate = 1.827


Trial 21: qplus Stimulus Selection
Stimulus: 0.629
Output value 1.544

Q+ parameters
slope: 0.183 semiSat: 0.560 beta: 1.062 sigma: 0.166 
maxBOLD estimate = 1.599


Trial 22: qplus Stimulus Selection
Stimulus: 0.505
Output value 0.135

Q+ parameters
slope: 0.234 semiSat: 0.560 beta: 0.875 sigma: 0.114 
maxBOLD estimate = 1.699


Trial 23: qplus Stimulus Selection
Stimulus: 0.505
Output value 0.431

Q+ parameters
slope: 0.183 semiSat: 0.560 beta: 1.062 sigma: 0.166 
maxBOLD estimate = 1.486


Trial 24: qplus Stimulus Selection
Stimulus: 0.505
Output value -0.144

Q+ parameters
slope: 0.234 semiSat: 0.560 beta: 1.000 sigma: 0.166 
maxBOLD estimate = 1.579


Trial 25: maxBOLD Stimulus Selection
Stimulus: 1.000
Output value 1.292

Q+ parameters
slope: 0.234 semiSat: 0.560 beta: 1.000 sigma: 0.166 
maxBOLD estimate = 1.579


Trial 26: qplus Stimulus Selection
Stimulus: 0.588
Output value 1.292

Q+ parameters
slope: 0.234 semiSat: 0.560 beta: 1.000 sigma: 0.166 
maxBOLD estimate = 1.579


Trial 27: qplus Stimulus Selection
Stimulus: 0.505
Output value 0.458

Q+ parameters
slope: 0.298 semiSat: 0.560 beta: 1.062 sigma: 0.166 
maxBOLD estimate = 1.579


Trial 28: qplus Stimulus Selection
Stimulus: 0.505
Output value 0.610

Q+ parameters
slope: 0.234 semiSat: 0.560 beta: 1.000 sigma: 0.166 
maxBOLD estimate = 1.678


Trial 29: qplus Stimulus Selection
Stimulus: 0.505
Output value 0.458

Q+ parameters
slope: 0.234 semiSat: 0.560 beta: 1.000 sigma: 0.166 
maxBOLD estimate = 1.678


Trial 30: baseline Stimulus Selection
Stimulus: 0.010
Output value 0.148

Q+ parameters
slope: 0.234 semiSat: 0.560 beta: 0.969 sigma: 0.166 
maxBOLD estimate = 1.678

--------------------------------------------------------------
FINAL VALUES
--------------------------------------------------------------
Simulated parameters:              slope: 0.410 semiSat: 0.570 beta: 1.000 sigma: 0.150 
Max posterior QUEST+ parameters:   slope: 0.234 semiSat: 0.560 beta: 0.969 sigma: 0.166 
Max BADS parameters:               slope: 0.195 semiSat: 0.579 beta: 1.000 sigma: 0.143 
maxBOLD estimate: 1.650
