/blue/stevenweisberg/stevenweisberg/MATLAB/projects/Weisberg_Aguirre_2020/scripts/run_sims
c5a-s18.ufhpc
Thu Nov 12 18:02:07 EST 2020
cp: cannot stat ‘/blue/stevenweisberg/stevenweisberg/qpfMRIResults/deploy_sim.sh’: No such file or directory
cp: cannot stat ‘/blue/stevenweisberg/stevenweisberg/qpfMRIResults/sim_wrapper.sh’: No such file or directory
------------------------------------------
Setting up environment variables
---
LD_LIBRARY_PATH is .:/apps/matlab/mcr/2020b/v99/runtime/glnxa64:/apps/matlab/mcr/2020b/v99/bin/glnxa64:/apps/matlab/mcr/2020b/v99/sys/os/glnxa64:/apps/matlab/mcr/2020b/v99/sys/opengl/lib/glnxa64
Warning: Executing startup failed in matlabrc.
This indicates a potentially serious problem in your MATLAB setup, which should be resolved as soon as possible.  Error detected was:
MATLAB:mpath:PathAlterationNotSupported
Modifying the search path is not supported by MATLAB Compiler. Remove functions that modify the search path from your MATLAB code. To make files visible to your deployed application, add the parent folder to your MATLAB session.
Warning: No stimulus domain specified. Defaulting to values between 0.01 and 1.
> In qpfmriParams (line 182)
In compiledSimulate (line 205)
Stimulus domain added from input.
Parameter slope specified as 0.41000
Parameter semiSat specified as 0.57000
Parameter beta specified as 1.00000
Parameter sigma specified as 0.15000
seed = 99seed = 104seed = 111seed = 111seed = 115seed = 101Initializing Q+. This may take a minute...
Elapsed time is 20.939574 seconds.
Simulated parameters:
slope: 0.410 semiSat: 0.570 beta: 1.000 sigma: 0.150 

Trial 1: baseline Stimulus Selection
Stimulus: 0.010
Output value 0.000

Q+ parameters
slope: 0.026 semiSat: 0.890 beta: 0.500 sigma: 0.010 
maxBOLD estimate = 1.000


Trial 2: maxBOLD Stimulus Selection
Stimulus: 1.000
Output value 1.364

Q+ parameters
slope: 0.055 semiSat: 0.670 beta: 1.250 sigma: 0.010 
maxBOLD estimate = 1.000


Trial 3: baseline Stimulus Selection
Stimulus: 0.010
Output value 0.142

Q+ parameters
slope: 0.055 semiSat: 0.670 beta: 1.250 sigma: 0.062 
maxBOLD estimate = 1.250


Trial 4: maxBOLD Stimulus Selection
Stimulus: 1.000
Output value 1.598

Q+ parameters
slope: 0.055 semiSat: 0.670 beta: 1.125 sigma: 0.114 
maxBOLD estimate = 1.562


Trial 5: baseline Stimulus Selection
Stimulus: 0.010
Output value 1.398

Q+ parameters
slope: 0.055 semiSat: 0.670 beta: 1.250 sigma: 1.000 
maxBOLD estimate = 1.758


Trial 6: maxBOLD Stimulus Selection
Stimulus: 1.000
Output value 0.699

Q+ parameters
slope: 0.034 semiSat: 0.890 beta: 0.875 sigma: 0.166 
maxBOLD estimate = 2.197


Trial 7: qplus Stimulus Selection
Stimulus: 0.629
Output value 1.071

Q+ parameters
slope: 0.070 semiSat: 0.450 beta: 0.875 sigma: 0.114 
maxBOLD estimate = 1.923


Trial 8: qplus Stimulus Selection
Stimulus: 0.381
Output value -0.296

Q+ parameters
slope: 0.183 semiSat: 0.560 beta: 0.969 sigma: 0.114 
maxBOLD estimate = 1.682


Trial 9: qplus Stimulus Selection
Stimulus: 0.629
Output value 1.292

Q+ parameters
slope: 0.183 semiSat: 0.560 beta: 0.969 sigma: 0.114 
maxBOLD estimate = 1.630


Trial 10: baseline Stimulus Selection
Stimulus: 0.010
Output value -0.305

Q+ parameters
slope: 0.144 semiSat: 0.560 beta: 1.062 sigma: 0.114 
maxBOLD estimate = 1.579


Trial 11: qplus Stimulus Selection
Stimulus: 0.505
Output value -0.229

Q+ parameters
slope: 0.144 semiSat: 0.670 beta: 1.500 sigma: 0.114 
maxBOLD estimate = 1.677


Trial 12: qplus Stimulus Selection
Stimulus: 0.588
Output value 0.686

Q+ parameters
slope: 1.000 semiSat: 0.560 beta: 0.500 sigma: 0.114 
maxBOLD estimate = 2.516


Trial 13: qplus Stimulus Selection
Stimulus: 0.711
Output value 1.458

Q+ parameters
slope: 0.616 semiSat: 0.560 beta: 1.062 sigma: 0.114 
maxBOLD estimate = 1.258


Trial 14: qplus Stimulus Selection
Stimulus: 0.546
Output value -0.258

Q+ parameters
slope: 1.000 semiSat: 0.560 beta: 1.062 sigma: 0.166 
maxBOLD estimate = 1.337


Trial 15: maxBOLD Stimulus Selection
Stimulus: 1.000
Output value 0.533

Q+ parameters
slope: 1.000 semiSat: 0.560 beta: 1.031 sigma: 0.218 
maxBOLD estimate = 1.420


Trial 16: qplus Stimulus Selection
Stimulus: 0.629
Output value 0.749

Q+ parameters
slope: 1.000 semiSat: 0.560 beta: 1.125 sigma: 0.271 
maxBOLD estimate = 1.465


Trial 17: qplus Stimulus Selection
Stimulus: 0.588
Output value -0.449

Q+ parameters
slope: 0.234 semiSat: 0.670 beta: 1.500 sigma: 0.271 
maxBOLD estimate = 1.648


Trial 18: qplus Stimulus Selection
Stimulus: 0.753
Output value 0.506

Q+ parameters
slope: 0.070 semiSat: 0.670 beta: 0.750 sigma: 0.114 
maxBOLD estimate = 2.472


Trial 19: qplus Stimulus Selection
Stimulus: 0.835
Output value 0.632

Q+ parameters
slope: 0.144 semiSat: 0.670 beta: 0.938 sigma: 0.218 
maxBOLD estimate = 1.854


Trial 20: baseline Stimulus Selection
Stimulus: 0.010
Output value -0.474

Q+ parameters
slope: 0.144 semiSat: 0.670 beta: 1.500 sigma: 0.271 
maxBOLD estimate = 1.738


Trial 21: qplus Stimulus Selection
Stimulus: 0.753
Output value 0.355

Q+ parameters
slope: 1.000 semiSat: 0.560 beta: 0.500 sigma: 0.114 
maxBOLD estimate = 2.607


Trial 22: qplus Stimulus Selection
Stimulus: 0.959
Output value 1.511

Q+ parameters
slope: 0.183 semiSat: 0.560 beta: 1.062 sigma: 0.271 
maxBOLD estimate = 1.303


Trial 23: qplus Stimulus Selection
Stimulus: 0.753
Output value 0.976

Q+ parameters
slope: 0.298 semiSat: 0.560 beta: 0.969 sigma: 0.271 
maxBOLD estimate = 1.385


Trial 24: qplus Stimulus Selection
Stimulus: 0.753
Output value 1.418

Q+ parameters
slope: 0.298 semiSat: 0.560 beta: 0.969 sigma: 0.218 
maxBOLD estimate = 1.342


Trial 25: maxBOLD Stimulus Selection
Stimulus: 1.000
Output value 0.801

Q+ parameters
slope: 0.298 semiSat: 0.560 beta: 0.969 sigma: 0.271 
maxBOLD estimate = 1.300


Trial 26: qplus Stimulus Selection
Stimulus: 0.629
Output value 0.730

Q+ parameters
slope: 0.298 semiSat: 0.560 beta: 1.062 sigma: 0.271 
maxBOLD estimate = 1.259


Trial 27: qplus Stimulus Selection
Stimulus: 0.505
Output value 0.000

Q+ parameters
slope: 0.298 semiSat: 0.560 beta: 0.969 sigma: 0.218 
maxBOLD estimate = 1.338


Trial 28: qplus Stimulus Selection
Stimulus: 0.629
Output value 0.913

Q+ parameters
slope: 0.298 semiSat: 0.560 beta: 0.969 sigma: 0.218 
maxBOLD estimate = 1.296


Trial 29: qplus Stimulus Selection
Stimulus: 0.423
Output value -0.111

Q+ parameters
slope: 0.298 semiSat: 0.560 beta: 0.969 sigma: 0.218 
maxBOLD estimate = 1.255


Trial 30: baseline Stimulus Selection
Stimulus: 0.010
Output value -0.235

Q+ parameters
slope: 0.298 semiSat: 0.560 beta: 1.062 sigma: 0.218 
maxBOLD estimate = 1.216

--------------------------------------------------------------
FINAL VALUES
--------------------------------------------------------------
Simulated parameters:              slope: 0.410 semiSat: 0.570 beta: 1.000 sigma: 0.150 
Max posterior QUEST+ parameters:   slope: 0.379 semiSat: 0.560 beta: 1.031 sigma: 0.218 
Max BADS parameters:               slope: 1.000 semiSat: 0.582 beta: 1.000 sigma: 0.198 
maxBOLD estimate: 1.333
