/blue/stevenweisberg/stevenweisberg/MATLAB/projects/Weisberg_Aguirre_2020/scripts/run_sims
c8a-s3.ufhpc
Fri Nov 13 20:53:05 EST 2020
mkdir: cannot create directory ‘/blue/stevenweisberg/stevenweisberg/qpfMRIResults/model_parameter_set1/’: File exists
cp: cannot stat ‘/blue/stevenweisberg/stevenweisberg/qpfMRIResults/deploy_sim.sh’: No such file or directory
cp: cannot stat ‘/blue/stevenweisberg/stevenweisberg/qpfMRIResults/sim_wrapper.sh’: No such file or directory
------------------------------------------
Setting up environment variables
---
LD_LIBRARY_PATH is .:/apps/matlab/mcr/2020b/v99/runtime/glnxa64:/apps/matlab/mcr/2020b/v99/bin/glnxa64:/apps/matlab/mcr/2020b/v99/sys/os/glnxa64:/apps/matlab/mcr/2020b/v99/sys/opengl/lib/glnxa64
Warning: Executing startup failed in matlabrc.
This indicates a potentially serious problem in your MATLAB setup, which should be resolved as soon as possible.  Error detected was:
MATLAB:mpath:PathAlterationNotSupported
Modifying the search path is not supported by MATLAB Compiler. Remove functions that modify the search path from your MATLAB code. To make files visible to your deployed application, add the parent folder to your MATLAB session.
Warning: No stimulus domain specified. Defaulting to values between 0.01 and 1.
> In qpfmriParams (line 182)
In compiledSimulate (line 205)
Stimulus domain added from input.
Parameter slope specified as 0.41000
Parameter semiSat specified as 0.57000
Parameter beta specified as 1.00000
Parameter sigma specified as 0.25000
seed = 99seed = 104seed = 111seed = 111seed = 115seed = 101Initializing Q+. This may take a minute...
Elapsed time is 24.575187 seconds.
Simulated parameters:
slope: 0.410 semiSat: 0.570 beta: 1.000 sigma: 0.250 

Trial 1: baseline Stimulus Selection
Stimulus: 0.010
Output value 0.000

Q+ parameters
slope: 0.026 semiSat: 0.890 beta: 0.500 sigma: 0.010 
maxBOLD estimate = 1.000


Trial 2: maxBOLD Stimulus Selection
Stimulus: 1.000
Output value 0.091

Q+ parameters
slope: 0.026 semiSat: 0.890 beta: 0.500 sigma: 0.062 
maxBOLD estimate = 1.000


Trial 3: baseline Stimulus Selection
Stimulus: 0.010
Output value -0.136

Q+ parameters
slope: 0.021 semiSat: 0.560 beta: 1.500 sigma: 1.000 
maxBOLD estimate = 0.500


Trial 4: maxBOLD Stimulus Selection
Stimulus: 1.000
Output value 1.023

Q+ parameters
slope: 0.055 semiSat: 0.670 beta: 1.250 sigma: 0.271 
maxBOLD estimate = 0.750


Trial 5: baseline Stimulus Selection
Stimulus: 0.010
Output value 0.320

Q+ parameters
slope: 0.043 semiSat: 0.560 beta: 1.250 sigma: 0.114 
maxBOLD estimate = 0.938


Trial 6: maxBOLD Stimulus Selection
Stimulus: 1.000
Output value 1.598

Q+ parameters
slope: 0.043 semiSat: 0.560 beta: 1.250 sigma: 0.114 
maxBOLD estimate = 1.172


Trial 7: qplus Stimulus Selection
Stimulus: 0.505
Output value 0.666

Q+ parameters
slope: 0.055 semiSat: 0.670 beta: 1.250 sigma: 0.114 
maxBOLD estimate = 1.465


Trial 8: qplus Stimulus Selection
Stimulus: 0.629
Output value 1.717

Q+ parameters
slope: 0.379 semiSat: 0.560 beta: 1.031 sigma: 0.166 
maxBOLD estimate = 1.831


Trial 9: qplus Stimulus Selection
Stimulus: 0.505
Output value 0.300

Q+ parameters
slope: 0.234 semiSat: 0.560 beta: 0.875 sigma: 0.114 
maxBOLD estimate = 1.888


Trial 10: baseline Stimulus Selection
Stimulus: 0.010
Output value 0.526

Q+ parameters
slope: 0.616 semiSat: 0.560 beta: 0.875 sigma: 0.166 
maxBOLD estimate = 1.652


Trial 11: qplus Stimulus Selection
Stimulus: 0.629
Output value 1.774

Q+ parameters
slope: 0.379 semiSat: 0.560 beta: 1.125 sigma: 0.114 
maxBOLD estimate = 1.446


Trial 12: qplus Stimulus Selection
Stimulus: 0.588
Output value 0.610

Q+ parameters
slope: 0.379 semiSat: 0.560 beta: 1.031 sigma: 0.166 
maxBOLD estimate = 1.626


Trial 13: qplus Stimulus Selection
Stimulus: 0.629
Output value 0.229

Q+ parameters
slope: 0.144 semiSat: 0.670 beta: 1.500 sigma: 0.218 
maxBOLD estimate = 1.677


Trial 14: qplus Stimulus Selection
Stimulus: 0.959
Output value 1.715

Q+ parameters
slope: 0.183 semiSat: 0.560 beta: 0.750 sigma: 0.114 
maxBOLD estimate = 2.516


Trial 15: maxBOLD Stimulus Selection
Stimulus: 1.000
Output value 0.000

Q+ parameters
slope: 1.000 semiSat: 0.560 beta: 0.500 sigma: 0.271 
maxBOLD estimate = 1.887


Trial 16: qplus Stimulus Selection
Stimulus: 0.175
Output value -0.129

Q+ parameters
slope: 1.000 semiSat: 0.560 beta: 0.750 sigma: 0.479 
maxBOLD estimate = 0.943


Trial 17: qplus Stimulus Selection
Stimulus: 0.381
Output value -0.096

Q+ parameters
slope: 1.000 semiSat: 0.560 beta: 0.750 sigma: 1.000 
maxBOLD estimate = 0.708


Trial 18: qplus Stimulus Selection
Stimulus: 0.505
Output value 0.036

Q+ parameters
slope: 1.000 semiSat: 0.560 beta: 0.750 sigma: 1.000 
maxBOLD estimate = 0.531


Trial 19: qplus Stimulus Selection
Stimulus: 0.505
Output value 0.346

Q+ parameters
slope: 0.026 semiSat: 0.670 beta: 1.062 sigma: 1.000 
maxBOLD estimate = 0.398


Trial 20: baseline Stimulus Selection
Stimulus: 0.010
Output value 0.231

Q+ parameters
slope: 0.616 semiSat: 0.560 beta: 0.500 sigma: 1.000 
maxBOLD estimate = 0.423


Trial 21: qplus Stimulus Selection
Stimulus: 0.381
Output value -0.019

Q+ parameters
slope: 0.026 semiSat: 0.010 beta: 0.500 sigma: 1.000 
maxBOLD estimate = 0.211


Trial 22: qplus Stimulus Selection
Stimulus: 0.092
Output value -0.010

Q+ parameters
slope: 0.379 semiSat: 0.450 beta: 0.500 sigma: 1.000 
maxBOLD estimate = 0.106


Trial 23: qplus Stimulus Selection
Stimulus: 0.299
Output value -0.005

Q+ parameters
slope: 0.379 semiSat: 0.450 beta: 0.500 sigma: 1.000 
maxBOLD estimate = 0.053


Trial 24: qplus Stimulus Selection
Stimulus: 0.299
Output value -0.002

Q+ parameters
slope: 0.379 semiSat: 0.450 beta: 0.500 sigma: 1.000 
maxBOLD estimate = 0.026


Trial 25: maxBOLD Stimulus Selection
Stimulus: 1.000
Output value 0.007

Q+ parameters
slope: 0.379 semiSat: 0.450 beta: 0.500 sigma: 1.000 
maxBOLD estimate = 0.013


Trial 26: qplus Stimulus Selection
Stimulus: 0.381
Output value -0.001

Q+ parameters
slope: 0.183 semiSat: 0.230 beta: 0.500 sigma: 1.000 
maxBOLD estimate = 0.007


Trial 27: qplus Stimulus Selection
Stimulus: 0.092
Output value -0.000

Q+ parameters
slope: 0.483 semiSat: 0.230 beta: 0.500 sigma: 1.000 
maxBOLD estimate = 0.003


Trial 28: qplus Stimulus Selection
Stimulus: 0.175
Output value 0.001

Q+ parameters
slope: 0.379 semiSat: 0.120 beta: 0.500 sigma: 1.000 
maxBOLD estimate = 0.002


Trial 29: qplus Stimulus Selection
Stimulus: 0.051
Output value -0.000

Q+ parameters
slope: 0.483 semiSat: 0.230 beta: 0.500 sigma: 1.000 
maxBOLD estimate = 0.001


Trial 30: baseline Stimulus Selection
Stimulus: 0.010
Output value 0.000

Q+ parameters
slope: 0.379 semiSat: 0.450 beta: 0.500 sigma: 1.000 
maxBOLD estimate = 0.000

--------------------------------------------------------------
FINAL VALUES
--------------------------------------------------------------
Simulated parameters:              slope: 0.410 semiSat: 0.570 beta: 1.000 sigma: 0.250 
Max posterior QUEST+ parameters:   slope: 0.379 semiSat: 0.450 beta: 0.500 sigma: 1.000 
Max BADS parameters:               slope: 0.453 semiSat: 0.508 beta: 1.000 sigma: 0.298 
maxBOLD estimate: 0.000
