/blue/stevenweisberg/stevenweisberg/MATLAB/projects/Weisberg_Aguirre_2020/scripts/run_sims
c26a-s35.ufhpc
Fri Nov 13 17:36:28 EST 2020
mkdir: cannot create directory ‘/blue/stevenweisberg/stevenweisberg/qpfMRIResults/model_parameter_set1/’: File exists
cp: cannot stat ‘/blue/stevenweisberg/stevenweisberg/qpfMRIResults/deploy_sim.sh’: No such file or directory
cp: cannot stat ‘/blue/stevenweisberg/stevenweisberg/qpfMRIResults/sim_wrapper.sh’: No such file or directory
------------------------------------------
Setting up environment variables
---
LD_LIBRARY_PATH is .:/apps/matlab/mcr/2020b/v99/runtime/glnxa64:/apps/matlab/mcr/2020b/v99/bin/glnxa64:/apps/matlab/mcr/2020b/v99/sys/os/glnxa64:/apps/matlab/mcr/2020b/v99/sys/opengl/lib/glnxa64
Warning: Executing startup failed in matlabrc.
This indicates a potentially serious problem in your MATLAB setup, which should be resolved as soon as possible.  Error detected was:
MATLAB:mpath:PathAlterationNotSupported
Modifying the search path is not supported by MATLAB Compiler. Remove functions that modify the search path from your MATLAB code. To make files visible to your deployed application, add the parent folder to your MATLAB session.
Warning: No stimulus domain specified. Defaulting to values between 0.01 and 1.
> In qpfmriParams (line 182)
In compiledSimulate (line 205)
Stimulus domain added from input.
Parameter slope specified as 0.41000
Parameter semiSat specified as 0.57000
Parameter beta specified as 1.00000
Parameter sigma specified as 0.25000
seed = 99seed = 104seed = 111seed = 111seed = 115seed = 101Initializing Q+. This may take a minute...
Elapsed time is 9.651694 seconds.
Simulated parameters:
slope: 0.410 semiSat: 0.570 beta: 1.000 sigma: 0.250 

Trial 1: baseline Stimulus Selection
Stimulus: 0.010
Output value 0.000

Q+ parameters
slope: 0.026 semiSat: 0.890 beta: 0.500 sigma: 0.010 
maxBOLD estimate = 1.000


Trial 2: maxBOLD Stimulus Selection
Stimulus: 1.000
Output value 0.091

Q+ parameters
slope: 0.026 semiSat: 0.890 beta: 0.500 sigma: 0.062 
maxBOLD estimate = 1.000


Trial 3: baseline Stimulus Selection
Stimulus: 0.010
Output value 0.000

Q+ parameters
slope: 0.043 semiSat: 0.780 beta: 1.250 sigma: 0.010 
maxBOLD estimate = 0.500


Trial 4: maxBOLD Stimulus Selection
Stimulus: 1.000
Output value 0.767

Q+ parameters
slope: 0.055 semiSat: 0.670 beta: 1.125 sigma: 0.218 
maxBOLD estimate = 0.625


Trial 5: baseline Stimulus Selection
Stimulus: 0.010
Output value 0.000

Q+ parameters
slope: 0.043 semiSat: 0.780 beta: 1.250 sigma: 0.166 
maxBOLD estimate = 0.703


Trial 6: maxBOLD Stimulus Selection
Stimulus: 1.000
Output value 1.079

Q+ parameters
slope: 0.055 semiSat: 0.670 beta: 1.125 sigma: 0.271 
maxBOLD estimate = 0.879


Trial 7: random Stimulus Selection
Stimulus: 0.711
Output value 1.079

Q+ parameters
slope: 0.113 semiSat: 0.340 beta: 1.000 sigma: 0.218 
maxBOLD estimate = 0.989


Trial 8: random Stimulus Selection
Stimulus: 0.546
Output value 0.093

Q+ parameters
slope: 0.616 semiSat: 0.670 beta: 1.031 sigma: 0.218 
maxBOLD estimate = 0.989


Trial 9: random Stimulus Selection
Stimulus: 0.216
Output value -0.087

Q+ parameters
slope: 0.616 semiSat: 0.670 beta: 0.938 sigma: 0.218 
maxBOLD estimate = 1.020


Trial 10: baseline Stimulus Selection
Stimulus: 0.010
Output value -0.090

Q+ parameters
slope: 0.616 semiSat: 0.670 beta: 1.031 sigma: 0.218 
maxBOLD estimate = 0.956


Trial 11: random Stimulus Selection
Stimulus: 0.216
Output value 0.252

Q+ parameters
slope: 0.616 semiSat: 0.670 beta: 0.938 sigma: 0.218 
maxBOLD estimate = 0.986


Trial 12: random Stimulus Selection
Stimulus: 0.381
Output value -0.173

Q+ parameters
slope: 0.616 semiSat: 0.670 beta: 1.031 sigma: 0.218 
maxBOLD estimate = 0.924


Trial 13: random Stimulus Selection
Stimulus: 0.340
Output value -0.179

Q+ parameters
slope: 0.616 semiSat: 0.670 beta: 1.031 sigma: 0.218 
maxBOLD estimate = 0.953


Trial 14: random Stimulus Selection
Stimulus: 0.588
Output value 1.106

Q+ parameters
slope: 1.000 semiSat: 0.560 beta: 1.031 sigma: 0.218 
maxBOLD estimate = 0.983


Trial 15: maxBOLD Stimulus Selection
Stimulus: 1.000
Output value 0.138

Q+ parameters
slope: 1.000 semiSat: 0.560 beta: 0.750 sigma: 0.323 
maxBOLD estimate = 1.014


Trial 16: random Stimulus Selection
Stimulus: 0.918
Output value 0.933

Q+ parameters
slope: 1.000 semiSat: 0.560 beta: 1.125 sigma: 0.218 
maxBOLD estimate = 0.760


Trial 17: random Stimulus Selection
Stimulus: 1.000
Output value 0.962

Q+ parameters
slope: 1.000 semiSat: 0.560 beta: 1.031 sigma: 0.218 
maxBOLD estimate = 0.855


Trial 18: random Stimulus Selection
Stimulus: 0.423
Output value -0.165

Q+ parameters
slope: 1.000 semiSat: 0.560 beta: 1.031 sigma: 0.218 
maxBOLD estimate = 0.882


Trial 19: random Stimulus Selection
Stimulus: 0.092
Output value -0.171

Q+ parameters
slope: 1.000 semiSat: 0.560 beta: 1.031 sigma: 0.218 
maxBOLD estimate = 0.909


Trial 20: baseline Stimulus Selection
Stimulus: 0.010
Output value -0.192

Q+ parameters
slope: 1.000 semiSat: 0.560 beta: 1.125 sigma: 0.218 
maxBOLD estimate = 0.938


Trial 21: random Stimulus Selection
Stimulus: 0.340
Output value -0.198

Q+ parameters
slope: 1.000 semiSat: 0.560 beta: 1.031 sigma: 0.218 
maxBOLD estimate = 1.055


Trial 22: random Stimulus Selection
Stimulus: 0.340
Output value 0.306

Q+ parameters
slope: 1.000 semiSat: 0.560 beta: 1.031 sigma: 0.218 
maxBOLD estimate = 1.088


Trial 23: random Stimulus Selection
Stimulus: 0.505
Output value 0.947

Q+ parameters
slope: 0.113 semiSat: 0.560 beta: 1.031 sigma: 0.323 
maxBOLD estimate = 1.122


Trial 24: random Stimulus Selection
Stimulus: 0.216
Output value 0.894

Q+ parameters
slope: 0.089 semiSat: 0.560 beta: 1.062 sigma: 0.375 
maxBOLD estimate = 1.157


Trial 25: maxBOLD Stimulus Selection
Stimulus: 1.000
Output value 0.922

Q+ parameters
slope: 1.000 semiSat: 0.560 beta: 1.031 sigma: 0.271 
maxBOLD estimate = 1.230


Trial 26: random Stimulus Selection
Stimulus: 0.588
Output value 0.951

Q+ parameters
slope: 1.000 semiSat: 0.560 beta: 1.031 sigma: 0.271 
maxBOLD estimate = 1.268


Trial 27: random Stimulus Selection
Stimulus: 0.134
Output value -0.238

Q+ parameters
slope: 0.298 semiSat: 0.560 beta: 1.000 sigma: 0.271 
maxBOLD estimate = 1.308


Trial 28: random Stimulus Selection
Stimulus: 0.753
Output value 0.713

Q+ parameters
slope: 0.298 semiSat: 0.560 beta: 1.000 sigma: 0.271 
maxBOLD estimate = 1.308


Trial 29: random Stimulus Selection
Stimulus: 0.092
Output value -0.238

Q+ parameters
slope: 0.298 semiSat: 0.560 beta: 1.000 sigma: 0.271 
maxBOLD estimate = 1.308


Trial 30: baseline Stimulus Selection
Stimulus: 0.010
Output value 0.520

Q+ parameters
slope: 0.483 semiSat: 0.560 beta: 0.875 sigma: 0.271 
maxBOLD estimate = 1.308

--------------------------------------------------------------
FINAL VALUES
--------------------------------------------------------------
Simulated parameters:              slope: 0.410 semiSat: 0.570 beta: 1.000 sigma: 0.250 
Max posterior QUEST+ parameters:   slope: 1.000 semiSat: 0.560 beta: 0.938 sigma: 0.375 
Max BADS parameters:               slope: 0.080 semiSat: 0.658 beta: 1.000 sigma: 0.310 
maxBOLD estimate: 1.198
