/blue/stevenweisberg/stevenweisberg/MATLAB/projects/Weisberg_Aguirre_2020/scripts/run_sims
c26a-s22.ufhpc
Fri Nov 13 19:13:18 EST 2020
mkdir: cannot create directory ‘/blue/stevenweisberg/stevenweisberg/qpfMRIResults/model_parameter_set1/’: File exists
cp: cannot stat ‘/blue/stevenweisberg/stevenweisberg/qpfMRIResults/deploy_sim.sh’: No such file or directory
cp: cannot stat ‘/blue/stevenweisberg/stevenweisberg/qpfMRIResults/sim_wrapper.sh’: No such file or directory
------------------------------------------
Setting up environment variables
---
LD_LIBRARY_PATH is .:/apps/matlab/mcr/2020b/v99/runtime/glnxa64:/apps/matlab/mcr/2020b/v99/bin/glnxa64:/apps/matlab/mcr/2020b/v99/sys/os/glnxa64:/apps/matlab/mcr/2020b/v99/sys/opengl/lib/glnxa64
Warning: Executing startup failed in matlabrc.
This indicates a potentially serious problem in your MATLAB setup, which should be resolved as soon as possible.  Error detected was:
MATLAB:mpath:PathAlterationNotSupported
Modifying the search path is not supported by MATLAB Compiler. Remove functions that modify the search path from your MATLAB code. To make files visible to your deployed application, add the parent folder to your MATLAB session.
Warning: No stimulus domain specified. Defaulting to values between 0.01 and 1.
> In qpfmriParams (line 182)
In compiledSimulate (line 205)
Stimulus domain added from input.
Parameter slope specified as 0.41000
Parameter semiSat specified as 0.57000
Parameter beta specified as 1.00000
Parameter sigma specified as 0.05000
seed = 99seed = 104seed = 111seed = 111seed = 115seed = 101Initializing Q+. This may take a minute...
Elapsed time is 9.942567 seconds.
Simulated parameters:
slope: 0.410 semiSat: 0.570 beta: 1.000 sigma: 0.050 

Trial 1: baseline Stimulus Selection
Stimulus: 0.010
Output value 0.000

Q+ parameters
slope: 0.026 semiSat: 0.890 beta: 0.500 sigma: 0.010 
maxBOLD estimate = 1.000


Trial 2: maxBOLD Stimulus Selection
Stimulus: 1.000
Output value 1.364

Q+ parameters
slope: 0.055 semiSat: 0.670 beta: 1.250 sigma: 0.010 
maxBOLD estimate = 1.000


Trial 3: baseline Stimulus Selection
Stimulus: 0.010
Output value 0.000

Q+ parameters
slope: 0.055 semiSat: 0.670 beta: 1.250 sigma: 0.010 
maxBOLD estimate = 1.250


Trial 4: maxBOLD Stimulus Selection
Stimulus: 1.000
Output value 1.598

Q+ parameters
slope: 0.043 semiSat: 0.780 beta: 1.250 sigma: 0.062 
maxBOLD estimate = 1.562


Trial 5: baseline Stimulus Selection
Stimulus: 0.010
Output value 0.222

Q+ parameters
slope: 0.034 semiSat: 1.000 beta: 1.250 sigma: 0.062 
maxBOLD estimate = 1.953


Trial 6: maxBOLD Stimulus Selection
Stimulus: 1.000
Output value 2.219

Q+ parameters
slope: 0.034 semiSat: 1.000 beta: 1.250 sigma: 0.062 
maxBOLD estimate = 2.441


Trial 7: qplus Stimulus Selection
Stimulus: 0.794
Output value 0.694

Q+ parameters
slope: 0.055 semiSat: 0.450 beta: 0.500 sigma: 0.062 
maxBOLD estimate = 3.052


Trial 8: qplus Stimulus Selection
Stimulus: 0.505
Output value 0.000

Q+ parameters
slope: 0.234 semiSat: 0.670 beta: 0.938 sigma: 0.062 
maxBOLD estimate = 1.526


Trial 9: qplus Stimulus Selection
Stimulus: 0.629
Output value 1.386

Q+ parameters
slope: 0.616 semiSat: 0.560 beta: 0.969 sigma: 0.062 
maxBOLD estimate = 1.431


Trial 10: baseline Stimulus Selection
Stimulus: 0.010
Output value 0.122

Q+ parameters
slope: 0.616 semiSat: 0.560 beta: 0.969 sigma: 0.062 
maxBOLD estimate = 1.386


Trial 11: qplus Stimulus Selection
Stimulus: 0.588
Output value 0.828

Q+ parameters
slope: 0.379 semiSat: 0.560 beta: 0.969 sigma: 0.062 
maxBOLD estimate = 1.343


Trial 12: qplus Stimulus Selection
Stimulus: 0.588
Output value 0.916

Q+ parameters
slope: 0.379 semiSat: 0.560 beta: 0.969 sigma: 0.062 
maxBOLD estimate = 1.301


Trial 13: qplus Stimulus Selection
Stimulus: 0.588
Output value 1.289

Q+ parameters
slope: 0.379 semiSat: 0.560 beta: 1.125 sigma: 0.114 
maxBOLD estimate = 1.260


Trial 14: qplus Stimulus Selection
Stimulus: 0.546
Output value 0.338

Q+ parameters
slope: 0.616 semiSat: 0.560 beta: 0.875 sigma: 0.062 
maxBOLD estimate = 1.417


Trial 15: maxBOLD Stimulus Selection
Stimulus: 1.000
Output value 1.311

Q+ parameters
slope: 0.616 semiSat: 0.560 beta: 0.969 sigma: 0.062 
maxBOLD estimate = 1.240


Trial 16: qplus Stimulus Selection
Stimulus: 0.546
Output value 0.106

Q+ parameters
slope: 0.616 semiSat: 0.560 beta: 0.969 sigma: 0.062 
maxBOLD estimate = 1.201


Trial 17: qplus Stimulus Selection
Stimulus: 0.546
Output value 0.225

Q+ parameters
slope: 0.785 semiSat: 0.560 beta: 1.062 sigma: 0.062 
maxBOLD estimate = 1.164


Trial 18: qplus Stimulus Selection
Stimulus: 0.546
Output value 0.436

Q+ parameters
slope: 0.616 semiSat: 0.560 beta: 0.969 sigma: 0.062 
maxBOLD estimate = 1.237


Trial 19: qplus Stimulus Selection
Stimulus: 0.588
Output value 0.950

Q+ parameters
slope: 0.616 semiSat: 0.560 beta: 0.969 sigma: 0.062 
maxBOLD estimate = 1.198


Trial 20: baseline Stimulus Selection
Stimulus: 0.010
Output value -0.224

Q+ parameters
slope: 0.785 semiSat: 0.560 beta: 1.062 sigma: 0.062 
maxBOLD estimate = 1.161


Trial 21: qplus Stimulus Selection
Stimulus: 0.546
Output value 0.109

Q+ parameters
slope: 0.616 semiSat: 0.560 beta: 0.969 sigma: 0.062 
maxBOLD estimate = 1.233


Trial 22: qplus Stimulus Selection
Stimulus: 0.588
Output value 1.038

Q+ parameters
slope: 0.785 semiSat: 0.560 beta: 1.062 sigma: 0.062 
maxBOLD estimate = 1.195


Trial 23: qplus Stimulus Selection
Stimulus: 0.588
Output value 1.006

Q+ parameters
slope: 0.616 semiSat: 0.560 beta: 0.969 sigma: 0.062 
maxBOLD estimate = 1.269


Trial 24: qplus Stimulus Selection
Stimulus: 0.546
Output value 0.108

Q+ parameters
slope: 0.616 semiSat: 0.560 beta: 0.969 sigma: 0.062 
maxBOLD estimate = 1.230


Trial 25: maxBOLD Stimulus Selection
Stimulus: 1.000
Output value 1.259

Q+ parameters
slope: 0.616 semiSat: 0.560 beta: 0.969 sigma: 0.062 
maxBOLD estimate = 1.191


Trial 26: qplus Stimulus Selection
Stimulus: 0.588
Output value 0.711

Q+ parameters
slope: 0.616 semiSat: 0.560 beta: 0.969 sigma: 0.062 
maxBOLD estimate = 1.154


Trial 27: qplus Stimulus Selection
Stimulus: 0.546
Output value 0.108

Q+ parameters
slope: 0.785 semiSat: 0.560 beta: 1.062 sigma: 0.062 
maxBOLD estimate = 1.118


Trial 28: qplus Stimulus Selection
Stimulus: 0.588
Output value 0.837

Q+ parameters
slope: 0.616 semiSat: 0.560 beta: 0.969 sigma: 0.062 
maxBOLD estimate = 1.188


Trial 29: qplus Stimulus Selection
Stimulus: 0.546
Output value 0.101

Q+ parameters
slope: 0.616 semiSat: 0.560 beta: 0.969 sigma: 0.062 
maxBOLD estimate = 1.151


Trial 30: baseline Stimulus Selection
Stimulus: 0.010
Output value -0.215

Q+ parameters
slope: 0.785 semiSat: 0.560 beta: 1.062 sigma: 0.114 
maxBOLD estimate = 1.115

--------------------------------------------------------------
FINAL VALUES
--------------------------------------------------------------
Simulated parameters:              slope: 0.410 semiSat: 0.570 beta: 1.000 sigma: 0.050 
Max posterior QUEST+ parameters:   slope: 0.616 semiSat: 0.560 beta: 0.969 sigma: 0.114 
Max BADS parameters:               slope: 0.560 semiSat: 0.568 beta: 1.000 sigma: 0.070 
maxBOLD estimate: 1.362
