/blue/stevenweisberg/stevenweisberg/MATLAB/projects/Weisberg_Aguirre_2020/scripts/run_sims
c0700a-s3.ufhpc
Wed Apr  7 00:31:06 EDT 2021
mkdir: cannot create directory ‘/blue/stevenweisberg/stevenweisberg/qpfMRIResults/model_parameter_set2/’: File exists
cp: cannot stat ‘/blue/stevenweisberg/stevenweisberg/qpfMRIResults/deploy_sim.sh’: No such file or directory
cp: cannot stat ‘/blue/stevenweisberg/stevenweisberg/qpfMRIResults/sim_wrapper.sh’: No such file or directory
------------------------------------------
Setting up environment variables
---
LD_LIBRARY_PATH is .:/apps/matlab/mcr/2020b/v99/runtime/glnxa64:/apps/matlab/mcr/2020b/v99/bin/glnxa64:/apps/matlab/mcr/2020b/v99/sys/os/glnxa64:/apps/matlab/mcr/2020b/v99/sys/opengl/lib/glnxa64
Warning: Executing startup failed in matlabrc.
This indicates a potentially serious problem in your MATLAB setup, which should be resolved as soon as possible.  Error detected was:
MATLAB:mpath:PathAlterationNotSupported
Modifying the search path is not supported by MATLAB Compiler. Remove functions that modify the search path from your MATLAB code. To make files visible to your deployed application, add the parent folder to your MATLAB session.
Warning: No stimulus domain specified. Defaulting to values between 0.01 and 1.
> In qpfmriParams (line 182)
In compiledSimulate (line 205)
Stimulus domain added from input.
Parameter slope specified as 0.20000
Parameter semiSat specified as 0.57000
Parameter beta specified as 1.00000
Parameter sigma specified as 0.05000
seed = 99seed = 104seed = 111seed = 111seed = 115seed = 101Initializing Q+. This may take a minute...
Elapsed time is 6.241280 seconds.
Simulated parameters:
slope: 0.200 semiSat: 0.570 beta: 1.000 sigma: 0.050 

Trial 1: baseline Stimulus Selection
Stimulus: 0.010
Output value 0.000

Q+ parameters
slope: 0.026 semiSat: 0.890 beta: 0.500 sigma: 0.010 
maxBOLD estimate = 1.000


Trial 2: maxBOLD Stimulus Selection
Stimulus: 1.000
Output value 1.364

Q+ parameters
slope: 0.055 semiSat: 0.670 beta: 1.250 sigma: 0.010 
maxBOLD estimate = 1.000


Trial 3: baseline Stimulus Selection
Stimulus: 0.010
Output value -0.142

Q+ parameters
slope: 0.055 semiSat: 0.670 beta: 1.250 sigma: 0.062 
maxBOLD estimate = 1.250


Trial 4: maxBOLD Stimulus Selection
Stimulus: 1.000
Output value 2.131

Q+ parameters
slope: 0.055 semiSat: 0.670 beta: 1.250 sigma: 0.062 
maxBOLD estimate = 1.562


Trial 5: baseline Stimulus Selection
Stimulus: 0.010
Output value 0.200

Q+ parameters
slope: 0.043 semiSat: 0.780 beta: 1.125 sigma: 0.062 
maxBOLD estimate = 1.953


Trial 6: maxBOLD Stimulus Selection
Stimulus: 1.000
Output value 1.742

Q+ parameters
slope: 0.043 semiSat: 0.780 beta: 0.969 sigma: 0.062 
maxBOLD estimate = 2.197


Trial 7: random Stimulus Selection
Stimulus: 1.000
Output value 1.742

Q+ parameters
slope: 0.043 semiSat: 0.780 beta: 1.125 sigma: 0.062 
maxBOLD estimate = 2.129


Trial 8: random Stimulus Selection
Stimulus: 0.216
Output value 0.211

Q+ parameters
slope: 0.043 semiSat: 0.780 beta: 0.969 sigma: 0.062 
maxBOLD estimate = 2.395


Trial 9: random Stimulus Selection
Stimulus: 0.876
Output value 1.424

Q+ parameters
slope: 0.070 semiSat: 0.450 beta: 0.750 sigma: 0.062 
maxBOLD estimate = 2.320


Trial 10: baseline Stimulus Selection
Stimulus: 0.010
Output value 0.306

Q+ parameters
slope: 0.070 semiSat: 0.560 beta: 0.969 sigma: 0.062 
maxBOLD estimate = 1.740


Trial 11: random Stimulus Selection
Stimulus: 0.299
Output value 0.287

Q+ parameters
slope: 0.089 semiSat: 0.450 beta: 0.938 sigma: 0.062 
maxBOLD estimate = 1.686


Trial 12: random Stimulus Selection
Stimulus: 0.588
Output value 1.333

Q+ parameters
slope: 0.089 semiSat: 0.450 beta: 1.031 sigma: 0.062 
maxBOLD estimate = 1.580


Trial 13: random Stimulus Selection
Stimulus: 0.175
Output value 0.148

Q+ parameters
slope: 0.089 semiSat: 0.450 beta: 1.000 sigma: 0.062 
maxBOLD estimate = 1.630


Trial 14: random Stimulus Selection
Stimulus: 0.588
Output value 0.944

Q+ parameters
slope: 0.089 semiSat: 0.560 beta: 1.062 sigma: 0.062 
maxBOLD estimate = 1.630


Trial 15: maxBOLD Stimulus Selection
Stimulus: 1.000
Output value 1.623

Q+ parameters
slope: 0.089 semiSat: 0.450 beta: 0.938 sigma: 0.062 
maxBOLD estimate = 1.731


Trial 16: random Stimulus Selection
Stimulus: 0.546
Output value 0.627

Q+ parameters
slope: 0.089 semiSat: 0.560 beta: 1.062 sigma: 0.062 
maxBOLD estimate = 1.623


Trial 17: random Stimulus Selection
Stimulus: 0.918
Output value 1.470

Q+ parameters
slope: 0.379 semiSat: 0.560 beta: 0.938 sigma: 0.062 
maxBOLD estimate = 1.725


Trial 18: random Stimulus Selection
Stimulus: 0.216
Output value 0.312

Q+ parameters
slope: 0.089 semiSat: 0.560 beta: 1.062 sigma: 0.062 
maxBOLD estimate = 1.617


Trial 19: random Stimulus Selection
Stimulus: 0.629
Output value 1.464

Q+ parameters
slope: 0.379 semiSat: 0.560 beta: 0.938 sigma: 0.062 
maxBOLD estimate = 1.718


Trial 20: baseline Stimulus Selection
Stimulus: 0.010
Output value 0.146

Q+ parameters
slope: 0.298 semiSat: 0.560 beta: 1.000 sigma: 0.062 
maxBOLD estimate = 1.611


Trial 21: random Stimulus Selection
Stimulus: 0.010
Output value 0.137

Q+ parameters
slope: 0.234 semiSat: 0.560 beta: 0.938 sigma: 0.062 
maxBOLD estimate = 1.611


Trial 22: random Stimulus Selection
Stimulus: 0.588
Output value 0.961

Q+ parameters
slope: 0.298 semiSat: 0.560 beta: 1.000 sigma: 0.062 
maxBOLD estimate = 1.510


Trial 23: random Stimulus Selection
Stimulus: 0.794
Output value 1.647

Q+ parameters
slope: 0.298 semiSat: 0.560 beta: 1.000 sigma: 0.062 
maxBOLD estimate = 1.510


Trial 24: random Stimulus Selection
Stimulus: 0.959
Output value 1.647

Q+ parameters
slope: 0.298 semiSat: 0.560 beta: 1.000 sigma: 0.062 
maxBOLD estimate = 1.510


Trial 25: maxBOLD Stimulus Selection
Stimulus: 1.000
Output value 1.853

Q+ parameters
slope: 0.183 semiSat: 0.560 beta: 1.125 sigma: 0.062 
maxBOLD estimate = 1.510


Trial 26: random Stimulus Selection
Stimulus: 0.959
Output value 1.448

Q+ parameters
slope: 0.234 semiSat: 0.560 beta: 0.938 sigma: 0.062 
maxBOLD estimate = 1.699


Trial 27: random Stimulus Selection
Stimulus: 0.835
Output value 1.683

Q+ parameters
slope: 0.234 semiSat: 0.560 beta: 0.969 sigma: 0.062 
maxBOLD estimate = 1.592


Trial 28: random Stimulus Selection
Stimulus: 0.299
Output value 0.140

Q+ parameters
slope: 0.298 semiSat: 0.560 beta: 1.000 sigma: 0.062 
maxBOLD estimate = 1.543


Trial 29: random Stimulus Selection
Stimulus: 1.000
Output value 1.683

Q+ parameters
slope: 0.298 semiSat: 0.560 beta: 1.000 sigma: 0.062 
maxBOLD estimate = 1.543


Trial 30: baseline Stimulus Selection
Stimulus: 0.010
Output value 0.000

Q+ parameters
slope: 0.298 semiSat: 0.560 beta: 1.000 sigma: 0.062 
maxBOLD estimate = 1.543


Trial 31: random Stimulus Selection
Stimulus: 0.546
Output value 1.402

Q+ parameters
slope: 0.089 semiSat: 0.560 beta: 1.250 sigma: 0.062 
maxBOLD estimate = 1.543


Trial 32: random Stimulus Selection
Stimulus: 0.216
Output value 0.000

Q+ parameters
slope: 0.089 semiSat: 0.560 beta: 0.875 sigma: 0.062 
maxBOLD estimate = 1.928


Trial 33: random Stimulus Selection
Stimulus: 0.464
Output value 0.288

Q+ parameters
slope: 0.234 semiSat: 0.560 beta: 0.938 sigma: 0.062 
maxBOLD estimate = 1.687


Trial 34: random Stimulus Selection
Stimulus: 0.175
Output value 0.288

Q+ parameters
slope: 0.234 semiSat: 0.560 beta: 1.000 sigma: 0.062 
maxBOLD estimate = 1.582


Trial 35: maxBOLD Stimulus Selection
Stimulus: 1.000
Output value 1.582

Q+ parameters
slope: 0.234 semiSat: 0.560 beta: 1.000 sigma: 0.062 
maxBOLD estimate = 1.582


Trial 36: random Stimulus Selection
Stimulus: 0.670
Output value 1.222

Q+ parameters
slope: 0.089 semiSat: 0.560 beta: 1.062 sigma: 0.062 
maxBOLD estimate = 1.582


Trial 37: random Stimulus Selection
Stimulus: 0.711
Output value 1.337

Q+ parameters
slope: 0.298 semiSat: 0.560 beta: 0.875 sigma: 0.062 
maxBOLD estimate = 1.681


Trial 38: random Stimulus Selection
Stimulus: 0.010
Output value 0.142

Q+ parameters
slope: 0.234 semiSat: 0.560 beta: 1.062 sigma: 0.062 
maxBOLD estimate = 1.471


Trial 39: random Stimulus Selection
Stimulus: 0.670
Output value 1.278

Q+ parameters
slope: 0.234 semiSat: 0.560 beta: 1.000 sigma: 0.062 
maxBOLD estimate = 1.563


Trial 40: baseline Stimulus Selection
Stimulus: 0.010
Output value 0.142

Q+ parameters
slope: 0.234 semiSat: 0.560 beta: 1.000 sigma: 0.062 
maxBOLD estimate = 1.563


Trial 41: random Stimulus Selection
Stimulus: 0.753
Output value 1.420

Q+ parameters
slope: 0.234 semiSat: 0.560 beta: 1.000 sigma: 0.062 
maxBOLD estimate = 1.563


Trial 42: random Stimulus Selection
Stimulus: 0.299
Output value 0.284

Q+ parameters
slope: 0.234 semiSat: 0.560 beta: 1.000 sigma: 0.062 
maxBOLD estimate = 1.563


Trial 43: random Stimulus Selection
Stimulus: 0.546
Output value 0.568

Q+ parameters
slope: 0.234 semiSat: 0.560 beta: 1.000 sigma: 0.062 
maxBOLD estimate = 1.563


Trial 44: random Stimulus Selection
Stimulus: 0.051
Output value 0.000

Q+ parameters
slope: 0.234 semiSat: 0.560 beta: 1.000 sigma: 0.062 
maxBOLD estimate = 1.563


Trial 45: maxBOLD Stimulus Selection
Stimulus: 1.000
Output value 1.705

Q+ parameters
slope: 0.234 semiSat: 0.560 beta: 1.000 sigma: 0.062 
maxBOLD estimate = 1.563


Trial 46: random Stimulus Selection
Stimulus: 0.092
Output value -0.284

Q+ parameters
slope: 0.234 semiSat: 0.560 beta: 1.000 sigma: 0.062 
maxBOLD estimate = 1.563


Trial 47: random Stimulus Selection
Stimulus: 0.257
Output value 0.142

Q+ parameters
slope: 0.234 semiSat: 0.560 beta: 1.000 sigma: 0.062 
maxBOLD estimate = 1.563


Trial 48: random Stimulus Selection
Stimulus: 0.918
Output value 1.420

Q+ parameters
slope: 0.234 semiSat: 0.560 beta: 1.000 sigma: 0.062 
maxBOLD estimate = 1.563


Trial 49: random Stimulus Selection
Stimulus: 0.010
Output value 0.000

Q+ parameters
slope: 0.234 semiSat: 0.560 beta: 1.000 sigma: 0.062 
maxBOLD estimate = 1.563


Trial 50: baseline Stimulus Selection
Stimulus: 0.010
Output value 0.142

Q+ parameters
slope: 0.234 semiSat: 0.560 beta: 1.000 sigma: 0.062 
maxBOLD estimate = 1.563


Trial 51: random Stimulus Selection
Stimulus: 0.051
Output value 0.000

Q+ parameters
slope: 0.234 semiSat: 0.560 beta: 1.000 sigma: 0.062 
maxBOLD estimate = 1.563


Trial 52: random Stimulus Selection
Stimulus: 0.134
Output value 0.284

Q+ parameters
slope: 0.234 semiSat: 0.560 beta: 1.000 sigma: 0.062 
maxBOLD estimate = 1.563


Trial 53: random Stimulus Selection
Stimulus: 0.505
Output value 0.426

Q+ parameters
slope: 0.183 semiSat: 0.560 beta: 1.000 sigma: 0.062 
maxBOLD estimate = 1.563


Trial 54: random Stimulus Selection
Stimulus: 0.257
Output value 0.142

Q+ parameters
slope: 0.183 semiSat: 0.560 beta: 1.000 sigma: 0.062 
maxBOLD estimate = 1.563


Trial 55: maxBOLD Stimulus Selection
Stimulus: 1.000
Output value 1.563

Q+ parameters
slope: 0.183 semiSat: 0.560 beta: 1.000 sigma: 0.062 
maxBOLD estimate = 1.563


Trial 56: random Stimulus Selection
Stimulus: 0.216
Output value 0.284

Q+ parameters
slope: 0.183 semiSat: 0.560 beta: 1.000 sigma: 0.062 
maxBOLD estimate = 1.563


Trial 57: random Stimulus Selection
Stimulus: 0.299
Output value 0.000

Q+ parameters
slope: 0.183 semiSat: 0.560 beta: 1.000 sigma: 0.062 
maxBOLD estimate = 1.563


Trial 58: random Stimulus Selection
Stimulus: 0.835
Output value 1.705

Q+ parameters
slope: 0.183 semiSat: 0.560 beta: 1.000 sigma: 0.062 
maxBOLD estimate = 1.563


Trial 59: random Stimulus Selection
Stimulus: 0.010
Output value 0.142

Q+ parameters
slope: 0.183 semiSat: 0.560 beta: 1.000 sigma: 0.062 
maxBOLD estimate = 1.563


Trial 60: baseline Stimulus Selection
Stimulus: 0.010
Output value 0.284

Q+ parameters
slope: 0.183 semiSat: 0.560 beta: 1.000 sigma: 0.062 
maxBOLD estimate = 1.563


Trial 61: random Stimulus Selection
Stimulus: 0.175
Output value 0.000

Q+ parameters
slope: 0.183 semiSat: 0.560 beta: 1.000 sigma: 0.062 
maxBOLD estimate = 1.563


Trial 62: random Stimulus Selection
Stimulus: 0.711
Output value 1.563

Q+ parameters
slope: 0.234 semiSat: 0.560 beta: 1.000 sigma: 0.062 
maxBOLD estimate = 1.563


Trial 63: random Stimulus Selection
Stimulus: 0.134
Output value -0.284

Q+ parameters
slope: 0.234 semiSat: 0.560 beta: 1.000 sigma: 0.062 
maxBOLD estimate = 1.563


Trial 64: random Stimulus Selection
Stimulus: 0.959
Output value 1.705

Q+ parameters
slope: 0.234 semiSat: 0.560 beta: 1.000 sigma: 0.062 
maxBOLD estimate = 1.563


Trial 65: maxBOLD Stimulus Selection
Stimulus: 1.000
Output value 1.563

Q+ parameters
slope: 0.234 semiSat: 0.560 beta: 1.000 sigma: 0.062 
maxBOLD estimate = 1.563


Trial 66: random Stimulus Selection
Stimulus: 0.505
Output value 0.142

Q+ parameters
slope: 0.234 semiSat: 0.560 beta: 1.000 sigma: 0.062 
maxBOLD estimate = 1.563


Trial 67: random Stimulus Selection
Stimulus: 0.629
Output value 1.136

Q+ parameters
slope: 0.234 semiSat: 0.560 beta: 1.000 sigma: 0.062 
maxBOLD estimate = 1.563


Trial 68: random Stimulus Selection
Stimulus: 0.381
Output value 0.142

Q+ parameters
slope: 0.234 semiSat: 0.560 beta: 1.000 sigma: 0.062 
maxBOLD estimate = 1.563


Trial 69: random Stimulus Selection
Stimulus: 0.216
Output value -0.284

Q+ parameters
slope: 0.234 semiSat: 0.560 beta: 1.000 sigma: 0.062 
maxBOLD estimate = 1.563


Trial 70: baseline Stimulus Selection
Stimulus: 0.010
Output value -0.142

Q+ parameters
slope: 0.234 semiSat: 0.560 beta: 1.000 sigma: 0.062 
maxBOLD estimate = 1.563


Trial 71: random Stimulus Selection
Stimulus: 0.670
Output value 1.101

Q+ parameters
slope: 0.183 semiSat: 0.560 beta: 0.969 sigma: 0.062 
maxBOLD estimate = 1.563


Trial 72: random Stimulus Selection
Stimulus: 0.876
Output value 1.703

Q+ parameters
slope: 0.183 semiSat: 0.560 beta: 1.031 sigma: 0.062 
maxBOLD estimate = 1.514


Trial 73: random Stimulus Selection
Stimulus: 0.629
Output value 1.135

Q+ parameters
slope: 0.234 semiSat: 0.560 beta: 1.000 sigma: 0.062 
maxBOLD estimate = 1.561


Trial 74: random Stimulus Selection
Stimulus: 0.670
Output value 1.419

Q+ parameters
slope: 0.234 semiSat: 0.560 beta: 1.000 sigma: 0.062 
maxBOLD estimate = 1.561


Trial 75: maxBOLD Stimulus Selection
Stimulus: 1.000
Output value 1.419

Q+ parameters
slope: 0.234 semiSat: 0.560 beta: 1.000 sigma: 0.062 
maxBOLD estimate = 1.561


Trial 76: random Stimulus Selection
Stimulus: 0.423
Output value 0.000

Q+ parameters
slope: 0.234 semiSat: 0.560 beta: 1.000 sigma: 0.062 
maxBOLD estimate = 1.561


Trial 77: random Stimulus Selection
Stimulus: 0.876
Output value 1.561

Q+ parameters
slope: 0.234 semiSat: 0.560 beta: 1.000 sigma: 0.062 
maxBOLD estimate = 1.561


Trial 78: random Stimulus Selection
Stimulus: 0.257
Output value -0.142

Q+ parameters
slope: 0.234 semiSat: 0.560 beta: 1.000 sigma: 0.062 
maxBOLD estimate = 1.561


Trial 79: random Stimulus Selection
Stimulus: 0.959
Output value 1.703

Q+ parameters
slope: 0.234 semiSat: 0.560 beta: 1.000 sigma: 0.062 
maxBOLD estimate = 1.561


Trial 80: baseline Stimulus Selection
Stimulus: 0.010
Output value -0.293

Q+ parameters
slope: 0.183 semiSat: 0.560 beta: 1.031 sigma: 0.062 
maxBOLD estimate = 1.561


Trial 81: random Stimulus Selection
Stimulus: 0.134
Output value 0.284

Q+ parameters
slope: 0.183 semiSat: 0.560 beta: 0.969 sigma: 0.062 
maxBOLD estimate = 1.610


Trial 82: random Stimulus Selection
Stimulus: 0.299
Output value 0.292

Q+ parameters
slope: 0.183 semiSat: 0.560 beta: 1.031 sigma: 0.062 
maxBOLD estimate = 1.559


Trial 83: random Stimulus Selection
Stimulus: 0.546
Output value 0.283

Q+ parameters
slope: 0.298 semiSat: 0.560 beta: 0.969 sigma: 0.062 
maxBOLD estimate = 1.608


Trial 84: random Stimulus Selection
Stimulus: 0.092
Output value 0.292

Q+ parameters
slope: 0.183 semiSat: 0.560 beta: 1.031 sigma: 0.062 
maxBOLD estimate = 1.558


Trial 85: maxBOLD Stimulus Selection
Stimulus: 1.000
Output value 1.698

Q+ parameters
slope: 0.183 semiSat: 0.560 beta: 0.969 sigma: 0.062 
maxBOLD estimate = 1.607


Trial 86: random Stimulus Selection
Stimulus: 0.340
Output value 0.000

Q+ parameters
slope: 0.183 semiSat: 0.560 beta: 1.031 sigma: 0.062 
maxBOLD estimate = 1.556


Trial 87: random Stimulus Selection
Stimulus: 0.299
Output value 0.283

Q+ parameters
slope: 0.183 semiSat: 0.560 beta: 0.969 sigma: 0.062 
maxBOLD estimate = 1.605


Trial 88: random Stimulus Selection
Stimulus: 0.092
Output value 0.146

Q+ parameters
slope: 0.183 semiSat: 0.560 beta: 1.031 sigma: 0.062 
maxBOLD estimate = 1.555


Trial 89: random Stimulus Selection
Stimulus: 0.134
Output value -0.141

Q+ parameters
slope: 0.183 semiSat: 0.560 beta: 0.969 sigma: 0.062 
maxBOLD estimate = 1.604


Trial 90: baseline Stimulus Selection
Stimulus: 0.010
Output value 0.000

Q+ parameters
slope: 0.183 semiSat: 0.560 beta: 1.031 sigma: 0.062 
maxBOLD estimate = 1.553


Trial 91: random Stimulus Selection
Stimulus: 0.505
Output value 0.423

Q+ parameters
slope: 0.183 semiSat: 0.560 beta: 0.969 sigma: 0.062 
maxBOLD estimate = 1.602


Trial 92: random Stimulus Selection
Stimulus: 0.629
Output value 1.164

Q+ parameters
slope: 0.183 semiSat: 0.560 beta: 1.031 sigma: 0.062 
maxBOLD estimate = 1.552


Trial 93: random Stimulus Selection
Stimulus: 0.505
Output value 0.750

Q+ parameters
slope: 0.113 semiSat: 0.560 beta: 1.031 sigma: 0.062 
maxBOLD estimate = 1.600


Trial 94: random Stimulus Selection
Stimulus: 0.216
Output value 0.141

Q+ parameters
slope: 0.183 semiSat: 0.560 beta: 0.938 sigma: 0.062 
maxBOLD estimate = 1.650


Trial 95: maxBOLD Stimulus Selection
Stimulus: 1.000
Output value 1.451

Q+ parameters
slope: 0.183 semiSat: 0.560 beta: 1.031 sigma: 0.062 
maxBOLD estimate = 1.547


Trial 96: random Stimulus Selection
Stimulus: 0.711
Output value 1.546

Q+ parameters
slope: 0.183 semiSat: 0.560 beta: 0.969 sigma: 0.062 
maxBOLD estimate = 1.596


Trial 97: random Stimulus Selection
Stimulus: 0.670
Output value 1.159

Q+ parameters
slope: 0.183 semiSat: 0.560 beta: 1.031 sigma: 0.062 
maxBOLD estimate = 1.546


Trial 98: random Stimulus Selection
Stimulus: 0.794
Output value 1.685

Q+ parameters
slope: 0.183 semiSat: 0.560 beta: 0.969 sigma: 0.062 
maxBOLD estimate = 1.594


Trial 99: random Stimulus Selection
Stimulus: 0.876
Output value 1.737

Q+ parameters
slope: 0.183 semiSat: 0.560 beta: 1.031 sigma: 0.062 
maxBOLD estimate = 1.544


Trial 100: baseline Stimulus Selection
Stimulus: 0.010
Output value 0.421

Q+ parameters
slope: 0.183 semiSat: 0.560 beta: 0.969 sigma: 0.062 
maxBOLD estimate = 1.592

--------------------------------------------------------------
FINAL VALUES
--------------------------------------------------------------
Simulated parameters:              slope: 0.200 semiSat: 0.570 beta: 1.000 sigma: 0.050 
Max posterior QUEST+ parameters:   slope: 0.183 semiSat: 0.560 beta: 1.031 sigma: 0.062 
Max BADS parameters:               slope: 0.216 semiSat: 0.555 beta: 1.000 sigma: 0.059 
maxBOLD estimate: 1.543
