/blue/stevenweisberg/stevenweisberg/MATLAB/projects/Weisberg_Aguirre_2020/scripts/run_sims
c0700a-s1.ufhpc
Tue Apr  6 20:35:34 EDT 2021
mkdir: cannot create directory ‘/blue/stevenweisberg/stevenweisberg/qpfMRIResults/model_parameter_set2/’: File exists
cp: cannot stat ‘/blue/stevenweisberg/stevenweisberg/qpfMRIResults/deploy_sim.sh’: No such file or directory
cp: cannot stat ‘/blue/stevenweisberg/stevenweisberg/qpfMRIResults/sim_wrapper.sh’: No such file or directory
------------------------------------------
Setting up environment variables
---
LD_LIBRARY_PATH is .:/apps/matlab/mcr/2020b/v99/runtime/glnxa64:/apps/matlab/mcr/2020b/v99/bin/glnxa64:/apps/matlab/mcr/2020b/v99/sys/os/glnxa64:/apps/matlab/mcr/2020b/v99/sys/opengl/lib/glnxa64
Warning: Executing startup failed in matlabrc.
This indicates a potentially serious problem in your MATLAB setup, which should be resolved as soon as possible.  Error detected was:
MATLAB:mpath:PathAlterationNotSupported
Modifying the search path is not supported by MATLAB Compiler. Remove functions that modify the search path from your MATLAB code. To make files visible to your deployed application, add the parent folder to your MATLAB session.
Warning: No stimulus domain specified. Defaulting to values between 0.01 and 1.
> In qpfmriParams (line 182)
In compiledSimulate (line 205)
Stimulus domain added from input.
Parameter slope specified as 0.20000
Parameter semiSat specified as 0.57000
Parameter beta specified as 1.00000
Parameter sigma specified as 0.15000
seed = 99seed = 104seed = 111seed = 111seed = 115seed = 101Initializing Q+. This may take a minute...
Elapsed time is 7.366831 seconds.
Simulated parameters:
slope: 0.200 semiSat: 0.570 beta: 1.000 sigma: 0.150 

Trial 1: baseline Stimulus Selection
Stimulus: 0.010
Output value 0.000

Q+ parameters
slope: 0.026 semiSat: 0.890 beta: 0.500 sigma: 0.010 
maxBOLD estimate = 1.000


Trial 2: maxBOLD Stimulus Selection
Stimulus: 1.000
Output value 1.125

Q+ parameters
slope: 0.055 semiSat: 0.670 beta: 1.125 sigma: 0.010 
maxBOLD estimate = 1.000


Trial 3: baseline Stimulus Selection
Stimulus: 0.010
Output value -0.256

Q+ parameters
slope: 0.055 semiSat: 0.670 beta: 1.250 sigma: 0.114 
maxBOLD estimate = 1.125


Trial 4: maxBOLD Stimulus Selection
Stimulus: 1.000
Output value 1.598

Q+ parameters
slope: 0.055 semiSat: 0.670 beta: 1.250 sigma: 0.166 
maxBOLD estimate = 1.406


Trial 5: baseline Stimulus Selection
Stimulus: 0.010
Output value 0.000

Q+ parameters
slope: 0.043 semiSat: 0.780 beta: 1.250 sigma: 0.114 
maxBOLD estimate = 1.758


Trial 6: maxBOLD Stimulus Selection
Stimulus: 1.000
Output value 1.355

Q+ parameters
slope: 0.043 semiSat: 0.780 beta: 0.969 sigma: 0.114 
maxBOLD estimate = 2.197


Trial 7: qplus Stimulus Selection
Stimulus: 0.629
Output value 1.016

Q+ parameters
slope: 0.089 semiSat: 0.450 beta: 0.750 sigma: 0.062 
maxBOLD estimate = 2.129


Trial 8: qplus Stimulus Selection
Stimulus: 0.381
Output value 0.363

Q+ parameters
slope: 0.089 semiSat: 0.560 beta: 1.250 sigma: 0.114 
maxBOLD estimate = 1.596


Trial 9: qplus Stimulus Selection
Stimulus: 0.505
Output value 0.408

Q+ parameters
slope: 0.234 semiSat: 0.560 beta: 0.750 sigma: 0.062 
maxBOLD estimate = 1.996


Trial 10: baseline Stimulus Selection
Stimulus: 0.010
Output value -0.204

Q+ parameters
slope: 0.183 semiSat: 0.560 beta: 1.500 sigma: 0.114 
maxBOLD estimate = 1.497


Trial 11: qplus Stimulus Selection
Stimulus: 0.505
Output value 0.612

Q+ parameters
slope: 0.113 semiSat: 0.560 beta: 0.750 sigma: 0.062 
maxBOLD estimate = 2.245


Trial 12: qplus Stimulus Selection
Stimulus: 0.670
Output value 1.186

Q+ parameters
slope: 0.144 semiSat: 0.560 beta: 0.969 sigma: 0.114 
maxBOLD estimate = 1.684


Trial 13: qplus Stimulus Selection
Stimulus: 0.588
Output value 1.483

Q+ parameters
slope: 0.298 semiSat: 0.560 beta: 1.000 sigma: 0.114 
maxBOLD estimate = 1.631


Trial 14: qplus Stimulus Selection
Stimulus: 0.505
Output value 0.918

Q+ parameters
slope: 0.113 semiSat: 0.560 beta: 1.031 sigma: 0.114 
maxBOLD estimate = 1.631


Trial 15: maxBOLD Stimulus Selection
Stimulus: 1.000
Output value 1.950

Q+ parameters
slope: 0.183 semiSat: 0.560 beta: 1.062 sigma: 0.114 
maxBOLD estimate = 1.682


Trial 16: qplus Stimulus Selection
Stimulus: 0.629
Output value 0.975

Q+ parameters
slope: 0.144 semiSat: 0.560 beta: 1.000 sigma: 0.114 
maxBOLD estimate = 1.787


Trial 17: qplus Stimulus Selection
Stimulus: 0.505
Output value 0.487

Q+ parameters
slope: 0.144 semiSat: 0.560 beta: 1.000 sigma: 0.114 
maxBOLD estimate = 1.787


Trial 18: qplus Stimulus Selection
Stimulus: 0.629
Output value 1.950

Q+ parameters
slope: 0.144 semiSat: 0.560 beta: 1.000 sigma: 0.114 
maxBOLD estimate = 1.787


Trial 19: qplus Stimulus Selection
Stimulus: 0.505
Output value 0.650

Q+ parameters
slope: 0.144 semiSat: 0.560 beta: 1.000 sigma: 0.114 
maxBOLD estimate = 1.787


Trial 20: baseline Stimulus Selection
Stimulus: 0.010
Output value 0.427

Q+ parameters
slope: 0.234 semiSat: 0.560 beta: 0.875 sigma: 0.114 
maxBOLD estimate = 1.787


Trial 21: qplus Stimulus Selection
Stimulus: 0.588
Output value 0.755

Q+ parameters
slope: 0.183 semiSat: 0.560 beta: 1.062 sigma: 0.166 
maxBOLD estimate = 1.564


Trial 22: qplus Stimulus Selection
Stimulus: 0.505
Output value -0.146

Q+ parameters
slope: 0.234 semiSat: 0.560 beta: 0.969 sigma: 0.166 
maxBOLD estimate = 1.662


Trial 23: qplus Stimulus Selection
Stimulus: 0.588
Output value 1.244

Q+ parameters
slope: 0.183 semiSat: 0.560 beta: 1.062 sigma: 0.114 
maxBOLD estimate = 1.610


Trial 24: qplus Stimulus Selection
Stimulus: 0.505
Output value 1.205

Q+ parameters
slope: 0.144 semiSat: 0.560 beta: 0.969 sigma: 0.166 
maxBOLD estimate = 1.710


Trial 25: maxBOLD Stimulus Selection
Stimulus: 1.000
Output value 1.920

Q+ parameters
slope: 0.183 semiSat: 0.560 beta: 1.062 sigma: 0.166 
maxBOLD estimate = 1.657


Trial 26: qplus Stimulus Selection
Stimulus: 0.505
Output value 1.360

Q+ parameters
slope: 0.113 semiSat: 0.560 beta: 1.062 sigma: 0.166 
maxBOLD estimate = 1.760


Trial 27: qplus Stimulus Selection
Stimulus: 0.670
Output value 1.190

Q+ parameters
slope: 0.183 semiSat: 0.560 beta: 0.875 sigma: 0.114 
maxBOLD estimate = 1.870


Trial 28: qplus Stimulus Selection
Stimulus: 0.464
Output value -0.158

Q+ parameters
slope: 0.144 semiSat: 0.560 beta: 1.062 sigma: 0.166 
maxBOLD estimate = 1.637


Trial 29: qplus Stimulus Selection
Stimulus: 0.629
Output value 1.378

Q+ parameters
slope: 0.144 semiSat: 0.560 beta: 0.969 sigma: 0.114 
maxBOLD estimate = 1.739


Trial 30: baseline Stimulus Selection
Stimulus: 0.010
Output value 0.148

Q+ parameters
slope: 0.144 semiSat: 0.560 beta: 0.969 sigma: 0.114 
maxBOLD estimate = 1.685


Trial 31: qplus Stimulus Selection
Stimulus: 0.423
Output value 0.315

Q+ parameters
slope: 0.183 semiSat: 0.560 beta: 1.062 sigma: 0.166 
maxBOLD estimate = 1.632


Trial 32: qplus Stimulus Selection
Stimulus: 0.629
Output value 1.069

Q+ parameters
slope: 0.144 semiSat: 0.560 beta: 0.969 sigma: 0.114 
maxBOLD estimate = 1.734


Trial 33: qplus Stimulus Selection
Stimulus: 0.794
Output value 1.479

Q+ parameters
slope: 0.144 semiSat: 0.560 beta: 0.969 sigma: 0.114 
maxBOLD estimate = 1.680


Trial 34: qplus Stimulus Selection
Stimulus: 0.588
Output value 1.572

Q+ parameters
slope: 0.183 semiSat: 0.560 beta: 1.062 sigma: 0.166 
maxBOLD estimate = 1.627


Trial 35: maxBOLD Stimulus Selection
Stimulus: 1.000
Output value 1.827

Q+ parameters
slope: 0.183 semiSat: 0.560 beta: 0.969 sigma: 0.114 
maxBOLD estimate = 1.729


Trial 36: qplus Stimulus Selection
Stimulus: 0.588
Output value 1.570

Q+ parameters
slope: 0.144 semiSat: 0.560 beta: 1.031 sigma: 0.114 
maxBOLD estimate = 1.675


Trial 37: qplus Stimulus Selection
Stimulus: 0.505
Output value 0.608

Q+ parameters
slope: 0.183 semiSat: 0.560 beta: 0.969 sigma: 0.114 
maxBOLD estimate = 1.727


Trial 38: qplus Stimulus Selection
Stimulus: 0.505
Output value 0.784

Q+ parameters
slope: 0.144 semiSat: 0.560 beta: 1.031 sigma: 0.114 
maxBOLD estimate = 1.673


Trial 39: qplus Stimulus Selection
Stimulus: 0.423
Output value 0.809

Q+ parameters
slope: 0.113 semiSat: 0.560 beta: 1.031 sigma: 0.114 
maxBOLD estimate = 1.726


Trial 40: baseline Stimulus Selection
Stimulus: 0.010
Output value 0.283

Q+ parameters
slope: 0.183 semiSat: 0.560 beta: 0.875 sigma: 0.114 
maxBOLD estimate = 1.779


Trial 41: qplus Stimulus Selection
Stimulus: 0.464
Output value 0.159

Q+ parameters
slope: 0.144 semiSat: 0.560 beta: 1.125 sigma: 0.114 
maxBOLD estimate = 1.557


Trial 42: qplus Stimulus Selection
Stimulus: 0.629
Output value 1.806

Q+ parameters
slope: 0.144 semiSat: 0.560 beta: 1.031 sigma: 0.114 
maxBOLD estimate = 1.752


Trial 43: qplus Stimulus Selection
Stimulus: 0.505
Output value 0.431

Q+ parameters
slope: 0.183 semiSat: 0.560 beta: 0.875 sigma: 0.114 
maxBOLD estimate = 1.806


Trial 44: qplus Stimulus Selection
Stimulus: 0.794
Output value 1.617

Q+ parameters
slope: 0.144 semiSat: 0.560 beta: 1.125 sigma: 0.114 
maxBOLD estimate = 1.581


Trial 45: maxBOLD Stimulus Selection
Stimulus: 1.000
Output value 1.667

Q+ parameters
slope: 0.144 semiSat: 0.560 beta: 1.031 sigma: 0.114 
maxBOLD estimate = 1.778


Trial 46: qplus Stimulus Selection
Stimulus: 0.794
Output value 1.605

Q+ parameters
slope: 0.183 semiSat: 0.560 beta: 0.875 sigma: 0.114 
maxBOLD estimate = 1.834


Trial 47: qplus Stimulus Selection
Stimulus: 0.794
Output value 1.969

Q+ parameters
slope: 0.144 semiSat: 0.560 beta: 1.125 sigma: 0.114 
maxBOLD estimate = 1.605


Trial 48: qplus Stimulus Selection
Stimulus: 0.546
Output value 1.015

Q+ parameters
slope: 0.144 semiSat: 0.560 beta: 1.031 sigma: 0.114 
maxBOLD estimate = 1.805


Trial 49: qplus Stimulus Selection
Stimulus: 0.794
Output value 1.333

Q+ parameters
slope: 0.183 semiSat: 0.560 beta: 0.875 sigma: 0.114 
maxBOLD estimate = 1.861


Trial 50: baseline Stimulus Selection
Stimulus: 0.010
Output value -0.333

Q+ parameters
slope: 0.144 semiSat: 0.560 beta: 1.125 sigma: 0.114 
maxBOLD estimate = 1.629


Trial 51: qplus Stimulus Selection
Stimulus: 0.464
Output value -0.344

Q+ parameters
slope: 0.144 semiSat: 0.560 beta: 1.031 sigma: 0.114 
maxBOLD estimate = 1.832


Trial 52: qplus Stimulus Selection
Stimulus: 0.794
Output value 1.503

Q+ parameters
slope: 0.183 semiSat: 0.560 beta: 0.875 sigma: 0.114 
maxBOLD estimate = 1.890


Trial 53: qplus Stimulus Selection
Stimulus: 0.794
Output value 2.029

Q+ parameters
slope: 0.144 semiSat: 0.560 beta: 1.125 sigma: 0.166 
maxBOLD estimate = 1.653


Trial 54: qplus Stimulus Selection
Stimulus: 0.423
Output value 0.349

Q+ parameters
slope: 0.144 semiSat: 0.560 beta: 1.031 sigma: 0.114 
maxBOLD estimate = 1.860


Trial 55: maxBOLD Stimulus Selection
Stimulus: 1.000
Output value 1.373

Q+ parameters
slope: 0.183 semiSat: 0.560 beta: 0.875 sigma: 0.114 
maxBOLD estimate = 1.918


Trial 56: qplus Stimulus Selection
Stimulus: 0.464
Output value 0.472

Q+ parameters
slope: 0.144 semiSat: 0.560 beta: 1.031 sigma: 0.114 
maxBOLD estimate = 1.678


Trial 57: qplus Stimulus Selection
Stimulus: 0.546
Output value 0.487

Q+ parameters
slope: 0.144 semiSat: 0.560 beta: 1.031 sigma: 0.114 
maxBOLD estimate = 1.731


Trial 58: qplus Stimulus Selection
Stimulus: 0.505
Output value 0.335

Q+ parameters
slope: 0.144 semiSat: 0.560 beta: 1.031 sigma: 0.114 
maxBOLD estimate = 1.785


Trial 59: qplus Stimulus Selection
Stimulus: 0.505
Output value 1.208

Q+ parameters
slope: 0.144 semiSat: 0.560 beta: 1.031 sigma: 0.114 
maxBOLD estimate = 1.841


Trial 60: baseline Stimulus Selection
Stimulus: 0.010
Output value 0.151

Q+ parameters
slope: 0.183 semiSat: 0.560 beta: 0.875 sigma: 0.114 
maxBOLD estimate = 1.898


Trial 61: qplus Stimulus Selection
Stimulus: 0.464
Output value 0.467

Q+ parameters
slope: 0.144 semiSat: 0.560 beta: 1.031 sigma: 0.114 
maxBOLD estimate = 1.661


Trial 62: qplus Stimulus Selection
Stimulus: 0.629
Output value 1.445

Q+ parameters
slope: 0.144 semiSat: 0.560 beta: 1.031 sigma: 0.114 
maxBOLD estimate = 1.713


Trial 63: qplus Stimulus Selection
Stimulus: 0.505
Output value 0.166

Q+ parameters
slope: 0.144 semiSat: 0.560 beta: 1.031 sigma: 0.114 
maxBOLD estimate = 1.766


Trial 64: qplus Stimulus Selection
Stimulus: 0.505
Output value 1.025

Q+ parameters
slope: 0.144 semiSat: 0.560 beta: 1.031 sigma: 0.114 
maxBOLD estimate = 1.822


Trial 65: maxBOLD Stimulus Selection
Stimulus: 1.000
Output value 1.345

Q+ parameters
slope: 0.183 semiSat: 0.560 beta: 0.875 sigma: 0.114 
maxBOLD estimate = 1.879


Trial 66: qplus Stimulus Selection
Stimulus: 0.464
Output value 0.841

Q+ parameters
slope: 0.144 semiSat: 0.560 beta: 1.125 sigma: 0.166 
maxBOLD estimate = 1.644


Trial 67: qplus Stimulus Selection
Stimulus: 0.546
Output value 1.387

Q+ parameters
slope: 0.144 semiSat: 0.560 beta: 1.031 sigma: 0.114 
maxBOLD estimate = 1.849


Trial 68: qplus Stimulus Selection
Stimulus: 0.423
Output value 0.000

Q+ parameters
slope: 0.113 semiSat: 0.560 beta: 0.938 sigma: 0.114 
maxBOLD estimate = 1.907


Trial 69: qplus Stimulus Selection
Stimulus: 0.464
Output value 0.670

Q+ parameters
slope: 0.144 semiSat: 0.560 beta: 1.031 sigma: 0.114 
maxBOLD estimate = 1.788


Trial 70: baseline Stimulus Selection
Stimulus: 0.010
Output value 0.000

Q+ parameters
slope: 0.144 semiSat: 0.560 beta: 1.031 sigma: 0.114 
maxBOLD estimate = 1.844


Trial 71: qplus Stimulus Selection
Stimulus: 0.753
Output value 1.134

Q+ parameters
slope: 0.113 semiSat: 0.560 beta: 0.938 sigma: 0.114 
maxBOLD estimate = 1.901


Trial 72: qplus Stimulus Selection
Stimulus: 0.670
Output value 1.170

Q+ parameters
slope: 0.144 semiSat: 0.560 beta: 1.031 sigma: 0.114 
maxBOLD estimate = 1.783


Trial 73: qplus Stimulus Selection
Stimulus: 0.423
Output value 0.470

Q+ parameters
slope: 0.113 semiSat: 0.560 beta: 0.938 sigma: 0.114 
maxBOLD estimate = 1.838


Trial 74: qplus Stimulus Selection
Stimulus: 0.423
Output value -0.323

Q+ parameters
slope: 0.144 semiSat: 0.560 beta: 1.031 sigma: 0.114 
maxBOLD estimate = 1.723


Trial 75: maxBOLD Stimulus Selection
Stimulus: 1.000
Output value 1.500

Q+ parameters
slope: 0.144 semiSat: 0.560 beta: 1.031 sigma: 0.114 
maxBOLD estimate = 1.777


Trial 76: qplus Stimulus Selection
Stimulus: 0.505
Output value -0.156

Q+ parameters
slope: 0.183 semiSat: 0.560 beta: 0.938 sigma: 0.114 
maxBOLD estimate = 1.833


Trial 77: qplus Stimulus Selection
Stimulus: 0.588
Output value 0.805

Q+ parameters
slope: 0.144 semiSat: 0.560 beta: 1.031 sigma: 0.166 
maxBOLD estimate = 1.718


Trial 78: qplus Stimulus Selection
Stimulus: 0.629
Output value 1.163

Q+ parameters
slope: 0.144 semiSat: 0.560 beta: 1.031 sigma: 0.114 
maxBOLD estimate = 1.772


Trial 79: qplus Stimulus Selection
Stimulus: 0.505
Output value 0.000

Q+ parameters
slope: 0.183 semiSat: 0.560 beta: 0.969 sigma: 0.114 
maxBOLD estimate = 1.827


Trial 80: baseline Stimulus Selection
Stimulus: 0.010
Output value 0.156

Q+ parameters
slope: 0.183 semiSat: 0.560 beta: 0.969 sigma: 0.114 
maxBOLD estimate = 1.770


Trial 81: qplus Stimulus Selection
Stimulus: 0.505
Output value 0.331

Q+ parameters
slope: 0.144 semiSat: 0.560 beta: 1.062 sigma: 0.166 
maxBOLD estimate = 1.715


Trial 82: qplus Stimulus Selection
Stimulus: 0.629
Output value 1.325

Q+ parameters
slope: 0.144 semiSat: 0.560 beta: 1.000 sigma: 0.114 
maxBOLD estimate = 1.822


Trial 83: qplus Stimulus Selection
Stimulus: 0.505
Output value 0.497

Q+ parameters
slope: 0.144 semiSat: 0.560 beta: 1.000 sigma: 0.114 
maxBOLD estimate = 1.822


Trial 84: qplus Stimulus Selection
Stimulus: 0.505
Output value 0.166

Q+ parameters
slope: 0.144 semiSat: 0.560 beta: 1.000 sigma: 0.114 
maxBOLD estimate = 1.822


Trial 85: maxBOLD Stimulus Selection
Stimulus: 1.000
Output value 1.284

Q+ parameters
slope: 0.183 semiSat: 0.560 beta: 0.969 sigma: 0.166 
maxBOLD estimate = 1.822


Trial 86: qplus Stimulus Selection
Stimulus: 0.588
Output value 0.777

Q+ parameters
slope: 0.183 semiSat: 0.560 beta: 0.969 sigma: 0.166 
maxBOLD estimate = 1.765


Trial 87: qplus Stimulus Selection
Stimulus: 0.588
Output value 1.817

Q+ parameters
slope: 0.183 semiSat: 0.560 beta: 1.062 sigma: 0.166 
maxBOLD estimate = 1.710


Trial 88: qplus Stimulus Selection
Stimulus: 0.629
Output value 1.280

Q+ parameters
slope: 0.183 semiSat: 0.560 beta: 0.969 sigma: 0.166 
maxBOLD estimate = 1.817


Trial 89: qplus Stimulus Selection
Stimulus: 0.588
Output value 1.240

Q+ parameters
slope: 0.183 semiSat: 0.560 beta: 0.969 sigma: 0.166 
maxBOLD estimate = 1.760


Trial 90: baseline Stimulus Selection
Stimulus: 0.010
Output value 0.751

Q+ parameters
slope: 0.183 semiSat: 0.560 beta: 0.969 sigma: 0.166 
maxBOLD estimate = 1.705


Trial 91: qplus Stimulus Selection
Stimulus: 0.629
Output value 0.873

Q+ parameters
slope: 0.183 semiSat: 0.560 beta: 0.969 sigma: 0.166 
maxBOLD estimate = 1.652


Trial 92: qplus Stimulus Selection
Stimulus: 0.629
Output value 1.082

Q+ parameters
slope: 0.183 semiSat: 0.560 beta: 1.062 sigma: 0.166 
maxBOLD estimate = 1.600


Trial 93: qplus Stimulus Selection
Stimulus: 0.629
Output value 1.048

Q+ parameters
slope: 0.183 semiSat: 0.560 beta: 0.969 sigma: 0.166 
maxBOLD estimate = 1.700


Trial 94: qplus Stimulus Selection
Stimulus: 0.381
Output value -0.290

Q+ parameters
slope: 0.183 semiSat: 0.560 beta: 0.969 sigma: 0.166 
maxBOLD estimate = 1.647


Trial 95: maxBOLD Stimulus Selection
Stimulus: 1.000
Output value 1.849

Q+ parameters
slope: 0.183 semiSat: 0.560 beta: 1.062 sigma: 0.166 
maxBOLD estimate = 1.596


Trial 96: qplus Stimulus Selection
Stimulus: 0.629
Output value 1.792

Q+ parameters
slope: 0.183 semiSat: 0.560 beta: 0.969 sigma: 0.166 
maxBOLD estimate = 1.695


Trial 97: qplus Stimulus Selection
Stimulus: 0.629
Output value 1.012

Q+ parameters
slope: 0.183 semiSat: 0.560 beta: 0.969 sigma: 0.166 
maxBOLD estimate = 1.642


Trial 98: qplus Stimulus Selection
Stimulus: 0.629
Output value 1.229

Q+ parameters
slope: 0.183 semiSat: 0.560 beta: 1.062 sigma: 0.166 
maxBOLD estimate = 1.591


Trial 99: qplus Stimulus Selection
Stimulus: 0.629
Output value 1.489

Q+ parameters
slope: 0.183 semiSat: 0.560 beta: 0.969 sigma: 0.166 
maxBOLD estimate = 1.690


Trial 100: baseline Stimulus Selection
Stimulus: 0.010
Output value 0.158

Q+ parameters
slope: 0.183 semiSat: 0.560 beta: 1.062 sigma: 0.166 
maxBOLD estimate = 1.638

--------------------------------------------------------------
FINAL VALUES
--------------------------------------------------------------
Simulated parameters:              slope: 0.200 semiSat: 0.570 beta: 1.000 sigma: 0.150 
Max posterior QUEST+ parameters:   slope: 0.183 semiSat: 0.560 beta: 0.969 sigma: 0.166 
Max BADS parameters:               slope: 0.169 semiSat: 0.563 beta: 1.000 sigma: 0.140 
maxBOLD estimate: 1.740
