/blue/stevenweisberg/stevenweisberg/MATLAB/projects/Weisberg_Aguirre_2020/scripts/run_sims
c0700a-s6.ufhpc
Tue Apr  6 18:54:23 EDT 2021
mkdir: cannot create directory ‘/blue/stevenweisberg/stevenweisberg/qpfMRIResults/model_parameter_set2/’: File exists
cp: cannot stat ‘/blue/stevenweisberg/stevenweisberg/qpfMRIResults/deploy_sim.sh’: No such file or directory
cp: cannot stat ‘/blue/stevenweisberg/stevenweisberg/qpfMRIResults/sim_wrapper.sh’: No such file or directory
------------------------------------------
Setting up environment variables
---
LD_LIBRARY_PATH is .:/apps/matlab/mcr/2020b/v99/runtime/glnxa64:/apps/matlab/mcr/2020b/v99/bin/glnxa64:/apps/matlab/mcr/2020b/v99/sys/os/glnxa64:/apps/matlab/mcr/2020b/v99/sys/opengl/lib/glnxa64
Warning: Executing startup failed in matlabrc.
This indicates a potentially serious problem in your MATLAB setup, which should be resolved as soon as possible.  Error detected was:
MATLAB:mpath:PathAlterationNotSupported
Modifying the search path is not supported by MATLAB Compiler. Remove functions that modify the search path from your MATLAB code. To make files visible to your deployed application, add the parent folder to your MATLAB session.
Warning: No stimulus domain specified. Defaulting to values between 0.01 and 1.
> In qpfmriParams (line 182)
In compiledSimulate (line 205)
Stimulus domain added from input.
Parameter slope specified as 0.20000
Parameter semiSat specified as 0.57000
Parameter beta specified as 1.00000
Parameter sigma specified as 0.15000
seed = 99seed = 104seed = 111seed = 111seed = 115seed = 101Initializing Q+. This may take a minute...
Elapsed time is 6.616114 seconds.
Simulated parameters:
slope: 0.200 semiSat: 0.570 beta: 1.000 sigma: 0.150 

Trial 1: baseline Stimulus Selection
Stimulus: 0.010
Output value 0.000

Q+ parameters
slope: 0.026 semiSat: 0.890 beta: 0.500 sigma: 0.010 
maxBOLD estimate = 1.000


Trial 2: maxBOLD Stimulus Selection
Stimulus: 1.000
Output value 1.364

Q+ parameters
slope: 0.055 semiSat: 0.670 beta: 1.250 sigma: 0.010 
maxBOLD estimate = 1.000


Trial 3: baseline Stimulus Selection
Stimulus: 0.010
Output value 0.852

Q+ parameters
slope: 0.055 semiSat: 0.670 beta: 1.250 sigma: 0.531 
maxBOLD estimate = 1.250


Trial 4: maxBOLD Stimulus Selection
Stimulus: 1.000
Output value 0.533

Q+ parameters
slope: 0.043 semiSat: 0.780 beta: 1.250 sigma: 0.844 
maxBOLD estimate = 1.562


Trial 5: baseline Stimulus Selection
Stimulus: 0.010
Output value 0.666

Q+ parameters
slope: 0.055 semiSat: 0.670 beta: 1.250 sigma: 0.218 
maxBOLD estimate = 1.953


Trial 6: maxBOLD Stimulus Selection
Stimulus: 1.000
Output value 0.277

Q+ parameters
slope: 0.034 semiSat: 1.000 beta: 1.250 sigma: 0.271 
maxBOLD estimate = 2.441


Trial 7: qplus Stimulus Selection
Stimulus: 0.629
Output value 0.728

Q+ parameters
slope: 0.034 semiSat: 0.890 beta: 0.875 sigma: 0.114 
maxBOLD estimate = 3.052


Trial 8: qplus Stimulus Selection
Stimulus: 0.753
Output value 1.639

Q+ parameters
slope: 0.298 semiSat: 0.670 beta: 0.750 sigma: 0.114 
maxBOLD estimate = 2.670


Trial 9: qplus Stimulus Selection
Stimulus: 0.505
Output value 0.176

Q+ parameters
slope: 0.113 semiSat: 0.670 beta: 0.969 sigma: 0.114 
maxBOLD estimate = 2.003


Trial 10: baseline Stimulus Selection
Stimulus: 0.010
Output value 0.265

Q+ parameters
slope: 0.183 semiSat: 0.560 beta: 0.750 sigma: 0.114 
maxBOLD estimate = 1.940


Trial 11: qplus Stimulus Selection
Stimulus: 0.629
Output value 0.992

Q+ parameters
slope: 0.113 semiSat: 0.670 beta: 1.500 sigma: 0.114 
maxBOLD estimate = 1.455


Trial 12: qplus Stimulus Selection
Stimulus: 0.505
Output value 0.744

Q+ parameters
slope: 0.070 semiSat: 0.560 beta: 0.750 sigma: 0.114 
maxBOLD estimate = 2.183


Trial 13: qplus Stimulus Selection
Stimulus: 0.588
Output value 0.614

Q+ parameters
slope: 0.089 semiSat: 0.560 beta: 1.031 sigma: 0.114 
maxBOLD estimate = 1.637


Trial 14: qplus Stimulus Selection
Stimulus: 0.588
Output value -0.230

Q+ parameters
slope: 0.113 semiSat: 0.670 beta: 1.500 sigma: 0.166 
maxBOLD estimate = 1.688


Trial 15: maxBOLD Stimulus Selection
Stimulus: 1.000
Output value 1.036

Q+ parameters
slope: 0.070 semiSat: 0.560 beta: 0.750 sigma: 0.114 
maxBOLD estimate = 2.532


Trial 16: qplus Stimulus Selection
Stimulus: 0.711
Output value 1.133

Q+ parameters
slope: 0.055 semiSat: 0.560 beta: 0.938 sigma: 0.114 
maxBOLD estimate = 1.899


Trial 17: qplus Stimulus Selection
Stimulus: 0.464
Output value -0.283

Q+ parameters
slope: 0.183 semiSat: 0.560 beta: 0.875 sigma: 0.114 
maxBOLD estimate = 1.780


Trial 18: qplus Stimulus Selection
Stimulus: 0.629
Output value 1.912

Q+ parameters
slope: 0.144 semiSat: 0.560 beta: 1.125 sigma: 0.166 
maxBOLD estimate = 1.558


Trial 19: qplus Stimulus Selection
Stimulus: 0.505
Output value 0.139

Q+ parameters
slope: 0.234 semiSat: 0.560 beta: 0.875 sigma: 0.114 
maxBOLD estimate = 1.753


Trial 20: baseline Stimulus Selection
Stimulus: 0.010
Output value 0.279

Q+ parameters
slope: 0.234 semiSat: 0.560 beta: 1.000 sigma: 0.166 
maxBOLD estimate = 1.534


Trial 21: qplus Stimulus Selection
Stimulus: 0.629
Output value 1.098

Q+ parameters
slope: 0.234 semiSat: 0.560 beta: 0.875 sigma: 0.166 
maxBOLD estimate = 1.534


Trial 22: qplus Stimulus Selection
Stimulus: 0.629
Output value 0.961

Q+ parameters
slope: 0.234 semiSat: 0.560 beta: 1.125 sigma: 0.166 
maxBOLD estimate = 1.342


Trial 23: qplus Stimulus Selection
Stimulus: 0.505
Output value 0.849

Q+ parameters
slope: 0.144 semiSat: 0.560 beta: 1.031 sigma: 0.166 
maxBOLD estimate = 1.510


Trial 24: qplus Stimulus Selection
Stimulus: 0.629
Output value 0.212

Q+ parameters
slope: 0.113 semiSat: 0.670 beta: 1.500 sigma: 0.166 
maxBOLD estimate = 1.557


Trial 25: maxBOLD Stimulus Selection
Stimulus: 1.000
Output value 1.751

Q+ parameters
slope: 0.183 semiSat: 0.560 beta: 0.750 sigma: 0.114 
maxBOLD estimate = 2.335


Trial 26: qplus Stimulus Selection
Stimulus: 0.711
Output value 1.254

Q+ parameters
slope: 0.183 semiSat: 0.560 beta: 0.875 sigma: 0.114 
maxBOLD estimate = 1.751


Trial 27: qplus Stimulus Selection
Stimulus: 0.588
Output value 1.115

Q+ parameters
slope: 0.234 semiSat: 0.560 beta: 1.000 sigma: 0.166 
maxBOLD estimate = 1.532


Trial 28: qplus Stimulus Selection
Stimulus: 0.546
Output value -0.270

Q+ parameters
slope: 0.298 semiSat: 0.560 beta: 0.969 sigma: 0.166 
maxBOLD estimate = 1.532


Trial 29: qplus Stimulus Selection
Stimulus: 0.588
Output value 1.721

Q+ parameters
slope: 0.298 semiSat: 0.560 beta: 1.062 sigma: 0.166 
maxBOLD estimate = 1.485


Trial 30: baseline Stimulus Selection
Stimulus: 0.010
Output value 0.143

Q+ parameters
slope: 0.234 semiSat: 0.560 beta: 1.000 sigma: 0.166 
maxBOLD estimate = 1.577


Trial 31: qplus Stimulus Selection
Stimulus: 0.505
Output value 0.000

Q+ parameters
slope: 0.234 semiSat: 0.560 beta: 1.000 sigma: 0.166 
maxBOLD estimate = 1.577


Trial 32: qplus Stimulus Selection
Stimulus: 0.546
Output value 1.004

Q+ parameters
slope: 0.234 semiSat: 0.560 beta: 1.000 sigma: 0.166 
maxBOLD estimate = 1.577


Trial 33: qplus Stimulus Selection
Stimulus: 0.505
Output value 1.371

Q+ parameters
slope: 0.183 semiSat: 0.560 beta: 1.062 sigma: 0.166 
maxBOLD estimate = 1.577


Trial 34: qplus Stimulus Selection
Stimulus: 0.505
Output value 0.762

Q+ parameters
slope: 0.234 semiSat: 0.560 beta: 1.000 sigma: 0.166 
maxBOLD estimate = 1.676


Trial 35: maxBOLD Stimulus Selection
Stimulus: 1.000
Output value 1.067

Q+ parameters
slope: 0.234 semiSat: 0.560 beta: 1.000 sigma: 0.166 
maxBOLD estimate = 1.676


Trial 36: qplus Stimulus Selection
Stimulus: 0.505
Output value -0.305

Q+ parameters
slope: 0.234 semiSat: 0.560 beta: 1.000 sigma: 0.166 
maxBOLD estimate = 1.676


Trial 37: qplus Stimulus Selection
Stimulus: 0.588
Output value 1.371

Q+ parameters
slope: 0.234 semiSat: 0.560 beta: 1.000 sigma: 0.166 
maxBOLD estimate = 1.676


Trial 38: qplus Stimulus Selection
Stimulus: 0.546
Output value 1.676

Q+ parameters
slope: 0.234 semiSat: 0.560 beta: 1.000 sigma: 0.166 
maxBOLD estimate = 1.676


Trial 39: qplus Stimulus Selection
Stimulus: 0.505
Output value 0.914

Q+ parameters
slope: 0.234 semiSat: 0.560 beta: 1.000 sigma: 0.166 
maxBOLD estimate = 1.676


Trial 40: baseline Stimulus Selection
Stimulus: 0.010
Output value 0.305

Q+ parameters
slope: 0.234 semiSat: 0.560 beta: 1.000 sigma: 0.166 
maxBOLD estimate = 1.676


Trial 41: qplus Stimulus Selection
Stimulus: 0.505
Output value 0.000

Q+ parameters
slope: 0.234 semiSat: 0.560 beta: 1.000 sigma: 0.166 
maxBOLD estimate = 1.676


Trial 42: qplus Stimulus Selection
Stimulus: 0.505
Output value -0.152

Q+ parameters
slope: 0.234 semiSat: 0.560 beta: 1.000 sigma: 0.166 
maxBOLD estimate = 1.676


Trial 43: qplus Stimulus Selection
Stimulus: 0.670
Output value 1.219

Q+ parameters
slope: 0.234 semiSat: 0.560 beta: 1.000 sigma: 0.166 
maxBOLD estimate = 1.676


Trial 44: qplus Stimulus Selection
Stimulus: 0.670
Output value 1.885

Q+ parameters
slope: 0.234 semiSat: 0.560 beta: 1.031 sigma: 0.166 
maxBOLD estimate = 1.676


Trial 45: maxBOLD Stimulus Selection
Stimulus: 1.000
Output value 1.031

Q+ parameters
slope: 0.183 semiSat: 0.560 beta: 0.938 sigma: 0.166 
maxBOLD estimate = 1.728


Trial 46: qplus Stimulus Selection
Stimulus: 0.588
Output value 0.152

Q+ parameters
slope: 0.234 semiSat: 0.560 beta: 1.031 sigma: 0.166 
maxBOLD estimate = 1.620


Trial 47: qplus Stimulus Selection
Stimulus: 0.670
Output value 0.456

Q+ parameters
slope: 0.234 semiSat: 0.560 beta: 1.000 sigma: 0.218 
maxBOLD estimate = 1.671


Trial 48: qplus Stimulus Selection
Stimulus: 0.505
Output value 0.304

Q+ parameters
slope: 0.234 semiSat: 0.560 beta: 1.000 sigma: 0.218 
maxBOLD estimate = 1.671


Trial 49: qplus Stimulus Selection
Stimulus: 0.505
Output value 0.760

Q+ parameters
slope: 0.234 semiSat: 0.560 beta: 1.000 sigma: 0.218 
maxBOLD estimate = 1.671


Trial 50: baseline Stimulus Selection
Stimulus: 0.010
Output value -0.323

Q+ parameters
slope: 0.183 semiSat: 0.560 beta: 1.062 sigma: 0.166 
maxBOLD estimate = 1.671


Trial 51: qplus Stimulus Selection
Stimulus: 0.505
Output value 0.000

Q+ parameters
slope: 0.234 semiSat: 0.560 beta: 1.000 sigma: 0.218 
maxBOLD estimate = 1.775


Trial 52: qplus Stimulus Selection
Stimulus: 0.505
Output value 0.161

Q+ parameters
slope: 0.234 semiSat: 0.560 beta: 1.000 sigma: 0.166 
maxBOLD estimate = 1.775


Trial 53: qplus Stimulus Selection
Stimulus: 0.505
Output value 0.646

Q+ parameters
slope: 0.234 semiSat: 0.560 beta: 1.000 sigma: 0.218 
maxBOLD estimate = 1.775


Trial 54: qplus Stimulus Selection
Stimulus: 0.505
Output value -0.323

Q+ parameters
slope: 0.234 semiSat: 0.560 beta: 1.000 sigma: 0.166 
maxBOLD estimate = 1.775


Trial 55: maxBOLD Stimulus Selection
Stimulus: 1.000
Output value 0.646

Q+ parameters
slope: 0.234 semiSat: 0.560 beta: 1.000 sigma: 0.218 
maxBOLD estimate = 1.775


Trial 56: qplus Stimulus Selection
Stimulus: 0.711
Output value 0.807

Q+ parameters
slope: 0.234 semiSat: 0.560 beta: 1.000 sigma: 0.218 
maxBOLD estimate = 1.775


Trial 57: qplus Stimulus Selection
Stimulus: 0.670
Output value 0.807

Q+ parameters
slope: 0.234 semiSat: 0.560 beta: 1.000 sigma: 0.218 
maxBOLD estimate = 1.775


Trial 58: qplus Stimulus Selection
Stimulus: 0.711
Output value 1.614

Q+ parameters
slope: 0.234 semiSat: 0.560 beta: 1.000 sigma: 0.218 
maxBOLD estimate = 1.775


Trial 59: qplus Stimulus Selection
Stimulus: 0.588
Output value -0.156

Q+ parameters
slope: 0.144 semiSat: 0.560 beta: 0.969 sigma: 0.218 
maxBOLD estimate = 1.775


Trial 60: baseline Stimulus Selection
Stimulus: 0.010
Output value -0.313

Q+ parameters
slope: 0.234 semiSat: 0.560 beta: 1.000 sigma: 0.218 
maxBOLD estimate = 1.720


Trial 61: qplus Stimulus Selection
Stimulus: 0.588
Output value 0.625

Q+ parameters
slope: 0.234 semiSat: 0.560 beta: 1.000 sigma: 0.218 
maxBOLD estimate = 1.720


Trial 62: qplus Stimulus Selection
Stimulus: 0.588
Output value 1.407

Q+ parameters
slope: 0.234 semiSat: 0.560 beta: 1.000 sigma: 0.218 
maxBOLD estimate = 1.720


Trial 63: qplus Stimulus Selection
Stimulus: 0.670
Output value 1.564

Q+ parameters
slope: 0.234 semiSat: 0.560 beta: 1.000 sigma: 0.218 
maxBOLD estimate = 1.720


Trial 64: qplus Stimulus Selection
Stimulus: 0.588
Output value 0.469

Q+ parameters
slope: 0.234 semiSat: 0.560 beta: 1.000 sigma: 0.218 
maxBOLD estimate = 1.720


Trial 65: maxBOLD Stimulus Selection
Stimulus: 1.000
Output value 1.407

Q+ parameters
slope: 0.234 semiSat: 0.560 beta: 1.000 sigma: 0.218 
maxBOLD estimate = 1.720


Trial 66: qplus Stimulus Selection
Stimulus: 0.588
Output value 1.251

Q+ parameters
slope: 0.234 semiSat: 0.560 beta: 1.000 sigma: 0.218 
maxBOLD estimate = 1.720


Trial 67: qplus Stimulus Selection
Stimulus: 0.588
Output value -0.274

Q+ parameters
slope: 0.089 semiSat: 0.560 beta: 0.875 sigma: 0.218 
maxBOLD estimate = 1.720


Trial 68: qplus Stimulus Selection
Stimulus: 0.216
Output value 0.821

Q+ parameters
slope: 0.785 semiSat: 0.120 beta: 0.500 sigma: 0.375 
maxBOLD estimate = 1.505


Trial 69: qplus Stimulus Selection
Stimulus: 0.051
Output value -0.205

Q+ parameters
slope: 0.043 semiSat: 0.670 beta: 1.500 sigma: 0.531 
maxBOLD estimate = 0.752


Trial 70: baseline Stimulus Selection
Stimulus: 0.010
Output value -0.308

Q+ parameters
slope: 0.298 semiSat: 0.560 beta: 1.500 sigma: 0.218 
maxBOLD estimate = 1.129


Trial 71: qplus Stimulus Selection
Stimulus: 0.546
Output value 0.433

Q+ parameters
slope: 0.183 semiSat: 0.560 beta: 0.938 sigma: 0.166 
maxBOLD estimate = 1.693


Trial 72: qplus Stimulus Selection
Stimulus: 0.588
Output value 1.587

Q+ parameters
slope: 0.234 semiSat: 0.560 beta: 1.000 sigma: 0.166 
maxBOLD estimate = 1.587


Trial 73: qplus Stimulus Selection
Stimulus: 0.670
Output value 0.866

Q+ parameters
slope: 0.234 semiSat: 0.560 beta: 1.000 sigma: 0.218 
maxBOLD estimate = 1.587


Trial 74: qplus Stimulus Selection
Stimulus: 0.670
Output value 1.731

Q+ parameters
slope: 0.234 semiSat: 0.560 beta: 1.000 sigma: 0.166 
maxBOLD estimate = 1.587


Trial 75: maxBOLD Stimulus Selection
Stimulus: 1.000
Output value -0.072

Q+ parameters
slope: 1.000 semiSat: 0.230 beta: 0.500 sigma: 0.375 
maxBOLD estimate = 1.587


Trial 76: qplus Stimulus Selection
Stimulus: 0.175
Output value 0.758

Q+ parameters
slope: 0.010 semiSat: 0.230 beta: 0.875 sigma: 1.000 
maxBOLD estimate = 0.794


Trial 77: qplus Stimulus Selection
Stimulus: 0.918
Output value 0.758

Q+ parameters
slope: 0.026 semiSat: 0.780 beta: 1.500 sigma: 1.000 
maxBOLD estimate = 0.694


Trial 78: qplus Stimulus Selection
Stimulus: 1.000
Output value 1.704

Q+ parameters
slope: 0.298 semiSat: 0.560 beta: 1.500 sigma: 0.218 
maxBOLD estimate = 1.042


Trial 79: qplus Stimulus Selection
Stimulus: 0.505
Output value -0.142

Q+ parameters
slope: 0.234 semiSat: 0.560 beta: 1.000 sigma: 0.166 
maxBOLD estimate = 1.562


Trial 80: baseline Stimulus Selection
Stimulus: 0.010
Output value 1.465

Q+ parameters
slope: 0.021 semiSat: 0.560 beta: 1.031 sigma: 0.375 
maxBOLD estimate = 1.562


Trial 81: qplus Stimulus Selection
Stimulus: 0.959
Output value 1.758

Q+ parameters
slope: 0.234 semiSat: 0.560 beta: 1.000 sigma: 0.166 
maxBOLD estimate = 1.611


Trial 82: qplus Stimulus Selection
Stimulus: 0.670
Output value 1.172

Q+ parameters
slope: 0.234 semiSat: 0.560 beta: 1.000 sigma: 0.166 
maxBOLD estimate = 1.611


Trial 83: qplus Stimulus Selection
Stimulus: 0.670
Output value 1.318

Q+ parameters
slope: 0.234 semiSat: 0.560 beta: 1.000 sigma: 0.218 
maxBOLD estimate = 1.611


Trial 84: qplus Stimulus Selection
Stimulus: 0.670
Output value 0.293

Q+ parameters
slope: 0.144 semiSat: 0.560 beta: 1.000 sigma: 0.218 
maxBOLD estimate = 1.611


Trial 85: maxBOLD Stimulus Selection
Stimulus: 1.000
Output value 1.758

Q+ parameters
slope: 0.234 semiSat: 0.560 beta: 1.000 sigma: 0.218 
maxBOLD estimate = 1.611


Trial 86: qplus Stimulus Selection
Stimulus: 0.505
Output value -0.293

Q+ parameters
slope: 0.234 semiSat: 0.560 beta: 1.000 sigma: 0.218 
maxBOLD estimate = 1.611


Trial 87: qplus Stimulus Selection
Stimulus: 0.670
Output value 1.025

Q+ parameters
slope: 0.234 semiSat: 0.560 beta: 1.000 sigma: 0.218 
maxBOLD estimate = 1.611


Trial 88: qplus Stimulus Selection
Stimulus: 0.670
Output value 1.465

Q+ parameters
slope: 0.234 semiSat: 0.560 beta: 1.000 sigma: 0.218 
maxBOLD estimate = 1.611


Trial 89: qplus Stimulus Selection
Stimulus: 0.670
Output value 0.879

Q+ parameters
slope: 0.234 semiSat: 0.560 beta: 1.000 sigma: 0.218 
maxBOLD estimate = 1.611


Trial 90: baseline Stimulus Selection
Stimulus: 0.010
Output value -0.293

Q+ parameters
slope: 0.234 semiSat: 0.560 beta: 1.000 sigma: 0.218 
maxBOLD estimate = 1.611


Trial 91: qplus Stimulus Selection
Stimulus: 0.670
Output value 1.465

Q+ parameters
slope: 0.234 semiSat: 0.560 beta: 1.000 sigma: 0.218 
maxBOLD estimate = 1.611


Trial 92: qplus Stimulus Selection
Stimulus: 0.505
Output value -0.293

Q+ parameters
slope: 0.234 semiSat: 0.560 beta: 1.000 sigma: 0.218 
maxBOLD estimate = 1.611


Trial 93: qplus Stimulus Selection
Stimulus: 0.711
Output value 1.758

Q+ parameters
slope: 0.234 semiSat: 0.560 beta: 1.000 sigma: 0.218 
maxBOLD estimate = 1.611


Trial 94: qplus Stimulus Selection
Stimulus: 0.505
Output value -0.293

Q+ parameters
slope: 0.234 semiSat: 0.560 beta: 1.000 sigma: 0.218 
maxBOLD estimate = 1.611


Trial 95: maxBOLD Stimulus Selection
Stimulus: 1.000
Output value 1.611

Q+ parameters
slope: 0.234 semiSat: 0.560 beta: 1.000 sigma: 0.218 
maxBOLD estimate = 1.611


Trial 96: qplus Stimulus Selection
Stimulus: 0.505
Output value 0.146

Q+ parameters
slope: 0.234 semiSat: 0.560 beta: 1.000 sigma: 0.218 
maxBOLD estimate = 1.611


Trial 97: qplus Stimulus Selection
Stimulus: 0.711
Output value 1.172

Q+ parameters
slope: 0.234 semiSat: 0.560 beta: 1.000 sigma: 0.218 
maxBOLD estimate = 1.611


Trial 98: qplus Stimulus Selection
Stimulus: 0.711
Output value 0.879

Q+ parameters
slope: 0.234 semiSat: 0.560 beta: 1.000 sigma: 0.218 
maxBOLD estimate = 1.611


Trial 99: qplus Stimulus Selection
Stimulus: 0.711
Output value 1.318

Q+ parameters
slope: 0.234 semiSat: 0.560 beta: 1.000 sigma: 0.218 
maxBOLD estimate = 1.611


Trial 100: baseline Stimulus Selection
Stimulus: 0.010
Output value 0.146

Q+ parameters
slope: 0.234 semiSat: 0.560 beta: 1.000 sigma: 0.218 
maxBOLD estimate = 1.611

--------------------------------------------------------------
FINAL VALUES
--------------------------------------------------------------
Simulated parameters:              slope: 0.200 semiSat: 0.570 beta: 1.000 sigma: 0.150 
Max posterior QUEST+ parameters:   slope: 0.234 semiSat: 0.560 beta: 1.000 sigma: 0.218 
Max BADS parameters:               slope: 0.235 semiSat: 0.560 beta: 1.000 sigma: 0.213 
maxBOLD estimate: 1.586
