/blue/stevenweisberg/stevenweisberg/MATLAB/projects/Weisberg_Aguirre_2020/scripts/run_sims
c8a-s17.ufhpc
Thu Nov 12 22:32:31 EST 2020
cp: cannot stat ‘/blue/stevenweisberg/stevenweisberg/qpfMRIResults/deploy_sim.sh’: No such file or directory
cp: cannot stat ‘/blue/stevenweisberg/stevenweisberg/qpfMRIResults/sim_wrapper.sh’: No such file or directory
------------------------------------------
Setting up environment variables
---
LD_LIBRARY_PATH is .:/apps/matlab/mcr/2020b/v99/runtime/glnxa64:/apps/matlab/mcr/2020b/v99/bin/glnxa64:/apps/matlab/mcr/2020b/v99/sys/os/glnxa64:/apps/matlab/mcr/2020b/v99/sys/opengl/lib/glnxa64
Warning: Executing startup failed in matlabrc.
This indicates a potentially serious problem in your MATLAB setup, which should be resolved as soon as possible.  Error detected was:
MATLAB:mpath:PathAlterationNotSupported
Modifying the search path is not supported by MATLAB Compiler. Remove functions that modify the search path from your MATLAB code. To make files visible to your deployed application, add the parent folder to your MATLAB session.
Warning: No stimulus domain specified. Defaulting to values between 0.01 and 1.
> In qpfmriParams (line 182)
In compiledSimulate (line 205)
Stimulus domain added from input.
Parameter slope specified as 0.41000
Parameter semiSat specified as 0.57000
Parameter beta specified as 1.00000
Parameter sigma specified as 0.15000
seed = 99seed = 104seed = 111seed = 111seed = 115seed = 101Initializing Q+. This may take a minute...
Elapsed time is 22.326592 seconds.
Simulated parameters:
slope: 0.410 semiSat: 0.570 beta: 1.000 sigma: 0.150 

Trial 1: baseline Stimulus Selection
Stimulus: 0.010
Output value 0.000

Q+ parameters
slope: 0.026 semiSat: 0.890 beta: 0.500 sigma: 0.010 
maxBOLD estimate = 1.000


Trial 2: maxBOLD Stimulus Selection
Stimulus: 1.000
Output value 1.364

Q+ parameters
slope: 0.055 semiSat: 0.670 beta: 1.250 sigma: 0.010 
maxBOLD estimate = 1.000


Trial 3: baseline Stimulus Selection
Stimulus: 0.010
Output value 0.000

Q+ parameters
slope: 0.055 semiSat: 0.670 beta: 1.250 sigma: 0.010 
maxBOLD estimate = 1.250


Trial 4: maxBOLD Stimulus Selection
Stimulus: 1.000
Output value 2.131

Q+ parameters
slope: 0.055 semiSat: 0.670 beta: 1.250 sigma: 0.062 
maxBOLD estimate = 1.562


Trial 5: baseline Stimulus Selection
Stimulus: 0.010
Output value -0.222

Q+ parameters
slope: 0.055 semiSat: 0.670 beta: 1.250 sigma: 0.062 
maxBOLD estimate = 1.953


Trial 6: maxBOLD Stimulus Selection
Stimulus: 1.000
Output value 1.290

Q+ parameters
slope: 0.043 semiSat: 0.780 beta: 0.969 sigma: 0.114 
maxBOLD estimate = 2.441


Trial 7: random Stimulus Selection
Stimulus: 0.711
Output value 1.075

Q+ parameters
slope: 0.055 semiSat: 0.890 beta: 1.250 sigma: 0.114 
maxBOLD estimate = 2.365


Trial 8: random Stimulus Selection
Stimulus: 0.876
Output value 1.344

Q+ parameters
slope: 0.034 semiSat: 1.000 beta: 1.250 sigma: 0.062 
maxBOLD estimate = 2.956


Trial 9: random Stimulus Selection
Stimulus: 0.175
Output value -0.294

Q+ parameters
slope: 0.055 semiSat: 1.000 beta: 0.875 sigma: 0.062 
maxBOLD estimate = 3.695


Trial 10: baseline Stimulus Selection
Stimulus: 0.010
Output value -0.285

Q+ parameters
slope: 0.043 semiSat: 0.890 beta: 0.969 sigma: 0.062 
maxBOLD estimate = 3.234


Trial 11: random Stimulus Selection
Stimulus: 0.092
Output value -0.276

Q+ parameters
slope: 0.043 semiSat: 0.890 beta: 0.969 sigma: 0.062 
maxBOLD estimate = 3.133


Trial 12: random Stimulus Selection
Stimulus: 0.670
Output value 1.069

Q+ parameters
slope: 0.043 semiSat: 0.890 beta: 0.969 sigma: 0.062 
maxBOLD estimate = 3.035


Trial 13: random Stimulus Selection
Stimulus: 0.175
Output value 0.000

Q+ parameters
slope: 0.043 semiSat: 0.890 beta: 0.969 sigma: 0.062 
maxBOLD estimate = 2.940


Trial 14: random Stimulus Selection
Stimulus: 0.588
Output value 0.502

Q+ parameters
slope: 0.043 semiSat: 0.890 beta: 0.969 sigma: 0.062 
maxBOLD estimate = 2.848


Trial 15: maxBOLD Stimulus Selection
Stimulus: 1.000
Output value 1.215

Q+ parameters
slope: 0.043 semiSat: 0.890 beta: 0.969 sigma: 0.062 
maxBOLD estimate = 2.759


Trial 16: random Stimulus Selection
Stimulus: 0.175
Output value -0.456

Q+ parameters
slope: 0.055 semiSat: 0.780 beta: 0.938 sigma: 0.114 
maxBOLD estimate = 2.673


Trial 17: random Stimulus Selection
Stimulus: 0.753
Output value 1.281

Q+ parameters
slope: 0.055 semiSat: 0.780 beta: 0.938 sigma: 0.114 
maxBOLD estimate = 2.506


Trial 18: random Stimulus Selection
Stimulus: 0.959
Output value 1.441

Q+ parameters
slope: 0.089 semiSat: 0.670 beta: 0.750 sigma: 0.114 
maxBOLD estimate = 2.349


Trial 19: random Stimulus Selection
Stimulus: 0.918
Output value 1.802

Q+ parameters
slope: 0.070 semiSat: 0.670 beta: 1.125 sigma: 0.114 
maxBOLD estimate = 1.762


Trial 20: baseline Stimulus Selection
Stimulus: 0.010
Output value 0.169

Q+ parameters
slope: 0.070 semiSat: 0.670 beta: 0.938 sigma: 0.114 
maxBOLD estimate = 1.982


Trial 21: random Stimulus Selection
Stimulus: 0.505
Output value -0.296

Q+ parameters
slope: 0.183 semiSat: 0.670 beta: 0.875 sigma: 0.166 
maxBOLD estimate = 1.858


Trial 22: random Stimulus Selection
Stimulus: 0.051
Output value 0.143

Q+ parameters
slope: 0.183 semiSat: 0.670 beta: 0.969 sigma: 0.114 
maxBOLD estimate = 1.626


Trial 23: random Stimulus Selection
Stimulus: 0.918
Output value 1.387

Q+ parameters
slope: 0.183 semiSat: 0.670 beta: 0.969 sigma: 0.114 
maxBOLD estimate = 1.575


Trial 24: random Stimulus Selection
Stimulus: 0.918
Output value 1.478

Q+ parameters
slope: 0.183 semiSat: 0.670 beta: 0.969 sigma: 0.114 
maxBOLD estimate = 1.526


Trial 25: maxBOLD Stimulus Selection
Stimulus: 1.000
Output value 1.680

Q+ parameters
slope: 0.144 semiSat: 0.670 beta: 1.250 sigma: 0.166 
maxBOLD estimate = 1.478


Trial 26: random Stimulus Selection
Stimulus: 0.010
Output value -0.147

Q+ parameters
slope: 0.183 semiSat: 0.670 beta: 0.875 sigma: 0.114 
maxBOLD estimate = 1.848


Trial 27: random Stimulus Selection
Stimulus: 0.051
Output value -0.147

Q+ parameters
slope: 0.144 semiSat: 0.670 beta: 1.000 sigma: 0.114 
maxBOLD estimate = 1.617


Trial 28: random Stimulus Selection
Stimulus: 0.629
Output value 0.781

Q+ parameters
slope: 0.089 semiSat: 0.670 beta: 1.062 sigma: 0.114 
maxBOLD estimate = 1.617


Trial 29: random Stimulus Selection
Stimulus: 1.000
Output value 1.933

Q+ parameters
slope: 0.089 semiSat: 0.670 beta: 1.031 sigma: 0.114 
maxBOLD estimate = 1.718


Trial 30: baseline Stimulus Selection
Stimulus: 0.010
Output value 0.161

Q+ parameters
slope: 0.089 semiSat: 0.670 beta: 1.000 sigma: 0.114 
maxBOLD estimate = 1.771

--------------------------------------------------------------
FINAL VALUES
--------------------------------------------------------------
Simulated parameters:              slope: 0.410 semiSat: 0.570 beta: 1.000 sigma: 0.150 
Max posterior QUEST+ parameters:   slope: 0.144 semiSat: 0.670 beta: 1.000 sigma: 0.114 
Max BADS parameters:               slope: 0.127 semiSat: 0.654 beta: 1.000 sigma: 0.129 
maxBOLD estimate: 1.661
