/blue/stevenweisberg/stevenweisberg/MATLAB/projects/Weisberg_Aguirre_2020/scripts/run_sims
c27a-s22.ufhpc
Tue Apr  6 19:53:20 EDT 2021
mkdir: cannot create directory ‘/blue/stevenweisberg/stevenweisberg/qpfMRIResults/model_parameter_set2/’: File exists
cp: cannot stat ‘/blue/stevenweisberg/stevenweisberg/qpfMRIResults/deploy_sim.sh’: No such file or directory
cp: cannot stat ‘/blue/stevenweisberg/stevenweisberg/qpfMRIResults/sim_wrapper.sh’: No such file or directory
------------------------------------------
Setting up environment variables
---
LD_LIBRARY_PATH is .:/apps/matlab/mcr/2020b/v99/runtime/glnxa64:/apps/matlab/mcr/2020b/v99/bin/glnxa64:/apps/matlab/mcr/2020b/v99/sys/os/glnxa64:/apps/matlab/mcr/2020b/v99/sys/opengl/lib/glnxa64
Warning: Executing startup failed in matlabrc.
This indicates a potentially serious problem in your MATLAB setup, which should be resolved as soon as possible.  Error detected was:
MATLAB:mpath:PathAlterationNotSupported
Modifying the search path is not supported by MATLAB Compiler. Remove functions that modify the search path from your MATLAB code. To make files visible to your deployed application, add the parent folder to your MATLAB session.
Warning: No stimulus domain specified. Defaulting to values between 0.01 and 1.
> In qpfmriParams (line 182)
In compiledSimulate (line 205)
Stimulus domain added from input.
Parameter slope specified as 0.20000
Parameter semiSat specified as 0.57000
Parameter beta specified as 1.00000
Parameter sigma specified as 0.15000
seed = 99seed = 104seed = 111seed = 111seed = 115seed = 101Initializing Q+. This may take a minute...
Elapsed time is 9.485380 seconds.
Simulated parameters:
slope: 0.200 semiSat: 0.570 beta: 1.000 sigma: 0.150 

Trial 1: baseline Stimulus Selection
Stimulus: 0.010
Output value 0.000

Q+ parameters
slope: 0.026 semiSat: 0.890 beta: 0.500 sigma: 0.010 
maxBOLD estimate = 1.000


Trial 2: maxBOLD Stimulus Selection
Stimulus: 1.000
Output value 1.364

Q+ parameters
slope: 0.055 semiSat: 0.670 beta: 1.250 sigma: 0.010 
maxBOLD estimate = 1.000


Trial 3: baseline Stimulus Selection
Stimulus: 0.010
Output value 0.284

Q+ parameters
slope: 0.055 semiSat: 0.670 beta: 1.250 sigma: 0.114 
maxBOLD estimate = 1.250


Trial 4: maxBOLD Stimulus Selection
Stimulus: 1.000
Output value 2.131

Q+ parameters
slope: 0.055 semiSat: 0.670 beta: 1.250 sigma: 0.062 
maxBOLD estimate = 1.562


Trial 5: baseline Stimulus Selection
Stimulus: 0.010
Output value 0.222

Q+ parameters
slope: 0.043 semiSat: 0.780 beta: 1.250 sigma: 0.062 
maxBOLD estimate = 1.953


Trial 6: maxBOLD Stimulus Selection
Stimulus: 1.000
Output value 1.387

Q+ parameters
slope: 0.034 semiSat: 1.000 beta: 1.250 sigma: 0.062 
maxBOLD estimate = 2.441


Trial 7: qplus Stimulus Selection
Stimulus: 0.711
Output value 1.110

Q+ parameters
slope: 0.785 semiSat: 0.120 beta: 0.500 sigma: 0.062 
maxBOLD estimate = 3.052


Trial 8: qplus Stimulus Selection
Stimulus: 0.505
Output value 0.295

Q+ parameters
slope: 0.298 semiSat: 0.560 beta: 1.062 sigma: 0.062 
maxBOLD estimate = 1.526


Trial 9: qplus Stimulus Selection
Stimulus: 0.588
Output value 0.884

Q+ parameters
slope: 0.144 semiSat: 0.670 beta: 1.500 sigma: 0.114 
maxBOLD estimate = 1.621


Trial 10: baseline Stimulus Selection
Stimulus: 0.010
Output value -0.166

Q+ parameters
slope: 0.183 semiSat: 0.560 beta: 0.750 sigma: 0.062 
maxBOLD estimate = 2.432


Trial 11: qplus Stimulus Selection
Stimulus: 0.629
Output value 1.741

Q+ parameters
slope: 0.144 semiSat: 0.670 beta: 1.500 sigma: 0.114 
maxBOLD estimate = 1.824


Trial 12: qplus Stimulus Selection
Stimulus: 0.588
Output value 0.933

Q+ parameters
slope: 0.183 semiSat: 0.560 beta: 0.750 sigma: 0.114 
maxBOLD estimate = 2.736


Trial 13: qplus Stimulus Selection
Stimulus: 0.711
Output value 0.373

Q+ parameters
slope: 0.089 semiSat: 0.670 beta: 1.000 sigma: 0.166 
maxBOLD estimate = 2.052


Trial 14: qplus Stimulus Selection
Stimulus: 0.505
Output value 0.350

Q+ parameters
slope: 0.055 semiSat: 0.670 beta: 0.938 sigma: 0.114 
maxBOLD estimate = 2.052


Trial 15: maxBOLD Stimulus Selection
Stimulus: 1.000
Output value 1.180

Q+ parameters
slope: 0.234 semiSat: 0.560 beta: 0.750 sigma: 0.114 
maxBOLD estimate = 1.924


Trial 16: qplus Stimulus Selection
Stimulus: 0.588
Output value 0.328

Q+ parameters
slope: 0.089 semiSat: 0.670 beta: 1.250 sigma: 0.166 
maxBOLD estimate = 1.443


Trial 17: qplus Stimulus Selection
Stimulus: 0.464
Output value 0.174

Q+ parameters
slope: 0.113 semiSat: 0.670 beta: 1.062 sigma: 0.166 
maxBOLD estimate = 1.803


Trial 18: qplus Stimulus Selection
Stimulus: 0.588
Output value 0.392

Q+ parameters
slope: 0.234 semiSat: 0.560 beta: 0.750 sigma: 0.114 
maxBOLD estimate = 1.916


Trial 19: qplus Stimulus Selection
Stimulus: 0.629
Output value 1.568

Q+ parameters
slope: 0.089 semiSat: 0.670 beta: 1.500 sigma: 0.166 
maxBOLD estimate = 1.437


Trial 20: baseline Stimulus Selection
Stimulus: 0.010
Output value 0.000

Q+ parameters
slope: 0.234 semiSat: 0.560 beta: 0.750 sigma: 0.114 
maxBOLD estimate = 2.156


Trial 21: qplus Stimulus Selection
Stimulus: 0.670
Output value 1.286

Q+ parameters
slope: 0.089 semiSat: 0.670 beta: 1.250 sigma: 0.166 
maxBOLD estimate = 1.617


Trial 22: qplus Stimulus Selection
Stimulus: 0.588
Output value 0.965

Q+ parameters
slope: 0.113 semiSat: 0.560 beta: 0.750 sigma: 0.114 
maxBOLD estimate = 2.021


Trial 23: qplus Stimulus Selection
Stimulus: 0.670
Output value 1.447

Q+ parameters
slope: 0.089 semiSat: 0.670 beta: 1.500 sigma: 0.166 
maxBOLD estimate = 1.516


Trial 24: qplus Stimulus Selection
Stimulus: 0.505
Output value 0.155

Q+ parameters
slope: 0.055 semiSat: 0.670 beta: 0.750 sigma: 0.114 
maxBOLD estimate = 2.274


Trial 25: maxBOLD Stimulus Selection
Stimulus: 1.000
Output value 1.938

Q+ parameters
slope: 0.089 semiSat: 0.670 beta: 1.250 sigma: 0.166 
maxBOLD estimate = 1.705


Trial 26: qplus Stimulus Selection
Stimulus: 0.629
Output value 1.017

Q+ parameters
slope: 0.183 semiSat: 0.560 beta: 0.750 sigma: 0.114 
maxBOLD estimate = 2.131


Trial 27: qplus Stimulus Selection
Stimulus: 0.670
Output value 1.526

Q+ parameters
slope: 0.234 semiSat: 0.560 beta: 0.875 sigma: 0.166 
maxBOLD estimate = 1.599


Trial 28: qplus Stimulus Selection
Stimulus: 0.629
Output value 1.486

Q+ parameters
slope: 0.183 semiSat: 0.560 beta: 1.062 sigma: 0.166 
maxBOLD estimate = 1.399


Trial 29: qplus Stimulus Selection
Stimulus: 0.505
Output value 0.861

Q+ parameters
slope: 0.144 semiSat: 0.560 beta: 1.062 sigma: 0.166 
maxBOLD estimate = 1.486


Trial 30: baseline Stimulus Selection
Stimulus: 0.010
Output value 0.646

Q+ parameters
slope: 0.089 semiSat: 0.670 beta: 1.500 sigma: 0.166 
maxBOLD estimate = 1.579


Trial 31: qplus Stimulus Selection
Stimulus: 0.629
Output value 0.754

Q+ parameters
slope: 0.113 semiSat: 0.670 beta: 0.875 sigma: 0.114 
maxBOLD estimate = 2.369


Trial 32: qplus Stimulus Selection
Stimulus: 0.918
Output value 0.848

Q+ parameters
slope: 0.183 semiSat: 0.560 beta: 0.750 sigma: 0.114 
maxBOLD estimate = 2.073


Trial 33: qplus Stimulus Selection
Stimulus: 0.670
Output value 1.369

Q+ parameters
slope: 0.144 semiSat: 0.560 beta: 0.969 sigma: 0.166 
maxBOLD estimate = 1.554


Trial 34: qplus Stimulus Selection
Stimulus: 0.505
Output value -0.265

Q+ parameters
slope: 0.234 semiSat: 0.560 beta: 0.969 sigma: 0.166 
maxBOLD estimate = 1.506


Trial 35: maxBOLD Stimulus Selection
Stimulus: 1.000
Output value 1.542

Q+ parameters
slope: 0.234 semiSat: 0.560 beta: 0.969 sigma: 0.166 
maxBOLD estimate = 1.459


Trial 36: qplus Stimulus Selection
Stimulus: 0.505
Output value -0.249

Q+ parameters
slope: 0.234 semiSat: 0.560 beta: 0.969 sigma: 0.166 
maxBOLD estimate = 1.413


Trial 37: qplus Stimulus Selection
Stimulus: 0.505
Output value -0.241

Q+ parameters
slope: 0.234 semiSat: 0.560 beta: 0.969 sigma: 0.166 
maxBOLD estimate = 1.369


Trial 38: qplus Stimulus Selection
Stimulus: 0.546
Output value 0.000

Q+ parameters
slope: 0.379 semiSat: 0.560 beta: 1.031 sigma: 0.166 
maxBOLD estimate = 1.326


Trial 39: qplus Stimulus Selection
Stimulus: 0.546
Output value 0.120

Q+ parameters
slope: 0.234 semiSat: 0.560 beta: 0.969 sigma: 0.166 
maxBOLD estimate = 1.368


Trial 40: baseline Stimulus Selection
Stimulus: 0.010
Output value 0.248

Q+ parameters
slope: 0.379 semiSat: 0.560 beta: 1.031 sigma: 0.218 
maxBOLD estimate = 1.325


Trial 41: qplus Stimulus Selection
Stimulus: 0.588
Output value 1.324

Q+ parameters
slope: 0.616 semiSat: 0.560 beta: 0.969 sigma: 0.218 
maxBOLD estimate = 1.366


Trial 42: qplus Stimulus Selection
Stimulus: 0.588
Output value 0.699

Q+ parameters
slope: 0.616 semiSat: 0.560 beta: 0.969 sigma: 0.218 
maxBOLD estimate = 1.324


Trial 43: qplus Stimulus Selection
Stimulus: 0.588
Output value 0.790

Q+ parameters
slope: 0.616 semiSat: 0.560 beta: 0.969 sigma: 0.218 
maxBOLD estimate = 1.282


Trial 44: qplus Stimulus Selection
Stimulus: 0.546
Output value 0.438

Q+ parameters
slope: 0.616 semiSat: 0.560 beta: 0.969 sigma: 0.218 
maxBOLD estimate = 1.242


Trial 45: maxBOLD Stimulus Selection
Stimulus: 1.000
Output value 0.742

Q+ parameters
slope: 0.616 semiSat: 0.560 beta: 0.969 sigma: 0.218 
maxBOLD estimate = 1.203


Trial 46: qplus Stimulus Selection
Stimulus: 0.546
Output value 0.821

Q+ parameters
slope: 0.616 semiSat: 0.560 beta: 0.969 sigma: 0.218 
maxBOLD estimate = 1.166


Trial 47: qplus Stimulus Selection
Stimulus: 0.546
Output value 0.109

Q+ parameters
slope: 0.785 semiSat: 0.560 beta: 1.062 sigma: 0.218 
maxBOLD estimate = 1.129


Trial 48: qplus Stimulus Selection
Stimulus: 0.546
Output value 1.237

Q+ parameters
slope: 0.379 semiSat: 0.560 beta: 1.031 sigma: 0.218 
maxBOLD estimate = 1.200


Trial 49: qplus Stimulus Selection
Stimulus: 0.629
Output value 1.308

Q+ parameters
slope: 0.616 semiSat: 0.560 beta: 0.969 sigma: 0.218 
maxBOLD estimate = 1.237


Trial 50: baseline Stimulus Selection
Stimulus: 0.010
Output value -0.232

Q+ parameters
slope: 0.785 semiSat: 0.560 beta: 1.062 sigma: 0.218 
maxBOLD estimate = 1.199


Trial 51: qplus Stimulus Selection
Stimulus: 0.546
Output value 0.897

Q+ parameters
slope: 0.616 semiSat: 0.560 beta: 0.969 sigma: 0.218 
maxBOLD estimate = 1.274


Trial 52: qplus Stimulus Selection
Stimulus: 0.588
Output value 0.358

Q+ parameters
slope: 0.785 semiSat: 0.560 beta: 1.062 sigma: 0.271 
maxBOLD estimate = 1.234


Trial 53: qplus Stimulus Selection
Stimulus: 0.546
Output value 0.123

Q+ parameters
slope: 0.379 semiSat: 0.560 beta: 1.031 sigma: 0.218 
maxBOLD estimate = 1.311


Trial 54: qplus Stimulus Selection
Stimulus: 0.546
Output value 0.253

Q+ parameters
slope: 0.379 semiSat: 0.560 beta: 1.031 sigma: 0.218 
maxBOLD estimate = 1.352


Trial 55: maxBOLD Stimulus Selection
Stimulus: 1.000
Output value 1.307

Q+ parameters
slope: 0.379 semiSat: 0.560 beta: 1.031 sigma: 0.218 
maxBOLD estimate = 1.394


Trial 56: qplus Stimulus Selection
Stimulus: 0.629
Output value 1.618

Q+ parameters
slope: 0.379 semiSat: 0.560 beta: 1.031 sigma: 0.218 
maxBOLD estimate = 1.438


Trial 57: qplus Stimulus Selection
Stimulus: 0.629
Output value 1.251

Q+ parameters
slope: 0.379 semiSat: 0.560 beta: 1.031 sigma: 0.218 
maxBOLD estimate = 1.483


Trial 58: qplus Stimulus Selection
Stimulus: 0.546
Output value 0.122

Q+ parameters
slope: 0.616 semiSat: 0.560 beta: 0.875 sigma: 0.218 
maxBOLD estimate = 1.529


Trial 59: qplus Stimulus Selection
Stimulus: 0.588
Output value 1.129

Q+ parameters
slope: 0.379 semiSat: 0.560 beta: 1.031 sigma: 0.218 
maxBOLD estimate = 1.338


Trial 60: baseline Stimulus Selection
Stimulus: 0.010
Output value -0.259

Q+ parameters
slope: 0.379 semiSat: 0.560 beta: 1.031 sigma: 0.218 
maxBOLD estimate = 1.380


Trial 61: qplus Stimulus Selection
Stimulus: 0.546
Output value -0.133

Q+ parameters
slope: 0.379 semiSat: 0.560 beta: 1.031 sigma: 0.218 
maxBOLD estimate = 1.423


Trial 62: qplus Stimulus Selection
Stimulus: 0.546
Output value 0.275

Q+ parameters
slope: 0.379 semiSat: 0.560 beta: 1.031 sigma: 0.218 
maxBOLD estimate = 1.467


Trial 63: qplus Stimulus Selection
Stimulus: 0.588
Output value 0.267

Q+ parameters
slope: 0.234 semiSat: 0.560 beta: 0.969 sigma: 0.166 
maxBOLD estimate = 1.513


Trial 64: qplus Stimulus Selection
Stimulus: 0.588
Output value 0.904

Q+ parameters
slope: 0.234 semiSat: 0.560 beta: 0.969 sigma: 0.166 
maxBOLD estimate = 1.466


Trial 65: maxBOLD Stimulus Selection
Stimulus: 1.000
Output value 1.598

Q+ parameters
slope: 0.379 semiSat: 0.560 beta: 1.031 sigma: 0.218 
maxBOLD estimate = 1.420


Trial 66: qplus Stimulus Selection
Stimulus: 0.546
Output value 0.129

Q+ parameters
slope: 0.234 semiSat: 0.560 beta: 0.969 sigma: 0.166 
maxBOLD estimate = 1.464


Trial 67: qplus Stimulus Selection
Stimulus: 0.588
Output value 0.133

Q+ parameters
slope: 0.379 semiSat: 0.560 beta: 1.031 sigma: 0.218 
maxBOLD estimate = 1.419


Trial 68: qplus Stimulus Selection
Stimulus: 0.629
Output value 1.288

Q+ parameters
slope: 0.234 semiSat: 0.560 beta: 0.969 sigma: 0.166 
maxBOLD estimate = 1.463


Trial 69: qplus Stimulus Selection
Stimulus: 0.588
Output value 0.797

Q+ parameters
slope: 0.379 semiSat: 0.560 beta: 1.031 sigma: 0.218 
maxBOLD estimate = 1.417


Trial 70: baseline Stimulus Selection
Stimulus: 0.010
Output value 0.465

Q+ parameters
slope: 0.616 semiSat: 0.560 beta: 0.875 sigma: 0.218 
maxBOLD estimate = 1.462


Trial 71: qplus Stimulus Selection
Stimulus: 0.588
Output value 0.719

Q+ parameters
slope: 0.379 semiSat: 0.560 beta: 1.031 sigma: 0.218 
maxBOLD estimate = 1.279


Trial 72: qplus Stimulus Selection
Stimulus: 0.546
Output value 0.371

Q+ parameters
slope: 0.379 semiSat: 0.560 beta: 1.031 sigma: 0.218 
maxBOLD estimate = 1.319


Trial 73: qplus Stimulus Selection
Stimulus: 0.546
Output value 0.510

Q+ parameters
slope: 0.379 semiSat: 0.560 beta: 1.031 sigma: 0.218 
maxBOLD estimate = 1.360


Trial 74: qplus Stimulus Selection
Stimulus: 0.588
Output value 1.315

Q+ parameters
slope: 0.379 semiSat: 0.560 beta: 1.031 sigma: 0.218 
maxBOLD estimate = 1.403


Trial 75: maxBOLD Stimulus Selection
Stimulus: 1.000
Output value 1.627

Q+ parameters
slope: 0.379 semiSat: 0.560 beta: 1.031 sigma: 0.218 
maxBOLD estimate = 1.446


Trial 76: qplus Stimulus Selection
Stimulus: 0.588
Output value 0.788

Q+ parameters
slope: 0.234 semiSat: 0.560 beta: 0.969 sigma: 0.166 
maxBOLD estimate = 1.492


Trial 77: qplus Stimulus Selection
Stimulus: 0.588
Output value 1.355

Q+ parameters
slope: 0.379 semiSat: 0.560 beta: 1.031 sigma: 0.218 
maxBOLD estimate = 1.445


Trial 78: qplus Stimulus Selection
Stimulus: 0.588
Output value 0.394

Q+ parameters
slope: 0.234 semiSat: 0.560 beta: 0.969 sigma: 0.166 
maxBOLD estimate = 1.490


Trial 79: qplus Stimulus Selection
Stimulus: 0.588
Output value 0.890

Q+ parameters
slope: 0.234 semiSat: 0.560 beta: 0.969 sigma: 0.166 
maxBOLD estimate = 1.444


Trial 80: baseline Stimulus Selection
Stimulus: 0.010
Output value 0.556

Q+ parameters
slope: 0.616 semiSat: 0.560 beta: 0.875 sigma: 0.218 
maxBOLD estimate = 1.398


Trial 81: qplus Stimulus Selection
Stimulus: 0.588
Output value 0.459

Q+ parameters
slope: 0.379 semiSat: 0.560 beta: 1.031 sigma: 0.218 
maxBOLD estimate = 1.224


Trial 82: qplus Stimulus Selection
Stimulus: 0.629
Output value 0.344

Q+ parameters
slope: 0.379 semiSat: 0.560 beta: 1.000 sigma: 0.218 
maxBOLD estimate = 1.262


Trial 83: qplus Stimulus Selection
Stimulus: 0.959
Output value 1.032

Q+ parameters
slope: 0.379 semiSat: 0.560 beta: 1.000 sigma: 0.218 
maxBOLD estimate = 1.262


Trial 84: qplus Stimulus Selection
Stimulus: 0.505
Output value 0.229

Q+ parameters
slope: 0.379 semiSat: 0.560 beta: 1.000 sigma: 0.218 
maxBOLD estimate = 1.262


Trial 85: maxBOLD Stimulus Selection
Stimulus: 1.000
Output value 1.334

Q+ parameters
slope: 0.234 semiSat: 0.560 beta: 0.969 sigma: 0.218 
maxBOLD estimate = 1.262


Trial 86: qplus Stimulus Selection
Stimulus: 0.505
Output value -0.111

Q+ parameters
slope: 0.379 semiSat: 0.560 beta: 1.000 sigma: 0.218 
maxBOLD estimate = 1.222


Trial 87: qplus Stimulus Selection
Stimulus: 0.670
Output value 1.111

Q+ parameters
slope: 0.379 semiSat: 0.560 beta: 1.000 sigma: 0.218 
maxBOLD estimate = 1.222


Trial 88: qplus Stimulus Selection
Stimulus: 0.670
Output value 1.000

Q+ parameters
slope: 0.379 semiSat: 0.560 beta: 1.000 sigma: 0.218 
maxBOLD estimate = 1.222


Trial 89: qplus Stimulus Selection
Stimulus: 0.670
Output value 0.778

Q+ parameters
slope: 0.379 semiSat: 0.560 beta: 1.000 sigma: 0.218 
maxBOLD estimate = 1.222


Trial 90: baseline Stimulus Selection
Stimulus: 0.010
Output value -0.111

Q+ parameters
slope: 0.379 semiSat: 0.560 beta: 1.000 sigma: 0.218 
maxBOLD estimate = 1.222


Trial 91: qplus Stimulus Selection
Stimulus: 0.505
Output value 0.333

Q+ parameters
slope: 0.379 semiSat: 0.560 beta: 1.000 sigma: 0.218 
maxBOLD estimate = 1.222


Trial 92: qplus Stimulus Selection
Stimulus: 0.505
Output value 0.445

Q+ parameters
slope: 0.379 semiSat: 0.560 beta: 1.000 sigma: 0.218 
maxBOLD estimate = 1.222


Trial 93: qplus Stimulus Selection
Stimulus: 0.505
Output value -0.111

Q+ parameters
slope: 0.379 semiSat: 0.560 beta: 1.000 sigma: 0.218 
maxBOLD estimate = 1.222


Trial 94: qplus Stimulus Selection
Stimulus: 0.670
Output value 1.334

Q+ parameters
slope: 0.379 semiSat: 0.560 beta: 1.000 sigma: 0.218 
maxBOLD estimate = 1.222


Trial 95: maxBOLD Stimulus Selection
Stimulus: 1.000
Output value 1.334

Q+ parameters
slope: 0.379 semiSat: 0.560 beta: 1.000 sigma: 0.218 
maxBOLD estimate = 1.222


Trial 96: qplus Stimulus Selection
Stimulus: 0.505
Output value 0.333

Q+ parameters
slope: 0.379 semiSat: 0.560 beta: 1.000 sigma: 0.218 
maxBOLD estimate = 1.222


Trial 97: qplus Stimulus Selection
Stimulus: 0.505
Output value 0.000

Q+ parameters
slope: 0.379 semiSat: 0.560 beta: 1.000 sigma: 0.218 
maxBOLD estimate = 1.222


Trial 98: qplus Stimulus Selection
Stimulus: 0.505
Output value -0.222

Q+ parameters
slope: 0.379 semiSat: 0.560 beta: 1.000 sigma: 0.218 
maxBOLD estimate = 1.222


Trial 99: qplus Stimulus Selection
Stimulus: 0.670
Output value 1.334

Q+ parameters
slope: 0.379 semiSat: 0.560 beta: 1.000 sigma: 0.218 
maxBOLD estimate = 1.222


Trial 100: baseline Stimulus Selection
Stimulus: 0.010
Output value 0.222

Q+ parameters
slope: 0.379 semiSat: 0.560 beta: 1.000 sigma: 0.218 
maxBOLD estimate = 1.222

--------------------------------------------------------------
FINAL VALUES
--------------------------------------------------------------
Simulated parameters:              slope: 0.200 semiSat: 0.570 beta: 1.000 sigma: 0.150 
Max posterior QUEST+ parameters:   slope: 0.379 semiSat: 0.560 beta: 1.000 sigma: 0.218 
Max BADS parameters:               slope: 0.438 semiSat: 0.579 beta: 1.000 sigma: 0.199 
maxBOLD estimate: 1.278
