/blue/stevenweisberg/stevenweisberg/MATLAB/projects/Weisberg_Aguirre_2020/scripts/run_sims
c0700a-s1.ufhpc
Wed Apr  7 03:00:30 EDT 2021
mkdir: cannot create directory ‘/blue/stevenweisberg/stevenweisberg/qpfMRIResults/model_parameter_set2/’: File exists
cp: cannot stat ‘/blue/stevenweisberg/stevenweisberg/qpfMRIResults/deploy_sim.sh’: No such file or directory
cp: cannot stat ‘/blue/stevenweisberg/stevenweisberg/qpfMRIResults/sim_wrapper.sh’: No such file or directory
------------------------------------------
Setting up environment variables
---
LD_LIBRARY_PATH is .:/apps/matlab/mcr/2020b/v99/runtime/glnxa64:/apps/matlab/mcr/2020b/v99/bin/glnxa64:/apps/matlab/mcr/2020b/v99/sys/os/glnxa64:/apps/matlab/mcr/2020b/v99/sys/opengl/lib/glnxa64
Warning: Executing startup failed in matlabrc.
This indicates a potentially serious problem in your MATLAB setup, which should be resolved as soon as possible.  Error detected was:
MATLAB:mpath:PathAlterationNotSupported
Modifying the search path is not supported by MATLAB Compiler. Remove functions that modify the search path from your MATLAB code. To make files visible to your deployed application, add the parent folder to your MATLAB session.
Warning: No stimulus domain specified. Defaulting to values between 0.01 and 1.
> In qpfmriParams (line 182)
In compiledSimulate (line 205)
Stimulus domain added from input.
Parameter slope specified as 0.20000
Parameter semiSat specified as 0.57000
Parameter beta specified as 1.00000
Parameter sigma specified as 0.10000
seed = 99seed = 104seed = 111seed = 111seed = 115seed = 101Initializing Q+. This may take a minute...
Elapsed time is 7.924462 seconds.
Simulated parameters:
slope: 0.200 semiSat: 0.570 beta: 1.000 sigma: 0.100 

Trial 1: baseline Stimulus Selection
Stimulus: 0.010
Output value 0.000

Q+ parameters
slope: 0.026 semiSat: 0.890 beta: 0.500 sigma: 0.010 
maxBOLD estimate = 1.000


Trial 2: maxBOLD Stimulus Selection
Stimulus: 1.000
Output value 1.364

Q+ parameters
slope: 0.055 semiSat: 0.670 beta: 1.250 sigma: 0.010 
maxBOLD estimate = 1.000


Trial 3: baseline Stimulus Selection
Stimulus: 0.010
Output value 0.142

Q+ parameters
slope: 0.055 semiSat: 0.670 beta: 1.250 sigma: 0.062 
maxBOLD estimate = 1.250


Trial 4: maxBOLD Stimulus Selection
Stimulus: 1.000
Output value 1.420

Q+ parameters
slope: 0.043 semiSat: 0.780 beta: 1.250 sigma: 0.062 
maxBOLD estimate = 1.562


Trial 5: baseline Stimulus Selection
Stimulus: 0.010
Output value -0.172

Q+ parameters
slope: 0.043 semiSat: 0.780 beta: 0.969 sigma: 0.062 
maxBOLD estimate = 1.953


Trial 6: maxBOLD Stimulus Selection
Stimulus: 1.000
Output value 1.290

Q+ parameters
slope: 0.034 semiSat: 1.000 beta: 1.250 sigma: 0.062 
maxBOLD estimate = 1.892


Trial 7: qplus Stimulus Selection
Stimulus: 0.711
Output value 0.753

Q+ parameters
slope: 0.785 semiSat: 0.120 beta: 0.500 sigma: 0.062 
maxBOLD estimate = 2.365


Trial 8: qplus Stimulus Selection
Stimulus: 0.505
Output value 0.000

Q+ parameters
slope: 0.616 semiSat: 0.560 beta: 0.969 sigma: 0.062 
maxBOLD estimate = 1.183


Trial 9: qplus Stimulus Selection
Stimulus: 0.588
Output value 0.775

Q+ parameters
slope: 0.379 semiSat: 0.560 beta: 1.062 sigma: 0.114 
maxBOLD estimate = 1.146


Trial 10: baseline Stimulus Selection
Stimulus: 0.010
Output value -0.166

Q+ parameters
slope: 0.144 semiSat: 0.670 beta: 1.500 sigma: 0.114 
maxBOLD estimate = 1.217


Trial 11: qplus Stimulus Selection
Stimulus: 0.588
Output value 0.249

Q+ parameters
slope: 0.183 semiSat: 0.560 beta: 0.750 sigma: 0.114 
maxBOLD estimate = 1.826


Trial 12: qplus Stimulus Selection
Stimulus: 0.629
Output value 1.307

Q+ parameters
slope: 0.144 semiSat: 0.670 beta: 1.500 sigma: 0.114 
maxBOLD estimate = 1.369


Trial 13: qplus Stimulus Selection
Stimulus: 0.629
Output value 0.840

Q+ parameters
slope: 0.183 semiSat: 0.560 beta: 0.750 sigma: 0.114 
maxBOLD estimate = 2.054


Trial 14: qplus Stimulus Selection
Stimulus: 0.753
Output value 1.681

Q+ parameters
slope: 0.144 semiSat: 0.670 beta: 1.500 sigma: 0.166 
maxBOLD estimate = 1.541


Trial 15: maxBOLD Stimulus Selection
Stimulus: 1.000
Output value 0.945

Q+ parameters
slope: 0.055 semiSat: 0.670 beta: 0.750 sigma: 0.114 
maxBOLD estimate = 2.311


Trial 16: qplus Stimulus Selection
Stimulus: 0.918
Output value 0.709

Q+ parameters
slope: 0.183 semiSat: 0.560 beta: 0.750 sigma: 0.114 
maxBOLD estimate = 1.733


Trial 17: qplus Stimulus Selection
Stimulus: 0.629
Output value 0.886

Q+ parameters
slope: 0.183 semiSat: 0.560 beta: 0.938 sigma: 0.114 
maxBOLD estimate = 1.300


Trial 18: qplus Stimulus Selection
Stimulus: 0.505
Output value 0.332

Q+ parameters
slope: 0.234 semiSat: 0.560 beta: 1.000 sigma: 0.114 
maxBOLD estimate = 1.219


Trial 19: qplus Stimulus Selection
Stimulus: 0.629
Output value 1.108

Q+ parameters
slope: 0.234 semiSat: 0.560 beta: 1.000 sigma: 0.114 
maxBOLD estimate = 1.219


Trial 20: baseline Stimulus Selection
Stimulus: 0.010
Output value 0.222

Q+ parameters
slope: 0.234 semiSat: 0.560 beta: 1.000 sigma: 0.114 
maxBOLD estimate = 1.219


Trial 21: qplus Stimulus Selection
Stimulus: 0.505
Output value 0.537

Q+ parameters
slope: 0.144 semiSat: 0.560 beta: 0.969 sigma: 0.114 
maxBOLD estimate = 1.219


Trial 22: qplus Stimulus Selection
Stimulus: 0.505
Output value 0.570

Q+ parameters
slope: 0.183 semiSat: 0.560 beta: 1.062 sigma: 0.114 
maxBOLD estimate = 1.180


Trial 23: qplus Stimulus Selection
Stimulus: 0.505
Output value 0.748

Q+ parameters
slope: 0.183 semiSat: 0.560 beta: 0.938 sigma: 0.114 
maxBOLD estimate = 1.254


Trial 24: qplus Stimulus Selection
Stimulus: 0.505
Output value 0.361

Q+ parameters
slope: 0.144 semiSat: 0.560 beta: 1.125 sigma: 0.114 
maxBOLD estimate = 1.176


Trial 25: maxBOLD Stimulus Selection
Stimulus: 1.000
Output value 1.282

Q+ parameters
slope: 0.144 semiSat: 0.560 beta: 0.969 sigma: 0.114 
maxBOLD estimate = 1.323


Trial 26: qplus Stimulus Selection
Stimulus: 0.423
Output value 0.226

Q+ parameters
slope: 0.144 semiSat: 0.560 beta: 0.969 sigma: 0.114 
maxBOLD estimate = 1.282


Trial 27: qplus Stimulus Selection
Stimulus: 0.505
Output value 0.109

Q+ parameters
slope: 0.144 semiSat: 0.560 beta: 0.969 sigma: 0.114 
maxBOLD estimate = 1.241


Trial 28: qplus Stimulus Selection
Stimulus: 0.588
Output value 0.697

Q+ parameters
slope: 0.183 semiSat: 0.560 beta: 1.062 sigma: 0.114 
maxBOLD estimate = 1.203


Trial 29: qplus Stimulus Selection
Stimulus: 0.629
Output value 0.788

Q+ parameters
slope: 0.144 semiSat: 0.560 beta: 0.969 sigma: 0.114 
maxBOLD estimate = 1.278


Trial 30: baseline Stimulus Selection
Stimulus: 0.010
Output value -0.253

Q+ parameters
slope: 0.144 semiSat: 0.560 beta: 1.125 sigma: 0.114 
maxBOLD estimate = 1.238


Trial 31: qplus Stimulus Selection
Stimulus: 0.423
Output value 0.000

Q+ parameters
slope: 0.144 semiSat: 0.560 beta: 0.969 sigma: 0.114 
maxBOLD estimate = 1.393


Trial 32: qplus Stimulus Selection
Stimulus: 0.794
Output value 1.188

Q+ parameters
slope: 0.144 semiSat: 0.560 beta: 0.969 sigma: 0.114 
maxBOLD estimate = 1.349


Trial 33: qplus Stimulus Selection
Stimulus: 0.588
Output value 1.103

Q+ parameters
slope: 0.183 semiSat: 0.560 beta: 1.031 sigma: 0.114 
maxBOLD estimate = 1.307


Trial 34: qplus Stimulus Selection
Stimulus: 0.505
Output value 0.119

Q+ parameters
slope: 0.144 semiSat: 0.560 beta: 0.969 sigma: 0.114 
maxBOLD estimate = 1.348


Trial 35: maxBOLD Stimulus Selection
Stimulus: 1.000
Output value 1.265

Q+ parameters
slope: 0.144 semiSat: 0.560 beta: 0.969 sigma: 0.114 
maxBOLD estimate = 1.306


Trial 36: qplus Stimulus Selection
Stimulus: 0.629
Output value 1.344

Q+ parameters
slope: 0.183 semiSat: 0.560 beta: 1.062 sigma: 0.114 
maxBOLD estimate = 1.265


Trial 37: qplus Stimulus Selection
Stimulus: 0.505
Output value 0.504

Q+ parameters
slope: 0.183 semiSat: 0.560 beta: 1.031 sigma: 0.114 
maxBOLD estimate = 1.344


Trial 38: qplus Stimulus Selection
Stimulus: 0.629
Output value 1.099

Q+ parameters
slope: 0.144 semiSat: 0.560 beta: 0.969 sigma: 0.114 
maxBOLD estimate = 1.386


Trial 39: qplus Stimulus Selection
Stimulus: 0.588
Output value 1.133

Q+ parameters
slope: 0.183 semiSat: 0.560 beta: 1.031 sigma: 0.114 
maxBOLD estimate = 1.343


Trial 40: baseline Stimulus Selection
Stimulus: 0.010
Output value 0.122

Q+ parameters
slope: 0.144 semiSat: 0.560 beta: 0.969 sigma: 0.114 
maxBOLD estimate = 1.385


Trial 41: qplus Stimulus Selection
Stimulus: 0.588
Output value 0.880

Q+ parameters
slope: 0.183 semiSat: 0.560 beta: 1.031 sigma: 0.114 
maxBOLD estimate = 1.341


Trial 42: qplus Stimulus Selection
Stimulus: 0.505
Output value 0.778

Q+ parameters
slope: 0.183 semiSat: 0.560 beta: 1.031 sigma: 0.114 
maxBOLD estimate = 1.383


Trial 43: qplus Stimulus Selection
Stimulus: 0.505
Output value 0.243

Q+ parameters
slope: 0.183 semiSat: 0.560 beta: 0.938 sigma: 0.114 
maxBOLD estimate = 1.426


Trial 44: qplus Stimulus Selection
Stimulus: 0.588
Output value 0.501

Q+ parameters
slope: 0.183 semiSat: 0.560 beta: 1.031 sigma: 0.114 
maxBOLD estimate = 1.337


Trial 45: maxBOLD Stimulus Selection
Stimulus: 1.000
Output value 1.422

Q+ parameters
slope: 0.183 semiSat: 0.560 beta: 1.031 sigma: 0.114 
maxBOLD estimate = 1.379


Trial 46: qplus Stimulus Selection
Stimulus: 0.629
Output value 1.253

Q+ parameters
slope: 0.144 semiSat: 0.560 beta: 0.969 sigma: 0.114 
maxBOLD estimate = 1.422


Trial 47: qplus Stimulus Selection
Stimulus: 0.588
Output value 0.646

Q+ parameters
slope: 0.183 semiSat: 0.560 beta: 1.031 sigma: 0.114 
maxBOLD estimate = 1.378


Trial 48: qplus Stimulus Selection
Stimulus: 0.629
Output value 1.001

Q+ parameters
slope: 0.144 semiSat: 0.560 beta: 0.969 sigma: 0.114 
maxBOLD estimate = 1.421


Trial 49: qplus Stimulus Selection
Stimulus: 0.588
Output value 0.516

Q+ parameters
slope: 0.183 semiSat: 0.560 beta: 1.031 sigma: 0.114 
maxBOLD estimate = 1.376


Trial 50: baseline Stimulus Selection
Stimulus: 0.010
Output value -0.266

Q+ parameters
slope: 0.183 semiSat: 0.560 beta: 1.031 sigma: 0.114 
maxBOLD estimate = 1.419


Trial 51: qplus Stimulus Selection
Stimulus: 0.505
Output value 0.250

Q+ parameters
slope: 0.183 semiSat: 0.560 beta: 0.938 sigma: 0.114 
maxBOLD estimate = 1.464


Trial 52: qplus Stimulus Selection
Stimulus: 0.381
Output value 0.000

Q+ parameters
slope: 0.183 semiSat: 0.560 beta: 1.031 sigma: 0.114 
maxBOLD estimate = 1.372


Trial 53: qplus Stimulus Selection
Stimulus: 0.711
Output value 1.371

Q+ parameters
slope: 0.144 semiSat: 0.560 beta: 0.969 sigma: 0.114 
maxBOLD estimate = 1.415


Trial 54: qplus Stimulus Selection
Stimulus: 0.588
Output value 0.771

Q+ parameters
slope: 0.183 semiSat: 0.560 beta: 1.031 sigma: 0.114 
maxBOLD estimate = 1.371


Trial 55: maxBOLD Stimulus Selection
Stimulus: 1.000
Output value 1.494

Q+ parameters
slope: 0.144 semiSat: 0.560 beta: 0.969 sigma: 0.114 
maxBOLD estimate = 1.414


Trial 56: qplus Stimulus Selection
Stimulus: 0.794
Output value 1.455

Q+ parameters
slope: 0.183 semiSat: 0.560 beta: 1.062 sigma: 0.114 
maxBOLD estimate = 1.370


Trial 57: qplus Stimulus Selection
Stimulus: 0.794
Output value 1.488

Q+ parameters
slope: 0.183 semiSat: 0.560 beta: 0.938 sigma: 0.114 
maxBOLD estimate = 1.455


Trial 58: qplus Stimulus Selection
Stimulus: 0.588
Output value 0.791

Q+ parameters
slope: 0.183 semiSat: 0.560 beta: 1.062 sigma: 0.114 
maxBOLD estimate = 1.364


Trial 59: qplus Stimulus Selection
Stimulus: 0.794
Output value 1.112

Q+ parameters
slope: 0.183 semiSat: 0.560 beta: 0.938 sigma: 0.114 
maxBOLD estimate = 1.450


Trial 60: baseline Stimulus Selection
Stimulus: 0.010
Output value -0.278

Q+ parameters
slope: 0.144 semiSat: 0.560 beta: 1.125 sigma: 0.114 
maxBOLD estimate = 1.359


Trial 61: qplus Stimulus Selection
Stimulus: 0.423
Output value -0.261

Q+ parameters
slope: 0.183 semiSat: 0.560 beta: 0.938 sigma: 0.114 
maxBOLD estimate = 1.529


Trial 62: qplus Stimulus Selection
Stimulus: 0.381
Output value 0.138

Q+ parameters
slope: 0.183 semiSat: 0.560 beta: 1.062 sigma: 0.114 
maxBOLD estimate = 1.433


Trial 63: qplus Stimulus Selection
Stimulus: 0.505
Output value 0.402

Q+ parameters
slope: 0.144 semiSat: 0.560 beta: 0.969 sigma: 0.114 
maxBOLD estimate = 1.523


Trial 64: qplus Stimulus Selection
Stimulus: 0.381
Output value 0.260

Q+ parameters
slope: 0.144 semiSat: 0.560 beta: 0.969 sigma: 0.114 
maxBOLD estimate = 1.475


Trial 65: maxBOLD Stimulus Selection
Stimulus: 1.000
Output value 1.206

Q+ parameters
slope: 0.183 semiSat: 0.560 beta: 1.031 sigma: 0.114 
maxBOLD estimate = 1.429


Trial 66: qplus Stimulus Selection
Stimulus: 0.505
Output value 0.138

Q+ parameters
slope: 0.183 semiSat: 0.560 beta: 1.031 sigma: 0.114 
maxBOLD estimate = 1.474


Trial 67: qplus Stimulus Selection
Stimulus: 0.629
Output value 1.166

Q+ parameters
slope: 0.183 semiSat: 0.560 beta: 0.938 sigma: 0.114 
maxBOLD estimate = 1.520


Trial 68: qplus Stimulus Selection
Stimulus: 0.381
Output value -0.267

Q+ parameters
slope: 0.183 semiSat: 0.560 beta: 1.031 sigma: 0.114 
maxBOLD estimate = 1.425


Trial 69: qplus Stimulus Selection
Stimulus: 0.794
Output value 1.240

Q+ parameters
slope: 0.183 semiSat: 0.560 beta: 1.031 sigma: 0.114 
maxBOLD estimate = 1.469


Trial 70: baseline Stimulus Selection
Stimulus: 0.010
Output value 0.000

Q+ parameters
slope: 0.183 semiSat: 0.560 beta: 0.938 sigma: 0.114 
maxBOLD estimate = 1.515


Trial 71: qplus Stimulus Selection
Stimulus: 0.588
Output value 1.199

Q+ parameters
slope: 0.183 semiSat: 0.560 beta: 1.031 sigma: 0.114 
maxBOLD estimate = 1.421


Trial 72: qplus Stimulus Selection
Stimulus: 0.959
Output value 1.648

Q+ parameters
slope: 0.183 semiSat: 0.560 beta: 1.031 sigma: 0.114 
maxBOLD estimate = 1.465


Trial 73: qplus Stimulus Selection
Stimulus: 0.629
Output value 1.159

Q+ parameters
slope: 0.183 semiSat: 0.560 beta: 0.938 sigma: 0.114 
maxBOLD estimate = 1.511


Trial 74: qplus Stimulus Selection
Stimulus: 0.588
Output value 1.094

Q+ parameters
slope: 0.183 semiSat: 0.560 beta: 1.062 sigma: 0.114 
maxBOLD estimate = 1.416


Trial 75: maxBOLD Stimulus Selection
Stimulus: 1.000
Output value 1.590

Q+ parameters
slope: 0.183 semiSat: 0.560 beta: 0.969 sigma: 0.114 
maxBOLD estimate = 1.505


Trial 76: qplus Stimulus Selection
Stimulus: 0.629
Output value 1.408

Q+ parameters
slope: 0.183 semiSat: 0.560 beta: 1.062 sigma: 0.114 
maxBOLD estimate = 1.458


Trial 77: qplus Stimulus Selection
Stimulus: 0.794
Output value 1.188

Q+ parameters
slope: 0.183 semiSat: 0.560 beta: 0.938 sigma: 0.114 
maxBOLD estimate = 1.549


Trial 78: qplus Stimulus Selection
Stimulus: 0.381
Output value 0.140

Q+ parameters
slope: 0.183 semiSat: 0.560 beta: 1.062 sigma: 0.114 
maxBOLD estimate = 1.452


Trial 79: qplus Stimulus Selection
Stimulus: 0.794
Output value 1.315

Q+ parameters
slope: 0.183 semiSat: 0.560 beta: 0.938 sigma: 0.114 
maxBOLD estimate = 1.543


Trial 80: baseline Stimulus Selection
Stimulus: 0.010
Output value 0.140

Q+ parameters
slope: 0.183 semiSat: 0.560 beta: 1.062 sigma: 0.114 
maxBOLD estimate = 1.446


Trial 81: qplus Stimulus Selection
Stimulus: 0.794
Output value 1.441

Q+ parameters
slope: 0.183 semiSat: 0.560 beta: 0.938 sigma: 0.114 
maxBOLD estimate = 1.537


Trial 82: qplus Stimulus Selection
Stimulus: 0.588
Output value 0.835

Q+ parameters
slope: 0.183 semiSat: 0.560 beta: 1.062 sigma: 0.114 
maxBOLD estimate = 1.441


Trial 83: qplus Stimulus Selection
Stimulus: 0.794
Output value 1.435

Q+ parameters
slope: 0.183 semiSat: 0.560 beta: 0.938 sigma: 0.114 
maxBOLD estimate = 1.531


Trial 84: qplus Stimulus Selection
Stimulus: 0.588
Output value 0.693

Q+ parameters
slope: 0.183 semiSat: 0.560 beta: 1.062 sigma: 0.114 
maxBOLD estimate = 1.435


Trial 85: maxBOLD Stimulus Selection
Stimulus: 1.000
Output value 1.040

Q+ parameters
slope: 0.183 semiSat: 0.560 beta: 0.938 sigma: 0.114 
maxBOLD estimate = 1.525


Trial 86: qplus Stimulus Selection
Stimulus: 0.588
Output value 1.243

Q+ parameters
slope: 0.183 semiSat: 0.560 beta: 1.062 sigma: 0.114 
maxBOLD estimate = 1.430


Trial 87: qplus Stimulus Selection
Stimulus: 0.794
Output value 1.709

Q+ parameters
slope: 0.183 semiSat: 0.560 beta: 1.031 sigma: 0.114 
maxBOLD estimate = 1.519


Trial 88: qplus Stimulus Selection
Stimulus: 0.670
Output value 1.202

Q+ parameters
slope: 0.183 semiSat: 0.560 beta: 0.938 sigma: 0.114 
maxBOLD estimate = 1.566


Trial 89: qplus Stimulus Selection
Stimulus: 0.381
Output value -0.142

Q+ parameters
slope: 0.183 semiSat: 0.560 beta: 1.062 sigma: 0.114 
maxBOLD estimate = 1.469


Trial 90: baseline Stimulus Selection
Stimulus: 0.010
Output value -0.275

Q+ parameters
slope: 0.183 semiSat: 0.560 beta: 0.969 sigma: 0.114 
maxBOLD estimate = 1.560


Trial 91: qplus Stimulus Selection
Stimulus: 0.629
Output value 1.275

Q+ parameters
slope: 0.183 semiSat: 0.560 beta: 1.031 sigma: 0.114 
maxBOLD estimate = 1.512


Trial 92: qplus Stimulus Selection
Stimulus: 0.711
Output value 1.196

Q+ parameters
slope: 0.183 semiSat: 0.560 beta: 0.938 sigma: 0.114 
maxBOLD estimate = 1.559


Trial 93: qplus Stimulus Selection
Stimulus: 0.588
Output value 0.988

Q+ parameters
slope: 0.183 semiSat: 0.560 beta: 1.062 sigma: 0.114 
maxBOLD estimate = 1.461


Trial 94: qplus Stimulus Selection
Stimulus: 0.794
Output value 1.367

Q+ parameters
slope: 0.183 semiSat: 0.560 beta: 0.969 sigma: 0.114 
maxBOLD estimate = 1.553


Trial 95: maxBOLD Stimulus Selection
Stimulus: 1.000
Output value 1.743

Q+ parameters
slope: 0.183 semiSat: 0.560 beta: 1.062 sigma: 0.114 
maxBOLD estimate = 1.504


Trial 96: qplus Stimulus Selection
Stimulus: 0.629
Output value 0.953

Q+ parameters
slope: 0.183 semiSat: 0.560 beta: 0.938 sigma: 0.114 
maxBOLD estimate = 1.598


Trial 97: qplus Stimulus Selection
Stimulus: 0.381
Output value 0.289

Q+ parameters
slope: 0.183 semiSat: 0.560 beta: 1.062 sigma: 0.114 
maxBOLD estimate = 1.498


Trial 98: qplus Stimulus Selection
Stimulus: 0.629
Output value 1.357

Q+ parameters
slope: 0.183 semiSat: 0.560 beta: 0.938 sigma: 0.114 
maxBOLD estimate = 1.592


Trial 99: qplus Stimulus Selection
Stimulus: 0.381
Output value -0.144

Q+ parameters
slope: 0.183 semiSat: 0.560 beta: 1.062 sigma: 0.114 
maxBOLD estimate = 1.492


Trial 100: baseline Stimulus Selection
Stimulus: 0.010
Output value 0.405

Q+ parameters
slope: 0.183 semiSat: 0.560 beta: 0.938 sigma: 0.114 
maxBOLD estimate = 1.586

--------------------------------------------------------------
FINAL VALUES
--------------------------------------------------------------
Simulated parameters:              slope: 0.200 semiSat: 0.570 beta: 1.000 sigma: 0.100 
Max posterior QUEST+ parameters:   slope: 0.183 semiSat: 0.560 beta: 0.969 sigma: 0.114 
Max BADS parameters:               slope: 0.161 semiSat: 0.575 beta: 1.000 sigma: 0.101 
maxBOLD estimate: 1.495
