/blue/stevenweisberg/stevenweisberg/MATLAB/projects/Weisberg_Aguirre_2020/scripts/run_sims
c30a-s24.ufhpc
Sat Nov 14 00:54:47 EST 2020
mkdir: cannot create directory ‘/blue/stevenweisberg/stevenweisberg/qpfMRIResults/model_parameter_set1/’: File exists
cp: cannot stat ‘/blue/stevenweisberg/stevenweisberg/qpfMRIResults/deploy_sim.sh’: No such file or directory
cp: cannot stat ‘/blue/stevenweisberg/stevenweisberg/qpfMRIResults/sim_wrapper.sh’: No such file or directory
------------------------------------------
Setting up environment variables
---
LD_LIBRARY_PATH is .:/apps/matlab/mcr/2020b/v99/runtime/glnxa64:/apps/matlab/mcr/2020b/v99/bin/glnxa64:/apps/matlab/mcr/2020b/v99/sys/os/glnxa64:/apps/matlab/mcr/2020b/v99/sys/opengl/lib/glnxa64
Warning: Executing startup failed in matlabrc.
This indicates a potentially serious problem in your MATLAB setup, which should be resolved as soon as possible.  Error detected was:
MATLAB:mpath:PathAlterationNotSupported
Modifying the search path is not supported by MATLAB Compiler. Remove functions that modify the search path from your MATLAB code. To make files visible to your deployed application, add the parent folder to your MATLAB session.
Warning: No stimulus domain specified. Defaulting to values between 0.01 and 1.
> In qpfmriParams (line 182)
In compiledSimulate (line 205)
Stimulus domain added from input.
Parameter slope specified as 0.41000
Parameter semiSat specified as 0.57000
Parameter beta specified as 1.00000
Parameter sigma specified as 0.15000
seed = 99seed = 104seed = 111seed = 111seed = 115seed = 101Initializing Q+. This may take a minute...
Elapsed time is 9.920358 seconds.
Simulated parameters:
slope: 0.410 semiSat: 0.570 beta: 1.000 sigma: 0.150 

Trial 1: baseline Stimulus Selection
Stimulus: 0.010
Output value 0.000

Q+ parameters
slope: 0.026 semiSat: 0.890 beta: 0.500 sigma: 0.010 
maxBOLD estimate = 1.000


Trial 2: maxBOLD Stimulus Selection
Stimulus: 1.000
Output value 1.364

Q+ parameters
slope: 0.055 semiSat: 0.670 beta: 1.250 sigma: 0.010 
maxBOLD estimate = 1.000


Trial 3: baseline Stimulus Selection
Stimulus: 0.010
Output value 0.000

Q+ parameters
slope: 0.055 semiSat: 0.670 beta: 1.250 sigma: 0.010 
maxBOLD estimate = 1.250


Trial 4: maxBOLD Stimulus Selection
Stimulus: 1.000
Output value 2.131

Q+ parameters
slope: 0.055 semiSat: 0.670 beta: 1.250 sigma: 0.062 
maxBOLD estimate = 1.562


Trial 5: baseline Stimulus Selection
Stimulus: 0.010
Output value 0.444

Q+ parameters
slope: 0.055 semiSat: 0.670 beta: 1.250 sigma: 0.114 
maxBOLD estimate = 1.953


Trial 6: maxBOLD Stimulus Selection
Stimulus: 1.000
Output value 3.329

Q+ parameters
slope: 0.043 semiSat: 0.780 beta: 1.250 sigma: 0.166 
maxBOLD estimate = 2.441


Trial 7: random Stimulus Selection
Stimulus: 0.753
Output value 0.971

Q+ parameters
slope: 0.034 semiSat: 0.890 beta: 0.875 sigma: 0.114 
maxBOLD estimate = 3.052


Trial 8: random Stimulus Selection
Stimulus: 0.629
Output value 1.457

Q+ parameters
slope: 0.089 semiSat: 0.340 beta: 0.750 sigma: 0.114 
maxBOLD estimate = 2.670


Trial 9: random Stimulus Selection
Stimulus: 0.216
Output value 0.000

Q+ parameters
slope: 0.144 semiSat: 0.450 beta: 0.938 sigma: 0.114 
maxBOLD estimate = 2.003


Trial 10: baseline Stimulus Selection
Stimulus: 0.010
Output value 0.320

Q+ parameters
slope: 0.113 semiSat: 0.340 beta: 0.938 sigma: 0.114 
maxBOLD estimate = 1.878


Trial 11: random Stimulus Selection
Stimulus: 0.051
Output value 0.600

Q+ parameters
slope: 0.113 semiSat: 0.340 beta: 1.250 sigma: 0.166 
maxBOLD estimate = 1.760


Trial 12: random Stimulus Selection
Stimulus: 0.546
Output value 0.600

Q+ parameters
slope: 0.379 semiSat: 0.560 beta: 0.750 sigma: 0.114 
maxBOLD estimate = 2.200


Trial 13: random Stimulus Selection
Stimulus: 0.134
Output value 1.116

Q+ parameters
slope: 0.785 semiSat: 0.560 beta: 1.062 sigma: 0.218 
maxBOLD estimate = 1.650


Trial 14: random Stimulus Selection
Stimulus: 0.794
Output value 1.195

Q+ parameters
slope: 0.379 semiSat: 0.560 beta: 0.938 sigma: 0.114 
maxBOLD estimate = 1.753


Trial 15: maxBOLD Stimulus Selection
Stimulus: 1.000
Output value 2.017

Q+ parameters
slope: 0.483 semiSat: 0.560 beta: 1.125 sigma: 0.166 
maxBOLD estimate = 1.644


Trial 16: random Stimulus Selection
Stimulus: 0.381
Output value -0.315

Q+ parameters
slope: 0.616 semiSat: 0.560 beta: 0.938 sigma: 0.114 
maxBOLD estimate = 1.849


Trial 17: random Stimulus Selection
Stimulus: 0.051
Output value -0.148

Q+ parameters
slope: 0.379 semiSat: 0.560 beta: 0.938 sigma: 0.114 
maxBOLD estimate = 1.734


Trial 18: random Stimulus Selection
Stimulus: 0.753
Output value 1.330

Q+ parameters
slope: 0.483 semiSat: 0.560 beta: 1.125 sigma: 0.166 
maxBOLD estimate = 1.625


Trial 19: random Stimulus Selection
Stimulus: 0.753
Output value 1.870

Q+ parameters
slope: 0.616 semiSat: 0.560 beta: 0.938 sigma: 0.114 
maxBOLD estimate = 1.828


Trial 20: baseline Stimulus Selection
Stimulus: 0.010
Output value 0.438

Q+ parameters
slope: 0.616 semiSat: 0.560 beta: 0.938 sigma: 0.114 
maxBOLD estimate = 1.714


Trial 21: random Stimulus Selection
Stimulus: 0.670
Output value 0.657

Q+ parameters
slope: 0.183 semiSat: 0.560 beta: 1.125 sigma: 0.166 
maxBOLD estimate = 1.607


Trial 22: random Stimulus Selection
Stimulus: 0.257
Output value 1.644

Q+ parameters
slope: 0.089 semiSat: 0.560 beta: 1.250 sigma: 0.218 
maxBOLD estimate = 1.808


Trial 23: random Stimulus Selection
Stimulus: 0.175
Output value -0.308

Q+ parameters
slope: 0.379 semiSat: 0.560 beta: 0.750 sigma: 0.114 
maxBOLD estimate = 2.260


Trial 24: random Stimulus Selection
Stimulus: 0.546
Output value 0.794

Q+ parameters
slope: 0.379 semiSat: 0.560 beta: 1.031 sigma: 0.114 
maxBOLD estimate = 1.695


Trial 25: maxBOLD Stimulus Selection
Stimulus: 1.000
Output value 1.847

Q+ parameters
slope: 1.000 semiSat: 0.560 beta: 0.969 sigma: 0.114 
maxBOLD estimate = 1.748


Trial 26: random Stimulus Selection
Stimulus: 0.175
Output value 0.000

Q+ parameters
slope: 1.000 semiSat: 0.560 beta: 0.969 sigma: 0.114 
maxBOLD estimate = 1.693


Trial 27: random Stimulus Selection
Stimulus: 0.959
Output value 1.901

Q+ parameters
slope: 1.000 semiSat: 0.560 beta: 1.062 sigma: 0.114 
maxBOLD estimate = 1.640


Trial 28: random Stimulus Selection
Stimulus: 0.051
Output value 0.460

Q+ parameters
slope: 1.000 semiSat: 0.560 beta: 0.969 sigma: 0.114 
maxBOLD estimate = 1.743


Trial 29: random Stimulus Selection
Stimulus: 0.835
Output value 1.794

Q+ parameters
slope: 1.000 semiSat: 0.560 beta: 1.062 sigma: 0.114 
maxBOLD estimate = 1.688


Trial 30: baseline Stimulus Selection
Stimulus: 0.010
Output value -0.347

Q+ parameters
slope: 0.785 semiSat: 0.560 beta: 1.062 sigma: 0.166 
maxBOLD estimate = 1.794

--------------------------------------------------------------
FINAL VALUES
--------------------------------------------------------------
Simulated parameters:              slope: 0.410 semiSat: 0.570 beta: 1.000 sigma: 0.150 
Max posterior QUEST+ parameters:   slope: 0.616 semiSat: 0.560 beta: 0.938 sigma: 0.114 
Max BADS parameters:               slope: 0.562 semiSat: 0.566 beta: 1.000 sigma: 0.132 
maxBOLD estimate: 2.070
