/blue/stevenweisberg/stevenweisberg/MATLAB/projects/Weisberg_Aguirre_2020/scripts/run_sims
c5a-s19.ufhpc
Fri Nov 13 15:38:42 EST 2020
mkdir: cannot create directory ‘/blue/stevenweisberg/stevenweisberg/qpfMRIResults/model_parameter_set1/’: File exists
cp: cannot stat ‘/blue/stevenweisberg/stevenweisberg/qpfMRIResults/deploy_sim.sh’: No such file or directory
cp: cannot stat ‘/blue/stevenweisberg/stevenweisberg/qpfMRIResults/sim_wrapper.sh’: No such file or directory
------------------------------------------
Setting up environment variables
---
LD_LIBRARY_PATH is .:/apps/matlab/mcr/2020b/v99/runtime/glnxa64:/apps/matlab/mcr/2020b/v99/bin/glnxa64:/apps/matlab/mcr/2020b/v99/sys/os/glnxa64:/apps/matlab/mcr/2020b/v99/sys/opengl/lib/glnxa64
Warning: Executing startup failed in matlabrc.
This indicates a potentially serious problem in your MATLAB setup, which should be resolved as soon as possible.  Error detected was:
MATLAB:mpath:PathAlterationNotSupported
Modifying the search path is not supported by MATLAB Compiler. Remove functions that modify the search path from your MATLAB code. To make files visible to your deployed application, add the parent folder to your MATLAB session.
Warning: No stimulus domain specified. Defaulting to values between 0.01 and 1.
> In qpfmriParams (line 182)
In compiledSimulate (line 205)
Stimulus domain added from input.
Parameter slope specified as 0.41000
Parameter semiSat specified as 0.57000
Parameter beta specified as 1.00000
Parameter sigma specified as 0.15000
seed = 99seed = 104seed = 111seed = 111seed = 115seed = 101Initializing Q+. This may take a minute...
Elapsed time is 24.715858 seconds.
Simulated parameters:
slope: 0.410 semiSat: 0.570 beta: 1.000 sigma: 0.150 

Trial 1: baseline Stimulus Selection
Stimulus: 0.010
Output value 0.000

Q+ parameters
slope: 0.026 semiSat: 0.890 beta: 0.500 sigma: 0.010 
maxBOLD estimate = 1.000


Trial 2: maxBOLD Stimulus Selection
Stimulus: 1.000
Output value 1.364

Q+ parameters
slope: 0.055 semiSat: 0.670 beta: 1.250 sigma: 0.010 
maxBOLD estimate = 1.000


Trial 3: baseline Stimulus Selection
Stimulus: 0.010
Output value 0.000

Q+ parameters
slope: 0.055 semiSat: 0.670 beta: 1.250 sigma: 0.010 
maxBOLD estimate = 1.250


Trial 4: maxBOLD Stimulus Selection
Stimulus: 1.000
Output value 1.438

Q+ parameters
slope: 0.055 semiSat: 0.670 beta: 1.125 sigma: 0.114 
maxBOLD estimate = 1.562


Trial 5: baseline Stimulus Selection
Stimulus: 0.010
Output value -0.200

Q+ parameters
slope: 0.055 semiSat: 0.670 beta: 1.250 sigma: 0.062 
maxBOLD estimate = 1.758


Trial 6: maxBOLD Stimulus Selection
Stimulus: 1.000
Output value 1.161

Q+ parameters
slope: 0.043 semiSat: 0.780 beta: 0.969 sigma: 0.114 
maxBOLD estimate = 2.197


Trial 7: qplus Stimulus Selection
Stimulus: 0.588
Output value 0.484

Q+ parameters
slope: 0.055 semiSat: 0.890 beta: 1.250 sigma: 0.062 
maxBOLD estimate = 2.129


Trial 8: qplus Stimulus Selection
Stimulus: 0.753
Output value 2.177

Q+ parameters
slope: 0.144 semiSat: 0.560 beta: 0.750 sigma: 0.114 
maxBOLD estimate = 2.661


Trial 9: qplus Stimulus Selection
Stimulus: 0.505
Output value 0.317

Q+ parameters
slope: 0.234 semiSat: 0.560 beta: 0.875 sigma: 0.062 
maxBOLD estimate = 1.996


Trial 10: baseline Stimulus Selection
Stimulus: 0.010
Output value -0.476

Q+ parameters
slope: 0.070 semiSat: 0.560 beta: 1.500 sigma: 0.062 
maxBOLD estimate = 1.746


Trial 11: qplus Stimulus Selection
Stimulus: 0.381
Output value 0.000

Q+ parameters
slope: 0.144 semiSat: 0.560 beta: 0.750 sigma: 0.062 
maxBOLD estimate = 2.619


Trial 12: qplus Stimulus Selection
Stimulus: 0.670
Output value 1.507

Q+ parameters
slope: 0.089 semiSat: 0.450 beta: 0.938 sigma: 0.062 
maxBOLD estimate = 1.964


Trial 13: qplus Stimulus Selection
Stimulus: 0.423
Output value -0.209

Q+ parameters
slope: 0.113 semiSat: 0.560 beta: 1.250 sigma: 0.114 
maxBOLD estimate = 1.842


Trial 14: qplus Stimulus Selection
Stimulus: 0.505
Output value 0.549

Q+ parameters
slope: 0.089 semiSat: 0.560 beta: 0.875 sigma: 0.062 
maxBOLD estimate = 2.302


Trial 15: maxBOLD Stimulus Selection
Stimulus: 1.000
Output value 0.858

Q+ parameters
slope: 0.144 semiSat: 0.560 beta: 0.938 sigma: 0.114 
maxBOLD estimate = 2.014


Trial 16: qplus Stimulus Selection
Stimulus: 0.629
Output value 1.288

Q+ parameters
slope: 0.144 semiSat: 0.560 beta: 0.938 sigma: 0.114 
maxBOLD estimate = 1.888


Trial 17: qplus Stimulus Selection
Stimulus: 0.588
Output value 1.408

Q+ parameters
slope: 0.144 semiSat: 0.560 beta: 1.250 sigma: 0.166 
maxBOLD estimate = 1.770


Trial 18: qplus Stimulus Selection
Stimulus: 0.505
Output value 0.604

Q+ parameters
slope: 0.144 semiSat: 0.560 beta: 0.750 sigma: 0.114 
maxBOLD estimate = 2.213


Trial 19: qplus Stimulus Selection
Stimulus: 0.423
Output value 0.189

Q+ parameters
slope: 0.144 semiSat: 0.560 beta: 1.250 sigma: 0.166 
maxBOLD estimate = 1.660


Trial 20: baseline Stimulus Selection
Stimulus: 0.010
Output value -0.365

Q+ parameters
slope: 0.089 semiSat: 0.560 beta: 0.969 sigma: 0.114 
maxBOLD estimate = 2.075


Trial 21: qplus Stimulus Selection
Stimulus: 0.629
Output value 1.370

Q+ parameters
slope: 0.144 semiSat: 0.560 beta: 0.938 sigma: 0.114 
maxBOLD estimate = 2.010


Trial 22: qplus Stimulus Selection
Stimulus: 0.505
Output value 0.321

Q+ parameters
slope: 0.144 semiSat: 0.560 beta: 0.938 sigma: 0.114 
maxBOLD estimate = 1.884


Trial 23: qplus Stimulus Selection
Stimulus: 0.505
Output value 1.004

Q+ parameters
slope: 0.113 semiSat: 0.560 beta: 1.250 sigma: 0.114 
maxBOLD estimate = 1.766


Trial 24: qplus Stimulus Selection
Stimulus: 0.464
Output value 0.703

Q+ parameters
slope: 0.089 semiSat: 0.560 beta: 0.875 sigma: 0.114 
maxBOLD estimate = 2.208


Trial 25: maxBOLD Stimulus Selection
Stimulus: 1.000
Output value 1.361

Q+ parameters
slope: 0.089 semiSat: 0.560 beta: 0.969 sigma: 0.114 
maxBOLD estimate = 1.932


Trial 26: qplus Stimulus Selection
Stimulus: 0.464
Output value 0.877

Q+ parameters
slope: 0.113 semiSat: 0.560 beta: 1.031 sigma: 0.114 
maxBOLD estimate = 1.872


Trial 27: qplus Stimulus Selection
Stimulus: 0.464
Output value 0.680

Q+ parameters
slope: 0.089 semiSat: 0.560 beta: 0.969 sigma: 0.114 
maxBOLD estimate = 1.930


Trial 28: qplus Stimulus Selection
Stimulus: 0.381
Output value 1.700

Q+ parameters
slope: 0.113 semiSat: 0.560 beta: 1.250 sigma: 0.166 
maxBOLD estimate = 1.870


Trial 29: qplus Stimulus Selection
Stimulus: 0.464
Output value 0.558

Q+ parameters
slope: 0.089 semiSat: 0.560 beta: 0.875 sigma: 0.114 
maxBOLD estimate = 2.337


Trial 30: baseline Stimulus Selection
Stimulus: 0.010
Output value 0.180

Q+ parameters
slope: 0.089 semiSat: 0.560 beta: 0.969 sigma: 0.114 
maxBOLD estimate = 2.045

--------------------------------------------------------------
FINAL VALUES
--------------------------------------------------------------
Simulated parameters:              slope: 0.410 semiSat: 0.570 beta: 1.000 sigma: 0.150 
Max posterior QUEST+ parameters:   slope: 0.089 semiSat: 0.560 beta: 0.969 sigma: 0.114 
Max BADS parameters:               slope: 0.067 semiSat: 0.564 beta: 1.000 sigma: 0.126 
maxBOLD estimate: 1.987
