/blue/stevenweisberg/stevenweisberg/MATLAB/projects/Weisberg_Aguirre_2020/scripts/run_sims
c27b-s25.ufhpc
Thu Nov 12 21:42:14 EST 2020
cp: cannot stat ‘/blue/stevenweisberg/stevenweisberg/qpfMRIResults/deploy_sim.sh’: No such file or directory
cp: cannot stat ‘/blue/stevenweisberg/stevenweisberg/qpfMRIResults/sim_wrapper.sh’: No such file or directory
------------------------------------------
Setting up environment variables
---
LD_LIBRARY_PATH is .:/apps/matlab/mcr/2020b/v99/runtime/glnxa64:/apps/matlab/mcr/2020b/v99/bin/glnxa64:/apps/matlab/mcr/2020b/v99/sys/os/glnxa64:/apps/matlab/mcr/2020b/v99/sys/opengl/lib/glnxa64
Warning: Executing startup failed in matlabrc.
This indicates a potentially serious problem in your MATLAB setup, which should be resolved as soon as possible.  Error detected was:
MATLAB:mpath:PathAlterationNotSupported
Modifying the search path is not supported by MATLAB Compiler. Remove functions that modify the search path from your MATLAB code. To make files visible to your deployed application, add the parent folder to your MATLAB session.
Warning: No stimulus domain specified. Defaulting to values between 0.01 and 1.
> In qpfmriParams (line 182)
In compiledSimulate (line 205)
Stimulus domain added from input.
Parameter slope specified as 0.41000
Parameter semiSat specified as 0.57000
Parameter beta specified as 1.00000
Parameter sigma specified as 0.15000
seed = 99seed = 104seed = 111seed = 111seed = 115seed = 101Initializing Q+. This may take a minute...
Elapsed time is 9.814386 seconds.
Simulated parameters:
slope: 0.410 semiSat: 0.570 beta: 1.000 sigma: 0.150 

Trial 1: baseline Stimulus Selection
Stimulus: 0.010
Output value 0.000

Q+ parameters
slope: 0.026 semiSat: 0.890 beta: 0.500 sigma: 0.010 
maxBOLD estimate = 1.000


Trial 2: maxBOLD Stimulus Selection
Stimulus: 1.000
Output value 1.364

Q+ parameters
slope: 0.055 semiSat: 0.670 beta: 1.250 sigma: 0.010 
maxBOLD estimate = 1.000


Trial 3: baseline Stimulus Selection
Stimulus: 0.010
Output value -0.284

Q+ parameters
slope: 0.055 semiSat: 0.670 beta: 1.250 sigma: 0.114 
maxBOLD estimate = 1.250


Trial 4: maxBOLD Stimulus Selection
Stimulus: 1.000
Output value 0.639

Q+ parameters
slope: 0.055 semiSat: 0.670 beta: 1.125 sigma: 0.479 
maxBOLD estimate = 1.562


Trial 5: baseline Stimulus Selection
Stimulus: 0.010
Output value 0.400

Q+ parameters
slope: 0.043 semiSat: 0.780 beta: 1.250 sigma: 0.218 
maxBOLD estimate = 1.758


Trial 6: maxBOLD Stimulus Selection
Stimulus: 1.000
Output value 1.935

Q+ parameters
slope: 0.043 semiSat: 0.780 beta: 0.969 sigma: 0.166 
maxBOLD estimate = 2.197


Trial 7: qplus Stimulus Selection
Stimulus: 0.588
Output value 1.306

Q+ parameters
slope: 0.113 semiSat: 0.340 beta: 0.750 sigma: 0.166 
maxBOLD estimate = 2.129


Trial 8: qplus Stimulus Selection
Stimulus: 0.381
Output value 0.000

Q+ parameters
slope: 0.183 semiSat: 0.560 beta: 0.875 sigma: 0.166 
maxBOLD estimate = 1.596


Trial 9: qplus Stimulus Selection
Stimulus: 0.629
Output value 0.917

Q+ parameters
slope: 0.070 semiSat: 0.560 beta: 1.031 sigma: 0.114 
maxBOLD estimate = 1.397


Trial 10: baseline Stimulus Selection
Stimulus: 0.010
Output value 0.262

Q+ parameters
slope: 0.183 semiSat: 0.560 beta: 1.000 sigma: 0.166 
maxBOLD estimate = 1.441


Trial 11: qplus Stimulus Selection
Stimulus: 0.505
Output value 0.270

Q+ parameters
slope: 0.379 semiSat: 0.560 beta: 1.031 sigma: 0.166 
maxBOLD estimate = 1.441


Trial 12: qplus Stimulus Selection
Stimulus: 0.505
Output value 0.675

Q+ parameters
slope: 0.144 semiSat: 0.560 beta: 1.250 sigma: 0.166 
maxBOLD estimate = 1.486


Trial 13: qplus Stimulus Selection
Stimulus: 0.505
Output value -0.148

Q+ parameters
slope: 0.234 semiSat: 0.560 beta: 0.875 sigma: 0.166 
maxBOLD estimate = 1.857


Trial 14: qplus Stimulus Selection
Stimulus: 0.629
Output value 1.994

Q+ parameters
slope: 0.183 semiSat: 0.560 beta: 1.125 sigma: 0.166 
maxBOLD estimate = 1.625


Trial 15: maxBOLD Stimulus Selection
Stimulus: 1.000
Output value 1.828

Q+ parameters
slope: 0.183 semiSat: 0.560 beta: 1.000 sigma: 0.166 
maxBOLD estimate = 1.828


Trial 16: qplus Stimulus Selection
Stimulus: 0.505
Output value 0.831

Q+ parameters
slope: 0.183 semiSat: 0.560 beta: 1.000 sigma: 0.166 
maxBOLD estimate = 1.828


Trial 17: qplus Stimulus Selection
Stimulus: 0.505
Output value 0.467

Q+ parameters
slope: 0.144 semiSat: 0.560 beta: 0.938 sigma: 0.114 
maxBOLD estimate = 1.828


Trial 18: qplus Stimulus Selection
Stimulus: 0.588
Output value 1.947

Q+ parameters
slope: 0.183 semiSat: 0.560 beta: 1.250 sigma: 0.166 
maxBOLD estimate = 1.714


Trial 19: qplus Stimulus Selection
Stimulus: 0.505
Output value 0.730

Q+ parameters
slope: 0.144 semiSat: 0.560 beta: 0.938 sigma: 0.114 
maxBOLD estimate = 2.142


Trial 20: baseline Stimulus Selection
Stimulus: 0.010
Output value 0.342

Q+ parameters
slope: 0.144 semiSat: 0.560 beta: 0.938 sigma: 0.114 
maxBOLD estimate = 2.008


Trial 21: qplus Stimulus Selection
Stimulus: 0.670
Output value 2.118

Q+ parameters
slope: 0.234 semiSat: 0.560 beta: 1.031 sigma: 0.166 
maxBOLD estimate = 1.883


Trial 22: qplus Stimulus Selection
Stimulus: 0.629
Output value 0.496

Q+ parameters
slope: 0.183 semiSat: 0.560 beta: 0.938 sigma: 0.166 
maxBOLD estimate = 1.942


Trial 23: qplus Stimulus Selection
Stimulus: 0.670
Output value 1.086

Q+ parameters
slope: 0.183 semiSat: 0.560 beta: 0.938 sigma: 0.166 
maxBOLD estimate = 1.820


Trial 24: qplus Stimulus Selection
Stimulus: 0.505
Output value -0.301

Q+ parameters
slope: 0.234 semiSat: 0.560 beta: 0.969 sigma: 0.166 
maxBOLD estimate = 1.706


Trial 25: maxBOLD Stimulus Selection
Stimulus: 1.000
Output value 0.601

Q+ parameters
slope: 0.298 semiSat: 0.560 beta: 1.000 sigma: 0.218 
maxBOLD estimate = 1.653


Trial 26: qplus Stimulus Selection
Stimulus: 0.588
Output value 0.564

Q+ parameters
slope: 0.234 semiSat: 0.560 beta: 0.938 sigma: 0.166 
maxBOLD estimate = 1.653


Trial 27: qplus Stimulus Selection
Stimulus: 0.629
Output value 1.744

Q+ parameters
slope: 0.379 semiSat: 0.560 beta: 1.125 sigma: 0.271 
maxBOLD estimate = 1.550


Trial 28: qplus Stimulus Selection
Stimulus: 0.588
Output value 0.000

Q+ parameters
slope: 0.234 semiSat: 0.560 beta: 0.938 sigma: 0.218 
maxBOLD estimate = 1.744


Trial 29: qplus Stimulus Selection
Stimulus: 0.629
Output value 1.393

Q+ parameters
slope: 0.234 semiSat: 0.560 beta: 0.938 sigma: 0.166 
maxBOLD estimate = 1.635


Trial 30: baseline Stimulus Selection
Stimulus: 0.010
Output value -0.174

Q+ parameters
slope: 0.298 semiSat: 0.560 beta: 1.250 sigma: 0.218 
maxBOLD estimate = 1.532

--------------------------------------------------------------
FINAL VALUES
--------------------------------------------------------------
Simulated parameters:              slope: 0.410 semiSat: 0.570 beta: 1.000 sigma: 0.150 
Max posterior QUEST+ parameters:   slope: 0.379 semiSat: 0.560 beta: 0.750 sigma: 0.166 
Max BADS parameters:               slope: 0.914 semiSat: 0.548 beta: 1.000 sigma: 0.495 
maxBOLD estimate: 2.062
