/blue/stevenweisberg/stevenweisberg/MATLAB/projects/Weisberg_Aguirre_2020/scripts/run_sims
c0700a-s1.ufhpc
Tue Apr  6 22:49:24 EDT 2021
mkdir: cannot create directory ‘/blue/stevenweisberg/stevenweisberg/qpfMRIResults/model_parameter_set2/’: File exists
cp: cannot stat ‘/blue/stevenweisberg/stevenweisberg/qpfMRIResults/deploy_sim.sh’: No such file or directory
cp: cannot stat ‘/blue/stevenweisberg/stevenweisberg/qpfMRIResults/sim_wrapper.sh’: No such file or directory
------------------------------------------
Setting up environment variables
---
LD_LIBRARY_PATH is .:/apps/matlab/mcr/2020b/v99/runtime/glnxa64:/apps/matlab/mcr/2020b/v99/bin/glnxa64:/apps/matlab/mcr/2020b/v99/sys/os/glnxa64:/apps/matlab/mcr/2020b/v99/sys/opengl/lib/glnxa64
Warning: Executing startup failed in matlabrc.
This indicates a potentially serious problem in your MATLAB setup, which should be resolved as soon as possible.  Error detected was:
MATLAB:mpath:PathAlterationNotSupported
Modifying the search path is not supported by MATLAB Compiler. Remove functions that modify the search path from your MATLAB code. To make files visible to your deployed application, add the parent folder to your MATLAB session.
Warning: No stimulus domain specified. Defaulting to values between 0.01 and 1.
> In qpfmriParams (line 182)
In compiledSimulate (line 205)
Stimulus domain added from input.
Parameter slope specified as 0.20000
Parameter semiSat specified as 0.57000
Parameter beta specified as 1.00000
Parameter sigma specified as 0.15000
seed = 99seed = 104seed = 111seed = 111seed = 115seed = 101Initializing Q+. This may take a minute...
Elapsed time is 7.065764 seconds.
Simulated parameters:
slope: 0.200 semiSat: 0.570 beta: 1.000 sigma: 0.150 

Trial 1: baseline Stimulus Selection
Stimulus: 0.010
Output value 0.000

Q+ parameters
slope: 0.026 semiSat: 0.890 beta: 0.500 sigma: 0.010 
maxBOLD estimate = 1.000


Trial 2: maxBOLD Stimulus Selection
Stimulus: 1.000
Output value 1.364

Q+ parameters
slope: 0.055 semiSat: 0.670 beta: 1.250 sigma: 0.010 
maxBOLD estimate = 1.000


Trial 3: baseline Stimulus Selection
Stimulus: 0.010
Output value -0.142

Q+ parameters
slope: 0.055 semiSat: 0.670 beta: 1.250 sigma: 0.062 
maxBOLD estimate = 1.250


Trial 4: maxBOLD Stimulus Selection
Stimulus: 1.000
Output value 1.420

Q+ parameters
slope: 0.043 semiSat: 0.780 beta: 1.250 sigma: 0.114 
maxBOLD estimate = 1.562


Trial 5: baseline Stimulus Selection
Stimulus: 0.010
Output value -0.200

Q+ parameters
slope: 0.043 semiSat: 0.780 beta: 1.125 sigma: 0.114 
maxBOLD estimate = 1.953


Trial 6: maxBOLD Stimulus Selection
Stimulus: 1.000
Output value 1.355

Q+ parameters
slope: 0.043 semiSat: 0.780 beta: 0.969 sigma: 0.114 
maxBOLD estimate = 2.197


Trial 7: random Stimulus Selection
Stimulus: 0.216
Output value 0.508

Q+ parameters
slope: 0.070 semiSat: 0.450 beta: 0.875 sigma: 0.062 
maxBOLD estimate = 2.129


Trial 8: random Stimulus Selection
Stimulus: 0.670
Output value 1.804

Q+ parameters
slope: 0.616 semiSat: 0.230 beta: 0.969 sigma: 0.114 
maxBOLD estimate = 1.863


Trial 9: random Stimulus Selection
Stimulus: 0.753
Output value 1.579

Q+ parameters
slope: 0.483 semiSat: 0.230 beta: 0.875 sigma: 0.062 
maxBOLD estimate = 1.804


Trial 10: baseline Stimulus Selection
Stimulus: 0.010
Output value 0.000

Q+ parameters
slope: 0.234 semiSat: 0.230 beta: 0.969 sigma: 0.062 
maxBOLD estimate = 1.579


Trial 11: random Stimulus Selection
Stimulus: 0.423
Output value 0.695

Q+ parameters
slope: 0.089 semiSat: 0.450 beta: 1.250 sigma: 0.114 
maxBOLD estimate = 1.529


Trial 12: random Stimulus Selection
Stimulus: 0.381
Output value 0.000

Q+ parameters
slope: 0.089 semiSat: 0.560 beta: 1.031 sigma: 0.114 
maxBOLD estimate = 1.912


Trial 13: random Stimulus Selection
Stimulus: 0.423
Output value 0.470

Q+ parameters
slope: 0.483 semiSat: 0.450 beta: 0.875 sigma: 0.114 
maxBOLD estimate = 1.972


Trial 14: random Stimulus Selection
Stimulus: 0.381
Output value 0.392

Q+ parameters
slope: 0.089 semiSat: 0.560 beta: 1.250 sigma: 0.114 
maxBOLD estimate = 1.725


Trial 15: maxBOLD Stimulus Selection
Stimulus: 1.000
Output value 1.715

Q+ parameters
slope: 0.070 semiSat: 0.560 beta: 0.875 sigma: 0.114 
maxBOLD estimate = 2.156


Trial 16: random Stimulus Selection
Stimulus: 0.464
Output value 0.708

Q+ parameters
slope: 0.089 semiSat: 0.560 beta: 1.031 sigma: 0.114 
maxBOLD estimate = 1.887


Trial 17: random Stimulus Selection
Stimulus: 0.918
Output value 2.189

Q+ parameters
slope: 0.089 semiSat: 0.560 beta: 1.031 sigma: 0.114 
maxBOLD estimate = 1.946


Trial 18: random Stimulus Selection
Stimulus: 0.876
Output value 2.257

Q+ parameters
slope: 0.089 semiSat: 0.560 beta: 1.031 sigma: 0.114 
maxBOLD estimate = 2.007


Trial 19: random Stimulus Selection
Stimulus: 0.918
Output value 1.940

Q+ parameters
slope: 0.089 semiSat: 0.560 beta: 1.031 sigma: 0.114 
maxBOLD estimate = 2.069


Trial 20: baseline Stimulus Selection
Stimulus: 0.010
Output value -0.400

Q+ parameters
slope: 0.089 semiSat: 0.560 beta: 1.031 sigma: 0.114 
maxBOLD estimate = 2.134


Trial 21: random Stimulus Selection
Stimulus: 0.546
Output value 1.500

Q+ parameters
slope: 0.113 semiSat: 0.560 beta: 0.938 sigma: 0.114 
maxBOLD estimate = 2.201


Trial 22: random Stimulus Selection
Stimulus: 0.629
Output value 1.594

Q+ parameters
slope: 0.089 semiSat: 0.560 beta: 1.062 sigma: 0.114 
maxBOLD estimate = 2.063


Trial 23: random Stimulus Selection
Stimulus: 0.835
Output value 1.308

Q+ parameters
slope: 0.089 semiSat: 0.560 beta: 0.938 sigma: 0.114 
maxBOLD estimate = 2.192


Trial 24: random Stimulus Selection
Stimulus: 0.134
Output value 0.193

Q+ parameters
slope: 0.089 semiSat: 0.560 beta: 1.031 sigma: 0.114 
maxBOLD estimate = 2.055


Trial 25: maxBOLD Stimulus Selection
Stimulus: 1.000
Output value 0.843

Q+ parameters
slope: 0.070 semiSat: 0.560 beta: 0.875 sigma: 0.114 
maxBOLD estimate = 2.119


Trial 26: random Stimulus Selection
Stimulus: 0.216
Output value 0.190

Q+ parameters
slope: 0.089 semiSat: 0.560 beta: 1.125 sigma: 0.114 
maxBOLD estimate = 1.854


Trial 27: random Stimulus Selection
Stimulus: 0.670
Output value 1.067

Q+ parameters
slope: 0.089 semiSat: 0.560 beta: 0.938 sigma: 0.114 
maxBOLD estimate = 2.086


Trial 28: random Stimulus Selection
Stimulus: 0.340
Output value 0.567

Q+ parameters
slope: 0.070 semiSat: 0.560 beta: 1.062 sigma: 0.114 
maxBOLD estimate = 1.956


Trial 29: random Stimulus Selection
Stimulus: 0.876
Output value 1.157

Q+ parameters
slope: 0.070 semiSat: 0.560 beta: 0.875 sigma: 0.114 
maxBOLD estimate = 2.078


Trial 30: baseline Stimulus Selection
Stimulus: 0.010
Output value 0.511

Q+ parameters
slope: 0.089 semiSat: 0.560 beta: 1.031 sigma: 0.114 
maxBOLD estimate = 1.818


Trial 31: random Stimulus Selection
Stimulus: 0.464
Output value 0.352

Q+ parameters
slope: 0.089 semiSat: 0.560 beta: 1.031 sigma: 0.114 
maxBOLD estimate = 1.875


Trial 32: random Stimulus Selection
Stimulus: 0.340
Output value 0.165

Q+ parameters
slope: 0.089 semiSat: 0.560 beta: 0.938 sigma: 0.114 
maxBOLD estimate = 1.934


Trial 33: random Stimulus Selection
Stimulus: 0.835
Output value 2.101

Q+ parameters
slope: 0.089 semiSat: 0.560 beta: 1.062 sigma: 0.114 
maxBOLD estimate = 1.813


Trial 34: random Stimulus Selection
Stimulus: 0.381
Output value 0.509

Q+ parameters
slope: 0.089 semiSat: 0.560 beta: 0.969 sigma: 0.114 
maxBOLD estimate = 1.926


Trial 35: maxBOLD Stimulus Selection
Stimulus: 1.000
Output value 2.163

Q+ parameters
slope: 0.089 semiSat: 0.560 beta: 1.062 sigma: 0.114 
maxBOLD estimate = 1.866


Trial 36: random Stimulus Selection
Stimulus: 0.299
Output value 0.698

Q+ parameters
slope: 0.089 semiSat: 0.560 beta: 0.969 sigma: 0.114 
maxBOLD estimate = 1.983


Trial 37: random Stimulus Selection
Stimulus: 0.257
Output value 0.169

Q+ parameters
slope: 0.089 semiSat: 0.560 beta: 0.969 sigma: 0.114 
maxBOLD estimate = 1.921


Trial 38: random Stimulus Selection
Stimulus: 0.959
Output value 2.157

Q+ parameters
slope: 0.089 semiSat: 0.560 beta: 1.062 sigma: 0.114 
maxBOLD estimate = 1.861


Trial 39: random Stimulus Selection
Stimulus: 0.835
Output value 2.291

Q+ parameters
slope: 0.089 semiSat: 0.560 beta: 1.062 sigma: 0.114 
maxBOLD estimate = 1.977


Trial 40: baseline Stimulus Selection
Stimulus: 0.010
Output value 0.179

Q+ parameters
slope: 0.089 semiSat: 0.560 beta: 0.938 sigma: 0.114 
maxBOLD estimate = 2.100


Trial 41: random Stimulus Selection
Stimulus: 0.134
Output value 0.867

Q+ parameters
slope: 0.183 semiSat: 0.560 beta: 0.969 sigma: 0.166 
maxBOLD estimate = 1.969


Trial 42: random Stimulus Selection
Stimulus: 0.505
Output value 0.168

Q+ parameters
slope: 0.183 semiSat: 0.560 beta: 0.969 sigma: 0.166 
maxBOLD estimate = 1.908


Trial 43: random Stimulus Selection
Stimulus: 0.711
Output value 1.302

Q+ parameters
slope: 0.183 semiSat: 0.560 beta: 0.969 sigma: 0.166 
maxBOLD estimate = 1.848


Trial 44: random Stimulus Selection
Stimulus: 0.092
Output value 0.732

Q+ parameters
slope: 0.144 semiSat: 0.560 beta: 1.125 sigma: 0.166 
maxBOLD estimate = 1.790


Trial 45: maxBOLD Stimulus Selection
Stimulus: 1.000
Output value 1.373

Q+ parameters
slope: 0.183 semiSat: 0.560 beta: 0.938 sigma: 0.166 
maxBOLD estimate = 2.014


Trial 46: random Stimulus Selection
Stimulus: 0.381
Output value 0.515

Q+ parameters
slope: 0.144 semiSat: 0.560 beta: 1.000 sigma: 0.166 
maxBOLD estimate = 1.888


Trial 47: random Stimulus Selection
Stimulus: 0.794
Output value 1.164

Q+ parameters
slope: 0.183 semiSat: 0.560 beta: 0.969 sigma: 0.166 
maxBOLD estimate = 1.888


Trial 48: random Stimulus Selection
Stimulus: 0.299
Output value 0.831

Q+ parameters
slope: 0.113 semiSat: 0.560 beta: 1.000 sigma: 0.166 
maxBOLD estimate = 1.829


Trial 49: random Stimulus Selection
Stimulus: 0.257
Output value -0.333

Q+ parameters
slope: 0.113 semiSat: 0.560 beta: 1.000 sigma: 0.166 
maxBOLD estimate = 1.829


Trial 50: baseline Stimulus Selection
Stimulus: 0.010
Output value 0.156

Q+ parameters
slope: 0.113 semiSat: 0.560 beta: 0.938 sigma: 0.114 
maxBOLD estimate = 1.829


Trial 51: random Stimulus Selection
Stimulus: 0.257
Output value 0.702

Q+ parameters
slope: 0.113 semiSat: 0.560 beta: 1.125 sigma: 0.166 
maxBOLD estimate = 1.715


Trial 52: random Stimulus Selection
Stimulus: 0.959
Output value 1.381

Q+ parameters
slope: 0.183 semiSat: 0.560 beta: 0.875 sigma: 0.166 
maxBOLD estimate = 1.929


Trial 53: random Stimulus Selection
Stimulus: 0.257
Output value -0.173

Q+ parameters
slope: 0.113 semiSat: 0.560 beta: 1.125 sigma: 0.166 
maxBOLD estimate = 1.688


Trial 54: random Stimulus Selection
Stimulus: 0.588
Output value 0.604

Q+ parameters
slope: 0.183 semiSat: 0.560 beta: 0.875 sigma: 0.166 
maxBOLD estimate = 1.899


Trial 55: maxBOLD Stimulus Selection
Stimulus: 1.000
Output value 2.039

Q+ parameters
slope: 0.113 semiSat: 0.560 beta: 1.125 sigma: 0.166 
maxBOLD estimate = 1.662


Trial 56: random Stimulus Selection
Stimulus: 0.134
Output value 0.494

Q+ parameters
slope: 0.183 semiSat: 0.560 beta: 0.969 sigma: 0.166 
maxBOLD estimate = 1.869


Trial 57: random Stimulus Selection
Stimulus: 0.835
Output value 1.914

Q+ parameters
slope: 0.183 semiSat: 0.560 beta: 0.969 sigma: 0.166 
maxBOLD estimate = 1.811


Trial 58: random Stimulus Selection
Stimulus: 0.299
Output value 0.538

Q+ parameters
slope: 0.113 semiSat: 0.560 beta: 1.125 sigma: 0.166 
maxBOLD estimate = 1.754


Trial 59: random Stimulus Selection
Stimulus: 0.381
Output value -0.157

Q+ parameters
slope: 0.183 semiSat: 0.560 beta: 0.875 sigma: 0.166 
maxBOLD estimate = 1.974


Trial 60: baseline Stimulus Selection
Stimulus: 0.010
Output value -0.177

Q+ parameters
slope: 0.113 semiSat: 0.560 beta: 1.125 sigma: 0.166 
maxBOLD estimate = 1.727


Trial 61: random Stimulus Selection
Stimulus: 0.175
Output value 0.342

Q+ parameters
slope: 0.183 semiSat: 0.560 beta: 0.969 sigma: 0.166 
maxBOLD estimate = 1.943


Trial 62: random Stimulus Selection
Stimulus: 0.381
Output value 0.000

Q+ parameters
slope: 0.183 semiSat: 0.560 beta: 0.969 sigma: 0.166 
maxBOLD estimate = 1.882


Trial 63: random Stimulus Selection
Stimulus: 0.505
Output value 0.803

Q+ parameters
slope: 0.183 semiSat: 0.560 beta: 0.969 sigma: 0.166 
maxBOLD estimate = 1.823


Trial 64: random Stimulus Selection
Stimulus: 0.216
Output value 0.000

Q+ parameters
slope: 0.113 semiSat: 0.560 beta: 1.125 sigma: 0.166 
maxBOLD estimate = 1.766


Trial 65: maxBOLD Stimulus Selection
Stimulus: 1.000
Output value 2.100

Q+ parameters
slope: 0.183 semiSat: 0.560 beta: 0.969 sigma: 0.166 
maxBOLD estimate = 1.987


Trial 66: random Stimulus Selection
Stimulus: 0.257
Output value 0.509

Q+ parameters
slope: 0.183 semiSat: 0.560 beta: 0.969 sigma: 0.166 
maxBOLD estimate = 1.925


Trial 67: random Stimulus Selection
Stimulus: 0.299
Output value 0.164

Q+ parameters
slope: 0.183 semiSat: 0.560 beta: 0.969 sigma: 0.166 
maxBOLD estimate = 1.865


Trial 68: random Stimulus Selection
Stimulus: 0.257
Output value 0.924

Q+ parameters
slope: 0.113 semiSat: 0.560 beta: 1.125 sigma: 0.166 
maxBOLD estimate = 1.807


Trial 69: random Stimulus Selection
Stimulus: 0.629
Output value 0.866

Q+ parameters
slope: 0.070 semiSat: 0.560 beta: 0.938 sigma: 0.114 
maxBOLD estimate = 2.032


Trial 70: baseline Stimulus Selection
Stimulus: 0.010
Output value 0.336

Q+ parameters
slope: 0.183 semiSat: 0.560 beta: 0.969 sigma: 0.166 
maxBOLD estimate = 1.905


Trial 71: random Stimulus Selection
Stimulus: 0.010
Output value 0.488

Q+ parameters
slope: 0.183 semiSat: 0.560 beta: 0.969 sigma: 0.166 
maxBOLD estimate = 1.846


Trial 72: random Stimulus Selection
Stimulus: 0.010
Output value 0.157

Q+ parameters
slope: 0.183 semiSat: 0.560 beta: 0.969 sigma: 0.166 
maxBOLD estimate = 1.788


Trial 73: random Stimulus Selection
Stimulus: 0.670
Output value 1.373

Q+ parameters
slope: 0.183 semiSat: 0.560 beta: 0.969 sigma: 0.166 
maxBOLD estimate = 1.732


Trial 74: random Stimulus Selection
Stimulus: 1.000
Output value 0.739

Q+ parameters
slope: 0.183 semiSat: 0.560 beta: 0.969 sigma: 0.166 
maxBOLD estimate = 1.678


Trial 75: maxBOLD Stimulus Selection
Stimulus: 1.000
Output value 1.330

Q+ parameters
slope: 0.234 semiSat: 0.560 beta: 1.000 sigma: 0.166 
maxBOLD estimate = 1.626


Trial 76: random Stimulus Selection
Stimulus: 0.299
Output value 0.739

Q+ parameters
slope: 0.234 semiSat: 0.560 beta: 1.000 sigma: 0.166 
maxBOLD estimate = 1.626


Trial 77: random Stimulus Selection
Stimulus: 0.051
Output value 0.000

Q+ parameters
slope: 0.234 semiSat: 0.560 beta: 1.000 sigma: 0.166 
maxBOLD estimate = 1.626


Trial 78: random Stimulus Selection
Stimulus: 0.794
Output value 1.727

Q+ parameters
slope: 0.183 semiSat: 0.560 beta: 1.062 sigma: 0.166 
maxBOLD estimate = 1.626


Trial 79: random Stimulus Selection
Stimulus: 1.000
Output value 1.369

Q+ parameters
slope: 0.183 semiSat: 0.560 beta: 0.969 sigma: 0.166 
maxBOLD estimate = 1.727


Trial 80: baseline Stimulus Selection
Stimulus: 0.010
Output value 0.000

Q+ parameters
slope: 0.183 semiSat: 0.560 beta: 0.969 sigma: 0.166 
maxBOLD estimate = 1.673


Trial 81: random Stimulus Selection
Stimulus: 0.299
Output value -0.313

Q+ parameters
slope: 0.183 semiSat: 0.560 beta: 1.062 sigma: 0.166 
maxBOLD estimate = 1.621


Trial 82: random Stimulus Selection
Stimulus: 0.918
Output value 1.365

Q+ parameters
slope: 0.183 semiSat: 0.560 beta: 0.969 sigma: 0.166 
maxBOLD estimate = 1.722


Trial 83: random Stimulus Selection
Stimulus: 0.134
Output value 0.441

Q+ parameters
slope: 0.183 semiSat: 0.560 beta: 0.969 sigma: 0.166 
maxBOLD estimate = 1.669


Trial 84: random Stimulus Selection
Stimulus: 0.588
Output value 0.781

Q+ parameters
slope: 0.183 semiSat: 0.560 beta: 1.062 sigma: 0.166 
maxBOLD estimate = 1.616


Trial 85: maxBOLD Stimulus Selection
Stimulus: 1.000
Output value 1.815

Q+ parameters
slope: 0.183 semiSat: 0.560 beta: 0.969 sigma: 0.166 
maxBOLD estimate = 1.717


Trial 86: random Stimulus Selection
Stimulus: 0.505
Output value 0.586

Q+ parameters
slope: 0.183 semiSat: 0.560 beta: 0.969 sigma: 0.166 
maxBOLD estimate = 1.664


Trial 87: random Stimulus Selection
Stimulus: 1.000
Output value 1.868

Q+ parameters
slope: 0.183 semiSat: 0.560 beta: 1.062 sigma: 0.166 
maxBOLD estimate = 1.612


Trial 88: random Stimulus Selection
Stimulus: 0.464
Output value 0.151

Q+ parameters
slope: 0.183 semiSat: 0.560 beta: 0.969 sigma: 0.166 
maxBOLD estimate = 1.712


Trial 89: random Stimulus Selection
Stimulus: 0.835
Output value 1.923

Q+ parameters
slope: 0.183 semiSat: 0.560 beta: 1.062 sigma: 0.166 
maxBOLD estimate = 1.659


Trial 90: baseline Stimulus Selection
Stimulus: 0.010
Output value 0.155

Q+ parameters
slope: 0.183 semiSat: 0.560 beta: 0.969 sigma: 0.166 
maxBOLD estimate = 1.763


Trial 91: random Stimulus Selection
Stimulus: 0.216
Output value -0.301

Q+ parameters
slope: 0.183 semiSat: 0.560 beta: 0.969 sigma: 0.166 
maxBOLD estimate = 1.708


Trial 92: random Stimulus Selection
Stimulus: 0.505
Output value 0.291

Q+ parameters
slope: 0.183 semiSat: 0.560 beta: 0.969 sigma: 0.166 
maxBOLD estimate = 1.654


Trial 93: random Stimulus Selection
Stimulus: 0.010
Output value 0.565

Q+ parameters
slope: 0.183 semiSat: 0.560 beta: 0.969 sigma: 0.166 
maxBOLD estimate = 1.603


Trial 94: random Stimulus Selection
Stimulus: 0.794
Output value 1.500

Q+ parameters
slope: 0.183 semiSat: 0.560 beta: 1.062 sigma: 0.166 
maxBOLD estimate = 1.552


Trial 95: maxBOLD Stimulus Selection
Stimulus: 1.000
Output value 0.872

Q+ parameters
slope: 0.183 semiSat: 0.560 beta: 0.969 sigma: 0.166 
maxBOLD estimate = 1.649


Trial 96: random Stimulus Selection
Stimulus: 0.340
Output value -0.281

Q+ parameters
slope: 0.183 semiSat: 0.560 beta: 0.969 sigma: 0.166 
maxBOLD estimate = 1.598


Trial 97: random Stimulus Selection
Stimulus: 0.381
Output value -0.299

Q+ parameters
slope: 0.183 semiSat: 0.560 beta: 1.062 sigma: 0.166 
maxBOLD estimate = 1.548


Trial 98: random Stimulus Selection
Stimulus: 0.010
Output value -0.290

Q+ parameters
slope: 0.183 semiSat: 0.560 beta: 0.969 sigma: 0.166 
maxBOLD estimate = 1.645


Trial 99: random Stimulus Selection
Stimulus: 0.464
Output value 0.842

Q+ parameters
slope: 0.183 semiSat: 0.560 beta: 0.969 sigma: 0.166 
maxBOLD estimate = 1.593


Trial 100: baseline Stimulus Selection
Stimulus: 0.010
Output value 0.149

Q+ parameters
slope: 0.183 semiSat: 0.560 beta: 1.062 sigma: 0.166 
maxBOLD estimate = 1.544

--------------------------------------------------------------
FINAL VALUES
--------------------------------------------------------------
Simulated parameters:              slope: 0.200 semiSat: 0.570 beta: 1.000 sigma: 0.150 
Max posterior QUEST+ parameters:   slope: 0.183 semiSat: 0.560 beta: 0.969 sigma: 0.166 
Max BADS parameters:               slope: 0.165 semiSat: 0.568 beta: 1.000 sigma: 0.166 
maxBOLD estimate: 1.649
