/blue/stevenweisberg/stevenweisberg/MATLAB/projects/Weisberg_Aguirre_2020/scripts/run_sims
c0700a-s4.ufhpc
Tue Apr  6 22:28:55 EDT 2021
mkdir: cannot create directory ‘/blue/stevenweisberg/stevenweisberg/qpfMRIResults/model_parameter_set2/’: File exists
cp: cannot stat ‘/blue/stevenweisberg/stevenweisberg/qpfMRIResults/deploy_sim.sh’: No such file or directory
cp: cannot stat ‘/blue/stevenweisberg/stevenweisberg/qpfMRIResults/sim_wrapper.sh’: No such file or directory
------------------------------------------
Setting up environment variables
---
LD_LIBRARY_PATH is .:/apps/matlab/mcr/2020b/v99/runtime/glnxa64:/apps/matlab/mcr/2020b/v99/bin/glnxa64:/apps/matlab/mcr/2020b/v99/sys/os/glnxa64:/apps/matlab/mcr/2020b/v99/sys/opengl/lib/glnxa64
Warning: Executing startup failed in matlabrc.
This indicates a potentially serious problem in your MATLAB setup, which should be resolved as soon as possible.  Error detected was:
MATLAB:mpath:PathAlterationNotSupported
Modifying the search path is not supported by MATLAB Compiler. Remove functions that modify the search path from your MATLAB code. To make files visible to your deployed application, add the parent folder to your MATLAB session.
Warning: No stimulus domain specified. Defaulting to values between 0.01 and 1.
> In qpfmriParams (line 182)
In compiledSimulate (line 205)
Stimulus domain added from input.
Parameter slope specified as 0.20000
Parameter semiSat specified as 0.57000
Parameter beta specified as 1.00000
Parameter sigma specified as 0.10000
seed = 99seed = 104seed = 111seed = 111seed = 115seed = 101Initializing Q+. This may take a minute...
Elapsed time is 6.574761 seconds.
Simulated parameters:
slope: 0.200 semiSat: 0.570 beta: 1.000 sigma: 0.100 

Trial 1: baseline Stimulus Selection
Stimulus: 0.010
Output value 0.000

Q+ parameters
slope: 0.026 semiSat: 0.890 beta: 0.500 sigma: 0.010 
maxBOLD estimate = 1.000


Trial 2: maxBOLD Stimulus Selection
Stimulus: 1.000
Output value 1.364

Q+ parameters
slope: 0.055 semiSat: 0.670 beta: 1.250 sigma: 0.010 
maxBOLD estimate = 1.000


Trial 3: baseline Stimulus Selection
Stimulus: 0.010
Output value -0.142

Q+ parameters
slope: 0.055 semiSat: 0.670 beta: 1.250 sigma: 0.062 
maxBOLD estimate = 1.250


Trial 4: maxBOLD Stimulus Selection
Stimulus: 1.000
Output value 2.131

Q+ parameters
slope: 0.055 semiSat: 0.670 beta: 1.250 sigma: 0.062 
maxBOLD estimate = 1.562


Trial 5: baseline Stimulus Selection
Stimulus: 0.010
Output value 0.222

Q+ parameters
slope: 0.043 semiSat: 0.780 beta: 1.250 sigma: 0.062 
maxBOLD estimate = 1.953


Trial 6: maxBOLD Stimulus Selection
Stimulus: 1.000
Output value 1.935

Q+ parameters
slope: 0.043 semiSat: 0.780 beta: 0.969 sigma: 0.062 
maxBOLD estimate = 2.441


Trial 7: qplus Stimulus Selection
Stimulus: 0.629
Output value 1.008

Q+ parameters
slope: 0.055 semiSat: 0.670 beta: 0.938 sigma: 0.062 
maxBOLD estimate = 2.365


Trial 8: qplus Stimulus Selection
Stimulus: 0.505
Output value 0.781

Q+ parameters
slope: 0.070 semiSat: 0.560 beta: 0.969 sigma: 0.062 
maxBOLD estimate = 2.217


Trial 9: qplus Stimulus Selection
Stimulus: 0.464
Output value -0.342

Q+ parameters
slope: 0.379 semiSat: 0.560 beta: 0.875 sigma: 0.114 
maxBOLD estimate = 2.148


Trial 10: baseline Stimulus Selection
Stimulus: 0.010
Output value -0.171

Q+ parameters
slope: 0.183 semiSat: 0.560 beta: 1.000 sigma: 0.062 
maxBOLD estimate = 1.880


Trial 11: qplus Stimulus Selection
Stimulus: 0.629
Output value 1.538

Q+ parameters
slope: 0.183 semiSat: 0.560 beta: 1.000 sigma: 0.062 
maxBOLD estimate = 1.880


Trial 12: qplus Stimulus Selection
Stimulus: 0.423
Output value -0.160

Q+ parameters
slope: 0.144 semiSat: 0.560 beta: 0.938 sigma: 0.062 
maxBOLD estimate = 1.880


Trial 13: qplus Stimulus Selection
Stimulus: 0.629
Output value 1.602

Q+ parameters
slope: 0.183 semiSat: 0.560 beta: 1.000 sigma: 0.062 
maxBOLD estimate = 1.762


Trial 14: qplus Stimulus Selection
Stimulus: 0.505
Output value 0.466

Q+ parameters
slope: 0.144 semiSat: 0.560 beta: 0.969 sigma: 0.062 
maxBOLD estimate = 1.762


Trial 15: maxBOLD Stimulus Selection
Stimulus: 1.000
Output value 1.979

Q+ parameters
slope: 0.183 semiSat: 0.560 beta: 1.062 sigma: 0.062 
maxBOLD estimate = 1.707


Trial 16: qplus Stimulus Selection
Stimulus: 0.629
Output value 1.438

Q+ parameters
slope: 0.144 semiSat: 0.560 beta: 0.969 sigma: 0.062 
maxBOLD estimate = 1.814


Trial 17: qplus Stimulus Selection
Stimulus: 0.381
Output value 0.170

Q+ parameters
slope: 0.183 semiSat: 0.560 beta: 1.062 sigma: 0.062 
maxBOLD estimate = 1.757


Trial 18: qplus Stimulus Selection
Stimulus: 0.505
Output value 1.050

Q+ parameters
slope: 0.144 semiSat: 0.560 beta: 1.031 sigma: 0.062 
maxBOLD estimate = 1.867


Trial 19: qplus Stimulus Selection
Stimulus: 0.670
Output value 1.302

Q+ parameters
slope: 0.089 semiSat: 0.560 beta: 1.062 sigma: 0.062 
maxBOLD estimate = 1.925


Trial 20: baseline Stimulus Selection
Stimulus: 0.010
Output value 0.488

Q+ parameters
slope: 0.144 semiSat: 0.560 beta: 0.875 sigma: 0.114 
maxBOLD estimate = 2.045


Trial 21: qplus Stimulus Selection
Stimulus: 0.711
Output value 1.103

Q+ parameters
slope: 0.144 semiSat: 0.560 beta: 0.969 sigma: 0.114 
maxBOLD estimate = 1.790


Trial 22: qplus Stimulus Selection
Stimulus: 0.423
Output value -0.167

Q+ parameters
slope: 0.144 semiSat: 0.560 beta: 1.062 sigma: 0.114 
maxBOLD estimate = 1.734


Trial 23: qplus Stimulus Selection
Stimulus: 0.505
Output value 1.340

Q+ parameters
slope: 0.113 semiSat: 0.560 beta: 1.000 sigma: 0.114 
maxBOLD estimate = 1.842


Trial 24: qplus Stimulus Selection
Stimulus: 0.423
Output value 0.162

Q+ parameters
slope: 0.144 semiSat: 0.560 beta: 0.969 sigma: 0.114 
maxBOLD estimate = 1.842


Trial 25: maxBOLD Stimulus Selection
Stimulus: 1.000
Output value 1.415

Q+ parameters
slope: 0.144 semiSat: 0.560 beta: 0.969 sigma: 0.114 
maxBOLD estimate = 1.785


Trial 26: qplus Stimulus Selection
Stimulus: 0.423
Output value 0.167

Q+ parameters
slope: 0.144 semiSat: 0.560 beta: 1.062 sigma: 0.114 
maxBOLD estimate = 1.729


Trial 27: qplus Stimulus Selection
Stimulus: 0.629
Output value 1.780

Q+ parameters
slope: 0.144 semiSat: 0.560 beta: 0.969 sigma: 0.114 
maxBOLD estimate = 1.837


Trial 28: qplus Stimulus Selection
Stimulus: 0.505
Output value 0.470

Q+ parameters
slope: 0.144 semiSat: 0.560 beta: 0.969 sigma: 0.062 
maxBOLD estimate = 1.780


Trial 29: qplus Stimulus Selection
Stimulus: 0.505
Output value -0.167

Q+ parameters
slope: 0.144 semiSat: 0.560 beta: 1.062 sigma: 0.114 
maxBOLD estimate = 1.724


Trial 30: baseline Stimulus Selection
Stimulus: 0.010
Output value 0.312

Q+ parameters
slope: 0.144 semiSat: 0.560 beta: 0.938 sigma: 0.114 
maxBOLD estimate = 1.832


Trial 31: qplus Stimulus Selection
Stimulus: 0.670
Output value 0.907

Q+ parameters
slope: 0.144 semiSat: 0.560 beta: 0.969 sigma: 0.114 
maxBOLD estimate = 1.717


Trial 32: qplus Stimulus Selection
Stimulus: 0.588
Output value 0.879

Q+ parameters
slope: 0.144 semiSat: 0.560 beta: 0.969 sigma: 0.114 
maxBOLD estimate = 1.664


Trial 33: qplus Stimulus Selection
Stimulus: 0.588
Output value 0.852

Q+ parameters
slope: 0.144 semiSat: 0.560 beta: 0.969 sigma: 0.114 
maxBOLD estimate = 1.612


Trial 34: qplus Stimulus Selection
Stimulus: 0.505
Output value 0.000

Q+ parameters
slope: 0.183 semiSat: 0.560 beta: 1.062 sigma: 0.114 
maxBOLD estimate = 1.561


Trial 35: maxBOLD Stimulus Selection
Stimulus: 1.000
Output value 1.315

Q+ parameters
slope: 0.144 semiSat: 0.560 beta: 0.969 sigma: 0.114 
maxBOLD estimate = 1.659


Trial 36: qplus Stimulus Selection
Stimulus: 0.588
Output value 1.552

Q+ parameters
slope: 0.183 semiSat: 0.560 beta: 1.062 sigma: 0.166 
maxBOLD estimate = 1.607


Trial 37: qplus Stimulus Selection
Stimulus: 0.505
Output value 0.601

Q+ parameters
slope: 0.144 semiSat: 0.560 beta: 0.969 sigma: 0.114 
maxBOLD estimate = 1.707


Trial 38: qplus Stimulus Selection
Stimulus: 0.711
Output value 0.987

Q+ parameters
slope: 0.144 semiSat: 0.560 beta: 0.938 sigma: 0.114 
maxBOLD estimate = 1.654


Trial 39: qplus Stimulus Selection
Stimulus: 0.588
Output value 0.546

Q+ parameters
slope: 0.144 semiSat: 0.560 beta: 0.969 sigma: 0.114 
maxBOLD estimate = 1.551


Trial 40: baseline Stimulus Selection
Stimulus: 0.010
Output value -0.290

Q+ parameters
slope: 0.183 semiSat: 0.560 beta: 1.062 sigma: 0.114 
maxBOLD estimate = 1.502


Trial 41: qplus Stimulus Selection
Stimulus: 0.505
Output value 0.281

Q+ parameters
slope: 0.144 semiSat: 0.560 beta: 0.969 sigma: 0.114 
maxBOLD estimate = 1.596


Trial 42: qplus Stimulus Selection
Stimulus: 0.711
Output value 1.634

Q+ parameters
slope: 0.144 semiSat: 0.560 beta: 0.969 sigma: 0.114 
maxBOLD estimate = 1.546


Trial 43: qplus Stimulus Selection
Stimulus: 0.588
Output value 0.396

Q+ parameters
slope: 0.144 semiSat: 0.560 beta: 0.969 sigma: 0.114 
maxBOLD estimate = 1.498


Trial 44: qplus Stimulus Selection
Stimulus: 0.588
Output value 1.402

Q+ parameters
slope: 0.183 semiSat: 0.560 beta: 1.062 sigma: 0.114 
maxBOLD estimate = 1.451


Trial 45: maxBOLD Stimulus Selection
Stimulus: 1.000
Output value 1.358

Q+ parameters
slope: 0.144 semiSat: 0.560 beta: 0.969 sigma: 0.114 
maxBOLD estimate = 1.542


Trial 46: qplus Stimulus Selection
Stimulus: 0.588
Output value 1.010

Q+ parameters
slope: 0.183 semiSat: 0.560 beta: 1.062 sigma: 0.114 
maxBOLD estimate = 1.494


Trial 47: qplus Stimulus Selection
Stimulus: 0.505
Output value 0.140

Q+ parameters
slope: 0.144 semiSat: 0.560 beta: 0.969 sigma: 0.114 
maxBOLD estimate = 1.587


Trial 48: qplus Stimulus Selection
Stimulus: 0.588
Output value 1.083

Q+ parameters
slope: 0.144 semiSat: 0.560 beta: 0.969 sigma: 0.114 
maxBOLD estimate = 1.537


Trial 49: qplus Stimulus Selection
Stimulus: 0.588
Output value 0.719

Q+ parameters
slope: 0.183 semiSat: 0.560 beta: 1.062 sigma: 0.114 
maxBOLD estimate = 1.489


Trial 50: baseline Stimulus Selection
Stimulus: 0.010
Output value -0.139

Q+ parameters
slope: 0.144 semiSat: 0.560 beta: 0.969 sigma: 0.114 
maxBOLD estimate = 1.582


Trial 51: qplus Stimulus Selection
Stimulus: 0.711
Output value 0.975

Q+ parameters
slope: 0.183 semiSat: 0.560 beta: 1.000 sigma: 0.114 
maxBOLD estimate = 1.533


Trial 52: qplus Stimulus Selection
Stimulus: 0.505
Output value 0.296

Q+ parameters
slope: 0.183 semiSat: 0.560 beta: 1.062 sigma: 0.114 
maxBOLD estimate = 1.533


Trial 53: qplus Stimulus Selection
Stimulus: 0.794
Output value 1.578

Q+ parameters
slope: 0.144 semiSat: 0.560 beta: 0.969 sigma: 0.114 
maxBOLD estimate = 1.629


Trial 54: qplus Stimulus Selection
Stimulus: 0.588
Output value 1.524

Q+ parameters
slope: 0.183 semiSat: 0.560 beta: 1.062 sigma: 0.114 
maxBOLD estimate = 1.578


Trial 55: maxBOLD Stimulus Selection
Stimulus: 1.000
Output value 1.624

Q+ parameters
slope: 0.144 semiSat: 0.560 beta: 0.969 sigma: 0.114 
maxBOLD estimate = 1.676


Trial 56: qplus Stimulus Selection
Stimulus: 0.711
Output value 1.716

Q+ parameters
slope: 0.144 semiSat: 0.560 beta: 0.969 sigma: 0.114 
maxBOLD estimate = 1.624


Trial 57: qplus Stimulus Selection
Stimulus: 0.588
Output value 0.912

Q+ parameters
slope: 0.183 semiSat: 0.560 beta: 1.062 sigma: 0.114 
maxBOLD estimate = 1.573


Trial 58: qplus Stimulus Selection
Stimulus: 0.794
Output value 1.767

Q+ parameters
slope: 0.144 semiSat: 0.560 beta: 0.969 sigma: 0.114 
maxBOLD estimate = 1.672


Trial 59: qplus Stimulus Selection
Stimulus: 0.588
Output value 0.285

Q+ parameters
slope: 0.144 semiSat: 0.560 beta: 0.969 sigma: 0.114 
maxBOLD estimate = 1.619


Trial 60: baseline Stimulus Selection
Stimulus: 0.010
Output value -0.152

Q+ parameters
slope: 0.183 semiSat: 0.560 beta: 1.062 sigma: 0.114 
maxBOLD estimate = 1.569


Trial 61: qplus Stimulus Selection
Stimulus: 0.505
Output value 0.440

Q+ parameters
slope: 0.144 semiSat: 0.560 beta: 0.969 sigma: 0.114 
maxBOLD estimate = 1.667


Trial 62: qplus Stimulus Selection
Stimulus: 0.588
Output value 0.156

Q+ parameters
slope: 0.183 semiSat: 0.560 beta: 1.062 sigma: 0.114 
maxBOLD estimate = 1.615


Trial 63: qplus Stimulus Selection
Stimulus: 0.794
Output value 1.209

Q+ parameters
slope: 0.144 semiSat: 0.560 beta: 0.969 sigma: 0.114 
maxBOLD estimate = 1.716


Trial 64: qplus Stimulus Selection
Stimulus: 0.711
Output value 1.171

Q+ parameters
slope: 0.144 semiSat: 0.560 beta: 0.969 sigma: 0.114 
maxBOLD estimate = 1.662


Trial 65: maxBOLD Stimulus Selection
Stimulus: 1.000
Output value 1.317

Q+ parameters
slope: 0.183 semiSat: 0.560 beta: 1.000 sigma: 0.114 
maxBOLD estimate = 1.610


Trial 66: qplus Stimulus Selection
Stimulus: 0.629
Output value 1.317

Q+ parameters
slope: 0.183 semiSat: 0.560 beta: 1.000 sigma: 0.114 
maxBOLD estimate = 1.610


Trial 67: qplus Stimulus Selection
Stimulus: 0.629
Output value 0.851

Q+ parameters
slope: 0.144 semiSat: 0.560 beta: 0.969 sigma: 0.114 
maxBOLD estimate = 1.610


Trial 68: qplus Stimulus Selection
Stimulus: 0.794
Output value 1.808

Q+ parameters
slope: 0.183 semiSat: 0.560 beta: 1.062 sigma: 0.114 
maxBOLD estimate = 1.560


Trial 69: qplus Stimulus Selection
Stimulus: 0.505
Output value 0.292

Q+ parameters
slope: 0.144 semiSat: 0.560 beta: 0.969 sigma: 0.114 
maxBOLD estimate = 1.657


Trial 70: baseline Stimulus Selection
Stimulus: 0.010
Output value 0.424

Q+ parameters
slope: 0.144 semiSat: 0.560 beta: 0.969 sigma: 0.114 
maxBOLD estimate = 1.605


Trial 71: qplus Stimulus Selection
Stimulus: 0.711
Output value 1.653

Q+ parameters
slope: 0.183 semiSat: 0.560 beta: 1.062 sigma: 0.114 
maxBOLD estimate = 1.555


Trial 72: qplus Stimulus Selection
Stimulus: 0.505
Output value 0.582

Q+ parameters
slope: 0.144 semiSat: 0.560 beta: 0.969 sigma: 0.114 
maxBOLD estimate = 1.653


Trial 73: qplus Stimulus Selection
Stimulus: 0.588
Output value 0.582

Q+ parameters
slope: 0.183 semiSat: 0.560 beta: 1.000 sigma: 0.114 
maxBOLD estimate = 1.601


Trial 74: qplus Stimulus Selection
Stimulus: 0.794
Output value 0.705

Q+ parameters
slope: 0.144 semiSat: 0.560 beta: 0.969 sigma: 0.114 
maxBOLD estimate = 1.601


Trial 75: maxBOLD Stimulus Selection
Stimulus: 1.000
Output value 1.798

Q+ parameters
slope: 0.183 semiSat: 0.560 beta: 1.062 sigma: 0.114 
maxBOLD estimate = 1.551


Trial 76: qplus Stimulus Selection
Stimulus: 0.505
Output value 0.000

Q+ parameters
slope: 0.144 semiSat: 0.560 beta: 0.969 sigma: 0.114 
maxBOLD estimate = 1.648


Trial 77: qplus Stimulus Selection
Stimulus: 0.711
Output value 1.687

Q+ parameters
slope: 0.144 semiSat: 0.560 beta: 0.969 sigma: 0.114 
maxBOLD estimate = 1.596


Trial 78: qplus Stimulus Selection
Stimulus: 0.588
Output value 0.597

Q+ parameters
slope: 0.183 semiSat: 0.560 beta: 1.062 sigma: 0.114 
maxBOLD estimate = 1.546


Trial 79: qplus Stimulus Selection
Stimulus: 0.794
Output value 1.158

Q+ parameters
slope: 0.144 semiSat: 0.560 beta: 0.969 sigma: 0.114 
maxBOLD estimate = 1.643


Trial 80: baseline Stimulus Selection
Stimulus: 0.010
Output value -0.326

Q+ parameters
slope: 0.144 semiSat: 0.560 beta: 1.125 sigma: 0.114 
maxBOLD estimate = 1.592


Trial 81: qplus Stimulus Selection
Stimulus: 0.546
Output value 0.305

Q+ parameters
slope: 0.144 semiSat: 0.560 beta: 0.938 sigma: 0.114 
maxBOLD estimate = 1.791


Trial 82: qplus Stimulus Selection
Stimulus: 0.546
Output value 0.286

Q+ parameters
slope: 0.144 semiSat: 0.560 beta: 0.938 sigma: 0.114 
maxBOLD estimate = 1.679


Trial 83: qplus Stimulus Selection
Stimulus: 0.711
Output value 1.431

Q+ parameters
slope: 0.183 semiSat: 0.560 beta: 1.000 sigma: 0.114 
maxBOLD estimate = 1.574


Trial 84: qplus Stimulus Selection
Stimulus: 0.794
Output value 0.554

Q+ parameters
slope: 0.144 semiSat: 0.560 beta: 0.969 sigma: 0.114 
maxBOLD estimate = 1.574


Trial 85: maxBOLD Stimulus Selection
Stimulus: 1.000
Output value 1.109

Q+ parameters
slope: 0.183 semiSat: 0.560 beta: 1.000 sigma: 0.114 
maxBOLD estimate = 1.525


Trial 86: qplus Stimulus Selection
Stimulus: 0.381
Output value 0.277

Q+ parameters
slope: 0.183 semiSat: 0.560 beta: 1.000 sigma: 0.114 
maxBOLD estimate = 1.525


Trial 87: qplus Stimulus Selection
Stimulus: 0.381
Output value -0.139

Q+ parameters
slope: 0.183 semiSat: 0.560 beta: 1.000 sigma: 0.114 
maxBOLD estimate = 1.525


Trial 88: qplus Stimulus Selection
Stimulus: 0.711
Output value 0.970

Q+ parameters
slope: 0.183 semiSat: 0.560 beta: 1.000 sigma: 0.114 
maxBOLD estimate = 1.525


Trial 89: qplus Stimulus Selection
Stimulus: 0.711
Output value 1.386

Q+ parameters
slope: 0.183 semiSat: 0.560 beta: 1.000 sigma: 0.114 
maxBOLD estimate = 1.525


Trial 90: baseline Stimulus Selection
Stimulus: 0.010
Output value -0.139

Q+ parameters
slope: 0.183 semiSat: 0.560 beta: 1.000 sigma: 0.114 
maxBOLD estimate = 1.525


Trial 91: qplus Stimulus Selection
Stimulus: 0.711
Output value 0.832

Q+ parameters
slope: 0.183 semiSat: 0.560 beta: 1.000 sigma: 0.114 
maxBOLD estimate = 1.525


Trial 92: qplus Stimulus Selection
Stimulus: 0.629
Output value 1.386

Q+ parameters
slope: 0.183 semiSat: 0.560 beta: 1.000 sigma: 0.114 
maxBOLD estimate = 1.525


Trial 93: qplus Stimulus Selection
Stimulus: 0.711
Output value 1.525

Q+ parameters
slope: 0.183 semiSat: 0.560 beta: 1.000 sigma: 0.114 
maxBOLD estimate = 1.525


Trial 94: qplus Stimulus Selection
Stimulus: 0.711
Output value 0.970

Q+ parameters
slope: 0.183 semiSat: 0.560 beta: 1.000 sigma: 0.114 
maxBOLD estimate = 1.525


Trial 95: maxBOLD Stimulus Selection
Stimulus: 1.000
Output value 1.663

Q+ parameters
slope: 0.183 semiSat: 0.560 beta: 1.000 sigma: 0.114 
maxBOLD estimate = 1.525


Trial 96: qplus Stimulus Selection
Stimulus: 0.711
Output value 1.247

Q+ parameters
slope: 0.183 semiSat: 0.560 beta: 1.000 sigma: 0.114 
maxBOLD estimate = 1.525


Trial 97: qplus Stimulus Selection
Stimulus: 0.711
Output value 1.663

Q+ parameters
slope: 0.183 semiSat: 0.560 beta: 1.000 sigma: 0.114 
maxBOLD estimate = 1.525


Trial 98: qplus Stimulus Selection
Stimulus: 0.711
Output value 0.970

Q+ parameters
slope: 0.183 semiSat: 0.560 beta: 1.000 sigma: 0.114 
maxBOLD estimate = 1.525


Trial 99: qplus Stimulus Selection
Stimulus: 0.629
Output value 1.663

Q+ parameters
slope: 0.183 semiSat: 0.560 beta: 1.000 sigma: 0.114 
maxBOLD estimate = 1.525


Trial 100: baseline Stimulus Selection
Stimulus: 0.010
Output value -0.143

Q+ parameters
slope: 0.183 semiSat: 0.560 beta: 1.031 sigma: 0.114 
maxBOLD estimate = 1.525

--------------------------------------------------------------
FINAL VALUES
--------------------------------------------------------------
Simulated parameters:              slope: 0.200 semiSat: 0.570 beta: 1.000 sigma: 0.100 
Max posterior QUEST+ parameters:   slope: 0.183 semiSat: 0.560 beta: 0.938 sigma: 0.114 
Max BADS parameters:               slope: 0.160 semiSat: 0.574 beta: 1.000 sigma: 0.112 
maxBOLD estimate: 1.614
