/blue/stevenweisberg/stevenweisberg/MATLAB/projects/Weisberg_Aguirre_2020/scripts/run_sims
c27a-s1.ufhpc
Wed Apr  7 06:56:27 EDT 2021
mkdir: cannot create directory ‘/blue/stevenweisberg/stevenweisberg/qpfMRIResults/model_parameter_set2/’: File exists
cp: cannot stat ‘/blue/stevenweisberg/stevenweisberg/qpfMRIResults/deploy_sim.sh’: No such file or directory
cp: cannot stat ‘/blue/stevenweisberg/stevenweisberg/qpfMRIResults/sim_wrapper.sh’: No such file or directory
------------------------------------------
Setting up environment variables
---
LD_LIBRARY_PATH is .:/apps/matlab/mcr/2020b/v99/runtime/glnxa64:/apps/matlab/mcr/2020b/v99/bin/glnxa64:/apps/matlab/mcr/2020b/v99/sys/os/glnxa64:/apps/matlab/mcr/2020b/v99/sys/opengl/lib/glnxa64
Warning: Executing startup failed in matlabrc.
This indicates a potentially serious problem in your MATLAB setup, which should be resolved as soon as possible.  Error detected was:
MATLAB:mpath:PathAlterationNotSupported
Modifying the search path is not supported by MATLAB Compiler. Remove functions that modify the search path from your MATLAB code. To make files visible to your deployed application, add the parent folder to your MATLAB session.
Warning: No stimulus domain specified. Defaulting to values between 0.01 and 1.
> In qpfmriParams (line 182)
In compiledSimulate (line 205)
Stimulus domain added from input.
Parameter slope specified as 0.20000
Parameter semiSat specified as 0.57000
Parameter beta specified as 1.00000
Parameter sigma specified as 0.10000
seed = 99seed = 104seed = 111seed = 111seed = 115seed = 101Initializing Q+. This may take a minute...
Elapsed time is 10.139821 seconds.
Simulated parameters:
slope: 0.200 semiSat: 0.570 beta: 1.000 sigma: 0.100 

Trial 1: baseline Stimulus Selection
Stimulus: 0.010
Output value 0.000

Q+ parameters
slope: 0.026 semiSat: 0.890 beta: 0.500 sigma: 0.010 
maxBOLD estimate = 1.000


Trial 2: maxBOLD Stimulus Selection
Stimulus: 1.000
Output value 1.364

Q+ parameters
slope: 0.055 semiSat: 0.670 beta: 1.250 sigma: 0.010 
maxBOLD estimate = 1.000


Trial 3: baseline Stimulus Selection
Stimulus: 0.010
Output value 0.000

Q+ parameters
slope: 0.055 semiSat: 0.670 beta: 1.250 sigma: 0.010 
maxBOLD estimate = 1.250


Trial 4: maxBOLD Stimulus Selection
Stimulus: 1.000
Output value 1.420

Q+ parameters
slope: 0.043 semiSat: 0.780 beta: 1.250 sigma: 0.114 
maxBOLD estimate = 1.562


Trial 5: baseline Stimulus Selection
Stimulus: 0.010
Output value 0.172

Q+ parameters
slope: 0.043 semiSat: 0.780 beta: 0.969 sigma: 0.114 
maxBOLD estimate = 1.953


Trial 6: maxBOLD Stimulus Selection
Stimulus: 1.000
Output value 1.290

Q+ parameters
slope: 0.034 semiSat: 1.000 beta: 1.250 sigma: 0.062 
maxBOLD estimate = 1.892


Trial 7: random Stimulus Selection
Stimulus: 0.794
Output value 0.860

Q+ parameters
slope: 0.616 semiSat: 0.120 beta: 0.500 sigma: 0.062 
maxBOLD estimate = 2.365


Trial 8: random Stimulus Selection
Stimulus: 0.257
Output value 0.323

Q+ parameters
slope: 0.070 semiSat: 0.560 beta: 1.500 sigma: 0.062 
maxBOLD estimate = 1.183


Trial 9: random Stimulus Selection
Stimulus: 1.000
Output value 1.552

Q+ parameters
slope: 0.070 semiSat: 0.450 beta: 0.875 sigma: 0.114 
maxBOLD estimate = 1.774


Trial 10: baseline Stimulus Selection
Stimulus: 0.010
Output value 0.141

Q+ parameters
slope: 0.089 semiSat: 0.450 beta: 1.000 sigma: 0.114 
maxBOLD estimate = 1.552


Trial 11: random Stimulus Selection
Stimulus: 0.670
Output value 1.094

Q+ parameters
slope: 0.070 semiSat: 0.450 beta: 0.969 sigma: 0.114 
maxBOLD estimate = 1.552


Trial 12: random Stimulus Selection
Stimulus: 0.959
Output value 1.367

Q+ parameters
slope: 0.089 semiSat: 0.450 beta: 1.000 sigma: 0.114 
maxBOLD estimate = 1.504


Trial 13: random Stimulus Selection
Stimulus: 0.588
Output value 0.410

Q+ parameters
slope: 0.234 semiSat: 0.670 beta: 1.500 sigma: 0.114 
maxBOLD estimate = 1.504


Trial 14: random Stimulus Selection
Stimulus: 0.629
Output value 0.769

Q+ parameters
slope: 0.055 semiSat: 0.560 beta: 0.750 sigma: 0.114 
maxBOLD estimate = 2.255


Trial 15: maxBOLD Stimulus Selection
Stimulus: 1.000
Output value 1.346

Q+ parameters
slope: 0.089 semiSat: 0.560 beta: 0.875 sigma: 0.114 
maxBOLD estimate = 1.692


Trial 16: random Stimulus Selection
Stimulus: 0.876
Output value 1.076

Q+ parameters
slope: 0.089 semiSat: 0.560 beta: 1.000 sigma: 0.114 
maxBOLD estimate = 1.480


Trial 17: random Stimulus Selection
Stimulus: 0.753
Output value 1.346

Q+ parameters
slope: 0.113 semiSat: 0.560 beta: 1.000 sigma: 0.114 
maxBOLD estimate = 1.480


Trial 18: random Stimulus Selection
Stimulus: 0.216
Output value -0.202

Q+ parameters
slope: 0.144 semiSat: 0.670 beta: 1.500 sigma: 0.114 
maxBOLD estimate = 1.480


Trial 19: random Stimulus Selection
Stimulus: 0.051
Output value 0.151

Q+ parameters
slope: 0.055 semiSat: 0.560 beta: 0.750 sigma: 0.114 
maxBOLD estimate = 2.220


Trial 20: baseline Stimulus Selection
Stimulus: 0.010
Output value 0.000

Q+ parameters
slope: 0.089 semiSat: 0.560 beta: 0.875 sigma: 0.114 
maxBOLD estimate = 1.665


Trial 21: random Stimulus Selection
Stimulus: 0.711
Output value 1.391

Q+ parameters
slope: 0.070 semiSat: 0.670 beta: 1.500 sigma: 0.114 
maxBOLD estimate = 1.457


Trial 22: random Stimulus Selection
Stimulus: 0.629
Output value 0.745

Q+ parameters
slope: 0.055 semiSat: 0.560 beta: 0.750 sigma: 0.062 
maxBOLD estimate = 2.185


Trial 23: random Stimulus Selection
Stimulus: 0.216
Output value -0.279

Q+ parameters
slope: 0.113 semiSat: 0.560 beta: 0.938 sigma: 0.114 
maxBOLD estimate = 1.639


Trial 24: random Stimulus Selection
Stimulus: 0.010
Output value 0.140

Q+ parameters
slope: 0.089 semiSat: 0.560 beta: 1.000 sigma: 0.114 
maxBOLD estimate = 1.537


Trial 25: maxBOLD Stimulus Selection
Stimulus: 1.000
Output value 1.397

Q+ parameters
slope: 0.089 semiSat: 0.560 beta: 1.000 sigma: 0.114 
maxBOLD estimate = 1.537


Trial 26: random Stimulus Selection
Stimulus: 0.381
Output value 0.279

Q+ parameters
slope: 0.089 semiSat: 0.560 beta: 1.000 sigma: 0.114 
maxBOLD estimate = 1.537


Trial 27: random Stimulus Selection
Stimulus: 0.051
Output value 0.000

Q+ parameters
slope: 0.089 semiSat: 0.560 beta: 1.000 sigma: 0.114 
maxBOLD estimate = 1.537


Trial 28: random Stimulus Selection
Stimulus: 0.546
Output value 0.000

Q+ parameters
slope: 0.144 semiSat: 0.670 beta: 1.500 sigma: 0.114 
maxBOLD estimate = 1.537


Trial 29: random Stimulus Selection
Stimulus: 0.257
Output value -0.157

Q+ parameters
slope: 0.070 semiSat: 0.670 beta: 0.750 sigma: 0.062 
maxBOLD estimate = 2.305


Trial 30: baseline Stimulus Selection
Stimulus: 0.010
Output value 0.000

Q+ parameters
slope: 0.234 semiSat: 0.560 beta: 0.750 sigma: 0.114 
maxBOLD estimate = 1.729


Trial 31: random Stimulus Selection
Stimulus: 0.505
Output value 0.177

Q+ parameters
slope: 0.144 semiSat: 0.670 beta: 1.500 sigma: 0.114 
maxBOLD estimate = 1.297


Trial 32: random Stimulus Selection
Stimulus: 0.092
Output value -0.133

Q+ parameters
slope: 0.234 semiSat: 0.560 beta: 0.750 sigma: 0.114 
maxBOLD estimate = 1.945


Trial 33: random Stimulus Selection
Stimulus: 0.835
Output value 2.387

Q+ parameters
slope: 0.144 semiSat: 0.670 beta: 1.500 sigma: 0.114 
maxBOLD estimate = 1.459


Trial 34: random Stimulus Selection
Stimulus: 0.092
Output value -0.298

Q+ parameters
slope: 0.183 semiSat: 0.670 beta: 0.750 sigma: 0.062 
maxBOLD estimate = 2.188


Trial 35: maxBOLD Stimulus Selection
Stimulus: 1.000
Output value 1.044

Q+ parameters
slope: 0.234 semiSat: 0.560 beta: 0.875 sigma: 0.114 
maxBOLD estimate = 1.641


Trial 36: random Stimulus Selection
Stimulus: 0.753
Output value 1.958

Q+ parameters
slope: 0.144 semiSat: 0.670 beta: 1.500 sigma: 0.114 
maxBOLD estimate = 1.436


Trial 37: random Stimulus Selection
Stimulus: 0.546
Output value 0.441

Q+ parameters
slope: 0.183 semiSat: 0.670 beta: 0.750 sigma: 0.062 
maxBOLD estimate = 2.154


Trial 38: random Stimulus Selection
Stimulus: 0.299
Output value 0.257

Q+ parameters
slope: 0.234 semiSat: 0.560 beta: 0.875 sigma: 0.114 
maxBOLD estimate = 1.615


Trial 39: random Stimulus Selection
Stimulus: 0.753
Output value 2.313

Q+ parameters
slope: 0.144 semiSat: 0.670 beta: 1.500 sigma: 0.114 
maxBOLD estimate = 1.413


Trial 40: baseline Stimulus Selection
Stimulus: 0.010
Output value 0.289

Q+ parameters
slope: 0.183 semiSat: 0.670 beta: 0.750 sigma: 0.114 
maxBOLD estimate = 2.120


Trial 41: random Stimulus Selection
Stimulus: 0.876
Output value 1.138

Q+ parameters
slope: 0.234 semiSat: 0.560 beta: 0.875 sigma: 0.114 
maxBOLD estimate = 1.590


Trial 42: random Stimulus Selection
Stimulus: 0.092
Output value 0.190

Q+ parameters
slope: 0.144 semiSat: 0.670 beta: 1.500 sigma: 0.114 
maxBOLD estimate = 1.391


Trial 43: random Stimulus Selection
Stimulus: 0.670
Output value 0.854

Q+ parameters
slope: 0.183 semiSat: 0.670 beta: 0.750 sigma: 0.114 
maxBOLD estimate = 2.087


Trial 44: random Stimulus Selection
Stimulus: 1.000
Output value 1.245

Q+ parameters
slope: 0.234 semiSat: 0.560 beta: 0.875 sigma: 0.114 
maxBOLD estimate = 1.565


Trial 45: maxBOLD Stimulus Selection
Stimulus: 1.000
Output value 1.868

Q+ parameters
slope: 0.144 semiSat: 0.670 beta: 1.500 sigma: 0.114 
maxBOLD estimate = 1.370


Trial 46: random Stimulus Selection
Stimulus: 0.711
Output value 0.420

Q+ parameters
slope: 0.144 semiSat: 0.560 beta: 0.750 sigma: 0.114 
maxBOLD estimate = 2.054


Trial 47: random Stimulus Selection
Stimulus: 0.753
Output value 0.980

Q+ parameters
slope: 0.234 semiSat: 0.560 beta: 0.875 sigma: 0.114 
maxBOLD estimate = 1.541


Trial 48: random Stimulus Selection
Stimulus: 0.546
Output value 0.735

Q+ parameters
slope: 0.089 semiSat: 0.670 beta: 1.500 sigma: 0.114 
maxBOLD estimate = 1.348


Trial 49: random Stimulus Selection
Stimulus: 0.051
Output value -0.276

Q+ parameters
slope: 0.183 semiSat: 0.670 beta: 0.750 sigma: 0.114 
maxBOLD estimate = 2.022


Trial 50: baseline Stimulus Selection
Stimulus: 0.010
Output value 0.000

Q+ parameters
slope: 0.234 semiSat: 0.560 beta: 0.875 sigma: 0.114 
maxBOLD estimate = 1.517


Trial 51: random Stimulus Selection
Stimulus: 0.257
Output value -0.362

Q+ parameters
slope: 0.113 semiSat: 0.670 beta: 1.500 sigma: 0.114 
maxBOLD estimate = 1.327


Trial 52: random Stimulus Selection
Stimulus: 0.794
Output value 1.108

Q+ parameters
slope: 0.113 semiSat: 0.670 beta: 0.875 sigma: 0.114 
maxBOLD estimate = 1.991


Trial 53: random Stimulus Selection
Stimulus: 0.629
Output value 0.831

Q+ parameters
slope: 0.234 semiSat: 0.560 beta: 0.750 sigma: 0.114 
maxBOLD estimate = 1.742


Trial 54: random Stimulus Selection
Stimulus: 0.092
Output value 0.356

Q+ parameters
slope: 0.089 semiSat: 0.670 beta: 1.500 sigma: 0.114 
maxBOLD estimate = 1.306


Trial 55: maxBOLD Stimulus Selection
Stimulus: 1.000
Output value 1.202

Q+ parameters
slope: 0.234 semiSat: 0.560 beta: 0.750 sigma: 0.114 
maxBOLD estimate = 1.960


Trial 56: random Stimulus Selection
Stimulus: 0.588
Output value 0.701

Q+ parameters
slope: 0.234 semiSat: 0.560 beta: 0.875 sigma: 0.114 
maxBOLD estimate = 1.470


Trial 57: random Stimulus Selection
Stimulus: 0.835
Output value 2.104

Q+ parameters
slope: 0.089 semiSat: 0.670 beta: 1.500 sigma: 0.114 
maxBOLD estimate = 1.286


Trial 58: random Stimulus Selection
Stimulus: 1.000
Output value 1.052

Q+ parameters
slope: 0.234 semiSat: 0.560 beta: 0.750 sigma: 0.114 
maxBOLD estimate = 1.929


Trial 59: random Stimulus Selection
Stimulus: 0.051
Output value -0.197

Q+ parameters
slope: 0.089 semiSat: 0.670 beta: 1.500 sigma: 0.114 
maxBOLD estimate = 1.447


Trial 60: baseline Stimulus Selection
Stimulus: 0.010
Output value 0.148

Q+ parameters
slope: 0.089 semiSat: 0.670 beta: 0.750 sigma: 0.114 
maxBOLD estimate = 2.170


Trial 61: random Stimulus Selection
Stimulus: 0.918
Output value 0.777

Q+ parameters
slope: 0.113 semiSat: 0.560 beta: 0.875 sigma: 0.114 
maxBOLD estimate = 1.628


Trial 62: random Stimulus Selection
Stimulus: 0.381
Output value -0.251

Q+ parameters
slope: 0.234 semiSat: 0.560 beta: 0.969 sigma: 0.114 
maxBOLD estimate = 1.424


Trial 63: random Stimulus Selection
Stimulus: 1.000
Output value 1.215

Q+ parameters
slope: 0.234 semiSat: 0.560 beta: 0.969 sigma: 0.114 
maxBOLD estimate = 1.380


Trial 64: random Stimulus Selection
Stimulus: 0.381
Output value 0.000

Q+ parameters
slope: 0.234 semiSat: 0.560 beta: 0.969 sigma: 0.114 
maxBOLD estimate = 1.336


Trial 65: maxBOLD Stimulus Selection
Stimulus: 1.000
Output value 1.501

Q+ parameters
slope: 0.183 semiSat: 0.560 beta: 1.062 sigma: 0.114 
maxBOLD estimate = 1.295


Trial 66: random Stimulus Selection
Stimulus: 0.134
Output value 0.242

Q+ parameters
slope: 0.234 semiSat: 0.560 beta: 0.969 sigma: 0.114 
maxBOLD estimate = 1.376


Trial 67: random Stimulus Selection
Stimulus: 0.010
Output value 0.469

Q+ parameters
slope: 0.234 semiSat: 0.560 beta: 0.969 sigma: 0.114 
maxBOLD estimate = 1.333


Trial 68: random Stimulus Selection
Stimulus: 0.835
Output value 1.496

Q+ parameters
slope: 0.183 semiSat: 0.560 beta: 1.062 sigma: 0.114 
maxBOLD estimate = 1.291


Trial 69: random Stimulus Selection
Stimulus: 0.464
Output value 0.000

Q+ parameters
slope: 0.234 semiSat: 0.560 beta: 0.969 sigma: 0.114 
maxBOLD estimate = 1.372


Trial 70: baseline Stimulus Selection
Stimulus: 0.010
Output value 0.234

Q+ parameters
slope: 0.234 semiSat: 0.560 beta: 0.969 sigma: 0.114 
maxBOLD estimate = 1.329


Trial 71: random Stimulus Selection
Stimulus: 0.835
Output value 2.107

Q+ parameters
slope: 0.144 semiSat: 0.670 beta: 1.500 sigma: 0.114 
maxBOLD estimate = 1.287


Trial 72: random Stimulus Selection
Stimulus: 0.051
Output value 0.000

Q+ parameters
slope: 0.234 semiSat: 0.560 beta: 0.750 sigma: 0.114 
maxBOLD estimate = 1.931


Trial 73: random Stimulus Selection
Stimulus: 0.423
Output value 0.346

Q+ parameters
slope: 0.234 semiSat: 0.560 beta: 0.875 sigma: 0.114 
maxBOLD estimate = 1.448


Trial 74: random Stimulus Selection
Stimulus: 0.257
Output value -0.173

Q+ parameters
slope: 0.089 semiSat: 0.670 beta: 1.500 sigma: 0.114 
maxBOLD estimate = 1.267


Trial 75: maxBOLD Stimulus Selection
Stimulus: 1.000
Output value 0.907

Q+ parameters
slope: 0.234 semiSat: 0.560 beta: 0.750 sigma: 0.114 
maxBOLD estimate = 1.901


Trial 76: random Stimulus Selection
Stimulus: 1.000
Output value 0.907

Q+ parameters
slope: 0.234 semiSat: 0.560 beta: 0.875 sigma: 0.114 
maxBOLD estimate = 1.426


Trial 77: random Stimulus Selection
Stimulus: 0.175
Output value 0.482

Q+ parameters
slope: 0.183 semiSat: 0.560 beta: 1.062 sigma: 0.114 
maxBOLD estimate = 1.247


Trial 78: random Stimulus Selection
Stimulus: 0.092
Output value -0.181

Q+ parameters
slope: 0.089 semiSat: 0.670 beta: 1.500 sigma: 0.114 
maxBOLD estimate = 1.325


Trial 79: random Stimulus Selection
Stimulus: 0.299
Output value -0.136

Q+ parameters
slope: 0.183 semiSat: 0.560 beta: 0.750 sigma: 0.114 
maxBOLD estimate = 1.988


Trial 80: baseline Stimulus Selection
Stimulus: 0.010
Output value 0.237

Q+ parameters
slope: 0.234 semiSat: 0.560 beta: 0.875 sigma: 0.114 
maxBOLD estimate = 1.491


Trial 81: random Stimulus Selection
Stimulus: 0.381
Output value 0.000

Q+ parameters
slope: 0.089 semiSat: 0.670 beta: 1.500 sigma: 0.114 
maxBOLD estimate = 1.305


Trial 82: random Stimulus Selection
Stimulus: 0.711
Output value 0.801

Q+ parameters
slope: 0.183 semiSat: 0.560 beta: 0.750 sigma: 0.114 
maxBOLD estimate = 1.957


Trial 83: random Stimulus Selection
Stimulus: 0.175
Output value -0.117

Q+ parameters
slope: 0.234 semiSat: 0.560 beta: 0.875 sigma: 0.114 
maxBOLD estimate = 1.468


Trial 84: random Stimulus Selection
Stimulus: 0.835
Output value 1.751

Q+ parameters
slope: 0.089 semiSat: 0.670 beta: 1.500 sigma: 0.114 
maxBOLD estimate = 1.284


Trial 85: maxBOLD Stimulus Selection
Stimulus: 1.000
Output value 0.657

Q+ parameters
slope: 0.183 semiSat: 0.560 beta: 0.750 sigma: 0.114 
maxBOLD estimate = 1.926


Trial 86: random Stimulus Selection
Stimulus: 0.257
Output value -0.230

Q+ parameters
slope: 0.234 semiSat: 0.560 beta: 0.875 sigma: 0.114 
maxBOLD estimate = 1.445


Trial 87: random Stimulus Selection
Stimulus: 1.000
Output value 1.552

Q+ parameters
slope: 0.089 semiSat: 0.670 beta: 1.500 sigma: 0.114 
maxBOLD estimate = 1.264


Trial 88: random Stimulus Selection
Stimulus: 0.505
Output value 0.000

Q+ parameters
slope: 0.234 semiSat: 0.560 beta: 0.750 sigma: 0.114 
maxBOLD estimate = 1.896


Trial 89: random Stimulus Selection
Stimulus: 0.299
Output value -0.226

Q+ parameters
slope: 0.234 semiSat: 0.560 beta: 0.875 sigma: 0.114 
maxBOLD estimate = 1.422


Trial 90: baseline Stimulus Selection
Stimulus: 0.010
Output value -0.339

Q+ parameters
slope: 0.144 semiSat: 0.670 beta: 1.500 sigma: 0.114 
maxBOLD estimate = 1.244


Trial 91: random Stimulus Selection
Stimulus: 0.505
Output value -0.127

Q+ parameters
slope: 0.298 semiSat: 0.560 beta: 0.750 sigma: 0.114 
maxBOLD estimate = 1.867


Trial 92: random Stimulus Selection
Stimulus: 0.134
Output value 0.247

Q+ parameters
slope: 0.234 semiSat: 0.560 beta: 0.969 sigma: 0.114 
maxBOLD estimate = 1.400


Trial 93: random Stimulus Selection
Stimulus: 0.092
Output value 0.239

Q+ parameters
slope: 0.234 semiSat: 0.560 beta: 0.969 sigma: 0.114 
maxBOLD estimate = 1.356


Trial 94: random Stimulus Selection
Stimulus: 0.711
Output value 1.971

Q+ parameters
slope: 0.144 semiSat: 0.670 beta: 1.500 sigma: 0.114 
maxBOLD estimate = 1.314


Trial 95: maxBOLD Stimulus Selection
Stimulus: 1.000
Output value 1.209

Q+ parameters
slope: 0.183 semiSat: 0.670 beta: 0.750 sigma: 0.114 
maxBOLD estimate = 1.971


Trial 96: random Stimulus Selection
Stimulus: 0.959
Output value 1.176

Q+ parameters
slope: 0.234 semiSat: 0.560 beta: 0.875 sigma: 0.114 
maxBOLD estimate = 1.478


Trial 97: random Stimulus Selection
Stimulus: 0.010
Output value 0.000

Q+ parameters
slope: 0.144 semiSat: 0.670 beta: 1.500 sigma: 0.114 
maxBOLD estimate = 1.293


Trial 98: random Stimulus Selection
Stimulus: 0.629
Output value 0.926

Q+ parameters
slope: 0.298 semiSat: 0.560 beta: 0.750 sigma: 0.114 
maxBOLD estimate = 1.940


Trial 99: random Stimulus Selection
Stimulus: 0.876
Output value 1.389

Q+ parameters
slope: 0.234 semiSat: 0.560 beta: 0.875 sigma: 0.114 
maxBOLD estimate = 1.455


Trial 100: baseline Stimulus Selection
Stimulus: 0.010
Output value 0.521

Q+ parameters
slope: 0.144 semiSat: 0.670 beta: 1.500 sigma: 0.114 
maxBOLD estimate = 1.273

--------------------------------------------------------------
FINAL VALUES
--------------------------------------------------------------
Simulated parameters:              slope: 0.200 semiSat: 0.570 beta: 1.000 sigma: 0.100 
Max posterior QUEST+ parameters:   slope: 0.298 semiSat: 0.560 beta: 0.750 sigma: 0.114 
Max BADS parameters:               slope: 0.068 semiSat: 0.738 beta: 1.000 sigma: 0.117 
maxBOLD estimate: 1.904
