/blue/stevenweisberg/stevenweisberg/MATLAB/projects/Weisberg_Aguirre_2020/scripts/run_sims
c30a-s24.ufhpc
Sat Nov 14 00:15:07 EST 2020
mkdir: cannot create directory ‘/blue/stevenweisberg/stevenweisberg/qpfMRIResults/model_parameter_set1/’: File exists
cp: cannot stat ‘/blue/stevenweisberg/stevenweisberg/qpfMRIResults/deploy_sim.sh’: No such file or directory
cp: cannot stat ‘/blue/stevenweisberg/stevenweisberg/qpfMRIResults/sim_wrapper.sh’: No such file or directory
------------------------------------------
Setting up environment variables
---
LD_LIBRARY_PATH is .:/apps/matlab/mcr/2020b/v99/runtime/glnxa64:/apps/matlab/mcr/2020b/v99/bin/glnxa64:/apps/matlab/mcr/2020b/v99/sys/os/glnxa64:/apps/matlab/mcr/2020b/v99/sys/opengl/lib/glnxa64
Warning: Executing startup failed in matlabrc.
This indicates a potentially serious problem in your MATLAB setup, which should be resolved as soon as possible.  Error detected was:
MATLAB:mpath:PathAlterationNotSupported
Modifying the search path is not supported by MATLAB Compiler. Remove functions that modify the search path from your MATLAB code. To make files visible to your deployed application, add the parent folder to your MATLAB session.
Warning: No stimulus domain specified. Defaulting to values between 0.01 and 1.
> In qpfmriParams (line 182)
In compiledSimulate (line 205)
Stimulus domain added from input.
Parameter slope specified as 0.41000
Parameter semiSat specified as 0.57000
Parameter beta specified as 1.00000
Parameter sigma specified as 0.05000
seed = 99seed = 104seed = 111seed = 111seed = 115seed = 101Initializing Q+. This may take a minute...
Elapsed time is 10.084215 seconds.
Simulated parameters:
slope: 0.410 semiSat: 0.570 beta: 1.000 sigma: 0.050 

Trial 1: baseline Stimulus Selection
Stimulus: 0.010
Output value 0.000

Q+ parameters
slope: 0.026 semiSat: 0.890 beta: 0.500 sigma: 0.010 
maxBOLD estimate = 1.000


Trial 2: maxBOLD Stimulus Selection
Stimulus: 1.000
Output value 1.364

Q+ parameters
slope: 0.055 semiSat: 0.670 beta: 1.250 sigma: 0.010 
maxBOLD estimate = 1.000


Trial 3: baseline Stimulus Selection
Stimulus: 0.010
Output value 0.000

Q+ parameters
slope: 0.055 semiSat: 0.670 beta: 1.250 sigma: 0.010 
maxBOLD estimate = 1.250


Trial 4: maxBOLD Stimulus Selection
Stimulus: 1.000
Output value 1.598

Q+ parameters
slope: 0.055 semiSat: 0.670 beta: 1.125 sigma: 0.062 
maxBOLD estimate = 1.562


Trial 5: baseline Stimulus Selection
Stimulus: 0.010
Output value 0.000

Q+ parameters
slope: 0.043 semiSat: 0.780 beta: 1.125 sigma: 0.010 
maxBOLD estimate = 1.758


Trial 6: maxBOLD Stimulus Selection
Stimulus: 1.000
Output value 1.393

Q+ parameters
slope: 0.043 semiSat: 0.780 beta: 0.969 sigma: 0.010 
maxBOLD estimate = 1.978


Trial 7: random Stimulus Selection
Stimulus: 0.257
Output value 0.169

Q+ parameters
slope: 0.043 semiSat: 0.780 beta: 0.969 sigma: 0.062 
maxBOLD estimate = 1.916


Trial 8: random Stimulus Selection
Stimulus: 0.505
Output value 0.000

Q+ parameters
slope: 0.089 semiSat: 0.890 beta: 0.969 sigma: 0.062 
maxBOLD estimate = 1.856


Trial 9: random Stimulus Selection
Stimulus: 0.175
Output value -0.368

Q+ parameters
slope: 0.089 semiSat: 0.890 beta: 1.125 sigma: 0.062 
maxBOLD estimate = 1.798


Trial 10: baseline Stimulus Selection
Stimulus: 0.010
Output value -0.178

Q+ parameters
slope: 0.089 semiSat: 0.890 beta: 0.969 sigma: 0.062 
maxBOLD estimate = 2.023


Trial 11: random Stimulus Selection
Stimulus: 0.546
Output value 0.534

Q+ parameters
slope: 0.298 semiSat: 0.560 beta: 0.750 sigma: 0.062 
maxBOLD estimate = 1.959


Trial 12: random Stimulus Selection
Stimulus: 0.381
Output value -0.129

Q+ parameters
slope: 0.379 semiSat: 0.560 beta: 0.969 sigma: 0.062 
maxBOLD estimate = 1.470


Trial 13: random Stimulus Selection
Stimulus: 0.505
Output value 0.251

Q+ parameters
slope: 0.379 semiSat: 0.560 beta: 0.969 sigma: 0.062 
maxBOLD estimate = 1.424


Trial 14: random Stimulus Selection
Stimulus: 0.753
Output value 1.693

Q+ parameters
slope: 0.379 semiSat: 0.560 beta: 1.125 sigma: 0.062 
maxBOLD estimate = 1.379


Trial 15: maxBOLD Stimulus Selection
Stimulus: 1.000
Output value 1.503

Q+ parameters
slope: 0.379 semiSat: 0.560 beta: 0.969 sigma: 0.062 
maxBOLD estimate = 1.552


Trial 16: random Stimulus Selection
Stimulus: 0.876
Output value 1.324

Q+ parameters
slope: 0.379 semiSat: 0.560 beta: 0.969 sigma: 0.062 
maxBOLD estimate = 1.503


Trial 17: random Stimulus Selection
Stimulus: 0.546
Output value 0.513

Q+ parameters
slope: 0.379 semiSat: 0.560 beta: 0.969 sigma: 0.062 
maxBOLD estimate = 1.456


Trial 18: random Stimulus Selection
Stimulus: 0.835
Output value 1.635

Q+ parameters
slope: 0.379 semiSat: 0.560 beta: 1.062 sigma: 0.062 
maxBOLD estimate = 1.411


Trial 19: random Stimulus Selection
Stimulus: 0.464
Output value 0.145

Q+ parameters
slope: 0.379 semiSat: 0.560 beta: 1.062 sigma: 0.062 
maxBOLD estimate = 1.499


Trial 20: baseline Stimulus Selection
Stimulus: 0.010
Output value 0.127

Q+ parameters
slope: 0.379 semiSat: 0.560 beta: 0.875 sigma: 0.062 
maxBOLD estimate = 1.592


Trial 21: random Stimulus Selection
Stimulus: 0.464
Output value -0.135

Q+ parameters
slope: 0.379 semiSat: 0.560 beta: 1.062 sigma: 0.062 
maxBOLD estimate = 1.393


Trial 22: random Stimulus Selection
Stimulus: 0.216
Output value 0.261

Q+ parameters
slope: 0.379 semiSat: 0.560 beta: 0.969 sigma: 0.062 
maxBOLD estimate = 1.480


Trial 23: random Stimulus Selection
Stimulus: 0.835
Output value 1.662

Q+ parameters
slope: 0.379 semiSat: 0.560 beta: 1.062 sigma: 0.062 
maxBOLD estimate = 1.434


Trial 24: random Stimulus Selection
Stimulus: 0.381
Output value 0.268

Q+ parameters
slope: 0.379 semiSat: 0.560 beta: 0.969 sigma: 0.062 
maxBOLD estimate = 1.524


Trial 25: maxBOLD Stimulus Selection
Stimulus: 1.000
Output value 1.560

Q+ parameters
slope: 0.379 semiSat: 0.560 beta: 0.969 sigma: 0.062 
maxBOLD estimate = 1.476


Trial 26: random Stimulus Selection
Stimulus: 0.876
Output value 1.381

Q+ parameters
slope: 0.379 semiSat: 0.560 beta: 1.062 sigma: 0.062 
maxBOLD estimate = 1.430


Trial 27: random Stimulus Selection
Stimulus: 0.835
Output value 1.606

Q+ parameters
slope: 0.379 semiSat: 0.560 beta: 0.969 sigma: 0.062 
maxBOLD estimate = 1.519


Trial 28: random Stimulus Selection
Stimulus: 0.299
Output value 0.000

Q+ parameters
slope: 0.616 semiSat: 0.560 beta: 1.062 sigma: 0.062 
maxBOLD estimate = 1.472


Trial 29: random Stimulus Selection
Stimulus: 0.423
Output value 0.138

Q+ parameters
slope: 0.379 semiSat: 0.560 beta: 0.969 sigma: 0.062 
maxBOLD estimate = 1.564


Trial 30: baseline Stimulus Selection
Stimulus: 0.010
Output value 0.000

Q+ parameters
slope: 0.379 semiSat: 0.560 beta: 0.969 sigma: 0.062 
maxBOLD estimate = 1.515

--------------------------------------------------------------
FINAL VALUES
--------------------------------------------------------------
Simulated parameters:              slope: 0.410 semiSat: 0.570 beta: 1.000 sigma: 0.050 
Max posterior QUEST+ parameters:   slope: 0.379 semiSat: 0.560 beta: 0.969 sigma: 0.062 
Max BADS parameters:               slope: 0.408 semiSat: 0.560 beta: 1.000 sigma: 0.064 
maxBOLD estimate: 1.494
