/blue/stevenweisberg/stevenweisberg/MATLAB/projects/Weisberg_Aguirre_2020/scripts/run_sims
c29a-s25.ufhpc
Fri Nov 13 23:35:37 EST 2020
mkdir: cannot create directory ‘/blue/stevenweisberg/stevenweisberg/qpfMRIResults/model_parameter_set1/’: File exists
cp: cannot stat ‘/blue/stevenweisberg/stevenweisberg/qpfMRIResults/deploy_sim.sh’: No such file or directory
cp: cannot stat ‘/blue/stevenweisberg/stevenweisberg/qpfMRIResults/sim_wrapper.sh’: No such file or directory
------------------------------------------
Setting up environment variables
---
LD_LIBRARY_PATH is .:/apps/matlab/mcr/2020b/v99/runtime/glnxa64:/apps/matlab/mcr/2020b/v99/bin/glnxa64:/apps/matlab/mcr/2020b/v99/sys/os/glnxa64:/apps/matlab/mcr/2020b/v99/sys/opengl/lib/glnxa64
Warning: Executing startup failed in matlabrc.
This indicates a potentially serious problem in your MATLAB setup, which should be resolved as soon as possible.  Error detected was:
MATLAB:mpath:PathAlterationNotSupported
Modifying the search path is not supported by MATLAB Compiler. Remove functions that modify the search path from your MATLAB code. To make files visible to your deployed application, add the parent folder to your MATLAB session.
Warning: No stimulus domain specified. Defaulting to values between 0.01 and 1.
> In qpfmriParams (line 182)
In compiledSimulate (line 205)
Stimulus domain added from input.
Parameter slope specified as 0.41000
Parameter semiSat specified as 0.57000
Parameter beta specified as 1.00000
Parameter sigma specified as 0.05000
seed = 99seed = 104seed = 111seed = 111seed = 115seed = 101Initializing Q+. This may take a minute...
Elapsed time is 10.031031 seconds.
Simulated parameters:
slope: 0.410 semiSat: 0.570 beta: 1.000 sigma: 0.050 

Trial 1: baseline Stimulus Selection
Stimulus: 0.010
Output value 0.000

Q+ parameters
slope: 0.026 semiSat: 0.890 beta: 0.500 sigma: 0.010 
maxBOLD estimate = 1.000


Trial 2: maxBOLD Stimulus Selection
Stimulus: 1.000
Output value 1.364

Q+ parameters
slope: 0.055 semiSat: 0.670 beta: 1.250 sigma: 0.010 
maxBOLD estimate = 1.000


Trial 3: baseline Stimulus Selection
Stimulus: 0.010
Output value 0.284

Q+ parameters
slope: 0.055 semiSat: 0.670 beta: 1.250 sigma: 0.114 
maxBOLD estimate = 1.250


Trial 4: maxBOLD Stimulus Selection
Stimulus: 1.000
Output value 1.776

Q+ parameters
slope: 0.043 semiSat: 0.780 beta: 1.250 sigma: 0.062 
maxBOLD estimate = 1.562


Trial 5: baseline Stimulus Selection
Stimulus: 0.010
Output value 0.000

Q+ parameters
slope: 0.043 semiSat: 0.780 beta: 0.969 sigma: 0.062 
maxBOLD estimate = 1.953


Trial 6: maxBOLD Stimulus Selection
Stimulus: 1.000
Output value 1.333

Q+ parameters
slope: 0.043 semiSat: 0.780 beta: 0.969 sigma: 0.062 
maxBOLD estimate = 1.892


Trial 7: qplus Stimulus Selection
Stimulus: 0.670
Output value 1.000

Q+ parameters
slope: 0.089 semiSat: 0.340 beta: 0.750 sigma: 0.062 
maxBOLD estimate = 1.833


Trial 8: qplus Stimulus Selection
Stimulus: 0.340
Output value -0.312

Q+ parameters
slope: 0.183 semiSat: 0.560 beta: 1.250 sigma: 0.114 
maxBOLD estimate = 1.375


Trial 9: qplus Stimulus Selection
Stimulus: 0.505
Output value 0.000

Q+ parameters
slope: 0.616 semiSat: 0.560 beta: 0.875 sigma: 0.062 
maxBOLD estimate = 1.718


Trial 10: baseline Stimulus Selection
Stimulus: 0.010
Output value 0.120

Q+ parameters
slope: 0.616 semiSat: 0.560 beta: 0.875 sigma: 0.062 
maxBOLD estimate = 1.504


Trial 11: qplus Stimulus Selection
Stimulus: 0.588
Output value 0.635

Q+ parameters
slope: 0.298 semiSat: 0.560 beta: 1.062 sigma: 0.114 
maxBOLD estimate = 1.316


Trial 12: qplus Stimulus Selection
Stimulus: 0.629
Output value 1.144

Q+ parameters
slope: 0.379 semiSat: 0.560 beta: 1.000 sigma: 0.062 
maxBOLD estimate = 1.398


Trial 13: qplus Stimulus Selection
Stimulus: 0.588
Output value 0.890

Q+ parameters
slope: 0.379 semiSat: 0.560 beta: 1.000 sigma: 0.062 
maxBOLD estimate = 1.398


Trial 14: qplus Stimulus Selection
Stimulus: 0.505
Output value -0.111

Q+ parameters
slope: 0.616 semiSat: 0.560 beta: 0.875 sigma: 0.062 
maxBOLD estimate = 1.398


Trial 15: maxBOLD Stimulus Selection
Stimulus: 1.000
Output value 1.418

Q+ parameters
slope: 0.379 semiSat: 0.560 beta: 1.062 sigma: 0.114 
maxBOLD estimate = 1.223


Trial 16: qplus Stimulus Selection
Stimulus: 0.546
Output value 0.000

Q+ parameters
slope: 0.379 semiSat: 0.560 beta: 1.062 sigma: 0.114 
maxBOLD estimate = 1.300


Trial 17: qplus Stimulus Selection
Stimulus: 0.588
Output value 0.879

Q+ parameters
slope: 0.379 semiSat: 0.560 beta: 1.000 sigma: 0.114 
maxBOLD estimate = 1.381


Trial 18: qplus Stimulus Selection
Stimulus: 0.588
Output value 0.769

Q+ parameters
slope: 0.616 semiSat: 0.560 beta: 0.875 sigma: 0.114 
maxBOLD estimate = 1.381


Trial 19: qplus Stimulus Selection
Stimulus: 0.546
Output value 0.350

Q+ parameters
slope: 0.785 semiSat: 0.560 beta: 1.062 sigma: 0.114 
maxBOLD estimate = 1.208


Trial 20: baseline Stimulus Selection
Stimulus: 0.010
Output value -0.248

Q+ parameters
slope: 0.379 semiSat: 0.560 beta: 1.062 sigma: 0.114 
maxBOLD estimate = 1.284


Trial 21: qplus Stimulus Selection
Stimulus: 0.546
Output value 0.659

Q+ parameters
slope: 0.379 semiSat: 0.560 beta: 1.062 sigma: 0.114 
maxBOLD estimate = 1.364


Trial 22: qplus Stimulus Selection
Stimulus: 0.588
Output value 0.807

Q+ parameters
slope: 0.616 semiSat: 0.560 beta: 0.875 sigma: 0.062 
maxBOLD estimate = 1.449


Trial 23: qplus Stimulus Selection
Stimulus: 0.505
Output value 0.367

Q+ parameters
slope: 0.379 semiSat: 0.560 beta: 1.062 sigma: 0.114 
maxBOLD estimate = 1.268


Trial 24: qplus Stimulus Selection
Stimulus: 0.546
Output value 0.390

Q+ parameters
slope: 0.379 semiSat: 0.560 beta: 1.062 sigma: 0.114 
maxBOLD estimate = 1.347


Trial 25: maxBOLD Stimulus Selection
Stimulus: 1.000
Output value 1.366

Q+ parameters
slope: 0.616 semiSat: 0.560 beta: 0.875 sigma: 0.062 
maxBOLD estimate = 1.432


Trial 26: qplus Stimulus Selection
Stimulus: 0.629
Output value 1.452

Q+ parameters
slope: 0.379 semiSat: 0.560 beta: 1.062 sigma: 0.062 
maxBOLD estimate = 1.253


Trial 27: qplus Stimulus Selection
Stimulus: 0.546
Output value 0.386

Q+ parameters
slope: 0.379 semiSat: 0.560 beta: 1.062 sigma: 0.114 
maxBOLD estimate = 1.331


Trial 28: qplus Stimulus Selection
Stimulus: 0.588
Output value 0.787

Q+ parameters
slope: 0.616 semiSat: 0.560 beta: 0.875 sigma: 0.062 
maxBOLD estimate = 1.414


Trial 29: qplus Stimulus Selection
Stimulus: 0.505
Output value 0.120

Q+ parameters
slope: 0.379 semiSat: 0.560 beta: 1.062 sigma: 0.062 
maxBOLD estimate = 1.237


Trial 30: baseline Stimulus Selection
Stimulus: 0.010
Output value 0.127

Q+ parameters
slope: 0.379 semiSat: 0.560 beta: 1.062 sigma: 0.114 
maxBOLD estimate = 1.315

--------------------------------------------------------------
FINAL VALUES
--------------------------------------------------------------
Simulated parameters:              slope: 0.410 semiSat: 0.570 beta: 1.000 sigma: 0.050 
Max posterior QUEST+ parameters:   slope: 0.616 semiSat: 0.560 beta: 0.875 sigma: 0.062 
Max BADS parameters:               slope: 0.497 semiSat: 0.577 beta: 1.000 sigma: 0.077 
maxBOLD estimate: 1.554
