/blue/stevenweisberg/stevenweisberg/MATLAB/projects/Weisberg_Aguirre_2020/scripts/run_sims
c0706a-s5.ufhpc
Wed Apr  7 08:13:14 EDT 2021
mkdir: cannot create directory ‘/blue/stevenweisberg/stevenweisberg/qpfMRIResults/model_parameter_set2/’: File exists
cp: cannot stat ‘/blue/stevenweisberg/stevenweisberg/qpfMRIResults/deploy_sim.sh’: No such file or directory
cp: cannot stat ‘/blue/stevenweisberg/stevenweisberg/qpfMRIResults/sim_wrapper.sh’: No such file or directory
------------------------------------------
Setting up environment variables
---
LD_LIBRARY_PATH is .:/apps/matlab/mcr/2020b/v99/runtime/glnxa64:/apps/matlab/mcr/2020b/v99/bin/glnxa64:/apps/matlab/mcr/2020b/v99/sys/os/glnxa64:/apps/matlab/mcr/2020b/v99/sys/opengl/lib/glnxa64
Warning: Executing startup failed in matlabrc.
This indicates a potentially serious problem in your MATLAB setup, which should be resolved as soon as possible.  Error detected was:
MATLAB:mpath:PathAlterationNotSupported
Modifying the search path is not supported by MATLAB Compiler. Remove functions that modify the search path from your MATLAB code. To make files visible to your deployed application, add the parent folder to your MATLAB session.
Warning: No stimulus domain specified. Defaulting to values between 0.01 and 1.
> In qpfmriParams (line 182)
In compiledSimulate (line 205)
Stimulus domain added from input.
Parameter slope specified as 0.20000
Parameter semiSat specified as 0.57000
Parameter beta specified as 1.00000
Parameter sigma specified as 0.15000
seed = 99seed = 104seed = 111seed = 111seed = 115seed = 101Initializing Q+. This may take a minute...
Elapsed time is 7.442912 seconds.
Simulated parameters:
slope: 0.200 semiSat: 0.570 beta: 1.000 sigma: 0.150 

Trial 1: baseline Stimulus Selection
Stimulus: 0.010
Output value 0.000

Q+ parameters
slope: 0.026 semiSat: 0.890 beta: 0.500 sigma: 0.010 
maxBOLD estimate = 1.000


Trial 2: maxBOLD Stimulus Selection
Stimulus: 1.000
Output value 1.364

Q+ parameters
slope: 0.055 semiSat: 0.670 beta: 1.250 sigma: 0.010 
maxBOLD estimate = 1.000


Trial 3: baseline Stimulus Selection
Stimulus: 0.010
Output value 0.142

Q+ parameters
slope: 0.055 semiSat: 0.670 beta: 1.250 sigma: 0.062 
maxBOLD estimate = 1.250


Trial 4: maxBOLD Stimulus Selection
Stimulus: 1.000
Output value 1.598

Q+ parameters
slope: 0.055 semiSat: 0.670 beta: 1.125 sigma: 0.062 
maxBOLD estimate = 1.562


Trial 5: baseline Stimulus Selection
Stimulus: 0.010
Output value -0.180

Q+ parameters
slope: 0.055 semiSat: 0.670 beta: 1.125 sigma: 0.114 
maxBOLD estimate = 1.758


Trial 6: maxBOLD Stimulus Selection
Stimulus: 1.000
Output value 1.348

Q+ parameters
slope: 0.043 semiSat: 0.780 beta: 1.250 sigma: 0.166 
maxBOLD estimate = 1.978


Trial 7: qplus Stimulus Selection
Stimulus: 0.505
Output value 0.674

Q+ parameters
slope: 0.055 semiSat: 0.560 beta: 0.750 sigma: 0.062 
maxBOLD estimate = 2.472


Trial 8: qplus Stimulus Selection
Stimulus: 0.711
Output value 1.264

Q+ parameters
slope: 0.070 semiSat: 0.450 beta: 0.938 sigma: 0.114 
maxBOLD estimate = 1.854


Trial 9: qplus Stimulus Selection
Stimulus: 0.381
Output value 0.741

Q+ parameters
slope: 0.070 semiSat: 0.450 beta: 0.938 sigma: 0.062 
maxBOLD estimate = 1.738


Trial 10: baseline Stimulus Selection
Stimulus: 0.010
Output value 0.741

Q+ parameters
slope: 0.089 semiSat: 0.560 beta: 1.000 sigma: 0.166 
maxBOLD estimate = 1.629


Trial 11: qplus Stimulus Selection
Stimulus: 0.588
Output value 0.778

Q+ parameters
slope: 0.089 semiSat: 0.450 beta: 0.875 sigma: 0.114 
maxBOLD estimate = 1.629


Trial 12: qplus Stimulus Selection
Stimulus: 0.505
Output value 0.000

Q+ parameters
slope: 0.070 semiSat: 0.670 beta: 1.500 sigma: 0.166 
maxBOLD estimate = 1.426


Trial 13: qplus Stimulus Selection
Stimulus: 0.629
Output value 0.620

Q+ parameters
slope: 0.043 semiSat: 0.780 beta: 1.062 sigma: 0.114 
maxBOLD estimate = 2.139


Trial 14: qplus Stimulus Selection
Stimulus: 0.753
Output value 0.775

Q+ parameters
slope: 0.055 semiSat: 0.670 beta: 0.750 sigma: 0.114 
maxBOLD estimate = 2.272


Trial 15: maxBOLD Stimulus Selection
Stimulus: 1.000
Output value 2.092

Q+ parameters
slope: 0.055 semiSat: 0.670 beta: 1.125 sigma: 0.114 
maxBOLD estimate = 1.704


Trial 16: qplus Stimulus Selection
Stimulus: 0.629
Output value 1.013

Q+ parameters
slope: 0.055 semiSat: 0.670 beta: 0.969 sigma: 0.114 
maxBOLD estimate = 1.917


Trial 17: qplus Stimulus Selection
Stimulus: 0.588
Output value 0.886

Q+ parameters
slope: 0.089 semiSat: 0.560 beta: 0.875 sigma: 0.114 
maxBOLD estimate = 1.857


Trial 18: qplus Stimulus Selection
Stimulus: 0.629
Output value 1.034

Q+ parameters
slope: 0.089 semiSat: 0.560 beta: 1.000 sigma: 0.114 
maxBOLD estimate = 1.625


Trial 19: qplus Stimulus Selection
Stimulus: 0.464
Output value 0.886

Q+ parameters
slope: 0.070 semiSat: 0.560 beta: 1.000 sigma: 0.114 
maxBOLD estimate = 1.625


Trial 20: baseline Stimulus Selection
Stimulus: 0.010
Output value 0.143

Q+ parameters
slope: 0.070 semiSat: 0.560 beta: 0.969 sigma: 0.114 
maxBOLD estimate = 1.625


Trial 21: qplus Stimulus Selection
Stimulus: 0.464
Output value 0.429

Q+ parameters
slope: 0.070 semiSat: 0.560 beta: 1.000 sigma: 0.114 
maxBOLD estimate = 1.574


Trial 22: qplus Stimulus Selection
Stimulus: 0.505
Output value 1.217

Q+ parameters
slope: 0.070 semiSat: 0.560 beta: 1.062 sigma: 0.114 
maxBOLD estimate = 1.574


Trial 23: qplus Stimulus Selection
Stimulus: 0.464
Output value 0.589

Q+ parameters
slope: 0.070 semiSat: 0.560 beta: 0.969 sigma: 0.114 
maxBOLD estimate = 1.673


Trial 24: qplus Stimulus Selection
Stimulus: 0.381
Output value 0.000

Q+ parameters
slope: 0.070 semiSat: 0.560 beta: 0.969 sigma: 0.114 
maxBOLD estimate = 1.621


Trial 25: maxBOLD Stimulus Selection
Stimulus: 1.000
Output value 1.570

Q+ parameters
slope: 0.070 semiSat: 0.560 beta: 1.000 sigma: 0.114 
maxBOLD estimate = 1.570


Trial 26: qplus Stimulus Selection
Stimulus: 0.381
Output value 0.143

Q+ parameters
slope: 0.070 semiSat: 0.560 beta: 1.000 sigma: 0.114 
maxBOLD estimate = 1.570


Trial 27: qplus Stimulus Selection
Stimulus: 0.464
Output value 0.000

Q+ parameters
slope: 0.113 semiSat: 0.560 beta: 0.938 sigma: 0.114 
maxBOLD estimate = 1.570


Trial 28: qplus Stimulus Selection
Stimulus: 0.670
Output value 1.806

Q+ parameters
slope: 0.113 semiSat: 0.560 beta: 1.125 sigma: 0.166 
maxBOLD estimate = 1.472


Trial 29: qplus Stimulus Selection
Stimulus: 0.505
Output value 0.602

Q+ parameters
slope: 0.113 semiSat: 0.560 beta: 1.000 sigma: 0.166 
maxBOLD estimate = 1.656


Trial 30: baseline Stimulus Selection
Stimulus: 0.010
Output value 0.151

Q+ parameters
slope: 0.113 semiSat: 0.560 beta: 1.000 sigma: 0.166 
maxBOLD estimate = 1.656


Trial 31: qplus Stimulus Selection
Stimulus: 0.629
Output value 1.806

Q+ parameters
slope: 0.113 semiSat: 0.560 beta: 1.000 sigma: 0.166 
maxBOLD estimate = 1.656


Trial 32: qplus Stimulus Selection
Stimulus: 0.505
Output value 1.204

Q+ parameters
slope: 0.113 semiSat: 0.560 beta: 1.000 sigma: 0.166 
maxBOLD estimate = 1.656


Trial 33: qplus Stimulus Selection
Stimulus: 0.505
Output value 0.753

Q+ parameters
slope: 0.113 semiSat: 0.560 beta: 1.000 sigma: 0.166 
maxBOLD estimate = 1.656


Trial 34: qplus Stimulus Selection
Stimulus: 0.588
Output value 1.054

Q+ parameters
slope: 0.113 semiSat: 0.560 beta: 1.000 sigma: 0.114 
maxBOLD estimate = 1.656


Trial 35: maxBOLD Stimulus Selection
Stimulus: 1.000
Output value 1.355

Q+ parameters
slope: 0.113 semiSat: 0.560 beta: 1.000 sigma: 0.114 
maxBOLD estimate = 1.656


Trial 36: qplus Stimulus Selection
Stimulus: 0.588
Output value 1.552

Q+ parameters
slope: 0.113 semiSat: 0.560 beta: 1.031 sigma: 0.166 
maxBOLD estimate = 1.656


Trial 37: qplus Stimulus Selection
Stimulus: 0.505
Output value 0.310

Q+ parameters
slope: 0.113 semiSat: 0.560 beta: 1.000 sigma: 0.166 
maxBOLD estimate = 1.707


Trial 38: qplus Stimulus Selection
Stimulus: 0.670
Output value 1.397

Q+ parameters
slope: 0.113 semiSat: 0.560 beta: 1.000 sigma: 0.166 
maxBOLD estimate = 1.707


Trial 39: qplus Stimulus Selection
Stimulus: 0.423
Output value 0.000

Q+ parameters
slope: 0.113 semiSat: 0.560 beta: 1.000 sigma: 0.166 
maxBOLD estimate = 1.707


Trial 40: baseline Stimulus Selection
Stimulus: 0.010
Output value 0.291

Q+ parameters
slope: 0.113 semiSat: 0.560 beta: 0.938 sigma: 0.114 
maxBOLD estimate = 1.707


Trial 41: qplus Stimulus Selection
Stimulus: 0.670
Output value 1.310

Q+ parameters
slope: 0.113 semiSat: 0.560 beta: 1.000 sigma: 0.166 
maxBOLD estimate = 1.601


Trial 42: qplus Stimulus Selection
Stimulus: 0.505
Output value 0.437

Q+ parameters
slope: 0.113 semiSat: 0.560 beta: 1.000 sigma: 0.166 
maxBOLD estimate = 1.601


Trial 43: qplus Stimulus Selection
Stimulus: 0.505
Output value 0.873

Q+ parameters
slope: 0.113 semiSat: 0.560 beta: 1.000 sigma: 0.166 
maxBOLD estimate = 1.601


Trial 44: qplus Stimulus Selection
Stimulus: 0.629
Output value 1.455

Q+ parameters
slope: 0.113 semiSat: 0.560 beta: 1.000 sigma: 0.166 
maxBOLD estimate = 1.601


Trial 45: maxBOLD Stimulus Selection
Stimulus: 1.000
Output value 1.310

Q+ parameters
slope: 0.113 semiSat: 0.560 beta: 1.000 sigma: 0.166 
maxBOLD estimate = 1.601


Trial 46: qplus Stimulus Selection
Stimulus: 0.505
Output value 1.019

Q+ parameters
slope: 0.113 semiSat: 0.560 beta: 1.000 sigma: 0.166 
maxBOLD estimate = 1.601


Trial 47: qplus Stimulus Selection
Stimulus: 0.670
Output value 1.310

Q+ parameters
slope: 0.113 semiSat: 0.560 beta: 1.000 sigma: 0.166 
maxBOLD estimate = 1.601


Trial 48: qplus Stimulus Selection
Stimulus: 0.629
Output value 1.019

Q+ parameters
slope: 0.113 semiSat: 0.560 beta: 1.000 sigma: 0.166 
maxBOLD estimate = 1.601


Trial 49: qplus Stimulus Selection
Stimulus: 0.464
Output value 0.291

Q+ parameters
slope: 0.113 semiSat: 0.560 beta: 1.000 sigma: 0.166 
maxBOLD estimate = 1.601


Trial 50: baseline Stimulus Selection
Stimulus: 0.010
Output value 0.437

Q+ parameters
slope: 0.113 semiSat: 0.560 beta: 1.000 sigma: 0.166 
maxBOLD estimate = 1.601


Trial 51: qplus Stimulus Selection
Stimulus: 0.670
Output value 1.455

Q+ parameters
slope: 0.113 semiSat: 0.560 beta: 1.000 sigma: 0.166 
maxBOLD estimate = 1.601


Trial 52: qplus Stimulus Selection
Stimulus: 0.505
Output value 0.728

Q+ parameters
slope: 0.113 semiSat: 0.560 beta: 1.000 sigma: 0.166 
maxBOLD estimate = 1.601


Trial 53: qplus Stimulus Selection
Stimulus: 0.423
Output value 0.437

Q+ parameters
slope: 0.113 semiSat: 0.560 beta: 1.000 sigma: 0.166 
maxBOLD estimate = 1.601


Trial 54: qplus Stimulus Selection
Stimulus: 0.423
Output value 0.582

Q+ parameters
slope: 0.113 semiSat: 0.560 beta: 1.000 sigma: 0.166 
maxBOLD estimate = 1.601


Trial 55: maxBOLD Stimulus Selection
Stimulus: 1.000
Output value 1.746

Q+ parameters
slope: 0.113 semiSat: 0.560 beta: 1.000 sigma: 0.166 
maxBOLD estimate = 1.601


Trial 56: qplus Stimulus Selection
Stimulus: 0.423
Output value 0.728

Q+ parameters
slope: 0.113 semiSat: 0.560 beta: 1.000 sigma: 0.166 
maxBOLD estimate = 1.601


Trial 57: qplus Stimulus Selection
Stimulus: 0.670
Output value 1.455

Q+ parameters
slope: 0.113 semiSat: 0.560 beta: 1.000 sigma: 0.166 
maxBOLD estimate = 1.601


Trial 58: qplus Stimulus Selection
Stimulus: 0.423
Output value 0.146

Q+ parameters
slope: 0.113 semiSat: 0.560 beta: 1.000 sigma: 0.166 
maxBOLD estimate = 1.601


Trial 59: qplus Stimulus Selection
Stimulus: 0.670
Output value 1.019

Q+ parameters
slope: 0.113 semiSat: 0.560 beta: 1.000 sigma: 0.166 
maxBOLD estimate = 1.601


Trial 60: baseline Stimulus Selection
Stimulus: 0.010
Output value 0.146

Q+ parameters
slope: 0.113 semiSat: 0.560 beta: 1.000 sigma: 0.166 
maxBOLD estimate = 1.601


Trial 61: qplus Stimulus Selection
Stimulus: 0.629
Output value 1.364

Q+ parameters
slope: 0.183 semiSat: 0.560 beta: 0.938 sigma: 0.166 
maxBOLD estimate = 1.601


Trial 62: qplus Stimulus Selection
Stimulus: 0.464
Output value 0.273

Q+ parameters
slope: 0.113 semiSat: 0.560 beta: 1.000 sigma: 0.166 
maxBOLD estimate = 1.501


Trial 63: qplus Stimulus Selection
Stimulus: 0.505
Output value 0.409

Q+ parameters
slope: 0.113 semiSat: 0.560 beta: 1.000 sigma: 0.166 
maxBOLD estimate = 1.501


Trial 64: qplus Stimulus Selection
Stimulus: 0.711
Output value 1.842

Q+ parameters
slope: 0.144 semiSat: 0.560 beta: 1.125 sigma: 0.166 
maxBOLD estimate = 1.501


Trial 65: maxBOLD Stimulus Selection
Stimulus: 1.000
Output value 1.727

Q+ parameters
slope: 0.183 semiSat: 0.560 beta: 0.938 sigma: 0.166 
maxBOLD estimate = 1.688


Trial 66: qplus Stimulus Selection
Stimulus: 0.670
Output value 1.151

Q+ parameters
slope: 0.113 semiSat: 0.560 beta: 1.000 sigma: 0.166 
maxBOLD estimate = 1.583


Trial 67: qplus Stimulus Selection
Stimulus: 0.588
Output value 1.007

Q+ parameters
slope: 0.113 semiSat: 0.560 beta: 1.000 sigma: 0.166 
maxBOLD estimate = 1.583


Trial 68: qplus Stimulus Selection
Stimulus: 0.588
Output value 1.115

Q+ parameters
slope: 0.183 semiSat: 0.560 beta: 0.969 sigma: 0.166 
maxBOLD estimate = 1.583


Trial 69: qplus Stimulus Selection
Stimulus: 0.505
Output value 0.000

Q+ parameters
slope: 0.183 semiSat: 0.560 beta: 1.031 sigma: 0.166 
maxBOLD estimate = 1.533


Trial 70: baseline Stimulus Selection
Stimulus: 0.010
Output value 0.270

Q+ parameters
slope: 0.183 semiSat: 0.560 beta: 0.938 sigma: 0.166 
maxBOLD estimate = 1.581


Trial 71: qplus Stimulus Selection
Stimulus: 0.588
Output value 0.973

Q+ parameters
slope: 0.183 semiSat: 0.560 beta: 1.031 sigma: 0.166 
maxBOLD estimate = 1.482


Trial 72: qplus Stimulus Selection
Stimulus: 0.505
Output value -0.269

Q+ parameters
slope: 0.183 semiSat: 0.560 beta: 0.969 sigma: 0.166 
maxBOLD estimate = 1.529


Trial 73: qplus Stimulus Selection
Stimulus: 0.794
Output value 1.717

Q+ parameters
slope: 0.183 semiSat: 0.560 beta: 1.062 sigma: 0.166 
maxBOLD estimate = 1.481


Trial 74: qplus Stimulus Selection
Stimulus: 0.505
Output value 0.139

Q+ parameters
slope: 0.183 semiSat: 0.560 beta: 0.969 sigma: 0.166 
maxBOLD estimate = 1.574


Trial 75: maxBOLD Stimulus Selection
Stimulus: 1.000
Output value 1.208

Q+ parameters
slope: 0.183 semiSat: 0.560 beta: 0.969 sigma: 0.166 
maxBOLD estimate = 1.524


Trial 76: qplus Stimulus Selection
Stimulus: 0.629
Output value 1.246

Q+ parameters
slope: 0.183 semiSat: 0.560 beta: 1.031 sigma: 0.166 
maxBOLD estimate = 1.477


Trial 77: qplus Stimulus Selection
Stimulus: 0.505
Output value 0.714

Q+ parameters
slope: 0.183 semiSat: 0.560 beta: 1.031 sigma: 0.166 
maxBOLD estimate = 1.523


Trial 78: qplus Stimulus Selection
Stimulus: 0.629
Output value 1.383

Q+ parameters
slope: 0.183 semiSat: 0.560 beta: 0.969 sigma: 0.166 
maxBOLD estimate = 1.570


Trial 79: qplus Stimulus Selection
Stimulus: 0.629
Output value 1.426

Q+ parameters
slope: 0.183 semiSat: 0.560 beta: 1.031 sigma: 0.166 
maxBOLD estimate = 1.521


Trial 80: baseline Stimulus Selection
Stimulus: 0.010
Output value 0.134

Q+ parameters
slope: 0.183 semiSat: 0.560 beta: 0.938 sigma: 0.166 
maxBOLD estimate = 1.569


Trial 81: qplus Stimulus Selection
Stimulus: 0.588
Output value 1.103

Q+ parameters
slope: 0.183 semiSat: 0.560 beta: 1.031 sigma: 0.166 
maxBOLD estimate = 1.471


Trial 82: qplus Stimulus Selection
Stimulus: 0.505
Output value -0.142

Q+ parameters
slope: 0.183 semiSat: 0.560 beta: 1.031 sigma: 0.166 
maxBOLD estimate = 1.517


Trial 83: qplus Stimulus Selection
Stimulus: 0.794
Output value 1.333

Q+ parameters
slope: 0.183 semiSat: 0.560 beta: 0.938 sigma: 0.166 
maxBOLD estimate = 1.564


Trial 84: qplus Stimulus Selection
Stimulus: 0.588
Output value 0.550

Q+ parameters
slope: 0.183 semiSat: 0.560 beta: 1.031 sigma: 0.166 
maxBOLD estimate = 1.466


Trial 85: maxBOLD Stimulus Selection
Stimulus: 1.000
Output value 0.902

Q+ parameters
slope: 0.183 semiSat: 0.560 beta: 0.938 sigma: 0.166 
maxBOLD estimate = 1.512


Trial 86: qplus Stimulus Selection
Stimulus: 0.588
Output value 1.462

Q+ parameters
slope: 0.183 semiSat: 0.560 beta: 1.031 sigma: 0.166 
maxBOLD estimate = 1.418


Trial 87: qplus Stimulus Selection
Stimulus: 0.505
Output value 0.548

Q+ parameters
slope: 0.183 semiSat: 0.560 beta: 1.031 sigma: 0.166 
maxBOLD estimate = 1.462


Trial 88: qplus Stimulus Selection
Stimulus: 0.505
Output value 0.283

Q+ parameters
slope: 0.183 semiSat: 0.560 beta: 1.031 sigma: 0.166 
maxBOLD estimate = 1.508


Trial 89: qplus Stimulus Selection
Stimulus: 0.794
Output value 1.458

Q+ parameters
slope: 0.183 semiSat: 0.560 beta: 0.938 sigma: 0.166 
maxBOLD estimate = 1.555


Trial 90: baseline Stimulus Selection
Stimulus: 0.010
Output value 0.621

Q+ parameters
slope: 0.183 semiSat: 0.560 beta: 0.938 sigma: 0.166 
maxBOLD estimate = 1.458


Trial 91: qplus Stimulus Selection
Stimulus: 0.546
Output value 0.512

Q+ parameters
slope: 0.183 semiSat: 0.560 beta: 1.031 sigma: 0.166 
maxBOLD estimate = 1.367


Trial 92: qplus Stimulus Selection
Stimulus: 0.505
Output value 0.793

Q+ parameters
slope: 0.183 semiSat: 0.560 beta: 1.031 sigma: 0.166 
maxBOLD estimate = 1.409


Trial 93: qplus Stimulus Selection
Stimulus: 0.505
Output value 0.136

Q+ parameters
slope: 0.183 semiSat: 0.560 beta: 1.031 sigma: 0.166 
maxBOLD estimate = 1.453


Trial 94: qplus Stimulus Selection
Stimulus: 0.505
Output value 0.128

Q+ parameters
slope: 0.183 semiSat: 0.560 beta: 0.938 sigma: 0.166 
maxBOLD estimate = 1.499


Trial 95: maxBOLD Stimulus Selection
Stimulus: 1.000
Output value 1.629

Q+ parameters
slope: 0.183 semiSat: 0.560 beta: 1.062 sigma: 0.166 
maxBOLD estimate = 1.405


Trial 96: qplus Stimulus Selection
Stimulus: 0.505
Output value 0.000

Q+ parameters
slope: 0.183 semiSat: 0.560 beta: 0.938 sigma: 0.166 
maxBOLD estimate = 1.493


Trial 97: qplus Stimulus Selection
Stimulus: 0.546
Output value 0.000

Q+ parameters
slope: 0.298 semiSat: 0.560 beta: 0.969 sigma: 0.166 
maxBOLD estimate = 1.400


Trial 98: qplus Stimulus Selection
Stimulus: 0.546
Output value 0.131

Q+ parameters
slope: 0.183 semiSat: 0.560 beta: 1.062 sigma: 0.166 
maxBOLD estimate = 1.356


Trial 99: qplus Stimulus Selection
Stimulus: 0.546
Output value -0.127

Q+ parameters
slope: 0.298 semiSat: 0.560 beta: 0.969 sigma: 0.166 
maxBOLD estimate = 1.441


Trial 100: baseline Stimulus Selection
Stimulus: 0.010
Output value -0.285

Q+ parameters
slope: 0.183 semiSat: 0.560 beta: 1.125 sigma: 0.166 
maxBOLD estimate = 1.396

--------------------------------------------------------------
FINAL VALUES
--------------------------------------------------------------
Simulated parameters:              slope: 0.200 semiSat: 0.570 beta: 1.000 sigma: 0.150 
Max posterior QUEST+ parameters:   slope: 0.183 semiSat: 0.560 beta: 1.000 sigma: 0.166 
Max BADS parameters:               slope: 0.204 semiSat: 0.565 beta: 1.000 sigma: 0.162 
maxBOLD estimate: 1.572
