/blue/stevenweisberg/stevenweisberg/MATLAB/projects/Weisberg_Aguirre_2020/scripts/run_sims
c25a-s4.ufhpc
Thu Nov 12 19:27:10 EST 2020
cp: cannot stat ‘/blue/stevenweisberg/stevenweisberg/qpfMRIResults/deploy_sim.sh’: No such file or directory
cp: cannot stat ‘/blue/stevenweisberg/stevenweisberg/qpfMRIResults/sim_wrapper.sh’: No such file or directory
------------------------------------------
Setting up environment variables
---
LD_LIBRARY_PATH is .:/apps/matlab/mcr/2020b/v99/runtime/glnxa64:/apps/matlab/mcr/2020b/v99/bin/glnxa64:/apps/matlab/mcr/2020b/v99/sys/os/glnxa64:/apps/matlab/mcr/2020b/v99/sys/opengl/lib/glnxa64
Warning: Executing startup failed in matlabrc.
This indicates a potentially serious problem in your MATLAB setup, which should be resolved as soon as possible.  Error detected was:
MATLAB:mpath:PathAlterationNotSupported
Modifying the search path is not supported by MATLAB Compiler. Remove functions that modify the search path from your MATLAB code. To make files visible to your deployed application, add the parent folder to your MATLAB session.
Warning: No stimulus domain specified. Defaulting to values between 0.01 and 1.
> In qpfmriParams (line 182)
In compiledSimulate (line 205)
Stimulus domain added from input.
Parameter slope specified as 0.41000
Parameter semiSat specified as 0.57000
Parameter beta specified as 1.00000
Parameter sigma specified as 0.25000
seed = 99seed = 104seed = 111seed = 111seed = 115seed = 101Initializing Q+. This may take a minute...
Elapsed time is 9.625149 seconds.
Simulated parameters:
slope: 0.410 semiSat: 0.570 beta: 1.000 sigma: 0.250 

Trial 1: baseline Stimulus Selection
Stimulus: 0.010
Output value 0.000

Q+ parameters
slope: 0.026 semiSat: 0.890 beta: 0.500 sigma: 0.010 
maxBOLD estimate = 1.000


Trial 2: maxBOLD Stimulus Selection
Stimulus: 1.000
Output value 1.125

Q+ parameters
slope: 0.055 semiSat: 0.670 beta: 1.125 sigma: 0.010 
maxBOLD estimate = 1.000


Trial 3: baseline Stimulus Selection
Stimulus: 0.010
Output value -0.256

Q+ parameters
slope: 0.055 semiSat: 0.670 beta: 1.250 sigma: 0.166 
maxBOLD estimate = 1.125


Trial 4: maxBOLD Stimulus Selection
Stimulus: 1.000
Output value 1.119

Q+ parameters
slope: 0.055 semiSat: 0.670 beta: 1.250 sigma: 0.271 
maxBOLD estimate = 1.406


Trial 5: baseline Stimulus Selection
Stimulus: 0.010
Output value 0.000

Q+ parameters
slope: 0.055 semiSat: 0.670 beta: 1.250 sigma: 0.166 
maxBOLD estimate = 1.758


Trial 6: maxBOLD Stimulus Selection
Stimulus: 1.000
Output value 2.996

Q+ parameters
slope: 0.043 semiSat: 0.780 beta: 1.250 sigma: 0.166 
maxBOLD estimate = 2.197


Trial 7: qplus Stimulus Selection
Stimulus: 0.505
Output value -0.499

Q+ parameters
slope: 0.070 semiSat: 1.000 beta: 1.000 sigma: 0.114 
maxBOLD estimate = 2.747


Trial 8: qplus Stimulus Selection
Stimulus: 0.835
Output value 0.749

Q+ parameters
slope: 1.000 semiSat: 0.560 beta: 0.500 sigma: 0.114 
maxBOLD estimate = 2.747


Trial 9: qplus Stimulus Selection
Stimulus: 0.711
Output value 0.644

Q+ parameters
slope: 0.113 semiSat: 0.780 beta: 1.031 sigma: 0.166 
maxBOLD estimate = 1.373


Trial 10: baseline Stimulus Selection
Stimulus: 0.010
Output value -0.274

Q+ parameters
slope: 0.234 semiSat: 0.670 beta: 1.062 sigma: 0.218 
maxBOLD estimate = 1.416


Trial 11: qplus Stimulus Selection
Stimulus: 0.711
Output value 2.462

Q+ parameters
slope: 0.234 semiSat: 0.670 beta: 1.500 sigma: 0.271 
maxBOLD estimate = 1.505


Trial 12: qplus Stimulus Selection
Stimulus: 0.629
Output value 0.308

Q+ parameters
slope: 0.234 semiSat: 0.670 beta: 0.750 sigma: 0.166 
maxBOLD estimate = 2.257


Trial 13: qplus Stimulus Selection
Stimulus: 0.835
Output value 1.799

Q+ parameters
slope: 0.616 semiSat: 0.560 beta: 1.062 sigma: 0.323 
maxBOLD estimate = 1.693


Trial 14: qplus Stimulus Selection
Stimulus: 0.588
Output value -0.409

Q+ parameters
slope: 0.616 semiSat: 0.670 beta: 1.250 sigma: 1.000 
maxBOLD estimate = 1.799


Trial 15: maxBOLD Stimulus Selection
Stimulus: 1.000
Output value 1.073

Q+ parameters
slope: 0.183 semiSat: 0.670 beta: 0.750 sigma: 0.166 
maxBOLD estimate = 2.248


Trial 16: qplus Stimulus Selection
Stimulus: 0.835
Output value 0.383

Q+ parameters
slope: 0.089 semiSat: 0.780 beta: 1.250 sigma: 0.323 
maxBOLD estimate = 1.686


Trial 17: qplus Stimulus Selection
Stimulus: 1.000
Output value 2.395

Q+ parameters
slope: 0.055 semiSat: 0.890 beta: 1.250 sigma: 0.166 
maxBOLD estimate = 2.108


Trial 18: qplus Stimulus Selection
Stimulus: 0.835
Output value 0.838

Q+ parameters
slope: 1.000 semiSat: 0.560 beta: 0.500 sigma: 0.114 
maxBOLD estimate = 2.635


Trial 19: qplus Stimulus Selection
Stimulus: 0.959
Output value 2.156

Q+ parameters
slope: 0.234 semiSat: 0.670 beta: 1.500 sigma: 0.323 
maxBOLD estimate = 1.317


Trial 20: baseline Stimulus Selection
Stimulus: 0.010
Output value 0.000

Q+ parameters
slope: 0.113 semiSat: 0.780 beta: 1.031 sigma: 0.218 
maxBOLD estimate = 1.976


Trial 21: qplus Stimulus Selection
Stimulus: 0.629
Output value 2.084

Q+ parameters
slope: 0.379 semiSat: 0.560 beta: 0.938 sigma: 0.531 
maxBOLD estimate = 2.038


Trial 22: qplus Stimulus Selection
Stimulus: 0.423
Output value -0.261

Q+ parameters
slope: 0.379 semiSat: 0.560 beta: 0.750 sigma: 0.218 
maxBOLD estimate = 1.910


Trial 23: qplus Stimulus Selection
Stimulus: 0.464
Output value -0.269

Q+ parameters
slope: 0.379 semiSat: 0.560 beta: 1.031 sigma: 0.271 
maxBOLD estimate = 1.433


Trial 24: qplus Stimulus Selection
Stimulus: 0.629
Output value 0.970

Q+ parameters
slope: 0.379 semiSat: 0.560 beta: 1.031 sigma: 0.323 
maxBOLD estimate = 1.478


Trial 25: maxBOLD Stimulus Selection
Stimulus: 1.000
Output value 0.857

Q+ parameters
slope: 0.379 semiSat: 0.560 beta: 1.031 sigma: 0.323 
maxBOLD estimate = 1.524


Trial 26: qplus Stimulus Selection
Stimulus: 0.629
Output value 1.768

Q+ parameters
slope: 0.379 semiSat: 0.560 beta: 1.031 sigma: 0.323 
maxBOLD estimate = 1.571


Trial 27: qplus Stimulus Selection
Stimulus: 0.629
Output value 0.608

Q+ parameters
slope: 0.379 semiSat: 0.560 beta: 1.031 sigma: 0.427 
maxBOLD estimate = 1.620


Trial 28: qplus Stimulus Selection
Stimulus: 0.629
Output value 1.410

Q+ parameters
slope: 0.379 semiSat: 0.560 beta: 1.031 sigma: 0.375 
maxBOLD estimate = 1.671


Trial 29: qplus Stimulus Selection
Stimulus: 0.629
Output value 0.455

Q+ parameters
slope: 0.379 semiSat: 0.560 beta: 0.969 sigma: 0.583 
maxBOLD estimate = 1.723


Trial 30: baseline Stimulus Selection
Stimulus: 0.010
Output value 0.797

Q+ parameters
slope: 0.379 semiSat: 0.560 beta: 0.750 sigma: 0.323 
maxBOLD estimate = 1.669

--------------------------------------------------------------
FINAL VALUES
--------------------------------------------------------------
Simulated parameters:              slope: 0.410 semiSat: 0.570 beta: 1.000 sigma: 0.250 
Max posterior QUEST+ parameters:   slope: 0.026 semiSat: 0.780 beta: 1.500 sigma: 1.000 
Max BADS parameters:               slope: 0.032 semiSat: 0.561 beta: 1.000 sigma: 1.000 
maxBOLD estimate: 1.298
