/blue/stevenweisberg/stevenweisberg/MATLAB/projects/Weisberg_Aguirre_2020/scripts/run_sims
c0700a-s1.ufhpc
Wed Apr  7 03:13:02 EDT 2021
mkdir: cannot create directory ‘/blue/stevenweisberg/stevenweisberg/qpfMRIResults/model_parameter_set2/’: File exists
cp: cannot stat ‘/blue/stevenweisberg/stevenweisberg/qpfMRIResults/deploy_sim.sh’: No such file or directory
cp: cannot stat ‘/blue/stevenweisberg/stevenweisberg/qpfMRIResults/sim_wrapper.sh’: No such file or directory
------------------------------------------
Setting up environment variables
---
LD_LIBRARY_PATH is .:/apps/matlab/mcr/2020b/v99/runtime/glnxa64:/apps/matlab/mcr/2020b/v99/bin/glnxa64:/apps/matlab/mcr/2020b/v99/sys/os/glnxa64:/apps/matlab/mcr/2020b/v99/sys/opengl/lib/glnxa64
Warning: Executing startup failed in matlabrc.
This indicates a potentially serious problem in your MATLAB setup, which should be resolved as soon as possible.  Error detected was:
MATLAB:mpath:PathAlterationNotSupported
Modifying the search path is not supported by MATLAB Compiler. Remove functions that modify the search path from your MATLAB code. To make files visible to your deployed application, add the parent folder to your MATLAB session.
Warning: No stimulus domain specified. Defaulting to values between 0.01 and 1.
> In qpfmriParams (line 182)
In compiledSimulate (line 205)
Stimulus domain added from input.
Parameter slope specified as 0.20000
Parameter semiSat specified as 0.57000
Parameter beta specified as 1.00000
Parameter sigma specified as 0.05000
seed = 99seed = 104seed = 111seed = 111seed = 115seed = 101Initializing Q+. This may take a minute...
Elapsed time is 8.234651 seconds.
Simulated parameters:
slope: 0.200 semiSat: 0.570 beta: 1.000 sigma: 0.050 

Trial 1: baseline Stimulus Selection
Stimulus: 0.010
Output value 0.000

Q+ parameters
slope: 0.026 semiSat: 0.890 beta: 0.500 sigma: 0.010 
maxBOLD estimate = 1.000


Trial 2: maxBOLD Stimulus Selection
Stimulus: 1.000
Output value 1.364

Q+ parameters
slope: 0.055 semiSat: 0.670 beta: 1.250 sigma: 0.010 
maxBOLD estimate = 1.000


Trial 3: baseline Stimulus Selection
Stimulus: 0.010
Output value -0.142

Q+ parameters
slope: 0.055 semiSat: 0.670 beta: 1.250 sigma: 0.062 
maxBOLD estimate = 1.250


Trial 4: maxBOLD Stimulus Selection
Stimulus: 1.000
Output value 1.758

Q+ parameters
slope: 0.055 semiSat: 0.670 beta: 1.125 sigma: 0.010 
maxBOLD estimate = 1.562


Trial 5: baseline Stimulus Selection
Stimulus: 0.010
Output value 0.000

Q+ parameters
slope: 0.043 semiSat: 0.780 beta: 1.250 sigma: 0.062 
maxBOLD estimate = 1.758


Trial 6: maxBOLD Stimulus Selection
Stimulus: 1.000
Output value 1.748

Q+ parameters
slope: 0.034 semiSat: 1.000 beta: 1.250 sigma: 0.062 
maxBOLD estimate = 2.197


Trial 7: random Stimulus Selection
Stimulus: 0.464
Output value 0.000

Q+ parameters
slope: 0.070 semiSat: 0.890 beta: 0.750 sigma: 0.010 
maxBOLD estimate = 2.747


Trial 8: random Stimulus Selection
Stimulus: 0.175
Output value 0.281

Q+ parameters
slope: 0.070 semiSat: 1.000 beta: 1.500 sigma: 0.062 
maxBOLD estimate = 2.060


Trial 9: random Stimulus Selection
Stimulus: 0.092
Output value 0.000

Q+ parameters
slope: 0.055 semiSat: 1.000 beta: 0.875 sigma: 0.062 
maxBOLD estimate = 3.090


Trial 10: baseline Stimulus Selection
Stimulus: 0.010
Output value 0.000

Q+ parameters
slope: 0.070 semiSat: 0.890 beta: 0.750 sigma: 0.062 
maxBOLD estimate = 2.704


Trial 11: random Stimulus Selection
Stimulus: 0.711
Output value 0.968

Q+ parameters
slope: 0.379 semiSat: 0.670 beta: 0.750 sigma: 0.062 
maxBOLD estimate = 2.028


Trial 12: random Stimulus Selection
Stimulus: 0.794
Output value 2.074

Q+ parameters
slope: 0.144 semiSat: 0.670 beta: 1.250 sigma: 0.062 
maxBOLD estimate = 1.521


Trial 13: random Stimulus Selection
Stimulus: 0.257
Output value 0.000

Q+ parameters
slope: 0.379 semiSat: 0.670 beta: 0.750 sigma: 0.062 
maxBOLD estimate = 1.901


Trial 14: random Stimulus Selection
Stimulus: 0.711
Output value 2.139

Q+ parameters
slope: 0.144 semiSat: 0.670 beta: 1.500 sigma: 0.062 
maxBOLD estimate = 1.426


Trial 15: maxBOLD Stimulus Selection
Stimulus: 1.000
Output value 1.021

Q+ parameters
slope: 0.379 semiSat: 0.670 beta: 0.750 sigma: 0.062 
maxBOLD estimate = 2.139


Trial 16: random Stimulus Selection
Stimulus: 0.381
Output value -0.137

Q+ parameters
slope: 0.234 semiSat: 0.560 beta: 0.938 sigma: 0.062 
maxBOLD estimate = 1.604


Trial 17: random Stimulus Selection
Stimulus: 0.134
Output value 0.000

Q+ parameters
slope: 0.234 semiSat: 0.560 beta: 0.969 sigma: 0.062 
maxBOLD estimate = 1.504


Trial 18: random Stimulus Selection
Stimulus: 0.753
Output value 1.324

Q+ parameters
slope: 0.234 semiSat: 0.560 beta: 1.000 sigma: 0.062 
maxBOLD estimate = 1.457


Trial 19: random Stimulus Selection
Stimulus: 0.134
Output value -0.265

Q+ parameters
slope: 0.234 semiSat: 0.560 beta: 1.000 sigma: 0.062 
maxBOLD estimate = 1.457


Trial 20: baseline Stimulus Selection
Stimulus: 0.010
Output value -0.141

Q+ parameters
slope: 0.183 semiSat: 0.560 beta: 1.062 sigma: 0.062 
maxBOLD estimate = 1.457


Trial 21: random Stimulus Selection
Stimulus: 0.299
Output value 0.000

Q+ parameters
slope: 0.183 semiSat: 0.560 beta: 0.969 sigma: 0.062 
maxBOLD estimate = 1.548


Trial 22: random Stimulus Selection
Stimulus: 0.546
Output value 0.264

Q+ parameters
slope: 1.000 semiSat: 0.560 beta: 0.969 sigma: 0.062 
maxBOLD estimate = 1.499


Trial 23: random Stimulus Selection
Stimulus: 0.794
Output value 2.377

Q+ parameters
slope: 0.144 semiSat: 0.670 beta: 1.500 sigma: 0.062 
maxBOLD estimate = 1.453


Trial 24: random Stimulus Selection
Stimulus: 0.959
Output value 1.188

Q+ parameters
slope: 0.616 semiSat: 0.560 beta: 0.750 sigma: 0.062 
maxBOLD estimate = 2.179


Trial 25: maxBOLD Stimulus Selection
Stimulus: 1.000
Output value 1.170

Q+ parameters
slope: 0.785 semiSat: 0.560 beta: 0.875 sigma: 0.062 
maxBOLD estimate = 1.634


Trial 26: random Stimulus Selection
Stimulus: 0.835
Output value 1.259

Q+ parameters
slope: 0.616 semiSat: 0.560 beta: 0.969 sigma: 0.062 
maxBOLD estimate = 1.430


Trial 27: random Stimulus Selection
Stimulus: 0.175
Output value -0.189

Q+ parameters
slope: 0.144 semiSat: 0.670 beta: 1.500 sigma: 0.062 
maxBOLD estimate = 1.385


Trial 28: random Stimulus Selection
Stimulus: 0.835
Output value 0.992

Q+ parameters
slope: 0.616 semiSat: 0.560 beta: 0.750 sigma: 0.062 
maxBOLD estimate = 2.078


Trial 29: random Stimulus Selection
Stimulus: 0.423
Output value 0.000

Q+ parameters
slope: 0.483 semiSat: 0.560 beta: 0.875 sigma: 0.062 
maxBOLD estimate = 1.558


Trial 30: baseline Stimulus Selection
Stimulus: 0.010
Output value 0.000

Q+ parameters
slope: 0.144 semiSat: 0.670 beta: 1.500 sigma: 0.062 
maxBOLD estimate = 1.364


Trial 31: random Stimulus Selection
Stimulus: 0.876
Output value 1.116

Q+ parameters
slope: 0.616 semiSat: 0.560 beta: 0.750 sigma: 0.062 
maxBOLD estimate = 2.045


Trial 32: random Stimulus Selection
Stimulus: 0.423
Output value 0.122

Q+ parameters
slope: 0.785 semiSat: 0.560 beta: 0.875 sigma: 0.062 
maxBOLD estimate = 1.534


Trial 33: random Stimulus Selection
Stimulus: 0.629
Output value 1.296

Q+ parameters
slope: 0.379 semiSat: 0.560 beta: 1.062 sigma: 0.062 
maxBOLD estimate = 1.342


Trial 34: random Stimulus Selection
Stimulus: 0.299
Output value 0.126

Q+ parameters
slope: 0.298 semiSat: 0.560 beta: 0.969 sigma: 0.062 
maxBOLD estimate = 1.426


Trial 35: maxBOLD Stimulus Selection
Stimulus: 1.000
Output value 1.382

Q+ parameters
slope: 0.298 semiSat: 0.560 beta: 1.000 sigma: 0.062 
maxBOLD estimate = 1.382


Trial 36: random Stimulus Selection
Stimulus: 0.257
Output value 0.000

Q+ parameters
slope: 0.298 semiSat: 0.560 beta: 1.000 sigma: 0.062 
maxBOLD estimate = 1.382


Trial 37: random Stimulus Selection
Stimulus: 0.588
Output value 1.005

Q+ parameters
slope: 0.298 semiSat: 0.560 beta: 1.000 sigma: 0.062 
maxBOLD estimate = 1.382


Trial 38: random Stimulus Selection
Stimulus: 0.010
Output value 0.122

Q+ parameters
slope: 0.379 semiSat: 0.560 beta: 0.969 sigma: 0.062 
maxBOLD estimate = 1.382


Trial 39: random Stimulus Selection
Stimulus: 0.835
Output value 1.551

Q+ parameters
slope: 0.379 semiSat: 0.560 beta: 1.062 sigma: 0.062 
maxBOLD estimate = 1.338


Trial 40: baseline Stimulus Selection
Stimulus: 0.010
Output value -0.129

Q+ parameters
slope: 0.298 semiSat: 0.560 beta: 1.000 sigma: 0.062 
maxBOLD estimate = 1.422


Trial 41: random Stimulus Selection
Stimulus: 0.794
Output value 1.648

Q+ parameters
slope: 0.183 semiSat: 0.560 beta: 1.062 sigma: 0.062 
maxBOLD estimate = 1.422


Trial 42: random Stimulus Selection
Stimulus: 0.835
Output value 1.202

Q+ parameters
slope: 0.483 semiSat: 0.560 beta: 0.875 sigma: 0.062 
maxBOLD estimate = 1.511


Trial 43: random Stimulus Selection
Stimulus: 0.505
Output value 0.383

Q+ parameters
slope: 0.234 semiSat: 0.560 beta: 1.062 sigma: 0.062 
maxBOLD estimate = 1.322


Trial 44: random Stimulus Selection
Stimulus: 0.092
Output value -0.128

Q+ parameters
slope: 0.298 semiSat: 0.560 beta: 1.000 sigma: 0.062 
maxBOLD estimate = 1.405


Trial 45: maxBOLD Stimulus Selection
Stimulus: 1.000
Output value 1.405

Q+ parameters
slope: 0.298 semiSat: 0.560 beta: 1.000 sigma: 0.062 
maxBOLD estimate = 1.405


Trial 46: random Stimulus Selection
Stimulus: 0.794
Output value 1.405

Q+ parameters
slope: 0.298 semiSat: 0.560 beta: 1.000 sigma: 0.062 
maxBOLD estimate = 1.405


Trial 47: random Stimulus Selection
Stimulus: 0.299
Output value -0.128

Q+ parameters
slope: 0.298 semiSat: 0.560 beta: 1.000 sigma: 0.062 
maxBOLD estimate = 1.405


Trial 48: random Stimulus Selection
Stimulus: 0.876
Output value 1.532

Q+ parameters
slope: 0.298 semiSat: 0.560 beta: 1.000 sigma: 0.062 
maxBOLD estimate = 1.405


Trial 49: random Stimulus Selection
Stimulus: 0.257
Output value 0.128

Q+ parameters
slope: 0.298 semiSat: 0.560 beta: 1.000 sigma: 0.062 
maxBOLD estimate = 1.405


Trial 50: baseline Stimulus Selection
Stimulus: 0.010
Output value 0.124

Q+ parameters
slope: 0.379 semiSat: 0.560 beta: 0.969 sigma: 0.062 
maxBOLD estimate = 1.405


Trial 51: random Stimulus Selection
Stimulus: 0.092
Output value 0.263

Q+ parameters
slope: 0.379 semiSat: 0.560 beta: 1.062 sigma: 0.062 
maxBOLD estimate = 1.361


Trial 52: random Stimulus Selection
Stimulus: 0.835
Output value 1.528

Q+ parameters
slope: 0.379 semiSat: 0.560 beta: 0.969 sigma: 0.062 
maxBOLD estimate = 1.446


Trial 53: random Stimulus Selection
Stimulus: 0.134
Output value 0.000

Q+ parameters
slope: 0.379 semiSat: 0.560 beta: 0.969 sigma: 0.062 
maxBOLD estimate = 1.401


Trial 54: random Stimulus Selection
Stimulus: 0.505
Output value 0.393

Q+ parameters
slope: 0.234 semiSat: 0.560 beta: 1.062 sigma: 0.062 
maxBOLD estimate = 1.357


Trial 55: maxBOLD Stimulus Selection
Stimulus: 1.000
Output value 1.311

Q+ parameters
slope: 0.298 semiSat: 0.560 beta: 1.000 sigma: 0.062 
maxBOLD estimate = 1.442


Trial 56: random Stimulus Selection
Stimulus: 0.216
Output value 0.131

Q+ parameters
slope: 0.298 semiSat: 0.560 beta: 1.000 sigma: 0.062 
maxBOLD estimate = 1.442


Trial 57: random Stimulus Selection
Stimulus: 0.464
Output value 0.000

Q+ parameters
slope: 0.298 semiSat: 0.560 beta: 1.000 sigma: 0.062 
maxBOLD estimate = 1.442


Trial 58: random Stimulus Selection
Stimulus: 0.588
Output value 0.762

Q+ parameters
slope: 0.298 semiSat: 0.560 beta: 0.969 sigma: 0.062 
maxBOLD estimate = 1.442


Trial 59: random Stimulus Selection
Stimulus: 0.257
Output value -0.123

Q+ parameters
slope: 0.298 semiSat: 0.560 beta: 0.969 sigma: 0.062 
maxBOLD estimate = 1.397


Trial 60: baseline Stimulus Selection
Stimulus: 0.010
Output value -0.131

Q+ parameters
slope: 0.234 semiSat: 0.560 beta: 1.062 sigma: 0.062 
maxBOLD estimate = 1.353


Trial 61: random Stimulus Selection
Stimulus: 0.175
Output value 0.000

Q+ parameters
slope: 0.298 semiSat: 0.560 beta: 0.969 sigma: 0.062 
maxBOLD estimate = 1.438


Trial 62: random Stimulus Selection
Stimulus: 0.711
Output value 1.226

Q+ parameters
slope: 0.298 semiSat: 0.560 beta: 0.969 sigma: 0.062 
maxBOLD estimate = 1.393


Trial 63: random Stimulus Selection
Stimulus: 0.175
Output value 0.000

Q+ parameters
slope: 0.234 semiSat: 0.560 beta: 1.062 sigma: 0.062 
maxBOLD estimate = 1.349


Trial 64: random Stimulus Selection
Stimulus: 0.753
Output value 1.262

Q+ parameters
slope: 0.234 semiSat: 0.560 beta: 0.969 sigma: 0.062 
maxBOLD estimate = 1.433


Trial 65: maxBOLD Stimulus Selection
Stimulus: 1.000
Output value 1.468

Q+ parameters
slope: 0.298 semiSat: 0.560 beta: 0.969 sigma: 0.062 
maxBOLD estimate = 1.389


Trial 66: random Stimulus Selection
Stimulus: 0.546
Output value 0.520

Q+ parameters
slope: 0.234 semiSat: 0.560 beta: 1.062 sigma: 0.062 
maxBOLD estimate = 1.345


Trial 67: random Stimulus Selection
Stimulus: 0.340
Output value -0.126

Q+ parameters
slope: 0.234 semiSat: 0.560 beta: 0.969 sigma: 0.062 
maxBOLD estimate = 1.429


Trial 68: random Stimulus Selection
Stimulus: 0.505
Output value -0.122

Q+ parameters
slope: 0.379 semiSat: 0.560 beta: 0.969 sigma: 0.062 
maxBOLD estimate = 1.385


Trial 69: random Stimulus Selection
Stimulus: 0.876
Output value 1.425

Q+ parameters
slope: 0.298 semiSat: 0.560 beta: 1.062 sigma: 0.062 
maxBOLD estimate = 1.341


Trial 70: baseline Stimulus Selection
Stimulus: 0.010
Output value 0.000

Q+ parameters
slope: 0.234 semiSat: 0.560 beta: 0.969 sigma: 0.062 
maxBOLD estimate = 1.425


Trial 71: random Stimulus Selection
Stimulus: 0.092
Output value 0.000

Q+ parameters
slope: 0.379 semiSat: 0.560 beta: 0.969 sigma: 0.062 
maxBOLD estimate = 1.381


Trial 72: random Stimulus Selection
Stimulus: 0.175
Output value 0.000

Q+ parameters
slope: 0.298 semiSat: 0.560 beta: 1.062 sigma: 0.062 
maxBOLD estimate = 1.338


Trial 73: random Stimulus Selection
Stimulus: 0.340
Output value 0.000

Q+ parameters
slope: 0.234 semiSat: 0.560 beta: 0.969 sigma: 0.062 
maxBOLD estimate = 1.421


Trial 74: random Stimulus Selection
Stimulus: 0.051
Output value 0.121

Q+ parameters
slope: 0.379 semiSat: 0.560 beta: 0.969 sigma: 0.062 
maxBOLD estimate = 1.377


Trial 75: maxBOLD Stimulus Selection
Stimulus: 1.000
Output value 1.546

Q+ parameters
slope: 0.298 semiSat: 0.560 beta: 1.062 sigma: 0.062 
maxBOLD estimate = 1.334


Trial 76: random Stimulus Selection
Stimulus: 0.134
Output value -0.125

Q+ parameters
slope: 0.234 semiSat: 0.560 beta: 0.969 sigma: 0.062 
maxBOLD estimate = 1.417


Trial 77: random Stimulus Selection
Stimulus: 0.381
Output value 0.121

Q+ parameters
slope: 0.379 semiSat: 0.560 beta: 0.969 sigma: 0.062 
maxBOLD estimate = 1.373


Trial 78: random Stimulus Selection
Stimulus: 0.670
Output value 1.285

Q+ parameters
slope: 0.298 semiSat: 0.560 beta: 1.062 sigma: 0.062 
maxBOLD estimate = 1.330


Trial 79: random Stimulus Selection
Stimulus: 0.299
Output value -0.249

Q+ parameters
slope: 0.234 semiSat: 0.560 beta: 0.969 sigma: 0.062 
maxBOLD estimate = 1.413


Trial 80: baseline Stimulus Selection
Stimulus: 0.010
Output value 0.000

Q+ parameters
slope: 0.379 semiSat: 0.560 beta: 0.969 sigma: 0.062 
maxBOLD estimate = 1.369


Trial 81: random Stimulus Selection
Stimulus: 0.794
Output value 1.281

Q+ parameters
slope: 0.298 semiSat: 0.560 beta: 1.062 sigma: 0.062 
maxBOLD estimate = 1.326


Trial 82: random Stimulus Selection
Stimulus: 0.464
Output value 0.248

Q+ parameters
slope: 0.298 semiSat: 0.560 beta: 0.969 sigma: 0.062 
maxBOLD estimate = 1.409


Trial 83: random Stimulus Selection
Stimulus: 0.794
Output value 1.442

Q+ parameters
slope: 0.298 semiSat: 0.560 beta: 0.969 sigma: 0.062 
maxBOLD estimate = 1.365


Trial 84: random Stimulus Selection
Stimulus: 0.876
Output value 1.533

Q+ parameters
slope: 0.298 semiSat: 0.560 beta: 1.062 sigma: 0.062 
maxBOLD estimate = 1.322


Trial 85: maxBOLD Stimulus Selection
Stimulus: 1.000
Output value 1.361

Q+ parameters
slope: 0.298 semiSat: 0.560 beta: 0.969 sigma: 0.062 
maxBOLD estimate = 1.405


Trial 86: random Stimulus Selection
Stimulus: 0.546
Output value 0.657

Q+ parameters
slope: 0.298 semiSat: 0.560 beta: 1.062 sigma: 0.062 
maxBOLD estimate = 1.361


Trial 87: random Stimulus Selection
Stimulus: 0.546
Output value 0.382

Q+ parameters
slope: 0.234 semiSat: 0.560 beta: 0.969 sigma: 0.062 
maxBOLD estimate = 1.446


Trial 88: random Stimulus Selection
Stimulus: 0.051
Output value 0.000

Q+ parameters
slope: 0.298 semiSat: 0.560 beta: 0.969 sigma: 0.062 
maxBOLD estimate = 1.401


Trial 89: random Stimulus Selection
Stimulus: 0.629
Output value 1.195

Q+ parameters
slope: 0.379 semiSat: 0.560 beta: 0.969 sigma: 0.062 
maxBOLD estimate = 1.357


Trial 90: baseline Stimulus Selection
Stimulus: 0.010
Output value 0.000

Q+ parameters
slope: 0.298 semiSat: 0.560 beta: 1.062 sigma: 0.062 
maxBOLD estimate = 1.315


Trial 91: random Stimulus Selection
Stimulus: 0.670
Output value 1.353

Q+ parameters
slope: 0.298 semiSat: 0.560 beta: 0.969 sigma: 0.062 
maxBOLD estimate = 1.397


Trial 92: random Stimulus Selection
Stimulus: 0.216
Output value 0.131

Q+ parameters
slope: 0.298 semiSat: 0.560 beta: 1.062 sigma: 0.062 
maxBOLD estimate = 1.353


Trial 93: random Stimulus Selection
Stimulus: 0.464
Output value 0.380

Q+ parameters
slope: 0.234 semiSat: 0.560 beta: 0.969 sigma: 0.062 
maxBOLD estimate = 1.438


Trial 94: random Stimulus Selection
Stimulus: 0.175
Output value 0.245

Q+ parameters
slope: 0.298 semiSat: 0.560 beta: 0.969 sigma: 0.062 
maxBOLD estimate = 1.393


Trial 95: maxBOLD Stimulus Selection
Stimulus: 1.000
Output value 1.564

Q+ parameters
slope: 0.298 semiSat: 0.560 beta: 1.062 sigma: 0.062 
maxBOLD estimate = 1.349


Trial 96: random Stimulus Selection
Stimulus: 0.464
Output value 0.253

Q+ parameters
slope: 0.234 semiSat: 0.560 beta: 0.969 sigma: 0.062 
maxBOLD estimate = 1.434


Trial 97: random Stimulus Selection
Stimulus: 0.464
Output value 0.367

Q+ parameters
slope: 0.298 semiSat: 0.560 beta: 0.969 sigma: 0.062 
maxBOLD estimate = 1.389


Trial 98: random Stimulus Selection
Stimulus: 0.753
Output value 1.430

Q+ parameters
slope: 0.298 semiSat: 0.560 beta: 1.062 sigma: 0.062 
maxBOLD estimate = 1.345


Trial 99: random Stimulus Selection
Stimulus: 0.134
Output value 0.000

Q+ parameters
slope: 0.234 semiSat: 0.560 beta: 0.969 sigma: 0.062 
maxBOLD estimate = 1.430


Trial 100: baseline Stimulus Selection
Stimulus: 0.010
Output value -0.122

Q+ parameters
slope: 0.298 semiSat: 0.560 beta: 0.969 sigma: 0.062 
maxBOLD estimate = 1.385

--------------------------------------------------------------
FINAL VALUES
--------------------------------------------------------------
Simulated parameters:              slope: 0.200 semiSat: 0.570 beta: 1.000 sigma: 0.050 
Max posterior QUEST+ parameters:   slope: 0.298 semiSat: 0.560 beta: 1.062 sigma: 0.062 
Max BADS parameters:               slope: 0.291 semiSat: 0.563 beta: 1.000 sigma: 0.068 
maxBOLD estimate: 1.363
