/blue/stevenweisberg/stevenweisberg/MATLAB/projects/Weisberg_Aguirre_2020/scripts/run_sims
c0700a-s3.ufhpc
Wed Apr  7 00:57:52 EDT 2021
mkdir: cannot create directory ‘/blue/stevenweisberg/stevenweisberg/qpfMRIResults/model_parameter_set2/’: File exists
cp: cannot stat ‘/blue/stevenweisberg/stevenweisberg/qpfMRIResults/deploy_sim.sh’: No such file or directory
cp: cannot stat ‘/blue/stevenweisberg/stevenweisberg/qpfMRIResults/sim_wrapper.sh’: No such file or directory
------------------------------------------
Setting up environment variables
---
LD_LIBRARY_PATH is .:/apps/matlab/mcr/2020b/v99/runtime/glnxa64:/apps/matlab/mcr/2020b/v99/bin/glnxa64:/apps/matlab/mcr/2020b/v99/sys/os/glnxa64:/apps/matlab/mcr/2020b/v99/sys/opengl/lib/glnxa64
Warning: Executing startup failed in matlabrc.
This indicates a potentially serious problem in your MATLAB setup, which should be resolved as soon as possible.  Error detected was:
MATLAB:mpath:PathAlterationNotSupported
Modifying the search path is not supported by MATLAB Compiler. Remove functions that modify the search path from your MATLAB code. To make files visible to your deployed application, add the parent folder to your MATLAB session.
Warning: No stimulus domain specified. Defaulting to values between 0.01 and 1.
> In qpfmriParams (line 182)
In compiledSimulate (line 205)
Stimulus domain added from input.
Parameter slope specified as 0.20000
Parameter semiSat specified as 0.57000
Parameter beta specified as 1.00000
Parameter sigma specified as 0.05000
seed = 99seed = 104seed = 111seed = 111seed = 115seed = 101Initializing Q+. This may take a minute...
Elapsed time is 5.934297 seconds.
Simulated parameters:
slope: 0.200 semiSat: 0.570 beta: 1.000 sigma: 0.050 

Trial 1: baseline Stimulus Selection
Stimulus: 0.010
Output value 0.000

Q+ parameters
slope: 0.026 semiSat: 0.890 beta: 0.500 sigma: 0.010 
maxBOLD estimate = 1.000


Trial 2: maxBOLD Stimulus Selection
Stimulus: 1.000
Output value 1.364

Q+ parameters
slope: 0.055 semiSat: 0.670 beta: 1.250 sigma: 0.010 
maxBOLD estimate = 1.000


Trial 3: baseline Stimulus Selection
Stimulus: 0.010
Output value 0.142

Q+ parameters
slope: 0.055 semiSat: 0.670 beta: 1.250 sigma: 0.062 
maxBOLD estimate = 1.250


Trial 4: maxBOLD Stimulus Selection
Stimulus: 1.000
Output value 1.776

Q+ parameters
slope: 0.043 semiSat: 0.780 beta: 1.250 sigma: 0.062 
maxBOLD estimate = 1.562


Trial 5: baseline Stimulus Selection
Stimulus: 0.010
Output value -0.200

Q+ parameters
slope: 0.043 semiSat: 0.780 beta: 1.125 sigma: 0.062 
maxBOLD estimate = 1.953


Trial 6: maxBOLD Stimulus Selection
Stimulus: 1.000
Output value 1.498

Q+ parameters
slope: 0.034 semiSat: 1.000 beta: 1.250 sigma: 0.062 
maxBOLD estimate = 2.197


Trial 7: qplus Stimulus Selection
Stimulus: 0.835
Output value 1.405

Q+ parameters
slope: 0.034 semiSat: 1.000 beta: 1.125 sigma: 0.062 
maxBOLD estimate = 2.747


Trial 8: qplus Stimulus Selection
Stimulus: 0.505
Output value 0.000

Q+ parameters
slope: 0.144 semiSat: 0.670 beta: 0.500 sigma: 0.010 
maxBOLD estimate = 3.090


Trial 9: qplus Stimulus Selection
Stimulus: 0.629
Output value 0.860

Q+ parameters
slope: 0.234 semiSat: 0.560 beta: 0.875 sigma: 0.062 
maxBOLD estimate = 1.545


Trial 10: baseline Stimulus Selection
Stimulus: 0.010
Output value 0.000

Q+ parameters
slope: 0.234 semiSat: 0.560 beta: 0.969 sigma: 0.062 
maxBOLD estimate = 1.352


Trial 11: qplus Stimulus Selection
Stimulus: 0.629
Output value 0.885

Q+ parameters
slope: 0.183 semiSat: 0.560 beta: 1.062 sigma: 0.062 
maxBOLD estimate = 1.310


Trial 12: qplus Stimulus Selection
Stimulus: 0.588
Output value 0.806

Q+ parameters
slope: 0.183 semiSat: 0.560 beta: 1.062 sigma: 0.062 
maxBOLD estimate = 1.391


Trial 13: qplus Stimulus Selection
Stimulus: 0.423
Output value 0.134

Q+ parameters
slope: 0.144 semiSat: 0.560 beta: 1.000 sigma: 0.062 
maxBOLD estimate = 1.478


Trial 14: qplus Stimulus Selection
Stimulus: 0.670
Output value 1.075

Q+ parameters
slope: 0.144 semiSat: 0.560 beta: 1.000 sigma: 0.062 
maxBOLD estimate = 1.478


Trial 15: maxBOLD Stimulus Selection
Stimulus: 1.000
Output value 1.344

Q+ parameters
slope: 0.144 semiSat: 0.560 beta: 1.000 sigma: 0.062 
maxBOLD estimate = 1.478


Trial 16: qplus Stimulus Selection
Stimulus: 0.794
Output value 1.058

Q+ parameters
slope: 0.183 semiSat: 0.560 beta: 0.875 sigma: 0.062 
maxBOLD estimate = 1.478


Trial 17: qplus Stimulus Selection
Stimulus: 0.464
Output value -0.250

Q+ parameters
slope: 0.298 semiSat: 0.560 beta: 1.062 sigma: 0.062 
maxBOLD estimate = 1.294


Trial 18: qplus Stimulus Selection
Stimulus: 0.505
Output value 0.242

Q+ parameters
slope: 0.234 semiSat: 0.560 beta: 0.969 sigma: 0.062 
maxBOLD estimate = 1.374


Trial 19: qplus Stimulus Selection
Stimulus: 0.546
Output value 0.605

Q+ parameters
slope: 0.234 semiSat: 0.560 beta: 1.000 sigma: 0.062 
maxBOLD estimate = 1.332


Trial 20: baseline Stimulus Selection
Stimulus: 0.010
Output value 0.242

Q+ parameters
slope: 0.234 semiSat: 0.560 beta: 1.000 sigma: 0.062 
maxBOLD estimate = 1.332


Trial 21: qplus Stimulus Selection
Stimulus: 0.546
Output value 0.726

Q+ parameters
slope: 0.234 semiSat: 0.560 beta: 1.000 sigma: 0.062 
maxBOLD estimate = 1.332


Trial 22: qplus Stimulus Selection
Stimulus: 0.670
Output value 1.498

Q+ parameters
slope: 0.234 semiSat: 0.560 beta: 1.031 sigma: 0.062 
maxBOLD estimate = 1.332


Trial 23: qplus Stimulus Selection
Stimulus: 0.670
Output value 1.545

Q+ parameters
slope: 0.234 semiSat: 0.560 beta: 1.031 sigma: 0.062 
maxBOLD estimate = 1.373


Trial 24: qplus Stimulus Selection
Stimulus: 0.670
Output value 1.593

Q+ parameters
slope: 0.234 semiSat: 0.560 beta: 1.031 sigma: 0.062 
maxBOLD estimate = 1.416


Trial 25: maxBOLD Stimulus Selection
Stimulus: 1.000
Output value 1.232

Q+ parameters
slope: 0.234 semiSat: 0.560 beta: 1.031 sigma: 0.062 
maxBOLD estimate = 1.460


Trial 26: qplus Stimulus Selection
Stimulus: 0.546
Output value 0.513

Q+ parameters
slope: 0.234 semiSat: 0.560 beta: 0.938 sigma: 0.062 
maxBOLD estimate = 1.506


Trial 27: qplus Stimulus Selection
Stimulus: 0.711
Output value 1.588

Q+ parameters
slope: 0.234 semiSat: 0.560 beta: 1.031 sigma: 0.062 
maxBOLD estimate = 1.412


Trial 28: qplus Stimulus Selection
Stimulus: 0.670
Output value 1.365

Q+ parameters
slope: 0.234 semiSat: 0.560 beta: 1.031 sigma: 0.062 
maxBOLD estimate = 1.456


Trial 29: qplus Stimulus Selection
Stimulus: 0.670
Output value 1.228

Q+ parameters
slope: 0.234 semiSat: 0.560 beta: 1.000 sigma: 0.062 
maxBOLD estimate = 1.501


Trial 30: baseline Stimulus Selection
Stimulus: 0.010
Output value 0.136

Q+ parameters
slope: 0.234 semiSat: 0.560 beta: 1.000 sigma: 0.062 
maxBOLD estimate = 1.501


Trial 31: qplus Stimulus Selection
Stimulus: 0.546
Output value 0.682

Q+ parameters
slope: 0.234 semiSat: 0.560 beta: 1.000 sigma: 0.062 
maxBOLD estimate = 1.501


Trial 32: qplus Stimulus Selection
Stimulus: 0.546
Output value 0.682

Q+ parameters
slope: 0.234 semiSat: 0.560 beta: 1.000 sigma: 0.062 
maxBOLD estimate = 1.501


Trial 33: qplus Stimulus Selection
Stimulus: 0.546
Output value 0.682

Q+ parameters
slope: 0.234 semiSat: 0.560 beta: 1.000 sigma: 0.062 
maxBOLD estimate = 1.501


Trial 34: qplus Stimulus Selection
Stimulus: 0.670
Output value 1.501

Q+ parameters
slope: 0.234 semiSat: 0.560 beta: 1.000 sigma: 0.062 
maxBOLD estimate = 1.501


Trial 35: maxBOLD Stimulus Selection
Stimulus: 1.000
Output value 1.365

Q+ parameters
slope: 0.234 semiSat: 0.560 beta: 1.000 sigma: 0.062 
maxBOLD estimate = 1.501


Trial 36: qplus Stimulus Selection
Stimulus: 0.546
Output value 0.546

Q+ parameters
slope: 0.234 semiSat: 0.560 beta: 1.000 sigma: 0.062 
maxBOLD estimate = 1.501


Trial 37: qplus Stimulus Selection
Stimulus: 0.546
Output value 0.409

Q+ parameters
slope: 0.234 semiSat: 0.560 beta: 1.000 sigma: 0.062 
maxBOLD estimate = 1.501


Trial 38: qplus Stimulus Selection
Stimulus: 0.546
Output value 0.819

Q+ parameters
slope: 0.234 semiSat: 0.560 beta: 1.000 sigma: 0.062 
maxBOLD estimate = 1.501


Trial 39: qplus Stimulus Selection
Stimulus: 0.670
Output value 1.501

Q+ parameters
slope: 0.234 semiSat: 0.560 beta: 1.000 sigma: 0.062 
maxBOLD estimate = 1.501


Trial 40: baseline Stimulus Selection
Stimulus: 0.010
Output value 0.256

Q+ parameters
slope: 0.234 semiSat: 0.560 beta: 0.938 sigma: 0.062 
maxBOLD estimate = 1.501


Trial 41: qplus Stimulus Selection
Stimulus: 0.711
Output value 1.452

Q+ parameters
slope: 0.234 semiSat: 0.560 beta: 1.031 sigma: 0.062 
maxBOLD estimate = 1.408


Trial 42: qplus Stimulus Selection
Stimulus: 0.670
Output value 1.320

Q+ parameters
slope: 0.234 semiSat: 0.560 beta: 1.000 sigma: 0.062 
maxBOLD estimate = 1.452


Trial 43: qplus Stimulus Selection
Stimulus: 0.670
Output value 1.497

Q+ parameters
slope: 0.234 semiSat: 0.560 beta: 1.031 sigma: 0.062 
maxBOLD estimate = 1.452


Trial 44: qplus Stimulus Selection
Stimulus: 0.670
Output value 1.225

Q+ parameters
slope: 0.234 semiSat: 0.560 beta: 1.000 sigma: 0.062 
maxBOLD estimate = 1.497


Trial 45: maxBOLD Stimulus Selection
Stimulus: 1.000
Output value 1.633

Q+ parameters
slope: 0.234 semiSat: 0.560 beta: 1.000 sigma: 0.062 
maxBOLD estimate = 1.497


Trial 46: qplus Stimulus Selection
Stimulus: 0.670
Output value 1.361

Q+ parameters
slope: 0.234 semiSat: 0.560 beta: 1.000 sigma: 0.062 
maxBOLD estimate = 1.497


Trial 47: qplus Stimulus Selection
Stimulus: 0.670
Output value 1.684

Q+ parameters
slope: 0.234 semiSat: 0.560 beta: 1.031 sigma: 0.062 
maxBOLD estimate = 1.497


Trial 48: qplus Stimulus Selection
Stimulus: 0.670
Output value 1.263

Q+ parameters
slope: 0.234 semiSat: 0.560 beta: 1.000 sigma: 0.062 
maxBOLD estimate = 1.544


Trial 49: qplus Stimulus Selection
Stimulus: 0.546
Output value 0.702

Q+ parameters
slope: 0.234 semiSat: 0.560 beta: 1.000 sigma: 0.062 
maxBOLD estimate = 1.544


Trial 50: baseline Stimulus Selection
Stimulus: 0.010
Output value 0.132

Q+ parameters
slope: 0.234 semiSat: 0.560 beta: 0.938 sigma: 0.062 
maxBOLD estimate = 1.544


Trial 51: qplus Stimulus Selection
Stimulus: 0.670
Output value 1.492

Q+ parameters
slope: 0.234 semiSat: 0.560 beta: 1.031 sigma: 0.062 
maxBOLD estimate = 1.447


Trial 52: qplus Stimulus Selection
Stimulus: 0.670
Output value 1.314

Q+ parameters
slope: 0.298 semiSat: 0.560 beta: 0.969 sigma: 0.062 
maxBOLD estimate = 1.492


Trial 53: qplus Stimulus Selection
Stimulus: 0.546
Output value 0.526

Q+ parameters
slope: 0.234 semiSat: 0.560 beta: 1.000 sigma: 0.062 
maxBOLD estimate = 1.446


Trial 54: qplus Stimulus Selection
Stimulus: 0.670
Output value 1.491

Q+ parameters
slope: 0.234 semiSat: 0.560 beta: 1.031 sigma: 0.062 
maxBOLD estimate = 1.446


Trial 55: maxBOLD Stimulus Selection
Stimulus: 1.000
Output value 1.627

Q+ parameters
slope: 0.234 semiSat: 0.560 beta: 1.000 sigma: 0.062 
maxBOLD estimate = 1.491


Trial 56: qplus Stimulus Selection
Stimulus: 0.546
Output value 0.678

Q+ parameters
slope: 0.234 semiSat: 0.560 beta: 1.000 sigma: 0.062 
maxBOLD estimate = 1.491


Trial 57: qplus Stimulus Selection
Stimulus: 0.546
Output value 0.678

Q+ parameters
slope: 0.234 semiSat: 0.560 beta: 1.000 sigma: 0.062 
maxBOLD estimate = 1.491


Trial 58: qplus Stimulus Selection
Stimulus: 0.546
Output value 0.525

Q+ parameters
slope: 0.298 semiSat: 0.560 beta: 0.969 sigma: 0.062 
maxBOLD estimate = 1.491


Trial 59: qplus Stimulus Selection
Stimulus: 0.546
Output value 0.812

Q+ parameters
slope: 0.234 semiSat: 0.560 beta: 1.031 sigma: 0.062 
maxBOLD estimate = 1.444


Trial 60: baseline Stimulus Selection
Stimulus: 0.010
Output value -0.135

Q+ parameters
slope: 0.234 semiSat: 0.560 beta: 1.000 sigma: 0.062 
maxBOLD estimate = 1.490


Trial 61: qplus Stimulus Selection
Stimulus: 0.670
Output value 1.083

Q+ parameters
slope: 0.234 semiSat: 0.560 beta: 1.000 sigma: 0.062 
maxBOLD estimate = 1.490


Trial 62: qplus Stimulus Selection
Stimulus: 0.546
Output value 0.542

Q+ parameters
slope: 0.234 semiSat: 0.560 beta: 1.000 sigma: 0.062 
maxBOLD estimate = 1.490


Trial 63: qplus Stimulus Selection
Stimulus: 0.546
Output value 0.542

Q+ parameters
slope: 0.234 semiSat: 0.560 beta: 1.000 sigma: 0.062 
maxBOLD estimate = 1.490


Trial 64: qplus Stimulus Selection
Stimulus: 0.546
Output value 0.262

Q+ parameters
slope: 0.298 semiSat: 0.560 beta: 0.969 sigma: 0.062 
maxBOLD estimate = 1.490


Trial 65: maxBOLD Stimulus Selection
Stimulus: 1.000
Output value 1.623

Q+ parameters
slope: 0.234 semiSat: 0.560 beta: 1.031 sigma: 0.062 
maxBOLD estimate = 1.443


Trial 66: qplus Stimulus Selection
Stimulus: 0.670
Output value 1.179

Q+ parameters
slope: 0.298 semiSat: 0.560 beta: 0.969 sigma: 0.062 
maxBOLD estimate = 1.488


Trial 67: qplus Stimulus Selection
Stimulus: 0.546
Output value 0.405

Q+ parameters
slope: 0.234 semiSat: 0.560 beta: 1.031 sigma: 0.062 
maxBOLD estimate = 1.442


Trial 68: qplus Stimulus Selection
Stimulus: 0.546
Output value 0.786

Q+ parameters
slope: 0.298 semiSat: 0.560 beta: 0.969 sigma: 0.062 
maxBOLD estimate = 1.487


Trial 69: qplus Stimulus Selection
Stimulus: 0.546
Output value 0.540

Q+ parameters
slope: 0.234 semiSat: 0.560 beta: 1.031 sigma: 0.062 
maxBOLD estimate = 1.440


Trial 70: baseline Stimulus Selection
Stimulus: 0.010
Output value -0.270

Q+ parameters
slope: 0.234 semiSat: 0.560 beta: 1.000 sigma: 0.062 
maxBOLD estimate = 1.485


Trial 71: qplus Stimulus Selection
Stimulus: 0.670
Output value 1.308

Q+ parameters
slope: 0.298 semiSat: 0.560 beta: 0.969 sigma: 0.062 
maxBOLD estimate = 1.485


Trial 72: qplus Stimulus Selection
Stimulus: 0.546
Output value 0.540

Q+ parameters
slope: 0.234 semiSat: 0.560 beta: 1.031 sigma: 0.062 
maxBOLD estimate = 1.439


Trial 73: qplus Stimulus Selection
Stimulus: 0.546
Output value 0.261

Q+ parameters
slope: 0.298 semiSat: 0.560 beta: 0.969 sigma: 0.062 
maxBOLD estimate = 1.484


Trial 74: qplus Stimulus Selection
Stimulus: 0.711
Output value 1.139

Q+ parameters
slope: 0.298 semiSat: 0.560 beta: 0.969 sigma: 0.062 
maxBOLD estimate = 1.437


Trial 75: maxBOLD Stimulus Selection
Stimulus: 1.000
Output value 1.305

Q+ parameters
slope: 0.234 semiSat: 0.560 beta: 1.031 sigma: 0.062 
maxBOLD estimate = 1.392


Trial 76: qplus Stimulus Selection
Stimulus: 0.588
Output value 0.885

Q+ parameters
slope: 0.298 semiSat: 0.560 beta: 0.969 sigma: 0.062 
maxBOLD estimate = 1.436


Trial 77: qplus Stimulus Selection
Stimulus: 0.670
Output value 1.565

Q+ parameters
slope: 0.234 semiSat: 0.560 beta: 1.031 sigma: 0.062 
maxBOLD estimate = 1.391


Trial 78: qplus Stimulus Selection
Stimulus: 0.588
Output value 0.632

Q+ parameters
slope: 0.298 semiSat: 0.560 beta: 0.969 sigma: 0.062 
maxBOLD estimate = 1.435


Trial 79: qplus Stimulus Selection
Stimulus: 0.711
Output value 0.912

Q+ parameters
slope: 0.234 semiSat: 0.560 beta: 1.031 sigma: 0.062 
maxBOLD estimate = 1.390


Trial 80: baseline Stimulus Selection
Stimulus: 0.010
Output value 0.126

Q+ parameters
slope: 0.234 semiSat: 0.560 beta: 0.969 sigma: 0.062 
maxBOLD estimate = 1.433


Trial 81: qplus Stimulus Selection
Stimulus: 0.711
Output value 1.432

Q+ parameters
slope: 0.234 semiSat: 0.560 beta: 1.031 sigma: 0.062 
maxBOLD estimate = 1.388


Trial 82: qplus Stimulus Selection
Stimulus: 0.588
Output value 1.074

Q+ parameters
slope: 0.234 semiSat: 0.560 beta: 1.031 sigma: 0.062 
maxBOLD estimate = 1.432


Trial 83: qplus Stimulus Selection
Stimulus: 0.670
Output value 1.560

Q+ parameters
slope: 0.234 semiSat: 0.560 beta: 0.969 sigma: 0.062 
maxBOLD estimate = 1.476


Trial 84: qplus Stimulus Selection
Stimulus: 0.711
Output value 1.341

Q+ parameters
slope: 0.234 semiSat: 0.560 beta: 1.031 sigma: 0.062 
maxBOLD estimate = 1.430


Trial 85: maxBOLD Stimulus Selection
Stimulus: 1.000
Output value 1.039

Q+ parameters
slope: 0.298 semiSat: 0.560 beta: 0.969 sigma: 0.062 
maxBOLD estimate = 1.475


Trial 86: qplus Stimulus Selection
Stimulus: 0.959
Output value 1.340

Q+ parameters
slope: 0.234 semiSat: 0.560 beta: 1.031 sigma: 0.062 
maxBOLD estimate = 1.429


Trial 87: qplus Stimulus Selection
Stimulus: 0.670
Output value 1.428

Q+ parameters
slope: 0.298 semiSat: 0.560 beta: 0.969 sigma: 0.062 
maxBOLD estimate = 1.474


Trial 88: qplus Stimulus Selection
Stimulus: 0.711
Output value 0.937

Q+ parameters
slope: 0.234 semiSat: 0.560 beta: 1.031 sigma: 0.062 
maxBOLD estimate = 1.428


Trial 89: qplus Stimulus Selection
Stimulus: 0.670
Output value 1.297

Q+ parameters
slope: 0.234 semiSat: 0.560 beta: 0.969 sigma: 0.062 
maxBOLD estimate = 1.472


Trial 90: baseline Stimulus Selection
Stimulus: 0.010
Output value 0.000

Q+ parameters
slope: 0.234 semiSat: 0.560 beta: 1.031 sigma: 0.062 
maxBOLD estimate = 1.426


Trial 91: qplus Stimulus Selection
Stimulus: 0.670
Output value 1.166

Q+ parameters
slope: 0.234 semiSat: 0.560 beta: 0.969 sigma: 0.062 
maxBOLD estimate = 1.471


Trial 92: qplus Stimulus Selection
Stimulus: 0.753
Output value 1.469

Q+ parameters
slope: 0.234 semiSat: 0.560 beta: 1.031 sigma: 0.062 
maxBOLD estimate = 1.425


Trial 93: qplus Stimulus Selection
Stimulus: 0.670
Output value 1.423

Q+ parameters
slope: 0.234 semiSat: 0.560 beta: 0.969 sigma: 0.062 
maxBOLD estimate = 1.469


Trial 94: qplus Stimulus Selection
Stimulus: 0.711
Output value 1.601

Q+ parameters
slope: 0.234 semiSat: 0.560 beta: 1.031 sigma: 0.062 
maxBOLD estimate = 1.423


Trial 95: maxBOLD Stimulus Selection
Stimulus: 1.000
Output value 1.551

Q+ parameters
slope: 0.298 semiSat: 0.560 beta: 0.969 sigma: 0.062 
maxBOLD estimate = 1.468


Trial 96: qplus Stimulus Selection
Stimulus: 0.711
Output value 1.600

Q+ parameters
slope: 0.234 semiSat: 0.560 beta: 1.031 sigma: 0.062 
maxBOLD estimate = 1.422


Trial 97: qplus Stimulus Selection
Stimulus: 0.670
Output value 1.033

Q+ parameters
slope: 0.234 semiSat: 0.560 beta: 0.969 sigma: 0.062 
maxBOLD estimate = 1.466


Trial 98: qplus Stimulus Selection
Stimulus: 0.711
Output value 1.332

Q+ parameters
slope: 0.234 semiSat: 0.560 beta: 1.031 sigma: 0.062 
maxBOLD estimate = 1.421


Trial 99: qplus Stimulus Selection
Stimulus: 0.670
Output value 1.290

Q+ parameters
slope: 0.234 semiSat: 0.560 beta: 0.969 sigma: 0.062 
maxBOLD estimate = 1.465


Trial 100: baseline Stimulus Selection
Stimulus: 0.010
Output value 0.375

Q+ parameters
slope: 0.298 semiSat: 0.560 beta: 0.969 sigma: 0.062 
maxBOLD estimate = 1.419

--------------------------------------------------------------
FINAL VALUES
--------------------------------------------------------------
Simulated parameters:              slope: 0.200 semiSat: 0.570 beta: 1.000 sigma: 0.050 
Max posterior QUEST+ parameters:   slope: 0.234 semiSat: 0.560 beta: 1.031 sigma: 0.062 
Max BADS parameters:               slope: 0.301 semiSat: 0.568 beta: 1.000 sigma: 0.077 
maxBOLD estimate: 1.383
