/blue/stevenweisberg/stevenweisberg/MATLAB/projects/Weisberg_Aguirre_2020/scripts/run_sims
c0700a-s1.ufhpc
Tue Apr  6 22:23:24 EDT 2021
mkdir: cannot create directory ‘/blue/stevenweisberg/stevenweisberg/qpfMRIResults/model_parameter_set2/’: File exists
cp: cannot stat ‘/blue/stevenweisberg/stevenweisberg/qpfMRIResults/deploy_sim.sh’: No such file or directory
cp: cannot stat ‘/blue/stevenweisberg/stevenweisberg/qpfMRIResults/sim_wrapper.sh’: No such file or directory
------------------------------------------
Setting up environment variables
---
LD_LIBRARY_PATH is .:/apps/matlab/mcr/2020b/v99/runtime/glnxa64:/apps/matlab/mcr/2020b/v99/bin/glnxa64:/apps/matlab/mcr/2020b/v99/sys/os/glnxa64:/apps/matlab/mcr/2020b/v99/sys/opengl/lib/glnxa64
Warning: Executing startup failed in matlabrc.
This indicates a potentially serious problem in your MATLAB setup, which should be resolved as soon as possible.  Error detected was:
MATLAB:mpath:PathAlterationNotSupported
Modifying the search path is not supported by MATLAB Compiler. Remove functions that modify the search path from your MATLAB code. To make files visible to your deployed application, add the parent folder to your MATLAB session.
Warning: No stimulus domain specified. Defaulting to values between 0.01 and 1.
> In qpfmriParams (line 182)
In compiledSimulate (line 205)
Stimulus domain added from input.
Parameter slope specified as 0.20000
Parameter semiSat specified as 0.57000
Parameter beta specified as 1.00000
Parameter sigma specified as 0.15000
seed = 99seed = 104seed = 111seed = 111seed = 115seed = 101Initializing Q+. This may take a minute...
Elapsed time is 7.611837 seconds.
Simulated parameters:
slope: 0.200 semiSat: 0.570 beta: 1.000 sigma: 0.150 

Trial 1: baseline Stimulus Selection
Stimulus: 0.010
Output value 0.000

Q+ parameters
slope: 0.026 semiSat: 0.890 beta: 0.500 sigma: 0.010 
maxBOLD estimate = 1.000


Trial 2: maxBOLD Stimulus Selection
Stimulus: 1.000
Output value 1.364

Q+ parameters
slope: 0.055 semiSat: 0.670 beta: 1.250 sigma: 0.010 
maxBOLD estimate = 1.000


Trial 3: baseline Stimulus Selection
Stimulus: 0.010
Output value -0.284

Q+ parameters
slope: 0.055 semiSat: 0.670 beta: 1.250 sigma: 0.218 
maxBOLD estimate = 1.250


Trial 4: maxBOLD Stimulus Selection
Stimulus: 1.000
Output value 1.420

Q+ parameters
slope: 0.043 semiSat: 0.780 beta: 1.250 sigma: 0.114 
maxBOLD estimate = 1.562


Trial 5: baseline Stimulus Selection
Stimulus: 0.010
Output value 0.222

Q+ parameters
slope: 0.043 semiSat: 0.780 beta: 1.250 sigma: 0.218 
maxBOLD estimate = 1.953


Trial 6: maxBOLD Stimulus Selection
Stimulus: 1.000
Output value 0.777

Q+ parameters
slope: 0.034 semiSat: 0.890 beta: 0.875 sigma: 0.114 
maxBOLD estimate = 2.441


Trial 7: qplus Stimulus Selection
Stimulus: 0.629
Output value -0.291

Q+ parameters
slope: 0.113 semiSat: 1.000 beta: 1.500 sigma: 0.114 
maxBOLD estimate = 2.136


Trial 8: qplus Stimulus Selection
Stimulus: 0.835
Output value 0.874

Q+ parameters
slope: 0.113 semiSat: 0.670 beta: 0.500 sigma: 0.062 
maxBOLD estimate = 3.204


Trial 9: qplus Stimulus Selection
Stimulus: 0.588
Output value -0.182

Q+ parameters
slope: 0.070 semiSat: 0.890 beta: 1.250 sigma: 0.114 
maxBOLD estimate = 1.602


Trial 10: baseline Stimulus Selection
Stimulus: 0.010
Output value -0.455

Q+ parameters
slope: 0.055 semiSat: 0.890 beta: 1.250 sigma: 0.114 
maxBOLD estimate = 2.003


Trial 11: qplus Stimulus Selection
Stimulus: 0.711
Output value 0.661

Q+ parameters
slope: 0.043 semiSat: 0.890 beta: 0.969 sigma: 0.114 
maxBOLD estimate = 2.503


Trial 12: qplus Stimulus Selection
Stimulus: 0.835
Output value 1.350

Q+ parameters
slope: 0.055 semiSat: 0.780 beta: 0.875 sigma: 0.114 
maxBOLD estimate = 2.425


Trial 13: qplus Stimulus Selection
Stimulus: 0.794
Output value 1.157

Q+ parameters
slope: 0.113 semiSat: 0.670 beta: 0.750 sigma: 0.114 
maxBOLD estimate = 2.122


Trial 14: qplus Stimulus Selection
Stimulus: 0.711
Output value 0.814

Q+ parameters
slope: 0.144 semiSat: 0.670 beta: 0.938 sigma: 0.114 
maxBOLD estimate = 1.592


Trial 15: maxBOLD Stimulus Selection
Stimulus: 1.000
Output value 2.442

Q+ parameters
slope: 0.055 semiSat: 0.780 beta: 1.500 sigma: 0.114 
maxBOLD estimate = 1.492


Trial 16: qplus Stimulus Selection
Stimulus: 0.588
Output value 1.221

Q+ parameters
slope: 0.070 semiSat: 0.560 beta: 0.750 sigma: 0.166 
maxBOLD estimate = 2.238


Trial 17: qplus Stimulus Selection
Stimulus: 0.629
Output value 0.343

Q+ parameters
slope: 0.070 semiSat: 0.670 beta: 1.125 sigma: 0.166 
maxBOLD estimate = 1.679


Trial 18: qplus Stimulus Selection
Stimulus: 0.588
Output value 1.459

Q+ parameters
slope: 0.055 semiSat: 0.670 beta: 1.062 sigma: 0.166 
maxBOLD estimate = 1.888


Trial 19: qplus Stimulus Selection
Stimulus: 0.588
Output value 1.744

Q+ parameters
slope: 0.055 semiSat: 0.670 beta: 1.062 sigma: 0.166 
maxBOLD estimate = 2.006


Trial 20: baseline Stimulus Selection
Stimulus: 0.010
Output value 0.206

Q+ parameters
slope: 0.043 semiSat: 0.780 beta: 1.062 sigma: 0.114 
maxBOLD estimate = 2.132


Trial 21: qplus Stimulus Selection
Stimulus: 0.753
Output value 1.235

Q+ parameters
slope: 0.070 semiSat: 0.560 beta: 0.750 sigma: 0.114 
maxBOLD estimate = 2.265


Trial 22: qplus Stimulus Selection
Stimulus: 0.670
Output value 1.911

Q+ parameters
slope: 0.089 semiSat: 0.560 beta: 1.031 sigma: 0.166 
maxBOLD estimate = 1.699


Trial 23: qplus Stimulus Selection
Stimulus: 0.464
Output value 0.139

Q+ parameters
slope: 0.234 semiSat: 0.560 beta: 0.875 sigma: 0.166 
maxBOLD estimate = 1.752


Trial 24: qplus Stimulus Selection
Stimulus: 0.505
Output value 0.627

Q+ parameters
slope: 0.113 semiSat: 0.560 beta: 1.125 sigma: 0.166 
maxBOLD estimate = 1.533


Trial 25: maxBOLD Stimulus Selection
Stimulus: 1.000
Output value 1.940

Q+ parameters
slope: 0.089 semiSat: 0.560 beta: 1.031 sigma: 0.166 
maxBOLD estimate = 1.724


Trial 26: qplus Stimulus Selection
Stimulus: 0.505
Output value 0.834

Q+ parameters
slope: 0.089 semiSat: 0.560 beta: 1.031 sigma: 0.166 
maxBOLD estimate = 1.778


Trial 27: qplus Stimulus Selection
Stimulus: 0.505
Output value 0.625

Q+ parameters
slope: 0.070 semiSat: 0.670 beta: 1.250 sigma: 0.166 
maxBOLD estimate = 1.834


Trial 28: qplus Stimulus Selection
Stimulus: 0.629
Output value 1.250

Q+ parameters
slope: 0.144 semiSat: 0.560 beta: 0.750 sigma: 0.114 
maxBOLD estimate = 2.292


Trial 29: qplus Stimulus Selection
Stimulus: 0.670
Output value 1.876

Q+ parameters
slope: 0.183 semiSat: 0.560 beta: 1.000 sigma: 0.166 
maxBOLD estimate = 1.719


Trial 30: baseline Stimulus Selection
Stimulus: 0.010
Output value 0.000

Q+ parameters
slope: 0.144 semiSat: 0.560 beta: 1.062 sigma: 0.166 
maxBOLD estimate = 1.719


Trial 31: qplus Stimulus Selection
Stimulus: 0.505
Output value 0.623

Q+ parameters
slope: 0.144 semiSat: 0.560 beta: 0.938 sigma: 0.166 
maxBOLD estimate = 1.827


Trial 32: qplus Stimulus Selection
Stimulus: 0.505
Output value 0.000

Q+ parameters
slope: 0.234 semiSat: 0.560 beta: 0.875 sigma: 0.166 
maxBOLD estimate = 1.713


Trial 33: qplus Stimulus Selection
Stimulus: 0.505
Output value 2.043

Q+ parameters
slope: 0.113 semiSat: 0.560 beta: 1.250 sigma: 0.218 
maxBOLD estimate = 1.499


Trial 34: qplus Stimulus Selection
Stimulus: 0.257
Output value 0.639

Q+ parameters
slope: 0.144 semiSat: 0.560 beta: 0.938 sigma: 0.166 
maxBOLD estimate = 1.873


Trial 35: maxBOLD Stimulus Selection
Stimulus: 1.000
Output value 1.646

Q+ parameters
slope: 0.089 semiSat: 0.560 beta: 1.031 sigma: 0.166 
maxBOLD estimate = 1.756


Trial 36: qplus Stimulus Selection
Stimulus: 0.629
Output value 1.698

Q+ parameters
slope: 0.144 semiSat: 0.560 beta: 0.938 sigma: 0.166 
maxBOLD estimate = 1.811


Trial 37: qplus Stimulus Selection
Stimulus: 0.505
Output value 0.820

Q+ parameters
slope: 0.144 semiSat: 0.560 beta: 1.062 sigma: 0.166 
maxBOLD estimate = 1.698


Trial 38: qplus Stimulus Selection
Stimulus: 0.505
Output value 0.307

Q+ parameters
slope: 0.144 semiSat: 0.560 beta: 0.938 sigma: 0.166 
maxBOLD estimate = 1.804


Trial 39: qplus Stimulus Selection
Stimulus: 0.629
Output value 1.634

Q+ parameters
slope: 0.234 semiSat: 0.560 beta: 1.062 sigma: 0.218 
maxBOLD estimate = 1.691


Trial 40: baseline Stimulus Selection
Stimulus: 0.010
Output value 0.000

Q+ parameters
slope: 0.144 semiSat: 0.560 beta: 0.938 sigma: 0.166 
maxBOLD estimate = 1.797


Trial 41: qplus Stimulus Selection
Stimulus: 0.505
Output value 0.613

Q+ parameters
slope: 0.183 semiSat: 0.560 beta: 1.000 sigma: 0.166 
maxBOLD estimate = 1.685


Trial 42: qplus Stimulus Selection
Stimulus: 0.505
Output value 0.459

Q+ parameters
slope: 0.183 semiSat: 0.560 beta: 1.000 sigma: 0.166 
maxBOLD estimate = 1.685


Trial 43: qplus Stimulus Selection
Stimulus: 0.505
Output value 0.000

Q+ parameters
slope: 0.183 semiSat: 0.560 beta: 1.000 sigma: 0.166 
maxBOLD estimate = 1.685


Trial 44: qplus Stimulus Selection
Stimulus: 0.505
Output value -0.316

Q+ parameters
slope: 0.234 semiSat: 0.560 beta: 1.031 sigma: 0.218 
maxBOLD estimate = 1.685


Trial 45: maxBOLD Stimulus Selection
Stimulus: 1.000
Output value 1.530

Q+ parameters
slope: 0.234 semiSat: 0.560 beta: 0.969 sigma: 0.166 
maxBOLD estimate = 1.737


Trial 46: qplus Stimulus Selection
Stimulus: 0.588
Output value 0.889

Q+ parameters
slope: 0.234 semiSat: 0.560 beta: 0.969 sigma: 0.166 
maxBOLD estimate = 1.683


Trial 47: qplus Stimulus Selection
Stimulus: 0.505
Output value 0.157

Q+ parameters
slope: 0.298 semiSat: 0.560 beta: 1.062 sigma: 0.218 
maxBOLD estimate = 1.630


Trial 48: qplus Stimulus Selection
Stimulus: 0.505
Output value 0.305

Q+ parameters
slope: 0.234 semiSat: 0.560 beta: 0.969 sigma: 0.166 
maxBOLD estimate = 1.732


Trial 49: qplus Stimulus Selection
Stimulus: 0.588
Output value 0.296

Q+ parameters
slope: 0.234 semiSat: 0.560 beta: 0.969 sigma: 0.166 
maxBOLD estimate = 1.678


Trial 50: baseline Stimulus Selection
Stimulus: 0.010
Output value 0.286

Q+ parameters
slope: 0.234 semiSat: 0.560 beta: 0.969 sigma: 0.166 
maxBOLD estimate = 1.626


Trial 51: qplus Stimulus Selection
Stimulus: 0.546
Output value 0.738

Q+ parameters
slope: 0.234 semiSat: 0.560 beta: 1.031 sigma: 0.166 
maxBOLD estimate = 1.575


Trial 52: qplus Stimulus Selection
Stimulus: 0.505
Output value 1.098

Q+ parameters
slope: 0.234 semiSat: 0.560 beta: 1.062 sigma: 0.218 
maxBOLD estimate = 1.624


Trial 53: qplus Stimulus Selection
Stimulus: 0.505
Output value 0.912

Q+ parameters
slope: 0.144 semiSat: 0.560 beta: 0.969 sigma: 0.166 
maxBOLD estimate = 1.726


Trial 54: qplus Stimulus Selection
Stimulus: 0.588
Output value 0.912

Q+ parameters
slope: 0.183 semiSat: 0.560 beta: 1.000 sigma: 0.166 
maxBOLD estimate = 1.672


Trial 55: maxBOLD Stimulus Selection
Stimulus: 1.000
Output value 1.672

Q+ parameters
slope: 0.183 semiSat: 0.560 beta: 1.000 sigma: 0.166 
maxBOLD estimate = 1.672


Trial 56: qplus Stimulus Selection
Stimulus: 0.505
Output value 0.304

Q+ parameters
slope: 0.183 semiSat: 0.560 beta: 1.000 sigma: 0.166 
maxBOLD estimate = 1.672


Trial 57: qplus Stimulus Selection
Stimulus: 0.546
Output value 0.589

Q+ parameters
slope: 0.234 semiSat: 0.560 beta: 0.969 sigma: 0.166 
maxBOLD estimate = 1.672


Trial 58: qplus Stimulus Selection
Stimulus: 0.546
Output value 0.294

Q+ parameters
slope: 0.183 semiSat: 0.560 beta: 1.000 sigma: 0.166 
maxBOLD estimate = 1.619


Trial 59: qplus Stimulus Selection
Stimulus: 0.505
Output value 1.095

Q+ parameters
slope: 0.234 semiSat: 0.560 beta: 1.062 sigma: 0.218 
maxBOLD estimate = 1.619


Trial 60: baseline Stimulus Selection
Stimulus: 0.010
Output value 0.958

Q+ parameters
slope: 0.234 semiSat: 0.560 beta: 0.875 sigma: 0.218 
maxBOLD estimate = 1.721


Trial 61: qplus Stimulus Selection
Stimulus: 0.588
Output value 1.018

Q+ parameters
slope: 0.234 semiSat: 0.560 beta: 1.062 sigma: 0.218 
maxBOLD estimate = 1.506


Trial 62: qplus Stimulus Selection
Stimulus: 0.505
Output value 0.927

Q+ parameters
slope: 0.234 semiSat: 0.560 beta: 1.062 sigma: 0.218 
maxBOLD estimate = 1.600


Trial 63: qplus Stimulus Selection
Stimulus: 0.505
Output value 0.270

Q+ parameters
slope: 0.234 semiSat: 0.560 beta: 0.875 sigma: 0.166 
maxBOLD estimate = 1.700


Trial 64: qplus Stimulus Selection
Stimulus: 0.629
Output value 1.724

Q+ parameters
slope: 0.234 semiSat: 0.560 beta: 1.062 sigma: 0.218 
maxBOLD estimate = 1.487


Trial 65: maxBOLD Stimulus Selection
Stimulus: 1.000
Output value 1.831

Q+ parameters
slope: 0.234 semiSat: 0.560 beta: 1.062 sigma: 0.218 
maxBOLD estimate = 1.580


Trial 66: qplus Stimulus Selection
Stimulus: 0.505
Output value 0.267

Q+ parameters
slope: 0.234 semiSat: 0.560 beta: 0.875 sigma: 0.166 
maxBOLD estimate = 1.679


Trial 67: qplus Stimulus Selection
Stimulus: 0.588
Output value 1.135

Q+ parameters
slope: 0.234 semiSat: 0.560 beta: 1.062 sigma: 0.218 
maxBOLD estimate = 1.469


Trial 68: qplus Stimulus Selection
Stimulus: 0.505
Output value -0.302

Q+ parameters
slope: 0.234 semiSat: 0.560 beta: 1.062 sigma: 0.218 
maxBOLD estimate = 1.561


Trial 69: qplus Stimulus Selection
Stimulus: 0.505
Output value -0.146

Q+ parameters
slope: 0.234 semiSat: 0.560 beta: 0.969 sigma: 0.218 
maxBOLD estimate = 1.658


Trial 70: baseline Stimulus Selection
Stimulus: 0.010
Output value -0.141

Q+ parameters
slope: 0.234 semiSat: 0.560 beta: 0.969 sigma: 0.166 
maxBOLD estimate = 1.607


Trial 71: qplus Stimulus Selection
Stimulus: 0.546
Output value 0.451

Q+ parameters
slope: 0.234 semiSat: 0.560 beta: 1.062 sigma: 0.218 
maxBOLD estimate = 1.556


Trial 72: qplus Stimulus Selection
Stimulus: 0.505
Output value 0.146

Q+ parameters
slope: 0.234 semiSat: 0.560 beta: 0.969 sigma: 0.166 
maxBOLD estimate = 1.654


Trial 73: qplus Stimulus Selection
Stimulus: 0.546
Output value 0.564

Q+ parameters
slope: 0.234 semiSat: 0.560 beta: 0.969 sigma: 0.166 
maxBOLD estimate = 1.602


Trial 74: qplus Stimulus Selection
Stimulus: 0.546
Output value 0.749

Q+ parameters
slope: 0.234 semiSat: 0.560 beta: 1.062 sigma: 0.218 
maxBOLD estimate = 1.552


Trial 75: maxBOLD Stimulus Selection
Stimulus: 1.000
Output value 0.422

Q+ parameters
slope: 0.234 semiSat: 0.560 beta: 0.938 sigma: 0.218 
maxBOLD estimate = 1.649


Trial 76: qplus Stimulus Selection
Stimulus: 0.588
Output value 1.194

Q+ parameters
slope: 0.234 semiSat: 0.560 beta: 1.062 sigma: 0.218 
maxBOLD estimate = 1.546


Trial 77: qplus Stimulus Selection
Stimulus: 0.505
Output value 0.000

Q+ parameters
slope: 0.234 semiSat: 0.560 beta: 0.969 sigma: 0.166 
maxBOLD estimate = 1.642


Trial 78: qplus Stimulus Selection
Stimulus: 0.546
Output value 0.701

Q+ parameters
slope: 0.234 semiSat: 0.560 beta: 0.969 sigma: 0.166 
maxBOLD estimate = 1.591


Trial 79: qplus Stimulus Selection
Stimulus: 0.546
Output value 1.489

Q+ parameters
slope: 0.298 semiSat: 0.560 beta: 1.062 sigma: 0.218 
maxBOLD estimate = 1.541


Trial 80: baseline Stimulus Selection
Stimulus: 0.010
Output value 0.000

Q+ parameters
slope: 0.234 semiSat: 0.560 beta: 0.969 sigma: 0.166 
maxBOLD estimate = 1.638


Trial 81: qplus Stimulus Selection
Stimulus: 0.546
Output value 0.000

Q+ parameters
slope: 0.234 semiSat: 0.560 beta: 0.969 sigma: 0.166 
maxBOLD estimate = 1.587


Trial 82: qplus Stimulus Selection
Stimulus: 0.546
Output value 0.541

Q+ parameters
slope: 0.234 semiSat: 0.560 beta: 0.969 sigma: 0.166 
maxBOLD estimate = 1.537


Trial 83: qplus Stimulus Selection
Stimulus: 0.546
Output value -0.135

Q+ parameters
slope: 0.298 semiSat: 0.560 beta: 1.000 sigma: 0.218 
maxBOLD estimate = 1.489


Trial 84: qplus Stimulus Selection
Stimulus: 0.505
Output value 0.541

Q+ parameters
slope: 0.298 semiSat: 0.560 beta: 1.000 sigma: 0.218 
maxBOLD estimate = 1.489


Trial 85: maxBOLD Stimulus Selection
Stimulus: 1.000
Output value 0.677

Q+ parameters
slope: 0.298 semiSat: 0.560 beta: 1.000 sigma: 0.218 
maxBOLD estimate = 1.489


Trial 86: qplus Stimulus Selection
Stimulus: 0.505
Output value 0.000

Q+ parameters
slope: 0.298 semiSat: 0.560 beta: 1.000 sigma: 0.218 
maxBOLD estimate = 1.489


Trial 87: qplus Stimulus Selection
Stimulus: 0.505
Output value 0.271

Q+ parameters
slope: 0.298 semiSat: 0.560 beta: 1.000 sigma: 0.218 
maxBOLD estimate = 1.489


Trial 88: qplus Stimulus Selection
Stimulus: 0.505
Output value 0.677

Q+ parameters
slope: 0.298 semiSat: 0.560 beta: 1.000 sigma: 0.218 
maxBOLD estimate = 1.489


Trial 89: qplus Stimulus Selection
Stimulus: 0.505
Output value 0.947

Q+ parameters
slope: 0.298 semiSat: 0.560 beta: 1.000 sigma: 0.218 
maxBOLD estimate = 1.489


Trial 90: baseline Stimulus Selection
Stimulus: 0.010
Output value -0.288

Q+ parameters
slope: 0.234 semiSat: 0.560 beta: 1.062 sigma: 0.218 
maxBOLD estimate = 1.489


Trial 91: qplus Stimulus Selection
Stimulus: 0.505
Output value 1.007

Q+ parameters
slope: 0.298 semiSat: 0.560 beta: 1.000 sigma: 0.218 
maxBOLD estimate = 1.582


Trial 92: qplus Stimulus Selection
Stimulus: 0.588
Output value 0.836

Q+ parameters
slope: 0.234 semiSat: 0.560 beta: 0.969 sigma: 0.166 
maxBOLD estimate = 1.582


Trial 93: qplus Stimulus Selection
Stimulus: 0.546
Output value 1.184

Q+ parameters
slope: 0.298 semiSat: 0.560 beta: 1.062 sigma: 0.218 
maxBOLD estimate = 1.533


Trial 94: qplus Stimulus Selection
Stimulus: 0.505
Output value -0.287

Q+ parameters
slope: 0.234 semiSat: 0.560 beta: 0.969 sigma: 0.166 
maxBOLD estimate = 1.628


Trial 95: maxBOLD Stimulus Selection
Stimulus: 1.000
Output value 1.667

Q+ parameters
slope: 0.234 semiSat: 0.560 beta: 0.969 sigma: 0.166 
maxBOLD estimate = 1.577


Trial 96: qplus Stimulus Selection
Stimulus: 0.546
Output value -0.278

Q+ parameters
slope: 0.298 semiSat: 0.560 beta: 1.000 sigma: 0.218 
maxBOLD estimate = 1.528


Trial 97: qplus Stimulus Selection
Stimulus: 0.588
Output value 1.250

Q+ parameters
slope: 0.298 semiSat: 0.560 beta: 1.000 sigma: 0.218 
maxBOLD estimate = 1.528


Trial 98: qplus Stimulus Selection
Stimulus: 0.588
Output value 0.807

Q+ parameters
slope: 0.234 semiSat: 0.560 beta: 0.969 sigma: 0.166 
maxBOLD estimate = 1.528


Trial 99: qplus Stimulus Selection
Stimulus: 0.588
Output value 0.782

Q+ parameters
slope: 0.234 semiSat: 0.560 beta: 0.969 sigma: 0.166 
maxBOLD estimate = 1.480


Trial 100: baseline Stimulus Selection
Stimulus: 0.010
Output value 0.261

Q+ parameters
slope: 0.298 semiSat: 0.560 beta: 1.000 sigma: 0.218 
maxBOLD estimate = 1.434

--------------------------------------------------------------
FINAL VALUES
--------------------------------------------------------------
Simulated parameters:              slope: 0.200 semiSat: 0.570 beta: 1.000 sigma: 0.150 
Max posterior QUEST+ parameters:   slope: 0.298 semiSat: 0.560 beta: 1.000 sigma: 0.218 
Max BADS parameters:               slope: 0.294 semiSat: 0.564 beta: 1.000 sigma: 0.199 
maxBOLD estimate: 1.403
