/blue/stevenweisberg/stevenweisberg/MATLAB/projects/Weisberg_Aguirre_2020/scripts/run_sims
c0700a-s1.ufhpc
Tue Apr  6 20:49:05 EDT 2021
mkdir: cannot create directory ‘/blue/stevenweisberg/stevenweisberg/qpfMRIResults/model_parameter_set2/’: File exists
cp: cannot stat ‘/blue/stevenweisberg/stevenweisberg/qpfMRIResults/deploy_sim.sh’: No such file or directory
cp: cannot stat ‘/blue/stevenweisberg/stevenweisberg/qpfMRIResults/sim_wrapper.sh’: No such file or directory
------------------------------------------
Setting up environment variables
---
LD_LIBRARY_PATH is .:/apps/matlab/mcr/2020b/v99/runtime/glnxa64:/apps/matlab/mcr/2020b/v99/bin/glnxa64:/apps/matlab/mcr/2020b/v99/sys/os/glnxa64:/apps/matlab/mcr/2020b/v99/sys/opengl/lib/glnxa64
Warning: Executing startup failed in matlabrc.
This indicates a potentially serious problem in your MATLAB setup, which should be resolved as soon as possible.  Error detected was:
MATLAB:mpath:PathAlterationNotSupported
Modifying the search path is not supported by MATLAB Compiler. Remove functions that modify the search path from your MATLAB code. To make files visible to your deployed application, add the parent folder to your MATLAB session.
Warning: No stimulus domain specified. Defaulting to values between 0.01 and 1.
> In qpfmriParams (line 182)
In compiledSimulate (line 205)
Stimulus domain added from input.
Parameter slope specified as 0.20000
Parameter semiSat specified as 0.57000
Parameter beta specified as 1.00000
Parameter sigma specified as 0.15000
seed = 99seed = 104seed = 111seed = 111seed = 115seed = 101Initializing Q+. This may take a minute...
Elapsed time is 7.720722 seconds.
Simulated parameters:
slope: 0.200 semiSat: 0.570 beta: 1.000 sigma: 0.150 

Trial 1: baseline Stimulus Selection
Stimulus: 0.010
Output value 0.000

Q+ parameters
slope: 0.026 semiSat: 0.890 beta: 0.500 sigma: 0.010 
maxBOLD estimate = 1.000


Trial 2: maxBOLD Stimulus Selection
Stimulus: 1.000
Output value 0.705

Q+ parameters
slope: 0.043 semiSat: 0.780 beta: 0.969 sigma: 0.010 
maxBOLD estimate = 1.000


Trial 3: baseline Stimulus Selection
Stimulus: 0.010
Output value 0.000

Q+ parameters
slope: 0.043 semiSat: 0.780 beta: 1.125 sigma: 0.010 
maxBOLD estimate = 0.969


Trial 4: maxBOLD Stimulus Selection
Stimulus: 1.000
Output value 1.486

Q+ parameters
slope: 0.043 semiSat: 0.780 beta: 1.250 sigma: 0.114 
maxBOLD estimate = 1.090


Trial 5: baseline Stimulus Selection
Stimulus: 0.010
Output value -0.139

Q+ parameters
slope: 0.043 semiSat: 0.780 beta: 1.125 sigma: 0.114 
maxBOLD estimate = 1.362


Trial 6: maxBOLD Stimulus Selection
Stimulus: 1.000
Output value 1.045

Q+ parameters
slope: 0.034 semiSat: 1.000 beta: 1.250 sigma: 0.114 
maxBOLD estimate = 1.533


Trial 7: random Stimulus Selection
Stimulus: 0.175
Output value -0.337

Q+ parameters
slope: 0.043 semiSat: 0.890 beta: 0.969 sigma: 0.114 
maxBOLD estimate = 1.916


Trial 8: random Stimulus Selection
Stimulus: 0.629
Output value 0.506

Q+ parameters
slope: 0.070 semiSat: 0.670 beta: 0.750 sigma: 0.062 
maxBOLD estimate = 1.856


Trial 9: random Stimulus Selection
Stimulus: 0.505
Output value 0.000

Q+ parameters
slope: 0.113 semiSat: 0.670 beta: 0.875 sigma: 0.114 
maxBOLD estimate = 1.392


Trial 10: baseline Stimulus Selection
Stimulus: 0.010
Output value 0.111

Q+ parameters
slope: 0.089 semiSat: 0.670 beta: 1.000 sigma: 0.114 
maxBOLD estimate = 1.218


Trial 11: random Stimulus Selection
Stimulus: 0.175
Output value 0.830

Q+ parameters
slope: 0.144 semiSat: 0.670 beta: 1.250 sigma: 0.218 
maxBOLD estimate = 1.218


Trial 12: random Stimulus Selection
Stimulus: 0.711
Output value 0.934

Q+ parameters
slope: 0.183 semiSat: 0.560 beta: 0.750 sigma: 0.114 
maxBOLD estimate = 1.522


Trial 13: random Stimulus Selection
Stimulus: 0.257
Output value 1.090

Q+ parameters
slope: 0.234 semiSat: 0.670 beta: 1.500 sigma: 0.271 
maxBOLD estimate = 1.142


Trial 14: random Stimulus Selection
Stimulus: 0.340
Output value 0.467

Q+ parameters
slope: 0.089 semiSat: 0.560 beta: 0.750 sigma: 0.166 
maxBOLD estimate = 1.713


Trial 15: maxBOLD Stimulus Selection
Stimulus: 1.000
Output value 2.102

Q+ parameters
slope: 0.234 semiSat: 0.670 beta: 1.500 sigma: 0.218 
maxBOLD estimate = 1.285


Trial 16: random Stimulus Selection
Stimulus: 0.299
Output value 0.000

Q+ parameters
slope: 0.089 semiSat: 0.560 beta: 0.750 sigma: 0.114 
maxBOLD estimate = 1.927


Trial 17: random Stimulus Selection
Stimulus: 0.299
Output value 0.197

Q+ parameters
slope: 0.234 semiSat: 0.670 beta: 1.500 sigma: 0.218 
maxBOLD estimate = 1.445


Trial 18: random Stimulus Selection
Stimulus: 0.918
Output value 1.035

Q+ parameters
slope: 0.055 semiSat: 0.670 beta: 0.750 sigma: 0.114 
maxBOLD estimate = 2.168


Trial 19: random Stimulus Selection
Stimulus: 0.711
Output value 2.660

Q+ parameters
slope: 0.298 semiSat: 0.670 beta: 1.500 sigma: 0.218 
maxBOLD estimate = 1.626


Trial 20: baseline Stimulus Selection
Stimulus: 0.010
Output value -0.111

Q+ parameters
slope: 0.070 semiSat: 0.450 beta: 0.500 sigma: 0.114 
maxBOLD estimate = 2.439


Trial 21: random Stimulus Selection
Stimulus: 0.588
Output value 0.998

Q+ parameters
slope: 0.070 semiSat: 0.560 beta: 1.500 sigma: 0.218 
maxBOLD estimate = 1.219


Trial 22: random Stimulus Selection
Stimulus: 0.216
Output value 0.291

Q+ parameters
slope: 0.089 semiSat: 0.560 beta: 0.875 sigma: 0.166 
maxBOLD estimate = 1.829


Trial 23: random Stimulus Selection
Stimulus: 0.835
Output value 2.400

Q+ parameters
slope: 0.234 semiSat: 0.670 beta: 1.500 sigma: 0.218 
maxBOLD estimate = 1.600


Trial 24: random Stimulus Selection
Stimulus: 1.000
Output value 1.473

Q+ parameters
slope: 0.055 semiSat: 0.670 beta: 0.750 sigma: 0.114 
maxBOLD estimate = 2.400


Trial 25: maxBOLD Stimulus Selection
Stimulus: 1.000
Output value 1.841

Q+ parameters
slope: 0.070 semiSat: 0.560 beta: 0.938 sigma: 0.166 
maxBOLD estimate = 1.800


Trial 26: random Stimulus Selection
Stimulus: 0.464
Output value 0.000

Q+ parameters
slope: 0.234 semiSat: 0.670 beta: 1.500 sigma: 0.218 
maxBOLD estimate = 1.688


Trial 27: random Stimulus Selection
Stimulus: 0.257
Output value 0.345

Q+ parameters
slope: 0.055 semiSat: 0.670 beta: 0.750 sigma: 0.114 
maxBOLD estimate = 2.532


Trial 28: random Stimulus Selection
Stimulus: 0.918
Output value 1.359

Q+ parameters
slope: 0.089 semiSat: 0.560 beta: 0.875 sigma: 0.166 
maxBOLD estimate = 1.899


Trial 29: random Stimulus Selection
Stimulus: 0.505
Output value 1.359

Q+ parameters
slope: 0.055 semiSat: 0.670 beta: 1.500 sigma: 0.166 
maxBOLD estimate = 1.661


Trial 30: baseline Stimulus Selection
Stimulus: 0.010
Output value 0.170

Q+ parameters
slope: 0.055 semiSat: 0.670 beta: 0.750 sigma: 0.114 
maxBOLD estimate = 2.492


Trial 31: random Stimulus Selection
Stimulus: 0.959
Output value 1.338

Q+ parameters
slope: 0.089 semiSat: 0.560 beta: 0.875 sigma: 0.166 
maxBOLD estimate = 1.869


Trial 32: random Stimulus Selection
Stimulus: 0.959
Output value 2.676

Q+ parameters
slope: 0.234 semiSat: 0.670 beta: 1.500 sigma: 0.218 
maxBOLD estimate = 1.636


Trial 33: random Stimulus Selection
Stimulus: 0.711
Output value 1.338

Q+ parameters
slope: 0.055 semiSat: 0.670 beta: 0.750 sigma: 0.114 
maxBOLD estimate = 2.453


Trial 34: random Stimulus Selection
Stimulus: 0.010
Output value 0.293

Q+ parameters
slope: 0.089 semiSat: 0.560 beta: 0.875 sigma: 0.166 
maxBOLD estimate = 1.840


Trial 35: maxBOLD Stimulus Selection
Stimulus: 1.000
Output value 2.415

Q+ parameters
slope: 0.234 semiSat: 0.670 beta: 1.500 sigma: 0.218 
maxBOLD estimate = 1.610


Trial 36: random Stimulus Selection
Stimulus: 0.918
Output value 1.153

Q+ parameters
slope: 0.055 semiSat: 0.670 beta: 0.750 sigma: 0.114 
maxBOLD estimate = 2.415


Trial 37: random Stimulus Selection
Stimulus: 0.753
Output value 1.297

Q+ parameters
slope: 0.089 semiSat: 0.560 beta: 0.875 sigma: 0.166 
maxBOLD estimate = 1.811


Trial 38: random Stimulus Selection
Stimulus: 0.711
Output value 1.513

Q+ parameters
slope: 0.234 semiSat: 0.670 beta: 1.500 sigma: 0.218 
maxBOLD estimate = 1.585


Trial 39: random Stimulus Selection
Stimulus: 0.423
Output value 0.162

Q+ parameters
slope: 0.055 semiSat: 0.670 beta: 0.750 sigma: 0.114 
maxBOLD estimate = 2.377


Trial 40: baseline Stimulus Selection
Stimulus: 0.010
Output value -0.142

Q+ parameters
slope: 0.183 semiSat: 0.560 beta: 0.875 sigma: 0.166 
maxBOLD estimate = 1.783


Trial 41: random Stimulus Selection
Stimulus: 0.299
Output value 0.000

Q+ parameters
slope: 0.183 semiSat: 0.670 beta: 1.500 sigma: 0.166 
maxBOLD estimate = 1.560


Trial 42: random Stimulus Selection
Stimulus: 0.753
Output value 1.276

Q+ parameters
slope: 0.089 semiSat: 0.560 beta: 0.750 sigma: 0.114 
maxBOLD estimate = 2.340


Trial 43: random Stimulus Selection
Stimulus: 0.588
Output value 1.047

Q+ parameters
slope: 0.183 semiSat: 0.560 beta: 0.938 sigma: 0.166 
maxBOLD estimate = 1.755


Trial 44: random Stimulus Selection
Stimulus: 0.340
Output value 0.449

Q+ parameters
slope: 0.144 semiSat: 0.670 beta: 1.500 sigma: 0.218 
maxBOLD estimate = 1.645


Trial 45: maxBOLD Stimulus Selection
Stimulus: 1.000
Output value 1.178

Q+ parameters
slope: 0.055 semiSat: 0.670 beta: 0.750 sigma: 0.114 
maxBOLD estimate = 2.468


Trial 46: random Stimulus Selection
Stimulus: 0.794
Output value 0.883

Q+ parameters
slope: 0.089 semiSat: 0.560 beta: 0.875 sigma: 0.166 
maxBOLD estimate = 1.851


Trial 47: random Stimulus Selection
Stimulus: 0.257
Output value -0.442

Q+ parameters
slope: 0.144 semiSat: 0.670 beta: 1.500 sigma: 0.218 
maxBOLD estimate = 1.620


Trial 48: random Stimulus Selection
Stimulus: 0.959
Output value 0.994

Q+ parameters
slope: 0.055 semiSat: 0.670 beta: 0.750 sigma: 0.114 
maxBOLD estimate = 2.429


Trial 49: random Stimulus Selection
Stimulus: 0.423
Output value 0.000

Q+ parameters
slope: 0.183 semiSat: 0.560 beta: 0.875 sigma: 0.166 
maxBOLD estimate = 1.822


Trial 50: baseline Stimulus Selection
Stimulus: 0.010
Output value -0.362

Q+ parameters
slope: 0.113 semiSat: 0.560 beta: 1.250 sigma: 0.166 
maxBOLD estimate = 1.594


Trial 51: random Stimulus Selection
Stimulus: 0.010
Output value -0.136

Q+ parameters
slope: 0.183 semiSat: 0.560 beta: 0.750 sigma: 0.114 
maxBOLD estimate = 1.993


Trial 52: random Stimulus Selection
Stimulus: 0.257
Output value 0.340

Q+ parameters
slope: 0.113 semiSat: 0.560 beta: 1.250 sigma: 0.166 
maxBOLD estimate = 1.495


Trial 53: random Stimulus Selection
Stimulus: 0.340
Output value 0.000

Q+ parameters
slope: 0.183 semiSat: 0.560 beta: 0.875 sigma: 0.166 
maxBOLD estimate = 1.868


Trial 54: random Stimulus Selection
Stimulus: 0.959
Output value 2.675

Q+ parameters
slope: 0.144 semiSat: 0.670 beta: 1.500 sigma: 0.166 
maxBOLD estimate = 1.635


Trial 55: maxBOLD Stimulus Selection
Stimulus: 1.000
Output value 1.003

Q+ parameters
slope: 0.055 semiSat: 0.670 beta: 0.750 sigma: 0.114 
maxBOLD estimate = 2.452


Trial 56: random Stimulus Selection
Stimulus: 0.918
Output value 1.463

Q+ parameters
slope: 0.183 semiSat: 0.560 beta: 0.875 sigma: 0.166 
maxBOLD estimate = 1.839


Trial 57: random Stimulus Selection
Stimulus: 0.753
Output value 2.633

Q+ parameters
slope: 0.144 semiSat: 0.670 beta: 1.500 sigma: 0.166 
maxBOLD estimate = 1.609


Trial 58: random Stimulus Selection
Stimulus: 0.876
Output value 0.988

Q+ parameters
slope: 0.089 semiSat: 0.560 beta: 0.750 sigma: 0.114 
maxBOLD estimate = 2.414


Trial 59: random Stimulus Selection
Stimulus: 0.175
Output value 0.617

Q+ parameters
slope: 0.183 semiSat: 0.560 beta: 0.938 sigma: 0.166 
maxBOLD estimate = 1.810


Trial 60: baseline Stimulus Selection
Stimulus: 0.010
Output value 0.477

Q+ parameters
slope: 0.144 semiSat: 0.560 beta: 1.031 sigma: 0.166 
maxBOLD estimate = 1.697


Trial 61: random Stimulus Selection
Stimulus: 0.340
Output value 0.298

Q+ parameters
slope: 0.183 semiSat: 0.560 beta: 0.938 sigma: 0.166 
maxBOLD estimate = 1.750


Trial 62: random Stimulus Selection
Stimulus: 0.051
Output value -0.448

Q+ parameters
slope: 0.144 semiSat: 0.670 beta: 1.500 sigma: 0.218 
maxBOLD estimate = 1.641


Trial 63: random Stimulus Selection
Stimulus: 0.464
Output value 0.168

Q+ parameters
slope: 0.055 semiSat: 0.670 beta: 0.750 sigma: 0.114 
maxBOLD estimate = 2.461


Trial 64: random Stimulus Selection
Stimulus: 0.918
Output value 1.175

Q+ parameters
slope: 0.183 semiSat: 0.560 beta: 0.875 sigma: 0.166 
maxBOLD estimate = 1.846


Trial 65: maxBOLD Stimulus Selection
Stimulus: 1.000
Output value 1.982

Q+ parameters
slope: 0.144 semiSat: 0.670 beta: 1.500 sigma: 0.218 
maxBOLD estimate = 1.615


Trial 66: random Stimulus Selection
Stimulus: 0.670
Output value 1.487

Q+ parameters
slope: 0.183 semiSat: 0.560 beta: 0.750 sigma: 0.114 
maxBOLD estimate = 2.423


Trial 67: random Stimulus Selection
Stimulus: 0.092
Output value 0.289

Q+ parameters
slope: 0.234 semiSat: 0.560 beta: 0.875 sigma: 0.166 
maxBOLD estimate = 1.817


Trial 68: random Stimulus Selection
Stimulus: 0.051
Output value 0.000

Q+ parameters
slope: 0.234 semiSat: 0.560 beta: 1.031 sigma: 0.166 
maxBOLD estimate = 1.590


Trial 69: random Stimulus Selection
Stimulus: 0.381
Output value -0.307

Q+ parameters
slope: 0.234 semiSat: 0.560 beta: 1.031 sigma: 0.166 
maxBOLD estimate = 1.640


Trial 70: baseline Stimulus Selection
Stimulus: 0.010
Output value -0.317

Q+ parameters
slope: 0.234 semiSat: 0.560 beta: 1.031 sigma: 0.166 
maxBOLD estimate = 1.691


Trial 71: random Stimulus Selection
Stimulus: 0.918
Output value 1.471

Q+ parameters
slope: 0.234 semiSat: 0.560 beta: 1.031 sigma: 0.166 
maxBOLD estimate = 1.744


Trial 72: random Stimulus Selection
Stimulus: 1.000
Output value 1.226

Q+ parameters
slope: 0.234 semiSat: 0.560 beta: 0.938 sigma: 0.166 
maxBOLD estimate = 1.798


Trial 73: random Stimulus Selection
Stimulus: 0.216
Output value 0.158

Q+ parameters
slope: 0.234 semiSat: 0.560 beta: 1.031 sigma: 0.166 
maxBOLD estimate = 1.686


Trial 74: random Stimulus Selection
Stimulus: 0.464
Output value 0.652

Q+ parameters
slope: 0.234 semiSat: 0.560 beta: 1.031 sigma: 0.166 
maxBOLD estimate = 1.739


Trial 75: maxBOLD Stimulus Selection
Stimulus: 1.000
Output value 1.834

Q+ parameters
slope: 0.183 semiSat: 0.560 beta: 0.938 sigma: 0.166 
maxBOLD estimate = 1.793


Trial 76: random Stimulus Selection
Stimulus: 0.051
Output value 0.473

Q+ parameters
slope: 0.234 semiSat: 0.560 beta: 1.031 sigma: 0.166 
maxBOLD estimate = 1.681


Trial 77: random Stimulus Selection
Stimulus: 0.340
Output value 0.325

Q+ parameters
slope: 0.234 semiSat: 0.560 beta: 1.031 sigma: 0.166 
maxBOLD estimate = 1.733


Trial 78: random Stimulus Selection
Stimulus: 0.092
Output value 0.305

Q+ parameters
slope: 0.183 semiSat: 0.560 beta: 0.938 sigma: 0.166 
maxBOLD estimate = 1.788


Trial 79: random Stimulus Selection
Stimulus: 0.918
Output value 1.571

Q+ parameters
slope: 0.234 semiSat: 0.560 beta: 1.031 sigma: 0.166 
maxBOLD estimate = 1.676


Trial 80: baseline Stimulus Selection
Stimulus: 0.010
Output value -0.162

Q+ parameters
slope: 0.234 semiSat: 0.560 beta: 1.031 sigma: 0.166 
maxBOLD estimate = 1.728


Trial 81: random Stimulus Selection
Stimulus: 0.588
Output value -0.243

Q+ parameters
slope: 0.183 semiSat: 0.670 beta: 1.500 sigma: 0.218 
maxBOLD estimate = 1.782


Trial 82: random Stimulus Selection
Stimulus: 0.340
Output value -0.365

Q+ parameters
slope: 0.055 semiSat: 0.670 beta: 0.750 sigma: 0.114 
maxBOLD estimate = 2.673


Trial 83: random Stimulus Selection
Stimulus: 0.257
Output value 0.000

Q+ parameters
slope: 0.234 semiSat: 0.560 beta: 0.750 sigma: 0.166 
maxBOLD estimate = 2.005


Trial 84: random Stimulus Selection
Stimulus: 0.340
Output value 0.410

Q+ parameters
slope: 0.144 semiSat: 0.670 beta: 1.500 sigma: 0.166 
maxBOLD estimate = 1.504


Trial 85: maxBOLD Stimulus Selection
Stimulus: 1.000
Output value 0.923

Q+ parameters
slope: 0.234 semiSat: 0.560 beta: 0.750 sigma: 0.114 
maxBOLD estimate = 2.256


Trial 86: random Stimulus Selection
Stimulus: 0.010
Output value 0.231

Q+ parameters
slope: 0.183 semiSat: 0.670 beta: 1.500 sigma: 0.166 
maxBOLD estimate = 1.692


Trial 87: random Stimulus Selection
Stimulus: 0.464
Output value 0.173

Q+ parameters
slope: 0.055 semiSat: 0.670 beta: 0.750 sigma: 0.114 
maxBOLD estimate = 2.538


Trial 88: random Stimulus Selection
Stimulus: 0.835
Output value 1.038

Q+ parameters
slope: 0.234 semiSat: 0.560 beta: 0.750 sigma: 0.166 
maxBOLD estimate = 1.903


Trial 89: random Stimulus Selection
Stimulus: 0.299
Output value 0.779

Q+ parameters
slope: 0.144 semiSat: 0.670 beta: 1.500 sigma: 0.166 
maxBOLD estimate = 1.427


Trial 90: baseline Stimulus Selection
Stimulus: 0.010
Output value 0.292

Q+ parameters
slope: 0.234 semiSat: 0.560 beta: 0.750 sigma: 0.114 
maxBOLD estimate = 2.141


Trial 91: random Stimulus Selection
Stimulus: 0.010
Output value 0.876

Q+ parameters
slope: 0.183 semiSat: 0.670 beta: 1.500 sigma: 0.166 
maxBOLD estimate = 1.606


Trial 92: random Stimulus Selection
Stimulus: 0.257
Output value 0.000

Q+ parameters
slope: 0.183 semiSat: 0.670 beta: 0.750 sigma: 0.114 
maxBOLD estimate = 2.409


Trial 93: random Stimulus Selection
Stimulus: 0.299
Output value -0.154

Q+ parameters
slope: 0.379 semiSat: 0.670 beta: 0.938 sigma: 0.166 
maxBOLD estimate = 1.807


Trial 94: random Stimulus Selection
Stimulus: 0.216
Output value -0.462

Q+ parameters
slope: 0.183 semiSat: 0.670 beta: 1.500 sigma: 0.218 
maxBOLD estimate = 1.694


Trial 95: maxBOLD Stimulus Selection
Stimulus: 1.000
Output value 1.212

Q+ parameters
slope: 0.070 semiSat: 0.670 beta: 0.750 sigma: 0.114 
maxBOLD estimate = 2.540


Trial 96: random Stimulus Selection
Stimulus: 0.794
Output value 1.169

Q+ parameters
slope: 0.234 semiSat: 0.560 beta: 0.750 sigma: 0.166 
maxBOLD estimate = 1.905


Trial 97: random Stimulus Selection
Stimulus: 0.959
Output value 1.949

Q+ parameters
slope: 0.144 semiSat: 0.670 beta: 1.500 sigma: 0.166 
maxBOLD estimate = 1.429


Trial 98: random Stimulus Selection
Stimulus: 0.340
Output value 0.000

Q+ parameters
slope: 0.234 semiSat: 0.560 beta: 0.750 sigma: 0.114 
maxBOLD estimate = 2.144


Trial 99: random Stimulus Selection
Stimulus: 0.629
Output value 2.192

Q+ parameters
slope: 0.144 semiSat: 0.670 beta: 1.500 sigma: 0.166 
maxBOLD estimate = 1.608


Trial 100: baseline Stimulus Selection
Stimulus: 0.010
Output value 0.000

Q+ parameters
slope: 0.070 semiSat: 0.670 beta: 0.750 sigma: 0.114 
maxBOLD estimate = 2.411

--------------------------------------------------------------
FINAL VALUES
--------------------------------------------------------------
Simulated parameters:              slope: 0.200 semiSat: 0.570 beta: 1.000 sigma: 0.150 
Max posterior QUEST+ parameters:   slope: 0.234 semiSat: 0.560 beta: 0.750 sigma: 0.166 
Max BADS parameters:               slope: 0.376 semiSat: 0.619 beta: 1.000 sigma: 0.173 
maxBOLD estimate: 1.783
