/blue/stevenweisberg/stevenweisberg/MATLAB/projects/Weisberg_Aguirre_2020/scripts/run_sims
c0700a-s2.ufhpc
Tue Apr  6 20:31:17 EDT 2021
mkdir: cannot create directory ‘/blue/stevenweisberg/stevenweisberg/qpfMRIResults/model_parameter_set2/’: File exists
cp: cannot stat ‘/blue/stevenweisberg/stevenweisberg/qpfMRIResults/deploy_sim.sh’: No such file or directory
cp: cannot stat ‘/blue/stevenweisberg/stevenweisberg/qpfMRIResults/sim_wrapper.sh’: No such file or directory
------------------------------------------
Setting up environment variables
---
LD_LIBRARY_PATH is .:/apps/matlab/mcr/2020b/v99/runtime/glnxa64:/apps/matlab/mcr/2020b/v99/bin/glnxa64:/apps/matlab/mcr/2020b/v99/sys/os/glnxa64:/apps/matlab/mcr/2020b/v99/sys/opengl/lib/glnxa64
Warning: Executing startup failed in matlabrc.
This indicates a potentially serious problem in your MATLAB setup, which should be resolved as soon as possible.  Error detected was:
MATLAB:mpath:PathAlterationNotSupported
Modifying the search path is not supported by MATLAB Compiler. Remove functions that modify the search path from your MATLAB code. To make files visible to your deployed application, add the parent folder to your MATLAB session.
Warning: No stimulus domain specified. Defaulting to values between 0.01 and 1.
> In qpfmriParams (line 182)
In compiledSimulate (line 205)
Stimulus domain added from input.
Parameter slope specified as 0.20000
Parameter semiSat specified as 0.57000
Parameter beta specified as 1.00000
Parameter sigma specified as 0.15000
seed = 99seed = 104seed = 111seed = 111seed = 115seed = 101Initializing Q+. This may take a minute...
Elapsed time is 7.121986 seconds.
Simulated parameters:
slope: 0.200 semiSat: 0.570 beta: 1.000 sigma: 0.150 

Trial 1: baseline Stimulus Selection
Stimulus: 0.010
Output value 0.000

Q+ parameters
slope: 0.026 semiSat: 0.890 beta: 0.500 sigma: 0.010 
maxBOLD estimate = 1.000


Trial 2: maxBOLD Stimulus Selection
Stimulus: 1.000
Output value 0.341

Q+ parameters
slope: 0.034 semiSat: 0.890 beta: 0.750 sigma: 0.010 
maxBOLD estimate = 1.000


Trial 3: baseline Stimulus Selection
Stimulus: 0.010
Output value -0.170

Q+ parameters
slope: 0.055 semiSat: 0.670 beta: 1.250 sigma: 0.531 
maxBOLD estimate = 0.750


Trial 4: maxBOLD Stimulus Selection
Stimulus: 1.000
Output value 1.278

Q+ parameters
slope: 0.055 semiSat: 0.670 beta: 1.250 sigma: 0.166 
maxBOLD estimate = 0.938


Trial 5: baseline Stimulus Selection
Stimulus: 0.010
Output value 0.799

Q+ parameters
slope: 0.055 semiSat: 0.670 beta: 1.250 sigma: 0.271 
maxBOLD estimate = 1.172


Trial 6: maxBOLD Stimulus Selection
Stimulus: 1.000
Output value 1.049

Q+ parameters
slope: 0.055 semiSat: 0.670 beta: 1.125 sigma: 0.166 
maxBOLD estimate = 1.465


Trial 7: qplus Stimulus Selection
Stimulus: 0.505
Output value 0.337

Q+ parameters
slope: 0.055 semiSat: 0.780 beta: 1.125 sigma: 0.166 
maxBOLD estimate = 1.648


Trial 8: qplus Stimulus Selection
Stimulus: 0.711
Output value 1.264

Q+ parameters
slope: 0.298 semiSat: 0.670 beta: 0.938 sigma: 0.166 
maxBOLD estimate = 1.854


Trial 9: qplus Stimulus Selection
Stimulus: 0.629
Output value 0.296

Q+ parameters
slope: 0.616 semiSat: 0.670 beta: 0.938 sigma: 0.166 
maxBOLD estimate = 1.738


Trial 10: baseline Stimulus Selection
Stimulus: 0.010
Output value -0.315

Q+ parameters
slope: 0.379 semiSat: 0.560 beta: 1.062 sigma: 0.166 
maxBOLD estimate = 1.629


Trial 11: qplus Stimulus Selection
Stimulus: 0.588
Output value -0.236

Q+ parameters
slope: 0.298 semiSat: 0.670 beta: 1.500 sigma: 0.166 
maxBOLD estimate = 1.731


Trial 12: qplus Stimulus Selection
Stimulus: 0.711
Output value 0.708

Q+ parameters
slope: 0.183 semiSat: 0.670 beta: 0.750 sigma: 0.114 
maxBOLD estimate = 2.597


Trial 13: qplus Stimulus Selection
Stimulus: 0.835
Output value 0.930

Q+ parameters
slope: 0.113 semiSat: 0.670 beta: 0.875 sigma: 0.114 
maxBOLD estimate = 1.948


Trial 14: qplus Stimulus Selection
Stimulus: 0.629
Output value 1.118

Q+ parameters
slope: 0.089 semiSat: 0.670 beta: 1.031 sigma: 0.166 
maxBOLD estimate = 1.704


Trial 15: maxBOLD Stimulus Selection
Stimulus: 1.000
Output value 1.977

Q+ parameters
slope: 0.089 semiSat: 0.670 beta: 1.031 sigma: 0.166 
maxBOLD estimate = 1.757


Trial 16: qplus Stimulus Selection
Stimulus: 0.588
Output value 0.680

Q+ parameters
slope: 0.089 semiSat: 0.670 beta: 1.031 sigma: 0.166 
maxBOLD estimate = 1.812


Trial 17: qplus Stimulus Selection
Stimulus: 0.588
Output value 0.573

Q+ parameters
slope: 0.055 semiSat: 0.780 beta: 1.125 sigma: 0.166 
maxBOLD estimate = 1.869


Trial 18: qplus Stimulus Selection
Stimulus: 0.753
Output value 2.150

Q+ parameters
slope: 0.144 semiSat: 0.670 beta: 0.938 sigma: 0.166 
maxBOLD estimate = 2.103


Trial 19: qplus Stimulus Selection
Stimulus: 0.588
Output value 0.470

Q+ parameters
slope: 0.113 semiSat: 0.670 beta: 0.875 sigma: 0.166 
maxBOLD estimate = 1.971


Trial 20: baseline Stimulus Selection
Stimulus: 0.010
Output value -0.392

Q+ parameters
slope: 0.089 semiSat: 0.670 beta: 1.250 sigma: 0.166 
maxBOLD estimate = 1.725


Trial 21: qplus Stimulus Selection
Stimulus: 0.588
Output value 1.103

Q+ parameters
slope: 0.055 semiSat: 0.670 beta: 0.938 sigma: 0.166 
maxBOLD estimate = 2.156


Trial 22: qplus Stimulus Selection
Stimulus: 0.753
Output value 1.286

Q+ parameters
slope: 0.089 semiSat: 0.670 beta: 1.000 sigma: 0.114 
maxBOLD estimate = 2.021


Trial 23: qplus Stimulus Selection
Stimulus: 0.546
Output value -0.356

Q+ parameters
slope: 0.113 semiSat: 0.670 beta: 0.969 sigma: 0.166 
maxBOLD estimate = 2.021


Trial 24: qplus Stimulus Selection
Stimulus: 0.753
Output value 1.324

Q+ parameters
slope: 0.113 semiSat: 0.670 beta: 1.062 sigma: 0.166 
maxBOLD estimate = 1.958


Trial 25: maxBOLD Stimulus Selection
Stimulus: 1.000
Output value 1.324

Q+ parameters
slope: 0.113 semiSat: 0.670 beta: 0.875 sigma: 0.114 
maxBOLD estimate = 2.081


Trial 26: qplus Stimulus Selection
Stimulus: 0.588
Output value 1.738

Q+ parameters
slope: 0.234 semiSat: 0.560 beta: 0.875 sigma: 0.218 
maxBOLD estimate = 1.820


Trial 27: qplus Stimulus Selection
Stimulus: 0.464
Output value -0.434

Q+ parameters
slope: 0.144 semiSat: 0.670 beta: 1.500 sigma: 0.218 
maxBOLD estimate = 1.593


Trial 28: qplus Stimulus Selection
Stimulus: 0.629
Output value 1.140

Q+ parameters
slope: 0.113 semiSat: 0.670 beta: 0.875 sigma: 0.114 
maxBOLD estimate = 2.389


Trial 29: qplus Stimulus Selection
Stimulus: 0.876
Output value 0.855

Q+ parameters
slope: 0.234 semiSat: 0.560 beta: 0.750 sigma: 0.166 
maxBOLD estimate = 2.091


Trial 30: baseline Stimulus Selection
Stimulus: 0.010
Output value 0.855

Q+ parameters
slope: 0.113 semiSat: 0.670 beta: 1.500 sigma: 0.218 
maxBOLD estimate = 1.568


Trial 31: qplus Stimulus Selection
Stimulus: 0.588
Output value 1.283

Q+ parameters
slope: 0.070 semiSat: 0.670 beta: 0.750 sigma: 0.166 
maxBOLD estimate = 2.352


Trial 32: qplus Stimulus Selection
Stimulus: 1.000
Output value 2.405

Q+ parameters
slope: 0.089 semiSat: 0.670 beta: 1.250 sigma: 0.218 
maxBOLD estimate = 1.764


Trial 33: qplus Stimulus Selection
Stimulus: 0.629
Output value 1.128

Q+ parameters
slope: 0.055 semiSat: 0.670 beta: 0.938 sigma: 0.166 
maxBOLD estimate = 2.205


Trial 34: qplus Stimulus Selection
Stimulus: 0.670
Output value 1.409

Q+ parameters
slope: 0.234 semiSat: 0.560 beta: 0.750 sigma: 0.166 
maxBOLD estimate = 2.067


Trial 35: maxBOLD Stimulus Selection
Stimulus: 1.000
Output value 1.638

Q+ parameters
slope: 0.234 semiSat: 0.560 beta: 0.969 sigma: 0.166 
maxBOLD estimate = 1.550


Trial 36: qplus Stimulus Selection
Stimulus: 0.505
Output value 1.451

Q+ parameters
slope: 0.234 semiSat: 0.560 beta: 1.062 sigma: 0.271 
maxBOLD estimate = 1.502


Trial 37: qplus Stimulus Selection
Stimulus: 0.423
Output value 0.000

Q+ parameters
slope: 0.144 semiSat: 0.560 beta: 1.062 sigma: 0.218 
maxBOLD estimate = 1.596


Trial 38: qplus Stimulus Selection
Stimulus: 0.423
Output value 0.135

Q+ parameters
slope: 0.234 semiSat: 0.560 beta: 0.875 sigma: 0.218 
maxBOLD estimate = 1.696


Trial 39: qplus Stimulus Selection
Stimulus: 0.629
Output value 1.720

Q+ parameters
slope: 0.234 semiSat: 0.560 beta: 1.062 sigma: 0.218 
maxBOLD estimate = 1.484


Trial 40: baseline Stimulus Selection
Stimulus: 0.010
Output value 0.694

Q+ parameters
slope: 0.234 semiSat: 0.560 beta: 0.969 sigma: 0.271 
maxBOLD estimate = 1.576


Trial 41: qplus Stimulus Selection
Stimulus: 0.629
Output value 1.033

Q+ parameters
slope: 0.144 semiSat: 0.560 beta: 1.062 sigma: 0.218 
maxBOLD estimate = 1.527


Trial 42: qplus Stimulus Selection
Stimulus: 0.629
Output value 1.715

Q+ parameters
slope: 0.234 semiSat: 0.560 beta: 0.969 sigma: 0.218 
maxBOLD estimate = 1.623


Trial 43: qplus Stimulus Selection
Stimulus: 0.505
Output value 0.277

Q+ parameters
slope: 0.234 semiSat: 0.560 beta: 0.969 sigma: 0.218 
maxBOLD estimate = 1.572


Trial 44: qplus Stimulus Selection
Stimulus: 0.629
Output value 1.765

Q+ parameters
slope: 0.144 semiSat: 0.560 beta: 1.062 sigma: 0.218 
maxBOLD estimate = 1.523


Trial 45: maxBOLD Stimulus Selection
Stimulus: 1.000
Output value 1.425

Q+ parameters
slope: 0.234 semiSat: 0.560 beta: 0.969 sigma: 0.218 
maxBOLD estimate = 1.618


Trial 46: qplus Stimulus Selection
Stimulus: 0.505
Output value -0.276

Q+ parameters
slope: 0.234 semiSat: 0.560 beta: 0.969 sigma: 0.218 
maxBOLD estimate = 1.567


Trial 47: qplus Stimulus Selection
Stimulus: 0.505
Output value 0.401

Q+ parameters
slope: 0.234 semiSat: 0.560 beta: 0.969 sigma: 0.218 
maxBOLD estimate = 1.518


Trial 48: qplus Stimulus Selection
Stimulus: 0.505
Output value 0.259

Q+ parameters
slope: 0.234 semiSat: 0.560 beta: 0.969 sigma: 0.218 
maxBOLD estimate = 1.471


Trial 49: qplus Stimulus Selection
Stimulus: 0.505
Output value 0.627

Q+ parameters
slope: 0.234 semiSat: 0.560 beta: 0.969 sigma: 0.218 
maxBOLD estimate = 1.425


Trial 50: baseline Stimulus Selection
Stimulus: 0.010
Output value 0.133

Q+ parameters
slope: 0.144 semiSat: 0.560 beta: 1.062 sigma: 0.271 
maxBOLD estimate = 1.380


Trial 51: qplus Stimulus Selection
Stimulus: 0.670
Output value 0.517

Q+ parameters
slope: 0.234 semiSat: 0.560 beta: 0.969 sigma: 0.218 
maxBOLD estimate = 1.467


Trial 52: qplus Stimulus Selection
Stimulus: 0.505
Output value 0.000

Q+ parameters
slope: 0.144 semiSat: 0.560 beta: 1.062 sigma: 0.271 
maxBOLD estimate = 1.421


Trial 53: qplus Stimulus Selection
Stimulus: 0.670
Output value 1.462

Q+ parameters
slope: 0.234 semiSat: 0.560 beta: 0.969 sigma: 0.218 
maxBOLD estimate = 1.510


Trial 54: qplus Stimulus Selection
Stimulus: 0.505
Output value -0.258

Q+ parameters
slope: 0.234 semiSat: 0.560 beta: 0.969 sigma: 0.218 
maxBOLD estimate = 1.462


Trial 55: maxBOLD Stimulus Selection
Stimulus: 1.000
Output value 1.030

Q+ parameters
slope: 0.183 semiSat: 0.560 beta: 1.000 sigma: 0.271 
maxBOLD estimate = 1.417


Trial 56: qplus Stimulus Selection
Stimulus: 0.670
Output value 1.642

Q+ parameters
slope: 0.144 semiSat: 0.560 beta: 1.062 sigma: 0.271 
maxBOLD estimate = 1.417


Trial 57: qplus Stimulus Selection
Stimulus: 0.670
Output value 1.326

Q+ parameters
slope: 0.234 semiSat: 0.560 beta: 0.969 sigma: 0.218 
maxBOLD estimate = 1.505


Trial 58: qplus Stimulus Selection
Stimulus: 0.505
Output value -0.257

Q+ parameters
slope: 0.234 semiSat: 0.560 beta: 0.969 sigma: 0.218 
maxBOLD estimate = 1.458


Trial 59: qplus Stimulus Selection
Stimulus: 0.505
Output value 0.128

Q+ parameters
slope: 0.183 semiSat: 0.560 beta: 1.000 sigma: 0.218 
maxBOLD estimate = 1.413


Trial 60: baseline Stimulus Selection
Stimulus: 0.010
Output value -0.273

Q+ parameters
slope: 0.144 semiSat: 0.560 beta: 1.062 sigma: 0.218 
maxBOLD estimate = 1.413


Trial 61: qplus Stimulus Selection
Stimulus: 0.340
Output value 0.132

Q+ parameters
slope: 0.234 semiSat: 0.560 beta: 0.969 sigma: 0.218 
maxBOLD estimate = 1.501


Trial 62: qplus Stimulus Selection
Stimulus: 0.505
Output value 0.264

Q+ parameters
slope: 0.183 semiSat: 0.560 beta: 1.000 sigma: 0.218 
maxBOLD estimate = 1.454


Trial 63: qplus Stimulus Selection
Stimulus: 0.670
Output value 1.586

Q+ parameters
slope: 0.183 semiSat: 0.560 beta: 1.000 sigma: 0.218 
maxBOLD estimate = 1.454


Trial 64: qplus Stimulus Selection
Stimulus: 0.670
Output value 1.058

Q+ parameters
slope: 0.183 semiSat: 0.560 beta: 1.000 sigma: 0.218 
maxBOLD estimate = 1.454


Trial 65: maxBOLD Stimulus Selection
Stimulus: 1.000
Output value 1.586

Q+ parameters
slope: 0.183 semiSat: 0.560 beta: 1.000 sigma: 0.218 
maxBOLD estimate = 1.454


Trial 66: qplus Stimulus Selection
Stimulus: 0.670
Output value 1.586

Q+ parameters
slope: 0.183 semiSat: 0.560 beta: 1.000 sigma: 0.218 
maxBOLD estimate = 1.454


Trial 67: qplus Stimulus Selection
Stimulus: 0.381
Output value 0.000

Q+ parameters
slope: 0.183 semiSat: 0.560 beta: 1.000 sigma: 0.218 
maxBOLD estimate = 1.454


Trial 68: qplus Stimulus Selection
Stimulus: 0.629
Output value 1.058

Q+ parameters
slope: 0.183 semiSat: 0.560 beta: 1.000 sigma: 0.218 
maxBOLD estimate = 1.454


Trial 69: qplus Stimulus Selection
Stimulus: 0.381
Output value -0.132

Q+ parameters
slope: 0.183 semiSat: 0.560 beta: 1.000 sigma: 0.218 
maxBOLD estimate = 1.454


Trial 70: baseline Stimulus Selection
Stimulus: 0.010
Output value -0.281

Q+ parameters
slope: 0.234 semiSat: 0.560 beta: 1.062 sigma: 0.218 
maxBOLD estimate = 1.454


Trial 71: qplus Stimulus Selection
Stimulus: 0.753
Output value 0.843

Q+ parameters
slope: 0.183 semiSat: 0.560 beta: 1.000 sigma: 0.218 
maxBOLD estimate = 1.545


Trial 72: qplus Stimulus Selection
Stimulus: 0.505
Output value 1.124

Q+ parameters
slope: 0.183 semiSat: 0.560 beta: 1.000 sigma: 0.218 
maxBOLD estimate = 1.545


Trial 73: qplus Stimulus Selection
Stimulus: 0.505
Output value 0.421

Q+ parameters
slope: 0.183 semiSat: 0.560 beta: 1.000 sigma: 0.218 
maxBOLD estimate = 1.545


Trial 74: qplus Stimulus Selection
Stimulus: 0.381
Output value 0.702

Q+ parameters
slope: 0.183 semiSat: 0.560 beta: 1.000 sigma: 0.218 
maxBOLD estimate = 1.545


Trial 75: maxBOLD Stimulus Selection
Stimulus: 1.000
Output value 1.685

Q+ parameters
slope: 0.183 semiSat: 0.560 beta: 1.000 sigma: 0.218 
maxBOLD estimate = 1.545


Trial 76: qplus Stimulus Selection
Stimulus: 0.381
Output value -0.140

Q+ parameters
slope: 0.183 semiSat: 0.560 beta: 1.000 sigma: 0.218 
maxBOLD estimate = 1.545


Trial 77: qplus Stimulus Selection
Stimulus: 0.381
Output value -0.281

Q+ parameters
slope: 0.183 semiSat: 0.560 beta: 1.000 sigma: 0.218 
maxBOLD estimate = 1.545


Trial 78: qplus Stimulus Selection
Stimulus: 0.381
Output value -0.281

Q+ parameters
slope: 0.183 semiSat: 0.560 beta: 1.000 sigma: 0.218 
maxBOLD estimate = 1.545


Trial 79: qplus Stimulus Selection
Stimulus: 0.381
Output value 0.983

Q+ parameters
slope: 0.183 semiSat: 0.560 beta: 1.000 sigma: 0.218 
maxBOLD estimate = 1.545


Trial 80: baseline Stimulus Selection
Stimulus: 0.010
Output value 0.408

Q+ parameters
slope: 0.234 semiSat: 0.560 beta: 0.969 sigma: 0.218 
maxBOLD estimate = 1.545


Trial 81: qplus Stimulus Selection
Stimulus: 0.753
Output value 1.157

Q+ parameters
slope: 0.234 semiSat: 0.560 beta: 1.062 sigma: 0.218 
maxBOLD estimate = 1.497


Trial 82: qplus Stimulus Selection
Stimulus: 0.588
Output value -0.140

Q+ parameters
slope: 0.144 semiSat: 0.560 beta: 0.969 sigma: 0.218 
maxBOLD estimate = 1.590


Trial 83: qplus Stimulus Selection
Stimulus: 0.794
Output value 0.700

Q+ parameters
slope: 0.183 semiSat: 0.560 beta: 1.000 sigma: 0.218 
maxBOLD estimate = 1.541


Trial 84: qplus Stimulus Selection
Stimulus: 0.381
Output value -0.280

Q+ parameters
slope: 0.183 semiSat: 0.560 beta: 1.000 sigma: 0.218 
maxBOLD estimate = 1.541


Trial 85: maxBOLD Stimulus Selection
Stimulus: 1.000
Output value 1.681

Q+ parameters
slope: 0.183 semiSat: 0.560 beta: 1.000 sigma: 0.218 
maxBOLD estimate = 1.541


Trial 86: qplus Stimulus Selection
Stimulus: 0.381
Output value 0.000

Q+ parameters
slope: 0.183 semiSat: 0.560 beta: 1.000 sigma: 0.218 
maxBOLD estimate = 1.541


Trial 87: qplus Stimulus Selection
Stimulus: 0.381
Output value 0.140

Q+ parameters
slope: 0.183 semiSat: 0.560 beta: 1.000 sigma: 0.218 
maxBOLD estimate = 1.541


Trial 88: qplus Stimulus Selection
Stimulus: 0.381
Output value 0.000

Q+ parameters
slope: 0.183 semiSat: 0.560 beta: 1.000 sigma: 0.218 
maxBOLD estimate = 1.541


Trial 89: qplus Stimulus Selection
Stimulus: 0.381
Output value -0.280

Q+ parameters
slope: 0.183 semiSat: 0.560 beta: 1.000 sigma: 0.218 
maxBOLD estimate = 1.541


Trial 90: baseline Stimulus Selection
Stimulus: 0.010
Output value 0.000

Q+ parameters
slope: 0.183 semiSat: 0.560 beta: 1.000 sigma: 0.218 
maxBOLD estimate = 1.541


Trial 91: qplus Stimulus Selection
Stimulus: 0.381
Output value -0.280

Q+ parameters
slope: 0.183 semiSat: 0.560 beta: 1.000 sigma: 0.218 
maxBOLD estimate = 1.541


Trial 92: qplus Stimulus Selection
Stimulus: 0.670
Output value 0.980

Q+ parameters
slope: 0.183 semiSat: 0.560 beta: 1.000 sigma: 0.218 
maxBOLD estimate = 1.541


Trial 93: qplus Stimulus Selection
Stimulus: 0.670
Output value 1.400

Q+ parameters
slope: 0.183 semiSat: 0.560 beta: 1.000 sigma: 0.218 
maxBOLD estimate = 1.541


Trial 94: qplus Stimulus Selection
Stimulus: 0.381
Output value 0.000

Q+ parameters
slope: 0.183 semiSat: 0.560 beta: 1.000 sigma: 0.218 
maxBOLD estimate = 1.541


Trial 95: maxBOLD Stimulus Selection
Stimulus: 1.000
Output value 1.681

Q+ parameters
slope: 0.183 semiSat: 0.560 beta: 1.000 sigma: 0.218 
maxBOLD estimate = 1.541


Trial 96: qplus Stimulus Selection
Stimulus: 0.670
Output value 0.700

Q+ parameters
slope: 0.183 semiSat: 0.560 beta: 1.000 sigma: 0.218 
maxBOLD estimate = 1.541


Trial 97: qplus Stimulus Selection
Stimulus: 0.629
Output value 0.560

Q+ parameters
slope: 0.183 semiSat: 0.560 beta: 1.000 sigma: 0.218 
maxBOLD estimate = 1.541


Trial 98: qplus Stimulus Selection
Stimulus: 0.629
Output value 0.136

Q+ parameters
slope: 0.183 semiSat: 0.560 beta: 0.969 sigma: 0.218 
maxBOLD estimate = 1.541


Trial 99: qplus Stimulus Selection
Stimulus: 0.588
Output value 1.221

Q+ parameters
slope: 0.183 semiSat: 0.560 beta: 1.000 sigma: 0.218 
maxBOLD estimate = 1.492


Trial 100: baseline Stimulus Selection
Stimulus: 0.010
Output value -0.288

Q+ parameters
slope: 0.183 semiSat: 0.560 beta: 1.062 sigma: 0.218 
maxBOLD estimate = 1.492

--------------------------------------------------------------
FINAL VALUES
--------------------------------------------------------------
Simulated parameters:              slope: 0.200 semiSat: 0.570 beta: 1.000 sigma: 0.150 
Max posterior QUEST+ parameters:   slope: 0.234 semiSat: 0.560 beta: 0.969 sigma: 0.218 
Max BADS parameters:               slope: 0.188 semiSat: 0.573 beta: 1.000 sigma: 0.184 
maxBOLD estimate: 1.633
