/blue/stevenweisberg/stevenweisberg/MATLAB/projects/Weisberg_Aguirre_2020/scripts/run_sims
c22a-s8.ufhpc
Fri Nov 13 17:08:01 EST 2020
mkdir: cannot create directory ‘/blue/stevenweisberg/stevenweisberg/qpfMRIResults/model_parameter_set1/’: File exists
cp: cannot stat ‘/blue/stevenweisberg/stevenweisberg/qpfMRIResults/deploy_sim.sh’: No such file or directory
cp: cannot stat ‘/blue/stevenweisberg/stevenweisberg/qpfMRIResults/sim_wrapper.sh’: No such file or directory
------------------------------------------
Setting up environment variables
---
LD_LIBRARY_PATH is .:/apps/matlab/mcr/2020b/v99/runtime/glnxa64:/apps/matlab/mcr/2020b/v99/bin/glnxa64:/apps/matlab/mcr/2020b/v99/sys/os/glnxa64:/apps/matlab/mcr/2020b/v99/sys/opengl/lib/glnxa64
Warning: Executing startup failed in matlabrc.
This indicates a potentially serious problem in your MATLAB setup, which should be resolved as soon as possible.  Error detected was:
MATLAB:mpath:PathAlterationNotSupported
Modifying the search path is not supported by MATLAB Compiler. Remove functions that modify the search path from your MATLAB code. To make files visible to your deployed application, add the parent folder to your MATLAB session.
Warning: No stimulus domain specified. Defaulting to values between 0.01 and 1.
> In qpfmriParams (line 182)
In compiledSimulate (line 205)
Stimulus domain added from input.
Parameter slope specified as 0.41000
Parameter semiSat specified as 0.57000
Parameter beta specified as 1.00000
Parameter sigma specified as 0.15000
seed = 99seed = 104seed = 111seed = 111seed = 115seed = 101Initializing Q+. This may take a minute...
Elapsed time is 9.296946 seconds.
Simulated parameters:
slope: 0.410 semiSat: 0.570 beta: 1.000 sigma: 0.150 

Trial 1: baseline Stimulus Selection
Stimulus: 0.010
Output value 0.000

Q+ parameters
slope: 0.026 semiSat: 0.890 beta: 0.500 sigma: 0.010 
maxBOLD estimate = 1.000


Trial 2: maxBOLD Stimulus Selection
Stimulus: 1.000
Output value 1.125

Q+ parameters
slope: 0.055 semiSat: 0.670 beta: 1.125 sigma: 0.010 
maxBOLD estimate = 1.000


Trial 3: baseline Stimulus Selection
Stimulus: 0.010
Output value 0.384

Q+ parameters
slope: 0.055 semiSat: 0.670 beta: 1.250 sigma: 0.166 
maxBOLD estimate = 1.125


Trial 4: maxBOLD Stimulus Selection
Stimulus: 1.000
Output value 1.918

Q+ parameters
slope: 0.055 semiSat: 0.670 beta: 1.250 sigma: 0.114 
maxBOLD estimate = 1.406


Trial 5: baseline Stimulus Selection
Stimulus: 0.010
Output value 0.200

Q+ parameters
slope: 0.043 semiSat: 0.780 beta: 1.250 sigma: 0.166 
maxBOLD estimate = 1.758


Trial 6: maxBOLD Stimulus Selection
Stimulus: 1.000
Output value 1.748

Q+ parameters
slope: 0.034 semiSat: 1.000 beta: 1.250 sigma: 0.114 
maxBOLD estimate = 2.197


Trial 7: random Stimulus Selection
Stimulus: 0.588
Output value 0.312

Q+ parameters
slope: 0.055 semiSat: 1.000 beta: 1.250 sigma: 0.114 
maxBOLD estimate = 2.747


Trial 8: random Stimulus Selection
Stimulus: 0.010
Output value 0.000

Q+ parameters
slope: 0.043 semiSat: 0.560 beta: 0.500 sigma: 0.062 
maxBOLD estimate = 3.433


Trial 9: random Stimulus Selection
Stimulus: 0.051
Output value 1.170

Q+ parameters
slope: 0.055 semiSat: 0.670 beta: 1.500 sigma: 0.166 
maxBOLD estimate = 1.717


Trial 10: baseline Stimulus Selection
Stimulus: 0.010
Output value 0.000

Q+ parameters
slope: 0.034 semiSat: 1.000 beta: 1.250 sigma: 0.114 
maxBOLD estimate = 2.575


Trial 11: random Stimulus Selection
Stimulus: 0.299
Output value 0.293

Q+ parameters
slope: 0.043 semiSat: 0.560 beta: 0.500 sigma: 0.062 
maxBOLD estimate = 3.219


Trial 12: random Stimulus Selection
Stimulus: 0.588
Output value 1.170

Q+ parameters
slope: 0.070 semiSat: 0.450 beta: 1.000 sigma: 0.114 
maxBOLD estimate = 1.609


Trial 13: random Stimulus Selection
Stimulus: 0.216
Output value -0.439

Q+ parameters
slope: 0.055 semiSat: 0.670 beta: 1.500 sigma: 0.166 
maxBOLD estimate = 1.609


Trial 14: random Stimulus Selection
Stimulus: 0.918
Output value 1.234

Q+ parameters
slope: 0.034 semiSat: 0.780 beta: 0.938 sigma: 0.114 
maxBOLD estimate = 2.414


Trial 15: maxBOLD Stimulus Selection
Stimulus: 1.000
Output value 0.926

Q+ parameters
slope: 0.089 semiSat: 0.560 beta: 0.750 sigma: 0.114 
maxBOLD estimate = 2.263


Trial 16: random Stimulus Selection
Stimulus: 0.959
Output value 2.777

Q+ parameters
slope: 0.055 semiSat: 0.670 beta: 1.500 sigma: 0.166 
maxBOLD estimate = 1.697


Trial 17: random Stimulus Selection
Stimulus: 0.175
Output value 0.673

Q+ parameters
slope: 0.034 semiSat: 0.780 beta: 0.969 sigma: 0.114 
maxBOLD estimate = 2.546


Trial 18: random Stimulus Selection
Stimulus: 0.257
Output value -0.336

Q+ parameters
slope: 0.070 semiSat: 0.670 beta: 0.750 sigma: 0.114 
maxBOLD estimate = 2.466


Trial 19: random Stimulus Selection
Stimulus: 0.753
Output value 0.946

Q+ parameters
slope: 0.070 semiSat: 0.560 beta: 0.938 sigma: 0.114 
maxBOLD estimate = 1.850


Trial 20: baseline Stimulus Selection
Stimulus: 0.010
Output value -0.473

Q+ parameters
slope: 0.055 semiSat: 0.670 beta: 1.500 sigma: 0.166 
maxBOLD estimate = 1.734


Trial 21: random Stimulus Selection
Stimulus: 0.464
Output value -0.355

Q+ parameters
slope: 0.070 semiSat: 0.670 beta: 0.750 sigma: 0.114 
maxBOLD estimate = 2.601


Trial 22: random Stimulus Selection
Stimulus: 0.753
Output value 1.862

Q+ parameters
slope: 0.379 semiSat: 0.560 beta: 0.875 sigma: 0.166 
maxBOLD estimate = 1.951


Trial 23: random Stimulus Selection
Stimulus: 0.010
Output value -0.175

Q+ parameters
slope: 0.113 semiSat: 0.560 beta: 1.125 sigma: 0.166 
maxBOLD estimate = 1.707


Trial 24: random Stimulus Selection
Stimulus: 0.546
Output value 0.000

Q+ parameters
slope: 0.483 semiSat: 0.560 beta: 0.875 sigma: 0.166 
maxBOLD estimate = 1.921


Trial 25: maxBOLD Stimulus Selection
Stimulus: 1.000
Output value 1.375

Q+ parameters
slope: 0.089 semiSat: 0.670 beta: 1.500 sigma: 0.166 
maxBOLD estimate = 1.680


Trial 26: random Stimulus Selection
Stimulus: 1.000
Output value 2.191

Q+ parameters
slope: 0.043 semiSat: 0.780 beta: 1.062 sigma: 0.114 
maxBOLD estimate = 2.521


Trial 27: random Stimulus Selection
Stimulus: 0.175
Output value -0.365

Q+ parameters
slope: 0.070 semiSat: 0.670 beta: 0.750 sigma: 0.114 
maxBOLD estimate = 2.678


Trial 28: random Stimulus Selection
Stimulus: 0.753
Output value 1.758

Q+ parameters
slope: 0.183 semiSat: 0.560 beta: 0.875 sigma: 0.114 
maxBOLD estimate = 2.009


Trial 29: random Stimulus Selection
Stimulus: 0.216
Output value -0.240

Q+ parameters
slope: 0.089 semiSat: 0.670 beta: 1.500 sigma: 0.166 
maxBOLD estimate = 1.758


Trial 30: baseline Stimulus Selection
Stimulus: 0.010
Output value -0.180

Q+ parameters
slope: 0.070 semiSat: 0.670 beta: 0.750 sigma: 0.114 
maxBOLD estimate = 2.636

--------------------------------------------------------------
FINAL VALUES
--------------------------------------------------------------
Simulated parameters:              slope: 0.410 semiSat: 0.570 beta: 1.000 sigma: 0.150 
Max posterior QUEST+ parameters:   slope: 0.379 semiSat: 0.560 beta: 1.062 sigma: 0.166 
Max BADS parameters:               slope: 0.482 semiSat: 0.575 beta: 1.000 sigma: 0.145 
maxBOLD estimate: 1.717
