/blue/stevenweisberg/stevenweisberg/MATLAB/projects/Weisberg_Aguirre_2020/scripts/run_sims
c27a-s1.ufhpc
Wed Apr  7 06:56:32 EDT 2021
mkdir: cannot create directory ‘/blue/stevenweisberg/stevenweisberg/qpfMRIResults/model_parameter_set2/’: File exists
cp: cannot stat ‘/blue/stevenweisberg/stevenweisberg/qpfMRIResults/deploy_sim.sh’: No such file or directory
cp: cannot stat ‘/blue/stevenweisberg/stevenweisberg/qpfMRIResults/sim_wrapper.sh’: No such file or directory
------------------------------------------
Setting up environment variables
---
LD_LIBRARY_PATH is .:/apps/matlab/mcr/2020b/v99/runtime/glnxa64:/apps/matlab/mcr/2020b/v99/bin/glnxa64:/apps/matlab/mcr/2020b/v99/sys/os/glnxa64:/apps/matlab/mcr/2020b/v99/sys/opengl/lib/glnxa64
Warning: Executing startup failed in matlabrc.
This indicates a potentially serious problem in your MATLAB setup, which should be resolved as soon as possible.  Error detected was:
MATLAB:mpath:PathAlterationNotSupported
Modifying the search path is not supported by MATLAB Compiler. Remove functions that modify the search path from your MATLAB code. To make files visible to your deployed application, add the parent folder to your MATLAB session.
Warning: No stimulus domain specified. Defaulting to values between 0.01 and 1.
> In qpfmriParams (line 182)
In compiledSimulate (line 205)
Stimulus domain added from input.
Parameter slope specified as 0.20000
Parameter semiSat specified as 0.57000
Parameter beta specified as 1.00000
Parameter sigma specified as 0.05000
seed = 99seed = 104seed = 111seed = 111seed = 115seed = 101Initializing Q+. This may take a minute...
Elapsed time is 10.228456 seconds.
Simulated parameters:
slope: 0.200 semiSat: 0.570 beta: 1.000 sigma: 0.050 

Trial 1: baseline Stimulus Selection
Stimulus: 0.010
Output value 0.000

Q+ parameters
slope: 0.026 semiSat: 0.890 beta: 0.500 sigma: 0.010 
maxBOLD estimate = 1.000


Trial 2: maxBOLD Stimulus Selection
Stimulus: 1.000
Output value 1.364

Q+ parameters
slope: 0.055 semiSat: 0.670 beta: 1.250 sigma: 0.010 
maxBOLD estimate = 1.000


Trial 3: baseline Stimulus Selection
Stimulus: 0.010
Output value -0.142

Q+ parameters
slope: 0.055 semiSat: 0.670 beta: 1.250 sigma: 0.062 
maxBOLD estimate = 1.250


Trial 4: maxBOLD Stimulus Selection
Stimulus: 1.000
Output value 1.776

Q+ parameters
slope: 0.043 semiSat: 0.780 beta: 1.250 sigma: 0.062 
maxBOLD estimate = 1.562


Trial 5: baseline Stimulus Selection
Stimulus: 0.010
Output value 0.000

Q+ parameters
slope: 0.043 semiSat: 0.780 beta: 0.969 sigma: 0.062 
maxBOLD estimate = 1.953


Trial 6: maxBOLD Stimulus Selection
Stimulus: 1.000
Output value 1.500

Q+ parameters
slope: 0.043 semiSat: 0.780 beta: 0.969 sigma: 0.062 
maxBOLD estimate = 1.892


Trial 7: qplus Stimulus Selection
Stimulus: 0.670
Output value 1.000

Q+ parameters
slope: 0.089 semiSat: 0.340 beta: 0.750 sigma: 0.062 
maxBOLD estimate = 1.833


Trial 8: qplus Stimulus Selection
Stimulus: 0.340
Output value -0.281

Q+ parameters
slope: 0.183 semiSat: 0.560 beta: 1.125 sigma: 0.062 
maxBOLD estimate = 1.375


Trial 9: qplus Stimulus Selection
Stimulus: 0.505
Output value 0.264

Q+ parameters
slope: 0.234 semiSat: 0.560 beta: 0.938 sigma: 0.062 
maxBOLD estimate = 1.547


Trial 10: baseline Stimulus Selection
Stimulus: 0.010
Output value 0.000

Q+ parameters
slope: 0.379 semiSat: 0.560 beta: 0.938 sigma: 0.062 
maxBOLD estimate = 1.450


Trial 11: qplus Stimulus Selection
Stimulus: 0.588
Output value 1.050

Q+ parameters
slope: 0.298 semiSat: 0.560 beta: 1.062 sigma: 0.062 
maxBOLD estimate = 1.359


Trial 12: qplus Stimulus Selection
Stimulus: 0.505
Output value 0.406

Q+ parameters
slope: 0.234 semiSat: 0.560 beta: 1.031 sigma: 0.062 
maxBOLD estimate = 1.444


Trial 13: qplus Stimulus Selection
Stimulus: 0.629
Output value 1.489

Q+ parameters
slope: 0.298 semiSat: 0.560 beta: 1.000 sigma: 0.062 
maxBOLD estimate = 1.489


Trial 14: qplus Stimulus Selection
Stimulus: 0.505
Output value 0.127

Q+ parameters
slope: 0.234 semiSat: 0.560 beta: 0.938 sigma: 0.062 
maxBOLD estimate = 1.489


Trial 15: maxBOLD Stimulus Selection
Stimulus: 1.000
Output value 1.618

Q+ parameters
slope: 0.298 semiSat: 0.560 beta: 1.062 sigma: 0.062 
maxBOLD estimate = 1.396


Trial 16: qplus Stimulus Selection
Stimulus: 0.505
Output value 0.135

Q+ parameters
slope: 0.298 semiSat: 0.560 beta: 1.000 sigma: 0.062 
maxBOLD estimate = 1.484


Trial 17: qplus Stimulus Selection
Stimulus: 0.629
Output value 1.113

Q+ parameters
slope: 0.234 semiSat: 0.560 beta: 1.031 sigma: 0.062 
maxBOLD estimate = 1.484


Trial 18: qplus Stimulus Selection
Stimulus: 0.546
Output value 0.487

Q+ parameters
slope: 0.234 semiSat: 0.560 beta: 0.875 sigma: 0.062 
maxBOLD estimate = 1.530


Trial 19: qplus Stimulus Selection
Stimulus: 0.711
Output value 1.552

Q+ parameters
slope: 0.298 semiSat: 0.560 beta: 1.062 sigma: 0.062 
maxBOLD estimate = 1.339


Trial 20: baseline Stimulus Selection
Stimulus: 0.010
Output value -0.137

Q+ parameters
slope: 0.183 semiSat: 0.560 beta: 1.062 sigma: 0.062 
maxBOLD estimate = 1.422


Trial 21: qplus Stimulus Selection
Stimulus: 0.588
Output value 1.198

Q+ parameters
slope: 0.298 semiSat: 0.560 beta: 0.969 sigma: 0.062 
maxBOLD estimate = 1.511


Trial 22: qplus Stimulus Selection
Stimulus: 0.546
Output value 0.387

Q+ parameters
slope: 0.298 semiSat: 0.560 beta: 0.969 sigma: 0.062 
maxBOLD estimate = 1.464


Trial 23: qplus Stimulus Selection
Stimulus: 0.670
Output value 1.289

Q+ parameters
slope: 0.298 semiSat: 0.560 beta: 1.000 sigma: 0.062 
maxBOLD estimate = 1.418


Trial 24: qplus Stimulus Selection
Stimulus: 0.588
Output value 0.749

Q+ parameters
slope: 0.298 semiSat: 0.560 beta: 0.969 sigma: 0.062 
maxBOLD estimate = 1.418


Trial 25: maxBOLD Stimulus Selection
Stimulus: 1.000
Output value 1.593

Q+ parameters
slope: 0.183 semiSat: 0.560 beta: 1.062 sigma: 0.062 
maxBOLD estimate = 1.374


Trial 26: qplus Stimulus Selection
Stimulus: 0.588
Output value 1.029

Q+ parameters
slope: 0.298 semiSat: 0.560 beta: 0.969 sigma: 0.062 
maxBOLD estimate = 1.460


Trial 27: qplus Stimulus Selection
Stimulus: 0.546
Output value 0.498

Q+ parameters
slope: 0.298 semiSat: 0.560 beta: 0.969 sigma: 0.062 
maxBOLD estimate = 1.414


Trial 28: qplus Stimulus Selection
Stimulus: 0.546
Output value 0.529

Q+ parameters
slope: 0.298 semiSat: 0.560 beta: 1.062 sigma: 0.062 
maxBOLD estimate = 1.370


Trial 29: qplus Stimulus Selection
Stimulus: 0.505
Output value 0.256

Q+ parameters
slope: 0.298 semiSat: 0.560 beta: 0.969 sigma: 0.062 
maxBOLD estimate = 1.456


Trial 30: baseline Stimulus Selection
Stimulus: 0.010
Output value 0.000

Q+ parameters
slope: 0.298 semiSat: 0.560 beta: 0.969 sigma: 0.062 
maxBOLD estimate = 1.410


Trial 31: qplus Stimulus Selection
Stimulus: 0.546
Output value 0.838

Q+ parameters
slope: 0.183 semiSat: 0.560 beta: 1.125 sigma: 0.062 
maxBOLD estimate = 1.366


Trial 32: qplus Stimulus Selection
Stimulus: 0.464
Output value 0.271

Q+ parameters
slope: 0.234 semiSat: 0.560 beta: 0.969 sigma: 0.062 
maxBOLD estimate = 1.537


Trial 33: qplus Stimulus Selection
Stimulus: 0.670
Output value 1.311

Q+ parameters
slope: 0.298 semiSat: 0.560 beta: 0.969 sigma: 0.062 
maxBOLD estimate = 1.489


Trial 34: qplus Stimulus Selection
Stimulus: 0.711
Output value 1.397

Q+ parameters
slope: 0.298 semiSat: 0.560 beta: 0.969 sigma: 0.062 
maxBOLD estimate = 1.442


Trial 35: maxBOLD Stimulus Selection
Stimulus: 1.000
Output value 1.619

Q+ parameters
slope: 0.298 semiSat: 0.560 beta: 1.062 sigma: 0.062 
maxBOLD estimate = 1.397


Trial 36: qplus Stimulus Selection
Stimulus: 0.505
Output value 0.523

Q+ parameters
slope: 0.298 semiSat: 0.560 beta: 0.969 sigma: 0.062 
maxBOLD estimate = 1.485


Trial 37: qplus Stimulus Selection
Stimulus: 0.505
Output value 0.539

Q+ parameters
slope: 0.183 semiSat: 0.560 beta: 1.031 sigma: 0.062 
maxBOLD estimate = 1.438


Trial 38: qplus Stimulus Selection
Stimulus: 0.464
Output value 0.139

Q+ parameters
slope: 0.183 semiSat: 0.560 beta: 1.031 sigma: 0.062 
maxBOLD estimate = 1.483


Trial 39: qplus Stimulus Selection
Stimulus: 0.464
Output value 0.556

Q+ parameters
slope: 0.144 semiSat: 0.560 beta: 1.000 sigma: 0.062 
maxBOLD estimate = 1.529


Trial 40: baseline Stimulus Selection
Stimulus: 0.010
Output value 0.000

Q+ parameters
slope: 0.144 semiSat: 0.560 beta: 1.000 sigma: 0.062 
maxBOLD estimate = 1.529


Trial 41: qplus Stimulus Selection
Stimulus: 0.381
Output value 0.139

Q+ parameters
slope: 0.144 semiSat: 0.560 beta: 1.000 sigma: 0.062 
maxBOLD estimate = 1.529


Trial 42: qplus Stimulus Selection
Stimulus: 0.381
Output value 0.278

Q+ parameters
slope: 0.144 semiSat: 0.560 beta: 1.000 sigma: 0.062 
maxBOLD estimate = 1.529


Trial 43: qplus Stimulus Selection
Stimulus: 0.588
Output value 1.390

Q+ parameters
slope: 0.144 semiSat: 0.560 beta: 1.000 sigma: 0.062 
maxBOLD estimate = 1.529


Trial 44: qplus Stimulus Selection
Stimulus: 0.381
Output value 0.139

Q+ parameters
slope: 0.144 semiSat: 0.560 beta: 1.000 sigma: 0.062 
maxBOLD estimate = 1.529


Trial 45: maxBOLD Stimulus Selection
Stimulus: 1.000
Output value 1.390

Q+ parameters
slope: 0.144 semiSat: 0.560 beta: 1.000 sigma: 0.062 
maxBOLD estimate = 1.529


Trial 46: qplus Stimulus Selection
Stimulus: 0.381
Output value 0.000

Q+ parameters
slope: 0.144 semiSat: 0.560 beta: 1.000 sigma: 0.062 
maxBOLD estimate = 1.529


Trial 47: qplus Stimulus Selection
Stimulus: 0.381
Output value 0.139

Q+ parameters
slope: 0.144 semiSat: 0.560 beta: 1.000 sigma: 0.062 
maxBOLD estimate = 1.529


Trial 48: qplus Stimulus Selection
Stimulus: 0.381
Output value 0.139

Q+ parameters
slope: 0.144 semiSat: 0.560 beta: 1.000 sigma: 0.062 
maxBOLD estimate = 1.529


Trial 49: qplus Stimulus Selection
Stimulus: 0.381
Output value 0.278

Q+ parameters
slope: 0.144 semiSat: 0.560 beta: 1.000 sigma: 0.062 
maxBOLD estimate = 1.529


Trial 50: baseline Stimulus Selection
Stimulus: 0.010
Output value 0.130

Q+ parameters
slope: 0.234 semiSat: 0.560 beta: 0.938 sigma: 0.062 
maxBOLD estimate = 1.529


Trial 51: qplus Stimulus Selection
Stimulus: 0.670
Output value 1.479

Q+ parameters
slope: 0.183 semiSat: 0.560 beta: 1.031 sigma: 0.062 
maxBOLD estimate = 1.434


Trial 52: qplus Stimulus Selection
Stimulus: 0.711
Output value 1.386

Q+ parameters
slope: 0.183 semiSat: 0.560 beta: 1.031 sigma: 0.062 
maxBOLD estimate = 1.479


Trial 53: qplus Stimulus Selection
Stimulus: 0.711
Output value 1.248

Q+ parameters
slope: 0.144 semiSat: 0.560 beta: 1.000 sigma: 0.062 
maxBOLD estimate = 1.525


Trial 54: qplus Stimulus Selection
Stimulus: 0.381
Output value 0.139

Q+ parameters
slope: 0.144 semiSat: 0.560 beta: 1.000 sigma: 0.062 
maxBOLD estimate = 1.525


Trial 55: maxBOLD Stimulus Selection
Stimulus: 1.000
Output value 1.386

Q+ parameters
slope: 0.144 semiSat: 0.560 beta: 1.000 sigma: 0.062 
maxBOLD estimate = 1.525


Trial 56: qplus Stimulus Selection
Stimulus: 0.381
Output value -0.277

Q+ parameters
slope: 0.183 semiSat: 0.560 beta: 1.000 sigma: 0.062 
maxBOLD estimate = 1.525


Trial 57: qplus Stimulus Selection
Stimulus: 0.505
Output value 0.277

Q+ parameters
slope: 0.144 semiSat: 0.560 beta: 1.000 sigma: 0.062 
maxBOLD estimate = 1.525


Trial 58: qplus Stimulus Selection
Stimulus: 0.670
Output value 1.209

Q+ parameters
slope: 0.234 semiSat: 0.560 beta: 0.969 sigma: 0.062 
maxBOLD estimate = 1.525


Trial 59: qplus Stimulus Selection
Stimulus: 0.546
Output value 0.554

Q+ parameters
slope: 0.183 semiSat: 0.560 beta: 1.031 sigma: 0.062 
maxBOLD estimate = 1.477


Trial 60: baseline Stimulus Selection
Stimulus: 0.010
Output value 0.000

Q+ parameters
slope: 0.234 semiSat: 0.560 beta: 0.969 sigma: 0.062 
maxBOLD estimate = 1.523


Trial 61: qplus Stimulus Selection
Stimulus: 0.959
Output value 1.384

Q+ parameters
slope: 0.183 semiSat: 0.560 beta: 1.031 sigma: 0.062 
maxBOLD estimate = 1.476


Trial 62: qplus Stimulus Selection
Stimulus: 0.711
Output value 1.340

Q+ parameters
slope: 0.234 semiSat: 0.560 beta: 0.969 sigma: 0.062 
maxBOLD estimate = 1.522


Trial 63: qplus Stimulus Selection
Stimulus: 0.753
Output value 1.382

Q+ parameters
slope: 0.183 semiSat: 0.560 beta: 1.031 sigma: 0.062 
maxBOLD estimate = 1.474


Trial 64: qplus Stimulus Selection
Stimulus: 0.505
Output value 0.268

Q+ parameters
slope: 0.234 semiSat: 0.560 beta: 0.969 sigma: 0.062 
maxBOLD estimate = 1.520


Trial 65: maxBOLD Stimulus Selection
Stimulus: 1.000
Output value 1.519

Q+ parameters
slope: 0.183 semiSat: 0.560 beta: 1.031 sigma: 0.062 
maxBOLD estimate = 1.473


Trial 66: qplus Stimulus Selection
Stimulus: 0.505
Output value 0.259

Q+ parameters
slope: 0.234 semiSat: 0.560 beta: 0.938 sigma: 0.062 
maxBOLD estimate = 1.519


Trial 67: qplus Stimulus Selection
Stimulus: 0.959
Output value 1.513

Q+ parameters
slope: 0.183 semiSat: 0.560 beta: 1.062 sigma: 0.062 
maxBOLD estimate = 1.424


Trial 68: qplus Stimulus Selection
Stimulus: 0.670
Output value 1.199

Q+ parameters
slope: 0.234 semiSat: 0.560 beta: 0.969 sigma: 0.062 
maxBOLD estimate = 1.513


Trial 69: qplus Stimulus Selection
Stimulus: 0.794
Output value 1.649

Q+ parameters
slope: 0.183 semiSat: 0.560 beta: 1.031 sigma: 0.062 
maxBOLD estimate = 1.466


Trial 70: baseline Stimulus Selection
Stimulus: 0.010
Output value 0.258

Q+ parameters
slope: 0.234 semiSat: 0.560 beta: 0.938 sigma: 0.062 
maxBOLD estimate = 1.511


Trial 71: qplus Stimulus Selection
Stimulus: 0.670
Output value 1.123

Q+ parameters
slope: 0.298 semiSat: 0.560 beta: 0.969 sigma: 0.062 
maxBOLD estimate = 1.417


Trial 72: qplus Stimulus Selection
Stimulus: 0.546
Output value 0.663

Q+ parameters
slope: 0.183 semiSat: 0.560 beta: 1.062 sigma: 0.062 
maxBOLD estimate = 1.373


Trial 73: qplus Stimulus Selection
Stimulus: 0.588
Output value 0.899

Q+ parameters
slope: 0.298 semiSat: 0.560 beta: 0.969 sigma: 0.062 
maxBOLD estimate = 1.459


Trial 74: qplus Stimulus Selection
Stimulus: 0.711
Output value 1.365

Q+ parameters
slope: 0.183 semiSat: 0.560 beta: 1.062 sigma: 0.062 
maxBOLD estimate = 1.413


Trial 75: maxBOLD Stimulus Selection
Stimulus: 1.000
Output value 1.587

Q+ parameters
slope: 0.234 semiSat: 0.560 beta: 0.969 sigma: 0.062 
maxBOLD estimate = 1.501


Trial 76: qplus Stimulus Selection
Stimulus: 0.753
Output value 1.409

Q+ parameters
slope: 0.298 semiSat: 0.560 beta: 0.969 sigma: 0.062 
maxBOLD estimate = 1.454


Trial 77: qplus Stimulus Selection
Stimulus: 0.546
Output value 0.680

Q+ parameters
slope: 0.183 semiSat: 0.560 beta: 1.062 sigma: 0.062 
maxBOLD estimate = 1.409


Trial 78: qplus Stimulus Selection
Stimulus: 0.505
Output value 0.396

Q+ parameters
slope: 0.234 semiSat: 0.560 beta: 0.969 sigma: 0.062 
maxBOLD estimate = 1.497


Trial 79: qplus Stimulus Selection
Stimulus: 0.546
Output value 0.511

Q+ parameters
slope: 0.298 semiSat: 0.560 beta: 0.969 sigma: 0.062 
maxBOLD estimate = 1.450


Trial 80: baseline Stimulus Selection
Stimulus: 0.010
Output value 0.128

Q+ parameters
slope: 0.234 semiSat: 0.560 beta: 1.000 sigma: 0.062 
maxBOLD estimate = 1.405


Trial 81: qplus Stimulus Selection
Stimulus: 0.505
Output value 0.000

Q+ parameters
slope: 0.234 semiSat: 0.560 beta: 1.031 sigma: 0.062 
maxBOLD estimate = 1.405


Trial 82: qplus Stimulus Selection
Stimulus: 0.505
Output value 0.255

Q+ parameters
slope: 0.298 semiSat: 0.560 beta: 0.969 sigma: 0.062 
maxBOLD estimate = 1.449


Trial 83: qplus Stimulus Selection
Stimulus: 0.546
Output value 0.542

Q+ parameters
slope: 0.183 semiSat: 0.560 beta: 1.062 sigma: 0.062 
maxBOLD estimate = 1.403


Trial 84: qplus Stimulus Selection
Stimulus: 0.464
Output value 0.000

Q+ parameters
slope: 0.234 semiSat: 0.560 beta: 0.969 sigma: 0.062 
maxBOLD estimate = 1.491


Trial 85: maxBOLD Stimulus Selection
Stimulus: 1.000
Output value 1.399

Q+ parameters
slope: 0.298 semiSat: 0.560 beta: 0.969 sigma: 0.062 
maxBOLD estimate = 1.445


Trial 86: qplus Stimulus Selection
Stimulus: 0.546
Output value 0.676

Q+ parameters
slope: 0.183 semiSat: 0.560 beta: 1.062 sigma: 0.062 
maxBOLD estimate = 1.399


Trial 87: qplus Stimulus Selection
Stimulus: 0.464
Output value 0.393

Q+ parameters
slope: 0.234 semiSat: 0.560 beta: 0.969 sigma: 0.062 
maxBOLD estimate = 1.487


Trial 88: qplus Stimulus Selection
Stimulus: 0.546
Output value 0.634

Q+ parameters
slope: 0.298 semiSat: 0.560 beta: 0.969 sigma: 0.062 
maxBOLD estimate = 1.440


Trial 89: qplus Stimulus Selection
Stimulus: 0.546
Output value 0.539

Q+ parameters
slope: 0.183 semiSat: 0.560 beta: 1.062 sigma: 0.062 
maxBOLD estimate = 1.395


Trial 90: baseline Stimulus Selection
Stimulus: 0.010
Output value -0.278

Q+ parameters
slope: 0.183 semiSat: 0.560 beta: 1.031 sigma: 0.062 
maxBOLD estimate = 1.483


Trial 91: qplus Stimulus Selection
Stimulus: 0.711
Output value 1.564

Q+ parameters
slope: 0.234 semiSat: 0.560 beta: 0.938 sigma: 0.062 
maxBOLD estimate = 1.529


Trial 92: qplus Stimulus Selection
Stimulus: 0.959
Output value 1.515

Q+ parameters
slope: 0.298 semiSat: 0.560 beta: 0.969 sigma: 0.062 
maxBOLD estimate = 1.433


Trial 93: qplus Stimulus Selection
Stimulus: 0.546
Output value 0.537

Q+ parameters
slope: 0.183 semiSat: 0.560 beta: 1.062 sigma: 0.062 
maxBOLD estimate = 1.389


Trial 94: qplus Stimulus Selection
Stimulus: 0.464
Output value 0.260

Q+ parameters
slope: 0.298 semiSat: 0.560 beta: 0.969 sigma: 0.062 
maxBOLD estimate = 1.475


Trial 95: maxBOLD Stimulus Selection
Stimulus: 1.000
Output value 1.657

Q+ parameters
slope: 0.183 semiSat: 0.560 beta: 1.062 sigma: 0.062 
maxBOLD estimate = 1.429


Trial 96: qplus Stimulus Selection
Stimulus: 0.794
Output value 1.605

Q+ parameters
slope: 0.234 semiSat: 0.560 beta: 0.969 sigma: 0.062 
maxBOLD estimate = 1.519


Trial 97: qplus Stimulus Selection
Stimulus: 0.711
Output value 1.425

Q+ parameters
slope: 0.298 semiSat: 0.560 beta: 0.969 sigma: 0.062 
maxBOLD estimate = 1.471


Trial 98: qplus Stimulus Selection
Stimulus: 0.711
Output value 1.652

Q+ parameters
slope: 0.183 semiSat: 0.560 beta: 1.062 sigma: 0.062 
maxBOLD estimate = 1.425


Trial 99: qplus Stimulus Selection
Stimulus: 0.464
Output value 0.000

Q+ parameters
slope: 0.234 semiSat: 0.560 beta: 0.969 sigma: 0.062 
maxBOLD estimate = 1.514


Trial 100: baseline Stimulus Selection
Stimulus: 0.010
Output value 0.000

Q+ parameters
slope: 0.298 semiSat: 0.560 beta: 0.969 sigma: 0.062 
maxBOLD estimate = 1.467

--------------------------------------------------------------
FINAL VALUES
--------------------------------------------------------------
Simulated parameters:              slope: 0.200 semiSat: 0.570 beta: 1.000 sigma: 0.050 
Max posterior QUEST+ parameters:   slope: 0.298 semiSat: 0.560 beta: 0.969 sigma: 0.062 
Max BADS parameters:               slope: 0.244 semiSat: 0.567 beta: 1.000 sigma: 0.064 
maxBOLD estimate: 1.437
