/blue/stevenweisberg/stevenweisberg/MATLAB/projects/Weisberg_Aguirre_2020/scripts/run_sims
c0706a-s7.ufhpc
Wed Apr  7 08:23:56 EDT 2021
mkdir: cannot create directory ‘/blue/stevenweisberg/stevenweisberg/qpfMRIResults/model_parameter_set2/’: File exists
cp: cannot stat ‘/blue/stevenweisberg/stevenweisberg/qpfMRIResults/deploy_sim.sh’: No such file or directory
cp: cannot stat ‘/blue/stevenweisberg/stevenweisberg/qpfMRIResults/sim_wrapper.sh’: No such file or directory
------------------------------------------
Setting up environment variables
---
LD_LIBRARY_PATH is .:/apps/matlab/mcr/2020b/v99/runtime/glnxa64:/apps/matlab/mcr/2020b/v99/bin/glnxa64:/apps/matlab/mcr/2020b/v99/sys/os/glnxa64:/apps/matlab/mcr/2020b/v99/sys/opengl/lib/glnxa64
Warning: Executing startup failed in matlabrc.
This indicates a potentially serious problem in your MATLAB setup, which should be resolved as soon as possible.  Error detected was:
MATLAB:mpath:PathAlterationNotSupported
Modifying the search path is not supported by MATLAB Compiler. Remove functions that modify the search path from your MATLAB code. To make files visible to your deployed application, add the parent folder to your MATLAB session.
Warning: No stimulus domain specified. Defaulting to values between 0.01 and 1.
> In qpfmriParams (line 182)
In compiledSimulate (line 205)
Stimulus domain added from input.
Parameter slope specified as 0.20000
Parameter semiSat specified as 0.57000
Parameter beta specified as 1.00000
Parameter sigma specified as 0.15000
seed = 99seed = 104seed = 111seed = 111seed = 115seed = 101Initializing Q+. This may take a minute...
Elapsed time is 6.850739 seconds.
Simulated parameters:
slope: 0.200 semiSat: 0.570 beta: 1.000 sigma: 0.150 

Trial 1: baseline Stimulus Selection
Stimulus: 0.010
Output value 0.000

Q+ parameters
slope: 0.026 semiSat: 0.890 beta: 0.500 sigma: 0.010 
maxBOLD estimate = 1.000


Trial 2: maxBOLD Stimulus Selection
Stimulus: 1.000
Output value 1.364

Q+ parameters
slope: 0.055 semiSat: 0.670 beta: 1.250 sigma: 0.010 
maxBOLD estimate = 1.000


Trial 3: baseline Stimulus Selection
Stimulus: 0.010
Output value -0.284

Q+ parameters
slope: 0.055 semiSat: 0.670 beta: 1.250 sigma: 0.531 
maxBOLD estimate = 1.250


Trial 4: maxBOLD Stimulus Selection
Stimulus: 1.000
Output value 1.776

Q+ parameters
slope: 0.055 semiSat: 0.670 beta: 1.250 sigma: 0.166 
maxBOLD estimate = 1.562


Trial 5: baseline Stimulus Selection
Stimulus: 0.010
Output value 0.000

Q+ parameters
slope: 0.055 semiSat: 0.670 beta: 1.250 sigma: 0.166 
maxBOLD estimate = 1.953


Trial 6: maxBOLD Stimulus Selection
Stimulus: 1.000
Output value 2.150

Q+ parameters
slope: 0.043 semiSat: 0.780 beta: 0.969 sigma: 0.114 
maxBOLD estimate = 2.441


Trial 7: qplus Stimulus Selection
Stimulus: 0.588
Output value 1.451

Q+ parameters
slope: 0.113 semiSat: 0.340 beta: 0.750 sigma: 0.114 
maxBOLD estimate = 2.365


Trial 8: qplus Stimulus Selection
Stimulus: 0.381
Output value 0.403

Q+ parameters
slope: 0.089 semiSat: 0.560 beta: 1.250 sigma: 0.166 
maxBOLD estimate = 1.774


Trial 9: qplus Stimulus Selection
Stimulus: 0.505
Output value 0.176

Q+ parameters
slope: 0.379 semiSat: 0.560 beta: 0.875 sigma: 0.114 
maxBOLD estimate = 2.217


Trial 10: baseline Stimulus Selection
Stimulus: 0.010
Output value 0.496

Q+ parameters
slope: 0.234 semiSat: 0.560 beta: 0.938 sigma: 0.114 
maxBOLD estimate = 1.940


Trial 11: qplus Stimulus Selection
Stimulus: 0.711
Output value 1.602

Q+ parameters
slope: 0.183 semiSat: 0.560 beta: 0.969 sigma: 0.114 
maxBOLD estimate = 1.819


Trial 12: qplus Stimulus Selection
Stimulus: 0.505
Output value 0.160

Q+ parameters
slope: 0.298 semiSat: 0.560 beta: 1.000 sigma: 0.114 
maxBOLD estimate = 1.762


Trial 13: qplus Stimulus Selection
Stimulus: 0.588
Output value 0.776

Q+ parameters
slope: 0.234 semiSat: 0.560 beta: 0.969 sigma: 0.114 
maxBOLD estimate = 1.762


Trial 14: qplus Stimulus Selection
Stimulus: 0.629
Output value 0.679

Q+ parameters
slope: 0.183 semiSat: 0.560 beta: 0.875 sigma: 0.114 
maxBOLD estimate = 1.707


Trial 15: maxBOLD Stimulus Selection
Stimulus: 1.000
Output value 1.443

Q+ parameters
slope: 0.183 semiSat: 0.560 beta: 1.062 sigma: 0.114 
maxBOLD estimate = 1.494


Trial 16: qplus Stimulus Selection
Stimulus: 0.505
Output value 1.803

Q+ parameters
slope: 0.113 semiSat: 0.560 beta: 1.250 sigma: 0.218 
maxBOLD estimate = 1.587


Trial 17: qplus Stimulus Selection
Stimulus: 0.505
Output value -0.135

Q+ parameters
slope: 0.298 semiSat: 0.560 beta: 0.750 sigma: 0.114 
maxBOLD estimate = 1.984


Trial 18: qplus Stimulus Selection
Stimulus: 0.629
Output value 0.406

Q+ parameters
slope: 0.113 semiSat: 0.670 beta: 1.500 sigma: 0.166 
maxBOLD estimate = 1.488


Trial 19: qplus Stimulus Selection
Stimulus: 0.753
Output value 0.533

Q+ parameters
slope: 0.113 semiSat: 0.670 beta: 0.875 sigma: 0.166 
maxBOLD estimate = 2.232


Trial 20: baseline Stimulus Selection
Stimulus: 0.010
Output value 0.444

Q+ parameters
slope: 1.000 semiSat: 0.560 beta: 0.500 sigma: 0.166 
maxBOLD estimate = 1.953


Trial 21: qplus Stimulus Selection
Stimulus: 0.835
Output value 0.000

Q+ parameters
slope: 1.000 semiSat: 0.560 beta: 0.500 sigma: 1.000 
maxBOLD estimate = 0.976


Trial 22: qplus Stimulus Selection
Stimulus: 0.175
Output value -0.092

Q+ parameters
slope: 0.013 semiSat: 0.560 beta: 1.031 sigma: 1.000 
maxBOLD estimate = 0.488


Trial 23: qplus Stimulus Selection
Stimulus: 0.918
Output value 0.566

Q+ parameters
slope: 0.013 semiSat: 0.560 beta: 1.031 sigma: 1.000 
maxBOLD estimate = 0.503


Trial 24: qplus Stimulus Selection
Stimulus: 0.918
Output value 0.850

Q+ parameters
slope: 0.016 semiSat: 1.000 beta: 1.500 sigma: 1.000 
maxBOLD estimate = 0.519


Trial 25: maxBOLD Stimulus Selection
Stimulus: 1.000
Output value 1.274

Q+ parameters
slope: 0.234 semiSat: 0.560 beta: 1.500 sigma: 0.218 
maxBOLD estimate = 0.779


Trial 26: qplus Stimulus Selection
Stimulus: 0.588
Output value 1.354

Q+ parameters
slope: 0.298 semiSat: 0.560 beta: 1.062 sigma: 0.218 
maxBOLD estimate = 1.168


Trial 27: qplus Stimulus Selection
Stimulus: 0.505
Output value -0.240

Q+ parameters
slope: 0.298 semiSat: 0.560 beta: 1.062 sigma: 0.218 
maxBOLD estimate = 1.241


Trial 28: qplus Stimulus Selection
Stimulus: 0.505
Output value 0.637

Q+ parameters
slope: 0.183 semiSat: 0.560 beta: 1.062 sigma: 0.218 
maxBOLD estimate = 1.319


Trial 29: qplus Stimulus Selection
Stimulus: 0.629
Output value -0.287

Q+ parameters
slope: 0.089 semiSat: 0.670 beta: 1.125 sigma: 0.271 
maxBOLD estimate = 1.401


Trial 30: baseline Stimulus Selection
Stimulus: 0.010
Output value 0.000

Q+ parameters
slope: 0.144 semiSat: 0.560 beta: 0.875 sigma: 0.166 
maxBOLD estimate = 1.576


Trial 31: qplus Stimulus Selection
Stimulus: 0.629
Output value 1.332

Q+ parameters
slope: 0.113 semiSat: 0.560 beta: 1.062 sigma: 0.166 
maxBOLD estimate = 1.379


Trial 32: qplus Stimulus Selection
Stimulus: 0.505
Output value 0.000

Q+ parameters
slope: 0.144 semiSat: 0.560 beta: 0.875 sigma: 0.166 
maxBOLD estimate = 1.465


Trial 33: qplus Stimulus Selection
Stimulus: 0.629
Output value 0.743

Q+ parameters
slope: 0.183 semiSat: 0.560 beta: 1.062 sigma: 0.218 
maxBOLD estimate = 1.282


Trial 34: qplus Stimulus Selection
Stimulus: 0.505
Output value -0.310

Q+ parameters
slope: 0.070 semiSat: 0.670 beta: 1.250 sigma: 0.166 
maxBOLD estimate = 1.362


Trial 35: maxBOLD Stimulus Selection
Stimulus: 1.000
Output value 0.581

Q+ parameters
slope: 0.070 semiSat: 0.670 beta: 0.938 sigma: 0.166 
maxBOLD estimate = 1.703


Trial 36: qplus Stimulus Selection
Stimulus: 0.629
Output value 1.524

Q+ parameters
slope: 0.616 semiSat: 0.560 beta: 0.875 sigma: 0.271 
maxBOLD estimate = 1.597


Trial 37: qplus Stimulus Selection
Stimulus: 0.629
Output value 0.762

Q+ parameters
slope: 0.113 semiSat: 0.670 beta: 1.500 sigma: 0.218 
maxBOLD estimate = 1.397


Trial 38: qplus Stimulus Selection
Stimulus: 0.629
Output value 0.857

Q+ parameters
slope: 0.070 semiSat: 0.670 beta: 0.750 sigma: 0.114 
maxBOLD estimate = 2.095


Trial 39: qplus Stimulus Selection
Stimulus: 0.876
Output value 0.536

Q+ parameters
slope: 0.183 semiSat: 0.560 beta: 0.750 sigma: 0.166 
maxBOLD estimate = 1.572


Trial 40: baseline Stimulus Selection
Stimulus: 0.010
Output value 0.455

Q+ parameters
slope: 0.298 semiSat: 0.560 beta: 1.062 sigma: 0.323 
maxBOLD estimate = 1.179


Trial 41: qplus Stimulus Selection
Stimulus: 0.505
Output value -0.242

Q+ parameters
slope: 0.298 semiSat: 0.560 beta: 1.062 sigma: 0.271 
maxBOLD estimate = 1.252


Trial 42: qplus Stimulus Selection
Stimulus: 0.505
Output value 0.386

Q+ parameters
slope: 0.298 semiSat: 0.560 beta: 1.062 sigma: 0.271 
maxBOLD estimate = 1.331


Trial 43: qplus Stimulus Selection
Stimulus: 0.505
Output value 0.771

Q+ parameters
slope: 0.113 semiSat: 0.670 beta: 1.500 sigma: 0.218 
maxBOLD estimate = 1.414


Trial 44: qplus Stimulus Selection
Stimulus: 0.629
Output value 0.675

Q+ parameters
slope: 1.000 semiSat: 0.560 beta: 0.500 sigma: 0.166 
maxBOLD estimate = 2.121


Trial 45: maxBOLD Stimulus Selection
Stimulus: 1.000
Output value 1.229

Q+ parameters
slope: 0.379 semiSat: 0.560 beta: 1.062 sigma: 0.271 
maxBOLD estimate = 1.060


Trial 46: qplus Stimulus Selection
Stimulus: 0.505
Output value -0.218

Q+ parameters
slope: 0.379 semiSat: 0.560 beta: 1.062 sigma: 0.323 
maxBOLD estimate = 1.127


Trial 47: qplus Stimulus Selection
Stimulus: 0.505
Output value 0.116

Q+ parameters
slope: 0.298 semiSat: 0.560 beta: 1.062 sigma: 0.271 
maxBOLD estimate = 1.197


Trial 48: qplus Stimulus Selection
Stimulus: 1.000
Output value 1.106

Q+ parameters
slope: 0.298 semiSat: 0.560 beta: 1.062 sigma: 0.271 
maxBOLD estimate = 1.272


Trial 49: qplus Stimulus Selection
Stimulus: 0.505
Output value 1.843

Q+ parameters
slope: 0.113 semiSat: 0.560 beta: 1.250 sigma: 0.323 
maxBOLD estimate = 1.351


Trial 50: baseline Stimulus Selection
Stimulus: 0.010
Output value 0.000

Q+ parameters
slope: 0.183 semiSat: 0.560 beta: 0.750 sigma: 0.166 
maxBOLD estimate = 1.689


Trial 51: qplus Stimulus Selection
Stimulus: 0.629
Output value 0.367

Q+ parameters
slope: 0.298 semiSat: 0.560 beta: 1.062 sigma: 0.323 
maxBOLD estimate = 1.267


Trial 52: qplus Stimulus Selection
Stimulus: 0.505
Output value -0.130

Q+ parameters
slope: 0.298 semiSat: 0.560 beta: 1.062 sigma: 0.271 
maxBOLD estimate = 1.346


Trial 53: qplus Stimulus Selection
Stimulus: 0.505
Output value 1.365

Q+ parameters
slope: 0.113 semiSat: 0.670 beta: 1.500 sigma: 0.218 
maxBOLD estimate = 1.430


Trial 54: qplus Stimulus Selection
Stimulus: 0.588
Output value 0.439

Q+ parameters
slope: 0.070 semiSat: 0.670 beta: 0.750 sigma: 0.114 
maxBOLD estimate = 2.145


Trial 55: maxBOLD Stimulus Selection
Stimulus: 1.000
Output value 1.810

Q+ parameters
slope: 0.089 semiSat: 0.670 beta: 1.031 sigma: 0.166 
maxBOLD estimate = 1.609


Trial 56: qplus Stimulus Selection
Stimulus: 0.629
Output value 1.358

Q+ parameters
slope: 0.298 semiSat: 0.560 beta: 0.750 sigma: 0.166 
maxBOLD estimate = 1.659


Trial 57: qplus Stimulus Selection
Stimulus: 0.588
Output value -0.339

Q+ parameters
slope: 0.089 semiSat: 0.670 beta: 1.500 sigma: 0.218 
maxBOLD estimate = 1.244


Trial 58: qplus Stimulus Selection
Stimulus: 0.753
Output value 1.527

Q+ parameters
slope: 0.183 semiSat: 0.560 beta: 0.750 sigma: 0.166 
maxBOLD estimate = 1.867


Trial 59: qplus Stimulus Selection
Stimulus: 0.629
Output value 1.623

Q+ parameters
slope: 0.298 semiSat: 0.560 beta: 1.062 sigma: 0.271 
maxBOLD estimate = 1.400


Trial 60: baseline Stimulus Selection
Stimulus: 0.010
Output value -0.135

Q+ parameters
slope: 0.234 semiSat: 0.560 beta: 1.000 sigma: 0.218 
maxBOLD estimate = 1.487


Trial 61: qplus Stimulus Selection
Stimulus: 0.588
Output value 1.082

Q+ parameters
slope: 0.234 semiSat: 0.560 beta: 1.000 sigma: 0.218 
maxBOLD estimate = 1.487


Trial 62: qplus Stimulus Selection
Stimulus: 0.546
Output value 0.393

Q+ parameters
slope: 0.298 semiSat: 0.560 beta: 0.969 sigma: 0.218 
maxBOLD estimate = 1.487


Trial 63: qplus Stimulus Selection
Stimulus: 0.588
Output value 1.048

Q+ parameters
slope: 0.234 semiSat: 0.560 beta: 1.000 sigma: 0.218 
maxBOLD estimate = 1.441


Trial 64: qplus Stimulus Selection
Stimulus: 0.505
Output value 0.000

Q+ parameters
slope: 0.298 semiSat: 0.560 beta: 0.969 sigma: 0.218 
maxBOLD estimate = 1.441


Trial 65: maxBOLD Stimulus Selection
Stimulus: 1.000
Output value 1.618

Q+ parameters
slope: 0.298 semiSat: 0.560 beta: 1.062 sigma: 0.218 
maxBOLD estimate = 1.396


Trial 66: qplus Stimulus Selection
Stimulus: 0.505
Output value -0.131

Q+ parameters
slope: 0.298 semiSat: 0.560 beta: 0.969 sigma: 0.218 
maxBOLD estimate = 1.483


Trial 67: qplus Stimulus Selection
Stimulus: 0.546
Output value 1.306

Q+ parameters
slope: 0.234 semiSat: 0.560 beta: 1.000 sigma: 0.218 
maxBOLD estimate = 1.437


Trial 68: qplus Stimulus Selection
Stimulus: 0.505
Output value 0.506

Q+ parameters
slope: 0.183 semiSat: 0.560 beta: 0.969 sigma: 0.166 
maxBOLD estimate = 1.437


Trial 69: qplus Stimulus Selection
Stimulus: 0.505
Output value -0.269

Q+ parameters
slope: 0.298 semiSat: 0.560 beta: 1.062 sigma: 0.271 
maxBOLD estimate = 1.392


Trial 70: baseline Stimulus Selection
Stimulus: 0.010
Output value 0.403

Q+ parameters
slope: 0.234 semiSat: 0.560 beta: 1.000 sigma: 0.218 
maxBOLD estimate = 1.479


Trial 71: qplus Stimulus Selection
Stimulus: 0.588
Output value 1.076

Q+ parameters
slope: 0.234 semiSat: 0.560 beta: 1.000 sigma: 0.218 
maxBOLD estimate = 1.479


Trial 72: qplus Stimulus Selection
Stimulus: 0.546
Output value 0.260

Q+ parameters
slope: 0.298 semiSat: 0.560 beta: 0.969 sigma: 0.218 
maxBOLD estimate = 1.479


Trial 73: qplus Stimulus Selection
Stimulus: 0.670
Output value 1.612

Q+ parameters
slope: 0.234 semiSat: 0.560 beta: 1.031 sigma: 0.218 
maxBOLD estimate = 1.433


Trial 74: qplus Stimulus Selection
Stimulus: 0.505
Output value 1.570

Q+ parameters
slope: 0.113 semiSat: 0.560 beta: 1.062 sigma: 0.218 
maxBOLD estimate = 1.478


Trial 75: maxBOLD Stimulus Selection
Stimulus: 1.000
Output value 0.500

Q+ parameters
slope: 0.144 semiSat: 0.560 beta: 0.875 sigma: 0.166 
maxBOLD estimate = 1.570


Trial 76: qplus Stimulus Selection
Stimulus: 0.546
Output value 0.663

Q+ parameters
slope: 0.298 semiSat: 0.560 beta: 1.062 sigma: 0.218 
maxBOLD estimate = 1.374


Trial 77: qplus Stimulus Selection
Stimulus: 0.505
Output value 0.643

Q+ parameters
slope: 0.183 semiSat: 0.560 beta: 0.969 sigma: 0.166 
maxBOLD estimate = 1.459


Trial 78: qplus Stimulus Selection
Stimulus: 0.505
Output value 0.000

Q+ parameters
slope: 0.234 semiSat: 0.560 beta: 1.031 sigma: 0.218 
maxBOLD estimate = 1.414


Trial 79: qplus Stimulus Selection
Stimulus: 0.546
Output value 1.504

Q+ parameters
slope: 0.234 semiSat: 0.560 beta: 1.031 sigma: 0.218 
maxBOLD estimate = 1.458


Trial 80: baseline Stimulus Selection
Stimulus: 0.010
Output value 0.478

Q+ parameters
slope: 0.234 semiSat: 0.560 beta: 0.875 sigma: 0.218 
maxBOLD estimate = 1.504


Trial 81: qplus Stimulus Selection
Stimulus: 0.670
Output value 1.525

Q+ parameters
slope: 0.298 semiSat: 0.560 beta: 1.062 sigma: 0.218 
maxBOLD estimate = 1.316


Trial 82: qplus Stimulus Selection
Stimulus: 0.711
Output value 1.573

Q+ parameters
slope: 0.234 semiSat: 0.560 beta: 1.031 sigma: 0.218 
maxBOLD estimate = 1.398


Trial 83: qplus Stimulus Selection
Stimulus: 0.546
Output value 0.270

Q+ parameters
slope: 0.234 semiSat: 0.560 beta: 1.031 sigma: 0.218 
maxBOLD estimate = 1.442


Trial 84: qplus Stimulus Selection
Stimulus: 0.546
Output value 1.254

Q+ parameters
slope: 0.234 semiSat: 0.560 beta: 1.031 sigma: 0.218 
maxBOLD estimate = 1.487


Trial 85: maxBOLD Stimulus Selection
Stimulus: 1.000
Output value 0.976

Q+ parameters
slope: 0.234 semiSat: 0.560 beta: 0.875 sigma: 0.166 
maxBOLD estimate = 1.533


Trial 86: qplus Stimulus Selection
Stimulus: 0.670
Output value 1.509

Q+ parameters
slope: 0.234 semiSat: 0.560 beta: 1.031 sigma: 0.218 
maxBOLD estimate = 1.341


Trial 87: qplus Stimulus Selection
Stimulus: 0.505
Output value -0.259

Q+ parameters
slope: 0.234 semiSat: 0.560 beta: 1.031 sigma: 0.218 
maxBOLD estimate = 1.383


Trial 88: qplus Stimulus Selection
Stimulus: 0.546
Output value 1.337

Q+ parameters
slope: 0.234 semiSat: 0.560 beta: 1.031 sigma: 0.218 
maxBOLD estimate = 1.427


Trial 89: qplus Stimulus Selection
Stimulus: 0.670
Output value 1.103

Q+ parameters
slope: 0.234 semiSat: 0.560 beta: 1.031 sigma: 0.218 
maxBOLD estimate = 1.471


Trial 90: baseline Stimulus Selection
Stimulus: 0.010
Output value -0.284

Q+ parameters
slope: 0.234 semiSat: 0.560 beta: 1.031 sigma: 0.218 
maxBOLD estimate = 1.517


Trial 91: qplus Stimulus Selection
Stimulus: 0.670
Output value 0.498

Q+ parameters
slope: 0.234 semiSat: 0.560 beta: 0.875 sigma: 0.218 
maxBOLD estimate = 1.565


Trial 92: qplus Stimulus Selection
Stimulus: 0.670
Output value 1.027

Q+ parameters
slope: 0.234 semiSat: 0.560 beta: 1.031 sigma: 0.218 
maxBOLD estimate = 1.369


Trial 93: qplus Stimulus Selection
Stimulus: 0.670
Output value 1.324

Q+ parameters
slope: 0.234 semiSat: 0.560 beta: 1.031 sigma: 0.218 
maxBOLD estimate = 1.412


Trial 94: qplus Stimulus Selection
Stimulus: 0.670
Output value 1.638

Q+ parameters
slope: 0.234 semiSat: 0.560 beta: 1.031 sigma: 0.218 
maxBOLD estimate = 1.456


Trial 95: maxBOLD Stimulus Selection
Stimulus: 1.000
Output value 0.704

Q+ parameters
slope: 0.234 semiSat: 0.560 beta: 1.031 sigma: 0.218 
maxBOLD estimate = 1.501


Trial 96: qplus Stimulus Selection
Stimulus: 0.546
Output value 1.306

Q+ parameters
slope: 0.234 semiSat: 0.560 beta: 1.031 sigma: 0.218 
maxBOLD estimate = 1.548


Trial 97: qplus Stimulus Selection
Stimulus: 0.670
Output value 1.347

Q+ parameters
slope: 0.234 semiSat: 0.560 beta: 1.031 sigma: 0.218 
maxBOLD estimate = 1.597


Trial 98: qplus Stimulus Selection
Stimulus: 0.546
Output value 0.786

Q+ parameters
slope: 0.234 semiSat: 0.560 beta: 0.875 sigma: 0.166 
maxBOLD estimate = 1.647


Trial 99: qplus Stimulus Selection
Stimulus: 0.629
Output value 0.810

Q+ parameters
slope: 0.234 semiSat: 0.560 beta: 1.031 sigma: 0.218 
maxBOLD estimate = 1.441


Trial 100: baseline Stimulus Selection
Stimulus: 0.010
Output value -0.279

Q+ parameters
slope: 0.234 semiSat: 0.560 beta: 1.031 sigma: 0.218 
maxBOLD estimate = 1.486

--------------------------------------------------------------
FINAL VALUES
--------------------------------------------------------------
Simulated parameters:              slope: 0.200 semiSat: 0.570 beta: 1.000 sigma: 0.150 
Max posterior QUEST+ parameters:   slope: 0.234 semiSat: 0.560 beta: 1.031 sigma: 0.218 
Max BADS parameters:               slope: 0.242 semiSat: 0.559 beta: 1.000 sigma: 0.190 
maxBOLD estimate: 1.540
