/blue/stevenweisberg/stevenweisberg/MATLAB/projects/Weisberg_Aguirre_2020/scripts/run_sims
c0700a-s7.ufhpc
Tue Apr  6 17:27:05 EDT 2021
mkdir: cannot create directory ‘/blue/stevenweisberg/stevenweisberg/qpfMRIResults/model_parameter_set2/’: File exists
cp: cannot stat ‘/blue/stevenweisberg/stevenweisberg/qpfMRIResults/deploy_sim.sh’: No such file or directory
cp: cannot stat ‘/blue/stevenweisberg/stevenweisberg/qpfMRIResults/sim_wrapper.sh’: No such file or directory
------------------------------------------
Setting up environment variables
---
LD_LIBRARY_PATH is .:/apps/matlab/mcr/2020b/v99/runtime/glnxa64:/apps/matlab/mcr/2020b/v99/bin/glnxa64:/apps/matlab/mcr/2020b/v99/sys/os/glnxa64:/apps/matlab/mcr/2020b/v99/sys/opengl/lib/glnxa64
Warning: Executing startup failed in matlabrc.
This indicates a potentially serious problem in your MATLAB setup, which should be resolved as soon as possible.  Error detected was:
MATLAB:mpath:PathAlterationNotSupported
Modifying the search path is not supported by MATLAB Compiler. Remove functions that modify the search path from your MATLAB code. To make files visible to your deployed application, add the parent folder to your MATLAB session.
Warning: No stimulus domain specified. Defaulting to values between 0.01 and 1.
> In qpfmriParams (line 182)
In compiledSimulate (line 205)
Stimulus domain added from input.
Parameter slope specified as 0.20000
Parameter semiSat specified as 0.57000
Parameter beta specified as 1.00000
Parameter sigma specified as 0.15000
seed = 99seed = 104seed = 111seed = 111seed = 115seed = 101Initializing Q+. This may take a minute...
Elapsed time is 7.460185 seconds.
Simulated parameters:
slope: 0.200 semiSat: 0.570 beta: 1.000 sigma: 0.150 

Trial 1: baseline Stimulus Selection
Stimulus: 0.010
Output value 0.000

Q+ parameters
slope: 0.026 semiSat: 0.890 beta: 0.500 sigma: 0.010 
maxBOLD estimate = 1.000


Trial 2: maxBOLD Stimulus Selection
Stimulus: 1.000
Output value 1.364

Q+ parameters
slope: 0.055 semiSat: 0.670 beta: 1.250 sigma: 0.010 
maxBOLD estimate = 1.000


Trial 3: baseline Stimulus Selection
Stimulus: 0.010
Output value 0.000

Q+ parameters
slope: 0.055 semiSat: 0.670 beta: 1.250 sigma: 0.010 
maxBOLD estimate = 1.250


Trial 4: maxBOLD Stimulus Selection
Stimulus: 1.000
Output value 0.888

Q+ parameters
slope: 0.055 semiSat: 0.670 beta: 1.250 sigma: 0.583 
maxBOLD estimate = 1.562


Trial 5: baseline Stimulus Selection
Stimulus: 0.010
Output value -0.222

Q+ parameters
slope: 0.055 semiSat: 0.670 beta: 1.250 sigma: 0.114 
maxBOLD estimate = 1.953


Trial 6: maxBOLD Stimulus Selection
Stimulus: 1.000
Output value 1.290

Q+ parameters
slope: 0.043 semiSat: 0.780 beta: 0.969 sigma: 0.114 
maxBOLD estimate = 2.441


Trial 7: qplus Stimulus Selection
Stimulus: 0.588
Output value 0.215

Q+ parameters
slope: 0.070 semiSat: 0.890 beta: 1.000 sigma: 0.114 
maxBOLD estimate = 2.365


Trial 8: qplus Stimulus Selection
Stimulus: 0.835
Output value 1.451

Q+ parameters
slope: 0.089 semiSat: 0.560 beta: 0.750 sigma: 0.062 
maxBOLD estimate = 2.365


Trial 9: qplus Stimulus Selection
Stimulus: 0.505
Output value 0.282

Q+ parameters
slope: 0.113 semiSat: 0.560 beta: 0.875 sigma: 0.114 
maxBOLD estimate = 1.774


Trial 10: baseline Stimulus Selection
Stimulus: 0.010
Output value -0.423

Q+ parameters
slope: 0.144 semiSat: 0.560 beta: 1.500 sigma: 0.114 
maxBOLD estimate = 1.552


Trial 11: qplus Stimulus Selection
Stimulus: 0.381
Output value 0.159

Q+ parameters
slope: 0.070 semiSat: 0.560 beta: 0.750 sigma: 0.114 
maxBOLD estimate = 2.328


Trial 12: qplus Stimulus Selection
Stimulus: 0.711
Output value 0.843

Q+ parameters
slope: 0.055 semiSat: 0.670 beta: 1.062 sigma: 0.114 
maxBOLD estimate = 1.746


Trial 13: qplus Stimulus Selection
Stimulus: 0.505
Output value 0.632

Q+ parameters
slope: 0.070 semiSat: 0.560 beta: 0.938 sigma: 0.114 
maxBOLD estimate = 1.855


Trial 14: qplus Stimulus Selection
Stimulus: 0.629
Output value 1.631

Q+ parameters
slope: 0.379 semiSat: 0.560 beta: 0.938 sigma: 0.114 
maxBOLD estimate = 1.739


Trial 15: maxBOLD Stimulus Selection
Stimulus: 1.000
Output value 2.668

Q+ parameters
slope: 0.183 semiSat: 0.560 beta: 1.500 sigma: 0.166 
maxBOLD estimate = 1.631


Trial 16: qplus Stimulus Selection
Stimulus: 0.505
Output value 0.000

Q+ parameters
slope: 0.379 semiSat: 0.560 beta: 0.750 sigma: 0.114 
maxBOLD estimate = 2.446


Trial 17: qplus Stimulus Selection
Stimulus: 0.629
Output value 1.334

Q+ parameters
slope: 0.070 semiSat: 0.560 beta: 1.000 sigma: 0.114 
maxBOLD estimate = 1.834


Trial 18: qplus Stimulus Selection
Stimulus: 0.505
Output value -0.162

Q+ parameters
slope: 0.234 semiSat: 0.560 beta: 0.969 sigma: 0.166 
maxBOLD estimate = 1.834


Trial 19: qplus Stimulus Selection
Stimulus: 0.588
Output value 0.626

Q+ parameters
slope: 0.144 semiSat: 0.560 beta: 0.969 sigma: 0.114 
maxBOLD estimate = 1.777


Trial 20: baseline Stimulus Selection
Stimulus: 0.010
Output value 0.000

Q+ parameters
slope: 0.183 semiSat: 0.560 beta: 1.000 sigma: 0.114 
maxBOLD estimate = 1.722


Trial 21: qplus Stimulus Selection
Stimulus: 0.505
Output value 1.164

Q+ parameters
slope: 0.144 semiSat: 0.560 beta: 1.062 sigma: 0.166 
maxBOLD estimate = 1.722


Trial 22: qplus Stimulus Selection
Stimulus: 0.505
Output value 0.146

Q+ parameters
slope: 0.113 semiSat: 0.560 beta: 0.875 sigma: 0.114 
maxBOLD estimate = 1.829


Trial 23: qplus Stimulus Selection
Stimulus: 0.588
Output value 2.619

Q+ parameters
slope: 0.298 semiSat: 0.560 beta: 1.500 sigma: 0.166 
maxBOLD estimate = 1.601


Trial 24: qplus Stimulus Selection
Stimulus: 0.546
Output value 0.164

Q+ parameters
slope: 0.234 semiSat: 0.560 beta: 0.750 sigma: 0.114 
maxBOLD estimate = 2.401


Trial 25: maxBOLD Stimulus Selection
Stimulus: 1.000
Output value 1.913

Q+ parameters
slope: 0.144 semiSat: 0.560 beta: 1.062 sigma: 0.166 
maxBOLD estimate = 1.801


Trial 26: qplus Stimulus Selection
Stimulus: 0.505
Output value 0.457

Q+ parameters
slope: 0.113 semiSat: 0.560 beta: 0.875 sigma: 0.114 
maxBOLD estimate = 1.913


Trial 27: qplus Stimulus Selection
Stimulus: 0.670
Output value 2.283

Q+ parameters
slope: 0.234 semiSat: 0.560 beta: 1.250 sigma: 0.166 
maxBOLD estimate = 1.674


Trial 28: qplus Stimulus Selection
Stimulus: 0.588
Output value 0.333

Q+ parameters
slope: 0.113 semiSat: 0.560 beta: 0.875 sigma: 0.114 
maxBOLD estimate = 2.092


Trial 29: qplus Stimulus Selection
Stimulus: 0.629
Output value 1.831

Q+ parameters
slope: 0.183 semiSat: 0.560 beta: 1.000 sigma: 0.166 
maxBOLD estimate = 1.831


Trial 30: baseline Stimulus Selection
Stimulus: 0.010
Output value 0.000

Q+ parameters
slope: 0.144 semiSat: 0.560 beta: 0.938 sigma: 0.114 
maxBOLD estimate = 1.831


Trial 31: qplus Stimulus Selection
Stimulus: 0.670
Output value 0.497

Q+ parameters
slope: 0.089 semiSat: 0.560 beta: 1.062 sigma: 0.166 
maxBOLD estimate = 1.716


Trial 32: qplus Stimulus Selection
Stimulus: 0.423
Output value -0.311

Q+ parameters
slope: 0.144 semiSat: 0.560 beta: 0.938 sigma: 0.114 
maxBOLD estimate = 1.824


Trial 33: qplus Stimulus Selection
Stimulus: 0.505
Output value 1.817

Q+ parameters
slope: 0.144 semiSat: 0.560 beta: 1.062 sigma: 0.166 
maxBOLD estimate = 1.710


Trial 34: qplus Stimulus Selection
Stimulus: 0.629
Output value -0.351

Q+ parameters
slope: 0.055 semiSat: 0.670 beta: 1.062 sigma: 0.166 
maxBOLD estimate = 1.817


Trial 35: maxBOLD Stimulus Selection
Stimulus: 1.000
Output value 1.842

Q+ parameters
slope: 0.144 semiSat: 0.560 beta: 0.875 sigma: 0.114 
maxBOLD estimate = 1.930


Trial 36: qplus Stimulus Selection
Stimulus: 0.670
Output value 1.794

Q+ parameters
slope: 0.144 semiSat: 0.560 beta: 1.062 sigma: 0.166 
maxBOLD estimate = 1.689


Trial 37: qplus Stimulus Selection
Stimulus: 0.505
Output value 1.580

Q+ parameters
slope: 0.113 semiSat: 0.560 beta: 0.969 sigma: 0.166 
maxBOLD estimate = 1.794


Trial 38: qplus Stimulus Selection
Stimulus: 0.423
Output value -0.316

Q+ parameters
slope: 0.144 semiSat: 0.560 beta: 1.000 sigma: 0.166 
maxBOLD estimate = 1.738


Trial 39: qplus Stimulus Selection
Stimulus: 0.505
Output value 0.790

Q+ parameters
slope: 0.144 semiSat: 0.560 beta: 1.000 sigma: 0.166 
maxBOLD estimate = 1.738


Trial 40: baseline Stimulus Selection
Stimulus: 0.010
Output value -0.336

Q+ parameters
slope: 0.144 semiSat: 0.560 beta: 1.062 sigma: 0.166 
maxBOLD estimate = 1.738


Trial 41: qplus Stimulus Selection
Stimulus: 0.423
Output value 0.000

Q+ parameters
slope: 0.144 semiSat: 0.560 beta: 0.875 sigma: 0.114 
maxBOLD estimate = 1.847


Trial 42: qplus Stimulus Selection
Stimulus: 0.670
Output value 1.405

Q+ parameters
slope: 0.144 semiSat: 0.560 beta: 1.062 sigma: 0.166 
maxBOLD estimate = 1.616


Trial 43: qplus Stimulus Selection
Stimulus: 0.629
Output value 1.493

Q+ parameters
slope: 0.144 semiSat: 0.560 beta: 1.062 sigma: 0.166 
maxBOLD estimate = 1.717


Trial 44: qplus Stimulus Selection
Stimulus: 0.505
Output value 0.684

Q+ parameters
slope: 0.144 semiSat: 0.560 beta: 1.031 sigma: 0.166 
maxBOLD estimate = 1.824


Trial 45: maxBOLD Stimulus Selection
Stimulus: 1.000
Output value 2.053

Q+ parameters
slope: 0.144 semiSat: 0.560 beta: 1.000 sigma: 0.166 
maxBOLD estimate = 1.881


Trial 46: qplus Stimulus Selection
Stimulus: 0.629
Output value 0.449

Q+ parameters
slope: 0.144 semiSat: 0.560 beta: 0.875 sigma: 0.166 
maxBOLD estimate = 1.881


Trial 47: qplus Stimulus Selection
Stimulus: 0.670
Output value 1.908

Q+ parameters
slope: 0.234 semiSat: 0.560 beta: 1.062 sigma: 0.166 
maxBOLD estimate = 1.646


Trial 48: qplus Stimulus Selection
Stimulus: 0.505
Output value -0.159

Q+ parameters
slope: 0.144 semiSat: 0.560 beta: 1.000 sigma: 0.166 
maxBOLD estimate = 1.749


Trial 49: qplus Stimulus Selection
Stimulus: 0.505
Output value -0.318

Q+ parameters
slope: 0.144 semiSat: 0.560 beta: 1.000 sigma: 0.166 
maxBOLD estimate = 1.749


Trial 50: baseline Stimulus Selection
Stimulus: 0.010
Output value -0.318

Q+ parameters
slope: 0.144 semiSat: 0.560 beta: 1.000 sigma: 0.166 
maxBOLD estimate = 1.749


Trial 51: qplus Stimulus Selection
Stimulus: 0.505
Output value -0.308

Q+ parameters
slope: 0.234 semiSat: 0.560 beta: 0.969 sigma: 0.166 
maxBOLD estimate = 1.749


Trial 52: qplus Stimulus Selection
Stimulus: 0.546
Output value 0.000

Q+ parameters
slope: 0.234 semiSat: 0.560 beta: 0.969 sigma: 0.166 
maxBOLD estimate = 1.695


Trial 53: qplus Stimulus Selection
Stimulus: 0.546
Output value 0.634

Q+ parameters
slope: 0.234 semiSat: 0.560 beta: 1.062 sigma: 0.166 
maxBOLD estimate = 1.642


Trial 54: qplus Stimulus Selection
Stimulus: 0.546
Output value 0.000

Q+ parameters
slope: 0.234 semiSat: 0.560 beta: 0.969 sigma: 0.166 
maxBOLD estimate = 1.744


Trial 55: maxBOLD Stimulus Selection
Stimulus: 1.000
Output value 1.786

Q+ parameters
slope: 0.234 semiSat: 0.560 beta: 0.969 sigma: 0.166 
maxBOLD estimate = 1.690


Trial 56: qplus Stimulus Selection
Stimulus: 0.546
Output value 1.107

Q+ parameters
slope: 0.234 semiSat: 0.560 beta: 1.062 sigma: 0.166 
maxBOLD estimate = 1.637


Trial 57: qplus Stimulus Selection
Stimulus: 0.505
Output value 0.766

Q+ parameters
slope: 0.234 semiSat: 0.560 beta: 0.969 sigma: 0.166 
maxBOLD estimate = 1.739


Trial 58: qplus Stimulus Selection
Stimulus: 0.505
Output value -0.297

Q+ parameters
slope: 0.234 semiSat: 0.560 beta: 0.969 sigma: 0.166 
maxBOLD estimate = 1.685


Trial 59: qplus Stimulus Selection
Stimulus: 0.546
Output value 0.946

Q+ parameters
slope: 0.234 semiSat: 0.560 beta: 1.062 sigma: 0.166 
maxBOLD estimate = 1.632


Trial 60: baseline Stimulus Selection
Stimulus: 0.010
Output value 0.000

Q+ parameters
slope: 0.234 semiSat: 0.560 beta: 0.969 sigma: 0.166 
maxBOLD estimate = 1.734


Trial 61: qplus Stimulus Selection
Stimulus: 0.546
Output value -0.148

Q+ parameters
slope: 0.234 semiSat: 0.560 beta: 0.969 sigma: 0.166 
maxBOLD estimate = 1.680


Trial 62: qplus Stimulus Selection
Stimulus: 0.546
Output value -0.314

Q+ parameters
slope: 0.234 semiSat: 0.560 beta: 1.062 sigma: 0.166 
maxBOLD estimate = 1.627


Trial 63: qplus Stimulus Selection
Stimulus: 0.505
Output value -0.305

Q+ parameters
slope: 0.234 semiSat: 0.560 beta: 0.969 sigma: 0.166 
maxBOLD estimate = 1.729


Trial 64: qplus Stimulus Selection
Stimulus: 0.588
Output value 0.000

Q+ parameters
slope: 0.234 semiSat: 0.560 beta: 0.969 sigma: 0.166 
maxBOLD estimate = 1.675


Trial 65: maxBOLD Stimulus Selection
Stimulus: 1.000
Output value 1.572

Q+ parameters
slope: 0.234 semiSat: 0.560 beta: 0.969 sigma: 0.166 
maxBOLD estimate = 1.623


Trial 66: qplus Stimulus Selection
Stimulus: 0.505
Output value 0.304

Q+ parameters
slope: 0.234 semiSat: 0.560 beta: 1.062 sigma: 0.166 
maxBOLD estimate = 1.572


Trial 67: qplus Stimulus Selection
Stimulus: 0.505
Output value 0.294

Q+ parameters
slope: 0.234 semiSat: 0.560 beta: 0.969 sigma: 0.166 
maxBOLD estimate = 1.670


Trial 68: qplus Stimulus Selection
Stimulus: 0.546
Output value 0.998

Q+ parameters
slope: 0.234 semiSat: 0.560 beta: 0.969 sigma: 0.166 
maxBOLD estimate = 1.618


Trial 69: qplus Stimulus Selection
Stimulus: 0.505
Output value 0.000

Q+ parameters
slope: 0.234 semiSat: 0.560 beta: 1.062 sigma: 0.166 
maxBOLD estimate = 1.568


Trial 70: baseline Stimulus Selection
Stimulus: 0.010
Output value 0.000

Q+ parameters
slope: 0.234 semiSat: 0.560 beta: 0.969 sigma: 0.166 
maxBOLD estimate = 1.666


Trial 71: qplus Stimulus Selection
Stimulus: 0.546
Output value 0.995

Q+ parameters
slope: 0.234 semiSat: 0.560 beta: 0.969 sigma: 0.166 
maxBOLD estimate = 1.614


Trial 72: qplus Stimulus Selection
Stimulus: 0.505
Output value 0.755

Q+ parameters
slope: 0.234 semiSat: 0.560 beta: 1.062 sigma: 0.166 
maxBOLD estimate = 1.563


Trial 73: qplus Stimulus Selection
Stimulus: 0.505
Output value 0.146

Q+ parameters
slope: 0.234 semiSat: 0.560 beta: 0.969 sigma: 0.166 
maxBOLD estimate = 1.661


Trial 74: qplus Stimulus Selection
Stimulus: 0.546
Output value 1.554

Q+ parameters
slope: 0.234 semiSat: 0.560 beta: 1.062 sigma: 0.166 
maxBOLD estimate = 1.609


Trial 75: maxBOLD Stimulus Selection
Stimulus: 1.000
Output value 0.903

Q+ parameters
slope: 0.234 semiSat: 0.560 beta: 0.969 sigma: 0.166 
maxBOLD estimate = 1.709


Trial 76: qplus Stimulus Selection
Stimulus: 0.670
Output value 0.452

Q+ parameters
slope: 0.144 semiSat: 0.560 beta: 1.000 sigma: 0.166 
maxBOLD estimate = 1.656


Trial 77: qplus Stimulus Selection
Stimulus: 0.505
Output value -0.146

Q+ parameters
slope: 0.234 semiSat: 0.560 beta: 0.969 sigma: 0.166 
maxBOLD estimate = 1.656


Trial 78: qplus Stimulus Selection
Stimulus: 0.546
Output value 0.000

Q+ parameters
slope: 0.234 semiSat: 0.560 beta: 0.969 sigma: 0.166 
maxBOLD estimate = 1.604


Trial 79: qplus Stimulus Selection
Stimulus: 0.546
Output value -0.300

Q+ parameters
slope: 0.234 semiSat: 0.560 beta: 1.062 sigma: 0.218 
maxBOLD estimate = 1.554


Trial 80: baseline Stimulus Selection
Stimulus: 0.010
Output value -0.319

Q+ parameters
slope: 0.234 semiSat: 0.560 beta: 1.062 sigma: 0.166 
maxBOLD estimate = 1.651


Trial 81: qplus Stimulus Selection
Stimulus: 0.505
Output value 0.478

Q+ parameters
slope: 0.144 semiSat: 0.560 beta: 1.000 sigma: 0.166 
maxBOLD estimate = 1.754


Trial 82: qplus Stimulus Selection
Stimulus: 0.629
Output value 1.700

Q+ parameters
slope: 0.234 semiSat: 0.560 beta: 0.969 sigma: 0.166 
maxBOLD estimate = 1.754


Trial 83: qplus Stimulus Selection
Stimulus: 0.505
Output value 0.328

Q+ parameters
slope: 0.234 semiSat: 0.560 beta: 1.062 sigma: 0.166 
maxBOLD estimate = 1.700


Trial 84: qplus Stimulus Selection
Stimulus: 0.588
Output value 0.287

Q+ parameters
slope: 0.234 semiSat: 0.560 beta: 0.875 sigma: 0.166 
maxBOLD estimate = 1.806


Trial 85: maxBOLD Stimulus Selection
Stimulus: 1.000
Output value 1.832

Q+ parameters
slope: 0.234 semiSat: 0.560 beta: 1.062 sigma: 0.166 
maxBOLD estimate = 1.580


Trial 86: qplus Stimulus Selection
Stimulus: 0.505
Output value 0.811

Q+ parameters
slope: 0.183 semiSat: 0.560 beta: 1.062 sigma: 0.166 
maxBOLD estimate = 1.679


Trial 87: qplus Stimulus Selection
Stimulus: 0.588
Output value -0.487

Q+ parameters
slope: 0.089 semiSat: 0.670 beta: 1.500 sigma: 0.166 
maxBOLD estimate = 1.784


Trial 88: qplus Stimulus Selection
Stimulus: 0.753
Output value 2.007

Q+ parameters
slope: 0.234 semiSat: 0.560 beta: 0.750 sigma: 0.114 
maxBOLD estimate = 2.676


Trial 89: qplus Stimulus Selection
Stimulus: 0.670
Output value 1.916

Q+ parameters
slope: 0.234 semiSat: 0.560 beta: 0.875 sigma: 0.166 
maxBOLD estimate = 2.007


Trial 90: baseline Stimulus Selection
Stimulus: 0.010
Output value -0.339

Q+ parameters
slope: 0.234 semiSat: 0.560 beta: 1.062 sigma: 0.166 
maxBOLD estimate = 1.756


Trial 91: qplus Stimulus Selection
Stimulus: 0.711
Output value 1.972

Q+ parameters
slope: 0.234 semiSat: 0.560 beta: 0.969 sigma: 0.166 
maxBOLD estimate = 1.866


Trial 92: qplus Stimulus Selection
Stimulus: 0.711
Output value 1.592

Q+ parameters
slope: 0.234 semiSat: 0.560 beta: 0.969 sigma: 0.166 
maxBOLD estimate = 1.807


Trial 93: qplus Stimulus Selection
Stimulus: 0.711
Output value 1.542

Q+ parameters
slope: 0.298 semiSat: 0.560 beta: 0.969 sigma: 0.166 
maxBOLD estimate = 1.751


Trial 94: qplus Stimulus Selection
Stimulus: 0.505
Output value 0.819

Q+ parameters
slope: 0.183 semiSat: 0.560 beta: 1.062 sigma: 0.166 
maxBOLD estimate = 1.696


Trial 95: maxBOLD Stimulus Selection
Stimulus: 1.000
Output value 0.952

Q+ parameters
slope: 0.234 semiSat: 0.560 beta: 0.969 sigma: 0.166 
maxBOLD estimate = 1.802


Trial 96: qplus Stimulus Selection
Stimulus: 0.711
Output value 1.691

Q+ parameters
slope: 0.298 semiSat: 0.560 beta: 0.969 sigma: 0.166 
maxBOLD estimate = 1.746


Trial 97: qplus Stimulus Selection
Stimulus: 0.546
Output value 0.149

Q+ parameters
slope: 0.298 semiSat: 0.560 beta: 0.969 sigma: 0.166 
maxBOLD estimate = 1.691


Trial 98: qplus Stimulus Selection
Stimulus: 0.505
Output value 0.168

Q+ parameters
slope: 0.234 semiSat: 0.560 beta: 1.125 sigma: 0.166 
maxBOLD estimate = 1.639


Trial 99: qplus Stimulus Selection
Stimulus: 0.588
Output value 0.974

Q+ parameters
slope: 0.298 semiSat: 0.560 beta: 0.969 sigma: 0.166 
maxBOLD estimate = 1.843


Trial 100: baseline Stimulus Selection
Stimulus: 0.010
Output value 0.000

Q+ parameters
slope: 0.298 semiSat: 0.560 beta: 0.969 sigma: 0.166 
maxBOLD estimate = 1.786

--------------------------------------------------------------
FINAL VALUES
--------------------------------------------------------------
Simulated parameters:              slope: 0.200 semiSat: 0.570 beta: 1.000 sigma: 0.150 
Max posterior QUEST+ parameters:   slope: 0.298 semiSat: 0.560 beta: 0.969 sigma: 0.166 
Max BADS parameters:               slope: 0.282 semiSat: 0.565 beta: 1.000 sigma: 0.169 
maxBOLD estimate: 1.726
