/blue/stevenweisberg/stevenweisberg/MATLAB/projects/Weisberg_Aguirre_2020/scripts/run_sims
c0700a-s2.ufhpc
Wed Apr  7 03:02:39 EDT 2021
mkdir: cannot create directory ‘/blue/stevenweisberg/stevenweisberg/qpfMRIResults/model_parameter_set2/’: File exists
cp: cannot stat ‘/blue/stevenweisberg/stevenweisberg/qpfMRIResults/deploy_sim.sh’: No such file or directory
cp: cannot stat ‘/blue/stevenweisberg/stevenweisberg/qpfMRIResults/sim_wrapper.sh’: No such file or directory
------------------------------------------
Setting up environment variables
---
LD_LIBRARY_PATH is .:/apps/matlab/mcr/2020b/v99/runtime/glnxa64:/apps/matlab/mcr/2020b/v99/bin/glnxa64:/apps/matlab/mcr/2020b/v99/sys/os/glnxa64:/apps/matlab/mcr/2020b/v99/sys/opengl/lib/glnxa64
Warning: Executing startup failed in matlabrc.
This indicates a potentially serious problem in your MATLAB setup, which should be resolved as soon as possible.  Error detected was:
MATLAB:mpath:PathAlterationNotSupported
Modifying the search path is not supported by MATLAB Compiler. Remove functions that modify the search path from your MATLAB code. To make files visible to your deployed application, add the parent folder to your MATLAB session.
Warning: No stimulus domain specified. Defaulting to values between 0.01 and 1.
> In qpfmriParams (line 182)
In compiledSimulate (line 205)
Stimulus domain added from input.
Parameter slope specified as 0.20000
Parameter semiSat specified as 0.57000
Parameter beta specified as 1.00000
Parameter sigma specified as 0.15000
seed = 99seed = 104seed = 111seed = 111seed = 115seed = 101Initializing Q+. This may take a minute...
Elapsed time is 7.798485 seconds.
Simulated parameters:
slope: 0.200 semiSat: 0.570 beta: 1.000 sigma: 0.150 

Trial 1: baseline Stimulus Selection
Stimulus: 0.010
Output value 0.000

Q+ parameters
slope: 0.026 semiSat: 0.890 beta: 0.500 sigma: 0.010 
maxBOLD estimate = 1.000


Trial 2: maxBOLD Stimulus Selection
Stimulus: 1.000
Output value 1.364

Q+ parameters
slope: 0.055 semiSat: 0.670 beta: 1.250 sigma: 0.010 
maxBOLD estimate = 1.000


Trial 3: baseline Stimulus Selection
Stimulus: 0.010
Output value -0.284

Q+ parameters
slope: 0.055 semiSat: 0.670 beta: 1.250 sigma: 0.166 
maxBOLD estimate = 1.250


Trial 4: maxBOLD Stimulus Selection
Stimulus: 1.000
Output value 2.131

Q+ parameters
slope: 0.055 semiSat: 0.670 beta: 1.250 sigma: 0.062 
maxBOLD estimate = 1.562


Trial 5: baseline Stimulus Selection
Stimulus: 0.010
Output value 0.400

Q+ parameters
slope: 0.043 semiSat: 0.780 beta: 1.125 sigma: 0.114 
maxBOLD estimate = 1.953


Trial 6: maxBOLD Stimulus Selection
Stimulus: 1.000
Output value 1.548

Q+ parameters
slope: 0.043 semiSat: 0.780 beta: 0.969 sigma: 0.114 
maxBOLD estimate = 2.197


Trial 7: qplus Stimulus Selection
Stimulus: 0.588
Output value 1.016

Q+ parameters
slope: 0.089 semiSat: 0.340 beta: 0.750 sigma: 0.114 
maxBOLD estimate = 2.129


Trial 8: qplus Stimulus Selection
Stimulus: 0.505
Output value 0.435

Q+ parameters
slope: 0.144 semiSat: 0.560 beta: 1.000 sigma: 0.114 
maxBOLD estimate = 1.596


Trial 9: qplus Stimulus Selection
Stimulus: 0.629
Output value 1.469

Q+ parameters
slope: 0.070 semiSat: 0.560 beta: 1.125 sigma: 0.114 
maxBOLD estimate = 1.596


Trial 10: baseline Stimulus Selection
Stimulus: 0.010
Output value -0.490

Q+ parameters
slope: 0.089 semiSat: 0.560 beta: 1.500 sigma: 0.166 
maxBOLD estimate = 1.796


Trial 11: qplus Stimulus Selection
Stimulus: 0.381
Output value 0.000

Q+ parameters
slope: 0.113 semiSat: 0.560 beta: 0.750 sigma: 0.114 
maxBOLD estimate = 2.694


Trial 12: qplus Stimulus Selection
Stimulus: 0.711
Output value 1.653

Q+ parameters
slope: 0.113 semiSat: 0.560 beta: 1.000 sigma: 0.114 
maxBOLD estimate = 2.021


Trial 13: qplus Stimulus Selection
Stimulus: 0.505
Output value 0.735

Q+ parameters
slope: 0.113 semiSat: 0.560 beta: 1.000 sigma: 0.114 
maxBOLD estimate = 2.021


Trial 14: qplus Stimulus Selection
Stimulus: 0.464
Output value 0.551

Q+ parameters
slope: 0.113 semiSat: 0.560 beta: 1.000 sigma: 0.114 
maxBOLD estimate = 2.021


Trial 15: maxBOLD Stimulus Selection
Stimulus: 1.000
Output value 1.601

Q+ parameters
slope: 0.070 semiSat: 0.560 beta: 0.969 sigma: 0.114 
maxBOLD estimate = 2.021


Trial 16: qplus Stimulus Selection
Stimulus: 0.464
Output value 0.534

Q+ parameters
slope: 0.113 semiSat: 0.560 beta: 1.000 sigma: 0.114 
maxBOLD estimate = 1.957


Trial 17: qplus Stimulus Selection
Stimulus: 0.464
Output value 1.601

Q+ parameters
slope: 0.089 semiSat: 0.560 beta: 1.125 sigma: 0.114 
maxBOLD estimate = 1.957


Trial 18: qplus Stimulus Selection
Stimulus: 0.505
Output value 0.388

Q+ parameters
slope: 0.070 semiSat: 0.560 beta: 0.969 sigma: 0.114 
maxBOLD estimate = 2.202


Trial 19: qplus Stimulus Selection
Stimulus: 0.670
Output value 1.315

Q+ parameters
slope: 0.070 semiSat: 0.560 beta: 0.969 sigma: 0.114 
maxBOLD estimate = 2.133


Trial 20: baseline Stimulus Selection
Stimulus: 0.010
Output value 0.658

Q+ parameters
slope: 0.113 semiSat: 0.560 beta: 0.875 sigma: 0.114 
maxBOLD estimate = 2.067


Trial 21: qplus Stimulus Selection
Stimulus: 0.629
Output value 2.260

Q+ parameters
slope: 0.144 semiSat: 0.560 beta: 1.250 sigma: 0.166 
maxBOLD estimate = 1.808


Trial 22: qplus Stimulus Selection
Stimulus: 0.505
Output value 0.616

Q+ parameters
slope: 0.144 semiSat: 0.560 beta: 0.750 sigma: 0.114 
maxBOLD estimate = 2.260


Trial 23: qplus Stimulus Selection
Stimulus: 0.711
Output value 1.560

Q+ parameters
slope: 0.113 semiSat: 0.560 beta: 1.125 sigma: 0.114 
maxBOLD estimate = 1.695


Trial 24: qplus Stimulus Selection
Stimulus: 0.505
Output value -0.163

Q+ parameters
slope: 0.144 semiSat: 0.560 beta: 0.938 sigma: 0.114 
maxBOLD estimate = 1.907


Trial 25: maxBOLD Stimulus Selection
Stimulus: 1.000
Output value 1.950

Q+ parameters
slope: 0.113 semiSat: 0.560 beta: 1.000 sigma: 0.114 
maxBOLD estimate = 1.788


Trial 26: qplus Stimulus Selection
Stimulus: 0.588
Output value 0.975

Q+ parameters
slope: 0.113 semiSat: 0.560 beta: 1.000 sigma: 0.114 
maxBOLD estimate = 1.788


Trial 27: qplus Stimulus Selection
Stimulus: 0.588
Output value 0.650

Q+ parameters
slope: 0.113 semiSat: 0.560 beta: 1.000 sigma: 0.114 
maxBOLD estimate = 1.788


Trial 28: qplus Stimulus Selection
Stimulus: 0.629
Output value 0.000

Q+ parameters
slope: 0.070 semiSat: 0.670 beta: 1.250 sigma: 0.166 
maxBOLD estimate = 1.788


Trial 29: qplus Stimulus Selection
Stimulus: 0.588
Output value 1.016

Q+ parameters
slope: 0.055 semiSat: 0.670 beta: 1.000 sigma: 0.114 
maxBOLD estimate = 2.235


Trial 30: baseline Stimulus Selection
Stimulus: 0.010
Output value -0.356

Q+ parameters
slope: 0.070 semiSat: 0.560 beta: 0.875 sigma: 0.114 
maxBOLD estimate = 2.235


Trial 31: qplus Stimulus Selection
Stimulus: 0.711
Output value 3.200

Q+ parameters
slope: 0.089 semiSat: 0.670 beta: 1.500 sigma: 0.166 
maxBOLD estimate = 1.956


Trial 32: qplus Stimulus Selection
Stimulus: 0.629
Output value 0.800

Q+ parameters
slope: 0.055 semiSat: 0.670 beta: 0.750 sigma: 0.114 
maxBOLD estimate = 2.933


Trial 33: qplus Stimulus Selection
Stimulus: 0.959
Output value 2.100

Q+ parameters
slope: 0.089 semiSat: 0.560 beta: 0.875 sigma: 0.114 
maxBOLD estimate = 2.200


Trial 34: qplus Stimulus Selection
Stimulus: 0.711
Output value 1.400

Q+ parameters
slope: 0.113 semiSat: 0.560 beta: 1.000 sigma: 0.166 
maxBOLD estimate = 1.925


Trial 35: maxBOLD Stimulus Selection
Stimulus: 1.000
Output value 0.306

Q+ parameters
slope: 0.089 semiSat: 0.560 beta: 0.875 sigma: 0.166 
maxBOLD estimate = 1.925


Trial 36: qplus Stimulus Selection
Stimulus: 0.423
Output value -0.325

Q+ parameters
slope: 0.183 semiSat: 0.560 beta: 1.062 sigma: 0.166 
maxBOLD estimate = 1.684


Trial 37: qplus Stimulus Selection
Stimulus: 0.505
Output value 0.473

Q+ parameters
slope: 0.144 semiSat: 0.560 beta: 0.969 sigma: 0.166 
maxBOLD estimate = 1.790


Trial 38: qplus Stimulus Selection
Stimulus: 0.588
Output value 0.763

Q+ parameters
slope: 0.144 semiSat: 0.560 beta: 0.969 sigma: 0.166 
maxBOLD estimate = 1.734


Trial 39: qplus Stimulus Selection
Stimulus: 0.588
Output value 2.099

Q+ parameters
slope: 0.144 semiSat: 0.560 beta: 1.250 sigma: 0.218 
maxBOLD estimate = 1.680


Trial 40: baseline Stimulus Selection
Stimulus: 0.010
Output value 0.286

Q+ parameters
slope: 0.234 semiSat: 0.560 beta: 0.750 sigma: 0.114 
maxBOLD estimate = 2.099


Trial 41: qplus Stimulus Selection
Stimulus: 0.670
Output value 2.147

Q+ parameters
slope: 0.144 semiSat: 0.560 beta: 1.250 sigma: 0.218 
maxBOLD estimate = 1.575


Trial 42: qplus Stimulus Selection
Stimulus: 0.505
Output value -0.168

Q+ parameters
slope: 0.144 semiSat: 0.560 beta: 0.938 sigma: 0.166 
maxBOLD estimate = 1.968


Trial 43: qplus Stimulus Selection
Stimulus: 0.629
Output value 1.950

Q+ parameters
slope: 0.144 semiSat: 0.560 beta: 0.969 sigma: 0.166 
maxBOLD estimate = 1.845


Trial 44: qplus Stimulus Selection
Stimulus: 0.505
Output value 0.945

Q+ parameters
slope: 0.144 semiSat: 0.560 beta: 0.969 sigma: 0.166 
maxBOLD estimate = 1.788


Trial 45: maxBOLD Stimulus Selection
Stimulus: 1.000
Output value 1.299

Q+ parameters
slope: 0.183 semiSat: 0.560 beta: 1.031 sigma: 0.166 
maxBOLD estimate = 1.732


Trial 46: qplus Stimulus Selection
Stimulus: 0.505
Output value 0.629

Q+ parameters
slope: 0.144 semiSat: 0.560 beta: 0.969 sigma: 0.166 
maxBOLD estimate = 1.786


Trial 47: qplus Stimulus Selection
Stimulus: 0.505
Output value 0.973

Q+ parameters
slope: 0.183 semiSat: 0.560 beta: 1.031 sigma: 0.166 
maxBOLD estimate = 1.730


Trial 48: qplus Stimulus Selection
Stimulus: 0.505
Output value 0.314

Q+ parameters
slope: 0.144 semiSat: 0.560 beta: 0.969 sigma: 0.166 
maxBOLD estimate = 1.784


Trial 49: qplus Stimulus Selection
Stimulus: 0.588
Output value 1.065

Q+ parameters
slope: 0.144 semiSat: 0.560 beta: 0.969 sigma: 0.166 
maxBOLD estimate = 1.728


Trial 50: baseline Stimulus Selection
Stimulus: 0.010
Output value 0.314

Q+ parameters
slope: 0.183 semiSat: 0.560 beta: 1.031 sigma: 0.166 
maxBOLD estimate = 1.674


Trial 51: qplus Stimulus Selection
Stimulus: 0.505
Output value -0.162

Q+ parameters
slope: 0.183 semiSat: 0.560 beta: 1.031 sigma: 0.166 
maxBOLD estimate = 1.727


Trial 52: qplus Stimulus Selection
Stimulus: 0.505
Output value 0.627

Q+ parameters
slope: 0.144 semiSat: 0.560 beta: 0.969 sigma: 0.166 
maxBOLD estimate = 1.781


Trial 53: qplus Stimulus Selection
Stimulus: 0.588
Output value 1.294

Q+ parameters
slope: 0.183 semiSat: 0.560 beta: 1.031 sigma: 0.166 
maxBOLD estimate = 1.725


Trial 54: qplus Stimulus Selection
Stimulus: 0.505
Output value 0.470

Q+ parameters
slope: 0.144 semiSat: 0.560 beta: 0.969 sigma: 0.166 
maxBOLD estimate = 1.779


Trial 55: maxBOLD Stimulus Selection
Stimulus: 1.000
Output value 1.366

Q+ parameters
slope: 0.144 semiSat: 0.560 beta: 0.969 sigma: 0.166 
maxBOLD estimate = 1.723


Trial 56: qplus Stimulus Selection
Stimulus: 0.588
Output value 1.290

Q+ parameters
slope: 0.183 semiSat: 0.560 beta: 1.062 sigma: 0.166 
maxBOLD estimate = 1.669


Trial 57: qplus Stimulus Selection
Stimulus: 0.505
Output value 0.312

Q+ parameters
slope: 0.144 semiSat: 0.560 beta: 0.969 sigma: 0.166 
maxBOLD estimate = 1.774


Trial 58: qplus Stimulus Selection
Stimulus: 0.588
Output value 0.605

Q+ parameters
slope: 0.144 semiSat: 0.560 beta: 0.969 sigma: 0.166 
maxBOLD estimate = 1.718


Trial 59: qplus Stimulus Selection
Stimulus: 0.588
Output value 1.125

Q+ parameters
slope: 0.183 semiSat: 0.560 beta: 1.062 sigma: 0.166 
maxBOLD estimate = 1.665


Trial 60: baseline Stimulus Selection
Stimulus: 0.010
Output value -0.342

Q+ parameters
slope: 0.183 semiSat: 0.560 beta: 1.062 sigma: 0.166 
maxBOLD estimate = 1.769


Trial 61: qplus Stimulus Selection
Stimulus: 0.629
Output value 1.158

Q+ parameters
slope: 0.144 semiSat: 0.560 beta: 0.969 sigma: 0.166 
maxBOLD estimate = 1.879


Trial 62: qplus Stimulus Selection
Stimulus: 0.588
Output value -0.160

Q+ parameters
slope: 0.144 semiSat: 0.560 beta: 0.969 sigma: 0.166 
maxBOLD estimate = 1.820


Trial 63: qplus Stimulus Selection
Stimulus: 0.794
Output value 1.708

Q+ parameters
slope: 0.144 semiSat: 0.560 beta: 0.969 sigma: 0.166 
maxBOLD estimate = 1.764


Trial 64: qplus Stimulus Selection
Stimulus: 0.794
Output value 0.903

Q+ parameters
slope: 0.144 semiSat: 0.560 beta: 0.969 sigma: 0.166 
maxBOLD estimate = 1.708


Trial 65: maxBOLD Stimulus Selection
Stimulus: 1.000
Output value 1.749

Q+ parameters
slope: 0.144 semiSat: 0.560 beta: 0.969 sigma: 0.166 
maxBOLD estimate = 1.655


Trial 66: qplus Stimulus Selection
Stimulus: 0.505
Output value 1.084

Q+ parameters
slope: 0.183 semiSat: 0.560 beta: 1.062 sigma: 0.166 
maxBOLD estimate = 1.603


Trial 67: qplus Stimulus Selection
Stimulus: 0.505
Output value 0.750

Q+ parameters
slope: 0.144 semiSat: 0.560 beta: 0.969 sigma: 0.166 
maxBOLD estimate = 1.704


Trial 68: qplus Stimulus Selection
Stimulus: 0.588
Output value 0.000

Q+ parameters
slope: 0.144 semiSat: 0.560 beta: 0.969 sigma: 0.166 
maxBOLD estimate = 1.650


Trial 69: qplus Stimulus Selection
Stimulus: 0.588
Output value 0.141

Q+ parameters
slope: 0.144 semiSat: 0.560 beta: 0.969 sigma: 0.166 
maxBOLD estimate = 1.599


Trial 70: baseline Stimulus Selection
Stimulus: 0.010
Output value -0.317

Q+ parameters
slope: 0.144 semiSat: 0.560 beta: 1.125 sigma: 0.166 
maxBOLD estimate = 1.549


Trial 71: qplus Stimulus Selection
Stimulus: 0.546
Output value 0.460

Q+ parameters
slope: 0.144 semiSat: 0.560 beta: 0.969 sigma: 0.166 
maxBOLD estimate = 1.742


Trial 72: qplus Stimulus Selection
Stimulus: 0.588
Output value 0.595

Q+ parameters
slope: 0.144 semiSat: 0.560 beta: 0.969 sigma: 0.166 
maxBOLD estimate = 1.688


Trial 73: qplus Stimulus Selection
Stimulus: 0.794
Output value 1.421

Q+ parameters
slope: 0.144 semiSat: 0.560 beta: 1.062 sigma: 0.166 
maxBOLD estimate = 1.635


Trial 74: qplus Stimulus Selection
Stimulus: 0.505
Output value 0.459

Q+ parameters
slope: 0.144 semiSat: 0.560 beta: 0.969 sigma: 0.166 
maxBOLD estimate = 1.737


Trial 75: maxBOLD Stimulus Selection
Stimulus: 1.000
Output value 1.186

Q+ parameters
slope: 0.144 semiSat: 0.560 beta: 0.969 sigma: 0.166 
maxBOLD estimate = 1.683


Trial 76: qplus Stimulus Selection
Stimulus: 0.711
Output value 1.890

Q+ parameters
slope: 0.144 semiSat: 0.560 beta: 1.062 sigma: 0.166 
maxBOLD estimate = 1.630


Trial 77: qplus Stimulus Selection
Stimulus: 0.505
Output value 0.610

Q+ parameters
slope: 0.144 semiSat: 0.560 beta: 0.969 sigma: 0.166 
maxBOLD estimate = 1.732


Trial 78: qplus Stimulus Selection
Stimulus: 0.423
Output value -0.162

Q+ parameters
slope: 0.144 semiSat: 0.560 beta: 1.062 sigma: 0.166 
maxBOLD estimate = 1.678


Trial 79: qplus Stimulus Selection
Stimulus: 0.794
Output value 1.099

Q+ parameters
slope: 0.144 semiSat: 0.560 beta: 0.969 sigma: 0.166 
maxBOLD estimate = 1.783


Trial 80: baseline Stimulus Selection
Stimulus: 0.010
Output value 0.152

Q+ parameters
slope: 0.144 semiSat: 0.560 beta: 0.969 sigma: 0.166 
maxBOLD estimate = 1.727


Trial 81: qplus Stimulus Selection
Stimulus: 0.835
Output value 1.778

Q+ parameters
slope: 0.183 semiSat: 0.560 beta: 1.062 sigma: 0.166 
maxBOLD estimate = 1.673


Trial 82: qplus Stimulus Selection
Stimulus: 0.794
Output value 1.566

Q+ parameters
slope: 0.144 semiSat: 0.560 beta: 0.969 sigma: 0.166 
maxBOLD estimate = 1.778


Trial 83: qplus Stimulus Selection
Stimulus: 0.423
Output value -0.303

Q+ parameters
slope: 0.144 semiSat: 0.560 beta: 0.969 sigma: 0.166 
maxBOLD estimate = 1.722


Trial 84: qplus Stimulus Selection
Stimulus: 0.588
Output value 1.612

Q+ parameters
slope: 0.183 semiSat: 0.560 beta: 1.062 sigma: 0.166 
maxBOLD estimate = 1.669


Trial 85: maxBOLD Stimulus Selection
Stimulus: 1.000
Output value 1.718

Q+ parameters
slope: 0.144 semiSat: 0.560 beta: 0.969 sigma: 0.166 
maxBOLD estimate = 1.773


Trial 86: qplus Stimulus Selection
Stimulus: 0.505
Output value 0.756

Q+ parameters
slope: 0.144 semiSat: 0.560 beta: 0.969 sigma: 0.166 
maxBOLD estimate = 1.718


Trial 87: qplus Stimulus Selection
Stimulus: 0.794
Output value 1.929

Q+ parameters
slope: 0.183 semiSat: 0.560 beta: 1.062 sigma: 0.166 
maxBOLD estimate = 1.664


Trial 88: qplus Stimulus Selection
Stimulus: 0.505
Output value 0.623

Q+ parameters
slope: 0.144 semiSat: 0.560 beta: 0.969 sigma: 0.166 
maxBOLD estimate = 1.768


Trial 89: qplus Stimulus Selection
Stimulus: 0.588
Output value 1.489

Q+ parameters
slope: 0.144 semiSat: 0.560 beta: 1.062 sigma: 0.166 
maxBOLD estimate = 1.713


Trial 90: baseline Stimulus Selection
Stimulus: 0.010
Output value 0.160

Q+ parameters
slope: 0.144 semiSat: 0.560 beta: 0.969 sigma: 0.166 
maxBOLD estimate = 1.820


Trial 91: qplus Stimulus Selection
Stimulus: 0.423
Output value 0.621

Q+ parameters
slope: 0.144 semiSat: 0.560 beta: 0.969 sigma: 0.166 
maxBOLD estimate = 1.763


Trial 92: qplus Stimulus Selection
Stimulus: 0.505
Output value 1.053

Q+ parameters
slope: 0.144 semiSat: 0.560 beta: 0.969 sigma: 0.166 
maxBOLD estimate = 1.708


Trial 93: qplus Stimulus Selection
Stimulus: 0.588
Output value 1.119

Q+ parameters
slope: 0.144 semiSat: 0.560 beta: 1.062 sigma: 0.166 
maxBOLD estimate = 1.654


Trial 94: qplus Stimulus Selection
Stimulus: 0.794
Output value 1.858

Q+ parameters
slope: 0.144 semiSat: 0.560 beta: 0.969 sigma: 0.166 
maxBOLD estimate = 1.758


Trial 95: maxBOLD Stimulus Selection
Stimulus: 1.000
Output value 1.350

Q+ parameters
slope: 0.144 semiSat: 0.560 beta: 0.969 sigma: 0.166 
maxBOLD estimate = 1.703


Trial 96: qplus Stimulus Selection
Stimulus: 0.794
Output value 1.912

Q+ parameters
slope: 0.183 semiSat: 0.560 beta: 1.062 sigma: 0.166 
maxBOLD estimate = 1.650


Trial 97: qplus Stimulus Selection
Stimulus: 0.505
Output value 0.309

Q+ parameters
slope: 0.144 semiSat: 0.560 beta: 0.969 sigma: 0.166 
maxBOLD estimate = 1.753


Trial 98: qplus Stimulus Selection
Stimulus: 0.588
Output value 1.148

Q+ parameters
slope: 0.144 semiSat: 0.560 beta: 1.062 sigma: 0.166 
maxBOLD estimate = 1.698


Trial 99: qplus Stimulus Selection
Stimulus: 0.794
Output value 0.953

Q+ parameters
slope: 0.144 semiSat: 0.560 beta: 0.969 sigma: 0.166 
maxBOLD estimate = 1.804


Trial 100: baseline Stimulus Selection
Stimulus: 0.010
Output value -0.154

Q+ parameters
slope: 0.144 semiSat: 0.560 beta: 0.969 sigma: 0.166 
maxBOLD estimate = 1.748

--------------------------------------------------------------
FINAL VALUES
--------------------------------------------------------------
Simulated parameters:              slope: 0.200 semiSat: 0.570 beta: 1.000 sigma: 0.150 
Max posterior QUEST+ parameters:   slope: 0.144 semiSat: 0.560 beta: 1.062 sigma: 0.166 
Max BADS parameters:               slope: 0.158 semiSat: 0.571 beta: 1.000 sigma: 0.157 
maxBOLD estimate: 1.698
