/blue/stevenweisberg/stevenweisberg/MATLAB/projects/Weisberg_Aguirre_2020/scripts/run_sims
c0700a-s1.ufhpc
Wed Apr  7 01:00:08 EDT 2021
mkdir: cannot create directory ‘/blue/stevenweisberg/stevenweisberg/qpfMRIResults/model_parameter_set2/’: File exists
cp: cannot stat ‘/blue/stevenweisberg/stevenweisberg/qpfMRIResults/deploy_sim.sh’: No such file or directory
cp: cannot stat ‘/blue/stevenweisberg/stevenweisberg/qpfMRIResults/sim_wrapper.sh’: No such file or directory
------------------------------------------
Setting up environment variables
---
LD_LIBRARY_PATH is .:/apps/matlab/mcr/2020b/v99/runtime/glnxa64:/apps/matlab/mcr/2020b/v99/bin/glnxa64:/apps/matlab/mcr/2020b/v99/sys/os/glnxa64:/apps/matlab/mcr/2020b/v99/sys/opengl/lib/glnxa64
Warning: Executing startup failed in matlabrc.
This indicates a potentially serious problem in your MATLAB setup, which should be resolved as soon as possible.  Error detected was:
MATLAB:mpath:PathAlterationNotSupported
Modifying the search path is not supported by MATLAB Compiler. Remove functions that modify the search path from your MATLAB code. To make files visible to your deployed application, add the parent folder to your MATLAB session.
Warning: No stimulus domain specified. Defaulting to values between 0.01 and 1.
> In qpfmriParams (line 182)
In compiledSimulate (line 205)
Stimulus domain added from input.
Parameter slope specified as 0.20000
Parameter semiSat specified as 0.57000
Parameter beta specified as 1.00000
Parameter sigma specified as 0.05000
seed = 99seed = 104seed = 111seed = 111seed = 115seed = 101Initializing Q+. This may take a minute...
Elapsed time is 8.009957 seconds.
Simulated parameters:
slope: 0.200 semiSat: 0.570 beta: 1.000 sigma: 0.050 

Trial 1: baseline Stimulus Selection
Stimulus: 0.010
Output value 0.000

Q+ parameters
slope: 0.026 semiSat: 0.890 beta: 0.500 sigma: 0.010 
maxBOLD estimate = 1.000


Trial 2: maxBOLD Stimulus Selection
Stimulus: 1.000
Output value 1.364

Q+ parameters
slope: 0.055 semiSat: 0.670 beta: 1.250 sigma: 0.010 
maxBOLD estimate = 1.000


Trial 3: baseline Stimulus Selection
Stimulus: 0.010
Output value 0.142

Q+ parameters
slope: 0.055 semiSat: 0.670 beta: 1.250 sigma: 0.062 
maxBOLD estimate = 1.250


Trial 4: maxBOLD Stimulus Selection
Stimulus: 1.000
Output value 1.758

Q+ parameters
slope: 0.055 semiSat: 0.670 beta: 1.125 sigma: 0.062 
maxBOLD estimate = 1.562


Trial 5: baseline Stimulus Selection
Stimulus: 0.010
Output value 0.200

Q+ parameters
slope: 0.043 semiSat: 0.780 beta: 1.250 sigma: 0.062 
maxBOLD estimate = 1.758


Trial 6: maxBOLD Stimulus Selection
Stimulus: 1.000
Output value 1.355

Q+ parameters
slope: 0.043 semiSat: 0.780 beta: 0.969 sigma: 0.062 
maxBOLD estimate = 2.197


Trial 7: qplus Stimulus Selection
Stimulus: 0.711
Output value 1.161

Q+ parameters
slope: 0.089 semiSat: 0.340 beta: 0.750 sigma: 0.062 
maxBOLD estimate = 2.129


Trial 8: qplus Stimulus Selection
Stimulus: 0.340
Output value 0.000

Q+ parameters
slope: 0.183 semiSat: 0.560 beta: 0.938 sigma: 0.062 
maxBOLD estimate = 1.596


Trial 9: qplus Stimulus Selection
Stimulus: 0.546
Output value 0.723

Q+ parameters
slope: 0.144 semiSat: 0.560 beta: 1.062 sigma: 0.062 
maxBOLD estimate = 1.497


Trial 10: baseline Stimulus Selection
Stimulus: 0.010
Output value 0.000

Q+ parameters
slope: 0.234 semiSat: 0.560 beta: 0.938 sigma: 0.062 
maxBOLD estimate = 1.590


Trial 11: qplus Stimulus Selection
Stimulus: 0.629
Output value 1.220

Q+ parameters
slope: 0.089 semiSat: 0.670 beta: 1.500 sigma: 0.062 
maxBOLD estimate = 1.491


Trial 12: qplus Stimulus Selection
Stimulus: 0.588
Output value 0.610

Q+ parameters
slope: 0.089 semiSat: 0.560 beta: 0.750 sigma: 0.062 
maxBOLD estimate = 2.236


Trial 13: qplus Stimulus Selection
Stimulus: 0.670
Output value 1.067

Q+ parameters
slope: 0.144 semiSat: 0.560 beta: 0.875 sigma: 0.062 
maxBOLD estimate = 1.677


Trial 14: qplus Stimulus Selection
Stimulus: 0.464
Output value 0.000

Q+ parameters
slope: 0.113 semiSat: 0.670 beta: 1.500 sigma: 0.062 
maxBOLD estimate = 1.468


Trial 15: maxBOLD Stimulus Selection
Stimulus: 1.000
Output value 1.201

Q+ parameters
slope: 0.183 semiSat: 0.560 beta: 0.750 sigma: 0.062 
maxBOLD estimate = 2.201


Trial 16: qplus Stimulus Selection
Stimulus: 0.711
Output value 1.313

Q+ parameters
slope: 0.183 semiSat: 0.560 beta: 0.875 sigma: 0.062 
maxBOLD estimate = 1.651


Trial 17: qplus Stimulus Selection
Stimulus: 0.629
Output value 1.051

Q+ parameters
slope: 0.234 semiSat: 0.560 beta: 1.000 sigma: 0.062 
maxBOLD estimate = 1.445


Trial 18: qplus Stimulus Selection
Stimulus: 0.505
Output value 0.131

Q+ parameters
slope: 0.234 semiSat: 0.560 beta: 1.000 sigma: 0.062 
maxBOLD estimate = 1.445


Trial 19: qplus Stimulus Selection
Stimulus: 0.629
Output value 1.313

Q+ parameters
slope: 0.234 semiSat: 0.560 beta: 1.000 sigma: 0.062 
maxBOLD estimate = 1.445


Trial 20: baseline Stimulus Selection
Stimulus: 0.010
Output value 0.131

Q+ parameters
slope: 0.234 semiSat: 0.560 beta: 1.000 sigma: 0.062 
maxBOLD estimate = 1.445


Trial 21: qplus Stimulus Selection
Stimulus: 0.670
Output value 1.490

Q+ parameters
slope: 0.234 semiSat: 0.560 beta: 1.031 sigma: 0.062 
maxBOLD estimate = 1.445


Trial 22: qplus Stimulus Selection
Stimulus: 0.670
Output value 1.181

Q+ parameters
slope: 0.144 semiSat: 0.560 beta: 0.969 sigma: 0.062 
maxBOLD estimate = 1.490


Trial 23: qplus Stimulus Selection
Stimulus: 0.505
Output value 0.131

Q+ parameters
slope: 0.234 semiSat: 0.560 beta: 1.000 sigma: 0.062 
maxBOLD estimate = 1.443


Trial 24: qplus Stimulus Selection
Stimulus: 0.546
Output value 0.381

Q+ parameters
slope: 0.298 semiSat: 0.560 beta: 0.969 sigma: 0.062 
maxBOLD estimate = 1.443


Trial 25: maxBOLD Stimulus Selection
Stimulus: 1.000
Output value 1.231

Q+ parameters
slope: 0.298 semiSat: 0.560 beta: 0.969 sigma: 0.062 
maxBOLD estimate = 1.398


Trial 26: qplus Stimulus Selection
Stimulus: 0.546
Output value 0.508

Q+ parameters
slope: 0.234 semiSat: 0.560 beta: 1.031 sigma: 0.062 
maxBOLD estimate = 1.354


Trial 27: qplus Stimulus Selection
Stimulus: 0.588
Output value 0.861

Q+ parameters
slope: 0.298 semiSat: 0.560 beta: 0.969 sigma: 0.062 
maxBOLD estimate = 1.397


Trial 28: qplus Stimulus Selection
Stimulus: 0.546
Output value 0.634

Q+ parameters
slope: 0.234 semiSat: 0.560 beta: 1.031 sigma: 0.062 
maxBOLD estimate = 1.353


Trial 29: qplus Stimulus Selection
Stimulus: 0.670
Output value 1.229

Q+ parameters
slope: 0.298 semiSat: 0.560 beta: 0.969 sigma: 0.062 
maxBOLD estimate = 1.395


Trial 30: baseline Stimulus Selection
Stimulus: 0.010
Output value 0.000

Q+ parameters
slope: 0.234 semiSat: 0.560 beta: 1.031 sigma: 0.062 
maxBOLD estimate = 1.352


Trial 31: qplus Stimulus Selection
Stimulus: 0.670
Output value 1.228

Q+ parameters
slope: 0.298 semiSat: 0.560 beta: 0.969 sigma: 0.062 
maxBOLD estimate = 1.394


Trial 32: qplus Stimulus Selection
Stimulus: 0.546
Output value 0.506

Q+ parameters
slope: 0.234 semiSat: 0.560 beta: 1.031 sigma: 0.062 
maxBOLD estimate = 1.350


Trial 33: qplus Stimulus Selection
Stimulus: 0.588
Output value 0.736

Q+ parameters
slope: 0.298 semiSat: 0.560 beta: 0.969 sigma: 0.062 
maxBOLD estimate = 1.393


Trial 34: qplus Stimulus Selection
Stimulus: 0.546
Output value 0.506

Q+ parameters
slope: 0.234 semiSat: 0.560 beta: 1.031 sigma: 0.062 
maxBOLD estimate = 1.349


Trial 35: maxBOLD Stimulus Selection
Stimulus: 1.000
Output value 1.470

Q+ parameters
slope: 0.298 semiSat: 0.560 beta: 0.969 sigma: 0.062 
maxBOLD estimate = 1.391


Trial 36: qplus Stimulus Selection
Stimulus: 0.546
Output value 0.781

Q+ parameters
slope: 0.298 semiSat: 0.560 beta: 1.062 sigma: 0.062 
maxBOLD estimate = 1.348


Trial 37: qplus Stimulus Selection
Stimulus: 0.588
Output value 1.041

Q+ parameters
slope: 0.234 semiSat: 0.560 beta: 1.000 sigma: 0.062 
maxBOLD estimate = 1.432


Trial 38: qplus Stimulus Selection
Stimulus: 0.546
Output value 0.651

Q+ parameters
slope: 0.234 semiSat: 0.560 beta: 1.000 sigma: 0.062 
maxBOLD estimate = 1.432


Trial 39: qplus Stimulus Selection
Stimulus: 0.546
Output value 0.781

Q+ parameters
slope: 0.234 semiSat: 0.560 beta: 1.000 sigma: 0.062 
maxBOLD estimate = 1.432


Trial 40: baseline Stimulus Selection
Stimulus: 0.010
Output value 0.000

Q+ parameters
slope: 0.234 semiSat: 0.560 beta: 1.000 sigma: 0.062 
maxBOLD estimate = 1.432


Trial 41: qplus Stimulus Selection
Stimulus: 0.670
Output value 1.432

Q+ parameters
slope: 0.234 semiSat: 0.560 beta: 1.000 sigma: 0.062 
maxBOLD estimate = 1.432


Trial 42: qplus Stimulus Selection
Stimulus: 0.670
Output value 1.432

Q+ parameters
slope: 0.234 semiSat: 0.560 beta: 1.000 sigma: 0.062 
maxBOLD estimate = 1.432


Trial 43: qplus Stimulus Selection
Stimulus: 0.670
Output value 1.302

Q+ parameters
slope: 0.234 semiSat: 0.560 beta: 1.000 sigma: 0.062 
maxBOLD estimate = 1.432


Trial 44: qplus Stimulus Selection
Stimulus: 0.546
Output value 0.521

Q+ parameters
slope: 0.234 semiSat: 0.560 beta: 1.000 sigma: 0.062 
maxBOLD estimate = 1.432


Trial 45: maxBOLD Stimulus Selection
Stimulus: 1.000
Output value 1.302

Q+ parameters
slope: 0.234 semiSat: 0.560 beta: 1.000 sigma: 0.062 
maxBOLD estimate = 1.432


Trial 46: qplus Stimulus Selection
Stimulus: 0.670
Output value 1.432

Q+ parameters
slope: 0.234 semiSat: 0.560 beta: 1.000 sigma: 0.062 
maxBOLD estimate = 1.432


Trial 47: qplus Stimulus Selection
Stimulus: 0.670
Output value 1.432

Q+ parameters
slope: 0.234 semiSat: 0.560 beta: 1.000 sigma: 0.062 
maxBOLD estimate = 1.432


Trial 48: qplus Stimulus Selection
Stimulus: 0.670
Output value 1.432

Q+ parameters
slope: 0.234 semiSat: 0.560 beta: 1.000 sigma: 0.062 
maxBOLD estimate = 1.432


Trial 49: qplus Stimulus Selection
Stimulus: 0.670
Output value 1.302

Q+ parameters
slope: 0.234 semiSat: 0.560 beta: 1.000 sigma: 0.062 
maxBOLD estimate = 1.432


Trial 50: baseline Stimulus Selection
Stimulus: 0.010
Output value 0.000

Q+ parameters
slope: 0.234 semiSat: 0.560 beta: 1.031 sigma: 0.062 
maxBOLD estimate = 1.432


Trial 51: qplus Stimulus Selection
Stimulus: 0.670
Output value 1.208

Q+ parameters
slope: 0.234 semiSat: 0.560 beta: 1.000 sigma: 0.062 
maxBOLD estimate = 1.477


Trial 52: qplus Stimulus Selection
Stimulus: 0.546
Output value 0.806

Q+ parameters
slope: 0.234 semiSat: 0.560 beta: 1.000 sigma: 0.062 
maxBOLD estimate = 1.477


Trial 53: qplus Stimulus Selection
Stimulus: 0.546
Output value 0.537

Q+ parameters
slope: 0.234 semiSat: 0.560 beta: 1.000 sigma: 0.062 
maxBOLD estimate = 1.477


Trial 54: qplus Stimulus Selection
Stimulus: 0.546
Output value 0.390

Q+ parameters
slope: 0.298 semiSat: 0.560 beta: 0.969 sigma: 0.062 
maxBOLD estimate = 1.477


Trial 55: maxBOLD Stimulus Selection
Stimulus: 1.000
Output value 1.561

Q+ parameters
slope: 0.234 semiSat: 0.560 beta: 1.000 sigma: 0.062 
maxBOLD estimate = 1.431


Trial 56: qplus Stimulus Selection
Stimulus: 0.670
Output value 1.301

Q+ parameters
slope: 0.234 semiSat: 0.560 beta: 1.000 sigma: 0.062 
maxBOLD estimate = 1.431


Trial 57: qplus Stimulus Selection
Stimulus: 0.670
Output value 1.341

Q+ parameters
slope: 0.234 semiSat: 0.560 beta: 1.031 sigma: 0.062 
maxBOLD estimate = 1.431


Trial 58: qplus Stimulus Selection
Stimulus: 0.670
Output value 1.207

Q+ parameters
slope: 0.234 semiSat: 0.560 beta: 1.000 sigma: 0.062 
maxBOLD estimate = 1.475


Trial 59: qplus Stimulus Selection
Stimulus: 0.546
Output value 0.671

Q+ parameters
slope: 0.234 semiSat: 0.560 beta: 1.000 sigma: 0.062 
maxBOLD estimate = 1.475


Trial 60: baseline Stimulus Selection
Stimulus: 0.010
Output value 0.000

Q+ parameters
slope: 0.234 semiSat: 0.560 beta: 1.000 sigma: 0.062 
maxBOLD estimate = 1.475


Trial 61: qplus Stimulus Selection
Stimulus: 0.546
Output value 0.805

Q+ parameters
slope: 0.234 semiSat: 0.560 beta: 1.000 sigma: 0.062 
maxBOLD estimate = 1.475


Trial 62: qplus Stimulus Selection
Stimulus: 0.546
Output value 0.805

Q+ parameters
slope: 0.234 semiSat: 0.560 beta: 1.000 sigma: 0.062 
maxBOLD estimate = 1.475


Trial 63: qplus Stimulus Selection
Stimulus: 0.505
Output value 0.671

Q+ parameters
slope: 0.234 semiSat: 0.560 beta: 1.000 sigma: 0.062 
maxBOLD estimate = 1.475


Trial 64: qplus Stimulus Selection
Stimulus: 0.505
Output value 0.402

Q+ parameters
slope: 0.234 semiSat: 0.560 beta: 1.000 sigma: 0.062 
maxBOLD estimate = 1.475


Trial 65: maxBOLD Stimulus Selection
Stimulus: 1.000
Output value 1.609

Q+ parameters
slope: 0.234 semiSat: 0.560 beta: 1.000 sigma: 0.062 
maxBOLD estimate = 1.475


Trial 66: qplus Stimulus Selection
Stimulus: 0.505
Output value 0.536

Q+ parameters
slope: 0.234 semiSat: 0.560 beta: 1.000 sigma: 0.062 
maxBOLD estimate = 1.475


Trial 67: qplus Stimulus Selection
Stimulus: 0.505
Output value 0.268

Q+ parameters
slope: 0.234 semiSat: 0.560 beta: 1.000 sigma: 0.062 
maxBOLD estimate = 1.475


Trial 68: qplus Stimulus Selection
Stimulus: 0.505
Output value 0.415

Q+ parameters
slope: 0.183 semiSat: 0.560 beta: 1.031 sigma: 0.062 
maxBOLD estimate = 1.475


Trial 69: qplus Stimulus Selection
Stimulus: 0.794
Output value 1.569

Q+ parameters
slope: 0.183 semiSat: 0.560 beta: 1.031 sigma: 0.062 
maxBOLD estimate = 1.521


Trial 70: baseline Stimulus Selection
Stimulus: 0.010
Output value 0.125

Q+ parameters
slope: 0.234 semiSat: 0.560 beta: 0.875 sigma: 0.062 
maxBOLD estimate = 1.569


Trial 71: qplus Stimulus Selection
Stimulus: 0.711
Output value 1.326

Q+ parameters
slope: 0.234 semiSat: 0.560 beta: 1.062 sigma: 0.062 
maxBOLD estimate = 1.373


Trial 72: qplus Stimulus Selection
Stimulus: 0.711
Output value 1.641

Q+ parameters
slope: 0.183 semiSat: 0.560 beta: 1.031 sigma: 0.062 
maxBOLD estimate = 1.459


Trial 73: qplus Stimulus Selection
Stimulus: 0.505
Output value 0.282

Q+ parameters
slope: 0.183 semiSat: 0.560 beta: 1.031 sigma: 0.062 
maxBOLD estimate = 1.504


Trial 74: qplus Stimulus Selection
Stimulus: 0.711
Output value 1.234

Q+ parameters
slope: 0.298 semiSat: 0.560 beta: 0.875 sigma: 0.062 
maxBOLD estimate = 1.551


Trial 75: maxBOLD Stimulus Selection
Stimulus: 1.000
Output value 1.388

Q+ parameters
slope: 0.234 semiSat: 0.560 beta: 1.125 sigma: 0.062 
maxBOLD estimate = 1.357


Trial 76: qplus Stimulus Selection
Stimulus: 0.711
Output value 1.345

Q+ parameters
slope: 0.234 semiSat: 0.560 beta: 0.969 sigma: 0.062 
maxBOLD estimate = 1.527


Trial 77: qplus Stimulus Selection
Stimulus: 0.711
Output value 1.210

Q+ parameters
slope: 0.183 semiSat: 0.560 beta: 1.000 sigma: 0.062 
maxBOLD estimate = 1.479


Trial 78: qplus Stimulus Selection
Stimulus: 0.629
Output value 1.210

Q+ parameters
slope: 0.183 semiSat: 0.560 beta: 1.000 sigma: 0.062 
maxBOLD estimate = 1.479


Trial 79: qplus Stimulus Selection
Stimulus: 0.711
Output value 1.210

Q+ parameters
slope: 0.183 semiSat: 0.560 beta: 1.000 sigma: 0.062 
maxBOLD estimate = 1.479


Trial 80: baseline Stimulus Selection
Stimulus: 0.010
Output value 0.000

Q+ parameters
slope: 0.183 semiSat: 0.560 beta: 1.000 sigma: 0.062 
maxBOLD estimate = 1.479


Trial 81: qplus Stimulus Selection
Stimulus: 0.629
Output value 1.210

Q+ parameters
slope: 0.183 semiSat: 0.560 beta: 1.000 sigma: 0.062 
maxBOLD estimate = 1.479


Trial 82: qplus Stimulus Selection
Stimulus: 0.505
Output value 0.269

Q+ parameters
slope: 0.183 semiSat: 0.560 beta: 1.000 sigma: 0.062 
maxBOLD estimate = 1.479


Trial 83: qplus Stimulus Selection
Stimulus: 0.505
Output value 0.134

Q+ parameters
slope: 0.183 semiSat: 0.560 beta: 1.000 sigma: 0.062 
maxBOLD estimate = 1.479


Trial 84: qplus Stimulus Selection
Stimulus: 0.505
Output value 0.261

Q+ parameters
slope: 0.234 semiSat: 0.560 beta: 0.969 sigma: 0.062 
maxBOLD estimate = 1.479


Trial 85: maxBOLD Stimulus Selection
Stimulus: 1.000
Output value 1.563

Q+ parameters
slope: 0.234 semiSat: 0.560 beta: 1.000 sigma: 0.062 
maxBOLD estimate = 1.433


Trial 86: qplus Stimulus Selection
Stimulus: 0.505
Output value 0.391

Q+ parameters
slope: 0.234 semiSat: 0.560 beta: 1.000 sigma: 0.062 
maxBOLD estimate = 1.433


Trial 87: qplus Stimulus Selection
Stimulus: 0.505
Output value 0.391

Q+ parameters
slope: 0.234 semiSat: 0.560 beta: 1.000 sigma: 0.062 
maxBOLD estimate = 1.433


Trial 88: qplus Stimulus Selection
Stimulus: 0.505
Output value 0.537

Q+ parameters
slope: 0.183 semiSat: 0.560 beta: 1.031 sigma: 0.062 
maxBOLD estimate = 1.433


Trial 89: qplus Stimulus Selection
Stimulus: 0.505
Output value 0.403

Q+ parameters
slope: 0.183 semiSat: 0.560 beta: 1.000 sigma: 0.062 
maxBOLD estimate = 1.478


Trial 90: baseline Stimulus Selection
Stimulus: 0.010
Output value 0.130

Q+ parameters
slope: 0.234 semiSat: 0.560 beta: 0.969 sigma: 0.062 
maxBOLD estimate = 1.478


Trial 91: qplus Stimulus Selection
Stimulus: 0.711
Output value 1.302

Q+ parameters
slope: 0.234 semiSat: 0.560 beta: 1.000 sigma: 0.062 
maxBOLD estimate = 1.432


Trial 92: qplus Stimulus Selection
Stimulus: 0.505
Output value 0.260

Q+ parameters
slope: 0.234 semiSat: 0.560 beta: 1.000 sigma: 0.062 
maxBOLD estimate = 1.432


Trial 93: qplus Stimulus Selection
Stimulus: 0.505
Output value 0.260

Q+ parameters
slope: 0.234 semiSat: 0.560 beta: 1.000 sigma: 0.062 
maxBOLD estimate = 1.432


Trial 94: qplus Stimulus Selection
Stimulus: 0.505
Output value 0.130

Q+ parameters
slope: 0.234 semiSat: 0.560 beta: 1.000 sigma: 0.062 
maxBOLD estimate = 1.432


Trial 95: maxBOLD Stimulus Selection
Stimulus: 1.000
Output value 1.562

Q+ parameters
slope: 0.234 semiSat: 0.560 beta: 1.000 sigma: 0.062 
maxBOLD estimate = 1.432


Trial 96: qplus Stimulus Selection
Stimulus: 0.505
Output value 0.390

Q+ parameters
slope: 0.234 semiSat: 0.560 beta: 1.000 sigma: 0.062 
maxBOLD estimate = 1.432


Trial 97: qplus Stimulus Selection
Stimulus: 0.505
Output value 0.390

Q+ parameters
slope: 0.234 semiSat: 0.560 beta: 1.000 sigma: 0.062 
maxBOLD estimate = 1.432


Trial 98: qplus Stimulus Selection
Stimulus: 0.505
Output value 0.260

Q+ parameters
slope: 0.234 semiSat: 0.560 beta: 1.000 sigma: 0.062 
maxBOLD estimate = 1.432


Trial 99: qplus Stimulus Selection
Stimulus: 0.505
Output value 0.390

Q+ parameters
slope: 0.234 semiSat: 0.560 beta: 1.000 sigma: 0.062 
maxBOLD estimate = 1.432


Trial 100: baseline Stimulus Selection
Stimulus: 0.010
Output value -0.134

Q+ parameters
slope: 0.183 semiSat: 0.560 beta: 1.031 sigma: 0.062 
maxBOLD estimate = 1.432

--------------------------------------------------------------
FINAL VALUES
--------------------------------------------------------------
Simulated parameters:              slope: 0.200 semiSat: 0.570 beta: 1.000 sigma: 0.050 
Max posterior QUEST+ parameters:   slope: 0.183 semiSat: 0.560 beta: 1.031 sigma: 0.062 
Max BADS parameters:               slope: 0.225 semiSat: 0.557 beta: 1.000 sigma: 0.062 
maxBOLD estimate: 1.448
