/blue/stevenweisberg/stevenweisberg/MATLAB/projects/Weisberg_Aguirre_2020/scripts/run_sims
c28a-s22.ufhpc
Tue Apr  6 19:36:34 EDT 2021
mkdir: cannot create directory ‘/blue/stevenweisberg/stevenweisberg/qpfMRIResults/model_parameter_set2/’: File exists
cp: cannot stat ‘/blue/stevenweisberg/stevenweisberg/qpfMRIResults/deploy_sim.sh’: No such file or directory
cp: cannot stat ‘/blue/stevenweisberg/stevenweisberg/qpfMRIResults/sim_wrapper.sh’: No such file or directory
------------------------------------------
Setting up environment variables
---
LD_LIBRARY_PATH is .:/apps/matlab/mcr/2020b/v99/runtime/glnxa64:/apps/matlab/mcr/2020b/v99/bin/glnxa64:/apps/matlab/mcr/2020b/v99/sys/os/glnxa64:/apps/matlab/mcr/2020b/v99/sys/opengl/lib/glnxa64
Warning: Executing startup failed in matlabrc.
This indicates a potentially serious problem in your MATLAB setup, which should be resolved as soon as possible.  Error detected was:
MATLAB:mpath:PathAlterationNotSupported
Modifying the search path is not supported by MATLAB Compiler. Remove functions that modify the search path from your MATLAB code. To make files visible to your deployed application, add the parent folder to your MATLAB session.
Warning: No stimulus domain specified. Defaulting to values between 0.01 and 1.
> In qpfmriParams (line 182)
In compiledSimulate (line 205)
Stimulus domain added from input.
Parameter slope specified as 0.20000
Parameter semiSat specified as 0.57000
Parameter beta specified as 1.00000
Parameter sigma specified as 0.15000
seed = 99seed = 104seed = 111seed = 111seed = 115seed = 101Initializing Q+. This may take a minute...
Elapsed time is 9.660249 seconds.
Simulated parameters:
slope: 0.200 semiSat: 0.570 beta: 1.000 sigma: 0.150 

Trial 1: baseline Stimulus Selection
Stimulus: 0.010
Output value 0.000

Q+ parameters
slope: 0.026 semiSat: 0.890 beta: 0.500 sigma: 0.010 
maxBOLD estimate = 1.000


Trial 2: maxBOLD Stimulus Selection
Stimulus: 1.000
Output value 1.125

Q+ parameters
slope: 0.055 semiSat: 0.670 beta: 1.125 sigma: 0.010 
maxBOLD estimate = 1.000


Trial 3: baseline Stimulus Selection
Stimulus: 0.010
Output value 0.115

Q+ parameters
slope: 0.055 semiSat: 0.670 beta: 1.125 sigma: 0.062 
maxBOLD estimate = 1.125


Trial 4: maxBOLD Stimulus Selection
Stimulus: 1.000
Output value 1.726

Q+ parameters
slope: 0.055 semiSat: 0.670 beta: 1.250 sigma: 0.062 
maxBOLD estimate = 1.266


Trial 5: baseline Stimulus Selection
Stimulus: 0.010
Output value -0.360

Q+ parameters
slope: 0.043 semiSat: 0.560 beta: 1.250 sigma: 0.114 
maxBOLD estimate = 1.582


Trial 6: maxBOLD Stimulus Selection
Stimulus: 1.000
Output value 0.899

Q+ parameters
slope: 0.034 semiSat: 1.000 beta: 1.250 sigma: 0.114 
maxBOLD estimate = 1.978


Trial 7: qplus Stimulus Selection
Stimulus: 0.629
Output value 0.562

Q+ parameters
slope: 0.483 semiSat: 0.120 beta: 0.500 sigma: 0.114 
maxBOLD estimate = 2.472


Trial 8: qplus Stimulus Selection
Stimulus: 0.505
Output value 0.787

Q+ parameters
slope: 0.089 semiSat: 0.340 beta: 0.875 sigma: 0.114 
maxBOLD estimate = 1.236


Trial 9: qplus Stimulus Selection
Stimulus: 0.299
Output value 1.327

Q+ parameters
slope: 0.055 semiSat: 0.450 beta: 1.500 sigma: 0.271 
maxBOLD estimate = 1.081


Trial 10: baseline Stimulus Selection
Stimulus: 0.010
Output value 0.968

Q+ parameters
slope: 0.144 semiSat: 0.890 beta: 0.938 sigma: 1.000 
maxBOLD estimate = 1.622


Trial 11: qplus Stimulus Selection
Stimulus: 0.835
Output value 1.331

Q+ parameters
slope: 0.616 semiSat: 0.560 beta: 0.875 sigma: 0.218 
maxBOLD estimate = 1.521


Trial 12: qplus Stimulus Selection
Stimulus: 0.629
Output value 1.055

Q+ parameters
slope: 0.616 semiSat: 0.560 beta: 0.969 sigma: 0.271 
maxBOLD estimate = 1.331


Trial 13: qplus Stimulus Selection
Stimulus: 0.629
Output value 1.362

Q+ parameters
slope: 0.616 semiSat: 0.560 beta: 0.969 sigma: 0.271 
maxBOLD estimate = 1.289


Trial 14: qplus Stimulus Selection
Stimulus: 0.505
Output value 0.110

Q+ parameters
slope: 0.616 semiSat: 0.560 beta: 0.969 sigma: 0.218 
maxBOLD estimate = 1.249


Trial 15: maxBOLD Stimulus Selection
Stimulus: 1.000
Output value 1.402

Q+ parameters
slope: 0.379 semiSat: 0.560 beta: 1.062 sigma: 0.218 
maxBOLD estimate = 1.210


Trial 16: qplus Stimulus Selection
Stimulus: 0.588
Output value 1.019

Q+ parameters
slope: 0.379 semiSat: 0.560 beta: 0.969 sigma: 0.218 
maxBOLD estimate = 1.285


Trial 17: qplus Stimulus Selection
Stimulus: 0.505
Output value 0.350

Q+ parameters
slope: 1.000 semiSat: 0.560 beta: 1.031 sigma: 0.271 
maxBOLD estimate = 1.245


Trial 18: qplus Stimulus Selection
Stimulus: 0.505
Output value -0.241

Q+ parameters
slope: 1.000 semiSat: 0.560 beta: 1.031 sigma: 0.271 
maxBOLD estimate = 1.284


Trial 19: qplus Stimulus Selection
Stimulus: 0.629
Output value 1.445

Q+ parameters
slope: 0.483 semiSat: 0.560 beta: 1.000 sigma: 0.218 
maxBOLD estimate = 1.324


Trial 20: baseline Stimulus Selection
Stimulus: 0.010
Output value 0.000

Q+ parameters
slope: 0.298 semiSat: 0.560 beta: 1.000 sigma: 0.166 
maxBOLD estimate = 1.324


Trial 21: qplus Stimulus Selection
Stimulus: 0.505
Output value 1.084

Q+ parameters
slope: 0.298 semiSat: 0.560 beta: 1.000 sigma: 0.271 
maxBOLD estimate = 1.324


Trial 22: qplus Stimulus Selection
Stimulus: 0.423
Output value 0.963

Q+ parameters
slope: 0.183 semiSat: 0.560 beta: 1.000 sigma: 0.271 
maxBOLD estimate = 1.324


Trial 23: qplus Stimulus Selection
Stimulus: 0.340
Output value 0.903

Q+ parameters
slope: 0.298 semiSat: 0.560 beta: 1.500 sigma: 0.375 
maxBOLD estimate = 1.324


Trial 24: qplus Stimulus Selection
Stimulus: 0.629
Output value 1.084

Q+ parameters
slope: 0.183 semiSat: 0.560 beta: 0.750 sigma: 0.166 
maxBOLD estimate = 1.986


Trial 25: maxBOLD Stimulus Selection
Stimulus: 1.000
Output value 1.625

Q+ parameters
slope: 0.298 semiSat: 0.560 beta: 1.000 sigma: 0.323 
maxBOLD estimate = 1.490


Trial 26: qplus Stimulus Selection
Stimulus: 0.423
Output value 0.677

Q+ parameters
slope: 0.298 semiSat: 0.560 beta: 1.000 sigma: 0.323 
maxBOLD estimate = 1.490


Trial 27: qplus Stimulus Selection
Stimulus: 0.423
Output value -0.271

Q+ parameters
slope: 0.298 semiSat: 0.560 beta: 1.000 sigma: 0.271 
maxBOLD estimate = 1.490


Trial 28: qplus Stimulus Selection
Stimulus: 0.423
Output value 0.271

Q+ parameters
slope: 0.298 semiSat: 0.560 beta: 1.000 sigma: 0.271 
maxBOLD estimate = 1.490


Trial 29: qplus Stimulus Selection
Stimulus: 0.423
Output value 0.677

Q+ parameters
slope: 0.298 semiSat: 0.560 beta: 1.000 sigma: 0.323 
maxBOLD estimate = 1.490


Trial 30: baseline Stimulus Selection
Stimulus: 0.010
Output value -0.135

Q+ parameters
slope: 0.298 semiSat: 0.560 beta: 1.000 sigma: 0.323 
maxBOLD estimate = 1.490


Trial 31: qplus Stimulus Selection
Stimulus: 0.423
Output value 0.406

Q+ parameters
slope: 0.298 semiSat: 0.560 beta: 1.000 sigma: 0.271 
maxBOLD estimate = 1.490


Trial 32: qplus Stimulus Selection
Stimulus: 0.670
Output value 1.354

Q+ parameters
slope: 0.298 semiSat: 0.560 beta: 1.000 sigma: 0.271 
maxBOLD estimate = 1.490


Trial 33: qplus Stimulus Selection
Stimulus: 0.670
Output value 1.625

Q+ parameters
slope: 0.298 semiSat: 0.560 beta: 1.000 sigma: 0.271 
maxBOLD estimate = 1.490


Trial 34: qplus Stimulus Selection
Stimulus: 0.670
Output value 0.813

Q+ parameters
slope: 0.298 semiSat: 0.560 beta: 1.000 sigma: 0.271 
maxBOLD estimate = 1.490


Trial 35: maxBOLD Stimulus Selection
Stimulus: 1.000
Output value 0.677

Q+ parameters
slope: 0.298 semiSat: 0.560 beta: 1.000 sigma: 0.271 
maxBOLD estimate = 1.490


Trial 36: qplus Stimulus Selection
Stimulus: 0.670
Output value 1.676

Q+ parameters
slope: 0.234 semiSat: 0.560 beta: 1.031 sigma: 0.218 
maxBOLD estimate = 1.490


Trial 37: qplus Stimulus Selection
Stimulus: 0.670
Output value 1.008

Q+ parameters
slope: 0.234 semiSat: 0.560 beta: 1.031 sigma: 0.218 
maxBOLD estimate = 1.536


Trial 38: qplus Stimulus Selection
Stimulus: 0.629
Output value 0.594

Q+ parameters
slope: 0.234 semiSat: 0.560 beta: 1.031 sigma: 0.218 
maxBOLD estimate = 1.584


Trial 39: qplus Stimulus Selection
Stimulus: 0.629
Output value 0.836

Q+ parameters
slope: 0.234 semiSat: 0.560 beta: 0.938 sigma: 0.218 
maxBOLD estimate = 1.634


Trial 40: baseline Stimulus Selection
Stimulus: 0.010
Output value -0.144

Q+ parameters
slope: 0.234 semiSat: 0.560 beta: 1.031 sigma: 0.218 
maxBOLD estimate = 1.532


Trial 41: qplus Stimulus Selection
Stimulus: 0.505
Output value 0.148

Q+ parameters
slope: 0.234 semiSat: 0.560 beta: 1.031 sigma: 0.218 
maxBOLD estimate = 1.580


Trial 42: qplus Stimulus Selection
Stimulus: 0.629
Output value 1.680

Q+ parameters
slope: 0.234 semiSat: 0.560 beta: 1.031 sigma: 0.218 
maxBOLD estimate = 1.629


Trial 43: qplus Stimulus Selection
Stimulus: 0.629
Output value 0.134

Q+ parameters
slope: 0.234 semiSat: 0.560 beta: 0.875 sigma: 0.218 
maxBOLD estimate = 1.680


Trial 44: qplus Stimulus Selection
Stimulus: 0.464
Output value 0.689

Q+ parameters
slope: 0.234 semiSat: 0.560 beta: 1.031 sigma: 0.271 
maxBOLD estimate = 1.470


Trial 45: maxBOLD Stimulus Selection
Stimulus: 1.000
Output value 1.705

Q+ parameters
slope: 0.234 semiSat: 0.560 beta: 1.031 sigma: 0.218 
maxBOLD estimate = 1.516


Trial 46: qplus Stimulus Selection
Stimulus: 0.670
Output value 1.319

Q+ parameters
slope: 0.234 semiSat: 0.560 beta: 1.031 sigma: 0.218 
maxBOLD estimate = 1.563


Trial 47: qplus Stimulus Selection
Stimulus: 0.505
Output value -0.151

Q+ parameters
slope: 0.234 semiSat: 0.560 beta: 1.031 sigma: 0.218 
maxBOLD estimate = 1.612


Trial 48: qplus Stimulus Selection
Stimulus: 0.629
Output value 0.661

Q+ parameters
slope: 0.234 semiSat: 0.560 beta: 0.875 sigma: 0.218 
maxBOLD estimate = 1.662


Trial 49: qplus Stimulus Selection
Stimulus: 0.629
Output value 1.637

Q+ parameters
slope: 0.234 semiSat: 0.560 beta: 1.031 sigma: 0.218 
maxBOLD estimate = 1.455


Trial 50: baseline Stimulus Selection
Stimulus: 0.010
Output value 0.000

Q+ parameters
slope: 0.234 semiSat: 0.560 beta: 1.031 sigma: 0.218 
maxBOLD estimate = 1.500


Trial 51: qplus Stimulus Selection
Stimulus: 0.670
Output value 1.740

Q+ parameters
slope: 0.234 semiSat: 0.560 beta: 1.031 sigma: 0.218 
maxBOLD estimate = 1.547


Trial 52: qplus Stimulus Selection
Stimulus: 0.629
Output value 1.523

Q+ parameters
slope: 0.483 semiSat: 0.560 beta: 0.875 sigma: 0.218 
maxBOLD estimate = 1.595


Trial 53: qplus Stimulus Selection
Stimulus: 0.588
Output value 0.523

Q+ parameters
slope: 0.234 semiSat: 0.560 beta: 1.031 sigma: 0.218 
maxBOLD estimate = 1.396


Trial 54: qplus Stimulus Selection
Stimulus: 0.670
Output value 0.810

Q+ parameters
slope: 0.234 semiSat: 0.560 beta: 1.031 sigma: 0.218 
maxBOLD estimate = 1.440


Trial 55: maxBOLD Stimulus Selection
Stimulus: 1.000
Output value 0.696

Q+ parameters
slope: 0.234 semiSat: 0.560 beta: 1.031 sigma: 0.271 
maxBOLD estimate = 1.485


Trial 56: qplus Stimulus Selection
Stimulus: 0.670
Output value 0.852

Q+ parameters
slope: 0.483 semiSat: 0.560 beta: 0.875 sigma: 0.218 
maxBOLD estimate = 1.531


Trial 57: qplus Stimulus Selection
Stimulus: 0.588
Output value 0.244

Q+ parameters
slope: 0.183 semiSat: 0.560 beta: 1.000 sigma: 0.218 
maxBOLD estimate = 1.340


Trial 58: qplus Stimulus Selection
Stimulus: 0.711
Output value 1.381

Q+ parameters
slope: 0.183 semiSat: 0.560 beta: 1.031 sigma: 0.218 
maxBOLD estimate = 1.340


Trial 59: qplus Stimulus Selection
Stimulus: 0.711
Output value 0.518

Q+ parameters
slope: 0.234 semiSat: 0.560 beta: 1.031 sigma: 0.271 
maxBOLD estimate = 1.381


Trial 60: baseline Stimulus Selection
Stimulus: 0.010
Output value -0.324

Q+ parameters
slope: 0.234 semiSat: 0.560 beta: 1.250 sigma: 0.271 
maxBOLD estimate = 1.425


Trial 61: qplus Stimulus Selection
Stimulus: 0.588
Output value 0.607

Q+ parameters
slope: 0.234 semiSat: 0.560 beta: 0.750 sigma: 0.166 
maxBOLD estimate = 1.781


Trial 62: qplus Stimulus Selection
Stimulus: 0.464
Output value -0.304

Q+ parameters
slope: 0.234 semiSat: 0.560 beta: 1.250 sigma: 0.271 
maxBOLD estimate = 1.336


Trial 63: qplus Stimulus Selection
Stimulus: 0.588
Output value 0.228

Q+ parameters
slope: 0.234 semiSat: 0.560 beta: 0.750 sigma: 0.166 
maxBOLD estimate = 1.669


Trial 64: qplus Stimulus Selection
Stimulus: 0.546
Output value 0.285

Q+ parameters
slope: 0.144 semiSat: 0.560 beta: 1.250 sigma: 0.218 
maxBOLD estimate = 1.252


Trial 65: maxBOLD Stimulus Selection
Stimulus: 1.000
Output value 0.734

Q+ parameters
slope: 0.379 semiSat: 0.560 beta: 1.031 sigma: 0.323 
maxBOLD estimate = 1.565


Trial 66: qplus Stimulus Selection
Stimulus: 0.629
Output value 1.284

Q+ parameters
slope: 0.234 semiSat: 0.560 beta: 0.875 sigma: 0.218 
maxBOLD estimate = 1.614


Trial 67: qplus Stimulus Selection
Stimulus: 0.546
Output value -0.128

Q+ parameters
slope: 0.298 semiSat: 0.560 beta: 1.000 sigma: 0.271 
maxBOLD estimate = 1.412


Trial 68: qplus Stimulus Selection
Stimulus: 0.505
Output value 0.000

Q+ parameters
slope: 0.298 semiSat: 0.560 beta: 1.062 sigma: 0.271 
maxBOLD estimate = 1.412


Trial 69: qplus Stimulus Selection
Stimulus: 0.711
Output value 1.454

Q+ parameters
slope: 0.234 semiSat: 0.560 beta: 0.969 sigma: 0.218 
maxBOLD estimate = 1.501


Trial 70: baseline Stimulus Selection
Stimulus: 0.010
Output value 0.128

Q+ parameters
slope: 0.234 semiSat: 0.560 beta: 0.969 sigma: 0.218 
maxBOLD estimate = 1.454


Trial 71: qplus Stimulus Selection
Stimulus: 0.711
Output value 0.744

Q+ parameters
slope: 0.234 semiSat: 0.560 beta: 0.969 sigma: 0.218 
maxBOLD estimate = 1.408


Trial 72: qplus Stimulus Selection
Stimulus: 0.505
Output value -0.279

Q+ parameters
slope: 0.234 semiSat: 0.560 beta: 1.125 sigma: 0.271 
maxBOLD estimate = 1.364


Trial 73: qplus Stimulus Selection
Stimulus: 0.711
Output value 1.622

Q+ parameters
slope: 0.298 semiSat: 0.560 beta: 0.969 sigma: 0.218 
maxBOLD estimate = 1.535


Trial 74: qplus Stimulus Selection
Stimulus: 0.546
Output value 0.000

Q+ parameters
slope: 0.234 semiSat: 0.560 beta: 0.969 sigma: 0.218 
maxBOLD estimate = 1.487


Trial 75: maxBOLD Stimulus Selection
Stimulus: 1.000
Output value 1.522

Q+ parameters
slope: 0.234 semiSat: 0.560 beta: 0.969 sigma: 0.218 
maxBOLD estimate = 1.440


Trial 76: qplus Stimulus Selection
Stimulus: 0.546
Output value 0.999

Q+ parameters
slope: 0.234 semiSat: 0.560 beta: 1.125 sigma: 0.271 
maxBOLD estimate = 1.395


Trial 77: qplus Stimulus Selection
Stimulus: 0.711
Output value 1.659

Q+ parameters
slope: 0.234 semiSat: 0.560 beta: 0.969 sigma: 0.218 
maxBOLD estimate = 1.570


Trial 78: qplus Stimulus Selection
Stimulus: 0.546
Output value 0.402

Q+ parameters
slope: 0.298 semiSat: 0.560 beta: 0.969 sigma: 0.218 
maxBOLD estimate = 1.521


Trial 79: qplus Stimulus Selection
Stimulus: 0.546
Output value 0.691

Q+ parameters
slope: 0.234 semiSat: 0.560 beta: 1.031 sigma: 0.218 
maxBOLD estimate = 1.473


Trial 80: baseline Stimulus Selection
Stimulus: 0.010
Output value -0.134

Q+ parameters
slope: 0.298 semiSat: 0.560 beta: 0.969 sigma: 0.218 
maxBOLD estimate = 1.519


Trial 81: qplus Stimulus Selection
Stimulus: 0.546
Output value 0.518

Q+ parameters
slope: 0.298 semiSat: 0.560 beta: 0.969 sigma: 0.218 
maxBOLD estimate = 1.472


Trial 82: qplus Stimulus Selection
Stimulus: 0.546
Output value 0.936

Q+ parameters
slope: 0.234 semiSat: 0.560 beta: 1.031 sigma: 0.218 
maxBOLD estimate = 1.426


Trial 83: qplus Stimulus Selection
Stimulus: 0.546
Output value 0.647

Q+ parameters
slope: 0.298 semiSat: 0.560 beta: 0.969 sigma: 0.218 
maxBOLD estimate = 1.470


Trial 84: qplus Stimulus Selection
Stimulus: 0.546
Output value 0.275

Q+ parameters
slope: 0.183 semiSat: 0.560 beta: 1.062 sigma: 0.218 
maxBOLD estimate = 1.424


Trial 85: maxBOLD Stimulus Selection
Stimulus: 1.000
Output value 1.599

Q+ parameters
slope: 0.298 semiSat: 0.560 beta: 0.969 sigma: 0.218 
maxBOLD estimate = 1.513


Trial 86: qplus Stimulus Selection
Stimulus: 0.546
Output value 0.000

Q+ parameters
slope: 0.298 semiSat: 0.560 beta: 0.969 sigma: 0.218 
maxBOLD estimate = 1.466


Trial 87: qplus Stimulus Selection
Stimulus: 0.546
Output value 0.412

Q+ parameters
slope: 0.183 semiSat: 0.560 beta: 1.062 sigma: 0.218 
maxBOLD estimate = 1.420


Trial 88: qplus Stimulus Selection
Stimulus: 0.711
Output value 0.930

Q+ parameters
slope: 0.234 semiSat: 0.560 beta: 0.969 sigma: 0.218 
maxBOLD estimate = 1.509


Trial 89: qplus Stimulus Selection
Stimulus: 0.711
Output value 0.644

Q+ parameters
slope: 0.234 semiSat: 0.560 beta: 0.969 sigma: 0.218 
maxBOLD estimate = 1.462


Trial 90: baseline Stimulus Selection
Stimulus: 0.010
Output value 0.000

Q+ parameters
slope: 0.183 semiSat: 0.560 beta: 1.062 sigma: 0.218 
maxBOLD estimate = 1.416


Trial 91: qplus Stimulus Selection
Stimulus: 0.711
Output value 0.530

Q+ parameters
slope: 0.234 semiSat: 0.560 beta: 0.969 sigma: 0.218 
maxBOLD estimate = 1.505


Trial 92: qplus Stimulus Selection
Stimulus: 0.546
Output value 0.845

Q+ parameters
slope: 0.183 semiSat: 0.560 beta: 1.062 sigma: 0.218 
maxBOLD estimate = 1.458


Trial 93: qplus Stimulus Selection
Stimulus: 0.711
Output value 0.862

Q+ parameters
slope: 0.234 semiSat: 0.560 beta: 0.875 sigma: 0.166 
maxBOLD estimate = 1.549


Trial 94: qplus Stimulus Selection
Stimulus: 0.588
Output value 1.047

Q+ parameters
slope: 0.234 semiSat: 0.560 beta: 1.062 sigma: 0.218 
maxBOLD estimate = 1.355


Trial 95: maxBOLD Stimulus Selection
Stimulus: 1.000
Output value 1.669

Q+ parameters
slope: 0.183 semiSat: 0.560 beta: 1.062 sigma: 0.218 
maxBOLD estimate = 1.440


Trial 96: qplus Stimulus Selection
Stimulus: 0.588
Output value 0.404

Q+ parameters
slope: 0.234 semiSat: 0.560 beta: 0.969 sigma: 0.218 
maxBOLD estimate = 1.530


Trial 97: qplus Stimulus Selection
Stimulus: 0.588
Output value 0.522

Q+ parameters
slope: 0.234 semiSat: 0.560 beta: 0.969 sigma: 0.218 
maxBOLD estimate = 1.482


Trial 98: qplus Stimulus Selection
Stimulus: 0.546
Output value 0.555

Q+ parameters
slope: 0.183 semiSat: 0.560 beta: 1.062 sigma: 0.218 
maxBOLD estimate = 1.436


Trial 99: qplus Stimulus Selection
Stimulus: 0.588
Output value 0.849

Q+ parameters
slope: 0.234 semiSat: 0.560 beta: 0.875 sigma: 0.166 
maxBOLD estimate = 1.525


Trial 100: baseline Stimulus Selection
Stimulus: 0.010
Output value 0.645

Q+ parameters
slope: 0.234 semiSat: 0.560 beta: 1.062 sigma: 0.271 
maxBOLD estimate = 1.335

--------------------------------------------------------------
FINAL VALUES
--------------------------------------------------------------
Simulated parameters:              slope: 0.200 semiSat: 0.570 beta: 1.000 sigma: 0.150 
Max posterior QUEST+ parameters:   slope: 0.183 semiSat: 0.560 beta: 1.000 sigma: 0.218 
Max BADS parameters:               slope: 0.194 semiSat: 0.559 beta: 1.000 sigma: 0.216 
maxBOLD estimate: 1.415
