/blue/stevenweisberg/stevenweisberg/MATLAB/projects/Weisberg_Aguirre_2020/scripts/run_sims
c31a-s5.ufhpc
Tue Apr  6 22:42:43 EDT 2021
mkdir: cannot create directory ‘/blue/stevenweisberg/stevenweisberg/qpfMRIResults/model_parameter_set2/’: File exists
cp: cannot stat ‘/blue/stevenweisberg/stevenweisberg/qpfMRIResults/deploy_sim.sh’: No such file or directory
cp: cannot stat ‘/blue/stevenweisberg/stevenweisberg/qpfMRIResults/sim_wrapper.sh’: No such file or directory
------------------------------------------
Setting up environment variables
---
LD_LIBRARY_PATH is .:/apps/matlab/mcr/2020b/v99/runtime/glnxa64:/apps/matlab/mcr/2020b/v99/bin/glnxa64:/apps/matlab/mcr/2020b/v99/sys/os/glnxa64:/apps/matlab/mcr/2020b/v99/sys/opengl/lib/glnxa64
Warning: Executing startup failed in matlabrc.
This indicates a potentially serious problem in your MATLAB setup, which should be resolved as soon as possible.  Error detected was:
MATLAB:mpath:PathAlterationNotSupported
Modifying the search path is not supported by MATLAB Compiler. Remove functions that modify the search path from your MATLAB code. To make files visible to your deployed application, add the parent folder to your MATLAB session.
Warning: No stimulus domain specified. Defaulting to values between 0.01 and 1.
> In qpfmriParams (line 182)
In compiledSimulate (line 205)
Stimulus domain added from input.
Parameter slope specified as 0.20000
Parameter semiSat specified as 0.57000
Parameter beta specified as 1.00000
Parameter sigma specified as 0.10000
seed = 99seed = 104seed = 111seed = 111seed = 115seed = 101Initializing Q+. This may take a minute...
Elapsed time is 9.442857 seconds.
Simulated parameters:
slope: 0.200 semiSat: 0.570 beta: 1.000 sigma: 0.100 

Trial 1: baseline Stimulus Selection
Stimulus: 0.010
Output value 0.000

Q+ parameters
slope: 0.026 semiSat: 0.890 beta: 0.500 sigma: 0.010 
maxBOLD estimate = 1.000


Trial 2: maxBOLD Stimulus Selection
Stimulus: 1.000
Output value 1.364

Q+ parameters
slope: 0.055 semiSat: 0.670 beta: 1.250 sigma: 0.010 
maxBOLD estimate = 1.000


Trial 3: baseline Stimulus Selection
Stimulus: 0.010
Output value 0.142

Q+ parameters
slope: 0.055 semiSat: 0.670 beta: 1.250 sigma: 0.062 
maxBOLD estimate = 1.250


Trial 4: maxBOLD Stimulus Selection
Stimulus: 1.000
Output value 1.918

Q+ parameters
slope: 0.055 semiSat: 0.670 beta: 1.125 sigma: 0.062 
maxBOLD estimate = 1.562


Trial 5: baseline Stimulus Selection
Stimulus: 0.010
Output value -0.180

Q+ parameters
slope: 0.055 semiSat: 0.670 beta: 1.125 sigma: 0.114 
maxBOLD estimate = 1.758


Trial 6: maxBOLD Stimulus Selection
Stimulus: 1.000
Output value 1.567

Q+ parameters
slope: 0.043 semiSat: 0.780 beta: 0.969 sigma: 0.062 
maxBOLD estimate = 1.978


Trial 7: random Stimulus Selection
Stimulus: 0.175
Output value 0.169

Q+ parameters
slope: 0.043 semiSat: 0.780 beta: 0.969 sigma: 0.062 
maxBOLD estimate = 1.916


Trial 8: random Stimulus Selection
Stimulus: 0.175
Output value 0.190

Q+ parameters
slope: 0.043 semiSat: 0.780 beta: 1.125 sigma: 0.062 
maxBOLD estimate = 1.856


Trial 9: random Stimulus Selection
Stimulus: 0.216
Output value 0.285

Q+ parameters
slope: 0.089 semiSat: 0.340 beta: 0.750 sigma: 0.062 
maxBOLD estimate = 2.088


Trial 10: baseline Stimulus Selection
Stimulus: 0.010
Output value 0.000

Q+ parameters
slope: 0.089 semiSat: 0.340 beta: 0.875 sigma: 0.062 
maxBOLD estimate = 1.566


Trial 11: random Stimulus Selection
Stimulus: 0.381
Output value 0.623

Q+ parameters
slope: 0.043 semiSat: 0.560 beta: 1.250 sigma: 0.062 
maxBOLD estimate = 1.370


Trial 12: random Stimulus Selection
Stimulus: 0.794
Output value 1.051

Q+ parameters
slope: 0.043 semiSat: 0.780 beta: 1.125 sigma: 0.062 
maxBOLD estimate = 1.713


Trial 13: random Stimulus Selection
Stimulus: 0.092
Output value 0.000

Q+ parameters
slope: 0.043 semiSat: 0.890 beta: 1.125 sigma: 0.062 
maxBOLD estimate = 1.927


Trial 14: random Stimulus Selection
Stimulus: 0.588
Output value 0.000

Q+ parameters
slope: 0.043 semiSat: 0.890 beta: 1.031 sigma: 0.062 
maxBOLD estimate = 2.168


Trial 15: maxBOLD Stimulus Selection
Stimulus: 1.000
Output value 1.467

Q+ parameters
slope: 0.043 semiSat: 0.890 beta: 1.031 sigma: 0.062 
maxBOLD estimate = 2.235


Trial 16: random Stimulus Selection
Stimulus: 0.753
Output value 1.100

Q+ parameters
slope: 0.043 semiSat: 0.780 beta: 0.875 sigma: 0.062 
maxBOLD estimate = 2.305


Trial 17: random Stimulus Selection
Stimulus: 0.505
Output value 0.000

Q+ parameters
slope: 0.183 semiSat: 0.670 beta: 0.750 sigma: 0.062 
maxBOLD estimate = 2.017


Trial 18: random Stimulus Selection
Stimulus: 0.340
Output value 0.133

Q+ parameters
slope: 0.113 semiSat: 0.670 beta: 0.969 sigma: 0.114 
maxBOLD estimate = 1.513


Trial 19: random Stimulus Selection
Stimulus: 1.000
Output value 0.466

Q+ parameters
slope: 0.234 semiSat: 0.560 beta: 0.875 sigma: 0.166 
maxBOLD estimate = 1.466


Trial 20: baseline Stimulus Selection
Stimulus: 0.010
Output value -0.350

Q+ parameters
slope: 0.070 semiSat: 0.670 beta: 1.500 sigma: 0.114 
maxBOLD estimate = 1.282


Trial 21: random Stimulus Selection
Stimulus: 0.959
Output value 1.180

Q+ parameters
slope: 0.070 semiSat: 0.560 beta: 0.750 sigma: 0.062 
maxBOLD estimate = 1.924


Trial 22: random Stimulus Selection
Stimulus: 0.175
Output value -0.328

Q+ parameters
slope: 0.113 semiSat: 0.670 beta: 1.250 sigma: 0.114 
maxBOLD estimate = 1.443


Trial 23: random Stimulus Selection
Stimulus: 0.711
Output value 1.107

Q+ parameters
slope: 0.183 semiSat: 0.560 beta: 0.750 sigma: 0.114 
maxBOLD estimate = 1.803


Trial 24: random Stimulus Selection
Stimulus: 0.835
Output value 1.844

Q+ parameters
slope: 0.144 semiSat: 0.670 beta: 1.500 sigma: 0.114 
maxBOLD estimate = 1.352


Trial 25: maxBOLD Stimulus Selection
Stimulus: 1.000
Output value 1.660

Q+ parameters
slope: 0.183 semiSat: 0.560 beta: 0.750 sigma: 0.114 
maxBOLD estimate = 2.029


Trial 26: random Stimulus Selection
Stimulus: 0.876
Output value 1.037

Q+ parameters
slope: 0.144 semiSat: 0.670 beta: 1.500 sigma: 0.166 
maxBOLD estimate = 1.522


Trial 27: random Stimulus Selection
Stimulus: 0.670
Output value 0.934

Q+ parameters
slope: 0.183 semiSat: 0.670 beta: 0.750 sigma: 0.114 
maxBOLD estimate = 2.282


Trial 28: random Stimulus Selection
Stimulus: 0.092
Output value -0.301

Q+ parameters
slope: 0.113 semiSat: 0.670 beta: 0.969 sigma: 0.114 
maxBOLD estimate = 1.712


Trial 29: random Stimulus Selection
Stimulus: 0.092
Output value -0.141

Q+ parameters
slope: 0.616 semiSat: 0.670 beta: 0.938 sigma: 0.114 
maxBOLD estimate = 1.658


Trial 30: baseline Stimulus Selection
Stimulus: 0.010
Output value -0.424

Q+ parameters
slope: 0.144 semiSat: 0.670 beta: 1.500 sigma: 0.114 
maxBOLD estimate = 1.555


Trial 31: random Stimulus Selection
Stimulus: 0.546
Output value 0.795

Q+ parameters
slope: 0.055 semiSat: 0.670 beta: 0.750 sigma: 0.114 
maxBOLD estimate = 2.332


Trial 32: random Stimulus Selection
Stimulus: 0.010
Output value -0.318

Q+ parameters
slope: 0.070 semiSat: 0.560 beta: 1.000 sigma: 0.114 
maxBOLD estimate = 1.749


Trial 33: random Stimulus Selection
Stimulus: 1.000
Output value 1.252

Q+ parameters
slope: 0.144 semiSat: 0.560 beta: 0.875 sigma: 0.114 
maxBOLD estimate = 1.749


Trial 34: random Stimulus Selection
Stimulus: 0.670
Output value 1.669

Q+ parameters
slope: 0.144 semiSat: 0.670 beta: 1.500 sigma: 0.114 
maxBOLD estimate = 1.530


Trial 35: maxBOLD Stimulus Selection
Stimulus: 1.000
Output value 0.626

Q+ parameters
slope: 0.055 semiSat: 0.670 beta: 0.750 sigma: 0.114 
maxBOLD estimate = 2.295


Trial 36: random Stimulus Selection
Stimulus: 0.876
Output value 1.369

Q+ parameters
slope: 0.183 semiSat: 0.560 beta: 0.875 sigma: 0.114 
maxBOLD estimate = 1.722


Trial 37: random Stimulus Selection
Stimulus: 0.588
Output value 0.411

Q+ parameters
slope: 0.183 semiSat: 0.670 beta: 1.500 sigma: 0.114 
maxBOLD estimate = 1.506


Trial 38: random Stimulus Selection
Stimulus: 0.753
Output value 1.078

Q+ parameters
slope: 0.055 semiSat: 0.670 beta: 0.875 sigma: 0.062 
maxBOLD estimate = 2.260


Trial 39: random Stimulus Selection
Stimulus: 0.835
Output value 0.899

Q+ parameters
slope: 0.055 semiSat: 0.670 beta: 1.000 sigma: 0.114 
maxBOLD estimate = 1.977


Trial 40: baseline Stimulus Selection
Stimulus: 0.010
Output value -0.359

Q+ parameters
slope: 0.055 semiSat: 0.670 beta: 1.000 sigma: 0.114 
maxBOLD estimate = 1.977


Trial 41: random Stimulus Selection
Stimulus: 0.257
Output value 0.157

Q+ parameters
slope: 0.070 semiSat: 0.560 beta: 0.875 sigma: 0.114 
maxBOLD estimate = 1.977


Trial 42: random Stimulus Selection
Stimulus: 0.216
Output value 0.315

Q+ parameters
slope: 0.070 semiSat: 0.560 beta: 1.000 sigma: 0.114 
maxBOLD estimate = 1.730


Trial 43: random Stimulus Selection
Stimulus: 0.175
Output value 0.000

Q+ parameters
slope: 0.070 semiSat: 0.560 beta: 1.000 sigma: 0.114 
maxBOLD estimate = 1.730


Trial 44: random Stimulus Selection
Stimulus: 0.381
Output value 0.472

Q+ parameters
slope: 0.070 semiSat: 0.560 beta: 1.000 sigma: 0.114 
maxBOLD estimate = 1.730


Trial 45: maxBOLD Stimulus Selection
Stimulus: 1.000
Output value 1.887

Q+ parameters
slope: 0.070 semiSat: 0.560 beta: 1.000 sigma: 0.114 
maxBOLD estimate = 1.730


Trial 46: random Stimulus Selection
Stimulus: 0.876
Output value 1.651

Q+ parameters
slope: 0.183 semiSat: 0.560 beta: 0.875 sigma: 0.114 
maxBOLD estimate = 1.730


Trial 47: random Stimulus Selection
Stimulus: 0.505
Output value 1.445

Q+ parameters
slope: 0.070 semiSat: 0.670 beta: 1.500 sigma: 0.114 
maxBOLD estimate = 1.514


Trial 48: random Stimulus Selection
Stimulus: 0.175
Output value 0.310

Q+ parameters
slope: 0.070 semiSat: 0.560 beta: 0.750 sigma: 0.114 
maxBOLD estimate = 2.271


Trial 49: random Stimulus Selection
Stimulus: 0.753
Output value 1.916

Q+ parameters
slope: 0.089 semiSat: 0.560 beta: 1.031 sigma: 0.114 
maxBOLD estimate = 1.703


Trial 50: baseline Stimulus Selection
Stimulus: 0.010
Output value 0.279

Q+ parameters
slope: 0.183 semiSat: 0.560 beta: 0.875 sigma: 0.114 
maxBOLD estimate = 1.756


Trial 51: random Stimulus Selection
Stimulus: 0.794
Output value 2.305

Q+ parameters
slope: 0.113 semiSat: 0.670 beta: 1.500 sigma: 0.114 
maxBOLD estimate = 1.537


Trial 52: random Stimulus Selection
Stimulus: 0.918
Output value 1.414

Q+ parameters
slope: 0.089 semiSat: 0.560 beta: 0.750 sigma: 0.114 
maxBOLD estimate = 2.305


Trial 53: random Stimulus Selection
Stimulus: 0.216
Output value -0.138

Q+ parameters
slope: 0.234 semiSat: 0.560 beta: 0.875 sigma: 0.114 
maxBOLD estimate = 1.729


Trial 54: random Stimulus Selection
Stimulus: 0.505
Output value 1.031

Q+ parameters
slope: 0.070 semiSat: 0.670 beta: 1.500 sigma: 0.114 
maxBOLD estimate = 1.513


Trial 55: maxBOLD Stimulus Selection
Stimulus: 1.000
Output value 1.083

Q+ parameters
slope: 0.070 semiSat: 0.560 beta: 0.750 sigma: 0.114 
maxBOLD estimate = 2.269


Trial 56: random Stimulus Selection
Stimulus: 0.670
Output value 1.740

Q+ parameters
slope: 0.183 semiSat: 0.560 beta: 0.938 sigma: 0.114 
maxBOLD estimate = 1.702


Trial 57: random Stimulus Selection
Stimulus: 0.257
Output value 0.653

Q+ parameters
slope: 0.070 semiSat: 0.670 beta: 1.500 sigma: 0.114 
maxBOLD estimate = 1.595


Trial 58: random Stimulus Selection
Stimulus: 0.423
Output value -0.163

Q+ parameters
slope: 0.183 semiSat: 0.560 beta: 0.750 sigma: 0.114 
maxBOLD estimate = 2.393


Trial 59: random Stimulus Selection
Stimulus: 1.000
Output value 1.713

Q+ parameters
slope: 0.234 semiSat: 0.560 beta: 0.875 sigma: 0.114 
maxBOLD estimate = 1.795


Trial 60: baseline Stimulus Selection
Stimulus: 0.010
Output value -0.428

Q+ parameters
slope: 0.070 semiSat: 0.670 beta: 1.500 sigma: 0.114 
maxBOLD estimate = 1.570


Trial 61: random Stimulus Selection
Stimulus: 0.051
Output value 0.161

Q+ parameters
slope: 0.183 semiSat: 0.560 beta: 0.750 sigma: 0.114 
maxBOLD estimate = 2.356


Trial 62: random Stimulus Selection
Stimulus: 0.051
Output value -0.301

Q+ parameters
slope: 0.183 semiSat: 0.560 beta: 0.938 sigma: 0.114 
maxBOLD estimate = 1.767


Trial 63: random Stimulus Selection
Stimulus: 0.134
Output value 0.292

Q+ parameters
slope: 0.144 semiSat: 0.560 beta: 0.969 sigma: 0.114 
maxBOLD estimate = 1.656


Trial 64: random Stimulus Selection
Stimulus: 0.257
Output value -0.310

Q+ parameters
slope: 0.144 semiSat: 0.560 beta: 1.062 sigma: 0.114 
maxBOLD estimate = 1.605


Trial 65: maxBOLD Stimulus Selection
Stimulus: 1.000
Output value 1.162

Q+ parameters
slope: 0.183 semiSat: 0.560 beta: 0.938 sigma: 0.114 
maxBOLD estimate = 1.705


Trial 66: random Stimulus Selection
Stimulus: 0.835
Output value 1.648

Q+ parameters
slope: 0.183 semiSat: 0.560 beta: 1.031 sigma: 0.114 
maxBOLD estimate = 1.598


Trial 67: random Stimulus Selection
Stimulus: 0.340
Output value -0.290

Q+ parameters
slope: 0.144 semiSat: 0.560 beta: 0.969 sigma: 0.114 
maxBOLD estimate = 1.648


Trial 68: random Stimulus Selection
Stimulus: 0.216
Output value 0.299

Q+ parameters
slope: 0.183 semiSat: 0.560 beta: 1.031 sigma: 0.114 
maxBOLD estimate = 1.597


Trial 69: random Stimulus Selection
Stimulus: 0.134
Output value -0.290

Q+ parameters
slope: 0.144 semiSat: 0.560 beta: 0.969 sigma: 0.114 
maxBOLD estimate = 1.647


Trial 70: baseline Stimulus Selection
Stimulus: 0.010
Output value 0.000

Q+ parameters
slope: 0.183 semiSat: 0.560 beta: 1.031 sigma: 0.114 
maxBOLD estimate = 1.595


Trial 71: random Stimulus Selection
Stimulus: 0.381
Output value 0.579

Q+ parameters
slope: 0.144 semiSat: 0.560 beta: 0.969 sigma: 0.114 
maxBOLD estimate = 1.645


Trial 72: random Stimulus Selection
Stimulus: 0.340
Output value -0.299

Q+ parameters
slope: 0.144 semiSat: 0.560 beta: 1.031 sigma: 0.114 
maxBOLD estimate = 1.594


Trial 73: random Stimulus Selection
Stimulus: 0.918
Output value 1.592

Q+ parameters
slope: 0.144 semiSat: 0.560 beta: 0.969 sigma: 0.114 
maxBOLD estimate = 1.643


Trial 74: random Stimulus Selection
Stimulus: 0.711
Output value 1.791

Q+ parameters
slope: 0.183 semiSat: 0.560 beta: 1.031 sigma: 0.114 
maxBOLD estimate = 1.592


Trial 75: maxBOLD Stimulus Selection
Stimulus: 1.000
Output value 1.012

Q+ parameters
slope: 0.144 semiSat: 0.560 beta: 0.969 sigma: 0.114 
maxBOLD estimate = 1.642


Trial 76: random Stimulus Selection
Stimulus: 0.629
Output value 1.044

Q+ parameters
slope: 0.144 semiSat: 0.560 beta: 1.031 sigma: 0.114 
maxBOLD estimate = 1.591


Trial 77: random Stimulus Selection
Stimulus: 0.588
Output value 1.011

Q+ parameters
slope: 0.144 semiSat: 0.560 beta: 0.969 sigma: 0.114 
maxBOLD estimate = 1.640


Trial 78: random Stimulus Selection
Stimulus: 0.629
Output value 0.447

Q+ parameters
slope: 0.144 semiSat: 0.560 beta: 1.031 sigma: 0.114 
maxBOLD estimate = 1.589


Trial 79: random Stimulus Selection
Stimulus: 0.835
Output value 1.154

Q+ parameters
slope: 0.144 semiSat: 0.560 beta: 0.969 sigma: 0.114 
maxBOLD estimate = 1.639


Trial 80: baseline Stimulus Selection
Stimulus: 0.010
Output value 0.000

Q+ parameters
slope: 0.144 semiSat: 0.560 beta: 0.969 sigma: 0.114 
maxBOLD estimate = 1.587


Trial 81: random Stimulus Selection
Stimulus: 0.711
Output value 1.337

Q+ parameters
slope: 0.144 semiSat: 0.560 beta: 1.062 sigma: 0.114 
maxBOLD estimate = 1.538


Trial 82: random Stimulus Selection
Stimulus: 0.340
Output value -0.288

Q+ parameters
slope: 0.144 semiSat: 0.560 beta: 0.969 sigma: 0.114 
maxBOLD estimate = 1.634


Trial 83: random Stimulus Selection
Stimulus: 0.505
Output value 0.279

Q+ parameters
slope: 0.144 semiSat: 0.560 beta: 0.969 sigma: 0.114 
maxBOLD estimate = 1.583


Trial 84: random Stimulus Selection
Stimulus: 1.000
Output value 1.080

Q+ parameters
slope: 0.298 semiSat: 0.560 beta: 0.969 sigma: 0.114 
maxBOLD estimate = 1.533


Trial 85: maxBOLD Stimulus Selection
Stimulus: 1.000
Output value 1.047

Q+ parameters
slope: 0.298 semiSat: 0.560 beta: 0.969 sigma: 0.114 
maxBOLD estimate = 1.485


Trial 86: random Stimulus Selection
Stimulus: 0.918
Output value 1.668

Q+ parameters
slope: 0.183 semiSat: 0.560 beta: 1.062 sigma: 0.114 
maxBOLD estimate = 1.439


Trial 87: random Stimulus Selection
Stimulus: 0.505
Output value -0.269

Q+ parameters
slope: 0.298 semiSat: 0.560 beta: 0.969 sigma: 0.114 
maxBOLD estimate = 1.529


Trial 88: random Stimulus Selection
Stimulus: 0.629
Output value 1.304

Q+ parameters
slope: 0.298 semiSat: 0.560 beta: 0.969 sigma: 0.114 
maxBOLD estimate = 1.481


Trial 89: random Stimulus Selection
Stimulus: 0.464
Output value 0.000

Q+ parameters
slope: 0.298 semiSat: 0.560 beta: 0.969 sigma: 0.114 
maxBOLD estimate = 1.435


Trial 90: baseline Stimulus Selection
Stimulus: 0.010
Output value 0.000

Q+ parameters
slope: 0.298 semiSat: 0.560 beta: 1.062 sigma: 0.114 
maxBOLD estimate = 1.390


Trial 91: random Stimulus Selection
Stimulus: 0.423
Output value 0.130

Q+ parameters
slope: 0.298 semiSat: 0.560 beta: 0.969 sigma: 0.114 
maxBOLD estimate = 1.477


Trial 92: random Stimulus Selection
Stimulus: 0.918
Output value 1.008

Q+ parameters
slope: 0.298 semiSat: 0.560 beta: 0.969 sigma: 0.114 
maxBOLD estimate = 1.431


Trial 93: random Stimulus Selection
Stimulus: 0.546
Output value 0.402

Q+ parameters
slope: 0.298 semiSat: 0.560 beta: 1.062 sigma: 0.114 
maxBOLD estimate = 1.386


Trial 94: random Stimulus Selection
Stimulus: 0.794
Output value 1.038

Q+ parameters
slope: 0.298 semiSat: 0.560 beta: 0.969 sigma: 0.114 
maxBOLD estimate = 1.473


Trial 95: maxBOLD Stimulus Selection
Stimulus: 1.000
Output value 1.382

Q+ parameters
slope: 0.298 semiSat: 0.560 beta: 0.969 sigma: 0.114 
maxBOLD estimate = 1.427


Trial 96: random Stimulus Selection
Stimulus: 0.546
Output value 0.534

Q+ parameters
slope: 0.298 semiSat: 0.560 beta: 1.062 sigma: 0.114 
maxBOLD estimate = 1.382


Trial 97: random Stimulus Selection
Stimulus: 0.051
Output value 0.129

Q+ parameters
slope: 0.298 semiSat: 0.560 beta: 0.969 sigma: 0.114 
maxBOLD estimate = 1.468


Trial 98: random Stimulus Selection
Stimulus: 0.423
Output value -0.251

Q+ parameters
slope: 0.298 semiSat: 0.560 beta: 0.969 sigma: 0.114 
maxBOLD estimate = 1.423


Trial 99: random Stimulus Selection
Stimulus: 0.340
Output value 0.133

Q+ parameters
slope: 0.298 semiSat: 0.560 beta: 1.062 sigma: 0.114 
maxBOLD estimate = 1.378


Trial 100: baseline Stimulus Selection
Stimulus: 0.010
Output value -0.129

Q+ parameters
slope: 0.298 semiSat: 0.560 beta: 0.969 sigma: 0.114 
maxBOLD estimate = 1.464

--------------------------------------------------------------
FINAL VALUES
--------------------------------------------------------------
Simulated parameters:              slope: 0.200 semiSat: 0.570 beta: 1.000 sigma: 0.100 
Max posterior QUEST+ parameters:   slope: 0.234 semiSat: 0.560 beta: 0.875 sigma: 0.114 
Max BADS parameters:               slope: 0.230 semiSat: 0.599 beta: 1.000 sigma: 0.137 
maxBOLD estimate: 1.798
