/blue/stevenweisberg/stevenweisberg/MATLAB/projects/Weisberg_Aguirre_2020/scripts/run_sims
c4a-s20.ufhpc
Fri Nov 13 16:09:05 EST 2020
mkdir: cannot create directory ‘/blue/stevenweisberg/stevenweisberg/qpfMRIResults/model_parameter_set1/’: File exists
cp: cannot stat ‘/blue/stevenweisberg/stevenweisberg/qpfMRIResults/deploy_sim.sh’: No such file or directory
cp: cannot stat ‘/blue/stevenweisberg/stevenweisberg/qpfMRIResults/sim_wrapper.sh’: No such file or directory
------------------------------------------
Setting up environment variables
---
LD_LIBRARY_PATH is .:/apps/matlab/mcr/2020b/v99/runtime/glnxa64:/apps/matlab/mcr/2020b/v99/bin/glnxa64:/apps/matlab/mcr/2020b/v99/sys/os/glnxa64:/apps/matlab/mcr/2020b/v99/sys/opengl/lib/glnxa64
Warning: Executing startup failed in matlabrc.
This indicates a potentially serious problem in your MATLAB setup, which should be resolved as soon as possible.  Error detected was:
MATLAB:mpath:PathAlterationNotSupported
Modifying the search path is not supported by MATLAB Compiler. Remove functions that modify the search path from your MATLAB code. To make files visible to your deployed application, add the parent folder to your MATLAB session.
Warning: No stimulus domain specified. Defaulting to values between 0.01 and 1.
> In qpfmriParams (line 182)
In compiledSimulate (line 205)
Stimulus domain added from input.
Parameter slope specified as 0.41000
Parameter semiSat specified as 0.57000
Parameter beta specified as 1.00000
Parameter sigma specified as 0.25000
seed = 99seed = 104seed = 111seed = 111seed = 115seed = 101Initializing Q+. This may take a minute...
Elapsed time is 20.429717 seconds.
Simulated parameters:
slope: 0.410 semiSat: 0.570 beta: 1.000 sigma: 0.250 

Trial 1: baseline Stimulus Selection
Stimulus: 0.010
Output value 0.000

Q+ parameters
slope: 0.026 semiSat: 0.890 beta: 0.500 sigma: 0.010 
maxBOLD estimate = 1.000


Trial 2: maxBOLD Stimulus Selection
Stimulus: 1.000
Output value 1.136

Q+ parameters
slope: 0.043 semiSat: 0.780 beta: 1.250 sigma: 0.010 
maxBOLD estimate = 1.000


Trial 3: baseline Stimulus Selection
Stimulus: 0.010
Output value -0.284

Q+ parameters
slope: 0.055 semiSat: 0.670 beta: 1.250 sigma: 0.166 
maxBOLD estimate = 1.250


Trial 4: maxBOLD Stimulus Selection
Stimulus: 1.000
Output value 0.000

Q+ parameters
slope: 0.034 semiSat: 1.000 beta: 1.250 sigma: 1.000 
maxBOLD estimate = 1.562


Trial 5: baseline Stimulus Selection
Stimulus: 0.010
Output value 0.089

Q+ parameters
slope: 0.034 semiSat: 0.780 beta: 0.500 sigma: 0.271 
maxBOLD estimate = 1.953


Trial 6: maxBOLD Stimulus Selection
Stimulus: 1.000
Output value 1.032

Q+ parameters
slope: 0.043 semiSat: 0.780 beta: 0.969 sigma: 1.000 
maxBOLD estimate = 0.977


Trial 7: random Stimulus Selection
Stimulus: 0.299
Output value 0.774

Q+ parameters
slope: 0.298 semiSat: 0.120 beta: 0.750 sigma: 1.000 
maxBOLD estimate = 0.946


Trial 8: random Stimulus Selection
Stimulus: 1.000
Output value 0.581

Q+ parameters
slope: 0.298 semiSat: 0.120 beta: 0.750 sigma: 1.000 
maxBOLD estimate = 0.710


Trial 9: random Stimulus Selection
Stimulus: 0.051
Output value -0.091

Q+ parameters
slope: 0.379 semiSat: 0.230 beta: 0.938 sigma: 0.427 
maxBOLD estimate = 0.532


Trial 10: baseline Stimulus Selection
Stimulus: 0.010
Output value 0.159

Q+ parameters
slope: 0.483 semiSat: 0.120 beta: 0.500 sigma: 1.000 
maxBOLD estimate = 0.499


Trial 11: random Stimulus Selection
Stimulus: 0.670
Output value 0.255

Q+ parameters
slope: 0.016 semiSat: 0.450 beta: 0.938 sigma: 1.000 
maxBOLD estimate = 0.249


Trial 12: random Stimulus Selection
Stimulus: 0.918
Output value 0.239

Q+ parameters
slope: 0.016 semiSat: 0.450 beta: 0.938 sigma: 1.000 
maxBOLD estimate = 0.234


Trial 13: random Stimulus Selection
Stimulus: 0.711
Output value 0.209

Q+ parameters
slope: 0.010 semiSat: 0.340 beta: 0.875 sigma: 1.000 
maxBOLD estimate = 0.219


Trial 14: random Stimulus Selection
Stimulus: 0.505
Output value 0.314

Q+ parameters
slope: 0.043 semiSat: 0.230 beta: 1.500 sigma: 0.375 
maxBOLD estimate = 0.192


Trial 15: maxBOLD Stimulus Selection
Stimulus: 1.000
Output value 0.157

Q+ parameters
slope: 0.089 semiSat: 0.120 beta: 0.500 sigma: 1.000 
maxBOLD estimate = 0.288


Trial 16: random Stimulus Selection
Stimulus: 0.794
Output value 0.147

Q+ parameters
slope: 0.010 semiSat: 0.120 beta: 0.938 sigma: 1.000 
maxBOLD estimate = 0.144


Trial 17: random Stimulus Selection
Stimulus: 0.876
Output value 0.138

Q+ parameters
slope: 0.010 semiSat: 0.120 beta: 0.938 sigma: 1.000 
maxBOLD estimate = 0.135


Trial 18: random Stimulus Selection
Stimulus: 0.876
Output value 0.207

Q+ parameters
slope: 0.043 semiSat: 0.230 beta: 1.500 sigma: 0.323 
maxBOLD estimate = 0.126


Trial 19: random Stimulus Selection
Stimulus: 0.134
Output value 0.129

Q+ parameters
slope: 0.043 semiSat: 0.230 beta: 1.500 sigma: 0.271 
maxBOLD estimate = 0.190


Trial 20: baseline Stimulus Selection
Stimulus: 0.010
Output value 0.065

Q+ parameters
slope: 0.298 semiSat: 0.230 beta: 0.500 sigma: 1.000 
maxBOLD estimate = 0.285


Trial 21: random Stimulus Selection
Stimulus: 0.876
Output value 0.194

Q+ parameters
slope: 0.021 semiSat: 0.340 beta: 1.250 sigma: 1.000 
maxBOLD estimate = 0.142


Trial 22: random Stimulus Selection
Stimulus: 0.588
Output value 0.242

Q+ parameters
slope: 0.021 semiSat: 0.340 beta: 1.250 sigma: 1.000 
maxBOLD estimate = 0.178


Trial 23: random Stimulus Selection
Stimulus: 0.464
Output value 0.303

Q+ parameters
slope: 0.021 semiSat: 0.340 beta: 1.250 sigma: 1.000 
maxBOLD estimate = 0.222


Trial 24: random Stimulus Selection
Stimulus: 0.835
Output value 0.455

Q+ parameters
slope: 0.026 semiSat: 0.340 beta: 1.500 sigma: 0.583 
maxBOLD estimate = 0.278


Trial 25: maxBOLD Stimulus Selection
Stimulus: 1.000
Output value 0.568

Q+ parameters
slope: 0.026 semiSat: 0.230 beta: 1.250 sigma: 1.000 
maxBOLD estimate = 0.417


Trial 26: random Stimulus Selection
Stimulus: 0.629
Output value 0.710

Q+ parameters
slope: 0.026 semiSat: 0.230 beta: 1.250 sigma: 1.000 
maxBOLD estimate = 0.521


Trial 27: random Stimulus Selection
Stimulus: 0.588
Output value -0.074

Q+ parameters
slope: 0.016 semiSat: 0.670 beta: 1.250 sigma: 1.000 
maxBOLD estimate = 0.651


Trial 28: random Stimulus Selection
Stimulus: 0.588
Output value 0.370

Q+ parameters
slope: 0.070 semiSat: 0.340 beta: 0.500 sigma: 1.000 
maxBOLD estimate = 0.814


Trial 29: random Stimulus Selection
Stimulus: 0.918
Output value 0.222

Q+ parameters
slope: 0.298 semiSat: 0.230 beta: 0.500 sigma: 1.000 
maxBOLD estimate = 0.407


Trial 30: baseline Stimulus Selection
Stimulus: 0.010
Output value -0.056

Q+ parameters
slope: 0.043 semiSat: 0.230 beta: 1.500 sigma: 0.271 
maxBOLD estimate = 0.204

--------------------------------------------------------------
FINAL VALUES
--------------------------------------------------------------
Simulated parameters:              slope: 0.410 semiSat: 0.570 beta: 1.000 sigma: 0.250 
Max posterior QUEST+ parameters:   slope: 0.616 semiSat: 0.010 beta: 0.500 sigma: 1.000 
Max BADS parameters:               slope: 0.141 semiSat: 0.015 beta: 1.000 sigma: 0.216 
maxBOLD estimate: 0.289
