/blue/stevenweisberg/stevenweisberg/MATLAB/projects/Weisberg_Aguirre_2020/scripts/run_sims
c0706a-s6.ufhpc
Wed Apr  7 09:43:18 EDT 2021
mkdir: cannot create directory ‘/blue/stevenweisberg/stevenweisberg/qpfMRIResults/model_parameter_set2/’: File exists
cp: cannot stat ‘/blue/stevenweisberg/stevenweisberg/qpfMRIResults/deploy_sim.sh’: No such file or directory
cp: cannot stat ‘/blue/stevenweisberg/stevenweisberg/qpfMRIResults/sim_wrapper.sh’: No such file or directory
------------------------------------------
Setting up environment variables
---
LD_LIBRARY_PATH is .:/apps/matlab/mcr/2020b/v99/runtime/glnxa64:/apps/matlab/mcr/2020b/v99/bin/glnxa64:/apps/matlab/mcr/2020b/v99/sys/os/glnxa64:/apps/matlab/mcr/2020b/v99/sys/opengl/lib/glnxa64
Warning: Executing startup failed in matlabrc.
This indicates a potentially serious problem in your MATLAB setup, which should be resolved as soon as possible.  Error detected was:
MATLAB:mpath:PathAlterationNotSupported
Modifying the search path is not supported by MATLAB Compiler. Remove functions that modify the search path from your MATLAB code. To make files visible to your deployed application, add the parent folder to your MATLAB session.
Warning: No stimulus domain specified. Defaulting to values between 0.01 and 1.
> In qpfmriParams (line 182)
In compiledSimulate (line 205)
Stimulus domain added from input.
Parameter slope specified as 0.20000
Parameter semiSat specified as 0.57000
Parameter beta specified as 1.00000
Parameter sigma specified as 0.10000
seed = 99seed = 104seed = 111seed = 111seed = 115seed = 101Initializing Q+. This may take a minute...
Elapsed time is 7.295928 seconds.
Simulated parameters:
slope: 0.200 semiSat: 0.570 beta: 1.000 sigma: 0.100 

Trial 1: baseline Stimulus Selection
Stimulus: 0.010
Output value 0.000

Q+ parameters
slope: 0.026 semiSat: 0.890 beta: 0.500 sigma: 0.010 
maxBOLD estimate = 1.000


Trial 2: maxBOLD Stimulus Selection
Stimulus: 1.000
Output value 1.364

Q+ parameters
slope: 0.055 semiSat: 0.670 beta: 1.250 sigma: 0.010 
maxBOLD estimate = 1.000


Trial 3: baseline Stimulus Selection
Stimulus: 0.010
Output value 0.142

Q+ parameters
slope: 0.055 semiSat: 0.670 beta: 1.250 sigma: 0.062 
maxBOLD estimate = 1.250


Trial 4: maxBOLD Stimulus Selection
Stimulus: 1.000
Output value 1.598

Q+ parameters
slope: 0.055 semiSat: 0.670 beta: 1.125 sigma: 0.062 
maxBOLD estimate = 1.562


Trial 5: baseline Stimulus Selection
Stimulus: 0.010
Output value 0.000

Q+ parameters
slope: 0.043 semiSat: 0.780 beta: 1.125 sigma: 0.062 
maxBOLD estimate = 1.758


Trial 6: maxBOLD Stimulus Selection
Stimulus: 1.000
Output value 1.567

Q+ parameters
slope: 0.043 semiSat: 0.780 beta: 0.969 sigma: 0.062 
maxBOLD estimate = 1.978


Trial 7: qplus Stimulus Selection
Stimulus: 0.670
Output value 1.371

Q+ parameters
slope: 0.070 semiSat: 0.450 beta: 0.875 sigma: 0.062 
maxBOLD estimate = 1.916


Trial 8: qplus Stimulus Selection
Stimulus: 0.381
Output value 0.286

Q+ parameters
slope: 0.183 semiSat: 0.450 beta: 0.938 sigma: 0.062 
maxBOLD estimate = 1.676


Trial 9: qplus Stimulus Selection
Stimulus: 0.505
Output value 0.402

Q+ parameters
slope: 0.144 semiSat: 0.560 beta: 0.938 sigma: 0.062 
maxBOLD estimate = 1.572


Trial 10: baseline Stimulus Selection
Stimulus: 0.010
Output value -0.335

Q+ parameters
slope: 0.183 semiSat: 0.560 beta: 1.250 sigma: 0.114 
maxBOLD estimate = 1.473


Trial 11: qplus Stimulus Selection
Stimulus: 0.505
Output value 0.471

Q+ parameters
slope: 0.144 semiSat: 0.560 beta: 0.938 sigma: 0.062 
maxBOLD estimate = 1.842


Trial 12: qplus Stimulus Selection
Stimulus: 0.629
Output value 1.324

Q+ parameters
slope: 0.144 semiSat: 0.560 beta: 0.938 sigma: 0.062 
maxBOLD estimate = 1.727


Trial 13: qplus Stimulus Selection
Stimulus: 0.505
Output value 0.294

Q+ parameters
slope: 0.183 semiSat: 0.560 beta: 1.000 sigma: 0.062 
maxBOLD estimate = 1.619


Trial 14: qplus Stimulus Selection
Stimulus: 0.588
Output value 0.828

Q+ parameters
slope: 0.144 semiSat: 0.560 beta: 0.938 sigma: 0.062 
maxBOLD estimate = 1.619


Trial 15: maxBOLD Stimulus Selection
Stimulus: 1.000
Output value 2.069

Q+ parameters
slope: 0.144 semiSat: 0.560 beta: 1.250 sigma: 0.062 
maxBOLD estimate = 1.517


Trial 16: qplus Stimulus Selection
Stimulus: 0.464
Output value 0.647

Q+ parameters
slope: 0.144 semiSat: 0.560 beta: 0.938 sigma: 0.062 
maxBOLD estimate = 1.897


Trial 17: qplus Stimulus Selection
Stimulus: 0.423
Output value 0.455

Q+ parameters
slope: 0.144 semiSat: 0.560 beta: 0.938 sigma: 0.062 
maxBOLD estimate = 1.778


Trial 18: qplus Stimulus Selection
Stimulus: 0.711
Output value 1.719

Q+ parameters
slope: 0.113 semiSat: 0.560 beta: 1.031 sigma: 0.062 
maxBOLD estimate = 1.667


Trial 19: qplus Stimulus Selection
Stimulus: 0.629
Output value 1.612

Q+ parameters
slope: 0.183 semiSat: 0.560 beta: 1.031 sigma: 0.062 
maxBOLD estimate = 1.719


Trial 20: baseline Stimulus Selection
Stimulus: 0.010
Output value -0.332

Q+ parameters
slope: 0.113 semiSat: 0.560 beta: 1.031 sigma: 0.062 
maxBOLD estimate = 1.773


Trial 21: qplus Stimulus Selection
Stimulus: 0.629
Output value 1.402

Q+ parameters
slope: 0.183 semiSat: 0.560 beta: 0.938 sigma: 0.062 
maxBOLD estimate = 1.828


Trial 22: qplus Stimulus Selection
Stimulus: 0.711
Output value 1.091

Q+ parameters
slope: 0.113 semiSat: 0.560 beta: 1.000 sigma: 0.062 
maxBOLD estimate = 1.714


Trial 23: qplus Stimulus Selection
Stimulus: 0.423
Output value 0.467

Q+ parameters
slope: 0.113 semiSat: 0.560 beta: 1.000 sigma: 0.062 
maxBOLD estimate = 1.714


Trial 24: qplus Stimulus Selection
Stimulus: 0.711
Output value 1.402

Q+ parameters
slope: 0.113 semiSat: 0.560 beta: 1.000 sigma: 0.062 
maxBOLD estimate = 1.714


Trial 25: maxBOLD Stimulus Selection
Stimulus: 1.000
Output value 1.928

Q+ parameters
slope: 0.113 semiSat: 0.560 beta: 1.031 sigma: 0.062 
maxBOLD estimate = 1.714


Trial 26: qplus Stimulus Selection
Stimulus: 0.464
Output value 0.482

Q+ parameters
slope: 0.113 semiSat: 0.560 beta: 1.000 sigma: 0.062 
maxBOLD estimate = 1.768


Trial 27: qplus Stimulus Selection
Stimulus: 0.588
Output value 1.491

Q+ parameters
slope: 0.113 semiSat: 0.560 beta: 1.031 sigma: 0.062 
maxBOLD estimate = 1.768


Trial 28: qplus Stimulus Selection
Stimulus: 0.423
Output value 0.513

Q+ parameters
slope: 0.113 semiSat: 0.560 beta: 1.031 sigma: 0.114 
maxBOLD estimate = 1.823


Trial 29: qplus Stimulus Selection
Stimulus: 0.423
Output value 0.000

Q+ parameters
slope: 0.144 semiSat: 0.560 beta: 0.938 sigma: 0.062 
maxBOLD estimate = 1.880


Trial 30: baseline Stimulus Selection
Stimulus: 0.010
Output value -0.180

Q+ parameters
slope: 0.113 semiSat: 0.560 beta: 1.125 sigma: 0.114 
maxBOLD estimate = 1.762


Trial 31: qplus Stimulus Selection
Stimulus: 0.629
Output value 1.014

Q+ parameters
slope: 0.144 semiSat: 0.560 beta: 0.938 sigma: 0.062 
maxBOLD estimate = 1.983


Trial 32: qplus Stimulus Selection
Stimulus: 0.670
Output value 0.950

Q+ parameters
slope: 0.113 semiSat: 0.560 beta: 0.938 sigma: 0.062 
maxBOLD estimate = 1.859


Trial 33: qplus Stimulus Selection
Stimulus: 0.423
Output value 0.000

Q+ parameters
slope: 0.113 semiSat: 0.560 beta: 1.031 sigma: 0.114 
maxBOLD estimate = 1.743


Trial 34: qplus Stimulus Selection
Stimulus: 0.423
Output value 0.000

Q+ parameters
slope: 0.144 semiSat: 0.560 beta: 1.000 sigma: 0.114 
maxBOLD estimate = 1.797


Trial 35: maxBOLD Stimulus Selection
Stimulus: 1.000
Output value 1.144

Q+ parameters
slope: 0.144 semiSat: 0.560 beta: 1.000 sigma: 0.114 
maxBOLD estimate = 1.797


Trial 36: qplus Stimulus Selection
Stimulus: 0.794
Output value 1.144

Q+ parameters
slope: 0.144 semiSat: 0.560 beta: 0.875 sigma: 0.114 
maxBOLD estimate = 1.797


Trial 37: qplus Stimulus Selection
Stimulus: 0.794
Output value 1.965

Q+ parameters
slope: 0.113 semiSat: 0.560 beta: 1.250 sigma: 0.114 
maxBOLD estimate = 1.572


Trial 38: qplus Stimulus Selection
Stimulus: 0.505
Output value 0.000

Q+ parameters
slope: 0.144 semiSat: 0.560 beta: 0.875 sigma: 0.114 
maxBOLD estimate = 1.965


Trial 39: qplus Stimulus Selection
Stimulus: 1.000
Output value 0.733

Q+ parameters
slope: 0.144 semiSat: 0.560 beta: 0.938 sigma: 0.114 
maxBOLD estimate = 1.720


Trial 40: baseline Stimulus Selection
Stimulus: 0.010
Output value -0.302

Q+ parameters
slope: 0.183 semiSat: 0.560 beta: 1.031 sigma: 0.114 
maxBOLD estimate = 1.612


Trial 41: qplus Stimulus Selection
Stimulus: 0.505
Output value -0.151

Q+ parameters
slope: 0.144 semiSat: 0.560 beta: 1.000 sigma: 0.114 
maxBOLD estimate = 1.663


Trial 42: qplus Stimulus Selection
Stimulus: 0.588
Output value 0.756

Q+ parameters
slope: 0.144 semiSat: 0.560 beta: 1.000 sigma: 0.114 
maxBOLD estimate = 1.663


Trial 43: qplus Stimulus Selection
Stimulus: 0.588
Output value 0.879

Q+ parameters
slope: 0.144 semiSat: 0.560 beta: 0.969 sigma: 0.114 
maxBOLD estimate = 1.663


Trial 44: qplus Stimulus Selection
Stimulus: 0.588
Output value 0.567

Q+ parameters
slope: 0.144 semiSat: 0.560 beta: 0.969 sigma: 0.114 
maxBOLD estimate = 1.611


Trial 45: maxBOLD Stimulus Selection
Stimulus: 1.000
Output value 1.463

Q+ parameters
slope: 0.183 semiSat: 0.560 beta: 1.031 sigma: 0.114 
maxBOLD estimate = 1.560


Trial 46: qplus Stimulus Selection
Stimulus: 0.505
Output value 0.754

Q+ parameters
slope: 0.183 semiSat: 0.560 beta: 1.031 sigma: 0.114 
maxBOLD estimate = 1.609


Trial 47: qplus Stimulus Selection
Stimulus: 0.588
Output value 0.424

Q+ parameters
slope: 0.183 semiSat: 0.560 beta: 0.938 sigma: 0.114 
maxBOLD estimate = 1.659


Trial 48: qplus Stimulus Selection
Stimulus: 0.588
Output value 0.875

Q+ parameters
slope: 0.183 semiSat: 0.560 beta: 1.031 sigma: 0.114 
maxBOLD estimate = 1.556


Trial 49: qplus Stimulus Selection
Stimulus: 0.505
Output value 0.000

Q+ parameters
slope: 0.144 semiSat: 0.560 beta: 0.969 sigma: 0.114 
maxBOLD estimate = 1.604


Trial 50: baseline Stimulus Selection
Stimulus: 0.010
Output value -0.291

Q+ parameters
slope: 0.183 semiSat: 0.560 beta: 1.031 sigma: 0.114 
maxBOLD estimate = 1.554


Trial 51: qplus Stimulus Selection
Stimulus: 0.505
Output value -0.150

Q+ parameters
slope: 0.183 semiSat: 0.560 beta: 1.031 sigma: 0.114 
maxBOLD estimate = 1.603


Trial 52: qplus Stimulus Selection
Stimulus: 0.505
Output value -0.146

Q+ parameters
slope: 0.144 semiSat: 0.560 beta: 0.969 sigma: 0.114 
maxBOLD estimate = 1.653


Trial 53: qplus Stimulus Selection
Stimulus: 0.588
Output value 0.600

Q+ parameters
slope: 0.183 semiSat: 0.560 beta: 1.031 sigma: 0.114 
maxBOLD estimate = 1.601


Trial 54: qplus Stimulus Selection
Stimulus: 0.505
Output value 0.291

Q+ parameters
slope: 0.144 semiSat: 0.560 beta: 0.969 sigma: 0.114 
maxBOLD estimate = 1.651


Trial 55: maxBOLD Stimulus Selection
Stimulus: 1.000
Output value 1.500

Q+ parameters
slope: 0.183 semiSat: 0.560 beta: 1.031 sigma: 0.114 
maxBOLD estimate = 1.600


Trial 56: qplus Stimulus Selection
Stimulus: 0.505
Output value 0.436

Q+ parameters
slope: 0.144 semiSat: 0.560 beta: 0.969 sigma: 0.114 
maxBOLD estimate = 1.650


Trial 57: qplus Stimulus Selection
Stimulus: 0.588
Output value 0.899

Q+ parameters
slope: 0.183 semiSat: 0.560 beta: 1.031 sigma: 0.114 
maxBOLD estimate = 1.598


Trial 58: qplus Stimulus Selection
Stimulus: 0.505
Output value 0.145

Q+ parameters
slope: 0.144 semiSat: 0.560 beta: 0.969 sigma: 0.114 
maxBOLD estimate = 1.648


Trial 59: qplus Stimulus Selection
Stimulus: 0.588
Output value 1.048

Q+ parameters
slope: 0.183 semiSat: 0.560 beta: 1.031 sigma: 0.114 
maxBOLD estimate = 1.597


Trial 60: baseline Stimulus Selection
Stimulus: 0.010
Output value 0.145

Q+ parameters
slope: 0.144 semiSat: 0.560 beta: 0.969 sigma: 0.114 
maxBOLD estimate = 1.646


Trial 61: qplus Stimulus Selection
Stimulus: 0.588
Output value 1.015

Q+ parameters
slope: 0.234 semiSat: 0.560 beta: 1.000 sigma: 0.114 
maxBOLD estimate = 1.595


Trial 62: qplus Stimulus Selection
Stimulus: 0.546
Output value 0.725

Q+ parameters
slope: 0.234 semiSat: 0.560 beta: 1.000 sigma: 0.114 
maxBOLD estimate = 1.595


Trial 63: qplus Stimulus Selection
Stimulus: 0.546
Output value 0.281

Q+ parameters
slope: 0.298 semiSat: 0.560 beta: 0.969 sigma: 0.114 
maxBOLD estimate = 1.595


Trial 64: qplus Stimulus Selection
Stimulus: 0.546
Output value 0.816

Q+ parameters
slope: 0.298 semiSat: 0.560 beta: 0.969 sigma: 0.114 
maxBOLD estimate = 1.545


Trial 65: maxBOLD Stimulus Selection
Stimulus: 1.000
Output value 1.403

Q+ parameters
slope: 0.183 semiSat: 0.560 beta: 1.031 sigma: 0.114 
maxBOLD estimate = 1.497


Trial 66: qplus Stimulus Selection
Stimulus: 0.505
Output value 0.579

Q+ parameters
slope: 0.183 semiSat: 0.560 beta: 1.031 sigma: 0.114 
maxBOLD estimate = 1.544


Trial 67: qplus Stimulus Selection
Stimulus: 0.505
Output value 0.140

Q+ parameters
slope: 0.298 semiSat: 0.560 beta: 0.969 sigma: 0.114 
maxBOLD estimate = 1.592


Trial 68: qplus Stimulus Selection
Stimulus: 0.546
Output value 0.543

Q+ parameters
slope: 0.298 semiSat: 0.560 beta: 0.969 sigma: 0.114 
maxBOLD estimate = 1.542


Trial 69: qplus Stimulus Selection
Stimulus: 0.546
Output value 0.526

Q+ parameters
slope: 0.298 semiSat: 0.560 beta: 0.969 sigma: 0.114 
maxBOLD estimate = 1.494


Trial 70: baseline Stimulus Selection
Stimulus: 0.010
Output value 0.000

Q+ parameters
slope: 0.183 semiSat: 0.560 beta: 1.062 sigma: 0.114 
maxBOLD estimate = 1.447


Trial 71: qplus Stimulus Selection
Stimulus: 0.505
Output value 0.000

Q+ parameters
slope: 0.234 semiSat: 0.560 beta: 1.000 sigma: 0.114 
maxBOLD estimate = 1.538


Trial 72: qplus Stimulus Selection
Stimulus: 0.546
Output value 0.677

Q+ parameters
slope: 0.298 semiSat: 0.560 beta: 0.969 sigma: 0.114 
maxBOLD estimate = 1.538


Trial 73: qplus Stimulus Selection
Stimulus: 0.546
Output value 0.542

Q+ parameters
slope: 0.234 semiSat: 0.560 beta: 1.000 sigma: 0.114 
maxBOLD estimate = 1.490


Trial 74: qplus Stimulus Selection
Stimulus: 0.546
Output value 0.677

Q+ parameters
slope: 0.234 semiSat: 0.560 beta: 1.000 sigma: 0.114 
maxBOLD estimate = 1.490


Trial 75: maxBOLD Stimulus Selection
Stimulus: 1.000
Output value 1.490

Q+ parameters
slope: 0.234 semiSat: 0.560 beta: 1.000 sigma: 0.114 
maxBOLD estimate = 1.490


Trial 76: qplus Stimulus Selection
Stimulus: 0.505
Output value 0.406

Q+ parameters
slope: 0.234 semiSat: 0.560 beta: 1.000 sigma: 0.114 
maxBOLD estimate = 1.490


Trial 77: qplus Stimulus Selection
Stimulus: 0.505
Output value 0.406

Q+ parameters
slope: 0.234 semiSat: 0.560 beta: 1.000 sigma: 0.114 
maxBOLD estimate = 1.490


Trial 78: qplus Stimulus Selection
Stimulus: 0.505
Output value 0.271

Q+ parameters
slope: 0.234 semiSat: 0.560 beta: 1.000 sigma: 0.114 
maxBOLD estimate = 1.490


Trial 79: qplus Stimulus Selection
Stimulus: 0.505
Output value 0.406

Q+ parameters
slope: 0.234 semiSat: 0.560 beta: 1.000 sigma: 0.114 
maxBOLD estimate = 1.490


Trial 80: baseline Stimulus Selection
Stimulus: 0.010
Output value -0.144

Q+ parameters
slope: 0.183 semiSat: 0.560 beta: 1.062 sigma: 0.114 
maxBOLD estimate = 1.490


Trial 81: qplus Stimulus Selection
Stimulus: 0.505
Output value 0.000

Q+ parameters
slope: 0.234 semiSat: 0.560 beta: 1.000 sigma: 0.114 
maxBOLD estimate = 1.583


Trial 82: qplus Stimulus Selection
Stimulus: 0.546
Output value 0.418

Q+ parameters
slope: 0.298 semiSat: 0.560 beta: 0.969 sigma: 0.114 
maxBOLD estimate = 1.583


Trial 83: qplus Stimulus Selection
Stimulus: 0.546
Output value 0.836

Q+ parameters
slope: 0.234 semiSat: 0.560 beta: 1.000 sigma: 0.114 
maxBOLD estimate = 1.533


Trial 84: qplus Stimulus Selection
Stimulus: 0.505
Output value 0.889

Q+ parameters
slope: 0.183 semiSat: 0.560 beta: 1.062 sigma: 0.114 
maxBOLD estimate = 1.533


Trial 85: maxBOLD Stimulus Selection
Stimulus: 1.000
Output value 1.578

Q+ parameters
slope: 0.298 semiSat: 0.560 beta: 0.969 sigma: 0.114 
maxBOLD estimate = 1.629


Trial 86: qplus Stimulus Selection
Stimulus: 0.546
Output value 0.717

Q+ parameters
slope: 0.234 semiSat: 0.560 beta: 1.000 sigma: 0.114 
maxBOLD estimate = 1.578


Trial 87: qplus Stimulus Selection
Stimulus: 0.505
Output value 0.287

Q+ parameters
slope: 0.234 semiSat: 0.560 beta: 1.000 sigma: 0.114 
maxBOLD estimate = 1.578


Trial 88: qplus Stimulus Selection
Stimulus: 0.505
Output value 0.287

Q+ parameters
slope: 0.234 semiSat: 0.560 beta: 1.000 sigma: 0.114 
maxBOLD estimate = 1.578


Trial 89: qplus Stimulus Selection
Stimulus: 0.505
Output value 0.592

Q+ parameters
slope: 0.183 semiSat: 0.560 beta: 1.031 sigma: 0.114 
maxBOLD estimate = 1.578


Trial 90: baseline Stimulus Selection
Stimulus: 0.010
Output value 0.000

Q+ parameters
slope: 0.234 semiSat: 0.560 beta: 1.000 sigma: 0.114 
maxBOLD estimate = 1.628


Trial 91: qplus Stimulus Selection
Stimulus: 0.670
Output value 1.577

Q+ parameters
slope: 0.298 semiSat: 0.560 beta: 0.969 sigma: 0.114 
maxBOLD estimate = 1.628


Trial 92: qplus Stimulus Selection
Stimulus: 0.546
Output value 0.739

Q+ parameters
slope: 0.234 semiSat: 0.560 beta: 1.031 sigma: 0.114 
maxBOLD estimate = 1.577


Trial 93: qplus Stimulus Selection
Stimulus: 0.670
Output value 1.289

Q+ parameters
slope: 0.298 semiSat: 0.560 beta: 0.969 sigma: 0.114 
maxBOLD estimate = 1.626


Trial 94: qplus Stimulus Selection
Stimulus: 0.711
Output value 1.624

Q+ parameters
slope: 0.234 semiSat: 0.560 beta: 1.031 sigma: 0.114 
maxBOLD estimate = 1.575


Trial 95: maxBOLD Stimulus Selection
Stimulus: 1.000
Output value 1.574

Q+ parameters
slope: 0.298 semiSat: 0.560 beta: 0.969 sigma: 0.114 
maxBOLD estimate = 1.624


Trial 96: qplus Stimulus Selection
Stimulus: 0.546
Output value 0.295

Q+ parameters
slope: 0.234 semiSat: 0.560 beta: 1.031 sigma: 0.114 
maxBOLD estimate = 1.574


Trial 97: qplus Stimulus Selection
Stimulus: 0.546
Output value 1.000

Q+ parameters
slope: 0.298 semiSat: 0.560 beta: 0.969 sigma: 0.114 
maxBOLD estimate = 1.623


Trial 98: qplus Stimulus Selection
Stimulus: 0.546
Output value 0.884

Q+ parameters
slope: 0.234 semiSat: 0.560 beta: 1.031 sigma: 0.114 
maxBOLD estimate = 1.572


Trial 99: qplus Stimulus Selection
Stimulus: 0.670
Output value 0.857

Q+ parameters
slope: 0.298 semiSat: 0.560 beta: 0.969 sigma: 0.114 
maxBOLD estimate = 1.621


Trial 100: baseline Stimulus Selection
Stimulus: 0.010
Output value -0.294

Q+ parameters
slope: 0.183 semiSat: 0.560 beta: 1.031 sigma: 0.114 
maxBOLD estimate = 1.571

--------------------------------------------------------------
FINAL VALUES
--------------------------------------------------------------
Simulated parameters:              slope: 0.200 semiSat: 0.570 beta: 1.000 sigma: 0.100 
Max posterior QUEST+ parameters:   slope: 0.183 semiSat: 0.560 beta: 1.031 sigma: 0.114 
Max BADS parameters:               slope: 0.229 semiSat: 0.561 beta: 1.000 sigma: 0.121 
maxBOLD estimate: 1.616
