/blue/stevenweisberg/stevenweisberg/MATLAB/projects/Weisberg_Aguirre_2020/scripts/run_sims
c0706a-s12.ufhpc
Wed Apr  7 08:34:18 EDT 2021
mkdir: cannot create directory ‘/blue/stevenweisberg/stevenweisberg/qpfMRIResults/model_parameter_set2/’: File exists
cp: cannot stat ‘/blue/stevenweisberg/stevenweisberg/qpfMRIResults/deploy_sim.sh’: No such file or directory
cp: cannot stat ‘/blue/stevenweisberg/stevenweisberg/qpfMRIResults/sim_wrapper.sh’: No such file or directory
------------------------------------------
Setting up environment variables
---
LD_LIBRARY_PATH is .:/apps/matlab/mcr/2020b/v99/runtime/glnxa64:/apps/matlab/mcr/2020b/v99/bin/glnxa64:/apps/matlab/mcr/2020b/v99/sys/os/glnxa64:/apps/matlab/mcr/2020b/v99/sys/opengl/lib/glnxa64
Warning: Executing startup failed in matlabrc.
This indicates a potentially serious problem in your MATLAB setup, which should be resolved as soon as possible.  Error detected was:
MATLAB:mpath:PathAlterationNotSupported
Modifying the search path is not supported by MATLAB Compiler. Remove functions that modify the search path from your MATLAB code. To make files visible to your deployed application, add the parent folder to your MATLAB session.
Warning: No stimulus domain specified. Defaulting to values between 0.01 and 1.
> In qpfmriParams (line 182)
In compiledSimulate (line 205)
Stimulus domain added from input.
Parameter slope specified as 0.20000
Parameter semiSat specified as 0.57000
Parameter beta specified as 1.00000
Parameter sigma specified as 0.10000
seed = 99seed = 104seed = 111seed = 111seed = 115seed = 101Initializing Q+. This may take a minute...
Elapsed time is 6.548189 seconds.
Simulated parameters:
slope: 0.200 semiSat: 0.570 beta: 1.000 sigma: 0.100 

Trial 1: baseline Stimulus Selection
Stimulus: 0.010
Output value 0.000

Q+ parameters
slope: 0.026 semiSat: 0.890 beta: 0.500 sigma: 0.010 
maxBOLD estimate = 1.000


Trial 2: maxBOLD Stimulus Selection
Stimulus: 1.000
Output value 1.364

Q+ parameters
slope: 0.055 semiSat: 0.670 beta: 1.250 sigma: 0.010 
maxBOLD estimate = 1.000


Trial 3: baseline Stimulus Selection
Stimulus: 0.010
Output value 0.000

Q+ parameters
slope: 0.055 semiSat: 0.670 beta: 1.250 sigma: 0.010 
maxBOLD estimate = 1.250


Trial 4: maxBOLD Stimulus Selection
Stimulus: 1.000
Output value 2.131

Q+ parameters
slope: 0.055 semiSat: 0.670 beta: 1.250 sigma: 0.010 
maxBOLD estimate = 1.562


Trial 5: baseline Stimulus Selection
Stimulus: 0.010
Output value 0.222

Q+ parameters
slope: 0.043 semiSat: 0.780 beta: 1.250 sigma: 0.062 
maxBOLD estimate = 1.953


Trial 6: maxBOLD Stimulus Selection
Stimulus: 1.000
Output value 1.942

Q+ parameters
slope: 0.034 semiSat: 1.000 beta: 1.250 sigma: 0.062 
maxBOLD estimate = 2.441


Trial 7: random Stimulus Selection
Stimulus: 0.753
Output value 0.971

Q+ parameters
slope: 0.034 semiSat: 0.890 beta: 0.875 sigma: 0.062 
maxBOLD estimate = 3.052


Trial 8: random Stimulus Selection
Stimulus: 0.711
Output value 0.607

Q+ parameters
slope: 0.483 semiSat: 0.120 beta: 0.500 sigma: 0.062 
maxBOLD estimate = 2.670


Trial 9: random Stimulus Selection
Stimulus: 0.711
Output value 1.548

Q+ parameters
slope: 0.089 semiSat: 0.450 beta: 1.062 sigma: 0.062 
maxBOLD estimate = 1.335


Trial 10: baseline Stimulus Selection
Stimulus: 0.010
Output value 0.137

Q+ parameters
slope: 0.089 semiSat: 0.450 beta: 1.062 sigma: 0.114 
maxBOLD estimate = 1.419


Trial 11: random Stimulus Selection
Stimulus: 0.876
Output value 1.456

Q+ parameters
slope: 0.089 semiSat: 0.450 beta: 1.062 sigma: 0.114 
maxBOLD estimate = 1.507


Trial 12: random Stimulus Selection
Stimulus: 0.753
Output value 1.692

Q+ parameters
slope: 0.089 semiSat: 0.450 beta: 0.969 sigma: 0.114 
maxBOLD estimate = 1.601


Trial 13: random Stimulus Selection
Stimulus: 0.876
Output value 1.904

Q+ parameters
slope: 0.089 semiSat: 0.560 beta: 1.125 sigma: 0.114 
maxBOLD estimate = 1.551


Trial 14: random Stimulus Selection
Stimulus: 0.918
Output value 1.785

Q+ parameters
slope: 0.070 semiSat: 0.450 beta: 0.938 sigma: 0.062 
maxBOLD estimate = 1.745


Trial 15: maxBOLD Stimulus Selection
Stimulus: 1.000
Output value 2.008

Q+ parameters
slope: 0.089 semiSat: 0.560 beta: 1.125 sigma: 0.114 
maxBOLD estimate = 1.636


Trial 16: random Stimulus Selection
Stimulus: 0.588
Output value 1.135

Q+ parameters
slope: 0.070 semiSat: 0.560 beta: 0.969 sigma: 0.062 
maxBOLD estimate = 1.841


Trial 17: random Stimulus Selection
Stimulus: 0.876
Output value 1.413

Q+ parameters
slope: 0.070 semiSat: 0.450 beta: 0.969 sigma: 0.062 
maxBOLD estimate = 1.783


Trial 18: random Stimulus Selection
Stimulus: 0.588
Output value 1.065

Q+ parameters
slope: 0.070 semiSat: 0.450 beta: 0.969 sigma: 0.062 
maxBOLD estimate = 1.728


Trial 19: random Stimulus Selection
Stimulus: 0.010
Output value -0.342

Q+ parameters
slope: 0.089 semiSat: 0.560 beta: 1.125 sigma: 0.114 
maxBOLD estimate = 1.674


Trial 20: baseline Stimulus Selection
Stimulus: 0.010
Output value 0.000

Q+ parameters
slope: 0.070 semiSat: 0.450 beta: 0.969 sigma: 0.062 
maxBOLD estimate = 1.883


Trial 21: random Stimulus Selection
Stimulus: 0.753
Output value 1.446

Q+ parameters
slope: 0.070 semiSat: 0.450 beta: 0.969 sigma: 0.062 
maxBOLD estimate = 1.824


Trial 22: random Stimulus Selection
Stimulus: 0.670
Output value 1.054

Q+ parameters
slope: 0.070 semiSat: 0.450 beta: 0.938 sigma: 0.062 
maxBOLD estimate = 1.767


Trial 23: random Stimulus Selection
Stimulus: 0.423
Output value 0.000

Q+ parameters
slope: 0.144 semiSat: 0.560 beta: 1.000 sigma: 0.114 
maxBOLD estimate = 1.656


Trial 24: random Stimulus Selection
Stimulus: 0.711
Output value 1.355

Q+ parameters
slope: 0.144 semiSat: 0.560 beta: 1.000 sigma: 0.114 
maxBOLD estimate = 1.656


Trial 25: maxBOLD Stimulus Selection
Stimulus: 1.000
Output value 1.054

Q+ parameters
slope: 0.144 semiSat: 0.560 beta: 1.000 sigma: 0.114 
maxBOLD estimate = 1.656


Trial 26: random Stimulus Selection
Stimulus: 0.670
Output value 1.355

Q+ parameters
slope: 0.144 semiSat: 0.560 beta: 1.000 sigma: 0.114 
maxBOLD estimate = 1.656


Trial 27: random Stimulus Selection
Stimulus: 0.051
Output value 0.000

Q+ parameters
slope: 0.144 semiSat: 0.560 beta: 1.000 sigma: 0.114 
maxBOLD estimate = 1.656


Trial 28: random Stimulus Selection
Stimulus: 0.753
Output value 1.506

Q+ parameters
slope: 0.144 semiSat: 0.560 beta: 1.000 sigma: 0.114 
maxBOLD estimate = 1.656


Trial 29: random Stimulus Selection
Stimulus: 0.794
Output value 1.205

Q+ parameters
slope: 0.144 semiSat: 0.560 beta: 1.000 sigma: 0.114 
maxBOLD estimate = 1.656


Trial 30: baseline Stimulus Selection
Stimulus: 0.010
Output value -0.146

Q+ parameters
slope: 0.379 semiSat: 0.560 beta: 0.969 sigma: 0.114 
maxBOLD estimate = 1.656


Trial 31: random Stimulus Selection
Stimulus: 0.464
Output value 0.310

Q+ parameters
slope: 0.144 semiSat: 0.560 beta: 1.062 sigma: 0.114 
maxBOLD estimate = 1.605


Trial 32: random Stimulus Selection
Stimulus: 0.257
Output value -0.150

Q+ parameters
slope: 0.144 semiSat: 0.560 beta: 0.969 sigma: 0.114 
maxBOLD estimate = 1.705


Trial 33: random Stimulus Selection
Stimulus: 0.464
Output value 0.465

Q+ parameters
slope: 0.144 semiSat: 0.560 beta: 1.031 sigma: 0.114 
maxBOLD estimate = 1.652


Trial 34: random Stimulus Selection
Stimulus: 0.753
Output value 1.800

Q+ parameters
slope: 0.144 semiSat: 0.560 beta: 0.969 sigma: 0.114 
maxBOLD estimate = 1.703


Trial 35: maxBOLD Stimulus Selection
Stimulus: 1.000
Output value 1.392

Q+ parameters
slope: 0.144 semiSat: 0.560 beta: 1.031 sigma: 0.114 
maxBOLD estimate = 1.650


Trial 36: random Stimulus Selection
Stimulus: 0.835
Output value 1.199

Q+ parameters
slope: 0.144 semiSat: 0.560 beta: 0.969 sigma: 0.114 
maxBOLD estimate = 1.702


Trial 37: random Stimulus Selection
Stimulus: 0.629
Output value 0.927

Q+ parameters
slope: 0.144 semiSat: 0.560 beta: 1.031 sigma: 0.114 
maxBOLD estimate = 1.649


Trial 38: random Stimulus Selection
Stimulus: 0.381
Output value -0.299

Q+ parameters
slope: 0.183 semiSat: 0.560 beta: 0.969 sigma: 0.114 
maxBOLD estimate = 1.700


Trial 39: random Stimulus Selection
Stimulus: 0.959
Output value 1.698

Q+ parameters
slope: 0.144 semiSat: 0.560 beta: 1.031 sigma: 0.114 
maxBOLD estimate = 1.647


Trial 40: baseline Stimulus Selection
Stimulus: 0.010
Output value -0.150

Q+ parameters
slope: 0.183 semiSat: 0.560 beta: 0.969 sigma: 0.114 
maxBOLD estimate = 1.698


Trial 41: random Stimulus Selection
Stimulus: 0.216
Output value 0.154

Q+ parameters
slope: 0.144 semiSat: 0.560 beta: 1.031 sigma: 0.114 
maxBOLD estimate = 1.645


Trial 42: random Stimulus Selection
Stimulus: 0.835
Output value 1.046

Q+ parameters
slope: 0.144 semiSat: 0.560 beta: 0.969 sigma: 0.114 
maxBOLD estimate = 1.697


Trial 43: random Stimulus Selection
Stimulus: 0.092
Output value 0.000

Q+ parameters
slope: 0.144 semiSat: 0.560 beta: 1.031 sigma: 0.114 
maxBOLD estimate = 1.644


Trial 44: random Stimulus Selection
Stimulus: 0.959
Output value 1.194

Q+ parameters
slope: 0.144 semiSat: 0.560 beta: 0.969 sigma: 0.114 
maxBOLD estimate = 1.695


Trial 45: maxBOLD Stimulus Selection
Stimulus: 1.000
Output value 1.847

Q+ parameters
slope: 0.144 semiSat: 0.560 beta: 1.031 sigma: 0.114 
maxBOLD estimate = 1.642


Trial 46: random Stimulus Selection
Stimulus: 0.092
Output value 0.298

Q+ parameters
slope: 0.144 semiSat: 0.560 beta: 0.969 sigma: 0.114 
maxBOLD estimate = 1.693


Trial 47: random Stimulus Selection
Stimulus: 0.010
Output value 0.154

Q+ parameters
slope: 0.144 semiSat: 0.560 beta: 1.031 sigma: 0.114 
maxBOLD estimate = 1.640


Trial 48: random Stimulus Selection
Stimulus: 0.340
Output value 0.149

Q+ parameters
slope: 0.144 semiSat: 0.560 beta: 0.969 sigma: 0.114 
maxBOLD estimate = 1.692


Trial 49: random Stimulus Selection
Stimulus: 0.711
Output value 1.536

Q+ parameters
slope: 0.144 semiSat: 0.560 beta: 1.031 sigma: 0.114 
maxBOLD estimate = 1.639


Trial 50: baseline Stimulus Selection
Stimulus: 0.010
Output value 0.134

Q+ parameters
slope: 0.144 semiSat: 0.560 beta: 0.875 sigma: 0.114 
maxBOLD estimate = 1.690


Trial 51: random Stimulus Selection
Stimulus: 0.340
Output value 0.302

Q+ parameters
slope: 0.144 semiSat: 0.560 beta: 1.125 sigma: 0.114 
maxBOLD estimate = 1.479


Trial 52: random Stimulus Selection
Stimulus: 0.010
Output value 0.147

Q+ parameters
slope: 0.144 semiSat: 0.560 beta: 0.969 sigma: 0.114 
maxBOLD estimate = 1.664


Trial 53: random Stimulus Selection
Stimulus: 0.092
Output value 0.142

Q+ parameters
slope: 0.183 semiSat: 0.560 beta: 0.969 sigma: 0.114 
maxBOLD estimate = 1.612


Trial 54: random Stimulus Selection
Stimulus: 0.175
Output value -0.146

Q+ parameters
slope: 0.144 semiSat: 0.560 beta: 1.031 sigma: 0.114 
maxBOLD estimate = 1.561


Trial 55: maxBOLD Stimulus Selection
Stimulus: 1.000
Output value 1.418

Q+ parameters
slope: 0.183 semiSat: 0.560 beta: 0.969 sigma: 0.114 
maxBOLD estimate = 1.610


Trial 56: random Stimulus Selection
Stimulus: 0.753
Output value 1.462

Q+ parameters
slope: 0.144 semiSat: 0.560 beta: 1.031 sigma: 0.114 
maxBOLD estimate = 1.560


Trial 57: random Stimulus Selection
Stimulus: 0.629
Output value 1.133

Q+ parameters
slope: 0.183 semiSat: 0.560 beta: 0.969 sigma: 0.114 
maxBOLD estimate = 1.609


Trial 58: random Stimulus Selection
Stimulus: 0.423
Output value -0.274

Q+ parameters
slope: 0.234 semiSat: 0.560 beta: 0.969 sigma: 0.114 
maxBOLD estimate = 1.558


Trial 59: random Stimulus Selection
Stimulus: 0.051
Output value 0.000

Q+ parameters
slope: 0.234 semiSat: 0.560 beta: 1.000 sigma: 0.114 
maxBOLD estimate = 1.510


Trial 60: baseline Stimulus Selection
Stimulus: 0.010
Output value 0.274

Q+ parameters
slope: 0.234 semiSat: 0.560 beta: 1.000 sigma: 0.114 
maxBOLD estimate = 1.510


Trial 61: random Stimulus Selection
Stimulus: 0.876
Output value 1.098

Q+ parameters
slope: 0.234 semiSat: 0.560 beta: 1.000 sigma: 0.114 
maxBOLD estimate = 1.510


Trial 62: random Stimulus Selection
Stimulus: 0.257
Output value 0.274

Q+ parameters
slope: 0.234 semiSat: 0.560 beta: 1.000 sigma: 0.114 
maxBOLD estimate = 1.510


Trial 63: random Stimulus Selection
Stimulus: 0.629
Output value 1.510

Q+ parameters
slope: 0.234 semiSat: 0.560 beta: 1.000 sigma: 0.114 
maxBOLD estimate = 1.510


Trial 64: random Stimulus Selection
Stimulus: 0.835
Output value 1.647

Q+ parameters
slope: 0.234 semiSat: 0.560 beta: 1.000 sigma: 0.114 
maxBOLD estimate = 1.510


Trial 65: maxBOLD Stimulus Selection
Stimulus: 1.000
Output value 1.098

Q+ parameters
slope: 0.234 semiSat: 0.560 beta: 1.000 sigma: 0.114 
maxBOLD estimate = 1.510


Trial 66: random Stimulus Selection
Stimulus: 0.835
Output value 1.510

Q+ parameters
slope: 0.234 semiSat: 0.560 beta: 1.000 sigma: 0.114 
maxBOLD estimate = 1.510


Trial 67: random Stimulus Selection
Stimulus: 0.670
Output value 0.961

Q+ parameters
slope: 0.234 semiSat: 0.560 beta: 1.000 sigma: 0.114 
maxBOLD estimate = 1.510


Trial 68: random Stimulus Selection
Stimulus: 0.794
Output value 1.235

Q+ parameters
slope: 0.234 semiSat: 0.560 beta: 1.000 sigma: 0.114 
maxBOLD estimate = 1.510


Trial 69: random Stimulus Selection
Stimulus: 0.134
Output value 0.000

Q+ parameters
slope: 0.234 semiSat: 0.560 beta: 1.000 sigma: 0.114 
maxBOLD estimate = 1.510


Trial 70: baseline Stimulus Selection
Stimulus: 0.010
Output value 0.000

Q+ parameters
slope: 0.234 semiSat: 0.560 beta: 1.000 sigma: 0.114 
maxBOLD estimate = 1.510


Trial 71: random Stimulus Selection
Stimulus: 0.092
Output value 0.000

Q+ parameters
slope: 0.234 semiSat: 0.560 beta: 0.969 sigma: 0.114 
maxBOLD estimate = 1.510


Trial 72: random Stimulus Selection
Stimulus: 0.340
Output value 0.000

Q+ parameters
slope: 0.234 semiSat: 0.560 beta: 1.000 sigma: 0.114 
maxBOLD estimate = 1.462


Trial 73: random Stimulus Selection
Stimulus: 0.835
Output value 0.931

Q+ parameters
slope: 0.234 semiSat: 0.560 beta: 1.000 sigma: 0.114 
maxBOLD estimate = 1.462


Trial 74: random Stimulus Selection
Stimulus: 0.134
Output value -0.266

Q+ parameters
slope: 0.234 semiSat: 0.560 beta: 1.000 sigma: 0.114 
maxBOLD estimate = 1.462


Trial 75: maxBOLD Stimulus Selection
Stimulus: 1.000
Output value 0.931

Q+ parameters
slope: 0.234 semiSat: 0.560 beta: 1.000 sigma: 0.114 
maxBOLD estimate = 1.462


Trial 76: random Stimulus Selection
Stimulus: 0.835
Output value 1.462

Q+ parameters
slope: 0.234 semiSat: 0.560 beta: 1.000 sigma: 0.114 
maxBOLD estimate = 1.462


Trial 77: random Stimulus Selection
Stimulus: 0.546
Output value 0.258

Q+ parameters
slope: 0.298 semiSat: 0.560 beta: 0.969 sigma: 0.114 
maxBOLD estimate = 1.462


Trial 78: random Stimulus Selection
Stimulus: 0.629
Output value 0.998

Q+ parameters
slope: 0.298 semiSat: 0.560 beta: 0.969 sigma: 0.114 
maxBOLD estimate = 1.417


Trial 79: random Stimulus Selection
Stimulus: 0.340
Output value -0.140

Q+ parameters
slope: 0.234 semiSat: 0.560 beta: 1.125 sigma: 0.114 
maxBOLD estimate = 1.372


Trial 80: baseline Stimulus Selection
Stimulus: 0.010
Output value 0.246

Q+ parameters
slope: 0.298 semiSat: 0.560 beta: 0.875 sigma: 0.114 
maxBOLD estimate = 1.544


Trial 81: random Stimulus Selection
Stimulus: 0.711
Output value 1.658

Q+ parameters
slope: 0.234 semiSat: 0.560 beta: 1.125 sigma: 0.114 
maxBOLD estimate = 1.351


Trial 82: random Stimulus Selection
Stimulus: 0.959
Output value 1.088

Q+ parameters
slope: 0.298 semiSat: 0.560 beta: 0.875 sigma: 0.114 
maxBOLD estimate = 1.520


Trial 83: random Stimulus Selection
Stimulus: 0.753
Output value 1.632

Q+ parameters
slope: 0.234 semiSat: 0.560 beta: 1.125 sigma: 0.114 
maxBOLD estimate = 1.330


Trial 84: random Stimulus Selection
Stimulus: 0.959
Output value 0.833

Q+ parameters
slope: 0.298 semiSat: 0.560 beta: 0.875 sigma: 0.114 
maxBOLD estimate = 1.496


Trial 85: maxBOLD Stimulus Selection
Stimulus: 1.000
Output value 1.607

Q+ parameters
slope: 0.234 semiSat: 0.560 beta: 1.125 sigma: 0.114 
maxBOLD estimate = 1.309


Trial 86: random Stimulus Selection
Stimulus: 0.092
Output value 0.259

Q+ parameters
slope: 0.298 semiSat: 0.560 beta: 0.969 sigma: 0.114 
maxBOLD estimate = 1.473


Trial 87: random Stimulus Selection
Stimulus: 0.835
Output value 0.880

Q+ parameters
slope: 0.298 semiSat: 0.560 beta: 0.969 sigma: 0.114 
maxBOLD estimate = 1.427


Trial 88: random Stimulus Selection
Stimulus: 0.546
Output value 0.122

Q+ parameters
slope: 0.298 semiSat: 0.560 beta: 0.969 sigma: 0.114 
maxBOLD estimate = 1.382


Trial 89: random Stimulus Selection
Stimulus: 0.010
Output value -0.274

Q+ parameters
slope: 0.234 semiSat: 0.560 beta: 1.125 sigma: 0.114 
maxBOLD estimate = 1.339


Trial 90: baseline Stimulus Selection
Stimulus: 0.010
Output value 0.000

Q+ parameters
slope: 0.298 semiSat: 0.560 beta: 0.875 sigma: 0.114 
maxBOLD estimate = 1.506


Trial 91: random Stimulus Selection
Stimulus: 0.670
Output value 1.483

Q+ parameters
slope: 0.234 semiSat: 0.560 beta: 1.125 sigma: 0.114 
maxBOLD estimate = 1.318


Trial 92: random Stimulus Selection
Stimulus: 0.629
Output value 0.784

Q+ parameters
slope: 0.298 semiSat: 0.560 beta: 0.969 sigma: 0.114 
maxBOLD estimate = 1.483


Trial 93: random Stimulus Selection
Stimulus: 0.010
Output value -0.253

Q+ parameters
slope: 0.298 semiSat: 0.560 beta: 0.969 sigma: 0.114 
maxBOLD estimate = 1.436


Trial 94: random Stimulus Selection
Stimulus: 0.959
Output value 1.103

Q+ parameters
slope: 0.298 semiSat: 0.560 beta: 0.969 sigma: 0.114 
maxBOLD estimate = 1.392


Trial 95: maxBOLD Stimulus Selection
Stimulus: 1.000
Output value 1.103

Q+ parameters
slope: 0.234 semiSat: 0.560 beta: 1.125 sigma: 0.114 
maxBOLD estimate = 1.348


Trial 96: random Stimulus Selection
Stimulus: 0.505
Output value 0.121

Q+ parameters
slope: 0.298 semiSat: 0.560 beta: 0.875 sigma: 0.114 
maxBOLD estimate = 1.517


Trial 97: random Stimulus Selection
Stimulus: 0.134
Output value -0.128

Q+ parameters
slope: 0.298 semiSat: 0.560 beta: 1.062 sigma: 0.114 
maxBOLD estimate = 1.327


Trial 98: random Stimulus Selection
Stimulus: 0.010
Output value -0.124

Q+ parameters
slope: 0.298 semiSat: 0.560 beta: 0.969 sigma: 0.114 
maxBOLD estimate = 1.410


Trial 99: random Stimulus Selection
Stimulus: 0.340
Output value -0.264

Q+ parameters
slope: 0.298 semiSat: 0.560 beta: 1.062 sigma: 0.114 
maxBOLD estimate = 1.366


Trial 100: baseline Stimulus Selection
Stimulus: 0.010
Output value 0.256

Q+ parameters
slope: 0.298 semiSat: 0.560 beta: 0.969 sigma: 0.114 
maxBOLD estimate = 1.451

--------------------------------------------------------------
FINAL VALUES
--------------------------------------------------------------
Simulated parameters:              slope: 0.200 semiSat: 0.570 beta: 1.000 sigma: 0.100 
Max posterior QUEST+ parameters:   slope: 0.298 semiSat: 0.560 beta: 0.969 sigma: 0.114 
Max BADS parameters:               slope: 0.289 semiSat: 0.566 beta: 1.000 sigma: 0.109 
maxBOLD estimate: 1.415
