/blue/stevenweisberg/stevenweisberg/MATLAB/projects/Weisberg_Aguirre_2020/scripts/run_sims
c31a-s23.ufhpc
Thu Nov 12 21:27:14 EST 2020
cp: cannot stat ‘/blue/stevenweisberg/stevenweisberg/qpfMRIResults/deploy_sim.sh’: No such file or directory
cp: cannot stat ‘/blue/stevenweisberg/stevenweisberg/qpfMRIResults/sim_wrapper.sh’: No such file or directory
------------------------------------------
Setting up environment variables
---
LD_LIBRARY_PATH is .:/apps/matlab/mcr/2020b/v99/runtime/glnxa64:/apps/matlab/mcr/2020b/v99/bin/glnxa64:/apps/matlab/mcr/2020b/v99/sys/os/glnxa64:/apps/matlab/mcr/2020b/v99/sys/opengl/lib/glnxa64
Warning: Executing startup failed in matlabrc.
This indicates a potentially serious problem in your MATLAB setup, which should be resolved as soon as possible.  Error detected was:
MATLAB:mpath:PathAlterationNotSupported
Modifying the search path is not supported by MATLAB Compiler. Remove functions that modify the search path from your MATLAB code. To make files visible to your deployed application, add the parent folder to your MATLAB session.
Warning: No stimulus domain specified. Defaulting to values between 0.01 and 1.
> In qpfmriParams (line 182)
In compiledSimulate (line 205)
Stimulus domain added from input.
Parameter slope specified as 0.41000
Parameter semiSat specified as 0.57000
Parameter beta specified as 1.00000
Parameter sigma specified as 0.25000
seed = 99seed = 104seed = 111seed = 111seed = 115seed = 101Initializing Q+. This may take a minute...
Elapsed time is 10.208933 seconds.
Simulated parameters:
slope: 0.410 semiSat: 0.570 beta: 1.000 sigma: 0.250 

Trial 1: baseline Stimulus Selection
Stimulus: 0.010
Output value 0.000

Q+ parameters
slope: 0.026 semiSat: 0.890 beta: 0.500 sigma: 0.010 
maxBOLD estimate = 1.000


Trial 2: maxBOLD Stimulus Selection
Stimulus: 1.000
Output value 1.364

Q+ parameters
slope: 0.055 semiSat: 0.670 beta: 1.250 sigma: 0.010 
maxBOLD estimate = 1.000


Trial 3: baseline Stimulus Selection
Stimulus: 0.010
Output value -0.284

Q+ parameters
slope: 0.055 semiSat: 0.670 beta: 1.250 sigma: 0.114 
maxBOLD estimate = 1.250


Trial 4: maxBOLD Stimulus Selection
Stimulus: 1.000
Output value 1.953

Q+ parameters
slope: 0.055 semiSat: 0.670 beta: 1.250 sigma: 0.114 
maxBOLD estimate = 1.562


Trial 5: baseline Stimulus Selection
Stimulus: 0.010
Output value 0.000

Q+ parameters
slope: 0.055 semiSat: 0.670 beta: 1.125 sigma: 0.114 
maxBOLD estimate = 1.953


Trial 6: maxBOLD Stimulus Selection
Stimulus: 1.000
Output value 1.748

Q+ parameters
slope: 0.043 semiSat: 0.780 beta: 1.250 sigma: 0.166 
maxBOLD estimate = 2.197


Trial 7: qplus Stimulus Selection
Stimulus: 0.505
Output value -0.499

Q+ parameters
slope: 0.070 semiSat: 1.000 beta: 1.000 sigma: 0.166 
maxBOLD estimate = 2.747


Trial 8: qplus Stimulus Selection
Stimulus: 0.835
Output value 0.499

Q+ parameters
slope: 0.089 semiSat: 1.000 beta: 1.000 sigma: 0.166 
maxBOLD estimate = 2.747


Trial 9: qplus Stimulus Selection
Stimulus: 0.835
Output value 1.873

Q+ parameters
slope: 0.298 semiSat: 0.780 beta: 0.750 sigma: 0.218 
maxBOLD estimate = 2.747


Trial 10: baseline Stimulus Selection
Stimulus: 0.010
Output value 0.281

Q+ parameters
slope: 0.298 semiSat: 0.780 beta: 0.750 sigma: 0.218 
maxBOLD estimate = 2.060


Trial 11: qplus Stimulus Selection
Stimulus: 0.711
Output value 1.633

Q+ parameters
slope: 0.616 semiSat: 0.560 beta: 0.969 sigma: 0.218 
maxBOLD estimate = 1.545


Trial 12: qplus Stimulus Selection
Stimulus: 0.629
Output value 0.561

Q+ parameters
slope: 0.298 semiSat: 0.670 beta: 1.031 sigma: 0.218 
maxBOLD estimate = 1.497


Trial 13: qplus Stimulus Selection
Stimulus: 0.629
Output value 0.737

Q+ parameters
slope: 0.616 semiSat: 0.560 beta: 0.875 sigma: 0.218 
maxBOLD estimate = 1.543


Trial 14: qplus Stimulus Selection
Stimulus: 0.629
Output value 1.565

Q+ parameters
slope: 0.616 semiSat: 0.560 beta: 1.062 sigma: 0.271 
maxBOLD estimate = 1.351


Trial 15: maxBOLD Stimulus Selection
Stimulus: 1.000
Output value 0.693

Q+ parameters
slope: 0.616 semiSat: 0.560 beta: 1.062 sigma: 0.375 
maxBOLD estimate = 1.435


Trial 16: qplus Stimulus Selection
Stimulus: 0.588
Output value 2.079

Q+ parameters
slope: 0.616 semiSat: 0.560 beta: 1.250 sigma: 0.271 
maxBOLD estimate = 1.525


Trial 17: qplus Stimulus Selection
Stimulus: 0.588
Output value -0.168

Q+ parameters
slope: 0.144 semiSat: 0.560 beta: 0.969 sigma: 0.375 
maxBOLD estimate = 1.906


Trial 18: qplus Stimulus Selection
Stimulus: 1.000
Output value -0.084

Q+ parameters
slope: 1.000 semiSat: 0.560 beta: 0.500 sigma: 0.427 
maxBOLD estimate = 1.846


Trial 19: qplus Stimulus Selection
Stimulus: 0.175
Output value 0.566

Q+ parameters
slope: 0.379 semiSat: 0.560 beta: 1.125 sigma: 0.218 
maxBOLD estimate = 0.923


Trial 20: baseline Stimulus Selection
Stimulus: 0.010
Output value 0.097

Q+ parameters
slope: 0.379 semiSat: 0.560 beta: 1.031 sigma: 0.218 
maxBOLD estimate = 1.038


Trial 21: qplus Stimulus Selection
Stimulus: 0.464
Output value -0.201

Q+ parameters
slope: 0.379 semiSat: 0.560 beta: 1.031 sigma: 0.218 
maxBOLD estimate = 1.071


Trial 22: qplus Stimulus Selection
Stimulus: 0.505
Output value 1.381

Q+ parameters
slope: 0.144 semiSat: 0.560 beta: 1.250 sigma: 0.375 
maxBOLD estimate = 1.104


Trial 23: qplus Stimulus Selection
Stimulus: 0.711
Output value -0.126

Q+ parameters
slope: 1.000 semiSat: 0.560 beta: 0.500 sigma: 1.000 
maxBOLD estimate = 1.381


Trial 24: qplus Stimulus Selection
Stimulus: 0.299
Output value -0.141

Q+ parameters
slope: 0.379 semiSat: 0.560 beta: 1.125 sigma: 0.218 
maxBOLD estimate = 0.690


Trial 25: maxBOLD Stimulus Selection
Stimulus: 1.000
Output value 0.715

Q+ parameters
slope: 0.379 semiSat: 0.560 beta: 1.125 sigma: 0.218 
maxBOLD estimate = 0.777


Trial 26: qplus Stimulus Selection
Stimulus: 0.629
Output value -0.179

Q+ parameters
slope: 0.055 semiSat: 0.670 beta: 1.125 sigma: 1.000 
maxBOLD estimate = 0.874


Trial 27: qplus Stimulus Selection
Stimulus: 1.000
Output value 0.553

Q+ parameters
slope: 0.379 semiSat: 0.560 beta: 1.031 sigma: 0.323 
maxBOLD estimate = 0.983


Trial 28: qplus Stimulus Selection
Stimulus: 0.505
Output value -0.161

Q+ parameters
slope: 0.616 semiSat: 0.560 beta: 0.875 sigma: 0.271 
maxBOLD estimate = 1.014


Trial 29: qplus Stimulus Selection
Stimulus: 0.505
Output value 1.209

Q+ parameters
slope: 0.113 semiSat: 0.560 beta: 1.250 sigma: 0.635 
maxBOLD estimate = 0.887


Trial 30: baseline Stimulus Selection
Stimulus: 0.010
Output value 0.907

Q+ parameters
slope: 0.070 semiSat: 0.670 beta: 1.500 sigma: 1.000 
maxBOLD estimate = 1.109

--------------------------------------------------------------
FINAL VALUES
--------------------------------------------------------------
Simulated parameters:              slope: 0.410 semiSat: 0.570 beta: 1.000 sigma: 0.250 
Max posterior QUEST+ parameters:   slope: 0.616 semiSat: 0.560 beta: 0.750 sigma: 0.323 
Max BADS parameters:               slope: 0.072 semiSat: 0.628 beta: 1.000 sigma: 0.479 
maxBOLD estimate: 1.658
