/blue/stevenweisberg/stevenweisberg/MATLAB/projects/Weisberg_Aguirre_2020/scripts/run_sims
c0706a-s12.ufhpc
Wed Apr  7 07:01:00 EDT 2021
mkdir: cannot create directory ‘/blue/stevenweisberg/stevenweisberg/qpfMRIResults/model_parameter_set2/’: File exists
cp: cannot stat ‘/blue/stevenweisberg/stevenweisberg/qpfMRIResults/deploy_sim.sh’: No such file or directory
cp: cannot stat ‘/blue/stevenweisberg/stevenweisberg/qpfMRIResults/sim_wrapper.sh’: No such file or directory
------------------------------------------
Setting up environment variables
---
LD_LIBRARY_PATH is .:/apps/matlab/mcr/2020b/v99/runtime/glnxa64:/apps/matlab/mcr/2020b/v99/bin/glnxa64:/apps/matlab/mcr/2020b/v99/sys/os/glnxa64:/apps/matlab/mcr/2020b/v99/sys/opengl/lib/glnxa64
Warning: Executing startup failed in matlabrc.
This indicates a potentially serious problem in your MATLAB setup, which should be resolved as soon as possible.  Error detected was:
MATLAB:mpath:PathAlterationNotSupported
Modifying the search path is not supported by MATLAB Compiler. Remove functions that modify the search path from your MATLAB code. To make files visible to your deployed application, add the parent folder to your MATLAB session.
Warning: No stimulus domain specified. Defaulting to values between 0.01 and 1.
> In qpfmriParams (line 182)
In compiledSimulate (line 205)
Stimulus domain added from input.
Parameter slope specified as 0.20000
Parameter semiSat specified as 0.57000
Parameter beta specified as 1.00000
Parameter sigma specified as 0.15000
seed = 99seed = 104seed = 111seed = 111seed = 115seed = 101Initializing Q+. This may take a minute...
Elapsed time is 6.466481 seconds.
Simulated parameters:
slope: 0.200 semiSat: 0.570 beta: 1.000 sigma: 0.150 

Trial 1: baseline Stimulus Selection
Stimulus: 0.010
Output value 0.000

Q+ parameters
slope: 0.026 semiSat: 0.890 beta: 0.500 sigma: 0.010 
maxBOLD estimate = 1.000


Trial 2: maxBOLD Stimulus Selection
Stimulus: 1.000
Output value 1.364

Q+ parameters
slope: 0.055 semiSat: 0.670 beta: 1.250 sigma: 0.010 
maxBOLD estimate = 1.000


Trial 3: baseline Stimulus Selection
Stimulus: 0.010
Output value 0.142

Q+ parameters
slope: 0.055 semiSat: 0.670 beta: 1.250 sigma: 0.062 
maxBOLD estimate = 1.250


Trial 4: maxBOLD Stimulus Selection
Stimulus: 1.000
Output value 1.598

Q+ parameters
slope: 0.043 semiSat: 0.780 beta: 1.250 sigma: 0.062 
maxBOLD estimate = 1.562


Trial 5: baseline Stimulus Selection
Stimulus: 0.010
Output value -0.400

Q+ parameters
slope: 0.043 semiSat: 0.780 beta: 1.125 sigma: 0.114 
maxBOLD estimate = 1.953


Trial 6: maxBOLD Stimulus Selection
Stimulus: 1.000
Output value 0.699

Q+ parameters
slope: 0.034 semiSat: 0.890 beta: 0.875 sigma: 0.114 
maxBOLD estimate = 2.197


Trial 7: random Stimulus Selection
Stimulus: 0.423
Output value 0.169

Q+ parameters
slope: 0.043 semiSat: 0.890 beta: 0.969 sigma: 0.114 
maxBOLD estimate = 1.923


Trial 8: random Stimulus Selection
Stimulus: 0.175
Output value -0.508

Q+ parameters
slope: 0.043 semiSat: 1.000 beta: 1.500 sigma: 0.114 
maxBOLD estimate = 1.863


Trial 9: random Stimulus Selection
Stimulus: 0.257
Output value 0.190

Q+ parameters
slope: 0.043 semiSat: 0.890 beta: 0.750 sigma: 0.062 
maxBOLD estimate = 2.794


Trial 10: baseline Stimulus Selection
Stimulus: 0.010
Output value -0.286

Q+ parameters
slope: 0.089 semiSat: 0.560 beta: 0.750 sigma: 0.114 
maxBOLD estimate = 2.095


Trial 11: random Stimulus Selection
Stimulus: 0.835
Output value 1.429

Q+ parameters
slope: 0.055 semiSat: 0.780 beta: 1.250 sigma: 0.114 
maxBOLD estimate = 1.572


Trial 12: random Stimulus Selection
Stimulus: 0.670
Output value 1.071

Q+ parameters
slope: 0.113 semiSat: 0.450 beta: 0.750 sigma: 0.114 
maxBOLD estimate = 1.964


Trial 13: random Stimulus Selection
Stimulus: 0.216
Output value -0.268

Q+ parameters
slope: 0.144 semiSat: 0.450 beta: 1.000 sigma: 0.114 
maxBOLD estimate = 1.473


Trial 14: random Stimulus Selection
Stimulus: 0.546
Output value 0.603

Q+ parameters
slope: 0.183 semiSat: 0.560 beta: 1.125 sigma: 0.166 
maxBOLD estimate = 1.473


Trial 15: maxBOLD Stimulus Selection
Stimulus: 1.000
Output value 1.055

Q+ parameters
slope: 0.144 semiSat: 0.560 beta: 0.875 sigma: 0.114 
maxBOLD estimate = 1.657


Trial 16: random Stimulus Selection
Stimulus: 0.464
Output value 0.140

Q+ parameters
slope: 0.379 semiSat: 0.560 beta: 1.062 sigma: 0.166 
maxBOLD estimate = 1.450


Trial 17: random Stimulus Selection
Stimulus: 0.257
Output value 0.131

Q+ parameters
slope: 0.379 semiSat: 0.560 beta: 0.938 sigma: 0.114 
maxBOLD estimate = 1.541


Trial 18: random Stimulus Selection
Stimulus: 0.423
Output value 0.131

Q+ parameters
slope: 0.379 semiSat: 0.560 beta: 1.000 sigma: 0.114 
maxBOLD estimate = 1.445


Trial 19: random Stimulus Selection
Stimulus: 0.794
Output value 1.674

Q+ parameters
slope: 0.379 semiSat: 0.560 beta: 1.062 sigma: 0.114 
maxBOLD estimate = 1.445


Trial 20: baseline Stimulus Selection
Stimulus: 0.010
Output value 0.262

Q+ parameters
slope: 0.379 semiSat: 0.560 beta: 0.938 sigma: 0.114 
maxBOLD estimate = 1.535


Trial 21: random Stimulus Selection
Stimulus: 0.464
Output value 0.000

Q+ parameters
slope: 0.379 semiSat: 0.560 beta: 1.062 sigma: 0.114 
maxBOLD estimate = 1.439


Trial 22: random Stimulus Selection
Stimulus: 0.134
Output value 0.130

Q+ parameters
slope: 0.379 semiSat: 0.560 beta: 0.938 sigma: 0.114 
maxBOLD estimate = 1.529


Trial 23: random Stimulus Selection
Stimulus: 0.216
Output value 0.000

Q+ parameters
slope: 0.379 semiSat: 0.560 beta: 1.062 sigma: 0.114 
maxBOLD estimate = 1.433


Trial 24: random Stimulus Selection
Stimulus: 0.216
Output value -0.260

Q+ parameters
slope: 0.379 semiSat: 0.560 beta: 0.938 sigma: 0.114 
maxBOLD estimate = 1.523


Trial 25: maxBOLD Stimulus Selection
Stimulus: 1.000
Output value 1.038

Q+ parameters
slope: 0.379 semiSat: 0.560 beta: 1.000 sigma: 0.114 
maxBOLD estimate = 1.428


Trial 26: random Stimulus Selection
Stimulus: 0.835
Output value 1.655

Q+ parameters
slope: 0.379 semiSat: 0.560 beta: 1.062 sigma: 0.114 
maxBOLD estimate = 1.428


Trial 27: random Stimulus Selection
Stimulus: 0.505
Output value 0.853

Q+ parameters
slope: 0.144 semiSat: 0.560 beta: 1.031 sigma: 0.114 
maxBOLD estimate = 1.517


Trial 28: random Stimulus Selection
Stimulus: 0.546
Output value 0.880

Q+ parameters
slope: 0.234 semiSat: 0.560 beta: 1.031 sigma: 0.114 
maxBOLD estimate = 1.564


Trial 29: random Stimulus Selection
Stimulus: 0.959
Output value 1.760

Q+ parameters
slope: 0.183 semiSat: 0.560 beta: 1.000 sigma: 0.114 
maxBOLD estimate = 1.613


Trial 30: baseline Stimulus Selection
Stimulus: 0.010
Output value -0.367

Q+ parameters
slope: 0.234 semiSat: 0.560 beta: 1.250 sigma: 0.114 
maxBOLD estimate = 1.613


Trial 31: random Stimulus Selection
Stimulus: 0.835
Output value 1.650

Q+ parameters
slope: 0.183 semiSat: 0.560 beta: 0.750 sigma: 0.114 
maxBOLD estimate = 2.017


Trial 32: random Stimulus Selection
Stimulus: 0.505
Output value 0.172

Q+ parameters
slope: 0.234 semiSat: 0.560 beta: 1.250 sigma: 0.114 
maxBOLD estimate = 1.512


Trial 33: random Stimulus Selection
Stimulus: 0.423
Output value -0.301

Q+ parameters
slope: 0.234 semiSat: 0.560 beta: 0.875 sigma: 0.114 
maxBOLD estimate = 1.891


Trial 34: random Stimulus Selection
Stimulus: 0.876
Output value 1.551

Q+ parameters
slope: 0.234 semiSat: 0.560 beta: 1.031 sigma: 0.114 
maxBOLD estimate = 1.654


Trial 35: maxBOLD Stimulus Selection
Stimulus: 1.000
Output value 0.960

Q+ parameters
slope: 0.234 semiSat: 0.560 beta: 1.031 sigma: 0.166 
maxBOLD estimate = 1.706


Trial 36: random Stimulus Selection
Stimulus: 0.794
Output value 1.050

Q+ parameters
slope: 0.234 semiSat: 0.560 beta: 0.938 sigma: 0.114 
maxBOLD estimate = 1.759


Trial 37: random Stimulus Selection
Stimulus: 0.876
Output value 1.546

Q+ parameters
slope: 0.234 semiSat: 0.560 beta: 1.031 sigma: 0.166 
maxBOLD estimate = 1.649


Trial 38: random Stimulus Selection
Stimulus: 0.464
Output value 0.435

Q+ parameters
slope: 0.144 semiSat: 0.560 beta: 0.938 sigma: 0.114 
maxBOLD estimate = 1.701


Trial 39: random Stimulus Selection
Stimulus: 0.505
Output value 0.747

Q+ parameters
slope: 0.234 semiSat: 0.560 beta: 1.031 sigma: 0.166 
maxBOLD estimate = 1.595


Trial 40: baseline Stimulus Selection
Stimulus: 0.010
Output value 0.561

Q+ parameters
slope: 0.234 semiSat: 0.560 beta: 0.938 sigma: 0.166 
maxBOLD estimate = 1.644


Trial 41: random Stimulus Selection
Stimulus: 0.257
Output value -0.289

Q+ parameters
slope: 0.234 semiSat: 0.560 beta: 1.031 sigma: 0.166 
maxBOLD estimate = 1.542


Trial 42: random Stimulus Selection
Stimulus: 0.835
Output value 1.355

Q+ parameters
slope: 0.234 semiSat: 0.560 beta: 0.938 sigma: 0.166 
maxBOLD estimate = 1.590


Trial 43: random Stimulus Selection
Stimulus: 0.175
Output value 0.000

Q+ parameters
slope: 0.234 semiSat: 0.560 beta: 1.031 sigma: 0.166 
maxBOLD estimate = 1.490


Trial 44: random Stimulus Selection
Stimulus: 0.959
Output value 1.729

Q+ parameters
slope: 0.234 semiSat: 0.560 beta: 1.031 sigma: 0.166 
maxBOLD estimate = 1.537


Trial 45: maxBOLD Stimulus Selection
Stimulus: 1.000
Output value 1.351

Q+ parameters
slope: 0.234 semiSat: 0.560 beta: 0.938 sigma: 0.114 
maxBOLD estimate = 1.585


Trial 46: random Stimulus Selection
Stimulus: 0.835
Output value 1.393

Q+ parameters
slope: 0.234 semiSat: 0.560 beta: 1.031 sigma: 0.166 
maxBOLD estimate = 1.486


Trial 47: random Stimulus Selection
Stimulus: 0.835
Output value 1.724

Q+ parameters
slope: 0.234 semiSat: 0.560 beta: 1.031 sigma: 0.166 
maxBOLD estimate = 1.532


Trial 48: random Stimulus Selection
Stimulus: 0.381
Output value -0.269

Q+ parameters
slope: 0.234 semiSat: 0.560 beta: 0.938 sigma: 0.166 
maxBOLD estimate = 1.580


Trial 49: random Stimulus Selection
Stimulus: 0.629
Output value 0.556

Q+ parameters
slope: 0.234 semiSat: 0.560 beta: 1.031 sigma: 0.166 
maxBOLD estimate = 1.481


Trial 50: baseline Stimulus Selection
Stimulus: 0.010
Output value -0.295

Q+ parameters
slope: 0.183 semiSat: 0.560 beta: 1.062 sigma: 0.166 
maxBOLD estimate = 1.528


Trial 51: random Stimulus Selection
Stimulus: 0.340
Output value -0.304

Q+ parameters
slope: 0.234 semiSat: 0.560 beta: 1.031 sigma: 0.166 
maxBOLD estimate = 1.623


Trial 52: random Stimulus Selection
Stimulus: 0.423
Output value 0.000

Q+ parameters
slope: 0.183 semiSat: 0.560 beta: 0.938 sigma: 0.114 
maxBOLD estimate = 1.674


Trial 53: random Stimulus Selection
Stimulus: 0.051
Output value -0.147

Q+ parameters
slope: 0.234 semiSat: 0.560 beta: 1.031 sigma: 0.166 
maxBOLD estimate = 1.569


Trial 54: random Stimulus Selection
Stimulus: 0.505
Output value -0.152

Q+ parameters
slope: 0.234 semiSat: 0.560 beta: 1.031 sigma: 0.166 
maxBOLD estimate = 1.618


Trial 55: maxBOLD Stimulus Selection
Stimulus: 1.000
Output value 0.797

Q+ parameters
slope: 0.234 semiSat: 0.560 beta: 0.875 sigma: 0.166 
maxBOLD estimate = 1.669


Trial 56: random Stimulus Selection
Stimulus: 1.000
Output value 1.693

Q+ parameters
slope: 0.298 semiSat: 0.560 beta: 1.062 sigma: 0.166 
maxBOLD estimate = 1.460


Trial 57: random Stimulus Selection
Stimulus: 0.876
Output value 1.455

Q+ parameters
slope: 0.234 semiSat: 0.560 beta: 1.031 sigma: 0.166 
maxBOLD estimate = 1.552


Trial 58: random Stimulus Selection
Stimulus: 0.711
Output value 1.350

Q+ parameters
slope: 0.234 semiSat: 0.560 beta: 1.031 sigma: 0.166 
maxBOLD estimate = 1.600


Trial 59: random Stimulus Selection
Stimulus: 0.711
Output value 0.919

Q+ parameters
slope: 0.234 semiSat: 0.560 beta: 0.875 sigma: 0.166 
maxBOLD estimate = 1.650


Trial 60: baseline Stimulus Selection
Stimulus: 0.010
Output value -0.328

Q+ parameters
slope: 0.234 semiSat: 0.560 beta: 1.250 sigma: 0.166 
maxBOLD estimate = 1.444


Trial 61: random Stimulus Selection
Stimulus: 0.340
Output value 0.287

Q+ parameters
slope: 0.234 semiSat: 0.560 beta: 0.875 sigma: 0.166 
maxBOLD estimate = 1.805


Trial 62: random Stimulus Selection
Stimulus: 0.794
Output value 1.777

Q+ parameters
slope: 0.234 semiSat: 0.560 beta: 1.031 sigma: 0.166 
maxBOLD estimate = 1.579


Trial 63: random Stimulus Selection
Stimulus: 0.423
Output value 0.000

Q+ parameters
slope: 0.234 semiSat: 0.560 beta: 1.031 sigma: 0.166 
maxBOLD estimate = 1.629


Trial 64: random Stimulus Selection
Stimulus: 0.670
Output value 1.889

Q+ parameters
slope: 0.234 semiSat: 0.560 beta: 1.031 sigma: 0.166 
maxBOLD estimate = 1.679


Trial 65: maxBOLD Stimulus Selection
Stimulus: 1.000
Output value 1.653

Q+ parameters
slope: 0.234 semiSat: 0.560 beta: 0.875 sigma: 0.166 
maxBOLD estimate = 1.732


Trial 66: random Stimulus Selection
Stimulus: 0.423
Output value 0.439

Q+ parameters
slope: 0.183 semiSat: 0.560 beta: 1.062 sigma: 0.166 
maxBOLD estimate = 1.515


Trial 67: random Stimulus Selection
Stimulus: 0.753
Output value 1.811

Q+ parameters
slope: 0.234 semiSat: 0.560 beta: 1.031 sigma: 0.166 
maxBOLD estimate = 1.610


Trial 68: random Stimulus Selection
Stimulus: 0.876
Output value 1.811

Q+ parameters
slope: 0.183 semiSat: 0.560 beta: 1.000 sigma: 0.166 
maxBOLD estimate = 1.660


Trial 69: random Stimulus Selection
Stimulus: 0.629
Output value 1.359

Q+ parameters
slope: 0.183 semiSat: 0.560 beta: 1.000 sigma: 0.166 
maxBOLD estimate = 1.660


Trial 70: baseline Stimulus Selection
Stimulus: 0.010
Output value -0.151

Q+ parameters
slope: 0.183 semiSat: 0.560 beta: 1.000 sigma: 0.166 
maxBOLD estimate = 1.660


Trial 71: random Stimulus Selection
Stimulus: 0.794
Output value 1.057

Q+ parameters
slope: 0.183 semiSat: 0.560 beta: 1.000 sigma: 0.166 
maxBOLD estimate = 1.660


Trial 72: random Stimulus Selection
Stimulus: 0.918
Output value 1.510

Q+ parameters
slope: 0.183 semiSat: 0.560 beta: 1.000 sigma: 0.166 
maxBOLD estimate = 1.660


Trial 73: random Stimulus Selection
Stimulus: 0.464
Output value 0.000

Q+ parameters
slope: 0.183 semiSat: 0.560 beta: 1.000 sigma: 0.166 
maxBOLD estimate = 1.660


Trial 74: random Stimulus Selection
Stimulus: 0.381
Output value 0.604

Q+ parameters
slope: 0.183 semiSat: 0.560 beta: 1.000 sigma: 0.166 
maxBOLD estimate = 1.660


Trial 75: maxBOLD Stimulus Selection
Stimulus: 1.000
Output value 1.811

Q+ parameters
slope: 0.183 semiSat: 0.560 beta: 1.000 sigma: 0.166 
maxBOLD estimate = 1.660


Trial 76: random Stimulus Selection
Stimulus: 0.051
Output value 0.302

Q+ parameters
slope: 0.183 semiSat: 0.560 beta: 1.000 sigma: 0.166 
maxBOLD estimate = 1.660


Trial 77: random Stimulus Selection
Stimulus: 0.340
Output value 0.302

Q+ parameters
slope: 0.183 semiSat: 0.560 beta: 1.000 sigma: 0.166 
maxBOLD estimate = 1.660


Trial 78: random Stimulus Selection
Stimulus: 0.753
Output value 1.811

Q+ parameters
slope: 0.183 semiSat: 0.560 beta: 1.000 sigma: 0.166 
maxBOLD estimate = 1.660


Trial 79: random Stimulus Selection
Stimulus: 0.959
Output value 1.811

Q+ parameters
slope: 0.183 semiSat: 0.560 beta: 1.000 sigma: 0.166 
maxBOLD estimate = 1.660


Trial 80: baseline Stimulus Selection
Stimulus: 0.010
Output value 0.467

Q+ parameters
slope: 0.234 semiSat: 0.560 beta: 1.031 sigma: 0.166 
maxBOLD estimate = 1.660


Trial 81: random Stimulus Selection
Stimulus: 0.134
Output value -0.161

Q+ parameters
slope: 0.234 semiSat: 0.560 beta: 1.031 sigma: 0.166 
maxBOLD estimate = 1.712


Trial 82: random Stimulus Selection
Stimulus: 0.464
Output value 0.562

Q+ parameters
slope: 0.234 semiSat: 0.560 beta: 0.875 sigma: 0.166 
maxBOLD estimate = 1.766


Trial 83: random Stimulus Selection
Stimulus: 0.257
Output value -0.158

Q+ parameters
slope: 0.183 semiSat: 0.560 beta: 1.125 sigma: 0.166 
maxBOLD estimate = 1.545


Trial 84: random Stimulus Selection
Stimulus: 0.257
Output value 0.000

Q+ parameters
slope: 0.234 semiSat: 0.560 beta: 0.875 sigma: 0.166 
maxBOLD estimate = 1.738


Trial 85: maxBOLD Stimulus Selection
Stimulus: 1.000
Output value 1.867

Q+ parameters
slope: 0.183 semiSat: 0.560 beta: 1.125 sigma: 0.166 
maxBOLD estimate = 1.521


Trial 86: random Stimulus Selection
Stimulus: 0.464
Output value -0.160

Q+ parameters
slope: 0.234 semiSat: 0.560 beta: 1.031 sigma: 0.166 
maxBOLD estimate = 1.711


Trial 87: random Stimulus Selection
Stimulus: 0.505
Output value 0.281

Q+ parameters
slope: 0.234 semiSat: 0.560 beta: 0.875 sigma: 0.166 
maxBOLD estimate = 1.765


Trial 88: random Stimulus Selection
Stimulus: 0.629
Output value 0.895

Q+ parameters
slope: 0.183 semiSat: 0.560 beta: 1.062 sigma: 0.166 
maxBOLD estimate = 1.544


Trial 89: random Stimulus Selection
Stimulus: 0.753
Output value 0.722

Q+ parameters
slope: 0.183 semiSat: 0.560 beta: 0.969 sigma: 0.166 
maxBOLD estimate = 1.641


Trial 90: baseline Stimulus Selection
Stimulus: 0.010
Output value -0.307

Q+ parameters
slope: 0.183 semiSat: 0.560 beta: 1.062 sigma: 0.166 
maxBOLD estimate = 1.589


Trial 91: random Stimulus Selection
Stimulus: 0.092
Output value -0.297

Q+ parameters
slope: 0.183 semiSat: 0.560 beta: 0.969 sigma: 0.166 
maxBOLD estimate = 1.689


Trial 92: random Stimulus Selection
Stimulus: 0.134
Output value -0.288

Q+ parameters
slope: 0.183 semiSat: 0.560 beta: 0.969 sigma: 0.166 
maxBOLD estimate = 1.636


Trial 93: random Stimulus Selection
Stimulus: 0.464
Output value -0.153

Q+ parameters
slope: 0.183 semiSat: 0.560 beta: 1.062 sigma: 0.166 
maxBOLD estimate = 1.585


Trial 94: random Stimulus Selection
Stimulus: 0.629
Output value 1.186

Q+ parameters
slope: 0.183 semiSat: 0.560 beta: 0.969 sigma: 0.166 
maxBOLD estimate = 1.684


Trial 95: maxBOLD Stimulus Selection
Stimulus: 1.000
Output value 1.724

Q+ parameters
slope: 0.183 semiSat: 0.560 beta: 0.969 sigma: 0.166 
maxBOLD estimate = 1.631


Trial 96: random Stimulus Selection
Stimulus: 0.670
Output value 0.916

Q+ parameters
slope: 0.183 semiSat: 0.560 beta: 1.062 sigma: 0.166 
maxBOLD estimate = 1.580


Trial 97: random Stimulus Selection
Stimulus: 0.423
Output value 0.296

Q+ parameters
slope: 0.183 semiSat: 0.560 beta: 0.969 sigma: 0.166 
maxBOLD estimate = 1.679


Trial 98: random Stimulus Selection
Stimulus: 0.588
Output value 0.716

Q+ parameters
slope: 0.183 semiSat: 0.560 beta: 0.969 sigma: 0.166 
maxBOLD estimate = 1.626


Trial 99: random Stimulus Selection
Stimulus: 0.051
Output value -0.304

Q+ parameters
slope: 0.183 semiSat: 0.560 beta: 1.062 sigma: 0.166 
maxBOLD estimate = 1.576


Trial 100: baseline Stimulus Selection
Stimulus: 0.010
Output value 0.147

Q+ parameters
slope: 0.144 semiSat: 0.560 beta: 0.969 sigma: 0.166 
maxBOLD estimate = 1.674

--------------------------------------------------------------
FINAL VALUES
--------------------------------------------------------------
Simulated parameters:              slope: 0.200 semiSat: 0.570 beta: 1.000 sigma: 0.150 
Max posterior QUEST+ parameters:   slope: 0.144 semiSat: 0.560 beta: 0.969 sigma: 0.166 
Max BADS parameters:               slope: 0.132 semiSat: 0.573 beta: 1.000 sigma: 0.145 
maxBOLD estimate: 1.700
