/blue/stevenweisberg/stevenweisberg/MATLAB/projects/Weisberg_Aguirre_2020/scripts/run_sims
c31a-s23.ufhpc
Thu Nov 12 22:00:14 EST 2020
cp: cannot stat ‘/blue/stevenweisberg/stevenweisberg/qpfMRIResults/deploy_sim.sh’: No such file or directory
cp: cannot stat ‘/blue/stevenweisberg/stevenweisberg/qpfMRIResults/sim_wrapper.sh’: No such file or directory
------------------------------------------
Setting up environment variables
---
LD_LIBRARY_PATH is .:/apps/matlab/mcr/2020b/v99/runtime/glnxa64:/apps/matlab/mcr/2020b/v99/bin/glnxa64:/apps/matlab/mcr/2020b/v99/sys/os/glnxa64:/apps/matlab/mcr/2020b/v99/sys/opengl/lib/glnxa64
Warning: Executing startup failed in matlabrc.
This indicates a potentially serious problem in your MATLAB setup, which should be resolved as soon as possible.  Error detected was:
MATLAB:mpath:PathAlterationNotSupported
Modifying the search path is not supported by MATLAB Compiler. Remove functions that modify the search path from your MATLAB code. To make files visible to your deployed application, add the parent folder to your MATLAB session.
Warning: No stimulus domain specified. Defaulting to values between 0.01 and 1.
> In qpfmriParams (line 182)
In compiledSimulate (line 205)
Stimulus domain added from input.
Parameter slope specified as 0.41000
Parameter semiSat specified as 0.57000
Parameter beta specified as 1.00000
Parameter sigma specified as 0.15000
seed = 99seed = 104seed = 111seed = 111seed = 115seed = 101Initializing Q+. This may take a minute...
Elapsed time is 9.992953 seconds.
Simulated parameters:
slope: 0.410 semiSat: 0.570 beta: 1.000 sigma: 0.150 

Trial 1: baseline Stimulus Selection
Stimulus: 0.010
Output value 0.000

Q+ parameters
slope: 0.026 semiSat: 0.890 beta: 0.500 sigma: 0.010 
maxBOLD estimate = 1.000


Trial 2: maxBOLD Stimulus Selection
Stimulus: 1.000
Output value 1.364

Q+ parameters
slope: 0.055 semiSat: 0.670 beta: 1.250 sigma: 0.010 
maxBOLD estimate = 1.000


Trial 3: baseline Stimulus Selection
Stimulus: 0.010
Output value 0.000

Q+ parameters
slope: 0.043 semiSat: 0.780 beta: 1.125 sigma: 0.010 
maxBOLD estimate = 1.250


Trial 4: maxBOLD Stimulus Selection
Stimulus: 1.000
Output value 1.438

Q+ parameters
slope: 0.043 semiSat: 0.780 beta: 1.125 sigma: 0.062 
maxBOLD estimate = 1.406


Trial 5: baseline Stimulus Selection
Stimulus: 0.010
Output value -0.324

Q+ parameters
slope: 0.043 semiSat: 0.780 beta: 1.125 sigma: 0.114 
maxBOLD estimate = 1.582


Trial 6: maxBOLD Stimulus Selection
Stimulus: 1.000
Output value 1.724

Q+ parameters
slope: 0.043 semiSat: 0.780 beta: 0.969 sigma: 0.114 
maxBOLD estimate = 1.780


Trial 7: qplus Stimulus Selection
Stimulus: 0.505
Output value -0.152

Q+ parameters
slope: 0.089 semiSat: 0.890 beta: 0.969 sigma: 0.062 
maxBOLD estimate = 1.724


Trial 8: qplus Stimulus Selection
Stimulus: 0.835
Output value 1.708

Q+ parameters
slope: 0.183 semiSat: 0.670 beta: 0.938 sigma: 0.114 
maxBOLD estimate = 1.670


Trial 9: qplus Stimulus Selection
Stimulus: 0.629
Output value 0.996

Q+ parameters
slope: 0.616 semiSat: 0.560 beta: 0.875 sigma: 0.114 
maxBOLD estimate = 1.566


Trial 10: baseline Stimulus Selection
Stimulus: 0.010
Output value -0.128

Q+ parameters
slope: 0.379 semiSat: 0.560 beta: 1.031 sigma: 0.062 
maxBOLD estimate = 1.370


Trial 11: qplus Stimulus Selection
Stimulus: 0.588
Output value 0.373

Q+ parameters
slope: 0.234 semiSat: 0.560 beta: 0.969 sigma: 0.114 
maxBOLD estimate = 1.413


Trial 12: qplus Stimulus Selection
Stimulus: 0.629
Output value 1.205

Q+ parameters
slope: 0.234 semiSat: 0.560 beta: 0.969 sigma: 0.114 
maxBOLD estimate = 1.369


Trial 13: qplus Stimulus Selection
Stimulus: 0.505
Output value 0.136

Q+ parameters
slope: 0.379 semiSat: 0.560 beta: 1.125 sigma: 0.166 
maxBOLD estimate = 1.326


Trial 14: qplus Stimulus Selection
Stimulus: 0.464
Output value 0.381

Q+ parameters
slope: 0.144 semiSat: 0.560 beta: 0.938 sigma: 0.114 
maxBOLD estimate = 1.492


Trial 15: maxBOLD Stimulus Selection
Stimulus: 1.000
Output value 1.621

Q+ parameters
slope: 0.183 semiSat: 0.560 beta: 1.062 sigma: 0.114 
maxBOLD estimate = 1.399


Trial 16: qplus Stimulus Selection
Stimulus: 0.505
Output value 0.131

Q+ parameters
slope: 0.234 semiSat: 0.560 beta: 0.969 sigma: 0.114 
maxBOLD estimate = 1.486


Trial 17: qplus Stimulus Selection
Stimulus: 0.629
Output value 0.973

Q+ parameters
slope: 0.183 semiSat: 0.560 beta: 1.062 sigma: 0.166 
maxBOLD estimate = 1.440


Trial 18: qplus Stimulus Selection
Stimulus: 0.629
Output value 1.347

Q+ parameters
slope: 0.234 semiSat: 0.560 beta: 0.969 sigma: 0.114 
maxBOLD estimate = 1.530


Trial 19: qplus Stimulus Selection
Stimulus: 0.505
Output value -0.261

Q+ parameters
slope: 0.234 semiSat: 0.560 beta: 0.969 sigma: 0.166 
maxBOLD estimate = 1.482


Trial 20: baseline Stimulus Selection
Stimulus: 0.010
Output value -0.277

Q+ parameters
slope: 0.298 semiSat: 0.560 beta: 1.062 sigma: 0.166 
maxBOLD estimate = 1.435


Trial 21: qplus Stimulus Selection
Stimulus: 0.505
Output value -0.286

Q+ parameters
slope: 0.379 semiSat: 0.560 beta: 1.031 sigma: 0.166 
maxBOLD estimate = 1.525


Trial 22: qplus Stimulus Selection
Stimulus: 0.588
Output value 1.519

Q+ parameters
slope: 0.298 semiSat: 0.560 beta: 1.062 sigma: 0.166 
maxBOLD estimate = 1.573


Trial 23: qplus Stimulus Selection
Stimulus: 0.546
Output value 0.589

Q+ parameters
slope: 0.234 semiSat: 0.560 beta: 0.969 sigma: 0.114 
maxBOLD estimate = 1.671


Trial 24: qplus Stimulus Selection
Stimulus: 0.588
Output value 0.998

Q+ parameters
slope: 0.234 semiSat: 0.560 beta: 0.969 sigma: 0.114 
maxBOLD estimate = 1.619


Trial 25: maxBOLD Stimulus Selection
Stimulus: 1.000
Output value 1.381

Q+ parameters
slope: 0.234 semiSat: 0.560 beta: 0.969 sigma: 0.114 
maxBOLD estimate = 1.568


Trial 26: qplus Stimulus Selection
Stimulus: 0.588
Output value 0.669

Q+ parameters
slope: 0.234 semiSat: 0.560 beta: 0.969 sigma: 0.114 
maxBOLD estimate = 1.519


Trial 27: qplus Stimulus Selection
Stimulus: 0.588
Output value 1.104

Q+ parameters
slope: 0.379 semiSat: 0.560 beta: 1.031 sigma: 0.114 
maxBOLD estimate = 1.472


Trial 28: qplus Stimulus Selection
Stimulus: 0.546
Output value 0.966

Q+ parameters
slope: 0.234 semiSat: 0.560 beta: 1.000 sigma: 0.114 
maxBOLD estimate = 1.518


Trial 29: qplus Stimulus Selection
Stimulus: 0.588
Output value 0.535

Q+ parameters
slope: 0.234 semiSat: 0.560 beta: 0.969 sigma: 0.114 
maxBOLD estimate = 1.518


Trial 30: baseline Stimulus Selection
Stimulus: 0.010
Output value 0.388

Q+ parameters
slope: 0.234 semiSat: 0.560 beta: 0.969 sigma: 0.114 
maxBOLD estimate = 1.470

--------------------------------------------------------------
FINAL VALUES
--------------------------------------------------------------
Simulated parameters:              slope: 0.410 semiSat: 0.570 beta: 1.000 sigma: 0.150 
Max posterior QUEST+ parameters:   slope: 0.234 semiSat: 0.560 beta: 0.969 sigma: 0.114 
Max BADS parameters:               slope: 0.322 semiSat: 0.567 beta: 1.000 sigma: 0.113 
maxBOLD estimate: 1.445
