/blue/stevenweisberg/stevenweisberg/MATLAB/projects/Weisberg_Aguirre_2020/scripts/run_sims
c30a-s23.ufhpc
Sat Nov 14 00:51:03 EST 2020
mkdir: cannot create directory ‘/blue/stevenweisberg/stevenweisberg/qpfMRIResults/model_parameter_set1/’: File exists
cp: cannot stat ‘/blue/stevenweisberg/stevenweisberg/qpfMRIResults/deploy_sim.sh’: No such file or directory
cp: cannot stat ‘/blue/stevenweisberg/stevenweisberg/qpfMRIResults/sim_wrapper.sh’: No such file or directory
------------------------------------------
Setting up environment variables
---
LD_LIBRARY_PATH is .:/apps/matlab/mcr/2020b/v99/runtime/glnxa64:/apps/matlab/mcr/2020b/v99/bin/glnxa64:/apps/matlab/mcr/2020b/v99/sys/os/glnxa64:/apps/matlab/mcr/2020b/v99/sys/opengl/lib/glnxa64
Warning: Executing startup failed in matlabrc.
This indicates a potentially serious problem in your MATLAB setup, which should be resolved as soon as possible.  Error detected was:
MATLAB:mpath:PathAlterationNotSupported
Modifying the search path is not supported by MATLAB Compiler. Remove functions that modify the search path from your MATLAB code. To make files visible to your deployed application, add the parent folder to your MATLAB session.
Warning: No stimulus domain specified. Defaulting to values between 0.01 and 1.
> In qpfmriParams (line 182)
In compiledSimulate (line 205)
Stimulus domain added from input.
Parameter slope specified as 0.41000
Parameter semiSat specified as 0.57000
Parameter beta specified as 1.00000
Parameter sigma specified as 0.15000
seed = 99seed = 104seed = 111seed = 111seed = 115seed = 101Initializing Q+. This may take a minute...
Elapsed time is 9.859231 seconds.
Simulated parameters:
slope: 0.410 semiSat: 0.570 beta: 1.000 sigma: 0.150 

Trial 1: baseline Stimulus Selection
Stimulus: 0.010
Output value 0.000

Q+ parameters
slope: 0.026 semiSat: 0.890 beta: 0.500 sigma: 0.010 
maxBOLD estimate = 1.000


Trial 2: maxBOLD Stimulus Selection
Stimulus: 1.000
Output value 0.045

Q+ parameters
slope: 0.026 semiSat: 0.890 beta: 0.500 sigma: 0.114 
maxBOLD estimate = 1.000


Trial 3: baseline Stimulus Selection
Stimulus: 0.010
Output value -0.114

Q+ parameters
slope: 0.055 semiSat: 0.670 beta: 1.250 sigma: 0.114 
maxBOLD estimate = 0.500


Trial 4: maxBOLD Stimulus Selection
Stimulus: 1.000
Output value 0.852

Q+ parameters
slope: 0.055 semiSat: 0.670 beta: 1.250 sigma: 0.218 
maxBOLD estimate = 0.625


Trial 5: baseline Stimulus Selection
Stimulus: 0.010
Output value -0.178

Q+ parameters
slope: 0.043 semiSat: 0.560 beta: 1.250 sigma: 0.427 
maxBOLD estimate = 0.781


Trial 6: maxBOLD Stimulus Selection
Stimulus: 1.000
Output value 1.332

Q+ parameters
slope: 0.055 semiSat: 0.670 beta: 1.250 sigma: 0.166 
maxBOLD estimate = 0.977


Trial 7: random Stimulus Selection
Stimulus: 0.918
Output value 0.458

Q+ parameters
slope: 0.234 semiSat: 0.890 beta: 1.031 sigma: 0.166 
maxBOLD estimate = 1.221


Trial 8: random Stimulus Selection
Stimulus: 0.505
Output value -0.343

Q+ parameters
slope: 0.113 semiSat: 0.890 beta: 1.500 sigma: 0.114 
maxBOLD estimate = 1.259


Trial 9: random Stimulus Selection
Stimulus: 0.546
Output value -0.333

Q+ parameters
slope: 0.089 semiSat: 0.890 beta: 0.969 sigma: 0.114 
maxBOLD estimate = 1.888


Trial 10: baseline Stimulus Selection
Stimulus: 0.010
Output value -0.177

Q+ parameters
slope: 0.055 semiSat: 0.780 beta: 1.062 sigma: 0.114 
maxBOLD estimate = 1.829


Trial 11: random Stimulus Selection
Stimulus: 0.876
Output value 1.060

Q+ parameters
slope: 0.089 semiSat: 0.780 beta: 0.750 sigma: 0.114 
maxBOLD estimate = 1.944


Trial 12: random Stimulus Selection
Stimulus: 0.010
Output value 0.128

Q+ parameters
slope: 0.113 semiSat: 0.670 beta: 0.969 sigma: 0.114 
maxBOLD estimate = 1.458


Trial 13: random Stimulus Selection
Stimulus: 0.918
Output value 0.128

Q+ parameters
slope: 0.089 semiSat: 0.780 beta: 1.000 sigma: 0.218 
maxBOLD estimate = 1.412


Trial 14: random Stimulus Selection
Stimulus: 0.918
Output value 0.433

Q+ parameters
slope: 0.055 semiSat: 0.780 beta: 1.125 sigma: 0.166 
maxBOLD estimate = 1.412


Trial 15: maxBOLD Stimulus Selection
Stimulus: 1.000
Output value 0.677

Q+ parameters
slope: 0.070 semiSat: 0.780 beta: 0.938 sigma: 0.114 
maxBOLD estimate = 1.589


Trial 16: random Stimulus Selection
Stimulus: 0.216
Output value -0.279

Q+ parameters
slope: 0.070 semiSat: 0.780 beta: 1.031 sigma: 0.114 
maxBOLD estimate = 1.489


Trial 17: random Stimulus Selection
Stimulus: 0.505
Output value 0.000

Q+ parameters
slope: 0.616 semiSat: 0.560 beta: 0.750 sigma: 0.114 
maxBOLD estimate = 1.536


Trial 18: random Stimulus Selection
Stimulus: 0.423
Output value 1.100

Q+ parameters
slope: 0.089 semiSat: 0.670 beta: 1.500 sigma: 0.218 
maxBOLD estimate = 1.152


Trial 19: random Stimulus Selection
Stimulus: 0.876
Output value 1.178

Q+ parameters
slope: 0.043 semiSat: 0.890 beta: 1.250 sigma: 0.114 
maxBOLD estimate = 1.728


Trial 20: baseline Stimulus Selection
Stimulus: 0.010
Output value -0.344

Q+ parameters
slope: 0.043 semiSat: 0.780 beta: 0.875 sigma: 0.114 
maxBOLD estimate = 2.160


Trial 21: random Stimulus Selection
Stimulus: 0.216
Output value 1.203

Q+ parameters
slope: 0.043 semiSat: 0.780 beta: 0.875 sigma: 0.166 
maxBOLD estimate = 1.890


Trial 22: random Stimulus Selection
Stimulus: 0.092
Output value -0.376

Q+ parameters
slope: 0.043 semiSat: 0.890 beta: 1.250 sigma: 0.114 
maxBOLD estimate = 1.654


Trial 23: random Stimulus Selection
Stimulus: 0.423
Output value -0.388

Q+ parameters
slope: 0.043 semiSat: 0.890 beta: 1.031 sigma: 0.114 
maxBOLD estimate = 2.067


Trial 24: random Stimulus Selection
Stimulus: 0.546
Output value 0.848

Q+ parameters
slope: 0.043 semiSat: 0.780 beta: 0.875 sigma: 0.114 
maxBOLD estimate = 2.132


Trial 25: maxBOLD Stimulus Selection
Stimulus: 1.000
Output value 0.525

Q+ parameters
slope: 0.043 semiSat: 0.890 beta: 1.031 sigma: 0.114 
maxBOLD estimate = 1.865


Trial 26: random Stimulus Selection
Stimulus: 0.381
Output value 0.721

Q+ parameters
slope: 0.043 semiSat: 0.890 beta: 1.031 sigma: 0.114 
maxBOLD estimate = 1.923


Trial 27: random Stimulus Selection
Stimulus: 0.918
Output value 1.116

Q+ parameters
slope: 0.043 semiSat: 0.890 beta: 1.031 sigma: 0.114 
maxBOLD estimate = 1.984


Trial 28: random Stimulus Selection
Stimulus: 0.257
Output value -0.139

Q+ parameters
slope: 0.089 semiSat: 0.780 beta: 0.750 sigma: 0.114 
maxBOLD estimate = 2.046


Trial 29: random Stimulus Selection
Stimulus: 0.092
Output value -0.288

Q+ parameters
slope: 0.070 semiSat: 0.780 beta: 1.031 sigma: 0.166 
maxBOLD estimate = 1.534


Trial 30: baseline Stimulus Selection
Stimulus: 0.010
Output value 0.270

Q+ parameters
slope: 0.070 semiSat: 0.780 beta: 0.938 sigma: 0.114 
maxBOLD estimate = 1.582

--------------------------------------------------------------
FINAL VALUES
--------------------------------------------------------------
Simulated parameters:              slope: 0.410 semiSat: 0.570 beta: 1.000 sigma: 0.150 
Max posterior QUEST+ parameters:   slope: 0.070 semiSat: 0.780 beta: 1.031 sigma: 0.166 
Max BADS parameters:               slope: 0.066 semiSat: 0.746 beta: 1.000 sigma: 0.153 
maxBOLD estimate: 1.429
