/blue/stevenweisberg/stevenweisberg/MATLAB/projects/Weisberg_Aguirre_2020/scripts/run_sims
c27a-s26.ufhpc
Fri Nov 13 16:13:50 EST 2020
mkdir: cannot create directory ‘/blue/stevenweisberg/stevenweisberg/qpfMRIResults/model_parameter_set1/’: File exists
cp: cannot stat ‘/blue/stevenweisberg/stevenweisberg/qpfMRIResults/deploy_sim.sh’: No such file or directory
cp: cannot stat ‘/blue/stevenweisberg/stevenweisberg/qpfMRIResults/sim_wrapper.sh’: No such file or directory
------------------------------------------
Setting up environment variables
---
LD_LIBRARY_PATH is .:/apps/matlab/mcr/2020b/v99/runtime/glnxa64:/apps/matlab/mcr/2020b/v99/bin/glnxa64:/apps/matlab/mcr/2020b/v99/sys/os/glnxa64:/apps/matlab/mcr/2020b/v99/sys/opengl/lib/glnxa64
Warning: Executing startup failed in matlabrc.
This indicates a potentially serious problem in your MATLAB setup, which should be resolved as soon as possible.  Error detected was:
MATLAB:mpath:PathAlterationNotSupported
Modifying the search path is not supported by MATLAB Compiler. Remove functions that modify the search path from your MATLAB code. To make files visible to your deployed application, add the parent folder to your MATLAB session.
Warning: No stimulus domain specified. Defaulting to values between 0.01 and 1.
> In qpfmriParams (line 182)
In compiledSimulate (line 205)
Stimulus domain added from input.
Parameter slope specified as 0.41000
Parameter semiSat specified as 0.57000
Parameter beta specified as 1.00000
Parameter sigma specified as 0.25000
seed = 99seed = 104seed = 111seed = 111seed = 115seed = 101Initializing Q+. This may take a minute...
Elapsed time is 10.230107 seconds.
Simulated parameters:
slope: 0.410 semiSat: 0.570 beta: 1.000 sigma: 0.250 

Trial 1: baseline Stimulus Selection
Stimulus: 0.010
Output value 0.000

Q+ parameters
slope: 0.026 semiSat: 0.890 beta: 0.500 sigma: 0.010 
maxBOLD estimate = 1.000


Trial 2: maxBOLD Stimulus Selection
Stimulus: 1.000
Output value 0.920

Q+ parameters
slope: 0.043 semiSat: 0.780 beta: 1.125 sigma: 0.010 
maxBOLD estimate = 1.000


Trial 3: baseline Stimulus Selection
Stimulus: 0.010
Output value -0.115

Q+ parameters
slope: 0.043 semiSat: 0.780 beta: 1.125 sigma: 0.062 
maxBOLD estimate = 1.125


Trial 4: maxBOLD Stimulus Selection
Stimulus: 1.000
Output value 0.230

Q+ parameters
slope: 0.034 semiSat: 0.780 beta: 0.500 sigma: 0.062 
maxBOLD estimate = 1.266


Trial 5: baseline Stimulus Selection
Stimulus: 0.010
Output value 0.201

Q+ parameters
slope: 0.026 semiSat: 0.890 beta: 0.500 sigma: 0.375 
maxBOLD estimate = 0.633


Trial 6: maxBOLD Stimulus Selection
Stimulus: 1.000
Output value 0.431

Q+ parameters
slope: 0.043 semiSat: 0.560 beta: 1.250 sigma: 0.323 
maxBOLD estimate = 0.316


Trial 7: random Stimulus Selection
Stimulus: 0.629
Output value 0.647

Q+ parameters
slope: 0.089 semiSat: 0.450 beta: 1.500 sigma: 0.218 
maxBOLD estimate = 0.396


Trial 8: random Stimulus Selection
Stimulus: 0.876
Output value -0.054

Q+ parameters
slope: 0.483 semiSat: 0.120 beta: 0.500 sigma: 1.000 
maxBOLD estimate = 0.593


Trial 9: random Stimulus Selection
Stimulus: 0.010
Output value -0.081

Q+ parameters
slope: 0.034 semiSat: 0.230 beta: 1.500 sigma: 1.000 
maxBOLD estimate = 0.297


Trial 10: baseline Stimulus Selection
Stimulus: 0.010
Output value -0.121

Q+ parameters
slope: 0.034 semiSat: 0.230 beta: 1.500 sigma: 0.531 
maxBOLD estimate = 0.445


Trial 11: random Stimulus Selection
Stimulus: 0.794
Output value 1.092

Q+ parameters
slope: 0.034 semiSat: 0.340 beta: 1.500 sigma: 0.271 
maxBOLD estimate = 0.667


Trial 12: random Stimulus Selection
Stimulus: 0.216
Output value 1.024

Q+ parameters
slope: 0.234 semiSat: 0.120 beta: 1.250 sigma: 0.271 
maxBOLD estimate = 1.001


Trial 13: random Stimulus Selection
Stimulus: 0.876
Output value 1.536

Q+ parameters
slope: 0.113 semiSat: 0.230 beta: 1.125 sigma: 0.218 
maxBOLD estimate = 1.251


Trial 14: random Stimulus Selection
Stimulus: 0.753
Output value 1.632

Q+ parameters
slope: 0.144 semiSat: 0.230 beta: 1.062 sigma: 0.218 
maxBOLD estimate = 1.408


Trial 15: maxBOLD Stimulus Selection
Stimulus: 1.000
Output value 1.734

Q+ parameters
slope: 0.379 semiSat: 0.230 beta: 1.062 sigma: 0.218 
maxBOLD estimate = 1.496


Trial 16: random Stimulus Selection
Stimulus: 0.299
Output value 1.951

Q+ parameters
slope: 0.483 semiSat: 0.230 beta: 1.125 sigma: 0.218 
maxBOLD estimate = 1.589


Trial 17: random Stimulus Selection
Stimulus: 0.835
Output value 2.072

Q+ parameters
slope: 1.000 semiSat: 0.230 beta: 1.062 sigma: 0.271 
maxBOLD estimate = 1.788


Trial 18: random Stimulus Selection
Stimulus: 0.134
Output value 1.101

Q+ parameters
slope: 1.000 semiSat: 0.230 beta: 1.062 sigma: 0.323 
maxBOLD estimate = 1.900


Trial 19: random Stimulus Selection
Stimulus: 0.835
Output value 1.755

Q+ parameters
slope: 1.000 semiSat: 0.230 beta: 1.062 sigma: 0.323 
maxBOLD estimate = 2.018


Trial 20: baseline Stimulus Selection
Stimulus: 0.010
Output value -0.414

Q+ parameters
slope: 1.000 semiSat: 0.230 beta: 1.062 sigma: 0.323 
maxBOLD estimate = 2.145


Trial 21: random Stimulus Selection
Stimulus: 0.092
Output value -0.181

Q+ parameters
slope: 0.234 semiSat: 0.230 beta: 0.875 sigma: 0.166 
maxBOLD estimate = 2.279


Trial 22: random Stimulus Selection
Stimulus: 0.423
Output value 0.000

Q+ parameters
slope: 0.089 semiSat: 0.450 beta: 1.125 sigma: 0.271 
maxBOLD estimate = 1.994


Trial 23: random Stimulus Selection
Stimulus: 0.918
Output value 0.593

Q+ parameters
slope: 0.113 semiSat: 0.560 beta: 0.969 sigma: 0.323 
maxBOLD estimate = 2.243


Trial 24: random Stimulus Selection
Stimulus: 0.753
Output value 2.667

Q+ parameters
slope: 0.113 semiSat: 0.450 beta: 1.125 sigma: 0.427 
maxBOLD estimate = 2.173


Trial 25: maxBOLD Stimulus Selection
Stimulus: 1.000
Output value 2.361

Q+ parameters
slope: 0.113 semiSat: 0.560 beta: 1.062 sigma: 0.375 
maxBOLD estimate = 2.445


Trial 26: random Stimulus Selection
Stimulus: 0.711
Output value 1.461

Q+ parameters
slope: 0.379 semiSat: 0.560 beta: 1.031 sigma: 0.531 
maxBOLD estimate = 2.597


Trial 27: random Stimulus Selection
Stimulus: 0.835
Output value 1.758

Q+ parameters
slope: 0.379 semiSat: 0.560 beta: 1.031 sigma: 0.583 
maxBOLD estimate = 2.679


Trial 28: random Stimulus Selection
Stimulus: 0.216
Output value -0.377

Q+ parameters
slope: 0.234 semiSat: 0.560 beta: 0.750 sigma: 0.218 
maxBOLD estimate = 2.762


Trial 29: random Stimulus Selection
Stimulus: 0.711
Output value 1.907

Q+ parameters
slope: 0.113 semiSat: 0.450 beta: 1.125 sigma: 0.375 
maxBOLD estimate = 2.072


Trial 30: baseline Stimulus Selection
Stimulus: 0.010
Output value -0.530

Q+ parameters
slope: 0.113 semiSat: 0.450 beta: 1.250 sigma: 0.531 
maxBOLD estimate = 2.331

--------------------------------------------------------------
FINAL VALUES
--------------------------------------------------------------
Simulated parameters:              slope: 0.410 semiSat: 0.570 beta: 1.000 sigma: 0.250 
Max posterior QUEST+ parameters:   slope: 1.000 semiSat: 0.230 beta: 0.500 sigma: 0.166 
Max BADS parameters:               slope: 0.030 semiSat: 0.627 beta: 1.000 sigma: 0.157 
maxBOLD estimate: 3.169
