/blue/stevenweisberg/stevenweisberg/MATLAB/projects/Weisberg_Aguirre_2020/scripts/run_sims
c30a-s23.ufhpc
Fri Nov 13 19:03:44 EST 2020
mkdir: cannot create directory ‘/blue/stevenweisberg/stevenweisberg/qpfMRIResults/model_parameter_set1/’: File exists
cp: cannot stat ‘/blue/stevenweisberg/stevenweisberg/qpfMRIResults/deploy_sim.sh’: No such file or directory
cp: cannot stat ‘/blue/stevenweisberg/stevenweisberg/qpfMRIResults/sim_wrapper.sh’: No such file or directory
------------------------------------------
Setting up environment variables
---
LD_LIBRARY_PATH is .:/apps/matlab/mcr/2020b/v99/runtime/glnxa64:/apps/matlab/mcr/2020b/v99/bin/glnxa64:/apps/matlab/mcr/2020b/v99/sys/os/glnxa64:/apps/matlab/mcr/2020b/v99/sys/opengl/lib/glnxa64
Warning: Executing startup failed in matlabrc.
This indicates a potentially serious problem in your MATLAB setup, which should be resolved as soon as possible.  Error detected was:
MATLAB:mpath:PathAlterationNotSupported
Modifying the search path is not supported by MATLAB Compiler. Remove functions that modify the search path from your MATLAB code. To make files visible to your deployed application, add the parent folder to your MATLAB session.
Warning: No stimulus domain specified. Defaulting to values between 0.01 and 1.
> In qpfmriParams (line 182)
In compiledSimulate (line 205)
Stimulus domain added from input.
Parameter slope specified as 0.41000
Parameter semiSat specified as 0.57000
Parameter beta specified as 1.00000
Parameter sigma specified as 0.25000
seed = 99seed = 104seed = 111seed = 111seed = 115seed = 101Initializing Q+. This may take a minute...
Elapsed time is 9.755962 seconds.
Simulated parameters:
slope: 0.410 semiSat: 0.570 beta: 1.000 sigma: 0.250 

Trial 1: baseline Stimulus Selection
Stimulus: 0.010
Output value 0.000

Q+ parameters
slope: 0.026 semiSat: 0.890 beta: 0.500 sigma: 0.010 
maxBOLD estimate = 1.000


Trial 2: maxBOLD Stimulus Selection
Stimulus: 1.000
Output value 0.920

Q+ parameters
slope: 0.043 semiSat: 0.780 beta: 1.125 sigma: 0.010 
maxBOLD estimate = 1.000


Trial 3: baseline Stimulus Selection
Stimulus: 0.010
Output value -0.256

Q+ parameters
slope: 0.055 semiSat: 0.670 beta: 1.250 sigma: 0.114 
maxBOLD estimate = 1.125


Trial 4: maxBOLD Stimulus Selection
Stimulus: 1.000
Output value 1.918

Q+ parameters
slope: 0.043 semiSat: 0.780 beta: 1.250 sigma: 0.114 
maxBOLD estimate = 1.406


Trial 5: baseline Stimulus Selection
Stimulus: 0.010
Output value 0.799

Q+ parameters
slope: 0.055 semiSat: 0.670 beta: 1.250 sigma: 0.583 
maxBOLD estimate = 1.758


Trial 6: maxBOLD Stimulus Selection
Stimulus: 1.000
Output value 1.798

Q+ parameters
slope: 0.055 semiSat: 0.670 beta: 1.125 sigma: 0.375 
maxBOLD estimate = 2.197


Trial 7: qplus Stimulus Selection
Stimulus: 0.505
Output value 0.000

Q+ parameters
slope: 0.070 semiSat: 1.000 beta: 1.250 sigma: 0.114 
maxBOLD estimate = 2.472


Trial 8: qplus Stimulus Selection
Stimulus: 0.835
Output value 0.843

Q+ parameters
slope: 0.055 semiSat: 1.000 beta: 1.000 sigma: 0.114 
maxBOLD estimate = 3.090


Trial 9: qplus Stimulus Selection
Stimulus: 0.753
Output value 1.229

Q+ parameters
slope: 0.034 semiSat: 0.890 beta: 0.875 sigma: 0.114 
maxBOLD estimate = 3.090


Trial 10: baseline Stimulus Selection
Stimulus: 0.010
Output value 0.000

Q+ parameters
slope: 0.034 semiSat: 0.890 beta: 0.875 sigma: 0.114 
maxBOLD estimate = 2.704


Trial 11: qplus Stimulus Selection
Stimulus: 0.629
Output value 1.452

Q+ parameters
slope: 0.144 semiSat: 0.450 beta: 0.750 sigma: 0.166 
maxBOLD estimate = 2.366


Trial 12: qplus Stimulus Selection
Stimulus: 0.505
Output value -0.343

Q+ parameters
slope: 0.616 semiSat: 0.560 beta: 1.062 sigma: 0.323 
maxBOLD estimate = 1.774


Trial 13: qplus Stimulus Selection
Stimulus: 0.588
Output value 0.257

Q+ parameters
slope: 0.234 semiSat: 0.670 beta: 1.500 sigma: 0.271 
maxBOLD estimate = 1.885


Trial 14: qplus Stimulus Selection
Stimulus: 0.711
Output value 0.386

Q+ parameters
slope: 1.000 semiSat: 0.560 beta: 0.500 sigma: 0.114 
maxBOLD estimate = 2.828


Trial 15: maxBOLD Stimulus Selection
Stimulus: 1.000
Output value 1.735

Q+ parameters
slope: 0.379 semiSat: 0.560 beta: 1.125 sigma: 0.218 
maxBOLD estimate = 1.414


Trial 16: qplus Stimulus Selection
Stimulus: 0.588
Output value 1.952

Q+ parameters
slope: 0.785 semiSat: 0.560 beta: 1.125 sigma: 0.323 
maxBOLD estimate = 1.591


Trial 17: qplus Stimulus Selection
Stimulus: 0.629
Output value 1.830

Q+ parameters
slope: 0.785 semiSat: 0.560 beta: 1.125 sigma: 0.427 
maxBOLD estimate = 1.789


Trial 18: qplus Stimulus Selection
Stimulus: 0.629
Output value 1.750

Q+ parameters
slope: 0.616 semiSat: 0.560 beta: 1.062 sigma: 0.531 
maxBOLD estimate = 2.013


Trial 19: qplus Stimulus Selection
Stimulus: 0.629
Output value 1.240

Q+ parameters
slope: 0.616 semiSat: 0.560 beta: 1.062 sigma: 1.000 
maxBOLD estimate = 2.139


Trial 20: baseline Stimulus Selection
Stimulus: 0.010
Output value 0.413

Q+ parameters
slope: 1.000 semiSat: 0.560 beta: 0.500 sigma: 0.166 
maxBOLD estimate = 2.273


Trial 21: qplus Stimulus Selection
Stimulus: 0.629
Output value 1.395

Q+ parameters
slope: 0.483 semiSat: 0.560 beta: 1.125 sigma: 0.218 
maxBOLD estimate = 1.136


Trial 22: qplus Stimulus Selection
Stimulus: 0.546
Output value 1.743

Q+ parameters
slope: 0.298 semiSat: 0.560 beta: 1.500 sigma: 0.218 
maxBOLD estimate = 1.278


Trial 23: qplus Stimulus Selection
Stimulus: 0.505
Output value 1.111

Q+ parameters
slope: 0.785 semiSat: 0.560 beta: 1.062 sigma: 1.000 
maxBOLD estimate = 1.918


Trial 24: qplus Stimulus Selection
Stimulus: 0.629
Output value 1.181

Q+ parameters
slope: 0.785 semiSat: 0.560 beta: 1.062 sigma: 1.000 
maxBOLD estimate = 2.037


Trial 25: maxBOLD Stimulus Selection
Stimulus: 1.000
Output value 2.288

Q+ parameters
slope: 0.616 semiSat: 0.560 beta: 0.969 sigma: 1.000 
maxBOLD estimate = 2.165


Trial 26: qplus Stimulus Selection
Stimulus: 0.629
Output value 1.001

Q+ parameters
slope: 0.298 semiSat: 0.560 beta: 0.750 sigma: 0.166 
maxBOLD estimate = 2.097


Trial 27: qplus Stimulus Selection
Stimulus: 0.629
Output value 1.287

Q+ parameters
slope: 0.379 semiSat: 0.560 beta: 1.125 sigma: 0.323 
maxBOLD estimate = 1.573


Trial 28: qplus Stimulus Selection
Stimulus: 0.505
Output value -0.342

Q+ parameters
slope: 0.785 semiSat: 0.560 beta: 1.062 sigma: 0.531 
maxBOLD estimate = 1.769


Trial 29: qplus Stimulus Selection
Stimulus: 0.505
Output value -0.363

Q+ parameters
slope: 0.785 semiSat: 0.560 beta: 1.062 sigma: 1.000 
maxBOLD estimate = 1.880


Trial 30: baseline Stimulus Selection
Stimulus: 0.010
Output value -0.386

Q+ parameters
slope: 0.785 semiSat: 0.560 beta: 1.062 sigma: 1.000 
maxBOLD estimate = 1.997

--------------------------------------------------------------
FINAL VALUES
--------------------------------------------------------------
Simulated parameters:              slope: 0.410 semiSat: 0.570 beta: 1.000 sigma: 0.250 
Max posterior QUEST+ parameters:   slope: 0.298 semiSat: 0.560 beta: 0.750 sigma: 0.166 
Max BADS parameters:               slope: 1.000 semiSat: 0.569 beta: 1.000 sigma: 0.586 
maxBOLD estimate: 2.155
