/blue/stevenweisberg/stevenweisberg/MATLAB/projects/Weisberg_Aguirre_2020/scripts/run_sims
c0700a-s1.ufhpc
Wed Apr  7 01:25:01 EDT 2021
mkdir: cannot create directory ‘/blue/stevenweisberg/stevenweisberg/qpfMRIResults/model_parameter_set2/’: File exists
cp: cannot stat ‘/blue/stevenweisberg/stevenweisberg/qpfMRIResults/deploy_sim.sh’: No such file or directory
cp: cannot stat ‘/blue/stevenweisberg/stevenweisberg/qpfMRIResults/sim_wrapper.sh’: No such file or directory
------------------------------------------
Setting up environment variables
---
LD_LIBRARY_PATH is .:/apps/matlab/mcr/2020b/v99/runtime/glnxa64:/apps/matlab/mcr/2020b/v99/bin/glnxa64:/apps/matlab/mcr/2020b/v99/sys/os/glnxa64:/apps/matlab/mcr/2020b/v99/sys/opengl/lib/glnxa64
Warning: Executing startup failed in matlabrc.
This indicates a potentially serious problem in your MATLAB setup, which should be resolved as soon as possible.  Error detected was:
MATLAB:mpath:PathAlterationNotSupported
Modifying the search path is not supported by MATLAB Compiler. Remove functions that modify the search path from your MATLAB code. To make files visible to your deployed application, add the parent folder to your MATLAB session.
Warning: No stimulus domain specified. Defaulting to values between 0.01 and 1.
> In qpfmriParams (line 182)
In compiledSimulate (line 205)
Stimulus domain added from input.
Parameter slope specified as 0.20000
Parameter semiSat specified as 0.57000
Parameter beta specified as 1.00000
Parameter sigma specified as 0.10000
seed = 99seed = 104seed = 111seed = 111seed = 115seed = 101Initializing Q+. This may take a minute...
Elapsed time is 8.034147 seconds.
Simulated parameters:
slope: 0.200 semiSat: 0.570 beta: 1.000 sigma: 0.100 

Trial 1: baseline Stimulus Selection
Stimulus: 0.010
Output value 0.000

Q+ parameters
slope: 0.026 semiSat: 0.890 beta: 0.500 sigma: 0.010 
maxBOLD estimate = 1.000


Trial 2: maxBOLD Stimulus Selection
Stimulus: 1.000
Output value 1.364

Q+ parameters
slope: 0.055 semiSat: 0.670 beta: 1.250 sigma: 0.010 
maxBOLD estimate = 1.000


Trial 3: baseline Stimulus Selection
Stimulus: 0.010
Output value 0.000

Q+ parameters
slope: 0.055 semiSat: 0.670 beta: 1.250 sigma: 0.010 
maxBOLD estimate = 1.250


Trial 4: maxBOLD Stimulus Selection
Stimulus: 1.000
Output value 1.119

Q+ parameters
slope: 0.043 semiSat: 0.780 beta: 1.125 sigma: 0.114 
maxBOLD estimate = 1.562


Trial 5: baseline Stimulus Selection
Stimulus: 0.010
Output value -0.400

Q+ parameters
slope: 0.043 semiSat: 0.780 beta: 1.250 sigma: 0.114 
maxBOLD estimate = 1.758


Trial 6: maxBOLD Stimulus Selection
Stimulus: 1.000
Output value 1.748

Q+ parameters
slope: 0.034 semiSat: 1.000 beta: 1.250 sigma: 0.062 
maxBOLD estimate = 2.197


Trial 7: qplus Stimulus Selection
Stimulus: 0.711
Output value 0.749

Q+ parameters
slope: 0.043 semiSat: 0.780 beta: 0.750 sigma: 0.062 
maxBOLD estimate = 2.747


Trial 8: qplus Stimulus Selection
Stimulus: 0.505
Output value 0.281

Q+ parameters
slope: 0.089 semiSat: 0.670 beta: 0.750 sigma: 0.062 
maxBOLD estimate = 2.060


Trial 9: qplus Stimulus Selection
Stimulus: 0.753
Output value 1.545

Q+ parameters
slope: 0.234 semiSat: 0.670 beta: 1.000 sigma: 0.114 
maxBOLD estimate = 1.545


Trial 10: baseline Stimulus Selection
Stimulus: 0.010
Output value -0.149

Q+ parameters
slope: 0.183 semiSat: 0.670 beta: 1.062 sigma: 0.114 
maxBOLD estimate = 1.545


Trial 11: qplus Stimulus Selection
Stimulus: 0.629
Output value 0.914

Q+ parameters
slope: 0.234 semiSat: 0.560 beta: 0.875 sigma: 0.062 
maxBOLD estimate = 1.642


Trial 12: qplus Stimulus Selection
Stimulus: 0.588
Output value 0.885

Q+ parameters
slope: 0.234 semiSat: 0.560 beta: 0.969 sigma: 0.114 
maxBOLD estimate = 1.436


Trial 13: qplus Stimulus Selection
Stimulus: 0.505
Output value 0.123

Q+ parameters
slope: 0.234 semiSat: 0.560 beta: 0.969 sigma: 0.114 
maxBOLD estimate = 1.391


Trial 14: qplus Stimulus Selection
Stimulus: 0.588
Output value 0.831

Q+ parameters
slope: 0.234 semiSat: 0.560 beta: 0.969 sigma: 0.114 
maxBOLD estimate = 1.348


Trial 15: maxBOLD Stimulus Selection
Stimulus: 1.000
Output value 1.514

Q+ parameters
slope: 0.234 semiSat: 0.560 beta: 1.062 sigma: 0.114 
maxBOLD estimate = 1.306


Trial 16: qplus Stimulus Selection
Stimulus: 0.505
Output value 0.804

Q+ parameters
slope: 0.144 semiSat: 0.560 beta: 1.062 sigma: 0.114 
maxBOLD estimate = 1.387


Trial 17: qplus Stimulus Selection
Stimulus: 0.505
Output value 0.670

Q+ parameters
slope: 0.183 semiSat: 0.560 beta: 1.000 sigma: 0.114 
maxBOLD estimate = 1.474


Trial 18: qplus Stimulus Selection
Stimulus: 0.629
Output value 1.608

Q+ parameters
slope: 0.183 semiSat: 0.560 beta: 1.000 sigma: 0.114 
maxBOLD estimate = 1.474


Trial 19: qplus Stimulus Selection
Stimulus: 0.505
Output value 0.536

Q+ parameters
slope: 0.183 semiSat: 0.560 beta: 1.000 sigma: 0.114 
maxBOLD estimate = 1.474


Trial 20: baseline Stimulus Selection
Stimulus: 0.010
Output value 0.134

Q+ parameters
slope: 0.183 semiSat: 0.560 beta: 1.000 sigma: 0.114 
maxBOLD estimate = 1.474


Trial 21: qplus Stimulus Selection
Stimulus: 0.423
Output value 0.134

Q+ parameters
slope: 0.183 semiSat: 0.560 beta: 1.000 sigma: 0.114 
maxBOLD estimate = 1.474


Trial 22: qplus Stimulus Selection
Stimulus: 0.670
Output value 1.608

Q+ parameters
slope: 0.183 semiSat: 0.560 beta: 1.000 sigma: 0.114 
maxBOLD estimate = 1.474


Trial 23: qplus Stimulus Selection
Stimulus: 0.505
Output value 0.712

Q+ parameters
slope: 0.144 semiSat: 0.560 beta: 1.062 sigma: 0.114 
maxBOLD estimate = 1.474


Trial 24: qplus Stimulus Selection
Stimulus: 0.505
Output value 0.427

Q+ parameters
slope: 0.183 semiSat: 0.560 beta: 1.000 sigma: 0.114 
maxBOLD estimate = 1.566


Trial 25: maxBOLD Stimulus Selection
Stimulus: 1.000
Output value 1.566

Q+ parameters
slope: 0.183 semiSat: 0.560 beta: 1.000 sigma: 0.114 
maxBOLD estimate = 1.566


Trial 26: qplus Stimulus Selection
Stimulus: 0.505
Output value 0.570

Q+ parameters
slope: 0.183 semiSat: 0.560 beta: 1.000 sigma: 0.114 
maxBOLD estimate = 1.566


Trial 27: qplus Stimulus Selection
Stimulus: 0.629
Output value 0.828

Q+ parameters
slope: 0.144 semiSat: 0.560 beta: 0.969 sigma: 0.114 
maxBOLD estimate = 1.566


Trial 28: qplus Stimulus Selection
Stimulus: 0.629
Output value 1.104

Q+ parameters
slope: 0.183 semiSat: 0.560 beta: 1.000 sigma: 0.114 
maxBOLD estimate = 1.517


Trial 29: qplus Stimulus Selection
Stimulus: 0.505
Output value 0.138

Q+ parameters
slope: 0.183 semiSat: 0.560 beta: 1.000 sigma: 0.114 
maxBOLD estimate = 1.517


Trial 30: baseline Stimulus Selection
Stimulus: 0.010
Output value -0.293

Q+ parameters
slope: 0.183 semiSat: 0.560 beta: 1.062 sigma: 0.114 
maxBOLD estimate = 1.517


Trial 31: qplus Stimulus Selection
Stimulus: 0.629
Output value 1.319

Q+ parameters
slope: 0.183 semiSat: 0.560 beta: 1.000 sigma: 0.114 
maxBOLD estimate = 1.612


Trial 32: qplus Stimulus Selection
Stimulus: 0.670
Output value 0.710

Q+ parameters
slope: 0.144 semiSat: 0.560 beta: 0.969 sigma: 0.114 
maxBOLD estimate = 1.612


Trial 33: qplus Stimulus Selection
Stimulus: 0.423
Output value -0.275

Q+ parameters
slope: 0.144 semiSat: 0.560 beta: 0.969 sigma: 0.114 
maxBOLD estimate = 1.562


Trial 34: qplus Stimulus Selection
Stimulus: 0.505
Output value 0.292

Q+ parameters
slope: 0.183 semiSat: 0.560 beta: 1.062 sigma: 0.114 
maxBOLD estimate = 1.513


Trial 35: maxBOLD Stimulus Selection
Stimulus: 1.000
Output value 1.279

Q+ parameters
slope: 0.234 semiSat: 0.560 beta: 0.875 sigma: 0.114 
maxBOLD estimate = 1.608


Trial 36: qplus Stimulus Selection
Stimulus: 0.588
Output value 1.087

Q+ parameters
slope: 0.183 semiSat: 0.560 beta: 1.062 sigma: 0.114 
maxBOLD estimate = 1.407


Trial 37: qplus Stimulus Selection
Stimulus: 0.423
Output value 0.000

Q+ parameters
slope: 0.183 semiSat: 0.560 beta: 1.062 sigma: 0.114 
maxBOLD estimate = 1.495


Trial 38: qplus Stimulus Selection
Stimulus: 0.505
Output value 0.280

Q+ parameters
slope: 0.144 semiSat: 0.560 beta: 0.969 sigma: 0.114 
maxBOLD estimate = 1.588


Trial 39: qplus Stimulus Selection
Stimulus: 0.588
Output value 0.677

Q+ parameters
slope: 0.144 semiSat: 0.560 beta: 0.969 sigma: 0.114 
maxBOLD estimate = 1.538


Trial 40: baseline Stimulus Selection
Stimulus: 0.010
Output value -0.144

Q+ parameters
slope: 0.183 semiSat: 0.560 beta: 1.062 sigma: 0.114 
maxBOLD estimate = 1.490


Trial 41: qplus Stimulus Selection
Stimulus: 0.794
Output value 1.116

Q+ parameters
slope: 0.144 semiSat: 0.560 beta: 0.969 sigma: 0.114 
maxBOLD estimate = 1.583


Trial 42: qplus Stimulus Selection
Stimulus: 0.588
Output value 0.405

Q+ parameters
slope: 0.144 semiSat: 0.560 beta: 0.969 sigma: 0.114 
maxBOLD estimate = 1.534


Trial 43: qplus Stimulus Selection
Stimulus: 0.588
Output value 0.785

Q+ parameters
slope: 0.144 semiSat: 0.560 beta: 0.969 sigma: 0.114 
maxBOLD estimate = 1.486


Trial 44: qplus Stimulus Selection
Stimulus: 0.794
Output value 1.669

Q+ parameters
slope: 0.183 semiSat: 0.560 beta: 1.062 sigma: 0.114 
maxBOLD estimate = 1.440


Trial 45: maxBOLD Stimulus Selection
Stimulus: 1.000
Output value 1.482

Q+ parameters
slope: 0.144 semiSat: 0.560 beta: 0.969 sigma: 0.114 
maxBOLD estimate = 1.529


Trial 46: qplus Stimulus Selection
Stimulus: 0.794
Output value 1.431

Q+ parameters
slope: 0.183 semiSat: 0.560 beta: 1.062 sigma: 0.114 
maxBOLD estimate = 1.482


Trial 47: qplus Stimulus Selection
Stimulus: 0.505
Output value 0.139

Q+ parameters
slope: 0.144 semiSat: 0.560 beta: 0.969 sigma: 0.114 
maxBOLD estimate = 1.574


Trial 48: qplus Stimulus Selection
Stimulus: 0.588
Output value 0.806

Q+ parameters
slope: 0.144 semiSat: 0.560 beta: 0.969 sigma: 0.114 
maxBOLD estimate = 1.525


Trial 49: qplus Stimulus Selection
Stimulus: 0.794
Output value 1.713

Q+ parameters
slope: 0.183 semiSat: 0.560 beta: 1.062 sigma: 0.114 
maxBOLD estimate = 1.477


Trial 50: baseline Stimulus Selection
Stimulus: 0.010
Output value 0.138

Q+ parameters
slope: 0.144 semiSat: 0.560 beta: 0.969 sigma: 0.114 
maxBOLD estimate = 1.570


Trial 51: qplus Stimulus Selection
Stimulus: 0.588
Output value 1.071

Q+ parameters
slope: 0.144 semiSat: 0.560 beta: 0.969 sigma: 0.114 
maxBOLD estimate = 1.521


Trial 52: qplus Stimulus Selection
Stimulus: 0.588
Output value 0.996

Q+ parameters
slope: 0.183 semiSat: 0.560 beta: 1.062 sigma: 0.114 
maxBOLD estimate = 1.473


Trial 53: qplus Stimulus Selection
Stimulus: 0.505
Output value 0.276

Q+ parameters
slope: 0.144 semiSat: 0.560 beta: 0.969 sigma: 0.114 
maxBOLD estimate = 1.565


Trial 54: qplus Stimulus Selection
Stimulus: 0.711
Output value 1.202

Q+ parameters
slope: 0.144 semiSat: 0.560 beta: 0.969 sigma: 0.114 
maxBOLD estimate = 1.516


Trial 55: maxBOLD Stimulus Selection
Stimulus: 1.000
Output value 0.801

Q+ parameters
slope: 0.183 semiSat: 0.560 beta: 1.000 sigma: 0.114 
maxBOLD estimate = 1.469


Trial 56: qplus Stimulus Selection
Stimulus: 0.588
Output value 0.647

Q+ parameters
slope: 0.144 semiSat: 0.560 beta: 0.969 sigma: 0.114 
maxBOLD estimate = 1.469


Trial 57: qplus Stimulus Selection
Stimulus: 0.588
Output value 0.517

Q+ parameters
slope: 0.183 semiSat: 0.560 beta: 1.000 sigma: 0.114 
maxBOLD estimate = 1.423


Trial 58: qplus Stimulus Selection
Stimulus: 0.629
Output value 1.035

Q+ parameters
slope: 0.183 semiSat: 0.560 beta: 1.000 sigma: 0.114 
maxBOLD estimate = 1.423


Trial 59: qplus Stimulus Selection
Stimulus: 0.629
Output value 1.035

Q+ parameters
slope: 0.183 semiSat: 0.560 beta: 1.000 sigma: 0.114 
maxBOLD estimate = 1.423


Trial 60: baseline Stimulus Selection
Stimulus: 0.010
Output value 0.000

Q+ parameters
slope: 0.183 semiSat: 0.560 beta: 1.000 sigma: 0.114 
maxBOLD estimate = 1.423


Trial 61: qplus Stimulus Selection
Stimulus: 0.794
Output value 1.552

Q+ parameters
slope: 0.183 semiSat: 0.560 beta: 1.000 sigma: 0.114 
maxBOLD estimate = 1.423


Trial 62: qplus Stimulus Selection
Stimulus: 0.629
Output value 1.423

Q+ parameters
slope: 0.183 semiSat: 0.560 beta: 1.000 sigma: 0.114 
maxBOLD estimate = 1.423


Trial 63: qplus Stimulus Selection
Stimulus: 0.505
Output value 0.388

Q+ parameters
slope: 0.183 semiSat: 0.560 beta: 1.000 sigma: 0.114 
maxBOLD estimate = 1.423


Trial 64: qplus Stimulus Selection
Stimulus: 0.794
Output value 1.649

Q+ parameters
slope: 0.183 semiSat: 0.560 beta: 1.062 sigma: 0.114 
maxBOLD estimate = 1.423


Trial 65: maxBOLD Stimulus Selection
Stimulus: 1.000
Output value 1.203

Q+ parameters
slope: 0.234 semiSat: 0.560 beta: 0.875 sigma: 0.114 
maxBOLD estimate = 1.512


Trial 66: qplus Stimulus Selection
Stimulus: 0.711
Output value 1.278

Q+ parameters
slope: 0.183 semiSat: 0.560 beta: 1.062 sigma: 0.114 
maxBOLD estimate = 1.323


Trial 67: qplus Stimulus Selection
Stimulus: 0.505
Output value 0.272

Q+ parameters
slope: 0.183 semiSat: 0.560 beta: 1.062 sigma: 0.114 
maxBOLD estimate = 1.406


Trial 68: qplus Stimulus Selection
Stimulus: 0.505
Output value 0.658

Q+ parameters
slope: 0.144 semiSat: 0.560 beta: 0.969 sigma: 0.114 
maxBOLD estimate = 1.494


Trial 69: qplus Stimulus Selection
Stimulus: 0.588
Output value 1.315

Q+ parameters
slope: 0.183 semiSat: 0.560 beta: 1.000 sigma: 0.114 
maxBOLD estimate = 1.447


Trial 70: baseline Stimulus Selection
Stimulus: 0.010
Output value 0.127

Q+ parameters
slope: 0.234 semiSat: 0.560 beta: 0.969 sigma: 0.114 
maxBOLD estimate = 1.447


Trial 71: qplus Stimulus Selection
Stimulus: 0.505
Output value 0.370

Q+ parameters
slope: 0.234 semiSat: 0.560 beta: 0.969 sigma: 0.114 
maxBOLD estimate = 1.402


Trial 72: qplus Stimulus Selection
Stimulus: 0.505
Output value 0.918

Q+ parameters
slope: 0.183 semiSat: 0.560 beta: 1.062 sigma: 0.114 
maxBOLD estimate = 1.358


Trial 73: qplus Stimulus Selection
Stimulus: 0.711
Output value 1.525

Q+ parameters
slope: 0.144 semiSat: 0.560 beta: 0.969 sigma: 0.114 
maxBOLD estimate = 1.443


Trial 74: qplus Stimulus Selection
Stimulus: 0.629
Output value 1.350

Q+ parameters
slope: 0.183 semiSat: 0.560 beta: 1.062 sigma: 0.114 
maxBOLD estimate = 1.398


Trial 75: maxBOLD Stimulus Selection
Stimulus: 1.000
Output value 1.177

Q+ parameters
slope: 0.144 semiSat: 0.560 beta: 0.969 sigma: 0.114 
maxBOLD estimate = 1.485


Trial 76: qplus Stimulus Selection
Stimulus: 0.711
Output value 1.667

Q+ parameters
slope: 0.183 semiSat: 0.560 beta: 1.062 sigma: 0.114 
maxBOLD estimate = 1.439


Trial 77: qplus Stimulus Selection
Stimulus: 0.794
Output value 1.212

Q+ parameters
slope: 0.144 semiSat: 0.560 beta: 0.969 sigma: 0.114 
maxBOLD estimate = 1.529


Trial 78: qplus Stimulus Selection
Stimulus: 0.711
Output value 1.565

Q+ parameters
slope: 0.144 semiSat: 0.560 beta: 0.969 sigma: 0.114 
maxBOLD estimate = 1.481


Trial 79: qplus Stimulus Selection
Stimulus: 0.588
Output value 1.386

Q+ parameters
slope: 0.183 semiSat: 0.560 beta: 1.062 sigma: 0.114 
maxBOLD estimate = 1.434


Trial 80: baseline Stimulus Selection
Stimulus: 0.010
Output value 0.134

Q+ parameters
slope: 0.144 semiSat: 0.560 beta: 0.969 sigma: 0.114 
maxBOLD estimate = 1.524


Trial 81: qplus Stimulus Selection
Stimulus: 0.381
Output value 0.520

Q+ parameters
slope: 0.144 semiSat: 0.560 beta: 0.969 sigma: 0.114 
maxBOLD estimate = 1.477


Trial 82: qplus Stimulus Selection
Stimulus: 0.588
Output value 1.520

Q+ parameters
slope: 0.183 semiSat: 0.560 beta: 1.062 sigma: 0.114 
maxBOLD estimate = 1.430


Trial 83: qplus Stimulus Selection
Stimulus: 0.505
Output value 0.402

Q+ parameters
slope: 0.144 semiSat: 0.560 beta: 0.969 sigma: 0.114 
maxBOLD estimate = 1.520


Trial 84: qplus Stimulus Selection
Stimulus: 0.588
Output value 1.037

Q+ parameters
slope: 0.144 semiSat: 0.560 beta: 0.969 sigma: 0.114 
maxBOLD estimate = 1.472


Trial 85: maxBOLD Stimulus Selection
Stimulus: 1.000
Output value 1.653

Q+ parameters
slope: 0.183 semiSat: 0.560 beta: 1.062 sigma: 0.114 
maxBOLD estimate = 1.426


Trial 86: qplus Stimulus Selection
Stimulus: 0.505
Output value 0.400

Q+ parameters
slope: 0.144 semiSat: 0.560 beta: 0.969 sigma: 0.114 
maxBOLD estimate = 1.515


Trial 87: qplus Stimulus Selection
Stimulus: 0.588
Output value 1.201

Q+ parameters
slope: 0.144 semiSat: 0.560 beta: 1.000 sigma: 0.114 
maxBOLD estimate = 1.468


Trial 88: qplus Stimulus Selection
Stimulus: 0.629
Output value 1.418

Q+ parameters
slope: 0.183 semiSat: 0.560 beta: 1.062 sigma: 0.114 
maxBOLD estimate = 1.468


Trial 89: qplus Stimulus Selection
Stimulus: 0.670
Output value 1.374

Q+ parameters
slope: 0.144 semiSat: 0.560 beta: 0.969 sigma: 0.114 
maxBOLD estimate = 1.560


Trial 90: baseline Stimulus Selection
Stimulus: 0.010
Output value 0.133

Q+ parameters
slope: 0.144 semiSat: 0.560 beta: 0.969 sigma: 0.114 
maxBOLD estimate = 1.511


Trial 91: qplus Stimulus Selection
Stimulus: 0.670
Output value 1.555

Q+ parameters
slope: 0.183 semiSat: 0.560 beta: 1.062 sigma: 0.114 
maxBOLD estimate = 1.464


Trial 92: qplus Stimulus Selection
Stimulus: 0.505
Output value 0.274

Q+ parameters
slope: 0.144 semiSat: 0.560 beta: 0.969 sigma: 0.114 
maxBOLD estimate = 1.555


Trial 93: qplus Stimulus Selection
Stimulus: 0.711
Output value 1.592

Q+ parameters
slope: 0.234 semiSat: 0.560 beta: 0.969 sigma: 0.114 
maxBOLD estimate = 1.507


Trial 94: qplus Stimulus Selection
Stimulus: 0.505
Output value 0.564

Q+ parameters
slope: 0.183 semiSat: 0.560 beta: 1.062 sigma: 0.114 
maxBOLD estimate = 1.460


Trial 95: maxBOLD Stimulus Selection
Stimulus: 1.000
Output value 1.639

Q+ parameters
slope: 0.144 semiSat: 0.560 beta: 0.969 sigma: 0.114 
maxBOLD estimate = 1.551


Trial 96: qplus Stimulus Selection
Stimulus: 0.588
Output value 0.704

Q+ parameters
slope: 0.183 semiSat: 0.560 beta: 1.031 sigma: 0.114 
maxBOLD estimate = 1.502


Trial 97: qplus Stimulus Selection
Stimulus: 0.670
Output value 1.637

Q+ parameters
slope: 0.144 semiSat: 0.560 beta: 0.969 sigma: 0.114 
maxBOLD estimate = 1.549


Trial 98: qplus Stimulus Selection
Stimulus: 0.670
Output value 1.548

Q+ parameters
slope: 0.183 semiSat: 0.560 beta: 1.031 sigma: 0.114 
maxBOLD estimate = 1.501


Trial 99: qplus Stimulus Selection
Stimulus: 0.505
Output value 0.273

Q+ parameters
slope: 0.144 semiSat: 0.560 beta: 0.969 sigma: 0.114 
maxBOLD estimate = 1.548


Trial 100: baseline Stimulus Selection
Stimulus: 0.010
Output value 0.000

Q+ parameters
slope: 0.183 semiSat: 0.560 beta: 1.031 sigma: 0.114 
maxBOLD estimate = 1.499

--------------------------------------------------------------
FINAL VALUES
--------------------------------------------------------------
Simulated parameters:              slope: 0.200 semiSat: 0.570 beta: 1.000 sigma: 0.100 
Max posterior QUEST+ parameters:   slope: 0.183 semiSat: 0.560 beta: 1.000 sigma: 0.114 
Max BADS parameters:               slope: 0.205 semiSat: 0.575 beta: 1.000 sigma: 0.120 
maxBOLD estimate: 1.521
