/blue/stevenweisberg/stevenweisberg/MATLAB/projects/Weisberg_Aguirre_2020/scripts/run_sims
c27a-s26.ufhpc
Fri Nov 13 16:11:24 EST 2020
mkdir: cannot create directory ‘/blue/stevenweisberg/stevenweisberg/qpfMRIResults/model_parameter_set1/’: File exists
cp: cannot stat ‘/blue/stevenweisberg/stevenweisberg/qpfMRIResults/deploy_sim.sh’: No such file or directory
cp: cannot stat ‘/blue/stevenweisberg/stevenweisberg/qpfMRIResults/sim_wrapper.sh’: No such file or directory
------------------------------------------
Setting up environment variables
---
LD_LIBRARY_PATH is .:/apps/matlab/mcr/2020b/v99/runtime/glnxa64:/apps/matlab/mcr/2020b/v99/bin/glnxa64:/apps/matlab/mcr/2020b/v99/sys/os/glnxa64:/apps/matlab/mcr/2020b/v99/sys/opengl/lib/glnxa64
Warning: Executing startup failed in matlabrc.
This indicates a potentially serious problem in your MATLAB setup, which should be resolved as soon as possible.  Error detected was:
MATLAB:mpath:PathAlterationNotSupported
Modifying the search path is not supported by MATLAB Compiler. Remove functions that modify the search path from your MATLAB code. To make files visible to your deployed application, add the parent folder to your MATLAB session.
Warning: No stimulus domain specified. Defaulting to values between 0.01 and 1.
> In qpfmriParams (line 182)
In compiledSimulate (line 205)
Stimulus domain added from input.
Parameter slope specified as 0.41000
Parameter semiSat specified as 0.57000
Parameter beta specified as 1.00000
Parameter sigma specified as 0.25000
seed = 99seed = 104seed = 111seed = 111seed = 115seed = 101Initializing Q+. This may take a minute...
Elapsed time is 10.056679 seconds.
Simulated parameters:
slope: 0.410 semiSat: 0.570 beta: 1.000 sigma: 0.250 

Trial 1: baseline Stimulus Selection
Stimulus: 0.010
Output value 0.000

Q+ parameters
slope: 0.026 semiSat: 0.890 beta: 0.500 sigma: 0.010 
maxBOLD estimate = 1.000


Trial 2: maxBOLD Stimulus Selection
Stimulus: 1.000
Output value 1.364

Q+ parameters
slope: 0.055 semiSat: 0.670 beta: 1.250 sigma: 0.010 
maxBOLD estimate = 1.000


Trial 3: baseline Stimulus Selection
Stimulus: 0.010
Output value 0.284

Q+ parameters
slope: 0.055 semiSat: 0.670 beta: 1.250 sigma: 0.114 
maxBOLD estimate = 1.250


Trial 4: maxBOLD Stimulus Selection
Stimulus: 1.000
Output value 1.598

Q+ parameters
slope: 0.055 semiSat: 0.670 beta: 1.250 sigma: 0.166 
maxBOLD estimate = 1.562


Trial 5: baseline Stimulus Selection
Stimulus: 0.010
Output value -0.444

Q+ parameters
slope: 0.055 semiSat: 0.670 beta: 1.250 sigma: 0.166 
maxBOLD estimate = 1.953


Trial 6: maxBOLD Stimulus Selection
Stimulus: 1.000
Output value 2.663

Q+ parameters
slope: 0.026 semiSat: 0.890 beta: 1.500 sigma: 0.114 
maxBOLD estimate = 2.441


Trial 7: qplus Stimulus Selection
Stimulus: 0.505
Output value -0.583

Q+ parameters
slope: 0.070 semiSat: 1.000 beta: 0.875 sigma: 0.114 
maxBOLD estimate = 3.662


Trial 8: qplus Stimulus Selection
Stimulus: 0.835
Output value 0.728

Q+ parameters
slope: 1.000 semiSat: 0.560 beta: 0.500 sigma: 0.114 
maxBOLD estimate = 3.204


Trial 9: qplus Stimulus Selection
Stimulus: 0.835
Output value 1.147

Q+ parameters
slope: 0.144 semiSat: 0.780 beta: 1.125 sigma: 0.218 
maxBOLD estimate = 1.602


Trial 10: baseline Stimulus Selection
Stimulus: 0.010
Output value -0.369

Q+ parameters
slope: 0.144 semiSat: 0.780 beta: 1.125 sigma: 0.166 
maxBOLD estimate = 1.802


Trial 11: qplus Stimulus Selection
Stimulus: 0.711
Output value 2.765

Q+ parameters
slope: 0.234 semiSat: 0.670 beta: 1.500 sigma: 0.323 
maxBOLD estimate = 2.028


Trial 12: qplus Stimulus Selection
Stimulus: 0.629
Output value 0.830

Q+ parameters
slope: 1.000 semiSat: 0.560 beta: 0.500 sigma: 0.114 
maxBOLD estimate = 3.042


Trial 13: qplus Stimulus Selection
Stimulus: 0.711
Output value 1.322

Q+ parameters
slope: 0.616 semiSat: 0.560 beta: 1.062 sigma: 0.218 
maxBOLD estimate = 1.521


Trial 14: qplus Stimulus Selection
Stimulus: 0.588
Output value 2.203

Q+ parameters
slope: 0.616 semiSat: 0.560 beta: 1.250 sigma: 0.218 
maxBOLD estimate = 1.616


Trial 15: maxBOLD Stimulus Selection
Stimulus: 1.000
Output value 2.754

Q+ parameters
slope: 0.616 semiSat: 0.560 beta: 1.250 sigma: 0.323 
maxBOLD estimate = 2.020


Trial 16: qplus Stimulus Selection
Stimulus: 0.588
Output value 1.377

Q+ parameters
slope: 1.000 semiSat: 0.560 beta: 0.750 sigma: 0.166 
maxBOLD estimate = 2.525


Trial 17: qplus Stimulus Selection
Stimulus: 0.588
Output value 1.076

Q+ parameters
slope: 0.616 semiSat: 0.560 beta: 1.250 sigma: 0.323 
maxBOLD estimate = 1.894


Trial 18: qplus Stimulus Selection
Stimulus: 0.588
Output value 1.130

Q+ parameters
slope: 0.616 semiSat: 0.560 beta: 0.750 sigma: 0.166 
maxBOLD estimate = 2.367


Trial 19: qplus Stimulus Selection
Stimulus: 0.588
Output value 2.421

Q+ parameters
slope: 0.616 semiSat: 0.560 beta: 1.250 sigma: 0.271 
maxBOLD estimate = 1.775


Trial 20: baseline Stimulus Selection
Stimulus: 0.010
Output value 1.248

Q+ parameters
slope: 1.000 semiSat: 0.560 beta: 1.031 sigma: 1.000 
maxBOLD estimate = 2.219


Trial 21: qplus Stimulus Selection
Stimulus: 0.629
Output value 2.360

Q+ parameters
slope: 1.000 semiSat: 0.560 beta: 1.031 sigma: 1.000 
maxBOLD estimate = 2.288


Trial 22: qplus Stimulus Selection
Stimulus: 0.629
Output value 0.965

Q+ parameters
slope: 0.616 semiSat: 0.560 beta: 0.750 sigma: 0.166 
maxBOLD estimate = 2.360


Trial 23: qplus Stimulus Selection
Stimulus: 0.629
Output value 2.414

Q+ parameters
slope: 0.616 semiSat: 0.560 beta: 1.250 sigma: 0.427 
maxBOLD estimate = 1.770


Trial 24: qplus Stimulus Selection
Stimulus: 0.588
Output value 1.452

Q+ parameters
slope: 1.000 semiSat: 0.560 beta: 1.031 sigma: 0.948 
maxBOLD estimate = 2.212


Trial 25: maxBOLD Stimulus Selection
Stimulus: 1.000
Output value 1.711

Q+ parameters
slope: 1.000 semiSat: 0.560 beta: 1.031 sigma: 1.000 
maxBOLD estimate = 2.282


Trial 26: qplus Stimulus Selection
Stimulus: 0.588
Output value 0.963

Q+ parameters
slope: 0.616 semiSat: 0.560 beta: 0.750 sigma: 0.166 
maxBOLD estimate = 2.353


Trial 27: qplus Stimulus Selection
Stimulus: 0.588
Output value 1.203

Q+ parameters
slope: 0.616 semiSat: 0.560 beta: 1.250 sigma: 0.531 
maxBOLD estimate = 1.765


Trial 28: qplus Stimulus Selection
Stimulus: 0.588
Output value 2.275

Q+ parameters
slope: 1.000 semiSat: 0.560 beta: 1.031 sigma: 1.000 
maxBOLD estimate = 2.206


Trial 29: qplus Stimulus Selection
Stimulus: 0.588
Output value 0.931

Q+ parameters
slope: 0.616 semiSat: 0.560 beta: 0.750 sigma: 0.166 
maxBOLD estimate = 2.275


Trial 30: baseline Stimulus Selection
Stimulus: 0.010
Output value 0.194

Q+ parameters
slope: 0.616 semiSat: 0.560 beta: 1.250 sigma: 0.375 
maxBOLD estimate = 1.706

--------------------------------------------------------------
FINAL VALUES
--------------------------------------------------------------
Simulated parameters:              slope: 0.410 semiSat: 0.570 beta: 1.000 sigma: 0.250 
Max posterior QUEST+ parameters:   slope: 0.616 semiSat: 0.560 beta: 0.750 sigma: 0.166 
Max BADS parameters:               slope: 1.000 semiSat: 0.549 beta: 1.000 sigma: 1.000 
maxBOLD estimate: 2.233
