/blue/stevenweisberg/stevenweisberg/MATLAB/projects/Weisberg_Aguirre_2020/scripts/run_sims
c0700a-s2.ufhpc
Tue Apr  6 19:50:19 EDT 2021
mkdir: cannot create directory ‘/blue/stevenweisberg/stevenweisberg/qpfMRIResults/model_parameter_set2/’: File exists
cp: cannot stat ‘/blue/stevenweisberg/stevenweisberg/qpfMRIResults/deploy_sim.sh’: No such file or directory
cp: cannot stat ‘/blue/stevenweisberg/stevenweisberg/qpfMRIResults/sim_wrapper.sh’: No such file or directory
------------------------------------------
Setting up environment variables
---
LD_LIBRARY_PATH is .:/apps/matlab/mcr/2020b/v99/runtime/glnxa64:/apps/matlab/mcr/2020b/v99/bin/glnxa64:/apps/matlab/mcr/2020b/v99/sys/os/glnxa64:/apps/matlab/mcr/2020b/v99/sys/opengl/lib/glnxa64
Warning: Executing startup failed in matlabrc.
This indicates a potentially serious problem in your MATLAB setup, which should be resolved as soon as possible.  Error detected was:
MATLAB:mpath:PathAlterationNotSupported
Modifying the search path is not supported by MATLAB Compiler. Remove functions that modify the search path from your MATLAB code. To make files visible to your deployed application, add the parent folder to your MATLAB session.
Warning: No stimulus domain specified. Defaulting to values between 0.01 and 1.
> In qpfmriParams (line 182)
In compiledSimulate (line 205)
Stimulus domain added from input.
Parameter slope specified as 0.20000
Parameter semiSat specified as 0.57000
Parameter beta specified as 1.00000
Parameter sigma specified as 0.10000
seed = 99seed = 104seed = 111seed = 111seed = 115seed = 101Initializing Q+. This may take a minute...
Elapsed time is 7.037194 seconds.
Simulated parameters:
slope: 0.200 semiSat: 0.570 beta: 1.000 sigma: 0.100 

Trial 1: baseline Stimulus Selection
Stimulus: 0.010
Output value 0.000

Q+ parameters
slope: 0.026 semiSat: 0.890 beta: 0.500 sigma: 0.010 
maxBOLD estimate = 1.000


Trial 2: maxBOLD Stimulus Selection
Stimulus: 1.000
Output value 1.364

Q+ parameters
slope: 0.055 semiSat: 0.670 beta: 1.250 sigma: 0.010 
maxBOLD estimate = 1.000


Trial 3: baseline Stimulus Selection
Stimulus: 0.010
Output value 0.000

Q+ parameters
slope: 0.055 semiSat: 0.670 beta: 1.250 sigma: 0.010 
maxBOLD estimate = 1.250


Trial 4: maxBOLD Stimulus Selection
Stimulus: 1.000
Output value 1.598

Q+ parameters
slope: 0.043 semiSat: 0.780 beta: 1.250 sigma: 0.062 
maxBOLD estimate = 1.562


Trial 5: baseline Stimulus Selection
Stimulus: 0.010
Output value 0.000

Q+ parameters
slope: 0.043 semiSat: 0.780 beta: 1.125 sigma: 0.062 
maxBOLD estimate = 1.953


Trial 6: maxBOLD Stimulus Selection
Stimulus: 1.000
Output value 2.996

Q+ parameters
slope: 0.043 semiSat: 0.780 beta: 1.250 sigma: 0.114 
maxBOLD estimate = 2.197


Trial 7: random Stimulus Selection
Stimulus: 0.134
Output value 0.312

Q+ parameters
slope: 0.034 semiSat: 1.000 beta: 1.250 sigma: 0.062 
maxBOLD estimate = 2.747


Trial 8: random Stimulus Selection
Stimulus: 0.257
Output value 0.312

Q+ parameters
slope: 0.089 semiSat: 0.340 beta: 0.500 sigma: 0.062 
maxBOLD estimate = 3.433


Trial 9: random Stimulus Selection
Stimulus: 0.794
Output value 2.341

Q+ parameters
slope: 0.113 semiSat: 0.340 beta: 1.250 sigma: 0.062 
maxBOLD estimate = 1.717


Trial 10: baseline Stimulus Selection
Stimulus: 0.010
Output value 0.439

Q+ parameters
slope: 0.070 semiSat: 0.450 beta: 0.750 sigma: 0.114 
maxBOLD estimate = 2.146


Trial 11: random Stimulus Selection
Stimulus: 0.464
Output value 0.439

Q+ parameters
slope: 0.070 semiSat: 0.670 beta: 1.500 sigma: 0.114 
maxBOLD estimate = 1.609


Trial 12: random Stimulus Selection
Stimulus: 0.835
Output value 0.988

Q+ parameters
slope: 0.070 semiSat: 0.560 beta: 0.750 sigma: 0.062 
maxBOLD estimate = 2.414


Trial 13: random Stimulus Selection
Stimulus: 0.051
Output value -0.309

Q+ parameters
slope: 0.070 semiSat: 0.560 beta: 0.938 sigma: 0.114 
maxBOLD estimate = 1.810


Trial 14: random Stimulus Selection
Stimulus: 0.257
Output value 0.000

Q+ parameters
slope: 0.089 semiSat: 0.560 beta: 1.000 sigma: 0.114 
maxBOLD estimate = 1.697


Trial 15: maxBOLD Stimulus Selection
Stimulus: 1.000
Output value 2.777

Q+ parameters
slope: 0.070 semiSat: 0.670 beta: 1.500 sigma: 0.114 
maxBOLD estimate = 1.697


Trial 16: random Stimulus Selection
Stimulus: 0.876
Output value 0.810

Q+ parameters
slope: 0.055 semiSat: 0.780 beta: 0.875 sigma: 0.114 
maxBOLD estimate = 2.546


Trial 17: random Stimulus Selection
Stimulus: 0.175
Output value -0.304

Q+ parameters
slope: 0.113 semiSat: 0.560 beta: 0.750 sigma: 0.114 
maxBOLD estimate = 2.228


Trial 18: random Stimulus Selection
Stimulus: 0.010
Output value -0.304

Q+ parameters
slope: 0.089 semiSat: 0.560 beta: 1.000 sigma: 0.114 
maxBOLD estimate = 1.671


Trial 19: random Stimulus Selection
Stimulus: 0.876
Output value 1.519

Q+ parameters
slope: 0.089 semiSat: 0.560 beta: 1.000 sigma: 0.114 
maxBOLD estimate = 1.671


Trial 20: baseline Stimulus Selection
Stimulus: 0.010
Output value 0.000

Q+ parameters
slope: 0.089 semiSat: 0.560 beta: 1.000 sigma: 0.114 
maxBOLD estimate = 1.671


Trial 21: random Stimulus Selection
Stimulus: 0.051
Output value 0.608

Q+ parameters
slope: 0.089 semiSat: 0.560 beta: 1.000 sigma: 0.114 
maxBOLD estimate = 1.671


Trial 22: random Stimulus Selection
Stimulus: 0.464
Output value 0.000

Q+ parameters
slope: 0.234 semiSat: 0.560 beta: 0.875 sigma: 0.114 
maxBOLD estimate = 1.671


Trial 23: random Stimulus Selection
Stimulus: 0.794
Output value 2.392

Q+ parameters
slope: 0.089 semiSat: 0.670 beta: 1.500 sigma: 0.114 
maxBOLD estimate = 1.462


Trial 24: random Stimulus Selection
Stimulus: 1.000
Output value 1.346

Q+ parameters
slope: 0.183 semiSat: 0.560 beta: 0.750 sigma: 0.114 
maxBOLD estimate = 2.193


Trial 25: maxBOLD Stimulus Selection
Stimulus: 1.000
Output value 1.495

Q+ parameters
slope: 0.089 semiSat: 0.560 beta: 1.000 sigma: 0.114 
maxBOLD estimate = 1.645


Trial 26: random Stimulus Selection
Stimulus: 0.092
Output value 1.121

Q+ parameters
slope: 0.089 semiSat: 0.670 beta: 1.500 sigma: 0.166 
maxBOLD estimate = 1.645


Trial 27: random Stimulus Selection
Stimulus: 0.918
Output value 1.346

Q+ parameters
slope: 0.070 semiSat: 0.670 beta: 0.750 sigma: 0.114 
maxBOLD estimate = 2.467


Trial 28: random Stimulus Selection
Stimulus: 0.588
Output value 0.946

Q+ parameters
slope: 0.144 semiSat: 0.560 beta: 0.938 sigma: 0.114 
maxBOLD estimate = 1.850


Trial 29: random Stimulus Selection
Stimulus: 0.464
Output value 0.946

Q+ parameters
slope: 0.089 semiSat: 0.560 beta: 1.000 sigma: 0.114 
maxBOLD estimate = 1.735


Trial 30: baseline Stimulus Selection
Stimulus: 0.010
Output value 0.296

Q+ parameters
slope: 0.113 semiSat: 0.560 beta: 0.938 sigma: 0.114 
maxBOLD estimate = 1.735


Trial 31: random Stimulus Selection
Stimulus: 0.588
Output value 2.218

Q+ parameters
slope: 0.113 semiSat: 0.560 beta: 1.500 sigma: 0.114 
maxBOLD estimate = 1.626


Trial 32: random Stimulus Selection
Stimulus: 0.381
Output value 0.000

Q+ parameters
slope: 0.113 semiSat: 0.560 beta: 0.750 sigma: 0.114 
maxBOLD estimate = 2.439


Trial 33: random Stimulus Selection
Stimulus: 0.381
Output value 0.624

Q+ parameters
slope: 0.070 semiSat: 0.560 beta: 0.938 sigma: 0.114 
maxBOLD estimate = 1.830


Trial 34: random Stimulus Selection
Stimulus: 0.381
Output value -0.161

Q+ parameters
slope: 0.113 semiSat: 0.560 beta: 1.031 sigma: 0.114 
maxBOLD estimate = 1.715


Trial 35: maxBOLD Stimulus Selection
Stimulus: 1.000
Output value 1.930

Q+ parameters
slope: 0.089 semiSat: 0.560 beta: 1.000 sigma: 0.114 
maxBOLD estimate = 1.769


Trial 36: random Stimulus Selection
Stimulus: 0.629
Output value 1.126

Q+ parameters
slope: 0.089 semiSat: 0.560 beta: 1.000 sigma: 0.114 
maxBOLD estimate = 1.769


Trial 37: random Stimulus Selection
Stimulus: 0.876
Output value 1.608

Q+ parameters
slope: 0.089 semiSat: 0.560 beta: 1.000 sigma: 0.114 
maxBOLD estimate = 1.769


Trial 38: random Stimulus Selection
Stimulus: 0.010
Output value 0.301

Q+ parameters
slope: 0.144 semiSat: 0.560 beta: 0.938 sigma: 0.114 
maxBOLD estimate = 1.769


Trial 39: random Stimulus Selection
Stimulus: 0.918
Output value 1.555

Q+ parameters
slope: 0.113 semiSat: 0.560 beta: 1.031 sigma: 0.114 
maxBOLD estimate = 1.658


Trial 40: baseline Stimulus Selection
Stimulus: 0.010
Output value -0.151

Q+ parameters
slope: 0.113 semiSat: 0.560 beta: 0.969 sigma: 0.114 
maxBOLD estimate = 1.710


Trial 41: random Stimulus Selection
Stimulus: 0.299
Output value 0.155

Q+ parameters
slope: 0.113 semiSat: 0.560 beta: 1.031 sigma: 0.114 
maxBOLD estimate = 1.657


Trial 42: random Stimulus Selection
Stimulus: 0.051
Output value -0.311

Q+ parameters
slope: 0.089 semiSat: 0.560 beta: 1.000 sigma: 0.114 
maxBOLD estimate = 1.708


Trial 43: random Stimulus Selection
Stimulus: 0.753
Output value 1.553

Q+ parameters
slope: 0.089 semiSat: 0.560 beta: 1.000 sigma: 0.114 
maxBOLD estimate = 1.708


Trial 44: random Stimulus Selection
Stimulus: 0.423
Output value 0.320

Q+ parameters
slope: 0.144 semiSat: 0.560 beta: 1.031 sigma: 0.114 
maxBOLD estimate = 1.708


Trial 45: maxBOLD Stimulus Selection
Stimulus: 1.000
Output value 1.802

Q+ parameters
slope: 0.144 semiSat: 0.560 beta: 0.938 sigma: 0.114 
maxBOLD estimate = 1.762


Trial 46: random Stimulus Selection
Stimulus: 0.794
Output value 1.394

Q+ parameters
slope: 0.144 semiSat: 0.560 beta: 1.031 sigma: 0.114 
maxBOLD estimate = 1.652


Trial 47: random Stimulus Selection
Stimulus: 0.918
Output value 1.756

Q+ parameters
slope: 0.144 semiSat: 0.560 beta: 1.031 sigma: 0.114 
maxBOLD estimate = 1.703


Trial 48: random Stimulus Selection
Stimulus: 0.835
Output value 1.497

Q+ parameters
slope: 0.144 semiSat: 0.560 beta: 0.938 sigma: 0.114 
maxBOLD estimate = 1.756


Trial 49: random Stimulus Selection
Stimulus: 0.134
Output value 0.463

Q+ parameters
slope: 0.144 semiSat: 0.560 beta: 1.031 sigma: 0.114 
maxBOLD estimate = 1.647


Trial 50: baseline Stimulus Selection
Stimulus: 0.010
Output value -0.159

Q+ parameters
slope: 0.144 semiSat: 0.560 beta: 1.031 sigma: 0.114 
maxBOLD estimate = 1.698


Trial 51: random Stimulus Selection
Stimulus: 0.257
Output value -0.299

Q+ parameters
slope: 0.144 semiSat: 0.560 beta: 0.938 sigma: 0.114 
maxBOLD estimate = 1.751


Trial 52: random Stimulus Selection
Stimulus: 0.629
Output value 1.539

Q+ parameters
slope: 0.144 semiSat: 0.560 beta: 1.031 sigma: 0.114 
maxBOLD estimate = 1.642


Trial 53: random Stimulus Selection
Stimulus: 0.629
Output value 0.794

Q+ parameters
slope: 0.144 semiSat: 0.560 beta: 1.031 sigma: 0.114 
maxBOLD estimate = 1.693


Trial 54: random Stimulus Selection
Stimulus: 0.629
Output value 1.042

Q+ parameters
slope: 0.113 semiSat: 0.560 beta: 0.938 sigma: 0.114 
maxBOLD estimate = 1.746


Trial 55: maxBOLD Stimulus Selection
Stimulus: 1.000
Output value 1.074

Q+ parameters
slope: 0.144 semiSat: 0.560 beta: 1.031 sigma: 0.114 
maxBOLD estimate = 1.637


Trial 56: random Stimulus Selection
Stimulus: 0.299
Output value -0.158

Q+ parameters
slope: 0.144 semiSat: 0.560 beta: 1.031 sigma: 0.114 
maxBOLD estimate = 1.688


Trial 57: random Stimulus Selection
Stimulus: 0.010
Output value -0.326

Q+ parameters
slope: 0.144 semiSat: 0.560 beta: 1.031 sigma: 0.114 
maxBOLD estimate = 1.741


Trial 58: random Stimulus Selection
Stimulus: 0.381
Output value -0.306

Q+ parameters
slope: 0.144 semiSat: 0.560 beta: 0.938 sigma: 0.114 
maxBOLD estimate = 1.795


Trial 59: random Stimulus Selection
Stimulus: 0.010
Output value -0.316

Q+ parameters
slope: 0.144 semiSat: 0.560 beta: 1.031 sigma: 0.114 
maxBOLD estimate = 1.683


Trial 60: baseline Stimulus Selection
Stimulus: 0.010
Output value -0.325

Q+ parameters
slope: 0.113 semiSat: 0.560 beta: 1.031 sigma: 0.114 
maxBOLD estimate = 1.736


Trial 61: random Stimulus Selection
Stimulus: 0.340
Output value -0.168

Q+ parameters
slope: 0.144 semiSat: 0.560 beta: 1.031 sigma: 0.114 
maxBOLD estimate = 1.790


Trial 62: random Stimulus Selection
Stimulus: 0.340
Output value -0.157

Q+ parameters
slope: 0.144 semiSat: 0.560 beta: 0.938 sigma: 0.114 
maxBOLD estimate = 1.846


Trial 63: random Stimulus Selection
Stimulus: 0.381
Output value 0.162

Q+ parameters
slope: 0.144 semiSat: 0.560 beta: 1.031 sigma: 0.114 
maxBOLD estimate = 1.730


Trial 64: random Stimulus Selection
Stimulus: 0.876
Output value 1.065

Q+ parameters
slope: 0.144 semiSat: 0.560 beta: 0.938 sigma: 0.114 
maxBOLD estimate = 1.784


Trial 65: maxBOLD Stimulus Selection
Stimulus: 1.000
Output value 1.882

Q+ parameters
slope: 0.144 semiSat: 0.560 beta: 1.031 sigma: 0.114 
maxBOLD estimate = 1.673


Trial 66: random Stimulus Selection
Stimulus: 0.051
Output value 0.000

Q+ parameters
slope: 0.144 semiSat: 0.560 beta: 1.031 sigma: 0.114 
maxBOLD estimate = 1.725


Trial 67: random Stimulus Selection
Stimulus: 0.257
Output value 0.167

Q+ parameters
slope: 0.144 semiSat: 0.560 beta: 1.031 sigma: 0.114 
maxBOLD estimate = 1.779


Trial 68: random Stimulus Selection
Stimulus: 0.546
Output value 0.625

Q+ parameters
slope: 0.144 semiSat: 0.560 beta: 0.938 sigma: 0.114 
maxBOLD estimate = 1.835


Trial 69: random Stimulus Selection
Stimulus: 1.000
Output value 1.451

Q+ parameters
slope: 0.144 semiSat: 0.560 beta: 1.031 sigma: 0.114 
maxBOLD estimate = 1.720


Trial 70: baseline Stimulus Selection
Stimulus: 0.010
Output value 0.166

Q+ parameters
slope: 0.144 semiSat: 0.560 beta: 1.031 sigma: 0.114 
maxBOLD estimate = 1.774


Trial 71: random Stimulus Selection
Stimulus: 0.299
Output value -0.156

Q+ parameters
slope: 0.183 semiSat: 0.560 beta: 0.938 sigma: 0.114 
maxBOLD estimate = 1.829


Trial 72: random Stimulus Selection
Stimulus: 0.299
Output value -0.161

Q+ parameters
slope: 0.144 semiSat: 0.560 beta: 1.031 sigma: 0.114 
maxBOLD estimate = 1.715


Trial 73: random Stimulus Selection
Stimulus: 0.794
Output value 1.326

Q+ parameters
slope: 0.144 semiSat: 0.560 beta: 1.031 sigma: 0.114 
maxBOLD estimate = 1.768


Trial 74: random Stimulus Selection
Stimulus: 1.000
Output value 1.865

Q+ parameters
slope: 0.183 semiSat: 0.560 beta: 0.938 sigma: 0.114 
maxBOLD estimate = 1.824


Trial 75: maxBOLD Stimulus Selection
Stimulus: 1.000
Output value 1.923

Q+ parameters
slope: 0.144 semiSat: 0.560 beta: 1.031 sigma: 0.114 
maxBOLD estimate = 1.710


Trial 76: random Stimulus Selection
Stimulus: 0.918
Output value 1.653

Q+ parameters
slope: 0.144 semiSat: 0.560 beta: 1.031 sigma: 0.114 
maxBOLD estimate = 1.763


Trial 77: random Stimulus Selection
Stimulus: 0.546
Output value 0.775

Q+ parameters
slope: 0.183 semiSat: 0.560 beta: 0.938 sigma: 0.114 
maxBOLD estimate = 1.818


Trial 78: random Stimulus Selection
Stimulus: 0.381
Output value 0.160

Q+ parameters
slope: 0.144 semiSat: 0.560 beta: 1.031 sigma: 0.114 
maxBOLD estimate = 1.705


Trial 79: random Stimulus Selection
Stimulus: 0.505
Output value 0.320

Q+ parameters
slope: 0.144 semiSat: 0.560 beta: 1.000 sigma: 0.114 
maxBOLD estimate = 1.758


Trial 80: baseline Stimulus Selection
Stimulus: 0.010
Output value 0.599

Q+ parameters
slope: 0.183 semiSat: 0.560 beta: 0.938 sigma: 0.114 
maxBOLD estimate = 1.758


Trial 81: random Stimulus Selection
Stimulus: 0.505
Output value 0.435

Q+ parameters
slope: 0.183 semiSat: 0.560 beta: 0.969 sigma: 0.114 
maxBOLD estimate = 1.648


Trial 82: random Stimulus Selection
Stimulus: 0.629
Output value 1.079

Q+ parameters
slope: 0.183 semiSat: 0.560 beta: 1.062 sigma: 0.114 
maxBOLD estimate = 1.597


Trial 83: random Stimulus Selection
Stimulus: 0.588
Output value 0.747

Q+ parameters
slope: 0.183 semiSat: 0.560 beta: 0.969 sigma: 0.114 
maxBOLD estimate = 1.696


Trial 84: random Stimulus Selection
Stimulus: 0.959
Output value 1.158

Q+ parameters
slope: 0.183 semiSat: 0.560 beta: 0.969 sigma: 0.114 
maxBOLD estimate = 1.643


Trial 85: maxBOLD Stimulus Selection
Stimulus: 1.000
Output value 1.691

Q+ parameters
slope: 0.183 semiSat: 0.560 beta: 1.062 sigma: 0.114 
maxBOLD estimate = 1.592


Trial 86: random Stimulus Selection
Stimulus: 0.051
Output value -0.298

Q+ parameters
slope: 0.183 semiSat: 0.560 beta: 0.969 sigma: 0.114 
maxBOLD estimate = 1.691


Trial 87: random Stimulus Selection
Stimulus: 0.134
Output value 0.144

Q+ parameters
slope: 0.183 semiSat: 0.560 beta: 0.969 sigma: 0.114 
maxBOLD estimate = 1.639


Trial 88: random Stimulus Selection
Stimulus: 0.629
Output value 1.073

Q+ parameters
slope: 0.183 semiSat: 0.560 beta: 1.062 sigma: 0.114 
maxBOLD estimate = 1.587


Trial 89: random Stimulus Selection
Stimulus: 0.546
Output value 0.446

Q+ parameters
slope: 0.183 semiSat: 0.560 beta: 0.969 sigma: 0.114 
maxBOLD estimate = 1.687


Trial 90: baseline Stimulus Selection
Stimulus: 0.010
Output value -0.316

Q+ parameters
slope: 0.183 semiSat: 0.560 beta: 1.062 sigma: 0.114 
maxBOLD estimate = 1.634


Trial 91: random Stimulus Selection
Stimulus: 1.000
Output value 1.070

Q+ parameters
slope: 0.183 semiSat: 0.560 beta: 0.969 sigma: 0.114 
maxBOLD estimate = 1.736


Trial 92: random Stimulus Selection
Stimulus: 1.000
Output value 1.185

Q+ parameters
slope: 0.183 semiSat: 0.560 beta: 0.969 sigma: 0.114 
maxBOLD estimate = 1.682


Trial 93: random Stimulus Selection
Stimulus: 0.340
Output value -0.143

Q+ parameters
slope: 0.183 semiSat: 0.560 beta: 0.969 sigma: 0.114 
maxBOLD estimate = 1.629


Trial 94: random Stimulus Selection
Stimulus: 0.588
Output value 1.067

Q+ parameters
slope: 0.183 semiSat: 0.560 beta: 1.062 sigma: 0.114 
maxBOLD estimate = 1.578


Trial 95: maxBOLD Stimulus Selection
Stimulus: 1.000
Output value 1.181

Q+ parameters
slope: 0.183 semiSat: 0.560 beta: 0.969 sigma: 0.114 
maxBOLD estimate = 1.677


Trial 96: random Stimulus Selection
Stimulus: 0.629
Output value 1.145

Q+ parameters
slope: 0.183 semiSat: 0.560 beta: 0.969 sigma: 0.114 
maxBOLD estimate = 1.625


Trial 97: random Stimulus Selection
Stimulus: 0.588
Output value 1.216

Q+ parameters
slope: 0.183 semiSat: 0.560 beta: 1.062 sigma: 0.114 
maxBOLD estimate = 1.574


Trial 98: random Stimulus Selection
Stimulus: 0.381
Output value 0.147

Q+ parameters
slope: 0.183 semiSat: 0.560 beta: 0.969 sigma: 0.114 
maxBOLD estimate = 1.672


Trial 99: random Stimulus Selection
Stimulus: 0.423
Output value 0.143

Q+ parameters
slope: 0.183 semiSat: 0.560 beta: 0.969 sigma: 0.114 
maxBOLD estimate = 1.620


Trial 100: baseline Stimulus Selection
Stimulus: 0.010
Output value -0.303

Q+ parameters
slope: 0.183 semiSat: 0.560 beta: 1.062 sigma: 0.114 
maxBOLD estimate = 1.569

--------------------------------------------------------------
FINAL VALUES
--------------------------------------------------------------
Simulated parameters:              slope: 0.200 semiSat: 0.570 beta: 1.000 sigma: 0.100 
Max posterior QUEST+ parameters:   slope: 0.183 semiSat: 0.560 beta: 0.938 sigma: 0.114 
Max BADS parameters:               slope: 0.152 semiSat: 0.581 beta: 1.000 sigma: 0.123 
maxBOLD estimate: 1.843
