/blue/stevenweisberg/stevenweisberg/MATLAB/projects/Weisberg_Aguirre_2020/scripts/run_sims
c0700a-s1.ufhpc
Tue Apr  6 22:19:17 EDT 2021
mkdir: cannot create directory ‘/blue/stevenweisberg/stevenweisberg/qpfMRIResults/model_parameter_set2/’: File exists
cp: cannot stat ‘/blue/stevenweisberg/stevenweisberg/qpfMRIResults/deploy_sim.sh’: No such file or directory
cp: cannot stat ‘/blue/stevenweisberg/stevenweisberg/qpfMRIResults/sim_wrapper.sh’: No such file or directory
------------------------------------------
Setting up environment variables
---
LD_LIBRARY_PATH is .:/apps/matlab/mcr/2020b/v99/runtime/glnxa64:/apps/matlab/mcr/2020b/v99/bin/glnxa64:/apps/matlab/mcr/2020b/v99/sys/os/glnxa64:/apps/matlab/mcr/2020b/v99/sys/opengl/lib/glnxa64
Warning: Executing startup failed in matlabrc.
This indicates a potentially serious problem in your MATLAB setup, which should be resolved as soon as possible.  Error detected was:
MATLAB:mpath:PathAlterationNotSupported
Modifying the search path is not supported by MATLAB Compiler. Remove functions that modify the search path from your MATLAB code. To make files visible to your deployed application, add the parent folder to your MATLAB session.
Warning: No stimulus domain specified. Defaulting to values between 0.01 and 1.
> In qpfmriParams (line 182)
In compiledSimulate (line 205)
Stimulus domain added from input.
Parameter slope specified as 0.20000
Parameter semiSat specified as 0.57000
Parameter beta specified as 1.00000
Parameter sigma specified as 0.10000
seed = 99seed = 104seed = 111seed = 111seed = 115seed = 101Initializing Q+. This may take a minute...
Elapsed time is 6.909991 seconds.
Simulated parameters:
slope: 0.200 semiSat: 0.570 beta: 1.000 sigma: 0.100 

Trial 1: baseline Stimulus Selection
Stimulus: 0.010
Output value 0.000

Q+ parameters
slope: 0.026 semiSat: 0.890 beta: 0.500 sigma: 0.010 
maxBOLD estimate = 1.000


Trial 2: maxBOLD Stimulus Selection
Stimulus: 1.000
Output value 1.136

Q+ parameters
slope: 0.043 semiSat: 0.780 beta: 1.250 sigma: 0.010 
maxBOLD estimate = 1.000


Trial 3: baseline Stimulus Selection
Stimulus: 0.010
Output value -0.128

Q+ parameters
slope: 0.055 semiSat: 0.670 beta: 1.125 sigma: 0.062 
maxBOLD estimate = 1.250


Trial 4: maxBOLD Stimulus Selection
Stimulus: 1.000
Output value 1.726

Q+ parameters
slope: 0.055 semiSat: 0.670 beta: 1.125 sigma: 0.062 
maxBOLD estimate = 1.406


Trial 5: baseline Stimulus Selection
Stimulus: 0.010
Output value -0.360

Q+ parameters
slope: 0.043 semiSat: 0.560 beta: 1.250 sigma: 0.114 
maxBOLD estimate = 1.582


Trial 6: maxBOLD Stimulus Selection
Stimulus: 1.000
Output value 2.225

Q+ parameters
slope: 0.043 semiSat: 0.780 beta: 1.125 sigma: 0.062 
maxBOLD estimate = 1.978


Trial 7: qplus Stimulus Selection
Stimulus: 0.588
Output value 0.392

Q+ parameters
slope: 0.043 semiSat: 0.890 beta: 0.969 sigma: 0.062 
maxBOLD estimate = 2.225


Trial 8: qplus Stimulus Selection
Stimulus: 0.794
Output value 1.249

Q+ parameters
slope: 0.043 semiSat: 0.780 beta: 1.062 sigma: 0.062 
maxBOLD estimate = 2.155


Trial 9: qplus Stimulus Selection
Stimulus: 0.505
Output value 0.468

Q+ parameters
slope: 0.070 semiSat: 0.670 beta: 0.750 sigma: 0.062 
maxBOLD estimate = 2.290


Trial 10: baseline Stimulus Selection
Stimulus: 0.010
Output value 0.000

Q+ parameters
slope: 0.089 semiSat: 0.560 beta: 0.875 sigma: 0.062 
maxBOLD estimate = 1.717


Trial 11: qplus Stimulus Selection
Stimulus: 0.629
Output value 1.153

Q+ parameters
slope: 0.144 semiSat: 0.560 beta: 0.938 sigma: 0.062 
maxBOLD estimate = 1.503


Trial 12: qplus Stimulus Selection
Stimulus: 0.505
Output value 0.248

Q+ parameters
slope: 0.144 semiSat: 0.560 beta: 0.969 sigma: 0.062 
maxBOLD estimate = 1.409


Trial 13: qplus Stimulus Selection
Stimulus: 0.670
Output value 1.202

Q+ parameters
slope: 0.234 semiSat: 0.560 beta: 0.969 sigma: 0.062 
maxBOLD estimate = 1.365


Trial 14: qplus Stimulus Selection
Stimulus: 0.505
Output value 0.248

Q+ parameters
slope: 0.234 semiSat: 0.560 beta: 1.031 sigma: 0.062 
maxBOLD estimate = 1.322


Trial 15: maxBOLD Stimulus Selection
Stimulus: 1.000
Output value 1.406

Q+ parameters
slope: 0.234 semiSat: 0.560 beta: 1.031 sigma: 0.062 
maxBOLD estimate = 1.363


Trial 16: qplus Stimulus Selection
Stimulus: 0.588
Output value 0.991

Q+ parameters
slope: 0.234 semiSat: 0.560 beta: 0.969 sigma: 0.062 
maxBOLD estimate = 1.406


Trial 17: qplus Stimulus Selection
Stimulus: 0.546
Output value 0.240

Q+ parameters
slope: 0.234 semiSat: 0.560 beta: 0.969 sigma: 0.114 
maxBOLD estimate = 1.362


Trial 18: qplus Stimulus Selection
Stimulus: 0.588
Output value 1.530

Q+ parameters
slope: 0.298 semiSat: 0.560 beta: 1.062 sigma: 0.114 
maxBOLD estimate = 1.320


Trial 19: qplus Stimulus Selection
Stimulus: 0.505
Output value -0.123

Q+ parameters
slope: 0.379 semiSat: 0.560 beta: 0.969 sigma: 0.114 
maxBOLD estimate = 1.402


Trial 20: baseline Stimulus Selection
Stimulus: 0.010
Output value 0.359

Q+ parameters
slope: 0.234 semiSat: 0.560 beta: 0.969 sigma: 0.114 
maxBOLD estimate = 1.358


Trial 21: qplus Stimulus Selection
Stimulus: 0.588
Output value 0.000

Q+ parameters
slope: 0.113 semiSat: 0.670 beta: 1.500 sigma: 0.166 
maxBOLD estimate = 1.316


Trial 22: qplus Stimulus Selection
Stimulus: 0.629
Output value 1.346

Q+ parameters
slope: 0.379 semiSat: 0.560 beta: 0.750 sigma: 0.114 
maxBOLD estimate = 1.974


Trial 23: qplus Stimulus Selection
Stimulus: 0.629
Output value 0.782

Q+ parameters
slope: 0.234 semiSat: 0.560 beta: 0.969 sigma: 0.114 
maxBOLD estimate = 1.480


Trial 24: qplus Stimulus Selection
Stimulus: 0.505
Output value 0.379

Q+ parameters
slope: 0.234 semiSat: 0.560 beta: 0.969 sigma: 0.062 
maxBOLD estimate = 1.434


Trial 25: maxBOLD Stimulus Selection
Stimulus: 1.000
Output value 0.734

Q+ parameters
slope: 0.234 semiSat: 0.560 beta: 0.969 sigma: 0.114 
maxBOLD estimate = 1.389


Trial 26: qplus Stimulus Selection
Stimulus: 0.505
Output value 0.000

Q+ parameters
slope: 0.234 semiSat: 0.560 beta: 1.031 sigma: 0.114 
maxBOLD estimate = 1.346


Trial 27: qplus Stimulus Selection
Stimulus: 0.588
Output value 0.978

Q+ parameters
slope: 0.234 semiSat: 0.560 beta: 0.969 sigma: 0.114 
maxBOLD estimate = 1.388


Trial 28: qplus Stimulus Selection
Stimulus: 0.546
Output value 0.519

Q+ parameters
slope: 0.298 semiSat: 0.560 beta: 1.062 sigma: 0.114 
maxBOLD estimate = 1.344


Trial 29: qplus Stimulus Selection
Stimulus: 0.588
Output value 1.258

Q+ parameters
slope: 0.234 semiSat: 0.560 beta: 0.969 sigma: 0.114 
maxBOLD estimate = 1.428


Trial 30: baseline Stimulus Selection
Stimulus: 0.010
Output value 0.122

Q+ parameters
slope: 0.379 semiSat: 0.560 beta: 0.969 sigma: 0.114 
maxBOLD estimate = 1.384


Trial 31: qplus Stimulus Selection
Stimulus: 0.505
Output value 0.647

Q+ parameters
slope: 0.298 semiSat: 0.560 beta: 1.062 sigma: 0.114 
maxBOLD estimate = 1.341


Trial 32: qplus Stimulus Selection
Stimulus: 0.505
Output value 0.376

Q+ parameters
slope: 0.234 semiSat: 0.560 beta: 0.969 sigma: 0.114 
maxBOLD estimate = 1.424


Trial 33: qplus Stimulus Selection
Stimulus: 0.670
Output value 1.552

Q+ parameters
slope: 0.234 semiSat: 0.560 beta: 1.031 sigma: 0.114 
maxBOLD estimate = 1.380


Trial 34: qplus Stimulus Selection
Stimulus: 0.588
Output value 1.128

Q+ parameters
slope: 0.234 semiSat: 0.560 beta: 0.969 sigma: 0.114 
maxBOLD estimate = 1.423


Trial 35: maxBOLD Stimulus Selection
Stimulus: 1.000
Output value 1.598

Q+ parameters
slope: 0.298 semiSat: 0.560 beta: 1.062 sigma: 0.114 
maxBOLD estimate = 1.379


Trial 36: qplus Stimulus Selection
Stimulus: 0.588
Output value 0.387

Q+ parameters
slope: 0.234 semiSat: 0.560 beta: 0.969 sigma: 0.114 
maxBOLD estimate = 1.465


Trial 37: qplus Stimulus Selection
Stimulus: 0.670
Output value 1.125

Q+ parameters
slope: 0.234 semiSat: 0.560 beta: 0.969 sigma: 0.114 
maxBOLD estimate = 1.419


Trial 38: qplus Stimulus Selection
Stimulus: 0.546
Output value 0.000

Q+ parameters
slope: 0.234 semiSat: 0.560 beta: 0.969 sigma: 0.114 
maxBOLD estimate = 1.375


Trial 39: qplus Stimulus Selection
Stimulus: 0.588
Output value 0.375

Q+ parameters
slope: 0.234 semiSat: 0.560 beta: 1.031 sigma: 0.114 
maxBOLD estimate = 1.332


Trial 40: baseline Stimulus Selection
Stimulus: 0.010
Output value 0.363

Q+ parameters
slope: 0.234 semiSat: 0.560 beta: 0.969 sigma: 0.114 
maxBOLD estimate = 1.373


Trial 41: qplus Stimulus Selection
Stimulus: 0.711
Output value 1.172

Q+ parameters
slope: 0.234 semiSat: 0.560 beta: 0.969 sigma: 0.114 
maxBOLD estimate = 1.330


Trial 42: qplus Stimulus Selection
Stimulus: 0.588
Output value 0.483

Q+ parameters
slope: 0.234 semiSat: 0.560 beta: 1.031 sigma: 0.114 
maxBOLD estimate = 1.289


Trial 43: qplus Stimulus Selection
Stimulus: 0.546
Output value 0.351

Q+ parameters
slope: 0.234 semiSat: 0.560 beta: 0.969 sigma: 0.114 
maxBOLD estimate = 1.329


Trial 44: qplus Stimulus Selection
Stimulus: 0.711
Output value 1.448

Q+ parameters
slope: 0.234 semiSat: 0.560 beta: 1.031 sigma: 0.114 
maxBOLD estimate = 1.287


Trial 45: maxBOLD Stimulus Selection
Stimulus: 1.000
Output value 1.494

Q+ parameters
slope: 0.234 semiSat: 0.560 beta: 1.031 sigma: 0.114 
maxBOLD estimate = 1.328


Trial 46: qplus Stimulus Selection
Stimulus: 0.546
Output value 0.482

Q+ parameters
slope: 0.234 semiSat: 0.560 beta: 0.969 sigma: 0.114 
maxBOLD estimate = 1.369


Trial 47: qplus Stimulus Selection
Stimulus: 0.546
Output value 0.870

Q+ parameters
slope: 0.234 semiSat: 0.560 beta: 1.031 sigma: 0.114 
maxBOLD estimate = 1.326


Trial 48: qplus Stimulus Selection
Stimulus: 0.670
Output value 0.964

Q+ parameters
slope: 0.234 semiSat: 0.560 beta: 0.969 sigma: 0.114 
maxBOLD estimate = 1.368


Trial 49: qplus Stimulus Selection
Stimulus: 0.546
Output value 0.621

Q+ parameters
slope: 0.234 semiSat: 0.560 beta: 1.031 sigma: 0.114 
maxBOLD estimate = 1.325


Trial 50: baseline Stimulus Selection
Stimulus: 0.010
Output value -0.128

Q+ parameters
slope: 0.234 semiSat: 0.560 beta: 1.031 sigma: 0.114 
maxBOLD estimate = 1.367


Trial 51: qplus Stimulus Selection
Stimulus: 0.546
Output value 0.793

Q+ parameters
slope: 0.234 semiSat: 0.560 beta: 1.031 sigma: 0.114 
maxBOLD estimate = 1.409


Trial 52: qplus Stimulus Selection
Stimulus: 0.546
Output value 0.512

Q+ parameters
slope: 0.234 semiSat: 0.560 beta: 0.969 sigma: 0.114 
maxBOLD estimate = 1.453


Trial 53: qplus Stimulus Selection
Stimulus: 0.711
Output value 1.584

Q+ parameters
slope: 0.234 semiSat: 0.560 beta: 1.031 sigma: 0.114 
maxBOLD estimate = 1.408


Trial 54: qplus Stimulus Selection
Stimulus: 0.546
Output value 0.384

Q+ parameters
slope: 0.298 semiSat: 0.560 beta: 0.969 sigma: 0.114 
maxBOLD estimate = 1.452


Trial 55: maxBOLD Stimulus Selection
Stimulus: 1.000
Output value 1.582

Q+ parameters
slope: 0.234 semiSat: 0.560 beta: 1.031 sigma: 0.114 
maxBOLD estimate = 1.407


Trial 56: qplus Stimulus Selection
Stimulus: 0.546
Output value -0.255

Q+ parameters
slope: 0.298 semiSat: 0.560 beta: 0.969 sigma: 0.114 
maxBOLD estimate = 1.450


Trial 57: qplus Stimulus Selection
Stimulus: 0.711
Output value 0.990

Q+ parameters
slope: 0.234 semiSat: 0.560 beta: 0.969 sigma: 0.114 
maxBOLD estimate = 1.405


Trial 58: qplus Stimulus Selection
Stimulus: 0.546
Output value 0.510

Q+ parameters
slope: 0.234 semiSat: 0.560 beta: 1.031 sigma: 0.114 
maxBOLD estimate = 1.361


Trial 59: qplus Stimulus Selection
Stimulus: 0.546
Output value 0.247

Q+ parameters
slope: 0.298 semiSat: 0.560 beta: 0.969 sigma: 0.114 
maxBOLD estimate = 1.404


Trial 60: baseline Stimulus Selection
Stimulus: 0.010
Output value -0.120

Q+ parameters
slope: 0.298 semiSat: 0.560 beta: 0.969 sigma: 0.114 
maxBOLD estimate = 1.360


Trial 61: qplus Stimulus Selection
Stimulus: 0.546
Output value 0.741

Q+ parameters
slope: 0.234 semiSat: 0.560 beta: 1.031 sigma: 0.114 
maxBOLD estimate = 1.317


Trial 62: qplus Stimulus Selection
Stimulus: 0.588
Output value 1.019

Q+ parameters
slope: 0.234 semiSat: 0.560 beta: 1.031 sigma: 0.114 
maxBOLD estimate = 1.359


Trial 63: qplus Stimulus Selection
Stimulus: 0.546
Output value 0.525

Q+ parameters
slope: 0.234 semiSat: 0.560 beta: 1.031 sigma: 0.114 
maxBOLD estimate = 1.401


Trial 64: qplus Stimulus Selection
Stimulus: 0.546
Output value 0.509

Q+ parameters
slope: 0.234 semiSat: 0.560 beta: 0.969 sigma: 0.114 
maxBOLD estimate = 1.445


Trial 65: maxBOLD Stimulus Selection
Stimulus: 1.000
Output value 1.575

Q+ parameters
slope: 0.234 semiSat: 0.560 beta: 1.031 sigma: 0.114 
maxBOLD estimate = 1.400


Trial 66: qplus Stimulus Selection
Stimulus: 0.546
Output value 1.624

Q+ parameters
slope: 0.234 semiSat: 0.560 beta: 1.031 sigma: 0.114 
maxBOLD estimate = 1.443


Trial 67: qplus Stimulus Selection
Stimulus: 0.670
Output value 1.488

Q+ parameters
slope: 0.234 semiSat: 0.560 beta: 1.000 sigma: 0.114 
maxBOLD estimate = 1.488


Trial 68: qplus Stimulus Selection
Stimulus: 0.546
Output value 1.256

Q+ parameters
slope: 0.234 semiSat: 0.560 beta: 1.031 sigma: 0.114 
maxBOLD estimate = 1.488


Trial 69: qplus Stimulus Selection
Stimulus: 0.670
Output value 1.352

Q+ parameters
slope: 0.234 semiSat: 0.560 beta: 0.969 sigma: 0.114 
maxBOLD estimate = 1.535


Trial 70: baseline Stimulus Selection
Stimulus: 0.010
Output value 0.355

Q+ parameters
slope: 0.234 semiSat: 0.560 beta: 0.875 sigma: 0.114 
maxBOLD estimate = 1.487


Trial 71: qplus Stimulus Selection
Stimulus: 0.711
Output value 1.382

Q+ parameters
slope: 0.298 semiSat: 0.560 beta: 1.062 sigma: 0.114 
maxBOLD estimate = 1.301


Trial 72: qplus Stimulus Selection
Stimulus: 0.505
Output value 0.648

Q+ parameters
slope: 0.234 semiSat: 0.560 beta: 1.031 sigma: 0.114 
maxBOLD estimate = 1.382


Trial 73: qplus Stimulus Selection
Stimulus: 0.505
Output value 0.267

Q+ parameters
slope: 0.234 semiSat: 0.560 beta: 1.031 sigma: 0.114 
maxBOLD estimate = 1.426


Trial 74: qplus Stimulus Selection
Stimulus: 0.670
Output value 1.516

Q+ parameters
slope: 0.234 semiSat: 0.560 beta: 1.031 sigma: 0.114 
maxBOLD estimate = 1.470


Trial 75: maxBOLD Stimulus Selection
Stimulus: 1.000
Output value 1.564

Q+ parameters
slope: 0.234 semiSat: 0.560 beta: 1.031 sigma: 0.114 
maxBOLD estimate = 1.516


Trial 76: qplus Stimulus Selection
Stimulus: 0.546
Output value 1.173

Q+ parameters
slope: 0.234 semiSat: 0.560 beta: 1.031 sigma: 0.114 
maxBOLD estimate = 1.564


Trial 77: qplus Stimulus Selection
Stimulus: 0.711
Output value 1.411

Q+ parameters
slope: 0.234 semiSat: 0.560 beta: 0.875 sigma: 0.114 
maxBOLD estimate = 1.612


Trial 78: qplus Stimulus Selection
Stimulus: 0.711
Output value 1.587

Q+ parameters
slope: 0.234 semiSat: 0.560 beta: 1.031 sigma: 0.114 
maxBOLD estimate = 1.411


Trial 79: qplus Stimulus Selection
Stimulus: 0.588
Output value 0.955

Q+ parameters
slope: 0.234 semiSat: 0.560 beta: 1.031 sigma: 0.114 
maxBOLD estimate = 1.455


Trial 80: baseline Stimulus Selection
Stimulus: 0.010
Output value 0.000

Q+ parameters
slope: 0.234 semiSat: 0.560 beta: 1.031 sigma: 0.114 
maxBOLD estimate = 1.500


Trial 81: qplus Stimulus Selection
Stimulus: 0.546
Output value 0.818

Q+ parameters
slope: 0.298 semiSat: 0.560 beta: 0.969 sigma: 0.114 
maxBOLD estimate = 1.547


Trial 82: qplus Stimulus Selection
Stimulus: 0.546
Output value 0.660

Q+ parameters
slope: 0.298 semiSat: 0.560 beta: 0.969 sigma: 0.114 
maxBOLD estimate = 1.499


Trial 83: qplus Stimulus Selection
Stimulus: 0.546
Output value 0.953

Q+ parameters
slope: 0.234 semiSat: 0.560 beta: 1.031 sigma: 0.114 
maxBOLD estimate = 1.452


Trial 84: qplus Stimulus Selection
Stimulus: 0.670
Output value 1.404

Q+ parameters
slope: 0.234 semiSat: 0.560 beta: 1.031 sigma: 0.114 
maxBOLD estimate = 1.497


Trial 85: maxBOLD Stimulus Selection
Stimulus: 1.000
Output value 1.632

Q+ parameters
slope: 0.298 semiSat: 0.560 beta: 0.969 sigma: 0.114 
maxBOLD estimate = 1.544


Trial 86: qplus Stimulus Selection
Stimulus: 0.546
Output value 0.982

Q+ parameters
slope: 0.234 semiSat: 0.560 beta: 1.031 sigma: 0.114 
maxBOLD estimate = 1.496


Trial 87: qplus Stimulus Selection
Stimulus: 0.670
Output value 1.736

Q+ parameters
slope: 0.234 semiSat: 0.560 beta: 1.031 sigma: 0.114 
maxBOLD estimate = 1.543


Trial 88: qplus Stimulus Selection
Stimulus: 0.546
Output value 0.420

Q+ parameters
slope: 0.298 semiSat: 0.560 beta: 0.969 sigma: 0.114 
maxBOLD estimate = 1.591


Trial 89: qplus Stimulus Selection
Stimulus: 0.711
Output value 1.734

Q+ parameters
slope: 0.234 semiSat: 0.560 beta: 1.031 sigma: 0.114 
maxBOLD estimate = 1.541


Trial 90: baseline Stimulus Selection
Stimulus: 0.010
Output value 0.379

Q+ parameters
slope: 0.234 semiSat: 0.560 beta: 0.875 sigma: 0.114 
maxBOLD estimate = 1.589


Trial 91: qplus Stimulus Selection
Stimulus: 0.711
Output value 1.565

Q+ parameters
slope: 0.234 semiSat: 0.560 beta: 1.031 sigma: 0.114 
maxBOLD estimate = 1.391


Trial 92: qplus Stimulus Selection
Stimulus: 0.588
Output value 1.210

Q+ parameters
slope: 0.234 semiSat: 0.560 beta: 1.031 sigma: 0.114 
maxBOLD estimate = 1.434


Trial 93: qplus Stimulus Selection
Stimulus: 0.670
Output value 1.664

Q+ parameters
slope: 0.234 semiSat: 0.560 beta: 1.031 sigma: 0.114 
maxBOLD estimate = 1.479


Trial 94: qplus Stimulus Selection
Stimulus: 0.670
Output value 1.430

Q+ parameters
slope: 0.234 semiSat: 0.560 beta: 1.031 sigma: 0.114 
maxBOLD estimate = 1.525


Trial 95: maxBOLD Stimulus Selection
Stimulus: 1.000
Output value 1.524

Q+ parameters
slope: 0.298 semiSat: 0.560 beta: 0.969 sigma: 0.114 
maxBOLD estimate = 1.573


Trial 96: qplus Stimulus Selection
Stimulus: 0.711
Output value 1.429

Q+ parameters
slope: 0.234 semiSat: 0.560 beta: 1.031 sigma: 0.114 
maxBOLD estimate = 1.524


Trial 97: qplus Stimulus Selection
Stimulus: 0.546
Output value 0.830

Q+ parameters
slope: 0.298 semiSat: 0.560 beta: 0.969 sigma: 0.114 
maxBOLD estimate = 1.571


Trial 98: qplus Stimulus Selection
Stimulus: 0.546
Output value 0.571

Q+ parameters
slope: 0.234 semiSat: 0.560 beta: 1.031 sigma: 0.114 
maxBOLD estimate = 1.522


Trial 99: qplus Stimulus Selection
Stimulus: 0.546
Output value 0.553

Q+ parameters
slope: 0.298 semiSat: 0.560 beta: 0.969 sigma: 0.114 
maxBOLD estimate = 1.570


Trial 100: baseline Stimulus Selection
Stimulus: 0.010
Output value -0.285

Q+ parameters
slope: 0.234 semiSat: 0.560 beta: 1.031 sigma: 0.114 
maxBOLD estimate = 1.521

--------------------------------------------------------------
FINAL VALUES
--------------------------------------------------------------
Simulated parameters:              slope: 0.200 semiSat: 0.570 beta: 1.000 sigma: 0.100 
Max posterior QUEST+ parameters:   slope: 0.234 semiSat: 0.560 beta: 1.031 sigma: 0.114 
Max BADS parameters:               slope: 0.234 semiSat: 0.559 beta: 1.000 sigma: 0.115 
maxBOLD estimate: 1.573
