/blue/stevenweisberg/stevenweisberg/MATLAB/projects/Weisberg_Aguirre_2020/scripts/run_sims
c0706a-s8.ufhpc
Tue Apr  6 21:47:37 EDT 2021
mkdir: cannot create directory ‘/blue/stevenweisberg/stevenweisberg/qpfMRIResults/model_parameter_set2/’: File exists
cp: cannot stat ‘/blue/stevenweisberg/stevenweisberg/qpfMRIResults/deploy_sim.sh’: No such file or directory
cp: cannot stat ‘/blue/stevenweisberg/stevenweisberg/qpfMRIResults/sim_wrapper.sh’: No such file or directory
------------------------------------------
Setting up environment variables
---
LD_LIBRARY_PATH is .:/apps/matlab/mcr/2020b/v99/runtime/glnxa64:/apps/matlab/mcr/2020b/v99/bin/glnxa64:/apps/matlab/mcr/2020b/v99/sys/os/glnxa64:/apps/matlab/mcr/2020b/v99/sys/opengl/lib/glnxa64
Warning: Executing startup failed in matlabrc.
This indicates a potentially serious problem in your MATLAB setup, which should be resolved as soon as possible.  Error detected was:
MATLAB:mpath:PathAlterationNotSupported
Modifying the search path is not supported by MATLAB Compiler. Remove functions that modify the search path from your MATLAB code. To make files visible to your deployed application, add the parent folder to your MATLAB session.
Warning: No stimulus domain specified. Defaulting to values between 0.01 and 1.
> In qpfmriParams (line 182)
In compiledSimulate (line 205)
Stimulus domain added from input.
Parameter slope specified as 0.20000
Parameter semiSat specified as 0.57000
Parameter beta specified as 1.00000
Parameter sigma specified as 0.05000
seed = 99seed = 104seed = 111seed = 111seed = 115seed = 101Initializing Q+. This may take a minute...
Elapsed time is 6.788458 seconds.
Simulated parameters:
slope: 0.200 semiSat: 0.570 beta: 1.000 sigma: 0.050 

Trial 1: baseline Stimulus Selection
Stimulus: 0.010
Output value 0.000

Q+ parameters
slope: 0.026 semiSat: 0.890 beta: 0.500 sigma: 0.010 
maxBOLD estimate = 1.000


Trial 2: maxBOLD Stimulus Selection
Stimulus: 1.000
Output value 1.364

Q+ parameters
slope: 0.055 semiSat: 0.670 beta: 1.250 sigma: 0.010 
maxBOLD estimate = 1.000


Trial 3: baseline Stimulus Selection
Stimulus: 0.010
Output value 0.000

Q+ parameters
slope: 0.055 semiSat: 0.670 beta: 1.125 sigma: 0.010 
maxBOLD estimate = 1.250


Trial 4: maxBOLD Stimulus Selection
Stimulus: 1.000
Output value 1.918

Q+ parameters
slope: 0.055 semiSat: 0.670 beta: 1.250 sigma: 0.062 
maxBOLD estimate = 1.406


Trial 5: baseline Stimulus Selection
Stimulus: 0.010
Output value 0.000

Q+ parameters
slope: 0.043 semiSat: 0.780 beta: 1.125 sigma: 0.062 
maxBOLD estimate = 1.758


Trial 6: maxBOLD Stimulus Selection
Stimulus: 1.000
Output value 1.820

Q+ parameters
slope: 0.043 semiSat: 0.780 beta: 1.125 sigma: 0.062 
maxBOLD estimate = 1.978


Trial 7: qplus Stimulus Selection
Stimulus: 0.670
Output value 0.910

Q+ parameters
slope: 0.070 semiSat: 0.560 beta: 0.750 sigma: 0.062 
maxBOLD estimate = 2.225


Trial 8: qplus Stimulus Selection
Stimulus: 0.505
Output value 0.265

Q+ parameters
slope: 0.234 semiSat: 0.560 beta: 0.875 sigma: 0.062 
maxBOLD estimate = 1.669


Trial 9: qplus Stimulus Selection
Stimulus: 0.629
Output value 1.157

Q+ parameters
slope: 0.234 semiSat: 0.560 beta: 0.969 sigma: 0.062 
maxBOLD estimate = 1.460


Trial 10: baseline Stimulus Selection
Stimulus: 0.010
Output value 0.000

Q+ parameters
slope: 0.298 semiSat: 0.560 beta: 1.062 sigma: 0.062 
maxBOLD estimate = 1.414


Trial 11: qplus Stimulus Selection
Stimulus: 0.505
Output value 0.265

Q+ parameters
slope: 0.234 semiSat: 0.560 beta: 0.969 sigma: 0.062 
maxBOLD estimate = 1.503


Trial 12: qplus Stimulus Selection
Stimulus: 0.588
Output value 0.769

Q+ parameters
slope: 0.234 semiSat: 0.560 beta: 0.969 sigma: 0.062 
maxBOLD estimate = 1.456


Trial 13: qplus Stimulus Selection
Stimulus: 0.505
Output value 0.545

Q+ parameters
slope: 0.183 semiSat: 0.560 beta: 1.062 sigma: 0.062 
maxBOLD estimate = 1.410


Trial 14: qplus Stimulus Selection
Stimulus: 0.629
Output value 1.188

Q+ parameters
slope: 0.234 semiSat: 0.560 beta: 0.969 sigma: 0.062 
maxBOLD estimate = 1.498


Trial 15: maxBOLD Stimulus Selection
Stimulus: 1.000
Output value 1.782

Q+ parameters
slope: 0.183 semiSat: 0.560 beta: 1.125 sigma: 0.062 
maxBOLD estimate = 1.452


Trial 16: qplus Stimulus Selection
Stimulus: 0.423
Output value 0.130

Q+ parameters
slope: 0.298 semiSat: 0.560 beta: 0.875 sigma: 0.062 
maxBOLD estimate = 1.633


Trial 17: qplus Stimulus Selection
Stimulus: 0.670
Output value 1.380

Q+ parameters
slope: 0.183 semiSat: 0.560 beta: 1.062 sigma: 0.062 
maxBOLD estimate = 1.429


Trial 18: qplus Stimulus Selection
Stimulus: 0.588
Output value 0.966

Q+ parameters
slope: 0.183 semiSat: 0.560 beta: 1.000 sigma: 0.062 
maxBOLD estimate = 1.518


Trial 19: qplus Stimulus Selection
Stimulus: 0.711
Output value 1.566

Q+ parameters
slope: 0.183 semiSat: 0.560 beta: 1.031 sigma: 0.062 
maxBOLD estimate = 1.518


Trial 20: baseline Stimulus Selection
Stimulus: 0.010
Output value 0.000

Q+ parameters
slope: 0.144 semiSat: 0.560 beta: 0.969 sigma: 0.062 
maxBOLD estimate = 1.566


Trial 21: qplus Stimulus Selection
Stimulus: 0.629
Output value 1.280

Q+ parameters
slope: 0.183 semiSat: 0.560 beta: 1.031 sigma: 0.062 
maxBOLD estimate = 1.517


Trial 22: qplus Stimulus Selection
Stimulus: 0.505
Output value 0.413

Q+ parameters
slope: 0.144 semiSat: 0.560 beta: 0.969 sigma: 0.062 
maxBOLD estimate = 1.564


Trial 23: qplus Stimulus Selection
Stimulus: 0.588
Output value 0.852

Q+ parameters
slope: 0.183 semiSat: 0.560 beta: 1.031 sigma: 0.062 
maxBOLD estimate = 1.515


Trial 24: qplus Stimulus Selection
Stimulus: 0.711
Output value 1.239

Q+ parameters
slope: 0.144 semiSat: 0.560 beta: 0.969 sigma: 0.062 
maxBOLD estimate = 1.563


Trial 25: maxBOLD Stimulus Selection
Stimulus: 1.000
Output value 1.376

Q+ parameters
slope: 0.183 semiSat: 0.560 beta: 1.000 sigma: 0.062 
maxBOLD estimate = 1.514


Trial 26: qplus Stimulus Selection
Stimulus: 0.670
Output value 1.376

Q+ parameters
slope: 0.183 semiSat: 0.560 beta: 1.000 sigma: 0.062 
maxBOLD estimate = 1.514


Trial 27: qplus Stimulus Selection
Stimulus: 0.711
Output value 1.514

Q+ parameters
slope: 0.183 semiSat: 0.560 beta: 1.000 sigma: 0.062 
maxBOLD estimate = 1.514


Trial 28: qplus Stimulus Selection
Stimulus: 0.711
Output value 1.561

Q+ parameters
slope: 0.183 semiSat: 0.560 beta: 1.031 sigma: 0.062 
maxBOLD estimate = 1.514


Trial 29: qplus Stimulus Selection
Stimulus: 0.711
Output value 1.650

Q+ parameters
slope: 0.144 semiSat: 0.560 beta: 0.969 sigma: 0.062 
maxBOLD estimate = 1.561


Trial 30: baseline Stimulus Selection
Stimulus: 0.010
Output value 0.133

Q+ parameters
slope: 0.144 semiSat: 0.560 beta: 0.969 sigma: 0.062 
maxBOLD estimate = 1.512


Trial 31: qplus Stimulus Selection
Stimulus: 0.629
Output value 1.199

Q+ parameters
slope: 0.234 semiSat: 0.560 beta: 1.000 sigma: 0.062 
maxBOLD estimate = 1.465


Trial 32: qplus Stimulus Selection
Stimulus: 0.546
Output value 0.799

Q+ parameters
slope: 0.234 semiSat: 0.560 beta: 1.000 sigma: 0.062 
maxBOLD estimate = 1.465


Trial 33: qplus Stimulus Selection
Stimulus: 0.505
Output value 0.266

Q+ parameters
slope: 0.234 semiSat: 0.560 beta: 1.000 sigma: 0.062 
maxBOLD estimate = 1.465


Trial 34: qplus Stimulus Selection
Stimulus: 0.546
Output value 0.516

Q+ parameters
slope: 0.298 semiSat: 0.560 beta: 0.969 sigma: 0.062 
maxBOLD estimate = 1.465


Trial 35: maxBOLD Stimulus Selection
Stimulus: 1.000
Output value 1.645

Q+ parameters
slope: 0.183 semiSat: 0.560 beta: 1.062 sigma: 0.062 
maxBOLD estimate = 1.419


Trial 36: qplus Stimulus Selection
Stimulus: 0.423
Output value 0.137

Q+ parameters
slope: 0.183 semiSat: 0.560 beta: 1.000 sigma: 0.062 
maxBOLD estimate = 1.508


Trial 37: qplus Stimulus Selection
Stimulus: 0.711
Output value 1.555

Q+ parameters
slope: 0.183 semiSat: 0.560 beta: 1.031 sigma: 0.062 
maxBOLD estimate = 1.508


Trial 38: qplus Stimulus Selection
Stimulus: 0.711
Output value 1.507

Q+ parameters
slope: 0.144 semiSat: 0.560 beta: 0.969 sigma: 0.062 
maxBOLD estimate = 1.555


Trial 39: qplus Stimulus Selection
Stimulus: 0.588
Output value 0.847

Q+ parameters
slope: 0.183 semiSat: 0.560 beta: 1.031 sigma: 0.062 
maxBOLD estimate = 1.507


Trial 40: baseline Stimulus Selection
Stimulus: 0.010
Output value -0.137

Q+ parameters
slope: 0.144 semiSat: 0.560 beta: 0.969 sigma: 0.062 
maxBOLD estimate = 1.554


Trial 41: qplus Stimulus Selection
Stimulus: 0.588
Output value 1.129

Q+ parameters
slope: 0.183 semiSat: 0.560 beta: 1.031 sigma: 0.062 
maxBOLD estimate = 1.505


Trial 42: qplus Stimulus Selection
Stimulus: 0.505
Output value 0.273

Q+ parameters
slope: 0.144 semiSat: 0.560 beta: 0.969 sigma: 0.062 
maxBOLD estimate = 1.552


Trial 43: qplus Stimulus Selection
Stimulus: 0.381
Output value 0.141

Q+ parameters
slope: 0.183 semiSat: 0.560 beta: 1.031 sigma: 0.062 
maxBOLD estimate = 1.504


Trial 44: qplus Stimulus Selection
Stimulus: 0.505
Output value 0.410

Q+ parameters
slope: 0.144 semiSat: 0.560 beta: 0.969 sigma: 0.062 
maxBOLD estimate = 1.551


Trial 45: maxBOLD Stimulus Selection
Stimulus: 1.000
Output value 1.690

Q+ parameters
slope: 0.183 semiSat: 0.560 beta: 1.031 sigma: 0.062 
maxBOLD estimate = 1.502


Trial 46: qplus Stimulus Selection
Stimulus: 0.794
Output value 1.501

Q+ parameters
slope: 0.144 semiSat: 0.560 beta: 0.969 sigma: 0.062 
maxBOLD estimate = 1.549


Trial 47: qplus Stimulus Selection
Stimulus: 0.588
Output value 1.266

Q+ parameters
slope: 0.183 semiSat: 0.560 beta: 1.031 sigma: 0.062 
maxBOLD estimate = 1.501


Trial 48: qplus Stimulus Selection
Stimulus: 0.794
Output value 1.363

Q+ parameters
slope: 0.144 semiSat: 0.560 beta: 0.969 sigma: 0.062 
maxBOLD estimate = 1.548


Trial 49: qplus Stimulus Selection
Stimulus: 0.670
Output value 1.265

Q+ parameters
slope: 0.183 semiSat: 0.560 beta: 1.031 sigma: 0.062 
maxBOLD estimate = 1.499


Trial 50: baseline Stimulus Selection
Stimulus: 0.010
Output value 0.000

Q+ parameters
slope: 0.183 semiSat: 0.560 beta: 1.031 sigma: 0.062 
maxBOLD estimate = 1.546


Trial 51: qplus Stimulus Selection
Stimulus: 0.629
Output value 1.123

Q+ parameters
slope: 0.144 semiSat: 0.560 beta: 0.969 sigma: 0.062 
maxBOLD estimate = 1.594


Trial 52: qplus Stimulus Selection
Stimulus: 0.588
Output value 0.724

Q+ parameters
slope: 0.183 semiSat: 0.560 beta: 1.031 sigma: 0.062 
maxBOLD estimate = 1.545


Trial 53: qplus Stimulus Selection
Stimulus: 0.711
Output value 1.262

Q+ parameters
slope: 0.144 semiSat: 0.560 beta: 0.969 sigma: 0.062 
maxBOLD estimate = 1.593


Trial 54: qplus Stimulus Selection
Stimulus: 0.381
Output value 0.000

Q+ parameters
slope: 0.183 semiSat: 0.560 beta: 1.031 sigma: 0.062 
maxBOLD estimate = 1.543


Trial 55: maxBOLD Stimulus Selection
Stimulus: 1.000
Output value 1.401

Q+ parameters
slope: 0.144 semiSat: 0.560 beta: 0.969 sigma: 0.062 
maxBOLD estimate = 1.591


Trial 56: qplus Stimulus Selection
Stimulus: 0.381
Output value 0.000

Q+ parameters
slope: 0.183 semiSat: 0.560 beta: 1.031 sigma: 0.062 
maxBOLD estimate = 1.541


Trial 57: qplus Stimulus Selection
Stimulus: 0.711
Output value 1.680

Q+ parameters
slope: 0.144 semiSat: 0.560 beta: 0.969 sigma: 0.062 
maxBOLD estimate = 1.590


Trial 58: qplus Stimulus Selection
Stimulus: 0.381
Output value 0.144

Q+ parameters
slope: 0.183 semiSat: 0.560 beta: 1.031 sigma: 0.062 
maxBOLD estimate = 1.540


Trial 59: qplus Stimulus Selection
Stimulus: 0.711
Output value 1.259

Q+ parameters
slope: 0.144 semiSat: 0.560 beta: 0.969 sigma: 0.062 
maxBOLD estimate = 1.588


Trial 60: baseline Stimulus Selection
Stimulus: 0.010
Output value 0.000

Q+ parameters
slope: 0.183 semiSat: 0.560 beta: 1.031 sigma: 0.062 
maxBOLD estimate = 1.538


Trial 61: qplus Stimulus Selection
Stimulus: 0.711
Output value 1.397

Q+ parameters
slope: 0.144 semiSat: 0.560 beta: 0.969 sigma: 0.062 
maxBOLD estimate = 1.587


Trial 62: qplus Stimulus Selection
Stimulus: 0.381
Output value -0.144

Q+ parameters
slope: 0.183 semiSat: 0.560 beta: 1.031 sigma: 0.062 
maxBOLD estimate = 1.537


Trial 63: qplus Stimulus Selection
Stimulus: 0.711
Output value 1.675

Q+ parameters
slope: 0.144 semiSat: 0.560 beta: 0.969 sigma: 0.062 
maxBOLD estimate = 1.585


Trial 64: qplus Stimulus Selection
Stimulus: 0.381
Output value 0.144

Q+ parameters
slope: 0.183 semiSat: 0.560 beta: 1.031 sigma: 0.062 
maxBOLD estimate = 1.535


Trial 65: maxBOLD Stimulus Selection
Stimulus: 1.000
Output value 1.534

Q+ parameters
slope: 0.144 semiSat: 0.560 beta: 0.969 sigma: 0.062 
maxBOLD estimate = 1.583


Trial 66: qplus Stimulus Selection
Stimulus: 0.588
Output value 1.007

Q+ parameters
slope: 0.183 semiSat: 0.560 beta: 1.031 sigma: 0.062 
maxBOLD estimate = 1.534


Trial 67: qplus Stimulus Selection
Stimulus: 0.794
Output value 1.672

Q+ parameters
slope: 0.144 semiSat: 0.560 beta: 0.969 sigma: 0.062 
maxBOLD estimate = 1.582


Trial 68: qplus Stimulus Selection
Stimulus: 0.588
Output value 1.149

Q+ parameters
slope: 0.183 semiSat: 0.560 beta: 1.031 sigma: 0.062 
maxBOLD estimate = 1.532


Trial 69: qplus Stimulus Selection
Stimulus: 0.711
Output value 1.531

Q+ parameters
slope: 0.144 semiSat: 0.560 beta: 0.969 sigma: 0.062 
maxBOLD estimate = 1.580


Trial 70: baseline Stimulus Selection
Stimulus: 0.010
Output value 0.144

Q+ parameters
slope: 0.183 semiSat: 0.560 beta: 1.031 sigma: 0.062 
maxBOLD estimate = 1.531


Trial 71: qplus Stimulus Selection
Stimulus: 0.505
Output value 0.417

Q+ parameters
slope: 0.144 semiSat: 0.560 beta: 0.969 sigma: 0.062 
maxBOLD estimate = 1.579


Trial 72: qplus Stimulus Selection
Stimulus: 0.381
Output value 0.287

Q+ parameters
slope: 0.183 semiSat: 0.560 beta: 1.031 sigma: 0.062 
maxBOLD estimate = 1.529


Trial 73: qplus Stimulus Selection
Stimulus: 0.505
Output value 0.417

Q+ parameters
slope: 0.144 semiSat: 0.560 beta: 0.969 sigma: 0.062 
maxBOLD estimate = 1.577


Trial 74: qplus Stimulus Selection
Stimulus: 0.588
Output value 0.859

Q+ parameters
slope: 0.183 semiSat: 0.560 beta: 1.031 sigma: 0.062 
maxBOLD estimate = 1.528


Trial 75: maxBOLD Stimulus Selection
Stimulus: 1.000
Output value 1.388

Q+ parameters
slope: 0.144 semiSat: 0.560 beta: 0.969 sigma: 0.062 
maxBOLD estimate = 1.576


Trial 76: qplus Stimulus Selection
Stimulus: 0.381
Output value 0.143

Q+ parameters
slope: 0.183 semiSat: 0.560 beta: 1.031 sigma: 0.062 
maxBOLD estimate = 1.527


Trial 77: qplus Stimulus Selection
Stimulus: 0.505
Output value 0.277

Q+ parameters
slope: 0.144 semiSat: 0.560 beta: 0.969 sigma: 0.062 
maxBOLD estimate = 1.574


Trial 78: qplus Stimulus Selection
Stimulus: 0.381
Output value 0.000

Q+ parameters
slope: 0.183 semiSat: 0.560 beta: 1.031 sigma: 0.062 
maxBOLD estimate = 1.525


Trial 79: qplus Stimulus Selection
Stimulus: 0.505
Output value 0.416

Q+ parameters
slope: 0.144 semiSat: 0.560 beta: 0.969 sigma: 0.062 
maxBOLD estimate = 1.573


Trial 80: baseline Stimulus Selection
Stimulus: 0.010
Output value 0.143

Q+ parameters
slope: 0.183 semiSat: 0.560 beta: 1.031 sigma: 0.062 
maxBOLD estimate = 1.524


Trial 81: qplus Stimulus Selection
Stimulus: 0.711
Output value 1.607

Q+ parameters
slope: 0.183 semiSat: 0.560 beta: 0.938 sigma: 0.062 
maxBOLD estimate = 1.571


Trial 82: qplus Stimulus Selection
Stimulus: 0.381
Output value 0.138

Q+ parameters
slope: 0.183 semiSat: 0.560 beta: 1.031 sigma: 0.062 
maxBOLD estimate = 1.473


Trial 83: qplus Stimulus Selection
Stimulus: 0.794
Output value 1.566

Q+ parameters
slope: 0.183 semiSat: 0.560 beta: 1.031 sigma: 0.062 
maxBOLD estimate = 1.519


Trial 84: qplus Stimulus Selection
Stimulus: 0.711
Output value 1.242

Q+ parameters
slope: 0.144 semiSat: 0.560 beta: 0.969 sigma: 0.062 
maxBOLD estimate = 1.566


Trial 85: maxBOLD Stimulus Selection
Stimulus: 1.000
Output value 1.707

Q+ parameters
slope: 0.183 semiSat: 0.560 beta: 1.031 sigma: 0.062 
maxBOLD estimate = 1.517


Trial 86: qplus Stimulus Selection
Stimulus: 0.711
Output value 1.240

Q+ parameters
slope: 0.144 semiSat: 0.560 beta: 0.969 sigma: 0.062 
maxBOLD estimate = 1.565


Trial 87: qplus Stimulus Selection
Stimulus: 0.381
Output value 0.000

Q+ parameters
slope: 0.183 semiSat: 0.560 beta: 1.031 sigma: 0.062 
maxBOLD estimate = 1.516


Trial 88: qplus Stimulus Selection
Stimulus: 0.629
Output value 1.101

Q+ parameters
slope: 0.144 semiSat: 0.560 beta: 0.969 sigma: 0.062 
maxBOLD estimate = 1.563


Trial 89: qplus Stimulus Selection
Stimulus: 0.381
Output value -0.142

Q+ parameters
slope: 0.183 semiSat: 0.560 beta: 1.031 sigma: 0.062 
maxBOLD estimate = 1.515


Trial 90: baseline Stimulus Selection
Stimulus: 0.010
Output value -0.138

Q+ parameters
slope: 0.144 semiSat: 0.560 beta: 0.969 sigma: 0.062 
maxBOLD estimate = 1.562


Trial 91: qplus Stimulus Selection
Stimulus: 0.381
Output value -0.142

Q+ parameters
slope: 0.183 semiSat: 0.560 beta: 1.031 sigma: 0.062 
maxBOLD estimate = 1.513


Trial 92: qplus Stimulus Selection
Stimulus: 0.711
Output value 1.237

Q+ parameters
slope: 0.144 semiSat: 0.560 beta: 0.969 sigma: 0.062 
maxBOLD estimate = 1.560


Trial 93: qplus Stimulus Selection
Stimulus: 0.381
Output value 0.000

Q+ parameters
slope: 0.183 semiSat: 0.560 beta: 1.031 sigma: 0.062 
maxBOLD estimate = 1.512


Trial 94: qplus Stimulus Selection
Stimulus: 0.711
Output value 1.236

Q+ parameters
slope: 0.183 semiSat: 0.560 beta: 0.969 sigma: 0.062 
maxBOLD estimate = 1.559


Trial 95: maxBOLD Stimulus Selection
Stimulus: 1.000
Output value 1.236

Q+ parameters
slope: 0.183 semiSat: 0.560 beta: 1.000 sigma: 0.062 
maxBOLD estimate = 1.510


Trial 96: qplus Stimulus Selection
Stimulus: 0.629
Output value 1.236

Q+ parameters
slope: 0.183 semiSat: 0.560 beta: 1.000 sigma: 0.062 
maxBOLD estimate = 1.510


Trial 97: qplus Stimulus Selection
Stimulus: 0.711
Output value 1.373

Q+ parameters
slope: 0.183 semiSat: 0.560 beta: 1.000 sigma: 0.062 
maxBOLD estimate = 1.510


Trial 98: qplus Stimulus Selection
Stimulus: 0.629
Output value 0.931

Q+ parameters
slope: 0.183 semiSat: 0.560 beta: 0.969 sigma: 0.062 
maxBOLD estimate = 1.510


Trial 99: qplus Stimulus Selection
Stimulus: 0.629
Output value 1.130

Q+ parameters
slope: 0.183 semiSat: 0.560 beta: 1.062 sigma: 0.062 
maxBOLD estimate = 1.463


Trial 100: baseline Stimulus Selection
Stimulus: 0.010
Output value -0.274

Q+ parameters
slope: 0.183 semiSat: 0.560 beta: 0.969 sigma: 0.062 
maxBOLD estimate = 1.554

--------------------------------------------------------------
FINAL VALUES
--------------------------------------------------------------
Simulated parameters:              slope: 0.200 semiSat: 0.570 beta: 1.000 sigma: 0.050 
Max posterior QUEST+ parameters:   slope: 0.183 semiSat: 0.560 beta: 0.969 sigma: 0.062 
Max BADS parameters:               slope: 0.171 semiSat: 0.563 beta: 1.000 sigma: 0.055 
maxBOLD estimate: 1.543
