/blue/stevenweisberg/stevenweisberg/MATLAB/projects/Weisberg_Aguirre_2020/scripts/run_sims
c0704a-s2.ufhpc
Wed Apr  7 09:26:57 EDT 2021
mkdir: cannot create directory ‘/blue/stevenweisberg/stevenweisberg/qpfMRIResults/model_parameter_set2/’: File exists
cp: cannot stat ‘/blue/stevenweisberg/stevenweisberg/qpfMRIResults/deploy_sim.sh’: No such file or directory
cp: cannot stat ‘/blue/stevenweisberg/stevenweisberg/qpfMRIResults/sim_wrapper.sh’: No such file or directory
------------------------------------------
Setting up environment variables
---
LD_LIBRARY_PATH is .:/apps/matlab/mcr/2020b/v99/runtime/glnxa64:/apps/matlab/mcr/2020b/v99/bin/glnxa64:/apps/matlab/mcr/2020b/v99/sys/os/glnxa64:/apps/matlab/mcr/2020b/v99/sys/opengl/lib/glnxa64
Warning: Executing startup failed in matlabrc.
This indicates a potentially serious problem in your MATLAB setup, which should be resolved as soon as possible.  Error detected was:
MATLAB:mpath:PathAlterationNotSupported
Modifying the search path is not supported by MATLAB Compiler. Remove functions that modify the search path from your MATLAB code. To make files visible to your deployed application, add the parent folder to your MATLAB session.
Warning: No stimulus domain specified. Defaulting to values between 0.01 and 1.
> In qpfmriParams (line 182)
In compiledSimulate (line 205)
Stimulus domain added from input.
Parameter slope specified as 0.20000
Parameter semiSat specified as 0.57000
Parameter beta specified as 1.00000
Parameter sigma specified as 0.10000
seed = 99seed = 104seed = 111seed = 111seed = 115seed = 101Initializing Q+. This may take a minute...
Elapsed time is 7.247913 seconds.
Simulated parameters:
slope: 0.200 semiSat: 0.570 beta: 1.000 sigma: 0.100 

Trial 1: baseline Stimulus Selection
Stimulus: 0.010
Output value 0.000

Q+ parameters
slope: 0.026 semiSat: 0.890 beta: 0.500 sigma: 0.010 
maxBOLD estimate = 1.000


Trial 2: maxBOLD Stimulus Selection
Stimulus: 1.000
Output value 1.364

Q+ parameters
slope: 0.055 semiSat: 0.670 beta: 1.250 sigma: 0.010 
maxBOLD estimate = 1.000


Trial 3: baseline Stimulus Selection
Stimulus: 0.010
Output value 0.142

Q+ parameters
slope: 0.055 semiSat: 0.670 beta: 1.250 sigma: 0.062 
maxBOLD estimate = 1.250


Trial 4: maxBOLD Stimulus Selection
Stimulus: 1.000
Output value 2.131

Q+ parameters
slope: 0.055 semiSat: 0.670 beta: 1.250 sigma: 0.010 
maxBOLD estimate = 1.562


Trial 5: baseline Stimulus Selection
Stimulus: 0.010
Output value 0.200

Q+ parameters
slope: 0.043 semiSat: 0.780 beta: 1.125 sigma: 0.062 
maxBOLD estimate = 1.953


Trial 6: maxBOLD Stimulus Selection
Stimulus: 1.000
Output value 1.355

Q+ parameters
slope: 0.043 semiSat: 0.780 beta: 0.969 sigma: 0.062 
maxBOLD estimate = 2.197


Trial 7: qplus Stimulus Selection
Stimulus: 0.670
Output value 0.750

Q+ parameters
slope: 0.043 semiSat: 0.780 beta: 0.969 sigma: 0.062 
maxBOLD estimate = 2.129


Trial 8: qplus Stimulus Selection
Stimulus: 0.711
Output value 0.984

Q+ parameters
slope: 0.089 semiSat: 0.560 beta: 0.750 sigma: 0.062 
maxBOLD estimate = 2.062


Trial 9: qplus Stimulus Selection
Stimulus: 0.588
Output value 0.896

Q+ parameters
slope: 0.070 semiSat: 0.560 beta: 1.062 sigma: 0.062 
maxBOLD estimate = 1.547


Trial 10: baseline Stimulus Selection
Stimulus: 0.010
Output value 0.154

Q+ parameters
slope: 0.183 semiSat: 0.670 beta: 1.031 sigma: 0.062 
maxBOLD estimate = 1.643


Trial 11: qplus Stimulus Selection
Stimulus: 0.588
Output value 0.385

Q+ parameters
slope: 0.144 semiSat: 0.670 beta: 1.250 sigma: 0.062 
maxBOLD estimate = 1.695


Trial 12: qplus Stimulus Selection
Stimulus: 0.753
Output value 1.011

Q+ parameters
slope: 0.089 semiSat: 0.670 beta: 0.875 sigma: 0.062 
maxBOLD estimate = 2.118


Trial 13: qplus Stimulus Selection
Stimulus: 0.505
Output value 0.163

Q+ parameters
slope: 0.113 semiSat: 0.670 beta: 0.969 sigma: 0.062 
maxBOLD estimate = 1.853


Trial 14: qplus Stimulus Selection
Stimulus: 0.588
Output value 1.071

Q+ parameters
slope: 0.089 semiSat: 0.560 beta: 0.938 sigma: 0.062 
maxBOLD estimate = 1.796


Trial 15: maxBOLD Stimulus Selection
Stimulus: 1.000
Output value 2.295

Q+ parameters
slope: 0.070 semiSat: 0.670 beta: 1.250 sigma: 0.062 
maxBOLD estimate = 1.683


Trial 16: qplus Stimulus Selection
Stimulus: 0.546
Output value 0.765

Q+ parameters
slope: 0.055 semiSat: 0.670 beta: 1.000 sigma: 0.062 
maxBOLD estimate = 2.104


Trial 17: qplus Stimulus Selection
Stimulus: 0.670
Output value 1.530

Q+ parameters
slope: 0.055 semiSat: 0.670 beta: 1.000 sigma: 0.062 
maxBOLD estimate = 2.104


Trial 18: qplus Stimulus Selection
Stimulus: 0.340
Output value -0.287

Q+ parameters
slope: 0.183 semiSat: 0.560 beta: 0.750 sigma: 0.062 
maxBOLD estimate = 2.104


Trial 19: qplus Stimulus Selection
Stimulus: 0.711
Output value 2.367

Q+ parameters
slope: 0.089 semiSat: 0.670 beta: 1.500 sigma: 0.062 
maxBOLD estimate = 1.578


Trial 20: baseline Stimulus Selection
Stimulus: 0.010
Output value 0.000

Q+ parameters
slope: 0.089 semiSat: 0.560 beta: 0.750 sigma: 0.062 
maxBOLD estimate = 2.367


Trial 21: qplus Stimulus Selection
Stimulus: 0.629
Output value 0.403

Q+ parameters
slope: 0.113 semiSat: 0.670 beta: 1.250 sigma: 0.114 
maxBOLD estimate = 1.775


Trial 22: qplus Stimulus Selection
Stimulus: 0.546
Output value 0.908

Q+ parameters
slope: 0.089 semiSat: 0.560 beta: 0.750 sigma: 0.062 
maxBOLD estimate = 2.219


Trial 23: qplus Stimulus Selection
Stimulus: 0.959
Output value 1.324

Q+ parameters
slope: 0.055 semiSat: 0.670 beta: 1.250 sigma: 0.114 
maxBOLD estimate = 1.664


Trial 24: qplus Stimulus Selection
Stimulus: 0.753
Output value 0.851

Q+ parameters
slope: 0.089 semiSat: 0.560 beta: 0.750 sigma: 0.062 
maxBOLD estimate = 2.080


Trial 25: maxBOLD Stimulus Selection
Stimulus: 1.000
Output value 1.317

Q+ parameters
slope: 0.089 semiSat: 0.560 beta: 1.031 sigma: 0.114 
maxBOLD estimate = 1.560


Trial 26: qplus Stimulus Selection
Stimulus: 0.423
Output value -0.256

Q+ parameters
slope: 0.144 semiSat: 0.560 beta: 0.875 sigma: 0.114 
maxBOLD estimate = 1.609


Trial 27: qplus Stimulus Selection
Stimulus: 0.629
Output value 1.056

Q+ parameters
slope: 0.144 semiSat: 0.560 beta: 1.031 sigma: 0.114 
maxBOLD estimate = 1.408


Trial 28: qplus Stimulus Selection
Stimulus: 0.505
Output value -0.396

Q+ parameters
slope: 0.113 semiSat: 0.670 beta: 1.500 sigma: 0.166 
maxBOLD estimate = 1.452


Trial 29: qplus Stimulus Selection
Stimulus: 0.629
Output value 0.742

Q+ parameters
slope: 0.089 semiSat: 0.560 beta: 0.750 sigma: 0.114 
maxBOLD estimate = 2.178


Trial 30: baseline Stimulus Selection
Stimulus: 0.010
Output value -0.260

Q+ parameters
slope: 0.144 semiSat: 0.560 beta: 0.875 sigma: 0.114 
maxBOLD estimate = 1.633


Trial 31: qplus Stimulus Selection
Stimulus: 0.546
Output value -0.390

Q+ parameters
slope: 0.113 semiSat: 0.670 beta: 1.500 sigma: 0.166 
maxBOLD estimate = 1.429


Trial 32: qplus Stimulus Selection
Stimulus: 0.588
Output value 0.585

Q+ parameters
slope: 0.183 semiSat: 0.560 beta: 0.750 sigma: 0.114 
maxBOLD estimate = 2.144


Trial 33: qplus Stimulus Selection
Stimulus: 0.711
Output value 0.895

Q+ parameters
slope: 0.144 semiSat: 0.560 beta: 0.875 sigma: 0.114 
maxBOLD estimate = 1.608


Trial 34: qplus Stimulus Selection
Stimulus: 0.794
Output value 1.319

Q+ parameters
slope: 0.144 semiSat: 0.560 beta: 1.031 sigma: 0.114 
maxBOLD estimate = 1.407


Trial 35: maxBOLD Stimulus Selection
Stimulus: 1.000
Output value 1.022

Q+ parameters
slope: 0.144 semiSat: 0.560 beta: 0.969 sigma: 0.114 
maxBOLD estimate = 1.451


Trial 36: qplus Stimulus Selection
Stimulus: 0.629
Output value 0.990

Q+ parameters
slope: 0.144 semiSat: 0.560 beta: 0.969 sigma: 0.114 
maxBOLD estimate = 1.406


Trial 37: qplus Stimulus Selection
Stimulus: 0.505
Output value 0.000

Q+ parameters
slope: 0.234 semiSat: 0.560 beta: 1.000 sigma: 0.114 
maxBOLD estimate = 1.362


Trial 38: qplus Stimulus Selection
Stimulus: 0.505
Output value 0.894

Q+ parameters
slope: 0.144 semiSat: 0.560 beta: 1.031 sigma: 0.114 
maxBOLD estimate = 1.362


Trial 39: qplus Stimulus Selection
Stimulus: 0.505
Output value 1.053

Q+ parameters
slope: 0.144 semiSat: 0.560 beta: 1.031 sigma: 0.114 
maxBOLD estimate = 1.404


Trial 40: baseline Stimulus Selection
Stimulus: 0.010
Output value 0.255

Q+ parameters
slope: 0.144 semiSat: 0.560 beta: 0.969 sigma: 0.114 
maxBOLD estimate = 1.448


Trial 41: qplus Stimulus Selection
Stimulus: 0.794
Output value 2.296

Q+ parameters
slope: 0.089 semiSat: 0.670 beta: 1.500 sigma: 0.114 
maxBOLD estimate = 1.403


Trial 42: qplus Stimulus Selection
Stimulus: 0.588
Output value 0.502

Q+ parameters
slope: 0.089 semiSat: 0.670 beta: 0.875 sigma: 0.114 
maxBOLD estimate = 2.104


Trial 43: qplus Stimulus Selection
Stimulus: 0.588
Output value 0.628

Q+ parameters
slope: 0.183 semiSat: 0.560 beta: 0.750 sigma: 0.114 
maxBOLD estimate = 1.841


Trial 44: qplus Stimulus Selection
Stimulus: 0.711
Output value 1.095

Q+ parameters
slope: 0.144 semiSat: 0.560 beta: 0.969 sigma: 0.114 
maxBOLD estimate = 1.381


Trial 45: maxBOLD Stimulus Selection
Stimulus: 1.000
Output value 1.060

Q+ parameters
slope: 0.144 semiSat: 0.560 beta: 0.969 sigma: 0.114 
maxBOLD estimate = 1.338


Trial 46: qplus Stimulus Selection
Stimulus: 0.588
Output value 1.336

Q+ parameters
slope: 0.144 semiSat: 0.560 beta: 1.031 sigma: 0.114 
maxBOLD estimate = 1.296


Trial 47: qplus Stimulus Selection
Stimulus: 0.505
Output value -0.235

Q+ parameters
slope: 0.144 semiSat: 0.560 beta: 0.969 sigma: 0.114 
maxBOLD estimate = 1.336


Trial 48: qplus Stimulus Selection
Stimulus: 0.629
Output value 0.824

Q+ parameters
slope: 0.234 semiSat: 0.560 beta: 1.000 sigma: 0.114 
maxBOLD estimate = 1.295


Trial 49: qplus Stimulus Selection
Stimulus: 0.629
Output value 0.625

Q+ parameters
slope: 0.183 semiSat: 0.560 beta: 1.062 sigma: 0.166 
maxBOLD estimate = 1.295


Trial 50: baseline Stimulus Selection
Stimulus: 0.010
Output value -0.121

Q+ parameters
slope: 0.144 semiSat: 0.560 beta: 0.969 sigma: 0.114 
maxBOLD estimate = 1.376


Trial 51: qplus Stimulus Selection
Stimulus: 0.629
Output value 1.287

Q+ parameters
slope: 0.183 semiSat: 0.560 beta: 1.062 sigma: 0.114 
maxBOLD estimate = 1.333


Trial 52: qplus Stimulus Selection
Stimulus: 0.505
Output value 0.623

Q+ parameters
slope: 0.144 semiSat: 0.560 beta: 0.969 sigma: 0.114 
maxBOLD estimate = 1.416


Trial 53: qplus Stimulus Selection
Stimulus: 0.588
Output value 0.725

Q+ parameters
slope: 0.144 semiSat: 0.560 beta: 0.969 sigma: 0.114 
maxBOLD estimate = 1.372


Trial 54: qplus Stimulus Selection
Stimulus: 0.588
Output value 1.027

Q+ parameters
slope: 0.183 semiSat: 0.560 beta: 1.062 sigma: 0.114 
maxBOLD estimate = 1.329


Trial 55: maxBOLD Stimulus Selection
Stimulus: 1.000
Output value 1.492

Q+ parameters
slope: 0.144 semiSat: 0.560 beta: 0.969 sigma: 0.114 
maxBOLD estimate = 1.412


Trial 56: qplus Stimulus Selection
Stimulus: 0.588
Output value 0.602

Q+ parameters
slope: 0.144 semiSat: 0.560 beta: 0.969 sigma: 0.114 
maxBOLD estimate = 1.368


Trial 57: qplus Stimulus Selection
Stimulus: 0.505
Output value 0.640

Q+ parameters
slope: 0.183 semiSat: 0.560 beta: 1.062 sigma: 0.114 
maxBOLD estimate = 1.325


Trial 58: qplus Stimulus Selection
Stimulus: 0.505
Output value 0.620

Q+ parameters
slope: 0.144 semiSat: 0.560 beta: 0.969 sigma: 0.114 
maxBOLD estimate = 1.408


Trial 59: qplus Stimulus Selection
Stimulus: 0.588
Output value 1.116

Q+ parameters
slope: 0.144 semiSat: 0.560 beta: 1.000 sigma: 0.114 
maxBOLD estimate = 1.364


Trial 60: baseline Stimulus Selection
Stimulus: 0.010
Output value 0.930

Q+ parameters
slope: 0.113 semiSat: 0.670 beta: 1.500 sigma: 0.166 
maxBOLD estimate = 1.364


Trial 61: qplus Stimulus Selection
Stimulus: 0.629
Output value 1.046

Q+ parameters
slope: 0.070 semiSat: 0.670 beta: 0.938 sigma: 0.114 
maxBOLD estimate = 2.046


Trial 62: qplus Stimulus Selection
Stimulus: 0.711
Output value 1.177

Q+ parameters
slope: 0.183 semiSat: 0.560 beta: 0.750 sigma: 0.114 
maxBOLD estimate = 1.918


Trial 63: qplus Stimulus Selection
Stimulus: 0.711
Output value 1.520

Q+ parameters
slope: 0.144 semiSat: 0.560 beta: 0.969 sigma: 0.114 
maxBOLD estimate = 1.438


Trial 64: qplus Stimulus Selection
Stimulus: 0.546
Output value 0.614

Q+ parameters
slope: 0.144 semiSat: 0.560 beta: 0.969 sigma: 0.114 
maxBOLD estimate = 1.393


Trial 65: maxBOLD Stimulus Selection
Stimulus: 1.000
Output value 1.427

Q+ parameters
slope: 0.144 semiSat: 0.560 beta: 0.969 sigma: 0.114 
maxBOLD estimate = 1.350


Trial 66: qplus Stimulus Selection
Stimulus: 0.588
Output value 1.516

Q+ parameters
slope: 0.183 semiSat: 0.560 beta: 1.062 sigma: 0.166 
maxBOLD estimate = 1.308


Trial 67: qplus Stimulus Selection
Stimulus: 0.505
Output value 0.489

Q+ parameters
slope: 0.144 semiSat: 0.560 beta: 0.969 sigma: 0.114 
maxBOLD estimate = 1.389


Trial 68: qplus Stimulus Selection
Stimulus: 0.588
Output value 1.560

Q+ parameters
slope: 0.183 semiSat: 0.560 beta: 1.062 sigma: 0.166 
maxBOLD estimate = 1.346


Trial 69: qplus Stimulus Selection
Stimulus: 0.505
Output value 0.126

Q+ parameters
slope: 0.144 semiSat: 0.560 beta: 0.969 sigma: 0.114 
maxBOLD estimate = 1.430


Trial 70: baseline Stimulus Selection
Stimulus: 0.010
Output value 0.126

Q+ parameters
slope: 0.144 semiSat: 0.560 beta: 1.000 sigma: 0.114 
maxBOLD estimate = 1.385


Trial 71: qplus Stimulus Selection
Stimulus: 0.505
Output value 0.252

Q+ parameters
slope: 0.144 semiSat: 0.560 beta: 1.000 sigma: 0.114 
maxBOLD estimate = 1.385


Trial 72: qplus Stimulus Selection
Stimulus: 0.588
Output value 0.610

Q+ parameters
slope: 0.144 semiSat: 0.560 beta: 0.969 sigma: 0.114 
maxBOLD estimate = 1.385


Trial 73: qplus Stimulus Selection
Stimulus: 0.588
Output value 0.519

Q+ parameters
slope: 0.183 semiSat: 0.560 beta: 1.062 sigma: 0.166 
maxBOLD estimate = 1.342


Trial 74: qplus Stimulus Selection
Stimulus: 0.505
Output value -0.251

Q+ parameters
slope: 0.298 semiSat: 0.560 beta: 0.969 sigma: 0.166 
maxBOLD estimate = 1.426


Trial 75: maxBOLD Stimulus Selection
Stimulus: 1.000
Output value 0.852

Q+ parameters
slope: 0.144 semiSat: 0.560 beta: 0.969 sigma: 0.114 
maxBOLD estimate = 1.381


Trial 76: qplus Stimulus Selection
Stimulus: 0.588
Output value 0.129

Q+ parameters
slope: 0.183 semiSat: 0.560 beta: 1.062 sigma: 0.166 
maxBOLD estimate = 1.338


Trial 77: qplus Stimulus Selection
Stimulus: 0.505
Output value -0.250

Q+ parameters
slope: 0.298 semiSat: 0.560 beta: 0.969 sigma: 0.166 
maxBOLD estimate = 1.422


Trial 78: qplus Stimulus Selection
Stimulus: 0.629
Output value 1.127

Q+ parameters
slope: 0.113 semiSat: 0.670 beta: 1.500 sigma: 0.166 
maxBOLD estimate = 1.378


Trial 79: qplus Stimulus Selection
Stimulus: 0.629
Output value 0.881

Q+ parameters
slope: 0.070 semiSat: 0.670 beta: 0.938 sigma: 0.114 
maxBOLD estimate = 2.066


Trial 80: baseline Stimulus Selection
Stimulus: 0.010
Output value -0.132

Q+ parameters
slope: 0.183 semiSat: 0.560 beta: 0.750 sigma: 0.114 
maxBOLD estimate = 1.937


Trial 81: qplus Stimulus Selection
Stimulus: 0.711
Output value 2.179

Q+ parameters
slope: 0.113 semiSat: 0.670 beta: 1.500 sigma: 0.166 
maxBOLD estimate = 1.453


Trial 82: qplus Stimulus Selection
Stimulus: 0.629
Output value 0.929

Q+ parameters
slope: 0.070 semiSat: 0.670 beta: 0.938 sigma: 0.114 
maxBOLD estimate = 2.179


Trial 83: qplus Stimulus Selection
Stimulus: 0.753
Output value 0.836

Q+ parameters
slope: 0.183 semiSat: 0.560 beta: 0.750 sigma: 0.114 
maxBOLD estimate = 2.043


Trial 84: qplus Stimulus Selection
Stimulus: 0.711
Output value 0.975

Q+ parameters
slope: 0.144 semiSat: 0.560 beta: 0.875 sigma: 0.114 
maxBOLD estimate = 1.532


Trial 85: maxBOLD Stimulus Selection
Stimulus: 1.000
Output value 1.425

Q+ parameters
slope: 0.183 semiSat: 0.560 beta: 1.062 sigma: 0.166 
maxBOLD estimate = 1.341


Trial 86: qplus Stimulus Selection
Stimulus: 0.505
Output value 1.166

Q+ parameters
slope: 0.113 semiSat: 0.670 beta: 1.500 sigma: 0.166 
maxBOLD estimate = 1.425


Trial 87: qplus Stimulus Selection
Stimulus: 0.629
Output value 0.911

Q+ parameters
slope: 0.070 semiSat: 0.670 beta: 0.938 sigma: 0.114 
maxBOLD estimate = 2.137


Trial 88: qplus Stimulus Selection
Stimulus: 0.711
Output value 1.229

Q+ parameters
slope: 0.183 semiSat: 0.560 beta: 0.750 sigma: 0.114 
maxBOLD estimate = 2.003


Trial 89: qplus Stimulus Selection
Stimulus: 0.711
Output value 2.459

Q+ parameters
slope: 0.113 semiSat: 0.670 beta: 1.500 sigma: 0.166 
maxBOLD estimate = 1.502


Trial 90: baseline Stimulus Selection
Stimulus: 0.010
Output value 0.154

Q+ parameters
slope: 0.070 semiSat: 0.670 beta: 0.750 sigma: 0.114 
maxBOLD estimate = 2.254


Trial 91: qplus Stimulus Selection
Stimulus: 0.876
Output value 1.383

Q+ parameters
slope: 0.183 semiSat: 0.560 beta: 0.750 sigma: 0.114 
maxBOLD estimate = 1.690


Trial 92: qplus Stimulus Selection
Stimulus: 0.629
Output value 1.469

Q+ parameters
slope: 0.183 semiSat: 0.560 beta: 1.062 sigma: 0.166 
maxBOLD estimate = 1.268


Trial 93: qplus Stimulus Selection
Stimulus: 0.505
Output value 0.260

Q+ parameters
slope: 0.183 semiSat: 0.560 beta: 1.062 sigma: 0.166 
maxBOLD estimate = 1.347


Trial 94: qplus Stimulus Selection
Stimulus: 0.505
Output value 0.756

Q+ parameters
slope: 0.144 semiSat: 0.560 beta: 0.969 sigma: 0.166 
maxBOLD estimate = 1.431


Trial 95: maxBOLD Stimulus Selection
Stimulus: 1.000
Output value 2.269

Q+ parameters
slope: 0.089 semiSat: 0.670 beta: 1.500 sigma: 0.166 
maxBOLD estimate = 1.386


Trial 96: qplus Stimulus Selection
Stimulus: 0.629
Output value 1.276

Q+ parameters
slope: 0.183 semiSat: 0.560 beta: 0.750 sigma: 0.114 
maxBOLD estimate = 2.080


Trial 97: qplus Stimulus Selection
Stimulus: 0.711
Output value 1.702

Q+ parameters
slope: 0.113 semiSat: 0.670 beta: 1.500 sigma: 0.166 
maxBOLD estimate = 1.560


Trial 98: qplus Stimulus Selection
Stimulus: 0.794
Output value 0.957

Q+ parameters
slope: 0.070 semiSat: 0.670 beta: 0.750 sigma: 0.114 
maxBOLD estimate = 2.340


Trial 99: qplus Stimulus Selection
Stimulus: 0.876
Output value 1.436

Q+ parameters
slope: 0.183 semiSat: 0.560 beta: 0.750 sigma: 0.114 
maxBOLD estimate = 1.755


Trial 100: baseline Stimulus Selection
Stimulus: 0.010
Output value 0.381

Q+ parameters
slope: 0.183 semiSat: 0.560 beta: 1.062 sigma: 0.166 
maxBOLD estimate = 1.316

--------------------------------------------------------------
FINAL VALUES
--------------------------------------------------------------
Simulated parameters:              slope: 0.200 semiSat: 0.570 beta: 1.000 sigma: 0.100 
Max posterior QUEST+ parameters:   slope: 0.113 semiSat: 0.670 beta: 1.500 sigma: 0.166 
Max BADS parameters:               slope: 0.186 semiSat: 0.592 beta: 1.000 sigma: 0.140 
maxBOLD estimate: 1.511
