/blue/stevenweisberg/stevenweisberg/MATLAB/projects/Weisberg_Aguirre_2020/scripts/run_sims
c31a-s37.ufhpc
Thu Nov 12 14:13:04 EST 2020
cp: cannot stat ‘/blue/stevenweisberg/stevenweisberg/qpfMRIResults/deploy_sim.sh’: No such file or directory
cp: cannot stat ‘/blue/stevenweisberg/stevenweisberg/qpfMRIResults/sim_wrapper.sh’: No such file or directory
------------------------------------------
Setting up environment variables
---
LD_LIBRARY_PATH is .:/apps/matlab/mcr/2020b/v99/runtime/glnxa64:/apps/matlab/mcr/2020b/v99/bin/glnxa64:/apps/matlab/mcr/2020b/v99/sys/os/glnxa64:/apps/matlab/mcr/2020b/v99/sys/opengl/lib/glnxa64
Warning: Executing startup failed in matlabrc.
This indicates a potentially serious problem in your MATLAB setup, which should be resolved as soon as possible.  Error detected was:
MATLAB:mpath:PathAlterationNotSupported
Modifying the search path is not supported by MATLAB Compiler. Remove functions that modify the search path from your MATLAB code. To make files visible to your deployed application, add the parent folder to your MATLAB session.
Warning: No stimulus domain specified. Defaulting to values between 0.01 and 1.
> In qpfmriParams (line 182)
In compiledSimulate (line 205)
Stimulus domain added from input.
Parameter slope specified as 0.41000
Parameter semiSat specified as 0.57000
Parameter beta specified as 1.00000
Parameter sigma specified as 0.25000
seed = 99seed = 104seed = 111seed = 111seed = 115seed = 101Initializing Q+. This may take a minute...
Elapsed time is 9.624319 seconds.
Simulated parameters:
slope: 0.410 semiSat: 0.570 beta: 1.000 sigma: 0.250 

Trial 1: baseline Stimulus Selection
Stimulus: 0.010
Output value 0.000

Q+ parameters
slope: 0.026 semiSat: 0.890 beta: 0.500 sigma: 0.010 
maxBOLD estimate = 1.000


Trial 2: maxBOLD Stimulus Selection
Stimulus: 1.000
Output value 1.136

Q+ parameters
slope: 0.043 semiSat: 0.780 beta: 1.250 sigma: 0.010 
maxBOLD estimate = 1.000


Trial 3: baseline Stimulus Selection
Stimulus: 0.010
Output value -0.284

Q+ parameters
slope: 0.055 semiSat: 0.670 beta: 1.250 sigma: 0.271 
maxBOLD estimate = 1.250


Trial 4: maxBOLD Stimulus Selection
Stimulus: 1.000
Output value 2.131

Q+ parameters
slope: 0.055 semiSat: 0.670 beta: 1.250 sigma: 0.166 
maxBOLD estimate = 1.562


Trial 5: baseline Stimulus Selection
Stimulus: 0.010
Output value 0.222

Q+ parameters
slope: 0.034 semiSat: 1.000 beta: 1.250 sigma: 0.114 
maxBOLD estimate = 1.953


Trial 6: maxBOLD Stimulus Selection
Stimulus: 1.000
Output value 2.497

Q+ parameters
slope: 0.034 semiSat: 1.000 beta: 1.250 sigma: 0.114 
maxBOLD estimate = 2.441


Trial 7: qplus Stimulus Selection
Stimulus: 0.629
Output value 0.971

Q+ parameters
slope: 0.089 semiSat: 0.340 beta: 0.500 sigma: 0.114 
maxBOLD estimate = 3.052


Trial 8: qplus Stimulus Selection
Stimulus: 0.505
Output value 1.040

Q+ parameters
slope: 0.144 semiSat: 0.560 beta: 1.500 sigma: 0.166 
maxBOLD estimate = 1.526


Trial 9: qplus Stimulus Selection
Stimulus: 0.381
Output value 0.312

Q+ parameters
slope: 0.379 semiSat: 0.560 beta: 0.750 sigma: 0.166 
maxBOLD estimate = 2.289


Trial 10: baseline Stimulus Selection
Stimulus: 0.010
Output value 0.000

Q+ parameters
slope: 0.144 semiSat: 0.450 beta: 0.750 sigma: 0.166 
maxBOLD estimate = 1.717


Trial 11: qplus Stimulus Selection
Stimulus: 0.505
Output value 0.527

Q+ parameters
slope: 0.183 semiSat: 0.560 beta: 1.500 sigma: 0.166 
maxBOLD estimate = 1.287


Trial 12: qplus Stimulus Selection
Stimulus: 0.505
Output value 0.922

Q+ parameters
slope: 0.234 semiSat: 0.450 beta: 0.750 sigma: 0.166 
maxBOLD estimate = 1.931


Trial 13: qplus Stimulus Selection
Stimulus: 0.505
Output value 0.494

Q+ parameters
slope: 0.144 semiSat: 0.450 beta: 0.938 sigma: 0.166 
maxBOLD estimate = 1.448


Trial 14: qplus Stimulus Selection
Stimulus: 0.381
Output value 0.926

Q+ parameters
slope: 0.089 semiSat: 0.560 beta: 1.500 sigma: 0.166 
maxBOLD estimate = 1.358


Trial 15: maxBOLD Stimulus Selection
Stimulus: 1.000
Output value 1.250

Q+ parameters
slope: 0.234 semiSat: 0.450 beta: 0.750 sigma: 0.166 
maxBOLD estimate = 2.037


Trial 16: qplus Stimulus Selection
Stimulus: 0.505
Output value 0.417

Q+ parameters
slope: 0.144 semiSat: 0.560 beta: 1.500 sigma: 0.166 
maxBOLD estimate = 1.528


Trial 17: qplus Stimulus Selection
Stimulus: 0.464
Output value -0.312

Q+ parameters
slope: 0.379 semiSat: 0.560 beta: 0.750 sigma: 0.166 
maxBOLD estimate = 2.291


Trial 18: qplus Stimulus Selection
Stimulus: 0.629
Output value 0.879

Q+ parameters
slope: 0.234 semiSat: 0.560 beta: 0.938 sigma: 0.218 
maxBOLD estimate = 1.719


Trial 19: qplus Stimulus Selection
Stimulus: 0.629
Output value -0.439

Q+ parameters
slope: 0.183 semiSat: 0.670 beta: 1.500 sigma: 0.427 
maxBOLD estimate = 1.611


Trial 20: baseline Stimulus Selection
Stimulus: 0.010
Output value -0.330

Q+ parameters
slope: 0.043 semiSat: 0.670 beta: 0.750 sigma: 0.166 
maxBOLD estimate = 2.417


Trial 21: qplus Stimulus Selection
Stimulus: 0.918
Output value 1.009

Q+ parameters
slope: 0.183 semiSat: 0.560 beta: 0.875 sigma: 0.218 
maxBOLD estimate = 1.813


Trial 22: qplus Stimulus Selection
Stimulus: 0.918
Output value 2.595

Q+ parameters
slope: 0.089 semiSat: 0.670 beta: 1.500 sigma: 0.271 
maxBOLD estimate = 1.586


Trial 23: qplus Stimulus Selection
Stimulus: 0.918
Output value 1.135

Q+ parameters
slope: 0.043 semiSat: 0.670 beta: 0.750 sigma: 0.166 
maxBOLD estimate = 2.379


Trial 24: qplus Stimulus Selection
Stimulus: 0.876
Output value 1.277

Q+ parameters
slope: 0.183 semiSat: 0.560 beta: 0.875 sigma: 0.218 
maxBOLD estimate = 1.784


Trial 25: maxBOLD Stimulus Selection
Stimulus: 1.000
Output value 1.916

Q+ parameters
slope: 0.070 semiSat: 0.670 beta: 1.500 sigma: 0.271 
maxBOLD estimate = 1.561


Trial 26: qplus Stimulus Selection
Stimulus: 0.794
Output value 1.277

Q+ parameters
slope: 0.043 semiSat: 0.670 beta: 0.750 sigma: 0.166 
maxBOLD estimate = 2.342


Trial 27: qplus Stimulus Selection
Stimulus: 0.794
Output value 2.395

Q+ parameters
slope: 0.089 semiSat: 0.670 beta: 1.500 sigma: 0.271 
maxBOLD estimate = 1.756


Trial 28: qplus Stimulus Selection
Stimulus: 0.753
Output value 1.078

Q+ parameters
slope: 0.043 semiSat: 0.670 beta: 0.750 sigma: 0.166 
maxBOLD estimate = 2.635


Trial 29: qplus Stimulus Selection
Stimulus: 0.959
Output value 1.415

Q+ parameters
slope: 0.089 semiSat: 0.560 beta: 0.875 sigma: 0.166 
maxBOLD estimate = 1.976


Trial 30: baseline Stimulus Selection
Stimulus: 0.010
Output value -0.472

Q+ parameters
slope: 0.070 semiSat: 0.670 beta: 1.500 sigma: 0.218 
maxBOLD estimate = 1.729

--------------------------------------------------------------
FINAL VALUES
--------------------------------------------------------------
Simulated parameters:              slope: 0.410 semiSat: 0.570 beta: 1.000 sigma: 0.250 
Max posterior QUEST+ parameters:   slope: 0.113 semiSat: 0.560 beta: 0.750 sigma: 0.166 
Max BADS parameters:               slope: 0.025 semiSat: 0.776 beta: 1.000 sigma: 0.144 
maxBOLD estimate: 2.587
