/blue/stevenweisberg/stevenweisberg/MATLAB/projects/Weisberg_Aguirre_2020/scripts/run_sims
c0706a-s1.ufhpc
Tue Apr  6 21:24:10 EDT 2021
mkdir: cannot create directory ‘/blue/stevenweisberg/stevenweisberg/qpfMRIResults/model_parameter_set2/’: File exists
cp: cannot stat ‘/blue/stevenweisberg/stevenweisberg/qpfMRIResults/deploy_sim.sh’: No such file or directory
cp: cannot stat ‘/blue/stevenweisberg/stevenweisberg/qpfMRIResults/sim_wrapper.sh’: No such file or directory
------------------------------------------
Setting up environment variables
---
LD_LIBRARY_PATH is .:/apps/matlab/mcr/2020b/v99/runtime/glnxa64:/apps/matlab/mcr/2020b/v99/bin/glnxa64:/apps/matlab/mcr/2020b/v99/sys/os/glnxa64:/apps/matlab/mcr/2020b/v99/sys/opengl/lib/glnxa64
Warning: Executing startup failed in matlabrc.
This indicates a potentially serious problem in your MATLAB setup, which should be resolved as soon as possible.  Error detected was:
MATLAB:mpath:PathAlterationNotSupported
Modifying the search path is not supported by MATLAB Compiler. Remove functions that modify the search path from your MATLAB code. To make files visible to your deployed application, add the parent folder to your MATLAB session.
Warning: No stimulus domain specified. Defaulting to values between 0.01 and 1.
> In qpfmriParams (line 182)
In compiledSimulate (line 205)
Stimulus domain added from input.
Parameter slope specified as 0.20000
Parameter semiSat specified as 0.57000
Parameter beta specified as 1.00000
Parameter sigma specified as 0.10000
seed = 99seed = 104seed = 111seed = 111seed = 115seed = 101Initializing Q+. This may take a minute...
Elapsed time is 6.536579 seconds.
Simulated parameters:
slope: 0.200 semiSat: 0.570 beta: 1.000 sigma: 0.100 

Trial 1: baseline Stimulus Selection
Stimulus: 0.010
Output value 0.000

Q+ parameters
slope: 0.026 semiSat: 0.890 beta: 0.500 sigma: 0.010 
maxBOLD estimate = 1.000


Trial 2: maxBOLD Stimulus Selection
Stimulus: 1.000
Output value 1.364

Q+ parameters
slope: 0.055 semiSat: 0.670 beta: 1.250 sigma: 0.010 
maxBOLD estimate = 1.000


Trial 3: baseline Stimulus Selection
Stimulus: 0.010
Output value -0.142

Q+ parameters
slope: 0.055 semiSat: 0.670 beta: 1.250 sigma: 0.062 
maxBOLD estimate = 1.250


Trial 4: maxBOLD Stimulus Selection
Stimulus: 1.000
Output value 1.598

Q+ parameters
slope: 0.043 semiSat: 0.780 beta: 1.250 sigma: 0.062 
maxBOLD estimate = 1.562


Trial 5: baseline Stimulus Selection
Stimulus: 0.010
Output value 0.000

Q+ parameters
slope: 0.043 semiSat: 0.780 beta: 0.969 sigma: 0.062 
maxBOLD estimate = 1.953


Trial 6: maxBOLD Stimulus Selection
Stimulus: 1.000
Output value 2.129

Q+ parameters
slope: 0.043 semiSat: 0.780 beta: 1.125 sigma: 0.114 
maxBOLD estimate = 1.892


Trial 7: random Stimulus Selection
Stimulus: 0.876
Output value 1.016

Q+ parameters
slope: 0.070 semiSat: 0.670 beta: 0.750 sigma: 0.062 
maxBOLD estimate = 2.129


Trial 8: random Stimulus Selection
Stimulus: 0.216
Output value -0.272

Q+ parameters
slope: 0.089 semiSat: 0.560 beta: 0.938 sigma: 0.114 
maxBOLD estimate = 1.596


Trial 9: random Stimulus Selection
Stimulus: 0.257
Output value 0.000

Q+ parameters
slope: 0.113 semiSat: 0.560 beta: 0.938 sigma: 0.062 
maxBOLD estimate = 1.497


Trial 10: baseline Stimulus Selection
Stimulus: 0.010
Output value 0.255

Q+ parameters
slope: 0.113 semiSat: 0.560 beta: 1.000 sigma: 0.114 
maxBOLD estimate = 1.403


Trial 11: random Stimulus Selection
Stimulus: 0.216
Output value -0.319

Q+ parameters
slope: 0.089 semiSat: 0.670 beta: 1.250 sigma: 0.114 
maxBOLD estimate = 1.403


Trial 12: random Stimulus Selection
Stimulus: 0.010
Output value 0.140

Q+ parameters
slope: 0.113 semiSat: 0.670 beta: 0.875 sigma: 0.062 
maxBOLD estimate = 1.754


Trial 13: random Stimulus Selection
Stimulus: 0.299
Output value -0.270

Q+ parameters
slope: 0.113 semiSat: 0.670 beta: 0.969 sigma: 0.114 
maxBOLD estimate = 1.535


Trial 14: random Stimulus Selection
Stimulus: 0.670
Output value 1.005

Q+ parameters
slope: 0.113 semiSat: 0.670 beta: 1.062 sigma: 0.114 
maxBOLD estimate = 1.487


Trial 15: maxBOLD Stimulus Selection
Stimulus: 1.000
Output value 1.005

Q+ parameters
slope: 0.144 semiSat: 0.560 beta: 0.875 sigma: 0.114 
maxBOLD estimate = 1.580


Trial 16: random Stimulus Selection
Stimulus: 0.546
Output value 0.000

Q+ parameters
slope: 0.298 semiSat: 0.670 beta: 1.500 sigma: 0.114 
maxBOLD estimate = 1.382


Trial 17: random Stimulus Selection
Stimulus: 0.876
Output value 0.990

Q+ parameters
slope: 0.144 semiSat: 0.670 beta: 0.750 sigma: 0.114 
maxBOLD estimate = 2.073


Trial 18: random Stimulus Selection
Stimulus: 0.794
Output value 0.618

Q+ parameters
slope: 0.089 semiSat: 0.670 beta: 0.875 sigma: 0.114 
maxBOLD estimate = 1.555


Trial 19: random Stimulus Selection
Stimulus: 0.794
Output value 0.974

Q+ parameters
slope: 0.785 semiSat: 0.560 beta: 0.875 sigma: 0.114 
maxBOLD estimate = 1.361


Trial 20: baseline Stimulus Selection
Stimulus: 0.010
Output value 0.000

Q+ parameters
slope: 1.000 semiSat: 0.560 beta: 0.969 sigma: 0.114 
maxBOLD estimate = 1.191


Trial 21: random Stimulus Selection
Stimulus: 0.092
Output value -0.223

Q+ parameters
slope: 1.000 semiSat: 0.560 beta: 1.062 sigma: 0.114 
maxBOLD estimate = 1.153


Trial 22: random Stimulus Selection
Stimulus: 0.299
Output value 0.000

Q+ parameters
slope: 1.000 semiSat: 0.560 beta: 0.969 sigma: 0.114 
maxBOLD estimate = 1.225


Trial 23: random Stimulus Selection
Stimulus: 0.505
Output value 0.115

Q+ parameters
slope: 1.000 semiSat: 0.560 beta: 1.062 sigma: 0.114 
maxBOLD estimate = 1.187


Trial 24: random Stimulus Selection
Stimulus: 0.175
Output value -0.287

Q+ parameters
slope: 0.089 semiSat: 0.670 beta: 1.250 sigma: 0.114 
maxBOLD estimate = 1.261


Trial 25: maxBOLD Stimulus Selection
Stimulus: 1.000
Output value 1.433

Q+ parameters
slope: 0.089 semiSat: 0.670 beta: 1.000 sigma: 0.114 
maxBOLD estimate = 1.577


Trial 26: random Stimulus Selection
Stimulus: 0.959
Output value 1.433

Q+ parameters
slope: 0.089 semiSat: 0.670 beta: 1.000 sigma: 0.114 
maxBOLD estimate = 1.577


Trial 27: random Stimulus Selection
Stimulus: 0.959
Output value 1.720

Q+ parameters
slope: 0.089 semiSat: 0.670 beta: 1.000 sigma: 0.114 
maxBOLD estimate = 1.577


Trial 28: random Stimulus Selection
Stimulus: 0.299
Output value -0.287

Q+ parameters
slope: 0.089 semiSat: 0.670 beta: 1.000 sigma: 0.114 
maxBOLD estimate = 1.577


Trial 29: random Stimulus Selection
Stimulus: 0.257
Output value 0.430

Q+ parameters
slope: 0.089 semiSat: 0.670 beta: 1.000 sigma: 0.114 
maxBOLD estimate = 1.577


Trial 30: baseline Stimulus Selection
Stimulus: 0.010
Output value -0.287

Q+ parameters
slope: 0.089 semiSat: 0.670 beta: 1.000 sigma: 0.114 
maxBOLD estimate = 1.577


Trial 31: random Stimulus Selection
Stimulus: 0.876
Output value 1.505

Q+ parameters
slope: 0.144 semiSat: 0.560 beta: 0.875 sigma: 0.114 
maxBOLD estimate = 1.577


Trial 32: random Stimulus Selection
Stimulus: 0.134
Output value -0.157

Q+ parameters
slope: 0.089 semiSat: 0.670 beta: 1.250 sigma: 0.114 
maxBOLD estimate = 1.380


Trial 33: random Stimulus Selection
Stimulus: 0.051
Output value 0.470

Q+ parameters
slope: 0.089 semiSat: 0.670 beta: 1.000 sigma: 0.114 
maxBOLD estimate = 1.724


Trial 34: random Stimulus Selection
Stimulus: 0.010
Output value 0.000

Q+ parameters
slope: 0.089 semiSat: 0.670 beta: 1.000 sigma: 0.114 
maxBOLD estimate = 1.724


Trial 35: maxBOLD Stimulus Selection
Stimulus: 1.000
Output value 1.411

Q+ parameters
slope: 0.089 semiSat: 0.670 beta: 1.000 sigma: 0.114 
maxBOLD estimate = 1.724


Trial 36: random Stimulus Selection
Stimulus: 0.051
Output value -0.314

Q+ parameters
slope: 0.089 semiSat: 0.670 beta: 1.000 sigma: 0.114 
maxBOLD estimate = 1.724


Trial 37: random Stimulus Selection
Stimulus: 0.711
Output value 1.097

Q+ parameters
slope: 0.089 semiSat: 0.670 beta: 1.000 sigma: 0.114 
maxBOLD estimate = 1.724


Trial 38: random Stimulus Selection
Stimulus: 0.753
Output value 0.784

Q+ parameters
slope: 0.089 semiSat: 0.670 beta: 1.000 sigma: 0.114 
maxBOLD estimate = 1.724


Trial 39: random Stimulus Selection
Stimulus: 0.381
Output value -0.314

Q+ parameters
slope: 0.089 semiSat: 0.670 beta: 1.000 sigma: 0.114 
maxBOLD estimate = 1.724


Trial 40: baseline Stimulus Selection
Stimulus: 0.010
Output value 0.000

Q+ parameters
slope: 0.089 semiSat: 0.670 beta: 1.000 sigma: 0.114 
maxBOLD estimate = 1.724


Trial 41: random Stimulus Selection
Stimulus: 0.092
Output value 0.314

Q+ parameters
slope: 0.089 semiSat: 0.670 beta: 1.000 sigma: 0.114 
maxBOLD estimate = 1.724


Trial 42: random Stimulus Selection
Stimulus: 0.051
Output value -0.157

Q+ parameters
slope: 0.089 semiSat: 0.670 beta: 1.000 sigma: 0.114 
maxBOLD estimate = 1.724


Trial 43: random Stimulus Selection
Stimulus: 0.464
Output value -0.147

Q+ parameters
slope: 0.089 semiSat: 0.670 beta: 0.938 sigma: 0.114 
maxBOLD estimate = 1.724


Trial 44: random Stimulus Selection
Stimulus: 0.505
Output value 0.000

Q+ parameters
slope: 0.089 semiSat: 0.670 beta: 1.000 sigma: 0.114 
maxBOLD estimate = 1.617


Trial 45: maxBOLD Stimulus Selection
Stimulus: 1.000
Output value 1.617

Q+ parameters
slope: 0.089 semiSat: 0.670 beta: 1.000 sigma: 0.114 
maxBOLD estimate = 1.617


Trial 46: random Stimulus Selection
Stimulus: 0.835
Output value 1.323

Q+ parameters
slope: 0.089 semiSat: 0.670 beta: 1.000 sigma: 0.114 
maxBOLD estimate = 1.617


Trial 47: random Stimulus Selection
Stimulus: 0.959
Output value 1.470

Q+ parameters
slope: 0.089 semiSat: 0.670 beta: 1.000 sigma: 0.114 
maxBOLD estimate = 1.617


Trial 48: random Stimulus Selection
Stimulus: 0.629
Output value 1.286

Q+ parameters
slope: 0.183 semiSat: 0.560 beta: 0.875 sigma: 0.114 
maxBOLD estimate = 1.617


Trial 49: random Stimulus Selection
Stimulus: 0.629
Output value 0.997

Q+ parameters
slope: 0.234 semiSat: 0.560 beta: 0.969 sigma: 0.114 
maxBOLD estimate = 1.415


Trial 50: baseline Stimulus Selection
Stimulus: 0.010
Output value 0.362

Q+ parameters
slope: 0.234 semiSat: 0.560 beta: 0.969 sigma: 0.114 
maxBOLD estimate = 1.370


Trial 51: random Stimulus Selection
Stimulus: 0.134
Output value 0.256

Q+ parameters
slope: 0.144 semiSat: 0.560 beta: 1.062 sigma: 0.114 
maxBOLD estimate = 1.328


Trial 52: random Stimulus Selection
Stimulus: 0.134
Output value 0.248

Q+ parameters
slope: 0.234 semiSat: 0.560 beta: 0.969 sigma: 0.114 
maxBOLD estimate = 1.411


Trial 53: random Stimulus Selection
Stimulus: 0.753
Output value 1.584

Q+ parameters
slope: 0.144 semiSat: 0.560 beta: 1.062 sigma: 0.114 
maxBOLD estimate = 1.366


Trial 54: random Stimulus Selection
Stimulus: 0.216
Output value 0.639

Q+ parameters
slope: 0.234 semiSat: 0.560 beta: 0.969 sigma: 0.114 
maxBOLD estimate = 1.452


Trial 55: maxBOLD Stimulus Selection
Stimulus: 1.000
Output value 1.363

Q+ parameters
slope: 0.234 semiSat: 0.560 beta: 0.969 sigma: 0.114 
maxBOLD estimate = 1.406


Trial 56: random Stimulus Selection
Stimulus: 0.175
Output value -0.263

Q+ parameters
slope: 0.144 semiSat: 0.560 beta: 1.062 sigma: 0.114 
maxBOLD estimate = 1.363


Trial 57: random Stimulus Selection
Stimulus: 0.629
Output value 0.765

Q+ parameters
slope: 0.234 semiSat: 0.560 beta: 0.969 sigma: 0.114 
maxBOLD estimate = 1.448


Trial 58: random Stimulus Selection
Stimulus: 0.340
Output value 0.000

Q+ parameters
slope: 0.144 semiSat: 0.560 beta: 1.062 sigma: 0.114 
maxBOLD estimate = 1.402


Trial 59: random Stimulus Selection
Stimulus: 0.175
Output value 0.131

Q+ parameters
slope: 0.144 semiSat: 0.560 beta: 0.969 sigma: 0.114 
maxBOLD estimate = 1.490


Trial 60: baseline Stimulus Selection
Stimulus: 0.010
Output value -0.139

Q+ parameters
slope: 0.144 semiSat: 0.560 beta: 1.062 sigma: 0.114 
maxBOLD estimate = 1.444


Trial 61: random Stimulus Selection
Stimulus: 0.216
Output value 0.122

Q+ parameters
slope: 0.234 semiSat: 0.560 beta: 0.875 sigma: 0.114 
maxBOLD estimate = 1.534


Trial 62: random Stimulus Selection
Stimulus: 0.753
Output value 1.556

Q+ parameters
slope: 0.144 semiSat: 0.560 beta: 1.062 sigma: 0.114 
maxBOLD estimate = 1.342


Trial 63: random Stimulus Selection
Stimulus: 0.918
Output value 1.507

Q+ parameters
slope: 0.234 semiSat: 0.560 beta: 0.969 sigma: 0.114 
maxBOLD estimate = 1.426


Trial 64: random Stimulus Selection
Stimulus: 0.629
Output value 1.067

Q+ parameters
slope: 0.144 semiSat: 0.560 beta: 1.062 sigma: 0.114 
maxBOLD estimate = 1.381


Trial 65: maxBOLD Stimulus Selection
Stimulus: 1.000
Output value 1.551

Q+ parameters
slope: 0.234 semiSat: 0.560 beta: 0.969 sigma: 0.114 
maxBOLD estimate = 1.468


Trial 66: random Stimulus Selection
Stimulus: 0.918
Output value 1.648

Q+ parameters
slope: 0.183 semiSat: 0.560 beta: 1.062 sigma: 0.114 
maxBOLD estimate = 1.422


Trial 67: random Stimulus Selection
Stimulus: 0.381
Output value -0.266

Q+ parameters
slope: 0.234 semiSat: 0.560 beta: 0.969 sigma: 0.114 
maxBOLD estimate = 1.511


Trial 68: random Stimulus Selection
Stimulus: 0.876
Output value 1.547

Q+ parameters
slope: 0.234 semiSat: 0.560 beta: 0.969 sigma: 0.114 
maxBOLD estimate = 1.463


Trial 69: random Stimulus Selection
Stimulus: 0.835
Output value 1.643

Q+ parameters
slope: 0.183 semiSat: 0.560 beta: 1.062 sigma: 0.114 
maxBOLD estimate = 1.418


Trial 70: baseline Stimulus Selection
Stimulus: 0.010
Output value 0.398

Q+ parameters
slope: 0.234 semiSat: 0.560 beta: 0.969 sigma: 0.114 
maxBOLD estimate = 1.506


Trial 71: random Stimulus Selection
Stimulus: 0.257
Output value 0.257

Q+ parameters
slope: 0.234 semiSat: 0.560 beta: 0.969 sigma: 0.114 
maxBOLD estimate = 1.459


Trial 72: random Stimulus Selection
Stimulus: 0.092
Output value 0.000

Q+ parameters
slope: 0.234 semiSat: 0.560 beta: 0.969 sigma: 0.114 
maxBOLD estimate = 1.414


Trial 73: random Stimulus Selection
Stimulus: 0.010
Output value 0.132

Q+ parameters
slope: 0.183 semiSat: 0.560 beta: 1.062 sigma: 0.114 
maxBOLD estimate = 1.369


Trial 74: random Stimulus Selection
Stimulus: 0.711
Output value 1.538

Q+ parameters
slope: 0.234 semiSat: 0.560 beta: 0.969 sigma: 0.114 
maxBOLD estimate = 1.455


Trial 75: maxBOLD Stimulus Selection
Stimulus: 1.000
Output value 1.498

Q+ parameters
slope: 0.183 semiSat: 0.560 beta: 1.062 sigma: 0.114 
maxBOLD estimate = 1.410


Trial 76: random Stimulus Selection
Stimulus: 0.175
Output value -0.132

Q+ parameters
slope: 0.234 semiSat: 0.560 beta: 0.969 sigma: 0.114 
maxBOLD estimate = 1.498


Trial 77: random Stimulus Selection
Stimulus: 0.257
Output value 0.000

Q+ parameters
slope: 0.234 semiSat: 0.560 beta: 0.969 sigma: 0.114 
maxBOLD estimate = 1.451


Trial 78: random Stimulus Selection
Stimulus: 0.588
Output value 1.493

Q+ parameters
slope: 0.298 semiSat: 0.560 beta: 1.062 sigma: 0.114 
maxBOLD estimate = 1.406


Trial 79: random Stimulus Selection
Stimulus: 0.876
Output value 0.789

Q+ parameters
slope: 0.234 semiSat: 0.560 beta: 0.969 sigma: 0.114 
maxBOLD estimate = 1.493


Trial 80: baseline Stimulus Selection
Stimulus: 0.010
Output value 0.000

Q+ parameters
slope: 0.234 semiSat: 0.560 beta: 0.969 sigma: 0.114 
maxBOLD estimate = 1.447


Trial 81: random Stimulus Selection
Stimulus: 0.753
Output value 1.624

Q+ parameters
slope: 0.298 semiSat: 0.560 beta: 1.062 sigma: 0.114 
maxBOLD estimate = 1.402


Trial 82: random Stimulus Selection
Stimulus: 0.835
Output value 1.574

Q+ parameters
slope: 0.234 semiSat: 0.560 beta: 0.969 sigma: 0.114 
maxBOLD estimate = 1.489


Trial 83: random Stimulus Selection
Stimulus: 0.423
Output value 0.557

Q+ parameters
slope: 0.183 semiSat: 0.560 beta: 1.062 sigma: 0.114 
maxBOLD estimate = 1.443


Trial 84: random Stimulus Selection
Stimulus: 0.051
Output value -0.135

Q+ parameters
slope: 0.234 semiSat: 0.560 beta: 0.969 sigma: 0.114 
maxBOLD estimate = 1.533


Trial 85: maxBOLD Stimulus Selection
Stimulus: 1.000
Output value 1.569

Q+ parameters
slope: 0.234 semiSat: 0.560 beta: 0.969 sigma: 0.114 
maxBOLD estimate = 1.485


Trial 86: random Stimulus Selection
Stimulus: 0.340
Output value -0.278

Q+ parameters
slope: 0.183 semiSat: 0.560 beta: 1.062 sigma: 0.114 
maxBOLD estimate = 1.438


Trial 87: random Stimulus Selection
Stimulus: 0.794
Output value 1.481

Q+ parameters
slope: 0.234 semiSat: 0.560 beta: 0.969 sigma: 0.114 
maxBOLD estimate = 1.528


Trial 88: random Stimulus Selection
Stimulus: 0.711
Output value 1.043

Q+ parameters
slope: 0.234 semiSat: 0.560 beta: 0.969 sigma: 0.114 
maxBOLD estimate = 1.481


Trial 89: random Stimulus Selection
Stimulus: 1.000
Output value 1.663

Q+ parameters
slope: 0.183 semiSat: 0.560 beta: 1.062 sigma: 0.114 
maxBOLD estimate = 1.434


Trial 90: baseline Stimulus Selection
Stimulus: 0.010
Output value 0.268

Q+ parameters
slope: 0.234 semiSat: 0.560 beta: 0.969 sigma: 0.114 
maxBOLD estimate = 1.524


Trial 91: random Stimulus Selection
Stimulus: 0.423
Output value 0.260

Q+ parameters
slope: 0.183 semiSat: 0.560 beta: 0.969 sigma: 0.114 
maxBOLD estimate = 1.476


Trial 92: random Stimulus Selection
Stimulus: 0.092
Output value 0.000

Q+ parameters
slope: 0.234 semiSat: 0.560 beta: 0.969 sigma: 0.114 
maxBOLD estimate = 1.430


Trial 93: random Stimulus Selection
Stimulus: 0.092
Output value -0.268

Q+ parameters
slope: 0.183 semiSat: 0.560 beta: 1.062 sigma: 0.114 
maxBOLD estimate = 1.386


Trial 94: random Stimulus Selection
Stimulus: 0.588
Output value 1.037

Q+ parameters
slope: 0.183 semiSat: 0.560 beta: 0.969 sigma: 0.114 
maxBOLD estimate = 1.472


Trial 95: maxBOLD Stimulus Selection
Stimulus: 1.000
Output value 1.507

Q+ parameters
slope: 0.234 semiSat: 0.560 beta: 0.969 sigma: 0.114 
maxBOLD estimate = 1.426


Trial 96: random Stimulus Selection
Stimulus: 0.216
Output value 0.000

Q+ parameters
slope: 0.183 semiSat: 0.560 beta: 1.062 sigma: 0.114 
maxBOLD estimate = 1.382


Trial 97: random Stimulus Selection
Stimulus: 0.629
Output value 1.422

Q+ parameters
slope: 0.234 semiSat: 0.560 beta: 0.969 sigma: 0.114 
maxBOLD estimate = 1.468


Trial 98: random Stimulus Selection
Stimulus: 0.381
Output value 0.549

Q+ parameters
slope: 0.183 semiSat: 0.560 beta: 1.062 sigma: 0.114 
maxBOLD estimate = 1.422


Trial 99: random Stimulus Selection
Stimulus: 0.959
Output value 1.597

Q+ parameters
slope: 0.234 semiSat: 0.560 beta: 0.969 sigma: 0.114 
maxBOLD estimate = 1.511


Trial 100: baseline Stimulus Selection
Stimulus: 0.010
Output value 0.387

Q+ parameters
slope: 0.234 semiSat: 0.560 beta: 0.969 sigma: 0.114 
maxBOLD estimate = 1.464

--------------------------------------------------------------
FINAL VALUES
--------------------------------------------------------------
Simulated parameters:              slope: 0.200 semiSat: 0.570 beta: 1.000 sigma: 0.100 
Max posterior QUEST+ parameters:   slope: 0.234 semiSat: 0.560 beta: 0.969 sigma: 0.114 
Max BADS parameters:               slope: 0.192 semiSat: 0.576 beta: 1.000 sigma: 0.118 
maxBOLD estimate: 1.413
