/blue/stevenweisberg/stevenweisberg/MATLAB/projects/Weisberg_Aguirre_2020/scripts/run_sims
c3a-s5.ufhpc
Thu Nov 12 17:24:27 EST 2020
cp: cannot stat ‘/blue/stevenweisberg/stevenweisberg/qpfMRIResults/deploy_sim.sh’: No such file or directory
cp: cannot stat ‘/blue/stevenweisberg/stevenweisberg/qpfMRIResults/sim_wrapper.sh’: No such file or directory
------------------------------------------
Setting up environment variables
---
LD_LIBRARY_PATH is .:/apps/matlab/mcr/2020b/v99/runtime/glnxa64:/apps/matlab/mcr/2020b/v99/bin/glnxa64:/apps/matlab/mcr/2020b/v99/sys/os/glnxa64:/apps/matlab/mcr/2020b/v99/sys/opengl/lib/glnxa64
Warning: Executing startup failed in matlabrc.
This indicates a potentially serious problem in your MATLAB setup, which should be resolved as soon as possible.  Error detected was:
MATLAB:mpath:PathAlterationNotSupported
Modifying the search path is not supported by MATLAB Compiler. Remove functions that modify the search path from your MATLAB code. To make files visible to your deployed application, add the parent folder to your MATLAB session.
Warning: No stimulus domain specified. Defaulting to values between 0.01 and 1.
> In qpfmriParams (line 182)
In compiledSimulate (line 205)
Stimulus domain added from input.
Parameter slope specified as 0.41000
Parameter semiSat specified as 0.57000
Parameter beta specified as 1.00000
Parameter sigma specified as 0.25000
seed = 99seed = 104seed = 111seed = 111seed = 115seed = 101Initializing Q+. This may take a minute...
Elapsed time is 23.531886 seconds.
Simulated parameters:
slope: 0.410 semiSat: 0.570 beta: 1.000 sigma: 0.250 

Trial 1: baseline Stimulus Selection
Stimulus: 0.010
Output value 0.000

Q+ parameters
slope: 0.026 semiSat: 0.890 beta: 0.500 sigma: 0.010 
maxBOLD estimate = 1.000


Trial 2: maxBOLD Stimulus Selection
Stimulus: 1.000
Output value 1.125

Q+ parameters
slope: 0.055 semiSat: 0.670 beta: 1.125 sigma: 0.010 
maxBOLD estimate = 1.000


Trial 3: baseline Stimulus Selection
Stimulus: 0.010
Output value 0.230

Q+ parameters
slope: 0.043 semiSat: 0.780 beta: 1.125 sigma: 0.114 
maxBOLD estimate = 1.125


Trial 4: maxBOLD Stimulus Selection
Stimulus: 1.000
Output value 1.726

Q+ parameters
slope: 0.055 semiSat: 0.670 beta: 1.250 sigma: 0.166 
maxBOLD estimate = 1.266


Trial 5: baseline Stimulus Selection
Stimulus: 0.010
Output value -0.360

Q+ parameters
slope: 0.055 semiSat: 0.670 beta: 1.250 sigma: 0.218 
maxBOLD estimate = 1.582


Trial 6: maxBOLD Stimulus Selection
Stimulus: 1.000
Output value 1.416

Q+ parameters
slope: 0.026 semiSat: 0.780 beta: 1.125 sigma: 0.114 
maxBOLD estimate = 1.978


Trial 7: random Stimulus Selection
Stimulus: 0.464
Output value -0.354

Q+ parameters
slope: 0.070 semiSat: 0.890 beta: 0.875 sigma: 0.166 
maxBOLD estimate = 2.225


Trial 8: random Stimulus Selection
Stimulus: 0.216
Output value -0.531

Q+ parameters
slope: 0.070 semiSat: 1.000 beta: 1.500 sigma: 0.166 
maxBOLD estimate = 1.947


Trial 9: random Stimulus Selection
Stimulus: 0.051
Output value -0.465

Q+ parameters
slope: 0.055 semiSat: 1.000 beta: 0.875 sigma: 0.114 
maxBOLD estimate = 2.920


Trial 10: baseline Stimulus Selection
Stimulus: 0.010
Output value -0.406

Q+ parameters
slope: 0.070 semiSat: 0.890 beta: 0.875 sigma: 0.166 
maxBOLD estimate = 2.555


Trial 11: random Stimulus Selection
Stimulus: 0.216
Output value 0.711

Q+ parameters
slope: 0.070 semiSat: 0.890 beta: 0.875 sigma: 0.166 
maxBOLD estimate = 2.236


Trial 12: random Stimulus Selection
Stimulus: 0.588
Output value 0.467

Q+ parameters
slope: 0.089 semiSat: 0.670 beta: 0.875 sigma: 0.166 
maxBOLD estimate = 1.956


Trial 13: random Stimulus Selection
Stimulus: 0.175
Output value 0.000

Q+ parameters
slope: 0.070 semiSat: 0.780 beta: 1.125 sigma: 0.166 
maxBOLD estimate = 1.712


Trial 14: random Stimulus Selection
Stimulus: 0.051
Output value 0.919

Q+ parameters
slope: 0.144 semiSat: 0.670 beta: 0.875 sigma: 0.218 
maxBOLD estimate = 1.926


Trial 15: maxBOLD Stimulus Selection
Stimulus: 1.000
Output value 2.527

Q+ parameters
slope: 0.183 semiSat: 0.670 beta: 1.500 sigma: 0.218 
maxBOLD estimate = 1.685


Trial 16: random Stimulus Selection
Stimulus: 0.051
Output value 0.862

Q+ parameters
slope: 0.043 semiSat: 1.000 beta: 1.250 sigma: 0.166 
maxBOLD estimate = 2.527


Trial 17: random Stimulus Selection
Stimulus: 0.010
Output value 0.287

Q+ parameters
slope: 0.113 semiSat: 0.670 beta: 0.500 sigma: 0.114 
maxBOLD estimate = 3.159


Trial 18: random Stimulus Selection
Stimulus: 0.918
Output value -0.431

Q+ parameters
slope: 0.483 semiSat: 1.000 beta: 1.500 sigma: 0.218 
maxBOLD estimate = 1.580


Trial 19: random Stimulus Selection
Stimulus: 0.918
Output value 1.077

Q+ parameters
slope: 0.183 semiSat: 1.000 beta: 1.250 sigma: 0.166 
maxBOLD estimate = 2.369


Trial 20: baseline Stimulus Selection
Stimulus: 0.010
Output value -0.269

Q+ parameters
slope: 0.183 semiSat: 1.000 beta: 1.000 sigma: 0.114 
maxBOLD estimate = 2.962


Trial 21: random Stimulus Selection
Stimulus: 0.340
Output value -0.538

Q+ parameters
slope: 0.183 semiSat: 1.000 beta: 1.000 sigma: 0.114 
maxBOLD estimate = 2.962


Trial 22: random Stimulus Selection
Stimulus: 0.835
Output value 1.346

Q+ parameters
slope: 0.070 semiSat: 1.000 beta: 1.000 sigma: 0.114 
maxBOLD estimate = 2.962


Trial 23: random Stimulus Selection
Stimulus: 0.918
Output value 0.942

Q+ parameters
slope: 0.113 semiSat: 0.670 beta: 0.500 sigma: 0.114 
maxBOLD estimate = 2.962


Trial 24: random Stimulus Selection
Stimulus: 0.010
Output value 0.000

Q+ parameters
slope: 0.055 semiSat: 0.890 beta: 1.250 sigma: 0.271 
maxBOLD estimate = 1.481


Trial 25: maxBOLD Stimulus Selection
Stimulus: 1.000
Output value 0.126

Q+ parameters
slope: 0.144 semiSat: 0.670 beta: 0.750 sigma: 0.271 
maxBOLD estimate = 1.851


Trial 26: random Stimulus Selection
Stimulus: 0.505
Output value 0.473

Q+ parameters
slope: 0.113 semiSat: 0.890 beta: 1.250 sigma: 0.531 
maxBOLD estimate = 1.388


Trial 27: random Stimulus Selection
Stimulus: 0.134
Output value 0.158

Q+ parameters
slope: 0.089 semiSat: 0.780 beta: 1.000 sigma: 0.271 
maxBOLD estimate = 1.735


Trial 28: random Stimulus Selection
Stimulus: 0.835
Output value 1.893

Q+ parameters
slope: 0.089 semiSat: 0.780 beta: 1.000 sigma: 0.271 
maxBOLD estimate = 1.735


Trial 29: random Stimulus Selection
Stimulus: 0.794
Output value 1.420

Q+ parameters
slope: 0.183 semiSat: 0.560 beta: 0.750 sigma: 0.271 
maxBOLD estimate = 1.735


Trial 30: baseline Stimulus Selection
Stimulus: 0.010
Output value 0.355

Q+ parameters
slope: 0.089 semiSat: 0.670 beta: 0.750 sigma: 0.427 
maxBOLD estimate = 1.302

--------------------------------------------------------------
FINAL VALUES
--------------------------------------------------------------
Simulated parameters:              slope: 0.410 semiSat: 0.570 beta: 1.000 sigma: 0.250 
Max posterior QUEST+ parameters:   slope: 0.089 semiSat: 0.780 beta: 1.000 sigma: 1.000 
Max BADS parameters:               slope: 0.089 semiSat: 0.781 beta: 1.000 sigma: 1.000 
maxBOLD estimate: 0.993
