/blue/stevenweisberg/stevenweisberg/MATLAB/projects/Weisberg_Aguirre_2020/scripts/run_sims
c31a-s6.ufhpc
Fri Nov 13 16:41:21 EST 2020
mkdir: cannot create directory ‘/blue/stevenweisberg/stevenweisberg/qpfMRIResults/model_parameter_set1/’: File exists
cp: cannot stat ‘/blue/stevenweisberg/stevenweisberg/qpfMRIResults/deploy_sim.sh’: No such file or directory
cp: cannot stat ‘/blue/stevenweisberg/stevenweisberg/qpfMRIResults/sim_wrapper.sh’: No such file or directory
------------------------------------------
Setting up environment variables
---
LD_LIBRARY_PATH is .:/apps/matlab/mcr/2020b/v99/runtime/glnxa64:/apps/matlab/mcr/2020b/v99/bin/glnxa64:/apps/matlab/mcr/2020b/v99/sys/os/glnxa64:/apps/matlab/mcr/2020b/v99/sys/opengl/lib/glnxa64
Warning: Executing startup failed in matlabrc.
This indicates a potentially serious problem in your MATLAB setup, which should be resolved as soon as possible.  Error detected was:
MATLAB:mpath:PathAlterationNotSupported
Modifying the search path is not supported by MATLAB Compiler. Remove functions that modify the search path from your MATLAB code. To make files visible to your deployed application, add the parent folder to your MATLAB session.
Warning: No stimulus domain specified. Defaulting to values between 0.01 and 1.
> In qpfmriParams (line 182)
In compiledSimulate (line 205)
Stimulus domain added from input.
Parameter slope specified as 0.41000
Parameter semiSat specified as 0.57000
Parameter beta specified as 1.00000
Parameter sigma specified as 0.15000
seed = 99seed = 104seed = 111seed = 111seed = 115seed = 101Initializing Q+. This may take a minute...
Elapsed time is 10.004094 seconds.
Simulated parameters:
slope: 0.410 semiSat: 0.570 beta: 1.000 sigma: 0.150 

Trial 1: baseline Stimulus Selection
Stimulus: 0.010
Output value 0.000

Q+ parameters
slope: 0.026 semiSat: 0.890 beta: 0.500 sigma: 0.010 
maxBOLD estimate = 1.000


Trial 2: maxBOLD Stimulus Selection
Stimulus: 1.000
Output value 1.364

Q+ parameters
slope: 0.055 semiSat: 0.670 beta: 1.250 sigma: 0.010 
maxBOLD estimate = 1.000


Trial 3: baseline Stimulus Selection
Stimulus: 0.010
Output value 0.284

Q+ parameters
slope: 0.055 semiSat: 0.670 beta: 1.250 sigma: 0.114 
maxBOLD estimate = 1.250


Trial 4: maxBOLD Stimulus Selection
Stimulus: 1.000
Output value 2.131

Q+ parameters
slope: 0.055 semiSat: 0.670 beta: 1.250 sigma: 0.114 
maxBOLD estimate = 1.562


Trial 5: baseline Stimulus Selection
Stimulus: 0.010
Output value -0.222

Q+ parameters
slope: 0.055 semiSat: 0.670 beta: 1.250 sigma: 0.114 
maxBOLD estimate = 1.953


Trial 6: maxBOLD Stimulus Selection
Stimulus: 1.000
Output value 1.720

Q+ parameters
slope: 0.043 semiSat: 0.780 beta: 0.969 sigma: 0.062 
maxBOLD estimate = 2.441


Trial 7: qplus Stimulus Selection
Stimulus: 0.588
Output value 0.538

Q+ parameters
slope: 0.055 semiSat: 0.890 beta: 1.250 sigma: 0.114 
maxBOLD estimate = 2.365


Trial 8: qplus Stimulus Selection
Stimulus: 0.753
Output value 1.041

Q+ parameters
slope: 0.043 semiSat: 0.890 beta: 0.969 sigma: 0.062 
maxBOLD estimate = 2.956


Trial 9: qplus Stimulus Selection
Stimulus: 0.629
Output value 0.976

Q+ parameters
slope: 0.043 semiSat: 0.670 beta: 0.750 sigma: 0.062 
maxBOLD estimate = 2.864


Trial 10: baseline Stimulus Selection
Stimulus: 0.010
Output value 0.000

Q+ parameters
slope: 0.055 semiSat: 0.780 beta: 1.125 sigma: 0.114 
maxBOLD estimate = 2.148


Trial 11: qplus Stimulus Selection
Stimulus: 0.711
Output value 1.483

Q+ parameters
slope: 0.183 semiSat: 0.560 beta: 0.750 sigma: 0.114 
maxBOLD estimate = 2.417


Trial 12: qplus Stimulus Selection
Stimulus: 0.588
Output value 0.371

Q+ parameters
slope: 0.113 semiSat: 0.670 beta: 1.125 sigma: 0.114 
maxBOLD estimate = 1.812


Trial 13: qplus Stimulus Selection
Stimulus: 0.588
Output value 0.394

Q+ parameters
slope: 0.113 semiSat: 0.670 beta: 1.062 sigma: 0.114 
maxBOLD estimate = 2.039


Trial 14: qplus Stimulus Selection
Stimulus: 0.588
Output value 0.345

Q+ parameters
slope: 0.089 semiSat: 0.670 beta: 0.875 sigma: 0.114 
maxBOLD estimate = 2.166


Trial 15: maxBOLD Stimulus Selection
Stimulus: 1.000
Output value 1.282

Q+ parameters
slope: 0.113 semiSat: 0.670 beta: 1.062 sigma: 0.114 
maxBOLD estimate = 1.896


Trial 16: qplus Stimulus Selection
Stimulus: 0.588
Output value 0.887

Q+ parameters
slope: 0.113 semiSat: 0.670 beta: 0.969 sigma: 0.114 
maxBOLD estimate = 2.014


Trial 17: qplus Stimulus Selection
Stimulus: 0.629
Output value 0.687

Q+ parameters
slope: 0.113 semiSat: 0.670 beta: 0.969 sigma: 0.114 
maxBOLD estimate = 1.951


Trial 18: qplus Stimulus Selection
Stimulus: 0.753
Output value 1.826

Q+ parameters
slope: 0.113 semiSat: 0.670 beta: 1.062 sigma: 0.114 
maxBOLD estimate = 1.890


Trial 19: qplus Stimulus Selection
Stimulus: 0.546
Output value 0.531

Q+ parameters
slope: 0.113 semiSat: 0.670 beta: 0.969 sigma: 0.114 
maxBOLD estimate = 2.008


Trial 20: baseline Stimulus Selection
Stimulus: 0.010
Output value -0.188

Q+ parameters
slope: 0.113 semiSat: 0.670 beta: 1.062 sigma: 0.114 
maxBOLD estimate = 1.945


Trial 21: qplus Stimulus Selection
Stimulus: 0.753
Output value 0.910

Q+ parameters
slope: 0.113 semiSat: 0.670 beta: 0.969 sigma: 0.114 
maxBOLD estimate = 2.067


Trial 22: qplus Stimulus Selection
Stimulus: 0.546
Output value 0.353

Q+ parameters
slope: 0.113 semiSat: 0.670 beta: 0.969 sigma: 0.114 
maxBOLD estimate = 2.002


Trial 23: qplus Stimulus Selection
Stimulus: 0.505
Output value -0.342

Q+ parameters
slope: 0.113 semiSat: 0.670 beta: 0.969 sigma: 0.114 
maxBOLD estimate = 1.940


Trial 24: qplus Stimulus Selection
Stimulus: 0.629
Output value 1.271

Q+ parameters
slope: 0.113 semiSat: 0.670 beta: 1.062 sigma: 0.114 
maxBOLD estimate = 1.879


Trial 25: maxBOLD Stimulus Selection
Stimulus: 1.000
Output value 1.583

Q+ parameters
slope: 0.113 semiSat: 0.670 beta: 0.969 sigma: 0.114 
maxBOLD estimate = 1.997


Trial 26: qplus Stimulus Selection
Stimulus: 0.753
Output value 1.495

Q+ parameters
slope: 0.113 semiSat: 0.670 beta: 1.062 sigma: 0.114 
maxBOLD estimate = 1.934


Trial 27: qplus Stimulus Selection
Stimulus: 0.629
Output value 0.654

Q+ parameters
slope: 0.113 semiSat: 0.670 beta: 0.875 sigma: 0.114 
maxBOLD estimate = 2.055


Trial 28: qplus Stimulus Selection
Stimulus: 0.794
Output value 1.216

Q+ parameters
slope: 0.113 semiSat: 0.670 beta: 1.062 sigma: 0.114 
maxBOLD estimate = 1.798


Trial 29: qplus Stimulus Selection
Stimulus: 0.588
Output value 0.923

Q+ parameters
slope: 0.113 semiSat: 0.670 beta: 1.062 sigma: 0.114 
maxBOLD estimate = 1.911


Trial 30: baseline Stimulus Selection
Stimulus: 0.010
Output value 0.000

Q+ parameters
slope: 0.113 semiSat: 0.670 beta: 0.938 sigma: 0.114 
maxBOLD estimate = 2.030

--------------------------------------------------------------
FINAL VALUES
--------------------------------------------------------------
Simulated parameters:              slope: 0.410 semiSat: 0.570 beta: 1.000 sigma: 0.150 
Max posterior QUEST+ parameters:   slope: 0.113 semiSat: 0.670 beta: 1.062 sigma: 0.114 
Max BADS parameters:               slope: 0.088 semiSat: 0.664 beta: 1.000 sigma: 0.113 
maxBOLD estimate: 1.935
