/blue/stevenweisberg/stevenweisberg/MATLAB/projects/Weisberg_Aguirre_2020/scripts/run_sims
c0700a-s3.ufhpc
Wed Apr  7 00:57:52 EDT 2021
mkdir: cannot create directory ‘/blue/stevenweisberg/stevenweisberg/qpfMRIResults/model_parameter_set2/’: File exists
cp: cannot stat ‘/blue/stevenweisberg/stevenweisberg/qpfMRIResults/deploy_sim.sh’: No such file or directory
cp: cannot stat ‘/blue/stevenweisberg/stevenweisberg/qpfMRIResults/sim_wrapper.sh’: No such file or directory
------------------------------------------
Setting up environment variables
---
LD_LIBRARY_PATH is .:/apps/matlab/mcr/2020b/v99/runtime/glnxa64:/apps/matlab/mcr/2020b/v99/bin/glnxa64:/apps/matlab/mcr/2020b/v99/sys/os/glnxa64:/apps/matlab/mcr/2020b/v99/sys/opengl/lib/glnxa64
Warning: Executing startup failed in matlabrc.
This indicates a potentially serious problem in your MATLAB setup, which should be resolved as soon as possible.  Error detected was:
MATLAB:mpath:PathAlterationNotSupported
Modifying the search path is not supported by MATLAB Compiler. Remove functions that modify the search path from your MATLAB code. To make files visible to your deployed application, add the parent folder to your MATLAB session.
Warning: No stimulus domain specified. Defaulting to values between 0.01 and 1.
> In qpfmriParams (line 182)
In compiledSimulate (line 205)
Stimulus domain added from input.
Parameter slope specified as 0.20000
Parameter semiSat specified as 0.57000
Parameter beta specified as 1.00000
Parameter sigma specified as 0.15000
seed = 99seed = 104seed = 111seed = 111seed = 115seed = 101Initializing Q+. This may take a minute...
Elapsed time is 5.930765 seconds.
Simulated parameters:
slope: 0.200 semiSat: 0.570 beta: 1.000 sigma: 0.150 

Trial 1: baseline Stimulus Selection
Stimulus: 0.010
Output value 0.000

Q+ parameters
slope: 0.026 semiSat: 0.890 beta: 0.500 sigma: 0.010 
maxBOLD estimate = 1.000


Trial 2: maxBOLD Stimulus Selection
Stimulus: 1.000
Output value 1.364

Q+ parameters
slope: 0.055 semiSat: 0.670 beta: 1.250 sigma: 0.010 
maxBOLD estimate = 1.000


Trial 3: baseline Stimulus Selection
Stimulus: 0.010
Output value 0.000

Q+ parameters
slope: 0.055 semiSat: 0.670 beta: 1.250 sigma: 0.010 
maxBOLD estimate = 1.250


Trial 4: maxBOLD Stimulus Selection
Stimulus: 1.000
Output value 1.598

Q+ parameters
slope: 0.055 semiSat: 0.670 beta: 1.125 sigma: 0.062 
maxBOLD estimate = 1.562


Trial 5: baseline Stimulus Selection
Stimulus: 0.010
Output value -0.180

Q+ parameters
slope: 0.043 semiSat: 0.780 beta: 1.125 sigma: 0.062 
maxBOLD estimate = 1.758


Trial 6: maxBOLD Stimulus Selection
Stimulus: 1.000
Output value 1.219

Q+ parameters
slope: 0.043 semiSat: 0.780 beta: 0.969 sigma: 0.062 
maxBOLD estimate = 1.978


Trial 7: qplus Stimulus Selection
Stimulus: 0.711
Output value 0.844

Q+ parameters
slope: 0.043 semiSat: 0.780 beta: 0.969 sigma: 0.062 
maxBOLD estimate = 1.916


Trial 8: qplus Stimulus Selection
Stimulus: 0.588
Output value 0.633

Q+ parameters
slope: 0.089 semiSat: 0.560 beta: 0.750 sigma: 0.062 
maxBOLD estimate = 1.856


Trial 9: qplus Stimulus Selection
Stimulus: 0.464
Output value 0.775

Q+ parameters
slope: 0.089 semiSat: 0.340 beta: 0.875 sigma: 0.062 
maxBOLD estimate = 1.392


Trial 10: baseline Stimulus Selection
Stimulus: 0.010
Output value 0.228

Q+ parameters
slope: 0.089 semiSat: 0.450 beta: 1.031 sigma: 0.062 
maxBOLD estimate = 1.218


Trial 11: qplus Stimulus Selection
Stimulus: 0.381
Output value 0.999

Q+ parameters
slope: 0.055 semiSat: 0.450 beta: 1.250 sigma: 0.114 
maxBOLD estimate = 1.256


Trial 12: qplus Stimulus Selection
Stimulus: 0.299
Output value 0.375

Q+ parameters
slope: 0.070 semiSat: 0.450 beta: 0.875 sigma: 0.062 
maxBOLD estimate = 1.570


Trial 13: qplus Stimulus Selection
Stimulus: 0.423
Output value -0.140

Q+ parameters
slope: 0.070 semiSat: 0.560 beta: 1.125 sigma: 0.166 
maxBOLD estimate = 1.374


Trial 14: qplus Stimulus Selection
Stimulus: 0.505
Output value 0.395

Q+ parameters
slope: 0.089 semiSat: 0.560 beta: 0.938 sigma: 0.166 
maxBOLD estimate = 1.545


Trial 15: maxBOLD Stimulus Selection
Stimulus: 1.000
Output value 1.630

Q+ parameters
slope: 0.070 semiSat: 0.560 beta: 1.125 sigma: 0.166 
maxBOLD estimate = 1.449


Trial 16: qplus Stimulus Selection
Stimulus: 0.588
Output value 0.972

Q+ parameters
slope: 0.055 semiSat: 0.560 beta: 0.938 sigma: 0.114 
maxBOLD estimate = 1.630


Trial 17: qplus Stimulus Selection
Stimulus: 0.629
Output value 1.407

Q+ parameters
slope: 0.070 semiSat: 0.560 beta: 1.125 sigma: 0.166 
maxBOLD estimate = 1.528


Trial 18: qplus Stimulus Selection
Stimulus: 0.505
Output value 0.440

Q+ parameters
slope: 0.055 semiSat: 0.560 beta: 0.938 sigma: 0.114 
maxBOLD estimate = 1.719


Trial 19: qplus Stimulus Selection
Stimulus: 0.629
Output value 0.961

Q+ parameters
slope: 0.089 semiSat: 0.560 beta: 0.938 sigma: 0.166 
maxBOLD estimate = 1.612


Trial 20: baseline Stimulus Selection
Stimulus: 0.010
Output value 0.258

Q+ parameters
slope: 0.144 semiSat: 0.560 beta: 0.938 sigma: 0.166 
maxBOLD estimate = 1.511


Trial 21: qplus Stimulus Selection
Stimulus: 0.588
Output value 1.159

Q+ parameters
slope: 0.298 semiSat: 0.560 beta: 1.000 sigma: 0.166 
maxBOLD estimate = 1.416


Trial 22: qplus Stimulus Selection
Stimulus: 0.505
Output value 0.515

Q+ parameters
slope: 0.144 semiSat: 0.560 beta: 1.000 sigma: 0.166 
maxBOLD estimate = 1.416


Trial 23: qplus Stimulus Selection
Stimulus: 0.505
Output value 0.258

Q+ parameters
slope: 0.298 semiSat: 0.560 beta: 1.000 sigma: 0.166 
maxBOLD estimate = 1.416


Trial 24: qplus Stimulus Selection
Stimulus: 0.588
Output value 1.030

Q+ parameters
slope: 0.298 semiSat: 0.560 beta: 1.000 sigma: 0.166 
maxBOLD estimate = 1.416


Trial 25: maxBOLD Stimulus Selection
Stimulus: 1.000
Output value 1.545

Q+ parameters
slope: 0.298 semiSat: 0.560 beta: 1.000 sigma: 0.166 
maxBOLD estimate = 1.416


Trial 26: qplus Stimulus Selection
Stimulus: 0.505
Output value 0.129

Q+ parameters
slope: 0.298 semiSat: 0.560 beta: 1.000 sigma: 0.166 
maxBOLD estimate = 1.416


Trial 27: qplus Stimulus Selection
Stimulus: 0.588
Output value 0.773

Q+ parameters
slope: 0.298 semiSat: 0.560 beta: 1.000 sigma: 0.166 
maxBOLD estimate = 1.416


Trial 28: qplus Stimulus Selection
Stimulus: 0.588
Output value 0.499

Q+ parameters
slope: 0.234 semiSat: 0.560 beta: 0.969 sigma: 0.166 
maxBOLD estimate = 1.416


Trial 29: qplus Stimulus Selection
Stimulus: 0.505
Output value 0.795

Q+ parameters
slope: 0.234 semiSat: 0.560 beta: 1.062 sigma: 0.166 
maxBOLD estimate = 1.372


Trial 30: baseline Stimulus Selection
Stimulus: 0.010
Output value 0.133

Q+ parameters
slope: 0.144 semiSat: 0.560 beta: 1.000 sigma: 0.166 
maxBOLD estimate = 1.458


Trial 31: qplus Stimulus Selection
Stimulus: 0.588
Output value 1.193

Q+ parameters
slope: 0.144 semiSat: 0.560 beta: 1.000 sigma: 0.166 
maxBOLD estimate = 1.458


Trial 32: qplus Stimulus Selection
Stimulus: 0.505
Output value 0.265

Q+ parameters
slope: 0.144 semiSat: 0.560 beta: 1.000 sigma: 0.166 
maxBOLD estimate = 1.458


Trial 33: qplus Stimulus Selection
Stimulus: 0.505
Output value 0.663

Q+ parameters
slope: 0.144 semiSat: 0.560 beta: 1.000 sigma: 0.166 
maxBOLD estimate = 1.458


Trial 34: qplus Stimulus Selection
Stimulus: 0.505
Output value 0.663

Q+ parameters
slope: 0.144 semiSat: 0.560 beta: 1.000 sigma: 0.166 
maxBOLD estimate = 1.458


Trial 35: maxBOLD Stimulus Selection
Stimulus: 1.000
Output value 1.591

Q+ parameters
slope: 0.144 semiSat: 0.560 beta: 1.000 sigma: 0.166 
maxBOLD estimate = 1.458


Trial 36: qplus Stimulus Selection
Stimulus: 0.670
Output value 1.458

Q+ parameters
slope: 0.144 semiSat: 0.560 beta: 1.000 sigma: 0.166 
maxBOLD estimate = 1.458


Trial 37: qplus Stimulus Selection
Stimulus: 0.505
Output value 0.133

Q+ parameters
slope: 0.144 semiSat: 0.560 beta: 1.000 sigma: 0.166 
maxBOLD estimate = 1.458


Trial 38: qplus Stimulus Selection
Stimulus: 0.505
Output value 0.265

Q+ parameters
slope: 0.144 semiSat: 0.560 beta: 1.000 sigma: 0.166 
maxBOLD estimate = 1.458


Trial 39: qplus Stimulus Selection
Stimulus: 0.505
Output value 0.000

Q+ parameters
slope: 0.234 semiSat: 0.560 beta: 0.969 sigma: 0.166 
maxBOLD estimate = 1.458


Trial 40: baseline Stimulus Selection
Stimulus: 0.010
Output value -0.321

Q+ parameters
slope: 0.183 semiSat: 0.560 beta: 1.250 sigma: 0.166 
maxBOLD estimate = 1.412


Trial 41: qplus Stimulus Selection
Stimulus: 0.546
Output value 0.451

Q+ parameters
slope: 0.144 semiSat: 0.560 beta: 0.938 sigma: 0.114 
maxBOLD estimate = 1.766


Trial 42: qplus Stimulus Selection
Stimulus: 0.670
Output value 1.354

Q+ parameters
slope: 0.144 semiSat: 0.560 beta: 1.000 sigma: 0.114 
maxBOLD estimate = 1.655


Trial 43: qplus Stimulus Selection
Stimulus: 0.629
Output value 0.752

Q+ parameters
slope: 0.144 semiSat: 0.560 beta: 1.000 sigma: 0.166 
maxBOLD estimate = 1.655


Trial 44: qplus Stimulus Selection
Stimulus: 0.629
Output value 0.752

Q+ parameters
slope: 0.144 semiSat: 0.560 beta: 1.000 sigma: 0.166 
maxBOLD estimate = 1.655


Trial 45: maxBOLD Stimulus Selection
Stimulus: 1.000
Output value 1.505

Q+ parameters
slope: 0.144 semiSat: 0.560 beta: 1.000 sigma: 0.166 
maxBOLD estimate = 1.655


Trial 46: qplus Stimulus Selection
Stimulus: 0.629
Output value 1.354

Q+ parameters
slope: 0.144 semiSat: 0.560 beta: 1.000 sigma: 0.166 
maxBOLD estimate = 1.655


Trial 47: qplus Stimulus Selection
Stimulus: 0.629
Output value 1.204

Q+ parameters
slope: 0.144 semiSat: 0.560 beta: 1.000 sigma: 0.166 
maxBOLD estimate = 1.655


Trial 48: qplus Stimulus Selection
Stimulus: 0.505
Output value 0.150

Q+ parameters
slope: 0.144 semiSat: 0.560 beta: 1.000 sigma: 0.166 
maxBOLD estimate = 1.655


Trial 49: qplus Stimulus Selection
Stimulus: 0.505
Output value 0.602

Q+ parameters
slope: 0.144 semiSat: 0.560 beta: 1.000 sigma: 0.166 
maxBOLD estimate = 1.655


Trial 50: baseline Stimulus Selection
Stimulus: 0.010
Output value 0.150

Q+ parameters
slope: 0.144 semiSat: 0.560 beta: 1.000 sigma: 0.166 
maxBOLD estimate = 1.655


Trial 51: qplus Stimulus Selection
Stimulus: 0.629
Output value 1.204

Q+ parameters
slope: 0.144 semiSat: 0.560 beta: 1.000 sigma: 0.166 
maxBOLD estimate = 1.655


Trial 52: qplus Stimulus Selection
Stimulus: 0.629
Output value 1.655

Q+ parameters
slope: 0.144 semiSat: 0.560 beta: 1.000 sigma: 0.166 
maxBOLD estimate = 1.655


Trial 53: qplus Stimulus Selection
Stimulus: 0.505
Output value 0.602

Q+ parameters
slope: 0.144 semiSat: 0.560 beta: 1.000 sigma: 0.166 
maxBOLD estimate = 1.655


Trial 54: qplus Stimulus Selection
Stimulus: 0.505
Output value 0.752

Q+ parameters
slope: 0.144 semiSat: 0.560 beta: 1.000 sigma: 0.166 
maxBOLD estimate = 1.655


Trial 55: maxBOLD Stimulus Selection
Stimulus: 1.000
Output value 1.505

Q+ parameters
slope: 0.144 semiSat: 0.560 beta: 1.000 sigma: 0.166 
maxBOLD estimate = 1.655


Trial 56: qplus Stimulus Selection
Stimulus: 0.505
Output value -0.150

Q+ parameters
slope: 0.144 semiSat: 0.560 beta: 1.000 sigma: 0.166 
maxBOLD estimate = 1.655


Trial 57: qplus Stimulus Selection
Stimulus: 0.505
Output value 0.602

Q+ parameters
slope: 0.144 semiSat: 0.560 beta: 1.000 sigma: 0.166 
maxBOLD estimate = 1.655


Trial 58: qplus Stimulus Selection
Stimulus: 0.629
Output value 1.505

Q+ parameters
slope: 0.144 semiSat: 0.560 beta: 1.000 sigma: 0.166 
maxBOLD estimate = 1.655


Trial 59: qplus Stimulus Selection
Stimulus: 0.505
Output value 0.752

Q+ parameters
slope: 0.144 semiSat: 0.560 beta: 1.000 sigma: 0.166 
maxBOLD estimate = 1.655


Trial 60: baseline Stimulus Selection
Stimulus: 0.010
Output value 0.000

Q+ parameters
slope: 0.144 semiSat: 0.560 beta: 1.000 sigma: 0.166 
maxBOLD estimate = 1.655


Trial 61: qplus Stimulus Selection
Stimulus: 0.505
Output value 0.423

Q+ parameters
slope: 0.144 semiSat: 0.560 beta: 0.938 sigma: 0.166 
maxBOLD estimate = 1.655


Trial 62: qplus Stimulus Selection
Stimulus: 0.670
Output value 1.693

Q+ parameters
slope: 0.183 semiSat: 0.560 beta: 1.000 sigma: 0.166 
maxBOLD estimate = 1.552


Trial 63: qplus Stimulus Selection
Stimulus: 0.505
Output value 0.846

Q+ parameters
slope: 0.183 semiSat: 0.560 beta: 1.000 sigma: 0.166 
maxBOLD estimate = 1.552


Trial 64: qplus Stimulus Selection
Stimulus: 0.629
Output value 1.693

Q+ parameters
slope: 0.183 semiSat: 0.560 beta: 1.000 sigma: 0.166 
maxBOLD estimate = 1.552


Trial 65: maxBOLD Stimulus Selection
Stimulus: 1.000
Output value 1.693

Q+ parameters
slope: 0.183 semiSat: 0.560 beta: 1.000 sigma: 0.166 
maxBOLD estimate = 1.552


Trial 66: qplus Stimulus Selection
Stimulus: 0.629
Output value 1.649

Q+ parameters
slope: 0.234 semiSat: 0.560 beta: 1.062 sigma: 0.166 
maxBOLD estimate = 1.552


Trial 67: qplus Stimulus Selection
Stimulus: 0.505
Output value 0.450

Q+ parameters
slope: 0.183 semiSat: 0.560 beta: 1.000 sigma: 0.166 
maxBOLD estimate = 1.649


Trial 68: qplus Stimulus Selection
Stimulus: 0.505
Output value 0.450

Q+ parameters
slope: 0.183 semiSat: 0.560 beta: 1.000 sigma: 0.166 
maxBOLD estimate = 1.649


Trial 69: qplus Stimulus Selection
Stimulus: 0.629
Output value 1.499

Q+ parameters
slope: 0.183 semiSat: 0.560 beta: 1.000 sigma: 0.166 
maxBOLD estimate = 1.649


Trial 70: baseline Stimulus Selection
Stimulus: 0.010
Output value 0.150

Q+ parameters
slope: 0.183 semiSat: 0.560 beta: 1.000 sigma: 0.166 
maxBOLD estimate = 1.649


Trial 71: qplus Stimulus Selection
Stimulus: 0.588
Output value 1.499

Q+ parameters
slope: 0.144 semiSat: 0.560 beta: 1.000 sigma: 0.166 
maxBOLD estimate = 1.649


Trial 72: qplus Stimulus Selection
Stimulus: 0.505
Output value 1.049

Q+ parameters
slope: 0.183 semiSat: 0.560 beta: 1.000 sigma: 0.166 
maxBOLD estimate = 1.649


Trial 73: qplus Stimulus Selection
Stimulus: 0.505
Output value 0.150

Q+ parameters
slope: 0.183 semiSat: 0.560 beta: 1.000 sigma: 0.166 
maxBOLD estimate = 1.649


Trial 74: qplus Stimulus Selection
Stimulus: 0.505
Output value 0.300

Q+ parameters
slope: 0.183 semiSat: 0.560 beta: 1.000 sigma: 0.166 
maxBOLD estimate = 1.649


Trial 75: maxBOLD Stimulus Selection
Stimulus: 1.000
Output value 1.499

Q+ parameters
slope: 0.183 semiSat: 0.560 beta: 1.000 sigma: 0.166 
maxBOLD estimate = 1.649


Trial 76: qplus Stimulus Selection
Stimulus: 0.629
Output value 1.349

Q+ parameters
slope: 0.183 semiSat: 0.560 beta: 1.000 sigma: 0.166 
maxBOLD estimate = 1.649


Trial 77: qplus Stimulus Selection
Stimulus: 0.505
Output value 0.749

Q+ parameters
slope: 0.183 semiSat: 0.560 beta: 1.000 sigma: 0.166 
maxBOLD estimate = 1.649


Trial 78: qplus Stimulus Selection
Stimulus: 0.629
Output value 1.799

Q+ parameters
slope: 0.183 semiSat: 0.560 beta: 1.000 sigma: 0.166 
maxBOLD estimate = 1.649


Trial 79: qplus Stimulus Selection
Stimulus: 0.629
Output value 1.349

Q+ parameters
slope: 0.183 semiSat: 0.560 beta: 1.000 sigma: 0.166 
maxBOLD estimate = 1.649


Trial 80: baseline Stimulus Selection
Stimulus: 0.010
Output value 0.150

Q+ parameters
slope: 0.183 semiSat: 0.560 beta: 1.000 sigma: 0.166 
maxBOLD estimate = 1.649


Trial 81: qplus Stimulus Selection
Stimulus: 0.505
Output value 0.300

Q+ parameters
slope: 0.183 semiSat: 0.560 beta: 1.000 sigma: 0.166 
maxBOLD estimate = 1.649


Trial 82: qplus Stimulus Selection
Stimulus: 0.505
Output value 0.000

Q+ parameters
slope: 0.183 semiSat: 0.560 beta: 1.000 sigma: 0.166 
maxBOLD estimate = 1.649


Trial 83: qplus Stimulus Selection
Stimulus: 0.546
Output value 0.899

Q+ parameters
slope: 0.183 semiSat: 0.560 beta: 1.000 sigma: 0.166 
maxBOLD estimate = 1.649


Trial 84: qplus Stimulus Selection
Stimulus: 0.505
Output value 0.450

Q+ parameters
slope: 0.183 semiSat: 0.560 beta: 1.000 sigma: 0.166 
maxBOLD estimate = 1.649


Trial 85: maxBOLD Stimulus Selection
Stimulus: 1.000
Output value 1.649

Q+ parameters
slope: 0.183 semiSat: 0.560 beta: 1.000 sigma: 0.166 
maxBOLD estimate = 1.649


Trial 86: qplus Stimulus Selection
Stimulus: 0.505
Output value 0.600

Q+ parameters
slope: 0.183 semiSat: 0.560 beta: 1.000 sigma: 0.166 
maxBOLD estimate = 1.649


Trial 87: qplus Stimulus Selection
Stimulus: 0.505
Output value 1.049

Q+ parameters
slope: 0.183 semiSat: 0.560 beta: 1.000 sigma: 0.166 
maxBOLD estimate = 1.649


Trial 88: qplus Stimulus Selection
Stimulus: 0.629
Output value 1.799

Q+ parameters
slope: 0.183 semiSat: 0.560 beta: 1.000 sigma: 0.166 
maxBOLD estimate = 1.649


Trial 89: qplus Stimulus Selection
Stimulus: 0.711
Output value 1.799

Q+ parameters
slope: 0.183 semiSat: 0.560 beta: 1.000 sigma: 0.166 
maxBOLD estimate = 1.649


Trial 90: baseline Stimulus Selection
Stimulus: 0.010
Output value 0.703

Q+ parameters
slope: 0.234 semiSat: 0.560 beta: 0.938 sigma: 0.166 
maxBOLD estimate = 1.649


Trial 91: qplus Stimulus Selection
Stimulus: 0.546
Output value 1.194

Q+ parameters
slope: 0.234 semiSat: 0.560 beta: 1.062 sigma: 0.166 
maxBOLD estimate = 1.546


Trial 92: qplus Stimulus Selection
Stimulus: 0.588
Output value 1.400

Q+ parameters
slope: 0.234 semiSat: 0.560 beta: 0.938 sigma: 0.166 
maxBOLD estimate = 1.642


Trial 93: qplus Stimulus Selection
Stimulus: 0.546
Output value 1.041

Q+ parameters
slope: 0.234 semiSat: 0.560 beta: 1.062 sigma: 0.166 
maxBOLD estimate = 1.540


Trial 94: qplus Stimulus Selection
Stimulus: 0.588
Output value 1.487

Q+ parameters
slope: 0.183 semiSat: 0.560 beta: 1.000 sigma: 0.166 
maxBOLD estimate = 1.636


Trial 95: maxBOLD Stimulus Selection
Stimulus: 1.000
Output value 1.487

Q+ parameters
slope: 0.183 semiSat: 0.560 beta: 1.000 sigma: 0.166 
maxBOLD estimate = 1.636


Trial 96: qplus Stimulus Selection
Stimulus: 0.670
Output value 1.338

Q+ parameters
slope: 0.183 semiSat: 0.560 beta: 1.000 sigma: 0.166 
maxBOLD estimate = 1.636


Trial 97: qplus Stimulus Selection
Stimulus: 0.670
Output value 1.487

Q+ parameters
slope: 0.183 semiSat: 0.560 beta: 1.000 sigma: 0.166 
maxBOLD estimate = 1.636


Trial 98: qplus Stimulus Selection
Stimulus: 0.505
Output value 0.149

Q+ parameters
slope: 0.183 semiSat: 0.560 beta: 1.000 sigma: 0.166 
maxBOLD estimate = 1.636


Trial 99: qplus Stimulus Selection
Stimulus: 0.546
Output value -0.279

Q+ parameters
slope: 0.234 semiSat: 0.560 beta: 0.938 sigma: 0.166 
maxBOLD estimate = 1.636


Trial 100: baseline Stimulus Selection
Stimulus: 0.010
Output value -0.296

Q+ parameters
slope: 0.234 semiSat: 0.560 beta: 1.062 sigma: 0.166 
maxBOLD estimate = 1.534

--------------------------------------------------------------
FINAL VALUES
--------------------------------------------------------------
Simulated parameters:              slope: 0.200 semiSat: 0.570 beta: 1.000 sigma: 0.150 
Max posterior QUEST+ parameters:   slope: 0.234 semiSat: 0.560 beta: 0.969 sigma: 0.166 
Max BADS parameters:               slope: 0.233 semiSat: 0.554 beta: 1.000 sigma: 0.156 
maxBOLD estimate: 1.630
