/blue/stevenweisberg/stevenweisberg/MATLAB/projects/Weisberg_Aguirre_2020/scripts/run_sims
c26a-s36.ufhpc
Fri Nov 13 23:01:49 EST 2020
mkdir: cannot create directory ‘/blue/stevenweisberg/stevenweisberg/qpfMRIResults/model_parameter_set1/’: File exists
cp: cannot stat ‘/blue/stevenweisberg/stevenweisberg/qpfMRIResults/deploy_sim.sh’: No such file or directory
cp: cannot stat ‘/blue/stevenweisberg/stevenweisberg/qpfMRIResults/sim_wrapper.sh’: No such file or directory
------------------------------------------
Setting up environment variables
---
LD_LIBRARY_PATH is .:/apps/matlab/mcr/2020b/v99/runtime/glnxa64:/apps/matlab/mcr/2020b/v99/bin/glnxa64:/apps/matlab/mcr/2020b/v99/sys/os/glnxa64:/apps/matlab/mcr/2020b/v99/sys/opengl/lib/glnxa64
Warning: Executing startup failed in matlabrc.
This indicates a potentially serious problem in your MATLAB setup, which should be resolved as soon as possible.  Error detected was:
MATLAB:mpath:PathAlterationNotSupported
Modifying the search path is not supported by MATLAB Compiler. Remove functions that modify the search path from your MATLAB code. To make files visible to your deployed application, add the parent folder to your MATLAB session.
Warning: No stimulus domain specified. Defaulting to values between 0.01 and 1.
> In qpfmriParams (line 182)
In compiledSimulate (line 205)
Stimulus domain added from input.
Parameter slope specified as 0.41000
Parameter semiSat specified as 0.57000
Parameter beta specified as 1.00000
Parameter sigma specified as 0.25000
seed = 99seed = 104seed = 111seed = 111seed = 115seed = 101Initializing Q+. This may take a minute...
Elapsed time is 10.030272 seconds.
Simulated parameters:
slope: 0.410 semiSat: 0.570 beta: 1.000 sigma: 0.250 

Trial 1: baseline Stimulus Selection
Stimulus: 0.010
Output value 0.000

Q+ parameters
slope: 0.026 semiSat: 0.890 beta: 0.500 sigma: 0.010 
maxBOLD estimate = 1.000


Trial 2: maxBOLD Stimulus Selection
Stimulus: 1.000
Output value 1.364

Q+ parameters
slope: 0.055 semiSat: 0.670 beta: 1.250 sigma: 0.010 
maxBOLD estimate = 1.000


Trial 3: baseline Stimulus Selection
Stimulus: 0.010
Output value 0.284

Q+ parameters
slope: 0.055 semiSat: 0.670 beta: 1.250 sigma: 0.114 
maxBOLD estimate = 1.250


Trial 4: maxBOLD Stimulus Selection
Stimulus: 1.000
Output value 0.138

Q+ parameters
slope: 0.043 semiSat: 0.780 beta: 0.969 sigma: 1.000 
maxBOLD estimate = 1.562


Trial 5: baseline Stimulus Selection
Stimulus: 0.010
Output value 0.155

Q+ parameters
slope: 0.055 semiSat: 0.670 beta: 1.125 sigma: 0.114 
maxBOLD estimate = 1.514


Trial 6: maxBOLD Stimulus Selection
Stimulus: 1.000
Output value 0.150

Q+ parameters
slope: 0.043 semiSat: 0.780 beta: 0.969 sigma: 0.375 
maxBOLD estimate = 1.703


Trial 7: random Stimulus Selection
Stimulus: 0.959
Output value 0.844

Q+ parameters
slope: 0.113 semiSat: 0.890 beta: 1.125 sigma: 0.114 
maxBOLD estimate = 1.650


Trial 8: random Stimulus Selection
Stimulus: 0.546
Output value -0.506

Q+ parameters
slope: 0.183 semiSat: 1.000 beta: 1.500 sigma: 0.114 
maxBOLD estimate = 1.856


Trial 9: random Stimulus Selection
Stimulus: 0.134
Output value -0.506

Q+ parameters
slope: 0.234 semiSat: 1.000 beta: 1.000 sigma: 0.114 
maxBOLD estimate = 2.784


Trial 10: baseline Stimulus Selection
Stimulus: 0.010
Output value -0.316

Q+ parameters
slope: 0.298 semiSat: 1.000 beta: 1.250 sigma: 0.114 
maxBOLD estimate = 2.784


Trial 11: random Stimulus Selection
Stimulus: 1.000
Output value 0.475

Q+ parameters
slope: 0.234 semiSat: 1.000 beta: 0.750 sigma: 0.114 
maxBOLD estimate = 3.480


Trial 12: random Stimulus Selection
Stimulus: 0.794
Output value 0.949

Q+ parameters
slope: 0.070 semiSat: 1.000 beta: 1.000 sigma: 0.114 
maxBOLD estimate = 2.610


Trial 13: random Stimulus Selection
Stimulus: 0.134
Output value 0.475

Q+ parameters
slope: 0.234 semiSat: 0.670 beta: 0.500 sigma: 0.166 
maxBOLD estimate = 2.610


Trial 14: random Stimulus Selection
Stimulus: 0.092
Output value 0.400

Q+ parameters
slope: 0.298 semiSat: 0.670 beta: 1.125 sigma: 0.218 
maxBOLD estimate = 1.305


Trial 15: maxBOLD Stimulus Selection
Stimulus: 1.000
Output value 1.802

Q+ parameters
slope: 0.298 semiSat: 0.670 beta: 1.125 sigma: 0.271 
maxBOLD estimate = 1.468


Trial 16: random Stimulus Selection
Stimulus: 0.175
Output value 0.338

Q+ parameters
slope: 0.298 semiSat: 0.670 beta: 1.125 sigma: 0.323 
maxBOLD estimate = 1.652


Trial 17: random Stimulus Selection
Stimulus: 0.588
Output value 2.280

Q+ parameters
slope: 1.000 semiSat: 0.560 beta: 1.125 sigma: 0.323 
maxBOLD estimate = 1.858


Trial 18: random Stimulus Selection
Stimulus: 0.216
Output value -0.285

Q+ parameters
slope: 1.000 semiSat: 0.560 beta: 0.750 sigma: 0.218 
maxBOLD estimate = 2.090


Trial 19: random Stimulus Selection
Stimulus: 0.257
Output value -0.321

Q+ parameters
slope: 1.000 semiSat: 0.560 beta: 1.125 sigma: 0.218 
maxBOLD estimate = 1.568


Trial 20: baseline Stimulus Selection
Stimulus: 0.010
Output value 0.721

Q+ parameters
slope: 1.000 semiSat: 0.560 beta: 0.750 sigma: 0.218 
maxBOLD estimate = 1.764


Trial 21: random Stimulus Selection
Stimulus: 0.464
Output value -0.271

Q+ parameters
slope: 1.000 semiSat: 0.560 beta: 1.125 sigma: 0.218 
maxBOLD estimate = 1.323


Trial 22: random Stimulus Selection
Stimulus: 0.505
Output value -0.304

Q+ parameters
slope: 1.000 semiSat: 0.560 beta: 1.125 sigma: 0.218 
maxBOLD estimate = 1.488


Trial 23: random Stimulus Selection
Stimulus: 0.835
Output value 2.055

Q+ parameters
slope: 1.000 semiSat: 0.560 beta: 1.125 sigma: 0.218 
maxBOLD estimate = 1.674


Trial 24: random Stimulus Selection
Stimulus: 0.670
Output value 2.119

Q+ parameters
slope: 1.000 semiSat: 0.560 beta: 1.031 sigma: 0.218 
maxBOLD estimate = 1.883


Trial 25: maxBOLD Stimulus Selection
Stimulus: 1.000
Output value 0.662

Q+ parameters
slope: 1.000 semiSat: 0.560 beta: 0.750 sigma: 0.166 
maxBOLD estimate = 1.942


Trial 26: random Stimulus Selection
Stimulus: 0.134
Output value -0.298

Q+ parameters
slope: 1.000 semiSat: 0.560 beta: 1.125 sigma: 0.218 
maxBOLD estimate = 1.457


Trial 27: random Stimulus Selection
Stimulus: 0.051
Output value 0.168

Q+ parameters
slope: 1.000 semiSat: 0.560 beta: 1.125 sigma: 0.271 
maxBOLD estimate = 1.639


Trial 28: random Stimulus Selection
Stimulus: 0.959
Output value 1.885

Q+ parameters
slope: 1.000 semiSat: 0.560 beta: 0.938 sigma: 0.218 
maxBOLD estimate = 1.844


Trial 29: random Stimulus Selection
Stimulus: 0.546
Output value -0.354

Q+ parameters
slope: 1.000 semiSat: 0.560 beta: 1.125 sigma: 0.271 
maxBOLD estimate = 1.728


Trial 30: baseline Stimulus Selection
Stimulus: 0.010
Output value -0.398

Q+ parameters
slope: 1.000 semiSat: 0.560 beta: 1.125 sigma: 0.218 
maxBOLD estimate = 1.944

--------------------------------------------------------------
FINAL VALUES
--------------------------------------------------------------
Simulated parameters:              slope: 0.410 semiSat: 0.570 beta: 1.000 sigma: 0.250 
Max posterior QUEST+ parameters:   slope: 1.000 semiSat: 0.560 beta: 0.500 sigma: 0.166 
Max BADS parameters:               slope: 0.998 semiSat: 0.579 beta: 1.000 sigma: 0.351 
maxBOLD estimate: 2.889
