/blue/stevenweisberg/stevenweisberg/MATLAB/projects/Weisberg_Aguirre_2020/scripts/run_sims
c34a-s2.ufhpc
Tue Apr  6 19:12:27 EDT 2021
mkdir: cannot create directory ‘/blue/stevenweisberg/stevenweisberg/qpfMRIResults/model_parameter_set2/’: File exists
cp: cannot stat ‘/blue/stevenweisberg/stevenweisberg/qpfMRIResults/deploy_sim.sh’: No such file or directory
cp: cannot stat ‘/blue/stevenweisberg/stevenweisberg/qpfMRIResults/sim_wrapper.sh’: No such file or directory
------------------------------------------
Setting up environment variables
---
LD_LIBRARY_PATH is .:/apps/matlab/mcr/2020b/v99/runtime/glnxa64:/apps/matlab/mcr/2020b/v99/bin/glnxa64:/apps/matlab/mcr/2020b/v99/sys/os/glnxa64:/apps/matlab/mcr/2020b/v99/sys/opengl/lib/glnxa64
Warning: Executing startup failed in matlabrc.
This indicates a potentially serious problem in your MATLAB setup, which should be resolved as soon as possible.  Error detected was:
MATLAB:mpath:PathAlterationNotSupported
Modifying the search path is not supported by MATLAB Compiler. Remove functions that modify the search path from your MATLAB code. To make files visible to your deployed application, add the parent folder to your MATLAB session.
Warning: No stimulus domain specified. Defaulting to values between 0.01 and 1.
> In qpfmriParams (line 182)
In compiledSimulate (line 205)
Stimulus domain added from input.
Parameter slope specified as 0.20000
Parameter semiSat specified as 0.57000
Parameter beta specified as 1.00000
Parameter sigma specified as 0.15000
seed = 99seed = 104seed = 111seed = 111seed = 115seed = 101Initializing Q+. This may take a minute...
Elapsed time is 11.811437 seconds.
Simulated parameters:
slope: 0.200 semiSat: 0.570 beta: 1.000 sigma: 0.150 

Trial 1: baseline Stimulus Selection
Stimulus: 0.010
Output value 0.000

Q+ parameters
slope: 0.026 semiSat: 0.890 beta: 0.500 sigma: 0.010 
maxBOLD estimate = 1.000


Trial 2: maxBOLD Stimulus Selection
Stimulus: 1.000
Output value 1.364

Q+ parameters
slope: 0.055 semiSat: 0.670 beta: 1.250 sigma: 0.010 
maxBOLD estimate = 1.000


Trial 3: baseline Stimulus Selection
Stimulus: 0.010
Output value -0.284

Q+ parameters
slope: 0.055 semiSat: 0.670 beta: 1.250 sigma: 0.166 
maxBOLD estimate = 1.250


Trial 4: maxBOLD Stimulus Selection
Stimulus: 1.000
Output value 2.131

Q+ parameters
slope: 0.055 semiSat: 0.670 beta: 1.250 sigma: 0.114 
maxBOLD estimate = 1.562


Trial 5: baseline Stimulus Selection
Stimulus: 0.010
Output value -0.222

Q+ parameters
slope: 0.043 semiSat: 0.780 beta: 1.250 sigma: 0.062 
maxBOLD estimate = 1.953


Trial 6: maxBOLD Stimulus Selection
Stimulus: 1.000
Output value 1.665

Q+ parameters
slope: 0.034 semiSat: 1.000 beta: 1.250 sigma: 0.062 
maxBOLD estimate = 2.441


Trial 7: qplus Stimulus Selection
Stimulus: 0.711
Output value 0.832

Q+ parameters
slope: 0.785 semiSat: 0.120 beta: 0.500 sigma: 0.062 
maxBOLD estimate = 3.052


Trial 8: qplus Stimulus Selection
Stimulus: 0.423
Output value -0.347

Q+ parameters
slope: 0.144 semiSat: 0.670 beta: 1.250 sigma: 0.114 
maxBOLD estimate = 1.526


Trial 9: qplus Stimulus Selection
Stimulus: 0.588
Output value 1.138

Q+ parameters
slope: 0.089 semiSat: 0.560 beta: 0.938 sigma: 0.114 
maxBOLD estimate = 1.907


Trial 10: baseline Stimulus Selection
Stimulus: 0.010
Output value -0.152

Q+ parameters
slope: 0.089 semiSat: 0.560 beta: 0.938 sigma: 0.114 
maxBOLD estimate = 1.788


Trial 11: qplus Stimulus Selection
Stimulus: 0.629
Output value 1.372

Q+ parameters
slope: 0.113 semiSat: 0.560 beta: 1.000 sigma: 0.114 
maxBOLD estimate = 1.676


Trial 12: qplus Stimulus Selection
Stimulus: 0.505
Output value 0.295

Q+ parameters
slope: 0.234 semiSat: 0.560 beta: 0.969 sigma: 0.114 
maxBOLD estimate = 1.676


Trial 13: qplus Stimulus Selection
Stimulus: 0.505
Output value 0.591

Q+ parameters
slope: 0.183 semiSat: 0.560 beta: 1.000 sigma: 0.114 
maxBOLD estimate = 1.624


Trial 14: qplus Stimulus Selection
Stimulus: 0.505
Output value 0.443

Q+ parameters
slope: 0.183 semiSat: 0.560 beta: 1.000 sigma: 0.114 
maxBOLD estimate = 1.624


Trial 15: maxBOLD Stimulus Selection
Stimulus: 1.000
Output value 1.882

Q+ parameters
slope: 0.234 semiSat: 0.560 beta: 1.062 sigma: 0.114 
maxBOLD estimate = 1.624


Trial 16: qplus Stimulus Selection
Stimulus: 0.629
Output value 1.412

Q+ parameters
slope: 0.183 semiSat: 0.560 beta: 1.000 sigma: 0.114 
maxBOLD estimate = 1.725


Trial 17: qplus Stimulus Selection
Stimulus: 0.629
Output value 1.412

Q+ parameters
slope: 0.183 semiSat: 0.560 beta: 1.000 sigma: 0.114 
maxBOLD estimate = 1.725


Trial 18: qplus Stimulus Selection
Stimulus: 0.505
Output value 0.627

Q+ parameters
slope: 0.183 semiSat: 0.560 beta: 1.000 sigma: 0.114 
maxBOLD estimate = 1.725


Trial 19: qplus Stimulus Selection
Stimulus: 0.670
Output value 1.569

Q+ parameters
slope: 0.183 semiSat: 0.560 beta: 1.000 sigma: 0.114 
maxBOLD estimate = 1.725


Trial 20: baseline Stimulus Selection
Stimulus: 0.010
Output value 0.412

Q+ parameters
slope: 0.234 semiSat: 0.560 beta: 0.875 sigma: 0.114 
maxBOLD estimate = 1.725


Trial 21: qplus Stimulus Selection
Stimulus: 0.629
Output value 1.458

Q+ parameters
slope: 0.234 semiSat: 0.560 beta: 1.062 sigma: 0.114 
maxBOLD estimate = 1.510


Trial 22: qplus Stimulus Selection
Stimulus: 0.505
Output value 0.146

Q+ parameters
slope: 0.183 semiSat: 0.560 beta: 1.000 sigma: 0.114 
maxBOLD estimate = 1.604


Trial 23: qplus Stimulus Selection
Stimulus: 0.505
Output value 0.000

Q+ parameters
slope: 0.234 semiSat: 0.560 beta: 0.969 sigma: 0.114 
maxBOLD estimate = 1.604


Trial 24: qplus Stimulus Selection
Stimulus: 0.588
Output value 0.901

Q+ parameters
slope: 0.183 semiSat: 0.560 beta: 1.062 sigma: 0.114 
maxBOLD estimate = 1.554


Trial 25: maxBOLD Stimulus Selection
Stimulus: 1.000
Output value 1.600

Q+ parameters
slope: 0.234 semiSat: 0.560 beta: 0.969 sigma: 0.114 
maxBOLD estimate = 1.651


Trial 26: qplus Stimulus Selection
Stimulus: 0.505
Output value 0.282

Q+ parameters
slope: 0.234 semiSat: 0.560 beta: 0.969 sigma: 0.114 
maxBOLD estimate = 1.600


Trial 27: qplus Stimulus Selection
Stimulus: 0.505
Output value 0.898

Q+ parameters
slope: 0.183 semiSat: 0.560 beta: 1.062 sigma: 0.114 
maxBOLD estimate = 1.550


Trial 28: qplus Stimulus Selection
Stimulus: 0.505
Output value 0.145

Q+ parameters
slope: 0.234 semiSat: 0.560 beta: 0.969 sigma: 0.114 
maxBOLD estimate = 1.646


Trial 29: qplus Stimulus Selection
Stimulus: 0.505
Output value 0.580

Q+ parameters
slope: 0.183 semiSat: 0.560 beta: 1.000 sigma: 0.114 
maxBOLD estimate = 1.595


Trial 30: baseline Stimulus Selection
Stimulus: 0.010
Output value -0.154

Q+ parameters
slope: 0.183 semiSat: 0.560 beta: 1.062 sigma: 0.114 
maxBOLD estimate = 1.595


Trial 31: qplus Stimulus Selection
Stimulus: 0.629
Output value 0.597

Q+ parameters
slope: 0.144 semiSat: 0.560 beta: 0.969 sigma: 0.114 
maxBOLD estimate = 1.695


Trial 32: qplus Stimulus Selection
Stimulus: 0.670
Output value 1.343

Q+ parameters
slope: 0.183 semiSat: 0.560 beta: 1.000 sigma: 0.114 
maxBOLD estimate = 1.642


Trial 33: qplus Stimulus Selection
Stimulus: 0.629
Output value 1.343

Q+ parameters
slope: 0.183 semiSat: 0.560 beta: 1.000 sigma: 0.114 
maxBOLD estimate = 1.642


Trial 34: qplus Stimulus Selection
Stimulus: 0.629
Output value 1.157

Q+ parameters
slope: 0.144 semiSat: 0.560 beta: 0.969 sigma: 0.114 
maxBOLD estimate = 1.642


Trial 35: maxBOLD Stimulus Selection
Stimulus: 1.000
Output value 1.843

Q+ parameters
slope: 0.183 semiSat: 0.560 beta: 1.062 sigma: 0.114 
maxBOLD estimate = 1.590


Trial 36: qplus Stimulus Selection
Stimulus: 0.629
Output value 0.893

Q+ parameters
slope: 0.144 semiSat: 0.560 beta: 0.969 sigma: 0.114 
maxBOLD estimate = 1.690


Trial 37: qplus Stimulus Selection
Stimulus: 0.794
Output value 1.786

Q+ parameters
slope: 0.144 semiSat: 0.560 beta: 1.000 sigma: 0.114 
maxBOLD estimate = 1.637


Trial 38: qplus Stimulus Selection
Stimulus: 0.588
Output value 1.191

Q+ parameters
slope: 0.144 semiSat: 0.560 beta: 1.000 sigma: 0.114 
maxBOLD estimate = 1.637


Trial 39: qplus Stimulus Selection
Stimulus: 0.588
Output value 0.721

Q+ parameters
slope: 0.144 semiSat: 0.560 beta: 0.969 sigma: 0.114 
maxBOLD estimate = 1.637


Trial 40: baseline Stimulus Selection
Stimulus: 0.010
Output value -0.306

Q+ parameters
slope: 0.144 semiSat: 0.560 beta: 1.062 sigma: 0.114 
maxBOLD estimate = 1.586


Trial 41: qplus Stimulus Selection
Stimulus: 0.423
Output value 0.306

Q+ parameters
slope: 0.144 semiSat: 0.560 beta: 1.000 sigma: 0.114 
maxBOLD estimate = 1.685


Trial 42: qplus Stimulus Selection
Stimulus: 0.423
Output value 0.689

Q+ parameters
slope: 0.113 semiSat: 0.560 beta: 1.125 sigma: 0.114 
maxBOLD estimate = 1.685


Trial 43: qplus Stimulus Selection
Stimulus: 0.670
Output value 0.754

Q+ parameters
slope: 0.113 semiSat: 0.560 beta: 0.875 sigma: 0.114 
maxBOLD estimate = 1.896


Trial 44: qplus Stimulus Selection
Stimulus: 0.918
Output value 1.602

Q+ parameters
slope: 0.113 semiSat: 0.560 beta: 1.062 sigma: 0.114 
maxBOLD estimate = 1.659


Trial 45: maxBOLD Stimulus Selection
Stimulus: 1.000
Output value 1.282

Q+ parameters
slope: 0.144 semiSat: 0.560 beta: 1.000 sigma: 0.114 
maxBOLD estimate = 1.762


Trial 46: qplus Stimulus Selection
Stimulus: 0.423
Output value -0.160

Q+ parameters
slope: 0.144 semiSat: 0.560 beta: 1.000 sigma: 0.114 
maxBOLD estimate = 1.762


Trial 47: qplus Stimulus Selection
Stimulus: 0.794
Output value 1.051

Q+ parameters
slope: 0.144 semiSat: 0.560 beta: 0.938 sigma: 0.114 
maxBOLD estimate = 1.762


Trial 48: qplus Stimulus Selection
Stimulus: 0.423
Output value -0.291

Q+ parameters
slope: 0.144 semiSat: 0.560 beta: 0.969 sigma: 0.114 
maxBOLD estimate = 1.652


Trial 49: qplus Stimulus Selection
Stimulus: 0.505
Output value 0.464

Q+ parameters
slope: 0.144 semiSat: 0.560 beta: 1.062 sigma: 0.114 
maxBOLD estimate = 1.601


Trial 50: baseline Stimulus Selection
Stimulus: 0.010
Output value -0.150

Q+ parameters
slope: 0.144 semiSat: 0.560 beta: 0.969 sigma: 0.114 
maxBOLD estimate = 1.701


Trial 51: qplus Stimulus Selection
Stimulus: 0.588
Output value 0.449

Q+ parameters
slope: 0.113 semiSat: 0.560 beta: 1.000 sigma: 0.114 
maxBOLD estimate = 1.647


Trial 52: qplus Stimulus Selection
Stimulus: 0.794
Output value 1.591

Q+ parameters
slope: 0.144 semiSat: 0.560 beta: 1.062 sigma: 0.114 
maxBOLD estimate = 1.647


Trial 53: qplus Stimulus Selection
Stimulus: 0.423
Output value 0.318

Q+ parameters
slope: 0.113 semiSat: 0.560 beta: 1.000 sigma: 0.114 
maxBOLD estimate = 1.750


Trial 54: qplus Stimulus Selection
Stimulus: 0.423
Output value 0.000

Q+ parameters
slope: 0.144 semiSat: 0.560 beta: 0.969 sigma: 0.114 
maxBOLD estimate = 1.750


Trial 55: maxBOLD Stimulus Selection
Stimulus: 1.000
Output value 1.965

Q+ parameters
slope: 0.144 semiSat: 0.560 beta: 1.062 sigma: 0.114 
maxBOLD estimate = 1.696


Trial 56: qplus Stimulus Selection
Stimulus: 0.505
Output value 0.317

Q+ parameters
slope: 0.144 semiSat: 0.560 beta: 0.969 sigma: 0.114 
maxBOLD estimate = 1.802


Trial 57: qplus Stimulus Selection
Stimulus: 0.794
Output value 1.076

Q+ parameters
slope: 0.144 semiSat: 0.560 beta: 0.969 sigma: 0.114 
maxBOLD estimate = 1.745


Trial 58: qplus Stimulus Selection
Stimulus: 0.794
Output value 1.960

Q+ parameters
slope: 0.144 semiSat: 0.560 beta: 1.062 sigma: 0.114 
maxBOLD estimate = 1.691


Trial 59: qplus Stimulus Selection
Stimulus: 0.505
Output value -0.316

Q+ parameters
slope: 0.144 semiSat: 0.560 beta: 0.969 sigma: 0.114 
maxBOLD estimate = 1.796


Trial 60: baseline Stimulus Selection
Stimulus: 0.010
Output value 0.277

Q+ parameters
slope: 0.234 semiSat: 0.560 beta: 0.875 sigma: 0.114 
maxBOLD estimate = 1.740


Trial 61: qplus Stimulus Selection
Stimulus: 0.546
Output value 0.294

Q+ parameters
slope: 0.234 semiSat: 0.560 beta: 1.062 sigma: 0.166 
maxBOLD estimate = 1.523


Trial 62: qplus Stimulus Selection
Stimulus: 0.505
Output value 0.469

Q+ parameters
slope: 0.183 semiSat: 0.560 beta: 1.062 sigma: 0.166 
maxBOLD estimate = 1.618


Trial 63: qplus Stimulus Selection
Stimulus: 0.505
Output value -0.137

Q+ parameters
slope: 0.234 semiSat: 0.560 beta: 0.875 sigma: 0.114 
maxBOLD estimate = 1.719


Trial 64: qplus Stimulus Selection
Stimulus: 0.588
Output value 0.291

Q+ parameters
slope: 0.183 semiSat: 0.560 beta: 1.062 sigma: 0.166 
maxBOLD estimate = 1.504


Trial 65: maxBOLD Stimulus Selection
Stimulus: 1.000
Output value 1.408

Q+ parameters
slope: 0.234 semiSat: 0.560 beta: 0.969 sigma: 0.166 
maxBOLD estimate = 1.598


Trial 66: qplus Stimulus Selection
Stimulus: 0.546
Output value -0.273

Q+ parameters
slope: 0.234 semiSat: 0.560 beta: 0.969 sigma: 0.166 
maxBOLD estimate = 1.548


Trial 67: qplus Stimulus Selection
Stimulus: 0.546
Output value 0.528

Q+ parameters
slope: 0.234 semiSat: 0.560 beta: 0.969 sigma: 0.166 
maxBOLD estimate = 1.500


Trial 68: qplus Stimulus Selection
Stimulus: 0.505
Output value -0.281

Q+ parameters
slope: 0.298 semiSat: 0.560 beta: 1.062 sigma: 0.166 
maxBOLD estimate = 1.453


Trial 69: qplus Stimulus Selection
Stimulus: 0.505
Output value 0.272

Q+ parameters
slope: 0.234 semiSat: 0.560 beta: 0.969 sigma: 0.166 
maxBOLD estimate = 1.544


Trial 70: baseline Stimulus Selection
Stimulus: 0.010
Output value -0.144

Q+ parameters
slope: 0.298 semiSat: 0.560 beta: 1.062 sigma: 0.166 
maxBOLD estimate = 1.496


Trial 71: qplus Stimulus Selection
Stimulus: 0.505
Output value 0.000

Q+ parameters
slope: 0.234 semiSat: 0.560 beta: 0.969 sigma: 0.166 
maxBOLD estimate = 1.589


Trial 72: qplus Stimulus Selection
Stimulus: 0.546
Output value 1.041

Q+ parameters
slope: 0.183 semiSat: 0.560 beta: 1.062 sigma: 0.166 
maxBOLD estimate = 1.539


Trial 73: qplus Stimulus Selection
Stimulus: 0.505
Output value 0.288

Q+ parameters
slope: 0.234 semiSat: 0.560 beta: 0.969 sigma: 0.114 
maxBOLD estimate = 1.636


Trial 74: qplus Stimulus Selection
Stimulus: 0.546
Output value 0.698

Q+ parameters
slope: 0.234 semiSat: 0.560 beta: 0.969 sigma: 0.166 
maxBOLD estimate = 1.585


Trial 75: maxBOLD Stimulus Selection
Stimulus: 1.000
Output value 1.186

Q+ parameters
slope: 0.183 semiSat: 0.560 beta: 1.062 sigma: 0.166 
maxBOLD estimate = 1.535


Trial 76: qplus Stimulus Selection
Stimulus: 0.505
Output value 0.144

Q+ parameters
slope: 0.234 semiSat: 0.560 beta: 0.969 sigma: 0.166 
maxBOLD estimate = 1.631


Trial 77: qplus Stimulus Selection
Stimulus: 0.546
Output value 0.835

Q+ parameters
slope: 0.234 semiSat: 0.560 beta: 0.969 sigma: 0.166 
maxBOLD estimate = 1.580


Trial 78: qplus Stimulus Selection
Stimulus: 0.546
Output value 1.035

Q+ parameters
slope: 0.183 semiSat: 0.560 beta: 1.062 sigma: 0.166 
maxBOLD estimate = 1.531


Trial 79: qplus Stimulus Selection
Stimulus: 0.588
Output value 1.003

Q+ parameters
slope: 0.234 semiSat: 0.560 beta: 0.969 sigma: 0.166 
maxBOLD estimate = 1.626


Trial 80: baseline Stimulus Selection
Stimulus: 0.010
Output value -0.304

Q+ parameters
slope: 0.183 semiSat: 0.560 beta: 1.062 sigma: 0.166 
maxBOLD estimate = 1.575


Trial 81: qplus Stimulus Selection
Stimulus: 0.588
Output value 0.885

Q+ parameters
slope: 0.144 semiSat: 0.560 beta: 0.969 sigma: 0.114 
maxBOLD estimate = 1.674


Trial 82: qplus Stimulus Selection
Stimulus: 0.588
Output value 1.096

Q+ parameters
slope: 0.183 semiSat: 0.560 beta: 1.062 sigma: 0.166 
maxBOLD estimate = 1.622


Trial 83: qplus Stimulus Selection
Stimulus: 0.505
Output value 0.607

Q+ parameters
slope: 0.144 semiSat: 0.560 beta: 0.969 sigma: 0.114 
maxBOLD estimate = 1.723


Trial 84: qplus Stimulus Selection
Stimulus: 0.588
Output value 1.669

Q+ parameters
slope: 0.183 semiSat: 0.560 beta: 1.000 sigma: 0.114 
maxBOLD estimate = 1.669


Trial 85: maxBOLD Stimulus Selection
Stimulus: 1.000
Output value 1.821

Q+ parameters
slope: 0.183 semiSat: 0.560 beta: 1.000 sigma: 0.114 
maxBOLD estimate = 1.669


Trial 86: qplus Stimulus Selection
Stimulus: 0.629
Output value 1.821

Q+ parameters
slope: 0.183 semiSat: 0.560 beta: 1.000 sigma: 0.114 
maxBOLD estimate = 1.669


Trial 87: qplus Stimulus Selection
Stimulus: 0.505
Output value 0.303

Q+ parameters
slope: 0.183 semiSat: 0.560 beta: 1.000 sigma: 0.114 
maxBOLD estimate = 1.669


Trial 88: qplus Stimulus Selection
Stimulus: 0.505
Output value 0.759

Q+ parameters
slope: 0.183 semiSat: 0.560 beta: 1.000 sigma: 0.114 
maxBOLD estimate = 1.669


Trial 89: qplus Stimulus Selection
Stimulus: 0.588
Output value 1.062

Q+ parameters
slope: 0.183 semiSat: 0.560 beta: 1.000 sigma: 0.114 
maxBOLD estimate = 1.669


Trial 90: baseline Stimulus Selection
Stimulus: 0.010
Output value 0.484

Q+ parameters
slope: 0.183 semiSat: 0.560 beta: 1.062 sigma: 0.166 
maxBOLD estimate = 1.669


Trial 91: qplus Stimulus Selection
Stimulus: 0.546
Output value 0.469

Q+ parameters
slope: 0.144 semiSat: 0.560 beta: 0.969 sigma: 0.114 
maxBOLD estimate = 1.773


Trial 92: qplus Stimulus Selection
Stimulus: 0.546
Output value 1.093

Q+ parameters
slope: 0.183 semiSat: 0.560 beta: 1.000 sigma: 0.114 
maxBOLD estimate = 1.718


Trial 93: qplus Stimulus Selection
Stimulus: 0.588
Output value 0.757

Q+ parameters
slope: 0.144 semiSat: 0.560 beta: 0.969 sigma: 0.114 
maxBOLD estimate = 1.718


Trial 94: qplus Stimulus Selection
Stimulus: 0.588
Output value 1.210

Q+ parameters
slope: 0.183 semiSat: 0.560 beta: 1.000 sigma: 0.114 
maxBOLD estimate = 1.664


Trial 95: maxBOLD Stimulus Selection
Stimulus: 1.000
Output value 1.929

Q+ parameters
slope: 0.183 semiSat: 0.560 beta: 1.062 sigma: 0.114 
maxBOLD estimate = 1.664


Trial 96: qplus Stimulus Selection
Stimulus: 0.711
Output value 1.402

Q+ parameters
slope: 0.144 semiSat: 0.560 beta: 0.969 sigma: 0.114 
maxBOLD estimate = 1.768


Trial 97: qplus Stimulus Selection
Stimulus: 0.588
Output value 0.151

Q+ parameters
slope: 0.144 semiSat: 0.560 beta: 0.969 sigma: 0.114 
maxBOLD estimate = 1.713


Trial 98: qplus Stimulus Selection
Stimulus: 0.588
Output value 0.754

Q+ parameters
slope: 0.183 semiSat: 0.560 beta: 1.000 sigma: 0.114 
maxBOLD estimate = 1.660


Trial 99: qplus Stimulus Selection
Stimulus: 0.629
Output value 1.763

Q+ parameters
slope: 0.183 semiSat: 0.560 beta: 1.062 sigma: 0.114 
maxBOLD estimate = 1.660


Trial 100: baseline Stimulus Selection
Stimulus: 0.010
Output value 0.155

Q+ parameters
slope: 0.144 semiSat: 0.560 beta: 0.969 sigma: 0.114 
maxBOLD estimate = 1.763

--------------------------------------------------------------
FINAL VALUES
--------------------------------------------------------------
Simulated parameters:              slope: 0.200 semiSat: 0.570 beta: 1.000 sigma: 0.150 
Max posterior QUEST+ parameters:   slope: 0.144 semiSat: 0.560 beta: 0.969 sigma: 0.114 
Max BADS parameters:               slope: 0.183 semiSat: 0.576 beta: 1.000 sigma: 0.132 
maxBOLD estimate: 1.707
