/blue/stevenweisberg/stevenweisberg/MATLAB/projects/Weisberg_Aguirre_2020/scripts/run_sims
c0700a-s1.ufhpc
Tue Apr  6 20:05:10 EDT 2021
mkdir: cannot create directory ‘/blue/stevenweisberg/stevenweisberg/qpfMRIResults/model_parameter_set2/’: File exists
cp: cannot stat ‘/blue/stevenweisberg/stevenweisberg/qpfMRIResults/deploy_sim.sh’: No such file or directory
cp: cannot stat ‘/blue/stevenweisberg/stevenweisberg/qpfMRIResults/sim_wrapper.sh’: No such file or directory
------------------------------------------
Setting up environment variables
---
LD_LIBRARY_PATH is .:/apps/matlab/mcr/2020b/v99/runtime/glnxa64:/apps/matlab/mcr/2020b/v99/bin/glnxa64:/apps/matlab/mcr/2020b/v99/sys/os/glnxa64:/apps/matlab/mcr/2020b/v99/sys/opengl/lib/glnxa64
Warning: Executing startup failed in matlabrc.
This indicates a potentially serious problem in your MATLAB setup, which should be resolved as soon as possible.  Error detected was:
MATLAB:mpath:PathAlterationNotSupported
Modifying the search path is not supported by MATLAB Compiler. Remove functions that modify the search path from your MATLAB code. To make files visible to your deployed application, add the parent folder to your MATLAB session.
Warning: No stimulus domain specified. Defaulting to values between 0.01 and 1.
> In qpfmriParams (line 182)
In compiledSimulate (line 205)
Stimulus domain added from input.
Parameter slope specified as 0.20000
Parameter semiSat specified as 0.57000
Parameter beta specified as 1.00000
Parameter sigma specified as 0.15000
seed = 99seed = 104seed = 111seed = 111seed = 115seed = 101Initializing Q+. This may take a minute...
Elapsed time is 7.897073 seconds.
Simulated parameters:
slope: 0.200 semiSat: 0.570 beta: 1.000 sigma: 0.150 

Trial 1: baseline Stimulus Selection
Stimulus: 0.010
Output value 0.000

Q+ parameters
slope: 0.026 semiSat: 0.890 beta: 0.500 sigma: 0.010 
maxBOLD estimate = 1.000


Trial 2: maxBOLD Stimulus Selection
Stimulus: 1.000
Output value 1.364

Q+ parameters
slope: 0.055 semiSat: 0.670 beta: 1.250 sigma: 0.010 
maxBOLD estimate = 1.000


Trial 3: baseline Stimulus Selection
Stimulus: 0.010
Output value -0.284

Q+ parameters
slope: 0.055 semiSat: 0.670 beta: 1.250 sigma: 0.166 
maxBOLD estimate = 1.250


Trial 4: maxBOLD Stimulus Selection
Stimulus: 1.000
Output value 1.243

Q+ parameters
slope: 0.055 semiSat: 0.670 beta: 1.250 sigma: 0.218 
maxBOLD estimate = 1.562


Trial 5: baseline Stimulus Selection
Stimulus: 0.010
Output value -0.400

Q+ parameters
slope: 0.043 semiSat: 0.780 beta: 1.125 sigma: 0.114 
maxBOLD estimate = 1.953


Trial 6: maxBOLD Stimulus Selection
Stimulus: 1.000
Output value 1.548

Q+ parameters
slope: 0.043 semiSat: 0.780 beta: 0.969 sigma: 0.114 
maxBOLD estimate = 2.197


Trial 7: qplus Stimulus Selection
Stimulus: 0.588
Output value 0.822

Q+ parameters
slope: 0.043 semiSat: 0.780 beta: 1.062 sigma: 0.114 
maxBOLD estimate = 2.129


Trial 8: qplus Stimulus Selection
Stimulus: 0.711
Output value 1.234

Q+ parameters
slope: 0.183 semiSat: 0.560 beta: 0.750 sigma: 0.062 
maxBOLD estimate = 2.262


Trial 9: qplus Stimulus Selection
Stimulus: 0.423
Output value 0.000

Q+ parameters
slope: 0.234 semiSat: 0.560 beta: 0.875 sigma: 0.114 
maxBOLD estimate = 1.696


Trial 10: baseline Stimulus Selection
Stimulus: 0.010
Output value 0.000

Q+ parameters
slope: 0.144 semiSat: 0.560 beta: 1.062 sigma: 0.114 
maxBOLD estimate = 1.484


Trial 11: qplus Stimulus Selection
Stimulus: 0.505
Output value 0.556

Q+ parameters
slope: 0.144 semiSat: 0.560 beta: 0.969 sigma: 0.114 
maxBOLD estimate = 1.577


Trial 12: qplus Stimulus Selection
Stimulus: 0.629
Output value 1.476

Q+ parameters
slope: 0.144 semiSat: 0.560 beta: 1.062 sigma: 0.114 
maxBOLD estimate = 1.528


Trial 13: qplus Stimulus Selection
Stimulus: 0.505
Output value 0.277

Q+ parameters
slope: 0.144 semiSat: 0.560 beta: 0.938 sigma: 0.114 
maxBOLD estimate = 1.623


Trial 14: qplus Stimulus Selection
Stimulus: 0.629
Output value 1.522

Q+ parameters
slope: 0.183 semiSat: 0.560 beta: 1.000 sigma: 0.114 
maxBOLD estimate = 1.522


Trial 15: maxBOLD Stimulus Selection
Stimulus: 1.000
Output value 1.427

Q+ parameters
slope: 0.144 semiSat: 0.560 beta: 1.031 sigma: 0.114 
maxBOLD estimate = 1.522


Trial 16: qplus Stimulus Selection
Stimulus: 0.505
Output value 0.267

Q+ parameters
slope: 0.144 semiSat: 0.560 beta: 0.938 sigma: 0.114 
maxBOLD estimate = 1.569


Trial 17: qplus Stimulus Selection
Stimulus: 0.588
Output value 0.965

Q+ parameters
slope: 0.144 semiSat: 0.560 beta: 1.031 sigma: 0.114 
maxBOLD estimate = 1.471


Trial 18: qplus Stimulus Selection
Stimulus: 0.505
Output value 0.388

Q+ parameters
slope: 0.183 semiSat: 0.560 beta: 0.938 sigma: 0.114 
maxBOLD estimate = 1.517


Trial 19: qplus Stimulus Selection
Stimulus: 0.629
Output value 0.582

Q+ parameters
slope: 0.089 semiSat: 0.670 beta: 1.500 sigma: 0.166 
maxBOLD estimate = 1.422


Trial 20: baseline Stimulus Selection
Stimulus: 0.010
Output value -0.145

Q+ parameters
slope: 0.070 semiSat: 0.670 beta: 0.750 sigma: 0.114 
maxBOLD estimate = 2.134


Trial 21: qplus Stimulus Selection
Stimulus: 0.753
Output value 2.618

Q+ parameters
slope: 0.113 semiSat: 0.670 beta: 1.500 sigma: 0.166 
maxBOLD estimate = 1.600


Trial 22: qplus Stimulus Selection
Stimulus: 0.629
Output value 0.818

Q+ parameters
slope: 0.070 semiSat: 0.670 beta: 0.750 sigma: 0.114 
maxBOLD estimate = 2.400


Trial 23: qplus Stimulus Selection
Stimulus: 1.000
Output value 1.227

Q+ parameters
slope: 0.183 semiSat: 0.560 beta: 0.750 sigma: 0.114 
maxBOLD estimate = 1.800


Trial 24: qplus Stimulus Selection
Stimulus: 0.629
Output value 1.565

Q+ parameters
slope: 0.183 semiSat: 0.560 beta: 1.062 sigma: 0.114 
maxBOLD estimate = 1.350


Trial 25: maxBOLD Stimulus Selection
Stimulus: 1.000
Output value 1.663

Q+ parameters
slope: 0.183 semiSat: 0.560 beta: 1.062 sigma: 0.166 
maxBOLD estimate = 1.434


Trial 26: qplus Stimulus Selection
Stimulus: 0.505
Output value 0.294

Q+ parameters
slope: 0.183 semiSat: 0.560 beta: 1.062 sigma: 0.166 
maxBOLD estimate = 1.524


Trial 27: qplus Stimulus Selection
Stimulus: 0.629
Output value 1.426

Q+ parameters
slope: 0.144 semiSat: 0.560 beta: 0.969 sigma: 0.166 
maxBOLD estimate = 1.619


Trial 28: qplus Stimulus Selection
Stimulus: 0.588
Output value 0.691

Q+ parameters
slope: 0.144 semiSat: 0.560 beta: 0.969 sigma: 0.114 
maxBOLD estimate = 1.569


Trial 29: qplus Stimulus Selection
Stimulus: 0.588
Output value 0.734

Q+ parameters
slope: 0.183 semiSat: 0.560 beta: 1.062 sigma: 0.166 
maxBOLD estimate = 1.520


Trial 30: baseline Stimulus Selection
Stimulus: 0.010
Output value 0.128

Q+ parameters
slope: 0.234 semiSat: 0.560 beta: 0.875 sigma: 0.114 
maxBOLD estimate = 1.615


Trial 31: qplus Stimulus Selection
Stimulus: 0.629
Output value 0.723

Q+ parameters
slope: 0.144 semiSat: 0.560 beta: 1.125 sigma: 0.114 
maxBOLD estimate = 1.413


Trial 32: qplus Stimulus Selection
Stimulus: 0.505
Output value -0.154

Q+ parameters
slope: 0.183 semiSat: 0.560 beta: 1.062 sigma: 0.166 
maxBOLD estimate = 1.590


Trial 33: qplus Stimulus Selection
Stimulus: 0.588
Output value 1.612

Q+ parameters
slope: 0.089 semiSat: 0.670 beta: 1.500 sigma: 0.166 
maxBOLD estimate = 1.689


Trial 34: qplus Stimulus Selection
Stimulus: 0.629
Output value 0.864

Q+ parameters
slope: 0.070 semiSat: 0.670 beta: 0.750 sigma: 0.114 
maxBOLD estimate = 2.533


Trial 35: maxBOLD Stimulus Selection
Stimulus: 1.000
Output value 1.166

Q+ parameters
slope: 0.183 semiSat: 0.560 beta: 0.750 sigma: 0.114 
maxBOLD estimate = 1.900


Trial 36: qplus Stimulus Selection
Stimulus: 1.000
Output value 1.514

Q+ parameters
slope: 0.183 semiSat: 0.560 beta: 1.062 sigma: 0.114 
maxBOLD estimate = 1.425


Trial 37: qplus Stimulus Selection
Stimulus: 0.505
Output value 0.000

Q+ parameters
slope: 0.183 semiSat: 0.560 beta: 1.062 sigma: 0.166 
maxBOLD estimate = 1.514


Trial 38: qplus Stimulus Selection
Stimulus: 0.505
Output value 0.567

Q+ parameters
slope: 0.234 semiSat: 0.560 beta: 0.969 sigma: 0.166 
maxBOLD estimate = 1.609


Trial 39: qplus Stimulus Selection
Stimulus: 0.629
Output value 0.961

Q+ parameters
slope: 0.144 semiSat: 0.560 beta: 0.969 sigma: 0.114 
maxBOLD estimate = 1.558


Trial 40: baseline Stimulus Selection
Stimulus: 0.010
Output value 0.412

Q+ parameters
slope: 0.234 semiSat: 0.560 beta: 1.000 sigma: 0.166 
maxBOLD estimate = 1.510


Trial 41: qplus Stimulus Selection
Stimulus: 0.629
Output value 0.729

Q+ parameters
slope: 0.183 semiSat: 0.560 beta: 1.062 sigma: 0.166 
maxBOLD estimate = 1.510


Trial 42: qplus Stimulus Selection
Stimulus: 0.505
Output value 0.565

Q+ parameters
slope: 0.144 semiSat: 0.560 beta: 0.969 sigma: 0.166 
maxBOLD estimate = 1.604


Trial 43: qplus Stimulus Selection
Stimulus: 0.629
Output value 0.684

Q+ parameters
slope: 0.144 semiSat: 0.560 beta: 0.969 sigma: 0.114 
maxBOLD estimate = 1.554


Trial 44: qplus Stimulus Selection
Stimulus: 0.588
Output value 0.000

Q+ parameters
slope: 0.183 semiSat: 0.560 beta: 1.062 sigma: 0.166 
maxBOLD estimate = 1.505


Trial 45: maxBOLD Stimulus Selection
Stimulus: 1.000
Output value 0.763

Q+ parameters
slope: 0.234 semiSat: 0.560 beta: 0.875 sigma: 0.166 
maxBOLD estimate = 1.599


Trial 46: qplus Stimulus Selection
Stimulus: 0.629
Output value 1.081

Q+ parameters
slope: 0.183 semiSat: 0.560 beta: 1.062 sigma: 0.166 
maxBOLD estimate = 1.400


Trial 47: qplus Stimulus Selection
Stimulus: 0.505
Output value 0.000

Q+ parameters
slope: 0.234 semiSat: 0.560 beta: 1.000 sigma: 0.166 
maxBOLD estimate = 1.487


Trial 48: qplus Stimulus Selection
Stimulus: 0.505
Output value 0.000

Q+ parameters
slope: 0.234 semiSat: 0.560 beta: 1.000 sigma: 0.166 
maxBOLD estimate = 1.487


Trial 49: qplus Stimulus Selection
Stimulus: 0.546
Output value -0.131

Q+ parameters
slope: 0.298 semiSat: 0.560 beta: 0.969 sigma: 0.166 
maxBOLD estimate = 1.487


Trial 50: baseline Stimulus Selection
Stimulus: 0.010
Output value -0.254

Q+ parameters
slope: 0.298 semiSat: 0.560 beta: 0.969 sigma: 0.166 
maxBOLD estimate = 1.441


Trial 51: qplus Stimulus Selection
Stimulus: 0.505
Output value -0.246

Q+ parameters
slope: 0.298 semiSat: 0.560 beta: 0.969 sigma: 0.166 
maxBOLD estimate = 1.396


Trial 52: qplus Stimulus Selection
Stimulus: 0.546
Output value 0.522

Q+ parameters
slope: 0.298 semiSat: 0.560 beta: 1.062 sigma: 0.166 
maxBOLD estimate = 1.352


Trial 53: qplus Stimulus Selection
Stimulus: 0.546
Output value 0.127

Q+ parameters
slope: 0.298 semiSat: 0.560 beta: 0.969 sigma: 0.166 
maxBOLD estimate = 1.436


Trial 54: qplus Stimulus Selection
Stimulus: 0.588
Output value 0.123

Q+ parameters
slope: 0.298 semiSat: 0.560 beta: 0.969 sigma: 0.166 
maxBOLD estimate = 1.392


Trial 55: maxBOLD Stimulus Selection
Stimulus: 1.000
Output value 0.950

Q+ parameters
slope: 0.298 semiSat: 0.560 beta: 0.969 sigma: 0.166 
maxBOLD estimate = 1.348


Trial 56: qplus Stimulus Selection
Stimulus: 0.546
Output value 0.126

Q+ parameters
slope: 0.379 semiSat: 0.560 beta: 1.062 sigma: 0.218 
maxBOLD estimate = 1.306


Trial 57: qplus Stimulus Selection
Stimulus: 0.546
Output value 0.122

Q+ parameters
slope: 0.298 semiSat: 0.560 beta: 0.969 sigma: 0.166 
maxBOLD estimate = 1.388


Trial 58: qplus Stimulus Selection
Stimulus: 0.546
Output value 0.592

Q+ parameters
slope: 0.298 semiSat: 0.560 beta: 0.969 sigma: 0.166 
maxBOLD estimate = 1.344


Trial 59: qplus Stimulus Selection
Stimulus: 0.546
Output value 0.880

Q+ parameters
slope: 0.379 semiSat: 0.560 beta: 1.062 sigma: 0.218 
maxBOLD estimate = 1.302


Trial 60: baseline Stimulus Selection
Stimulus: 0.010
Output value 0.000

Q+ parameters
slope: 0.298 semiSat: 0.560 beta: 0.969 sigma: 0.166 
maxBOLD estimate = 1.384


Trial 61: qplus Stimulus Selection
Stimulus: 0.588
Output value 0.708

Q+ parameters
slope: 0.298 semiSat: 0.560 beta: 0.969 sigma: 0.166 
maxBOLD estimate = 1.340


Trial 62: qplus Stimulus Selection
Stimulus: 0.588
Output value 1.129

Q+ parameters
slope: 0.379 semiSat: 0.560 beta: 1.062 sigma: 0.218 
maxBOLD estimate = 1.298


Trial 63: qplus Stimulus Selection
Stimulus: 0.546
Output value 0.243

Q+ parameters
slope: 0.298 semiSat: 0.560 beta: 0.969 sigma: 0.166 
maxBOLD estimate = 1.380


Trial 64: qplus Stimulus Selection
Stimulus: 0.588
Output value 0.706

Q+ parameters
slope: 0.298 semiSat: 0.560 beta: 0.969 sigma: 0.166 
maxBOLD estimate = 1.336


Trial 65: maxBOLD Stimulus Selection
Stimulus: 1.000
Output value 1.368

Q+ parameters
slope: 0.298 semiSat: 0.560 beta: 0.969 sigma: 0.166 
maxBOLD estimate = 1.295


Trial 66: qplus Stimulus Selection
Stimulus: 0.588
Output value 0.552

Q+ parameters
slope: 0.298 semiSat: 0.560 beta: 0.969 sigma: 0.166 
maxBOLD estimate = 1.254


Trial 67: qplus Stimulus Selection
Stimulus: 0.588
Output value 0.235

Q+ parameters
slope: 0.379 semiSat: 0.560 beta: 1.062 sigma: 0.218 
maxBOLD estimate = 1.215


Trial 68: qplus Stimulus Selection
Stimulus: 0.546
Output value 0.341

Q+ parameters
slope: 0.298 semiSat: 0.560 beta: 0.969 sigma: 0.166 
maxBOLD estimate = 1.291


Trial 69: qplus Stimulus Selection
Stimulus: 0.588
Output value 1.101

Q+ parameters
slope: 0.298 semiSat: 0.560 beta: 0.969 sigma: 0.166 
maxBOLD estimate = 1.251


Trial 70: baseline Stimulus Selection
Stimulus: 0.010
Output value -0.234

Q+ parameters
slope: 0.379 semiSat: 0.560 beta: 1.062 sigma: 0.218 
maxBOLD estimate = 1.212


Trial 71: qplus Stimulus Selection
Stimulus: 0.546
Output value 1.020

Q+ parameters
slope: 0.298 semiSat: 0.560 beta: 0.969 sigma: 0.166 
maxBOLD estimate = 1.287


Trial 72: qplus Stimulus Selection
Stimulus: 0.588
Output value 1.325

Q+ parameters
slope: 0.379 semiSat: 0.560 beta: 1.062 sigma: 0.218 
maxBOLD estimate = 1.247


Trial 73: qplus Stimulus Selection
Stimulus: 0.546
Output value 0.467

Q+ parameters
slope: 0.298 semiSat: 0.560 beta: 0.969 sigma: 0.166 
maxBOLD estimate = 1.325


Trial 74: qplus Stimulus Selection
Stimulus: 0.588
Output value 0.904

Q+ parameters
slope: 0.298 semiSat: 0.560 beta: 0.969 sigma: 0.166 
maxBOLD estimate = 1.284


Trial 75: maxBOLD Stimulus Selection
Stimulus: 1.000
Output value 1.441

Q+ parameters
slope: 0.379 semiSat: 0.560 beta: 1.062 sigma: 0.218 
maxBOLD estimate = 1.243


Trial 76: qplus Stimulus Selection
Stimulus: 0.505
Output value 0.233

Q+ parameters
slope: 0.298 semiSat: 0.560 beta: 0.969 sigma: 0.166 
maxBOLD estimate = 1.321


Trial 77: qplus Stimulus Selection
Stimulus: 0.588
Output value 0.676

Q+ parameters
slope: 0.298 semiSat: 0.560 beta: 0.969 sigma: 0.166 
maxBOLD estimate = 1.280


Trial 78: qplus Stimulus Selection
Stimulus: 0.546
Output value 0.958

Q+ parameters
slope: 0.379 semiSat: 0.560 beta: 1.062 sigma: 0.218 
maxBOLD estimate = 1.240


Trial 79: qplus Stimulus Selection
Stimulus: 0.505
Output value 0.696

Q+ parameters
slope: 0.298 semiSat: 0.560 beta: 0.969 sigma: 0.166 
maxBOLD estimate = 1.317


Trial 80: baseline Stimulus Selection
Stimulus: 0.010
Output value 0.000

Q+ parameters
slope: 0.183 semiSat: 0.560 beta: 1.062 sigma: 0.166 
maxBOLD estimate = 1.276


Trial 81: qplus Stimulus Selection
Stimulus: 0.505
Output value 0.597

Q+ parameters
slope: 0.298 semiSat: 0.560 beta: 0.969 sigma: 0.166 
maxBOLD estimate = 1.356


Trial 82: qplus Stimulus Selection
Stimulus: 0.546
Output value -0.231

Q+ parameters
slope: 0.298 semiSat: 0.560 beta: 0.969 sigma: 0.166 
maxBOLD estimate = 1.314


Trial 83: qplus Stimulus Selection
Stimulus: 0.546
Output value -0.123

Q+ parameters
slope: 0.379 semiSat: 0.560 beta: 1.062 sigma: 0.218 
maxBOLD estimate = 1.273


Trial 84: qplus Stimulus Selection
Stimulus: 0.505
Output value 0.000

Q+ parameters
slope: 0.298 semiSat: 0.560 beta: 0.969 sigma: 0.166 
maxBOLD estimate = 1.352


Trial 85: maxBOLD Stimulus Selection
Stimulus: 1.000
Output value 1.154

Q+ parameters
slope: 0.298 semiSat: 0.560 beta: 0.969 sigma: 0.166 
maxBOLD estimate = 1.310


Trial 86: qplus Stimulus Selection
Stimulus: 0.588
Output value 1.103

Q+ parameters
slope: 0.379 semiSat: 0.560 beta: 1.062 sigma: 0.218 
maxBOLD estimate = 1.269


Trial 87: qplus Stimulus Selection
Stimulus: 0.505
Output value 0.000

Q+ parameters
slope: 0.298 semiSat: 0.560 beta: 0.969 sigma: 0.166 
maxBOLD estimate = 1.348


Trial 88: qplus Stimulus Selection
Stimulus: 0.588
Output value 1.035

Q+ parameters
slope: 0.298 semiSat: 0.560 beta: 0.969 sigma: 0.166 
maxBOLD estimate = 1.306


Trial 89: qplus Stimulus Selection
Stimulus: 0.588
Output value 0.446

Q+ parameters
slope: 0.298 semiSat: 0.560 beta: 0.969 sigma: 0.166 
maxBOLD estimate = 1.265


Trial 90: baseline Stimulus Selection
Stimulus: 0.010
Output value -0.251

Q+ parameters
slope: 0.183 semiSat: 0.560 beta: 1.125 sigma: 0.166 
maxBOLD estimate = 1.226


Trial 91: qplus Stimulus Selection
Stimulus: 0.505
Output value 0.364

Q+ parameters
slope: 0.298 semiSat: 0.560 beta: 0.969 sigma: 0.166 
maxBOLD estimate = 1.379


Trial 92: qplus Stimulus Selection
Stimulus: 0.546
Output value 0.118

Q+ parameters
slope: 0.298 semiSat: 0.560 beta: 0.969 sigma: 0.166 
maxBOLD estimate = 1.336


Trial 93: qplus Stimulus Selection
Stimulus: 0.546
Output value 0.529

Q+ parameters
slope: 0.183 semiSat: 0.560 beta: 1.125 sigma: 0.166 
maxBOLD estimate = 1.294


Trial 94: qplus Stimulus Selection
Stimulus: 0.505
Output value 0.128

Q+ parameters
slope: 0.298 semiSat: 0.560 beta: 0.969 sigma: 0.166 
maxBOLD estimate = 1.456


Trial 95: maxBOLD Stimulus Selection
Stimulus: 1.000
Output value 0.192

Q+ parameters
slope: 0.483 semiSat: 0.560 beta: 0.750 sigma: 0.218 
maxBOLD estimate = 1.410


Trial 96: qplus Stimulus Selection
Stimulus: 0.588
Output value 0.962

Q+ parameters
slope: 0.298 semiSat: 0.560 beta: 1.250 sigma: 0.218 
maxBOLD estimate = 1.058


Trial 97: qplus Stimulus Selection
Stimulus: 0.588
Output value 0.815

Q+ parameters
slope: 0.298 semiSat: 0.560 beta: 0.969 sigma: 0.166 
maxBOLD estimate = 1.322


Trial 98: qplus Stimulus Selection
Stimulus: 0.546
Output value 0.917

Q+ parameters
slope: 0.183 semiSat: 0.560 beta: 1.125 sigma: 0.166 
maxBOLD estimate = 1.281


Trial 99: qplus Stimulus Selection
Stimulus: 0.505
Output value 0.888

Q+ parameters
slope: 0.298 semiSat: 0.560 beta: 0.969 sigma: 0.166 
maxBOLD estimate = 1.441


Trial 100: baseline Stimulus Selection
Stimulus: 0.010
Output value 0.369

Q+ parameters
slope: 0.298 semiSat: 0.560 beta: 0.969 sigma: 0.166 
maxBOLD estimate = 1.396

--------------------------------------------------------------
FINAL VALUES
--------------------------------------------------------------
Simulated parameters:              slope: 0.200 semiSat: 0.570 beta: 1.000 sigma: 0.150 
Max posterior QUEST+ parameters:   slope: 0.234 semiSat: 0.560 beta: 0.750 sigma: 0.166 
Max BADS parameters:               slope: 0.148 semiSat: 0.600 beta: 1.000 sigma: 0.152 
maxBOLD estimate: 1.694
