/blue/stevenweisberg/stevenweisberg/MATLAB/projects/Weisberg_Aguirre_2020/scripts/run_sims
c0700a-s2.ufhpc
Wed Apr  7 04:35:05 EDT 2021
mkdir: cannot create directory ‘/blue/stevenweisberg/stevenweisberg/qpfMRIResults/model_parameter_set2/’: File exists
cp: cannot stat ‘/blue/stevenweisberg/stevenweisberg/qpfMRIResults/deploy_sim.sh’: No such file or directory
cp: cannot stat ‘/blue/stevenweisberg/stevenweisberg/qpfMRIResults/sim_wrapper.sh’: No such file or directory
------------------------------------------
Setting up environment variables
---
LD_LIBRARY_PATH is .:/apps/matlab/mcr/2020b/v99/runtime/glnxa64:/apps/matlab/mcr/2020b/v99/bin/glnxa64:/apps/matlab/mcr/2020b/v99/sys/os/glnxa64:/apps/matlab/mcr/2020b/v99/sys/opengl/lib/glnxa64
Warning: Executing startup failed in matlabrc.
This indicates a potentially serious problem in your MATLAB setup, which should be resolved as soon as possible.  Error detected was:
MATLAB:mpath:PathAlterationNotSupported
Modifying the search path is not supported by MATLAB Compiler. Remove functions that modify the search path from your MATLAB code. To make files visible to your deployed application, add the parent folder to your MATLAB session.
Warning: No stimulus domain specified. Defaulting to values between 0.01 and 1.
> In qpfmriParams (line 182)
In compiledSimulate (line 205)
Stimulus domain added from input.
Parameter slope specified as 0.20000
Parameter semiSat specified as 0.57000
Parameter beta specified as 1.00000
Parameter sigma specified as 0.05000
seed = 99seed = 104seed = 111seed = 111seed = 115seed = 101Initializing Q+. This may take a minute...
Elapsed time is 7.980553 seconds.
Simulated parameters:
slope: 0.200 semiSat: 0.570 beta: 1.000 sigma: 0.050 

Trial 1: baseline Stimulus Selection
Stimulus: 0.010
Output value 0.000

Q+ parameters
slope: 0.026 semiSat: 0.890 beta: 0.500 sigma: 0.010 
maxBOLD estimate = 1.000


Trial 2: maxBOLD Stimulus Selection
Stimulus: 1.000
Output value 1.364

Q+ parameters
slope: 0.055 semiSat: 0.670 beta: 1.250 sigma: 0.010 
maxBOLD estimate = 1.000


Trial 3: baseline Stimulus Selection
Stimulus: 0.010
Output value 0.142

Q+ parameters
slope: 0.055 semiSat: 0.670 beta: 1.250 sigma: 0.062 
maxBOLD estimate = 1.250


Trial 4: maxBOLD Stimulus Selection
Stimulus: 1.000
Output value 1.598

Q+ parameters
slope: 0.055 semiSat: 0.670 beta: 1.125 sigma: 0.062 
maxBOLD estimate = 1.562


Trial 5: baseline Stimulus Selection
Stimulus: 0.010
Output value 0.000

Q+ parameters
slope: 0.043 semiSat: 0.780 beta: 1.250 sigma: 0.062 
maxBOLD estimate = 1.758


Trial 6: maxBOLD Stimulus Selection
Stimulus: 1.000
Output value 1.748

Q+ parameters
slope: 0.034 semiSat: 1.000 beta: 1.250 sigma: 0.062 
maxBOLD estimate = 2.197


Trial 7: qplus Stimulus Selection
Stimulus: 0.711
Output value 0.749

Q+ parameters
slope: 0.785 semiSat: 0.120 beta: 0.500 sigma: 0.062 
maxBOLD estimate = 2.747


Trial 8: qplus Stimulus Selection
Stimulus: 0.299
Output value 0.187

Q+ parameters
slope: 0.089 semiSat: 0.560 beta: 1.500 sigma: 0.062 
maxBOLD estimate = 1.373


Trial 9: qplus Stimulus Selection
Stimulus: 0.464
Output value 0.140

Q+ parameters
slope: 0.183 semiSat: 0.560 beta: 0.750 sigma: 0.062 
maxBOLD estimate = 2.060


Trial 10: baseline Stimulus Selection
Stimulus: 0.010
Output value -0.158

Q+ parameters
slope: 0.183 semiSat: 0.560 beta: 1.125 sigma: 0.062 
maxBOLD estimate = 1.545


Trial 11: qplus Stimulus Selection
Stimulus: 0.588
Output value 0.741

Q+ parameters
slope: 0.183 semiSat: 0.560 beta: 0.938 sigma: 0.062 
maxBOLD estimate = 1.738


Trial 12: qplus Stimulus Selection
Stimulus: 0.629
Output value 1.250

Q+ parameters
slope: 0.183 semiSat: 0.560 beta: 0.938 sigma: 0.062 
maxBOLD estimate = 1.629


Trial 13: qplus Stimulus Selection
Stimulus: 0.505
Output value 0.278

Q+ parameters
slope: 0.234 semiSat: 0.560 beta: 1.000 sigma: 0.062 
maxBOLD estimate = 1.528


Trial 14: qplus Stimulus Selection
Stimulus: 0.505
Output value 0.573

Q+ parameters
slope: 0.183 semiSat: 0.560 beta: 1.031 sigma: 0.062 
maxBOLD estimate = 1.528


Trial 15: maxBOLD Stimulus Selection
Stimulus: 1.000
Output value 1.526

Q+ parameters
slope: 0.144 semiSat: 0.560 beta: 0.969 sigma: 0.062 
maxBOLD estimate = 1.575


Trial 16: qplus Stimulus Selection
Stimulus: 0.670
Output value 1.288

Q+ parameters
slope: 0.183 semiSat: 0.560 beta: 1.031 sigma: 0.062 
maxBOLD estimate = 1.526


Trial 17: qplus Stimulus Selection
Stimulus: 0.505
Output value 0.554

Q+ parameters
slope: 0.144 semiSat: 0.560 beta: 0.969 sigma: 0.062 
maxBOLD estimate = 1.574


Trial 18: qplus Stimulus Selection
Stimulus: 0.588
Output value 1.286

Q+ parameters
slope: 0.183 semiSat: 0.560 beta: 1.031 sigma: 0.062 
maxBOLD estimate = 1.525


Trial 19: qplus Stimulus Selection
Stimulus: 0.629
Output value 1.327

Q+ parameters
slope: 0.183 semiSat: 0.560 beta: 1.031 sigma: 0.062 
maxBOLD estimate = 1.572


Trial 20: baseline Stimulus Selection
Stimulus: 0.010
Output value 0.129

Q+ parameters
slope: 0.298 semiSat: 0.560 beta: 0.875 sigma: 0.062 
maxBOLD estimate = 1.621


Trial 21: qplus Stimulus Selection
Stimulus: 0.629
Output value 1.596

Q+ parameters
slope: 0.183 semiSat: 0.560 beta: 1.125 sigma: 0.062 
maxBOLD estimate = 1.419


Trial 22: qplus Stimulus Selection
Stimulus: 0.423
Output value 0.150

Q+ parameters
slope: 0.183 semiSat: 0.560 beta: 1.031 sigma: 0.062 
maxBOLD estimate = 1.596


Trial 23: qplus Stimulus Selection
Stimulus: 0.505
Output value 0.393

Q+ parameters
slope: 0.298 semiSat: 0.560 beta: 0.875 sigma: 0.062 
maxBOLD estimate = 1.646


Trial 24: qplus Stimulus Selection
Stimulus: 0.629
Output value 1.473

Q+ parameters
slope: 0.183 semiSat: 0.560 beta: 1.125 sigma: 0.062 
maxBOLD estimate = 1.440


Trial 25: maxBOLD Stimulus Selection
Stimulus: 1.000
Output value 1.160

Q+ parameters
slope: 0.298 semiSat: 0.560 beta: 0.875 sigma: 0.062 
maxBOLD estimate = 1.620


Trial 26: qplus Stimulus Selection
Stimulus: 0.670
Output value 1.305

Q+ parameters
slope: 0.183 semiSat: 0.560 beta: 1.125 sigma: 0.062 
maxBOLD estimate = 1.418


Trial 27: qplus Stimulus Selection
Stimulus: 0.423
Output value 0.299

Q+ parameters
slope: 0.183 semiSat: 0.560 beta: 1.031 sigma: 0.062 
maxBOLD estimate = 1.595


Trial 28: qplus Stimulus Selection
Stimulus: 0.711
Output value 1.262

Q+ parameters
slope: 0.183 semiSat: 0.560 beta: 0.938 sigma: 0.062 
maxBOLD estimate = 1.645


Trial 29: qplus Stimulus Selection
Stimulus: 0.711
Output value 1.402

Q+ parameters
slope: 0.183 semiSat: 0.560 beta: 1.000 sigma: 0.062 
maxBOLD estimate = 1.542


Trial 30: baseline Stimulus Selection
Stimulus: 0.010
Output value 0.140

Q+ parameters
slope: 0.183 semiSat: 0.560 beta: 1.000 sigma: 0.062 
maxBOLD estimate = 1.542


Trial 31: qplus Stimulus Selection
Stimulus: 0.670
Output value 1.682

Q+ parameters
slope: 0.183 semiSat: 0.560 beta: 1.000 sigma: 0.062 
maxBOLD estimate = 1.542


Trial 32: qplus Stimulus Selection
Stimulus: 0.711
Output value 1.590

Q+ parameters
slope: 0.183 semiSat: 0.560 beta: 1.031 sigma: 0.062 
maxBOLD estimate = 1.542


Trial 33: qplus Stimulus Selection
Stimulus: 0.711
Output value 1.446

Q+ parameters
slope: 0.183 semiSat: 0.560 beta: 1.000 sigma: 0.062 
maxBOLD estimate = 1.590


Trial 34: qplus Stimulus Selection
Stimulus: 0.505
Output value 0.271

Q+ parameters
slope: 0.234 semiSat: 0.560 beta: 0.938 sigma: 0.062 
maxBOLD estimate = 1.590


Trial 35: maxBOLD Stimulus Selection
Stimulus: 1.000
Output value 1.677

Q+ parameters
slope: 0.183 semiSat: 0.560 beta: 1.031 sigma: 0.062 
maxBOLD estimate = 1.491


Trial 36: qplus Stimulus Selection
Stimulus: 0.711
Output value 1.730

Q+ parameters
slope: 0.183 semiSat: 0.560 beta: 1.031 sigma: 0.062 
maxBOLD estimate = 1.537


Trial 37: qplus Stimulus Selection
Stimulus: 0.505
Output value 0.432

Q+ parameters
slope: 0.183 semiSat: 0.560 beta: 1.000 sigma: 0.062 
maxBOLD estimate = 1.585


Trial 38: qplus Stimulus Selection
Stimulus: 0.753
Output value 1.585

Q+ parameters
slope: 0.183 semiSat: 0.560 beta: 1.000 sigma: 0.062 
maxBOLD estimate = 1.585


Trial 39: qplus Stimulus Selection
Stimulus: 0.505
Output value 0.577

Q+ parameters
slope: 0.183 semiSat: 0.560 beta: 1.000 sigma: 0.062 
maxBOLD estimate = 1.585


Trial 40: baseline Stimulus Selection
Stimulus: 0.010
Output value 0.144

Q+ parameters
slope: 0.183 semiSat: 0.560 beta: 1.000 sigma: 0.062 
maxBOLD estimate = 1.585


Trial 41: qplus Stimulus Selection
Stimulus: 0.670
Output value 1.297

Q+ parameters
slope: 0.183 semiSat: 0.560 beta: 1.000 sigma: 0.062 
maxBOLD estimate = 1.585


Trial 42: qplus Stimulus Selection
Stimulus: 0.629
Output value 1.297

Q+ parameters
slope: 0.183 semiSat: 0.560 beta: 1.000 sigma: 0.062 
maxBOLD estimate = 1.585


Trial 43: qplus Stimulus Selection
Stimulus: 0.670
Output value 1.153

Q+ parameters
slope: 0.144 semiSat: 0.560 beta: 1.000 sigma: 0.062 
maxBOLD estimate = 1.585


Trial 44: qplus Stimulus Selection
Stimulus: 0.381
Output value 0.000

Q+ parameters
slope: 0.183 semiSat: 0.560 beta: 0.969 sigma: 0.062 
maxBOLD estimate = 1.585


Trial 45: maxBOLD Stimulus Selection
Stimulus: 1.000
Output value 1.584

Q+ parameters
slope: 0.183 semiSat: 0.560 beta: 1.031 sigma: 0.062 
maxBOLD estimate = 1.536


Trial 46: qplus Stimulus Selection
Stimulus: 0.711
Output value 1.395

Q+ parameters
slope: 0.183 semiSat: 0.560 beta: 0.969 sigma: 0.062 
maxBOLD estimate = 1.584


Trial 47: qplus Stimulus Selection
Stimulus: 0.381
Output value 0.000

Q+ parameters
slope: 0.183 semiSat: 0.560 beta: 1.031 sigma: 0.062 
maxBOLD estimate = 1.534


Trial 48: qplus Stimulus Selection
Stimulus: 0.711
Output value 1.582

Q+ parameters
slope: 0.183 semiSat: 0.560 beta: 1.000 sigma: 0.062 
maxBOLD estimate = 1.582


Trial 49: qplus Stimulus Selection
Stimulus: 0.670
Output value 1.438

Q+ parameters
slope: 0.183 semiSat: 0.560 beta: 1.000 sigma: 0.062 
maxBOLD estimate = 1.582


Trial 50: baseline Stimulus Selection
Stimulus: 0.010
Output value -0.144

Q+ parameters
slope: 0.183 semiSat: 0.560 beta: 1.000 sigma: 0.062 
maxBOLD estimate = 1.582


Trial 51: qplus Stimulus Selection
Stimulus: 0.711
Output value 1.632

Q+ parameters
slope: 0.183 semiSat: 0.560 beta: 1.031 sigma: 0.062 
maxBOLD estimate = 1.582


Trial 52: qplus Stimulus Selection
Stimulus: 0.711
Output value 1.252

Q+ parameters
slope: 0.183 semiSat: 0.560 beta: 0.938 sigma: 0.062 
maxBOLD estimate = 1.632


Trial 53: qplus Stimulus Selection
Stimulus: 0.588
Output value 1.004

Q+ parameters
slope: 0.183 semiSat: 0.560 beta: 1.031 sigma: 0.062 
maxBOLD estimate = 1.530


Trial 54: qplus Stimulus Selection
Stimulus: 0.794
Output value 1.627

Q+ parameters
slope: 0.183 semiSat: 0.560 beta: 1.031 sigma: 0.062 
maxBOLD estimate = 1.578


Trial 55: maxBOLD Stimulus Selection
Stimulus: 1.000
Output value 1.433

Q+ parameters
slope: 0.183 semiSat: 0.560 beta: 0.969 sigma: 0.062 
maxBOLD estimate = 1.627


Trial 56: qplus Stimulus Selection
Stimulus: 0.588
Output value 1.182

Q+ parameters
slope: 0.183 semiSat: 0.560 beta: 1.031 sigma: 0.062 
maxBOLD estimate = 1.576


Trial 57: qplus Stimulus Selection
Stimulus: 0.711
Output value 1.574

Q+ parameters
slope: 0.183 semiSat: 0.560 beta: 0.969 sigma: 0.062 
maxBOLD estimate = 1.625


Trial 58: qplus Stimulus Selection
Stimulus: 0.588
Output value 1.181

Q+ parameters
slope: 0.183 semiSat: 0.560 beta: 1.031 sigma: 0.062 
maxBOLD estimate = 1.574


Trial 59: qplus Stimulus Selection
Stimulus: 0.711
Output value 1.430

Q+ parameters
slope: 0.183 semiSat: 0.560 beta: 0.969 sigma: 0.062 
maxBOLD estimate = 1.624


Trial 60: baseline Stimulus Selection
Stimulus: 0.010
Output value 0.147

Q+ parameters
slope: 0.183 semiSat: 0.560 beta: 1.031 sigma: 0.062 
maxBOLD estimate = 1.573


Trial 61: qplus Stimulus Selection
Stimulus: 0.711
Output value 1.429

Q+ parameters
slope: 0.183 semiSat: 0.560 beta: 0.969 sigma: 0.062 
maxBOLD estimate = 1.622


Trial 62: qplus Stimulus Selection
Stimulus: 0.629
Output value 1.429

Q+ parameters
slope: 0.183 semiSat: 0.560 beta: 1.000 sigma: 0.062 
maxBOLD estimate = 1.571


Trial 63: qplus Stimulus Selection
Stimulus: 0.711
Output value 1.621

Q+ parameters
slope: 0.183 semiSat: 0.560 beta: 1.031 sigma: 0.062 
maxBOLD estimate = 1.571


Trial 64: qplus Stimulus Selection
Stimulus: 0.711
Output value 1.284

Q+ parameters
slope: 0.183 semiSat: 0.560 beta: 0.969 sigma: 0.062 
maxBOLD estimate = 1.621


Trial 65: maxBOLD Stimulus Selection
Stimulus: 1.000
Output value 1.472

Q+ parameters
slope: 0.183 semiSat: 0.560 beta: 1.031 sigma: 0.062 
maxBOLD estimate = 1.570


Trial 66: qplus Stimulus Selection
Stimulus: 0.711
Output value 1.426

Q+ parameters
slope: 0.183 semiSat: 0.560 beta: 0.969 sigma: 0.062 
maxBOLD estimate = 1.619


Trial 67: qplus Stimulus Selection
Stimulus: 0.629
Output value 1.176

Q+ parameters
slope: 0.183 semiSat: 0.560 beta: 1.031 sigma: 0.062 
maxBOLD estimate = 1.568


Trial 68: qplus Stimulus Selection
Stimulus: 0.711
Output value 1.282

Q+ parameters
slope: 0.183 semiSat: 0.560 beta: 0.969 sigma: 0.062 
maxBOLD estimate = 1.617


Trial 69: qplus Stimulus Selection
Stimulus: 0.629
Output value 1.175

Q+ parameters
slope: 0.183 semiSat: 0.560 beta: 1.031 sigma: 0.062 
maxBOLD estimate = 1.567


Trial 70: baseline Stimulus Selection
Stimulus: 0.010
Output value 0.000

Q+ parameters
slope: 0.183 semiSat: 0.560 beta: 0.969 sigma: 0.062 
maxBOLD estimate = 1.616


Trial 71: qplus Stimulus Selection
Stimulus: 0.794
Output value 1.614

Q+ parameters
slope: 0.183 semiSat: 0.560 beta: 1.031 sigma: 0.062 
maxBOLD estimate = 1.565


Trial 72: qplus Stimulus Selection
Stimulus: 0.711
Output value 1.279

Q+ parameters
slope: 0.183 semiSat: 0.560 beta: 0.969 sigma: 0.062 
maxBOLD estimate = 1.614


Trial 73: qplus Stimulus Selection
Stimulus: 0.381
Output value 0.000

Q+ parameters
slope: 0.183 semiSat: 0.560 beta: 1.000 sigma: 0.062 
maxBOLD estimate = 1.564


Trial 74: qplus Stimulus Selection
Stimulus: 0.711
Output value 1.759

Q+ parameters
slope: 0.183 semiSat: 0.560 beta: 1.031 sigma: 0.062 
maxBOLD estimate = 1.564


Trial 75: maxBOLD Stimulus Selection
Stimulus: 1.000
Output value 1.704

Q+ parameters
slope: 0.183 semiSat: 0.560 beta: 0.969 sigma: 0.062 
maxBOLD estimate = 1.613


Trial 76: qplus Stimulus Selection
Stimulus: 0.381
Output value 0.000

Q+ parameters
slope: 0.183 semiSat: 0.560 beta: 1.031 sigma: 0.062 
maxBOLD estimate = 1.562


Trial 77: qplus Stimulus Selection
Stimulus: 0.711
Output value 1.419

Q+ parameters
slope: 0.183 semiSat: 0.560 beta: 0.969 sigma: 0.062 
maxBOLD estimate = 1.611


Trial 78: qplus Stimulus Selection
Stimulus: 0.629
Output value 1.277

Q+ parameters
slope: 0.183 semiSat: 0.560 beta: 1.000 sigma: 0.062 
maxBOLD estimate = 1.561


Trial 79: qplus Stimulus Selection
Stimulus: 0.711
Output value 1.277

Q+ parameters
slope: 0.183 semiSat: 0.560 beta: 1.000 sigma: 0.062 
maxBOLD estimate = 1.561


Trial 80: baseline Stimulus Selection
Stimulus: 0.010
Output value -0.146

Q+ parameters
slope: 0.183 semiSat: 0.560 beta: 1.031 sigma: 0.062 
maxBOLD estimate = 1.561


Trial 81: qplus Stimulus Selection
Stimulus: 0.711
Output value 1.317

Q+ parameters
slope: 0.183 semiSat: 0.560 beta: 1.000 sigma: 0.062 
maxBOLD estimate = 1.609


Trial 82: qplus Stimulus Selection
Stimulus: 0.670
Output value 1.609

Q+ parameters
slope: 0.183 semiSat: 0.560 beta: 1.000 sigma: 0.062 
maxBOLD estimate = 1.609


Trial 83: qplus Stimulus Selection
Stimulus: 0.753
Output value 1.317

Q+ parameters
slope: 0.183 semiSat: 0.560 beta: 1.000 sigma: 0.062 
maxBOLD estimate = 1.609


Trial 84: qplus Stimulus Selection
Stimulus: 0.629
Output value 1.171

Q+ parameters
slope: 0.183 semiSat: 0.560 beta: 1.000 sigma: 0.062 
maxBOLD estimate = 1.609


Trial 85: maxBOLD Stimulus Selection
Stimulus: 1.000
Output value 1.463

Q+ parameters
slope: 0.183 semiSat: 0.560 beta: 1.000 sigma: 0.062 
maxBOLD estimate = 1.609


Trial 86: qplus Stimulus Selection
Stimulus: 0.670
Output value 1.317

Q+ parameters
slope: 0.183 semiSat: 0.560 beta: 1.000 sigma: 0.062 
maxBOLD estimate = 1.609


Trial 87: qplus Stimulus Selection
Stimulus: 0.629
Output value 1.317

Q+ parameters
slope: 0.183 semiSat: 0.560 beta: 1.000 sigma: 0.062 
maxBOLD estimate = 1.609


Trial 88: qplus Stimulus Selection
Stimulus: 0.670
Output value 0.992

Q+ parameters
slope: 0.183 semiSat: 0.560 beta: 0.969 sigma: 0.062 
maxBOLD estimate = 1.609


Trial 89: qplus Stimulus Selection
Stimulus: 0.381
Output value 0.142

Q+ parameters
slope: 0.183 semiSat: 0.560 beta: 1.000 sigma: 0.062 
maxBOLD estimate = 1.559


Trial 90: baseline Stimulus Selection
Stimulus: 0.010
Output value 0.000

Q+ parameters
slope: 0.183 semiSat: 0.560 beta: 1.031 sigma: 0.062 
maxBOLD estimate = 1.559


Trial 91: qplus Stimulus Selection
Stimulus: 0.711
Output value 1.416

Q+ parameters
slope: 0.183 semiSat: 0.560 beta: 0.969 sigma: 0.062 
maxBOLD estimate = 1.608


Trial 92: qplus Stimulus Selection
Stimulus: 0.381
Output value 0.000

Q+ parameters
slope: 0.183 semiSat: 0.560 beta: 1.000 sigma: 0.062 
maxBOLD estimate = 1.558


Trial 93: qplus Stimulus Selection
Stimulus: 0.711
Output value 1.416

Q+ parameters
slope: 0.183 semiSat: 0.560 beta: 1.000 sigma: 0.062 
maxBOLD estimate = 1.558


Trial 94: qplus Stimulus Selection
Stimulus: 0.711
Output value 1.558

Q+ parameters
slope: 0.183 semiSat: 0.560 beta: 1.000 sigma: 0.062 
maxBOLD estimate = 1.558


Trial 95: maxBOLD Stimulus Selection
Stimulus: 1.000
Output value 1.416

Q+ parameters
slope: 0.183 semiSat: 0.560 beta: 1.000 sigma: 0.062 
maxBOLD estimate = 1.558


Trial 96: qplus Stimulus Selection
Stimulus: 0.711
Output value 1.699

Q+ parameters
slope: 0.183 semiSat: 0.560 beta: 1.000 sigma: 0.062 
maxBOLD estimate = 1.558


Trial 97: qplus Stimulus Selection
Stimulus: 0.711
Output value 1.558

Q+ parameters
slope: 0.183 semiSat: 0.560 beta: 1.000 sigma: 0.062 
maxBOLD estimate = 1.558


Trial 98: qplus Stimulus Selection
Stimulus: 0.711
Output value 1.558

Q+ parameters
slope: 0.183 semiSat: 0.560 beta: 1.000 sigma: 0.062 
maxBOLD estimate = 1.558


Trial 99: qplus Stimulus Selection
Stimulus: 0.711
Output value 1.558

Q+ parameters
slope: 0.183 semiSat: 0.560 beta: 1.000 sigma: 0.062 
maxBOLD estimate = 1.558


Trial 100: baseline Stimulus Selection
Stimulus: 0.010
Output value 0.142

Q+ parameters
slope: 0.183 semiSat: 0.560 beta: 1.000 sigma: 0.062 
maxBOLD estimate = 1.558

--------------------------------------------------------------
FINAL VALUES
--------------------------------------------------------------
Simulated parameters:              slope: 0.200 semiSat: 0.570 beta: 1.000 sigma: 0.050 
Max posterior QUEST+ parameters:   slope: 0.183 semiSat: 0.560 beta: 1.000 sigma: 0.062 
Max BADS parameters:               slope: 0.195 semiSat: 0.562 beta: 1.000 sigma: 0.059 
maxBOLD estimate: 1.551
