/blue/stevenweisberg/stevenweisberg/MATLAB/projects/Weisberg_Aguirre_2020/scripts/run_sims
c0700a-s1.ufhpc
Wed Apr  7 01:00:08 EDT 2021
mkdir: cannot create directory ‘/blue/stevenweisberg/stevenweisberg/qpfMRIResults/model_parameter_set2/’: File exists
cp: cannot stat ‘/blue/stevenweisberg/stevenweisberg/qpfMRIResults/deploy_sim.sh’: No such file or directory
cp: cannot stat ‘/blue/stevenweisberg/stevenweisberg/qpfMRIResults/sim_wrapper.sh’: No such file or directory
------------------------------------------
Setting up environment variables
---
LD_LIBRARY_PATH is .:/apps/matlab/mcr/2020b/v99/runtime/glnxa64:/apps/matlab/mcr/2020b/v99/bin/glnxa64:/apps/matlab/mcr/2020b/v99/sys/os/glnxa64:/apps/matlab/mcr/2020b/v99/sys/opengl/lib/glnxa64
Warning: Executing startup failed in matlabrc.
This indicates a potentially serious problem in your MATLAB setup, which should be resolved as soon as possible.  Error detected was:
MATLAB:mpath:PathAlterationNotSupported
Modifying the search path is not supported by MATLAB Compiler. Remove functions that modify the search path from your MATLAB code. To make files visible to your deployed application, add the parent folder to your MATLAB session.
Warning: No stimulus domain specified. Defaulting to values between 0.01 and 1.
> In qpfmriParams (line 182)
In compiledSimulate (line 205)
Stimulus domain added from input.
Parameter slope specified as 0.20000
Parameter semiSat specified as 0.57000
Parameter beta specified as 1.00000
Parameter sigma specified as 0.10000
seed = 99seed = 104seed = 111seed = 111seed = 115seed = 101Initializing Q+. This may take a minute...
Elapsed time is 8.075496 seconds.
Simulated parameters:
slope: 0.200 semiSat: 0.570 beta: 1.000 sigma: 0.100 

Trial 1: baseline Stimulus Selection
Stimulus: 0.010
Output value 0.000

Q+ parameters
slope: 0.026 semiSat: 0.890 beta: 0.500 sigma: 0.010 
maxBOLD estimate = 1.000


Trial 2: maxBOLD Stimulus Selection
Stimulus: 1.000
Output value 1.364

Q+ parameters
slope: 0.055 semiSat: 0.670 beta: 1.250 sigma: 0.010 
maxBOLD estimate = 1.000


Trial 3: baseline Stimulus Selection
Stimulus: 0.010
Output value -0.142

Q+ parameters
slope: 0.055 semiSat: 0.670 beta: 1.250 sigma: 0.062 
maxBOLD estimate = 1.250


Trial 4: maxBOLD Stimulus Selection
Stimulus: 1.000
Output value 1.918

Q+ parameters
slope: 0.055 semiSat: 0.670 beta: 1.125 sigma: 0.114 
maxBOLD estimate = 1.562


Trial 5: baseline Stimulus Selection
Stimulus: 0.010
Output value 0.310

Q+ parameters
slope: 0.043 semiSat: 0.780 beta: 0.969 sigma: 0.114 
maxBOLD estimate = 1.758


Trial 6: maxBOLD Stimulus Selection
Stimulus: 1.000
Output value 2.322

Q+ parameters
slope: 0.043 semiSat: 0.780 beta: 1.250 sigma: 0.114 
maxBOLD estimate = 1.703


Trial 7: qplus Stimulus Selection
Stimulus: 0.505
Output value 0.435

Q+ parameters
slope: 0.043 semiSat: 0.890 beta: 1.125 sigma: 0.062 
maxBOLD estimate = 2.129


Trial 8: qplus Stimulus Selection
Stimulus: 0.711
Output value 1.143

Q+ parameters
slope: 0.089 semiSat: 0.560 beta: 0.750 sigma: 0.062 
maxBOLD estimate = 2.395


Trial 9: qplus Stimulus Selection
Stimulus: 0.670
Output value 1.837

Q+ parameters
slope: 0.234 semiSat: 0.560 beta: 0.938 sigma: 0.114 
maxBOLD estimate = 1.796


Trial 10: baseline Stimulus Selection
Stimulus: 0.010
Output value -0.191

Q+ parameters
slope: 0.183 semiSat: 0.560 beta: 1.250 sigma: 0.114 
maxBOLD estimate = 1.684


Trial 11: qplus Stimulus Selection
Stimulus: 0.505
Output value 0.287

Q+ parameters
slope: 0.234 semiSat: 0.560 beta: 0.750 sigma: 0.062 
maxBOLD estimate = 2.105


Trial 12: qplus Stimulus Selection
Stimulus: 0.629
Output value 2.583

Q+ parameters
slope: 0.183 semiSat: 0.560 beta: 1.500 sigma: 0.062 
maxBOLD estimate = 1.579


Trial 13: qplus Stimulus Selection
Stimulus: 0.505
Output value 0.323

Q+ parameters
slope: 0.234 semiSat: 0.560 beta: 0.750 sigma: 0.062 
maxBOLD estimate = 2.368


Trial 14: qplus Stimulus Selection
Stimulus: 0.670
Output value 1.665

Q+ parameters
slope: 0.183 semiSat: 0.560 beta: 0.938 sigma: 0.062 
maxBOLD estimate = 1.776


Trial 15: maxBOLD Stimulus Selection
Stimulus: 1.000
Output value 1.873

Q+ parameters
slope: 0.183 semiSat: 0.560 beta: 1.031 sigma: 0.062 
maxBOLD estimate = 1.665


Trial 16: qplus Stimulus Selection
Stimulus: 0.505
Output value 0.805

Q+ parameters
slope: 0.113 semiSat: 0.560 beta: 1.031 sigma: 0.062 
maxBOLD estimate = 1.717


Trial 17: qplus Stimulus Selection
Stimulus: 0.505
Output value 0.604

Q+ parameters
slope: 0.183 semiSat: 0.560 beta: 0.938 sigma: 0.062 
maxBOLD estimate = 1.771


Trial 18: qplus Stimulus Selection
Stimulus: 0.381
Output value 0.000

Q+ parameters
slope: 0.183 semiSat: 0.560 beta: 1.031 sigma: 0.062 
maxBOLD estimate = 1.660


Trial 19: qplus Stimulus Selection
Stimulus: 0.588
Output value 1.401

Q+ parameters
slope: 0.144 semiSat: 0.560 beta: 1.000 sigma: 0.062 
maxBOLD estimate = 1.712


Trial 20: baseline Stimulus Selection
Stimulus: 0.010
Output value 0.292

Q+ parameters
slope: 0.144 semiSat: 0.560 beta: 0.938 sigma: 0.114 
maxBOLD estimate = 1.712


Trial 21: qplus Stimulus Selection
Stimulus: 0.629
Output value 1.313

Q+ parameters
slope: 0.144 semiSat: 0.560 beta: 1.125 sigma: 0.114 
maxBOLD estimate = 1.605


Trial 22: qplus Stimulus Selection
Stimulus: 0.505
Output value 0.000

Q+ parameters
slope: 0.144 semiSat: 0.560 beta: 0.938 sigma: 0.114 
maxBOLD estimate = 1.805


Trial 23: qplus Stimulus Selection
Stimulus: 0.629
Output value 1.192

Q+ parameters
slope: 0.144 semiSat: 0.560 beta: 0.969 sigma: 0.062 
maxBOLD estimate = 1.693


Trial 24: qplus Stimulus Selection
Stimulus: 0.588
Output value 1.383

Q+ parameters
slope: 0.183 semiSat: 0.560 beta: 1.031 sigma: 0.114 
maxBOLD estimate = 1.640


Trial 25: maxBOLD Stimulus Selection
Stimulus: 1.000
Output value 1.297

Q+ parameters
slope: 0.144 semiSat: 0.560 beta: 0.938 sigma: 0.062 
maxBOLD estimate = 1.691


Trial 26: qplus Stimulus Selection
Stimulus: 0.711
Output value 1.072

Q+ parameters
slope: 0.144 semiSat: 0.560 beta: 1.062 sigma: 0.114 
maxBOLD estimate = 1.585


Trial 27: qplus Stimulus Selection
Stimulus: 0.423
Output value 0.445

Q+ parameters
slope: 0.144 semiSat: 0.560 beta: 0.969 sigma: 0.114 
maxBOLD estimate = 1.684


Trial 28: qplus Stimulus Selection
Stimulus: 0.423
Output value -0.287

Q+ parameters
slope: 0.144 semiSat: 0.560 beta: 0.969 sigma: 0.114 
maxBOLD estimate = 1.632


Trial 29: qplus Stimulus Selection
Stimulus: 0.505
Output value 1.069

Q+ parameters
slope: 0.144 semiSat: 0.560 beta: 1.062 sigma: 0.114 
maxBOLD estimate = 1.581


Trial 30: baseline Stimulus Selection
Stimulus: 0.010
Output value 0.401

Q+ parameters
slope: 0.234 semiSat: 0.560 beta: 0.875 sigma: 0.114 
maxBOLD estimate = 1.679


Trial 31: qplus Stimulus Selection
Stimulus: 0.629
Output value 1.102

Q+ parameters
slope: 0.234 semiSat: 0.560 beta: 1.031 sigma: 0.114 
maxBOLD estimate = 1.469


Trial 32: qplus Stimulus Selection
Stimulus: 0.588
Output value 1.421

Q+ parameters
slope: 0.234 semiSat: 0.560 beta: 1.031 sigma: 0.114 
maxBOLD estimate = 1.515


Trial 33: qplus Stimulus Selection
Stimulus: 0.546
Output value 0.275

Q+ parameters
slope: 0.234 semiSat: 0.560 beta: 0.969 sigma: 0.114 
maxBOLD estimate = 1.563


Trial 34: qplus Stimulus Selection
Stimulus: 0.546
Output value 0.400

Q+ parameters
slope: 0.298 semiSat: 0.560 beta: 0.969 sigma: 0.114 
maxBOLD estimate = 1.514


Trial 35: maxBOLD Stimulus Selection
Stimulus: 1.000
Output value 1.600

Q+ parameters
slope: 0.298 semiSat: 0.560 beta: 1.000 sigma: 0.114 
maxBOLD estimate = 1.467


Trial 36: qplus Stimulus Selection
Stimulus: 0.588
Output value 1.600

Q+ parameters
slope: 0.298 semiSat: 0.560 beta: 1.000 sigma: 0.114 
maxBOLD estimate = 1.467


Trial 37: qplus Stimulus Selection
Stimulus: 0.505
Output value 0.000

Q+ parameters
slope: 0.298 semiSat: 0.560 beta: 1.000 sigma: 0.114 
maxBOLD estimate = 1.467


Trial 38: qplus Stimulus Selection
Stimulus: 0.505
Output value 0.667

Q+ parameters
slope: 0.298 semiSat: 0.560 beta: 1.000 sigma: 0.114 
maxBOLD estimate = 1.467


Trial 39: qplus Stimulus Selection
Stimulus: 0.505
Output value 0.000

Q+ parameters
slope: 0.298 semiSat: 0.560 beta: 1.000 sigma: 0.114 
maxBOLD estimate = 1.467


Trial 40: baseline Stimulus Selection
Stimulus: 0.010
Output value -0.283

Q+ parameters
slope: 0.234 semiSat: 0.560 beta: 1.062 sigma: 0.114 
maxBOLD estimate = 1.467


Trial 41: qplus Stimulus Selection
Stimulus: 0.505
Output value 0.549

Q+ parameters
slope: 0.234 semiSat: 0.560 beta: 0.969 sigma: 0.114 
maxBOLD estimate = 1.558


Trial 42: qplus Stimulus Selection
Stimulus: 0.711
Output value 1.197

Q+ parameters
slope: 0.234 semiSat: 0.560 beta: 0.969 sigma: 0.114 
maxBOLD estimate = 1.510


Trial 43: qplus Stimulus Selection
Stimulus: 0.546
Output value 0.798

Q+ parameters
slope: 0.298 semiSat: 0.560 beta: 1.000 sigma: 0.114 
maxBOLD estimate = 1.462


Trial 44: qplus Stimulus Selection
Stimulus: 0.505
Output value 0.989

Q+ parameters
slope: 0.234 semiSat: 0.560 beta: 1.062 sigma: 0.114 
maxBOLD estimate = 1.462


Trial 45: maxBOLD Stimulus Selection
Stimulus: 1.000
Output value 1.505

Q+ parameters
slope: 0.234 semiSat: 0.560 beta: 0.969 sigma: 0.114 
maxBOLD estimate = 1.554


Trial 46: qplus Stimulus Selection
Stimulus: 0.546
Output value 0.928

Q+ parameters
slope: 0.298 semiSat: 0.560 beta: 0.969 sigma: 0.114 
maxBOLD estimate = 1.505


Trial 47: qplus Stimulus Selection
Stimulus: 0.546
Output value 0.423

Q+ parameters
slope: 0.234 semiSat: 0.560 beta: 1.062 sigma: 0.114 
maxBOLD estimate = 1.458


Trial 48: qplus Stimulus Selection
Stimulus: 0.505
Output value 0.000

Q+ parameters
slope: 0.234 semiSat: 0.560 beta: 0.969 sigma: 0.114 
maxBOLD estimate = 1.549


Trial 49: qplus Stimulus Selection
Stimulus: 0.546
Output value 0.264

Q+ parameters
slope: 0.298 semiSat: 0.560 beta: 0.969 sigma: 0.114 
maxBOLD estimate = 1.501


Trial 50: baseline Stimulus Selection
Stimulus: 0.010
Output value 0.132

Q+ parameters
slope: 0.298 semiSat: 0.560 beta: 1.000 sigma: 0.114 
maxBOLD estimate = 1.454


Trial 51: qplus Stimulus Selection
Stimulus: 0.588
Output value 1.264

Q+ parameters
slope: 0.234 semiSat: 0.560 beta: 1.062 sigma: 0.114 
maxBOLD estimate = 1.454


Trial 52: qplus Stimulus Selection
Stimulus: 0.711
Output value 0.952

Q+ parameters
slope: 0.234 semiSat: 0.560 beta: 0.969 sigma: 0.114 
maxBOLD estimate = 1.545


Trial 53: qplus Stimulus Selection
Stimulus: 0.670
Output value 1.735

Q+ parameters
slope: 0.234 semiSat: 0.560 beta: 1.062 sigma: 0.114 
maxBOLD estimate = 1.497


Trial 54: qplus Stimulus Selection
Stimulus: 0.505
Output value 0.000

Q+ parameters
slope: 0.234 semiSat: 0.560 beta: 0.969 sigma: 0.114 
maxBOLD estimate = 1.590


Trial 55: maxBOLD Stimulus Selection
Stimulus: 1.000
Output value 1.786

Q+ parameters
slope: 0.234 semiSat: 0.560 beta: 1.062 sigma: 0.114 
maxBOLD estimate = 1.540


Trial 56: qplus Stimulus Selection
Stimulus: 0.588
Output value 0.865

Q+ parameters
slope: 0.234 semiSat: 0.560 beta: 0.969 sigma: 0.114 
maxBOLD estimate = 1.637


Trial 57: qplus Stimulus Selection
Stimulus: 0.546
Output value 0.000

Q+ parameters
slope: 0.234 semiSat: 0.560 beta: 0.969 sigma: 0.114 
maxBOLD estimate = 1.586


Trial 58: qplus Stimulus Selection
Stimulus: 0.546
Output value 0.000

Q+ parameters
slope: 0.298 semiSat: 0.560 beta: 0.969 sigma: 0.114 
maxBOLD estimate = 1.536


Trial 59: qplus Stimulus Selection
Stimulus: 0.546
Output value 0.862

Q+ parameters
slope: 0.234 semiSat: 0.560 beta: 1.062 sigma: 0.114 
maxBOLD estimate = 1.488


Trial 60: baseline Stimulus Selection
Stimulus: 0.010
Output value 0.139

Q+ parameters
slope: 0.234 semiSat: 0.560 beta: 0.969 sigma: 0.114 
maxBOLD estimate = 1.581


Trial 61: qplus Stimulus Selection
Stimulus: 0.711
Output value 1.484

Q+ parameters
slope: 0.298 semiSat: 0.560 beta: 0.969 sigma: 0.114 
maxBOLD estimate = 1.532


Trial 62: qplus Stimulus Selection
Stimulus: 0.505
Output value -0.143

Q+ parameters
slope: 0.234 semiSat: 0.560 beta: 1.062 sigma: 0.114 
maxBOLD estimate = 1.484


Trial 63: qplus Stimulus Selection
Stimulus: 0.505
Output value 0.417

Q+ parameters
slope: 0.234 semiSat: 0.560 beta: 0.969 sigma: 0.114 
maxBOLD estimate = 1.577


Trial 64: qplus Stimulus Selection
Stimulus: 0.546
Output value 1.328

Q+ parameters
slope: 0.234 semiSat: 0.560 beta: 1.062 sigma: 0.114 
maxBOLD estimate = 1.527


Trial 65: maxBOLD Stimulus Selection
Stimulus: 1.000
Output value 1.715

Q+ parameters
slope: 0.234 semiSat: 0.560 beta: 0.969 sigma: 0.114 
maxBOLD estimate = 1.623


Trial 66: qplus Stimulus Selection
Stimulus: 0.753
Output value 1.661

Q+ parameters
slope: 0.234 semiSat: 0.560 beta: 0.969 sigma: 0.114 
maxBOLD estimate = 1.572


Trial 67: qplus Stimulus Selection
Stimulus: 0.546
Output value 0.588

Q+ parameters
slope: 0.234 semiSat: 0.560 beta: 1.062 sigma: 0.114 
maxBOLD estimate = 1.523


Trial 68: qplus Stimulus Selection
Stimulus: 0.505
Output value 0.285

Q+ parameters
slope: 0.234 semiSat: 0.560 beta: 0.969 sigma: 0.114 
maxBOLD estimate = 1.618


Trial 69: qplus Stimulus Selection
Stimulus: 0.711
Output value 1.657

Q+ parameters
slope: 0.234 semiSat: 0.560 beta: 0.969 sigma: 0.114 
maxBOLD estimate = 1.568


Trial 70: baseline Stimulus Selection
Stimulus: 0.010
Output value 0.134

Q+ parameters
slope: 0.298 semiSat: 0.560 beta: 0.969 sigma: 0.114 
maxBOLD estimate = 1.519


Trial 71: qplus Stimulus Selection
Stimulus: 0.546
Output value 1.563

Q+ parameters
slope: 0.234 semiSat: 0.560 beta: 1.062 sigma: 0.114 
maxBOLD estimate = 1.471


Trial 72: qplus Stimulus Selection
Stimulus: 0.505
Output value 0.551

Q+ parameters
slope: 0.234 semiSat: 0.560 beta: 0.969 sigma: 0.114 
maxBOLD estimate = 1.563


Trial 73: qplus Stimulus Selection
Stimulus: 0.546
Output value 1.609

Q+ parameters
slope: 0.234 semiSat: 0.560 beta: 1.062 sigma: 0.114 
maxBOLD estimate = 1.514


Trial 74: qplus Stimulus Selection
Stimulus: 0.588
Output value 1.133

Q+ parameters
slope: 0.234 semiSat: 0.560 beta: 0.969 sigma: 0.114 
maxBOLD estimate = 1.609


Trial 75: maxBOLD Stimulus Selection
Stimulus: 1.000
Output value 1.806

Q+ parameters
slope: 0.234 semiSat: 0.560 beta: 1.062 sigma: 0.114 
maxBOLD estimate = 1.559


Trial 76: qplus Stimulus Selection
Stimulus: 0.629
Output value 1.167

Q+ parameters
slope: 0.234 semiSat: 0.560 beta: 0.969 sigma: 0.114 
maxBOLD estimate = 1.656


Trial 77: qplus Stimulus Selection
Stimulus: 0.546
Output value 0.283

Q+ parameters
slope: 0.234 semiSat: 0.560 beta: 0.969 sigma: 0.114 
maxBOLD estimate = 1.604


Trial 78: qplus Stimulus Selection
Stimulus: 0.546
Output value 0.600

Q+ parameters
slope: 0.234 semiSat: 0.560 beta: 1.062 sigma: 0.114 
maxBOLD estimate = 1.554


Trial 79: qplus Stimulus Selection
Stimulus: 0.629
Output value 1.454

Q+ parameters
slope: 0.234 semiSat: 0.560 beta: 0.969 sigma: 0.114 
maxBOLD estimate = 1.651


Trial 80: baseline Stimulus Selection
Stimulus: 0.010
Output value 0.141

Q+ parameters
slope: 0.234 semiSat: 0.560 beta: 0.969 sigma: 0.114 
maxBOLD estimate = 1.600


Trial 81: qplus Stimulus Selection
Stimulus: 0.546
Output value 1.048

Q+ parameters
slope: 0.234 semiSat: 0.560 beta: 1.062 sigma: 0.114 
maxBOLD estimate = 1.550


Trial 82: qplus Stimulus Selection
Stimulus: 0.629
Output value 1.595

Q+ parameters
slope: 0.234 semiSat: 0.560 beta: 0.969 sigma: 0.114 
maxBOLD estimate = 1.646


Trial 83: qplus Stimulus Selection
Stimulus: 0.753
Output value 1.545

Q+ parameters
slope: 0.234 semiSat: 0.560 beta: 0.969 sigma: 0.114 
maxBOLD estimate = 1.595


Trial 84: qplus Stimulus Selection
Stimulus: 0.546
Output value 0.746

Q+ parameters
slope: 0.234 semiSat: 0.560 beta: 1.062 sigma: 0.114 
maxBOLD estimate = 1.545


Trial 85: maxBOLD Stimulus Selection
Stimulus: 1.000
Output value 1.446

Q+ parameters
slope: 0.234 semiSat: 0.560 beta: 0.969 sigma: 0.114 
maxBOLD estimate = 1.642


Trial 86: qplus Stimulus Selection
Stimulus: 0.711
Output value 1.261

Q+ parameters
slope: 0.234 semiSat: 0.560 beta: 0.969 sigma: 0.114 
maxBOLD estimate = 1.590


Trial 87: qplus Stimulus Selection
Stimulus: 0.546
Output value 0.595

Q+ parameters
slope: 0.234 semiSat: 0.560 beta: 1.062 sigma: 0.114 
maxBOLD estimate = 1.541


Trial 88: qplus Stimulus Selection
Stimulus: 0.588
Output value 0.433

Q+ parameters
slope: 0.234 semiSat: 0.560 beta: 0.969 sigma: 0.114 
maxBOLD estimate = 1.637


Trial 89: qplus Stimulus Selection
Stimulus: 0.711
Output value 1.676

Q+ parameters
slope: 0.234 semiSat: 0.560 beta: 0.969 sigma: 0.114 
maxBOLD estimate = 1.586


Trial 90: baseline Stimulus Selection
Stimulus: 0.010
Output value 0.148

Q+ parameters
slope: 0.234 semiSat: 0.560 beta: 1.062 sigma: 0.114 
maxBOLD estimate = 1.536


Trial 91: qplus Stimulus Selection
Stimulus: 0.505
Output value 0.288

Q+ parameters
slope: 0.234 semiSat: 0.560 beta: 0.969 sigma: 0.114 
maxBOLD estimate = 1.632


Trial 92: qplus Stimulus Selection
Stimulus: 0.711
Output value 1.393

Q+ parameters
slope: 0.234 semiSat: 0.560 beta: 0.969 sigma: 0.114 
maxBOLD estimate = 1.581


Trial 93: qplus Stimulus Selection
Stimulus: 0.711
Output value 0.405

Q+ parameters
slope: 0.234 semiSat: 0.560 beta: 0.969 sigma: 0.114 
maxBOLD estimate = 1.532


Trial 94: qplus Stimulus Selection
Stimulus: 0.546
Output value 1.433

Q+ parameters
slope: 0.234 semiSat: 0.560 beta: 1.062 sigma: 0.114 
maxBOLD estimate = 1.484


Trial 95: maxBOLD Stimulus Selection
Stimulus: 1.000
Output value 0.694

Q+ parameters
slope: 0.234 semiSat: 0.560 beta: 0.969 sigma: 0.114 
maxBOLD estimate = 1.577


Trial 96: qplus Stimulus Selection
Stimulus: 0.711
Output value 1.211

Q+ parameters
slope: 0.234 semiSat: 0.560 beta: 0.969 sigma: 0.114 
maxBOLD estimate = 1.527


Trial 97: qplus Stimulus Selection
Stimulus: 0.546
Output value 0.429

Q+ parameters
slope: 0.234 semiSat: 0.560 beta: 1.062 sigma: 0.114 
maxBOLD estimate = 1.480


Trial 98: qplus Stimulus Selection
Stimulus: 0.505
Output value 0.138

Q+ parameters
slope: 0.234 semiSat: 0.560 beta: 0.969 sigma: 0.114 
maxBOLD estimate = 1.572


Trial 99: qplus Stimulus Selection
Stimulus: 0.753
Output value 1.207

Q+ parameters
slope: 0.234 semiSat: 0.560 beta: 0.969 sigma: 0.114 
maxBOLD estimate = 1.523


Trial 100: baseline Stimulus Selection
Stimulus: 0.010
Output value -0.285

Q+ parameters
slope: 0.234 semiSat: 0.560 beta: 1.062 sigma: 0.114 
maxBOLD estimate = 1.476

--------------------------------------------------------------
FINAL VALUES
--------------------------------------------------------------
Simulated parameters:              slope: 0.200 semiSat: 0.570 beta: 1.000 sigma: 0.100 
Max posterior QUEST+ parameters:   slope: 0.234 semiSat: 0.560 beta: 0.969 sigma: 0.114 
Max BADS parameters:               slope: 0.258 semiSat: 0.570 beta: 1.000 sigma: 0.114 
maxBOLD estimate: 1.578
