/blue/stevenweisberg/stevenweisberg/MATLAB/projects/Weisberg_Aguirre_2020/scripts/run_sims
c0700a-s1.ufhpc
Wed Apr  7 01:55:38 EDT 2021
mkdir: cannot create directory ‘/blue/stevenweisberg/stevenweisberg/qpfMRIResults/model_parameter_set2/’: File exists
cp: cannot stat ‘/blue/stevenweisberg/stevenweisberg/qpfMRIResults/deploy_sim.sh’: No such file or directory
cp: cannot stat ‘/blue/stevenweisberg/stevenweisberg/qpfMRIResults/sim_wrapper.sh’: No such file or directory
------------------------------------------
Setting up environment variables
---
LD_LIBRARY_PATH is .:/apps/matlab/mcr/2020b/v99/runtime/glnxa64:/apps/matlab/mcr/2020b/v99/bin/glnxa64:/apps/matlab/mcr/2020b/v99/sys/os/glnxa64:/apps/matlab/mcr/2020b/v99/sys/opengl/lib/glnxa64
Warning: Executing startup failed in matlabrc.
This indicates a potentially serious problem in your MATLAB setup, which should be resolved as soon as possible.  Error detected was:
MATLAB:mpath:PathAlterationNotSupported
Modifying the search path is not supported by MATLAB Compiler. Remove functions that modify the search path from your MATLAB code. To make files visible to your deployed application, add the parent folder to your MATLAB session.
Warning: No stimulus domain specified. Defaulting to values between 0.01 and 1.
> In qpfmriParams (line 182)
In compiledSimulate (line 205)
Stimulus domain added from input.
Parameter slope specified as 0.20000
Parameter semiSat specified as 0.57000
Parameter beta specified as 1.00000
Parameter sigma specified as 0.10000
seed = 99seed = 104seed = 111seed = 111seed = 115seed = 101Initializing Q+. This may take a minute...
Elapsed time is 8.263477 seconds.
Simulated parameters:
slope: 0.200 semiSat: 0.570 beta: 1.000 sigma: 0.100 

Trial 1: baseline Stimulus Selection
Stimulus: 0.010
Output value 0.000

Q+ parameters
slope: 0.026 semiSat: 0.890 beta: 0.500 sigma: 0.010 
maxBOLD estimate = 1.000


Trial 2: maxBOLD Stimulus Selection
Stimulus: 1.000
Output value 1.364

Q+ parameters
slope: 0.055 semiSat: 0.670 beta: 1.250 sigma: 0.010 
maxBOLD estimate = 1.000


Trial 3: baseline Stimulus Selection
Stimulus: 0.010
Output value 0.128

Q+ parameters
slope: 0.043 semiSat: 0.780 beta: 1.125 sigma: 0.062 
maxBOLD estimate = 1.250


Trial 4: maxBOLD Stimulus Selection
Stimulus: 1.000
Output value 1.598

Q+ parameters
slope: 0.043 semiSat: 0.780 beta: 1.250 sigma: 0.062 
maxBOLD estimate = 1.406


Trial 5: baseline Stimulus Selection
Stimulus: 0.010
Output value 0.000

Q+ parameters
slope: 0.043 semiSat: 0.780 beta: 0.969 sigma: 0.062 
maxBOLD estimate = 1.758


Trial 6: maxBOLD Stimulus Selection
Stimulus: 1.000
Output value 1.050

Q+ parameters
slope: 0.043 semiSat: 0.780 beta: 0.969 sigma: 0.062 
maxBOLD estimate = 1.703


Trial 7: qplus Stimulus Selection
Stimulus: 0.711
Output value 0.787

Q+ parameters
slope: 0.070 semiSat: 0.450 beta: 0.750 sigma: 0.062 
maxBOLD estimate = 1.650


Trial 8: qplus Stimulus Selection
Stimulus: 0.464
Output value 0.000

Q+ parameters
slope: 0.379 semiSat: 0.670 beta: 0.938 sigma: 0.062 
maxBOLD estimate = 1.237


Trial 9: qplus Stimulus Selection
Stimulus: 0.629
Output value 1.196

Q+ parameters
slope: 0.379 semiSat: 0.560 beta: 1.031 sigma: 0.114 
maxBOLD estimate = 1.160


Trial 10: baseline Stimulus Selection
Stimulus: 0.010
Output value 0.000

Q+ parameters
slope: 0.379 semiSat: 0.560 beta: 0.938 sigma: 0.062 
maxBOLD estimate = 1.196


Trial 11: qplus Stimulus Selection
Stimulus: 0.588
Output value 0.736

Q+ parameters
slope: 0.379 semiSat: 0.560 beta: 1.031 sigma: 0.062 
maxBOLD estimate = 1.121


Trial 12: qplus Stimulus Selection
Stimulus: 0.505
Output value 0.657

Q+ parameters
slope: 0.183 semiSat: 0.560 beta: 1.250 sigma: 0.114 
maxBOLD estimate = 1.156


Trial 13: qplus Stimulus Selection
Stimulus: 0.505
Output value 0.575

Q+ parameters
slope: 0.183 semiSat: 0.560 beta: 0.875 sigma: 0.062 
maxBOLD estimate = 1.446


Trial 14: qplus Stimulus Selection
Stimulus: 0.670
Output value 1.581

Q+ parameters
slope: 0.183 semiSat: 0.560 beta: 1.250 sigma: 0.114 
maxBOLD estimate = 1.265


Trial 15: maxBOLD Stimulus Selection
Stimulus: 1.000
Output value 1.482

Q+ parameters
slope: 0.144 semiSat: 0.560 beta: 0.938 sigma: 0.114 
maxBOLD estimate = 1.581


Trial 16: qplus Stimulus Selection
Stimulus: 0.505
Output value 0.632

Q+ parameters
slope: 0.144 semiSat: 0.560 beta: 0.938 sigma: 0.114 
maxBOLD estimate = 1.482


Trial 17: qplus Stimulus Selection
Stimulus: 0.505
Output value 0.379

Q+ parameters
slope: 0.183 semiSat: 0.560 beta: 1.000 sigma: 0.114 
maxBOLD estimate = 1.390


Trial 18: qplus Stimulus Selection
Stimulus: 0.629
Output value 1.611

Q+ parameters
slope: 0.234 semiSat: 0.560 beta: 1.062 sigma: 0.114 
maxBOLD estimate = 1.390


Trial 19: qplus Stimulus Selection
Stimulus: 0.588
Output value 1.342

Q+ parameters
slope: 0.183 semiSat: 0.560 beta: 1.000 sigma: 0.114 
maxBOLD estimate = 1.476


Trial 20: baseline Stimulus Selection
Stimulus: 0.010
Output value 0.126

Q+ parameters
slope: 0.234 semiSat: 0.560 beta: 0.938 sigma: 0.114 
maxBOLD estimate = 1.476


Trial 21: qplus Stimulus Selection
Stimulus: 0.588
Output value 0.944

Q+ parameters
slope: 0.234 semiSat: 0.560 beta: 0.938 sigma: 0.114 
maxBOLD estimate = 1.384


Trial 22: qplus Stimulus Selection
Stimulus: 0.505
Output value 0.737

Q+ parameters
slope: 0.234 semiSat: 0.560 beta: 1.250 sigma: 0.114 
maxBOLD estimate = 1.298


Trial 23: qplus Stimulus Selection
Stimulus: 0.546
Output value 0.442

Q+ parameters
slope: 0.483 semiSat: 0.560 beta: 0.750 sigma: 0.114 
maxBOLD estimate = 1.622


Trial 24: qplus Stimulus Selection
Stimulus: 0.959
Output value 1.991

Q+ parameters
slope: 0.183 semiSat: 0.560 beta: 1.500 sigma: 0.114 
maxBOLD estimate = 1.217


Trial 25: maxBOLD Stimulus Selection
Stimulus: 1.000
Output value 0.995

Q+ parameters
slope: 0.234 semiSat: 0.560 beta: 0.750 sigma: 0.114 
maxBOLD estimate = 1.825


Trial 26: qplus Stimulus Selection
Stimulus: 0.629
Output value 1.190

Q+ parameters
slope: 0.234 semiSat: 0.560 beta: 1.062 sigma: 0.114 
maxBOLD estimate = 1.369


Trial 27: qplus Stimulus Selection
Stimulus: 0.629
Output value 0.620

Q+ parameters
slope: 0.144 semiSat: 0.560 beta: 0.938 sigma: 0.114 
maxBOLD estimate = 1.454


Trial 28: qplus Stimulus Selection
Stimulus: 0.505
Output value -0.124

Q+ parameters
slope: 0.144 semiSat: 0.560 beta: 1.000 sigma: 0.114 
maxBOLD estimate = 1.363


Trial 29: qplus Stimulus Selection
Stimulus: 0.505
Output value -0.120

Q+ parameters
slope: 0.234 semiSat: 0.560 beta: 0.969 sigma: 0.114 
maxBOLD estimate = 1.363


Trial 30: baseline Stimulus Selection
Stimulus: 0.010
Output value -0.255

Q+ parameters
slope: 0.234 semiSat: 0.560 beta: 1.062 sigma: 0.114 
maxBOLD estimate = 1.321


Trial 31: qplus Stimulus Selection
Stimulus: 0.588
Output value 0.638

Q+ parameters
slope: 0.183 semiSat: 0.560 beta: 1.000 sigma: 0.114 
maxBOLD estimate = 1.403


Trial 32: qplus Stimulus Selection
Stimulus: 0.505
Output value -0.132

Q+ parameters
slope: 0.234 semiSat: 0.560 beta: 1.031 sigma: 0.114 
maxBOLD estimate = 1.403


Trial 33: qplus Stimulus Selection
Stimulus: 0.505
Output value -0.127

Q+ parameters
slope: 0.234 semiSat: 0.560 beta: 0.969 sigma: 0.114 
maxBOLD estimate = 1.447


Trial 34: qplus Stimulus Selection
Stimulus: 0.546
Output value 0.123

Q+ parameters
slope: 0.234 semiSat: 0.560 beta: 0.969 sigma: 0.114 
maxBOLD estimate = 1.402


Trial 35: maxBOLD Stimulus Selection
Stimulus: 1.000
Output value 1.435

Q+ parameters
slope: 0.234 semiSat: 0.560 beta: 0.969 sigma: 0.114 
maxBOLD estimate = 1.358


Trial 36: qplus Stimulus Selection
Stimulus: 0.588
Output value 1.017

Q+ parameters
slope: 0.298 semiSat: 0.560 beta: 1.062 sigma: 0.114 
maxBOLD estimate = 1.316


Trial 37: qplus Stimulus Selection
Stimulus: 0.588
Output value 0.985

Q+ parameters
slope: 0.234 semiSat: 0.560 beta: 0.969 sigma: 0.114 
maxBOLD estimate = 1.398


Trial 38: qplus Stimulus Selection
Stimulus: 0.588
Output value 1.308

Q+ parameters
slope: 0.298 semiSat: 0.560 beta: 1.062 sigma: 0.114 
maxBOLD estimate = 1.354


Trial 39: qplus Stimulus Selection
Stimulus: 0.505
Output value 0.507

Q+ parameters
slope: 0.234 semiSat: 0.560 beta: 0.969 sigma: 0.114 
maxBOLD estimate = 1.439


Trial 40: baseline Stimulus Selection
Stimulus: 0.010
Output value 0.246

Q+ parameters
slope: 0.234 semiSat: 0.560 beta: 0.969 sigma: 0.166 
maxBOLD estimate = 1.394


Trial 41: qplus Stimulus Selection
Stimulus: 0.588
Output value 0.714

Q+ parameters
slope: 0.234 semiSat: 0.560 beta: 0.969 sigma: 0.114 
maxBOLD estimate = 1.350


Trial 42: qplus Stimulus Selection
Stimulus: 0.588
Output value 1.137

Q+ parameters
slope: 0.298 semiSat: 0.560 beta: 1.062 sigma: 0.166 
maxBOLD estimate = 1.308


Trial 43: qplus Stimulus Selection
Stimulus: 0.505
Output value 0.122

Q+ parameters
slope: 0.234 semiSat: 0.560 beta: 0.969 sigma: 0.114 
maxBOLD estimate = 1.390


Trial 44: qplus Stimulus Selection
Stimulus: 0.546
Output value 0.356

Q+ parameters
slope: 0.234 semiSat: 0.560 beta: 0.969 sigma: 0.114 
maxBOLD estimate = 1.346


Trial 45: maxBOLD Stimulus Selection
Stimulus: 1.000
Output value 1.423

Q+ parameters
slope: 0.298 semiSat: 0.560 beta: 1.000 sigma: 0.114 
maxBOLD estimate = 1.304


Trial 46: qplus Stimulus Selection
Stimulus: 0.505
Output value 0.237

Q+ parameters
slope: 0.298 semiSat: 0.560 beta: 1.000 sigma: 0.114 
maxBOLD estimate = 1.304


Trial 47: qplus Stimulus Selection
Stimulus: 0.546
Output value 0.882

Q+ parameters
slope: 0.298 semiSat: 0.560 beta: 1.062 sigma: 0.114 
maxBOLD estimate = 1.304


Trial 48: qplus Stimulus Selection
Stimulus: 0.505
Output value 0.366

Q+ parameters
slope: 0.234 semiSat: 0.560 beta: 0.969 sigma: 0.114 
maxBOLD estimate = 1.386


Trial 49: qplus Stimulus Selection
Stimulus: 0.546
Output value 0.828

Q+ parameters
slope: 0.234 semiSat: 0.560 beta: 0.969 sigma: 0.114 
maxBOLD estimate = 1.343


Trial 50: baseline Stimulus Selection
Stimulus: 0.010
Output value 0.115

Q+ parameters
slope: 0.234 semiSat: 0.560 beta: 0.969 sigma: 0.114 
maxBOLD estimate = 1.301


Trial 51: qplus Stimulus Selection
Stimulus: 0.588
Output value 1.095

Q+ parameters
slope: 0.298 semiSat: 0.560 beta: 1.062 sigma: 0.114 
maxBOLD estimate = 1.260


Trial 52: qplus Stimulus Selection
Stimulus: 0.546
Output value 0.472

Q+ parameters
slope: 0.234 semiSat: 0.560 beta: 0.969 sigma: 0.114 
maxBOLD estimate = 1.339


Trial 53: qplus Stimulus Selection
Stimulus: 0.588
Output value 0.799

Q+ parameters
slope: 0.234 semiSat: 0.560 beta: 0.969 sigma: 0.114 
maxBOLD estimate = 1.297


Trial 54: qplus Stimulus Selection
Stimulus: 0.588
Output value 0.485

Q+ parameters
slope: 0.298 semiSat: 0.560 beta: 1.062 sigma: 0.166 
maxBOLD estimate = 1.256


Trial 55: maxBOLD Stimulus Selection
Stimulus: 1.000
Output value 1.411

Q+ parameters
slope: 0.234 semiSat: 0.560 beta: 0.969 sigma: 0.114 
maxBOLD estimate = 1.335


Trial 56: qplus Stimulus Selection
Stimulus: 0.546
Output value 0.797

Q+ parameters
slope: 0.234 semiSat: 0.560 beta: 0.969 sigma: 0.114 
maxBOLD estimate = 1.293


Trial 57: qplus Stimulus Selection
Stimulus: 0.546
Output value 0.847

Q+ parameters
slope: 0.298 semiSat: 0.560 beta: 1.062 sigma: 0.114 
maxBOLD estimate = 1.253


Trial 58: qplus Stimulus Selection
Stimulus: 0.505
Output value 0.624

Q+ parameters
slope: 0.234 semiSat: 0.560 beta: 1.031 sigma: 0.114 
maxBOLD estimate = 1.331


Trial 59: qplus Stimulus Selection
Stimulus: 0.546
Output value 0.725

Q+ parameters
slope: 0.234 semiSat: 0.560 beta: 0.969 sigma: 0.114 
maxBOLD estimate = 1.373


Trial 60: baseline Stimulus Selection
Stimulus: 0.010
Output value 0.468

Q+ parameters
slope: 0.234 semiSat: 0.560 beta: 0.969 sigma: 0.114 
maxBOLD estimate = 1.330


Trial 61: qplus Stimulus Selection
Stimulus: 0.546
Output value 1.120

Q+ parameters
slope: 0.298 semiSat: 0.560 beta: 1.062 sigma: 0.166 
maxBOLD estimate = 1.288


Trial 62: qplus Stimulus Selection
Stimulus: 0.588
Output value 1.540

Q+ parameters
slope: 0.234 semiSat: 0.560 beta: 1.031 sigma: 0.166 
maxBOLD estimate = 1.369


Trial 63: qplus Stimulus Selection
Stimulus: 0.546
Output value 1.027

Q+ parameters
slope: 0.234 semiSat: 0.560 beta: 1.000 sigma: 0.114 
maxBOLD estimate = 1.411


Trial 64: qplus Stimulus Selection
Stimulus: 0.546
Output value 0.770

Q+ parameters
slope: 0.234 semiSat: 0.560 beta: 1.000 sigma: 0.114 
maxBOLD estimate = 1.411


Trial 65: maxBOLD Stimulus Selection
Stimulus: 1.000
Output value 1.540

Q+ parameters
slope: 0.234 semiSat: 0.560 beta: 1.000 sigma: 0.114 
maxBOLD estimate = 1.411


Trial 66: qplus Stimulus Selection
Stimulus: 0.670
Output value 1.588

Q+ parameters
slope: 0.234 semiSat: 0.560 beta: 1.031 sigma: 0.114 
maxBOLD estimate = 1.411


Trial 67: qplus Stimulus Selection
Stimulus: 0.670
Output value 1.638

Q+ parameters
slope: 0.234 semiSat: 0.560 beta: 1.031 sigma: 0.114 
maxBOLD estimate = 1.456


Trial 68: qplus Stimulus Selection
Stimulus: 0.670
Output value 1.689

Q+ parameters
slope: 0.234 semiSat: 0.560 beta: 1.031 sigma: 0.114 
maxBOLD estimate = 1.501


Trial 69: qplus Stimulus Selection
Stimulus: 0.670
Output value 1.231

Q+ parameters
slope: 0.234 semiSat: 0.560 beta: 0.875 sigma: 0.114 
maxBOLD estimate = 1.548


Trial 70: baseline Stimulus Selection
Stimulus: 0.010
Output value -0.127

Q+ parameters
slope: 0.234 semiSat: 0.560 beta: 1.031 sigma: 0.114 
maxBOLD estimate = 1.354


Trial 71: qplus Stimulus Selection
Stimulus: 0.588
Output value 0.655

Q+ parameters
slope: 0.234 semiSat: 0.560 beta: 1.031 sigma: 0.114 
maxBOLD estimate = 1.397


Trial 72: qplus Stimulus Selection
Stimulus: 0.670
Output value 1.215

Q+ parameters
slope: 0.234 semiSat: 0.560 beta: 1.031 sigma: 0.114 
maxBOLD estimate = 1.440


Trial 73: qplus Stimulus Selection
Stimulus: 0.670
Output value 0.836

Q+ parameters
slope: 0.234 semiSat: 0.560 beta: 1.031 sigma: 0.114 
maxBOLD estimate = 1.485


Trial 74: qplus Stimulus Selection
Stimulus: 0.711
Output value 0.853

Q+ parameters
slope: 0.234 semiSat: 0.560 beta: 0.875 sigma: 0.114 
maxBOLD estimate = 1.532


Trial 75: maxBOLD Stimulus Selection
Stimulus: 1.000
Output value 1.257

Q+ parameters
slope: 0.234 semiSat: 0.560 beta: 1.031 sigma: 0.114 
maxBOLD estimate = 1.340


Trial 76: qplus Stimulus Selection
Stimulus: 0.588
Output value 0.518

Q+ parameters
slope: 0.234 semiSat: 0.560 beta: 1.031 sigma: 0.166 
maxBOLD estimate = 1.382


Trial 77: qplus Stimulus Selection
Stimulus: 0.546
Output value 0.535

Q+ parameters
slope: 0.234 semiSat: 0.560 beta: 1.031 sigma: 0.114 
maxBOLD estimate = 1.425


Trial 78: qplus Stimulus Selection
Stimulus: 0.546
Output value 0.117

Q+ parameters
slope: 0.234 semiSat: 0.560 beta: 0.875 sigma: 0.114 
maxBOLD estimate = 1.470


Trial 79: qplus Stimulus Selection
Stimulus: 0.588
Output value 0.621

Q+ parameters
slope: 0.298 semiSat: 0.560 beta: 1.062 sigma: 0.166 
maxBOLD estimate = 1.286


Trial 80: baseline Stimulus Selection
Stimulus: 0.010
Output value 0.000

Q+ parameters
slope: 0.234 semiSat: 0.560 beta: 1.031 sigma: 0.166 
maxBOLD estimate = 1.367


Trial 81: qplus Stimulus Selection
Stimulus: 0.505
Output value 0.264

Q+ parameters
slope: 0.234 semiSat: 0.560 beta: 1.031 sigma: 0.166 
maxBOLD estimate = 1.409


Trial 82: qplus Stimulus Selection
Stimulus: 0.546
Output value 0.384

Q+ parameters
slope: 0.234 semiSat: 0.560 beta: 0.969 sigma: 0.114 
maxBOLD estimate = 1.453


Trial 83: qplus Stimulus Selection
Stimulus: 0.546
Output value 0.496

Q+ parameters
slope: 0.234 semiSat: 0.560 beta: 0.969 sigma: 0.114 
maxBOLD estimate = 1.408


Trial 84: qplus Stimulus Selection
Stimulus: 0.546
Output value 0.511

Q+ parameters
slope: 0.234 semiSat: 0.560 beta: 1.031 sigma: 0.166 
maxBOLD estimate = 1.364


Trial 85: maxBOLD Stimulus Selection
Stimulus: 1.000
Output value 1.487

Q+ parameters
slope: 0.234 semiSat: 0.560 beta: 0.969 sigma: 0.114 
maxBOLD estimate = 1.407


Trial 86: qplus Stimulus Selection
Stimulus: 0.546
Output value 0.383

Q+ parameters
slope: 0.234 semiSat: 0.560 beta: 1.031 sigma: 0.166 
maxBOLD estimate = 1.363


Trial 87: qplus Stimulus Selection
Stimulus: 0.546
Output value 0.371

Q+ parameters
slope: 0.234 semiSat: 0.560 beta: 0.969 sigma: 0.114 
maxBOLD estimate = 1.405


Trial 88: qplus Stimulus Selection
Stimulus: 0.546
Output value 0.480

Q+ parameters
slope: 0.234 semiSat: 0.560 beta: 0.969 sigma: 0.114 
maxBOLD estimate = 1.361


Trial 89: qplus Stimulus Selection
Stimulus: 0.546
Output value 0.255

Q+ parameters
slope: 0.298 semiSat: 0.560 beta: 1.062 sigma: 0.166 
maxBOLD estimate = 1.319


Trial 90: baseline Stimulus Selection
Stimulus: 0.010
Output value -0.247

Q+ parameters
slope: 0.234 semiSat: 0.560 beta: 0.969 sigma: 0.114 
maxBOLD estimate = 1.401


Trial 91: qplus Stimulus Selection
Stimulus: 0.546
Output value 0.764

Q+ parameters
slope: 0.234 semiSat: 0.560 beta: 1.031 sigma: 0.114 
maxBOLD estimate = 1.357


Trial 92: qplus Stimulus Selection
Stimulus: 0.546
Output value 0.123

Q+ parameters
slope: 0.234 semiSat: 0.560 beta: 0.969 sigma: 0.166 
maxBOLD estimate = 1.400


Trial 93: qplus Stimulus Selection
Stimulus: 0.546
Output value 0.763

Q+ parameters
slope: 0.234 semiSat: 0.560 beta: 1.031 sigma: 0.166 
maxBOLD estimate = 1.356


Trial 94: qplus Stimulus Selection
Stimulus: 0.546
Output value 0.616

Q+ parameters
slope: 0.234 semiSat: 0.560 beta: 0.969 sigma: 0.114 
maxBOLD estimate = 1.398


Trial 95: maxBOLD Stimulus Selection
Stimulus: 1.000
Output value 1.524

Q+ parameters
slope: 0.234 semiSat: 0.560 beta: 1.031 sigma: 0.114 
maxBOLD estimate = 1.355


Trial 96: qplus Stimulus Selection
Stimulus: 0.546
Output value 0.615

Q+ parameters
slope: 0.234 semiSat: 0.560 beta: 0.969 sigma: 0.114 
maxBOLD estimate = 1.397


Trial 97: qplus Stimulus Selection
Stimulus: 0.546
Output value 0.784

Q+ parameters
slope: 0.298 semiSat: 0.560 beta: 1.062 sigma: 0.166 
maxBOLD estimate = 1.353


Trial 98: qplus Stimulus Selection
Stimulus: 0.588
Output value 0.887

Q+ parameters
slope: 0.234 semiSat: 0.560 beta: 0.969 sigma: 0.114 
maxBOLD estimate = 1.438


Trial 99: qplus Stimulus Selection
Stimulus: 0.711
Output value 1.472

Q+ parameters
slope: 0.234 semiSat: 0.560 beta: 0.969 sigma: 0.114 
maxBOLD estimate = 1.393


Trial 100: baseline Stimulus Selection
Stimulus: 0.010
Output value -0.130

Q+ parameters
slope: 0.298 semiSat: 0.560 beta: 1.062 sigma: 0.166 
maxBOLD estimate = 1.350

--------------------------------------------------------------
FINAL VALUES
--------------------------------------------------------------
Simulated parameters:              slope: 0.200 semiSat: 0.570 beta: 1.000 sigma: 0.100 
Max posterior QUEST+ parameters:   slope: 0.234 semiSat: 0.560 beta: 0.875 sigma: 0.114 
Max BADS parameters:               slope: 0.201 semiSat: 0.571 beta: 1.000 sigma: 0.126 
maxBOLD estimate: 1.509
