/blue/stevenweisberg/stevenweisberg/MATLAB/projects/Weisberg_Aguirre_2020/scripts/run_sims
c0706a-s5.ufhpc
Wed Apr  7 10:35:32 EDT 2021
mkdir: cannot create directory ‘/blue/stevenweisberg/stevenweisberg/qpfMRIResults/model_parameter_set2/’: File exists
cp: cannot stat ‘/blue/stevenweisberg/stevenweisberg/qpfMRIResults/deploy_sim.sh’: No such file or directory
cp: cannot stat ‘/blue/stevenweisberg/stevenweisberg/qpfMRIResults/sim_wrapper.sh’: No such file or directory
------------------------------------------
Setting up environment variables
---
LD_LIBRARY_PATH is .:/apps/matlab/mcr/2020b/v99/runtime/glnxa64:/apps/matlab/mcr/2020b/v99/bin/glnxa64:/apps/matlab/mcr/2020b/v99/sys/os/glnxa64:/apps/matlab/mcr/2020b/v99/sys/opengl/lib/glnxa64
Warning: Executing startup failed in matlabrc.
This indicates a potentially serious problem in your MATLAB setup, which should be resolved as soon as possible.  Error detected was:
MATLAB:mpath:PathAlterationNotSupported
Modifying the search path is not supported by MATLAB Compiler. Remove functions that modify the search path from your MATLAB code. To make files visible to your deployed application, add the parent folder to your MATLAB session.
Warning: No stimulus domain specified. Defaulting to values between 0.01 and 1.
> In qpfmriParams (line 182)
In compiledSimulate (line 205)
Stimulus domain added from input.
Parameter slope specified as 0.20000
Parameter semiSat specified as 0.57000
Parameter beta specified as 1.00000
Parameter sigma specified as 0.05000
seed = 99seed = 104seed = 111seed = 111seed = 115seed = 101Initializing Q+. This may take a minute...
Elapsed time is 7.737854 seconds.
Simulated parameters:
slope: 0.200 semiSat: 0.570 beta: 1.000 sigma: 0.050 

Trial 1: baseline Stimulus Selection
Stimulus: 0.010
Output value 0.000

Q+ parameters
slope: 0.026 semiSat: 0.890 beta: 0.500 sigma: 0.010 
maxBOLD estimate = 1.000


Trial 2: maxBOLD Stimulus Selection
Stimulus: 1.000
Output value 1.364

Q+ parameters
slope: 0.055 semiSat: 0.670 beta: 1.250 sigma: 0.010 
maxBOLD estimate = 1.000


Trial 3: baseline Stimulus Selection
Stimulus: 0.010
Output value 0.142

Q+ parameters
slope: 0.055 semiSat: 0.670 beta: 1.250 sigma: 0.062 
maxBOLD estimate = 1.250


Trial 4: maxBOLD Stimulus Selection
Stimulus: 1.000
Output value 2.131

Q+ parameters
slope: 0.055 semiSat: 0.670 beta: 1.250 sigma: 0.010 
maxBOLD estimate = 1.562


Trial 5: baseline Stimulus Selection
Stimulus: 0.010
Output value 0.200

Q+ parameters
slope: 0.043 semiSat: 0.780 beta: 1.125 sigma: 0.062 
maxBOLD estimate = 1.953


Trial 6: maxBOLD Stimulus Selection
Stimulus: 1.000
Output value 1.548

Q+ parameters
slope: 0.043 semiSat: 0.780 beta: 0.969 sigma: 0.062 
maxBOLD estimate = 2.197


Trial 7: random Stimulus Selection
Stimulus: 0.670
Output value 1.161

Q+ parameters
slope: 0.089 semiSat: 0.340 beta: 0.750 sigma: 0.062 
maxBOLD estimate = 2.129


Trial 8: random Stimulus Selection
Stimulus: 0.505
Output value 0.281

Q+ parameters
slope: 0.234 semiSat: 0.560 beta: 0.969 sigma: 0.062 
maxBOLD estimate = 1.596


Trial 9: random Stimulus Selection
Stimulus: 0.381
Output value 0.158

Q+ parameters
slope: 0.183 semiSat: 0.560 beta: 1.125 sigma: 0.062 
maxBOLD estimate = 1.547


Trial 10: baseline Stimulus Selection
Stimulus: 0.010
Output value -0.148

Q+ parameters
slope: 0.234 semiSat: 0.560 beta: 0.938 sigma: 0.062 
maxBOLD estimate = 1.740


Trial 11: random Stimulus Selection
Stimulus: 0.010
Output value -0.158

Q+ parameters
slope: 0.183 semiSat: 0.560 beta: 1.062 sigma: 0.062 
maxBOLD estimate = 1.631


Trial 12: random Stimulus Selection
Stimulus: 0.876
Output value 1.733

Q+ parameters
slope: 0.183 semiSat: 0.560 beta: 1.000 sigma: 0.062 
maxBOLD estimate = 1.733


Trial 13: random Stimulus Selection
Stimulus: 0.216
Output value 0.000

Q+ parameters
slope: 0.183 semiSat: 0.560 beta: 1.000 sigma: 0.062 
maxBOLD estimate = 1.733


Trial 14: random Stimulus Selection
Stimulus: 0.546
Output value 0.788

Q+ parameters
slope: 0.183 semiSat: 0.560 beta: 1.000 sigma: 0.062 
maxBOLD estimate = 1.733


Trial 15: maxBOLD Stimulus Selection
Stimulus: 1.000
Output value 1.329

Q+ parameters
slope: 0.144 semiSat: 0.560 beta: 0.938 sigma: 0.062 
maxBOLD estimate = 1.733


Trial 16: random Stimulus Selection
Stimulus: 0.381
Output value 0.000

Q+ parameters
slope: 0.183 semiSat: 0.560 beta: 1.000 sigma: 0.062 
maxBOLD estimate = 1.625


Trial 17: random Stimulus Selection
Stimulus: 0.835
Output value 1.477

Q+ parameters
slope: 0.183 semiSat: 0.560 beta: 1.000 sigma: 0.062 
maxBOLD estimate = 1.625


Trial 18: random Stimulus Selection
Stimulus: 0.918
Output value 1.625

Q+ parameters
slope: 0.183 semiSat: 0.560 beta: 1.000 sigma: 0.062 
maxBOLD estimate = 1.625


Trial 19: random Stimulus Selection
Stimulus: 0.051
Output value -0.148

Q+ parameters
slope: 0.183 semiSat: 0.560 beta: 1.000 sigma: 0.062 
maxBOLD estimate = 1.625


Trial 20: baseline Stimulus Selection
Stimulus: 0.010
Output value -0.148

Q+ parameters
slope: 0.183 semiSat: 0.560 beta: 1.000 sigma: 0.062 
maxBOLD estimate = 1.625


Trial 21: random Stimulus Selection
Stimulus: 0.381
Output value 0.157

Q+ parameters
slope: 0.144 semiSat: 0.560 beta: 1.062 sigma: 0.062 
maxBOLD estimate = 1.625


Trial 22: random Stimulus Selection
Stimulus: 0.918
Output value 1.520

Q+ parameters
slope: 0.144 semiSat: 0.560 beta: 0.969 sigma: 0.062 
maxBOLD estimate = 1.726


Trial 23: random Stimulus Selection
Stimulus: 0.588
Output value 0.884

Q+ parameters
slope: 0.144 semiSat: 0.560 beta: 0.969 sigma: 0.062 
maxBOLD estimate = 1.672


Trial 24: random Stimulus Selection
Stimulus: 0.423
Output value 0.552

Q+ parameters
slope: 0.144 semiSat: 0.560 beta: 1.250 sigma: 0.062 
maxBOLD estimate = 1.620


Trial 25: maxBOLD Stimulus Selection
Stimulus: 1.000
Output value 1.450

Q+ parameters
slope: 0.113 semiSat: 0.560 beta: 0.875 sigma: 0.062 
maxBOLD estimate = 2.025


Trial 26: random Stimulus Selection
Stimulus: 0.299
Output value 0.151

Q+ parameters
slope: 0.144 semiSat: 0.560 beta: 0.938 sigma: 0.062 
maxBOLD estimate = 1.772


Trial 27: random Stimulus Selection
Stimulus: 0.092
Output value 0.156

Q+ parameters
slope: 0.113 semiSat: 0.560 beta: 1.031 sigma: 0.062 
maxBOLD estimate = 1.661


Trial 28: random Stimulus Selection
Stimulus: 0.340
Output value 0.321

Q+ parameters
slope: 0.113 semiSat: 0.560 beta: 1.031 sigma: 0.062 
maxBOLD estimate = 1.713


Trial 29: random Stimulus Selection
Stimulus: 0.051
Output value 0.000

Q+ parameters
slope: 0.113 semiSat: 0.560 beta: 0.938 sigma: 0.062 
maxBOLD estimate = 1.767


Trial 30: baseline Stimulus Selection
Stimulus: 0.010
Output value 0.155

Q+ parameters
slope: 0.113 semiSat: 0.560 beta: 1.031 sigma: 0.062 
maxBOLD estimate = 1.656


Trial 31: random Stimulus Selection
Stimulus: 0.505
Output value 0.480

Q+ parameters
slope: 0.113 semiSat: 0.560 beta: 1.031 sigma: 0.062 
maxBOLD estimate = 1.708


Trial 32: random Stimulus Selection
Stimulus: 0.216
Output value 0.150

Q+ parameters
slope: 0.144 semiSat: 0.560 beta: 0.938 sigma: 0.062 
maxBOLD estimate = 1.761


Trial 33: random Stimulus Selection
Stimulus: 0.340
Output value -0.150

Q+ parameters
slope: 0.183 semiSat: 0.560 beta: 1.000 sigma: 0.062 
maxBOLD estimate = 1.651


Trial 34: random Stimulus Selection
Stimulus: 0.340
Output value 0.155

Q+ parameters
slope: 0.113 semiSat: 0.560 beta: 1.031 sigma: 0.062 
maxBOLD estimate = 1.651


Trial 35: maxBOLD Stimulus Selection
Stimulus: 1.000
Output value 1.596

Q+ parameters
slope: 0.113 semiSat: 0.560 beta: 1.031 sigma: 0.062 
maxBOLD estimate = 1.703


Trial 36: random Stimulus Selection
Stimulus: 0.134
Output value 0.000

Q+ parameters
slope: 0.144 semiSat: 0.560 beta: 0.938 sigma: 0.062 
maxBOLD estimate = 1.756


Trial 37: random Stimulus Selection
Stimulus: 1.000
Output value 1.698

Q+ parameters
slope: 0.113 semiSat: 0.560 beta: 1.031 sigma: 0.062 
maxBOLD estimate = 1.646


Trial 38: random Stimulus Selection
Stimulus: 0.546
Output value 0.478

Q+ parameters
slope: 0.113 semiSat: 0.560 beta: 1.031 sigma: 0.062 
maxBOLD estimate = 1.698


Trial 39: random Stimulus Selection
Stimulus: 1.000
Output value 1.492

Q+ parameters
slope: 0.144 semiSat: 0.560 beta: 0.938 sigma: 0.062 
maxBOLD estimate = 1.751


Trial 40: baseline Stimulus Selection
Stimulus: 0.010
Output value 0.154

Q+ parameters
slope: 0.113 semiSat: 0.560 beta: 1.031 sigma: 0.062 
maxBOLD estimate = 1.641


Trial 41: random Stimulus Selection
Stimulus: 0.505
Output value 0.289

Q+ parameters
slope: 0.234 semiSat: 0.560 beta: 0.938 sigma: 0.062 
maxBOLD estimate = 1.693


Trial 42: random Stimulus Selection
Stimulus: 0.753
Output value 1.258

Q+ parameters
slope: 0.183 semiSat: 0.560 beta: 0.969 sigma: 0.062 
maxBOLD estimate = 1.587


Trial 43: random Stimulus Selection
Stimulus: 0.051
Output value 0.000

Q+ parameters
slope: 0.183 semiSat: 0.560 beta: 1.062 sigma: 0.062 
maxBOLD estimate = 1.537


Trial 44: random Stimulus Selection
Stimulus: 0.505
Output value 0.445

Q+ parameters
slope: 0.183 semiSat: 0.560 beta: 1.000 sigma: 0.062 
maxBOLD estimate = 1.633


Trial 45: maxBOLD Stimulus Selection
Stimulus: 1.000
Output value 1.633

Q+ parameters
slope: 0.183 semiSat: 0.560 beta: 1.000 sigma: 0.062 
maxBOLD estimate = 1.633


Trial 46: random Stimulus Selection
Stimulus: 0.423
Output value 0.148

Q+ parameters
slope: 0.183 semiSat: 0.560 beta: 1.000 sigma: 0.062 
maxBOLD estimate = 1.633


Trial 47: random Stimulus Selection
Stimulus: 0.092
Output value 0.297

Q+ parameters
slope: 0.183 semiSat: 0.560 beta: 1.000 sigma: 0.062 
maxBOLD estimate = 1.633


Trial 48: random Stimulus Selection
Stimulus: 0.340
Output value 0.148

Q+ parameters
slope: 0.183 semiSat: 0.560 beta: 1.000 sigma: 0.062 
maxBOLD estimate = 1.633


Trial 49: random Stimulus Selection
Stimulus: 0.423
Output value 0.306

Q+ parameters
slope: 0.113 semiSat: 0.560 beta: 1.031 sigma: 0.062 
maxBOLD estimate = 1.633


Trial 50: baseline Stimulus Selection
Stimulus: 0.010
Output value 0.000

Q+ parameters
slope: 0.183 semiSat: 0.560 beta: 0.938 sigma: 0.062 
maxBOLD estimate = 1.684


Trial 51: random Stimulus Selection
Stimulus: 0.835
Output value 1.579

Q+ parameters
slope: 0.183 semiSat: 0.560 beta: 1.000 sigma: 0.062 
maxBOLD estimate = 1.579


Trial 52: random Stimulus Selection
Stimulus: 0.711
Output value 1.436

Q+ parameters
slope: 0.183 semiSat: 0.560 beta: 1.000 sigma: 0.062 
maxBOLD estimate = 1.579


Trial 53: random Stimulus Selection
Stimulus: 0.423
Output value 0.287

Q+ parameters
slope: 0.183 semiSat: 0.560 beta: 1.000 sigma: 0.062 
maxBOLD estimate = 1.579


Trial 54: random Stimulus Selection
Stimulus: 0.876
Output value 1.579

Q+ parameters
slope: 0.183 semiSat: 0.560 beta: 1.000 sigma: 0.062 
maxBOLD estimate = 1.579


Trial 55: maxBOLD Stimulus Selection
Stimulus: 1.000
Output value 1.579

Q+ parameters
slope: 0.183 semiSat: 0.560 beta: 1.000 sigma: 0.062 
maxBOLD estimate = 1.579


Trial 56: random Stimulus Selection
Stimulus: 0.134
Output value -0.144

Q+ parameters
slope: 0.183 semiSat: 0.560 beta: 1.000 sigma: 0.062 
maxBOLD estimate = 1.579


Trial 57: random Stimulus Selection
Stimulus: 0.381
Output value 0.000

Q+ parameters
slope: 0.183 semiSat: 0.560 beta: 1.000 sigma: 0.062 
maxBOLD estimate = 1.579


Trial 58: random Stimulus Selection
Stimulus: 0.670
Output value 1.436

Q+ parameters
slope: 0.183 semiSat: 0.560 beta: 1.000 sigma: 0.062 
maxBOLD estimate = 1.579


Trial 59: random Stimulus Selection
Stimulus: 0.010
Output value -0.148

Q+ parameters
slope: 0.113 semiSat: 0.560 beta: 1.031 sigma: 0.062 
maxBOLD estimate = 1.579


Trial 60: baseline Stimulus Selection
Stimulus: 0.010
Output value 0.153

Q+ parameters
slope: 0.113 semiSat: 0.560 beta: 1.031 sigma: 0.062 
maxBOLD estimate = 1.629


Trial 61: random Stimulus Selection
Stimulus: 1.000
Output value 1.574

Q+ parameters
slope: 0.183 semiSat: 0.560 beta: 0.938 sigma: 0.062 
maxBOLD estimate = 1.679


Trial 62: random Stimulus Selection
Stimulus: 0.216
Output value -0.143

Q+ parameters
slope: 0.183 semiSat: 0.560 beta: 1.000 sigma: 0.062 
maxBOLD estimate = 1.574


Trial 63: random Stimulus Selection
Stimulus: 0.588
Output value 1.002

Q+ parameters
slope: 0.183 semiSat: 0.560 beta: 1.000 sigma: 0.062 
maxBOLD estimate = 1.574


Trial 64: random Stimulus Selection
Stimulus: 0.670
Output value 1.288

Q+ parameters
slope: 0.183 semiSat: 0.560 beta: 1.000 sigma: 0.062 
maxBOLD estimate = 1.574


Trial 65: maxBOLD Stimulus Selection
Stimulus: 1.000
Output value 1.574

Q+ parameters
slope: 0.183 semiSat: 0.560 beta: 1.000 sigma: 0.062 
maxBOLD estimate = 1.574


Trial 66: random Stimulus Selection
Stimulus: 0.588
Output value 0.716

Q+ parameters
slope: 0.183 semiSat: 0.560 beta: 1.000 sigma: 0.062 
maxBOLD estimate = 1.574


Trial 67: random Stimulus Selection
Stimulus: 0.381
Output value 0.000

Q+ parameters
slope: 0.183 semiSat: 0.560 beta: 1.000 sigma: 0.062 
maxBOLD estimate = 1.574


Trial 68: random Stimulus Selection
Stimulus: 0.794
Output value 1.574

Q+ parameters
slope: 0.183 semiSat: 0.560 beta: 1.000 sigma: 0.062 
maxBOLD estimate = 1.574


Trial 69: random Stimulus Selection
Stimulus: 0.216
Output value 0.000

Q+ parameters
slope: 0.183 semiSat: 0.560 beta: 1.000 sigma: 0.062 
maxBOLD estimate = 1.574


Trial 70: baseline Stimulus Selection
Stimulus: 0.010
Output value -0.148

Q+ parameters
slope: 0.113 semiSat: 0.560 beta: 1.031 sigma: 0.062 
maxBOLD estimate = 1.574


Trial 71: random Stimulus Selection
Stimulus: 0.959
Output value 1.328

Q+ parameters
slope: 0.113 semiSat: 0.560 beta: 1.000 sigma: 0.062 
maxBOLD estimate = 1.624


Trial 72: random Stimulus Selection
Stimulus: 0.629
Output value 0.886

Q+ parameters
slope: 0.113 semiSat: 0.560 beta: 1.000 sigma: 0.062 
maxBOLD estimate = 1.624


Trial 73: random Stimulus Selection
Stimulus: 0.505
Output value 0.286

Q+ parameters
slope: 0.144 semiSat: 0.560 beta: 0.969 sigma: 0.062 
maxBOLD estimate = 1.624


Trial 74: random Stimulus Selection
Stimulus: 0.299
Output value 0.000

Q+ parameters
slope: 0.183 semiSat: 0.560 beta: 0.969 sigma: 0.062 
maxBOLD estimate = 1.573

