/blue/stevenweisberg/stevenweisberg/MATLAB/projects/Weisberg_Aguirre_2020/scripts/run_sims
c30a-s27.ufhpc
Fri Nov 13 14:58:12 EST 2020
mkdir: cannot create directory ‘/blue/stevenweisberg/stevenweisberg/qpfMRIResults/model_parameter_set1/’: File exists
cp: cannot stat ‘/blue/stevenweisberg/stevenweisberg/qpfMRIResults/deploy_sim.sh’: No such file or directory
cp: cannot stat ‘/blue/stevenweisberg/stevenweisberg/qpfMRIResults/sim_wrapper.sh’: No such file or directory
------------------------------------------
Setting up environment variables
---
LD_LIBRARY_PATH is .:/apps/matlab/mcr/2020b/v99/runtime/glnxa64:/apps/matlab/mcr/2020b/v99/bin/glnxa64:/apps/matlab/mcr/2020b/v99/sys/os/glnxa64:/apps/matlab/mcr/2020b/v99/sys/opengl/lib/glnxa64
Warning: Executing startup failed in matlabrc.
This indicates a potentially serious problem in your MATLAB setup, which should be resolved as soon as possible.  Error detected was:
MATLAB:mpath:PathAlterationNotSupported
Modifying the search path is not supported by MATLAB Compiler. Remove functions that modify the search path from your MATLAB code. To make files visible to your deployed application, add the parent folder to your MATLAB session.
Warning: No stimulus domain specified. Defaulting to values between 0.01 and 1.
> In qpfmriParams (line 182)
In compiledSimulate (line 205)
Stimulus domain added from input.
Parameter slope specified as 0.41000
Parameter semiSat specified as 0.57000
Parameter beta specified as 1.00000
Parameter sigma specified as 0.25000
seed = 99seed = 104seed = 111seed = 111seed = 115seed = 101Initializing Q+. This may take a minute...
Elapsed time is 10.876079 seconds.
Simulated parameters:
slope: 0.410 semiSat: 0.570 beta: 1.000 sigma: 0.250 

Trial 1: baseline Stimulus Selection
Stimulus: 0.010
Output value 0.000

Q+ parameters
slope: 0.026 semiSat: 0.890 beta: 0.500 sigma: 0.010 
maxBOLD estimate = 1.000


Trial 2: maxBOLD Stimulus Selection
Stimulus: 1.000
Output value 1.364

Q+ parameters
slope: 0.055 semiSat: 0.670 beta: 1.250 sigma: 0.010 
maxBOLD estimate = 1.000


Trial 3: baseline Stimulus Selection
Stimulus: 0.010
Output value 0.710

Q+ parameters
slope: 0.055 semiSat: 0.670 beta: 1.250 sigma: 1.000 
maxBOLD estimate = 1.250


Trial 4: maxBOLD Stimulus Selection
Stimulus: 1.000
Output value 1.065

Q+ parameters
slope: 0.034 semiSat: 1.000 beta: 1.250 sigma: 0.166 
maxBOLD estimate = 1.562


Trial 5: baseline Stimulus Selection
Stimulus: 0.010
Output value -0.444

Q+ parameters
slope: 0.055 semiSat: 0.670 beta: 1.250 sigma: 1.000 
maxBOLD estimate = 1.953


Trial 6: maxBOLD Stimulus Selection
Stimulus: 1.000
Output value 1.554

Q+ parameters
slope: 0.034 semiSat: 0.890 beta: 0.875 sigma: 0.166 
maxBOLD estimate = 2.441


Trial 7: qplus Stimulus Selection
Stimulus: 0.629
Output value 1.359

Q+ parameters
slope: 0.113 semiSat: 0.340 beta: 1.000 sigma: 1.000 
maxBOLD estimate = 2.136


Trial 8: qplus Stimulus Selection
Stimulus: 0.505
Output value 0.291

Q+ parameters
slope: 0.298 semiSat: 0.560 beta: 0.750 sigma: 0.218 
maxBOLD estimate = 2.136


Trial 9: qplus Stimulus Selection
Stimulus: 0.711
Output value 1.857

Q+ parameters
slope: 0.616 semiSat: 0.560 beta: 1.062 sigma: 0.479 
maxBOLD estimate = 1.602


Trial 10: baseline Stimulus Selection
Stimulus: 0.010
Output value 0.450

Q+ parameters
slope: 0.616 semiSat: 0.560 beta: 0.969 sigma: 0.479 
maxBOLD estimate = 1.702


Trial 11: qplus Stimulus Selection
Stimulus: 0.505
Output value -0.290

Q+ parameters
slope: 0.616 semiSat: 0.560 beta: 0.969 sigma: 0.427 
maxBOLD estimate = 1.649


Trial 12: qplus Stimulus Selection
Stimulus: 0.629
Output value 1.688

Q+ parameters
slope: 0.616 semiSat: 0.560 beta: 0.969 sigma: 0.375 
maxBOLD estimate = 1.598


Trial 13: qplus Stimulus Selection
Stimulus: 0.505
Output value 0.136

Q+ parameters
slope: 0.616 semiSat: 0.560 beta: 0.969 sigma: 0.323 
maxBOLD estimate = 1.548


Trial 14: qplus Stimulus Selection
Stimulus: 0.505
Output value 0.264

Q+ parameters
slope: 0.616 semiSat: 0.560 beta: 0.969 sigma: 0.323 
maxBOLD estimate = 1.499


Trial 15: maxBOLD Stimulus Selection
Stimulus: 1.000
Output value 1.263

Q+ parameters
slope: 0.616 semiSat: 0.560 beta: 1.062 sigma: 0.323 
maxBOLD estimate = 1.452


Trial 16: qplus Stimulus Selection
Stimulus: 0.588
Output value 1.302

Q+ parameters
slope: 1.000 semiSat: 0.560 beta: 1.031 sigma: 0.271 
maxBOLD estimate = 1.543


Trial 17: qplus Stimulus Selection
Stimulus: 0.629
Output value 1.261

Q+ parameters
slope: 0.616 semiSat: 0.560 beta: 0.969 sigma: 0.271 
maxBOLD estimate = 1.591


Trial 18: qplus Stimulus Selection
Stimulus: 0.629
Output value 1.629

Q+ parameters
slope: 0.616 semiSat: 0.560 beta: 0.969 sigma: 0.218 
maxBOLD estimate = 1.542


Trial 19: qplus Stimulus Selection
Stimulus: 0.588
Output value 2.037

Q+ parameters
slope: 0.616 semiSat: 0.560 beta: 1.250 sigma: 0.218 
maxBOLD estimate = 1.494


Trial 20: baseline Stimulus Selection
Stimulus: 0.010
Output value 0.764

Q+ parameters
slope: 0.616 semiSat: 0.560 beta: 0.750 sigma: 0.218 
maxBOLD estimate = 1.867


Trial 21: qplus Stimulus Selection
Stimulus: 0.505
Output value 0.919

Q+ parameters
slope: 1.000 semiSat: 0.560 beta: 1.031 sigma: 0.323 
maxBOLD estimate = 1.400


Trial 22: qplus Stimulus Selection
Stimulus: 0.588
Output value 1.083

Q+ parameters
slope: 1.000 semiSat: 0.560 beta: 1.031 sigma: 0.323 
maxBOLD estimate = 1.444


Trial 23: qplus Stimulus Selection
Stimulus: 0.588
Output value 0.761

Q+ parameters
slope: 1.000 semiSat: 0.560 beta: 0.938 sigma: 0.271 
maxBOLD estimate = 1.489


Trial 24: qplus Stimulus Selection
Stimulus: 0.588
Output value 1.309

Q+ parameters
slope: 1.000 semiSat: 0.560 beta: 1.031 sigma: 0.323 
maxBOLD estimate = 1.396


Trial 25: maxBOLD Stimulus Selection
Stimulus: 1.000
Output value 1.620

Q+ parameters
slope: 1.000 semiSat: 0.560 beta: 1.031 sigma: 0.271 
maxBOLD estimate = 1.440


Trial 26: qplus Stimulus Selection
Stimulus: 0.588
Output value 1.265

Q+ parameters
slope: 1.000 semiSat: 0.560 beta: 0.938 sigma: 0.271 
maxBOLD estimate = 1.485


Trial 27: qplus Stimulus Selection
Stimulus: 0.588
Output value 1.566

Q+ parameters
slope: 1.000 semiSat: 0.560 beta: 1.031 sigma: 0.271 
maxBOLD estimate = 1.392


Trial 28: qplus Stimulus Selection
Stimulus: 0.588
Output value 1.346

Q+ parameters
slope: 1.000 semiSat: 0.560 beta: 1.031 sigma: 0.271 
maxBOLD estimate = 1.435


Trial 29: qplus Stimulus Selection
Stimulus: 0.588
Output value 0.757

Q+ parameters
slope: 1.000 semiSat: 0.560 beta: 0.938 sigma: 0.271 
maxBOLD estimate = 1.480


Trial 30: baseline Stimulus Selection
Stimulus: 0.010
Output value 0.000

Q+ parameters
slope: 1.000 semiSat: 0.560 beta: 1.031 sigma: 0.271 
maxBOLD estimate = 1.388

--------------------------------------------------------------
FINAL VALUES
--------------------------------------------------------------
Simulated parameters:              slope: 0.410 semiSat: 0.570 beta: 1.000 sigma: 0.250 
Max posterior QUEST+ parameters:   slope: 1.000 semiSat: 0.560 beta: 1.031 sigma: 0.271 
Max BADS parameters:               slope: 0.965 semiSat: 0.547 beta: 1.000 sigma: 0.253 
maxBOLD estimate: 1.436
