/blue/stevenweisberg/stevenweisberg/MATLAB/projects/Weisberg_Aguirre_2020/scripts/run_sims
c2a-s22.ufhpc
Thu Nov 12 16:01:29 EST 2020
cp: cannot stat ‘/blue/stevenweisberg/stevenweisberg/qpfMRIResults/deploy_sim.sh’: No such file or directory
cp: cannot stat ‘/blue/stevenweisberg/stevenweisberg/qpfMRIResults/sim_wrapper.sh’: No such file or directory
------------------------------------------
Setting up environment variables
---
LD_LIBRARY_PATH is .:/apps/matlab/mcr/2020b/v99/runtime/glnxa64:/apps/matlab/mcr/2020b/v99/bin/glnxa64:/apps/matlab/mcr/2020b/v99/sys/os/glnxa64:/apps/matlab/mcr/2020b/v99/sys/opengl/lib/glnxa64
Warning: Executing startup failed in matlabrc.
This indicates a potentially serious problem in your MATLAB setup, which should be resolved as soon as possible.  Error detected was:
MATLAB:mpath:PathAlterationNotSupported
Modifying the search path is not supported by MATLAB Compiler. Remove functions that modify the search path from your MATLAB code. To make files visible to your deployed application, add the parent folder to your MATLAB session.
Warning: No stimulus domain specified. Defaulting to values between 0.01 and 1.
> In qpfmriParams (line 182)
In compiledSimulate (line 205)
Stimulus domain added from input.
Parameter slope specified as 0.41000
Parameter semiSat specified as 0.57000
Parameter beta specified as 1.00000
Parameter sigma specified as 0.15000
seed = 99seed = 104seed = 111seed = 111seed = 115seed = 101Initializing Q+. This may take a minute...
Elapsed time is 21.653108 seconds.
Simulated parameters:
slope: 0.410 semiSat: 0.570 beta: 1.000 sigma: 0.150 

Trial 1: baseline Stimulus Selection
Stimulus: 0.010
Output value 0.000

Q+ parameters
slope: 0.026 semiSat: 0.890 beta: 0.500 sigma: 0.010 
maxBOLD estimate = 1.000


Trial 2: maxBOLD Stimulus Selection
Stimulus: 1.000
Output value 1.364

Q+ parameters
slope: 0.055 semiSat: 0.670 beta: 1.250 sigma: 0.010 
maxBOLD estimate = 1.000


Trial 3: baseline Stimulus Selection
Stimulus: 0.010
Output value 0.000

Q+ parameters
slope: 0.055 semiSat: 0.670 beta: 1.250 sigma: 0.010 
maxBOLD estimate = 1.250


Trial 4: maxBOLD Stimulus Selection
Stimulus: 1.000
Output value 1.776

Q+ parameters
slope: 0.043 semiSat: 0.780 beta: 1.250 sigma: 0.062 
maxBOLD estimate = 1.562


Trial 5: baseline Stimulus Selection
Stimulus: 0.010
Output value 0.444

Q+ parameters
slope: 0.034 semiSat: 1.000 beta: 1.250 sigma: 0.114 
maxBOLD estimate = 1.953


Trial 6: maxBOLD Stimulus Selection
Stimulus: 1.000
Output value 1.165

Q+ parameters
slope: 0.034 semiSat: 0.890 beta: 0.875 sigma: 0.062 
maxBOLD estimate = 2.441


Trial 7: random Stimulus Selection
Stimulus: 0.876
Output value 1.214

Q+ parameters
slope: 0.034 semiSat: 1.000 beta: 1.250 sigma: 0.062 
maxBOLD estimate = 2.136


Trial 8: random Stimulus Selection
Stimulus: 0.918
Output value 1.214

Q+ parameters
slope: 0.034 semiSat: 1.000 beta: 1.000 sigma: 0.062 
maxBOLD estimate = 2.670


Trial 9: random Stimulus Selection
Stimulus: 0.092
Output value -0.486

Q+ parameters
slope: 0.055 semiSat: 1.000 beta: 1.000 sigma: 0.062 
maxBOLD estimate = 2.670


Trial 10: baseline Stimulus Selection
Stimulus: 0.010
Output value 0.000

Q+ parameters
slope: 0.055 semiSat: 1.000 beta: 1.000 sigma: 0.062 
maxBOLD estimate = 2.670


Trial 11: random Stimulus Selection
Stimulus: 0.670
Output value 0.728

Q+ parameters
slope: 0.055 semiSat: 1.000 beta: 1.000 sigma: 0.062 
maxBOLD estimate = 2.670


Trial 12: random Stimulus Selection
Stimulus: 0.299
Output value 0.228

Q+ parameters
slope: 0.034 semiSat: 1.000 beta: 0.938 sigma: 0.062 
maxBOLD estimate = 2.670


Trial 13: random Stimulus Selection
Stimulus: 0.959
Output value 0.455

Q+ parameters
slope: 0.034 semiSat: 1.000 beta: 1.000 sigma: 0.062 
maxBOLD estimate = 2.503


Trial 14: random Stimulus Selection
Stimulus: 1.000
Output value 1.821

Q+ parameters
slope: 0.034 semiSat: 1.000 beta: 1.000 sigma: 0.062 
maxBOLD estimate = 2.503


Trial 15: maxBOLD Stimulus Selection
Stimulus: 1.000
Output value 0.683

Q+ parameters
slope: 0.034 semiSat: 1.000 beta: 1.000 sigma: 0.062 
maxBOLD estimate = 2.503


Trial 16: random Stimulus Selection
Stimulus: 0.711
Output value 0.683

Q+ parameters
slope: 0.616 semiSat: 0.340 beta: 0.500 sigma: 0.062 
maxBOLD estimate = 2.503


Trial 17: random Stimulus Selection
Stimulus: 0.175
Output value -0.235

Q+ parameters
slope: 0.183 semiSat: 0.560 beta: 1.031 sigma: 0.166 
maxBOLD estimate = 1.252


Trial 18: random Stimulus Selection
Stimulus: 0.299
Output value -0.242

Q+ parameters
slope: 0.183 semiSat: 0.560 beta: 1.031 sigma: 0.166 
maxBOLD estimate = 1.291


Trial 19: random Stimulus Selection
Stimulus: 1.000
Output value 1.248

Q+ parameters
slope: 0.183 semiSat: 0.560 beta: 1.031 sigma: 0.166 
maxBOLD estimate = 1.331


Trial 20: baseline Stimulus Selection
Stimulus: 0.010
Output value -0.312

Q+ parameters
slope: 0.144 semiSat: 0.560 beta: 1.250 sigma: 0.166 
maxBOLD estimate = 1.373


Trial 21: random Stimulus Selection
Stimulus: 1.000
Output value 0.702

Q+ parameters
slope: 0.183 semiSat: 0.450 beta: 0.750 sigma: 0.114 
maxBOLD estimate = 1.716


Trial 22: random Stimulus Selection
Stimulus: 0.216
Output value 0.292

Q+ parameters
slope: 0.144 semiSat: 0.560 beta: 1.250 sigma: 0.166 
maxBOLD estimate = 1.287


Trial 23: random Stimulus Selection
Stimulus: 0.918
Output value 1.408

Q+ parameters
slope: 0.183 semiSat: 0.450 beta: 0.875 sigma: 0.114 
maxBOLD estimate = 1.609


Trial 24: random Stimulus Selection
Stimulus: 0.753
Output value 0.952

Q+ parameters
slope: 0.113 semiSat: 0.560 beta: 1.062 sigma: 0.166 
maxBOLD estimate = 1.408


Trial 25: maxBOLD Stimulus Selection
Stimulus: 1.000
Output value 1.054

Q+ parameters
slope: 0.144 semiSat: 0.560 beta: 0.969 sigma: 0.166 
maxBOLD estimate = 1.496


Trial 26: random Stimulus Selection
Stimulus: 0.340
Output value 0.000

Q+ parameters
slope: 0.144 semiSat: 0.560 beta: 0.969 sigma: 0.166 
maxBOLD estimate = 1.449


Trial 27: random Stimulus Selection
Stimulus: 0.505
Output value -0.247

Q+ parameters
slope: 0.616 semiSat: 0.560 beta: 0.969 sigma: 0.166 
maxBOLD estimate = 1.404


Trial 28: random Stimulus Selection
Stimulus: 0.216
Output value -0.185

Q+ parameters
slope: 0.234 semiSat: 0.670 beta: 1.500 sigma: 0.166 
maxBOLD estimate = 1.360


Trial 29: random Stimulus Selection
Stimulus: 0.670
Output value 1.112

Q+ parameters
slope: 0.616 semiSat: 0.560 beta: 0.750 sigma: 0.114 
maxBOLD estimate = 2.040


Trial 30: baseline Stimulus Selection
Stimulus: 0.010
Output value 0.122

Q+ parameters
slope: 0.616 semiSat: 0.560 beta: 0.875 sigma: 0.166 
maxBOLD estimate = 1.530

--------------------------------------------------------------
FINAL VALUES
--------------------------------------------------------------
Simulated parameters:              slope: 0.410 semiSat: 0.570 beta: 1.000 sigma: 0.150 
Max posterior QUEST+ parameters:   slope: 0.616 semiSat: 0.560 beta: 0.969 sigma: 0.166 
Max BADS parameters:               slope: 0.996 semiSat: 0.611 beta: 1.000 sigma: 0.144 
maxBOLD estimate: 1.364
