/blue/stevenweisberg/stevenweisberg/MATLAB/projects/Weisberg_Aguirre_2020/scripts/run_sims
c25a-s26.ufhpc
Wed Apr  7 05:57:44 EDT 2021
mkdir: cannot create directory ‘/blue/stevenweisberg/stevenweisberg/qpfMRIResults/model_parameter_set2/’: File exists
cp: cannot stat ‘/blue/stevenweisberg/stevenweisberg/qpfMRIResults/deploy_sim.sh’: No such file or directory
cp: cannot stat ‘/blue/stevenweisberg/stevenweisberg/qpfMRIResults/sim_wrapper.sh’: No such file or directory
------------------------------------------
Setting up environment variables
---
LD_LIBRARY_PATH is .:/apps/matlab/mcr/2020b/v99/runtime/glnxa64:/apps/matlab/mcr/2020b/v99/bin/glnxa64:/apps/matlab/mcr/2020b/v99/sys/os/glnxa64:/apps/matlab/mcr/2020b/v99/sys/opengl/lib/glnxa64
Warning: Executing startup failed in matlabrc.
This indicates a potentially serious problem in your MATLAB setup, which should be resolved as soon as possible.  Error detected was:
MATLAB:mpath:PathAlterationNotSupported
Modifying the search path is not supported by MATLAB Compiler. Remove functions that modify the search path from your MATLAB code. To make files visible to your deployed application, add the parent folder to your MATLAB session.
Warning: No stimulus domain specified. Defaulting to values between 0.01 and 1.
> In qpfmriParams (line 182)
In compiledSimulate (line 205)
Stimulus domain added from input.
Parameter slope specified as 0.20000
Parameter semiSat specified as 0.57000
Parameter beta specified as 1.00000
Parameter sigma specified as 0.15000
seed = 99seed = 104seed = 111seed = 111seed = 115seed = 101Initializing Q+. This may take a minute...
Elapsed time is 10.123129 seconds.
Simulated parameters:
slope: 0.200 semiSat: 0.570 beta: 1.000 sigma: 0.150 

Trial 1: baseline Stimulus Selection
Stimulus: 0.010
Output value 0.000

Q+ parameters
slope: 0.026 semiSat: 0.890 beta: 0.500 sigma: 0.010 
maxBOLD estimate = 1.000


Trial 2: maxBOLD Stimulus Selection
Stimulus: 1.000
Output value 0.795

Q+ parameters
slope: 0.034 semiSat: 1.000 beta: 1.250 sigma: 0.010 
maxBOLD estimate = 1.000


Trial 3: baseline Stimulus Selection
Stimulus: 0.010
Output value -0.284

Q+ parameters
slope: 0.055 semiSat: 0.670 beta: 1.250 sigma: 0.166 
maxBOLD estimate = 1.250


Trial 4: maxBOLD Stimulus Selection
Stimulus: 1.000
Output value 1.101

Q+ parameters
slope: 0.043 semiSat: 0.780 beta: 0.969 sigma: 0.062 
maxBOLD estimate = 1.562


Trial 5: baseline Stimulus Selection
Stimulus: 0.010
Output value 0.516

Q+ parameters
slope: 0.034 semiSat: 1.000 beta: 1.250 sigma: 0.114 
maxBOLD estimate = 1.514


Trial 6: maxBOLD Stimulus Selection
Stimulus: 1.000
Output value 0.602

Q+ parameters
slope: 0.034 semiSat: 0.890 beta: 0.875 sigma: 0.114 
maxBOLD estimate = 1.892


Trial 7: qplus Stimulus Selection
Stimulus: 0.711
Output value 0.677

Q+ parameters
slope: 0.055 semiSat: 0.560 beta: 0.750 sigma: 0.062 
maxBOLD estimate = 1.656


Trial 8: qplus Stimulus Selection
Stimulus: 0.505
Output value 0.000

Q+ parameters
slope: 0.183 semiSat: 0.670 beta: 0.969 sigma: 0.114 
maxBOLD estimate = 1.242


Trial 9: qplus Stimulus Selection
Stimulus: 0.629
Output value 1.025

Q+ parameters
slope: 0.616 semiSat: 0.560 beta: 0.938 sigma: 0.114 
maxBOLD estimate = 1.203


Trial 10: baseline Stimulus Selection
Stimulus: 0.010
Output value 0.384

Q+ parameters
slope: 0.144 semiSat: 0.670 beta: 1.250 sigma: 0.166 
maxBOLD estimate = 1.128


Trial 11: qplus Stimulus Selection
Stimulus: 0.588
Output value 0.577

Q+ parameters
slope: 0.616 semiSat: 0.560 beta: 0.750 sigma: 0.114 
maxBOLD estimate = 1.410


Trial 12: qplus Stimulus Selection
Stimulus: 0.629
Output value 0.721

Q+ parameters
slope: 0.089 semiSat: 0.670 beta: 1.500 sigma: 0.166 
maxBOLD estimate = 1.057


Trial 13: qplus Stimulus Selection
Stimulus: 0.588
Output value 0.126

Q+ parameters
slope: 0.113 semiSat: 0.670 beta: 0.875 sigma: 0.114 
maxBOLD estimate = 1.586


Trial 14: qplus Stimulus Selection
Stimulus: 0.753
Output value 0.757

Q+ parameters
slope: 0.234 semiSat: 0.560 beta: 0.750 sigma: 0.114 
maxBOLD estimate = 1.388


Trial 15: maxBOLD Stimulus Selection
Stimulus: 1.000
Output value 1.277

Q+ parameters
slope: 0.379 semiSat: 0.560 beta: 1.125 sigma: 0.218 
maxBOLD estimate = 1.041


Trial 16: qplus Stimulus Selection
Stimulus: 0.464
Output value -0.160

Q+ parameters
slope: 0.144 semiSat: 0.670 beta: 1.500 sigma: 0.166 
maxBOLD estimate = 1.171


Trial 17: qplus Stimulus Selection
Stimulus: 0.629
Output value 0.838

Q+ parameters
slope: 0.113 semiSat: 0.670 beta: 0.875 sigma: 0.114 
maxBOLD estimate = 1.756


Trial 18: qplus Stimulus Selection
Stimulus: 0.794
Output value 0.733

Q+ parameters
slope: 0.234 semiSat: 0.560 beta: 0.750 sigma: 0.114 
maxBOLD estimate = 1.537


Trial 19: qplus Stimulus Selection
Stimulus: 0.629
Output value 0.609

Q+ parameters
slope: 0.234 semiSat: 0.560 beta: 0.969 sigma: 0.166 
maxBOLD estimate = 1.152


Trial 20: baseline Stimulus Selection
Stimulus: 0.010
Output value -0.216

Q+ parameters
slope: 0.144 semiSat: 0.560 beta: 1.062 sigma: 0.166 
maxBOLD estimate = 1.116


Trial 21: qplus Stimulus Selection
Stimulus: 0.505
Output value 0.687

Q+ parameters
slope: 0.144 semiSat: 0.560 beta: 1.062 sigma: 0.166 
maxBOLD estimate = 1.186


Trial 22: qplus Stimulus Selection
Stimulus: 0.505
Output value -0.222

Q+ parameters
slope: 0.234 semiSat: 0.560 beta: 0.969 sigma: 0.218 
maxBOLD estimate = 1.260


Trial 23: qplus Stimulus Selection
Stimulus: 0.629
Output value 0.968

Q+ parameters
slope: 0.234 semiSat: 0.560 beta: 0.969 sigma: 0.166 
maxBOLD estimate = 1.221


Trial 24: qplus Stimulus Selection
Stimulus: 0.505
Output value -0.161

Q+ parameters
slope: 0.144 semiSat: 0.670 beta: 1.500 sigma: 0.166 
maxBOLD estimate = 1.183


Trial 25: maxBOLD Stimulus Selection
Stimulus: 1.000
Output value 0.323

Q+ parameters
slope: 1.000 semiSat: 0.560 beta: 0.500 sigma: 0.114 
maxBOLD estimate = 1.774


Trial 26: qplus Stimulus Selection
Stimulus: 0.918
Output value 0.635

Q+ parameters
slope: 0.379 semiSat: 0.560 beta: 1.125 sigma: 0.166 
maxBOLD estimate = 0.887


Trial 27: qplus Stimulus Selection
Stimulus: 0.505
Output value 0.386

Q+ parameters
slope: 0.298 semiSat: 0.560 beta: 1.062 sigma: 0.166 
maxBOLD estimate = 0.998


Trial 28: qplus Stimulus Selection
Stimulus: 0.505
Output value 0.205

Q+ parameters
slope: 0.298 semiSat: 0.560 beta: 1.062 sigma: 0.166 
maxBOLD estimate = 1.060


Trial 29: qplus Stimulus Selection
Stimulus: 0.588
Output value 1.306

Q+ parameters
slope: 0.379 semiSat: 0.560 beta: 1.062 sigma: 0.218 
maxBOLD estimate = 1.127


Trial 30: baseline Stimulus Selection
Stimulus: 0.010
Output value 0.095

Q+ parameters
slope: 0.379 semiSat: 0.560 beta: 0.875 sigma: 0.166 
maxBOLD estimate = 1.197


Trial 31: qplus Stimulus Selection
Stimulus: 0.588
Output value 0.506

Q+ parameters
slope: 0.298 semiSat: 0.560 beta: 1.062 sigma: 0.166 
maxBOLD estimate = 1.047


Trial 32: qplus Stimulus Selection
Stimulus: 0.588
Output value 0.686

Q+ parameters
slope: 0.234 semiSat: 0.560 beta: 0.969 sigma: 0.166 
maxBOLD estimate = 1.113


Trial 33: qplus Stimulus Selection
Stimulus: 0.546
Output value 0.190

Q+ parameters
slope: 0.234 semiSat: 0.560 beta: 0.969 sigma: 0.166 
maxBOLD estimate = 1.078


Trial 34: qplus Stimulus Selection
Stimulus: 0.588
Output value 0.783

Q+ parameters
slope: 0.379 semiSat: 0.560 beta: 1.031 sigma: 0.166 
maxBOLD estimate = 1.044


Trial 35: maxBOLD Stimulus Selection
Stimulus: 1.000
Output value 1.138

Q+ parameters
slope: 0.234 semiSat: 0.560 beta: 0.969 sigma: 0.166 
maxBOLD estimate = 1.077


Trial 36: qplus Stimulus Selection
Stimulus: 0.588
Output value 1.109

Q+ parameters
slope: 0.298 semiSat: 0.560 beta: 1.062 sigma: 0.166 
maxBOLD estimate = 1.043


Trial 37: qplus Stimulus Selection
Stimulus: 0.546
Output value 0.488

Q+ parameters
slope: 0.379 semiSat: 0.560 beta: 0.969 sigma: 0.166 
maxBOLD estimate = 1.109


Trial 38: qplus Stimulus Selection
Stimulus: 0.546
Output value 1.318

Q+ parameters
slope: 0.379 semiSat: 0.560 beta: 1.125 sigma: 0.218 
maxBOLD estimate = 1.074


Trial 39: qplus Stimulus Selection
Stimulus: 0.505
Output value -0.220

Q+ parameters
slope: 0.234 semiSat: 0.560 beta: 1.000 sigma: 0.166 
maxBOLD estimate = 1.208


Trial 40: baseline Stimulus Selection
Stimulus: 0.010
Output value 0.096

Q+ parameters
slope: 0.379 semiSat: 0.560 beta: 0.875 sigma: 0.166 
maxBOLD estimate = 1.208


Trial 41: qplus Stimulus Selection
Stimulus: 0.546
Output value 0.204

Q+ parameters
slope: 0.298 semiSat: 0.560 beta: 1.062 sigma: 0.166 
maxBOLD estimate = 1.057


Trial 42: qplus Stimulus Selection
Stimulus: 0.546
Output value 1.021

Q+ parameters
slope: 0.234 semiSat: 0.560 beta: 1.000 sigma: 0.166 
maxBOLD estimate = 1.123


Trial 43: qplus Stimulus Selection
Stimulus: 0.546
Output value 1.379

Q+ parameters
slope: 0.379 semiSat: 0.560 beta: 1.125 sigma: 0.218 
maxBOLD estimate = 1.123


Trial 44: qplus Stimulus Selection
Stimulus: 0.629
Output value 1.106

Q+ parameters
slope: 0.379 semiSat: 0.560 beta: 0.875 sigma: 0.166 
maxBOLD estimate = 1.264


Trial 45: maxBOLD Stimulus Selection
Stimulus: 1.000
Output value 1.357

Q+ parameters
slope: 0.379 semiSat: 0.560 beta: 1.125 sigma: 0.218 
maxBOLD estimate = 1.106


Trial 46: qplus Stimulus Selection
Stimulus: 0.505
Output value 0.481

Q+ parameters
slope: 0.298 semiSat: 0.560 beta: 1.062 sigma: 0.218 
maxBOLD estimate = 1.244


Trial 47: qplus Stimulus Selection
Stimulus: 0.505
Output value 0.315

Q+ parameters
slope: 0.234 semiSat: 0.560 beta: 0.875 sigma: 0.166 
maxBOLD estimate = 1.322


Trial 48: qplus Stimulus Selection
Stimulus: 0.588
Output value 1.340

Q+ parameters
slope: 0.298 semiSat: 0.560 beta: 1.062 sigma: 0.166 
maxBOLD estimate = 1.157


Trial 49: qplus Stimulus Selection
Stimulus: 0.505
Output value 1.187

Q+ parameters
slope: 0.183 semiSat: 0.560 beta: 1.062 sigma: 0.218 
maxBOLD estimate = 1.229


Trial 50: baseline Stimulus Selection
Stimulus: 0.010
Output value 0.208

Q+ parameters
slope: 0.234 semiSat: 0.560 beta: 0.875 sigma: 0.166 
maxBOLD estimate = 1.306


Trial 51: qplus Stimulus Selection
Stimulus: 0.588
Output value 0.552

Q+ parameters
slope: 0.298 semiSat: 0.560 beta: 1.062 sigma: 0.218 
maxBOLD estimate = 1.142


Trial 52: qplus Stimulus Selection
Stimulus: 0.670
Output value 1.407

Q+ parameters
slope: 0.298 semiSat: 0.560 beta: 1.062 sigma: 0.218 
maxBOLD estimate = 1.214


Trial 53: qplus Stimulus Selection
Stimulus: 0.505
Output value 0.605

Q+ parameters
slope: 0.234 semiSat: 0.560 beta: 1.031 sigma: 0.166 
maxBOLD estimate = 1.290


Trial 54: qplus Stimulus Selection
Stimulus: 0.505
Output value 0.000

Q+ parameters
slope: 0.234 semiSat: 0.560 beta: 1.031 sigma: 0.166 
maxBOLD estimate = 1.330


Trial 55: maxBOLD Stimulus Selection
Stimulus: 1.000
Output value 1.309

Q+ parameters
slope: 0.234 semiSat: 0.560 beta: 0.875 sigma: 0.166 
maxBOLD estimate = 1.372


Trial 56: qplus Stimulus Selection
Stimulus: 0.588
Output value 0.580

Q+ parameters
slope: 0.298 semiSat: 0.560 beta: 1.062 sigma: 0.218 
maxBOLD estimate = 1.200


Trial 57: qplus Stimulus Selection
Stimulus: 0.505
Output value -0.239

Q+ parameters
slope: 0.234 semiSat: 0.560 beta: 1.031 sigma: 0.166 
maxBOLD estimate = 1.275


Trial 58: qplus Stimulus Selection
Stimulus: 0.588
Output value 0.863

Q+ parameters
slope: 0.234 semiSat: 0.560 beta: 1.031 sigma: 0.166 
maxBOLD estimate = 1.315


Trial 59: qplus Stimulus Selection
Stimulus: 0.546
Output value 0.123

Q+ parameters
slope: 0.379 semiSat: 0.560 beta: 1.000 sigma: 0.218 
maxBOLD estimate = 1.356


Trial 60: baseline Stimulus Selection
Stimulus: 0.010
Output value 0.539

Q+ parameters
slope: 0.234 semiSat: 0.560 beta: 0.875 sigma: 0.166 
maxBOLD estimate = 1.356


Trial 61: qplus Stimulus Selection
Stimulus: 0.629
Output value 1.335

Q+ parameters
slope: 0.379 semiSat: 0.560 beta: 1.125 sigma: 0.271 
maxBOLD estimate = 1.187


Trial 62: qplus Stimulus Selection
Stimulus: 0.629
Output value 1.502

Q+ parameters
slope: 0.234 semiSat: 0.560 beta: 1.031 sigma: 0.218 
maxBOLD estimate = 1.335


Trial 63: qplus Stimulus Selection
Stimulus: 0.546
Output value 1.161

Q+ parameters
slope: 0.234 semiSat: 0.560 beta: 1.031 sigma: 0.218 
maxBOLD estimate = 1.377


Trial 64: qplus Stimulus Selection
Stimulus: 0.546
Output value 0.678

Q+ parameters
slope: 0.234 semiSat: 0.560 beta: 0.875 sigma: 0.166 
maxBOLD estimate = 1.420


Trial 65: maxBOLD Stimulus Selection
Stimulus: 1.000
Output value 1.440

Q+ parameters
slope: 0.298 semiSat: 0.560 beta: 1.062 sigma: 0.218 
maxBOLD estimate = 1.242


Trial 66: qplus Stimulus Selection
Stimulus: 0.629
Output value 0.866

Q+ parameters
slope: 0.234 semiSat: 0.560 beta: 1.031 sigma: 0.166 
maxBOLD estimate = 1.320


Trial 67: qplus Stimulus Selection
Stimulus: 0.546
Output value 1.531

Q+ parameters
slope: 0.234 semiSat: 0.560 beta: 1.031 sigma: 0.218 
maxBOLD estimate = 1.361


Trial 68: qplus Stimulus Selection
Stimulus: 0.629
Output value 1.723

Q+ parameters
slope: 0.379 semiSat: 0.560 beta: 1.125 sigma: 0.271 
maxBOLD estimate = 1.404


Trial 69: qplus Stimulus Selection
Stimulus: 0.629
Output value 1.130

Q+ parameters
slope: 0.234 semiSat: 0.560 beta: 0.875 sigma: 0.166 
maxBOLD estimate = 1.579


Trial 70: baseline Stimulus Selection
Stimulus: 0.010
Output value -0.283

Q+ parameters
slope: 0.379 semiSat: 0.560 beta: 1.125 sigma: 0.218 
maxBOLD estimate = 1.382


Trial 71: qplus Stimulus Selection
Stimulus: 0.629
Output value 1.484

Q+ parameters
slope: 0.234 semiSat: 0.560 beta: 0.875 sigma: 0.166 
maxBOLD estimate = 1.554


Trial 72: qplus Stimulus Selection
Stimulus: 0.588
Output value 0.278

Q+ parameters
slope: 0.379 semiSat: 0.560 beta: 1.125 sigma: 0.271 
maxBOLD estimate = 1.360


Trial 73: qplus Stimulus Selection
Stimulus: 0.629
Output value 0.974

Q+ parameters
slope: 0.234 semiSat: 0.560 beta: 0.875 sigma: 0.166 
maxBOLD estimate = 1.530


Trial 74: qplus Stimulus Selection
Stimulus: 0.588
Output value 1.643

Q+ parameters
slope: 0.379 semiSat: 0.560 beta: 1.125 sigma: 0.271 
maxBOLD estimate = 1.339


Trial 75: maxBOLD Stimulus Selection
Stimulus: 1.000
Output value 1.694

Q+ parameters
slope: 0.234 semiSat: 0.560 beta: 1.031 sigma: 0.218 
maxBOLD estimate = 1.506


Trial 76: qplus Stimulus Selection
Stimulus: 0.670
Output value 1.602

Q+ parameters
slope: 0.234 semiSat: 0.560 beta: 1.031 sigma: 0.218 
maxBOLD estimate = 1.553


Trial 77: qplus Stimulus Selection
Stimulus: 0.546
Output value 0.764

Q+ parameters
slope: 0.234 semiSat: 0.560 beta: 0.875 sigma: 0.166 
maxBOLD estimate = 1.602


Trial 78: qplus Stimulus Selection
Stimulus: 0.546
Output value -0.135

Q+ parameters
slope: 0.298 semiSat: 0.560 beta: 1.062 sigma: 0.218 
maxBOLD estimate = 1.401


Trial 79: qplus Stimulus Selection
Stimulus: 0.588
Output value 1.536

Q+ parameters
slope: 0.379 semiSat: 0.560 beta: 1.031 sigma: 0.218 
maxBOLD estimate = 1.489


Trial 80: baseline Stimulus Selection
Stimulus: 0.010
Output value -0.288

Q+ parameters
slope: 0.379 semiSat: 0.560 beta: 1.031 sigma: 0.218 
maxBOLD estimate = 1.536


Trial 81: qplus Stimulus Selection
Stimulus: 0.546
Output value 0.144

Q+ parameters
slope: 0.379 semiSat: 0.560 beta: 1.000 sigma: 0.218 
maxBOLD estimate = 1.584


Trial 82: qplus Stimulus Selection
Stimulus: 0.588
Output value 0.148

Q+ parameters
slope: 0.234 semiSat: 0.560 beta: 1.031 sigma: 0.218 
maxBOLD estimate = 1.584


Trial 83: qplus Stimulus Selection
Stimulus: 0.670
Output value 1.837

Q+ parameters
slope: 0.234 semiSat: 0.560 beta: 1.031 sigma: 0.218 
maxBOLD estimate = 1.633


Trial 84: qplus Stimulus Selection
Stimulus: 0.546
Output value 0.134

Q+ parameters
slope: 0.234 semiSat: 0.560 beta: 0.875 sigma: 0.166 
maxBOLD estimate = 1.684


Trial 85: maxBOLD Stimulus Selection
Stimulus: 1.000
Output value 1.055

Q+ parameters
slope: 0.379 semiSat: 0.560 beta: 1.125 sigma: 0.271 
maxBOLD estimate = 1.474


Trial 86: qplus Stimulus Selection
Stimulus: 0.629
Output value 1.055

Q+ parameters
slope: 0.234 semiSat: 0.560 beta: 0.875 sigma: 0.166 
maxBOLD estimate = 1.658


Trial 87: qplus Stimulus Selection
Stimulus: 0.588
Output value 0.742

Q+ parameters
slope: 0.379 semiSat: 0.560 beta: 1.125 sigma: 0.271 
maxBOLD estimate = 1.451


Trial 88: qplus Stimulus Selection
Stimulus: 0.629
Output value 1.298

Q+ parameters
slope: 0.379 semiSat: 0.560 beta: 0.875 sigma: 0.166 
maxBOLD estimate = 1.632


Trial 89: qplus Stimulus Selection
Stimulus: 0.588
Output value 1.314

Q+ parameters
slope: 0.379 semiSat: 0.560 beta: 1.125 sigma: 0.271 
maxBOLD estimate = 1.428


Trial 90: baseline Stimulus Selection
Stimulus: 0.010
Output value 0.128

Q+ parameters
slope: 0.379 semiSat: 0.560 beta: 0.875 sigma: 0.166 
maxBOLD estimate = 1.606


Trial 91: qplus Stimulus Selection
Stimulus: 0.588
Output value 0.575

Q+ parameters
slope: 0.379 semiSat: 0.560 beta: 1.125 sigma: 0.271 
maxBOLD estimate = 1.406


Trial 92: qplus Stimulus Selection
Stimulus: 0.629
Output value 1.006

Q+ parameters
slope: 0.379 semiSat: 0.560 beta: 0.875 sigma: 0.218 
maxBOLD estimate = 1.581


Trial 93: qplus Stimulus Selection
Stimulus: 0.670
Output value 1.427

Q+ parameters
slope: 0.234 semiSat: 0.560 beta: 1.031 sigma: 0.218 
maxBOLD estimate = 1.384


Trial 94: qplus Stimulus Selection
Stimulus: 0.670
Output value 1.605

Q+ parameters
slope: 0.234 semiSat: 0.560 beta: 1.031 sigma: 0.218 
maxBOLD estimate = 1.427


Trial 95: maxBOLD Stimulus Selection
Stimulus: 1.000
Output value 1.242

Q+ parameters
slope: 0.234 semiSat: 0.560 beta: 1.031 sigma: 0.218 
maxBOLD estimate = 1.471


Trial 96: qplus Stimulus Selection
Stimulus: 0.670
Output value 1.565

Q+ parameters
slope: 0.234 semiSat: 0.560 beta: 1.031 sigma: 0.218 
maxBOLD estimate = 1.517


Trial 97: qplus Stimulus Selection
Stimulus: 0.546
Output value 0.147

Q+ parameters
slope: 0.234 semiSat: 0.560 beta: 1.031 sigma: 0.218 
maxBOLD estimate = 1.565


Trial 98: qplus Stimulus Selection
Stimulus: 0.546
Output value 0.908

Q+ parameters
slope: 0.234 semiSat: 0.560 beta: 1.031 sigma: 0.218 
maxBOLD estimate = 1.614


Trial 99: qplus Stimulus Selection
Stimulus: 0.546
Output value 0.265

Q+ parameters
slope: 0.234 semiSat: 0.560 beta: 0.875 sigma: 0.166 
maxBOLD estimate = 1.664


Trial 100: baseline Stimulus Selection
Stimulus: 0.010
Output value 0.410

Q+ parameters
slope: 0.234 semiSat: 0.560 beta: 1.031 sigma: 0.218 
maxBOLD estimate = 1.456

--------------------------------------------------------------
FINAL VALUES
--------------------------------------------------------------
Simulated parameters:              slope: 0.200 semiSat: 0.570 beta: 1.000 sigma: 0.150 
Max posterior QUEST+ parameters:   slope: 0.234 semiSat: 0.560 beta: 1.031 sigma: 0.218 
Max BADS parameters:               slope: 0.215 semiSat: 0.572 beta: 1.000 sigma: 0.189 
maxBOLD estimate: 1.514
