/blue/stevenweisberg/stevenweisberg/MATLAB/projects/Weisberg_Aguirre_2020/scripts/run_sims
c0700a-s1.ufhpc
Wed Apr  7 00:24:21 EDT 2021
mkdir: cannot create directory ‘/blue/stevenweisberg/stevenweisberg/qpfMRIResults/model_parameter_set2/’: File exists
cp: cannot stat ‘/blue/stevenweisberg/stevenweisberg/qpfMRIResults/deploy_sim.sh’: No such file or directory
cp: cannot stat ‘/blue/stevenweisberg/stevenweisberg/qpfMRIResults/sim_wrapper.sh’: No such file or directory
------------------------------------------
Setting up environment variables
---
LD_LIBRARY_PATH is .:/apps/matlab/mcr/2020b/v99/runtime/glnxa64:/apps/matlab/mcr/2020b/v99/bin/glnxa64:/apps/matlab/mcr/2020b/v99/sys/os/glnxa64:/apps/matlab/mcr/2020b/v99/sys/opengl/lib/glnxa64
Warning: Executing startup failed in matlabrc.
This indicates a potentially serious problem in your MATLAB setup, which should be resolved as soon as possible.  Error detected was:
MATLAB:mpath:PathAlterationNotSupported
Modifying the search path is not supported by MATLAB Compiler. Remove functions that modify the search path from your MATLAB code. To make files visible to your deployed application, add the parent folder to your MATLAB session.
Warning: No stimulus domain specified. Defaulting to values between 0.01 and 1.
> In qpfmriParams (line 182)
In compiledSimulate (line 205)
Stimulus domain added from input.
Parameter slope specified as 0.20000
Parameter semiSat specified as 0.57000
Parameter beta specified as 1.00000
Parameter sigma specified as 0.05000
seed = 99seed = 104seed = 111seed = 111seed = 115seed = 101Initializing Q+. This may take a minute...
Elapsed time is 8.087895 seconds.
Simulated parameters:
slope: 0.200 semiSat: 0.570 beta: 1.000 sigma: 0.050 

Trial 1: baseline Stimulus Selection
Stimulus: 0.010
Output value 0.000

Q+ parameters
slope: 0.026 semiSat: 0.890 beta: 0.500 sigma: 0.010 
maxBOLD estimate = 1.000


Trial 2: maxBOLD Stimulus Selection
Stimulus: 1.000
Output value 1.364

Q+ parameters
slope: 0.055 semiSat: 0.670 beta: 1.250 sigma: 0.010 
maxBOLD estimate = 1.000


Trial 3: baseline Stimulus Selection
Stimulus: 0.010
Output value 0.142

Q+ parameters
slope: 0.055 semiSat: 0.670 beta: 1.250 sigma: 0.062 
maxBOLD estimate = 1.250


Trial 4: maxBOLD Stimulus Selection
Stimulus: 1.000
Output value 1.598

Q+ parameters
slope: 0.043 semiSat: 0.780 beta: 1.250 sigma: 0.062 
maxBOLD estimate = 1.562


Trial 5: baseline Stimulus Selection
Stimulus: 0.010
Output value 0.172

Q+ parameters
slope: 0.043 semiSat: 0.780 beta: 0.969 sigma: 0.062 
maxBOLD estimate = 1.953


Trial 6: maxBOLD Stimulus Selection
Stimulus: 1.000
Output value 1.333

Q+ parameters
slope: 0.043 semiSat: 0.780 beta: 0.969 sigma: 0.062 
maxBOLD estimate = 1.892


Trial 7: qplus Stimulus Selection
Stimulus: 0.670
Output value 1.094

Q+ parameters
slope: 0.055 semiSat: 0.560 beta: 0.938 sigma: 0.062 
maxBOLD estimate = 1.833


Trial 8: qplus Stimulus Selection
Stimulus: 0.423
Output value 0.000

Q+ parameters
slope: 0.234 semiSat: 0.560 beta: 0.750 sigma: 0.062 
maxBOLD estimate = 1.718


Trial 9: qplus Stimulus Selection
Stimulus: 0.505
Output value 0.373

Q+ parameters
slope: 0.234 semiSat: 0.560 beta: 1.062 sigma: 0.062 
maxBOLD estimate = 1.289


Trial 10: baseline Stimulus Selection
Stimulus: 0.010
Output value 0.000

Q+ parameters
slope: 0.234 semiSat: 0.560 beta: 1.062 sigma: 0.062 
maxBOLD estimate = 1.369


Trial 11: qplus Stimulus Selection
Stimulus: 0.588
Output value 0.926

Q+ parameters
slope: 0.144 semiSat: 0.560 beta: 1.000 sigma: 0.062 
maxBOLD estimate = 1.455


Trial 12: qplus Stimulus Selection
Stimulus: 0.505
Output value 0.256

Q+ parameters
slope: 0.234 semiSat: 0.560 beta: 0.969 sigma: 0.062 
maxBOLD estimate = 1.455


Trial 13: qplus Stimulus Selection
Stimulus: 0.629
Output value 1.117

Q+ parameters
slope: 0.234 semiSat: 0.560 beta: 0.969 sigma: 0.062 
maxBOLD estimate = 1.409


Trial 14: qplus Stimulus Selection
Stimulus: 0.711
Output value 1.365

Q+ parameters
slope: 0.234 semiSat: 0.560 beta: 1.000 sigma: 0.062 
maxBOLD estimate = 1.365


Trial 15: maxBOLD Stimulus Selection
Stimulus: 1.000
Output value 1.583

Q+ parameters
slope: 0.183 semiSat: 0.560 beta: 1.062 sigma: 0.062 
maxBOLD estimate = 1.365


Trial 16: qplus Stimulus Selection
Stimulus: 0.505
Output value 0.128

Q+ parameters
slope: 0.234 semiSat: 0.560 beta: 0.969 sigma: 0.062 
maxBOLD estimate = 1.451


Trial 17: qplus Stimulus Selection
Stimulus: 0.711
Output value 1.114

Q+ parameters
slope: 0.234 semiSat: 0.560 beta: 0.969 sigma: 0.062 
maxBOLD estimate = 1.405


Trial 18: qplus Stimulus Selection
Stimulus: 0.753
Output value 1.485

Q+ parameters
slope: 0.234 semiSat: 0.560 beta: 1.000 sigma: 0.062 
maxBOLD estimate = 1.362


Trial 19: qplus Stimulus Selection
Stimulus: 0.546
Output value 0.480

Q+ parameters
slope: 0.298 semiSat: 0.560 beta: 0.969 sigma: 0.062 
maxBOLD estimate = 1.362


Trial 20: baseline Stimulus Selection
Stimulus: 0.010
Output value 0.000

Q+ parameters
slope: 0.234 semiSat: 0.560 beta: 1.062 sigma: 0.062 
maxBOLD estimate = 1.319


Trial 21: qplus Stimulus Selection
Stimulus: 0.505
Output value 0.247

Q+ parameters
slope: 0.234 semiSat: 0.560 beta: 0.969 sigma: 0.062 
maxBOLD estimate = 1.401


Trial 22: qplus Stimulus Selection
Stimulus: 0.711
Output value 1.315

Q+ parameters
slope: 0.298 semiSat: 0.560 beta: 0.969 sigma: 0.062 
maxBOLD estimate = 1.358


Trial 23: qplus Stimulus Selection
Stimulus: 0.629
Output value 1.143

Q+ parameters
slope: 0.234 semiSat: 0.560 beta: 1.062 sigma: 0.062 
maxBOLD estimate = 1.315


Trial 24: qplus Stimulus Selection
Stimulus: 0.505
Output value 0.246

Q+ parameters
slope: 0.298 semiSat: 0.560 beta: 0.969 sigma: 0.062 
maxBOLD estimate = 1.397


Trial 25: maxBOLD Stimulus Selection
Stimulus: 1.000
Output value 1.431

Q+ parameters
slope: 0.298 semiSat: 0.560 beta: 0.969 sigma: 0.062 
maxBOLD estimate = 1.354


Trial 26: qplus Stimulus Selection
Stimulus: 0.711
Output value 1.520

Q+ parameters
slope: 0.298 semiSat: 0.560 beta: 1.062 sigma: 0.062 
maxBOLD estimate = 1.311


Trial 27: qplus Stimulus Selection
Stimulus: 0.505
Output value 0.491

Q+ parameters
slope: 0.298 semiSat: 0.560 beta: 0.969 sigma: 0.062 
maxBOLD estimate = 1.393


Trial 28: qplus Stimulus Selection
Stimulus: 0.546
Output value 0.594

Q+ parameters
slope: 0.298 semiSat: 0.560 beta: 0.969 sigma: 0.062 
maxBOLD estimate = 1.350


Trial 29: qplus Stimulus Selection
Stimulus: 0.546
Output value 0.505

Q+ parameters
slope: 0.298 semiSat: 0.560 beta: 1.062 sigma: 0.062 
maxBOLD estimate = 1.308


Trial 30: baseline Stimulus Selection
Stimulus: 0.010
Output value -0.134

Q+ parameters
slope: 0.234 semiSat: 0.560 beta: 1.062 sigma: 0.062 
maxBOLD estimate = 1.389


Trial 31: qplus Stimulus Selection
Stimulus: 0.588
Output value 0.910

Q+ parameters
slope: 0.234 semiSat: 0.560 beta: 0.969 sigma: 0.062 
maxBOLD estimate = 1.476


Trial 32: qplus Stimulus Selection
Stimulus: 0.711
Output value 1.385

Q+ parameters
slope: 0.298 semiSat: 0.560 beta: 0.969 sigma: 0.062 
maxBOLD estimate = 1.430


Trial 33: qplus Stimulus Selection
Stimulus: 0.711
Output value 1.220

Q+ parameters
slope: 0.298 semiSat: 0.560 beta: 0.969 sigma: 0.062 
maxBOLD estimate = 1.385


Trial 34: qplus Stimulus Selection
Stimulus: 0.546
Output value 0.519

Q+ parameters
slope: 0.234 semiSat: 0.560 beta: 1.062 sigma: 0.062 
maxBOLD estimate = 1.342


Trial 35: maxBOLD Stimulus Selection
Stimulus: 1.000
Output value 1.381

Q+ parameters
slope: 0.298 semiSat: 0.560 beta: 0.969 sigma: 0.062 
maxBOLD estimate = 1.426


Trial 36: qplus Stimulus Selection
Stimulus: 0.711
Output value 1.601

Q+ parameters
slope: 0.183 semiSat: 0.560 beta: 1.062 sigma: 0.062 
maxBOLD estimate = 1.381


Trial 37: qplus Stimulus Selection
Stimulus: 0.588
Output value 1.034

Q+ parameters
slope: 0.234 semiSat: 0.560 beta: 0.969 sigma: 0.062 
maxBOLD estimate = 1.468


Trial 38: qplus Stimulus Selection
Stimulus: 0.711
Output value 1.503

Q+ parameters
slope: 0.298 semiSat: 0.560 beta: 0.969 sigma: 0.062 
maxBOLD estimate = 1.422


Trial 39: qplus Stimulus Selection
Stimulus: 0.546
Output value 0.665

Q+ parameters
slope: 0.298 semiSat: 0.560 beta: 1.062 sigma: 0.062 
maxBOLD estimate = 1.377


Trial 40: baseline Stimulus Selection
Stimulus: 0.010
Output value 0.000

Q+ parameters
slope: 0.298 semiSat: 0.560 beta: 0.969 sigma: 0.062 
maxBOLD estimate = 1.464


Trial 41: qplus Stimulus Selection
Stimulus: 0.546
Output value 0.749

Q+ parameters
slope: 0.298 semiSat: 0.560 beta: 0.969 sigma: 0.062 
maxBOLD estimate = 1.418


Trial 42: qplus Stimulus Selection
Stimulus: 0.546
Output value 0.796

Q+ parameters
slope: 0.298 semiSat: 0.560 beta: 1.062 sigma: 0.062 
maxBOLD estimate = 1.373


Trial 43: qplus Stimulus Selection
Stimulus: 0.464
Output value 0.257

Q+ parameters
slope: 0.298 semiSat: 0.560 beta: 0.969 sigma: 0.062 
maxBOLD estimate = 1.459


Trial 44: qplus Stimulus Selection
Stimulus: 0.711
Output value 1.370

Q+ parameters
slope: 0.298 semiSat: 0.560 beta: 0.969 sigma: 0.062 
maxBOLD estimate = 1.414


Trial 45: maxBOLD Stimulus Selection
Stimulus: 1.000
Output value 1.455

Q+ parameters
slope: 0.183 semiSat: 0.560 beta: 1.062 sigma: 0.062 
maxBOLD estimate = 1.370


Trial 46: qplus Stimulus Selection
Stimulus: 0.464
Output value 0.256

Q+ parameters
slope: 0.298 semiSat: 0.560 beta: 0.969 sigma: 0.062 
maxBOLD estimate = 1.455


Trial 47: qplus Stimulus Selection
Stimulus: 0.546
Output value 0.681

Q+ parameters
slope: 0.183 semiSat: 0.560 beta: 1.062 sigma: 0.062 
maxBOLD estimate = 1.410


Trial 48: qplus Stimulus Selection
Stimulus: 0.464
Output value 0.132

Q+ parameters
slope: 0.234 semiSat: 0.560 beta: 0.969 sigma: 0.062 
maxBOLD estimate = 1.498


Trial 49: qplus Stimulus Selection
Stimulus: 0.753
Output value 1.533

Q+ parameters
slope: 0.298 semiSat: 0.560 beta: 0.969 sigma: 0.062 
maxBOLD estimate = 1.451


Trial 50: baseline Stimulus Selection
Stimulus: 0.010
Output value -0.136

Q+ parameters
slope: 0.183 semiSat: 0.560 beta: 1.062 sigma: 0.062 
maxBOLD estimate = 1.406


Trial 51: qplus Stimulus Selection
Stimulus: 0.588
Output value 0.658

Q+ parameters
slope: 0.298 semiSat: 0.560 beta: 0.969 sigma: 0.062 
maxBOLD estimate = 1.493


Trial 52: qplus Stimulus Selection
Stimulus: 0.711
Output value 1.356

Q+ parameters
slope: 0.183 semiSat: 0.560 beta: 1.031 sigma: 0.062 
maxBOLD estimate = 1.447


Trial 53: qplus Stimulus Selection
Stimulus: 0.464
Output value 0.000

Q+ parameters
slope: 0.234 semiSat: 0.560 beta: 0.969 sigma: 0.062 
maxBOLD estimate = 1.492


Trial 54: qplus Stimulus Selection
Stimulus: 0.711
Output value 1.314

Q+ parameters
slope: 0.234 semiSat: 0.560 beta: 1.000 sigma: 0.062 
maxBOLD estimate = 1.445


Trial 55: maxBOLD Stimulus Selection
Stimulus: 1.000
Output value 1.445

Q+ parameters
slope: 0.234 semiSat: 0.560 beta: 1.000 sigma: 0.062 
maxBOLD estimate = 1.445


Trial 56: qplus Stimulus Selection
Stimulus: 0.505
Output value 0.263

Q+ parameters
slope: 0.234 semiSat: 0.560 beta: 1.000 sigma: 0.062 
maxBOLD estimate = 1.445


Trial 57: qplus Stimulus Selection
Stimulus: 0.670
Output value 1.491

Q+ parameters
slope: 0.234 semiSat: 0.560 beta: 1.031 sigma: 0.062 
maxBOLD estimate = 1.445


Trial 58: qplus Stimulus Selection
Stimulus: 0.505
Output value 0.394

Q+ parameters
slope: 0.234 semiSat: 0.560 beta: 0.969 sigma: 0.062 
maxBOLD estimate = 1.491


Trial 59: qplus Stimulus Selection
Stimulus: 0.711
Output value 1.624

Q+ parameters
slope: 0.183 semiSat: 0.560 beta: 1.031 sigma: 0.062 
maxBOLD estimate = 1.444


Trial 60: baseline Stimulus Selection
Stimulus: 0.010
Output value 0.131

Q+ parameters
slope: 0.234 semiSat: 0.560 beta: 0.969 sigma: 0.062 
maxBOLD estimate = 1.489


Trial 61: qplus Stimulus Selection
Stimulus: 0.711
Output value 1.623

Q+ parameters
slope: 0.234 semiSat: 0.560 beta: 1.031 sigma: 0.062 
maxBOLD estimate = 1.443


Trial 62: qplus Stimulus Selection
Stimulus: 0.670
Output value 1.441

Q+ parameters
slope: 0.298 semiSat: 0.560 beta: 0.969 sigma: 0.062 
maxBOLD estimate = 1.488


Trial 63: qplus Stimulus Selection
Stimulus: 0.546
Output value 0.811

Q+ parameters
slope: 0.234 semiSat: 0.560 beta: 1.031 sigma: 0.062 
maxBOLD estimate = 1.441


Trial 64: qplus Stimulus Selection
Stimulus: 0.670
Output value 1.533

Q+ parameters
slope: 0.234 semiSat: 0.560 beta: 1.031 sigma: 0.062 
maxBOLD estimate = 1.486


Trial 65: maxBOLD Stimulus Selection
Stimulus: 1.000
Output value 1.306

Q+ parameters
slope: 0.234 semiSat: 0.560 beta: 0.938 sigma: 0.062 
maxBOLD estimate = 1.533


Trial 66: qplus Stimulus Selection
Stimulus: 0.959
Output value 1.482

Q+ parameters
slope: 0.234 semiSat: 0.560 beta: 1.031 sigma: 0.062 
maxBOLD estimate = 1.437


Trial 67: qplus Stimulus Selection
Stimulus: 0.670
Output value 1.389

Q+ parameters
slope: 0.234 semiSat: 0.560 beta: 1.031 sigma: 0.062 
maxBOLD estimate = 1.482


Trial 68: qplus Stimulus Selection
Stimulus: 0.546
Output value 0.673

Q+ parameters
slope: 0.234 semiSat: 0.560 beta: 0.969 sigma: 0.062 
maxBOLD estimate = 1.528


Trial 69: qplus Stimulus Selection
Stimulus: 0.753
Output value 1.665

Q+ parameters
slope: 0.234 semiSat: 0.560 beta: 1.031 sigma: 0.062 
maxBOLD estimate = 1.480


Trial 70: baseline Stimulus Selection
Stimulus: 0.010
Output value 0.000

Q+ parameters
slope: 0.234 semiSat: 0.560 beta: 0.938 sigma: 0.062 
maxBOLD estimate = 1.527


Trial 71: qplus Stimulus Selection
Stimulus: 0.959
Output value 1.342

Q+ parameters
slope: 0.234 semiSat: 0.560 beta: 1.031 sigma: 0.062 
maxBOLD estimate = 1.431


Trial 72: qplus Stimulus Selection
Stimulus: 0.505
Output value 0.415

Q+ parameters
slope: 0.234 semiSat: 0.560 beta: 1.031 sigma: 0.062 
maxBOLD estimate = 1.476


Trial 73: qplus Stimulus Selection
Stimulus: 0.670
Output value 1.072

Q+ parameters
slope: 0.234 semiSat: 0.560 beta: 0.969 sigma: 0.062 
maxBOLD estimate = 1.522


Trial 74: qplus Stimulus Selection
Stimulus: 0.711
Output value 1.340

Q+ parameters
slope: 0.234 semiSat: 0.560 beta: 1.000 sigma: 0.062 
maxBOLD estimate = 1.474


Trial 75: maxBOLD Stimulus Selection
Stimulus: 1.000
Output value 1.608

Q+ parameters
slope: 0.234 semiSat: 0.560 beta: 1.000 sigma: 0.062 
maxBOLD estimate = 1.474


Trial 76: qplus Stimulus Selection
Stimulus: 0.670
Output value 1.340

Q+ parameters
slope: 0.234 semiSat: 0.560 beta: 1.000 sigma: 0.062 
maxBOLD estimate = 1.474


Trial 77: qplus Stimulus Selection
Stimulus: 0.505
Output value 0.268

Q+ parameters
slope: 0.234 semiSat: 0.560 beta: 1.000 sigma: 0.062 
maxBOLD estimate = 1.474


Trial 78: qplus Stimulus Selection
Stimulus: 0.670
Output value 1.340

Q+ parameters
slope: 0.234 semiSat: 0.560 beta: 1.000 sigma: 0.062 
maxBOLD estimate = 1.474


Trial 79: qplus Stimulus Selection
Stimulus: 0.505
Output value 0.402

Q+ parameters
slope: 0.234 semiSat: 0.560 beta: 1.000 sigma: 0.062 
maxBOLD estimate = 1.474


Trial 80: baseline Stimulus Selection
Stimulus: 0.010
Output value 0.130

Q+ parameters
slope: 0.298 semiSat: 0.560 beta: 0.969 sigma: 0.062 
maxBOLD estimate = 1.474


Trial 81: qplus Stimulus Selection
Stimulus: 0.546
Output value 0.803

Q+ parameters
slope: 0.234 semiSat: 0.560 beta: 1.031 sigma: 0.062 
maxBOLD estimate = 1.428


Trial 82: qplus Stimulus Selection
Stimulus: 0.670
Output value 1.473

Q+ parameters
slope: 0.234 semiSat: 0.560 beta: 1.000 sigma: 0.062 
maxBOLD estimate = 1.473


Trial 83: qplus Stimulus Selection
Stimulus: 0.546
Output value 0.937

Q+ parameters
slope: 0.234 semiSat: 0.560 beta: 1.000 sigma: 0.062 
maxBOLD estimate = 1.473


Trial 84: qplus Stimulus Selection
Stimulus: 0.670
Output value 1.339

Q+ parameters
slope: 0.234 semiSat: 0.560 beta: 1.000 sigma: 0.062 
maxBOLD estimate = 1.473


Trial 85: maxBOLD Stimulus Selection
Stimulus: 1.000
Output value 1.607

Q+ parameters
slope: 0.234 semiSat: 0.560 beta: 1.000 sigma: 0.062 
maxBOLD estimate = 1.473


Trial 86: qplus Stimulus Selection
Stimulus: 0.670
Output value 1.339

Q+ parameters
slope: 0.234 semiSat: 0.560 beta: 1.000 sigma: 0.062 
maxBOLD estimate = 1.473


Trial 87: qplus Stimulus Selection
Stimulus: 0.670
Output value 1.473

Q+ parameters
slope: 0.234 semiSat: 0.560 beta: 1.000 sigma: 0.062 
maxBOLD estimate = 1.473


Trial 88: qplus Stimulus Selection
Stimulus: 0.670
Output value 1.339

Q+ parameters
slope: 0.234 semiSat: 0.560 beta: 1.000 sigma: 0.062 
maxBOLD estimate = 1.473


Trial 89: qplus Stimulus Selection
Stimulus: 0.670
Output value 1.339

Q+ parameters
slope: 0.234 semiSat: 0.560 beta: 1.000 sigma: 0.062 
maxBOLD estimate = 1.473


Trial 90: baseline Stimulus Selection
Stimulus: 0.010
Output value 0.130

Q+ parameters
slope: 0.234 semiSat: 0.560 beta: 0.969 sigma: 0.062 
maxBOLD estimate = 1.473


Trial 91: qplus Stimulus Selection
Stimulus: 0.711
Output value 1.472

Q+ parameters
slope: 0.234 semiSat: 0.560 beta: 1.031 sigma: 0.062 
maxBOLD estimate = 1.427


Trial 92: qplus Stimulus Selection
Stimulus: 0.670
Output value 1.472

Q+ parameters
slope: 0.234 semiSat: 0.560 beta: 1.000 sigma: 0.062 
maxBOLD estimate = 1.472


Trial 93: qplus Stimulus Selection
Stimulus: 0.546
Output value 0.803

Q+ parameters
slope: 0.234 semiSat: 0.560 beta: 1.000 sigma: 0.062 
maxBOLD estimate = 1.472


Trial 94: qplus Stimulus Selection
Stimulus: 0.505
Output value 0.401

Q+ parameters
slope: 0.234 semiSat: 0.560 beta: 1.000 sigma: 0.062 
maxBOLD estimate = 1.472


Trial 95: maxBOLD Stimulus Selection
Stimulus: 1.000
Output value 1.605

Q+ parameters
slope: 0.234 semiSat: 0.560 beta: 1.000 sigma: 0.062 
maxBOLD estimate = 1.472


Trial 96: qplus Stimulus Selection
Stimulus: 0.505
Output value 0.535

Q+ parameters
slope: 0.234 semiSat: 0.560 beta: 1.000 sigma: 0.062 
maxBOLD estimate = 1.472


Trial 97: qplus Stimulus Selection
Stimulus: 0.505
Output value 0.535

Q+ parameters
slope: 0.234 semiSat: 0.560 beta: 1.000 sigma: 0.062 
maxBOLD estimate = 1.472


Trial 98: qplus Stimulus Selection
Stimulus: 0.505
Output value 0.535

Q+ parameters
slope: 0.234 semiSat: 0.560 beta: 1.000 sigma: 0.062 
maxBOLD estimate = 1.472


Trial 99: qplus Stimulus Selection
Stimulus: 0.505
Output value 0.690

Q+ parameters
slope: 0.183 semiSat: 0.560 beta: 1.031 sigma: 0.062 
maxBOLD estimate = 1.472


Trial 100: baseline Stimulus Selection
Stimulus: 0.010
Output value 0.138

Q+ parameters
slope: 0.183 semiSat: 0.560 beta: 1.000 sigma: 0.062 
maxBOLD estimate = 1.518

--------------------------------------------------------------
FINAL VALUES
--------------------------------------------------------------
Simulated parameters:              slope: 0.200 semiSat: 0.570 beta: 1.000 sigma: 0.050 
Max posterior QUEST+ parameters:   slope: 0.234 semiSat: 0.560 beta: 0.969 sigma: 0.062 
Max BADS parameters:               slope: 0.186 semiSat: 0.563 beta: 1.000 sigma: 0.053 
maxBOLD estimate: 1.527
