/blue/stevenweisberg/stevenweisberg/MATLAB/projects/Weisberg_Aguirre_2020/scripts/run_sims
c0706a-s5.ufhpc
Wed Apr  7 09:14:15 EDT 2021
mkdir: cannot create directory ‘/blue/stevenweisberg/stevenweisberg/qpfMRIResults/model_parameter_set2/’: File exists
cp: cannot stat ‘/blue/stevenweisberg/stevenweisberg/qpfMRIResults/deploy_sim.sh’: No such file or directory
cp: cannot stat ‘/blue/stevenweisberg/stevenweisberg/qpfMRIResults/sim_wrapper.sh’: No such file or directory
------------------------------------------
Setting up environment variables
---
LD_LIBRARY_PATH is .:/apps/matlab/mcr/2020b/v99/runtime/glnxa64:/apps/matlab/mcr/2020b/v99/bin/glnxa64:/apps/matlab/mcr/2020b/v99/sys/os/glnxa64:/apps/matlab/mcr/2020b/v99/sys/opengl/lib/glnxa64
Warning: Executing startup failed in matlabrc.
This indicates a potentially serious problem in your MATLAB setup, which should be resolved as soon as possible.  Error detected was:
MATLAB:mpath:PathAlterationNotSupported
Modifying the search path is not supported by MATLAB Compiler. Remove functions that modify the search path from your MATLAB code. To make files visible to your deployed application, add the parent folder to your MATLAB session.
Warning: No stimulus domain specified. Defaulting to values between 0.01 and 1.
> In qpfmriParams (line 182)
In compiledSimulate (line 205)
Stimulus domain added from input.
Parameter slope specified as 0.20000
Parameter semiSat specified as 0.57000
Parameter beta specified as 1.00000
Parameter sigma specified as 0.15000
seed = 99seed = 104seed = 111seed = 111seed = 115seed = 101Initializing Q+. This may take a minute...
Elapsed time is 7.302192 seconds.
Simulated parameters:
slope: 0.200 semiSat: 0.570 beta: 1.000 sigma: 0.150 

Trial 1: baseline Stimulus Selection
Stimulus: 0.010
Output value 0.000

Q+ parameters
slope: 0.026 semiSat: 0.890 beta: 0.500 sigma: 0.010 
maxBOLD estimate = 1.000


Trial 2: maxBOLD Stimulus Selection
Stimulus: 1.000
Output value 1.125

Q+ parameters
slope: 0.055 semiSat: 0.670 beta: 1.125 sigma: 0.010 
maxBOLD estimate = 1.000


Trial 3: baseline Stimulus Selection
Stimulus: 0.010
Output value -0.128

Q+ parameters
slope: 0.034 semiSat: 1.000 beta: 1.250 sigma: 0.062 
maxBOLD estimate = 1.125


Trial 4: maxBOLD Stimulus Selection
Stimulus: 1.000
Output value 1.726

Q+ parameters
slope: 0.055 semiSat: 0.670 beta: 1.125 sigma: 0.218 
maxBOLD estimate = 1.406


Trial 5: baseline Stimulus Selection
Stimulus: 0.010
Output value -0.180

Q+ parameters
slope: 0.043 semiSat: 0.780 beta: 1.250 sigma: 0.166 
maxBOLD estimate = 1.582


Trial 6: maxBOLD Stimulus Selection
Stimulus: 1.000
Output value 1.567

Q+ parameters
slope: 0.043 semiSat: 0.780 beta: 0.969 sigma: 0.166 
maxBOLD estimate = 1.978


Trial 7: random Stimulus Selection
Stimulus: 0.092
Output value 0.392

Q+ parameters
slope: 0.298 semiSat: 0.120 beta: 0.750 sigma: 0.166 
maxBOLD estimate = 1.916


Trial 8: random Stimulus Selection
Stimulus: 0.092
Output value -0.196

Q+ parameters
slope: 0.055 semiSat: 0.780 beta: 1.500 sigma: 0.218 
maxBOLD estimate = 1.437


Trial 9: random Stimulus Selection
Stimulus: 0.918
Output value 0.735

Q+ parameters
slope: 0.144 semiSat: 1.000 beta: 1.250 sigma: 0.114 
maxBOLD estimate = 2.155


Trial 10: baseline Stimulus Selection
Stimulus: 0.010
Output value -0.245

Q+ parameters
slope: 0.055 semiSat: 1.000 beta: 1.000 sigma: 0.114 
maxBOLD estimate = 2.694


Trial 11: random Stimulus Selection
Stimulus: 0.216
Output value -0.245

Q+ parameters
slope: 0.113 semiSat: 1.000 beta: 1.000 sigma: 0.114 
maxBOLD estimate = 2.694


Trial 12: random Stimulus Selection
Stimulus: 0.876
Output value 0.735

Q+ parameters
slope: 1.000 semiSat: 0.120 beta: 0.500 sigma: 0.114 
maxBOLD estimate = 2.694


Trial 13: random Stimulus Selection
Stimulus: 0.423
Output value 0.367

Q+ parameters
slope: 0.070 semiSat: 0.670 beta: 1.500 sigma: 0.218 
maxBOLD estimate = 1.347


Trial 14: random Stimulus Selection
Stimulus: 0.010
Output value 0.643

Q+ parameters
slope: 1.000 semiSat: 0.450 beta: 0.500 sigma: 0.218 
maxBOLD estimate = 2.021


Trial 15: maxBOLD Stimulus Selection
Stimulus: 1.000
Output value 1.653

Q+ parameters
slope: 0.070 semiSat: 0.670 beta: 1.500 sigma: 0.218 
maxBOLD estimate = 1.010


Trial 16: random Stimulus Selection
Stimulus: 0.918
Output value 2.480

Q+ parameters
slope: 0.070 semiSat: 0.670 beta: 1.500 sigma: 0.218 
maxBOLD estimate = 1.515


Trial 17: random Stimulus Selection
Stimulus: 0.505
Output value 0.775

Q+ parameters
slope: 0.113 semiSat: 0.450 beta: 0.750 sigma: 0.166 
maxBOLD estimate = 2.273


Trial 18: random Stimulus Selection
Stimulus: 0.835
Output value 0.969

Q+ parameters
slope: 0.055 semiSat: 0.780 beta: 1.250 sigma: 0.218 
maxBOLD estimate = 1.705


Trial 19: random Stimulus Selection
Stimulus: 0.794
Output value 1.314

Q+ parameters
slope: 0.055 semiSat: 0.670 beta: 0.969 sigma: 0.166 
maxBOLD estimate = 2.131


Trial 20: baseline Stimulus Selection
Stimulus: 0.010
Output value 0.774

Q+ parameters
slope: 0.043 semiSat: 0.890 beta: 1.031 sigma: 0.166 
maxBOLD estimate = 2.064


Trial 21: random Stimulus Selection
Stimulus: 0.670
Output value 0.599

Q+ parameters
slope: 0.043 semiSat: 0.890 beta: 1.031 sigma: 0.114 
maxBOLD estimate = 2.129


Trial 22: random Stimulus Selection
Stimulus: 0.010
Output value 0.599

Q+ parameters
slope: 0.043 semiSat: 0.780 beta: 0.750 sigma: 0.166 
maxBOLD estimate = 2.195


Trial 23: random Stimulus Selection
Stimulus: 0.959
Output value 1.852

Q+ parameters
slope: 0.070 semiSat: 0.560 beta: 1.031 sigma: 0.218 
maxBOLD estimate = 1.647


Trial 24: random Stimulus Selection
Stimulus: 0.753
Output value 1.621

Q+ parameters
slope: 0.234 semiSat: 0.560 beta: 0.875 sigma: 0.218 
maxBOLD estimate = 1.698


Trial 25: maxBOLD Stimulus Selection
Stimulus: 1.000
Output value 0.975

Q+ parameters
slope: 0.144 semiSat: 0.560 beta: 1.031 sigma: 0.218 
maxBOLD estimate = 1.486


Trial 26: random Stimulus Selection
Stimulus: 0.423
Output value -0.270

Q+ parameters
slope: 0.234 semiSat: 0.560 beta: 0.969 sigma: 0.218 
maxBOLD estimate = 1.532


Trial 27: random Stimulus Selection
Stimulus: 0.588
Output value 0.523

Q+ parameters
slope: 0.234 semiSat: 0.560 beta: 0.969 sigma: 0.271 
maxBOLD estimate = 1.484


Trial 28: random Stimulus Selection
Stimulus: 0.051
Output value 0.944

Q+ parameters
slope: 0.234 semiSat: 0.560 beta: 1.031 sigma: 0.271 
maxBOLD estimate = 1.438


Trial 29: random Stimulus Selection
Stimulus: 0.216
Output value 0.131

Q+ parameters
slope: 0.234 semiSat: 0.560 beta: 0.969 sigma: 0.271 
maxBOLD estimate = 1.483


Trial 30: baseline Stimulus Selection
Stimulus: 0.010
Output value -0.278

Q+ parameters
slope: 0.234 semiSat: 0.560 beta: 1.062 sigma: 0.218 
maxBOLD estimate = 1.437


Trial 31: random Stimulus Selection
Stimulus: 0.794
Output value 1.327

Q+ parameters
slope: 0.234 semiSat: 0.560 beta: 1.062 sigma: 0.271 
maxBOLD estimate = 1.526


Trial 32: random Stimulus Selection
Stimulus: 0.423
Output value -0.286

Q+ parameters
slope: 0.234 semiSat: 0.560 beta: 0.969 sigma: 0.271 
maxBOLD estimate = 1.622


Trial 33: random Stimulus Selection
Stimulus: 0.092
Output value -0.138

Q+ parameters
slope: 0.234 semiSat: 0.560 beta: 0.969 sigma: 0.218 
maxBOLD estimate = 1.571


Trial 34: random Stimulus Selection
Stimulus: 0.381
Output value -0.294

Q+ parameters
slope: 0.234 semiSat: 0.560 beta: 1.062 sigma: 0.218 
maxBOLD estimate = 1.522


Trial 35: maxBOLD Stimulus Selection
Stimulus: 1.000
Output value 1.709

Q+ parameters
slope: 0.234 semiSat: 0.560 beta: 0.969 sigma: 0.218 
maxBOLD estimate = 1.617


Trial 36: random Stimulus Selection
Stimulus: 0.423
Output value 0.414

Q+ parameters
slope: 0.234 semiSat: 0.560 beta: 0.969 sigma: 0.218 
maxBOLD estimate = 1.567


Trial 37: random Stimulus Selection
Stimulus: 0.629
Output value 1.173

Q+ parameters
slope: 0.234 semiSat: 0.560 beta: 1.062 sigma: 0.218 
maxBOLD estimate = 1.518


Trial 38: random Stimulus Selection
Stimulus: 0.546
Output value 0.880

Q+ parameters
slope: 0.234 semiSat: 0.560 beta: 1.000 sigma: 0.218 
maxBOLD estimate = 1.612


Trial 39: random Stimulus Selection
Stimulus: 0.753
Output value 1.759

Q+ parameters
slope: 0.234 semiSat: 0.560 beta: 1.000 sigma: 0.218 
maxBOLD estimate = 1.612


Trial 40: baseline Stimulus Selection
Stimulus: 0.010
Output value -0.311

Q+ parameters
slope: 0.234 semiSat: 0.560 beta: 1.062 sigma: 0.218 
maxBOLD estimate = 1.612


Trial 41: random Stimulus Selection
Stimulus: 0.505
Output value 1.285

Q+ parameters
slope: 0.144 semiSat: 0.560 beta: 1.031 sigma: 0.218 
maxBOLD estimate = 1.713


Trial 42: random Stimulus Selection
Stimulus: 0.959
Output value 1.686

Q+ parameters
slope: 0.234 semiSat: 0.560 beta: 0.875 sigma: 0.166 
maxBOLD estimate = 1.767


Trial 43: random Stimulus Selection
Stimulus: 0.175
Output value 0.422

Q+ parameters
slope: 0.234 semiSat: 0.560 beta: 1.000 sigma: 0.218 
maxBOLD estimate = 1.546


Trial 44: random Stimulus Selection
Stimulus: 0.216
Output value 0.597

Q+ parameters
slope: 0.234 semiSat: 0.560 beta: 1.062 sigma: 0.271 
maxBOLD estimate = 1.546


Trial 45: maxBOLD Stimulus Selection
Stimulus: 1.000
Output value 1.792

Q+ parameters
slope: 0.234 semiSat: 0.560 beta: 1.000 sigma: 0.218 
maxBOLD estimate = 1.643


Trial 46: random Stimulus Selection
Stimulus: 0.340
Output value 0.448

Q+ parameters
slope: 0.234 semiSat: 0.560 beta: 1.000 sigma: 0.218 
maxBOLD estimate = 1.643


Trial 47: random Stimulus Selection
Stimulus: 0.753
Output value 1.792

Q+ parameters
slope: 0.234 semiSat: 0.560 beta: 1.000 sigma: 0.218 
maxBOLD estimate = 1.643


Trial 48: random Stimulus Selection
Stimulus: 0.753
Output value 1.344

Q+ parameters
slope: 0.234 semiSat: 0.560 beta: 1.000 sigma: 0.218 
maxBOLD estimate = 1.643


Trial 49: random Stimulus Selection
Stimulus: 0.381
Output value 0.597

Q+ parameters
slope: 0.234 semiSat: 0.560 beta: 1.000 sigma: 0.218 
maxBOLD estimate = 1.643


Trial 50: baseline Stimulus Selection
Stimulus: 0.010
Output value 0.747

Q+ parameters
slope: 0.234 semiSat: 0.560 beta: 1.000 sigma: 0.218 
maxBOLD estimate = 1.643


Trial 51: random Stimulus Selection
Stimulus: 0.299
Output value 1.045

Q+ parameters
slope: 0.234 semiSat: 0.560 beta: 1.000 sigma: 0.271 
maxBOLD estimate = 1.643


Trial 52: random Stimulus Selection
Stimulus: 0.629
Output value 1.493

Q+ parameters
slope: 0.234 semiSat: 0.560 beta: 1.000 sigma: 0.218 
maxBOLD estimate = 1.643


Trial 53: random Stimulus Selection
Stimulus: 0.753
Output value 1.493

Q+ parameters
slope: 0.234 semiSat: 0.560 beta: 1.000 sigma: 0.218 
maxBOLD estimate = 1.643


Trial 54: random Stimulus Selection
Stimulus: 0.629
Output value 1.848

Q+ parameters
slope: 0.379 semiSat: 0.560 beta: 1.031 sigma: 0.218 
maxBOLD estimate = 1.643


Trial 55: maxBOLD Stimulus Selection
Stimulus: 1.000
Output value 1.848

Q+ parameters
slope: 0.234 semiSat: 0.560 beta: 1.000 sigma: 0.218 
maxBOLD estimate = 1.694


Trial 56: random Stimulus Selection
Stimulus: 0.340
Output value -0.308

Q+ parameters
slope: 0.234 semiSat: 0.560 beta: 1.000 sigma: 0.218 
maxBOLD estimate = 1.694


Trial 57: random Stimulus Selection
Stimulus: 0.835
Output value 1.848

Q+ parameters
slope: 0.234 semiSat: 0.560 beta: 1.000 sigma: 0.218 
maxBOLD estimate = 1.694


Trial 58: random Stimulus Selection
Stimulus: 0.918
Output value 1.694

Q+ parameters
slope: 0.234 semiSat: 0.560 beta: 1.000 sigma: 0.218 
maxBOLD estimate = 1.694


Trial 59: random Stimulus Selection
Stimulus: 0.134
Output value 0.770

Q+ parameters
slope: 0.234 semiSat: 0.560 beta: 1.000 sigma: 0.218 
maxBOLD estimate = 1.694


Trial 60: baseline Stimulus Selection
Stimulus: 0.010
Output value 0.597

Q+ parameters
slope: 0.234 semiSat: 0.560 beta: 0.969 sigma: 0.218 
maxBOLD estimate = 1.694


Trial 61: random Stimulus Selection
Stimulus: 0.918
Output value 1.790

Q+ parameters
slope: 0.234 semiSat: 0.560 beta: 1.000 sigma: 0.218 
maxBOLD estimate = 1.641


Trial 62: random Stimulus Selection
Stimulus: 0.175
Output value -0.289

Q+ parameters
slope: 0.234 semiSat: 0.560 beta: 0.969 sigma: 0.218 
maxBOLD estimate = 1.641


Trial 63: random Stimulus Selection
Stimulus: 0.670
Output value 1.639

Q+ parameters
slope: 0.379 semiSat: 0.560 beta: 1.031 sigma: 0.218 
maxBOLD estimate = 1.590


Trial 64: random Stimulus Selection
Stimulus: 0.670
Output value 1.788

Q+ parameters
slope: 0.298 semiSat: 0.560 beta: 1.000 sigma: 0.218 
maxBOLD estimate = 1.639


Trial 65: maxBOLD Stimulus Selection
Stimulus: 1.000
Output value 1.732

Q+ parameters
slope: 0.234 semiSat: 0.560 beta: 0.969 sigma: 0.218 
maxBOLD estimate = 1.639


Trial 66: random Stimulus Selection
Stimulus: 0.505
Output value 0.149

Q+ parameters
slope: 0.379 semiSat: 0.560 beta: 1.031 sigma: 0.218 
maxBOLD estimate = 1.588


Trial 67: random Stimulus Selection
Stimulus: 1.000
Output value 1.731

Q+ parameters
slope: 0.234 semiSat: 0.560 beta: 0.969 sigma: 0.218 
maxBOLD estimate = 1.638


Trial 68: random Stimulus Selection
Stimulus: 0.753
Output value 1.785

Q+ parameters
slope: 0.298 semiSat: 0.560 beta: 1.031 sigma: 0.218 
maxBOLD estimate = 1.587


Trial 69: random Stimulus Selection
Stimulus: 0.340
Output value 0.865

Q+ parameters
slope: 0.234 semiSat: 0.560 beta: 0.969 sigma: 0.218 
maxBOLD estimate = 1.636


Trial 70: baseline Stimulus Selection
Stimulus: 0.010
Output value 0.279

Q+ parameters
slope: 0.234 semiSat: 0.560 beta: 0.969 sigma: 0.218 
maxBOLD estimate = 1.585


Trial 71: random Stimulus Selection
Stimulus: 0.711
Output value 1.727

Q+ parameters
slope: 0.298 semiSat: 0.560 beta: 1.031 sigma: 0.218 
maxBOLD estimate = 1.535


Trial 72: random Stimulus Selection
Stimulus: 1.000
Output value 1.727

Q+ parameters
slope: 0.234 semiSat: 0.560 beta: 1.000 sigma: 0.218 
maxBOLD estimate = 1.583


Trial 73: random Stimulus Selection
Stimulus: 0.588
Output value 1.781

Q+ parameters
slope: 0.298 semiSat: 0.560 beta: 1.031 sigma: 0.218 
maxBOLD estimate = 1.583


Trial 74: random Stimulus Selection
Stimulus: 0.753
Output value 0.158

Q+ parameters
slope: 0.113 semiSat: 0.670 beta: 1.062 sigma: 0.271 
maxBOLD estimate = 1.633


Trial 75: maxBOLD Stimulus Selection
Stimulus: 1.000
Output value 1.104

Q+ parameters
slope: 0.298 semiSat: 0.560 beta: 0.875 sigma: 0.166 
maxBOLD estimate = 1.735


Trial 76: random Stimulus Selection
Stimulus: 0.670
Output value 0.414

Q+ parameters
slope: 0.234 semiSat: 0.560 beta: 1.000 sigma: 0.218 
maxBOLD estimate = 1.518


Trial 77: random Stimulus Selection
Stimulus: 0.794
Output value 1.281

Q+ parameters
slope: 0.298 semiSat: 0.560 beta: 1.031 sigma: 0.218 
maxBOLD estimate = 1.518


Trial 78: random Stimulus Selection
Stimulus: 0.010
Output value -0.294

Q+ parameters
slope: 0.298 semiSat: 0.560 beta: 1.031 sigma: 0.218 
maxBOLD estimate = 1.566


Trial 79: random Stimulus Selection
Stimulus: 0.257
Output value 0.151

Q+ parameters
slope: 0.298 semiSat: 0.560 beta: 1.031 sigma: 0.218 
maxBOLD estimate = 1.614


Trial 80: baseline Stimulus Selection
Stimulus: 0.010
Output value 0.993

Q+ parameters
slope: 0.234 semiSat: 0.560 beta: 0.938 sigma: 0.218 
maxBOLD estimate = 1.665


Trial 81: random Stimulus Selection
Stimulus: 0.835
Output value 1.756

Q+ parameters
slope: 0.298 semiSat: 0.560 beta: 1.031 sigma: 0.218 
maxBOLD estimate = 1.561


Trial 82: random Stimulus Selection
Stimulus: 0.629
Output value 0.000

Q+ parameters
slope: 0.113 semiSat: 0.560 beta: 0.969 sigma: 0.218 
maxBOLD estimate = 1.610


Trial 83: random Stimulus Selection
Stimulus: 0.175
Output value -0.292

Q+ parameters
slope: 0.298 semiSat: 0.560 beta: 1.031 sigma: 0.218 
maxBOLD estimate = 1.559


Trial 84: random Stimulus Selection
Stimulus: 0.051
Output value -0.283

Q+ parameters
slope: 0.298 semiSat: 0.560 beta: 0.969 sigma: 0.218 
maxBOLD estimate = 1.608


Trial 85: maxBOLD Stimulus Selection
Stimulus: 1.000
Output value 0.584

Q+ parameters
slope: 0.298 semiSat: 0.560 beta: 1.031 sigma: 0.218 
maxBOLD estimate = 1.558


Trial 86: random Stimulus Selection
Stimulus: 0.423
Output value -0.141

Q+ parameters
slope: 0.298 semiSat: 0.560 beta: 0.969 sigma: 0.218 
maxBOLD estimate = 1.607


Trial 87: random Stimulus Selection
Stimulus: 0.794
Output value 1.021

Q+ parameters
slope: 0.298 semiSat: 0.560 beta: 1.031 sigma: 0.218 
maxBOLD estimate = 1.556


Trial 88: random Stimulus Selection
Stimulus: 0.918
Output value 1.555

Q+ parameters
slope: 0.298 semiSat: 0.560 beta: 0.969 sigma: 0.218 
maxBOLD estimate = 1.605


Trial 89: random Stimulus Selection
Stimulus: 0.711
Output value 1.749

Q+ parameters
slope: 0.298 semiSat: 0.560 beta: 1.031 sigma: 0.218 
maxBOLD estimate = 1.555


Trial 90: baseline Stimulus Selection
Stimulus: 0.010
Output value 0.141

Q+ parameters
slope: 0.298 semiSat: 0.560 beta: 0.969 sigma: 0.218 
maxBOLD estimate = 1.603


Trial 91: random Stimulus Selection
Stimulus: 0.092
Output value 0.000

Q+ parameters
slope: 0.298 semiSat: 0.560 beta: 1.031 sigma: 0.218 
maxBOLD estimate = 1.553


Trial 92: random Stimulus Selection
Stimulus: 0.835
Output value 1.129

Q+ parameters
slope: 0.298 semiSat: 0.560 beta: 0.969 sigma: 0.218 
maxBOLD estimate = 1.602


Trial 93: random Stimulus Selection
Stimulus: 0.629
Output value 0.727

Q+ parameters
slope: 0.234 semiSat: 0.560 beta: 1.031 sigma: 0.218 
maxBOLD estimate = 1.552


Trial 94: random Stimulus Selection
Stimulus: 0.670
Output value 1.800

Q+ parameters
slope: 0.234 semiSat: 0.560 beta: 1.031 sigma: 0.218 
maxBOLD estimate = 1.600


Trial 95: maxBOLD Stimulus Selection
Stimulus: 1.000
Output value 1.857

Q+ parameters
slope: 0.234 semiSat: 0.560 beta: 1.031 sigma: 0.218 
maxBOLD estimate = 1.650


Trial 96: random Stimulus Selection
Stimulus: 0.051
Output value -0.319

Q+ parameters
slope: 0.234 semiSat: 0.560 beta: 1.031 sigma: 0.218 
maxBOLD estimate = 1.702


Trial 97: random Stimulus Selection
Stimulus: 0.505
Output value -0.279

Q+ parameters
slope: 0.234 semiSat: 0.560 beta: 0.875 sigma: 0.166 
maxBOLD estimate = 1.755


Trial 98: random Stimulus Selection
Stimulus: 0.918
Output value 0.244

Q+ parameters
slope: 0.113 semiSat: 0.560 beta: 0.875 sigma: 0.218 
maxBOLD estimate = 1.536


Trial 99: random Stimulus Selection
Stimulus: 0.629
Output value 1.374

Q+ parameters
slope: 0.379 semiSat: 0.560 beta: 0.938 sigma: 0.218 
maxBOLD estimate = 1.344


Trial 100: baseline Stimulus Selection
Stimulus: 0.010
Output value -0.344

Q+ parameters
slope: 0.298 semiSat: 0.560 beta: 1.500 sigma: 0.218 
maxBOLD estimate = 1.260

--------------------------------------------------------------
FINAL VALUES
--------------------------------------------------------------
Simulated parameters:              slope: 0.200 semiSat: 0.570 beta: 1.000 sigma: 0.150 
Max posterior QUEST+ parameters:   slope: 0.234 semiSat: 0.560 beta: 0.938 sigma: 0.218 
Max BADS parameters:               slope: 0.070 semiSat: 0.558 beta: 1.000 sigma: 0.213 
maxBOLD estimate: 1.683
