/blue/stevenweisberg/stevenweisberg/MATLAB/projects/Weisberg_Aguirre_2020/scripts/run_sims
c2a-s17.ufhpc
Sat Nov 14 00:42:32 EST 2020
mkdir: cannot create directory ‘/blue/stevenweisberg/stevenweisberg/qpfMRIResults/model_parameter_set1/’: File exists
cp: cannot stat ‘/blue/stevenweisberg/stevenweisberg/qpfMRIResults/deploy_sim.sh’: No such file or directory
cp: cannot stat ‘/blue/stevenweisberg/stevenweisberg/qpfMRIResults/sim_wrapper.sh’: No such file or directory
------------------------------------------
Setting up environment variables
---
LD_LIBRARY_PATH is .:/apps/matlab/mcr/2020b/v99/runtime/glnxa64:/apps/matlab/mcr/2020b/v99/bin/glnxa64:/apps/matlab/mcr/2020b/v99/sys/os/glnxa64:/apps/matlab/mcr/2020b/v99/sys/opengl/lib/glnxa64
Warning: Executing startup failed in matlabrc.
This indicates a potentially serious problem in your MATLAB setup, which should be resolved as soon as possible.  Error detected was:
MATLAB:mpath:PathAlterationNotSupported
Modifying the search path is not supported by MATLAB Compiler. Remove functions that modify the search path from your MATLAB code. To make files visible to your deployed application, add the parent folder to your MATLAB session.
Warning: No stimulus domain specified. Defaulting to values between 0.01 and 1.
> In qpfmriParams (line 182)
In compiledSimulate (line 205)
Stimulus domain added from input.
Parameter slope specified as 0.41000
Parameter semiSat specified as 0.57000
Parameter beta specified as 1.00000
Parameter sigma specified as 0.25000
seed = 99seed = 104seed = 111seed = 111seed = 115seed = 101Initializing Q+. This may take a minute...
Elapsed time is 25.031680 seconds.
Simulated parameters:
slope: 0.410 semiSat: 0.570 beta: 1.000 sigma: 0.250 

Trial 1: baseline Stimulus Selection
Stimulus: 0.010
Output value 0.000

Q+ parameters
slope: 0.026 semiSat: 0.890 beta: 0.500 sigma: 0.010 
maxBOLD estimate = 1.000


Trial 2: maxBOLD Stimulus Selection
Stimulus: 1.000
Output value 1.364

Q+ parameters
slope: 0.055 semiSat: 0.670 beta: 1.250 sigma: 0.010 
maxBOLD estimate = 1.000


Trial 3: baseline Stimulus Selection
Stimulus: 0.010
Output value -0.142

Q+ parameters
slope: 0.055 semiSat: 0.670 beta: 1.250 sigma: 0.062 
maxBOLD estimate = 1.250


Trial 4: maxBOLD Stimulus Selection
Stimulus: 1.000
Output value 2.131

Q+ parameters
slope: 0.055 semiSat: 0.670 beta: 1.250 sigma: 0.062 
maxBOLD estimate = 1.562


Trial 5: baseline Stimulus Selection
Stimulus: 0.010
Output value -0.200

Q+ parameters
slope: 0.055 semiSat: 0.670 beta: 1.125 sigma: 0.114 
maxBOLD estimate = 1.953


Trial 6: maxBOLD Stimulus Selection
Stimulus: 1.000
Output value 1.573

Q+ parameters
slope: 0.043 semiSat: 0.780 beta: 1.125 sigma: 0.114 
maxBOLD estimate = 2.197


Trial 7: random Stimulus Selection
Stimulus: 0.711
Output value 2.528

Q+ parameters
slope: 0.113 semiSat: 0.340 beta: 0.938 sigma: 0.114 
maxBOLD estimate = 2.472


Trial 8: random Stimulus Selection
Stimulus: 0.464
Output value 0.593

Q+ parameters
slope: 0.183 semiSat: 0.560 beta: 0.938 sigma: 0.114 
maxBOLD estimate = 2.317


Trial 9: random Stimulus Selection
Stimulus: 0.340
Output value 0.815

Q+ parameters
slope: 0.113 semiSat: 0.450 beta: 1.031 sigma: 0.062 
maxBOLD estimate = 2.173


Trial 10: baseline Stimulus Selection
Stimulus: 0.010
Output value 0.573

Q+ parameters
slope: 0.113 semiSat: 0.450 beta: 0.938 sigma: 0.166 
maxBOLD estimate = 2.240


Trial 11: random Stimulus Selection
Stimulus: 0.959
Output value 3.437

Q+ parameters
slope: 0.089 semiSat: 0.560 beta: 1.500 sigma: 0.166 
maxBOLD estimate = 2.100


Trial 12: random Stimulus Selection
Stimulus: 0.588
Output value 1.504

Q+ parameters
slope: 0.113 semiSat: 0.450 beta: 0.750 sigma: 0.114 
maxBOLD estimate = 3.151


Trial 13: random Stimulus Selection
Stimulus: 0.835
Output value 1.813

Q+ parameters
slope: 0.089 semiSat: 0.450 beta: 0.938 sigma: 0.114 
maxBOLD estimate = 2.363


Trial 14: random Stimulus Selection
Stimulus: 0.629
Output value 1.661

Q+ parameters
slope: 0.113 semiSat: 0.450 beta: 1.031 sigma: 0.166 
maxBOLD estimate = 2.215


Trial 15: maxBOLD Stimulus Selection
Stimulus: 1.000
Output value 2.570

Q+ parameters
slope: 0.113 semiSat: 0.450 beta: 1.031 sigma: 0.166 
maxBOLD estimate = 2.285


Trial 16: random Stimulus Selection
Stimulus: 0.711
Output value 1.807

Q+ parameters
slope: 0.089 semiSat: 0.450 beta: 0.938 sigma: 0.114 
maxBOLD estimate = 2.356


Trial 17: random Stimulus Selection
Stimulus: 0.835
Output value 3.614

Q+ parameters
slope: 0.089 semiSat: 0.560 beta: 1.500 sigma: 0.166 
maxBOLD estimate = 2.209


Trial 18: random Stimulus Selection
Stimulus: 0.010
Output value -0.226

Q+ parameters
slope: 0.089 semiSat: 0.450 beta: 0.750 sigma: 0.114 
maxBOLD estimate = 3.313


Trial 19: random Stimulus Selection
Stimulus: 0.464
Output value 0.424

Q+ parameters
slope: 0.089 semiSat: 0.450 beta: 0.938 sigma: 0.114 
maxBOLD estimate = 2.485


Trial 20: baseline Stimulus Selection
Stimulus: 0.010
Output value 0.655

Q+ parameters
slope: 0.113 semiSat: 0.560 beta: 1.031 sigma: 0.166 
maxBOLD estimate = 2.329


Trial 21: random Stimulus Selection
Stimulus: 0.670
Output value 2.252

Q+ parameters
slope: 0.234 semiSat: 0.560 beta: 0.938 sigma: 0.166 
maxBOLD estimate = 2.402


Trial 22: random Stimulus Selection
Stimulus: 0.175
Output value 2.764

Q+ parameters
slope: 0.055 semiSat: 0.560 beta: 1.500 sigma: 0.218 
maxBOLD estimate = 2.252


Trial 23: random Stimulus Selection
Stimulus: 0.216
Output value -0.230

Q+ parameters
slope: 0.144 semiSat: 0.560 beta: 0.750 sigma: 0.114 
maxBOLD estimate = 3.378


Trial 24: random Stimulus Selection
Stimulus: 0.794
Output value 1.296

Q+ parameters
slope: 0.089 semiSat: 0.450 beta: 0.938 sigma: 0.166 
maxBOLD estimate = 2.534


Trial 25: maxBOLD Stimulus Selection
Stimulus: 1.000
Output value 1.822

Q+ parameters
slope: 0.089 semiSat: 0.450 beta: 0.938 sigma: 0.166 
maxBOLD estimate = 2.375


Trial 26: random Stimulus Selection
Stimulus: 0.175
Output value 2.126

Q+ parameters
slope: 0.089 semiSat: 0.560 beta: 1.500 sigma: 0.218 
maxBOLD estimate = 2.227


Trial 27: random Stimulus Selection
Stimulus: 0.959
Output value 1.366

Q+ parameters
slope: 0.055 semiSat: 0.560 beta: 0.750 sigma: 0.114 
maxBOLD estimate = 3.340


Trial 28: random Stimulus Selection
Stimulus: 0.175
Output value 0.797

Q+ parameters
slope: 0.055 semiSat: 0.340 beta: 0.875 sigma: 0.166 
maxBOLD estimate = 2.505


Trial 29: random Stimulus Selection
Stimulus: 0.918
Output value 2.690

Q+ parameters
slope: 0.089 semiSat: 0.560 beta: 1.500 sigma: 0.218 
maxBOLD estimate = 2.192


Trial 30: baseline Stimulus Selection
Stimulus: 0.010
Output value -0.224

Q+ parameters
slope: 0.055 semiSat: 0.450 beta: 0.750 sigma: 0.114 
maxBOLD estimate = 3.288

--------------------------------------------------------------
FINAL VALUES
--------------------------------------------------------------
Simulated parameters:              slope: 0.410 semiSat: 0.570 beta: 1.000 sigma: 0.250 
Max posterior QUEST+ parameters:   slope: 0.089 semiSat: 0.560 beta: 1.500 sigma: 0.218 
Max BADS parameters:               slope: 0.283 semiSat: 0.501 beta: 1.000 sigma: 0.222 
maxBOLD estimate: 2.249
