/blue/stevenweisberg/stevenweisberg/MATLAB/projects/Weisberg_Aguirre_2020/scripts/run_sims
c21a-s22.ufhpc
Wed Apr  7 05:22:10 EDT 2021
mkdir: cannot create directory ‘/blue/stevenweisberg/stevenweisberg/qpfMRIResults/model_parameter_set2/’: File exists
cp: cannot stat ‘/blue/stevenweisberg/stevenweisberg/qpfMRIResults/deploy_sim.sh’: No such file or directory
cp: cannot stat ‘/blue/stevenweisberg/stevenweisberg/qpfMRIResults/sim_wrapper.sh’: No such file or directory
------------------------------------------
Setting up environment variables
---
LD_LIBRARY_PATH is .:/apps/matlab/mcr/2020b/v99/runtime/glnxa64:/apps/matlab/mcr/2020b/v99/bin/glnxa64:/apps/matlab/mcr/2020b/v99/sys/os/glnxa64:/apps/matlab/mcr/2020b/v99/sys/opengl/lib/glnxa64
Warning: Executing startup failed in matlabrc.
This indicates a potentially serious problem in your MATLAB setup, which should be resolved as soon as possible.  Error detected was:
MATLAB:mpath:PathAlterationNotSupported
Modifying the search path is not supported by MATLAB Compiler. Remove functions that modify the search path from your MATLAB code. To make files visible to your deployed application, add the parent folder to your MATLAB session.
Warning: No stimulus domain specified. Defaulting to values between 0.01 and 1.
> In qpfmriParams (line 182)
In compiledSimulate (line 205)
Stimulus domain added from input.
Parameter slope specified as 0.20000
Parameter semiSat specified as 0.57000
Parameter beta specified as 1.00000
Parameter sigma specified as 0.10000
seed = 99seed = 104seed = 111seed = 111seed = 115seed = 101Initializing Q+. This may take a minute...
Elapsed time is 9.835386 seconds.
Simulated parameters:
slope: 0.200 semiSat: 0.570 beta: 1.000 sigma: 0.100 

Trial 1: baseline Stimulus Selection
Stimulus: 0.010
Output value 0.000

Q+ parameters
slope: 0.026 semiSat: 0.890 beta: 0.500 sigma: 0.010 
maxBOLD estimate = 1.000


Trial 2: maxBOLD Stimulus Selection
Stimulus: 1.000
Output value 1.364

Q+ parameters
slope: 0.055 semiSat: 0.670 beta: 1.250 sigma: 0.010 
maxBOLD estimate = 1.000


Trial 3: baseline Stimulus Selection
Stimulus: 0.010
Output value 0.000

Q+ parameters
slope: 0.055 semiSat: 0.670 beta: 1.250 sigma: 0.010 
maxBOLD estimate = 1.250


Trial 4: maxBOLD Stimulus Selection
Stimulus: 1.000
Output value 1.918

Q+ parameters
slope: 0.055 semiSat: 0.670 beta: 1.125 sigma: 0.062 
maxBOLD estimate = 1.562


Trial 5: baseline Stimulus Selection
Stimulus: 0.010
Output value 0.180

Q+ parameters
slope: 0.055 semiSat: 0.670 beta: 1.125 sigma: 0.114 
maxBOLD estimate = 1.758


Trial 6: maxBOLD Stimulus Selection
Stimulus: 1.000
Output value 1.618

Q+ parameters
slope: 0.043 semiSat: 0.780 beta: 1.125 sigma: 0.062 
maxBOLD estimate = 1.978


Trial 7: qplus Stimulus Selection
Stimulus: 0.629
Output value 1.062

Q+ parameters
slope: 0.089 semiSat: 0.450 beta: 0.750 sigma: 0.062 
maxBOLD estimate = 2.225


Trial 8: qplus Stimulus Selection
Stimulus: 0.381
Output value -0.142

Q+ parameters
slope: 0.234 semiSat: 0.560 beta: 0.938 sigma: 0.062 
maxBOLD estimate = 1.669


Trial 9: qplus Stimulus Selection
Stimulus: 0.505
Output value 0.138

Q+ parameters
slope: 0.379 semiSat: 0.560 beta: 0.969 sigma: 0.062 
maxBOLD estimate = 1.564


Trial 10: baseline Stimulus Selection
Stimulus: 0.010
Output value 0.133

Q+ parameters
slope: 0.379 semiSat: 0.560 beta: 0.969 sigma: 0.062 
maxBOLD estimate = 1.515


Trial 11: qplus Stimulus Selection
Stimulus: 0.588
Output value 0.601

Q+ parameters
slope: 0.089 semiSat: 0.670 beta: 1.500 sigma: 0.114 
maxBOLD estimate = 1.468


Trial 12: qplus Stimulus Selection
Stimulus: 0.629
Output value 0.751

Q+ parameters
slope: 0.183 semiSat: 0.560 beta: 0.750 sigma: 0.062 
maxBOLD estimate = 2.202


Trial 13: qplus Stimulus Selection
Stimulus: 0.670
Output value 1.182

Q+ parameters
slope: 0.234 semiSat: 0.560 beta: 0.875 sigma: 0.062 
maxBOLD estimate = 1.652


Trial 14: qplus Stimulus Selection
Stimulus: 0.629
Output value 0.698

Q+ parameters
slope: 0.183 semiSat: 0.560 beta: 1.062 sigma: 0.114 
maxBOLD estimate = 1.445


Trial 15: maxBOLD Stimulus Selection
Stimulus: 1.000
Output value 1.217

Q+ parameters
slope: 0.144 semiSat: 0.560 beta: 0.969 sigma: 0.114 
maxBOLD estimate = 1.535


Trial 16: qplus Stimulus Selection
Stimulus: 0.505
Output value 0.000

Q+ parameters
slope: 0.234 semiSat: 0.560 beta: 1.031 sigma: 0.114 
maxBOLD estimate = 1.487


Trial 17: qplus Stimulus Selection
Stimulus: 0.588
Output value 1.216

Q+ parameters
slope: 0.234 semiSat: 0.560 beta: 0.969 sigma: 0.114 
maxBOLD estimate = 1.534


Trial 18: qplus Stimulus Selection
Stimulus: 0.505
Output value 0.000

Q+ parameters
slope: 0.234 semiSat: 0.560 beta: 1.031 sigma: 0.114 
maxBOLD estimate = 1.486


Trial 19: qplus Stimulus Selection
Stimulus: 0.546
Output value 0.405

Q+ parameters
slope: 0.234 semiSat: 0.560 beta: 0.969 sigma: 0.114 
maxBOLD estimate = 1.532


Trial 20: baseline Stimulus Selection
Stimulus: 0.010
Output value -0.261

Q+ parameters
slope: 0.234 semiSat: 0.560 beta: 0.969 sigma: 0.114 
maxBOLD estimate = 1.485


Trial 21: qplus Stimulus Selection
Stimulus: 0.505
Output value 0.556

Q+ parameters
slope: 0.298 semiSat: 0.560 beta: 1.062 sigma: 0.114 
maxBOLD estimate = 1.438


Trial 22: qplus Stimulus Selection
Stimulus: 0.505
Output value 0.673

Q+ parameters
slope: 0.234 semiSat: 0.560 beta: 0.969 sigma: 0.114 
maxBOLD estimate = 1.528


Trial 23: qplus Stimulus Selection
Stimulus: 0.505
Output value 0.261

Q+ parameters
slope: 0.234 semiSat: 0.560 beta: 0.969 sigma: 0.114 
maxBOLD estimate = 1.480


Trial 24: qplus Stimulus Selection
Stimulus: 0.588
Output value 0.807

Q+ parameters
slope: 0.234 semiSat: 0.560 beta: 1.031 sigma: 0.114 
maxBOLD estimate = 1.434


Trial 25: maxBOLD Stimulus Selection
Stimulus: 1.000
Output value 1.563

Q+ parameters
slope: 0.234 semiSat: 0.560 beta: 0.969 sigma: 0.114 
maxBOLD estimate = 1.479


Trial 26: qplus Stimulus Selection
Stimulus: 0.505
Output value 0.692

Q+ parameters
slope: 0.183 semiSat: 0.560 beta: 1.062 sigma: 0.114 
maxBOLD estimate = 1.433


Trial 27: qplus Stimulus Selection
Stimulus: 0.505
Output value 0.735

Q+ parameters
slope: 0.183 semiSat: 0.560 beta: 1.062 sigma: 0.114 
maxBOLD estimate = 1.522


Trial 28: qplus Stimulus Selection
Stimulus: 0.629
Output value 1.139

Q+ parameters
slope: 0.144 semiSat: 0.560 beta: 0.969 sigma: 0.114 
maxBOLD estimate = 1.617


Trial 29: qplus Stimulus Selection
Stimulus: 0.670
Output value 1.763

Q+ parameters
slope: 0.234 semiSat: 0.560 beta: 1.031 sigma: 0.114 
maxBOLD estimate = 1.567


Trial 30: baseline Stimulus Selection
Stimulus: 0.010
Output value 0.000

Q+ parameters
slope: 0.183 semiSat: 0.560 beta: 1.062 sigma: 0.114 
maxBOLD estimate = 1.616


Trial 31: qplus Stimulus Selection
Stimulus: 0.505
Output value 0.454

Q+ parameters
slope: 0.144 semiSat: 0.560 beta: 0.969 sigma: 0.114 
maxBOLD estimate = 1.717


Trial 32: qplus Stimulus Selection
Stimulus: 0.670
Output value 1.465

Q+ parameters
slope: 0.144 semiSat: 0.560 beta: 0.969 sigma: 0.114 
maxBOLD estimate = 1.663


Trial 33: qplus Stimulus Selection
Stimulus: 0.670
Output value 1.812

Q+ parameters
slope: 0.234 semiSat: 0.560 beta: 1.031 sigma: 0.114 
maxBOLD estimate = 1.611


Trial 34: qplus Stimulus Selection
Stimulus: 0.505
Output value 0.439

Q+ parameters
slope: 0.144 semiSat: 0.560 beta: 0.969 sigma: 0.114 
maxBOLD estimate = 1.661


Trial 35: maxBOLD Stimulus Selection
Stimulus: 1.000
Output value 1.710

Q+ parameters
slope: 0.183 semiSat: 0.560 beta: 1.062 sigma: 0.114 
maxBOLD estimate = 1.609


Trial 36: qplus Stimulus Selection
Stimulus: 0.505
Output value 0.301

Q+ parameters
slope: 0.234 semiSat: 0.560 beta: 0.969 sigma: 0.114 
maxBOLD estimate = 1.710


Trial 37: qplus Stimulus Selection
Stimulus: 0.711
Output value 1.864

Q+ parameters
slope: 0.183 semiSat: 0.560 beta: 1.031 sigma: 0.114 
maxBOLD estimate = 1.657


Trial 38: qplus Stimulus Selection
Stimulus: 0.505
Output value 0.320

Q+ parameters
slope: 0.183 semiSat: 0.560 beta: 1.031 sigma: 0.114 
maxBOLD estimate = 1.708


Trial 39: qplus Stimulus Selection
Stimulus: 0.670
Output value 1.051

Q+ parameters
slope: 0.183 semiSat: 0.560 beta: 0.938 sigma: 0.114 
maxBOLD estimate = 1.762


Trial 40: baseline Stimulus Selection
Stimulus: 0.010
Output value 0.145

Q+ parameters
slope: 0.298 semiSat: 0.560 beta: 0.969 sigma: 0.114 
maxBOLD estimate = 1.652


Trial 41: qplus Stimulus Selection
Stimulus: 0.546
Output value 0.618

Q+ parameters
slope: 0.183 semiSat: 0.560 beta: 1.062 sigma: 0.114 
maxBOLD estimate = 1.600


Trial 42: qplus Stimulus Selection
Stimulus: 0.505
Output value 0.150

Q+ parameters
slope: 0.298 semiSat: 0.560 beta: 0.969 sigma: 0.114 
maxBOLD estimate = 1.700


Trial 43: qplus Stimulus Selection
Stimulus: 0.711
Output value 1.160

Q+ parameters
slope: 0.234 semiSat: 0.560 beta: 0.969 sigma: 0.114 
maxBOLD estimate = 1.647


Trial 44: qplus Stimulus Selection
Stimulus: 0.546
Output value 0.748

Q+ parameters
slope: 0.234 semiSat: 0.560 beta: 1.031 sigma: 0.114 
maxBOLD estimate = 1.595


Trial 45: maxBOLD Stimulus Selection
Stimulus: 1.000
Output value 1.449

Q+ parameters
slope: 0.234 semiSat: 0.560 beta: 0.969 sigma: 0.114 
maxBOLD estimate = 1.645


Trial 46: qplus Stimulus Selection
Stimulus: 0.546
Output value 0.897

Q+ parameters
slope: 0.234 semiSat: 0.560 beta: 1.031 sigma: 0.114 
maxBOLD estimate = 1.594


Trial 47: qplus Stimulus Selection
Stimulus: 0.505
Output value 0.290

Q+ parameters
slope: 0.234 semiSat: 0.560 beta: 0.969 sigma: 0.114 
maxBOLD estimate = 1.644


Trial 48: qplus Stimulus Selection
Stimulus: 0.546
Output value 0.280

Q+ parameters
slope: 0.298 semiSat: 0.560 beta: 0.969 sigma: 0.114 
maxBOLD estimate = 1.592


Trial 49: qplus Stimulus Selection
Stimulus: 0.546
Output value 0.596

Q+ parameters
slope: 0.183 semiSat: 0.560 beta: 1.062 sigma: 0.114 
maxBOLD estimate = 1.543


Trial 50: baseline Stimulus Selection
Stimulus: 0.010
Output value -0.317

Q+ parameters
slope: 0.183 semiSat: 0.560 beta: 1.062 sigma: 0.114 
maxBOLD estimate = 1.639


Trial 51: qplus Stimulus Selection
Stimulus: 0.505
Output value 0.460

Q+ parameters
slope: 0.234 semiSat: 0.560 beta: 0.969 sigma: 0.114 
maxBOLD estimate = 1.741


Trial 52: qplus Stimulus Selection
Stimulus: 0.629
Output value 1.380

Q+ parameters
slope: 0.183 semiSat: 0.560 beta: 1.000 sigma: 0.114 
maxBOLD estimate = 1.687


Trial 53: qplus Stimulus Selection
Stimulus: 0.505
Output value 0.613

Q+ parameters
slope: 0.183 semiSat: 0.560 beta: 1.000 sigma: 0.114 
maxBOLD estimate = 1.687


Trial 54: qplus Stimulus Selection
Stimulus: 0.505
Output value 0.307

Q+ parameters
slope: 0.183 semiSat: 0.560 beta: 1.000 sigma: 0.114 
maxBOLD estimate = 1.687


Trial 55: maxBOLD Stimulus Selection
Stimulus: 1.000
Output value 1.840

Q+ parameters
slope: 0.183 semiSat: 0.560 beta: 1.000 sigma: 0.114 
maxBOLD estimate = 1.687


Trial 56: qplus Stimulus Selection
Stimulus: 0.505
Output value 0.613

Q+ parameters
slope: 0.183 semiSat: 0.560 beta: 1.000 sigma: 0.114 
maxBOLD estimate = 1.687


Trial 57: qplus Stimulus Selection
Stimulus: 0.629
Output value 1.687

Q+ parameters
slope: 0.183 semiSat: 0.560 beta: 1.000 sigma: 0.114 
maxBOLD estimate = 1.687


Trial 58: qplus Stimulus Selection
Stimulus: 0.711
Output value 1.898

Q+ parameters
slope: 0.183 semiSat: 0.560 beta: 1.031 sigma: 0.114 
maxBOLD estimate = 1.687


Trial 59: qplus Stimulus Selection
Stimulus: 0.711
Output value 1.685

Q+ parameters
slope: 0.298 semiSat: 0.560 beta: 0.969 sigma: 0.114 
maxBOLD estimate = 1.740


Trial 60: baseline Stimulus Selection
Stimulus: 0.010
Output value 0.000

Q+ parameters
slope: 0.183 semiSat: 0.560 beta: 1.031 sigma: 0.114 
maxBOLD estimate = 1.685


Trial 61: qplus Stimulus Selection
Stimulus: 0.505
Output value 0.000

Q+ parameters
slope: 0.298 semiSat: 0.560 beta: 0.969 sigma: 0.114 
maxBOLD estimate = 1.738


Trial 62: qplus Stimulus Selection
Stimulus: 0.711
Output value 1.483

Q+ parameters
slope: 0.298 semiSat: 0.560 beta: 0.969 sigma: 0.114 
maxBOLD estimate = 1.684


Trial 63: qplus Stimulus Selection
Stimulus: 0.546
Output value 0.473

Q+ parameters
slope: 0.183 semiSat: 0.560 beta: 1.062 sigma: 0.114 
maxBOLD estimate = 1.631


Trial 64: qplus Stimulus Selection
Stimulus: 0.505
Output value 0.153

Q+ parameters
slope: 0.298 semiSat: 0.560 beta: 0.969 sigma: 0.114 
maxBOLD estimate = 1.733


Trial 65: maxBOLD Stimulus Selection
Stimulus: 1.000
Output value 1.479

Q+ parameters
slope: 0.298 semiSat: 0.560 beta: 0.969 sigma: 0.114 
maxBOLD estimate = 1.679


Trial 66: qplus Stimulus Selection
Stimulus: 0.546
Output value 0.785

Q+ parameters
slope: 0.183 semiSat: 0.560 beta: 1.062 sigma: 0.114 
maxBOLD estimate = 1.626


Trial 67: qplus Stimulus Selection
Stimulus: 0.464
Output value -0.152

Q+ parameters
slope: 0.298 semiSat: 0.560 beta: 0.969 sigma: 0.114 
maxBOLD estimate = 1.728


Trial 68: qplus Stimulus Selection
Stimulus: 0.711
Output value 1.474

Q+ parameters
slope: 0.298 semiSat: 0.560 beta: 0.969 sigma: 0.114 
maxBOLD estimate = 1.674


Trial 69: qplus Stimulus Selection
Stimulus: 0.546
Output value 0.571

Q+ parameters
slope: 0.298 semiSat: 0.560 beta: 0.969 sigma: 0.114 
maxBOLD estimate = 1.622


Trial 70: baseline Stimulus Selection
Stimulus: 0.010
Output value 0.277

Q+ parameters
slope: 0.298 semiSat: 0.560 beta: 0.969 sigma: 0.114 
maxBOLD estimate = 1.571


Trial 71: qplus Stimulus Selection
Stimulus: 0.546
Output value 1.090

Q+ parameters
slope: 0.234 semiSat: 0.560 beta: 1.125 sigma: 0.114 
maxBOLD estimate = 1.522


Trial 72: qplus Stimulus Selection
Stimulus: 0.505
Output value 0.754

Q+ parameters
slope: 0.298 semiSat: 0.560 beta: 0.969 sigma: 0.114 
maxBOLD estimate = 1.712


Trial 73: qplus Stimulus Selection
Stimulus: 0.711
Output value 1.753

Q+ parameters
slope: 0.298 semiSat: 0.560 beta: 0.969 sigma: 0.114 
maxBOLD estimate = 1.659


Trial 74: qplus Stimulus Selection
Stimulus: 0.711
Output value 1.698

Q+ parameters
slope: 0.298 semiSat: 0.560 beta: 0.969 sigma: 0.114 
maxBOLD estimate = 1.607


Trial 75: maxBOLD Stimulus Selection
Stimulus: 1.000
Output value 1.751

Q+ parameters
slope: 0.234 semiSat: 0.560 beta: 1.125 sigma: 0.114 
maxBOLD estimate = 1.557


Trial 76: qplus Stimulus Selection
Stimulus: 0.505
Output value 0.000

Q+ parameters
slope: 0.298 semiSat: 0.560 beta: 0.969 sigma: 0.114 
maxBOLD estimate = 1.751


Trial 77: qplus Stimulus Selection
Stimulus: 0.711
Output value 1.494

Q+ parameters
slope: 0.298 semiSat: 0.560 beta: 0.969 sigma: 0.114 
maxBOLD estimate = 1.697


Trial 78: qplus Stimulus Selection
Stimulus: 0.711
Output value 1.447

Q+ parameters
slope: 0.298 semiSat: 0.560 beta: 0.969 sigma: 0.114 
maxBOLD estimate = 1.644


Trial 79: qplus Stimulus Selection
Stimulus: 0.546
Output value 0.561

Q+ parameters
slope: 0.298 semiSat: 0.560 beta: 0.969 sigma: 0.114 
maxBOLD estimate = 1.592


Trial 80: baseline Stimulus Selection
Stimulus: 0.010
Output value 0.136

Q+ parameters
slope: 0.298 semiSat: 0.560 beta: 0.969 sigma: 0.114 
maxBOLD estimate = 1.542


Trial 81: qplus Stimulus Selection
Stimulus: 0.588
Output value 0.764

Q+ parameters
slope: 0.234 semiSat: 0.560 beta: 1.125 sigma: 0.114 
maxBOLD estimate = 1.494


Trial 82: qplus Stimulus Selection
Stimulus: 0.464
Output value -0.148

Q+ parameters
slope: 0.298 semiSat: 0.560 beta: 0.969 sigma: 0.114 
maxBOLD estimate = 1.681


Trial 83: qplus Stimulus Selection
Stimulus: 0.711
Output value 1.434

Q+ parameters
slope: 0.298 semiSat: 0.560 beta: 0.969 sigma: 0.114 
maxBOLD estimate = 1.628


Trial 84: qplus Stimulus Selection
Stimulus: 0.546
Output value 0.556

Q+ parameters
slope: 0.298 semiSat: 0.560 beta: 0.969 sigma: 0.114 
maxBOLD estimate = 1.578


Trial 85: maxBOLD Stimulus Selection
Stimulus: 1.000
Output value 1.719

Q+ parameters
slope: 0.234 semiSat: 0.560 beta: 1.125 sigma: 0.114 
maxBOLD estimate = 1.528


Trial 86: qplus Stimulus Selection
Stimulus: 0.464
Output value 0.293

Q+ parameters
slope: 0.234 semiSat: 0.560 beta: 0.938 sigma: 0.114 
maxBOLD estimate = 1.719


Trial 87: qplus Stimulus Selection
Stimulus: 0.794
Output value 1.278

Q+ parameters
slope: 0.298 semiSat: 0.560 beta: 0.969 sigma: 0.114 
maxBOLD estimate = 1.612


Trial 88: qplus Stimulus Selection
Stimulus: 0.546
Output value 0.550

Q+ parameters
slope: 0.298 semiSat: 0.560 beta: 0.969 sigma: 0.114 
maxBOLD estimate = 1.561


Trial 89: qplus Stimulus Selection
Stimulus: 0.546
Output value 0.309

Q+ parameters
slope: 0.234 semiSat: 0.560 beta: 1.125 sigma: 0.114 
maxBOLD estimate = 1.513


Trial 90: baseline Stimulus Selection
Stimulus: 0.010
Output value -0.300

Q+ parameters
slope: 0.298 semiSat: 0.560 beta: 0.969 sigma: 0.114 
maxBOLD estimate = 1.702


Trial 91: qplus Stimulus Selection
Stimulus: 0.711
Output value 1.742

Q+ parameters
slope: 0.298 semiSat: 0.560 beta: 0.969 sigma: 0.114 
maxBOLD estimate = 1.649


Trial 92: qplus Stimulus Selection
Stimulus: 0.711
Output value 1.688

Q+ parameters
slope: 0.298 semiSat: 0.560 beta: 0.969 sigma: 0.114 
maxBOLD estimate = 1.597


Trial 93: qplus Stimulus Selection
Stimulus: 0.546
Output value 0.791

Q+ parameters
slope: 0.234 semiSat: 0.560 beta: 1.125 sigma: 0.114 
maxBOLD estimate = 1.547


Trial 94: qplus Stimulus Selection
Stimulus: 0.588
Output value 0.920

Q+ parameters
slope: 0.298 semiSat: 0.560 beta: 0.969 sigma: 0.114 
maxBOLD estimate = 1.741


Trial 95: maxBOLD Stimulus Selection
Stimulus: 1.000
Output value 1.782

Q+ parameters
slope: 0.298 semiSat: 0.560 beta: 0.969 sigma: 0.114 
maxBOLD estimate = 1.686


Trial 96: qplus Stimulus Selection
Stimulus: 0.711
Output value 1.726

Q+ parameters
slope: 0.298 semiSat: 0.560 beta: 0.969 sigma: 0.114 
maxBOLD estimate = 1.633


Trial 97: qplus Stimulus Selection
Stimulus: 0.546
Output value 0.418

Q+ parameters
slope: 0.298 semiSat: 0.560 beta: 0.969 sigma: 0.114 
maxBOLD estimate = 1.582


Trial 98: qplus Stimulus Selection
Stimulus: 0.546
Output value 0.627

Q+ parameters
slope: 0.234 semiSat: 0.560 beta: 1.125 sigma: 0.114 
maxBOLD estimate = 1.533


Trial 99: qplus Stimulus Selection
Stimulus: 0.464
Output value 0.000

Q+ parameters
slope: 0.298 semiSat: 0.560 beta: 0.969 sigma: 0.114 
maxBOLD estimate = 1.725


Trial 100: baseline Stimulus Selection
Stimulus: 0.010
Output value 0.147

Q+ parameters
slope: 0.298 semiSat: 0.560 beta: 0.969 sigma: 0.114 
maxBOLD estimate = 1.671

--------------------------------------------------------------
FINAL VALUES
--------------------------------------------------------------
Simulated parameters:              slope: 0.200 semiSat: 0.570 beta: 1.000 sigma: 0.100 
Max posterior QUEST+ parameters:   slope: 0.298 semiSat: 0.560 beta: 0.969 sigma: 0.114 
Max BADS parameters:               slope: 0.268 semiSat: 0.565 beta: 1.000 sigma: 0.093 
maxBOLD estimate: 1.692
