/blue/stevenweisberg/stevenweisberg/MATLAB/projects/Weisberg_Aguirre_2020/scripts/run_sims
c0700a-s1.ufhpc
Tue Apr  6 21:09:53 EDT 2021
mkdir: cannot create directory ‘/blue/stevenweisberg/stevenweisberg/qpfMRIResults/model_parameter_set2/’: File exists
cp: cannot stat ‘/blue/stevenweisberg/stevenweisberg/qpfMRIResults/deploy_sim.sh’: No such file or directory
cp: cannot stat ‘/blue/stevenweisberg/stevenweisberg/qpfMRIResults/sim_wrapper.sh’: No such file or directory
------------------------------------------
Setting up environment variables
---
LD_LIBRARY_PATH is .:/apps/matlab/mcr/2020b/v99/runtime/glnxa64:/apps/matlab/mcr/2020b/v99/bin/glnxa64:/apps/matlab/mcr/2020b/v99/sys/os/glnxa64:/apps/matlab/mcr/2020b/v99/sys/opengl/lib/glnxa64
Warning: Executing startup failed in matlabrc.
This indicates a potentially serious problem in your MATLAB setup, which should be resolved as soon as possible.  Error detected was:
MATLAB:mpath:PathAlterationNotSupported
Modifying the search path is not supported by MATLAB Compiler. Remove functions that modify the search path from your MATLAB code. To make files visible to your deployed application, add the parent folder to your MATLAB session.
Warning: No stimulus domain specified. Defaulting to values between 0.01 and 1.
> In qpfmriParams (line 182)
In compiledSimulate (line 205)
Stimulus domain added from input.
Parameter slope specified as 0.20000
Parameter semiSat specified as 0.57000
Parameter beta specified as 1.00000
Parameter sigma specified as 0.10000
seed = 99seed = 104seed = 111seed = 111seed = 115seed = 101Initializing Q+. This may take a minute...
Elapsed time is 7.559948 seconds.
Simulated parameters:
slope: 0.200 semiSat: 0.570 beta: 1.000 sigma: 0.100 

Trial 1: baseline Stimulus Selection
Stimulus: 0.010
Output value 0.000

Q+ parameters
slope: 0.026 semiSat: 0.890 beta: 0.500 sigma: 0.010 
maxBOLD estimate = 1.000


Trial 2: maxBOLD Stimulus Selection
Stimulus: 1.000
Output value 1.125

Q+ parameters
slope: 0.055 semiSat: 0.670 beta: 1.125 sigma: 0.010 
maxBOLD estimate = 1.000


Trial 3: baseline Stimulus Selection
Stimulus: 0.010
Output value 0.000

Q+ parameters
slope: 0.055 semiSat: 0.670 beta: 1.250 sigma: 0.010 
maxBOLD estimate = 1.125


Trial 4: maxBOLD Stimulus Selection
Stimulus: 1.000
Output value 1.726

Q+ parameters
slope: 0.055 semiSat: 0.670 beta: 1.125 sigma: 0.114 
maxBOLD estimate = 1.406


Trial 5: baseline Stimulus Selection
Stimulus: 0.010
Output value 0.180

Q+ parameters
slope: 0.043 semiSat: 0.780 beta: 1.250 sigma: 0.114 
maxBOLD estimate = 1.582


Trial 6: maxBOLD Stimulus Selection
Stimulus: 1.000
Output value 1.798

Q+ parameters
slope: 0.034 semiSat: 1.000 beta: 1.250 sigma: 0.062 
maxBOLD estimate = 1.978


Trial 7: qplus Stimulus Selection
Stimulus: 0.711
Output value 0.674

Q+ parameters
slope: 0.785 semiSat: 0.120 beta: 0.500 sigma: 0.062 
maxBOLD estimate = 2.472


Trial 8: qplus Stimulus Selection
Stimulus: 0.423
Output value 0.281

Q+ parameters
slope: 0.113 semiSat: 0.560 beta: 1.250 sigma: 0.062 
maxBOLD estimate = 1.236


Trial 9: qplus Stimulus Selection
Stimulus: 0.505
Output value 0.369

Q+ parameters
slope: 0.144 semiSat: 0.560 beta: 0.875 sigma: 0.062 
maxBOLD estimate = 1.545


Trial 10: baseline Stimulus Selection
Stimulus: 0.010
Output value 0.184

Q+ parameters
slope: 0.113 semiSat: 0.670 beta: 1.500 sigma: 0.114 
maxBOLD estimate = 1.352


Trial 11: qplus Stimulus Selection
Stimulus: 0.629
Output value 0.968

Q+ parameters
slope: 0.183 semiSat: 0.560 beta: 0.750 sigma: 0.062 
maxBOLD estimate = 2.028


Trial 12: qplus Stimulus Selection
Stimulus: 0.629
Output value 1.296

Q+ parameters
slope: 0.379 semiSat: 0.560 beta: 0.938 sigma: 0.062 
maxBOLD estimate = 1.521


Trial 13: qplus Stimulus Selection
Stimulus: 0.588
Output value 1.130

Q+ parameters
slope: 0.379 semiSat: 0.560 beta: 0.969 sigma: 0.062 
maxBOLD estimate = 1.426


Trial 14: qplus Stimulus Selection
Stimulus: 0.505
Output value 0.565

Q+ parameters
slope: 0.183 semiSat: 0.560 beta: 1.125 sigma: 0.114 
maxBOLD estimate = 1.381


Trial 15: maxBOLD Stimulus Selection
Stimulus: 1.000
Output value 1.695

Q+ parameters
slope: 0.183 semiSat: 0.560 beta: 1.000 sigma: 0.114 
maxBOLD estimate = 1.554


Trial 16: qplus Stimulus Selection
Stimulus: 0.505
Output value 0.137

Q+ parameters
slope: 0.234 semiSat: 0.560 beta: 0.969 sigma: 0.114 
maxBOLD estimate = 1.554


Trial 17: qplus Stimulus Selection
Stimulus: 0.505
Output value 0.411

Q+ parameters
slope: 0.183 semiSat: 0.560 beta: 1.000 sigma: 0.114 
maxBOLD estimate = 1.505


Trial 18: qplus Stimulus Selection
Stimulus: 0.505
Output value 0.684

Q+ parameters
slope: 0.183 semiSat: 0.560 beta: 1.000 sigma: 0.114 
maxBOLD estimate = 1.505


Trial 19: qplus Stimulus Selection
Stimulus: 0.629
Output value 1.232

Q+ parameters
slope: 0.183 semiSat: 0.560 beta: 1.000 sigma: 0.114 
maxBOLD estimate = 1.505


Trial 20: baseline Stimulus Selection
Stimulus: 0.010
Output value -0.137

Q+ parameters
slope: 0.183 semiSat: 0.560 beta: 1.000 sigma: 0.062 
maxBOLD estimate = 1.505


Trial 21: qplus Stimulus Selection
Stimulus: 0.629
Output value 0.821

Q+ parameters
slope: 0.144 semiSat: 0.560 beta: 1.000 sigma: 0.062 
maxBOLD estimate = 1.505


Trial 22: qplus Stimulus Selection
Stimulus: 0.423
Output value -0.291

Q+ parameters
slope: 0.183 semiSat: 0.560 beta: 1.062 sigma: 0.114 
maxBOLD estimate = 1.505


Trial 23: qplus Stimulus Selection
Stimulus: 0.629
Output value 1.018

Q+ parameters
slope: 0.144 semiSat: 0.560 beta: 1.000 sigma: 0.114 
maxBOLD estimate = 1.599


Trial 24: qplus Stimulus Selection
Stimulus: 0.670
Output value 1.745

Q+ parameters
slope: 0.144 semiSat: 0.560 beta: 1.000 sigma: 0.114 
maxBOLD estimate = 1.599


Trial 25: maxBOLD Stimulus Selection
Stimulus: 1.000
Output value 1.745

Q+ parameters
slope: 0.144 semiSat: 0.560 beta: 1.000 sigma: 0.114 
maxBOLD estimate = 1.599


Trial 26: qplus Stimulus Selection
Stimulus: 0.505
Output value 0.291

Q+ parameters
slope: 0.144 semiSat: 0.560 beta: 1.000 sigma: 0.114 
maxBOLD estimate = 1.599


Trial 27: qplus Stimulus Selection
Stimulus: 0.505
Output value 0.300

Q+ parameters
slope: 0.234 semiSat: 0.560 beta: 1.031 sigma: 0.114 
maxBOLD estimate = 1.599


Trial 28: qplus Stimulus Selection
Stimulus: 0.670
Output value 1.499

Q+ parameters
slope: 0.144 semiSat: 0.560 beta: 1.000 sigma: 0.114 
maxBOLD estimate = 1.649


Trial 29: qplus Stimulus Selection
Stimulus: 0.670
Output value 0.900

Q+ parameters
slope: 0.144 semiSat: 0.560 beta: 1.000 sigma: 0.114 
maxBOLD estimate = 1.649


Trial 30: baseline Stimulus Selection
Stimulus: 0.010
Output value -0.319

Q+ parameters
slope: 0.183 semiSat: 0.560 beta: 1.062 sigma: 0.114 
maxBOLD estimate = 1.649


Trial 31: qplus Stimulus Selection
Stimulus: 0.505
Output value 0.159

Q+ parameters
slope: 0.144 semiSat: 0.560 beta: 1.000 sigma: 0.114 
maxBOLD estimate = 1.752


Trial 32: qplus Stimulus Selection
Stimulus: 0.794
Output value 0.836

Q+ parameters
slope: 0.144 semiSat: 0.560 beta: 0.875 sigma: 0.114 
maxBOLD estimate = 1.752


Trial 33: qplus Stimulus Selection
Stimulus: 0.670
Output value 1.333

Q+ parameters
slope: 0.183 semiSat: 0.560 beta: 1.062 sigma: 0.114 
maxBOLD estimate = 1.533


Trial 34: qplus Stimulus Selection
Stimulus: 0.505
Output value 0.143

Q+ parameters
slope: 0.144 semiSat: 0.560 beta: 0.969 sigma: 0.114 
maxBOLD estimate = 1.629


Trial 35: maxBOLD Stimulus Selection
Stimulus: 1.000
Output value 1.251

Q+ parameters
slope: 0.144 semiSat: 0.560 beta: 0.969 sigma: 0.114 
maxBOLD estimate = 1.578


Trial 36: qplus Stimulus Selection
Stimulus: 0.588
Output value 0.673

Q+ parameters
slope: 0.144 semiSat: 0.560 beta: 0.969 sigma: 0.114 
maxBOLD estimate = 1.529


Trial 37: qplus Stimulus Selection
Stimulus: 0.629
Output value 1.288

Q+ parameters
slope: 0.183 semiSat: 0.560 beta: 1.062 sigma: 0.114 
maxBOLD estimate = 1.481


Trial 38: qplus Stimulus Selection
Stimulus: 0.505
Output value 0.416

Q+ parameters
slope: 0.144 semiSat: 0.560 beta: 0.969 sigma: 0.114 
maxBOLD estimate = 1.574


Trial 39: qplus Stimulus Selection
Stimulus: 0.588
Output value 1.525

Q+ parameters
slope: 0.183 semiSat: 0.560 beta: 1.000 sigma: 0.114 
maxBOLD estimate = 1.525


Trial 40: baseline Stimulus Selection
Stimulus: 0.010
Output value 0.139

Q+ parameters
slope: 0.183 semiSat: 0.560 beta: 1.000 sigma: 0.114 
maxBOLD estimate = 1.525


Trial 41: qplus Stimulus Selection
Stimulus: 0.629
Output value 1.109

Q+ parameters
slope: 0.183 semiSat: 0.560 beta: 1.000 sigma: 0.114 
maxBOLD estimate = 1.525


Trial 42: qplus Stimulus Selection
Stimulus: 0.629
Output value 1.247

Q+ parameters
slope: 0.183 semiSat: 0.560 beta: 1.000 sigma: 0.114 
maxBOLD estimate = 1.525


Trial 43: qplus Stimulus Selection
Stimulus: 0.629
Output value 1.109

Q+ parameters
slope: 0.183 semiSat: 0.560 beta: 1.000 sigma: 0.114 
maxBOLD estimate = 1.525


Trial 44: qplus Stimulus Selection
Stimulus: 0.505
Output value 0.416

Q+ parameters
slope: 0.183 semiSat: 0.560 beta: 1.000 sigma: 0.114 
maxBOLD estimate = 1.525


Trial 45: maxBOLD Stimulus Selection
Stimulus: 1.000
Output value 1.247

Q+ parameters
slope: 0.183 semiSat: 0.560 beta: 1.000 sigma: 0.114 
maxBOLD estimate = 1.525


Trial 46: qplus Stimulus Selection
Stimulus: 0.629
Output value 0.832

Q+ parameters
slope: 0.144 semiSat: 0.560 beta: 1.000 sigma: 0.114 
maxBOLD estimate = 1.525


Trial 47: qplus Stimulus Selection
Stimulus: 0.629
Output value 1.109

Q+ parameters
slope: 0.144 semiSat: 0.560 beta: 1.000 sigma: 0.114 
maxBOLD estimate = 1.525


Trial 48: qplus Stimulus Selection
Stimulus: 0.629
Output value 1.247

Q+ parameters
slope: 0.144 semiSat: 0.560 beta: 1.000 sigma: 0.114 
maxBOLD estimate = 1.525


Trial 49: qplus Stimulus Selection
Stimulus: 0.381
Output value -0.134

Q+ parameters
slope: 0.183 semiSat: 0.560 beta: 0.969 sigma: 0.114 
maxBOLD estimate = 1.525


Trial 50: baseline Stimulus Selection
Stimulus: 0.010
Output value -0.138

Q+ parameters
slope: 0.183 semiSat: 0.560 beta: 1.031 sigma: 0.114 
maxBOLD estimate = 1.477


Trial 51: qplus Stimulus Selection
Stimulus: 0.711
Output value 0.537

Q+ parameters
slope: 0.183 semiSat: 0.560 beta: 0.969 sigma: 0.114 
maxBOLD estimate = 1.523


Trial 52: qplus Stimulus Selection
Stimulus: 0.505
Output value 0.402

Q+ parameters
slope: 0.183 semiSat: 0.560 beta: 1.000 sigma: 0.114 
maxBOLD estimate = 1.476


Trial 53: qplus Stimulus Selection
Stimulus: 0.505
Output value 0.402

Q+ parameters
slope: 0.183 semiSat: 0.560 beta: 1.000 sigma: 0.114 
maxBOLD estimate = 1.476


Trial 54: qplus Stimulus Selection
Stimulus: 0.505
Output value 0.537

Q+ parameters
slope: 0.183 semiSat: 0.560 beta: 1.000 sigma: 0.114 
maxBOLD estimate = 1.476


Trial 55: maxBOLD Stimulus Selection
Stimulus: 1.000
Output value 1.610

Q+ parameters
slope: 0.183 semiSat: 0.560 beta: 1.000 sigma: 0.114 
maxBOLD estimate = 1.476


Trial 56: qplus Stimulus Selection
Stimulus: 0.505
Output value 0.402

Q+ parameters
slope: 0.183 semiSat: 0.560 beta: 1.000 sigma: 0.114 
maxBOLD estimate = 1.476


Trial 57: qplus Stimulus Selection
Stimulus: 0.505
Output value 0.537

Q+ parameters
slope: 0.183 semiSat: 0.560 beta: 1.000 sigma: 0.114 
maxBOLD estimate = 1.476


Trial 58: qplus Stimulus Selection
Stimulus: 0.505
Output value 0.855

Q+ parameters
slope: 0.144 semiSat: 0.560 beta: 1.062 sigma: 0.114 
maxBOLD estimate = 1.476


Trial 59: qplus Stimulus Selection
Stimulus: 0.505
Output value 0.276

Q+ parameters
slope: 0.183 semiSat: 0.560 beta: 0.969 sigma: 0.114 
maxBOLD estimate = 1.568


Trial 60: baseline Stimulus Selection
Stimulus: 0.010
Output value -0.293

Q+ parameters
slope: 0.144 semiSat: 0.560 beta: 1.062 sigma: 0.114 
maxBOLD estimate = 1.519


Trial 61: qplus Stimulus Selection
Stimulus: 0.505
Output value 0.568

Q+ parameters
slope: 0.183 semiSat: 0.560 beta: 0.969 sigma: 0.114 
maxBOLD estimate = 1.614


Trial 62: qplus Stimulus Selection
Stimulus: 0.381
Output value 0.000

Q+ parameters
slope: 0.183 semiSat: 0.560 beta: 0.969 sigma: 0.114 
maxBOLD estimate = 1.563


Trial 63: qplus Stimulus Selection
Stimulus: 0.505
Output value 0.585

Q+ parameters
slope: 0.144 semiSat: 0.560 beta: 1.062 sigma: 0.114 
maxBOLD estimate = 1.514


Trial 64: qplus Stimulus Selection
Stimulus: 0.505
Output value 0.425

Q+ parameters
slope: 0.183 semiSat: 0.560 beta: 0.969 sigma: 0.114 
maxBOLD estimate = 1.609


Trial 65: maxBOLD Stimulus Selection
Stimulus: 1.000
Output value 1.510

Q+ parameters
slope: 0.183 semiSat: 0.560 beta: 0.969 sigma: 0.114 
maxBOLD estimate = 1.559


Trial 66: qplus Stimulus Selection
Stimulus: 0.381
Output value 0.438

Q+ parameters
slope: 0.144 semiSat: 0.560 beta: 1.062 sigma: 0.114 
maxBOLD estimate = 1.510


Trial 67: qplus Stimulus Selection
Stimulus: 0.505
Output value 0.875

Q+ parameters
slope: 0.144 semiSat: 0.560 beta: 1.000 sigma: 0.114 
maxBOLD estimate = 1.604


Trial 68: qplus Stimulus Selection
Stimulus: 0.381
Output value 0.583

Q+ parameters
slope: 0.144 semiSat: 0.560 beta: 1.000 sigma: 0.114 
maxBOLD estimate = 1.604


Trial 69: qplus Stimulus Selection
Stimulus: 0.423
Output value 0.930

Q+ parameters
slope: 0.089 semiSat: 0.560 beta: 1.062 sigma: 0.114 
maxBOLD estimate = 1.604


Trial 70: baseline Stimulus Selection
Stimulus: 0.010
Output value 0.542

Q+ parameters
slope: 0.113 semiSat: 0.560 beta: 0.875 sigma: 0.114 
maxBOLD estimate = 1.705


Trial 71: qplus Stimulus Selection
Stimulus: 0.670
Output value 1.627

Q+ parameters
slope: 0.183 semiSat: 0.560 beta: 1.000 sigma: 0.114 
maxBOLD estimate = 1.492


Trial 72: qplus Stimulus Selection
Stimulus: 0.629
Output value 1.356

Q+ parameters
slope: 0.183 semiSat: 0.560 beta: 1.000 sigma: 0.114 
maxBOLD estimate = 1.492


Trial 73: qplus Stimulus Selection
Stimulus: 0.629
Output value 1.220

Q+ parameters
slope: 0.183 semiSat: 0.560 beta: 1.000 sigma: 0.114 
maxBOLD estimate = 1.492


Trial 74: qplus Stimulus Selection
Stimulus: 0.381
Output value 0.136

Q+ parameters
slope: 0.183 semiSat: 0.560 beta: 1.000 sigma: 0.114 
maxBOLD estimate = 1.492


Trial 75: maxBOLD Stimulus Selection
Stimulus: 1.000
Output value 1.627

Q+ parameters
slope: 0.183 semiSat: 0.560 beta: 1.000 sigma: 0.114 
maxBOLD estimate = 1.492


Trial 76: qplus Stimulus Selection
Stimulus: 0.505
Output value 0.542

Q+ parameters
slope: 0.183 semiSat: 0.560 beta: 1.000 sigma: 0.114 
maxBOLD estimate = 1.492


Trial 77: qplus Stimulus Selection
Stimulus: 0.505
Output value 0.271

Q+ parameters
slope: 0.183 semiSat: 0.560 beta: 1.000 sigma: 0.114 
maxBOLD estimate = 1.492


Trial 78: qplus Stimulus Selection
Stimulus: 0.629
Output value 1.356

Q+ parameters
slope: 0.183 semiSat: 0.560 beta: 1.000 sigma: 0.114 
maxBOLD estimate = 1.492


Trial 79: qplus Stimulus Selection
Stimulus: 0.381
Output value 0.000

Q+ parameters
slope: 0.183 semiSat: 0.560 beta: 1.000 sigma: 0.114 
maxBOLD estimate = 1.492


Trial 80: baseline Stimulus Selection
Stimulus: 0.010
Output value 0.000

Q+ parameters
slope: 0.183 semiSat: 0.560 beta: 1.000 sigma: 0.114 
maxBOLD estimate = 1.492


Trial 81: qplus Stimulus Selection
Stimulus: 0.381
Output value -0.271

Q+ parameters
slope: 0.183 semiSat: 0.560 beta: 1.000 sigma: 0.114 
maxBOLD estimate = 1.492


Trial 82: qplus Stimulus Selection
Stimulus: 0.505
Output value -0.136

Q+ parameters
slope: 0.183 semiSat: 0.560 beta: 1.000 sigma: 0.114 
maxBOLD estimate = 1.492


Trial 83: qplus Stimulus Selection
Stimulus: 0.711
Output value 1.585

Q+ parameters
slope: 0.183 semiSat: 0.560 beta: 1.062 sigma: 0.114 
maxBOLD estimate = 1.492


Trial 84: qplus Stimulus Selection
Stimulus: 0.711
Output value 1.585

Q+ parameters
slope: 0.144 semiSat: 0.560 beta: 1.000 sigma: 0.114 
maxBOLD estimate = 1.585


Trial 85: maxBOLD Stimulus Selection
Stimulus: 1.000
Output value 1.441

Q+ parameters
slope: 0.144 semiSat: 0.560 beta: 1.000 sigma: 0.114 
maxBOLD estimate = 1.585


Trial 86: qplus Stimulus Selection
Stimulus: 0.381
Output value -0.140

Q+ parameters
slope: 0.183 semiSat: 0.560 beta: 0.969 sigma: 0.114 
maxBOLD estimate = 1.585


Trial 87: qplus Stimulus Selection
Stimulus: 0.629
Output value 1.256

Q+ parameters
slope: 0.183 semiSat: 0.560 beta: 1.000 sigma: 0.114 
maxBOLD estimate = 1.535


Trial 88: qplus Stimulus Selection
Stimulus: 0.629
Output value 1.117

Q+ parameters
slope: 0.183 semiSat: 0.560 beta: 1.000 sigma: 0.114 
maxBOLD estimate = 1.535


Trial 89: qplus Stimulus Selection
Stimulus: 0.629
Output value 1.396

Q+ parameters
slope: 0.183 semiSat: 0.560 beta: 1.000 sigma: 0.114 
maxBOLD estimate = 1.535


Trial 90: baseline Stimulus Selection
Stimulus: 0.010
Output value 0.279

Q+ parameters
slope: 0.183 semiSat: 0.560 beta: 1.000 sigma: 0.114 
maxBOLD estimate = 1.535


Trial 91: qplus Stimulus Selection
Stimulus: 0.629
Output value 0.946

Q+ parameters
slope: 0.183 semiSat: 0.560 beta: 0.969 sigma: 0.114 
maxBOLD estimate = 1.535


Trial 92: qplus Stimulus Selection
Stimulus: 0.629
Output value 1.217

Q+ parameters
slope: 0.183 semiSat: 0.560 beta: 1.000 sigma: 0.114 
maxBOLD estimate = 1.487


Trial 93: qplus Stimulus Selection
Stimulus: 0.711
Output value 1.487

Q+ parameters
slope: 0.183 semiSat: 0.560 beta: 1.000 sigma: 0.114 
maxBOLD estimate = 1.487


Trial 94: qplus Stimulus Selection
Stimulus: 0.711
Output value 1.082

Q+ parameters
slope: 0.183 semiSat: 0.560 beta: 1.000 sigma: 0.114 
maxBOLD estimate = 1.487


Trial 95: maxBOLD Stimulus Selection
Stimulus: 1.000
Output value 1.623

Q+ parameters
slope: 0.183 semiSat: 0.560 beta: 1.000 sigma: 0.114 
maxBOLD estimate = 1.487


Trial 96: qplus Stimulus Selection
Stimulus: 0.711
Output value 1.217

Q+ parameters
slope: 0.183 semiSat: 0.560 beta: 1.000 sigma: 0.114 
maxBOLD estimate = 1.487


Trial 97: qplus Stimulus Selection
Stimulus: 0.629
Output value 0.676

Q+ parameters
slope: 0.183 semiSat: 0.560 beta: 1.000 sigma: 0.114 
maxBOLD estimate = 1.487


Trial 98: qplus Stimulus Selection
Stimulus: 0.629
Output value 0.946

Q+ parameters
slope: 0.183 semiSat: 0.560 beta: 1.000 sigma: 0.114 
maxBOLD estimate = 1.487


Trial 99: qplus Stimulus Selection
Stimulus: 0.629
Output value 1.048

Q+ parameters
slope: 0.183 semiSat: 0.560 beta: 0.969 sigma: 0.114 
maxBOLD estimate = 1.487


Trial 100: baseline Stimulus Selection
Stimulus: 0.010
Output value -0.278

Q+ parameters
slope: 0.183 semiSat: 0.560 beta: 1.062 sigma: 0.114 
maxBOLD estimate = 1.441

--------------------------------------------------------------
FINAL VALUES
--------------------------------------------------------------
Simulated parameters:              slope: 0.200 semiSat: 0.570 beta: 1.000 sigma: 0.100 
Max posterior QUEST+ parameters:   slope: 0.183 semiSat: 0.560 beta: 1.000 sigma: 0.114 
Max BADS parameters:               slope: 0.166 semiSat: 0.558 beta: 1.000 sigma: 0.107 
maxBOLD estimate: 1.536
