/blue/stevenweisberg/stevenweisberg/MATLAB/projects/Weisberg_Aguirre_2020/scripts/run_sims
c0700a-s5.ufhpc
Tue Apr  6 19:21:32 EDT 2021
mkdir: cannot create directory ‘/blue/stevenweisberg/stevenweisberg/qpfMRIResults/model_parameter_set2/’: File exists
cp: cannot stat ‘/blue/stevenweisberg/stevenweisberg/qpfMRIResults/deploy_sim.sh’: No such file or directory
cp: cannot stat ‘/blue/stevenweisberg/stevenweisberg/qpfMRIResults/sim_wrapper.sh’: No such file or directory
------------------------------------------
Setting up environment variables
---
LD_LIBRARY_PATH is .:/apps/matlab/mcr/2020b/v99/runtime/glnxa64:/apps/matlab/mcr/2020b/v99/bin/glnxa64:/apps/matlab/mcr/2020b/v99/sys/os/glnxa64:/apps/matlab/mcr/2020b/v99/sys/opengl/lib/glnxa64
Warning: Executing startup failed in matlabrc.
This indicates a potentially serious problem in your MATLAB setup, which should be resolved as soon as possible.  Error detected was:
MATLAB:mpath:PathAlterationNotSupported
Modifying the search path is not supported by MATLAB Compiler. Remove functions that modify the search path from your MATLAB code. To make files visible to your deployed application, add the parent folder to your MATLAB session.
Warning: No stimulus domain specified. Defaulting to values between 0.01 and 1.
> In qpfmriParams (line 182)
In compiledSimulate (line 205)
Stimulus domain added from input.
Parameter slope specified as 0.20000
Parameter semiSat specified as 0.57000
Parameter beta specified as 1.00000
Parameter sigma specified as 0.05000
seed = 99seed = 104seed = 111seed = 111seed = 115seed = 101Initializing Q+. This may take a minute...
Elapsed time is 7.184950 seconds.
Simulated parameters:
slope: 0.200 semiSat: 0.570 beta: 1.000 sigma: 0.050 

Trial 1: baseline Stimulus Selection
Stimulus: 0.010
Output value 0.000

Q+ parameters
slope: 0.026 semiSat: 0.890 beta: 0.500 sigma: 0.010 
maxBOLD estimate = 1.000


Trial 2: maxBOLD Stimulus Selection
Stimulus: 1.000
Output value 1.364

Q+ parameters
slope: 0.055 semiSat: 0.670 beta: 1.250 sigma: 0.010 
maxBOLD estimate = 1.000


Trial 3: baseline Stimulus Selection
Stimulus: 0.010
Output value 0.142

Q+ parameters
slope: 0.055 semiSat: 0.670 beta: 1.250 sigma: 0.062 
maxBOLD estimate = 1.250


Trial 4: maxBOLD Stimulus Selection
Stimulus: 1.000
Output value 2.131

Q+ parameters
slope: 0.055 semiSat: 0.670 beta: 1.250 sigma: 0.062 
maxBOLD estimate = 1.562


Trial 5: baseline Stimulus Selection
Stimulus: 0.010
Output value 0.200

Q+ parameters
slope: 0.043 semiSat: 0.780 beta: 1.125 sigma: 0.062 
maxBOLD estimate = 1.953


Trial 6: maxBOLD Stimulus Selection
Stimulus: 1.000
Output value 1.748

Q+ parameters
slope: 0.034 semiSat: 1.000 beta: 1.250 sigma: 0.062 
maxBOLD estimate = 2.197


Trial 7: qplus Stimulus Selection
Stimulus: 0.711
Output value 0.749

Q+ parameters
slope: 0.785 semiSat: 0.120 beta: 0.500 sigma: 0.062 
maxBOLD estimate = 2.747


Trial 8: qplus Stimulus Selection
Stimulus: 0.340
Output value 0.000

Q+ parameters
slope: 0.183 semiSat: 0.560 beta: 1.125 sigma: 0.062 
maxBOLD estimate = 1.373


Trial 9: qplus Stimulus Selection
Stimulus: 0.546
Output value 0.527

Q+ parameters
slope: 0.234 semiSat: 0.560 beta: 0.938 sigma: 0.062 
maxBOLD estimate = 1.545


Trial 10: baseline Stimulus Selection
Stimulus: 0.010
Output value -0.140

Q+ parameters
slope: 0.183 semiSat: 0.560 beta: 1.062 sigma: 0.062 
maxBOLD estimate = 1.448


Trial 11: qplus Stimulus Selection
Stimulus: 0.588
Output value 0.918

Q+ parameters
slope: 0.234 semiSat: 0.560 beta: 0.938 sigma: 0.062 
maxBOLD estimate = 1.539


Trial 12: qplus Stimulus Selection
Stimulus: 0.505
Output value 0.418

Q+ parameters
slope: 0.183 semiSat: 0.560 beta: 1.062 sigma: 0.062 
maxBOLD estimate = 1.443


Trial 13: qplus Stimulus Selection
Stimulus: 0.629
Output value 1.080

Q+ parameters
slope: 0.298 semiSat: 0.560 beta: 0.969 sigma: 0.062 
maxBOLD estimate = 1.533


Trial 14: qplus Stimulus Selection
Stimulus: 0.505
Output value 0.270

Q+ parameters
slope: 0.234 semiSat: 0.560 beta: 1.000 sigma: 0.062 
maxBOLD estimate = 1.485


Trial 15: maxBOLD Stimulus Selection
Stimulus: 1.000
Output value 1.350

Q+ parameters
slope: 0.234 semiSat: 0.560 beta: 1.000 sigma: 0.062 
maxBOLD estimate = 1.485


Trial 16: qplus Stimulus Selection
Stimulus: 0.670
Output value 1.215

Q+ parameters
slope: 0.234 semiSat: 0.560 beta: 1.000 sigma: 0.062 
maxBOLD estimate = 1.485


Trial 17: qplus Stimulus Selection
Stimulus: 0.505
Output value 0.000

Q+ parameters
slope: 0.234 semiSat: 0.560 beta: 1.000 sigma: 0.062 
maxBOLD estimate = 1.485


Trial 18: qplus Stimulus Selection
Stimulus: 0.546
Output value 0.392

Q+ parameters
slope: 0.298 semiSat: 0.560 beta: 0.969 sigma: 0.062 
maxBOLD estimate = 1.485


Trial 19: qplus Stimulus Selection
Stimulus: 0.588
Output value 0.760

Q+ parameters
slope: 0.298 semiSat: 0.560 beta: 0.969 sigma: 0.062 
maxBOLD estimate = 1.439


Trial 20: baseline Stimulus Selection
Stimulus: 0.010
Output value -0.135

Q+ parameters
slope: 0.298 semiSat: 0.560 beta: 1.062 sigma: 0.062 
maxBOLD estimate = 1.394


Trial 21: qplus Stimulus Selection
Stimulus: 0.588
Output value 0.782

Q+ parameters
slope: 0.298 semiSat: 0.560 beta: 0.969 sigma: 0.062 
maxBOLD estimate = 1.481


Trial 22: qplus Stimulus Selection
Stimulus: 0.546
Output value 0.379

Q+ parameters
slope: 0.298 semiSat: 0.560 beta: 0.969 sigma: 0.062 
maxBOLD estimate = 1.434


Trial 23: qplus Stimulus Selection
Stimulus: 0.711
Output value 1.224

Q+ parameters
slope: 0.298 semiSat: 0.560 beta: 0.969 sigma: 0.062 
maxBOLD estimate = 1.390


Trial 24: qplus Stimulus Selection
Stimulus: 0.629
Output value 1.170

Q+ parameters
slope: 0.298 semiSat: 0.560 beta: 1.062 sigma: 0.062 
maxBOLD estimate = 1.346


Trial 25: maxBOLD Stimulus Selection
Stimulus: 1.000
Output value 1.386

Q+ parameters
slope: 0.298 semiSat: 0.560 beta: 0.969 sigma: 0.062 
maxBOLD estimate = 1.430


Trial 26: qplus Stimulus Selection
Stimulus: 0.711
Output value 1.098

Q+ parameters
slope: 0.234 semiSat: 0.560 beta: 0.969 sigma: 0.062 
maxBOLD estimate = 1.386


Trial 27: qplus Stimulus Selection
Stimulus: 0.711
Output value 1.182

Q+ parameters
slope: 0.298 semiSat: 0.560 beta: 0.969 sigma: 0.062 
maxBOLD estimate = 1.342


Trial 28: qplus Stimulus Selection
Stimulus: 0.505
Output value 0.126

Q+ parameters
slope: 0.298 semiSat: 0.560 beta: 1.062 sigma: 0.062 
maxBOLD estimate = 1.300


Trial 29: qplus Stimulus Selection
Stimulus: 0.588
Output value 0.852

Q+ parameters
slope: 0.298 semiSat: 0.560 beta: 0.969 sigma: 0.062 
maxBOLD estimate = 1.382


Trial 30: baseline Stimulus Selection
Stimulus: 0.010
Output value -0.129

Q+ parameters
slope: 0.298 semiSat: 0.560 beta: 1.062 sigma: 0.062 
maxBOLD estimate = 1.339


Trial 31: qplus Stimulus Selection
Stimulus: 0.588
Output value 0.751

Q+ parameters
slope: 0.298 semiSat: 0.560 beta: 0.969 sigma: 0.062 
maxBOLD estimate = 1.422


Trial 32: qplus Stimulus Selection
Stimulus: 0.711
Output value 1.456

Q+ parameters
slope: 0.298 semiSat: 0.560 beta: 0.969 sigma: 0.062 
maxBOLD estimate = 1.378


Trial 33: qplus Stimulus Selection
Stimulus: 0.546
Output value 0.516

Q+ parameters
slope: 0.298 semiSat: 0.560 beta: 1.062 sigma: 0.062 
maxBOLD estimate = 1.335


Trial 34: qplus Stimulus Selection
Stimulus: 0.588
Output value 0.874

Q+ parameters
slope: 0.298 semiSat: 0.560 beta: 0.969 sigma: 0.062 
maxBOLD estimate = 1.418


Trial 35: maxBOLD Stimulus Selection
Stimulus: 1.000
Output value 1.452

Q+ parameters
slope: 0.298 semiSat: 0.560 beta: 0.969 sigma: 0.062 
maxBOLD estimate = 1.374


Trial 36: qplus Stimulus Selection
Stimulus: 0.505
Output value 0.257

Q+ parameters
slope: 0.298 semiSat: 0.560 beta: 1.062 sigma: 0.062 
maxBOLD estimate = 1.331


Trial 37: qplus Stimulus Selection
Stimulus: 0.588
Output value 0.498

Q+ parameters
slope: 0.298 semiSat: 0.560 beta: 0.969 sigma: 0.062 
maxBOLD estimate = 1.414


Trial 38: qplus Stimulus Selection
Stimulus: 0.546
Output value 0.362

Q+ parameters
slope: 0.298 semiSat: 0.560 beta: 0.969 sigma: 0.062 
maxBOLD estimate = 1.370


Trial 39: qplus Stimulus Selection
Stimulus: 0.546
Output value 0.467

Q+ parameters
slope: 0.298 semiSat: 0.560 beta: 0.969 sigma: 0.062 
maxBOLD estimate = 1.327


Trial 40: baseline Stimulus Selection
Stimulus: 0.010
Output value -0.124

Q+ parameters
slope: 0.298 semiSat: 0.560 beta: 1.062 sigma: 0.062 
maxBOLD estimate = 1.286


Trial 41: qplus Stimulus Selection
Stimulus: 0.505
Output value 0.361

Q+ parameters
slope: 0.298 semiSat: 0.560 beta: 0.969 sigma: 0.062 
maxBOLD estimate = 1.366


Trial 42: qplus Stimulus Selection
Stimulus: 0.546
Output value 0.767

Q+ parameters
slope: 0.183 semiSat: 0.560 beta: 1.062 sigma: 0.062 
maxBOLD estimate = 1.323


Trial 43: qplus Stimulus Selection
Stimulus: 0.505
Output value 0.248

Q+ parameters
slope: 0.298 semiSat: 0.560 beta: 0.969 sigma: 0.062 
maxBOLD estimate = 1.406


Trial 44: qplus Stimulus Selection
Stimulus: 0.711
Output value 1.199

Q+ parameters
slope: 0.298 semiSat: 0.560 beta: 0.969 sigma: 0.062 
maxBOLD estimate = 1.362


Trial 45: maxBOLD Stimulus Selection
Stimulus: 1.000
Output value 1.529

Q+ parameters
slope: 0.183 semiSat: 0.560 beta: 1.062 sigma: 0.062 
maxBOLD estimate = 1.319


Trial 46: qplus Stimulus Selection
Stimulus: 0.505
Output value 0.370

Q+ parameters
slope: 0.298 semiSat: 0.560 beta: 0.969 sigma: 0.062 
maxBOLD estimate = 1.402


Trial 47: qplus Stimulus Selection
Stimulus: 0.711
Output value 1.435

Q+ parameters
slope: 0.298 semiSat: 0.560 beta: 0.969 sigma: 0.062 
maxBOLD estimate = 1.358


Trial 48: qplus Stimulus Selection
Stimulus: 0.546
Output value 0.762

Q+ parameters
slope: 0.183 semiSat: 0.560 beta: 1.062 sigma: 0.062 
maxBOLD estimate = 1.316


Trial 49: qplus Stimulus Selection
Stimulus: 0.464
Output value 0.246

Q+ parameters
slope: 0.298 semiSat: 0.560 beta: 0.969 sigma: 0.062 
maxBOLD estimate = 1.398


Trial 50: baseline Stimulus Selection
Stimulus: 0.010
Output value 0.000

Q+ parameters
slope: 0.183 semiSat: 0.560 beta: 1.062 sigma: 0.062 
maxBOLD estimate = 1.354


Trial 51: qplus Stimulus Selection
Stimulus: 0.464
Output value 0.380

Q+ parameters
slope: 0.298 semiSat: 0.560 beta: 0.969 sigma: 0.062 
maxBOLD estimate = 1.439


Trial 52: qplus Stimulus Selection
Stimulus: 0.711
Output value 1.228

Q+ parameters
slope: 0.298 semiSat: 0.560 beta: 0.969 sigma: 0.062 
maxBOLD estimate = 1.394


Trial 53: qplus Stimulus Selection
Stimulus: 0.546
Output value 0.652

Q+ parameters
slope: 0.183 semiSat: 0.560 beta: 1.062 sigma: 0.062 
maxBOLD estimate = 1.350


Trial 54: qplus Stimulus Selection
Stimulus: 0.464
Output value 0.253

Q+ parameters
slope: 0.298 semiSat: 0.560 beta: 0.969 sigma: 0.062 
maxBOLD estimate = 1.435


Trial 55: maxBOLD Stimulus Selection
Stimulus: 1.000
Output value 1.611

Q+ parameters
slope: 0.183 semiSat: 0.560 beta: 1.062 sigma: 0.062 
maxBOLD estimate = 1.390


Trial 56: qplus Stimulus Selection
Stimulus: 0.464
Output value 0.130

Q+ parameters
slope: 0.234 semiSat: 0.560 beta: 0.969 sigma: 0.062 
maxBOLD estimate = 1.477


Trial 57: qplus Stimulus Selection
Stimulus: 0.546
Output value 0.630

Q+ parameters
slope: 0.298 semiSat: 0.560 beta: 0.969 sigma: 0.062 
maxBOLD estimate = 1.431


Trial 58: qplus Stimulus Selection
Stimulus: 0.546
Output value 0.937

Q+ parameters
slope: 0.183 semiSat: 0.560 beta: 1.062 sigma: 0.062 
maxBOLD estimate = 1.386


Trial 59: qplus Stimulus Selection
Stimulus: 0.464
Output value 0.259

Q+ parameters
slope: 0.144 semiSat: 0.560 beta: 0.969 sigma: 0.062 
maxBOLD estimate = 1.472


Trial 60: baseline Stimulus Selection
Stimulus: 0.010
Output value 0.000

Q+ parameters
slope: 0.183 semiSat: 0.560 beta: 1.062 sigma: 0.062 
maxBOLD estimate = 1.426


Trial 61: qplus Stimulus Selection
Stimulus: 0.505
Output value 0.400

Q+ parameters
slope: 0.234 semiSat: 0.560 beta: 0.969 sigma: 0.062 
maxBOLD estimate = 1.516


Trial 62: qplus Stimulus Selection
Stimulus: 0.670
Output value 1.164

Q+ parameters
slope: 0.144 semiSat: 0.560 beta: 0.969 sigma: 0.062 
maxBOLD estimate = 1.468


Trial 63: qplus Stimulus Selection
Stimulus: 0.588
Output value 0.962

Q+ parameters
slope: 0.183 semiSat: 0.560 beta: 1.062 sigma: 0.062 
maxBOLD estimate = 1.422


Trial 64: qplus Stimulus Selection
Stimulus: 0.505
Output value 0.133

Q+ parameters
slope: 0.234 semiSat: 0.560 beta: 0.969 sigma: 0.062 
maxBOLD estimate = 1.511


Trial 65: maxBOLD Stimulus Selection
Stimulus: 1.000
Output value 1.160

Q+ parameters
slope: 0.144 semiSat: 0.560 beta: 0.969 sigma: 0.062 
maxBOLD estimate = 1.464


Trial 66: qplus Stimulus Selection
Stimulus: 0.670
Output value 1.289

Q+ parameters
slope: 0.234 semiSat: 0.560 beta: 1.000 sigma: 0.062 
maxBOLD estimate = 1.418


Trial 67: qplus Stimulus Selection
Stimulus: 0.546
Output value 0.500

Q+ parameters
slope: 0.298 semiSat: 0.560 beta: 0.969 sigma: 0.062 
maxBOLD estimate = 1.418


Trial 68: qplus Stimulus Selection
Stimulus: 0.546
Output value 0.531

Q+ parameters
slope: 0.183 semiSat: 0.560 beta: 1.062 sigma: 0.062 
maxBOLD estimate = 1.374


Trial 69: qplus Stimulus Selection
Stimulus: 0.505
Output value 0.000

Q+ parameters
slope: 0.234 semiSat: 0.560 beta: 0.969 sigma: 0.062 
maxBOLD estimate = 1.460


Trial 70: baseline Stimulus Selection
Stimulus: 0.010
Output value -0.125

Q+ parameters
slope: 0.298 semiSat: 0.560 beta: 0.969 sigma: 0.062 
maxBOLD estimate = 1.414


Trial 71: qplus Stimulus Selection
Stimulus: 0.546
Output value 0.362

Q+ parameters
slope: 0.298 semiSat: 0.560 beta: 0.969 sigma: 0.062 
maxBOLD estimate = 1.370


Trial 72: qplus Stimulus Selection
Stimulus: 0.546
Output value 0.385

Q+ parameters
slope: 0.298 semiSat: 0.560 beta: 1.062 sigma: 0.062 
maxBOLD estimate = 1.327


Trial 73: qplus Stimulus Selection
Stimulus: 0.588
Output value 0.621

Q+ parameters
slope: 0.298 semiSat: 0.560 beta: 0.969 sigma: 0.062 
maxBOLD estimate = 1.410


Trial 74: qplus Stimulus Selection
Stimulus: 0.546
Output value 0.481

Q+ parameters
slope: 0.298 semiSat: 0.560 beta: 0.969 sigma: 0.062 
maxBOLD estimate = 1.366


Trial 75: maxBOLD Stimulus Selection
Stimulus: 1.000
Output value 1.166

Q+ parameters
slope: 0.298 semiSat: 0.560 beta: 0.969 sigma: 0.062 
maxBOLD estimate = 1.323


Trial 76: qplus Stimulus Selection
Stimulus: 0.546
Output value 0.372

Q+ parameters
slope: 0.298 semiSat: 0.560 beta: 1.062 sigma: 0.062 
maxBOLD estimate = 1.282


Trial 77: qplus Stimulus Selection
Stimulus: 0.505
Output value 0.000

Q+ parameters
slope: 0.298 semiSat: 0.560 beta: 0.969 sigma: 0.062 
maxBOLD estimate = 1.362


Trial 78: qplus Stimulus Selection
Stimulus: 0.546
Output value 0.349

Q+ parameters
slope: 0.298 semiSat: 0.560 beta: 0.969 sigma: 0.062 
maxBOLD estimate = 1.320


Trial 79: qplus Stimulus Selection
Stimulus: 0.546
Output value 0.494

Q+ parameters
slope: 0.298 semiSat: 0.560 beta: 1.062 sigma: 0.062 
maxBOLD estimate = 1.278


Trial 80: baseline Stimulus Selection
Stimulus: 0.010
Output value -0.120

Q+ parameters
slope: 0.298 semiSat: 0.560 beta: 0.969 sigma: 0.062 
maxBOLD estimate = 1.358


Trial 81: qplus Stimulus Selection
Stimulus: 0.546
Output value 0.635

Q+ parameters
slope: 0.298 semiSat: 0.560 beta: 1.062 sigma: 0.062 
maxBOLD estimate = 1.316


Trial 82: qplus Stimulus Selection
Stimulus: 0.588
Output value 0.739

Q+ parameters
slope: 0.298 semiSat: 0.560 beta: 0.969 sigma: 0.062 
maxBOLD estimate = 1.398


Trial 83: qplus Stimulus Selection
Stimulus: 0.711
Output value 1.431

Q+ parameters
slope: 0.298 semiSat: 0.560 beta: 0.969 sigma: 0.062 
maxBOLD estimate = 1.354


Trial 84: qplus Stimulus Selection
Stimulus: 0.546
Output value 0.634

Q+ parameters
slope: 0.298 semiSat: 0.560 beta: 1.062 sigma: 0.062 
maxBOLD estimate = 1.312


Trial 85: maxBOLD Stimulus Selection
Stimulus: 1.000
Output value 1.350

Q+ parameters
slope: 0.298 semiSat: 0.560 beta: 0.969 sigma: 0.062 
maxBOLD estimate = 1.394


Trial 86: qplus Stimulus Selection
Stimulus: 0.711
Output value 1.308

Q+ parameters
slope: 0.298 semiSat: 0.560 beta: 0.969 sigma: 0.062 
maxBOLD estimate = 1.350


Trial 87: qplus Stimulus Selection
Stimulus: 0.546
Output value 0.379

Q+ parameters
slope: 0.298 semiSat: 0.560 beta: 1.062 sigma: 0.062 
maxBOLD estimate = 1.308


Trial 88: qplus Stimulus Selection
Stimulus: 0.588
Output value 0.857

Q+ parameters
slope: 0.298 semiSat: 0.560 beta: 0.969 sigma: 0.062 
maxBOLD estimate = 1.390


Trial 89: qplus Stimulus Selection
Stimulus: 0.711
Output value 1.067

Q+ parameters
slope: 0.298 semiSat: 0.560 beta: 0.969 sigma: 0.062 
maxBOLD estimate = 1.347


Trial 90: baseline Stimulus Selection
Stimulus: 0.010
Output value -0.126

Q+ parameters
slope: 0.298 semiSat: 0.560 beta: 1.062 sigma: 0.062 
maxBOLD estimate = 1.305


Trial 91: qplus Stimulus Selection
Stimulus: 0.505
Output value 0.122

Q+ parameters
slope: 0.298 semiSat: 0.560 beta: 0.969 sigma: 0.062 
maxBOLD estimate = 1.386


Trial 92: qplus Stimulus Selection
Stimulus: 0.711
Output value 1.183

Q+ parameters
slope: 0.298 semiSat: 0.560 beta: 0.969 sigma: 0.062 
maxBOLD estimate = 1.343


Trial 93: qplus Stimulus Selection
Stimulus: 0.546
Output value 0.377

Q+ parameters
slope: 0.298 semiSat: 0.560 beta: 1.062 sigma: 0.062 
maxBOLD estimate = 1.301


Trial 94: qplus Stimulus Selection
Stimulus: 0.588
Output value 0.730

Q+ parameters
slope: 0.298 semiSat: 0.560 beta: 0.969 sigma: 0.062 
maxBOLD estimate = 1.382


Trial 95: maxBOLD Stimulus Selection
Stimulus: 1.000
Output value 1.297

Q+ parameters
slope: 0.298 semiSat: 0.560 beta: 0.969 sigma: 0.062 
maxBOLD estimate = 1.339


Trial 96: qplus Stimulus Selection
Stimulus: 0.546
Output value 0.376

Q+ parameters
slope: 0.298 semiSat: 0.560 beta: 1.062 sigma: 0.062 
maxBOLD estimate = 1.297


Trial 97: qplus Stimulus Selection
Stimulus: 0.588
Output value 0.971

Q+ parameters
slope: 0.298 semiSat: 0.560 beta: 0.969 sigma: 0.062 
maxBOLD estimate = 1.378


Trial 98: qplus Stimulus Selection
Stimulus: 0.711
Output value 1.176

Q+ parameters
slope: 0.298 semiSat: 0.560 beta: 0.969 sigma: 0.062 
maxBOLD estimate = 1.335


Trial 99: qplus Stimulus Selection
Stimulus: 0.546
Output value 0.500

Q+ parameters
slope: 0.298 semiSat: 0.560 beta: 1.062 sigma: 0.062 
maxBOLD estimate = 1.293


Trial 100: baseline Stimulus Selection
Stimulus: 0.010
Output value -0.121

Q+ parameters
slope: 0.298 semiSat: 0.560 beta: 0.969 sigma: 0.062 
maxBOLD estimate = 1.374

--------------------------------------------------------------
FINAL VALUES
--------------------------------------------------------------
Simulated parameters:              slope: 0.200 semiSat: 0.570 beta: 1.000 sigma: 0.050 
Max posterior QUEST+ parameters:   slope: 0.298 semiSat: 0.560 beta: 0.969 sigma: 0.062 
Max BADS parameters:               slope: 0.240 semiSat: 0.570 beta: 1.000 sigma: 0.067 
maxBOLD estimate: 1.344
