/blue/stevenweisberg/stevenweisberg/MATLAB/projects/Weisberg_Aguirre_2020/scripts/run_sims
c0700a-s3.ufhpc
Tue Apr  6 20:46:37 EDT 2021
mkdir: cannot create directory ‘/blue/stevenweisberg/stevenweisberg/qpfMRIResults/model_parameter_set2/’: File exists
cp: cannot stat ‘/blue/stevenweisberg/stevenweisberg/qpfMRIResults/deploy_sim.sh’: No such file or directory
cp: cannot stat ‘/blue/stevenweisberg/stevenweisberg/qpfMRIResults/sim_wrapper.sh’: No such file or directory
------------------------------------------
Setting up environment variables
---
LD_LIBRARY_PATH is .:/apps/matlab/mcr/2020b/v99/runtime/glnxa64:/apps/matlab/mcr/2020b/v99/bin/glnxa64:/apps/matlab/mcr/2020b/v99/sys/os/glnxa64:/apps/matlab/mcr/2020b/v99/sys/opengl/lib/glnxa64
Warning: Executing startup failed in matlabrc.
This indicates a potentially serious problem in your MATLAB setup, which should be resolved as soon as possible.  Error detected was:
MATLAB:mpath:PathAlterationNotSupported
Modifying the search path is not supported by MATLAB Compiler. Remove functions that modify the search path from your MATLAB code. To make files visible to your deployed application, add the parent folder to your MATLAB session.
Warning: No stimulus domain specified. Defaulting to values between 0.01 and 1.
> In qpfmriParams (line 182)
In compiledSimulate (line 205)
Stimulus domain added from input.
Parameter slope specified as 0.20000
Parameter semiSat specified as 0.57000
Parameter beta specified as 1.00000
Parameter sigma specified as 0.15000
seed = 99seed = 104seed = 111seed = 111seed = 115seed = 101Initializing Q+. This may take a minute...
Elapsed time is 7.183489 seconds.
Simulated parameters:
slope: 0.200 semiSat: 0.570 beta: 1.000 sigma: 0.150 

Trial 1: baseline Stimulus Selection
Stimulus: 0.010
Output value 0.000

Q+ parameters
slope: 0.026 semiSat: 0.890 beta: 0.500 sigma: 0.010 
maxBOLD estimate = 1.000


Trial 2: maxBOLD Stimulus Selection
Stimulus: 1.000
Output value 0.705

Q+ parameters
slope: 0.043 semiSat: 0.780 beta: 0.969 sigma: 0.010 
maxBOLD estimate = 1.000


Trial 3: baseline Stimulus Selection
Stimulus: 0.010
Output value -0.220

Q+ parameters
slope: 0.055 semiSat: 0.670 beta: 1.250 sigma: 0.271 
maxBOLD estimate = 0.969


Trial 4: maxBOLD Stimulus Selection
Stimulus: 1.000
Output value 1.115

Q+ parameters
slope: 0.055 semiSat: 0.670 beta: 1.125 sigma: 0.166 
maxBOLD estimate = 1.211


Trial 5: baseline Stimulus Selection
Stimulus: 0.010
Output value 0.279

Q+ parameters
slope: 0.055 semiSat: 0.670 beta: 1.125 sigma: 0.166 
maxBOLD estimate = 1.362


Trial 6: maxBOLD Stimulus Selection
Stimulus: 1.000
Output value 1.411

Q+ parameters
slope: 0.043 semiSat: 0.780 beta: 1.125 sigma: 0.114 
maxBOLD estimate = 1.533


Trial 7: random Stimulus Selection
Stimulus: 0.175
Output value 0.353

Q+ parameters
slope: 0.043 semiSat: 0.780 beta: 1.125 sigma: 0.114 
maxBOLD estimate = 1.724


Trial 8: random Stimulus Selection
Stimulus: 0.505
Output value -0.171

Q+ parameters
slope: 0.089 semiSat: 0.890 beta: 0.969 sigma: 0.114 
maxBOLD estimate = 1.940


Trial 9: random Stimulus Selection
Stimulus: 0.753
Output value 1.281

Q+ parameters
slope: 0.298 semiSat: 0.670 beta: 0.750 sigma: 0.114 
maxBOLD estimate = 1.879


Trial 10: baseline Stimulus Selection
Stimulus: 0.010
Output value -0.320

Q+ parameters
slope: 0.234 semiSat: 0.670 beta: 1.250 sigma: 0.166 
maxBOLD estimate = 1.409


Trial 11: random Stimulus Selection
Stimulus: 0.423
Output value 0.150

Q+ parameters
slope: 0.379 semiSat: 0.670 beta: 0.938 sigma: 0.114 
maxBOLD estimate = 1.762


Trial 12: random Stimulus Selection
Stimulus: 0.299
Output value -0.282

Q+ parameters
slope: 0.379 semiSat: 0.670 beta: 0.938 sigma: 0.114 
maxBOLD estimate = 1.652


Trial 13: random Stimulus Selection
Stimulus: 0.092
Output value 0.132

Q+ parameters
slope: 0.379 semiSat: 0.670 beta: 0.938 sigma: 0.114 
maxBOLD estimate = 1.548


Trial 14: random Stimulus Selection
Stimulus: 0.051
Output value 0.000

Q+ parameters
slope: 0.379 semiSat: 0.670 beta: 1.000 sigma: 0.114 
maxBOLD estimate = 1.452


Trial 15: maxBOLD Stimulus Selection
Stimulus: 1.000
Output value 1.320

Q+ parameters
slope: 0.379 semiSat: 0.670 beta: 1.000 sigma: 0.114 
maxBOLD estimate = 1.452


Trial 16: random Stimulus Selection
Stimulus: 0.546
Output value 1.781

Q+ parameters
slope: 0.483 semiSat: 0.560 beta: 1.500 sigma: 0.166 
maxBOLD estimate = 1.452


Trial 17: random Stimulus Selection
Stimulus: 0.588
Output value 0.594

Q+ parameters
slope: 0.183 semiSat: 0.560 beta: 0.750 sigma: 0.114 
maxBOLD estimate = 2.177


Trial 18: random Stimulus Selection
Stimulus: 0.381
Output value 0.000

Q+ parameters
slope: 0.234 semiSat: 0.560 beta: 1.000 sigma: 0.166 
maxBOLD estimate = 1.633


Trial 19: random Stimulus Selection
Stimulus: 0.257
Output value -0.297

Q+ parameters
slope: 0.234 semiSat: 0.560 beta: 1.000 sigma: 0.166 
maxBOLD estimate = 1.633


Trial 20: baseline Stimulus Selection
Stimulus: 0.010
Output value 0.260

Q+ parameters
slope: 0.379 semiSat: 0.560 beta: 0.875 sigma: 0.166 
maxBOLD estimate = 1.633


Trial 21: random Stimulus Selection
Stimulus: 0.505
Output value 0.690

Q+ parameters
slope: 0.298 semiSat: 0.560 beta: 1.062 sigma: 0.166 
maxBOLD estimate = 1.429


Trial 22: random Stimulus Selection
Stimulus: 0.010
Output value -0.311

Q+ parameters
slope: 0.379 semiSat: 0.560 beta: 1.125 sigma: 0.166 
maxBOLD estimate = 1.518


Trial 23: random Stimulus Selection
Stimulus: 0.257
Output value 0.000

Q+ parameters
slope: 0.234 semiSat: 0.560 beta: 1.000 sigma: 0.166 
maxBOLD estimate = 1.708


Trial 24: random Stimulus Selection
Stimulus: 0.464
Output value 0.728

Q+ parameters
slope: 0.183 semiSat: 0.560 beta: 0.938 sigma: 0.166 
maxBOLD estimate = 1.708


Trial 25: maxBOLD Stimulus Selection
Stimulus: 1.000
Output value 1.310

Q+ parameters
slope: 0.234 semiSat: 0.560 beta: 1.000 sigma: 0.166 
maxBOLD estimate = 1.601


Trial 26: random Stimulus Selection
Stimulus: 0.381
Output value 0.146

Q+ parameters
slope: 0.234 semiSat: 0.560 beta: 1.000 sigma: 0.166 
maxBOLD estimate = 1.601


Trial 27: random Stimulus Selection
Stimulus: 0.010
Output value 0.000

Q+ parameters
slope: 0.234 semiSat: 0.560 beta: 1.000 sigma: 0.166 
maxBOLD estimate = 1.601


Trial 28: random Stimulus Selection
Stimulus: 0.051
Output value 0.291

Q+ parameters
slope: 0.234 semiSat: 0.560 beta: 1.000 sigma: 0.166 
maxBOLD estimate = 1.601


Trial 29: random Stimulus Selection
Stimulus: 0.835
Output value 1.747

Q+ parameters
slope: 0.234 semiSat: 0.560 beta: 1.000 sigma: 0.166 
maxBOLD estimate = 1.601


Trial 30: baseline Stimulus Selection
Stimulus: 0.010
Output value 0.291

Q+ parameters
slope: 0.234 semiSat: 0.560 beta: 1.000 sigma: 0.166 
maxBOLD estimate = 1.601


Trial 31: random Stimulus Selection
Stimulus: 0.257
Output value 0.873

Q+ parameters
slope: 0.234 semiSat: 0.560 beta: 1.000 sigma: 0.166 
maxBOLD estimate = 1.601


Trial 32: random Stimulus Selection
Stimulus: 0.216
Output value 0.291

Q+ parameters
slope: 0.234 semiSat: 0.560 beta: 1.000 sigma: 0.166 
maxBOLD estimate = 1.601


Trial 33: random Stimulus Selection
Stimulus: 0.340
Output value 0.582

Q+ parameters
slope: 0.234 semiSat: 0.560 beta: 1.000 sigma: 0.166 
maxBOLD estimate = 1.601


Trial 34: random Stimulus Selection
Stimulus: 0.588
Output value 1.651

Q+ parameters
slope: 0.298 semiSat: 0.560 beta: 1.031 sigma: 0.166 
maxBOLD estimate = 1.601


Trial 35: maxBOLD Stimulus Selection
Stimulus: 1.000
Output value 1.801

Q+ parameters
slope: 0.234 semiSat: 0.560 beta: 1.000 sigma: 0.166 
maxBOLD estimate = 1.651


Trial 36: random Stimulus Selection
Stimulus: 0.505
Output value 0.901

Q+ parameters
slope: 0.234 semiSat: 0.560 beta: 1.000 sigma: 0.166 
maxBOLD estimate = 1.651


Trial 37: random Stimulus Selection
Stimulus: 0.423
Output value 0.450

Q+ parameters
slope: 0.234 semiSat: 0.560 beta: 1.000 sigma: 0.166 
maxBOLD estimate = 1.651


Trial 38: random Stimulus Selection
Stimulus: 0.588
Output value 1.876

Q+ parameters
slope: 0.234 semiSat: 0.560 beta: 1.250 sigma: 0.166 
maxBOLD estimate = 1.651


Trial 39: random Stimulus Selection
Stimulus: 0.629
Output value 1.126

Q+ parameters
slope: 0.483 semiSat: 0.560 beta: 0.750 sigma: 0.114 
maxBOLD estimate = 2.064


Trial 40: baseline Stimulus Selection
Stimulus: 0.010
Output value 0.352

Q+ parameters
slope: 0.234 semiSat: 0.560 beta: 1.250 sigma: 0.166 
maxBOLD estimate = 1.548


Trial 41: random Stimulus Selection
Stimulus: 1.000
Output value 1.539

Q+ parameters
slope: 0.379 semiSat: 0.560 beta: 0.875 sigma: 0.166 
maxBOLD estimate = 1.935


Trial 42: random Stimulus Selection
Stimulus: 0.092
Output value 0.317

Q+ parameters
slope: 0.298 semiSat: 0.560 beta: 1.031 sigma: 0.166 
maxBOLD estimate = 1.693


Trial 43: random Stimulus Selection
Stimulus: 0.216
Output value 0.164

Q+ parameters
slope: 0.298 semiSat: 0.560 beta: 1.031 sigma: 0.166 
maxBOLD estimate = 1.746


Trial 44: random Stimulus Selection
Stimulus: 0.464
Output value 0.506

Q+ parameters
slope: 0.298 semiSat: 0.560 beta: 1.031 sigma: 0.166 
maxBOLD estimate = 1.801


Trial 45: maxBOLD Stimulus Selection
Stimulus: 1.000
Output value 1.857

Q+ parameters
slope: 0.234 semiSat: 0.560 beta: 1.000 sigma: 0.166 
maxBOLD estimate = 1.857


Trial 46: random Stimulus Selection
Stimulus: 0.794
Output value 1.519

Q+ parameters
slope: 0.234 semiSat: 0.560 beta: 1.000 sigma: 0.166 
maxBOLD estimate = 1.857


Trial 47: random Stimulus Selection
Stimulus: 0.959
Output value 1.266

Q+ parameters
slope: 0.234 semiSat: 0.560 beta: 0.938 sigma: 0.166 
maxBOLD estimate = 1.857


Trial 48: random Stimulus Selection
Stimulus: 0.546
Output value 0.653

Q+ parameters
slope: 0.298 semiSat: 0.560 beta: 1.031 sigma: 0.166 
maxBOLD estimate = 1.741


Trial 49: random Stimulus Selection
Stimulus: 1.000
Output value 2.020

Q+ parameters
slope: 0.298 semiSat: 0.560 beta: 1.031 sigma: 0.166 
maxBOLD estimate = 1.795


Trial 50: baseline Stimulus Selection
Stimulus: 0.010
Output value 0.295

Q+ parameters
slope: 0.379 semiSat: 0.560 beta: 0.875 sigma: 0.166 
maxBOLD estimate = 1.851


Trial 51: random Stimulus Selection
Stimulus: 0.918
Output value 2.025

Q+ parameters
slope: 0.234 semiSat: 0.560 beta: 1.250 sigma: 0.166 
maxBOLD estimate = 1.620


Trial 52: random Stimulus Selection
Stimulus: 0.711
Output value 0.966

Q+ parameters
slope: 0.183 semiSat: 0.560 beta: 0.750 sigma: 0.114 
maxBOLD estimate = 2.025


Trial 53: random Stimulus Selection
Stimulus: 0.711
Output value 2.071

Q+ parameters
slope: 0.234 semiSat: 0.560 beta: 1.250 sigma: 0.166 
maxBOLD estimate = 1.519


Trial 54: random Stimulus Selection
Stimulus: 0.381
Output value 0.162

Q+ parameters
slope: 0.234 semiSat: 0.560 beta: 0.938 sigma: 0.114 
maxBOLD estimate = 1.898


Trial 55: maxBOLD Stimulus Selection
Stimulus: 1.000
Output value 1.835

Q+ parameters
slope: 0.298 semiSat: 0.560 beta: 1.031 sigma: 0.166 
maxBOLD estimate = 1.780


Trial 56: random Stimulus Selection
Stimulus: 0.175
Output value -0.167

Q+ parameters
slope: 0.234 semiSat: 0.560 beta: 1.000 sigma: 0.166 
maxBOLD estimate = 1.835


Trial 57: random Stimulus Selection
Stimulus: 0.753
Output value 1.502

Q+ parameters
slope: 0.234 semiSat: 0.560 beta: 1.000 sigma: 0.166 
maxBOLD estimate = 1.835


Trial 58: random Stimulus Selection
Stimulus: 0.092
Output value 0.000

Q+ parameters
slope: 0.234 semiSat: 0.560 beta: 1.000 sigma: 0.166 
maxBOLD estimate = 1.835


Trial 59: random Stimulus Selection
Stimulus: 0.505
Output value 0.313

Q+ parameters
slope: 0.234 semiSat: 0.560 beta: 0.938 sigma: 0.114 
maxBOLD estimate = 1.835


Trial 60: baseline Stimulus Selection
Stimulus: 0.010
Output value 0.000

Q+ parameters
slope: 0.298 semiSat: 0.560 beta: 1.031 sigma: 0.166 
maxBOLD estimate = 1.721


Trial 61: random Stimulus Selection
Stimulus: 0.588
Output value 0.323

Q+ parameters
slope: 0.234 semiSat: 0.560 beta: 1.000 sigma: 0.166 
maxBOLD estimate = 1.774


Trial 62: random Stimulus Selection
Stimulus: 0.546
Output value 0.756

Q+ parameters
slope: 0.183 semiSat: 0.560 beta: 0.938 sigma: 0.114 
maxBOLD estimate = 1.774


Trial 63: random Stimulus Selection
Stimulus: 0.340
Output value -0.156

Q+ parameters
slope: 0.298 semiSat: 0.560 beta: 1.031 sigma: 0.166 
maxBOLD estimate = 1.663


Trial 64: random Stimulus Selection
Stimulus: 0.588
Output value 0.780

Q+ parameters
slope: 0.234 semiSat: 0.560 beta: 1.000 sigma: 0.166 
maxBOLD estimate = 1.715


Trial 65: maxBOLD Stimulus Selection
Stimulus: 1.000
Output value 1.316

Q+ parameters
slope: 0.234 semiSat: 0.560 beta: 0.938 sigma: 0.114 
maxBOLD estimate = 1.715


Trial 66: random Stimulus Selection
Stimulus: 0.340
Output value 0.000

Q+ parameters
slope: 0.234 semiSat: 0.560 beta: 1.000 sigma: 0.114 
maxBOLD estimate = 1.608


Trial 67: random Stimulus Selection
Stimulus: 0.711
Output value 1.316

Q+ parameters
slope: 0.234 semiSat: 0.560 beta: 1.000 sigma: 0.114 
maxBOLD estimate = 1.608


Trial 68: random Stimulus Selection
Stimulus: 0.464
Output value 0.731

Q+ parameters
slope: 0.183 semiSat: 0.560 beta: 1.000 sigma: 0.114 
maxBOLD estimate = 1.608


Trial 69: random Stimulus Selection
Stimulus: 0.629
Output value 1.462

Q+ parameters
slope: 0.183 semiSat: 0.560 beta: 1.000 sigma: 0.114 
maxBOLD estimate = 1.608


Trial 70: baseline Stimulus Selection
Stimulus: 0.010
Output value 0.292

Q+ parameters
slope: 0.234 semiSat: 0.560 beta: 1.000 sigma: 0.166 
maxBOLD estimate = 1.608


Trial 71: random Stimulus Selection
Stimulus: 1.000
Output value 1.754

Q+ parameters
slope: 0.234 semiSat: 0.560 beta: 1.000 sigma: 0.166 
maxBOLD estimate = 1.608


Trial 72: random Stimulus Selection
Stimulus: 0.588
Output value 1.659

Q+ parameters
slope: 0.298 semiSat: 0.560 beta: 1.031 sigma: 0.166 
maxBOLD estimate = 1.608


Trial 73: random Stimulus Selection
Stimulus: 0.257
Output value 0.151

Q+ parameters
slope: 0.234 semiSat: 0.560 beta: 1.000 sigma: 0.166 
maxBOLD estimate = 1.659


Trial 74: random Stimulus Selection
Stimulus: 0.711
Output value 1.206

Q+ parameters
slope: 0.183 semiSat: 0.560 beta: 1.000 sigma: 0.166 
maxBOLD estimate = 1.659


Trial 75: maxBOLD Stimulus Selection
Stimulus: 1.000
Output value 1.659

Q+ parameters
slope: 0.234 semiSat: 0.560 beta: 1.000 sigma: 0.166 
maxBOLD estimate = 1.659


Trial 76: random Stimulus Selection
Stimulus: 0.835
Output value 1.809

Q+ parameters
slope: 0.234 semiSat: 0.560 beta: 1.000 sigma: 0.166 
maxBOLD estimate = 1.659


Trial 77: random Stimulus Selection
Stimulus: 0.175
Output value 0.302

Q+ parameters
slope: 0.234 semiSat: 0.560 beta: 1.000 sigma: 0.166 
maxBOLD estimate = 1.659


Trial 78: random Stimulus Selection
Stimulus: 0.711
Output value 1.659

Q+ parameters
slope: 0.234 semiSat: 0.560 beta: 1.000 sigma: 0.166 
maxBOLD estimate = 1.659


Trial 79: random Stimulus Selection
Stimulus: 0.835
Output value 1.809

Q+ parameters
slope: 0.183 semiSat: 0.560 beta: 1.000 sigma: 0.114 
maxBOLD estimate = 1.659


Trial 80: baseline Stimulus Selection
Stimulus: 0.010
Output value 0.302

Q+ parameters
slope: 0.183 semiSat: 0.560 beta: 1.000 sigma: 0.114 
maxBOLD estimate = 1.659


Trial 81: random Stimulus Selection
Stimulus: 0.629
Output value 1.055

Q+ parameters
slope: 0.183 semiSat: 0.560 beta: 1.000 sigma: 0.114 
maxBOLD estimate = 1.659


Trial 82: random Stimulus Selection
Stimulus: 0.753
Output value 1.659

Q+ parameters
slope: 0.183 semiSat: 0.560 beta: 1.000 sigma: 0.114 
maxBOLD estimate = 1.659


Trial 83: random Stimulus Selection
Stimulus: 0.381
Output value 0.000

Q+ parameters
slope: 0.183 semiSat: 0.560 beta: 0.969 sigma: 0.114 
maxBOLD estimate = 1.659


Trial 84: random Stimulus Selection
Stimulus: 0.629
Output value 1.356

Q+ parameters
slope: 0.183 semiSat: 0.560 beta: 1.031 sigma: 0.114 
maxBOLD estimate = 1.607


Trial 85: maxBOLD Stimulus Selection
Stimulus: 1.000
Output value 1.167

Q+ parameters
slope: 0.183 semiSat: 0.560 beta: 0.969 sigma: 0.114 
maxBOLD estimate = 1.657


Trial 86: random Stimulus Selection
Stimulus: 0.918
Output value 1.204

Q+ parameters
slope: 0.183 semiSat: 0.560 beta: 1.031 sigma: 0.114 
maxBOLD estimate = 1.605


Trial 87: random Stimulus Selection
Stimulus: 0.299
Output value 0.000

Q+ parameters
slope: 0.183 semiSat: 0.560 beta: 0.969 sigma: 0.114 
maxBOLD estimate = 1.655


Trial 88: random Stimulus Selection
Stimulus: 0.423
Output value 1.239

Q+ parameters
slope: 0.183 semiSat: 0.560 beta: 1.062 sigma: 0.166 
maxBOLD estimate = 1.604


Trial 89: random Stimulus Selection
Stimulus: 0.876
Output value 1.651

Q+ parameters
slope: 0.183 semiSat: 0.560 beta: 0.969 sigma: 0.166 
maxBOLD estimate = 1.704


Trial 90: baseline Stimulus Selection
Stimulus: 0.010
Output value 0.436

Q+ parameters
slope: 0.183 semiSat: 0.560 beta: 0.969 sigma: 0.166 
maxBOLD estimate = 1.651


Trial 91: random Stimulus Selection
Stimulus: 0.959
Output value 1.390

Q+ parameters
slope: 0.183 semiSat: 0.560 beta: 1.062 sigma: 0.166 
maxBOLD estimate = 1.599


Trial 92: random Stimulus Selection
Stimulus: 0.588
Output value 1.496

Q+ parameters
slope: 0.183 semiSat: 0.560 beta: 0.969 sigma: 0.166 
maxBOLD estimate = 1.699


Trial 93: random Stimulus Selection
Stimulus: 0.010
Output value 0.000

Q+ parameters
slope: 0.183 semiSat: 0.560 beta: 0.969 sigma: 0.166 
maxBOLD estimate = 1.646


Trial 94: random Stimulus Selection
Stimulus: 0.588
Output value 1.631

Q+ parameters
slope: 0.183 semiSat: 0.560 beta: 1.125 sigma: 0.166 
maxBOLD estimate = 1.594


Trial 95: maxBOLD Stimulus Selection
Stimulus: 1.000
Output value 1.569

Q+ parameters
slope: 0.183 semiSat: 0.560 beta: 0.875 sigma: 0.114 
maxBOLD estimate = 1.794


Trial 96: random Stimulus Selection
Stimulus: 0.959
Output value 1.605

Q+ parameters
slope: 0.183 semiSat: 0.560 beta: 1.125 sigma: 0.166 
maxBOLD estimate = 1.569


Trial 97: random Stimulus Selection
Stimulus: 0.505
Output value 0.702

Q+ parameters
slope: 0.183 semiSat: 0.560 beta: 0.875 sigma: 0.114 
maxBOLD estimate = 1.766


Trial 98: random Stimulus Selection
Stimulus: 0.918
Output value 1.896

Q+ parameters
slope: 0.183 semiSat: 0.560 beta: 1.125 sigma: 0.166 
maxBOLD estimate = 1.545


Trial 99: random Stimulus Selection
Stimulus: 0.175
Output value -0.306

Q+ parameters
slope: 0.183 semiSat: 0.560 beta: 0.969 sigma: 0.166 
maxBOLD estimate = 1.738


Trial 100: baseline Stimulus Selection
Stimulus: 0.010
Output value 0.143

Q+ parameters
slope: 0.183 semiSat: 0.560 beta: 0.938 sigma: 0.114 
maxBOLD estimate = 1.684

--------------------------------------------------------------
FINAL VALUES
--------------------------------------------------------------
Simulated parameters:              slope: 0.200 semiSat: 0.570 beta: 1.000 sigma: 0.150 
Max posterior QUEST+ parameters:   slope: 0.183 semiSat: 0.560 beta: 1.125 sigma: 0.166 
Max BADS parameters:               slope: 0.208 semiSat: 0.548 beta: 1.000 sigma: 0.137 
maxBOLD estimate: 1.536
