/blue/stevenweisberg/stevenweisberg/MATLAB/projects/Weisberg_Aguirre_2020/scripts/run_sims
c30a-s36.ufhpc
Fri Nov 13 19:24:13 EST 2020
mkdir: cannot create directory ‘/blue/stevenweisberg/stevenweisberg/qpfMRIResults/model_parameter_set1/’: File exists
cp: cannot stat ‘/blue/stevenweisberg/stevenweisberg/qpfMRIResults/deploy_sim.sh’: No such file or directory
cp: cannot stat ‘/blue/stevenweisberg/stevenweisberg/qpfMRIResults/sim_wrapper.sh’: No such file or directory
------------------------------------------
Setting up environment variables
---
LD_LIBRARY_PATH is .:/apps/matlab/mcr/2020b/v99/runtime/glnxa64:/apps/matlab/mcr/2020b/v99/bin/glnxa64:/apps/matlab/mcr/2020b/v99/sys/os/glnxa64:/apps/matlab/mcr/2020b/v99/sys/opengl/lib/glnxa64
Warning: Executing startup failed in matlabrc.
This indicates a potentially serious problem in your MATLAB setup, which should be resolved as soon as possible.  Error detected was:
MATLAB:mpath:PathAlterationNotSupported
Modifying the search path is not supported by MATLAB Compiler. Remove functions that modify the search path from your MATLAB code. To make files visible to your deployed application, add the parent folder to your MATLAB session.
Warning: No stimulus domain specified. Defaulting to values between 0.01 and 1.
> In qpfmriParams (line 182)
In compiledSimulate (line 205)
Stimulus domain added from input.
Parameter slope specified as 0.41000
Parameter semiSat specified as 0.57000
Parameter beta specified as 1.00000
Parameter sigma specified as 0.25000
seed = 99seed = 104seed = 111seed = 111seed = 115seed = 101Initializing Q+. This may take a minute...
Elapsed time is 10.050681 seconds.
Simulated parameters:
slope: 0.410 semiSat: 0.570 beta: 1.000 sigma: 0.250 

Trial 1: baseline Stimulus Selection
Stimulus: 0.010
Output value 0.000

Q+ parameters
slope: 0.026 semiSat: 0.890 beta: 0.500 sigma: 0.010 
maxBOLD estimate = 1.000


Trial 2: maxBOLD Stimulus Selection
Stimulus: 1.000
Output value 0.182

Q+ parameters
slope: 0.034 semiSat: 0.780 beta: 0.500 sigma: 0.010 
maxBOLD estimate = 1.000


Trial 3: baseline Stimulus Selection
Stimulus: 0.010
Output value -0.102

Q+ parameters
slope: 0.043 semiSat: 0.780 beta: 1.125 sigma: 0.218 
maxBOLD estimate = 0.500


Trial 4: maxBOLD Stimulus Selection
Stimulus: 1.000
Output value 0.767

Q+ parameters
slope: 0.055 semiSat: 0.670 beta: 1.250 sigma: 0.479 
maxBOLD estimate = 0.562


Trial 5: baseline Stimulus Selection
Stimulus: 0.010
Output value 0.240

Q+ parameters
slope: 0.055 semiSat: 0.670 beta: 1.250 sigma: 0.427 
maxBOLD estimate = 0.703


Trial 6: maxBOLD Stimulus Selection
Stimulus: 1.000
Output value 1.199

Q+ parameters
slope: 0.055 semiSat: 0.670 beta: 1.250 sigma: 0.323 
maxBOLD estimate = 0.879


Trial 7: random Stimulus Selection
Stimulus: 0.835
Output value 0.290

Q+ parameters
slope: 0.616 semiSat: 0.890 beta: 0.969 sigma: 0.375 
maxBOLD estimate = 1.099


Trial 8: random Stimulus Selection
Stimulus: 0.670
Output value 0.581

Q+ parameters
slope: 0.089 semiSat: 0.890 beta: 1.500 sigma: 0.271 
maxBOLD estimate = 1.064


Trial 9: random Stimulus Selection
Stimulus: 0.257
Output value 0.635

Q+ parameters
slope: 0.616 semiSat: 0.890 beta: 0.875 sigma: 1.000 
maxBOLD estimate = 1.596


Trial 10: baseline Stimulus Selection
Stimulus: 0.010
Output value 0.444

Q+ parameters
slope: 0.379 semiSat: 0.890 beta: 0.875 sigma: 0.479 
maxBOLD estimate = 1.397


Trial 11: random Stimulus Selection
Stimulus: 0.546
Output value -0.194

Q+ parameters
slope: 0.616 semiSat: 0.890 beta: 0.875 sigma: 0.531 
maxBOLD estimate = 1.222


Trial 12: random Stimulus Selection
Stimulus: 0.257
Output value -0.243

Q+ parameters
slope: 0.144 semiSat: 0.890 beta: 1.250 sigma: 0.375 
maxBOLD estimate = 1.069


Trial 13: random Stimulus Selection
Stimulus: 0.010
Output value -0.235

Q+ parameters
slope: 0.616 semiSat: 0.890 beta: 0.969 sigma: 0.583 
maxBOLD estimate = 1.337


Trial 14: random Stimulus Selection
Stimulus: 0.876
Output value 0.912

Q+ parameters
slope: 0.144 semiSat: 0.780 beta: 0.969 sigma: 0.323 
maxBOLD estimate = 1.295


Trial 15: maxBOLD Stimulus Selection
Stimulus: 1.000
Output value 0.684

Q+ parameters
slope: 0.379 semiSat: 0.780 beta: 1.000 sigma: 1.000 
maxBOLD estimate = 1.255


Trial 16: random Stimulus Selection
Stimulus: 0.216
Output value -0.228

Q+ parameters
slope: 0.379 semiSat: 0.780 beta: 1.000 sigma: 1.000 
maxBOLD estimate = 1.255


Trial 17: random Stimulus Selection
Stimulus: 0.876
Output value 0.684

Q+ parameters
slope: 0.379 semiSat: 0.780 beta: 1.000 sigma: 1.000 
maxBOLD estimate = 1.255


Trial 18: random Stimulus Selection
Stimulus: 0.959
Output value 1.369

Q+ parameters
slope: 0.379 semiSat: 0.780 beta: 1.000 sigma: 0.948 
maxBOLD estimate = 1.255


Trial 19: random Stimulus Selection
Stimulus: 0.051
Output value -0.114

Q+ parameters
slope: 0.183 semiSat: 0.670 beta: 1.000 sigma: 0.375 
maxBOLD estimate = 1.255


Trial 20: baseline Stimulus Selection
Stimulus: 0.010
Output value -0.221

Q+ parameters
slope: 1.000 semiSat: 0.560 beta: 0.969 sigma: 0.479 
maxBOLD estimate = 1.255


Trial 21: random Stimulus Selection
Stimulus: 0.546
Output value 0.221

Q+ parameters
slope: 0.183 semiSat: 0.670 beta: 1.000 sigma: 0.375 
maxBOLD estimate = 1.215


Trial 22: random Stimulus Selection
Stimulus: 0.381
Output value -0.221

Q+ parameters
slope: 0.183 semiSat: 0.670 beta: 1.000 sigma: 0.375 
maxBOLD estimate = 1.215


Trial 23: random Stimulus Selection
Stimulus: 0.711
Output value 1.367

Q+ parameters
slope: 0.616 semiSat: 0.670 beta: 1.031 sigma: 0.323 
maxBOLD estimate = 1.215


Trial 24: random Stimulus Selection
Stimulus: 0.835
Output value 1.410

Q+ parameters
slope: 0.616 semiSat: 0.670 beta: 1.031 sigma: 0.323 
maxBOLD estimate = 1.253


Trial 25: maxBOLD Stimulus Selection
Stimulus: 1.000
Output value 1.322

Q+ parameters
slope: 0.616 semiSat: 0.670 beta: 0.938 sigma: 0.271 
maxBOLD estimate = 1.293


Trial 26: random Stimulus Selection
Stimulus: 0.010
Output value 0.310

Q+ parameters
slope: 0.616 semiSat: 0.670 beta: 0.938 sigma: 0.271 
maxBOLD estimate = 1.212


Trial 27: random Stimulus Selection
Stimulus: 0.051
Output value -0.213

Q+ parameters
slope: 0.616 semiSat: 0.670 beta: 1.031 sigma: 0.271 
maxBOLD estimate = 1.136


Trial 28: random Stimulus Selection
Stimulus: 0.876
Output value 0.659

Q+ parameters
slope: 0.616 semiSat: 0.670 beta: 1.031 sigma: 0.271 
maxBOLD estimate = 1.172


Trial 29: random Stimulus Selection
Stimulus: 0.010
Output value -0.213

Q+ parameters
slope: 1.000 semiSat: 0.560 beta: 0.969 sigma: 0.323 
maxBOLD estimate = 1.208


Trial 30: baseline Stimulus Selection
Stimulus: 0.010
Output value -0.206

Q+ parameters
slope: 1.000 semiSat: 0.560 beta: 0.969 sigma: 0.271 
maxBOLD estimate = 1.170

--------------------------------------------------------------
FINAL VALUES
--------------------------------------------------------------
Simulated parameters:              slope: 0.410 semiSat: 0.570 beta: 1.000 sigma: 0.250 
Max posterior QUEST+ parameters:   slope: 1.000 semiSat: 0.560 beta: 0.969 sigma: 0.323 
Max BADS parameters:               slope: 0.798 semiSat: 0.602 beta: 1.000 sigma: 0.313 
maxBOLD estimate: 1.137
