/blue/stevenweisberg/stevenweisberg/MATLAB/projects/Weisberg_Aguirre_2020/scripts/run_sims
c0706a-s9.ufhpc
Wed Apr  7 10:43:10 EDT 2021
mkdir: cannot create directory ‘/blue/stevenweisberg/stevenweisberg/qpfMRIResults/model_parameter_set2/’: File exists
cp: cannot stat ‘/blue/stevenweisberg/stevenweisberg/qpfMRIResults/deploy_sim.sh’: No such file or directory
cp: cannot stat ‘/blue/stevenweisberg/stevenweisberg/qpfMRIResults/sim_wrapper.sh’: No such file or directory
------------------------------------------
Setting up environment variables
---
LD_LIBRARY_PATH is .:/apps/matlab/mcr/2020b/v99/runtime/glnxa64:/apps/matlab/mcr/2020b/v99/bin/glnxa64:/apps/matlab/mcr/2020b/v99/sys/os/glnxa64:/apps/matlab/mcr/2020b/v99/sys/opengl/lib/glnxa64
Warning: Executing startup failed in matlabrc.
This indicates a potentially serious problem in your MATLAB setup, which should be resolved as soon as possible.  Error detected was:
MATLAB:mpath:PathAlterationNotSupported
Modifying the search path is not supported by MATLAB Compiler. Remove functions that modify the search path from your MATLAB code. To make files visible to your deployed application, add the parent folder to your MATLAB session.
Warning: No stimulus domain specified. Defaulting to values between 0.01 and 1.
> In qpfmriParams (line 182)
In compiledSimulate (line 205)
Stimulus domain added from input.
Parameter slope specified as 0.20000
Parameter semiSat specified as 0.57000
Parameter beta specified as 1.00000
Parameter sigma specified as 0.05000
seed = 99seed = 104seed = 111seed = 111seed = 115seed = 101Initializing Q+. This may take a minute...
Elapsed time is 6.440071 seconds.
Simulated parameters:
slope: 0.200 semiSat: 0.570 beta: 1.000 sigma: 0.050 

Trial 1: baseline Stimulus Selection
Stimulus: 0.010
Output value 0.000

Q+ parameters
slope: 0.026 semiSat: 0.890 beta: 0.500 sigma: 0.010 
maxBOLD estimate = 1.000


Trial 2: maxBOLD Stimulus Selection
Stimulus: 1.000
Output value 1.364

Q+ parameters
slope: 0.055 semiSat: 0.670 beta: 1.250 sigma: 0.010 
maxBOLD estimate = 1.000


Trial 3: baseline Stimulus Selection
Stimulus: 0.010
Output value 0.000

Q+ parameters
slope: 0.055 semiSat: 0.670 beta: 1.250 sigma: 0.010 
maxBOLD estimate = 1.250


Trial 4: maxBOLD Stimulus Selection
Stimulus: 1.000
Output value 1.758

Q+ parameters
slope: 0.055 semiSat: 0.670 beta: 1.125 sigma: 0.010 
maxBOLD estimate = 1.562


Trial 5: baseline Stimulus Selection
Stimulus: 0.010
Output value 0.200

Q+ parameters
slope: 0.043 semiSat: 0.780 beta: 1.250 sigma: 0.062 
maxBOLD estimate = 1.758


Trial 6: maxBOLD Stimulus Selection
Stimulus: 1.000
Output value 1.748

Q+ parameters
slope: 0.034 semiSat: 1.000 beta: 1.250 sigma: 0.062 
maxBOLD estimate = 2.197


Trial 7: qplus Stimulus Selection
Stimulus: 0.711
Output value 0.749

Q+ parameters
slope: 0.785 semiSat: 0.120 beta: 0.500 sigma: 0.010 
maxBOLD estimate = 2.747


Trial 8: qplus Stimulus Selection
Stimulus: 0.216
Output value 0.187

Q+ parameters
slope: 0.070 semiSat: 0.560 beta: 1.500 sigma: 0.062 
maxBOLD estimate = 1.373


Trial 9: qplus Stimulus Selection
Stimulus: 0.423
Output value 0.140

Q+ parameters
slope: 0.183 semiSat: 0.560 beta: 0.750 sigma: 0.062 
maxBOLD estimate = 2.060


Trial 10: baseline Stimulus Selection
Stimulus: 0.010
Output value 0.000

Q+ parameters
slope: 0.483 semiSat: 0.450 beta: 0.969 sigma: 0.062 
maxBOLD estimate = 1.545


Trial 11: qplus Stimulus Selection
Stimulus: 0.505
Output value 0.680

Q+ parameters
slope: 0.144 semiSat: 0.560 beta: 1.250 sigma: 0.062 
maxBOLD estimate = 1.497


Trial 12: qplus Stimulus Selection
Stimulus: 0.588
Output value 0.744

Q+ parameters
slope: 0.089 semiSat: 0.560 beta: 0.875 sigma: 0.062 
maxBOLD estimate = 1.871


Trial 13: qplus Stimulus Selection
Stimulus: 0.670
Output value 1.395

Q+ parameters
slope: 0.183 semiSat: 0.560 beta: 0.938 sigma: 0.062 
maxBOLD estimate = 1.637


Trial 14: qplus Stimulus Selection
Stimulus: 0.505
Output value 0.628

Q+ parameters
slope: 0.144 semiSat: 0.560 beta: 1.125 sigma: 0.062 
maxBOLD estimate = 1.535


Trial 15: maxBOLD Stimulus Selection
Stimulus: 1.000
Output value 1.619

Q+ parameters
slope: 0.183 semiSat: 0.560 beta: 0.938 sigma: 0.062 
maxBOLD estimate = 1.727


Trial 16: qplus Stimulus Selection
Stimulus: 0.464
Output value 0.303

Q+ parameters
slope: 0.183 semiSat: 0.560 beta: 1.031 sigma: 0.062 
maxBOLD estimate = 1.619


Trial 17: qplus Stimulus Selection
Stimulus: 0.753
Output value 1.423

Q+ parameters
slope: 0.183 semiSat: 0.560 beta: 0.938 sigma: 0.062 
maxBOLD estimate = 1.669


Trial 18: qplus Stimulus Selection
Stimulus: 0.423
Output value 0.147

Q+ parameters
slope: 0.183 semiSat: 0.560 beta: 1.031 sigma: 0.062 
maxBOLD estimate = 1.565


Trial 19: qplus Stimulus Selection
Stimulus: 0.670
Output value 1.362

Q+ parameters
slope: 0.113 semiSat: 0.560 beta: 1.031 sigma: 0.062 
maxBOLD estimate = 1.614


Trial 20: baseline Stimulus Selection
Stimulus: 0.010
Output value 0.142

Q+ parameters
slope: 0.183 semiSat: 0.560 beta: 0.938 sigma: 0.062 
maxBOLD estimate = 1.664


Trial 21: qplus Stimulus Selection
Stimulus: 0.381
Output value 0.293

Q+ parameters
slope: 0.144 semiSat: 0.560 beta: 1.031 sigma: 0.062 
maxBOLD estimate = 1.560


Trial 22: qplus Stimulus Selection
Stimulus: 0.753
Output value 1.275

Q+ parameters
slope: 0.144 semiSat: 0.560 beta: 0.969 sigma: 0.062 
maxBOLD estimate = 1.609


Trial 23: qplus Stimulus Selection
Stimulus: 0.423
Output value 0.146

Q+ parameters
slope: 0.144 semiSat: 0.560 beta: 1.031 sigma: 0.062 
maxBOLD estimate = 1.559


Trial 24: qplus Stimulus Selection
Stimulus: 0.423
Output value 0.142

Q+ parameters
slope: 0.144 semiSat: 0.560 beta: 0.969 sigma: 0.062 
maxBOLD estimate = 1.607


Trial 25: maxBOLD Stimulus Selection
Stimulus: 1.000
Output value 1.752

Q+ parameters
slope: 0.144 semiSat: 0.560 beta: 1.031 sigma: 0.062 
maxBOLD estimate = 1.557


Trial 26: qplus Stimulus Selection
Stimulus: 0.753
Output value 1.556

Q+ parameters
slope: 0.144 semiSat: 0.560 beta: 0.969 sigma: 0.062 
maxBOLD estimate = 1.606


Trial 27: qplus Stimulus Selection
Stimulus: 0.835
Output value 1.604

Q+ parameters
slope: 0.144 semiSat: 0.560 beta: 1.031 sigma: 0.062 
maxBOLD estimate = 1.556


Trial 28: qplus Stimulus Selection
Stimulus: 0.753
Output value 1.413

Q+ parameters
slope: 0.144 semiSat: 0.560 beta: 0.969 sigma: 0.062 
maxBOLD estimate = 1.604


Trial 29: qplus Stimulus Selection
Stimulus: 0.835
Output value 1.748

Q+ parameters
slope: 0.144 semiSat: 0.560 beta: 1.031 sigma: 0.062 
maxBOLD estimate = 1.554


Trial 30: baseline Stimulus Selection
Stimulus: 0.010
Output value 0.282

Q+ parameters
slope: 0.144 semiSat: 0.560 beta: 0.969 sigma: 0.062 
maxBOLD estimate = 1.603


Trial 31: qplus Stimulus Selection
Stimulus: 0.588
Output value 0.873

Q+ parameters
slope: 0.144 semiSat: 0.560 beta: 1.031 sigma: 0.062 
maxBOLD estimate = 1.553


Trial 32: qplus Stimulus Selection
Stimulus: 0.505
Output value 0.437

Q+ parameters
slope: 0.144 semiSat: 0.560 beta: 1.000 sigma: 0.062 
maxBOLD estimate = 1.601


Trial 33: qplus Stimulus Selection
Stimulus: 0.588
Output value 0.846

Q+ parameters
slope: 0.144 semiSat: 0.560 beta: 0.969 sigma: 0.062 
maxBOLD estimate = 1.601


Trial 34: qplus Stimulus Selection
Stimulus: 0.588
Output value 0.872

Q+ parameters
slope: 0.144 semiSat: 0.560 beta: 1.031 sigma: 0.062 
maxBOLD estimate = 1.551


Trial 35: maxBOLD Stimulus Selection
Stimulus: 1.000
Output value 1.363

Q+ parameters
slope: 0.183 semiSat: 0.560 beta: 0.938 sigma: 0.062 
maxBOLD estimate = 1.600


Trial 36: qplus Stimulus Selection
Stimulus: 0.381
Output value 0.000

Q+ parameters
slope: 0.183 semiSat: 0.560 beta: 1.031 sigma: 0.062 
maxBOLD estimate = 1.500


Trial 37: qplus Stimulus Selection
Stimulus: 0.381
Output value 0.000

Q+ parameters
slope: 0.183 semiSat: 0.560 beta: 1.031 sigma: 0.062 
maxBOLD estimate = 1.546


Trial 38: qplus Stimulus Selection
Stimulus: 0.711
Output value 1.631

Q+ parameters
slope: 0.183 semiSat: 0.560 beta: 0.938 sigma: 0.062 
maxBOLD estimate = 1.595


Trial 39: qplus Stimulus Selection
Stimulus: 0.588
Output value 0.981

Q+ parameters
slope: 0.183 semiSat: 0.560 beta: 1.031 sigma: 0.062 
maxBOLD estimate = 1.495


Trial 40: baseline Stimulus Selection
Stimulus: 0.010
Output value 0.000

Q+ parameters
slope: 0.183 semiSat: 0.560 beta: 1.031 sigma: 0.062 
maxBOLD estimate = 1.542


Trial 41: qplus Stimulus Selection
Stimulus: 0.711
Output value 1.220

Q+ parameters
slope: 0.183 semiSat: 0.560 beta: 0.938 sigma: 0.062 
maxBOLD estimate = 1.590


Trial 42: qplus Stimulus Selection
Stimulus: 0.959
Output value 1.677

Q+ parameters
slope: 0.183 semiSat: 0.560 beta: 1.031 sigma: 0.062 
maxBOLD estimate = 1.491


Trial 43: qplus Stimulus Selection
Stimulus: 0.959
Output value 1.585

Q+ parameters
slope: 0.183 semiSat: 0.560 beta: 1.031 sigma: 0.062 
maxBOLD estimate = 1.537


Trial 44: qplus Stimulus Selection
Stimulus: 0.711
Output value 1.351

Q+ parameters
slope: 0.183 semiSat: 0.560 beta: 0.938 sigma: 0.062 
maxBOLD estimate = 1.585


Trial 45: maxBOLD Stimulus Selection
Stimulus: 1.000
Output value 1.723

Q+ parameters
slope: 0.183 semiSat: 0.560 beta: 1.062 sigma: 0.062 
maxBOLD estimate = 1.486


Trial 46: qplus Stimulus Selection
Stimulus: 0.794
Output value 1.391

Q+ parameters
slope: 0.144 semiSat: 0.560 beta: 0.969 sigma: 0.062 
maxBOLD estimate = 1.579


Trial 47: qplus Stimulus Selection
Stimulus: 0.381
Output value 0.143

Q+ parameters
slope: 0.183 semiSat: 0.560 beta: 1.031 sigma: 0.062 
maxBOLD estimate = 1.530


Trial 48: qplus Stimulus Selection
Stimulus: 0.711
Output value 1.528

Q+ parameters
slope: 0.144 semiSat: 0.560 beta: 0.969 sigma: 0.062 
maxBOLD estimate = 1.577


Trial 49: qplus Stimulus Selection
Stimulus: 0.588
Output value 1.003

Q+ parameters
slope: 0.183 semiSat: 0.560 beta: 1.031 sigma: 0.062 
maxBOLD estimate = 1.528


Trial 50: baseline Stimulus Selection
Stimulus: 0.010
Output value 0.000

Q+ parameters
slope: 0.144 semiSat: 0.560 beta: 0.969 sigma: 0.062 
maxBOLD estimate = 1.576


Trial 51: qplus Stimulus Selection
Stimulus: 0.588
Output value 1.002

Q+ parameters
slope: 0.183 semiSat: 0.560 beta: 1.031 sigma: 0.062 
maxBOLD estimate = 1.527


Trial 52: qplus Stimulus Selection
Stimulus: 0.711
Output value 1.525

Q+ parameters
slope: 0.183 semiSat: 0.560 beta: 0.969 sigma: 0.062 
maxBOLD estimate = 1.574


Trial 53: qplus Stimulus Selection
Stimulus: 0.381
Output value 0.286

Q+ parameters
slope: 0.183 semiSat: 0.560 beta: 1.031 sigma: 0.062 
maxBOLD estimate = 1.525


Trial 54: qplus Stimulus Selection
Stimulus: 0.711
Output value 1.573

Q+ parameters
slope: 0.144 semiSat: 0.560 beta: 1.000 sigma: 0.062 
maxBOLD estimate = 1.573


Trial 55: maxBOLD Stimulus Selection
Stimulus: 1.000
Output value 1.573

Q+ parameters
slope: 0.144 semiSat: 0.560 beta: 1.000 sigma: 0.062 
maxBOLD estimate = 1.573


Trial 56: qplus Stimulus Selection
Stimulus: 0.588
Output value 1.001

Q+ parameters
slope: 0.144 semiSat: 0.560 beta: 1.000 sigma: 0.062 
maxBOLD estimate = 1.573


Trial 57: qplus Stimulus Selection
Stimulus: 0.588
Output value 0.858

Q+ parameters
slope: 0.144 semiSat: 0.560 beta: 1.000 sigma: 0.062 
maxBOLD estimate = 1.573


Trial 58: qplus Stimulus Selection
Stimulus: 0.588
Output value 1.001

Q+ parameters
slope: 0.144 semiSat: 0.560 beta: 1.000 sigma: 0.062 
maxBOLD estimate = 1.573


Trial 59: qplus Stimulus Selection
Stimulus: 0.588
Output value 1.001

Q+ parameters
slope: 0.144 semiSat: 0.560 beta: 1.000 sigma: 0.062 
maxBOLD estimate = 1.573


Trial 60: baseline Stimulus Selection
Stimulus: 0.010
Output value 0.000

Q+ parameters
slope: 0.144 semiSat: 0.560 beta: 1.000 sigma: 0.062 
maxBOLD estimate = 1.573


Trial 61: qplus Stimulus Selection
Stimulus: 0.381
Output value 0.000

Q+ parameters
slope: 0.144 semiSat: 0.560 beta: 1.000 sigma: 0.062 
maxBOLD estimate = 1.573


Trial 62: qplus Stimulus Selection
Stimulus: 0.381
Output value 0.286

Q+ parameters
slope: 0.144 semiSat: 0.560 beta: 1.000 sigma: 0.062 
maxBOLD estimate = 1.573


Trial 63: qplus Stimulus Selection
Stimulus: 0.588
Output value 1.144

Q+ parameters
slope: 0.144 semiSat: 0.560 beta: 1.000 sigma: 0.062 
maxBOLD estimate = 1.573


Trial 64: qplus Stimulus Selection
Stimulus: 0.753
Output value 1.430

Q+ parameters
slope: 0.144 semiSat: 0.560 beta: 1.000 sigma: 0.062 
maxBOLD estimate = 1.573


Trial 65: maxBOLD Stimulus Selection
Stimulus: 1.000
Output value 1.573

Q+ parameters
slope: 0.144 semiSat: 0.560 beta: 1.000 sigma: 0.062 
maxBOLD estimate = 1.573


Trial 66: qplus Stimulus Selection
Stimulus: 0.505
Output value 0.429

Q+ parameters
slope: 0.144 semiSat: 0.560 beta: 1.000 sigma: 0.062 
maxBOLD estimate = 1.573


Trial 67: qplus Stimulus Selection
Stimulus: 0.753
Output value 1.769

Q+ parameters
slope: 0.144 semiSat: 0.560 beta: 1.031 sigma: 0.062 
maxBOLD estimate = 1.573


Trial 68: qplus Stimulus Selection
Stimulus: 0.505
Output value 0.429

Q+ parameters
slope: 0.144 semiSat: 0.560 beta: 0.969 sigma: 0.062 
maxBOLD estimate = 1.622

