/blue/stevenweisberg/stevenweisberg/MATLAB/projects/Weisberg_Aguirre_2020/scripts/run_sims
c29a-s17.ufhpc
Thu Nov 12 14:11:07 EST 2020
cp: cannot stat ‘/blue/stevenweisberg/stevenweisberg/qpfMRIResults/deploy_sim.sh’: No such file or directory
cp: cannot stat ‘/blue/stevenweisberg/stevenweisberg/qpfMRIResults/sim_wrapper.sh’: No such file or directory
------------------------------------------
Setting up environment variables
---
LD_LIBRARY_PATH is .:/apps/matlab/mcr/2020b/v99/runtime/glnxa64:/apps/matlab/mcr/2020b/v99/bin/glnxa64:/apps/matlab/mcr/2020b/v99/sys/os/glnxa64:/apps/matlab/mcr/2020b/v99/sys/opengl/lib/glnxa64
Warning: Executing startup failed in matlabrc.
This indicates a potentially serious problem in your MATLAB setup, which should be resolved as soon as possible.  Error detected was:
MATLAB:mpath:PathAlterationNotSupported
Modifying the search path is not supported by MATLAB Compiler. Remove functions that modify the search path from your MATLAB code. To make files visible to your deployed application, add the parent folder to your MATLAB session.
Warning: No stimulus domain specified. Defaulting to values between 0.01 and 1.
> In qpfmriParams (line 182)
In compiledSimulate (line 205)
Stimulus domain added from input.
Parameter slope specified as 0.41000
Parameter semiSat specified as 0.57000
Parameter beta specified as 1.00000
Parameter sigma specified as 0.15000
seed = 99seed = 104seed = 111seed = 111seed = 115seed = 101Initializing Q+. This may take a minute...
Elapsed time is 10.270325 seconds.
Simulated parameters:
slope: 0.410 semiSat: 0.570 beta: 1.000 sigma: 0.150 

Trial 1: baseline Stimulus Selection
Stimulus: 0.010
Output value 0.000

Q+ parameters
slope: 0.026 semiSat: 0.890 beta: 0.500 sigma: 0.010 
maxBOLD estimate = 1.000


Trial 2: maxBOLD Stimulus Selection
Stimulus: 1.000
Output value 1.125

Q+ parameters
slope: 0.055 semiSat: 0.670 beta: 1.125 sigma: 0.010 
maxBOLD estimate = 1.000


Trial 3: baseline Stimulus Selection
Stimulus: 0.010
Output value -0.128

Q+ parameters
slope: 0.055 semiSat: 0.670 beta: 1.250 sigma: 0.062 
maxBOLD estimate = 1.125


Trial 4: maxBOLD Stimulus Selection
Stimulus: 1.000
Output value 1.007

Q+ parameters
slope: 0.043 semiSat: 0.780 beta: 1.125 sigma: 0.114 
maxBOLD estimate = 1.406


Trial 5: baseline Stimulus Selection
Stimulus: 0.010
Output value -0.360

Q+ parameters
slope: 0.043 semiSat: 0.780 beta: 1.250 sigma: 0.114 
maxBOLD estimate = 1.582


Trial 6: maxBOLD Stimulus Selection
Stimulus: 1.000
Output value 1.573

Q+ parameters
slope: 0.034 semiSat: 1.000 beta: 1.250 sigma: 0.062 
maxBOLD estimate = 1.978


Trial 7: qplus Stimulus Selection
Stimulus: 0.711
Output value 0.674

Q+ parameters
slope: 0.043 semiSat: 0.780 beta: 0.750 sigma: 0.062 
maxBOLD estimate = 2.472


Trial 8: qplus Stimulus Selection
Stimulus: 0.505
Output value -0.253

Q+ parameters
slope: 0.183 semiSat: 0.670 beta: 0.750 sigma: 0.114 
maxBOLD estimate = 1.854


Trial 9: qplus Stimulus Selection
Stimulus: 0.711
Output value 1.469

Q+ parameters
slope: 0.616 semiSat: 0.560 beta: 0.969 sigma: 0.166 
maxBOLD estimate = 1.390


Trial 10: baseline Stimulus Selection
Stimulus: 0.010
Output value 0.000

Q+ parameters
slope: 0.616 semiSat: 0.560 beta: 0.875 sigma: 0.114 
maxBOLD estimate = 1.347


Trial 11: qplus Stimulus Selection
Stimulus: 0.629
Output value 0.934

Q+ parameters
slope: 0.616 semiSat: 0.560 beta: 0.969 sigma: 0.114 
maxBOLD estimate = 1.179


Trial 12: qplus Stimulus Selection
Stimulus: 0.588
Output value 0.623

Q+ parameters
slope: 0.144 semiSat: 0.670 beta: 1.500 sigma: 0.114 
maxBOLD estimate = 1.142


Trial 13: qplus Stimulus Selection
Stimulus: 0.588
Output value 0.584

Q+ parameters
slope: 0.298 semiSat: 0.560 beta: 0.750 sigma: 0.114 
maxBOLD estimate = 1.713


Trial 14: qplus Stimulus Selection
Stimulus: 0.629
Output value 1.022

Q+ parameters
slope: 0.379 semiSat: 0.560 beta: 0.875 sigma: 0.166 
maxBOLD estimate = 1.285


Trial 15: maxBOLD Stimulus Selection
Stimulus: 1.000
Output value 1.188

Q+ parameters
slope: 0.379 semiSat: 0.560 beta: 0.969 sigma: 0.114 
maxBOLD estimate = 1.124


Trial 16: qplus Stimulus Selection
Stimulus: 0.505
Output value 0.316

Q+ parameters
slope: 0.298 semiSat: 0.560 beta: 1.062 sigma: 0.114 
maxBOLD estimate = 1.089


Trial 17: qplus Stimulus Selection
Stimulus: 0.588
Output value 1.341

Q+ parameters
slope: 0.379 semiSat: 0.560 beta: 1.062 sigma: 0.166 
maxBOLD estimate = 1.157


Trial 18: qplus Stimulus Selection
Stimulus: 0.546
Output value 0.325

Q+ parameters
slope: 0.379 semiSat: 0.560 beta: 0.969 sigma: 0.166 
maxBOLD estimate = 1.229


Trial 19: qplus Stimulus Selection
Stimulus: 0.505
Output value -0.210

Q+ parameters
slope: 0.616 semiSat: 0.560 beta: 0.969 sigma: 0.166 
maxBOLD estimate = 1.191


Trial 20: baseline Stimulus Selection
Stimulus: 0.010
Output value -0.236

Q+ parameters
slope: 0.379 semiSat: 0.560 beta: 1.125 sigma: 0.114 
maxBOLD estimate = 1.154


Trial 21: qplus Stimulus Selection
Stimulus: 0.546
Output value -0.125

Q+ parameters
slope: 0.785 semiSat: 0.560 beta: 1.062 sigma: 0.166 
maxBOLD estimate = 1.298


Trial 22: qplus Stimulus Selection
Stimulus: 0.546
Output value -0.266

Q+ parameters
slope: 1.000 semiSat: 0.560 beta: 1.062 sigma: 0.166 
maxBOLD estimate = 1.379


Trial 23: qplus Stimulus Selection
Stimulus: 0.588
Output value 0.516

Q+ parameters
slope: 0.616 semiSat: 0.560 beta: 0.969 sigma: 0.166 
maxBOLD estimate = 1.465


Trial 24: qplus Stimulus Selection
Stimulus: 0.588
Output value 0.500

Q+ parameters
slope: 0.616 semiSat: 0.560 beta: 0.969 sigma: 0.218 
maxBOLD estimate = 1.419


Trial 25: maxBOLD Stimulus Selection
Stimulus: 1.000
Output value 0.484

Q+ parameters
slope: 0.616 semiSat: 0.560 beta: 0.969 sigma: 0.271 
maxBOLD estimate = 1.375


Trial 26: qplus Stimulus Selection
Stimulus: 0.588
Output value 0.772

Q+ parameters
slope: 0.785 semiSat: 0.560 beta: 1.062 sigma: 0.271 
maxBOLD estimate = 1.332


Trial 27: qplus Stimulus Selection
Stimulus: 0.505
Output value 0.000

Q+ parameters
slope: 0.616 semiSat: 0.560 beta: 0.969 sigma: 0.218 
maxBOLD estimate = 1.415


Trial 28: qplus Stimulus Selection
Stimulus: 0.629
Output value 1.192

Q+ parameters
slope: 0.785 semiSat: 0.560 beta: 1.062 sigma: 0.271 
maxBOLD estimate = 1.371


Trial 29: qplus Stimulus Selection
Stimulus: 0.629
Output value 1.283

Q+ parameters
slope: 0.616 semiSat: 0.560 beta: 0.969 sigma: 0.271 
maxBOLD estimate = 1.457


Trial 30: baseline Stimulus Selection
Stimulus: 0.010
Output value 0.224

Q+ parameters
slope: 0.616 semiSat: 0.560 beta: 0.875 sigma: 0.218 
maxBOLD estimate = 1.411

--------------------------------------------------------------
FINAL VALUES
--------------------------------------------------------------
Simulated parameters:              slope: 0.410 semiSat: 0.570 beta: 1.000 sigma: 0.150 
Max posterior QUEST+ parameters:   slope: 0.785 semiSat: 0.560 beta: 1.062 sigma: 0.271 
Max BADS parameters:               slope: 0.703 semiSat: 0.584 beta: 1.000 sigma: 0.180 
maxBOLD estimate: 1.285
