/blue/stevenweisberg/stevenweisberg/MATLAB/projects/Weisberg_Aguirre_2020/scripts/run_sims
c0706a-s7.ufhpc
Wed Apr  7 08:23:53 EDT 2021
mkdir: cannot create directory ‘/blue/stevenweisberg/stevenweisberg/qpfMRIResults/model_parameter_set2/’: File exists
cp: cannot stat ‘/blue/stevenweisberg/stevenweisberg/qpfMRIResults/deploy_sim.sh’: No such file or directory
cp: cannot stat ‘/blue/stevenweisberg/stevenweisberg/qpfMRIResults/sim_wrapper.sh’: No such file or directory
------------------------------------------
Setting up environment variables
---
LD_LIBRARY_PATH is .:/apps/matlab/mcr/2020b/v99/runtime/glnxa64:/apps/matlab/mcr/2020b/v99/bin/glnxa64:/apps/matlab/mcr/2020b/v99/sys/os/glnxa64:/apps/matlab/mcr/2020b/v99/sys/opengl/lib/glnxa64
Warning: Executing startup failed in matlabrc.
This indicates a potentially serious problem in your MATLAB setup, which should be resolved as soon as possible.  Error detected was:
MATLAB:mpath:PathAlterationNotSupported
Modifying the search path is not supported by MATLAB Compiler. Remove functions that modify the search path from your MATLAB code. To make files visible to your deployed application, add the parent folder to your MATLAB session.
Warning: No stimulus domain specified. Defaulting to values between 0.01 and 1.
> In qpfmriParams (line 182)
In compiledSimulate (line 205)
Stimulus domain added from input.
Parameter slope specified as 0.20000
Parameter semiSat specified as 0.57000
Parameter beta specified as 1.00000
Parameter sigma specified as 0.05000
seed = 99seed = 104seed = 111seed = 111seed = 115seed = 101Initializing Q+. This may take a minute...
Elapsed time is 6.678602 seconds.
Simulated parameters:
slope: 0.200 semiSat: 0.570 beta: 1.000 sigma: 0.050 

Trial 1: baseline Stimulus Selection
Stimulus: 0.010
Output value 0.000

Q+ parameters
slope: 0.026 semiSat: 0.890 beta: 0.500 sigma: 0.010 
maxBOLD estimate = 1.000


Trial 2: maxBOLD Stimulus Selection
Stimulus: 1.000
Output value 1.364

Q+ parameters
slope: 0.055 semiSat: 0.670 beta: 1.250 sigma: 0.010 
maxBOLD estimate = 1.000


Trial 3: baseline Stimulus Selection
Stimulus: 0.010
Output value 0.000

Q+ parameters
slope: 0.055 semiSat: 0.670 beta: 1.250 sigma: 0.010 
maxBOLD estimate = 1.250


Trial 4: maxBOLD Stimulus Selection
Stimulus: 1.000
Output value 1.758

Q+ parameters
slope: 0.055 semiSat: 0.670 beta: 1.125 sigma: 0.062 
maxBOLD estimate = 1.562


Trial 5: baseline Stimulus Selection
Stimulus: 0.010
Output value 0.180

Q+ parameters
slope: 0.043 semiSat: 0.780 beta: 1.125 sigma: 0.062 
maxBOLD estimate = 1.758


Trial 6: maxBOLD Stimulus Selection
Stimulus: 1.000
Output value 1.393

Q+ parameters
slope: 0.043 semiSat: 0.780 beta: 0.969 sigma: 0.062 
maxBOLD estimate = 1.978


Trial 7: random Stimulus Selection
Stimulus: 0.629
Output value 1.067

Q+ parameters
slope: 0.070 semiSat: 0.450 beta: 0.875 sigma: 0.062 
maxBOLD estimate = 1.916


Trial 8: random Stimulus Selection
Stimulus: 0.753
Output value 1.286

Q+ parameters
slope: 0.070 semiSat: 0.450 beta: 0.938 sigma: 0.062 
maxBOLD estimate = 1.676


Trial 9: random Stimulus Selection
Stimulus: 0.876
Output value 1.473

Q+ parameters
slope: 0.070 semiSat: 0.450 beta: 0.938 sigma: 0.062 
maxBOLD estimate = 1.572


Trial 10: baseline Stimulus Selection
Stimulus: 0.010
Output value 0.000

Q+ parameters
slope: 0.089 semiSat: 0.450 beta: 1.000 sigma: 0.062 
maxBOLD estimate = 1.473


Trial 11: random Stimulus Selection
Stimulus: 0.010
Output value -0.142

Q+ parameters
slope: 0.144 semiSat: 0.560 beta: 1.062 sigma: 0.062 
maxBOLD estimate = 1.473


Trial 12: random Stimulus Selection
Stimulus: 0.959
Output value 1.121

Q+ parameters
slope: 0.089 semiSat: 0.340 beta: 0.875 sigma: 0.062 
maxBOLD estimate = 1.565


Trial 13: random Stimulus Selection
Stimulus: 0.505
Output value 0.778

Q+ parameters
slope: 0.144 semiSat: 0.560 beta: 1.250 sigma: 0.062 
maxBOLD estimate = 1.370


Trial 14: random Stimulus Selection
Stimulus: 0.340
Output value 0.000

Q+ parameters
slope: 0.144 semiSat: 0.560 beta: 0.938 sigma: 0.062 
maxBOLD estimate = 1.712


Trial 15: maxBOLD Stimulus Selection
Stimulus: 1.000
Output value 1.696

Q+ parameters
slope: 0.144 semiSat: 0.560 beta: 0.969 sigma: 0.062 
maxBOLD estimate = 1.605


Trial 16: random Stimulus Selection
Stimulus: 0.092
Output value 0.283

Q+ parameters
slope: 0.183 semiSat: 0.560 beta: 1.000 sigma: 0.062 
maxBOLD estimate = 1.555


Trial 17: random Stimulus Selection
Stimulus: 0.753
Output value 1.696

Q+ parameters
slope: 0.183 semiSat: 0.560 beta: 1.000 sigma: 0.062 
maxBOLD estimate = 1.555


Trial 18: random Stimulus Selection
Stimulus: 0.051
Output value 0.283

Q+ parameters
slope: 0.183 semiSat: 0.560 beta: 1.000 sigma: 0.062 
maxBOLD estimate = 1.555


Trial 19: random Stimulus Selection
Stimulus: 0.134
Output value 0.283

Q+ parameters
slope: 0.183 semiSat: 0.560 beta: 1.000 sigma: 0.062 
maxBOLD estimate = 1.555


Trial 20: baseline Stimulus Selection
Stimulus: 0.010
Output value 0.141

Q+ parameters
slope: 0.183 semiSat: 0.560 beta: 1.000 sigma: 0.062 
maxBOLD estimate = 1.555


Trial 21: random Stimulus Selection
Stimulus: 0.629
Output value 1.272

Q+ parameters
slope: 0.183 semiSat: 0.560 beta: 1.000 sigma: 0.062 
maxBOLD estimate = 1.555


Trial 22: random Stimulus Selection
Stimulus: 1.000
Output value 1.696

Q+ parameters
slope: 0.183 semiSat: 0.560 beta: 1.000 sigma: 0.062 
maxBOLD estimate = 1.555


Trial 23: random Stimulus Selection
Stimulus: 0.753
Output value 1.414

Q+ parameters
slope: 0.183 semiSat: 0.560 beta: 1.000 sigma: 0.062 
maxBOLD estimate = 1.555


Trial 24: random Stimulus Selection
Stimulus: 0.918
Output value 1.555

Q+ parameters
slope: 0.183 semiSat: 0.560 beta: 1.000 sigma: 0.062 
maxBOLD estimate = 1.555


Trial 25: maxBOLD Stimulus Selection
Stimulus: 1.000
Output value 1.696

Q+ parameters
slope: 0.183 semiSat: 0.560 beta: 1.000 sigma: 0.062 
maxBOLD estimate = 1.555


Trial 26: random Stimulus Selection
Stimulus: 0.670
Output value 1.272

Q+ parameters
slope: 0.183 semiSat: 0.560 beta: 1.000 sigma: 0.062 
maxBOLD estimate = 1.555


Trial 27: random Stimulus Selection
Stimulus: 0.299
Output value 0.141

Q+ parameters
slope: 0.183 semiSat: 0.560 beta: 1.000 sigma: 0.062 
maxBOLD estimate = 1.555


Trial 28: random Stimulus Selection
Stimulus: 0.835
Output value 1.369

Q+ parameters
slope: 0.144 semiSat: 0.560 beta: 0.969 sigma: 0.062 
maxBOLD estimate = 1.555


Trial 29: random Stimulus Selection
Stimulus: 0.175
Output value -0.137

Q+ parameters
slope: 0.183 semiSat: 0.560 beta: 1.000 sigma: 0.062 
maxBOLD estimate = 1.506


Trial 30: baseline Stimulus Selection
Stimulus: 0.010
Output value 0.000

Q+ parameters
slope: 0.183 semiSat: 0.560 beta: 1.000 sigma: 0.062 
maxBOLD estimate = 1.506


Trial 31: random Stimulus Selection
Stimulus: 0.835
Output value 1.506

Q+ parameters
slope: 0.183 semiSat: 0.560 beta: 1.000 sigma: 0.062 
maxBOLD estimate = 1.506


Trial 32: random Stimulus Selection
Stimulus: 0.051
Output value 0.137

Q+ parameters
slope: 0.183 semiSat: 0.560 beta: 1.000 sigma: 0.062 
maxBOLD estimate = 1.506


Trial 33: random Stimulus Selection
Stimulus: 0.670
Output value 1.506

Q+ parameters
slope: 0.183 semiSat: 0.560 beta: 1.000 sigma: 0.062 
maxBOLD estimate = 1.506


Trial 34: random Stimulus Selection
Stimulus: 0.835
Output value 1.506

Q+ parameters
slope: 0.183 semiSat: 0.560 beta: 1.000 sigma: 0.062 
maxBOLD estimate = 1.506


Trial 35: maxBOLD Stimulus Selection
Stimulus: 1.000
Output value 1.369

Q+ parameters
slope: 0.183 semiSat: 0.560 beta: 1.000 sigma: 0.062 
maxBOLD estimate = 1.506


Trial 36: random Stimulus Selection
Stimulus: 0.959
Output value 1.369

Q+ parameters
slope: 0.183 semiSat: 0.560 beta: 1.000 sigma: 0.062 
maxBOLD estimate = 1.506


Trial 37: random Stimulus Selection
Stimulus: 0.794
Output value 1.506

Q+ parameters
slope: 0.183 semiSat: 0.560 beta: 1.000 sigma: 0.062 
maxBOLD estimate = 1.506


Trial 38: random Stimulus Selection
Stimulus: 0.423
Output value 0.000

Q+ parameters
slope: 0.234 semiSat: 0.560 beta: 0.969 sigma: 0.062 
maxBOLD estimate = 1.506


Trial 39: random Stimulus Selection
Stimulus: 0.588
Output value 0.987

Q+ parameters
slope: 0.183 semiSat: 0.560 beta: 1.062 sigma: 0.062 
maxBOLD estimate = 1.459


Trial 40: baseline Stimulus Selection
Stimulus: 0.010
Output value 0.000

Q+ parameters
slope: 0.234 semiSat: 0.560 beta: 0.969 sigma: 0.062 
maxBOLD estimate = 1.550


Trial 41: random Stimulus Selection
Stimulus: 0.257
Output value 0.141

Q+ parameters
slope: 0.234 semiSat: 0.560 beta: 1.031 sigma: 0.062 
maxBOLD estimate = 1.502


Trial 42: random Stimulus Selection
Stimulus: 0.711
Output value 1.690

Q+ parameters
slope: 0.234 semiSat: 0.560 beta: 1.000 sigma: 0.062 
maxBOLD estimate = 1.549


Trial 43: random Stimulus Selection
Stimulus: 0.794
Output value 1.549

Q+ parameters
slope: 0.234 semiSat: 0.560 beta: 1.000 sigma: 0.062 
maxBOLD estimate = 1.549


Trial 44: random Stimulus Selection
Stimulus: 0.010
Output value 0.000

Q+ parameters
slope: 0.234 semiSat: 0.560 beta: 1.000 sigma: 0.062 
maxBOLD estimate = 1.549


Trial 45: maxBOLD Stimulus Selection
Stimulus: 1.000
Output value 1.690

Q+ parameters
slope: 0.234 semiSat: 0.560 beta: 1.000 sigma: 0.062 
maxBOLD estimate = 1.549


Trial 46: random Stimulus Selection
Stimulus: 0.010
Output value 0.141

Q+ parameters
slope: 0.234 semiSat: 0.560 beta: 1.000 sigma: 0.062 
maxBOLD estimate = 1.549


Trial 47: random Stimulus Selection
Stimulus: 0.216
Output value 0.141

Q+ parameters
slope: 0.234 semiSat: 0.560 beta: 1.000 sigma: 0.062 
maxBOLD estimate = 1.549


Trial 48: random Stimulus Selection
Stimulus: 0.670
Output value 1.267

Q+ parameters
slope: 0.234 semiSat: 0.560 beta: 1.000 sigma: 0.062 
maxBOLD estimate = 1.549


Trial 49: random Stimulus Selection
Stimulus: 0.216
Output value 0.141

Q+ parameters
slope: 0.234 semiSat: 0.560 beta: 1.000 sigma: 0.062 
maxBOLD estimate = 1.549


Trial 50: baseline Stimulus Selection
Stimulus: 0.010
Output value 0.141

Q+ parameters
slope: 0.234 semiSat: 0.560 beta: 1.000 sigma: 0.062 
maxBOLD estimate = 1.549


Trial 51: random Stimulus Selection
Stimulus: 0.423
Output value 0.290

Q+ parameters
slope: 0.183 semiSat: 0.560 beta: 1.031 sigma: 0.062 
maxBOLD estimate = 1.549


Trial 52: random Stimulus Selection
Stimulus: 0.629
Output value 1.125

Q+ parameters
slope: 0.144 semiSat: 0.560 beta: 0.969 sigma: 0.062 
maxBOLD estimate = 1.597


Trial 53: random Stimulus Selection
Stimulus: 0.299
Output value 0.145

Q+ parameters
slope: 0.183 semiSat: 0.560 beta: 1.031 sigma: 0.062 
maxBOLD estimate = 1.547


Trial 54: random Stimulus Selection
Stimulus: 0.505
Output value 0.422

Q+ parameters
slope: 0.144 semiSat: 0.560 beta: 0.969 sigma: 0.062 
maxBOLD estimate = 1.596


Trial 55: maxBOLD Stimulus Selection
Stimulus: 1.000
Output value 1.739

Q+ parameters
slope: 0.183 semiSat: 0.560 beta: 1.031 sigma: 0.062 
maxBOLD estimate = 1.546


Trial 56: random Stimulus Selection
Stimulus: 0.753
Output value 1.685

Q+ parameters
slope: 0.144 semiSat: 0.560 beta: 0.969 sigma: 0.062 
maxBOLD estimate = 1.594


Trial 57: random Stimulus Selection
Stimulus: 0.876
Output value 1.593

Q+ parameters
slope: 0.183 semiSat: 0.560 beta: 1.031 sigma: 0.062 
maxBOLD estimate = 1.544


Trial 58: random Stimulus Selection
Stimulus: 0.505
Output value 0.421

Q+ parameters
slope: 0.144 semiSat: 0.560 beta: 0.969 sigma: 0.062 
maxBOLD estimate = 1.593


Trial 59: random Stimulus Selection
Stimulus: 0.464
Output value 0.289

Q+ parameters
slope: 0.183 semiSat: 0.560 beta: 1.031 sigma: 0.062 
maxBOLD estimate = 1.543


Trial 60: baseline Stimulus Selection
Stimulus: 0.010
Output value 0.000

Q+ parameters
slope: 0.144 semiSat: 0.560 beta: 0.969 sigma: 0.062 
maxBOLD estimate = 1.591


Trial 61: random Stimulus Selection
Stimulus: 0.299
Output value 0.000

Q+ parameters
slope: 0.183 semiSat: 0.560 beta: 1.031 sigma: 0.062 
maxBOLD estimate = 1.541


Trial 62: random Stimulus Selection
Stimulus: 0.753
Output value 1.400

Q+ parameters
slope: 0.144 semiSat: 0.560 beta: 0.969 sigma: 0.062 
maxBOLD estimate = 1.590


Trial 63: random Stimulus Selection
Stimulus: 0.010
Output value 0.144

Q+ parameters
slope: 0.183 semiSat: 0.560 beta: 1.031 sigma: 0.062 
maxBOLD estimate = 1.540


Trial 64: random Stimulus Selection
Stimulus: 0.010
Output value 0.135

Q+ parameters
slope: 0.183 semiSat: 0.560 beta: 0.938 sigma: 0.062 
maxBOLD estimate = 1.588


Trial 65: maxBOLD Stimulus Selection
Stimulus: 1.000
Output value 1.675

Q+ parameters
slope: 0.183 semiSat: 0.560 beta: 1.031 sigma: 0.062 
maxBOLD estimate = 1.489


Trial 66: random Stimulus Selection
Stimulus: 0.588
Output value 1.008

Q+ parameters
slope: 0.183 semiSat: 0.560 beta: 1.031 sigma: 0.062 
maxBOLD estimate = 1.535


Trial 67: random Stimulus Selection
Stimulus: 0.670
Output value 1.394

Q+ parameters
slope: 0.144 semiSat: 0.560 beta: 0.969 sigma: 0.062 
maxBOLD estimate = 1.583


Trial 68: random Stimulus Selection
Stimulus: 0.092
Output value 0.000

Q+ parameters
slope: 0.183 semiSat: 0.560 beta: 1.031 sigma: 0.062 
maxBOLD estimate = 1.534


Trial 69: random Stimulus Selection
Stimulus: 0.051
Output value -0.139

Q+ parameters
slope: 0.144 semiSat: 0.560 beta: 0.969 sigma: 0.062 
maxBOLD estimate = 1.582


Trial 70: baseline Stimulus Selection
Stimulus: 0.010
Output value 0.000

Q+ parameters
slope: 0.183 semiSat: 0.560 beta: 1.031 sigma: 0.062 
maxBOLD estimate = 1.532


Trial 71: random Stimulus Selection
Stimulus: 1.000
Output value 1.347

Q+ parameters
slope: 0.183 semiSat: 0.560 beta: 0.938 sigma: 0.062 
maxBOLD estimate = 1.580


Trial 72: random Stimulus Selection
Stimulus: 0.299
Output value 0.000

Q+ parameters
slope: 0.183 semiSat: 0.560 beta: 1.031 sigma: 0.062 
maxBOLD estimate = 1.481


Trial 73: random Stimulus Selection
Stimulus: 0.753
Output value 1.719

Q+ parameters
slope: 0.183 semiSat: 0.560 beta: 1.031 sigma: 0.062 
maxBOLD estimate = 1.528


Trial 74: random Stimulus Selection
Stimulus: 0.959
Output value 1.387

Q+ parameters
slope: 0.144 semiSat: 0.560 beta: 0.969 sigma: 0.062 
maxBOLD estimate = 1.575


Trial 75: maxBOLD Stimulus Selection
Stimulus: 1.000
Output value 1.574

Q+ parameters
slope: 0.183 semiSat: 0.560 beta: 1.031 sigma: 0.062 
maxBOLD estimate = 1.526


Trial 76: random Stimulus Selection
Stimulus: 0.753
Output value 1.663

Q+ parameters
slope: 0.144 semiSat: 0.560 beta: 0.969 sigma: 0.062 
maxBOLD estimate = 1.574


Trial 77: random Stimulus Selection
Stimulus: 0.423
Output value 0.143

Q+ parameters
slope: 0.183 semiSat: 0.560 beta: 1.031 sigma: 0.062 
maxBOLD estimate = 1.525


Trial 78: random Stimulus Selection
Stimulus: 0.092
Output value 0.000

Q+ parameters
slope: 0.144 semiSat: 0.560 beta: 0.969 sigma: 0.062 
maxBOLD estimate = 1.572


Trial 79: random Stimulus Selection
Stimulus: 0.381
Output value 0.143

Q+ parameters
slope: 0.183 semiSat: 0.560 beta: 1.031 sigma: 0.062 
maxBOLD estimate = 1.523


Trial 80: baseline Stimulus Selection
Stimulus: 0.010
Output value 0.000

Q+ parameters
slope: 0.144 semiSat: 0.560 beta: 0.969 sigma: 0.062 
maxBOLD estimate = 1.571


Trial 81: random Stimulus Selection
Stimulus: 1.000
Output value 1.569

Q+ parameters
slope: 0.183 semiSat: 0.560 beta: 1.031 sigma: 0.062 
maxBOLD estimate = 1.522


Trial 82: random Stimulus Selection
Stimulus: 1.000
Output value 1.382

Q+ parameters
slope: 0.144 semiSat: 0.560 beta: 0.969 sigma: 0.062 
maxBOLD estimate = 1.569


Trial 83: random Stimulus Selection
Stimulus: 0.051
Output value 0.143

Q+ parameters
slope: 0.183 semiSat: 0.560 beta: 1.031 sigma: 0.062 
maxBOLD estimate = 1.520


Trial 84: random Stimulus Selection
Stimulus: 0.134
Output value 0.138

Q+ parameters
slope: 0.144 semiSat: 0.560 beta: 0.969 sigma: 0.062 
maxBOLD estimate = 1.568


Trial 85: maxBOLD Stimulus Selection
Stimulus: 1.000
Output value 1.566

Q+ parameters
slope: 0.183 semiSat: 0.560 beta: 1.031 sigma: 0.062 
maxBOLD estimate = 1.519


Trial 86: random Stimulus Selection
Stimulus: 0.464
Output value 0.000

Q+ parameters
slope: 0.144 semiSat: 0.560 beta: 0.969 sigma: 0.062 
maxBOLD estimate = 1.566


Trial 87: random Stimulus Selection
Stimulus: 0.959
Output value 1.565

Q+ parameters
slope: 0.183 semiSat: 0.560 beta: 1.031 sigma: 0.062 
maxBOLD estimate = 1.517


Trial 88: random Stimulus Selection
Stimulus: 0.299
Output value 0.000

Q+ parameters
slope: 0.144 semiSat: 0.560 beta: 0.969 sigma: 0.062 
maxBOLD estimate = 1.565


Trial 89: random Stimulus Selection
Stimulus: 0.918
Output value 1.563

Q+ parameters
slope: 0.183 semiSat: 0.560 beta: 1.031 sigma: 0.062 
maxBOLD estimate = 1.516


Trial 90: baseline Stimulus Selection
Stimulus: 0.010
Output value 0.000

Q+ parameters
slope: 0.183 semiSat: 0.560 beta: 1.031 sigma: 0.062 
maxBOLD estimate = 1.563


Trial 91: random Stimulus Selection
Stimulus: 0.505
Output value 0.137

Q+ parameters
slope: 0.183 semiSat: 0.560 beta: 0.938 sigma: 0.062 
maxBOLD estimate = 1.612


Trial 92: random Stimulus Selection
Stimulus: 0.134
Output value 0.137

Q+ parameters
slope: 0.234 semiSat: 0.560 beta: 1.000 sigma: 0.062 
maxBOLD estimate = 1.511


Trial 93: random Stimulus Selection
Stimulus: 0.092
Output value 0.000

Q+ parameters
slope: 0.234 semiSat: 0.560 beta: 1.000 sigma: 0.062 
maxBOLD estimate = 1.511


Trial 94: random Stimulus Selection
Stimulus: 0.299
Output value 0.137

Q+ parameters
slope: 0.234 semiSat: 0.560 beta: 1.000 sigma: 0.062 
maxBOLD estimate = 1.511


Trial 95: maxBOLD Stimulus Selection
Stimulus: 1.000
Output value 1.511

Q+ parameters
slope: 0.234 semiSat: 0.560 beta: 1.000 sigma: 0.062 
maxBOLD estimate = 1.511


Trial 96: random Stimulus Selection
Stimulus: 0.753
Output value 1.374

Q+ parameters
slope: 0.234 semiSat: 0.560 beta: 1.000 sigma: 0.062 
maxBOLD estimate = 1.511


Trial 97: random Stimulus Selection
Stimulus: 0.876
Output value 1.511

Q+ parameters
slope: 0.234 semiSat: 0.560 beta: 1.000 sigma: 0.062 
maxBOLD estimate = 1.511


Trial 98: random Stimulus Selection
Stimulus: 0.464
Output value 0.425

Q+ parameters
slope: 0.183 semiSat: 0.560 beta: 1.031 sigma: 0.062 
maxBOLD estimate = 1.511


Trial 99: random Stimulus Selection
Stimulus: 0.546
Output value 0.686

Q+ parameters
slope: 0.144 semiSat: 0.560 beta: 0.969 sigma: 0.062 
maxBOLD estimate = 1.559


Trial 100: baseline Stimulus Selection
Stimulus: 0.010
Output value 0.142

Q+ parameters
slope: 0.183 semiSat: 0.560 beta: 1.031 sigma: 0.062 
maxBOLD estimate = 1.510

--------------------------------------------------------------
FINAL VALUES
--------------------------------------------------------------
Simulated parameters:              slope: 0.200 semiSat: 0.570 beta: 1.000 sigma: 0.050 
Max posterior QUEST+ parameters:   slope: 0.144 semiSat: 0.560 beta: 0.969 sigma: 0.062 
Max BADS parameters:               slope: 0.168 semiSat: 0.557 beta: 1.000 sigma: 0.057 
maxBOLD estimate: 1.547
