/blue/stevenweisberg/stevenweisberg/MATLAB/projects/Weisberg_Aguirre_2020/scripts/run_sims
c24a-s22.ufhpc
Thu Nov 12 13:46:17 EST 2020
cp: cannot stat ‘/blue/stevenweisberg/stevenweisberg/qpfMRIResults/deploy_sim.sh’: No such file or directory
cp: cannot stat ‘/blue/stevenweisberg/stevenweisberg/qpfMRIResults/sim_wrapper.sh’: No such file or directory
------------------------------------------
Setting up environment variables
---
LD_LIBRARY_PATH is .:/apps/matlab/mcr/2020b/v99/runtime/glnxa64:/apps/matlab/mcr/2020b/v99/bin/glnxa64:/apps/matlab/mcr/2020b/v99/sys/os/glnxa64:/apps/matlab/mcr/2020b/v99/sys/opengl/lib/glnxa64
Warning: Executing startup failed in matlabrc.
This indicates a potentially serious problem in your MATLAB setup, which should be resolved as soon as possible.  Error detected was:
MATLAB:mpath:PathAlterationNotSupported
Modifying the search path is not supported by MATLAB Compiler. Remove functions that modify the search path from your MATLAB code. To make files visible to your deployed application, add the parent folder to your MATLAB session.
Warning: No stimulus domain specified. Defaulting to values between 0.01 and 1.
> In qpfmriParams (line 182)
In compiledSimulate (line 205)
Stimulus domain added from input.
Parameter slope specified as 0.41000
Parameter semiSat specified as 0.57000
Parameter beta specified as 1.00000
Parameter sigma specified as 0.25000
seed = 99seed = 104seed = 111seed = 111seed = 115seed = 101Initializing Q+. This may take a minute...
Elapsed time is 9.709141 seconds.
Simulated parameters:
slope: 0.410 semiSat: 0.570 beta: 1.000 sigma: 0.250 

Trial 1: baseline Stimulus Selection
Stimulus: 0.010
Output value 0.000

Q+ parameters
slope: 0.026 semiSat: 0.890 beta: 0.500 sigma: 0.010 
maxBOLD estimate = 1.000


Trial 2: maxBOLD Stimulus Selection
Stimulus: 1.000
Output value 1.364

Q+ parameters
slope: 0.055 semiSat: 0.670 beta: 1.250 sigma: 0.010 
maxBOLD estimate = 1.000


Trial 3: baseline Stimulus Selection
Stimulus: 0.010
Output value -0.284

Q+ parameters
slope: 0.055 semiSat: 0.670 beta: 1.250 sigma: 0.114 
maxBOLD estimate = 1.250


Trial 4: maxBOLD Stimulus Selection
Stimulus: 1.000
Output value 2.131

Q+ parameters
slope: 0.055 semiSat: 0.670 beta: 1.250 sigma: 0.010 
maxBOLD estimate = 1.562


Trial 5: baseline Stimulus Selection
Stimulus: 0.010
Output value 0.444

Q+ parameters
slope: 0.055 semiSat: 0.670 beta: 1.250 sigma: 0.114 
maxBOLD estimate = 1.953


Trial 6: maxBOLD Stimulus Selection
Stimulus: 1.000
Output value 1.748

Q+ parameters
slope: 0.043 semiSat: 0.780 beta: 1.125 sigma: 0.114 
maxBOLD estimate = 2.441


Trial 7: random Stimulus Selection
Stimulus: 0.670
Output value 1.748

Q+ parameters
slope: 0.070 semiSat: 0.450 beta: 0.875 sigma: 0.062 
maxBOLD estimate = 2.747


Trial 8: random Stimulus Selection
Stimulus: 0.835
Output value 2.253

Q+ parameters
slope: 0.113 semiSat: 0.340 beta: 0.938 sigma: 0.062 
maxBOLD estimate = 2.403


Trial 9: random Stimulus Selection
Stimulus: 0.629
Output value 2.458

Q+ parameters
slope: 0.113 semiSat: 0.340 beta: 1.000 sigma: 0.062 
maxBOLD estimate = 2.253


Trial 10: baseline Stimulus Selection
Stimulus: 0.010
Output value 2.151

Q+ parameters
slope: 0.089 semiSat: 0.450 beta: 1.500 sigma: 0.583 
maxBOLD estimate = 2.253


Trial 11: random Stimulus Selection
Stimulus: 0.381
Output value 0.307

Q+ parameters
slope: 0.089 semiSat: 0.450 beta: 0.500 sigma: 0.114 
maxBOLD estimate = 3.380


Trial 12: random Stimulus Selection
Stimulus: 0.959
Output value 2.304

Q+ parameters
slope: 0.113 semiSat: 0.450 beta: 1.250 sigma: 0.166 
maxBOLD estimate = 1.690


Trial 13: random Stimulus Selection
Stimulus: 0.092
Output value 0.000

Q+ parameters
slope: 0.144 semiSat: 0.450 beta: 0.938 sigma: 0.166 
maxBOLD estimate = 2.112


Trial 14: random Stimulus Selection
Stimulus: 0.629
Output value 2.228

Q+ parameters
slope: 0.183 semiSat: 0.450 beta: 1.125 sigma: 0.166 
maxBOLD estimate = 1.980


Trial 15: maxBOLD Stimulus Selection
Stimulus: 1.000
Output value 1.329

Q+ parameters
slope: 0.144 semiSat: 0.450 beta: 0.938 sigma: 0.166 
maxBOLD estimate = 2.228


Trial 16: random Stimulus Selection
Stimulus: 0.381
Output value -0.392

Q+ parameters
slope: 0.379 semiSat: 0.560 beta: 1.031 sigma: 0.218 
maxBOLD estimate = 2.089


Trial 17: random Stimulus Selection
Stimulus: 0.670
Output value 1.468

Q+ parameters
slope: 0.234 semiSat: 0.560 beta: 1.500 sigma: 0.375 
maxBOLD estimate = 2.154


Trial 18: random Stimulus Selection
Stimulus: 0.588
Output value 0.587

Q+ parameters
slope: 0.234 semiSat: 0.560 beta: 0.500 sigma: 0.114 
maxBOLD estimate = 3.231


Trial 19: random Stimulus Selection
Stimulus: 0.464
Output value -0.367

Q+ parameters
slope: 0.055 semiSat: 0.560 beta: 1.250 sigma: 0.323 
maxBOLD estimate = 1.615


Trial 20: baseline Stimulus Selection
Stimulus: 0.010
Output value -0.413

Q+ parameters
slope: 0.379 semiSat: 0.560 beta: 1.125 sigma: 0.271 
maxBOLD estimate = 2.019


Trial 21: random Stimulus Selection
Stimulus: 0.051
Output value 0.542

Q+ parameters
slope: 0.379 semiSat: 0.560 beta: 0.875 sigma: 0.218 
maxBOLD estimate = 2.272


Trial 22: random Stimulus Selection
Stimulus: 0.340
Output value 0.203

Q+ parameters
slope: 0.379 semiSat: 0.560 beta: 1.125 sigma: 0.271 
maxBOLD estimate = 1.988


Trial 23: random Stimulus Selection
Stimulus: 0.257
Output value 0.178

Q+ parameters
slope: 0.379 semiSat: 0.560 beta: 0.875 sigma: 0.218 
maxBOLD estimate = 2.236


Trial 24: random Stimulus Selection
Stimulus: 0.959
Output value 1.801

Q+ parameters
slope: 0.379 semiSat: 0.560 beta: 1.125 sigma: 0.271 
maxBOLD estimate = 1.957


Trial 25: maxBOLD Stimulus Selection
Stimulus: 1.000
Output value 1.351

Q+ parameters
slope: 0.379 semiSat: 0.560 beta: 1.125 sigma: 0.375 
maxBOLD estimate = 2.201


Trial 26: random Stimulus Selection
Stimulus: 0.299
Output value 0.507

Q+ parameters
slope: 0.379 semiSat: 0.560 beta: 0.750 sigma: 0.166 
maxBOLD estimate = 2.476


Trial 27: random Stimulus Selection
Stimulus: 0.010
Output value 0.950

Q+ parameters
slope: 0.379 semiSat: 0.560 beta: 1.125 sigma: 0.375 
maxBOLD estimate = 1.857


Trial 28: random Stimulus Selection
Stimulus: 1.000
Output value 2.564

Q+ parameters
slope: 0.379 semiSat: 0.560 beta: 1.125 sigma: 0.375 
maxBOLD estimate = 2.089


Trial 29: random Stimulus Selection
Stimulus: 0.835
Output value 1.282

Q+ parameters
slope: 0.379 semiSat: 0.560 beta: 0.750 sigma: 0.166 
maxBOLD estimate = 2.351


Trial 30: baseline Stimulus Selection
Stimulus: 0.010
Output value -0.401

Q+ parameters
slope: 0.055 semiSat: 0.560 beta: 1.250 sigma: 0.323 
maxBOLD estimate = 1.763

--------------------------------------------------------------
FINAL VALUES
--------------------------------------------------------------
Simulated parameters:              slope: 0.410 semiSat: 0.570 beta: 1.000 sigma: 0.250 
Max posterior QUEST+ parameters:   slope: 0.379 semiSat: 0.560 beta: 1.125 sigma: 0.427 
Max BADS parameters:               slope: 0.957 semiSat: 0.596 beta: 1.000 sigma: 0.271 
maxBOLD estimate: 2.304
