/blue/stevenweisberg/stevenweisberg/MATLAB/projects/Weisberg_Aguirre_2020/scripts/run_sims
c0700a-s6.ufhpc
Tue Apr  6 18:55:02 EDT 2021
mkdir: cannot create directory ‘/blue/stevenweisberg/stevenweisberg/qpfMRIResults/model_parameter_set2/’: File exists
cp: cannot stat ‘/blue/stevenweisberg/stevenweisberg/qpfMRIResults/deploy_sim.sh’: No such file or directory
cp: cannot stat ‘/blue/stevenweisberg/stevenweisberg/qpfMRIResults/sim_wrapper.sh’: No such file or directory
------------------------------------------
Setting up environment variables
---
LD_LIBRARY_PATH is .:/apps/matlab/mcr/2020b/v99/runtime/glnxa64:/apps/matlab/mcr/2020b/v99/bin/glnxa64:/apps/matlab/mcr/2020b/v99/sys/os/glnxa64:/apps/matlab/mcr/2020b/v99/sys/opengl/lib/glnxa64
Warning: Executing startup failed in matlabrc.
This indicates a potentially serious problem in your MATLAB setup, which should be resolved as soon as possible.  Error detected was:
MATLAB:mpath:PathAlterationNotSupported
Modifying the search path is not supported by MATLAB Compiler. Remove functions that modify the search path from your MATLAB code. To make files visible to your deployed application, add the parent folder to your MATLAB session.
Warning: No stimulus domain specified. Defaulting to values between 0.01 and 1.
> In qpfmriParams (line 182)
In compiledSimulate (line 205)
Stimulus domain added from input.
Parameter slope specified as 0.20000
Parameter semiSat specified as 0.57000
Parameter beta specified as 1.00000
Parameter sigma specified as 0.15000
seed = 99seed = 104seed = 111seed = 111seed = 115seed = 101Initializing Q+. This may take a minute...
Elapsed time is 6.552523 seconds.
Simulated parameters:
slope: 0.200 semiSat: 0.570 beta: 1.000 sigma: 0.150 

Trial 1: baseline Stimulus Selection
Stimulus: 0.010
Output value 0.000

Q+ parameters
slope: 0.026 semiSat: 0.890 beta: 0.500 sigma: 0.010 
maxBOLD estimate = 1.000


Trial 2: maxBOLD Stimulus Selection
Stimulus: 1.000
Output value 1.364

Q+ parameters
slope: 0.055 semiSat: 0.670 beta: 1.250 sigma: 0.010 
maxBOLD estimate = 1.000


Trial 3: baseline Stimulus Selection
Stimulus: 0.010
Output value 0.000

Q+ parameters
slope: 0.055 semiSat: 0.670 beta: 1.250 sigma: 0.010 
maxBOLD estimate = 1.250


Trial 4: maxBOLD Stimulus Selection
Stimulus: 1.000
Output value 1.243

Q+ parameters
slope: 0.043 semiSat: 0.780 beta: 1.250 sigma: 0.166 
maxBOLD estimate = 1.562


Trial 5: baseline Stimulus Selection
Stimulus: 0.010
Output value 0.222

Q+ parameters
slope: 0.043 semiSat: 0.780 beta: 1.250 sigma: 0.114 
maxBOLD estimate = 1.953


Trial 6: maxBOLD Stimulus Selection
Stimulus: 1.000
Output value 3.052

Q+ parameters
slope: 0.043 semiSat: 0.780 beta: 1.250 sigma: 0.062 
maxBOLD estimate = 2.441


Trial 7: random Stimulus Selection
Stimulus: 1.000
Output value 3.468

Q+ parameters
slope: 0.034 semiSat: 1.000 beta: 1.250 sigma: 0.114 
maxBOLD estimate = 3.052


Trial 8: random Stimulus Selection
Stimulus: 0.051
Output value 0.000

Q+ parameters
slope: 0.034 semiSat: 0.890 beta: 0.750 sigma: 0.062 
maxBOLD estimate = 3.815


Trial 9: random Stimulus Selection
Stimulus: 0.505
Output value 0.325

Q+ parameters
slope: 0.043 semiSat: 1.000 beta: 1.250 sigma: 0.062 
maxBOLD estimate = 2.861


Trial 10: baseline Stimulus Selection
Stimulus: 0.010
Output value -0.325

Q+ parameters
slope: 0.043 semiSat: 1.000 beta: 1.000 sigma: 0.062 
maxBOLD estimate = 3.576


Trial 11: random Stimulus Selection
Stimulus: 0.959
Output value 0.975

Q+ parameters
slope: 0.234 semiSat: 1.000 beta: 1.000 sigma: 0.062 
maxBOLD estimate = 3.576


Trial 12: random Stimulus Selection
Stimulus: 0.629
Output value 0.975

Q+ parameters
slope: 0.234 semiSat: 0.560 beta: 0.500 sigma: 0.062 
maxBOLD estimate = 3.576


Trial 13: random Stimulus Selection
Stimulus: 0.876
Output value 1.788

Q+ parameters
slope: 0.070 semiSat: 0.560 beta: 1.000 sigma: 0.114 
maxBOLD estimate = 1.788


Trial 14: random Stimulus Selection
Stimulus: 0.051
Output value 0.163

Q+ parameters
slope: 0.070 semiSat: 0.560 beta: 1.000 sigma: 0.114 
maxBOLD estimate = 1.788


Trial 15: maxBOLD Stimulus Selection
Stimulus: 1.000
Output value 0.284

Q+ parameters
slope: 0.070 semiSat: 0.560 beta: 0.875 sigma: 0.218 
maxBOLD estimate = 1.788


Trial 16: random Stimulus Selection
Stimulus: 0.546
Output value 0.138

Q+ parameters
slope: 1.000 semiSat: 0.560 beta: 0.969 sigma: 0.166 
maxBOLD estimate = 1.565


Trial 17: random Stimulus Selection
Stimulus: 0.835
Output value 1.654

Q+ parameters
slope: 0.183 semiSat: 0.560 beta: 1.000 sigma: 0.166 
maxBOLD estimate = 1.516


Trial 18: random Stimulus Selection
Stimulus: 0.959
Output value 1.654

Q+ parameters
slope: 0.183 semiSat: 0.560 beta: 1.000 sigma: 0.166 
maxBOLD estimate = 1.516


Trial 19: random Stimulus Selection
Stimulus: 0.959
Output value 0.413

Q+ parameters
slope: 0.070 semiSat: 0.560 beta: 1.000 sigma: 0.218 
maxBOLD estimate = 1.516


Trial 20: baseline Stimulus Selection
Stimulus: 0.010
Output value -0.284

Q+ parameters
slope: 0.298 semiSat: 0.560 beta: 1.031 sigma: 0.166 
maxBOLD estimate = 1.516


Trial 21: random Stimulus Selection
Stimulus: 0.464
Output value -0.124

Q+ parameters
slope: 0.379 semiSat: 0.560 beta: 0.875 sigma: 0.166 
maxBOLD estimate = 1.563


Trial 22: random Stimulus Selection
Stimulus: 0.876
Output value 1.399

Q+ parameters
slope: 0.144 semiSat: 0.560 beta: 0.938 sigma: 0.166 
maxBOLD estimate = 1.368


Trial 23: random Stimulus Selection
Stimulus: 0.670
Output value 0.991

Q+ parameters
slope: 0.089 semiSat: 0.560 beta: 1.062 sigma: 0.166 
maxBOLD estimate = 1.282


Trial 24: random Stimulus Selection
Stimulus: 0.629
Output value 0.813

Q+ parameters
slope: 0.144 semiSat: 0.560 beta: 0.938 sigma: 0.166 
maxBOLD estimate = 1.362


Trial 25: maxBOLD Stimulus Selection
Stimulus: 1.000
Output value 1.393

Q+ parameters
slope: 0.183 semiSat: 0.560 beta: 1.000 sigma: 0.166 
maxBOLD estimate = 1.277


Trial 26: random Stimulus Selection
Stimulus: 0.257
Output value -0.232

Q+ parameters
slope: 0.183 semiSat: 0.560 beta: 1.000 sigma: 0.166 
maxBOLD estimate = 1.277


Trial 27: random Stimulus Selection
Stimulus: 0.340
Output value 0.762

Q+ parameters
slope: 0.089 semiSat: 0.450 beta: 0.938 sigma: 0.166 
maxBOLD estimate = 1.277


Trial 28: random Stimulus Selection
Stimulus: 0.629
Output value 0.316

Q+ parameters
slope: 0.113 semiSat: 0.450 beta: 0.969 sigma: 0.218 
maxBOLD estimate = 1.197


Trial 29: random Stimulus Selection
Stimulus: 0.711
Output value 1.196

Q+ parameters
slope: 0.113 semiSat: 0.450 beta: 1.031 sigma: 0.166 
maxBOLD estimate = 1.160


Trial 30: baseline Stimulus Selection
Stimulus: 0.010
Output value -0.224

Q+ parameters
slope: 0.113 semiSat: 0.450 beta: 1.031 sigma: 0.166 
maxBOLD estimate = 1.196


Trial 31: random Stimulus Selection
Stimulus: 0.051
Output value -0.196

Q+ parameters
slope: 0.113 semiSat: 0.450 beta: 0.875 sigma: 0.166 
maxBOLD estimate = 1.234


Trial 32: random Stimulus Selection
Stimulus: 0.423
Output value -0.202

Q+ parameters
slope: 0.298 semiSat: 0.560 beta: 1.031 sigma: 0.166 
maxBOLD estimate = 1.079


Trial 33: random Stimulus Selection
Stimulus: 0.381
Output value 0.253

Q+ parameters
slope: 0.144 semiSat: 0.560 beta: 1.250 sigma: 0.166 
maxBOLD estimate = 1.113


Trial 34: random Stimulus Selection
Stimulus: 0.505
Output value -0.130

Q+ parameters
slope: 0.234 semiSat: 0.560 beta: 1.031 sigma: 0.166 
maxBOLD estimate = 1.391


Trial 35: maxBOLD Stimulus Selection
Stimulus: 1.000
Output value 0.807

Q+ parameters
slope: 0.234 semiSat: 0.560 beta: 1.031 sigma: 0.166 
maxBOLD estimate = 1.435


Trial 36: random Stimulus Selection
Stimulus: 0.175
Output value 0.118

Q+ parameters
slope: 0.234 semiSat: 0.560 beta: 0.875 sigma: 0.166 
maxBOLD estimate = 1.480


Trial 37: random Stimulus Selection
Stimulus: 0.216
Output value -0.243

Q+ parameters
slope: 0.234 semiSat: 0.560 beta: 1.031 sigma: 0.166 
maxBOLD estimate = 1.295


Trial 38: random Stimulus Selection
Stimulus: 0.051
Output value -0.250

Q+ parameters
slope: 0.234 semiSat: 0.560 beta: 1.031 sigma: 0.166 
maxBOLD estimate = 1.335


Trial 39: random Stimulus Selection
Stimulus: 0.711
Output value 0.849

Q+ parameters
slope: 0.234 semiSat: 0.560 beta: 0.969 sigma: 0.166 
maxBOLD estimate = 1.377


Trial 40: baseline Stimulus Selection
Stimulus: 0.010
Output value -0.250

Q+ parameters
slope: 0.234 semiSat: 0.560 beta: 1.031 sigma: 0.166 
maxBOLD estimate = 1.334


Trial 41: random Stimulus Selection
Stimulus: 0.794
Output value 1.548

Q+ parameters
slope: 0.234 semiSat: 0.560 beta: 1.031 sigma: 0.166 
maxBOLD estimate = 1.376


Trial 42: random Stimulus Selection
Stimulus: 0.670
Output value 1.596

Q+ parameters
slope: 0.234 semiSat: 0.560 beta: 1.031 sigma: 0.166 
maxBOLD estimate = 1.419


Trial 43: random Stimulus Selection
Stimulus: 0.588
Output value 1.097

Q+ parameters
slope: 0.234 semiSat: 0.560 beta: 1.031 sigma: 0.166 
maxBOLD estimate = 1.463


Trial 44: random Stimulus Selection
Stimulus: 0.134
Output value -0.283

Q+ parameters
slope: 0.234 semiSat: 0.560 beta: 1.031 sigma: 0.166 
maxBOLD estimate = 1.509


Trial 45: maxBOLD Stimulus Selection
Stimulus: 1.000
Output value 1.750

Q+ parameters
slope: 0.234 semiSat: 0.560 beta: 1.031 sigma: 0.166 
maxBOLD estimate = 1.556


Trial 46: random Stimulus Selection
Stimulus: 0.423
Output value -0.128

Q+ parameters
slope: 0.234 semiSat: 0.560 beta: 0.875 sigma: 0.166 
maxBOLD estimate = 1.604


Trial 47: random Stimulus Selection
Stimulus: 0.010
Output value 0.132

Q+ parameters
slope: 0.234 semiSat: 0.560 beta: 1.031 sigma: 0.166 
maxBOLD estimate = 1.404


Trial 48: random Stimulus Selection
Stimulus: 0.711
Output value -0.230

Q+ parameters
slope: 0.070 semiSat: 0.670 beta: 0.875 sigma: 0.271 
maxBOLD estimate = 1.448


Trial 49: random Stimulus Selection
Stimulus: 0.051
Output value 0.461

Q+ parameters
slope: 0.183 semiSat: 0.560 beta: 1.000 sigma: 0.166 
maxBOLD estimate = 1.267


Trial 50: baseline Stimulus Selection
Stimulus: 0.010
Output value -0.259

Q+ parameters
slope: 0.113 semiSat: 0.560 beta: 1.125 sigma: 0.166 
maxBOLD estimate = 1.267


Trial 51: random Stimulus Selection
Stimulus: 0.670
Output value 1.036

Q+ parameters
slope: 0.183 semiSat: 0.560 beta: 1.000 sigma: 0.166 
maxBOLD estimate = 1.425


Trial 52: random Stimulus Selection
Stimulus: 0.711
Output value 0.777

Q+ parameters
slope: 0.183 semiSat: 0.560 beta: 1.000 sigma: 0.166 
maxBOLD estimate = 1.425


Trial 53: random Stimulus Selection
Stimulus: 0.340
Output value -0.259

Q+ parameters
slope: 0.183 semiSat: 0.560 beta: 1.000 sigma: 0.166 
maxBOLD estimate = 1.425


Trial 54: random Stimulus Selection
Stimulus: 0.876
Output value 1.555

Q+ parameters
slope: 0.183 semiSat: 0.560 beta: 1.000 sigma: 0.166 
maxBOLD estimate = 1.425


Trial 55: maxBOLD Stimulus Selection
Stimulus: 1.000
Output value 1.555

Q+ parameters
slope: 0.183 semiSat: 0.560 beta: 1.000 sigma: 0.166 
maxBOLD estimate = 1.425


Trial 56: random Stimulus Selection
Stimulus: 0.835
Output value 1.425

Q+ parameters
slope: 0.183 semiSat: 0.560 beta: 1.000 sigma: 0.166 
maxBOLD estimate = 1.425


Trial 57: random Stimulus Selection
Stimulus: 0.546
Output value 0.502

Q+ parameters
slope: 0.234 semiSat: 0.560 beta: 0.969 sigma: 0.166 
maxBOLD estimate = 1.425


Trial 58: random Stimulus Selection
Stimulus: 0.794
Output value 0.377

Q+ parameters
slope: 0.113 semiSat: 0.560 beta: 1.000 sigma: 0.166 
maxBOLD estimate = 1.381


Trial 59: random Stimulus Selection
Stimulus: 0.629
Output value 1.255

Q+ parameters
slope: 0.183 semiSat: 0.560 beta: 1.000 sigma: 0.166 
maxBOLD estimate = 1.381


Trial 60: baseline Stimulus Selection
Stimulus: 0.010
Output value -0.251

Q+ parameters
slope: 0.183 semiSat: 0.560 beta: 1.000 sigma: 0.166 
maxBOLD estimate = 1.381


Trial 61: random Stimulus Selection
Stimulus: 0.753
Output value 1.506

Q+ parameters
slope: 0.183 semiSat: 0.560 beta: 1.000 sigma: 0.166 
maxBOLD estimate = 1.381


Trial 62: random Stimulus Selection
Stimulus: 0.753
Output value 0.000

Q+ parameters
slope: 0.070 semiSat: 0.670 beta: 1.062 sigma: 0.218 
maxBOLD estimate = 1.381


Trial 63: random Stimulus Selection
Stimulus: 0.134
Output value -0.258

Q+ parameters
slope: 0.234 semiSat: 0.560 beta: 0.969 sigma: 0.166 
maxBOLD estimate = 1.467


Trial 64: random Stimulus Selection
Stimulus: 0.794
Output value 1.550

Q+ parameters
slope: 0.183 semiSat: 0.560 beta: 1.000 sigma: 0.166 
maxBOLD estimate = 1.421


Trial 65: maxBOLD Stimulus Selection
Stimulus: 1.000
Output value 1.550

Q+ parameters
slope: 0.183 semiSat: 0.560 beta: 1.000 sigma: 0.166 
maxBOLD estimate = 1.421


Trial 66: random Stimulus Selection
Stimulus: 0.423
Output value -0.250

Q+ parameters
slope: 0.234 semiSat: 0.560 beta: 0.969 sigma: 0.166 
maxBOLD estimate = 1.421


Trial 67: random Stimulus Selection
Stimulus: 0.918
Output value 1.091

Q+ parameters
slope: 0.234 semiSat: 0.560 beta: 0.969 sigma: 0.166 
maxBOLD estimate = 1.377


Trial 68: random Stimulus Selection
Stimulus: 0.257
Output value 0.705

Q+ parameters
slope: 0.234 semiSat: 0.560 beta: 0.969 sigma: 0.166 
maxBOLD estimate = 1.334


Trial 69: random Stimulus Selection
Stimulus: 0.835
Output value 1.024

Q+ parameters
slope: 0.234 semiSat: 0.560 beta: 0.969 sigma: 0.166 
maxBOLD estimate = 1.292


Trial 70: baseline Stimulus Selection
Stimulus: 0.010
Output value 0.331

Q+ parameters
slope: 0.234 semiSat: 0.560 beta: 0.969 sigma: 0.166 
maxBOLD estimate = 1.252


Trial 71: random Stimulus Selection
Stimulus: 0.010
Output value -0.276

Q+ parameters
slope: 0.234 semiSat: 0.560 beta: 1.250 sigma: 0.166 
maxBOLD estimate = 1.212


Trial 72: random Stimulus Selection
Stimulus: 0.546
Output value 0.267

Q+ parameters
slope: 0.234 semiSat: 0.560 beta: 0.969 sigma: 0.166 
maxBOLD estimate = 1.516


Trial 73: random Stimulus Selection
Stimulus: 0.629
Output value -0.275

Q+ parameters
slope: 0.144 semiSat: 0.670 beta: 1.031 sigma: 0.218 
maxBOLD estimate = 1.468


Trial 74: random Stimulus Selection
Stimulus: 1.000
Output value 1.600

Q+ parameters
slope: 0.234 semiSat: 0.560 beta: 0.969 sigma: 0.166 
maxBOLD estimate = 1.514


Trial 75: maxBOLD Stimulus Selection
Stimulus: 1.000
Output value 0.350

Q+ parameters
slope: 0.234 semiSat: 0.560 beta: 0.875 sigma: 0.166 
maxBOLD estimate = 1.467


Trial 76: random Stimulus Selection
Stimulus: 0.959
Output value 0.868

Q+ parameters
slope: 0.234 semiSat: 0.560 beta: 1.062 sigma: 0.166 
maxBOLD estimate = 1.283


Trial 77: random Stimulus Selection
Stimulus: 0.257
Output value -0.263

Q+ parameters
slope: 0.183 semiSat: 0.560 beta: 1.062 sigma: 0.166 
maxBOLD estimate = 1.364


Trial 78: random Stimulus Selection
Stimulus: 0.464
Output value 0.383

Q+ parameters
slope: 0.234 semiSat: 0.560 beta: 0.969 sigma: 0.166 
maxBOLD estimate = 1.449


Trial 79: random Stimulus Selection
Stimulus: 0.588
Output value -0.383

Q+ parameters
slope: 0.144 semiSat: 0.670 beta: 1.500 sigma: 0.218 
maxBOLD estimate = 1.404


Trial 80: baseline Stimulus Selection
Stimulus: 0.010
Output value 0.431

Q+ parameters
slope: 0.144 semiSat: 0.670 beta: 0.750 sigma: 0.166 
maxBOLD estimate = 2.105


Trial 81: random Stimulus Selection
Stimulus: 0.505
Output value -0.251

Q+ parameters
slope: 0.234 semiSat: 0.560 beta: 0.875 sigma: 0.166 
maxBOLD estimate = 1.579


Trial 82: random Stimulus Selection
Stimulus: 0.588
Output value 1.468

Q+ parameters
slope: 0.234 semiSat: 0.560 beta: 1.062 sigma: 0.166 
maxBOLD estimate = 1.382


Trial 83: random Stimulus Selection
Stimulus: 0.464
Output value -0.259

Q+ parameters
slope: 0.234 semiSat: 0.560 beta: 0.969 sigma: 0.166 
maxBOLD estimate = 1.468


Trial 84: random Stimulus Selection
Stimulus: 0.381
Output value -0.250

Q+ parameters
slope: 0.234 semiSat: 0.560 beta: 0.969 sigma: 0.166 
maxBOLD estimate = 1.422


Trial 85: maxBOLD Stimulus Selection
Stimulus: 1.000
Output value 1.464

Q+ parameters
slope: 0.234 semiSat: 0.560 beta: 1.062 sigma: 0.166 
maxBOLD estimate = 1.378


Trial 86: random Stimulus Selection
Stimulus: 0.959
Output value 0.902

Q+ parameters
slope: 0.234 semiSat: 0.560 beta: 0.969 sigma: 0.166 
maxBOLD estimate = 1.464


Trial 87: random Stimulus Selection
Stimulus: 0.299
Output value -0.125

Q+ parameters
slope: 0.234 semiSat: 0.560 beta: 0.969 sigma: 0.166 
maxBOLD estimate = 1.418


Trial 88: random Stimulus Selection
Stimulus: 0.381
Output value -0.133

Q+ parameters
slope: 0.234 semiSat: 0.560 beta: 1.062 sigma: 0.166 
maxBOLD estimate = 1.374


Trial 89: random Stimulus Selection
Stimulus: 1.000
Output value 0.771

Q+ parameters
slope: 0.234 semiSat: 0.560 beta: 0.969 sigma: 0.166 
maxBOLD estimate = 1.460


Trial 90: baseline Stimulus Selection
Stimulus: 0.010
Output value -0.273

Q+ parameters
slope: 0.234 semiSat: 0.560 beta: 1.062 sigma: 0.166 
maxBOLD estimate = 1.414


Trial 91: random Stimulus Selection
Stimulus: 0.010
Output value 0.359

Q+ parameters
slope: 0.234 semiSat: 0.560 beta: 0.875 sigma: 0.166 
maxBOLD estimate = 1.502


Trial 92: random Stimulus Selection
Stimulus: 0.175
Output value 0.232

Q+ parameters
slope: 0.234 semiSat: 0.560 beta: 0.969 sigma: 0.166 
maxBOLD estimate = 1.315


Trial 93: random Stimulus Selection
Stimulus: 0.670
Output value 1.476

Q+ parameters
slope: 0.234 semiSat: 0.560 beta: 1.062 sigma: 0.166 
maxBOLD estimate = 1.273


Trial 94: random Stimulus Selection
Stimulus: 0.464
Output value -0.261

Q+ parameters
slope: 0.379 semiSat: 0.560 beta: 1.062 sigma: 0.218 
maxBOLD estimate = 1.353


Trial 95: maxBOLD Stimulus Selection
Stimulus: 1.000
Output value 1.519

Q+ parameters
slope: 0.234 semiSat: 0.560 beta: 0.969 sigma: 0.166 
maxBOLD estimate = 1.438


Trial 96: random Stimulus Selection
Stimulus: 0.629
Output value 1.472

Q+ parameters
slope: 0.234 semiSat: 0.560 beta: 0.969 sigma: 0.166 
maxBOLD estimate = 1.393


Trial 97: random Stimulus Selection
Stimulus: 0.299
Output value 0.130

Q+ parameters
slope: 0.234 semiSat: 0.560 beta: 1.062 sigma: 0.166 
maxBOLD estimate = 1.349


Trial 98: random Stimulus Selection
Stimulus: 0.876
Output value 1.515

Q+ parameters
slope: 0.234 semiSat: 0.560 beta: 0.969 sigma: 0.166 
maxBOLD estimate = 1.434


Trial 99: random Stimulus Selection
Stimulus: 0.381
Output value -0.122

Q+ parameters
slope: 0.234 semiSat: 0.560 beta: 0.969 sigma: 0.166 
maxBOLD estimate = 1.389


Trial 100: baseline Stimulus Selection
Stimulus: 0.010
Output value 0.474

Q+ parameters
slope: 0.234 semiSat: 0.560 beta: 0.969 sigma: 0.166 
maxBOLD estimate = 1.345

--------------------------------------------------------------
FINAL VALUES
--------------------------------------------------------------
Simulated parameters:              slope: 0.200 semiSat: 0.570 beta: 1.000 sigma: 0.150 
Max posterior QUEST+ parameters:   slope: 0.234 semiSat: 0.560 beta: 0.969 sigma: 0.166 
Max BADS parameters:               slope: 0.442 semiSat: 0.601 beta: 1.000 sigma: 0.172 
maxBOLD estimate: 1.408
