/blue/stevenweisberg/stevenweisberg/MATLAB/projects/Weisberg_Aguirre_2020/scripts/run_sims
c28a-s2.ufhpc
Fri Nov 13 15:24:55 EST 2020
mkdir: cannot create directory ‘/blue/stevenweisberg/stevenweisberg/qpfMRIResults/model_parameter_set1/’: File exists
cp: cannot stat ‘/blue/stevenweisberg/stevenweisberg/qpfMRIResults/deploy_sim.sh’: No such file or directory
cp: cannot stat ‘/blue/stevenweisberg/stevenweisberg/qpfMRIResults/sim_wrapper.sh’: No such file or directory
------------------------------------------
Setting up environment variables
---
LD_LIBRARY_PATH is .:/apps/matlab/mcr/2020b/v99/runtime/glnxa64:/apps/matlab/mcr/2020b/v99/bin/glnxa64:/apps/matlab/mcr/2020b/v99/sys/os/glnxa64:/apps/matlab/mcr/2020b/v99/sys/opengl/lib/glnxa64
Warning: Executing startup failed in matlabrc.
This indicates a potentially serious problem in your MATLAB setup, which should be resolved as soon as possible.  Error detected was:
MATLAB:mpath:PathAlterationNotSupported
Modifying the search path is not supported by MATLAB Compiler. Remove functions that modify the search path from your MATLAB code. To make files visible to your deployed application, add the parent folder to your MATLAB session.
Warning: No stimulus domain specified. Defaulting to values between 0.01 and 1.
> In qpfmriParams (line 182)
In compiledSimulate (line 205)
Stimulus domain added from input.
Parameter slope specified as 0.41000
Parameter semiSat specified as 0.57000
Parameter beta specified as 1.00000
Parameter sigma specified as 0.15000
seed = 99seed = 104seed = 111seed = 111seed = 115seed = 101Initializing Q+. This may take a minute...
Elapsed time is 9.664076 seconds.
Simulated parameters:
slope: 0.410 semiSat: 0.570 beta: 1.000 sigma: 0.150 

Trial 1: baseline Stimulus Selection
Stimulus: 0.010
Output value 0.000

Q+ parameters
slope: 0.026 semiSat: 0.890 beta: 0.500 sigma: 0.010 
maxBOLD estimate = 1.000


Trial 2: maxBOLD Stimulus Selection
Stimulus: 1.000
Output value 1.364

Q+ parameters
slope: 0.055 semiSat: 0.670 beta: 1.250 sigma: 0.010 
maxBOLD estimate = 1.000


Trial 3: baseline Stimulus Selection
Stimulus: 0.010
Output value -0.284

Q+ parameters
slope: 0.055 semiSat: 0.670 beta: 1.250 sigma: 0.114 
maxBOLD estimate = 1.250


Trial 4: maxBOLD Stimulus Selection
Stimulus: 1.000
Output value 1.953

Q+ parameters
slope: 0.043 semiSat: 0.780 beta: 1.250 sigma: 0.062 
maxBOLD estimate = 1.562


Trial 5: baseline Stimulus Selection
Stimulus: 0.010
Output value 0.200

Q+ parameters
slope: 0.043 semiSat: 0.780 beta: 1.125 sigma: 0.114 
maxBOLD estimate = 1.953


Trial 6: maxBOLD Stimulus Selection
Stimulus: 1.000
Output value 0.699

Q+ parameters
slope: 0.034 semiSat: 0.890 beta: 0.875 sigma: 0.114 
maxBOLD estimate = 2.197


Trial 7: qplus Stimulus Selection
Stimulus: 0.711
Output value 0.918

Q+ parameters
slope: 0.070 semiSat: 0.450 beta: 0.750 sigma: 0.114 
maxBOLD estimate = 1.923


Trial 8: qplus Stimulus Selection
Stimulus: 0.505
Output value -0.229

Q+ parameters
slope: 0.616 semiSat: 0.560 beta: 0.875 sigma: 0.166 
maxBOLD estimate = 1.442


Trial 9: qplus Stimulus Selection
Stimulus: 0.629
Output value 0.903

Q+ parameters
slope: 0.616 semiSat: 0.560 beta: 0.875 sigma: 0.114 
maxBOLD estimate = 1.262


Trial 10: baseline Stimulus Selection
Stimulus: 0.010
Output value -0.213

Q+ parameters
slope: 0.616 semiSat: 0.560 beta: 1.062 sigma: 0.114 
maxBOLD estimate = 1.104


Trial 11: qplus Stimulus Selection
Stimulus: 0.588
Output value 1.210

Q+ parameters
slope: 1.000 semiSat: 0.560 beta: 1.031 sigma: 0.114 
maxBOLD estimate = 1.173


Trial 12: qplus Stimulus Selection
Stimulus: 0.546
Output value 1.155

Q+ parameters
slope: 0.483 semiSat: 0.560 beta: 1.500 sigma: 0.114 
maxBOLD estimate = 1.210


Trial 13: qplus Stimulus Selection
Stimulus: 0.588
Output value 0.742

Q+ parameters
slope: 0.298 semiSat: 0.560 beta: 0.750 sigma: 0.114 
maxBOLD estimate = 1.814


Trial 14: qplus Stimulus Selection
Stimulus: 0.629
Output value 1.392

Q+ parameters
slope: 0.616 semiSat: 0.560 beta: 0.938 sigma: 0.114 
maxBOLD estimate = 1.361


Trial 15: maxBOLD Stimulus Selection
Stimulus: 1.000
Output value 1.044

Q+ parameters
slope: 0.483 semiSat: 0.560 beta: 1.000 sigma: 0.114 
maxBOLD estimate = 1.276


Trial 16: qplus Stimulus Selection
Stimulus: 0.546
Output value 0.348

Q+ parameters
slope: 0.483 semiSat: 0.560 beta: 1.000 sigma: 0.114 
maxBOLD estimate = 1.276


Trial 17: qplus Stimulus Selection
Stimulus: 0.546
Output value 1.566

Q+ parameters
slope: 0.483 semiSat: 0.560 beta: 1.500 sigma: 0.166 
maxBOLD estimate = 1.276


Trial 18: qplus Stimulus Selection
Stimulus: 0.505
Output value -0.261

Q+ parameters
slope: 0.483 semiSat: 0.560 beta: 0.750 sigma: 0.114 
maxBOLD estimate = 1.914


Trial 19: qplus Stimulus Selection
Stimulus: 0.588
Output value 1.223

Q+ parameters
slope: 0.616 semiSat: 0.560 beta: 0.938 sigma: 0.114 
maxBOLD estimate = 1.435


Trial 20: baseline Stimulus Selection
Stimulus: 0.010
Output value 0.229

Q+ parameters
slope: 0.616 semiSat: 0.560 beta: 0.938 sigma: 0.114 
maxBOLD estimate = 1.346


Trial 21: qplus Stimulus Selection
Stimulus: 0.546
Output value 1.204

Q+ parameters
slope: 0.483 semiSat: 0.560 beta: 1.500 sigma: 0.166 
maxBOLD estimate = 1.261


Trial 22: qplus Stimulus Selection
Stimulus: 0.546
Output value 0.387

Q+ parameters
slope: 0.298 semiSat: 0.560 beta: 0.750 sigma: 0.114 
maxBOLD estimate = 1.892


Trial 23: qplus Stimulus Selection
Stimulus: 0.588
Output value 0.968

Q+ parameters
slope: 0.379 semiSat: 0.560 beta: 0.938 sigma: 0.114 
maxBOLD estimate = 1.419


Trial 24: qplus Stimulus Selection
Stimulus: 0.588
Output value 1.414

Q+ parameters
slope: 0.616 semiSat: 0.560 beta: 1.062 sigma: 0.166 
maxBOLD estimate = 1.330


Trial 25: maxBOLD Stimulus Selection
Stimulus: 1.000
Output value 1.205

Q+ parameters
slope: 0.379 semiSat: 0.560 beta: 0.938 sigma: 0.114 
maxBOLD estimate = 1.414


Trial 26: qplus Stimulus Selection
Stimulus: 0.546
Output value 0.904

Q+ parameters
slope: 0.483 semiSat: 0.560 beta: 1.250 sigma: 0.166 
maxBOLD estimate = 1.325


Trial 27: qplus Stimulus Selection
Stimulus: 0.588
Output value 1.017

Q+ parameters
slope: 0.483 semiSat: 0.560 beta: 0.750 sigma: 0.114 
maxBOLD estimate = 1.657


Trial 28: qplus Stimulus Selection
Stimulus: 0.959
Output value 1.694

Q+ parameters
slope: 0.483 semiSat: 0.560 beta: 1.250 sigma: 0.114 
maxBOLD estimate = 1.242


Trial 29: qplus Stimulus Selection
Stimulus: 0.546
Output value 0.124

Q+ parameters
slope: 0.616 semiSat: 0.560 beta: 0.875 sigma: 0.114 
maxBOLD estimate = 1.553


Trial 30: baseline Stimulus Selection
Stimulus: 0.010
Output value -0.131

Q+ parameters
slope: 0.616 semiSat: 0.560 beta: 1.062 sigma: 0.166 
maxBOLD estimate = 1.359

--------------------------------------------------------------
FINAL VALUES
--------------------------------------------------------------
Simulated parameters:              slope: 0.410 semiSat: 0.570 beta: 1.000 sigma: 0.150 
Max posterior QUEST+ parameters:   slope: 0.483 semiSat: 0.560 beta: 1.000 sigma: 0.114 
Max BADS parameters:               slope: 0.708 semiSat: 0.549 beta: 1.000 sigma: 0.128 
maxBOLD estimate: 1.384
