/blue/stevenweisberg/stevenweisberg/MATLAB/projects/Weisberg_Aguirre_2020/scripts/run_sims
c25a-s5.ufhpc
Fri Nov 13 15:11:40 EST 2020
mkdir: cannot create directory ‘/blue/stevenweisberg/stevenweisberg/qpfMRIResults/model_parameter_set1/’: File exists
cp: cannot stat ‘/blue/stevenweisberg/stevenweisberg/qpfMRIResults/deploy_sim.sh’: No such file or directory
cp: cannot stat ‘/blue/stevenweisberg/stevenweisberg/qpfMRIResults/sim_wrapper.sh’: No such file or directory
------------------------------------------
Setting up environment variables
---
LD_LIBRARY_PATH is .:/apps/matlab/mcr/2020b/v99/runtime/glnxa64:/apps/matlab/mcr/2020b/v99/bin/glnxa64:/apps/matlab/mcr/2020b/v99/sys/os/glnxa64:/apps/matlab/mcr/2020b/v99/sys/opengl/lib/glnxa64
Warning: Executing startup failed in matlabrc.
This indicates a potentially serious problem in your MATLAB setup, which should be resolved as soon as possible.  Error detected was:
MATLAB:mpath:PathAlterationNotSupported
Modifying the search path is not supported by MATLAB Compiler. Remove functions that modify the search path from your MATLAB code. To make files visible to your deployed application, add the parent folder to your MATLAB session.
Warning: No stimulus domain specified. Defaulting to values between 0.01 and 1.
> In qpfmriParams (line 182)
In compiledSimulate (line 205)
Stimulus domain added from input.
Parameter slope specified as 0.41000
Parameter semiSat specified as 0.57000
Parameter beta specified as 1.00000
Parameter sigma specified as 0.15000
seed = 99seed = 104seed = 111seed = 111seed = 115seed = 101Initializing Q+. This may take a minute...
Elapsed time is 9.726238 seconds.
Simulated parameters:
slope: 0.410 semiSat: 0.570 beta: 1.000 sigma: 0.150 

Trial 1: baseline Stimulus Selection
Stimulus: 0.010
Output value 0.000

Q+ parameters
slope: 0.026 semiSat: 0.890 beta: 0.500 sigma: 0.010 
maxBOLD estimate = 1.000


Trial 2: maxBOLD Stimulus Selection
Stimulus: 1.000
Output value 1.364

Q+ parameters
slope: 0.055 semiSat: 0.670 beta: 1.250 sigma: 0.010 
maxBOLD estimate = 1.000


Trial 3: baseline Stimulus Selection
Stimulus: 0.010
Output value 0.142

Q+ parameters
slope: 0.034 semiSat: 1.000 beta: 1.250 sigma: 0.062 
maxBOLD estimate = 1.250


Trial 4: maxBOLD Stimulus Selection
Stimulus: 1.000
Output value 1.065

Q+ parameters
slope: 0.034 semiSat: 1.000 beta: 1.250 sigma: 0.062 
maxBOLD estimate = 1.562


Trial 5: baseline Stimulus Selection
Stimulus: 0.010
Output value -0.172

Q+ parameters
slope: 0.043 semiSat: 0.780 beta: 0.969 sigma: 0.114 
maxBOLD estimate = 1.953


Trial 6: maxBOLD Stimulus Selection
Stimulus: 1.000
Output value 1.333

Q+ parameters
slope: 0.043 semiSat: 0.780 beta: 0.969 sigma: 0.114 
maxBOLD estimate = 1.892


Trial 7: qplus Stimulus Selection
Stimulus: 0.588
Output value 1.875

Q+ parameters
slope: 0.113 semiSat: 0.340 beta: 0.938 sigma: 0.114 
maxBOLD estimate = 1.833


Trial 8: qplus Stimulus Selection
Stimulus: 0.299
Output value 0.439

Q+ parameters
slope: 0.070 semiSat: 0.450 beta: 0.938 sigma: 0.114 
maxBOLD estimate = 1.718


Trial 9: qplus Stimulus Selection
Stimulus: 0.505
Output value -0.220

Q+ parameters
slope: 0.070 semiSat: 0.780 beta: 1.500 sigma: 0.271 
maxBOLD estimate = 1.611


Trial 10: baseline Stimulus Selection
Stimulus: 0.010
Output value 0.824

Q+ parameters
slope: 0.043 semiSat: 0.890 beta: 0.750 sigma: 0.166 
maxBOLD estimate = 2.417


Trial 11: qplus Stimulus Selection
Stimulus: 0.835
Output value 1.236

Q+ parameters
slope: 0.055 semiSat: 0.890 beta: 1.250 sigma: 0.166 
maxBOLD estimate = 1.812


Trial 12: qplus Stimulus Selection
Stimulus: 0.711
Output value 0.154

Q+ parameters
slope: 0.483 semiSat: 0.780 beta: 0.750 sigma: 0.166 
maxBOLD estimate = 2.265


Trial 13: qplus Stimulus Selection
Stimulus: 0.835
Output value 1.352

Q+ parameters
slope: 0.043 semiSat: 0.780 beta: 1.250 sigma: 0.166 
maxBOLD estimate = 1.699


Trial 14: qplus Stimulus Selection
Stimulus: 0.629
Output value 1.267

Q+ parameters
slope: 0.043 semiSat: 0.670 beta: 0.938 sigma: 0.114 
maxBOLD estimate = 2.124


Trial 15: maxBOLD Stimulus Selection
Stimulus: 1.000
Output value 0.679

Q+ parameters
slope: 0.379 semiSat: 0.560 beta: 0.750 sigma: 0.166 
maxBOLD estimate = 1.991


Trial 16: qplus Stimulus Selection
Stimulus: 0.629
Output value 0.721

Q+ parameters
slope: 0.616 semiSat: 0.560 beta: 1.062 sigma: 0.375 
maxBOLD estimate = 1.493


Trial 17: qplus Stimulus Selection
Stimulus: 0.505
Output value 0.433

Q+ parameters
slope: 0.089 semiSat: 0.670 beta: 1.500 sigma: 0.218 
maxBOLD estimate = 1.587


Trial 18: qplus Stimulus Selection
Stimulus: 0.505
Output value -0.216

Q+ parameters
slope: 1.000 semiSat: 0.560 beta: 0.500 sigma: 0.166 
maxBOLD estimate = 2.380


Trial 19: qplus Stimulus Selection
Stimulus: 0.794
Output value -0.081

Q+ parameters
slope: 0.055 semiSat: 0.560 beta: 0.750 sigma: 1.000 
maxBOLD estimate = 1.190


Trial 20: baseline Stimulus Selection
Stimulus: 0.010
Output value -0.243

Q+ parameters
slope: 0.043 semiSat: 0.670 beta: 1.500 sigma: 0.375 
maxBOLD estimate = 0.893


Trial 21: qplus Stimulus Selection
Stimulus: 0.876
Output value 1.422

Q+ parameters
slope: 0.616 semiSat: 0.560 beta: 1.062 sigma: 0.271 
maxBOLD estimate = 1.339


Trial 22: qplus Stimulus Selection
Stimulus: 0.588
Output value 1.940

Q+ parameters
slope: 0.616 semiSat: 0.560 beta: 1.250 sigma: 0.271 
maxBOLD estimate = 1.422


Trial 23: qplus Stimulus Selection
Stimulus: 0.588
Output value 1.364

Q+ parameters
slope: 0.616 semiSat: 0.560 beta: 0.938 sigma: 0.218 
maxBOLD estimate = 1.778


Trial 24: qplus Stimulus Selection
Stimulus: 0.588
Output value 0.294

Q+ parameters
slope: 0.616 semiSat: 0.560 beta: 0.969 sigma: 0.323 
maxBOLD estimate = 1.667


Trial 25: maxBOLD Stimulus Selection
Stimulus: 1.000
Output value 1.707

Q+ parameters
slope: 0.616 semiSat: 0.560 beta: 0.969 sigma: 0.271 
maxBOLD estimate = 1.615


Trial 26: qplus Stimulus Selection
Stimulus: 0.588
Output value 1.058

Q+ parameters
slope: 0.616 semiSat: 0.560 beta: 1.062 sigma: 0.271 
maxBOLD estimate = 1.564


Trial 27: qplus Stimulus Selection
Stimulus: 0.588
Output value 2.267

Q+ parameters
slope: 0.616 semiSat: 0.560 beta: 1.250 sigma: 0.323 
maxBOLD estimate = 1.662


Trial 28: qplus Stimulus Selection
Stimulus: 0.588
Output value 1.700

Q+ parameters
slope: 1.000 semiSat: 0.560 beta: 0.750 sigma: 0.166 
maxBOLD estimate = 2.078


Trial 29: qplus Stimulus Selection
Stimulus: 0.505
Output value 1.912

Q+ parameters
slope: 0.379 semiSat: 0.560 beta: 1.500 sigma: 0.323 
maxBOLD estimate = 1.558


Trial 30: baseline Stimulus Selection
Stimulus: 0.010
Output value -0.319

Q+ parameters
slope: 0.616 semiSat: 0.560 beta: 0.750 sigma: 0.166 
maxBOLD estimate = 2.337

--------------------------------------------------------------
FINAL VALUES
--------------------------------------------------------------
Simulated parameters:              slope: 0.410 semiSat: 0.570 beta: 1.000 sigma: 0.150 
Max posterior QUEST+ parameters:   slope: 0.616 semiSat: 0.560 beta: 1.250 sigma: 0.271 
Max BADS parameters:               slope: 0.963 semiSat: 0.551 beta: 1.000 sigma: 0.227 
maxBOLD estimate: 1.546
