/blue/stevenweisberg/stevenweisberg/MATLAB/projects/Weisberg_Aguirre_2020/scripts/run_sims
c5a-s2.ufhpc
Thu Nov 12 13:59:36 EST 2020
cp: cannot stat ‘/blue/stevenweisberg/stevenweisberg/qpfMRIResults/deploy_sim.sh’: No such file or directory
cp: cannot stat ‘/blue/stevenweisberg/stevenweisberg/qpfMRIResults/sim_wrapper.sh’: No such file or directory
------------------------------------------
Setting up environment variables
---
LD_LIBRARY_PATH is .:/apps/matlab/mcr/2020b/v99/runtime/glnxa64:/apps/matlab/mcr/2020b/v99/bin/glnxa64:/apps/matlab/mcr/2020b/v99/sys/os/glnxa64:/apps/matlab/mcr/2020b/v99/sys/opengl/lib/glnxa64
Warning: Executing startup failed in matlabrc.
This indicates a potentially serious problem in your MATLAB setup, which should be resolved as soon as possible.  Error detected was:
MATLAB:mpath:PathAlterationNotSupported
Modifying the search path is not supported by MATLAB Compiler. Remove functions that modify the search path from your MATLAB code. To make files visible to your deployed application, add the parent folder to your MATLAB session.
Warning: No stimulus domain specified. Defaulting to values between 0.01 and 1.
> In qpfmriParams (line 182)
In compiledSimulate (line 205)
Stimulus domain added from input.
Parameter slope specified as 0.41000
Parameter semiSat specified as 0.57000
Parameter beta specified as 1.00000
Parameter sigma specified as 0.25000
seed = 99seed = 104seed = 111seed = 111seed = 115seed = 101Initializing Q+. This may take a minute...
Elapsed time is 19.079072 seconds.
Simulated parameters:
slope: 0.410 semiSat: 0.570 beta: 1.000 sigma: 0.250 

Trial 1: baseline Stimulus Selection
Stimulus: 0.010
Output value 0.000

Q+ parameters
slope: 0.026 semiSat: 0.890 beta: 0.500 sigma: 0.010 
maxBOLD estimate = 1.000


Trial 2: maxBOLD Stimulus Selection
Stimulus: 1.000
Output value 1.364

Q+ parameters
slope: 0.055 semiSat: 0.670 beta: 1.250 sigma: 0.010 
maxBOLD estimate = 1.000


Trial 3: baseline Stimulus Selection
Stimulus: 0.010
Output value -0.284

Q+ parameters
slope: 0.055 semiSat: 0.670 beta: 1.250 sigma: 0.166 
maxBOLD estimate = 1.250


Trial 4: maxBOLD Stimulus Selection
Stimulus: 1.000
Output value 2.131

Q+ parameters
slope: 0.055 semiSat: 0.670 beta: 1.250 sigma: 0.062 
maxBOLD estimate = 1.562


Trial 5: baseline Stimulus Selection
Stimulus: 0.010
Output value -0.444

Q+ parameters
slope: 0.055 semiSat: 0.670 beta: 1.250 sigma: 0.114 
maxBOLD estimate = 1.953


Trial 6: maxBOLD Stimulus Selection
Stimulus: 1.000
Output value 2.497

Q+ parameters
slope: 0.055 semiSat: 0.670 beta: 1.125 sigma: 0.062 
maxBOLD estimate = 2.441


Trial 7: random Stimulus Selection
Stimulus: 0.794
Output value 2.185

Q+ parameters
slope: 0.055 semiSat: 0.780 beta: 1.250 sigma: 0.062 
maxBOLD estimate = 2.747


Trial 8: random Stimulus Selection
Stimulus: 0.753
Output value 1.170

Q+ parameters
slope: 0.113 semiSat: 0.780 beta: 0.938 sigma: 0.062 
maxBOLD estimate = 3.433


Trial 9: random Stimulus Selection
Stimulus: 0.835
Output value 1.417

Q+ parameters
slope: 0.070 semiSat: 0.780 beta: 0.969 sigma: 0.114 
maxBOLD estimate = 3.219


Trial 10: baseline Stimulus Selection
Stimulus: 0.010
Output value 0.638

Q+ parameters
slope: 0.055 semiSat: 0.780 beta: 1.125 sigma: 0.114 
maxBOLD estimate = 3.118


Trial 11: random Stimulus Selection
Stimulus: 0.629
Output value 0.897

Q+ parameters
slope: 0.089 semiSat: 0.780 beta: 0.938 sigma: 0.062 
maxBOLD estimate = 3.508


Trial 12: random Stimulus Selection
Stimulus: 0.051
Output value 4.036

Q+ parameters
slope: 0.026 semiSat: 0.890 beta: 1.500 sigma: 0.166 
maxBOLD estimate = 3.289


Trial 13: random Stimulus Selection
Stimulus: 0.794
Output value 1.177

Q+ parameters
slope: 0.034 semiSat: 0.890 beta: 0.875 sigma: 0.114 
maxBOLD estimate = 4.933


Trial 14: random Stimulus Selection
Stimulus: 0.299
Output value -0.294

Q+ parameters
slope: 0.043 semiSat: 0.670 beta: 0.750 sigma: 0.114 
maxBOLD estimate = 4.316


Trial 15: maxBOLD Stimulus Selection
Stimulus: 1.000
Output value 2.980

Q+ parameters
slope: 0.043 semiSat: 0.780 beta: 1.125 sigma: 0.114 
maxBOLD estimate = 3.237


Trial 16: random Stimulus Selection
Stimulus: 0.588
Output value 0.497

Q+ parameters
slope: 0.043 semiSat: 0.670 beta: 0.750 sigma: 0.114 
maxBOLD estimate = 3.642


Trial 17: random Stimulus Selection
Stimulus: 0.423
Output value 2.235

Q+ parameters
slope: 0.043 semiSat: 0.780 beta: 1.500 sigma: 0.166 
maxBOLD estimate = 2.731


Trial 18: random Stimulus Selection
Stimulus: 0.546
Output value 0.559

Q+ parameters
slope: 0.043 semiSat: 0.670 beta: 0.750 sigma: 0.114 
maxBOLD estimate = 4.097


Trial 19: random Stimulus Selection
Stimulus: 0.753
Output value 1.257

Q+ parameters
slope: 0.043 semiSat: 0.780 beta: 1.125 sigma: 0.166 
maxBOLD estimate = 3.073


Trial 20: baseline Stimulus Selection
Stimulus: 0.010
Output value -0.786

Q+ parameters
slope: 0.043 semiSat: 0.780 beta: 1.250 sigma: 0.166 
maxBOLD estimate = 3.457


Trial 21: random Stimulus Selection
Stimulus: 0.918
Output value 3.437

Q+ parameters
slope: 0.034 semiSat: 1.000 beta: 1.250 sigma: 0.114 
maxBOLD estimate = 4.321


Trial 22: random Stimulus Selection
Stimulus: 1.000
Output value 3.437

Q+ parameters
slope: 0.034 semiSat: 0.890 beta: 0.875 sigma: 0.062 
maxBOLD estimate = 5.401


Trial 23: random Stimulus Selection
Stimulus: 0.753
Output value 2.632

Q+ parameters
slope: 0.034 semiSat: 0.890 beta: 0.875 sigma: 0.114 
maxBOLD estimate = 4.726


Trial 24: random Stimulus Selection
Stimulus: 1.000
Output value 0.376

Q+ parameters
slope: 1.000 semiSat: 0.560 beta: 0.500 sigma: 0.114 
maxBOLD estimate = 4.135


Trial 25: maxBOLD Stimulus Selection
Stimulus: 1.000
Output value 3.384

Q+ parameters
slope: 0.021 semiSat: 0.670 beta: 1.500 sigma: 0.271 
maxBOLD estimate = 2.068


Trial 26: random Stimulus Selection
Stimulus: 0.134
Output value 2.097

Q+ parameters
slope: 0.785 semiSat: 0.670 beta: 1.062 sigma: 1.000 
maxBOLD estimate = 3.102


Trial 27: random Stimulus Selection
Stimulus: 0.588
Output value 0.449

Q+ parameters
slope: 0.144 semiSat: 0.670 beta: 0.750 sigma: 0.166 
maxBOLD estimate = 3.295


Trial 28: random Stimulus Selection
Stimulus: 0.588
Output value 1.685

Q+ parameters
slope: 0.034 semiSat: 0.670 beta: 1.250 sigma: 0.218 
maxBOLD estimate = 2.472


Trial 29: random Stimulus Selection
Stimulus: 0.588
Output value 3.283

Q+ parameters
slope: 0.785 semiSat: 0.560 beta: 1.062 sigma: 1.000 
maxBOLD estimate = 3.089


Trial 30: baseline Stimulus Selection
Stimulus: 0.010
Output value 0.746

Q+ parameters
slope: 1.000 semiSat: 0.560 beta: 0.500 sigma: 0.166 
maxBOLD estimate = 3.283

--------------------------------------------------------------
FINAL VALUES
--------------------------------------------------------------
Simulated parameters:              slope: 0.410 semiSat: 0.570 beta: 1.000 sigma: 0.250 
Max posterior QUEST+ parameters:   slope: 0.013 semiSat: 0.890 beta: 1.250 sigma: 1.000 
Max BADS parameters:               slope: 0.058 semiSat: 0.172 beta: 1.000 sigma: 0.535 
maxBOLD estimate: 1.641
