/blue/stevenweisberg/stevenweisberg/MATLAB/projects/Weisberg_Aguirre_2020/scripts/run_sims
c0704a-s2.ufhpc
Wed Apr  7 07:19:04 EDT 2021
mkdir: cannot create directory ‘/blue/stevenweisberg/stevenweisberg/qpfMRIResults/model_parameter_set2/’: File exists
cp: cannot stat ‘/blue/stevenweisberg/stevenweisberg/qpfMRIResults/deploy_sim.sh’: No such file or directory
cp: cannot stat ‘/blue/stevenweisberg/stevenweisberg/qpfMRIResults/sim_wrapper.sh’: No such file or directory
------------------------------------------
Setting up environment variables
---
LD_LIBRARY_PATH is .:/apps/matlab/mcr/2020b/v99/runtime/glnxa64:/apps/matlab/mcr/2020b/v99/bin/glnxa64:/apps/matlab/mcr/2020b/v99/sys/os/glnxa64:/apps/matlab/mcr/2020b/v99/sys/opengl/lib/glnxa64
Warning: Executing startup failed in matlabrc.
This indicates a potentially serious problem in your MATLAB setup, which should be resolved as soon as possible.  Error detected was:
MATLAB:mpath:PathAlterationNotSupported
Modifying the search path is not supported by MATLAB Compiler. Remove functions that modify the search path from your MATLAB code. To make files visible to your deployed application, add the parent folder to your MATLAB session.
Warning: No stimulus domain specified. Defaulting to values between 0.01 and 1.
> In qpfmriParams (line 182)
In compiledSimulate (line 205)
Stimulus domain added from input.
Parameter slope specified as 0.20000
Parameter semiSat specified as 0.57000
Parameter beta specified as 1.00000
Parameter sigma specified as 0.10000
seed = 99seed = 104seed = 111seed = 111seed = 115seed = 101Initializing Q+. This may take a minute...
Elapsed time is 7.628156 seconds.
Simulated parameters:
slope: 0.200 semiSat: 0.570 beta: 1.000 sigma: 0.100 

Trial 1: baseline Stimulus Selection
Stimulus: 0.010
Output value 0.000

Q+ parameters
slope: 0.026 semiSat: 0.890 beta: 0.500 sigma: 0.010 
maxBOLD estimate = 1.000


Trial 2: maxBOLD Stimulus Selection
Stimulus: 1.000
Output value 1.364

Q+ parameters
slope: 0.055 semiSat: 0.670 beta: 1.250 sigma: 0.010 
maxBOLD estimate = 1.000


Trial 3: baseline Stimulus Selection
Stimulus: 0.010
Output value 0.000

Q+ parameters
slope: 0.055 semiSat: 0.670 beta: 1.250 sigma: 0.010 
maxBOLD estimate = 1.250


Trial 4: maxBOLD Stimulus Selection
Stimulus: 1.000
Output value 1.953

Q+ parameters
slope: 0.055 semiSat: 0.670 beta: 1.250 sigma: 0.062 
maxBOLD estimate = 1.562


Trial 5: baseline Stimulus Selection
Stimulus: 0.010
Output value 0.000

Q+ parameters
slope: 0.043 semiSat: 0.780 beta: 1.250 sigma: 0.062 
maxBOLD estimate = 1.953


Trial 6: maxBOLD Stimulus Selection
Stimulus: 1.000
Output value 1.935

Q+ parameters
slope: 0.043 semiSat: 0.780 beta: 0.969 sigma: 0.062 
maxBOLD estimate = 2.441


Trial 7: qplus Stimulus Selection
Stimulus: 0.670
Output value 1.290

Q+ parameters
slope: 0.089 semiSat: 0.340 beta: 0.750 sigma: 0.062 
maxBOLD estimate = 2.365


Trial 8: qplus Stimulus Selection
Stimulus: 0.340
Output value 0.000

Q+ parameters
slope: 0.234 semiSat: 0.560 beta: 0.938 sigma: 0.062 
maxBOLD estimate = 1.774


Trial 9: qplus Stimulus Selection
Stimulus: 0.505
Output value 0.146

Q+ parameters
slope: 0.379 semiSat: 0.560 beta: 0.969 sigma: 0.062 
maxBOLD estimate = 1.663


Trial 10: baseline Stimulus Selection
Stimulus: 0.010
Output value 0.000

Q+ parameters
slope: 0.298 semiSat: 0.560 beta: 1.062 sigma: 0.062 
maxBOLD estimate = 1.611


Trial 11: qplus Stimulus Selection
Stimulus: 0.588
Output value 0.603

Q+ parameters
slope: 0.144 semiSat: 0.560 beta: 0.969 sigma: 0.062 
maxBOLD estimate = 1.712


Trial 12: qplus Stimulus Selection
Stimulus: 0.629
Output value 1.460

Q+ parameters
slope: 0.234 semiSat: 0.560 beta: 0.969 sigma: 0.062 
maxBOLD estimate = 1.658


Trial 13: qplus Stimulus Selection
Stimulus: 0.505
Output value -0.292

Q+ parameters
slope: 0.379 semiSat: 0.560 beta: 1.000 sigma: 0.114 
maxBOLD estimate = 1.606


Trial 14: qplus Stimulus Selection
Stimulus: 0.588
Output value 1.707

Q+ parameters
slope: 0.298 semiSat: 0.560 beta: 1.062 sigma: 0.114 
maxBOLD estimate = 1.606


Trial 15: maxBOLD Stimulus Selection
Stimulus: 1.000
Output value 1.804

Q+ parameters
slope: 0.234 semiSat: 0.560 beta: 0.969 sigma: 0.062 
maxBOLD estimate = 1.707


Trial 16: qplus Stimulus Selection
Stimulus: 0.670
Output value 1.203

Q+ parameters
slope: 0.144 semiSat: 0.560 beta: 1.000 sigma: 0.062 
maxBOLD estimate = 1.653


Trial 17: qplus Stimulus Selection
Stimulus: 0.505
Output value 0.451

Q+ parameters
slope: 0.144 semiSat: 0.560 beta: 1.000 sigma: 0.062 
maxBOLD estimate = 1.653


Trial 18: qplus Stimulus Selection
Stimulus: 0.629
Output value 1.127

Q+ parameters
slope: 0.113 semiSat: 0.670 beta: 1.500 sigma: 0.114 
maxBOLD estimate = 1.653


Trial 19: qplus Stimulus Selection
Stimulus: 0.629
Output value 1.015

Q+ parameters
slope: 0.183 semiSat: 0.560 beta: 0.750 sigma: 0.062 
maxBOLD estimate = 2.480


Trial 20: baseline Stimulus Selection
Stimulus: 0.010
Output value 0.000

Q+ parameters
slope: 0.144 semiSat: 0.560 beta: 0.875 sigma: 0.062 
maxBOLD estimate = 1.860


Trial 21: qplus Stimulus Selection
Stimulus: 0.464
Output value 1.332

Q+ parameters
slope: 0.070 semiSat: 0.560 beta: 1.000 sigma: 0.114 
maxBOLD estimate = 1.628


Trial 22: qplus Stimulus Selection
Stimulus: 0.464
Output value -0.129

Q+ parameters
slope: 0.234 semiSat: 0.560 beta: 0.875 sigma: 0.114 
maxBOLD estimate = 1.628


Trial 23: qplus Stimulus Selection
Stimulus: 0.629
Output value 1.651

Q+ parameters
slope: 0.183 semiSat: 0.560 beta: 1.062 sigma: 0.114 
maxBOLD estimate = 1.424


Trial 24: qplus Stimulus Selection
Stimulus: 0.505
Output value 0.438

Q+ parameters
slope: 0.183 semiSat: 0.560 beta: 1.062 sigma: 0.114 
maxBOLD estimate = 1.513


Trial 25: maxBOLD Stimulus Selection
Stimulus: 1.000
Output value 1.557

Q+ parameters
slope: 0.144 semiSat: 0.560 beta: 0.969 sigma: 0.114 
maxBOLD estimate = 1.608


Trial 26: qplus Stimulus Selection
Stimulus: 0.423
Output value 0.708

Q+ parameters
slope: 0.144 semiSat: 0.560 beta: 1.000 sigma: 0.114 
maxBOLD estimate = 1.557


Trial 27: qplus Stimulus Selection
Stimulus: 0.423
Output value 0.319

Q+ parameters
slope: 0.113 semiSat: 0.560 beta: 1.125 sigma: 0.114 
maxBOLD estimate = 1.557


Trial 28: qplus Stimulus Selection
Stimulus: 0.423
Output value 0.418

Q+ parameters
slope: 0.113 semiSat: 0.560 beta: 0.875 sigma: 0.114 
maxBOLD estimate = 1.752


Trial 29: qplus Stimulus Selection
Stimulus: 0.794
Output value 1.629

Q+ parameters
slope: 0.183 semiSat: 0.560 beta: 1.062 sigma: 0.114 
maxBOLD estimate = 1.533


Trial 30: baseline Stimulus Selection
Stimulus: 0.010
Output value 0.000

Q+ parameters
slope: 0.089 semiSat: 0.670 beta: 1.500 sigma: 0.114 
maxBOLD estimate = 1.629


Trial 31: qplus Stimulus Selection
Stimulus: 0.588
Output value 0.333

Q+ parameters
slope: 0.183 semiSat: 0.560 beta: 0.750 sigma: 0.062 
maxBOLD estimate = 2.443


Trial 32: qplus Stimulus Selection
Stimulus: 0.711
Output value 1.166

Q+ parameters
slope: 0.113 semiSat: 0.560 beta: 0.875 sigma: 0.114 
maxBOLD estimate = 1.833


Trial 33: qplus Stimulus Selection
Stimulus: 0.918
Output value 1.968

Q+ parameters
slope: 0.089 semiSat: 0.670 beta: 1.500 sigma: 0.114 
maxBOLD estimate = 1.604


Trial 34: qplus Stimulus Selection
Stimulus: 0.588
Output value 0.656

Q+ parameters
slope: 0.183 semiSat: 0.560 beta: 0.750 sigma: 0.062 
maxBOLD estimate = 2.405


Trial 35: maxBOLD Stimulus Selection
Stimulus: 1.000
Output value 1.004

Q+ parameters
slope: 0.113 semiSat: 0.560 beta: 0.875 sigma: 0.114 
maxBOLD estimate = 1.804


Trial 36: qplus Stimulus Selection
Stimulus: 0.670
Output value 2.368

Q+ parameters
slope: 0.089 semiSat: 0.670 beta: 1.500 sigma: 0.114 
maxBOLD estimate = 1.578


Trial 37: qplus Stimulus Selection
Stimulus: 0.588
Output value 0.484

Q+ parameters
slope: 0.183 semiSat: 0.560 beta: 0.750 sigma: 0.062 
maxBOLD estimate = 2.368


Trial 38: qplus Stimulus Selection
Stimulus: 0.711
Output value 1.413

Q+ parameters
slope: 0.144 semiSat: 0.560 beta: 0.875 sigma: 0.114 
maxBOLD estimate = 1.776


Trial 39: qplus Stimulus Selection
Stimulus: 0.670
Output value 1.271

Q+ parameters
slope: 0.089 semiSat: 0.670 beta: 1.500 sigma: 0.114 
maxBOLD estimate = 1.554


Trial 40: baseline Stimulus Selection
Stimulus: 0.010
Output value -0.318

Q+ parameters
slope: 0.183 semiSat: 0.560 beta: 0.750 sigma: 0.062 
maxBOLD estimate = 2.331


Trial 41: qplus Stimulus Selection
Stimulus: 0.711
Output value 0.417

Q+ parameters
slope: 0.113 semiSat: 0.560 beta: 0.875 sigma: 0.114 
maxBOLD estimate = 1.748


Trial 42: qplus Stimulus Selection
Stimulus: 0.918
Output value 1.877

Q+ parameters
slope: 0.113 semiSat: 0.560 beta: 1.125 sigma: 0.114 
maxBOLD estimate = 1.530


Trial 43: qplus Stimulus Selection
Stimulus: 0.670
Output value 0.733

Q+ parameters
slope: 0.113 semiSat: 0.560 beta: 0.938 sigma: 0.114 
maxBOLD estimate = 1.721


Trial 44: qplus Stimulus Selection
Stimulus: 0.423
Output value 0.000

Q+ parameters
slope: 0.113 semiSat: 0.560 beta: 1.000 sigma: 0.114 
maxBOLD estimate = 1.613


Trial 45: maxBOLD Stimulus Selection
Stimulus: 1.000
Output value 1.563

Q+ parameters
slope: 0.144 semiSat: 0.560 beta: 0.969 sigma: 0.114 
maxBOLD estimate = 1.613


Trial 46: qplus Stimulus Selection
Stimulus: 0.588
Output value 0.710

Q+ parameters
slope: 0.113 semiSat: 0.560 beta: 1.000 sigma: 0.114 
maxBOLD estimate = 1.563


Trial 47: qplus Stimulus Selection
Stimulus: 0.423
Output value -0.138

Q+ parameters
slope: 0.144 semiSat: 0.560 beta: 0.969 sigma: 0.114 
maxBOLD estimate = 1.563


Trial 48: qplus Stimulus Selection
Stimulus: 0.588
Output value 1.084

Q+ parameters
slope: 0.113 semiSat: 0.560 beta: 1.125 sigma: 0.114 
maxBOLD estimate = 1.514


Trial 49: qplus Stimulus Selection
Stimulus: 0.794
Output value 1.161

Q+ parameters
slope: 0.144 semiSat: 0.560 beta: 0.938 sigma: 0.114 
maxBOLD estimate = 1.703


Trial 50: baseline Stimulus Selection
Stimulus: 0.010
Output value -0.290

Q+ parameters
slope: 0.113 semiSat: 0.560 beta: 1.000 sigma: 0.114 
maxBOLD estimate = 1.597


Trial 51: qplus Stimulus Selection
Stimulus: 0.794
Output value 1.161

Q+ parameters
slope: 0.113 semiSat: 0.560 beta: 1.000 sigma: 0.114 
maxBOLD estimate = 1.597


Trial 52: qplus Stimulus Selection
Stimulus: 0.423
Output value -0.141

Q+ parameters
slope: 0.144 semiSat: 0.560 beta: 0.969 sigma: 0.114 
maxBOLD estimate = 1.597


Trial 53: qplus Stimulus Selection
Stimulus: 0.505
Output value 0.272

Q+ parameters
slope: 0.144 semiSat: 0.560 beta: 0.969 sigma: 0.114 
maxBOLD estimate = 1.547


Trial 54: qplus Stimulus Selection
Stimulus: 0.588
Output value 1.013

Q+ parameters
slope: 0.144 semiSat: 0.560 beta: 1.062 sigma: 0.114 
maxBOLD estimate = 1.498


Trial 55: maxBOLD Stimulus Selection
Stimulus: 1.000
Output value 1.262

Q+ parameters
slope: 0.144 semiSat: 0.560 beta: 0.969 sigma: 0.114 
maxBOLD estimate = 1.592


Trial 56: qplus Stimulus Selection
Stimulus: 0.588
Output value 0.408

Q+ parameters
slope: 0.144 semiSat: 0.560 beta: 0.969 sigma: 0.114 
maxBOLD estimate = 1.542


Trial 57: qplus Stimulus Selection
Stimulus: 0.588
Output value 0.577

Q+ parameters
slope: 0.183 semiSat: 0.560 beta: 1.062 sigma: 0.114 
maxBOLD estimate = 1.494


Trial 58: qplus Stimulus Selection
Stimulus: 0.505
Output value 0.140

Q+ parameters
slope: 0.144 semiSat: 0.560 beta: 0.969 sigma: 0.114 
maxBOLD estimate = 1.588


Trial 59: qplus Stimulus Selection
Stimulus: 0.711
Output value 1.625

Q+ parameters
slope: 0.144 semiSat: 0.560 beta: 0.969 sigma: 0.114 
maxBOLD estimate = 1.538


Trial 60: baseline Stimulus Selection
Stimulus: 0.010
Output value -0.305

Q+ parameters
slope: 0.144 semiSat: 0.560 beta: 1.125 sigma: 0.114 
maxBOLD estimate = 1.490


Trial 61: qplus Stimulus Selection
Stimulus: 0.546
Output value 0.286

Q+ parameters
slope: 0.144 semiSat: 0.560 beta: 0.938 sigma: 0.114 
maxBOLD estimate = 1.676


Trial 62: qplus Stimulus Selection
Stimulus: 0.464
Output value 0.415

Q+ parameters
slope: 0.144 semiSat: 0.560 beta: 0.969 sigma: 0.114 
maxBOLD estimate = 1.571


Trial 63: qplus Stimulus Selection
Stimulus: 0.423
Output value 0.268

Q+ parameters
slope: 0.144 semiSat: 0.560 beta: 0.969 sigma: 0.114 
maxBOLD estimate = 1.522


Trial 64: qplus Stimulus Selection
Stimulus: 0.794
Output value 1.282

Q+ parameters
slope: 0.183 semiSat: 0.560 beta: 1.062 sigma: 0.114 
maxBOLD estimate = 1.475


Trial 65: maxBOLD Stimulus Selection
Stimulus: 1.000
Output value 1.656

Q+ parameters
slope: 0.144 semiSat: 0.560 beta: 0.969 sigma: 0.114 
maxBOLD estimate = 1.567


Trial 66: qplus Stimulus Selection
Stimulus: 0.835
Output value 0.936

Q+ parameters
slope: 0.144 semiSat: 0.560 beta: 0.969 sigma: 0.114 
maxBOLD estimate = 1.518


Trial 67: qplus Stimulus Selection
Stimulus: 0.588
Output value 1.278

Q+ parameters
slope: 0.183 semiSat: 0.560 beta: 1.062 sigma: 0.114 
maxBOLD estimate = 1.470


Trial 68: qplus Stimulus Selection
Stimulus: 0.505
Output value 0.550

Q+ parameters
slope: 0.144 semiSat: 0.560 beta: 0.969 sigma: 0.114 
maxBOLD estimate = 1.562


Trial 69: qplus Stimulus Selection
Stimulus: 0.588
Output value 1.316

Q+ parameters
slope: 0.183 semiSat: 0.560 beta: 1.062 sigma: 0.114 
maxBOLD estimate = 1.514


Trial 70: baseline Stimulus Selection
Stimulus: 0.010
Output value -0.292

Q+ parameters
slope: 0.113 semiSat: 0.560 beta: 1.000 sigma: 0.114 
maxBOLD estimate = 1.608


Trial 71: qplus Stimulus Selection
Stimulus: 0.423
Output value 0.292

Q+ parameters
slope: 0.113 semiSat: 0.560 beta: 1.000 sigma: 0.114 
maxBOLD estimate = 1.608


Trial 72: qplus Stimulus Selection
Stimulus: 0.423
Output value 0.142

Q+ parameters
slope: 0.144 semiSat: 0.560 beta: 0.969 sigma: 0.114 
maxBOLD estimate = 1.608


Trial 73: qplus Stimulus Selection
Stimulus: 0.588
Output value 0.274

Q+ parameters
slope: 0.144 semiSat: 0.560 beta: 0.969 sigma: 0.114 
maxBOLD estimate = 1.558


Trial 74: qplus Stimulus Selection
Stimulus: 0.794
Output value 1.604

Q+ parameters
slope: 0.183 semiSat: 0.560 beta: 1.062 sigma: 0.114 
maxBOLD estimate = 1.509


Trial 75: maxBOLD Stimulus Selection
Stimulus: 1.000
Output value 0.565

Q+ parameters
slope: 0.144 semiSat: 0.560 beta: 0.969 sigma: 0.114 
maxBOLD estimate = 1.604


Trial 76: qplus Stimulus Selection
Stimulus: 0.711
Output value 0.847

Q+ parameters
slope: 0.113 semiSat: 0.560 beta: 1.000 sigma: 0.114 
maxBOLD estimate = 1.553


Trial 77: qplus Stimulus Selection
Stimulus: 0.505
Output value -0.282

Q+ parameters
slope: 0.183 semiSat: 0.560 beta: 1.000 sigma: 0.114 
maxBOLD estimate = 1.553


Trial 78: qplus Stimulus Selection
Stimulus: 0.588
Output value 0.821

Q+ parameters
slope: 0.144 semiSat: 0.560 beta: 0.969 sigma: 0.114 
maxBOLD estimate = 1.553


Trial 79: qplus Stimulus Selection
Stimulus: 0.588
Output value 0.436

Q+ parameters
slope: 0.183 semiSat: 0.560 beta: 1.062 sigma: 0.114 
maxBOLD estimate = 1.505


Trial 80: baseline Stimulus Selection
Stimulus: 0.010
Output value -0.282

Q+ parameters
slope: 0.144 semiSat: 0.560 beta: 0.969 sigma: 0.114 
maxBOLD estimate = 1.599


Trial 81: qplus Stimulus Selection
Stimulus: 0.505
Output value 0.136

Q+ parameters
slope: 0.144 semiSat: 0.560 beta: 0.969 sigma: 0.114 
maxBOLD estimate = 1.549


Trial 82: qplus Stimulus Selection
Stimulus: 0.794
Output value 1.739

Q+ parameters
slope: 0.183 semiSat: 0.560 beta: 1.062 sigma: 0.114 
maxBOLD estimate = 1.501


Trial 83: qplus Stimulus Selection
Stimulus: 0.505
Output value 0.281

Q+ parameters
slope: 0.144 semiSat: 0.560 beta: 0.969 sigma: 0.114 
maxBOLD estimate = 1.594


Trial 84: qplus Stimulus Selection
Stimulus: 0.711
Output value 1.641

Q+ parameters
slope: 0.183 semiSat: 0.560 beta: 1.062 sigma: 0.114 
maxBOLD estimate = 1.545


Trial 85: maxBOLD Stimulus Selection
Stimulus: 1.000
Output value 1.538

Q+ parameters
slope: 0.144 semiSat: 0.560 beta: 0.938 sigma: 0.114 
maxBOLD estimate = 1.641


Trial 86: qplus Stimulus Selection
Stimulus: 0.711
Output value 1.635

Q+ parameters
slope: 0.183 semiSat: 0.560 beta: 1.062 sigma: 0.114 
maxBOLD estimate = 1.538


Trial 87: qplus Stimulus Selection
Stimulus: 0.794
Output value 1.728

Q+ parameters
slope: 0.144 semiSat: 0.560 beta: 0.969 sigma: 0.114 
maxBOLD estimate = 1.635


Trial 88: qplus Stimulus Selection
Stimulus: 0.711
Output value 1.674

Q+ parameters
slope: 0.144 semiSat: 0.560 beta: 0.969 sigma: 0.114 
maxBOLD estimate = 1.584


Trial 89: qplus Stimulus Selection
Stimulus: 0.588
Output value 0.889

Q+ parameters
slope: 0.183 semiSat: 0.560 beta: 1.062 sigma: 0.114 
maxBOLD estimate = 1.534


Trial 90: baseline Stimulus Selection
Stimulus: 0.010
Output value 0.000

Q+ parameters
slope: 0.144 semiSat: 0.560 beta: 0.969 sigma: 0.114 
maxBOLD estimate = 1.630


Trial 91: qplus Stimulus Selection
Stimulus: 0.711
Output value 1.112

Q+ parameters
slope: 0.144 semiSat: 0.560 beta: 0.969 sigma: 0.114 
maxBOLD estimate = 1.579


Trial 92: qplus Stimulus Selection
Stimulus: 0.835
Output value 1.773

Q+ parameters
slope: 0.183 semiSat: 0.560 beta: 1.062 sigma: 0.114 
maxBOLD estimate = 1.530


Trial 93: qplus Stimulus Selection
Stimulus: 0.505
Output value -0.143

Q+ parameters
slope: 0.144 semiSat: 0.560 beta: 0.969 sigma: 0.114 
maxBOLD estimate = 1.625


Trial 94: qplus Stimulus Selection
Stimulus: 0.711
Output value 1.664

Q+ parameters
slope: 0.144 semiSat: 0.560 beta: 0.969 sigma: 0.114 
maxBOLD estimate = 1.574


Trial 95: maxBOLD Stimulus Selection
Stimulus: 1.000
Output value 1.768

Q+ parameters
slope: 0.183 semiSat: 0.560 beta: 1.062 sigma: 0.114 
maxBOLD estimate = 1.525


Trial 96: qplus Stimulus Selection
Stimulus: 0.505
Output value 0.856

Q+ parameters
slope: 0.144 semiSat: 0.560 beta: 0.969 sigma: 0.114 
maxBOLD estimate = 1.621


Trial 97: qplus Stimulus Selection
Stimulus: 0.835
Output value 1.521

Q+ parameters
slope: 0.144 semiSat: 0.560 beta: 0.969 sigma: 0.114 
maxBOLD estimate = 1.570


Trial 98: qplus Stimulus Selection
Stimulus: 0.794
Output value 1.763

Q+ parameters
slope: 0.183 semiSat: 0.560 beta: 1.062 sigma: 0.114 
maxBOLD estimate = 1.521


Trial 99: qplus Stimulus Selection
Stimulus: 0.505
Output value 0.569

Q+ parameters
slope: 0.144 semiSat: 0.560 beta: 0.969 sigma: 0.114 
maxBOLD estimate = 1.616


Trial 100: baseline Stimulus Selection
Stimulus: 0.010
Output value -0.151

Q+ parameters
slope: 0.183 semiSat: 0.560 beta: 1.062 sigma: 0.114 
maxBOLD estimate = 1.565

--------------------------------------------------------------
FINAL VALUES
--------------------------------------------------------------
Simulated parameters:              slope: 0.200 semiSat: 0.570 beta: 1.000 sigma: 0.100 
Max posterior QUEST+ parameters:   slope: 0.144 semiSat: 0.560 beta: 0.969 sigma: 0.114 
Max BADS parameters:               slope: 0.155 semiSat: 0.568 beta: 1.000 sigma: 0.114 
maxBOLD estimate: 1.730
