/blue/stevenweisberg/stevenweisberg/MATLAB/projects/Weisberg_Aguirre_2020/scripts/run_sims
c0700a-s7.ufhpc
Tue Apr  6 17:27:04 EDT 2021
mkdir: cannot create directory ‘/blue/stevenweisberg/stevenweisberg/qpfMRIResults/model_parameter_set2/’: File exists
cp: cannot stat ‘/blue/stevenweisberg/stevenweisberg/qpfMRIResults/deploy_sim.sh’: No such file or directory
cp: cannot stat ‘/blue/stevenweisberg/stevenweisberg/qpfMRIResults/sim_wrapper.sh’: No such file or directory
------------------------------------------
Setting up environment variables
---
LD_LIBRARY_PATH is .:/apps/matlab/mcr/2020b/v99/runtime/glnxa64:/apps/matlab/mcr/2020b/v99/bin/glnxa64:/apps/matlab/mcr/2020b/v99/sys/os/glnxa64:/apps/matlab/mcr/2020b/v99/sys/opengl/lib/glnxa64
Warning: Executing startup failed in matlabrc.
This indicates a potentially serious problem in your MATLAB setup, which should be resolved as soon as possible.  Error detected was:
MATLAB:mpath:PathAlterationNotSupported
Modifying the search path is not supported by MATLAB Compiler. Remove functions that modify the search path from your MATLAB code. To make files visible to your deployed application, add the parent folder to your MATLAB session.
Warning: No stimulus domain specified. Defaulting to values between 0.01 and 1.
> In qpfmriParams (line 182)
In compiledSimulate (line 205)
Stimulus domain added from input.
Parameter slope specified as 0.20000
Parameter semiSat specified as 0.57000
Parameter beta specified as 1.00000
Parameter sigma specified as 0.10000
seed = 99seed = 104seed = 111seed = 111seed = 115seed = 101Initializing Q+. This may take a minute...
Elapsed time is 7.232628 seconds.
Simulated parameters:
slope: 0.200 semiSat: 0.570 beta: 1.000 sigma: 0.100 

Trial 1: baseline Stimulus Selection
Stimulus: 0.010
Output value 0.000

Q+ parameters
slope: 0.026 semiSat: 0.890 beta: 0.500 sigma: 0.010 
maxBOLD estimate = 1.000


Trial 2: maxBOLD Stimulus Selection
Stimulus: 1.000
Output value 1.364

Q+ parameters
slope: 0.055 semiSat: 0.670 beta: 1.250 sigma: 0.010 
maxBOLD estimate = 1.000


Trial 3: baseline Stimulus Selection
Stimulus: 0.010
Output value -0.128

Q+ parameters
slope: 0.055 semiSat: 0.670 beta: 1.125 sigma: 0.062 
maxBOLD estimate = 1.250


Trial 4: maxBOLD Stimulus Selection
Stimulus: 1.000
Output value 1.726

Q+ parameters
slope: 0.055 semiSat: 0.670 beta: 1.125 sigma: 0.062 
maxBOLD estimate = 1.406


Trial 5: baseline Stimulus Selection
Stimulus: 0.010
Output value 0.180

Q+ parameters
slope: 0.043 semiSat: 0.780 beta: 1.250 sigma: 0.114 
maxBOLD estimate = 1.582


Trial 6: maxBOLD Stimulus Selection
Stimulus: 1.000
Output value 1.393

Q+ parameters
slope: 0.043 semiSat: 0.780 beta: 0.969 sigma: 0.062 
maxBOLD estimate = 1.978


Trial 7: random Stimulus Selection
Stimulus: 0.835
Output value 1.371

Q+ parameters
slope: 0.043 semiSat: 0.780 beta: 1.125 sigma: 0.062 
maxBOLD estimate = 1.916


Trial 8: random Stimulus Selection
Stimulus: 0.876
Output value 1.323

Q+ parameters
slope: 0.070 semiSat: 0.450 beta: 0.750 sigma: 0.062 
maxBOLD estimate = 2.155


Trial 9: random Stimulus Selection
Stimulus: 0.010
Output value 0.138

Q+ parameters
slope: 0.070 semiSat: 0.450 beta: 0.938 sigma: 0.062 
maxBOLD estimate = 1.616


Trial 10: baseline Stimulus Selection
Stimulus: 0.010
Output value 0.387

Q+ parameters
slope: 0.070 semiSat: 0.450 beta: 0.938 sigma: 0.114 
maxBOLD estimate = 1.515


Trial 11: random Stimulus Selection
Stimulus: 0.918
Output value 2.325

Q+ parameters
slope: 0.055 semiSat: 0.670 beta: 1.500 sigma: 0.114 
maxBOLD estimate = 1.421


Trial 12: random Stimulus Selection
Stimulus: 0.051
Output value 0.000

Q+ parameters
slope: 0.055 semiSat: 0.560 beta: 0.750 sigma: 0.062 
maxBOLD estimate = 2.131


Trial 13: random Stimulus Selection
Stimulus: 0.340
Output value -0.127

Q+ parameters
slope: 0.144 semiSat: 0.670 beta: 0.875 sigma: 0.114 
maxBOLD estimate = 1.598


Trial 14: random Stimulus Selection
Stimulus: 0.711
Output value 1.442

Q+ parameters
slope: 0.183 semiSat: 0.560 beta: 1.031 sigma: 0.114 
maxBOLD estimate = 1.398


Trial 15: maxBOLD Stimulus Selection
Stimulus: 1.000
Output value 1.573

Q+ parameters
slope: 0.144 semiSat: 0.560 beta: 1.000 sigma: 0.114 
maxBOLD estimate = 1.442


Trial 16: random Stimulus Selection
Stimulus: 0.216
Output value -0.270

Q+ parameters
slope: 0.183 semiSat: 0.560 beta: 1.031 sigma: 0.114 
maxBOLD estimate = 1.442


Trial 17: random Stimulus Selection
Stimulus: 0.134
Output value -0.127

Q+ parameters
slope: 0.183 semiSat: 0.560 beta: 0.938 sigma: 0.114 
maxBOLD estimate = 1.487


Trial 18: random Stimulus Selection
Stimulus: 0.918
Output value 1.569

Q+ parameters
slope: 0.183 semiSat: 0.560 beta: 1.031 sigma: 0.114 
maxBOLD estimate = 1.394


Trial 19: random Stimulus Selection
Stimulus: 0.959
Output value 1.765

Q+ parameters
slope: 0.183 semiSat: 0.560 beta: 1.125 sigma: 0.114 
maxBOLD estimate = 1.438


Trial 20: baseline Stimulus Selection
Stimulus: 0.010
Output value 0.000

Q+ parameters
slope: 0.183 semiSat: 0.560 beta: 0.938 sigma: 0.114 
maxBOLD estimate = 1.618


Trial 21: random Stimulus Selection
Stimulus: 0.216
Output value 1.551

Q+ parameters
slope: 0.089 semiSat: 0.450 beta: 1.250 sigma: 0.218 
maxBOLD estimate = 1.516


Trial 22: random Stimulus Selection
Stimulus: 0.134
Output value 0.000

Q+ parameters
slope: 0.183 semiSat: 0.560 beta: 0.750 sigma: 0.114 
maxBOLD estimate = 1.896


Trial 23: random Stimulus Selection
Stimulus: 0.959
Output value 1.599

Q+ parameters
slope: 0.183 semiSat: 0.560 beta: 1.125 sigma: 0.166 
maxBOLD estimate = 1.422


Trial 24: random Stimulus Selection
Stimulus: 0.134
Output value 0.136

Q+ parameters
slope: 0.144 semiSat: 0.560 beta: 0.938 sigma: 0.114 
maxBOLD estimate = 1.599


Trial 25: maxBOLD Stimulus Selection
Stimulus: 1.000
Output value 1.363

Q+ parameters
slope: 0.144 semiSat: 0.560 beta: 1.000 sigma: 0.114 
maxBOLD estimate = 1.499


Trial 26: random Stimulus Selection
Stimulus: 0.340
Output value 0.136

Q+ parameters
slope: 0.144 semiSat: 0.560 beta: 1.000 sigma: 0.114 
maxBOLD estimate = 1.499


Trial 27: random Stimulus Selection
Stimulus: 0.381
Output value 1.363

Q+ parameters
slope: 0.144 semiSat: 0.450 beta: 1.250 sigma: 0.166 
maxBOLD estimate = 1.499


Trial 28: random Stimulus Selection
Stimulus: 0.588
Output value 0.767

Q+ parameters
slope: 0.089 semiSat: 0.450 beta: 0.750 sigma: 0.114 
maxBOLD estimate = 1.874


Trial 29: random Stimulus Selection
Stimulus: 0.010
Output value 0.136

Q+ parameters
slope: 0.089 semiSat: 0.560 beta: 1.062 sigma: 0.114 
maxBOLD estimate = 1.406


Trial 30: baseline Stimulus Selection
Stimulus: 0.010
Output value 0.000

Q+ parameters
slope: 0.089 semiSat: 0.560 beta: 1.031 sigma: 0.114 
maxBOLD estimate = 1.494


Trial 31: random Stimulus Selection
Stimulus: 0.175
Output value -0.131

Q+ parameters
slope: 0.144 semiSat: 0.560 beta: 0.938 sigma: 0.114 
maxBOLD estimate = 1.540


Trial 32: random Stimulus Selection
Stimulus: 0.257
Output value 0.139

Q+ parameters
slope: 0.089 semiSat: 0.560 beta: 1.062 sigma: 0.114 
maxBOLD estimate = 1.444


Trial 33: random Stimulus Selection
Stimulus: 1.000
Output value 0.785

Q+ parameters
slope: 0.144 semiSat: 0.560 beta: 0.938 sigma: 0.114 
maxBOLD estimate = 1.534


Trial 34: random Stimulus Selection
Stimulus: 0.794
Output value 1.569

Q+ parameters
slope: 0.144 semiSat: 0.560 beta: 1.000 sigma: 0.114 
maxBOLD estimate = 1.438


Trial 35: maxBOLD Stimulus Selection
Stimulus: 1.000
Output value 1.308

Q+ parameters
slope: 0.144 semiSat: 0.560 beta: 1.000 sigma: 0.114 
maxBOLD estimate = 1.438


Trial 36: random Stimulus Selection
Stimulus: 0.876
Output value 1.569

Q+ parameters
slope: 0.113 semiSat: 0.670 beta: 1.500 sigma: 0.166 
maxBOLD estimate = 1.438


Trial 37: random Stimulus Selection
Stimulus: 0.092
Output value -0.147

Q+ parameters
slope: 0.144 semiSat: 0.560 beta: 0.750 sigma: 0.114 
maxBOLD estimate = 2.158


Trial 38: random Stimulus Selection
Stimulus: 0.959
Output value 1.655

Q+ parameters
slope: 0.144 semiSat: 0.560 beta: 0.938 sigma: 0.114 
maxBOLD estimate = 1.618


Trial 39: random Stimulus Selection
Stimulus: 0.175
Output value 1.448

Q+ parameters
slope: 0.113 semiSat: 0.670 beta: 1.500 sigma: 0.166 
maxBOLD estimate = 1.517


Trial 40: baseline Stimulus Selection
Stimulus: 0.010
Output value -0.310

Q+ parameters
slope: 0.070 semiSat: 0.560 beta: 0.750 sigma: 0.114 
maxBOLD estimate = 2.276


Trial 41: random Stimulus Selection
Stimulus: 0.423
Output value 0.145

Q+ parameters
slope: 0.144 semiSat: 0.560 beta: 0.938 sigma: 0.114 
maxBOLD estimate = 1.707


Trial 42: random Stimulus Selection
Stimulus: 0.629
Output value 1.091

Q+ parameters
slope: 0.144 semiSat: 0.560 beta: 0.938 sigma: 0.114 
maxBOLD estimate = 1.600


Trial 43: random Stimulus Selection
Stimulus: 0.175
Output value 0.000

Q+ parameters
slope: 0.113 semiSat: 0.670 beta: 1.500 sigma: 0.166 
maxBOLD estimate = 1.500


Trial 44: random Stimulus Selection
Stimulus: 0.299
Output value -0.153

Q+ parameters
slope: 0.089 semiSat: 0.670 beta: 0.750 sigma: 0.114 
maxBOLD estimate = 2.250


Trial 45: maxBOLD Stimulus Selection
Stimulus: 1.000
Output value 1.611

Q+ parameters
slope: 0.144 semiSat: 0.560 beta: 0.875 sigma: 0.114 
maxBOLD estimate = 1.687


Trial 46: random Stimulus Selection
Stimulus: 0.299
Output value 0.805

Q+ parameters
slope: 0.113 semiSat: 0.670 beta: 1.500 sigma: 0.166 
maxBOLD estimate = 1.477


Trial 47: random Stimulus Selection
Stimulus: 0.835
Output value 1.661

Q+ parameters
slope: 0.144 semiSat: 0.560 beta: 0.750 sigma: 0.114 
maxBOLD estimate = 2.215


Trial 48: random Stimulus Selection
Stimulus: 0.959
Output value 1.557

Q+ parameters
slope: 0.113 semiSat: 0.560 beta: 0.938 sigma: 0.114 
maxBOLD estimate = 1.661


Trial 49: random Stimulus Selection
Stimulus: 0.794
Output value 2.548

Q+ parameters
slope: 0.113 semiSat: 0.670 beta: 1.500 sigma: 0.166 
maxBOLD estimate = 1.557


Trial 50: baseline Stimulus Selection
Stimulus: 0.010
Output value 0.159

Q+ parameters
slope: 0.070 semiSat: 0.670 beta: 0.750 sigma: 0.114 
maxBOLD estimate = 2.336


Trial 51: random Stimulus Selection
Stimulus: 0.835
Output value 0.697

Q+ parameters
slope: 0.089 semiSat: 0.560 beta: 0.875 sigma: 0.114 
maxBOLD estimate = 1.752


Trial 52: random Stimulus Selection
Stimulus: 0.010
Output value -0.135

Q+ parameters
slope: 0.113 semiSat: 0.560 beta: 0.969 sigma: 0.114 
maxBOLD estimate = 1.533


Trial 53: random Stimulus Selection
Stimulus: 1.000
Output value 2.228

Q+ parameters
slope: 0.089 semiSat: 0.670 beta: 1.500 sigma: 0.114 
maxBOLD estimate = 1.485


Trial 54: random Stimulus Selection
Stimulus: 0.629
Output value 1.215

Q+ parameters
slope: 0.144 semiSat: 0.560 beta: 0.750 sigma: 0.114 
maxBOLD estimate = 2.228


Trial 55: maxBOLD Stimulus Selection
Stimulus: 1.000
Output value 1.566

Q+ parameters
slope: 0.113 semiSat: 0.560 beta: 0.938 sigma: 0.114 
maxBOLD estimate = 1.671


Trial 56: random Stimulus Selection
Stimulus: 0.051
Output value 0.570

Q+ parameters
slope: 0.144 semiSat: 0.560 beta: 1.000 sigma: 0.114 
maxBOLD estimate = 1.566


Trial 57: random Stimulus Selection
Stimulus: 0.423
Output value 1.282

Q+ parameters
slope: 0.089 semiSat: 0.670 beta: 1.500 sigma: 0.166 
maxBOLD estimate = 1.566


Trial 58: random Stimulus Selection
Stimulus: 0.918
Output value 0.961

Q+ parameters
slope: 0.070 semiSat: 0.670 beta: 0.750 sigma: 0.114 
maxBOLD estimate = 2.349


Trial 59: random Stimulus Selection
Stimulus: 0.629
Output value 0.601

Q+ parameters
slope: 0.113 semiSat: 0.560 beta: 0.938 sigma: 0.114 
maxBOLD estimate = 1.762


Trial 60: baseline Stimulus Selection
Stimulus: 0.010
Output value 0.845

Q+ parameters
slope: 0.113 semiSat: 0.560 beta: 0.938 sigma: 0.114 
maxBOLD estimate = 1.652


Trial 61: random Stimulus Selection
Stimulus: 0.340
Output value 0.436

Q+ parameters
slope: 0.113 semiSat: 0.560 beta: 1.031 sigma: 0.114 
maxBOLD estimate = 1.549


Trial 62: random Stimulus Selection
Stimulus: 0.092
Output value -0.281

Q+ parameters
slope: 0.113 semiSat: 0.560 beta: 0.969 sigma: 0.114 
maxBOLD estimate = 1.597


Trial 63: random Stimulus Selection
Stimulus: 0.505
Output value 0.870

Q+ parameters
slope: 0.113 semiSat: 0.560 beta: 1.031 sigma: 0.114 
maxBOLD estimate = 1.547


Trial 64: random Stimulus Selection
Stimulus: 0.629
Output value 0.422

Q+ parameters
slope: 0.113 semiSat: 0.560 beta: 0.969 sigma: 0.114 
maxBOLD estimate = 1.596


Trial 65: maxBOLD Stimulus Selection
Stimulus: 1.000
Output value 1.686

Q+ parameters
slope: 0.144 semiSat: 0.560 beta: 1.000 sigma: 0.114 
maxBOLD estimate = 1.546


Trial 66: random Stimulus Selection
Stimulus: 0.753
Output value 1.265

Q+ parameters
slope: 0.144 semiSat: 0.560 beta: 1.000 sigma: 0.114 
maxBOLD estimate = 1.546


Trial 67: random Stimulus Selection
Stimulus: 0.546
Output value 0.869

Q+ parameters
slope: 0.144 semiSat: 0.560 beta: 1.031 sigma: 0.114 
maxBOLD estimate = 1.546


Trial 68: random Stimulus Selection
Stimulus: 0.794
Output value 1.644

Q+ parameters
slope: 0.144 semiSat: 0.560 beta: 1.031 sigma: 0.114 
maxBOLD estimate = 1.594


Trial 69: random Stimulus Selection
Stimulus: 0.175
Output value 0.560

Q+ parameters
slope: 0.144 semiSat: 0.560 beta: 0.938 sigma: 0.114 
maxBOLD estimate = 1.644


Trial 70: baseline Stimulus Selection
Stimulus: 0.010
Output value -0.144

Q+ parameters
slope: 0.144 semiSat: 0.560 beta: 1.031 sigma: 0.114 
maxBOLD estimate = 1.541


Trial 71: random Stimulus Selection
Stimulus: 0.670
Output value 1.354

Q+ parameters
slope: 0.144 semiSat: 0.560 beta: 0.938 sigma: 0.114 
maxBOLD estimate = 1.589


Trial 72: random Stimulus Selection
Stimulus: 0.257
Output value 0.140

Q+ parameters
slope: 0.144 semiSat: 0.560 beta: 1.031 sigma: 0.114 
maxBOLD estimate = 1.490


Trial 73: random Stimulus Selection
Stimulus: 0.505
Output value 1.008

Q+ parameters
slope: 0.144 semiSat: 0.560 beta: 1.031 sigma: 0.114 
maxBOLD estimate = 1.536


Trial 74: random Stimulus Selection
Stimulus: 0.753
Output value 1.215

Q+ parameters
slope: 0.144 semiSat: 0.560 beta: 0.938 sigma: 0.114 
maxBOLD estimate = 1.584


Trial 75: maxBOLD Stimulus Selection
Stimulus: 1.000
Output value 1.350

Q+ parameters
slope: 0.144 semiSat: 0.560 beta: 1.000 sigma: 0.114 
maxBOLD estimate = 1.485


Trial 76: random Stimulus Selection
Stimulus: 0.423
Output value -0.135

Q+ parameters
slope: 0.144 semiSat: 0.560 beta: 1.000 sigma: 0.114 
maxBOLD estimate = 1.485


Trial 77: random Stimulus Selection
Stimulus: 0.918
Output value 0.945

Q+ parameters
slope: 0.144 semiSat: 0.560 beta: 1.000 sigma: 0.114 
maxBOLD estimate = 1.485


Trial 78: random Stimulus Selection
Stimulus: 0.918
Output value 1.350

Q+ parameters
slope: 0.144 semiSat: 0.560 beta: 1.000 sigma: 0.114 
maxBOLD estimate = 1.485


Trial 79: random Stimulus Selection
Stimulus: 0.092
Output value 0.270

Q+ parameters
slope: 0.144 semiSat: 0.560 beta: 1.000 sigma: 0.114 
maxBOLD estimate = 1.485


Trial 80: baseline Stimulus Selection
Stimulus: 0.010
Output value -0.135

Q+ parameters
slope: 0.144 semiSat: 0.560 beta: 1.000 sigma: 0.114 
maxBOLD estimate = 1.485


Trial 81: random Stimulus Selection
Stimulus: 0.216
Output value 0.861

Q+ parameters
slope: 0.183 semiSat: 0.560 beta: 1.062 sigma: 0.166 
maxBOLD estimate = 1.485


Trial 82: random Stimulus Selection
Stimulus: 0.629
Output value 0.538

Q+ parameters
slope: 0.144 semiSat: 0.560 beta: 0.938 sigma: 0.114 
maxBOLD estimate = 1.578


Trial 83: random Stimulus Selection
Stimulus: 0.092
Output value -0.135

Q+ parameters
slope: 0.144 semiSat: 0.560 beta: 1.000 sigma: 0.114 
maxBOLD estimate = 1.480


Trial 84: random Stimulus Selection
Stimulus: 0.670
Output value 0.942

Q+ parameters
slope: 0.144 semiSat: 0.560 beta: 1.000 sigma: 0.114 
maxBOLD estimate = 1.480


Trial 85: maxBOLD Stimulus Selection
Stimulus: 1.000
Output value 1.614

Q+ parameters
slope: 0.144 semiSat: 0.560 beta: 1.000 sigma: 0.114 
maxBOLD estimate = 1.480


Trial 86: random Stimulus Selection
Stimulus: 1.000
Output value 1.480

Q+ parameters
slope: 0.144 semiSat: 0.560 beta: 1.000 sigma: 0.114 
maxBOLD estimate = 1.480


Trial 87: random Stimulus Selection
Stimulus: 0.423
Output value 0.000

Q+ parameters
slope: 0.144 semiSat: 0.560 beta: 1.000 sigma: 0.114 
maxBOLD estimate = 1.480


Trial 88: random Stimulus Selection
Stimulus: 0.464
Output value -0.135

Q+ parameters
slope: 0.144 semiSat: 0.560 beta: 1.000 sigma: 0.114 
maxBOLD estimate = 1.480


Trial 89: random Stimulus Selection
Stimulus: 0.340
Output value 0.135

Q+ parameters
slope: 0.144 semiSat: 0.560 beta: 1.000 sigma: 0.114 
maxBOLD estimate = 1.480


Trial 90: baseline Stimulus Selection
Stimulus: 0.010
Output value 0.269

Q+ parameters
slope: 0.144 semiSat: 0.560 beta: 1.000 sigma: 0.114 
maxBOLD estimate = 1.480


Trial 91: random Stimulus Selection
Stimulus: 0.051
Output value 0.404

Q+ parameters
slope: 0.144 semiSat: 0.560 beta: 1.000 sigma: 0.114 
maxBOLD estimate = 1.480


Trial 92: random Stimulus Selection
Stimulus: 0.629
Output value 1.076

Q+ parameters
slope: 0.144 semiSat: 0.560 beta: 1.000 sigma: 0.114 
maxBOLD estimate = 1.480


Trial 93: random Stimulus Selection
Stimulus: 1.000
Output value 1.614

Q+ parameters
slope: 0.144 semiSat: 0.560 beta: 1.000 sigma: 0.114 
maxBOLD estimate = 1.480


Trial 94: random Stimulus Selection
Stimulus: 0.959
Output value 1.211

Q+ parameters
slope: 0.144 semiSat: 0.560 beta: 1.000 sigma: 0.114 
maxBOLD estimate = 1.480


Trial 95: maxBOLD Stimulus Selection
Stimulus: 1.000
Output value 1.614

Q+ parameters
slope: 0.144 semiSat: 0.560 beta: 1.000 sigma: 0.114 
maxBOLD estimate = 1.480


Trial 96: random Stimulus Selection
Stimulus: 0.670
Output value 1.211

Q+ parameters
slope: 0.144 semiSat: 0.560 beta: 1.000 sigma: 0.114 
maxBOLD estimate = 1.480


Trial 97: random Stimulus Selection
Stimulus: 0.092
Output value -0.269

Q+ parameters
slope: 0.144 semiSat: 0.560 beta: 1.000 sigma: 0.114 
maxBOLD estimate = 1.480


Trial 98: random Stimulus Selection
Stimulus: 0.794
Output value 1.211

Q+ parameters
slope: 0.144 semiSat: 0.560 beta: 1.000 sigma: 0.114 
maxBOLD estimate = 1.480


Trial 99: random Stimulus Selection
Stimulus: 0.629
Output value 1.076

Q+ parameters
slope: 0.144 semiSat: 0.560 beta: 1.000 sigma: 0.114 
maxBOLD estimate = 1.480


Trial 100: baseline Stimulus Selection
Stimulus: 0.010
Output value 0.404

Q+ parameters
slope: 0.144 semiSat: 0.560 beta: 1.000 sigma: 0.114 
maxBOLD estimate = 1.480

--------------------------------------------------------------
FINAL VALUES
--------------------------------------------------------------
Simulated parameters:              slope: 0.200 semiSat: 0.570 beta: 1.000 sigma: 0.100 
Max posterior QUEST+ parameters:   slope: 0.144 semiSat: 0.560 beta: 0.938 sigma: 0.114 
Max BADS parameters:               slope: 0.174 semiSat: 0.606 beta: 1.000 sigma: 0.122 
maxBOLD estimate: 1.565
