/blue/stevenweisberg/stevenweisberg/MATLAB/projects/Weisberg_Aguirre_2020/scripts/run_sims
c31a-s22.ufhpc
Thu Nov 12 21:45:14 EST 2020
cp: cannot stat ‘/blue/stevenweisberg/stevenweisberg/qpfMRIResults/deploy_sim.sh’: No such file or directory
cp: cannot stat ‘/blue/stevenweisberg/stevenweisberg/qpfMRIResults/sim_wrapper.sh’: No such file or directory
------------------------------------------
Setting up environment variables
---
LD_LIBRARY_PATH is .:/apps/matlab/mcr/2020b/v99/runtime/glnxa64:/apps/matlab/mcr/2020b/v99/bin/glnxa64:/apps/matlab/mcr/2020b/v99/sys/os/glnxa64:/apps/matlab/mcr/2020b/v99/sys/opengl/lib/glnxa64
Warning: Executing startup failed in matlabrc.
This indicates a potentially serious problem in your MATLAB setup, which should be resolved as soon as possible.  Error detected was:
MATLAB:mpath:PathAlterationNotSupported
Modifying the search path is not supported by MATLAB Compiler. Remove functions that modify the search path from your MATLAB code. To make files visible to your deployed application, add the parent folder to your MATLAB session.
Warning: No stimulus domain specified. Defaulting to values between 0.01 and 1.
> In qpfmriParams (line 182)
In compiledSimulate (line 205)
Stimulus domain added from input.
Parameter slope specified as 0.41000
Parameter semiSat specified as 0.57000
Parameter beta specified as 1.00000
Parameter sigma specified as 0.25000
seed = 99seed = 104seed = 111seed = 111seed = 115seed = 101Initializing Q+. This may take a minute...
Elapsed time is 10.573206 seconds.
Simulated parameters:
slope: 0.410 semiSat: 0.570 beta: 1.000 sigma: 0.250 

Trial 1: baseline Stimulus Selection
Stimulus: 0.010
Output value 0.000

Q+ parameters
slope: 0.026 semiSat: 0.890 beta: 0.500 sigma: 0.010 
maxBOLD estimate = 1.000


Trial 2: maxBOLD Stimulus Selection
Stimulus: 1.000
Output value -0.091

Q+ parameters
slope: 0.026 semiSat: 0.890 beta: 0.500 sigma: 0.479 
maxBOLD estimate = 1.000


Trial 3: baseline Stimulus Selection
Stimulus: 0.010
Output value -0.136

Q+ parameters
slope: 0.026 semiSat: 0.560 beta: 1.500 sigma: 1.000 
maxBOLD estimate = 0.500


Trial 4: maxBOLD Stimulus Selection
Stimulus: 1.000
Output value -0.102

Q+ parameters
slope: 0.034 semiSat: 0.890 beta: 0.750 sigma: 1.000 
maxBOLD estimate = 0.750


Trial 5: baseline Stimulus Selection
Stimulus: 0.010
Output value 0.050

Q+ parameters
slope: 0.043 semiSat: 0.780 beta: 0.969 sigma: 1.000 
maxBOLD estimate = 0.562


Trial 6: maxBOLD Stimulus Selection
Stimulus: 1.000
Output value 0.892

Q+ parameters
slope: 0.026 semiSat: 0.670 beta: 1.500 sigma: 0.166 
maxBOLD estimate = 0.545


Trial 7: random Stimulus Selection
Stimulus: 0.794
Output value 1.338

Q+ parameters
slope: 0.070 semiSat: 0.560 beta: 1.500 sigma: 0.166 
maxBOLD estimate = 0.817


Trial 8: random Stimulus Selection
Stimulus: 0.010
Output value -0.334

Q+ parameters
slope: 0.070 semiSat: 0.560 beta: 1.500 sigma: 0.218 
maxBOLD estimate = 1.226


Trial 9: random Stimulus Selection
Stimulus: 0.092
Output value 1.024

Q+ parameters
slope: 0.298 semiSat: 0.120 beta: 0.875 sigma: 0.323 
maxBOLD estimate = 1.839


Trial 10: baseline Stimulus Selection
Stimulus: 0.010
Output value 0.878

Q+ parameters
slope: 0.070 semiSat: 0.340 beta: 0.750 sigma: 1.000 
maxBOLD estimate = 1.609


Trial 11: random Stimulus Selection
Stimulus: 0.588
Output value 1.152

Q+ parameters
slope: 0.298 semiSat: 0.120 beta: 0.875 sigma: 0.271 
maxBOLD estimate = 1.207


Trial 12: random Stimulus Selection
Stimulus: 0.918
Output value 1.116

Q+ parameters
slope: 0.298 semiSat: 0.120 beta: 0.969 sigma: 0.271 
maxBOLD estimate = 1.056


Trial 13: random Stimulus Selection
Stimulus: 0.918
Output value 1.081

Q+ parameters
slope: 0.298 semiSat: 0.120 beta: 0.969 sigma: 0.218 
maxBOLD estimate = 1.023


Trial 14: random Stimulus Selection
Stimulus: 0.134
Output value 0.093

Q+ parameters
slope: 0.113 semiSat: 0.340 beta: 1.031 sigma: 0.271 
maxBOLD estimate = 0.991


Trial 15: maxBOLD Stimulus Selection
Stimulus: 1.000
Output value 1.080

Q+ parameters
slope: 0.183 semiSat: 0.340 beta: 0.969 sigma: 0.271 
maxBOLD estimate = 1.022


Trial 16: random Stimulus Selection
Stimulus: 0.959
Output value 1.046

Q+ parameters
slope: 0.183 semiSat: 0.340 beta: 0.969 sigma: 0.271 
maxBOLD estimate = 0.990


Trial 17: random Stimulus Selection
Stimulus: 0.299
Output value -0.174

Q+ parameters
slope: 0.234 semiSat: 0.450 beta: 1.000 sigma: 0.271 
maxBOLD estimate = 0.959


Trial 18: random Stimulus Selection
Stimulus: 0.918
Output value 1.046

Q+ parameters
slope: 0.234 semiSat: 0.450 beta: 1.000 sigma: 0.271 
maxBOLD estimate = 0.959


Trial 19: random Stimulus Selection
Stimulus: 0.876
Output value 0.065

Q+ parameters
slope: 0.183 semiSat: 0.450 beta: 0.750 sigma: 1.000 
maxBOLD estimate = 0.959


Trial 20: baseline Stimulus Selection
Stimulus: 0.010
Output value 0.883

Q+ parameters
slope: 0.010 semiSat: 0.560 beta: 1.125 sigma: 1.000 
maxBOLD estimate = 0.719


Trial 21: random Stimulus Selection
Stimulus: 0.794
Output value 0.993

Q+ parameters
slope: 0.010 semiSat: 0.560 beta: 1.125 sigma: 1.000 
maxBOLD estimate = 0.809


Trial 22: random Stimulus Selection
Stimulus: 0.546
Output value 1.117

Q+ parameters
slope: 0.010 semiSat: 0.560 beta: 1.125 sigma: 1.000 
maxBOLD estimate = 0.910


Trial 23: random Stimulus Selection
Stimulus: 0.134
Output value 1.152

Q+ parameters
slope: 0.016 semiSat: 0.340 beta: 1.031 sigma: 1.000 
maxBOLD estimate = 1.024


Trial 24: random Stimulus Selection
Stimulus: 0.711
Output value 1.224

Q+ parameters
slope: 0.021 semiSat: 0.560 beta: 1.062 sigma: 1.000 
maxBOLD estimate = 1.056


Trial 25: maxBOLD Stimulus Selection
Stimulus: 1.000
Output value 1.071

Q+ parameters
slope: 0.043 semiSat: 0.340 beta: 0.875 sigma: 1.000 
maxBOLD estimate = 1.122


Trial 26: random Stimulus Selection
Stimulus: 0.216
Output value 0.460

Q+ parameters
slope: 0.021 semiSat: 0.340 beta: 1.031 sigma: 1.000 
maxBOLD estimate = 0.982


Trial 27: random Stimulus Selection
Stimulus: 0.753
Output value 1.036

Q+ parameters
slope: 0.034 semiSat: 0.340 beta: 0.938 sigma: 1.000 
maxBOLD estimate = 1.013


Trial 28: random Stimulus Selection
Stimulus: 0.505
Output value 0.356

Q+ parameters
slope: 0.021 semiSat: 0.340 beta: 1.031 sigma: 1.000 
maxBOLD estimate = 0.949


Trial 29: random Stimulus Selection
Stimulus: 0.629
Output value -0.200

Q+ parameters
slope: 0.010 semiSat: 0.890 beta: 1.125 sigma: 1.000 
maxBOLD estimate = 0.979


Trial 30: baseline Stimulus Selection
Stimulus: 0.010
Output value 0.150

Q+ parameters
slope: 0.055 semiSat: 0.230 beta: 0.750 sigma: 1.000 
maxBOLD estimate = 1.101

--------------------------------------------------------------
FINAL VALUES
--------------------------------------------------------------
Simulated parameters:              slope: 0.410 semiSat: 0.570 beta: 1.000 sigma: 0.250 
Max posterior QUEST+ parameters:   slope: 0.010 semiSat: 0.560 beta: 1.125 sigma: 1.000 
Max BADS parameters:               slope: 0.011 semiSat: 0.186 beta: 1.000 sigma: 1.000 
maxBOLD estimate: 0.819
