/blue/stevenweisberg/stevenweisberg/MATLAB/projects/Weisberg_Aguirre_2020/scripts/run_sims
c0704a-s5.ufhpc
Wed Apr  7 09:35:09 EDT 2021
mkdir: cannot create directory ‘/blue/stevenweisberg/stevenweisberg/qpfMRIResults/model_parameter_set2/’: File exists
cp: cannot stat ‘/blue/stevenweisberg/stevenweisberg/qpfMRIResults/deploy_sim.sh’: No such file or directory
cp: cannot stat ‘/blue/stevenweisberg/stevenweisberg/qpfMRIResults/sim_wrapper.sh’: No such file or directory
------------------------------------------
Setting up environment variables
---
LD_LIBRARY_PATH is .:/apps/matlab/mcr/2020b/v99/runtime/glnxa64:/apps/matlab/mcr/2020b/v99/bin/glnxa64:/apps/matlab/mcr/2020b/v99/sys/os/glnxa64:/apps/matlab/mcr/2020b/v99/sys/opengl/lib/glnxa64
Warning: Executing startup failed in matlabrc.
This indicates a potentially serious problem in your MATLAB setup, which should be resolved as soon as possible.  Error detected was:
MATLAB:mpath:PathAlterationNotSupported
Modifying the search path is not supported by MATLAB Compiler. Remove functions that modify the search path from your MATLAB code. To make files visible to your deployed application, add the parent folder to your MATLAB session.
Warning: No stimulus domain specified. Defaulting to values between 0.01 and 1.
> In qpfmriParams (line 182)
In compiledSimulate (line 205)
Stimulus domain added from input.
Parameter slope specified as 0.20000
Parameter semiSat specified as 0.57000
Parameter beta specified as 1.00000
Parameter sigma specified as 0.10000
seed = 99seed = 104seed = 111seed = 111seed = 115seed = 101Initializing Q+. This may take a minute...
Elapsed time is 9.812155 seconds.
Simulated parameters:
slope: 0.200 semiSat: 0.570 beta: 1.000 sigma: 0.100 

Trial 1: baseline Stimulus Selection
Stimulus: 0.010
Output value 0.000

Q+ parameters
slope: 0.026 semiSat: 0.890 beta: 0.500 sigma: 0.010 
maxBOLD estimate = 1.000


Trial 2: maxBOLD Stimulus Selection
Stimulus: 1.000
Output value 1.364

Q+ parameters
slope: 0.055 semiSat: 0.670 beta: 1.250 sigma: 0.010 
maxBOLD estimate = 1.000


Trial 3: baseline Stimulus Selection
Stimulus: 0.010
Output value 0.000

Q+ parameters
slope: 0.055 semiSat: 0.670 beta: 1.125 sigma: 0.010 
maxBOLD estimate = 1.250


Trial 4: maxBOLD Stimulus Selection
Stimulus: 1.000
Output value 1.758

Q+ parameters
slope: 0.043 semiSat: 0.780 beta: 1.250 sigma: 0.062 
maxBOLD estimate = 1.406


Trial 5: baseline Stimulus Selection
Stimulus: 0.010
Output value 0.000

Q+ parameters
slope: 0.043 semiSat: 0.780 beta: 1.250 sigma: 0.062 
maxBOLD estimate = 1.758


Trial 6: maxBOLD Stimulus Selection
Stimulus: 1.000
Output value 1.748

Q+ parameters
slope: 0.034 semiSat: 1.000 beta: 1.250 sigma: 0.062 
maxBOLD estimate = 2.197


Trial 7: qplus Stimulus Selection
Stimulus: 0.629
Output value 0.874

Q+ parameters
slope: 0.034 semiSat: 0.890 beta: 0.875 sigma: 0.062 
maxBOLD estimate = 2.747


Trial 8: qplus Stimulus Selection
Stimulus: 0.381
Output value 0.164

Q+ parameters
slope: 0.055 semiSat: 0.670 beta: 0.750 sigma: 0.062 
maxBOLD estimate = 2.403


Trial 9: qplus Stimulus Selection
Stimulus: 0.711
Output value 0.860

Q+ parameters
slope: 0.113 semiSat: 0.670 beta: 0.875 sigma: 0.062 
maxBOLD estimate = 1.802


Trial 10: baseline Stimulus Selection
Stimulus: 0.010
Output value -0.278

Q+ parameters
slope: 0.113 semiSat: 0.560 beta: 0.969 sigma: 0.114 
maxBOLD estimate = 1.577


Trial 11: qplus Stimulus Selection
Stimulus: 0.505
Output value 0.781

Q+ parameters
slope: 0.113 semiSat: 0.560 beta: 0.938 sigma: 0.114 
maxBOLD estimate = 1.528


Trial 12: qplus Stimulus Selection
Stimulus: 0.588
Output value 0.000

Q+ parameters
slope: 0.113 semiSat: 0.670 beta: 1.125 sigma: 0.114 
maxBOLD estimate = 1.432


Trial 13: qplus Stimulus Selection
Stimulus: 0.711
Output value 0.934

Q+ parameters
slope: 0.113 semiSat: 0.670 beta: 1.062 sigma: 0.114 
maxBOLD estimate = 1.611


Trial 14: qplus Stimulus Selection
Stimulus: 0.588
Output value 0.584

Q+ parameters
slope: 0.089 semiSat: 0.560 beta: 0.750 sigma: 0.062 
maxBOLD estimate = 1.712


Trial 15: maxBOLD Stimulus Selection
Stimulus: 1.000
Output value 0.657

Q+ parameters
slope: 0.183 semiSat: 0.560 beta: 0.938 sigma: 0.114 
maxBOLD estimate = 1.284


Trial 16: qplus Stimulus Selection
Stimulus: 0.505
Output value 0.862

Q+ parameters
slope: 0.089 semiSat: 0.560 beta: 1.125 sigma: 0.114 
maxBOLD estimate = 1.204


Trial 17: qplus Stimulus Selection
Stimulus: 0.464
Output value 0.108

Q+ parameters
slope: 0.183 semiSat: 0.560 beta: 0.875 sigma: 0.114 
maxBOLD estimate = 1.354


Trial 18: qplus Stimulus Selection
Stimulus: 0.629
Output value 1.259

Q+ parameters
slope: 0.183 semiSat: 0.560 beta: 1.062 sigma: 0.114 
maxBOLD estimate = 1.185


Trial 19: qplus Stimulus Selection
Stimulus: 0.505
Output value 0.343

Q+ parameters
slope: 0.089 semiSat: 0.670 beta: 1.500 sigma: 0.114 
maxBOLD estimate = 1.259


Trial 20: baseline Stimulus Selection
Stimulus: 0.010
Output value 0.000

Q+ parameters
slope: 0.183 semiSat: 0.560 beta: 0.750 sigma: 0.114 
maxBOLD estimate = 1.889


Trial 21: qplus Stimulus Selection
Stimulus: 0.670
Output value 0.901

Q+ parameters
slope: 0.183 semiSat: 0.560 beta: 0.875 sigma: 0.114 
maxBOLD estimate = 1.416


Trial 22: qplus Stimulus Selection
Stimulus: 0.629
Output value 0.845

Q+ parameters
slope: 0.089 semiSat: 0.670 beta: 1.500 sigma: 0.114 
maxBOLD estimate = 1.239


Trial 23: qplus Stimulus Selection
Stimulus: 0.588
Output value 0.887

Q+ parameters
slope: 0.183 semiSat: 0.560 beta: 0.750 sigma: 0.114 
maxBOLD estimate = 1.859


Trial 24: qplus Stimulus Selection
Stimulus: 0.670
Output value 0.776

Q+ parameters
slope: 0.183 semiSat: 0.560 beta: 0.875 sigma: 0.114 
maxBOLD estimate = 1.394


Trial 25: maxBOLD Stimulus Selection
Stimulus: 1.000
Output value 1.414

Q+ parameters
slope: 0.183 semiSat: 0.560 beta: 1.062 sigma: 0.114 
maxBOLD estimate = 1.220


Trial 26: qplus Stimulus Selection
Stimulus: 0.505
Output value -0.236

Q+ parameters
slope: 0.234 semiSat: 0.560 beta: 1.000 sigma: 0.114 
maxBOLD estimate = 1.296


Trial 27: qplus Stimulus Selection
Stimulus: 0.505
Output value 0.376

Q+ parameters
slope: 0.183 semiSat: 0.560 beta: 1.062 sigma: 0.114 
maxBOLD estimate = 1.296


Trial 28: qplus Stimulus Selection
Stimulus: 0.505
Output value 0.329

Q+ parameters
slope: 0.234 semiSat: 0.560 beta: 0.875 sigma: 0.114 
maxBOLD estimate = 1.377


Trial 29: qplus Stimulus Selection
Stimulus: 0.629
Output value 0.876

Q+ parameters
slope: 0.234 semiSat: 0.560 beta: 1.000 sigma: 0.114 
maxBOLD estimate = 1.205


Trial 30: baseline Stimulus Selection
Stimulus: 0.010
Output value -0.116

Q+ parameters
slope: 0.298 semiSat: 0.560 beta: 1.062 sigma: 0.114 
maxBOLD estimate = 1.205


Trial 31: qplus Stimulus Selection
Stimulus: 0.588
Output value 0.815

Q+ parameters
slope: 0.234 semiSat: 0.560 beta: 1.000 sigma: 0.114 
maxBOLD estimate = 1.280


Trial 32: qplus Stimulus Selection
Stimulus: 0.546
Output value 0.113

Q+ parameters
slope: 0.298 semiSat: 0.560 beta: 0.969 sigma: 0.114 
maxBOLD estimate = 1.280


Trial 33: qplus Stimulus Selection
Stimulus: 0.588
Output value 0.546

Q+ parameters
slope: 0.298 semiSat: 0.560 beta: 0.969 sigma: 0.114 
maxBOLD estimate = 1.240


Trial 34: qplus Stimulus Selection
Stimulus: 0.546
Output value 0.529

Q+ parameters
slope: 0.298 semiSat: 0.560 beta: 0.969 sigma: 0.114 
maxBOLD estimate = 1.202


Trial 35: maxBOLD Stimulus Selection
Stimulus: 1.000
Output value 1.349

Q+ parameters
slope: 0.298 semiSat: 0.560 beta: 1.062 sigma: 0.114 
maxBOLD estimate = 1.164


Trial 36: qplus Stimulus Selection
Stimulus: 0.505
Output value -0.218

Q+ parameters
slope: 0.298 semiSat: 0.560 beta: 0.969 sigma: 0.114 
maxBOLD estimate = 1.237


Trial 37: qplus Stimulus Selection
Stimulus: 0.588
Output value 1.389

Q+ parameters
slope: 0.298 semiSat: 0.560 beta: 1.062 sigma: 0.166 
maxBOLD estimate = 1.198


Trial 38: qplus Stimulus Selection
Stimulus: 0.505
Output value 0.112

Q+ parameters
slope: 0.298 semiSat: 0.560 beta: 0.969 sigma: 0.114 
maxBOLD estimate = 1.273


Trial 39: qplus Stimulus Selection
Stimulus: 0.546
Output value 0.652

Q+ parameters
slope: 0.298 semiSat: 0.560 beta: 0.969 sigma: 0.114 
maxBOLD estimate = 1.233


Trial 40: baseline Stimulus Selection
Stimulus: 0.010
Output value -0.115

Q+ parameters
slope: 0.298 semiSat: 0.560 beta: 1.062 sigma: 0.114 
maxBOLD estimate = 1.195


Trial 41: qplus Stimulus Selection
Stimulus: 0.505
Output value 0.115

Q+ parameters
slope: 0.234 semiSat: 0.560 beta: 1.000 sigma: 0.114 
maxBOLD estimate = 1.269


Trial 42: qplus Stimulus Selection
Stimulus: 0.546
Output value 0.736

Q+ parameters
slope: 0.183 semiSat: 0.560 beta: 1.062 sigma: 0.114 
maxBOLD estimate = 1.269


Trial 43: qplus Stimulus Selection
Stimulus: 0.505
Output value 0.123

Q+ parameters
slope: 0.234 semiSat: 0.560 beta: 1.000 sigma: 0.114 
maxBOLD estimate = 1.349


Trial 44: qplus Stimulus Selection
Stimulus: 0.546
Output value 0.858

Q+ parameters
slope: 0.234 semiSat: 0.560 beta: 1.000 sigma: 0.114 
maxBOLD estimate = 1.349


Trial 45: maxBOLD Stimulus Selection
Stimulus: 1.000
Output value 1.307

Q+ parameters
slope: 0.298 semiSat: 0.560 beta: 0.969 sigma: 0.114 
maxBOLD estimate = 1.349


Trial 46: qplus Stimulus Selection
Stimulus: 0.546
Output value 1.388

Q+ parameters
slope: 0.183 semiSat: 0.560 beta: 1.062 sigma: 0.166 
maxBOLD estimate = 1.307


Trial 47: qplus Stimulus Selection
Stimulus: 0.505
Output value -0.245

Q+ parameters
slope: 0.234 semiSat: 0.560 beta: 0.969 sigma: 0.114 
maxBOLD estimate = 1.388


Trial 48: qplus Stimulus Selection
Stimulus: 0.711
Output value 1.303

Q+ parameters
slope: 0.298 semiSat: 0.560 beta: 0.969 sigma: 0.114 
maxBOLD estimate = 1.345


Trial 49: qplus Stimulus Selection
Stimulus: 0.546
Output value -0.115

Q+ parameters
slope: 0.298 semiSat: 0.560 beta: 0.969 sigma: 0.114 
maxBOLD estimate = 1.303


Trial 50: baseline Stimulus Selection
Stimulus: 0.010
Output value 0.222

Q+ parameters
slope: 0.298 semiSat: 0.560 beta: 0.969 sigma: 0.114 
maxBOLD estimate = 1.262


Trial 51: qplus Stimulus Selection
Stimulus: 0.546
Output value 0.827

Q+ parameters
slope: 0.298 semiSat: 0.560 beta: 1.062 sigma: 0.114 
maxBOLD estimate = 1.223


Trial 52: qplus Stimulus Selection
Stimulus: 0.505
Output value -0.118

Q+ parameters
slope: 0.234 semiSat: 0.560 beta: 1.000 sigma: 0.114 
maxBOLD estimate = 1.299


Trial 53: qplus Stimulus Selection
Stimulus: 0.546
Output value 0.114

Q+ parameters
slope: 0.298 semiSat: 0.560 beta: 0.969 sigma: 0.114 
maxBOLD estimate = 1.299


Trial 54: qplus Stimulus Selection
Stimulus: 0.546
Output value 1.030

Q+ parameters
slope: 0.234 semiSat: 0.560 beta: 1.000 sigma: 0.114 
maxBOLD estimate = 1.259


Trial 55: maxBOLD Stimulus Selection
Stimulus: 1.000
Output value 1.373

Q+ parameters
slope: 0.234 semiSat: 0.560 beta: 1.000 sigma: 0.114 
maxBOLD estimate = 1.259


Trial 56: qplus Stimulus Selection
Stimulus: 0.588
Output value 0.851

Q+ parameters
slope: 0.298 semiSat: 0.560 beta: 1.062 sigma: 0.114 
maxBOLD estimate = 1.259


Trial 57: qplus Stimulus Selection
Stimulus: 0.588
Output value 0.486

Q+ parameters
slope: 0.234 semiSat: 0.560 beta: 1.000 sigma: 0.114 
maxBOLD estimate = 1.337


Trial 58: qplus Stimulus Selection
Stimulus: 0.505
Output value 0.904

Q+ parameters
slope: 0.183 semiSat: 0.560 beta: 1.062 sigma: 0.114 
maxBOLD estimate = 1.337


Trial 59: qplus Stimulus Selection
Stimulus: 0.505
Output value 0.258

Q+ parameters
slope: 0.234 semiSat: 0.560 beta: 1.000 sigma: 0.114 
maxBOLD estimate = 1.421


Trial 60: baseline Stimulus Selection
Stimulus: 0.010
Output value 0.000

Q+ parameters
slope: 0.234 semiSat: 0.560 beta: 1.000 sigma: 0.114 
maxBOLD estimate = 1.421


Trial 61: qplus Stimulus Selection
Stimulus: 0.670
Output value 1.163

Q+ parameters
slope: 0.234 semiSat: 0.560 beta: 1.000 sigma: 0.114 
maxBOLD estimate = 1.421


Trial 62: qplus Stimulus Selection
Stimulus: 0.670
Output value 1.550

Q+ parameters
slope: 0.234 semiSat: 0.560 beta: 1.000 sigma: 0.114 
maxBOLD estimate = 1.421


Trial 63: qplus Stimulus Selection
Stimulus: 0.546
Output value 0.125

Q+ parameters
slope: 0.234 semiSat: 0.560 beta: 0.969 sigma: 0.114 
maxBOLD estimate = 1.421


Trial 64: qplus Stimulus Selection
Stimulus: 0.711
Output value 1.001

Q+ parameters
slope: 0.234 semiSat: 0.560 beta: 1.000 sigma: 0.114 
maxBOLD estimate = 1.376


Trial 65: maxBOLD Stimulus Selection
Stimulus: 1.000
Output value 1.502

Q+ parameters
slope: 0.234 semiSat: 0.560 beta: 1.000 sigma: 0.114 
maxBOLD estimate = 1.376


Trial 66: qplus Stimulus Selection
Stimulus: 0.505
Output value -0.250

Q+ parameters
slope: 0.234 semiSat: 0.560 beta: 1.000 sigma: 0.114 
maxBOLD estimate = 1.376


Trial 67: qplus Stimulus Selection
Stimulus: 0.546
Output value 0.626

Q+ parameters
slope: 0.234 semiSat: 0.560 beta: 1.000 sigma: 0.114 
maxBOLD estimate = 1.376


Trial 68: qplus Stimulus Selection
Stimulus: 0.505
Output value 0.000

Q+ parameters
slope: 0.234 semiSat: 0.560 beta: 1.000 sigma: 0.114 
maxBOLD estimate = 1.376


Trial 69: qplus Stimulus Selection
Stimulus: 0.546
Output value 0.876

Q+ parameters
slope: 0.234 semiSat: 0.560 beta: 1.000 sigma: 0.114 
maxBOLD estimate = 1.376


Trial 70: baseline Stimulus Selection
Stimulus: 0.010
Output value -0.266

Q+ parameters
slope: 0.183 semiSat: 0.560 beta: 1.062 sigma: 0.114 
maxBOLD estimate = 1.376


Trial 71: qplus Stimulus Selection
Stimulus: 0.505
Output value 0.233

Q+ parameters
slope: 0.234 semiSat: 0.560 beta: 0.875 sigma: 0.114 
maxBOLD estimate = 1.462


Trial 72: qplus Stimulus Selection
Stimulus: 0.423
Output value 1.745

Q+ parameters
slope: 0.070 semiSat: 0.670 beta: 1.500 sigma: 0.166 
maxBOLD estimate = 1.280


Trial 73: qplus Stimulus Selection
Stimulus: 0.794
Output value 1.570

Q+ parameters
slope: 0.089 semiSat: 0.670 beta: 1.000 sigma: 0.114 
maxBOLD estimate = 1.919


Trial 74: qplus Stimulus Selection
Stimulus: 0.959
Output value 1.745

Q+ parameters
slope: 0.089 semiSat: 0.670 beta: 1.000 sigma: 0.114 
maxBOLD estimate = 1.919


Trial 75: maxBOLD Stimulus Selection
Stimulus: 1.000
Output value 1.396

Q+ parameters
slope: 0.089 semiSat: 0.670 beta: 1.000 sigma: 0.114 
maxBOLD estimate = 1.919


Trial 76: qplus Stimulus Selection
Stimulus: 0.959
Output value 1.745

Q+ parameters
slope: 0.089 semiSat: 0.670 beta: 1.000 sigma: 0.114 
maxBOLD estimate = 1.919


Trial 77: qplus Stimulus Selection
Stimulus: 0.959
Output value 0.654

Q+ parameters
slope: 0.183 semiSat: 0.560 beta: 0.750 sigma: 0.114 
maxBOLD estimate = 1.919


Trial 78: qplus Stimulus Selection
Stimulus: 0.711
Output value 2.159

Q+ parameters
slope: 0.089 semiSat: 0.670 beta: 1.500 sigma: 0.114 
maxBOLD estimate = 1.440


Trial 79: qplus Stimulus Selection
Stimulus: 0.588
Output value 0.736

Q+ parameters
slope: 0.070 semiSat: 0.670 beta: 0.938 sigma: 0.114 
maxBOLD estimate = 2.159


Trial 80: baseline Stimulus Selection
Stimulus: 0.010
Output value 0.345

Q+ parameters
slope: 0.070 semiSat: 0.670 beta: 0.938 sigma: 0.114 
maxBOLD estimate = 2.024


Trial 81: qplus Stimulus Selection
Stimulus: 0.629
Output value 1.423

Q+ parameters
slope: 0.183 semiSat: 0.560 beta: 0.750 sigma: 0.114 
maxBOLD estimate = 1.898


Trial 82: qplus Stimulus Selection
Stimulus: 0.629
Output value 0.971

Q+ parameters
slope: 0.089 semiSat: 0.670 beta: 1.500 sigma: 0.114 
maxBOLD estimate = 1.423


Trial 83: qplus Stimulus Selection
Stimulus: 0.588
Output value 0.170

Q+ parameters
slope: 0.113 semiSat: 0.670 beta: 0.875 sigma: 0.114 
maxBOLD estimate = 2.135


Trial 84: qplus Stimulus Selection
Stimulus: 0.794
Output value 1.019

Q+ parameters
slope: 0.183 semiSat: 0.560 beta: 0.750 sigma: 0.114 
maxBOLD estimate = 1.868


Trial 85: maxBOLD Stimulus Selection
Stimulus: 1.000
Output value 1.481

Q+ parameters
slope: 0.234 semiSat: 0.560 beta: 0.969 sigma: 0.114 
maxBOLD estimate = 1.401


Trial 86: qplus Stimulus Selection
Stimulus: 0.546
Output value 0.918

Q+ parameters
slope: 0.183 semiSat: 0.560 beta: 1.062 sigma: 0.114 
maxBOLD estimate = 1.357

