/blue/stevenweisberg/stevenweisberg/MATLAB/projects/Weisberg_Aguirre_2020/scripts/run_sims
c23a-s2.ufhpc
Wed Apr  7 01:06:59 EDT 2021
mkdir: cannot create directory ‘/blue/stevenweisberg/stevenweisberg/qpfMRIResults/model_parameter_set2/’: File exists
cp: cannot stat ‘/blue/stevenweisberg/stevenweisberg/qpfMRIResults/deploy_sim.sh’: No such file or directory
cp: cannot stat ‘/blue/stevenweisberg/stevenweisberg/qpfMRIResults/sim_wrapper.sh’: No such file or directory
------------------------------------------
Setting up environment variables
---
LD_LIBRARY_PATH is .:/apps/matlab/mcr/2020b/v99/runtime/glnxa64:/apps/matlab/mcr/2020b/v99/bin/glnxa64:/apps/matlab/mcr/2020b/v99/sys/os/glnxa64:/apps/matlab/mcr/2020b/v99/sys/opengl/lib/glnxa64
Warning: Executing startup failed in matlabrc.
This indicates a potentially serious problem in your MATLAB setup, which should be resolved as soon as possible.  Error detected was:
MATLAB:mpath:PathAlterationNotSupported
Modifying the search path is not supported by MATLAB Compiler. Remove functions that modify the search path from your MATLAB code. To make files visible to your deployed application, add the parent folder to your MATLAB session.
Warning: No stimulus domain specified. Defaulting to values between 0.01 and 1.
> In qpfmriParams (line 182)
In compiledSimulate (line 205)
Stimulus domain added from input.
Parameter slope specified as 0.20000
Parameter semiSat specified as 0.57000
Parameter beta specified as 1.00000
Parameter sigma specified as 0.05000
seed = 99seed = 104seed = 111seed = 111seed = 115seed = 101Initializing Q+. This may take a minute...
Elapsed time is 9.830706 seconds.
Simulated parameters:
slope: 0.200 semiSat: 0.570 beta: 1.000 sigma: 0.050 

Trial 1: baseline Stimulus Selection
Stimulus: 0.010
Output value 0.000

Q+ parameters
slope: 0.026 semiSat: 0.890 beta: 0.500 sigma: 0.010 
maxBOLD estimate = 1.000


Trial 2: maxBOLD Stimulus Selection
Stimulus: 1.000
Output value 1.364

Q+ parameters
slope: 0.055 semiSat: 0.670 beta: 1.250 sigma: 0.010 
maxBOLD estimate = 1.000


Trial 3: baseline Stimulus Selection
Stimulus: 0.010
Output value -0.142

Q+ parameters
slope: 0.055 semiSat: 0.670 beta: 1.250 sigma: 0.062 
maxBOLD estimate = 1.250


Trial 4: maxBOLD Stimulus Selection
Stimulus: 1.000
Output value 1.438

Q+ parameters
slope: 0.043 semiSat: 0.780 beta: 1.125 sigma: 0.010 
maxBOLD estimate = 1.562


Trial 5: baseline Stimulus Selection
Stimulus: 0.010
Output value 0.000

Q+ parameters
slope: 0.043 semiSat: 0.780 beta: 1.125 sigma: 0.062 
maxBOLD estimate = 1.758


Trial 6: maxBOLD Stimulus Selection
Stimulus: 1.000
Output value 1.393

Q+ parameters
slope: 0.043 semiSat: 0.780 beta: 0.969 sigma: 0.062 
maxBOLD estimate = 1.978


Trial 7: qplus Stimulus Selection
Stimulus: 0.711
Output value 1.045

Q+ parameters
slope: 0.089 semiSat: 0.340 beta: 0.750 sigma: 0.062 
maxBOLD estimate = 1.916


Trial 8: qplus Stimulus Selection
Stimulus: 0.340
Output value 0.000

Q+ parameters
slope: 0.183 semiSat: 0.560 beta: 1.031 sigma: 0.062 
maxBOLD estimate = 1.437


Trial 9: qplus Stimulus Selection
Stimulus: 0.546
Output value 0.236

Q+ parameters
slope: 0.785 semiSat: 0.560 beta: 0.875 sigma: 0.062 
maxBOLD estimate = 1.482


Trial 10: baseline Stimulus Selection
Stimulus: 0.010
Output value 0.000

Q+ parameters
slope: 0.785 semiSat: 0.560 beta: 1.062 sigma: 0.062 
maxBOLD estimate = 1.296


Trial 11: qplus Stimulus Selection
Stimulus: 0.588
Output value 0.607

Q+ parameters
slope: 0.298 semiSat: 0.560 beta: 0.969 sigma: 0.062 
maxBOLD estimate = 1.378


Trial 12: qplus Stimulus Selection
Stimulus: 0.629
Output value 1.058

Q+ parameters
slope: 0.298 semiSat: 0.560 beta: 0.969 sigma: 0.062 
maxBOLD estimate = 1.334


Trial 13: qplus Stimulus Selection
Stimulus: 0.505
Output value 0.114

Q+ parameters
slope: 0.379 semiSat: 0.560 beta: 0.969 sigma: 0.062 
maxBOLD estimate = 1.293


Trial 14: qplus Stimulus Selection
Stimulus: 0.629
Output value 0.882

Q+ parameters
slope: 0.298 semiSat: 0.560 beta: 0.969 sigma: 0.062 
maxBOLD estimate = 1.252


Trial 15: maxBOLD Stimulus Selection
Stimulus: 1.000
Output value 1.406

Q+ parameters
slope: 0.379 semiSat: 0.560 beta: 1.062 sigma: 0.062 
maxBOLD estimate = 1.213


Trial 16: qplus Stimulus Selection
Stimulus: 0.505
Output value 0.341

Q+ parameters
slope: 0.298 semiSat: 0.560 beta: 0.969 sigma: 0.062 
maxBOLD estimate = 1.289


Trial 17: qplus Stimulus Selection
Stimulus: 0.588
Output value 1.206

Q+ parameters
slope: 0.298 semiSat: 0.560 beta: 1.062 sigma: 0.062 
maxBOLD estimate = 1.249


Trial 18: qplus Stimulus Selection
Stimulus: 0.505
Output value 0.241

Q+ parameters
slope: 0.298 semiSat: 0.560 beta: 1.000 sigma: 0.062 
maxBOLD estimate = 1.327


Trial 19: qplus Stimulus Selection
Stimulus: 0.505
Output value 0.482

Q+ parameters
slope: 0.298 semiSat: 0.560 beta: 1.000 sigma: 0.062 
maxBOLD estimate = 1.327


Trial 20: baseline Stimulus Selection
Stimulus: 0.010
Output value -0.121

Q+ parameters
slope: 0.298 semiSat: 0.560 beta: 1.000 sigma: 0.062 
maxBOLD estimate = 1.327


Trial 21: qplus Stimulus Selection
Stimulus: 0.546
Output value 0.603

Q+ parameters
slope: 0.298 semiSat: 0.560 beta: 1.000 sigma: 0.062 
maxBOLD estimate = 1.327


Trial 22: qplus Stimulus Selection
Stimulus: 0.546
Output value 0.121

Q+ parameters
slope: 0.298 semiSat: 0.560 beta: 1.000 sigma: 0.062 
maxBOLD estimate = 1.327


Trial 23: qplus Stimulus Selection
Stimulus: 0.588
Output value 0.965

Q+ parameters
slope: 0.298 semiSat: 0.560 beta: 1.000 sigma: 0.062 
maxBOLD estimate = 1.327


Trial 24: qplus Stimulus Selection
Stimulus: 0.546
Output value 0.603

Q+ parameters
slope: 0.298 semiSat: 0.560 beta: 1.000 sigma: 0.062 
maxBOLD estimate = 1.327


Trial 25: maxBOLD Stimulus Selection
Stimulus: 1.000
Output value 1.327

Q+ parameters
slope: 0.298 semiSat: 0.560 beta: 1.000 sigma: 0.062 
maxBOLD estimate = 1.327


Trial 26: qplus Stimulus Selection
Stimulus: 0.629
Output value 1.086

Q+ parameters
slope: 0.298 semiSat: 0.560 beta: 1.000 sigma: 0.062 
maxBOLD estimate = 1.327


Trial 27: qplus Stimulus Selection
Stimulus: 0.546
Output value 1.025

Q+ parameters
slope: 0.298 semiSat: 0.560 beta: 1.062 sigma: 0.062 
maxBOLD estimate = 1.327


Trial 28: qplus Stimulus Selection
Stimulus: 0.505
Output value 0.372

Q+ parameters
slope: 0.298 semiSat: 0.560 beta: 0.969 sigma: 0.062 
maxBOLD estimate = 1.410


Trial 29: qplus Stimulus Selection
Stimulus: 0.546
Output value 0.528

Q+ parameters
slope: 0.298 semiSat: 0.560 beta: 1.062 sigma: 0.062 
maxBOLD estimate = 1.366


Trial 30: baseline Stimulus Selection
Stimulus: 0.010
Output value 0.128

Q+ parameters
slope: 0.298 semiSat: 0.560 beta: 0.969 sigma: 0.062 
maxBOLD estimate = 1.451


Trial 31: qplus Stimulus Selection
Stimulus: 0.711
Output value 1.362

Q+ parameters
slope: 0.298 semiSat: 0.560 beta: 0.969 sigma: 0.062 
maxBOLD estimate = 1.406


Trial 32: qplus Stimulus Selection
Stimulus: 0.546
Output value 0.526

Q+ parameters
slope: 0.298 semiSat: 0.560 beta: 1.062 sigma: 0.062 
maxBOLD estimate = 1.362


Trial 33: qplus Stimulus Selection
Stimulus: 0.505
Output value 0.255

Q+ parameters
slope: 0.298 semiSat: 0.560 beta: 0.969 sigma: 0.062 
maxBOLD estimate = 1.447


Trial 34: qplus Stimulus Selection
Stimulus: 0.546
Output value 0.637

Q+ parameters
slope: 0.234 semiSat: 0.560 beta: 1.000 sigma: 0.062 
maxBOLD estimate = 1.402


Trial 35: maxBOLD Stimulus Selection
Stimulus: 1.000
Output value 1.529

Q+ parameters
slope: 0.234 semiSat: 0.560 beta: 1.000 sigma: 0.062 
maxBOLD estimate = 1.402


Trial 36: qplus Stimulus Selection
Stimulus: 0.670
Output value 1.577

Q+ parameters
slope: 0.234 semiSat: 0.560 beta: 1.031 sigma: 0.062 
maxBOLD estimate = 1.402


Trial 37: qplus Stimulus Selection
Stimulus: 0.588
Output value 0.509

Q+ parameters
slope: 0.298 semiSat: 0.560 beta: 0.969 sigma: 0.062 
maxBOLD estimate = 1.445


Trial 38: qplus Stimulus Selection
Stimulus: 0.546
Output value 0.637

Q+ parameters
slope: 0.234 semiSat: 0.560 beta: 1.000 sigma: 0.062 
maxBOLD estimate = 1.400


Trial 39: qplus Stimulus Selection
Stimulus: 0.505
Output value 0.525

Q+ parameters
slope: 0.183 semiSat: 0.560 beta: 1.031 sigma: 0.062 
maxBOLD estimate = 1.400


Trial 40: baseline Stimulus Selection
Stimulus: 0.010
Output value 0.000

Q+ parameters
slope: 0.298 semiSat: 0.560 beta: 0.969 sigma: 0.062 
maxBOLD estimate = 1.444


Trial 41: qplus Stimulus Selection
Stimulus: 0.546
Output value 0.918

Q+ parameters
slope: 0.183 semiSat: 0.560 beta: 1.031 sigma: 0.062 
maxBOLD estimate = 1.399


Trial 42: qplus Stimulus Selection
Stimulus: 0.464
Output value -0.127

Q+ parameters
slope: 0.298 semiSat: 0.560 beta: 0.969 sigma: 0.062 
maxBOLD estimate = 1.443


Trial 43: qplus Stimulus Selection
Stimulus: 0.546
Output value 0.762

Q+ parameters
slope: 0.234 semiSat: 0.560 beta: 1.000 sigma: 0.062 
maxBOLD estimate = 1.398


Trial 44: qplus Stimulus Selection
Stimulus: 0.464
Output value 0.262

Q+ parameters
slope: 0.183 semiSat: 0.560 beta: 1.031 sigma: 0.062 
maxBOLD estimate = 1.398


Trial 45: maxBOLD Stimulus Selection
Stimulus: 1.000
Output value 1.310

Q+ parameters
slope: 0.234 semiSat: 0.560 beta: 1.000 sigma: 0.062 
maxBOLD estimate = 1.441


Trial 46: qplus Stimulus Selection
Stimulus: 0.670
Output value 1.486

Q+ parameters
slope: 0.234 semiSat: 0.560 beta: 1.031 sigma: 0.062 
maxBOLD estimate = 1.441


Trial 47: qplus Stimulus Selection
Stimulus: 0.670
Output value 1.064

Q+ parameters
slope: 0.298 semiSat: 0.560 beta: 0.875 sigma: 0.062 
maxBOLD estimate = 1.486


Trial 48: qplus Stimulus Selection
Stimulus: 0.670
Output value 1.596

Q+ parameters
slope: 0.234 semiSat: 0.560 beta: 1.125 sigma: 0.062 
maxBOLD estimate = 1.301


Trial 49: qplus Stimulus Selection
Stimulus: 0.464
Output value 0.266

Q+ parameters
slope: 0.234 semiSat: 0.560 beta: 1.000 sigma: 0.062 
maxBOLD estimate = 1.463


Trial 50: baseline Stimulus Selection
Stimulus: 0.010
Output value -0.133

Q+ parameters
slope: 0.234 semiSat: 0.560 beta: 1.000 sigma: 0.062 
maxBOLD estimate = 1.463


Trial 51: qplus Stimulus Selection
Stimulus: 0.505
Output value 0.549

Q+ parameters
slope: 0.183 semiSat: 0.560 beta: 1.031 sigma: 0.062 
maxBOLD estimate = 1.463


Trial 52: qplus Stimulus Selection
Stimulus: 0.711
Output value 1.646

Q+ parameters
slope: 0.234 semiSat: 0.560 beta: 1.000 sigma: 0.062 
maxBOLD estimate = 1.509


Trial 53: qplus Stimulus Selection
Stimulus: 0.505
Output value 0.549

Q+ parameters
slope: 0.144 semiSat: 0.560 beta: 1.000 sigma: 0.062 
maxBOLD estimate = 1.509


Trial 54: qplus Stimulus Selection
Stimulus: 0.381
Output value 0.274

Q+ parameters
slope: 0.144 semiSat: 0.560 beta: 1.000 sigma: 0.062 
maxBOLD estimate = 1.509


Trial 55: maxBOLD Stimulus Selection
Stimulus: 1.000
Output value 1.646

Q+ parameters
slope: 0.144 semiSat: 0.560 beta: 1.000 sigma: 0.062 
maxBOLD estimate = 1.509


Trial 56: qplus Stimulus Selection
Stimulus: 0.381
Output value 0.137

Q+ parameters
slope: 0.144 semiSat: 0.560 beta: 1.000 sigma: 0.062 
maxBOLD estimate = 1.509


Trial 57: qplus Stimulus Selection
Stimulus: 0.381
Output value 0.000

Q+ parameters
slope: 0.144 semiSat: 0.560 beta: 1.000 sigma: 0.062 
maxBOLD estimate = 1.509


Trial 58: qplus Stimulus Selection
Stimulus: 0.381
Output value 0.411

Q+ parameters
slope: 0.144 semiSat: 0.560 beta: 1.000 sigma: 0.062 
maxBOLD estimate = 1.509


Trial 59: qplus Stimulus Selection
Stimulus: 0.588
Output value 0.823

Q+ parameters
slope: 0.144 semiSat: 0.560 beta: 1.000 sigma: 0.062 
maxBOLD estimate = 1.509


Trial 60: baseline Stimulus Selection
Stimulus: 0.010
Output value 0.133

Q+ parameters
slope: 0.183 semiSat: 0.560 beta: 0.969 sigma: 0.062 
maxBOLD estimate = 1.509


Trial 61: qplus Stimulus Selection
Stimulus: 0.381
Output value 0.000

Q+ parameters
slope: 0.183 semiSat: 0.560 beta: 1.031 sigma: 0.062 
maxBOLD estimate = 1.462


Trial 62: qplus Stimulus Selection
Stimulus: 0.505
Output value 0.531

Q+ parameters
slope: 0.183 semiSat: 0.560 beta: 0.969 sigma: 0.062 
maxBOLD estimate = 1.507


Trial 63: qplus Stimulus Selection
Stimulus: 0.381
Output value 0.274

Q+ parameters
slope: 0.183 semiSat: 0.560 beta: 1.031 sigma: 0.062 
maxBOLD estimate = 1.460


Trial 64: qplus Stimulus Selection
Stimulus: 0.629
Output value 1.412

Q+ parameters
slope: 0.183 semiSat: 0.560 beta: 1.031 sigma: 0.062 
maxBOLD estimate = 1.506


Trial 65: maxBOLD Stimulus Selection
Stimulus: 1.000
Output value 1.641

Q+ parameters
slope: 0.183 semiSat: 0.560 beta: 0.969 sigma: 0.062 
maxBOLD estimate = 1.553


Trial 66: qplus Stimulus Selection
Stimulus: 0.381
Output value 0.410

Q+ parameters
slope: 0.144 semiSat: 0.560 beta: 1.000 sigma: 0.062 
maxBOLD estimate = 1.504


Trial 67: qplus Stimulus Selection
Stimulus: 0.381
Output value 0.000

Q+ parameters
slope: 0.144 semiSat: 0.560 beta: 1.000 sigma: 0.062 
maxBOLD estimate = 1.504


Trial 68: qplus Stimulus Selection
Stimulus: 0.629
Output value 1.410

Q+ parameters
slope: 0.183 semiSat: 0.560 beta: 1.031 sigma: 0.062 
maxBOLD estimate = 1.504


Trial 69: qplus Stimulus Selection
Stimulus: 0.711
Output value 1.410

Q+ parameters
slope: 0.144 semiSat: 0.560 beta: 1.000 sigma: 0.062 
maxBOLD estimate = 1.551


Trial 70: baseline Stimulus Selection
Stimulus: 0.010
Output value 0.000

Q+ parameters
slope: 0.144 semiSat: 0.560 beta: 1.000 sigma: 0.062 
maxBOLD estimate = 1.551


Trial 71: qplus Stimulus Selection
Stimulus: 0.381
Output value 0.000

Q+ parameters
slope: 0.144 semiSat: 0.560 beta: 1.000 sigma: 0.062 
maxBOLD estimate = 1.551


Trial 72: qplus Stimulus Selection
Stimulus: 0.381
Output value -0.273

Q+ parameters
slope: 0.183 semiSat: 0.560 beta: 0.969 sigma: 0.062 
maxBOLD estimate = 1.551


Trial 73: qplus Stimulus Selection
Stimulus: 0.629
Output value 1.268

Q+ parameters
slope: 0.183 semiSat: 0.560 beta: 1.031 sigma: 0.062 
maxBOLD estimate = 1.503


Trial 74: qplus Stimulus Selection
Stimulus: 0.711
Output value 1.228

Q+ parameters
slope: 0.183 semiSat: 0.560 beta: 0.969 sigma: 0.062 
maxBOLD estimate = 1.550


Trial 75: maxBOLD Stimulus Selection
Stimulus: 1.000
Output value 1.689

Q+ parameters
slope: 0.183 semiSat: 0.560 beta: 1.031 sigma: 0.062 
maxBOLD estimate = 1.501


Trial 76: qplus Stimulus Selection
Stimulus: 0.505
Output value 0.136

Q+ parameters
slope: 0.298 semiSat: 0.560 beta: 0.969 sigma: 0.062 
maxBOLD estimate = 1.548


Trial 77: qplus Stimulus Selection
Stimulus: 0.505
Output value 0.422

Q+ parameters
slope: 0.183 semiSat: 0.560 beta: 1.031 sigma: 0.062 
maxBOLD estimate = 1.500


Trial 78: qplus Stimulus Selection
Stimulus: 0.505
Output value 0.545

Q+ parameters
slope: 0.183 semiSat: 0.560 beta: 0.969 sigma: 0.062 
maxBOLD estimate = 1.547


Trial 79: qplus Stimulus Selection
Stimulus: 0.629
Output value 1.686

Q+ parameters
slope: 0.183 semiSat: 0.560 beta: 1.031 sigma: 0.062 
maxBOLD estimate = 1.499


Trial 80: baseline Stimulus Selection
Stimulus: 0.010
Output value 0.000

Q+ parameters
slope: 0.183 semiSat: 0.560 beta: 1.031 sigma: 0.062 
maxBOLD estimate = 1.545


Trial 81: qplus Stimulus Selection
Stimulus: 0.629
Output value 1.087

Q+ parameters
slope: 0.183 semiSat: 0.560 beta: 0.938 sigma: 0.062 
maxBOLD estimate = 1.594


Trial 82: qplus Stimulus Selection
Stimulus: 0.588
Output value 0.980

Q+ parameters
slope: 0.183 semiSat: 0.560 beta: 1.031 sigma: 0.062 
maxBOLD estimate = 1.494


Trial 83: qplus Stimulus Selection
Stimulus: 0.711
Output value 1.589

Q+ parameters
slope: 0.183 semiSat: 0.560 beta: 1.031 sigma: 0.062 
maxBOLD estimate = 1.541


Trial 84: qplus Stimulus Selection
Stimulus: 0.629
Output value 1.259

Q+ parameters
slope: 0.183 semiSat: 0.560 beta: 0.969 sigma: 0.062 
maxBOLD estimate = 1.589


Trial 85: maxBOLD Stimulus Selection
Stimulus: 1.000
Output value 1.732

Q+ parameters
slope: 0.183 semiSat: 0.560 beta: 1.031 sigma: 0.062 
maxBOLD estimate = 1.539


Trial 86: qplus Stimulus Selection
Stimulus: 0.711
Output value 1.398

Q+ parameters
slope: 0.183 semiSat: 0.560 beta: 0.969 sigma: 0.062 
maxBOLD estimate = 1.587


Trial 87: qplus Stimulus Selection
Stimulus: 0.381
Output value 0.144

Q+ parameters
slope: 0.183 semiSat: 0.560 beta: 1.031 sigma: 0.062 
maxBOLD estimate = 1.538


Trial 88: qplus Stimulus Selection
Stimulus: 0.711
Output value 1.676

Q+ parameters
slope: 0.183 semiSat: 0.560 beta: 0.969 sigma: 0.062 
maxBOLD estimate = 1.586


Trial 89: qplus Stimulus Selection
Stimulus: 0.381
Output value 0.432

Q+ parameters
slope: 0.183 semiSat: 0.560 beta: 1.031 sigma: 0.062 
maxBOLD estimate = 1.536


Trial 90: baseline Stimulus Selection
Stimulus: 0.010
Output value 0.140

Q+ parameters
slope: 0.183 semiSat: 0.560 beta: 0.969 sigma: 0.062 
maxBOLD estimate = 1.584


Trial 91: qplus Stimulus Selection
Stimulus: 0.381
Output value 0.135

Q+ parameters
slope: 0.298 semiSat: 0.560 beta: 0.969 sigma: 0.062 
maxBOLD estimate = 1.535


Trial 92: qplus Stimulus Selection
Stimulus: 0.546
Output value 0.393

Q+ parameters
slope: 0.298 semiSat: 0.560 beta: 0.969 sigma: 0.062 
maxBOLD estimate = 1.487


Trial 93: qplus Stimulus Selection
Stimulus: 0.505
Output value 0.417

Q+ parameters
slope: 0.183 semiSat: 0.560 beta: 1.062 sigma: 0.062 
maxBOLD estimate = 1.440


Trial 94: qplus Stimulus Selection
Stimulus: 0.794
Output value 1.482

Q+ parameters
slope: 0.298 semiSat: 0.560 beta: 0.969 sigma: 0.062 
maxBOLD estimate = 1.530


Trial 95: maxBOLD Stimulus Selection
Stimulus: 1.000
Output value 1.567

Q+ parameters
slope: 0.298 semiSat: 0.560 beta: 0.969 sigma: 0.062 
maxBOLD estimate = 1.482


Trial 96: qplus Stimulus Selection
Stimulus: 0.546
Output value 0.832

Q+ parameters
slope: 0.183 semiSat: 0.560 beta: 1.062 sigma: 0.062 
maxBOLD estimate = 1.436


Trial 97: qplus Stimulus Selection
Stimulus: 0.794
Output value 1.478

Q+ parameters
slope: 0.298 semiSat: 0.560 beta: 0.969 sigma: 0.062 
maxBOLD estimate = 1.526


Trial 98: qplus Stimulus Selection
Stimulus: 0.546
Output value 0.521

Q+ parameters
slope: 0.298 semiSat: 0.560 beta: 0.969 sigma: 0.062 
maxBOLD estimate = 1.478


Trial 99: qplus Stimulus Selection
Stimulus: 0.546
Output value 0.126

Q+ parameters
slope: 0.298 semiSat: 0.560 beta: 0.969 sigma: 0.062 
maxBOLD estimate = 1.432


Trial 100: baseline Stimulus Selection
Stimulus: 0.010
Output value -0.284

Q+ parameters
slope: 0.234 semiSat: 0.560 beta: 1.125 sigma: 0.062 
maxBOLD estimate = 1.387

--------------------------------------------------------------
FINAL VALUES
--------------------------------------------------------------
Simulated parameters:              slope: 0.200 semiSat: 0.570 beta: 1.000 sigma: 0.050 
Max posterior QUEST+ parameters:   slope: 0.298 semiSat: 0.560 beta: 0.969 sigma: 0.062 
Max BADS parameters:               slope: 0.260 semiSat: 0.568 beta: 1.000 sigma: 0.065 
maxBOLD estimate: 1.503
