/blue/stevenweisberg/stevenweisberg/MATLAB/projects/Weisberg_Aguirre_2020/scripts/run_sims
c0700a-s1.ufhpc
Wed Apr  7 02:41:36 EDT 2021
mkdir: cannot create directory ‘/blue/stevenweisberg/stevenweisberg/qpfMRIResults/model_parameter_set2/’: File exists
cp: cannot stat ‘/blue/stevenweisberg/stevenweisberg/qpfMRIResults/deploy_sim.sh’: No such file or directory
cp: cannot stat ‘/blue/stevenweisberg/stevenweisberg/qpfMRIResults/sim_wrapper.sh’: No such file or directory
------------------------------------------
Setting up environment variables
---
LD_LIBRARY_PATH is .:/apps/matlab/mcr/2020b/v99/runtime/glnxa64:/apps/matlab/mcr/2020b/v99/bin/glnxa64:/apps/matlab/mcr/2020b/v99/sys/os/glnxa64:/apps/matlab/mcr/2020b/v99/sys/opengl/lib/glnxa64
Warning: Executing startup failed in matlabrc.
This indicates a potentially serious problem in your MATLAB setup, which should be resolved as soon as possible.  Error detected was:
MATLAB:mpath:PathAlterationNotSupported
Modifying the search path is not supported by MATLAB Compiler. Remove functions that modify the search path from your MATLAB code. To make files visible to your deployed application, add the parent folder to your MATLAB session.
Warning: No stimulus domain specified. Defaulting to values between 0.01 and 1.
> In qpfmriParams (line 182)
In compiledSimulate (line 205)
Stimulus domain added from input.
Parameter slope specified as 0.20000
Parameter semiSat specified as 0.57000
Parameter beta specified as 1.00000
Parameter sigma specified as 0.10000
seed = 99seed = 104seed = 111seed = 111seed = 115seed = 101Initializing Q+. This may take a minute...
Elapsed time is 8.059317 seconds.
Simulated parameters:
slope: 0.200 semiSat: 0.570 beta: 1.000 sigma: 0.100 

Trial 1: baseline Stimulus Selection
Stimulus: 0.010
Output value 0.000

Q+ parameters
slope: 0.026 semiSat: 0.890 beta: 0.500 sigma: 0.010 
maxBOLD estimate = 1.000


Trial 2: maxBOLD Stimulus Selection
Stimulus: 1.000
Output value 1.364

Q+ parameters
slope: 0.055 semiSat: 0.670 beta: 1.250 sigma: 0.010 
maxBOLD estimate = 1.000


Trial 3: baseline Stimulus Selection
Stimulus: 0.010
Output value 0.000

Q+ parameters
slope: 0.055 semiSat: 0.670 beta: 1.250 sigma: 0.010 
maxBOLD estimate = 1.250


Trial 4: maxBOLD Stimulus Selection
Stimulus: 1.000
Output value 2.131

Q+ parameters
slope: 0.055 semiSat: 0.670 beta: 1.250 sigma: 0.062 
maxBOLD estimate = 1.562


Trial 5: baseline Stimulus Selection
Stimulus: 0.010
Output value 0.200

Q+ parameters
slope: 0.043 semiSat: 0.780 beta: 1.125 sigma: 0.062 
maxBOLD estimate = 1.953


Trial 6: maxBOLD Stimulus Selection
Stimulus: 1.000
Output value 1.935

Q+ parameters
slope: 0.043 semiSat: 0.780 beta: 0.969 sigma: 0.062 
maxBOLD estimate = 2.197


Trial 7: qplus Stimulus Selection
Stimulus: 0.588
Output value 0.822

Q+ parameters
slope: 0.043 semiSat: 0.780 beta: 1.062 sigma: 0.062 
maxBOLD estimate = 2.129


Trial 8: qplus Stimulus Selection
Stimulus: 0.629
Output value 0.655

Q+ parameters
slope: 0.043 semiSat: 0.780 beta: 1.062 sigma: 0.062 
maxBOLD estimate = 2.262


Trial 9: qplus Stimulus Selection
Stimulus: 0.753
Output value 0.819

Q+ parameters
slope: 0.055 semiSat: 0.560 beta: 0.750 sigma: 0.062 
maxBOLD estimate = 2.403


Trial 10: baseline Stimulus Selection
Stimulus: 0.010
Output value -0.307

Q+ parameters
slope: 0.070 semiSat: 0.450 beta: 0.938 sigma: 0.062 
maxBOLD estimate = 1.802


Trial 11: qplus Stimulus Selection
Stimulus: 0.381
Output value 0.163

Q+ parameters
slope: 0.113 semiSat: 0.560 beta: 1.062 sigma: 0.114 
maxBOLD estimate = 1.690


Trial 12: qplus Stimulus Selection
Stimulus: 0.505
Output value 0.428

Q+ parameters
slope: 0.113 semiSat: 0.560 beta: 0.875 sigma: 0.062 
maxBOLD estimate = 1.795


Trial 13: qplus Stimulus Selection
Stimulus: 0.670
Output value 1.517

Q+ parameters
slope: 0.113 semiSat: 0.560 beta: 1.062 sigma: 0.062 
maxBOLD estimate = 1.571


Trial 14: qplus Stimulus Selection
Stimulus: 0.464
Output value 0.322

Q+ parameters
slope: 0.113 semiSat: 0.560 beta: 1.062 sigma: 0.114 
maxBOLD estimate = 1.669


Trial 15: maxBOLD Stimulus Selection
Stimulus: 1.000
Output value 1.511

Q+ parameters
slope: 0.113 semiSat: 0.560 beta: 0.938 sigma: 0.062 
maxBOLD estimate = 1.773


Trial 16: qplus Stimulus Selection
Stimulus: 0.464
Output value 0.642

Q+ parameters
slope: 0.113 semiSat: 0.560 beta: 1.062 sigma: 0.114 
maxBOLD estimate = 1.662


Trial 17: qplus Stimulus Selection
Stimulus: 0.464
Output value 0.803

Q+ parameters
slope: 0.070 semiSat: 0.560 beta: 1.000 sigma: 0.062 
maxBOLD estimate = 1.766


Trial 18: qplus Stimulus Selection
Stimulus: 0.711
Output value 1.505

Q+ parameters
slope: 0.113 semiSat: 0.560 beta: 0.938 sigma: 0.062 
maxBOLD estimate = 1.766


Trial 19: qplus Stimulus Selection
Stimulus: 0.381
Output value 0.508

Q+ parameters
slope: 0.089 semiSat: 0.560 beta: 1.125 sigma: 0.114 
maxBOLD estimate = 1.656


Trial 20: baseline Stimulus Selection
Stimulus: 0.010
Output value 0.318

Q+ parameters
slope: 0.113 semiSat: 0.560 beta: 0.938 sigma: 0.062 
maxBOLD estimate = 1.863


Trial 21: qplus Stimulus Selection
Stimulus: 0.711
Output value 1.801

Q+ parameters
slope: 0.113 semiSat: 0.560 beta: 1.031 sigma: 0.114 
maxBOLD estimate = 1.747


Trial 22: qplus Stimulus Selection
Stimulus: 0.423
Output value 0.461

Q+ parameters
slope: 0.113 semiSat: 0.560 beta: 0.938 sigma: 0.062 
maxBOLD estimate = 1.801


Trial 23: qplus Stimulus Selection
Stimulus: 0.423
Output value 0.518

Q+ parameters
slope: 0.089 semiSat: 0.560 beta: 1.125 sigma: 0.114 
maxBOLD estimate = 1.689


Trial 24: qplus Stimulus Selection
Stimulus: 0.670
Output value 1.295

Q+ parameters
slope: 0.113 semiSat: 0.560 beta: 0.938 sigma: 0.062 
maxBOLD estimate = 1.900


Trial 25: maxBOLD Stimulus Selection
Stimulus: 1.000
Output value 1.366

Q+ parameters
slope: 0.113 semiSat: 0.560 beta: 0.938 sigma: 0.062 
maxBOLD estimate = 1.781


Trial 26: qplus Stimulus Selection
Stimulus: 0.381
Output value 0.000

Q+ parameters
slope: 0.113 semiSat: 0.560 beta: 1.031 sigma: 0.062 
maxBOLD estimate = 1.670


Trial 27: qplus Stimulus Selection
Stimulus: 0.505
Output value 0.807

Q+ parameters
slope: 0.113 semiSat: 0.560 beta: 1.031 sigma: 0.062 
maxBOLD estimate = 1.722


Trial 28: qplus Stimulus Selection
Stimulus: 0.381
Output value -0.151

Q+ parameters
slope: 0.113 semiSat: 0.560 beta: 0.938 sigma: 0.062 
maxBOLD estimate = 1.776


Trial 29: qplus Stimulus Selection
Stimulus: 0.629
Output value 0.936

Q+ parameters
slope: 0.113 semiSat: 0.560 beta: 1.031 sigma: 0.114 
maxBOLD estimate = 1.665


Trial 30: baseline Stimulus Selection
Stimulus: 0.010
Output value 0.000

Q+ parameters
slope: 0.113 semiSat: 0.560 beta: 1.031 sigma: 0.114 
maxBOLD estimate = 1.717


Trial 31: qplus Stimulus Selection
Stimulus: 0.670
Output value 1.127

Q+ parameters
slope: 0.089 semiSat: 0.560 beta: 1.000 sigma: 0.114 
maxBOLD estimate = 1.770


Trial 32: qplus Stimulus Selection
Stimulus: 0.381
Output value 0.000

Q+ parameters
slope: 0.113 semiSat: 0.560 beta: 1.031 sigma: 0.114 
maxBOLD estimate = 1.770


Trial 33: qplus Stimulus Selection
Stimulus: 0.670
Output value 1.867

Q+ parameters
slope: 0.113 semiSat: 0.560 beta: 0.938 sigma: 0.114 
maxBOLD estimate = 1.826


Trial 34: qplus Stimulus Selection
Stimulus: 0.423
Output value -0.160

Q+ parameters
slope: 0.113 semiSat: 0.560 beta: 1.031 sigma: 0.114 
maxBOLD estimate = 1.711


Trial 35: maxBOLD Stimulus Selection
Stimulus: 1.000
Output value 1.324

Q+ parameters
slope: 0.113 semiSat: 0.560 beta: 1.031 sigma: 0.114 
maxBOLD estimate = 1.765


Trial 36: qplus Stimulus Selection
Stimulus: 0.423
Output value 0.000

Q+ parameters
slope: 0.113 semiSat: 0.560 beta: 0.938 sigma: 0.114 
maxBOLD estimate = 1.820


Trial 37: qplus Stimulus Selection
Stimulus: 0.423
Output value 0.320

Q+ parameters
slope: 0.113 semiSat: 0.560 beta: 1.031 sigma: 0.114 
maxBOLD estimate = 1.706


Trial 38: qplus Stimulus Selection
Stimulus: 0.670
Output value 1.320

Q+ parameters
slope: 0.113 semiSat: 0.560 beta: 1.031 sigma: 0.114 
maxBOLD estimate = 1.760


Trial 39: qplus Stimulus Selection
Stimulus: 0.588
Output value 0.773

Q+ parameters
slope: 0.113 semiSat: 0.560 beta: 0.938 sigma: 0.114 
maxBOLD estimate = 1.815


Trial 40: baseline Stimulus Selection
Stimulus: 0.010
Output value -0.159

Q+ parameters
slope: 0.113 semiSat: 0.560 beta: 1.031 sigma: 0.114 
maxBOLD estimate = 1.701


Trial 41: qplus Stimulus Selection
Stimulus: 0.670
Output value 1.645

Q+ parameters
slope: 0.113 semiSat: 0.560 beta: 1.031 sigma: 0.114 
maxBOLD estimate = 1.754


Trial 42: qplus Stimulus Selection
Stimulus: 0.464
Output value -0.319

Q+ parameters
slope: 0.144 semiSat: 0.560 beta: 0.969 sigma: 0.114 
maxBOLD estimate = 1.809


Trial 43: qplus Stimulus Selection
Stimulus: 0.794
Output value 1.315

Q+ parameters
slope: 0.113 semiSat: 0.560 beta: 1.031 sigma: 0.114 
maxBOLD estimate = 1.753


Trial 44: qplus Stimulus Selection
Stimulus: 0.423
Output value 0.000

Q+ parameters
slope: 0.144 semiSat: 0.560 beta: 0.875 sigma: 0.114 
maxBOLD estimate = 1.807


Trial 45: maxBOLD Stimulus Selection
Stimulus: 1.000
Output value 1.528

Q+ parameters
slope: 0.113 semiSat: 0.560 beta: 1.062 sigma: 0.114 
maxBOLD estimate = 1.582


Trial 46: qplus Stimulus Selection
Stimulus: 0.670
Output value 1.184

Q+ parameters
slope: 0.144 semiSat: 0.560 beta: 0.969 sigma: 0.114 
maxBOLD estimate = 1.680


Trial 47: qplus Stimulus Selection
Stimulus: 0.505
Output value 0.157

Q+ parameters
slope: 0.113 semiSat: 0.560 beta: 1.062 sigma: 0.114 
maxBOLD estimate = 1.628


Trial 48: qplus Stimulus Selection
Stimulus: 0.505
Output value 0.305

Q+ parameters
slope: 0.144 semiSat: 0.560 beta: 0.969 sigma: 0.114 
maxBOLD estimate = 1.730


Trial 49: qplus Stimulus Selection
Stimulus: 0.835
Output value 1.771

Q+ parameters
slope: 0.144 semiSat: 0.560 beta: 0.969 sigma: 0.114 
maxBOLD estimate = 1.676


Trial 50: baseline Stimulus Selection
Stimulus: 0.010
Output value 0.143

Q+ parameters
slope: 0.144 semiSat: 0.560 beta: 0.969 sigma: 0.114 
maxBOLD estimate = 1.623


Trial 51: qplus Stimulus Selection
Stimulus: 0.505
Output value 0.152

Q+ parameters
slope: 0.113 semiSat: 0.560 beta: 1.062 sigma: 0.114 
maxBOLD estimate = 1.572


Trial 52: qplus Stimulus Selection
Stimulus: 0.464
Output value 0.294

Q+ parameters
slope: 0.144 semiSat: 0.560 beta: 0.969 sigma: 0.114 
maxBOLD estimate = 1.671


Trial 53: qplus Stimulus Selection
Stimulus: 0.588
Output value 0.428

Q+ parameters
slope: 0.144 semiSat: 0.560 beta: 0.969 sigma: 0.114 
maxBOLD estimate = 1.619


Trial 54: qplus Stimulus Selection
Stimulus: 0.588
Output value 0.757

Q+ parameters
slope: 0.113 semiSat: 0.560 beta: 1.062 sigma: 0.114 
maxBOLD estimate = 1.568


Trial 55: maxBOLD Stimulus Selection
Stimulus: 1.000
Output value 1.467

Q+ parameters
slope: 0.144 semiSat: 0.560 beta: 0.969 sigma: 0.114 
maxBOLD estimate = 1.666


Trial 56: qplus Stimulus Selection
Stimulus: 0.588
Output value 1.559

Q+ parameters
slope: 0.113 semiSat: 0.560 beta: 1.062 sigma: 0.114 
maxBOLD estimate = 1.614


Trial 57: qplus Stimulus Selection
Stimulus: 0.464
Output value 0.302

Q+ parameters
slope: 0.144 semiSat: 0.560 beta: 0.969 sigma: 0.114 
maxBOLD estimate = 1.715


Trial 58: qplus Stimulus Selection
Stimulus: 0.835
Output value 1.463

Q+ parameters
slope: 0.144 semiSat: 0.560 beta: 0.969 sigma: 0.114 
maxBOLD estimate = 1.661


Trial 59: qplus Stimulus Selection
Stimulus: 0.588
Output value 1.088

Q+ parameters
slope: 0.113 semiSat: 0.560 beta: 1.062 sigma: 0.114 
maxBOLD estimate = 1.609


Trial 60: baseline Stimulus Selection
Stimulus: 0.010
Output value -0.301

Q+ parameters
slope: 0.144 semiSat: 0.560 beta: 0.969 sigma: 0.114 
maxBOLD estimate = 1.710


Trial 61: qplus Stimulus Selection
Stimulus: 0.423
Output value 0.301

Q+ parameters
slope: 0.113 semiSat: 0.560 beta: 1.000 sigma: 0.114 
maxBOLD estimate = 1.656


Trial 62: qplus Stimulus Selection
Stimulus: 0.588
Output value 0.753

Q+ parameters
slope: 0.113 semiSat: 0.560 beta: 1.000 sigma: 0.114 
maxBOLD estimate = 1.656


Trial 63: qplus Stimulus Selection
Stimulus: 0.464
Output value 0.146

Q+ parameters
slope: 0.144 semiSat: 0.560 beta: 0.969 sigma: 0.114 
maxBOLD estimate = 1.656


Trial 64: qplus Stimulus Selection
Stimulus: 0.505
Output value 0.000

Q+ parameters
slope: 0.144 semiSat: 0.560 beta: 0.969 sigma: 0.114 
maxBOLD estimate = 1.605


Trial 65: maxBOLD Stimulus Selection
Stimulus: 1.000
Output value 1.802

Q+ parameters
slope: 0.113 semiSat: 0.560 beta: 1.062 sigma: 0.114 
maxBOLD estimate = 1.555


Trial 66: qplus Stimulus Selection
Stimulus: 0.753
Output value 1.455

Q+ parameters
slope: 0.144 semiSat: 0.560 beta: 0.969 sigma: 0.114 
maxBOLD estimate = 1.652


Trial 67: qplus Stimulus Selection
Stimulus: 0.588
Output value 0.927

Q+ parameters
slope: 0.113 semiSat: 0.560 beta: 1.062 sigma: 0.114 
maxBOLD estimate = 1.600


Trial 68: qplus Stimulus Selection
Stimulus: 0.794
Output value 1.497

Q+ parameters
slope: 0.144 semiSat: 0.560 beta: 0.969 sigma: 0.114 
maxBOLD estimate = 1.700


Trial 69: qplus Stimulus Selection
Stimulus: 0.423
Output value -0.145

Q+ parameters
slope: 0.144 semiSat: 0.560 beta: 0.969 sigma: 0.114 
maxBOLD estimate = 1.647


Trial 70: baseline Stimulus Selection
Stimulus: 0.010
Output value -0.308

Q+ parameters
slope: 0.113 semiSat: 0.560 beta: 1.062 sigma: 0.114 
maxBOLD estimate = 1.595


Trial 71: qplus Stimulus Selection
Stimulus: 0.464
Output value -0.149

Q+ parameters
slope: 0.144 semiSat: 0.560 beta: 0.969 sigma: 0.114 
maxBOLD estimate = 1.695


Trial 72: qplus Stimulus Selection
Stimulus: 0.711
Output value 1.012

Q+ parameters
slope: 0.144 semiSat: 0.560 beta: 0.969 sigma: 0.114 
maxBOLD estimate = 1.642


Trial 73: qplus Stimulus Selection
Stimulus: 0.505
Output value 0.420

Q+ parameters
slope: 0.144 semiSat: 0.560 beta: 0.969 sigma: 0.114 
maxBOLD estimate = 1.591


Trial 74: qplus Stimulus Selection
Stimulus: 0.794
Output value 1.340

Q+ parameters
slope: 0.144 semiSat: 0.560 beta: 1.062 sigma: 0.114 
maxBOLD estimate = 1.541


Trial 75: maxBOLD Stimulus Selection
Stimulus: 1.000
Output value 1.442

Q+ parameters
slope: 0.144 semiSat: 0.560 beta: 0.969 sigma: 0.114 
maxBOLD estimate = 1.637


Trial 76: qplus Stimulus Selection
Stimulus: 0.835
Output value 1.257

Q+ parameters
slope: 0.144 semiSat: 0.560 beta: 0.969 sigma: 0.114 
maxBOLD estimate = 1.586


Trial 77: qplus Stimulus Selection
Stimulus: 0.588
Output value 0.742

Q+ parameters
slope: 0.144 semiSat: 0.560 beta: 1.062 sigma: 0.114 
maxBOLD estimate = 1.537


Trial 78: qplus Stimulus Selection
Stimulus: 0.505
Output value -0.144

Q+ parameters
slope: 0.144 semiSat: 0.560 beta: 0.969 sigma: 0.114 
maxBOLD estimate = 1.633


Trial 79: qplus Stimulus Selection
Stimulus: 0.588
Output value 1.114

Q+ parameters
slope: 0.144 semiSat: 0.560 beta: 0.969 sigma: 0.114 
maxBOLD estimate = 1.582


Trial 80: baseline Stimulus Selection
Stimulus: 0.010
Output value 0.270

Q+ parameters
slope: 0.144 semiSat: 0.560 beta: 0.969 sigma: 0.114 
maxBOLD estimate = 1.532


Trial 81: qplus Stimulus Selection
Stimulus: 0.794
Output value 1.434

Q+ parameters
slope: 0.144 semiSat: 0.560 beta: 1.062 sigma: 0.114 
maxBOLD estimate = 1.484


Trial 82: qplus Stimulus Selection
Stimulus: 0.505
Output value 0.278

Q+ parameters
slope: 0.144 semiSat: 0.560 beta: 0.969 sigma: 0.114 
maxBOLD estimate = 1.577


Trial 83: qplus Stimulus Selection
Stimulus: 0.588
Output value 0.807

Q+ parameters
slope: 0.144 semiSat: 0.560 beta: 0.969 sigma: 0.114 
maxBOLD estimate = 1.528


Trial 84: qplus Stimulus Selection
Stimulus: 0.794
Output value 1.287

Q+ parameters
slope: 0.144 semiSat: 0.560 beta: 1.062 sigma: 0.114 
maxBOLD estimate = 1.480


Trial 85: maxBOLD Stimulus Selection
Stimulus: 1.000
Output value 1.524

Q+ parameters
slope: 0.144 semiSat: 0.560 beta: 0.969 sigma: 0.114 
maxBOLD estimate = 1.573


Trial 86: qplus Stimulus Selection
Stimulus: 0.588
Output value 1.030

Q+ parameters
slope: 0.144 semiSat: 0.560 beta: 1.062 sigma: 0.114 
maxBOLD estimate = 1.524


Trial 87: qplus Stimulus Selection
Stimulus: 0.505
Output value 0.285

Q+ parameters
slope: 0.144 semiSat: 0.560 beta: 0.969 sigma: 0.114 
maxBOLD estimate = 1.619


Trial 88: qplus Stimulus Selection
Stimulus: 0.588
Output value 0.829

Q+ parameters
slope: 0.144 semiSat: 0.560 beta: 0.969 sigma: 0.114 
maxBOLD estimate = 1.568


Trial 89: qplus Stimulus Selection
Stimulus: 0.588
Output value 0.440

Q+ parameters
slope: 0.144 semiSat: 0.560 beta: 1.062 sigma: 0.114 
maxBOLD estimate = 1.519


Trial 90: baseline Stimulus Selection
Stimulus: 0.010
Output value 0.142

Q+ parameters
slope: 0.144 semiSat: 0.560 beta: 0.969 sigma: 0.114 
maxBOLD estimate = 1.614


Trial 91: qplus Stimulus Selection
Stimulus: 0.711
Output value 0.964

Q+ parameters
slope: 0.144 semiSat: 0.560 beta: 0.969 sigma: 0.114 
maxBOLD estimate = 1.564


Trial 92: qplus Stimulus Selection
Stimulus: 0.505
Output value 0.585

Q+ parameters
slope: 0.144 semiSat: 0.560 beta: 1.062 sigma: 0.114 
maxBOLD estimate = 1.515


Trial 93: qplus Stimulus Selection
Stimulus: 0.423
Output value -0.283

Q+ parameters
slope: 0.144 semiSat: 0.560 beta: 0.969 sigma: 0.114 
maxBOLD estimate = 1.610


Trial 94: qplus Stimulus Selection
Stimulus: 0.588
Output value 0.824

Q+ parameters
slope: 0.144 semiSat: 0.560 beta: 0.969 sigma: 0.114 
maxBOLD estimate = 1.559


Trial 95: maxBOLD Stimulus Selection
Stimulus: 1.000
Output value 1.605

Q+ parameters
slope: 0.183 semiSat: 0.560 beta: 1.062 sigma: 0.114 
maxBOLD estimate = 1.510


Trial 96: qplus Stimulus Selection
Stimulus: 0.505
Output value 0.283

Q+ parameters
slope: 0.144 semiSat: 0.560 beta: 0.969 sigma: 0.114 
maxBOLD estimate = 1.605


Trial 97: qplus Stimulus Selection
Stimulus: 0.588
Output value 1.095

Q+ parameters
slope: 0.144 semiSat: 0.560 beta: 0.969 sigma: 0.114 
maxBOLD estimate = 1.555


Trial 98: qplus Stimulus Selection
Stimulus: 0.794
Output value 1.309

Q+ parameters
slope: 0.144 semiSat: 0.560 beta: 1.062 sigma: 0.114 
maxBOLD estimate = 1.506


Trial 99: qplus Stimulus Selection
Stimulus: 0.505
Output value 0.141

Q+ parameters
slope: 0.144 semiSat: 0.560 beta: 0.969 sigma: 0.114 
maxBOLD estimate = 1.600


Trial 100: baseline Stimulus Selection
Stimulus: 0.010
Output value 0.137

Q+ parameters
slope: 0.144 semiSat: 0.560 beta: 0.969 sigma: 0.114 
maxBOLD estimate = 1.550

--------------------------------------------------------------
FINAL VALUES
--------------------------------------------------------------
Simulated parameters:              slope: 0.200 semiSat: 0.570 beta: 1.000 sigma: 0.100 
Max posterior QUEST+ parameters:   slope: 0.144 semiSat: 0.560 beta: 0.969 sigma: 0.114 
Max BADS parameters:               slope: 0.168 semiSat: 0.553 beta: 1.000 sigma: 0.108 
maxBOLD estimate: 1.523
