/blue/stevenweisberg/stevenweisberg/MATLAB/projects/Weisberg_Aguirre_2020/scripts/run_sims
c0700a-s1.ufhpc
Wed Apr  7 04:11:46 EDT 2021
mkdir: cannot create directory ‘/blue/stevenweisberg/stevenweisberg/qpfMRIResults/model_parameter_set2/’: File exists
cp: cannot stat ‘/blue/stevenweisberg/stevenweisberg/qpfMRIResults/deploy_sim.sh’: No such file or directory
cp: cannot stat ‘/blue/stevenweisberg/stevenweisberg/qpfMRIResults/sim_wrapper.sh’: No such file or directory
------------------------------------------
Setting up environment variables
---
LD_LIBRARY_PATH is .:/apps/matlab/mcr/2020b/v99/runtime/glnxa64:/apps/matlab/mcr/2020b/v99/bin/glnxa64:/apps/matlab/mcr/2020b/v99/sys/os/glnxa64:/apps/matlab/mcr/2020b/v99/sys/opengl/lib/glnxa64
Warning: Executing startup failed in matlabrc.
This indicates a potentially serious problem in your MATLAB setup, which should be resolved as soon as possible.  Error detected was:
MATLAB:mpath:PathAlterationNotSupported
Modifying the search path is not supported by MATLAB Compiler. Remove functions that modify the search path from your MATLAB code. To make files visible to your deployed application, add the parent folder to your MATLAB session.
Warning: No stimulus domain specified. Defaulting to values between 0.01 and 1.
> In qpfmriParams (line 182)
In compiledSimulate (line 205)
Stimulus domain added from input.
Parameter slope specified as 0.20000
Parameter semiSat specified as 0.57000
Parameter beta specified as 1.00000
Parameter sigma specified as 0.15000
seed = 99seed = 104seed = 111seed = 111seed = 115seed = 101Initializing Q+. This may take a minute...
Elapsed time is 8.119376 seconds.
Simulated parameters:
slope: 0.200 semiSat: 0.570 beta: 1.000 sigma: 0.150 

Trial 1: baseline Stimulus Selection
Stimulus: 0.010
Output value 0.000

Q+ parameters
slope: 0.026 semiSat: 0.890 beta: 0.500 sigma: 0.010 
maxBOLD estimate = 1.000


Trial 2: maxBOLD Stimulus Selection
Stimulus: 1.000
Output value -0.091

Q+ parameters
slope: 0.026 semiSat: 0.890 beta: 0.500 sigma: 0.479 
maxBOLD estimate = 1.000


Trial 3: baseline Stimulus Selection
Stimulus: 0.010
Output value 0.000

Q+ parameters
slope: 0.055 semiSat: 0.670 beta: 1.125 sigma: 0.010 
maxBOLD estimate = 0.500


Trial 4: maxBOLD Stimulus Selection
Stimulus: 1.000
Output value 0.767

Q+ parameters
slope: 0.055 semiSat: 0.670 beta: 1.250 sigma: 0.427 
maxBOLD estimate = 0.562


Trial 5: baseline Stimulus Selection
Stimulus: 0.010
Output value -0.080

Q+ parameters
slope: 0.055 semiSat: 0.670 beta: 1.250 sigma: 0.218 
maxBOLD estimate = 0.703


Trial 6: maxBOLD Stimulus Selection
Stimulus: 1.000
Output value 1.199

Q+ parameters
slope: 0.055 semiSat: 0.670 beta: 1.250 sigma: 0.166 
maxBOLD estimate = 0.879


Trial 7: qplus Stimulus Selection
Stimulus: 0.505
Output value 0.749

Q+ parameters
slope: 0.070 semiSat: 0.560 beta: 1.250 sigma: 0.166 
maxBOLD estimate = 1.099


Trial 8: qplus Stimulus Selection
Stimulus: 0.505
Output value 1.124

Q+ parameters
slope: 0.089 semiSat: 0.450 beta: 1.125 sigma: 0.166 
maxBOLD estimate = 1.373


Trial 9: qplus Stimulus Selection
Stimulus: 0.299
Output value 0.527

Q+ parameters
slope: 0.070 semiSat: 0.560 beta: 1.250 sigma: 0.166 
maxBOLD estimate = 1.545


Trial 10: baseline Stimulus Selection
Stimulus: 0.010
Output value -0.181

Q+ parameters
slope: 0.070 semiSat: 0.560 beta: 1.031 sigma: 0.166 
maxBOLD estimate = 1.931


Trial 11: qplus Stimulus Selection
Stimulus: 0.629
Output value 2.263

Q+ parameters
slope: 0.183 semiSat: 0.560 beta: 1.250 sigma: 0.166 
maxBOLD estimate = 1.992


Trial 12: qplus Stimulus Selection
Stimulus: 0.505
Output value 1.018

Q+ parameters
slope: 0.113 semiSat: 0.450 beta: 0.750 sigma: 0.114 
maxBOLD estimate = 2.489


Trial 13: qplus Stimulus Selection
Stimulus: 0.629
Output value 1.697

Q+ parameters
slope: 0.089 semiSat: 0.560 beta: 1.250 sigma: 0.166 
maxBOLD estimate = 1.867


Trial 14: qplus Stimulus Selection
Stimulus: 0.505
Output value 1.114

Q+ parameters
slope: 0.113 semiSat: 0.450 beta: 0.750 sigma: 0.114 
maxBOLD estimate = 2.334


Trial 15: maxBOLD Stimulus Selection
Stimulus: 1.000
Output value 0.746

Q+ parameters
slope: 0.144 semiSat: 0.450 beta: 0.938 sigma: 0.166 
maxBOLD estimate = 1.750


Trial 16: qplus Stimulus Selection
Stimulus: 0.381
Output value 0.224

Q+ parameters
slope: 0.144 semiSat: 0.560 beta: 1.500 sigma: 0.166 
maxBOLD estimate = 1.641


Trial 17: qplus Stimulus Selection
Stimulus: 0.505
Output value 0.671

Q+ parameters
slope: 0.113 semiSat: 0.560 beta: 0.750 sigma: 0.166 
maxBOLD estimate = 2.461


Trial 18: qplus Stimulus Selection
Stimulus: 0.629
Output value 1.510

Q+ parameters
slope: 0.144 semiSat: 0.560 beta: 1.500 sigma: 0.218 
maxBOLD estimate = 1.846


Trial 19: qplus Stimulus Selection
Stimulus: 0.505
Output value 0.566

Q+ parameters
slope: 0.113 semiSat: 0.560 beta: 0.750 sigma: 0.114 
maxBOLD estimate = 2.769


Trial 20: baseline Stimulus Selection
Stimulus: 0.010
Output value 0.566

Q+ parameters
slope: 0.113 semiSat: 0.560 beta: 0.750 sigma: 0.166 
maxBOLD estimate = 2.077


Trial 21: qplus Stimulus Selection
Stimulus: 0.629
Output value 2.549

Q+ parameters
slope: 0.144 semiSat: 0.560 beta: 1.500 sigma: 0.166 
maxBOLD estimate = 1.558


Trial 22: qplus Stimulus Selection
Stimulus: 0.505
Output value 0.319

Q+ parameters
slope: 0.113 semiSat: 0.560 beta: 0.750 sigma: 0.114 
maxBOLD estimate = 2.336


Trial 23: qplus Stimulus Selection
Stimulus: 0.629
Output value 2.390

Q+ parameters
slope: 0.234 semiSat: 0.560 beta: 1.500 sigma: 0.218 
maxBOLD estimate = 1.752


Trial 24: qplus Stimulus Selection
Stimulus: 0.505
Output value 0.896

Q+ parameters
slope: 0.113 semiSat: 0.560 beta: 0.750 sigma: 0.114 
maxBOLD estimate = 2.629


Trial 25: maxBOLD Stimulus Selection
Stimulus: 1.000
Output value 0.840

Q+ parameters
slope: 0.183 semiSat: 0.560 beta: 0.938 sigma: 0.166 
maxBOLD estimate = 1.971


Trial 26: qplus Stimulus Selection
Stimulus: 0.505
Output value -0.336

Q+ parameters
slope: 0.183 semiSat: 0.560 beta: 1.000 sigma: 0.218 
maxBOLD estimate = 1.848


Trial 27: qplus Stimulus Selection
Stimulus: 0.588
Output value 0.000

Q+ parameters
slope: 0.183 semiSat: 0.560 beta: 0.938 sigma: 0.166 
maxBOLD estimate = 1.848


Trial 28: qplus Stimulus Selection
Stimulus: 0.629
Output value 1.772

Q+ parameters
slope: 0.144 semiSat: 0.560 beta: 1.250 sigma: 0.166 
maxBOLD estimate = 1.733


Trial 29: qplus Stimulus Selection
Stimulus: 0.505
Output value 0.295

Q+ parameters
slope: 0.234 semiSat: 0.560 beta: 0.750 sigma: 0.166 
maxBOLD estimate = 2.166


Trial 30: baseline Stimulus Selection
Stimulus: 0.010
Output value 0.000

Q+ parameters
slope: 0.144 semiSat: 0.560 beta: 1.250 sigma: 0.166 
maxBOLD estimate = 1.624


Trial 31: qplus Stimulus Selection
Stimulus: 0.505
Output value -0.346

Q+ parameters
slope: 0.183 semiSat: 0.560 beta: 0.938 sigma: 0.166 
maxBOLD estimate = 2.030


Trial 32: qplus Stimulus Selection
Stimulus: 0.588
Output value 0.811

Q+ parameters
slope: 0.183 semiSat: 0.560 beta: 0.938 sigma: 0.166 
maxBOLD estimate = 1.904


Trial 33: qplus Stimulus Selection
Stimulus: 0.588
Output value 0.811

Q+ parameters
slope: 0.183 semiSat: 0.560 beta: 1.000 sigma: 0.166 
maxBOLD estimate = 1.785


Trial 34: qplus Stimulus Selection
Stimulus: 0.505
Output value 0.324

Q+ parameters
slope: 0.183 semiSat: 0.560 beta: 1.000 sigma: 0.166 
maxBOLD estimate = 1.785


Trial 35: maxBOLD Stimulus Selection
Stimulus: 1.000
Output value 1.724

Q+ parameters
slope: 0.144 semiSat: 0.560 beta: 1.062 sigma: 0.166 
maxBOLD estimate = 1.785


Trial 36: qplus Stimulus Selection
Stimulus: 0.505
Output value 0.485

Q+ parameters
slope: 0.183 semiSat: 0.560 beta: 0.938 sigma: 0.166 
maxBOLD estimate = 1.896


Trial 37: qplus Stimulus Selection
Stimulus: 0.588
Output value 1.500

Q+ parameters
slope: 0.144 semiSat: 0.560 beta: 1.031 sigma: 0.166 
maxBOLD estimate = 1.778


Trial 38: qplus Stimulus Selection
Stimulus: 0.505
Output value 1.500

Q+ parameters
slope: 0.113 semiSat: 0.560 beta: 1.000 sigma: 0.166 
maxBOLD estimate = 1.833


Trial 39: qplus Stimulus Selection
Stimulus: 0.464
Output value 0.500

Q+ parameters
slope: 0.113 semiSat: 0.560 beta: 1.000 sigma: 0.166 
maxBOLD estimate = 1.833


Trial 40: baseline Stimulus Selection
Stimulus: 0.010
Output value 0.625

Q+ parameters
slope: 0.183 semiSat: 0.560 beta: 0.938 sigma: 0.166 
maxBOLD estimate = 1.833


Trial 41: qplus Stimulus Selection
Stimulus: 0.670
Output value 1.465

Q+ parameters
slope: 0.183 semiSat: 0.560 beta: 0.938 sigma: 0.166 
maxBOLD estimate = 1.719


Trial 42: qplus Stimulus Selection
Stimulus: 0.505
Output value 1.099

Q+ parameters
slope: 0.144 semiSat: 0.560 beta: 1.250 sigma: 0.166 
maxBOLD estimate = 1.611


Trial 43: qplus Stimulus Selection
Stimulus: 0.546
Output value 1.716

Q+ parameters
slope: 0.183 semiSat: 0.560 beta: 0.938 sigma: 0.166 
maxBOLD estimate = 2.014


Trial 44: qplus Stimulus Selection
Stimulus: 0.711
Output value 1.931

Q+ parameters
slope: 0.183 semiSat: 0.560 beta: 0.938 sigma: 0.166 
maxBOLD estimate = 1.888


Trial 45: maxBOLD Stimulus Selection
Stimulus: 1.000
Output value 0.603

Q+ parameters
slope: 0.183 semiSat: 0.560 beta: 0.938 sigma: 0.166 
maxBOLD estimate = 1.770


Trial 46: qplus Stimulus Selection
Stimulus: 0.505
Output value 0.566

Q+ parameters
slope: 0.144 semiSat: 0.560 beta: 1.250 sigma: 0.166 
maxBOLD estimate = 1.659


Trial 47: qplus Stimulus Selection
Stimulus: 0.588
Output value 0.354

Q+ parameters
slope: 0.183 semiSat: 0.560 beta: 0.938 sigma: 0.166 
maxBOLD estimate = 2.074


Trial 48: qplus Stimulus Selection
Stimulus: 0.711
Output value 0.994

Q+ parameters
slope: 0.183 semiSat: 0.560 beta: 0.938 sigma: 0.166 
maxBOLD estimate = 1.945


Trial 49: qplus Stimulus Selection
Stimulus: 0.711
Output value 1.865

Q+ parameters
slope: 0.183 semiSat: 0.560 beta: 0.938 sigma: 0.166 
maxBOLD estimate = 1.823


Trial 50: baseline Stimulus Selection
Stimulus: 0.010
Output value 0.291

Q+ parameters
slope: 0.183 semiSat: 0.560 beta: 0.938 sigma: 0.166 
maxBOLD estimate = 1.709


Trial 51: qplus Stimulus Selection
Stimulus: 0.588
Output value 1.275

Q+ parameters
slope: 0.144 semiSat: 0.560 beta: 1.250 sigma: 0.166 
maxBOLD estimate = 1.602


Trial 52: qplus Stimulus Selection
Stimulus: 0.588
Output value 0.341

Q+ parameters
slope: 0.183 semiSat: 0.560 beta: 0.938 sigma: 0.166 
maxBOLD estimate = 2.003


Trial 53: qplus Stimulus Selection
Stimulus: 0.711
Output value 0.960

Q+ parameters
slope: 0.183 semiSat: 0.560 beta: 0.938 sigma: 0.166 
maxBOLD estimate = 1.878


Trial 54: qplus Stimulus Selection
Stimulus: 0.711
Output value 1.800

Q+ parameters
slope: 0.183 semiSat: 0.560 beta: 0.938 sigma: 0.166 
maxBOLD estimate = 1.760


Trial 55: maxBOLD Stimulus Selection
Stimulus: 1.000
Output value 0.928

Q+ parameters
slope: 0.183 semiSat: 0.560 beta: 1.031 sigma: 0.166 
maxBOLD estimate = 1.650


Trial 56: qplus Stimulus Selection
Stimulus: 0.546
Output value 0.160

Q+ parameters
slope: 0.183 semiSat: 0.560 beta: 1.031 sigma: 0.166 
maxBOLD estimate = 1.702


Trial 57: qplus Stimulus Selection
Stimulus: 0.588
Output value 0.748

Q+ parameters
slope: 0.183 semiSat: 0.560 beta: 0.938 sigma: 0.166 
maxBOLD estimate = 1.755


Trial 58: qplus Stimulus Selection
Stimulus: 0.588
Output value 1.178

Q+ parameters
slope: 0.144 semiSat: 0.560 beta: 1.125 sigma: 0.166 
maxBOLD estimate = 1.645


Trial 59: qplus Stimulus Selection
Stimulus: 0.505
Output value 0.316

Q+ parameters
slope: 0.183 semiSat: 0.560 beta: 0.938 sigma: 0.166 
maxBOLD estimate = 1.851


Trial 60: baseline Stimulus Selection
Stimulus: 0.010
Output value -0.325

Q+ parameters
slope: 0.183 semiSat: 0.560 beta: 1.031 sigma: 0.166 
maxBOLD estimate = 1.735


Trial 61: qplus Stimulus Selection
Stimulus: 0.505
Output value 0.503

Q+ parameters
slope: 0.183 semiSat: 0.560 beta: 1.031 sigma: 0.166 
maxBOLD estimate = 1.790


Trial 62: qplus Stimulus Selection
Stimulus: 0.588
Output value 0.000

Q+ parameters
slope: 0.183 semiSat: 0.560 beta: 0.938 sigma: 0.166 
maxBOLD estimate = 1.846


Trial 63: qplus Stimulus Selection
Stimulus: 0.588
Output value 1.622

Q+ parameters
slope: 0.183 semiSat: 0.560 beta: 1.031 sigma: 0.166 
maxBOLD estimate = 1.730


Trial 64: qplus Stimulus Selection
Stimulus: 0.505
Output value 0.456

Q+ parameters
slope: 0.183 semiSat: 0.560 beta: 0.938 sigma: 0.166 
maxBOLD estimate = 1.784


Trial 65: maxBOLD Stimulus Selection
Stimulus: 1.000
Output value 2.053

Q+ parameters
slope: 0.144 semiSat: 0.560 beta: 1.125 sigma: 0.166 
maxBOLD estimate = 1.673


Trial 66: qplus Stimulus Selection
Stimulus: 0.505
Output value 0.160

Q+ parameters
slope: 0.183 semiSat: 0.560 beta: 0.938 sigma: 0.166 
maxBOLD estimate = 1.882


Trial 67: qplus Stimulus Selection
Stimulus: 0.711
Output value 1.489

Q+ parameters
slope: 0.183 semiSat: 0.560 beta: 1.031 sigma: 0.166 
maxBOLD estimate = 1.764


Trial 68: qplus Stimulus Selection
Stimulus: 0.588
Output value 0.930

Q+ parameters
slope: 0.183 semiSat: 0.560 beta: 0.938 sigma: 0.166 
maxBOLD estimate = 1.819


Trial 69: qplus Stimulus Selection
Stimulus: 0.588
Output value 0.480

Q+ parameters
slope: 0.183 semiSat: 0.560 beta: 1.031 sigma: 0.166 
maxBOLD estimate = 1.706


Trial 70: baseline Stimulus Selection
Stimulus: 0.010
Output value 0.300

Q+ parameters
slope: 0.183 semiSat: 0.560 beta: 0.938 sigma: 0.166 
maxBOLD estimate = 1.759


Trial 71: qplus Stimulus Selection
Stimulus: 0.588
Output value 1.012

Q+ parameters
slope: 0.144 semiSat: 0.560 beta: 1.125 sigma: 0.166 
maxBOLD estimate = 1.649


Trial 72: qplus Stimulus Selection
Stimulus: 0.505
Output value 0.316

Q+ parameters
slope: 0.183 semiSat: 0.560 beta: 0.938 sigma: 0.166 
maxBOLD estimate = 1.855


Trial 73: qplus Stimulus Selection
Stimulus: 0.711
Output value 1.038

Q+ parameters
slope: 0.183 semiSat: 0.560 beta: 0.938 sigma: 0.166 
maxBOLD estimate = 1.739


Trial 74: qplus Stimulus Selection
Stimulus: 0.588
Output value 1.682

Q+ parameters
slope: 0.183 semiSat: 0.560 beta: 1.031 sigma: 0.166 
maxBOLD estimate = 1.631


Trial 75: maxBOLD Stimulus Selection
Stimulus: 1.000
Output value 1.261

Q+ parameters
slope: 0.183 semiSat: 0.560 beta: 1.031 sigma: 0.166 
maxBOLD estimate = 1.682


Trial 76: qplus Stimulus Selection
Stimulus: 0.546
Output value 0.000

Q+ parameters
slope: 0.183 semiSat: 0.560 beta: 0.938 sigma: 0.166 
maxBOLD estimate = 1.734


Trial 77: qplus Stimulus Selection
Stimulus: 0.588
Output value 0.305

Q+ parameters
slope: 0.183 semiSat: 0.560 beta: 1.031 sigma: 0.166 
maxBOLD estimate = 1.626


Trial 78: qplus Stimulus Selection
Stimulus: 0.505
Output value -0.457

Q+ parameters
slope: 0.089 semiSat: 0.670 beta: 1.500 sigma: 0.218 
maxBOLD estimate = 1.676


Trial 79: qplus Stimulus Selection
Stimulus: 0.794
Output value 0.114

Q+ parameters
slope: 0.089 semiSat: 0.450 beta: 0.500 sigma: 0.114 
maxBOLD estimate = 2.515


Trial 80: baseline Stimulus Selection
Stimulus: 0.010
Output value 1.000

Q+ parameters
slope: 0.055 semiSat: 0.670 beta: 1.250 sigma: 0.323 
maxBOLD estimate = 1.257


Trial 81: qplus Stimulus Selection
Stimulus: 1.000
Output value 0.000

Q+ parameters
slope: 0.026 semiSat: 0.560 beta: 0.875 sigma: 0.323 
maxBOLD estimate = 1.572


Trial 82: qplus Stimulus Selection
Stimulus: 0.175
Output value 0.469

Q+ parameters
slope: 0.055 semiSat: 0.670 beta: 1.250 sigma: 0.271 
maxBOLD estimate = 1.375


Trial 83: qplus Stimulus Selection
Stimulus: 1.000
Output value 0.879

Q+ parameters
slope: 0.183 semiSat: 0.560 beta: 0.938 sigma: 0.166 
maxBOLD estimate = 1.719


Trial 84: qplus Stimulus Selection
Stimulus: 0.711
Output value 1.648

Q+ parameters
slope: 0.183 semiSat: 0.560 beta: 0.938 sigma: 0.166 
maxBOLD estimate = 1.612


Trial 85: maxBOLD Stimulus Selection
Stimulus: 1.000
Output value 1.889

Q+ parameters
slope: 0.055 semiSat: 0.670 beta: 1.250 sigma: 0.271 
maxBOLD estimate = 1.511


Trial 86: qplus Stimulus Selection
Stimulus: 1.000
Output value 1.932

Q+ parameters
slope: 0.183 semiSat: 0.560 beta: 0.938 sigma: 0.166 
maxBOLD estimate = 1.889


Trial 87: qplus Stimulus Selection
Stimulus: 0.546
Output value 0.302

Q+ parameters
slope: 0.183 semiSat: 0.560 beta: 0.938 sigma: 0.166 
maxBOLD estimate = 1.771


Trial 88: qplus Stimulus Selection
Stimulus: 0.711
Output value 1.698

Q+ parameters
slope: 0.183 semiSat: 0.560 beta: 0.938 sigma: 0.166 
maxBOLD estimate = 1.660


Trial 89: qplus Stimulus Selection
Stimulus: 0.381
Output value -0.354

Q+ parameters
slope: 0.055 semiSat: 0.670 beta: 1.250 sigma: 0.271 
maxBOLD estimate = 1.556


Trial 90: baseline Stimulus Selection
Stimulus: 0.010
Output value 0.663

Q+ parameters
slope: 0.234 semiSat: 0.560 beta: 0.750 sigma: 0.166 
maxBOLD estimate = 1.945


Trial 91: qplus Stimulus Selection
Stimulus: 0.670
Output value 0.829

Q+ parameters
slope: 0.055 semiSat: 0.670 beta: 1.250 sigma: 0.271 
maxBOLD estimate = 1.459


Trial 92: qplus Stimulus Selection
Stimulus: 1.000
Output value 1.492

Q+ parameters
slope: 0.234 semiSat: 0.560 beta: 0.750 sigma: 0.166 
maxBOLD estimate = 1.824


Trial 93: qplus Stimulus Selection
Stimulus: 1.000
Output value 0.777

Q+ parameters
slope: 0.055 semiSat: 0.670 beta: 1.250 sigma: 0.271 
maxBOLD estimate = 1.368


Trial 94: qplus Stimulus Selection
Stimulus: 1.000
Output value 2.798

Q+ parameters
slope: 0.089 semiSat: 0.670 beta: 1.500 sigma: 0.218 
maxBOLD estimate = 1.710


Trial 95: maxBOLD Stimulus Selection
Stimulus: 1.000
Output value 1.049

Q+ parameters
slope: 0.234 semiSat: 0.560 beta: 0.500 sigma: 0.114 
maxBOLD estimate = 2.564


Trial 96: qplus Stimulus Selection
Stimulus: 1.000
Output value 1.749

Q+ parameters
slope: 0.055 semiSat: 0.670 beta: 1.250 sigma: 0.271 
maxBOLD estimate = 1.282


Trial 97: qplus Stimulus Selection
Stimulus: 1.000
Output value 1.967

Q+ parameters
slope: 0.089 semiSat: 0.670 beta: 1.500 sigma: 0.218 
maxBOLD estimate = 1.603


Trial 98: qplus Stimulus Selection
Stimulus: 0.794
Output value 1.639

Q+ parameters
slope: 0.183 semiSat: 0.560 beta: 0.750 sigma: 0.114 
maxBOLD estimate = 2.404


Trial 99: qplus Stimulus Selection
Stimulus: 0.670
Output value 1.475

Q+ parameters
slope: 0.089 semiSat: 0.670 beta: 1.500 sigma: 0.218 
maxBOLD estimate = 1.803


Trial 100: baseline Stimulus Selection
Stimulus: 0.010
Output value 0.123

Q+ parameters
slope: 0.144 semiSat: 0.560 beta: 0.500 sigma: 0.114 
maxBOLD estimate = 2.705

--------------------------------------------------------------
FINAL VALUES
--------------------------------------------------------------
Simulated parameters:              slope: 0.200 semiSat: 0.570 beta: 1.000 sigma: 0.150 
Max posterior QUEST+ parameters:   slope: 0.055 semiSat: 0.670 beta: 1.250 sigma: 0.271 
Max BADS parameters:               slope: 0.065 semiSat: 0.590 beta: 1.000 sigma: 0.234 
maxBOLD estimate: 1.487
