/blue/stevenweisberg/stevenweisberg/MATLAB/projects/Weisberg_Aguirre_2020/scripts/run_sims
c0700a-s1.ufhpc
Wed Apr  7 05:46:30 EDT 2021
mkdir: cannot create directory ‘/blue/stevenweisberg/stevenweisberg/qpfMRIResults/model_parameter_set2/’: File exists
cp: cannot stat ‘/blue/stevenweisberg/stevenweisberg/qpfMRIResults/deploy_sim.sh’: No such file or directory
cp: cannot stat ‘/blue/stevenweisberg/stevenweisberg/qpfMRIResults/sim_wrapper.sh’: No such file or directory
------------------------------------------
Setting up environment variables
---
LD_LIBRARY_PATH is .:/apps/matlab/mcr/2020b/v99/runtime/glnxa64:/apps/matlab/mcr/2020b/v99/bin/glnxa64:/apps/matlab/mcr/2020b/v99/sys/os/glnxa64:/apps/matlab/mcr/2020b/v99/sys/opengl/lib/glnxa64
Warning: Executing startup failed in matlabrc.
This indicates a potentially serious problem in your MATLAB setup, which should be resolved as soon as possible.  Error detected was:
MATLAB:mpath:PathAlterationNotSupported
Modifying the search path is not supported by MATLAB Compiler. Remove functions that modify the search path from your MATLAB code. To make files visible to your deployed application, add the parent folder to your MATLAB session.
Warning: No stimulus domain specified. Defaulting to values between 0.01 and 1.
> In qpfmriParams (line 182)
In compiledSimulate (line 205)
Stimulus domain added from input.
Parameter slope specified as 0.20000
Parameter semiSat specified as 0.57000
Parameter beta specified as 1.00000
Parameter sigma specified as 0.15000
seed = 99seed = 104seed = 111seed = 111seed = 115seed = 101Initializing Q+. This may take a minute...
Elapsed time is 8.441302 seconds.
Simulated parameters:
slope: 0.200 semiSat: 0.570 beta: 1.000 sigma: 0.150 

Trial 1: baseline Stimulus Selection
Stimulus: 0.010
Output value 0.000

Q+ parameters
slope: 0.026 semiSat: 0.890 beta: 0.500 sigma: 0.010 
maxBOLD estimate = 1.000


Trial 2: maxBOLD Stimulus Selection
Stimulus: 1.000
Output value 0.477

Q+ parameters
slope: 0.034 semiSat: 0.890 beta: 0.875 sigma: 0.010 
maxBOLD estimate = 1.000


Trial 3: baseline Stimulus Selection
Stimulus: 0.010
Output value -0.199

Q+ parameters
slope: 0.055 semiSat: 0.670 beta: 1.250 sigma: 0.218 
maxBOLD estimate = 0.875


Trial 4: maxBOLD Stimulus Selection
Stimulus: 1.000
Output value 1.491

Q+ parameters
slope: 0.055 semiSat: 0.670 beta: 1.250 sigma: 0.062 
maxBOLD estimate = 1.094


Trial 5: baseline Stimulus Selection
Stimulus: 0.010
Output value -0.311

Q+ parameters
slope: 0.043 semiSat: 0.560 beta: 1.250 sigma: 0.166 
maxBOLD estimate = 1.367


Trial 6: maxBOLD Stimulus Selection
Stimulus: 1.000
Output value 1.748

Q+ parameters
slope: 0.043 semiSat: 0.780 beta: 1.125 sigma: 0.114 
maxBOLD estimate = 1.709


Trial 7: qplus Stimulus Selection
Stimulus: 0.505
Output value 0.524

Q+ parameters
slope: 0.055 semiSat: 0.560 beta: 0.750 sigma: 0.062 
maxBOLD estimate = 1.923


Trial 8: qplus Stimulus Selection
Stimulus: 0.629
Output value 2.360

Q+ parameters
slope: 0.183 semiSat: 0.560 beta: 1.500 sigma: 0.114 
maxBOLD estimate = 1.442


Trial 9: qplus Stimulus Selection
Stimulus: 0.464
Output value 0.590

Q+ parameters
slope: 0.089 semiSat: 0.450 beta: 0.750 sigma: 0.114 
maxBOLD estimate = 2.163


Trial 10: baseline Stimulus Selection
Stimulus: 0.010
Output value 0.885

Q+ parameters
slope: 0.183 semiSat: 0.560 beta: 1.500 sigma: 0.218 
maxBOLD estimate = 1.622


Trial 11: qplus Stimulus Selection
Stimulus: 0.505
Output value 0.332

Q+ parameters
slope: 0.089 semiSat: 0.450 beta: 0.500 sigma: 0.114 
maxBOLD estimate = 2.433


Trial 12: qplus Stimulus Selection
Stimulus: 0.629
Output value 1.659

Q+ parameters
slope: 0.089 semiSat: 0.560 beta: 1.500 sigma: 0.166 
maxBOLD estimate = 1.217


Trial 13: qplus Stimulus Selection
Stimulus: 0.381
Output value 0.000

Q+ parameters
slope: 0.234 semiSat: 0.560 beta: 1.500 sigma: 0.166 
maxBOLD estimate = 1.825


Trial 14: qplus Stimulus Selection
Stimulus: 0.505
Output value 0.124

Q+ parameters
slope: 0.089 semiSat: 0.450 beta: 0.500 sigma: 0.114 
maxBOLD estimate = 2.737


Trial 15: maxBOLD Stimulus Selection
Stimulus: 1.000
Output value 2.053

Q+ parameters
slope: 0.089 semiSat: 0.560 beta: 1.500 sigma: 0.166 
maxBOLD estimate = 1.369


Trial 16: qplus Stimulus Selection
Stimulus: 0.381
Output value 0.560

Q+ parameters
slope: 0.089 semiSat: 0.450 beta: 0.750 sigma: 0.166 
maxBOLD estimate = 2.053


Trial 17: qplus Stimulus Selection
Stimulus: 0.505
Output value 2.310

Q+ parameters
slope: 0.089 semiSat: 0.560 beta: 1.500 sigma: 0.166 
maxBOLD estimate = 1.540


Trial 18: qplus Stimulus Selection
Stimulus: 0.381
Output value 0.210

Q+ parameters
slope: 0.089 semiSat: 0.450 beta: 0.500 sigma: 0.114 
maxBOLD estimate = 2.310


Trial 19: qplus Stimulus Selection
Stimulus: 0.670
Output value 1.890

Q+ parameters
slope: 0.089 semiSat: 0.560 beta: 1.500 sigma: 0.166 
maxBOLD estimate = 1.155


Trial 20: baseline Stimulus Selection
Stimulus: 0.010
Output value 0.472

Q+ parameters
slope: 0.183 semiSat: 0.560 beta: 1.500 sigma: 0.166 
maxBOLD estimate = 1.732


Trial 21: qplus Stimulus Selection
Stimulus: 0.505
Output value 0.472

Q+ parameters
slope: 0.089 semiSat: 0.450 beta: 0.500 sigma: 0.114 
maxBOLD estimate = 2.598


Trial 22: qplus Stimulus Selection
Stimulus: 1.000
Output value 2.126

Q+ parameters
slope: 0.089 semiSat: 0.560 beta: 1.500 sigma: 0.166 
maxBOLD estimate = 1.299


Trial 23: qplus Stimulus Selection
Stimulus: 0.464
Output value 0.332

Q+ parameters
slope: 0.144 semiSat: 0.560 beta: 0.938 sigma: 0.166 
maxBOLD estimate = 1.949


Trial 24: qplus Stimulus Selection
Stimulus: 0.588
Output value 1.453

Q+ parameters
slope: 0.144 semiSat: 0.560 beta: 1.250 sigma: 0.166 
maxBOLD estimate = 1.827


Trial 25: maxBOLD Stimulus Selection
Stimulus: 1.000
Output value 1.401

Q+ parameters
slope: 0.144 semiSat: 0.560 beta: 0.750 sigma: 0.114 
maxBOLD estimate = 2.284


Trial 26: qplus Stimulus Selection
Stimulus: 0.629
Output value 2.803

Q+ parameters
slope: 0.183 semiSat: 0.560 beta: 1.500 sigma: 0.166 
maxBOLD estimate = 1.713


Trial 27: qplus Stimulus Selection
Stimulus: 0.505
Output value 0.350

Q+ parameters
slope: 0.144 semiSat: 0.560 beta: 0.750 sigma: 0.114 
maxBOLD estimate = 2.569


Trial 28: qplus Stimulus Selection
Stimulus: 0.670
Output value 1.150

Q+ parameters
slope: 0.144 semiSat: 0.560 beta: 0.938 sigma: 0.166 
maxBOLD estimate = 1.927


Trial 29: qplus Stimulus Selection
Stimulus: 0.588
Output value 1.642

Q+ parameters
slope: 0.144 semiSat: 0.560 beta: 1.250 sigma: 0.166 
maxBOLD estimate = 1.807


Trial 30: baseline Stimulus Selection
Stimulus: 0.010
Output value 0.000

Q+ parameters
slope: 0.144 semiSat: 0.560 beta: 0.750 sigma: 0.114 
maxBOLD estimate = 2.258


Trial 31: qplus Stimulus Selection
Stimulus: 0.629
Output value 2.771

Q+ parameters
slope: 0.183 semiSat: 0.560 beta: 1.500 sigma: 0.166 
maxBOLD estimate = 1.694


Trial 32: qplus Stimulus Selection
Stimulus: 0.505
Output value 0.173

Q+ parameters
slope: 0.113 semiSat: 0.560 beta: 0.750 sigma: 0.114 
maxBOLD estimate = 2.540


Trial 33: qplus Stimulus Selection
Stimulus: 0.670
Output value 1.624

Q+ parameters
slope: 0.144 semiSat: 0.560 beta: 0.938 sigma: 0.166 
maxBOLD estimate = 1.905


Trial 34: qplus Stimulus Selection
Stimulus: 0.588
Output value 1.421

Q+ parameters
slope: 0.144 semiSat: 0.560 beta: 1.250 sigma: 0.166 
maxBOLD estimate = 1.786


Trial 35: maxBOLD Stimulus Selection
Stimulus: 1.000
Output value 1.675

Q+ parameters
slope: 0.144 semiSat: 0.560 beta: 0.750 sigma: 0.114 
maxBOLD estimate = 2.233


Trial 36: qplus Stimulus Selection
Stimulus: 0.670
Output value 1.903

Q+ parameters
slope: 0.144 semiSat: 0.560 beta: 1.250 sigma: 0.166 
maxBOLD estimate = 1.675


Trial 37: qplus Stimulus Selection
Stimulus: 0.505
Output value 0.535

Q+ parameters
slope: 0.144 semiSat: 0.560 beta: 0.938 sigma: 0.166 
maxBOLD estimate = 2.093


Trial 38: qplus Stimulus Selection
Stimulus: 0.670
Output value 0.948

Q+ parameters
slope: 0.089 semiSat: 0.560 beta: 1.062 sigma: 0.166 
maxBOLD estimate = 1.962


Trial 39: qplus Stimulus Selection
Stimulus: 0.588
Output value 0.663

Q+ parameters
slope: 0.113 semiSat: 0.560 beta: 0.875 sigma: 0.114 
maxBOLD estimate = 2.085


Trial 40: baseline Stimulus Selection
Stimulus: 0.010
Output value 0.622

Q+ parameters
slope: 0.144 semiSat: 0.560 beta: 0.938 sigma: 0.166 
maxBOLD estimate = 1.824


Trial 41: qplus Stimulus Selection
Stimulus: 0.505
Output value 1.322

Q+ parameters
slope: 0.089 semiSat: 0.560 beta: 1.062 sigma: 0.166 
maxBOLD estimate = 1.710


Trial 42: qplus Stimulus Selection
Stimulus: 0.505
Output value 0.310

Q+ parameters
slope: 0.144 semiSat: 0.560 beta: 0.938 sigma: 0.166 
maxBOLD estimate = 1.817


Trial 43: qplus Stimulus Selection
Stimulus: 0.505
Output value 0.436

Q+ parameters
slope: 0.144 semiSat: 0.560 beta: 0.938 sigma: 0.166 
maxBOLD estimate = 1.704


Trial 44: qplus Stimulus Selection
Stimulus: 0.505
Output value 1.634

Q+ parameters
slope: 0.144 semiSat: 0.560 beta: 1.250 sigma: 0.166 
maxBOLD estimate = 1.597


Trial 45: maxBOLD Stimulus Selection
Stimulus: 1.000
Output value 1.271

Q+ parameters
slope: 0.113 semiSat: 0.560 beta: 0.875 sigma: 0.166 
maxBOLD estimate = 1.997


Trial 46: qplus Stimulus Selection
Stimulus: 0.670
Output value 1.042

Q+ parameters
slope: 0.144 semiSat: 0.560 beta: 0.938 sigma: 0.166 
maxBOLD estimate = 1.747


Trial 47: qplus Stimulus Selection
Stimulus: 0.423
Output value -0.298

Q+ parameters
slope: 0.183 semiSat: 0.560 beta: 1.000 sigma: 0.166 
maxBOLD estimate = 1.638


Trial 48: qplus Stimulus Selection
Stimulus: 0.505
Output value 0.149

Q+ parameters
slope: 0.183 semiSat: 0.560 beta: 1.000 sigma: 0.166 
maxBOLD estimate = 1.638


Trial 49: qplus Stimulus Selection
Stimulus: 0.505
Output value 0.447

Q+ parameters
slope: 0.183 semiSat: 0.560 beta: 1.000 sigma: 0.166 
maxBOLD estimate = 1.638


Trial 50: baseline Stimulus Selection
Stimulus: 0.010
Output value -0.372

Q+ parameters
slope: 0.144 semiSat: 0.560 beta: 1.250 sigma: 0.166 
maxBOLD estimate = 1.638


Trial 51: qplus Stimulus Selection
Stimulus: 0.546
Output value 0.651

Q+ parameters
slope: 0.113 semiSat: 0.560 beta: 0.875 sigma: 0.166 
maxBOLD estimate = 2.047


Trial 52: qplus Stimulus Selection
Stimulus: 0.670
Output value 1.140

Q+ parameters
slope: 0.144 semiSat: 0.560 beta: 1.000 sigma: 0.166 
maxBOLD estimate = 1.791


Trial 53: qplus Stimulus Selection
Stimulus: 0.588
Output value 0.000

Q+ parameters
slope: 0.144 semiSat: 0.560 beta: 0.969 sigma: 0.166 
maxBOLD estimate = 1.791


Trial 54: qplus Stimulus Selection
Stimulus: 0.423
Output value 0.458

Q+ parameters
slope: 0.144 semiSat: 0.560 beta: 0.969 sigma: 0.166 
maxBOLD estimate = 1.735


Trial 55: maxBOLD Stimulus Selection
Stimulus: 1.000
Output value 1.949

Q+ parameters
slope: 0.144 semiSat: 0.560 beta: 1.062 sigma: 0.166 
maxBOLD estimate = 1.681


Trial 56: qplus Stimulus Selection
Stimulus: 0.505
Output value 1.208

Q+ parameters
slope: 0.089 semiSat: 0.560 beta: 1.062 sigma: 0.166 
maxBOLD estimate = 1.786


Trial 57: qplus Stimulus Selection
Stimulus: 0.588
Output value 0.669

Q+ parameters
slope: 0.144 semiSat: 0.560 beta: 0.969 sigma: 0.166 
maxBOLD estimate = 1.898


Trial 58: qplus Stimulus Selection
Stimulus: 0.670
Output value 0.710

Q+ parameters
slope: 0.089 semiSat: 0.560 beta: 1.062 sigma: 0.166 
maxBOLD estimate = 1.839


Trial 59: qplus Stimulus Selection
Stimulus: 0.423
Output value -0.333

Q+ parameters
slope: 0.144 semiSat: 0.560 beta: 0.938 sigma: 0.166 
maxBOLD estimate = 1.953


Trial 60: baseline Stimulus Selection
Stimulus: 0.010
Output value -0.354

Q+ parameters
slope: 0.089 semiSat: 0.560 beta: 1.062 sigma: 0.166 
maxBOLD estimate = 1.831


Trial 61: qplus Stimulus Selection
Stimulus: 0.670
Output value 0.464

Q+ parameters
slope: 0.113 semiSat: 0.560 beta: 0.875 sigma: 0.166 
maxBOLD estimate = 1.946


Trial 62: qplus Stimulus Selection
Stimulus: 0.711
Output value 1.799

Q+ parameters
slope: 0.144 semiSat: 0.560 beta: 0.969 sigma: 0.166 
maxBOLD estimate = 1.703


Trial 63: qplus Stimulus Selection
Stimulus: 0.588
Output value 0.726

Q+ parameters
slope: 0.144 semiSat: 0.560 beta: 0.969 sigma: 0.166 
maxBOLD estimate = 1.649


Trial 64: qplus Stimulus Selection
Stimulus: 0.505
Output value 0.617

Q+ parameters
slope: 0.144 semiSat: 0.560 beta: 1.062 sigma: 0.166 
maxBOLD estimate = 1.598


Trial 65: maxBOLD Stimulus Selection
Stimulus: 1.000
Output value 1.794

Q+ parameters
slope: 0.144 semiSat: 0.560 beta: 0.969 sigma: 0.166 
maxBOLD estimate = 1.698


Trial 66: qplus Stimulus Selection
Stimulus: 0.588
Output value 1.014

Q+ parameters
slope: 0.144 semiSat: 0.560 beta: 0.969 sigma: 0.166 
maxBOLD estimate = 1.645


Trial 67: qplus Stimulus Selection
Stimulus: 0.505
Output value -0.308

Q+ parameters
slope: 0.183 semiSat: 0.560 beta: 1.062 sigma: 0.166 
maxBOLD estimate = 1.593


Trial 68: qplus Stimulus Selection
Stimulus: 0.505
Output value 0.298

Q+ parameters
slope: 0.144 semiSat: 0.560 beta: 0.969 sigma: 0.166 
maxBOLD estimate = 1.693


Trial 69: qplus Stimulus Selection
Stimulus: 0.588
Output value 0.433

Q+ parameters
slope: 0.144 semiSat: 0.560 beta: 0.969 sigma: 0.166 
maxBOLD estimate = 1.640


Trial 70: baseline Stimulus Selection
Stimulus: 0.010
Output value 0.307

Q+ parameters
slope: 0.183 semiSat: 0.560 beta: 1.062 sigma: 0.166 
maxBOLD estimate = 1.589


Trial 71: qplus Stimulus Selection
Stimulus: 0.505
Output value 1.338

Q+ parameters
slope: 0.144 semiSat: 0.560 beta: 0.969 sigma: 0.166 
maxBOLD estimate = 1.688


Trial 72: qplus Stimulus Selection
Stimulus: 0.588
Output value 1.152

Q+ parameters
slope: 0.144 semiSat: 0.560 beta: 0.969 sigma: 0.166 
maxBOLD estimate = 1.635


Trial 73: qplus Stimulus Selection
Stimulus: 0.588
Output value 1.071

Q+ parameters
slope: 0.183 semiSat: 0.560 beta: 1.062 sigma: 0.166 
maxBOLD estimate = 1.584


Trial 74: qplus Stimulus Selection
Stimulus: 0.505
Output value 1.224

Q+ parameters
slope: 0.144 semiSat: 0.560 beta: 1.000 sigma: 0.166 
maxBOLD estimate = 1.683


Trial 75: maxBOLD Stimulus Selection
Stimulus: 1.000
Output value 1.836

Q+ parameters
slope: 0.144 semiSat: 0.560 beta: 1.000 sigma: 0.166 
maxBOLD estimate = 1.683


Trial 76: qplus Stimulus Selection
Stimulus: 0.505
Output value 0.306

Q+ parameters
slope: 0.144 semiSat: 0.560 beta: 1.000 sigma: 0.166 
maxBOLD estimate = 1.683


Trial 77: qplus Stimulus Selection
Stimulus: 0.505
Output value 0.612

Q+ parameters
slope: 0.144 semiSat: 0.560 beta: 1.000 sigma: 0.166 
maxBOLD estimate = 1.683


Trial 78: qplus Stimulus Selection
Stimulus: 0.546
Output value 1.071

Q+ parameters
slope: 0.144 semiSat: 0.560 beta: 1.000 sigma: 0.166 
maxBOLD estimate = 1.683


Trial 79: qplus Stimulus Selection
Stimulus: 0.546
Output value 0.268

Q+ parameters
slope: 0.298 semiSat: 0.560 beta: 0.875 sigma: 0.166 
maxBOLD estimate = 1.683


Trial 80: baseline Stimulus Selection
Stimulus: 0.010
Output value -0.335

Q+ parameters
slope: 0.144 semiSat: 0.560 beta: 1.250 sigma: 0.166 
maxBOLD estimate = 1.473


Trial 81: qplus Stimulus Selection
Stimulus: 0.464
Output value -0.146

Q+ parameters
slope: 0.298 semiSat: 0.560 beta: 0.875 sigma: 0.166 
maxBOLD estimate = 1.841


Trial 82: qplus Stimulus Selection
Stimulus: 0.629
Output value 1.867

Q+ parameters
slope: 0.183 semiSat: 0.560 beta: 1.062 sigma: 0.166 
maxBOLD estimate = 1.611


Trial 83: qplus Stimulus Selection
Stimulus: 0.505
Output value 0.000

Q+ parameters
slope: 0.144 semiSat: 0.560 beta: 1.000 sigma: 0.166 
maxBOLD estimate = 1.711


Trial 84: qplus Stimulus Selection
Stimulus: 0.505
Output value 0.156

Q+ parameters
slope: 0.144 semiSat: 0.560 beta: 1.000 sigma: 0.166 
maxBOLD estimate = 1.711


Trial 85: maxBOLD Stimulus Selection
Stimulus: 1.000
Output value 0.817

Q+ parameters
slope: 0.298 semiSat: 0.560 beta: 0.875 sigma: 0.166 
maxBOLD estimate = 1.711


Trial 86: qplus Stimulus Selection
Stimulus: 0.505
Output value 0.000

Q+ parameters
slope: 0.183 semiSat: 0.560 beta: 1.125 sigma: 0.166 
maxBOLD estimate = 1.498


Trial 87: qplus Stimulus Selection
Stimulus: 0.505
Output value 0.000

Q+ parameters
slope: 0.298 semiSat: 0.560 beta: 0.875 sigma: 0.166 
maxBOLD estimate = 1.685


Trial 88: qplus Stimulus Selection
Stimulus: 0.546
Output value 0.302

Q+ parameters
slope: 0.183 semiSat: 0.560 beta: 1.125 sigma: 0.166 
maxBOLD estimate = 1.474


Trial 89: qplus Stimulus Selection
Stimulus: 0.588
Output value 0.146

Q+ parameters
slope: 0.298 semiSat: 0.560 beta: 0.969 sigma: 0.166 
maxBOLD estimate = 1.658


Trial 90: baseline Stimulus Selection
Stimulus: 0.010
Output value -0.310

Q+ parameters
slope: 0.183 semiSat: 0.560 beta: 1.062 sigma: 0.166 
maxBOLD estimate = 1.607


Trial 91: qplus Stimulus Selection
Stimulus: 0.505
Output value 0.660

Q+ parameters
slope: 0.183 semiSat: 0.560 beta: 1.062 sigma: 0.166 
maxBOLD estimate = 1.707


Trial 92: qplus Stimulus Selection
Stimulus: 0.670
Output value 1.154

Q+ parameters
slope: 0.144 semiSat: 0.560 beta: 1.000 sigma: 0.166 
maxBOLD estimate = 1.814


Trial 93: qplus Stimulus Selection
Stimulus: 0.629
Output value 0.660

Q+ parameters
slope: 0.144 semiSat: 0.560 beta: 1.000 sigma: 0.166 
maxBOLD estimate = 1.814


Trial 94: qplus Stimulus Selection
Stimulus: 0.629
Output value 1.319

Q+ parameters
slope: 0.144 semiSat: 0.560 beta: 1.000 sigma: 0.166 
maxBOLD estimate = 1.814


Trial 95: maxBOLD Stimulus Selection
Stimulus: 1.000
Output value 0.824

Q+ parameters
slope: 0.144 semiSat: 0.560 beta: 1.000 sigma: 0.166 
maxBOLD estimate = 1.814


Trial 96: qplus Stimulus Selection
Stimulus: 0.629
Output value 1.319

Q+ parameters
slope: 0.144 semiSat: 0.560 beta: 1.000 sigma: 0.166 
maxBOLD estimate = 1.814


Trial 97: qplus Stimulus Selection
Stimulus: 0.670
Output value 1.484

Q+ parameters
slope: 0.144 semiSat: 0.560 beta: 1.000 sigma: 0.166 
maxBOLD estimate = 1.814


Trial 98: qplus Stimulus Selection
Stimulus: 0.629
Output value 1.319

Q+ parameters
slope: 0.144 semiSat: 0.560 beta: 1.000 sigma: 0.166 
maxBOLD estimate = 1.814


Trial 99: qplus Stimulus Selection
Stimulus: 0.629
Output value 1.814

Q+ parameters
slope: 0.144 semiSat: 0.560 beta: 1.000 sigma: 0.166 
maxBOLD estimate = 1.814


Trial 100: baseline Stimulus Selection
Stimulus: 0.010
Output value -0.330

Q+ parameters
slope: 0.144 semiSat: 0.560 beta: 1.000 sigma: 0.166 
maxBOLD estimate = 1.814

--------------------------------------------------------------
FINAL VALUES
--------------------------------------------------------------
Simulated parameters:              slope: 0.200 semiSat: 0.570 beta: 1.000 sigma: 0.150 
Max posterior QUEST+ parameters:   slope: 0.144 semiSat: 0.560 beta: 1.000 sigma: 0.166 
Max BADS parameters:               slope: 0.149 semiSat: 0.561 beta: 1.000 sigma: 0.154 
maxBOLD estimate: 1.827
