/blue/stevenweisberg/stevenweisberg/MATLAB/projects/Weisberg_Aguirre_2020/scripts/run_sims
c0700a-s1.ufhpc
Wed Apr  7 03:53:52 EDT 2021
mkdir: cannot create directory ‘/blue/stevenweisberg/stevenweisberg/qpfMRIResults/model_parameter_set2/’: File exists
cp: cannot stat ‘/blue/stevenweisberg/stevenweisberg/qpfMRIResults/deploy_sim.sh’: No such file or directory
cp: cannot stat ‘/blue/stevenweisberg/stevenweisberg/qpfMRIResults/sim_wrapper.sh’: No such file or directory
------------------------------------------
Setting up environment variables
---
LD_LIBRARY_PATH is .:/apps/matlab/mcr/2020b/v99/runtime/glnxa64:/apps/matlab/mcr/2020b/v99/bin/glnxa64:/apps/matlab/mcr/2020b/v99/sys/os/glnxa64:/apps/matlab/mcr/2020b/v99/sys/opengl/lib/glnxa64
Warning: Executing startup failed in matlabrc.
This indicates a potentially serious problem in your MATLAB setup, which should be resolved as soon as possible.  Error detected was:
MATLAB:mpath:PathAlterationNotSupported
Modifying the search path is not supported by MATLAB Compiler. Remove functions that modify the search path from your MATLAB code. To make files visible to your deployed application, add the parent folder to your MATLAB session.
Warning: No stimulus domain specified. Defaulting to values between 0.01 and 1.
> In qpfmriParams (line 182)
In compiledSimulate (line 205)
Stimulus domain added from input.
Parameter slope specified as 0.20000
Parameter semiSat specified as 0.57000
Parameter beta specified as 1.00000
Parameter sigma specified as 0.15000
seed = 99seed = 104seed = 111seed = 111seed = 115seed = 101Initializing Q+. This may take a minute...
Elapsed time is 7.806660 seconds.
Simulated parameters:
slope: 0.200 semiSat: 0.570 beta: 1.000 sigma: 0.150 

Trial 1: baseline Stimulus Selection
Stimulus: 0.010
Output value 0.000

Q+ parameters
slope: 0.026 semiSat: 0.890 beta: 0.500 sigma: 0.010 
maxBOLD estimate = 1.000


Trial 2: maxBOLD Stimulus Selection
Stimulus: 1.000
Output value 1.364

Q+ parameters
slope: 0.055 semiSat: 0.670 beta: 1.250 sigma: 0.010 
maxBOLD estimate = 1.000


Trial 3: baseline Stimulus Selection
Stimulus: 0.010
Output value 0.284

Q+ parameters
slope: 0.055 semiSat: 0.670 beta: 1.250 sigma: 0.114 
maxBOLD estimate = 1.250


Trial 4: maxBOLD Stimulus Selection
Stimulus: 1.000
Output value 1.598

Q+ parameters
slope: 0.055 semiSat: 0.670 beta: 1.125 sigma: 0.062 
maxBOLD estimate = 1.562


Trial 5: baseline Stimulus Selection
Stimulus: 0.010
Output value -0.400

Q+ parameters
slope: 0.055 semiSat: 0.670 beta: 1.250 sigma: 0.114 
maxBOLD estimate = 1.758


Trial 6: maxBOLD Stimulus Selection
Stimulus: 1.000
Output value 2.697

Q+ parameters
slope: 0.055 semiSat: 0.670 beta: 1.125 sigma: 0.114 
maxBOLD estimate = 2.197


Trial 7: random Stimulus Selection
Stimulus: 0.505
Output value 0.653

Q+ parameters
slope: 0.043 semiSat: 0.780 beta: 0.969 sigma: 0.062 
maxBOLD estimate = 2.472


Trial 8: random Stimulus Selection
Stimulus: 0.423
Output value 0.571

Q+ parameters
slope: 0.055 semiSat: 0.560 beta: 0.875 sigma: 0.062 
maxBOLD estimate = 2.395


Trial 9: random Stimulus Selection
Stimulus: 0.092
Output value 0.429

Q+ parameters
slope: 0.055 semiSat: 0.670 beta: 1.125 sigma: 0.062 
maxBOLD estimate = 2.095


Trial 10: baseline Stimulus Selection
Stimulus: 0.010
Output value 0.321

Q+ parameters
slope: 0.113 semiSat: 0.560 beta: 0.750 sigma: 0.062 
maxBOLD estimate = 2.357


Trial 11: random Stimulus Selection
Stimulus: 1.000
Output value 2.049

Q+ parameters
slope: 0.144 semiSat: 0.560 beta: 1.062 sigma: 0.114 
maxBOLD estimate = 1.768


Trial 12: random Stimulus Selection
Stimulus: 0.670
Output value 2.562

Q+ parameters
slope: 0.183 semiSat: 0.560 beta: 1.250 sigma: 0.114 
maxBOLD estimate = 1.878


Trial 13: random Stimulus Selection
Stimulus: 0.092
Output value 0.000

Q+ parameters
slope: 0.234 semiSat: 0.560 beta: 0.750 sigma: 0.114 
maxBOLD estimate = 2.348


Trial 14: random Stimulus Selection
Stimulus: 0.588
Output value 2.401

Q+ parameters
slope: 0.183 semiSat: 0.560 beta: 1.500 sigma: 0.114 
maxBOLD estimate = 1.761


Trial 15: maxBOLD Stimulus Selection
Stimulus: 1.000
Output value 1.081

Q+ parameters
slope: 0.483 semiSat: 0.560 beta: 0.750 sigma: 0.114 
maxBOLD estimate = 2.642


Trial 16: random Stimulus Selection
Stimulus: 0.794
Output value 2.702

Q+ parameters
slope: 0.183 semiSat: 0.560 beta: 1.250 sigma: 0.114 
maxBOLD estimate = 1.981


Trial 17: random Stimulus Selection
Stimulus: 0.216
Output value 0.507

Q+ parameters
slope: 0.113 semiSat: 0.450 beta: 0.750 sigma: 0.114 
maxBOLD estimate = 2.476


Trial 18: random Stimulus Selection
Stimulus: 0.588
Output value 1.900

Q+ parameters
slope: 0.183 semiSat: 0.560 beta: 1.250 sigma: 0.114 
maxBOLD estimate = 1.857


Trial 19: random Stimulus Selection
Stimulus: 0.670
Output value 2.177

Q+ parameters
slope: 0.234 semiSat: 0.560 beta: 0.938 sigma: 0.114 
maxBOLD estimate = 2.322


Trial 20: baseline Stimulus Selection
Stimulus: 0.010
Output value 0.000

Q+ parameters
slope: 0.144 semiSat: 0.560 beta: 0.938 sigma: 0.114 
maxBOLD estimate = 2.177


Trial 21: random Stimulus Selection
Stimulus: 0.381
Output value 0.539

Q+ parameters
slope: 0.070 semiSat: 0.450 beta: 0.969 sigma: 0.114 
maxBOLD estimate = 2.041


Trial 22: random Stimulus Selection
Stimulus: 0.299
Output value 0.449

Q+ parameters
slope: 0.113 semiSat: 0.560 beta: 1.250 sigma: 0.166 
maxBOLD estimate = 1.977


Trial 23: random Stimulus Selection
Stimulus: 0.051
Output value 0.000

Q+ parameters
slope: 0.113 semiSat: 0.450 beta: 0.750 sigma: 0.114 
maxBOLD estimate = 2.471


Trial 24: random Stimulus Selection
Stimulus: 0.134
Output value 0.758

Q+ parameters
slope: 0.089 semiSat: 0.560 beta: 1.500 sigma: 0.166 
maxBOLD estimate = 1.853


Trial 25: maxBOLD Stimulus Selection
Stimulus: 1.000
Output value 0.948

Q+ parameters
slope: 0.070 semiSat: 0.560 beta: 0.750 sigma: 0.114 
maxBOLD estimate = 2.780


Trial 26: random Stimulus Selection
Stimulus: 0.381
Output value 0.551

Q+ parameters
slope: 0.070 semiSat: 0.450 beta: 0.969 sigma: 0.114 
maxBOLD estimate = 2.085


Trial 27: random Stimulus Selection
Stimulus: 1.000
Output value 2.134

Q+ parameters
slope: 0.070 semiSat: 0.450 beta: 0.969 sigma: 0.114 
maxBOLD estimate = 2.020


Trial 28: random Stimulus Selection
Stimulus: 0.257
Output value 0.000

Q+ parameters
slope: 0.113 semiSat: 0.560 beta: 1.250 sigma: 0.166 
maxBOLD estimate = 1.957


Trial 29: random Stimulus Selection
Stimulus: 0.464
Output value 0.000

Q+ parameters
slope: 0.113 semiSat: 0.450 beta: 0.750 sigma: 0.114 
maxBOLD estimate = 2.446


Trial 30: baseline Stimulus Selection
Stimulus: 0.010
Output value 0.860

Q+ parameters
slope: 0.234 semiSat: 0.560 beta: 1.031 sigma: 0.166 
maxBOLD estimate = 1.834


Trial 31: random Stimulus Selection
Stimulus: 0.423
Output value 0.532

Q+ parameters
slope: 0.234 semiSat: 0.560 beta: 1.031 sigma: 0.166 
maxBOLD estimate = 1.892


Trial 32: random Stimulus Selection
Stimulus: 0.876
Output value 1.164

Q+ parameters
slope: 0.144 semiSat: 0.560 beta: 0.938 sigma: 0.166 
maxBOLD estimate = 1.951


Trial 33: random Stimulus Selection
Stimulus: 0.010
Output value -0.416

Q+ parameters
slope: 0.113 semiSat: 0.560 beta: 1.250 sigma: 0.166 
maxBOLD estimate = 1.829


Trial 34: random Stimulus Selection
Stimulus: 0.588
Output value 0.623

Q+ parameters
slope: 0.234 semiSat: 0.560 beta: 0.750 sigma: 0.114 
maxBOLD estimate = 2.286


Trial 35: maxBOLD Stimulus Selection
Stimulus: 1.000
Output value 2.143

Q+ parameters
slope: 0.113 semiSat: 0.560 beta: 1.250 sigma: 0.166 
maxBOLD estimate = 1.715


Trial 36: random Stimulus Selection
Stimulus: 0.340
Output value -0.292

Q+ parameters
slope: 0.234 semiSat: 0.560 beta: 0.750 sigma: 0.114 
maxBOLD estimate = 2.143


Trial 37: random Stimulus Selection
Stimulus: 0.753
Output value 1.279

Q+ parameters
slope: 0.183 semiSat: 0.560 beta: 1.250 sigma: 0.166 
maxBOLD estimate = 1.607


Trial 38: random Stimulus Selection
Stimulus: 0.546
Output value 0.856

Q+ parameters
slope: 0.144 semiSat: 0.560 beta: 0.938 sigma: 0.114 
maxBOLD estimate = 2.009


Trial 39: random Stimulus Selection
Stimulus: 0.794
Output value 1.445

Q+ parameters
slope: 0.234 semiSat: 0.560 beta: 0.938 sigma: 0.166 
maxBOLD estimate = 1.884


Trial 40: baseline Stimulus Selection
Stimulus: 0.010
Output value -0.341

Q+ parameters
slope: 0.144 semiSat: 0.560 beta: 1.062 sigma: 0.166 
maxBOLD estimate = 1.766


Trial 41: random Stimulus Selection
Stimulus: 0.835
Output value 0.959

Q+ parameters
slope: 0.234 semiSat: 0.560 beta: 0.938 sigma: 0.166 
maxBOLD estimate = 1.876


Trial 42: random Stimulus Selection
Stimulus: 0.959
Output value 1.279

Q+ parameters
slope: 0.298 semiSat: 0.560 beta: 1.000 sigma: 0.166 
maxBOLD estimate = 1.759


Trial 43: random Stimulus Selection
Stimulus: 0.092
Output value -0.160

Q+ parameters
slope: 0.298 semiSat: 0.560 beta: 1.000 sigma: 0.166 
maxBOLD estimate = 1.759


Trial 44: random Stimulus Selection
Stimulus: 0.423
Output value -0.160

Q+ parameters
slope: 0.298 semiSat: 0.560 beta: 1.000 sigma: 0.166 
maxBOLD estimate = 1.759


Trial 45: maxBOLD Stimulus Selection
Stimulus: 1.000
Output value 1.049

Q+ parameters
slope: 0.234 semiSat: 0.560 beta: 0.938 sigma: 0.166 
maxBOLD estimate = 1.759


Trial 46: random Stimulus Selection
Stimulus: 0.670
Output value 0.000

Q+ parameters
slope: 0.070 semiSat: 0.670 beta: 1.250 sigma: 0.218 
maxBOLD estimate = 1.649


Trial 47: random Stimulus Selection
Stimulus: 0.918
Output value 0.703

Q+ parameters
slope: 0.298 semiSat: 0.560 beta: 0.750 sigma: 0.166 
maxBOLD estimate = 2.061


Trial 48: random Stimulus Selection
Stimulus: 0.918
Output value 2.108

Q+ parameters
slope: 0.183 semiSat: 0.560 beta: 1.250 sigma: 0.166 
maxBOLD estimate = 1.546


Trial 49: random Stimulus Selection
Stimulus: 0.546
Output value -0.132

Q+ parameters
slope: 0.616 semiSat: 0.560 beta: 0.750 sigma: 0.166 
maxBOLD estimate = 1.933


Trial 50: baseline Stimulus Selection
Stimulus: 0.010
Output value 0.165

Q+ parameters
slope: 0.183 semiSat: 0.560 beta: 1.250 sigma: 0.166 
maxBOLD estimate = 1.449


Trial 51: random Stimulus Selection
Stimulus: 0.010
Output value -0.329

Q+ parameters
slope: 0.144 semiSat: 0.560 beta: 1.000 sigma: 0.166 
maxBOLD estimate = 1.812


Trial 52: random Stimulus Selection
Stimulus: 0.175
Output value 1.318

Q+ parameters
slope: 0.070 semiSat: 0.560 beta: 1.000 sigma: 0.166 
maxBOLD estimate = 1.812


Trial 53: random Stimulus Selection
Stimulus: 0.340
Output value 0.309

Q+ parameters
slope: 0.144 semiSat: 0.560 beta: 0.938 sigma: 0.166 
maxBOLD estimate = 1.812


Trial 54: random Stimulus Selection
Stimulus: 0.794
Output value 0.926

Q+ parameters
slope: 0.144 semiSat: 0.560 beta: 1.000 sigma: 0.166 
maxBOLD estimate = 1.698


Trial 55: maxBOLD Stimulus Selection
Stimulus: 1.000
Output value 1.390

Q+ parameters
slope: 0.144 semiSat: 0.560 beta: 1.000 sigma: 0.166 
maxBOLD estimate = 1.698


Trial 56: random Stimulus Selection
Stimulus: 0.175
Output value 0.618

Q+ parameters
slope: 0.144 semiSat: 0.560 beta: 1.000 sigma: 0.166 
maxBOLD estimate = 1.698


Trial 57: random Stimulus Selection
Stimulus: 0.423
Output value -0.309

Q+ parameters
slope: 0.144 semiSat: 0.560 beta: 1.000 sigma: 0.166 
maxBOLD estimate = 1.698


Trial 58: random Stimulus Selection
Stimulus: 1.000
Output value 1.853

Q+ parameters
slope: 0.144 semiSat: 0.560 beta: 1.000 sigma: 0.166 
maxBOLD estimate = 1.698


Trial 59: random Stimulus Selection
Stimulus: 0.464
Output value 0.309

Q+ parameters
slope: 0.144 semiSat: 0.560 beta: 1.000 sigma: 0.166 
maxBOLD estimate = 1.698


Trial 60: baseline Stimulus Selection
Stimulus: 0.010
Output value 0.309

Q+ parameters
slope: 0.144 semiSat: 0.560 beta: 1.000 sigma: 0.166 
maxBOLD estimate = 1.698


Trial 61: random Stimulus Selection
Stimulus: 0.835
Output value 1.853

Q+ parameters
slope: 0.144 semiSat: 0.560 beta: 1.000 sigma: 0.166 
maxBOLD estimate = 1.698


Trial 62: random Stimulus Selection
Stimulus: 0.794
Output value 1.390

Q+ parameters
slope: 0.144 semiSat: 0.560 beta: 1.000 sigma: 0.166 
maxBOLD estimate = 1.698


Trial 63: random Stimulus Selection
Stimulus: 0.546
Output value 1.235

Q+ parameters
slope: 0.144 semiSat: 0.560 beta: 1.000 sigma: 0.166 
maxBOLD estimate = 1.698


Trial 64: random Stimulus Selection
Stimulus: 0.546
Output value 1.544

Q+ parameters
slope: 0.144 semiSat: 0.560 beta: 1.000 sigma: 0.166 
maxBOLD estimate = 1.698


Trial 65: maxBOLD Stimulus Selection
Stimulus: 1.000
Output value 1.853

Q+ parameters
slope: 0.144 semiSat: 0.560 beta: 1.000 sigma: 0.166 
maxBOLD estimate = 1.698


Trial 66: random Stimulus Selection
Stimulus: 0.753
Output value 1.544

Q+ parameters
slope: 0.144 semiSat: 0.560 beta: 1.000 sigma: 0.166 
maxBOLD estimate = 1.698


Trial 67: random Stimulus Selection
Stimulus: 1.000
Output value 1.592

Q+ parameters
slope: 0.144 semiSat: 0.560 beta: 1.031 sigma: 0.166 
maxBOLD estimate = 1.698


Trial 68: random Stimulus Selection
Stimulus: 0.629
Output value 1.971

Q+ parameters
slope: 0.298 semiSat: 0.560 beta: 1.031 sigma: 0.166 
maxBOLD estimate = 1.752


Trial 69: random Stimulus Selection
Stimulus: 0.546
Output value 1.314

Q+ parameters
slope: 0.144 semiSat: 0.560 beta: 1.000 sigma: 0.166 
maxBOLD estimate = 1.806


Trial 70: baseline Stimulus Selection
Stimulus: 0.010
Output value -0.164

Q+ parameters
slope: 0.144 semiSat: 0.560 beta: 1.000 sigma: 0.166 
maxBOLD estimate = 1.806


Trial 71: random Stimulus Selection
Stimulus: 0.381
Output value 0.000

Q+ parameters
slope: 0.144 semiSat: 0.560 beta: 1.000 sigma: 0.166 
maxBOLD estimate = 1.806


Trial 72: random Stimulus Selection
Stimulus: 0.546
Output value -0.328

Q+ parameters
slope: 0.144 semiSat: 0.560 beta: 1.000 sigma: 0.166 
maxBOLD estimate = 1.806


Trial 73: random Stimulus Selection
Stimulus: 0.753
Output value 1.149

Q+ parameters
slope: 0.144 semiSat: 0.560 beta: 1.000 sigma: 0.166 
maxBOLD estimate = 1.806


Trial 74: random Stimulus Selection
Stimulus: 0.340
Output value 0.657

Q+ parameters
slope: 0.144 semiSat: 0.560 beta: 1.000 sigma: 0.166 
maxBOLD estimate = 1.806


Trial 75: maxBOLD Stimulus Selection
Stimulus: 1.000
Output value 0.985

Q+ parameters
slope: 0.144 semiSat: 0.560 beta: 1.000 sigma: 0.166 
maxBOLD estimate = 1.806


Trial 76: random Stimulus Selection
Stimulus: 0.711
Output value 1.806

Q+ parameters
slope: 0.144 semiSat: 0.560 beta: 1.000 sigma: 0.166 
maxBOLD estimate = 1.806


Trial 77: random Stimulus Selection
Stimulus: 0.051
Output value -0.328

Q+ parameters
slope: 0.144 semiSat: 0.560 beta: 1.000 sigma: 0.166 
maxBOLD estimate = 1.806


Trial 78: random Stimulus Selection
Stimulus: 0.216
Output value -0.328

Q+ parameters
slope: 0.144 semiSat: 0.560 beta: 1.000 sigma: 0.166 
maxBOLD estimate = 1.806


Trial 79: random Stimulus Selection
Stimulus: 0.051
Output value -0.164

Q+ parameters
slope: 0.144 semiSat: 0.560 beta: 1.000 sigma: 0.166 
maxBOLD estimate = 1.806


Trial 80: baseline Stimulus Selection
Stimulus: 0.010
Output value -0.164

Q+ parameters
slope: 0.144 semiSat: 0.560 beta: 1.000 sigma: 0.166 
maxBOLD estimate = 1.806


Trial 81: random Stimulus Selection
Stimulus: 0.670
Output value 1.478

Q+ parameters
slope: 0.144 semiSat: 0.560 beta: 1.000 sigma: 0.166 
maxBOLD estimate = 1.806


Trial 82: random Stimulus Selection
Stimulus: 0.464
Output value -0.328

Q+ parameters
slope: 0.234 semiSat: 0.560 beta: 1.000 sigma: 0.166 
maxBOLD estimate = 1.806


Trial 83: random Stimulus Selection
Stimulus: 0.216
Output value 0.164

Q+ parameters
slope: 0.144 semiSat: 0.560 beta: 1.000 sigma: 0.166 
maxBOLD estimate = 1.806


Trial 84: random Stimulus Selection
Stimulus: 0.423
Output value 0.164

Q+ parameters
slope: 0.144 semiSat: 0.560 beta: 1.000 sigma: 0.166 
maxBOLD estimate = 1.806


Trial 85: maxBOLD Stimulus Selection
Stimulus: 1.000
Output value 1.971

Q+ parameters
slope: 0.234 semiSat: 0.560 beta: 1.000 sigma: 0.166 
maxBOLD estimate = 1.806


Trial 86: random Stimulus Selection
Stimulus: 0.051
Output value -0.328

Q+ parameters
slope: 0.234 semiSat: 0.560 beta: 1.000 sigma: 0.166 
maxBOLD estimate = 1.806


Trial 87: random Stimulus Selection
Stimulus: 0.546
Output value 0.821

Q+ parameters
slope: 0.144 semiSat: 0.560 beta: 1.000 sigma: 0.166 
maxBOLD estimate = 1.806


Trial 88: random Stimulus Selection
Stimulus: 0.134
Output value -0.328

Q+ parameters
slope: 0.144 semiSat: 0.560 beta: 1.000 sigma: 0.166 
maxBOLD estimate = 1.806


Trial 89: random Stimulus Selection
Stimulus: 0.711
Output value 0.985

Q+ parameters
slope: 0.144 semiSat: 0.560 beta: 1.000 sigma: 0.166 
maxBOLD estimate = 1.806


Trial 90: baseline Stimulus Selection
Stimulus: 0.010
Output value 0.000

Q+ parameters
slope: 0.144 semiSat: 0.560 beta: 1.000 sigma: 0.166 
maxBOLD estimate = 1.806


Trial 91: random Stimulus Selection
Stimulus: 0.711
Output value 0.985

Q+ parameters
slope: 0.183 semiSat: 0.560 beta: 1.000 sigma: 0.166 
maxBOLD estimate = 1.806


Trial 92: random Stimulus Selection
Stimulus: 1.000
Output value 1.478

Q+ parameters
slope: 0.183 semiSat: 0.560 beta: 1.000 sigma: 0.166 
maxBOLD estimate = 1.806


Trial 93: random Stimulus Selection
Stimulus: 0.505
Output value 1.016

Q+ parameters
slope: 0.144 semiSat: 0.560 beta: 1.031 sigma: 0.166 
maxBOLD estimate = 1.806


Trial 94: random Stimulus Selection
Stimulus: 0.175
Output value 0.169

Q+ parameters
slope: 0.144 semiSat: 0.560 beta: 1.000 sigma: 0.166 
maxBOLD estimate = 1.863


Trial 95: maxBOLD Stimulus Selection
Stimulus: 1.000
Output value 1.355

Q+ parameters
slope: 0.144 semiSat: 0.560 beta: 1.000 sigma: 0.166 
maxBOLD estimate = 1.863


Trial 96: random Stimulus Selection
Stimulus: 0.670
Output value 2.032

Q+ parameters
slope: 0.144 semiSat: 0.560 beta: 1.000 sigma: 0.166 
maxBOLD estimate = 1.863


Trial 97: random Stimulus Selection
Stimulus: 0.876
Output value 1.693

Q+ parameters
slope: 0.144 semiSat: 0.560 beta: 1.000 sigma: 0.166 
maxBOLD estimate = 1.863


Trial 98: random Stimulus Selection
Stimulus: 0.629
Output value 1.355

Q+ parameters
slope: 0.144 semiSat: 0.560 beta: 1.000 sigma: 0.166 
maxBOLD estimate = 1.863


Trial 99: random Stimulus Selection
Stimulus: 0.464
Output value 0.508

Q+ parameters
slope: 0.144 semiSat: 0.560 beta: 1.000 sigma: 0.166 
maxBOLD estimate = 1.863


Trial 100: baseline Stimulus Selection
Stimulus: 0.010
Output value 0.000

Q+ parameters
slope: 0.144 semiSat: 0.560 beta: 1.000 sigma: 0.166 
maxBOLD estimate = 1.863

--------------------------------------------------------------
FINAL VALUES
--------------------------------------------------------------
Simulated parameters:              slope: 0.200 semiSat: 0.570 beta: 1.000 sigma: 0.150 
Max posterior QUEST+ parameters:   slope: 0.183 semiSat: 0.560 beta: 1.000 sigma: 0.166 
Max BADS parameters:               slope: 0.167 semiSat: 0.552 beta: 1.000 sigma: 0.157 
maxBOLD estimate: 1.820
