/blue/stevenweisberg/stevenweisberg/MATLAB/projects/Weisberg_Aguirre_2020/scripts/run_sims
c0700a-s2.ufhpc
Wed Apr  7 04:36:52 EDT 2021
mkdir: cannot create directory ‘/blue/stevenweisberg/stevenweisberg/qpfMRIResults/model_parameter_set2/’: File exists
cp: cannot stat ‘/blue/stevenweisberg/stevenweisberg/qpfMRIResults/deploy_sim.sh’: No such file or directory
cp: cannot stat ‘/blue/stevenweisberg/stevenweisberg/qpfMRIResults/sim_wrapper.sh’: No such file or directory
------------------------------------------
Setting up environment variables
---
LD_LIBRARY_PATH is .:/apps/matlab/mcr/2020b/v99/runtime/glnxa64:/apps/matlab/mcr/2020b/v99/bin/glnxa64:/apps/matlab/mcr/2020b/v99/sys/os/glnxa64:/apps/matlab/mcr/2020b/v99/sys/opengl/lib/glnxa64
Warning: Executing startup failed in matlabrc.
This indicates a potentially serious problem in your MATLAB setup, which should be resolved as soon as possible.  Error detected was:
MATLAB:mpath:PathAlterationNotSupported
Modifying the search path is not supported by MATLAB Compiler. Remove functions that modify the search path from your MATLAB code. To make files visible to your deployed application, add the parent folder to your MATLAB session.
Warning: No stimulus domain specified. Defaulting to values between 0.01 and 1.
> In qpfmriParams (line 182)
In compiledSimulate (line 205)
Stimulus domain added from input.
Parameter slope specified as 0.20000
Parameter semiSat specified as 0.57000
Parameter beta specified as 1.00000
Parameter sigma specified as 0.10000
seed = 99seed = 104seed = 111seed = 111seed = 115seed = 101Initializing Q+. This may take a minute...
Elapsed time is 8.343064 seconds.
Simulated parameters:
slope: 0.200 semiSat: 0.570 beta: 1.000 sigma: 0.100 

Trial 1: baseline Stimulus Selection
Stimulus: 0.010
Output value 0.000

Q+ parameters
slope: 0.026 semiSat: 0.890 beta: 0.500 sigma: 0.010 
maxBOLD estimate = 1.000


Trial 2: maxBOLD Stimulus Selection
Stimulus: 1.000
Output value 1.364

Q+ parameters
slope: 0.055 semiSat: 0.670 beta: 1.250 sigma: 0.010 
maxBOLD estimate = 1.000


Trial 3: baseline Stimulus Selection
Stimulus: 0.010
Output value -0.284

Q+ parameters
slope: 0.055 semiSat: 0.670 beta: 1.250 sigma: 0.114 
maxBOLD estimate = 1.250


Trial 4: maxBOLD Stimulus Selection
Stimulus: 1.000
Output value 1.598

Q+ parameters
slope: 0.055 semiSat: 0.670 beta: 1.125 sigma: 0.062 
maxBOLD estimate = 1.562


Trial 5: baseline Stimulus Selection
Stimulus: 0.010
Output value 0.400

Q+ parameters
slope: 0.043 semiSat: 0.780 beta: 1.250 sigma: 0.114 
maxBOLD estimate = 1.758


Trial 6: maxBOLD Stimulus Selection
Stimulus: 1.000
Output value 1.548

Q+ parameters
slope: 0.043 semiSat: 0.780 beta: 0.969 sigma: 0.062 
maxBOLD estimate = 2.197


Trial 7: random Stimulus Selection
Stimulus: 0.918
Output value 1.645

Q+ parameters
slope: 0.043 semiSat: 0.780 beta: 1.062 sigma: 0.062 
maxBOLD estimate = 2.129


Trial 8: random Stimulus Selection
Stimulus: 0.876
Output value 0.617

Q+ parameters
slope: 0.483 semiSat: 0.890 beta: 0.750 sigma: 0.062 
maxBOLD estimate = 2.262


Trial 9: random Stimulus Selection
Stimulus: 0.753
Output value 1.908

Q+ parameters
slope: 0.089 semiSat: 0.450 beta: 1.031 sigma: 0.114 
maxBOLD estimate = 1.696


Trial 10: baseline Stimulus Selection
Stimulus: 0.010
Output value -0.149

Q+ parameters
slope: 0.089 semiSat: 0.450 beta: 0.938 sigma: 0.114 
maxBOLD estimate = 1.749


Trial 11: random Stimulus Selection
Stimulus: 0.505
Output value 0.419

Q+ parameters
slope: 0.144 semiSat: 0.560 beta: 0.938 sigma: 0.114 
maxBOLD estimate = 1.640


Trial 12: random Stimulus Selection
Stimulus: 0.753
Output value 1.297

Q+ parameters
slope: 0.144 semiSat: 0.670 beta: 1.031 sigma: 0.062 
maxBOLD estimate = 1.537


Trial 13: random Stimulus Selection
Stimulus: 0.505
Output value 0.757

Q+ parameters
slope: 0.144 semiSat: 0.560 beta: 0.875 sigma: 0.114 
maxBOLD estimate = 1.585


Trial 14: random Stimulus Selection
Stimulus: 0.299
Output value -0.284

Q+ parameters
slope: 0.183 semiSat: 0.670 beta: 1.125 sigma: 0.114 
maxBOLD estimate = 1.387


Trial 15: maxBOLD Stimulus Selection
Stimulus: 1.000
Output value 1.171

Q+ parameters
slope: 0.144 semiSat: 0.670 beta: 1.031 sigma: 0.114 
maxBOLD estimate = 1.561


Trial 16: random Stimulus Selection
Stimulus: 0.959
Output value 1.417

Q+ parameters
slope: 0.113 semiSat: 0.670 beta: 0.969 sigma: 0.114 
maxBOLD estimate = 1.609


Trial 17: random Stimulus Selection
Stimulus: 0.381
Output value 0.000

Q+ parameters
slope: 0.113 semiSat: 0.670 beta: 0.969 sigma: 0.062 
maxBOLD estimate = 1.559


Trial 18: random Stimulus Selection
Stimulus: 0.876
Output value 0.931

Q+ parameters
slope: 0.144 semiSat: 0.670 beta: 0.969 sigma: 0.114 
maxBOLD estimate = 1.510


Trial 19: random Stimulus Selection
Stimulus: 0.257
Output value 0.000

Q+ parameters
slope: 0.183 semiSat: 0.670 beta: 1.125 sigma: 0.114 
maxBOLD estimate = 1.463


Trial 20: baseline Stimulus Selection
Stimulus: 0.010
Output value -0.309

Q+ parameters
slope: 0.144 semiSat: 0.670 beta: 1.031 sigma: 0.114 
maxBOLD estimate = 1.646


Trial 21: random Stimulus Selection
Stimulus: 0.959
Output value 1.910

Q+ parameters
slope: 0.144 semiSat: 0.670 beta: 1.031 sigma: 0.114 
maxBOLD estimate = 1.698


Trial 22: random Stimulus Selection
Stimulus: 0.753
Output value 1.671

Q+ parameters
slope: 0.379 semiSat: 0.560 beta: 0.875 sigma: 0.114 
maxBOLD estimate = 1.751


Trial 23: random Stimulus Selection
Stimulus: 0.423
Output value -0.270

Q+ parameters
slope: 0.379 semiSat: 0.560 beta: 0.969 sigma: 0.114 
maxBOLD estimate = 1.532


Trial 24: random Stimulus Selection
Stimulus: 0.835
Output value 1.821

Q+ parameters
slope: 0.183 semiSat: 0.670 beta: 1.125 sigma: 0.114 
maxBOLD estimate = 1.484


Trial 25: maxBOLD Stimulus Selection
Stimulus: 1.000
Output value 1.594

Q+ parameters
slope: 0.379 semiSat: 0.560 beta: 0.875 sigma: 0.114 
maxBOLD estimate = 1.669


Trial 26: random Stimulus Selection
Stimulus: 0.588
Output value 1.270

Q+ parameters
slope: 0.379 semiSat: 0.560 beta: 1.062 sigma: 0.114 
maxBOLD estimate = 1.461


Trial 27: random Stimulus Selection
Stimulus: 0.505
Output value 2.116

Q+ parameters
slope: 0.234 semiSat: 0.560 beta: 1.500 sigma: 0.166 
maxBOLD estimate = 1.552


Trial 28: random Stimulus Selection
Stimulus: 0.753
Output value 0.952

Q+ parameters
slope: 0.113 semiSat: 0.560 beta: 0.750 sigma: 0.114 
maxBOLD estimate = 2.328


Trial 29: random Stimulus Selection
Stimulus: 0.051
Output value 0.278

Q+ parameters
slope: 0.183 semiSat: 0.560 beta: 0.875 sigma: 0.114 
maxBOLD estimate = 1.746


Trial 30: baseline Stimulus Selection
Stimulus: 0.010
Output value 0.417

Q+ parameters
slope: 0.298 semiSat: 0.560 beta: 1.500 sigma: 0.166 
maxBOLD estimate = 1.528


Trial 31: random Stimulus Selection
Stimulus: 0.423
Output value 0.469

Q+ parameters
slope: 0.113 semiSat: 0.560 beta: 0.750 sigma: 0.114 
maxBOLD estimate = 2.292


Trial 32: random Stimulus Selection
Stimulus: 0.051
Output value 0.410

Q+ parameters
slope: 0.183 semiSat: 0.560 beta: 0.875 sigma: 0.114 
maxBOLD estimate = 1.719


Trial 33: random Stimulus Selection
Stimulus: 0.918
Output value 2.461

Q+ parameters
slope: 0.234 semiSat: 0.560 beta: 1.500 sigma: 0.166 
maxBOLD estimate = 1.504


Trial 34: random Stimulus Selection
Stimulus: 0.918
Output value 1.384

Q+ parameters
slope: 0.113 semiSat: 0.560 beta: 0.750 sigma: 0.114 
maxBOLD estimate = 2.256


Trial 35: maxBOLD Stimulus Selection
Stimulus: 1.000
Output value 1.346

Q+ parameters
slope: 0.183 semiSat: 0.560 beta: 0.875 sigma: 0.114 
maxBOLD estimate = 1.692


Trial 36: random Stimulus Selection
Stimulus: 0.051
Output value 0.606

Q+ parameters
slope: 0.234 semiSat: 0.560 beta: 1.500 sigma: 0.166 
maxBOLD estimate = 1.480


Trial 37: random Stimulus Selection
Stimulus: 0.835
Output value 1.514

Q+ parameters
slope: 0.113 semiSat: 0.560 beta: 0.750 sigma: 0.114 
maxBOLD estimate = 2.221


Trial 38: random Stimulus Selection
Stimulus: 0.546
Output value 1.136

Q+ parameters
slope: 0.183 semiSat: 0.560 beta: 0.938 sigma: 0.114 
maxBOLD estimate = 1.665


Trial 39: random Stimulus Selection
Stimulus: 0.546
Output value 0.275

Q+ parameters
slope: 0.183 semiSat: 0.560 beta: 0.969 sigma: 0.114 
maxBOLD estimate = 1.561


Trial 40: baseline Stimulus Selection
Stimulus: 0.010
Output value 0.400

Q+ parameters
slope: 0.183 semiSat: 0.560 beta: 0.969 sigma: 0.114 
maxBOLD estimate = 1.513


Trial 41: random Stimulus Selection
Stimulus: 0.340
Output value 0.167

Q+ parameters
slope: 0.234 semiSat: 0.560 beta: 1.250 sigma: 0.114 
maxBOLD estimate = 1.465


Trial 42: random Stimulus Selection
Stimulus: 0.546
Output value 0.999

Q+ parameters
slope: 0.183 semiSat: 0.560 beta: 0.750 sigma: 0.114 
maxBOLD estimate = 1.832


Trial 43: random Stimulus Selection
Stimulus: 0.010
Output value 0.187

Q+ parameters
slope: 0.234 semiSat: 0.560 beta: 1.500 sigma: 0.114 
maxBOLD estimate = 1.374


Trial 44: random Stimulus Selection
Stimulus: 0.505
Output value 0.421

Q+ parameters
slope: 0.113 semiSat: 0.560 beta: 0.750 sigma: 0.114 
maxBOLD estimate = 2.061


Trial 45: maxBOLD Stimulus Selection
Stimulus: 1.000
Output value 1.317

Q+ parameters
slope: 0.234 semiSat: 0.560 beta: 0.938 sigma: 0.114 
maxBOLD estimate = 1.545


Trial 46: random Stimulus Selection
Stimulus: 0.464
Output value 0.638

Q+ parameters
slope: 0.183 semiSat: 0.560 beta: 0.969 sigma: 0.114 
maxBOLD estimate = 1.449


Trial 47: random Stimulus Selection
Stimulus: 0.753
Output value 1.754

Q+ parameters
slope: 0.234 semiSat: 0.560 beta: 1.250 sigma: 0.114 
maxBOLD estimate = 1.404


Trial 48: random Stimulus Selection
Stimulus: 0.629
Output value 0.598

Q+ parameters
slope: 0.183 semiSat: 0.560 beta: 0.750 sigma: 0.114 
maxBOLD estimate = 1.754


Trial 49: random Stimulus Selection
Stimulus: 0.753
Output value 1.794

Q+ parameters
slope: 0.234 semiSat: 0.560 beta: 1.250 sigma: 0.114 
maxBOLD estimate = 1.316


Trial 50: baseline Stimulus Selection
Stimulus: 0.010
Output value -0.280

Q+ parameters
slope: 0.183 semiSat: 0.560 beta: 0.938 sigma: 0.114 
maxBOLD estimate = 1.645


Trial 51: random Stimulus Selection
Stimulus: 0.588
Output value 0.789

Q+ parameters
slope: 0.113 semiSat: 0.560 beta: 1.125 sigma: 0.114 
maxBOLD estimate = 1.542


Trial 52: random Stimulus Selection
Stimulus: 0.959
Output value 1.183

Q+ parameters
slope: 0.183 semiSat: 0.560 beta: 0.938 sigma: 0.114 
maxBOLD estimate = 1.735


Trial 53: random Stimulus Selection
Stimulus: 0.010
Output value 0.277

Q+ parameters
slope: 0.183 semiSat: 0.560 beta: 0.938 sigma: 0.114 
maxBOLD estimate = 1.626


Trial 54: random Stimulus Selection
Stimulus: 0.423
Output value 0.403

Q+ parameters
slope: 0.183 semiSat: 0.560 beta: 0.969 sigma: 0.114 
maxBOLD estimate = 1.525


Trial 55: maxBOLD Stimulus Selection
Stimulus: 1.000
Output value 1.712

Q+ parameters
slope: 0.183 semiSat: 0.560 beta: 1.062 sigma: 0.114 
maxBOLD estimate = 1.477


Trial 56: random Stimulus Selection
Stimulus: 0.299
Output value 0.441

Q+ parameters
slope: 0.113 semiSat: 0.560 beta: 1.031 sigma: 0.114 
maxBOLD estimate = 1.569


Trial 57: random Stimulus Selection
Stimulus: 0.216
Output value 0.276

Q+ parameters
slope: 0.183 semiSat: 0.560 beta: 0.938 sigma: 0.114 
maxBOLD estimate = 1.618


Trial 58: random Stimulus Selection
Stimulus: 0.010
Output value 0.401

Q+ parameters
slope: 0.183 semiSat: 0.560 beta: 0.969 sigma: 0.114 
maxBOLD estimate = 1.517


Trial 59: random Stimulus Selection
Stimulus: 0.423
Output value 0.000

Q+ parameters
slope: 0.183 semiSat: 0.560 beta: 1.062 sigma: 0.114 
maxBOLD estimate = 1.470


Trial 60: baseline Stimulus Selection
Stimulus: 0.010
Output value 0.399

Q+ parameters
slope: 0.183 semiSat: 0.560 beta: 0.938 sigma: 0.114 
maxBOLD estimate = 1.562


Trial 61: random Stimulus Selection
Stimulus: 0.629
Output value 1.556

Q+ parameters
slope: 0.183 semiSat: 0.560 beta: 1.062 sigma: 0.114 
maxBOLD estimate = 1.464


Trial 62: random Stimulus Selection
Stimulus: 0.546
Output value 0.685

Q+ parameters
slope: 0.183 semiSat: 0.560 beta: 0.969 sigma: 0.114 
maxBOLD estimate = 1.556


Trial 63: random Stimulus Selection
Stimulus: 0.092
Output value 0.274

Q+ parameters
slope: 0.183 semiSat: 0.560 beta: 1.000 sigma: 0.114 
maxBOLD estimate = 1.507


Trial 64: random Stimulus Selection
Stimulus: 0.876
Output value 1.644

Q+ parameters
slope: 0.183 semiSat: 0.560 beta: 1.000 sigma: 0.114 
maxBOLD estimate = 1.507


Trial 65: maxBOLD Stimulus Selection
Stimulus: 1.000
Output value 1.644

Q+ parameters
slope: 0.183 semiSat: 0.560 beta: 1.000 sigma: 0.114 
maxBOLD estimate = 1.507


Trial 66: random Stimulus Selection
Stimulus: 1.000
Output value 1.644

Q+ parameters
slope: 0.183 semiSat: 0.560 beta: 1.000 sigma: 0.114 
maxBOLD estimate = 1.507


Trial 67: random Stimulus Selection
Stimulus: 0.464
Output value 0.274

Q+ parameters
slope: 0.183 semiSat: 0.560 beta: 1.000 sigma: 0.114 
maxBOLD estimate = 1.507


Trial 68: random Stimulus Selection
Stimulus: 0.381
Output value 0.137

Q+ parameters
slope: 0.183 semiSat: 0.560 beta: 1.000 sigma: 0.114 
maxBOLD estimate = 1.507


Trial 69: random Stimulus Selection
Stimulus: 0.835
Output value 1.747

Q+ parameters
slope: 0.183 semiSat: 0.560 beta: 1.062 sigma: 0.114 
maxBOLD estimate = 1.507


Trial 70: baseline Stimulus Selection
Stimulus: 0.010
Output value 0.141

Q+ parameters
slope: 0.183 semiSat: 0.560 beta: 0.969 sigma: 0.114 
maxBOLD estimate = 1.601


Trial 71: random Stimulus Selection
Stimulus: 0.546
Output value 1.229

Q+ parameters
slope: 0.183 semiSat: 0.560 beta: 0.969 sigma: 0.114 
maxBOLD estimate = 1.551


Trial 72: random Stimulus Selection
Stimulus: 0.051
Output value 0.662

Q+ parameters
slope: 0.183 semiSat: 0.560 beta: 0.969 sigma: 0.114 
maxBOLD estimate = 1.503


Trial 73: random Stimulus Selection
Stimulus: 0.175
Output value 0.281

Q+ parameters
slope: 0.183 semiSat: 0.560 beta: 1.062 sigma: 0.114 
maxBOLD estimate = 1.456


Trial 74: random Stimulus Selection
Stimulus: 0.753
Output value 1.362

Q+ parameters
slope: 0.183 semiSat: 0.560 beta: 0.969 sigma: 0.114 
maxBOLD estimate = 1.547


Trial 75: maxBOLD Stimulus Selection
Stimulus: 1.000
Output value 1.635

Q+ parameters
slope: 0.183 semiSat: 0.560 beta: 1.000 sigma: 0.114 
maxBOLD estimate = 1.498


Trial 76: random Stimulus Selection
Stimulus: 0.670
Output value 1.635

Q+ parameters
slope: 0.183 semiSat: 0.560 beta: 1.000 sigma: 0.114 
maxBOLD estimate = 1.498


Trial 77: random Stimulus Selection
Stimulus: 0.340
Output value 0.000

Q+ parameters
slope: 0.183 semiSat: 0.560 beta: 1.000 sigma: 0.114 
maxBOLD estimate = 1.498


Trial 78: random Stimulus Selection
Stimulus: 0.835
Output value 1.635

Q+ parameters
slope: 0.183 semiSat: 0.560 beta: 1.000 sigma: 0.114 
maxBOLD estimate = 1.498


Trial 79: random Stimulus Selection
Stimulus: 1.000
Output value 1.362

Q+ parameters
slope: 0.183 semiSat: 0.560 beta: 1.000 sigma: 0.114 
maxBOLD estimate = 1.498


Trial 80: baseline Stimulus Selection
Stimulus: 0.010
Output value -0.136

Q+ parameters
slope: 0.183 semiSat: 0.560 beta: 1.000 sigma: 0.114 
maxBOLD estimate = 1.498


Trial 81: random Stimulus Selection
Stimulus: 0.423
Output value 0.272

Q+ parameters
slope: 0.183 semiSat: 0.560 beta: 1.000 sigma: 0.114 
maxBOLD estimate = 1.498


Trial 82: random Stimulus Selection
Stimulus: 0.835
Output value 1.635

Q+ parameters
slope: 0.183 semiSat: 0.560 beta: 1.000 sigma: 0.114 
maxBOLD estimate = 1.498


Trial 83: random Stimulus Selection
Stimulus: 0.299
Output value 0.000

Q+ parameters
slope: 0.183 semiSat: 0.560 beta: 1.000 sigma: 0.114 
maxBOLD estimate = 1.498


Trial 84: random Stimulus Selection
Stimulus: 0.505
Output value 0.136

Q+ parameters
slope: 0.183 semiSat: 0.560 beta: 1.000 sigma: 0.114 
maxBOLD estimate = 1.498


Trial 85: maxBOLD Stimulus Selection
Stimulus: 1.000
Output value 1.635

Q+ parameters
slope: 0.183 semiSat: 0.560 beta: 1.000 sigma: 0.114 
maxBOLD estimate = 1.498


Trial 86: random Stimulus Selection
Stimulus: 0.711
Output value 1.545

Q+ parameters
slope: 0.183 semiSat: 0.560 beta: 1.031 sigma: 0.114 
maxBOLD estimate = 1.498


Trial 87: random Stimulus Selection
Stimulus: 0.753
Output value 1.361

Q+ parameters
slope: 0.183 semiSat: 0.560 beta: 0.969 sigma: 0.114 
maxBOLD estimate = 1.545


Trial 88: random Stimulus Selection
Stimulus: 0.711
Output value 1.403

Q+ parameters
slope: 0.183 semiSat: 0.560 beta: 1.031 sigma: 0.114 
maxBOLD estimate = 1.497


Trial 89: random Stimulus Selection
Stimulus: 0.051
Output value 0.816

Q+ parameters
slope: 0.183 semiSat: 0.560 beta: 0.969 sigma: 0.114 
maxBOLD estimate = 1.544


Trial 90: baseline Stimulus Selection
Stimulus: 0.010
Output value 0.140

Q+ parameters
slope: 0.183 semiSat: 0.560 beta: 1.031 sigma: 0.114 
maxBOLD estimate = 1.495


Trial 91: random Stimulus Selection
Stimulus: 1.000
Output value 1.157

Q+ parameters
slope: 0.183 semiSat: 0.560 beta: 1.031 sigma: 0.114 
maxBOLD estimate = 1.542


Trial 92: random Stimulus Selection
Stimulus: 0.588
Output value 1.541

Q+ parameters
slope: 0.183 semiSat: 0.560 beta: 0.969 sigma: 0.114 
maxBOLD estimate = 1.590


Trial 93: random Stimulus Selection
Stimulus: 0.505
Output value 0.000

Q+ parameters
slope: 0.183 semiSat: 0.560 beta: 1.031 sigma: 0.114 
maxBOLD estimate = 1.541


Trial 94: random Stimulus Selection
Stimulus: 0.711
Output value 1.679

Q+ parameters
slope: 0.183 semiSat: 0.560 beta: 0.969 sigma: 0.114 
maxBOLD estimate = 1.589


Trial 95: maxBOLD Stimulus Selection
Stimulus: 1.000
Output value 1.587

Q+ parameters
slope: 0.183 semiSat: 0.560 beta: 1.031 sigma: 0.114 
maxBOLD estimate = 1.539


Trial 96: random Stimulus Selection
Stimulus: 0.876
Output value 1.398

Q+ parameters
slope: 0.183 semiSat: 0.560 beta: 0.969 sigma: 0.114 
maxBOLD estimate = 1.587


Trial 97: random Stimulus Selection
Stimulus: 0.835
Output value 1.730

Q+ parameters
slope: 0.183 semiSat: 0.560 beta: 1.031 sigma: 0.114 
maxBOLD estimate = 1.538


Trial 98: random Stimulus Selection
Stimulus: 0.588
Output value 0.978

Q+ parameters
slope: 0.183 semiSat: 0.560 beta: 0.969 sigma: 0.114 
maxBOLD estimate = 1.586


Trial 99: random Stimulus Selection
Stimulus: 0.175
Output value 0.720

Q+ parameters
slope: 0.183 semiSat: 0.560 beta: 1.031 sigma: 0.114 
maxBOLD estimate = 1.536


Trial 100: baseline Stimulus Selection
Stimulus: 0.010
Output value -0.297

Q+ parameters
slope: 0.183 semiSat: 0.560 beta: 1.031 sigma: 0.114 
maxBOLD estimate = 1.584

--------------------------------------------------------------
FINAL VALUES
--------------------------------------------------------------
Simulated parameters:              slope: 0.200 semiSat: 0.570 beta: 1.000 sigma: 0.100 
Max posterior QUEST+ parameters:   slope: 0.183 semiSat: 0.560 beta: 0.969 sigma: 0.114 
Max BADS parameters:               slope: 0.203 semiSat: 0.553 beta: 1.000 sigma: 0.127 
maxBOLD estimate: 1.611
