/blue/stevenweisberg/stevenweisberg/MATLAB/projects/Weisberg_Aguirre_2020/scripts/run_sims
c0700a-s3.ufhpc
Wed Apr  7 04:05:48 EDT 2021
mkdir: cannot create directory ‘/blue/stevenweisberg/stevenweisberg/qpfMRIResults/model_parameter_set2/’: File exists
cp: cannot stat ‘/blue/stevenweisberg/stevenweisberg/qpfMRIResults/deploy_sim.sh’: No such file or directory
cp: cannot stat ‘/blue/stevenweisberg/stevenweisberg/qpfMRIResults/sim_wrapper.sh’: No such file or directory
------------------------------------------
Setting up environment variables
---
LD_LIBRARY_PATH is .:/apps/matlab/mcr/2020b/v99/runtime/glnxa64:/apps/matlab/mcr/2020b/v99/bin/glnxa64:/apps/matlab/mcr/2020b/v99/sys/os/glnxa64:/apps/matlab/mcr/2020b/v99/sys/opengl/lib/glnxa64
Warning: Executing startup failed in matlabrc.
This indicates a potentially serious problem in your MATLAB setup, which should be resolved as soon as possible.  Error detected was:
MATLAB:mpath:PathAlterationNotSupported
Modifying the search path is not supported by MATLAB Compiler. Remove functions that modify the search path from your MATLAB code. To make files visible to your deployed application, add the parent folder to your MATLAB session.
Warning: No stimulus domain specified. Defaulting to values between 0.01 and 1.
> In qpfmriParams (line 182)
In compiledSimulate (line 205)
Stimulus domain added from input.
Parameter slope specified as 0.20000
Parameter semiSat specified as 0.57000
Parameter beta specified as 1.00000
Parameter sigma specified as 0.10000
seed = 99seed = 104seed = 111seed = 111seed = 115seed = 101Initializing Q+. This may take a minute...
Elapsed time is 7.304766 seconds.
Simulated parameters:
slope: 0.200 semiSat: 0.570 beta: 1.000 sigma: 0.100 

Trial 1: baseline Stimulus Selection
Stimulus: 0.010
Output value 0.000

Q+ parameters
slope: 0.026 semiSat: 0.890 beta: 0.500 sigma: 0.010 
maxBOLD estimate = 1.000


Trial 2: maxBOLD Stimulus Selection
Stimulus: 1.000
Output value 1.364

Q+ parameters
slope: 0.055 semiSat: 0.670 beta: 1.250 sigma: 0.010 
maxBOLD estimate = 1.000


Trial 3: baseline Stimulus Selection
Stimulus: 0.010
Output value -0.142

Q+ parameters
slope: 0.055 semiSat: 0.670 beta: 1.250 sigma: 0.062 
maxBOLD estimate = 1.250


Trial 4: maxBOLD Stimulus Selection
Stimulus: 1.000
Output value 1.758

Q+ parameters
slope: 0.055 semiSat: 0.670 beta: 1.125 sigma: 0.010 
maxBOLD estimate = 1.562


Trial 5: baseline Stimulus Selection
Stimulus: 0.010
Output value 0.599

Q+ parameters
slope: 0.043 semiSat: 0.780 beta: 1.250 sigma: 0.114 
maxBOLD estimate = 1.758


Trial 6: maxBOLD Stimulus Selection
Stimulus: 1.000
Output value 1.248

Q+ parameters
slope: 0.034 semiSat: 1.000 beta: 1.250 sigma: 0.114 
maxBOLD estimate = 2.197


Trial 7: random Stimulus Selection
Stimulus: 0.711
Output value 0.624

Q+ parameters
slope: 0.483 semiSat: 0.120 beta: 0.500 sigma: 0.062 
maxBOLD estimate = 2.747


Trial 8: random Stimulus Selection
Stimulus: 0.753
Output value 2.247

Q+ parameters
slope: 0.070 semiSat: 0.560 beta: 1.500 sigma: 0.062 
maxBOLD estimate = 1.373


Trial 9: random Stimulus Selection
Stimulus: 0.257
Output value 0.000

Q+ parameters
slope: 0.144 semiSat: 0.450 beta: 0.750 sigma: 0.062 
maxBOLD estimate = 2.060


Trial 10: baseline Stimulus Selection
Stimulus: 0.010
Output value -0.211

Q+ parameters
slope: 0.070 semiSat: 0.560 beta: 1.500 sigma: 0.062 
maxBOLD estimate = 1.545


Trial 11: random Stimulus Selection
Stimulus: 0.753
Output value 1.264

Q+ parameters
slope: 0.089 semiSat: 0.450 beta: 0.750 sigma: 0.062 
maxBOLD estimate = 2.317


Trial 12: random Stimulus Selection
Stimulus: 0.588
Output value 0.148

Q+ parameters
slope: 0.616 semiSat: 0.670 beta: 0.938 sigma: 0.114 
maxBOLD estimate = 1.738


Trial 13: random Stimulus Selection
Stimulus: 0.051
Output value 0.444

Q+ parameters
slope: 0.234 semiSat: 0.670 beta: 1.500 sigma: 0.114 
maxBOLD estimate = 1.629


Trial 14: random Stimulus Selection
Stimulus: 0.381
Output value -0.333

Q+ parameters
slope: 0.183 semiSat: 0.560 beta: 0.750 sigma: 0.114 
maxBOLD estimate = 2.444


Trial 15: maxBOLD Stimulus Selection
Stimulus: 1.000
Output value 0.750

Q+ parameters
slope: 0.183 semiSat: 0.560 beta: 0.750 sigma: 0.114 
maxBOLD estimate = 1.833


Trial 16: random Stimulus Selection
Stimulus: 0.381
Output value -0.375

Q+ parameters
slope: 0.144 semiSat: 0.670 beta: 1.500 sigma: 0.114 
maxBOLD estimate = 1.375


Trial 17: random Stimulus Selection
Stimulus: 0.753
Output value 0.984

Q+ parameters
slope: 0.183 semiSat: 0.560 beta: 0.750 sigma: 0.114 
maxBOLD estimate = 2.062


Trial 18: random Stimulus Selection
Stimulus: 0.629
Output value 1.186

Q+ parameters
slope: 0.183 semiSat: 0.560 beta: 0.938 sigma: 0.114 
maxBOLD estimate = 1.547


Trial 19: random Stimulus Selection
Stimulus: 0.092
Output value -0.272

Q+ parameters
slope: 0.183 semiSat: 0.560 beta: 1.031 sigma: 0.114 
maxBOLD estimate = 1.450


Trial 20: baseline Stimulus Selection
Stimulus: 0.010
Output value 0.000

Q+ parameters
slope: 0.183 semiSat: 0.560 beta: 1.031 sigma: 0.114 
maxBOLD estimate = 1.495


Trial 21: random Stimulus Selection
Stimulus: 0.051
Output value -0.145

Q+ parameters
slope: 0.183 semiSat: 0.560 beta: 1.031 sigma: 0.114 
maxBOLD estimate = 1.542


Trial 22: random Stimulus Selection
Stimulus: 0.092
Output value 0.136

Q+ parameters
slope: 0.183 semiSat: 0.560 beta: 0.938 sigma: 0.114 
maxBOLD estimate = 1.590


Trial 23: random Stimulus Selection
Stimulus: 0.629
Output value 1.017

Q+ parameters
slope: 0.144 semiSat: 0.670 beta: 1.500 sigma: 0.114 
maxBOLD estimate = 1.491


Trial 24: random Stimulus Selection
Stimulus: 0.051
Output value 0.762

Q+ parameters
slope: 0.183 semiSat: 0.560 beta: 0.750 sigma: 0.114 
maxBOLD estimate = 2.236


Trial 25: maxBOLD Stimulus Selection
Stimulus: 1.000
Output value 1.715

Q+ parameters
slope: 0.183 semiSat: 0.560 beta: 0.938 sigma: 0.114 
maxBOLD estimate = 1.677


Trial 26: random Stimulus Selection
Stimulus: 0.299
Output value 0.147

Q+ parameters
slope: 0.183 semiSat: 0.560 beta: 1.031 sigma: 0.114 
maxBOLD estimate = 1.572


Trial 27: random Stimulus Selection
Stimulus: 0.959
Output value 1.244

Q+ parameters
slope: 0.183 semiSat: 0.560 beta: 0.938 sigma: 0.114 
maxBOLD estimate = 1.622


Trial 28: random Stimulus Selection
Stimulus: 1.000
Output value 0.998

Q+ parameters
slope: 0.183 semiSat: 0.560 beta: 1.031 sigma: 0.114 
maxBOLD estimate = 1.520


Trial 29: random Stimulus Selection
Stimulus: 0.423
Output value 0.147

Q+ parameters
slope: 0.183 semiSat: 0.560 beta: 1.031 sigma: 0.114 
maxBOLD estimate = 1.568


Trial 30: baseline Stimulus Selection
Stimulus: 0.010
Output value 0.413

Q+ parameters
slope: 0.183 semiSat: 0.560 beta: 0.938 sigma: 0.114 
maxBOLD estimate = 1.617


Trial 31: random Stimulus Selection
Stimulus: 1.000
Output value 1.378

Q+ parameters
slope: 0.234 semiSat: 0.560 beta: 1.000 sigma: 0.114 
maxBOLD estimate = 1.516


Trial 32: random Stimulus Selection
Stimulus: 0.257
Output value -0.138

Q+ parameters
slope: 0.234 semiSat: 0.560 beta: 1.000 sigma: 0.114 
maxBOLD estimate = 1.516


Trial 33: random Stimulus Selection
Stimulus: 0.134
Output value -0.413

Q+ parameters
slope: 0.144 semiSat: 0.670 beta: 1.500 sigma: 0.166 
maxBOLD estimate = 1.516


Trial 34: random Stimulus Selection
Stimulus: 0.423
Output value -0.310

Q+ parameters
slope: 0.234 semiSat: 0.560 beta: 0.750 sigma: 0.114 
maxBOLD estimate = 2.273


Trial 35: maxBOLD Stimulus Selection
Stimulus: 1.000
Output value 0.543

Q+ parameters
slope: 0.234 semiSat: 0.560 beta: 0.875 sigma: 0.166 
maxBOLD estimate = 1.705


Trial 36: random Stimulus Selection
Stimulus: 0.134
Output value -0.271

Q+ parameters
slope: 0.234 semiSat: 0.560 beta: 1.000 sigma: 0.114 
maxBOLD estimate = 1.492


Trial 37: random Stimulus Selection
Stimulus: 0.753
Output value 0.678

Q+ parameters
slope: 0.234 semiSat: 0.560 beta: 1.000 sigma: 0.166 
maxBOLD estimate = 1.492


Trial 38: random Stimulus Selection
Stimulus: 0.918
Output value 1.272

Q+ parameters
slope: 0.234 semiSat: 0.560 beta: 0.938 sigma: 0.114 
maxBOLD estimate = 1.492


Trial 39: random Stimulus Selection
Stimulus: 0.670
Output value 1.144

Q+ parameters
slope: 0.144 semiSat: 0.670 beta: 1.500 sigma: 0.166 
maxBOLD estimate = 1.399


Trial 40: baseline Stimulus Selection
Stimulus: 0.010
Output value 0.000

Q+ parameters
slope: 0.183 semiSat: 0.560 beta: 0.750 sigma: 0.114 
maxBOLD estimate = 2.098


Trial 41: random Stimulus Selection
Stimulus: 0.257
Output value -0.286

Q+ parameters
slope: 0.234 semiSat: 0.560 beta: 1.000 sigma: 0.166 
maxBOLD estimate = 1.574


Trial 42: random Stimulus Selection
Stimulus: 0.340
Output value -0.286

Q+ parameters
slope: 0.234 semiSat: 0.560 beta: 1.000 sigma: 0.166 
maxBOLD estimate = 1.574


Trial 43: random Stimulus Selection
Stimulus: 0.134
Output value -0.286

Q+ parameters
slope: 0.234 semiSat: 0.560 beta: 1.000 sigma: 0.166 
maxBOLD estimate = 1.574


Trial 44: random Stimulus Selection
Stimulus: 0.051
Output value -0.250

Q+ parameters
slope: 0.298 semiSat: 0.560 beta: 0.875 sigma: 0.114 
maxBOLD estimate = 1.574


Trial 45: maxBOLD Stimulus Selection
Stimulus: 1.000
Output value 0.188

Q+ parameters
slope: 0.379 semiSat: 0.560 beta: 0.750 sigma: 0.218 
maxBOLD estimate = 1.377


Trial 46: random Stimulus Selection
Stimulus: 0.670
Output value 1.267

Q+ parameters
slope: 0.379 semiSat: 0.560 beta: 1.125 sigma: 0.114 
maxBOLD estimate = 1.033


Trial 47: random Stimulus Selection
Stimulus: 0.753
Output value 0.951

Q+ parameters
slope: 0.379 semiSat: 0.560 beta: 1.125 sigma: 0.166 
maxBOLD estimate = 1.162


Trial 48: random Stimulus Selection
Stimulus: 1.000
Output value 0.936

Q+ parameters
slope: 0.234 semiSat: 0.560 beta: 1.125 sigma: 0.166 
maxBOLD estimate = 1.307


Trial 49: random Stimulus Selection
Stimulus: 0.010
Output value -0.267

Q+ parameters
slope: 0.234 semiSat: 0.560 beta: 1.000 sigma: 0.166 
maxBOLD estimate = 1.470


Trial 50: baseline Stimulus Selection
Stimulus: 0.010
Output value -0.134

Q+ parameters
slope: 0.234 semiSat: 0.560 beta: 1.000 sigma: 0.166 
maxBOLD estimate = 1.470


Trial 51: random Stimulus Selection
Stimulus: 0.629
Output value 1.353

Q+ parameters
slope: 0.234 semiSat: 0.560 beta: 1.125 sigma: 0.166 
maxBOLD estimate = 1.470


Trial 52: random Stimulus Selection
Stimulus: 0.175
Output value -0.263

Q+ parameters
slope: 0.234 semiSat: 0.560 beta: 0.875 sigma: 0.166 
maxBOLD estimate = 1.654


Trial 53: random Stimulus Selection
Stimulus: 0.876
Output value 1.053

Q+ parameters
slope: 0.234 semiSat: 0.560 beta: 1.000 sigma: 0.166 
maxBOLD estimate = 1.447


Trial 54: random Stimulus Selection
Stimulus: 0.505
Output value 0.419

Q+ parameters
slope: 0.183 semiSat: 0.560 beta: 1.062 sigma: 0.166 
maxBOLD estimate = 1.447


Trial 55: maxBOLD Stimulus Selection
Stimulus: 1.000
Output value 1.118

Q+ parameters
slope: 0.234 semiSat: 0.560 beta: 1.000 sigma: 0.166 
maxBOLD estimate = 1.538


Trial 56: random Stimulus Selection
Stimulus: 0.670
Output value 1.118

Q+ parameters
slope: 0.234 semiSat: 0.560 beta: 1.000 sigma: 0.166 
maxBOLD estimate = 1.538


Trial 57: random Stimulus Selection
Stimulus: 0.464
Output value 0.140

Q+ parameters
slope: 0.234 semiSat: 0.560 beta: 1.000 sigma: 0.166 
maxBOLD estimate = 1.538


Trial 58: random Stimulus Selection
Stimulus: 0.051
Output value 0.140

Q+ parameters
slope: 0.234 semiSat: 0.560 beta: 1.000 sigma: 0.166 
maxBOLD estimate = 1.538


Trial 59: random Stimulus Selection
Stimulus: 0.051
Output value -0.140

Q+ parameters
slope: 0.234 semiSat: 0.560 beta: 1.000 sigma: 0.166 
maxBOLD estimate = 1.538


Trial 60: baseline Stimulus Selection
Stimulus: 0.010
Output value 0.367

Q+ parameters
slope: 0.379 semiSat: 0.560 beta: 0.875 sigma: 0.166 
maxBOLD estimate = 1.538


Trial 61: random Stimulus Selection
Stimulus: 0.092
Output value 0.130

Q+ parameters
slope: 0.298 semiSat: 0.560 beta: 1.062 sigma: 0.166 
maxBOLD estimate = 1.346


Trial 62: random Stimulus Selection
Stimulus: 0.092
Output value 0.690

Q+ parameters
slope: 0.298 semiSat: 0.560 beta: 1.062 sigma: 0.166 
maxBOLD estimate = 1.430


Trial 63: random Stimulus Selection
Stimulus: 0.340
Output value 0.414

Q+ parameters
slope: 0.234 semiSat: 0.560 beta: 1.000 sigma: 0.166 
maxBOLD estimate = 1.519


Trial 64: random Stimulus Selection
Stimulus: 0.051
Output value -0.276

Q+ parameters
slope: 0.234 semiSat: 0.560 beta: 1.000 sigma: 0.166 
maxBOLD estimate = 1.519


Trial 65: maxBOLD Stimulus Selection
Stimulus: 1.000
Output value 1.243

Q+ parameters
slope: 0.234 semiSat: 0.560 beta: 1.000 sigma: 0.166 
maxBOLD estimate = 1.519


Trial 66: random Stimulus Selection
Stimulus: 0.381
Output value -0.138

Q+ parameters
slope: 0.234 semiSat: 0.560 beta: 1.000 sigma: 0.166 
maxBOLD estimate = 1.519


Trial 67: random Stimulus Selection
Stimulus: 0.794
Output value 1.087

Q+ parameters
slope: 0.379 semiSat: 0.560 beta: 0.875 sigma: 0.114 
maxBOLD estimate = 1.519


Trial 68: random Stimulus Selection
Stimulus: 0.423
Output value -0.128

Q+ parameters
slope: 0.298 semiSat: 0.560 beta: 1.062 sigma: 0.166 
maxBOLD estimate = 1.329


Trial 69: random Stimulus Selection
Stimulus: 0.010
Output value 0.514

Q+ parameters
slope: 0.234 semiSat: 0.560 beta: 1.000 sigma: 0.166 
maxBOLD estimate = 1.412


Trial 70: baseline Stimulus Selection
Stimulus: 0.010
Output value -0.273

Q+ parameters
slope: 0.298 semiSat: 0.560 beta: 1.062 sigma: 0.166 
maxBOLD estimate = 1.412


Trial 71: random Stimulus Selection
Stimulus: 0.794
Output value 1.091

Q+ parameters
slope: 0.234 semiSat: 0.560 beta: 1.000 sigma: 0.166 
maxBOLD estimate = 1.500


Trial 72: random Stimulus Selection
Stimulus: 0.794
Output value 0.818

Q+ parameters
slope: 0.234 semiSat: 0.560 beta: 1.000 sigma: 0.166 
maxBOLD estimate = 1.500


Trial 73: random Stimulus Selection
Stimulus: 0.670
Output value 1.500

Q+ parameters
slope: 0.234 semiSat: 0.560 beta: 1.000 sigma: 0.114 
maxBOLD estimate = 1.500


Trial 74: random Stimulus Selection
Stimulus: 0.546
Output value 0.396

Q+ parameters
slope: 0.298 semiSat: 0.560 beta: 0.969 sigma: 0.166 
maxBOLD estimate = 1.500


Trial 75: maxBOLD Stimulus Selection
Stimulus: 1.000
Output value 1.685

Q+ parameters
slope: 0.298 semiSat: 0.560 beta: 1.062 sigma: 0.166 
maxBOLD estimate = 1.454


Trial 76: random Stimulus Selection
Stimulus: 0.175
Output value -0.123

Q+ parameters
slope: 0.379 semiSat: 0.560 beta: 0.875 sigma: 0.114 
maxBOLD estimate = 1.544


Trial 77: random Stimulus Selection
Stimulus: 0.257
Output value -0.261

Q+ parameters
slope: 0.298 semiSat: 0.560 beta: 1.062 sigma: 0.166 
maxBOLD estimate = 1.351


Trial 78: random Stimulus Selection
Stimulus: 1.000
Output value 1.664

Q+ parameters
slope: 0.298 semiSat: 0.560 beta: 1.062 sigma: 0.166 
maxBOLD estimate = 1.436


Trial 79: random Stimulus Selection
Stimulus: 0.051
Output value 0.277

Q+ parameters
slope: 0.234 semiSat: 0.560 beta: 1.000 sigma: 0.114 
maxBOLD estimate = 1.526


Trial 80: baseline Stimulus Selection
Stimulus: 0.010
Output value -0.147

Q+ parameters
slope: 0.183 semiSat: 0.560 beta: 1.062 sigma: 0.166 
maxBOLD estimate = 1.526


Trial 81: random Stimulus Selection
Stimulus: 1.000
Output value 1.160

Q+ parameters
slope: 0.379 semiSat: 0.560 beta: 0.875 sigma: 0.114 
maxBOLD estimate = 1.621


Trial 82: random Stimulus Selection
Stimulus: 0.216
Output value -0.274

Q+ parameters
slope: 0.298 semiSat: 0.560 beta: 1.062 sigma: 0.166 
maxBOLD estimate = 1.418


Trial 83: random Stimulus Selection
Stimulus: 1.000
Output value 1.747

Q+ parameters
slope: 0.183 semiSat: 0.560 beta: 1.062 sigma: 0.166 
maxBOLD estimate = 1.507


Trial 84: random Stimulus Selection
Stimulus: 0.588
Output value 1.019

Q+ parameters
slope: 0.379 semiSat: 0.560 beta: 0.875 sigma: 0.114 
maxBOLD estimate = 1.601


Trial 85: maxBOLD Stimulus Selection
Stimulus: 1.000
Output value 0.947

Q+ parameters
slope: 0.298 semiSat: 0.560 beta: 1.062 sigma: 0.166 
maxBOLD estimate = 1.401


Trial 86: random Stimulus Selection
Stimulus: 0.753
Output value 1.180

Q+ parameters
slope: 0.183 semiSat: 0.560 beta: 0.969 sigma: 0.114 
maxBOLD estimate = 1.489


Trial 87: random Stimulus Selection
Stimulus: 0.340
Output value -0.279

Q+ parameters
slope: 0.298 semiSat: 0.560 beta: 1.062 sigma: 0.166 
maxBOLD estimate = 1.442


Trial 88: random Stimulus Selection
Stimulus: 0.876
Output value 1.463

Q+ parameters
slope: 0.379 semiSat: 0.560 beta: 0.875 sigma: 0.114 
maxBOLD estimate = 1.532


Trial 89: random Stimulus Selection
Stimulus: 0.092
Output value -0.259

Q+ parameters
slope: 0.298 semiSat: 0.560 beta: 1.062 sigma: 0.166 
maxBOLD estimate = 1.341


Trial 90: baseline Stimulus Selection
Stimulus: 0.010
Output value -0.138

Q+ parameters
slope: 0.298 semiSat: 0.560 beta: 1.062 sigma: 0.166 
maxBOLD estimate = 1.424


Trial 91: random Stimulus Selection
Stimulus: 0.299
Output value -0.292

Q+ parameters
slope: 0.183 semiSat: 0.560 beta: 1.062 sigma: 0.166 
maxBOLD estimate = 1.513


Trial 92: random Stimulus Selection
Stimulus: 0.340
Output value -0.256

Q+ parameters
slope: 0.298 semiSat: 0.560 beta: 0.875 sigma: 0.114 
maxBOLD estimate = 1.608


Trial 93: random Stimulus Selection
Stimulus: 0.835
Output value 1.223

Q+ parameters
slope: 0.298 semiSat: 0.560 beta: 1.062 sigma: 0.166 
maxBOLD estimate = 1.407


Trial 94: random Stimulus Selection
Stimulus: 0.216
Output value -0.289

Q+ parameters
slope: 0.183 semiSat: 0.560 beta: 1.062 sigma: 0.166 
maxBOLD estimate = 1.495


Trial 95: maxBOLD Stimulus Selection
Stimulus: 1.000
Output value 1.516

Q+ parameters
slope: 0.298 semiSat: 0.560 beta: 0.875 sigma: 0.114 
maxBOLD estimate = 1.588


Trial 96: random Stimulus Selection
Stimulus: 0.092
Output value 0.134

Q+ parameters
slope: 0.298 semiSat: 0.560 beta: 1.062 sigma: 0.166 
maxBOLD estimate = 1.390


Trial 97: random Stimulus Selection
Stimulus: 0.175
Output value 0.571

Q+ parameters
slope: 0.298 semiSat: 0.560 beta: 1.062 sigma: 0.166 
maxBOLD estimate = 1.477


Trial 98: random Stimulus Selection
Stimulus: 0.299
Output value 0.428

Q+ parameters
slope: 0.234 semiSat: 0.560 beta: 1.000 sigma: 0.166 
maxBOLD estimate = 1.569


Trial 99: random Stimulus Selection
Stimulus: 0.546
Output value 0.138

Q+ parameters
slope: 0.298 semiSat: 0.560 beta: 0.969 sigma: 0.166 
maxBOLD estimate = 1.569


Trial 100: baseline Stimulus Selection
Stimulus: 0.010
Output value 0.276

Q+ parameters
slope: 0.234 semiSat: 0.560 beta: 1.000 sigma: 0.114 
maxBOLD estimate = 1.520

--------------------------------------------------------------
FINAL VALUES
--------------------------------------------------------------
Simulated parameters:              slope: 0.200 semiSat: 0.570 beta: 1.000 sigma: 0.100 
Max posterior QUEST+ parameters:   slope: 0.183 semiSat: 0.560 beta: 0.969 sigma: 0.114 
Max BADS parameters:               slope: 0.228 semiSat: 0.562 beta: 1.000 sigma: 0.135 
maxBOLD estimate: 1.505
