/blue/stevenweisberg/stevenweisberg/MATLAB/projects/Weisberg_Aguirre_2020/scripts/run_sims
c26a-s22.ufhpc
Fri Nov 13 23:39:07 EST 2020
mkdir: cannot create directory ‘/blue/stevenweisberg/stevenweisberg/qpfMRIResults/model_parameter_set1/’: File exists
cp: cannot stat ‘/blue/stevenweisberg/stevenweisberg/qpfMRIResults/deploy_sim.sh’: No such file or directory
cp: cannot stat ‘/blue/stevenweisberg/stevenweisberg/qpfMRIResults/sim_wrapper.sh’: No such file or directory
------------------------------------------
Setting up environment variables
---
LD_LIBRARY_PATH is .:/apps/matlab/mcr/2020b/v99/runtime/glnxa64:/apps/matlab/mcr/2020b/v99/bin/glnxa64:/apps/matlab/mcr/2020b/v99/sys/os/glnxa64:/apps/matlab/mcr/2020b/v99/sys/opengl/lib/glnxa64
Warning: Executing startup failed in matlabrc.
This indicates a potentially serious problem in your MATLAB setup, which should be resolved as soon as possible.  Error detected was:
MATLAB:mpath:PathAlterationNotSupported
Modifying the search path is not supported by MATLAB Compiler. Remove functions that modify the search path from your MATLAB code. To make files visible to your deployed application, add the parent folder to your MATLAB session.
Warning: No stimulus domain specified. Defaulting to values between 0.01 and 1.
> In qpfmriParams (line 182)
In compiledSimulate (line 205)
Stimulus domain added from input.
Parameter slope specified as 0.41000
Parameter semiSat specified as 0.57000
Parameter beta specified as 1.00000
Parameter sigma specified as 0.25000
seed = 99seed = 104seed = 111seed = 111seed = 115seed = 101Initializing Q+. This may take a minute...
Elapsed time is 9.565983 seconds.
Simulated parameters:
slope: 0.410 semiSat: 0.570 beta: 1.000 sigma: 0.250 

Trial 1: baseline Stimulus Selection
Stimulus: 0.010
Output value 0.000

Q+ parameters
slope: 0.026 semiSat: 0.890 beta: 0.500 sigma: 0.010 
maxBOLD estimate = 1.000


Trial 2: maxBOLD Stimulus Selection
Stimulus: 1.000
Output value 1.364

Q+ parameters
slope: 0.055 semiSat: 0.670 beta: 1.250 sigma: 0.010 
maxBOLD estimate = 1.000


Trial 3: baseline Stimulus Selection
Stimulus: 0.010
Output value -0.284

Q+ parameters
slope: 0.055 semiSat: 0.670 beta: 1.250 sigma: 0.218 
maxBOLD estimate = 1.250


Trial 4: maxBOLD Stimulus Selection
Stimulus: 1.000
Output value 1.918

Q+ parameters
slope: 0.055 semiSat: 0.670 beta: 1.125 sigma: 0.062 
maxBOLD estimate = 1.562


Trial 5: baseline Stimulus Selection
Stimulus: 0.010
Output value -0.400

Q+ parameters
slope: 0.055 semiSat: 0.670 beta: 1.250 sigma: 0.166 
maxBOLD estimate = 1.758


Trial 6: maxBOLD Stimulus Selection
Stimulus: 1.000
Output value 1.348

Q+ parameters
slope: 0.026 semiSat: 0.780 beta: 1.125 sigma: 0.114 
maxBOLD estimate = 2.197


Trial 7: random Stimulus Selection
Stimulus: 0.505
Output value 0.281

Q+ parameters
slope: 0.043 semiSat: 1.000 beta: 1.250 sigma: 0.114 
maxBOLD estimate = 2.472


Trial 8: random Stimulus Selection
Stimulus: 0.092
Output value -0.281

Q+ parameters
slope: 0.043 semiSat: 1.000 beta: 1.000 sigma: 0.114 
maxBOLD estimate = 3.090


Trial 9: random Stimulus Selection
Stimulus: 0.340
Output value 0.562

Q+ parameters
slope: 0.043 semiSat: 1.000 beta: 1.000 sigma: 0.114 
maxBOLD estimate = 3.090


Trial 10: baseline Stimulus Selection
Stimulus: 0.010
Output value -0.527

Q+ parameters
slope: 0.055 semiSat: 0.890 beta: 0.938 sigma: 0.114 
maxBOLD estimate = 3.090


Trial 11: random Stimulus Selection
Stimulus: 0.505
Output value 0.494

Q+ parameters
slope: 0.055 semiSat: 0.890 beta: 0.938 sigma: 0.114 
maxBOLD estimate = 2.897


Trial 12: random Stimulus Selection
Stimulus: 1.000
Output value 1.296

Q+ parameters
slope: 0.144 semiSat: 0.560 beta: 0.750 sigma: 0.114 
maxBOLD estimate = 2.716


Trial 13: random Stimulus Selection
Stimulus: 0.711
Output value 1.296

Q+ parameters
slope: 0.144 semiSat: 0.560 beta: 0.875 sigma: 0.166 
maxBOLD estimate = 2.037


Trial 14: random Stimulus Selection
Stimulus: 0.010
Output value 0.243

Q+ parameters
slope: 0.055 semiSat: 0.780 beta: 1.500 sigma: 0.166 
maxBOLD estimate = 1.782


Trial 15: maxBOLD Stimulus Selection
Stimulus: 1.000
Output value 2.187

Q+ parameters
slope: 0.089 semiSat: 0.670 beta: 0.750 sigma: 0.166 
maxBOLD estimate = 2.673


Trial 16: random Stimulus Selection
Stimulus: 0.835
Output value 1.640

Q+ parameters
slope: 0.043 semiSat: 0.890 beta: 1.500 sigma: 0.166 
maxBOLD estimate = 2.005


Trial 17: random Stimulus Selection
Stimulus: 1.000
Output value 0.718

Q+ parameters
slope: 0.055 semiSat: 0.890 beta: 0.875 sigma: 0.114 
maxBOLD estimate = 3.007


Trial 18: random Stimulus Selection
Stimulus: 0.588
Output value 0.179

Q+ parameters
slope: 0.089 semiSat: 0.780 beta: 0.750 sigma: 0.114 
maxBOLD estimate = 2.632


Trial 19: random Stimulus Selection
Stimulus: 0.794
Output value 1.217

Q+ parameters
slope: 0.070 semiSat: 0.670 beta: 0.969 sigma: 0.166 
maxBOLD estimate = 1.974


Trial 20: baseline Stimulus Selection
Stimulus: 0.010
Output value -0.217

Q+ parameters
slope: 0.055 semiSat: 0.780 beta: 1.250 sigma: 0.218 
maxBOLD estimate = 1.912


Trial 21: random Stimulus Selection
Stimulus: 0.010
Output value -0.326

Q+ parameters
slope: 0.070 semiSat: 0.560 beta: 0.750 sigma: 0.166 
maxBOLD estimate = 2.390


Trial 22: random Stimulus Selection
Stimulus: 0.918
Output value 2.078

Q+ parameters
slope: 0.144 semiSat: 0.560 beta: 1.062 sigma: 0.218 
maxBOLD estimate = 1.792


Trial 23: random Stimulus Selection
Stimulus: 0.216
Output value 0.000

Q+ parameters
slope: 0.144 semiSat: 0.560 beta: 1.062 sigma: 0.218 
maxBOLD estimate = 1.905


Trial 24: random Stimulus Selection
Stimulus: 0.299
Output value -0.391

Q+ parameters
slope: 0.144 semiSat: 0.560 beta: 1.062 sigma: 0.218 
maxBOLD estimate = 2.024


Trial 25: maxBOLD Stimulus Selection
Stimulus: 1.000
Output value 2.932

Q+ parameters
slope: 0.055 semiSat: 0.780 beta: 1.250 sigma: 0.166 
maxBOLD estimate = 2.150


Trial 26: random Stimulus Selection
Stimulus: 0.092
Output value 0.710

Q+ parameters
slope: 0.043 semiSat: 0.780 beta: 0.969 sigma: 0.114 
maxBOLD estimate = 2.688


Trial 27: random Stimulus Selection
Stimulus: 0.711
Output value 1.376

Q+ parameters
slope: 0.043 semiSat: 0.780 beta: 0.969 sigma: 0.166 
maxBOLD estimate = 2.604


Trial 28: random Stimulus Selection
Stimulus: 0.918
Output value 2.064

Q+ parameters
slope: 0.144 semiSat: 0.560 beta: 0.750 sigma: 0.166 
maxBOLD estimate = 2.522


Trial 29: random Stimulus Selection
Stimulus: 1.000
Output value 2.579

Q+ parameters
slope: 0.234 semiSat: 0.560 beta: 1.500 sigma: 0.218 
maxBOLD estimate = 1.892


Trial 30: baseline Stimulus Selection
Stimulus: 0.010
Output value 0.387

Q+ parameters
slope: 0.070 semiSat: 0.560 beta: 0.750 sigma: 0.166 
maxBOLD estimate = 2.837

--------------------------------------------------------------
FINAL VALUES
--------------------------------------------------------------
Simulated parameters:              slope: 0.410 semiSat: 0.570 beta: 1.000 sigma: 0.250 
Max posterior QUEST+ parameters:   slope: 0.144 semiSat: 0.560 beta: 1.062 sigma: 0.218 
Max BADS parameters:               slope: 0.182 semiSat: 0.545 beta: 1.000 sigma: 0.219 
maxBOLD estimate: 2.105
