/blue/stevenweisberg/stevenweisberg/MATLAB/projects/Weisberg_Aguirre_2020/scripts/run_sims
c0700a-s2.ufhpc
Tue Apr  6 20:26:58 EDT 2021
mkdir: cannot create directory ‘/blue/stevenweisberg/stevenweisberg/qpfMRIResults/model_parameter_set2/’: File exists
cp: cannot stat ‘/blue/stevenweisberg/stevenweisberg/qpfMRIResults/deploy_sim.sh’: No such file or directory
cp: cannot stat ‘/blue/stevenweisberg/stevenweisberg/qpfMRIResults/sim_wrapper.sh’: No such file or directory
------------------------------------------
Setting up environment variables
---
LD_LIBRARY_PATH is .:/apps/matlab/mcr/2020b/v99/runtime/glnxa64:/apps/matlab/mcr/2020b/v99/bin/glnxa64:/apps/matlab/mcr/2020b/v99/sys/os/glnxa64:/apps/matlab/mcr/2020b/v99/sys/opengl/lib/glnxa64
Warning: Executing startup failed in matlabrc.
This indicates a potentially serious problem in your MATLAB setup, which should be resolved as soon as possible.  Error detected was:
MATLAB:mpath:PathAlterationNotSupported
Modifying the search path is not supported by MATLAB Compiler. Remove functions that modify the search path from your MATLAB code. To make files visible to your deployed application, add the parent folder to your MATLAB session.
Warning: No stimulus domain specified. Defaulting to values between 0.01 and 1.
> In qpfmriParams (line 182)
In compiledSimulate (line 205)
Stimulus domain added from input.
Parameter slope specified as 0.20000
Parameter semiSat specified as 0.57000
Parameter beta specified as 1.00000
Parameter sigma specified as 0.05000
seed = 99seed = 104seed = 111seed = 111seed = 115seed = 101Initializing Q+. This may take a minute...
Elapsed time is 6.994281 seconds.
Simulated parameters:
slope: 0.200 semiSat: 0.570 beta: 1.000 sigma: 0.050 

Trial 1: baseline Stimulus Selection
Stimulus: 0.010
Output value 0.000

Q+ parameters
slope: 0.026 semiSat: 0.890 beta: 0.500 sigma: 0.010 
maxBOLD estimate = 1.000


Trial 2: maxBOLD Stimulus Selection
Stimulus: 1.000
Output value 1.364

Q+ parameters
slope: 0.055 semiSat: 0.670 beta: 1.250 sigma: 0.010 
maxBOLD estimate = 1.000


Trial 3: baseline Stimulus Selection
Stimulus: 0.010
Output value -0.284

Q+ parameters
slope: 0.055 semiSat: 0.670 beta: 1.250 sigma: 0.114 
maxBOLD estimate = 1.250


Trial 4: maxBOLD Stimulus Selection
Stimulus: 1.000
Output value 1.758

Q+ parameters
slope: 0.055 semiSat: 0.670 beta: 1.125 sigma: 0.062 
maxBOLD estimate = 1.562


Trial 5: baseline Stimulus Selection
Stimulus: 0.010
Output value 0.000

Q+ parameters
slope: 0.043 semiSat: 0.780 beta: 1.250 sigma: 0.062 
maxBOLD estimate = 1.758


Trial 6: maxBOLD Stimulus Selection
Stimulus: 1.000
Output value 1.742

Q+ parameters
slope: 0.043 semiSat: 0.780 beta: 0.969 sigma: 0.062 
maxBOLD estimate = 2.197


Trial 7: qplus Stimulus Selection
Stimulus: 0.629
Output value 0.871

Q+ parameters
slope: 0.070 semiSat: 0.450 beta: 0.750 sigma: 0.062 
maxBOLD estimate = 2.129


Trial 8: qplus Stimulus Selection
Stimulus: 0.464
Output value 0.281

Q+ parameters
slope: 0.144 semiSat: 0.560 beta: 0.969 sigma: 0.062 
maxBOLD estimate = 1.596


Trial 9: qplus Stimulus Selection
Stimulus: 0.505
Output value 0.725

Q+ parameters
slope: 0.144 semiSat: 0.560 beta: 1.031 sigma: 0.062 
maxBOLD estimate = 1.547


Trial 10: baseline Stimulus Selection
Stimulus: 0.010
Output value 0.150

Q+ parameters
slope: 0.144 semiSat: 0.560 beta: 1.031 sigma: 0.062 
maxBOLD estimate = 1.595


Trial 11: qplus Stimulus Selection
Stimulus: 0.629
Output value 1.495

Q+ parameters
slope: 0.183 semiSat: 0.560 beta: 1.000 sigma: 0.062 
maxBOLD estimate = 1.645


Trial 12: qplus Stimulus Selection
Stimulus: 0.505
Output value 0.449

Q+ parameters
slope: 0.183 semiSat: 0.560 beta: 1.000 sigma: 0.062 
maxBOLD estimate = 1.645


Trial 13: qplus Stimulus Selection
Stimulus: 0.505
Output value 0.449

Q+ parameters
slope: 0.183 semiSat: 0.560 beta: 1.000 sigma: 0.062 
maxBOLD estimate = 1.645


Trial 14: qplus Stimulus Selection
Stimulus: 0.629
Output value 1.196

Q+ parameters
slope: 0.183 semiSat: 0.560 beta: 1.000 sigma: 0.062 
maxBOLD estimate = 1.645


Trial 15: maxBOLD Stimulus Selection
Stimulus: 1.000
Output value 1.794

Q+ parameters
slope: 0.183 semiSat: 0.560 beta: 1.000 sigma: 0.062 
maxBOLD estimate = 1.645


Trial 16: qplus Stimulus Selection
Stimulus: 0.670
Output value 1.388

Q+ parameters
slope: 0.144 semiSat: 0.560 beta: 1.031 sigma: 0.062 
maxBOLD estimate = 1.645


Trial 17: qplus Stimulus Selection
Stimulus: 0.381
Output value 0.434

Q+ parameters
slope: 0.144 semiSat: 0.560 beta: 0.938 sigma: 0.062 
maxBOLD estimate = 1.696


Trial 18: qplus Stimulus Selection
Stimulus: 0.423
Output value 0.149

Q+ parameters
slope: 0.144 semiSat: 0.560 beta: 1.031 sigma: 0.062 
maxBOLD estimate = 1.590


Trial 19: qplus Stimulus Selection
Stimulus: 0.505
Output value 0.447

Q+ parameters
slope: 0.183 semiSat: 0.560 beta: 1.000 sigma: 0.062 
maxBOLD estimate = 1.640


Trial 20: baseline Stimulus Selection
Stimulus: 0.010
Output value 0.140

Q+ parameters
slope: 0.144 semiSat: 0.560 beta: 0.938 sigma: 0.062 
maxBOLD estimate = 1.640


Trial 21: qplus Stimulus Selection
Stimulus: 0.711
Output value 1.729

Q+ parameters
slope: 0.144 semiSat: 0.560 beta: 1.125 sigma: 0.062 
maxBOLD estimate = 1.537


Trial 22: qplus Stimulus Selection
Stimulus: 0.546
Output value 0.590

Q+ parameters
slope: 0.183 semiSat: 0.560 beta: 0.938 sigma: 0.062 
maxBOLD estimate = 1.729


Trial 23: qplus Stimulus Selection
Stimulus: 0.711
Output value 1.368

Q+ parameters
slope: 0.144 semiSat: 0.560 beta: 1.031 sigma: 0.062 
maxBOLD estimate = 1.621


Trial 24: qplus Stimulus Selection
Stimulus: 0.505
Output value 0.285

Q+ parameters
slope: 0.144 semiSat: 0.560 beta: 0.938 sigma: 0.062 
maxBOLD estimate = 1.672


Trial 25: maxBOLD Stimulus Selection
Stimulus: 1.000
Output value 1.470

Q+ parameters
slope: 0.183 semiSat: 0.560 beta: 1.031 sigma: 0.062 
maxBOLD estimate = 1.568


Trial 26: qplus Stimulus Selection
Stimulus: 0.629
Output value 0.689

Q+ parameters
slope: 0.183 semiSat: 0.560 beta: 0.938 sigma: 0.062 
maxBOLD estimate = 1.617


Trial 27: qplus Stimulus Selection
Stimulus: 0.381
Output value -0.284

Q+ parameters
slope: 0.183 semiSat: 0.560 beta: 1.031 sigma: 0.062 
maxBOLD estimate = 1.516


Trial 28: qplus Stimulus Selection
Stimulus: 0.629
Output value 1.066

Q+ parameters
slope: 0.183 semiSat: 0.560 beta: 0.938 sigma: 0.062 
maxBOLD estimate = 1.563


Trial 29: qplus Stimulus Selection
Stimulus: 0.588
Output value 0.824

Q+ parameters
slope: 0.183 semiSat: 0.560 beta: 1.031 sigma: 0.062 
maxBOLD estimate = 1.465


Trial 30: baseline Stimulus Selection
Stimulus: 0.010
Output value 0.142

Q+ parameters
slope: 0.183 semiSat: 0.560 beta: 1.031 sigma: 0.062 
maxBOLD estimate = 1.511


Trial 31: qplus Stimulus Selection
Stimulus: 0.711
Output value 1.235

Q+ parameters
slope: 0.183 semiSat: 0.560 beta: 0.969 sigma: 0.062 
maxBOLD estimate = 1.558


Trial 32: qplus Stimulus Selection
Stimulus: 0.588
Output value 0.849

Q+ parameters
slope: 0.183 semiSat: 0.560 beta: 1.031 sigma: 0.062 
maxBOLD estimate = 1.510


Trial 33: qplus Stimulus Selection
Stimulus: 0.711
Output value 1.327

Q+ parameters
slope: 0.183 semiSat: 0.560 beta: 0.938 sigma: 0.062 
maxBOLD estimate = 1.557


Trial 34: qplus Stimulus Selection
Stimulus: 0.588
Output value 0.958

Q+ parameters
slope: 0.183 semiSat: 0.560 beta: 1.031 sigma: 0.062 
maxBOLD estimate = 1.459


Trial 35: maxBOLD Stimulus Selection
Stimulus: 1.000
Output value 1.411

Q+ parameters
slope: 0.183 semiSat: 0.560 beta: 1.031 sigma: 0.062 
maxBOLD estimate = 1.505


Trial 36: qplus Stimulus Selection
Stimulus: 0.711
Output value 1.190

Q+ parameters
slope: 0.183 semiSat: 0.560 beta: 0.938 sigma: 0.062 
maxBOLD estimate = 1.552


Trial 37: qplus Stimulus Selection
Stimulus: 0.588
Output value 1.323

Q+ parameters
slope: 0.183 semiSat: 0.560 beta: 1.000 sigma: 0.062 
maxBOLD estimate = 1.455


Trial 38: qplus Stimulus Selection
Stimulus: 0.505
Output value 0.265

Q+ parameters
slope: 0.183 semiSat: 0.560 beta: 1.000 sigma: 0.062 
maxBOLD estimate = 1.455


Trial 39: qplus Stimulus Selection
Stimulus: 0.711
Output value 1.323

Q+ parameters
slope: 0.183 semiSat: 0.560 beta: 1.000 sigma: 0.062 
maxBOLD estimate = 1.455


Trial 40: baseline Stimulus Selection
Stimulus: 0.010
Output value -0.298

Q+ parameters
slope: 0.144 semiSat: 0.560 beta: 1.125 sigma: 0.062 
maxBOLD estimate = 1.455


Trial 41: qplus Stimulus Selection
Stimulus: 0.423
Output value 0.419

Q+ parameters
slope: 0.144 semiSat: 0.560 beta: 0.938 sigma: 0.062 
maxBOLD estimate = 1.637


Trial 42: qplus Stimulus Selection
Stimulus: 0.381
Output value 0.419

Q+ parameters
slope: 0.144 semiSat: 0.560 beta: 1.000 sigma: 0.062 
maxBOLD estimate = 1.535


Trial 43: qplus Stimulus Selection
Stimulus: 0.505
Output value 0.279

Q+ parameters
slope: 0.183 semiSat: 0.560 beta: 1.000 sigma: 0.062 
maxBOLD estimate = 1.535


Trial 44: qplus Stimulus Selection
Stimulus: 0.381
Output value -0.140

Q+ parameters
slope: 0.183 semiSat: 0.560 beta: 1.000 sigma: 0.062 
maxBOLD estimate = 1.535


Trial 45: maxBOLD Stimulus Selection
Stimulus: 1.000
Output value 1.395

Q+ parameters
slope: 0.183 semiSat: 0.560 beta: 1.000 sigma: 0.062 
maxBOLD estimate = 1.535


Trial 46: qplus Stimulus Selection
Stimulus: 0.629
Output value 1.116

Q+ parameters
slope: 0.183 semiSat: 0.560 beta: 1.000 sigma: 0.062 
maxBOLD estimate = 1.535


Trial 47: qplus Stimulus Selection
Stimulus: 0.629
Output value 0.811

Q+ parameters
slope: 0.183 semiSat: 0.560 beta: 0.969 sigma: 0.062 
maxBOLD estimate = 1.535


Trial 48: qplus Stimulus Selection
Stimulus: 0.381
Output value 0.135

Q+ parameters
slope: 0.183 semiSat: 0.560 beta: 1.000 sigma: 0.062 
maxBOLD estimate = 1.487


Trial 49: qplus Stimulus Selection
Stimulus: 0.711
Output value 1.351

Q+ parameters
slope: 0.183 semiSat: 0.560 beta: 1.000 sigma: 0.062 
maxBOLD estimate = 1.487


Trial 50: baseline Stimulus Selection
Stimulus: 0.010
Output value 0.135

Q+ parameters
slope: 0.183 semiSat: 0.560 beta: 1.000 sigma: 0.062 
maxBOLD estimate = 1.487


Trial 51: qplus Stimulus Selection
Stimulus: 0.629
Output value 1.081

Q+ parameters
slope: 0.183 semiSat: 0.560 beta: 1.000 sigma: 0.062 
maxBOLD estimate = 1.487


Trial 52: qplus Stimulus Selection
Stimulus: 0.629
Output value 1.216

Q+ parameters
slope: 0.183 semiSat: 0.560 beta: 1.000 sigma: 0.062 
maxBOLD estimate = 1.487


Trial 53: qplus Stimulus Selection
Stimulus: 0.629
Output value 1.047

Q+ parameters
slope: 0.183 semiSat: 0.560 beta: 0.969 sigma: 0.062 
maxBOLD estimate = 1.487


Trial 54: qplus Stimulus Selection
Stimulus: 0.629
Output value 1.309

Q+ parameters
slope: 0.183 semiSat: 0.560 beta: 1.000 sigma: 0.062 
maxBOLD estimate = 1.440


Trial 55: maxBOLD Stimulus Selection
Stimulus: 1.000
Output value 1.571

Q+ parameters
slope: 0.183 semiSat: 0.560 beta: 1.000 sigma: 0.062 
maxBOLD estimate = 1.440


Trial 56: qplus Stimulus Selection
Stimulus: 0.711
Output value 1.620

Q+ parameters
slope: 0.183 semiSat: 0.560 beta: 1.031 sigma: 0.062 
maxBOLD estimate = 1.440


Trial 57: qplus Stimulus Selection
Stimulus: 0.711
Output value 1.620

Q+ parameters
slope: 0.183 semiSat: 0.560 beta: 1.000 sigma: 0.062 
maxBOLD estimate = 1.485


Trial 58: qplus Stimulus Selection
Stimulus: 0.629
Output value 1.215

Q+ parameters
slope: 0.183 semiSat: 0.560 beta: 1.000 sigma: 0.062 
maxBOLD estimate = 1.485


Trial 59: qplus Stimulus Selection
Stimulus: 0.629
Output value 1.215

Q+ parameters
slope: 0.183 semiSat: 0.560 beta: 1.000 sigma: 0.062 
maxBOLD estimate = 1.485


Trial 60: baseline Stimulus Selection
Stimulus: 0.010
Output value 0.506

Q+ parameters
slope: 0.183 semiSat: 0.560 beta: 0.938 sigma: 0.062 
maxBOLD estimate = 1.485


Trial 61: qplus Stimulus Selection
Stimulus: 0.588
Output value 0.653

Q+ parameters
slope: 0.183 semiSat: 0.560 beta: 1.031 sigma: 0.062 
maxBOLD estimate = 1.392


Trial 62: qplus Stimulus Selection
Stimulus: 0.794
Output value 1.615

Q+ parameters
slope: 0.183 semiSat: 0.560 beta: 1.031 sigma: 0.062 
maxBOLD estimate = 1.436


Trial 63: qplus Stimulus Selection
Stimulus: 0.876
Output value 1.346

Q+ parameters
slope: 0.183 semiSat: 0.560 beta: 1.000 sigma: 0.062 
maxBOLD estimate = 1.481


Trial 64: qplus Stimulus Selection
Stimulus: 0.629
Output value 1.615

Q+ parameters
slope: 0.183 semiSat: 0.560 beta: 1.000 sigma: 0.062 
maxBOLD estimate = 1.481


Trial 65: maxBOLD Stimulus Selection
Stimulus: 1.000
Output value 1.212

Q+ parameters
slope: 0.183 semiSat: 0.560 beta: 1.000 sigma: 0.062 
maxBOLD estimate = 1.481


Trial 66: qplus Stimulus Selection
Stimulus: 0.629
Output value 1.481

Q+ parameters
slope: 0.183 semiSat: 0.560 beta: 1.000 sigma: 0.062 
maxBOLD estimate = 1.481


Trial 67: qplus Stimulus Selection
Stimulus: 0.711
Output value 1.212

Q+ parameters
slope: 0.183 semiSat: 0.560 beta: 1.000 sigma: 0.062 
maxBOLD estimate = 1.481


Trial 68: qplus Stimulus Selection
Stimulus: 0.629
Output value 1.481

Q+ parameters
slope: 0.183 semiSat: 0.560 beta: 1.000 sigma: 0.062 
maxBOLD estimate = 1.481


Trial 69: qplus Stimulus Selection
Stimulus: 0.711
Output value 1.077

Q+ parameters
slope: 0.183 semiSat: 0.560 beta: 1.000 sigma: 0.062 
maxBOLD estimate = 1.481


Trial 70: baseline Stimulus Selection
Stimulus: 0.010
Output value -0.135

Q+ parameters
slope: 0.183 semiSat: 0.560 beta: 1.000 sigma: 0.062 
maxBOLD estimate = 1.481


Trial 71: qplus Stimulus Selection
Stimulus: 0.629
Output value 0.942

Q+ parameters
slope: 0.183 semiSat: 0.560 beta: 1.000 sigma: 0.062 
maxBOLD estimate = 1.481


Trial 72: qplus Stimulus Selection
Stimulus: 0.629
Output value 1.077

Q+ parameters
slope: 0.183 semiSat: 0.560 beta: 1.000 sigma: 0.062 
maxBOLD estimate = 1.481


Trial 73: qplus Stimulus Selection
Stimulus: 0.629
Output value 1.481

Q+ parameters
slope: 0.183 semiSat: 0.560 beta: 1.000 sigma: 0.062 
maxBOLD estimate = 1.481


Trial 74: qplus Stimulus Selection
Stimulus: 0.629
Output value 1.077

Q+ parameters
slope: 0.183 semiSat: 0.560 beta: 1.000 sigma: 0.062 
maxBOLD estimate = 1.481


Trial 75: maxBOLD Stimulus Selection
Stimulus: 1.000
Output value 1.481

Q+ parameters
slope: 0.183 semiSat: 0.560 beta: 1.000 sigma: 0.062 
maxBOLD estimate = 1.481


Trial 76: qplus Stimulus Selection
Stimulus: 0.629
Output value 1.077

Q+ parameters
slope: 0.183 semiSat: 0.560 beta: 1.000 sigma: 0.062 
maxBOLD estimate = 1.481


Trial 77: qplus Stimulus Selection
Stimulus: 0.629
Output value 1.077

Q+ parameters
slope: 0.183 semiSat: 0.560 beta: 1.000 sigma: 0.062 
maxBOLD estimate = 1.481


Trial 78: qplus Stimulus Selection
Stimulus: 0.629
Output value 0.808

Q+ parameters
slope: 0.183 semiSat: 0.560 beta: 1.000 sigma: 0.062 
maxBOLD estimate = 1.481


Trial 79: qplus Stimulus Selection
Stimulus: 0.629
Output value 1.481

Q+ parameters
slope: 0.183 semiSat: 0.560 beta: 1.000 sigma: 0.062 
maxBOLD estimate = 1.481


Trial 80: baseline Stimulus Selection
Stimulus: 0.010
Output value -0.135

Q+ parameters
slope: 0.183 semiSat: 0.560 beta: 1.000 sigma: 0.062 
maxBOLD estimate = 1.481


Trial 81: qplus Stimulus Selection
Stimulus: 0.711
Output value 1.615

Q+ parameters
slope: 0.183 semiSat: 0.560 beta: 1.000 sigma: 0.062 
maxBOLD estimate = 1.481


Trial 82: qplus Stimulus Selection
Stimulus: 0.711
Output value 1.481

Q+ parameters
slope: 0.183 semiSat: 0.560 beta: 1.000 sigma: 0.062 
maxBOLD estimate = 1.481


Trial 83: qplus Stimulus Selection
Stimulus: 0.711
Output value 1.346

Q+ parameters
slope: 0.183 semiSat: 0.560 beta: 1.000 sigma: 0.062 
maxBOLD estimate = 1.481


Trial 84: qplus Stimulus Selection
Stimulus: 0.629
Output value 1.481

Q+ parameters
slope: 0.183 semiSat: 0.560 beta: 1.000 sigma: 0.062 
maxBOLD estimate = 1.481


Trial 85: maxBOLD Stimulus Selection
Stimulus: 1.000
Output value 1.481

Q+ parameters
slope: 0.183 semiSat: 0.560 beta: 1.000 sigma: 0.062 
maxBOLD estimate = 1.481


Trial 86: qplus Stimulus Selection
Stimulus: 0.711
Output value 1.212

Q+ parameters
slope: 0.183 semiSat: 0.560 beta: 1.000 sigma: 0.062 
maxBOLD estimate = 1.481


Trial 87: qplus Stimulus Selection
Stimulus: 0.711
Output value 1.346

Q+ parameters
slope: 0.183 semiSat: 0.560 beta: 1.000 sigma: 0.062 
maxBOLD estimate = 1.481


Trial 88: qplus Stimulus Selection
Stimulus: 0.711
Output value 1.481

Q+ parameters
slope: 0.183 semiSat: 0.560 beta: 1.000 sigma: 0.062 
maxBOLD estimate = 1.481


Trial 89: qplus Stimulus Selection
Stimulus: 0.711
Output value 1.481

Q+ parameters
slope: 0.183 semiSat: 0.560 beta: 1.000 sigma: 0.062 
maxBOLD estimate = 1.481


Trial 90: baseline Stimulus Selection
Stimulus: 0.010
Output value -0.135

Q+ parameters
slope: 0.183 semiSat: 0.560 beta: 1.000 sigma: 0.062 
maxBOLD estimate = 1.481


Trial 91: qplus Stimulus Selection
Stimulus: 0.711
Output value 1.615

Q+ parameters
slope: 0.183 semiSat: 0.560 beta: 1.000 sigma: 0.062 
maxBOLD estimate = 1.481


Trial 92: qplus Stimulus Selection
Stimulus: 0.711
Output value 1.346

Q+ parameters
slope: 0.183 semiSat: 0.560 beta: 1.000 sigma: 0.062 
maxBOLD estimate = 1.481


Trial 93: qplus Stimulus Selection
Stimulus: 0.711
Output value 1.481

Q+ parameters
slope: 0.183 semiSat: 0.560 beta: 1.000 sigma: 0.062 
maxBOLD estimate = 1.481


Trial 94: qplus Stimulus Selection
Stimulus: 0.505
Output value 0.404

Q+ parameters
slope: 0.183 semiSat: 0.560 beta: 1.000 sigma: 0.062 
maxBOLD estimate = 1.481


Trial 95: maxBOLD Stimulus Selection
Stimulus: 1.000
Output value 1.346

Q+ parameters
slope: 0.183 semiSat: 0.560 beta: 1.000 sigma: 0.062 
maxBOLD estimate = 1.481


Trial 96: qplus Stimulus Selection
Stimulus: 0.505
Output value 0.538

Q+ parameters
slope: 0.183 semiSat: 0.560 beta: 1.000 sigma: 0.062 
maxBOLD estimate = 1.481


Trial 97: qplus Stimulus Selection
Stimulus: 0.505
Output value 0.404

Q+ parameters
slope: 0.183 semiSat: 0.560 beta: 1.000 sigma: 0.062 
maxBOLD estimate = 1.481


Trial 98: qplus Stimulus Selection
Stimulus: 0.505
Output value -0.135

Q+ parameters
slope: 0.183 semiSat: 0.560 beta: 1.000 sigma: 0.062 
maxBOLD estimate = 1.481


Trial 99: qplus Stimulus Selection
Stimulus: 0.505
Output value 0.404

Q+ parameters
slope: 0.183 semiSat: 0.560 beta: 1.000 sigma: 0.062 
maxBOLD estimate = 1.481


Trial 100: baseline Stimulus Selection
Stimulus: 0.010
Output value -0.135

Q+ parameters
slope: 0.183 semiSat: 0.560 beta: 1.000 sigma: 0.062 
maxBOLD estimate = 1.481

--------------------------------------------------------------
FINAL VALUES
--------------------------------------------------------------
Simulated parameters:              slope: 0.200 semiSat: 0.570 beta: 1.000 sigma: 0.050 
Max posterior QUEST+ parameters:   slope: 0.183 semiSat: 0.560 beta: 1.000 sigma: 0.062 
Max BADS parameters:               slope: 0.184 semiSat: 0.554 beta: 1.000 sigma: 0.071 
maxBOLD estimate: 1.510
