/blue/stevenweisberg/stevenweisberg/MATLAB/projects/Weisberg_Aguirre_2020/scripts/run_sims
c0700a-s1.ufhpc
Wed Apr  7 04:46:30 EDT 2021
mkdir: cannot create directory ‘/blue/stevenweisberg/stevenweisberg/qpfMRIResults/model_parameter_set2/’: File exists
cp: cannot stat ‘/blue/stevenweisberg/stevenweisberg/qpfMRIResults/deploy_sim.sh’: No such file or directory
cp: cannot stat ‘/blue/stevenweisberg/stevenweisberg/qpfMRIResults/sim_wrapper.sh’: No such file or directory
------------------------------------------
Setting up environment variables
---
LD_LIBRARY_PATH is .:/apps/matlab/mcr/2020b/v99/runtime/glnxa64:/apps/matlab/mcr/2020b/v99/bin/glnxa64:/apps/matlab/mcr/2020b/v99/sys/os/glnxa64:/apps/matlab/mcr/2020b/v99/sys/opengl/lib/glnxa64
Warning: Executing startup failed in matlabrc.
This indicates a potentially serious problem in your MATLAB setup, which should be resolved as soon as possible.  Error detected was:
MATLAB:mpath:PathAlterationNotSupported
Modifying the search path is not supported by MATLAB Compiler. Remove functions that modify the search path from your MATLAB code. To make files visible to your deployed application, add the parent folder to your MATLAB session.
Warning: No stimulus domain specified. Defaulting to values between 0.01 and 1.
> In qpfmriParams (line 182)
In compiledSimulate (line 205)
Stimulus domain added from input.
Parameter slope specified as 0.20000
Parameter semiSat specified as 0.57000
Parameter beta specified as 1.00000
Parameter sigma specified as 0.05000
seed = 99seed = 104seed = 111seed = 111seed = 115seed = 101Initializing Q+. This may take a minute...
Elapsed time is 8.570032 seconds.
Simulated parameters:
slope: 0.200 semiSat: 0.570 beta: 1.000 sigma: 0.050 

Trial 1: baseline Stimulus Selection
Stimulus: 0.010
Output value 0.000

Q+ parameters
slope: 0.026 semiSat: 0.890 beta: 0.500 sigma: 0.010 
maxBOLD estimate = 1.000


Trial 2: maxBOLD Stimulus Selection
Stimulus: 1.000
Output value 1.364

Q+ parameters
slope: 0.055 semiSat: 0.670 beta: 1.250 sigma: 0.010 
maxBOLD estimate = 1.000


Trial 3: baseline Stimulus Selection
Stimulus: 0.010
Output value 0.284

Q+ parameters
slope: 0.055 semiSat: 0.670 beta: 1.250 sigma: 0.114 
maxBOLD estimate = 1.250


Trial 4: maxBOLD Stimulus Selection
Stimulus: 1.000
Output value 1.598

Q+ parameters
slope: 0.043 semiSat: 0.780 beta: 1.250 sigma: 0.062 
maxBOLD estimate = 1.562


Trial 5: baseline Stimulus Selection
Stimulus: 0.010
Output value 0.000

Q+ parameters
slope: 0.043 semiSat: 0.780 beta: 1.125 sigma: 0.062 
maxBOLD estimate = 1.953


Trial 6: maxBOLD Stimulus Selection
Stimulus: 1.000
Output value 1.548

Q+ parameters
slope: 0.043 semiSat: 0.780 beta: 0.969 sigma: 0.062 
maxBOLD estimate = 2.197


Trial 7: qplus Stimulus Selection
Stimulus: 0.711
Output value 0.871

Q+ parameters
slope: 0.055 semiSat: 0.560 beta: 0.750 sigma: 0.062 
maxBOLD estimate = 2.129


Trial 8: qplus Stimulus Selection
Stimulus: 0.588
Output value 0.952

Q+ parameters
slope: 0.234 semiSat: 0.560 beta: 0.938 sigma: 0.062 
maxBOLD estimate = 1.596


Trial 9: qplus Stimulus Selection
Stimulus: 0.505
Output value 0.421

Q+ parameters
slope: 0.183 semiSat: 0.560 beta: 1.031 sigma: 0.062 
maxBOLD estimate = 1.497


Trial 10: baseline Stimulus Selection
Stimulus: 0.010
Output value -0.289

Q+ parameters
slope: 0.183 semiSat: 0.560 beta: 1.031 sigma: 0.062 
maxBOLD estimate = 1.543


Trial 11: qplus Stimulus Selection
Stimulus: 0.505
Output value 0.597

Q+ parameters
slope: 0.183 semiSat: 0.560 beta: 1.031 sigma: 0.062 
maxBOLD estimate = 1.592


Trial 12: qplus Stimulus Selection
Stimulus: 0.629
Output value 0.653

Q+ parameters
slope: 0.144 semiSat: 0.560 beta: 0.875 sigma: 0.062 
maxBOLD estimate = 1.641


Trial 13: qplus Stimulus Selection
Stimulus: 0.629
Output value 1.249

Q+ parameters
slope: 0.183 semiSat: 0.560 beta: 1.062 sigma: 0.062 
maxBOLD estimate = 1.436


Trial 14: qplus Stimulus Selection
Stimulus: 0.423
Output value 0.429

Q+ parameters
slope: 0.183 semiSat: 0.560 beta: 1.031 sigma: 0.062 
maxBOLD estimate = 1.526


Trial 15: maxBOLD Stimulus Selection
Stimulus: 1.000
Output value 1.328

Q+ parameters
slope: 0.183 semiSat: 0.560 beta: 1.031 sigma: 0.062 
maxBOLD estimate = 1.574


Trial 16: qplus Stimulus Selection
Stimulus: 0.670
Output value 1.328

Q+ parameters
slope: 0.144 semiSat: 0.560 beta: 1.000 sigma: 0.062 
maxBOLD estimate = 1.623


Trial 17: qplus Stimulus Selection
Stimulus: 0.381
Output value 0.148

Q+ parameters
slope: 0.144 semiSat: 0.560 beta: 1.000 sigma: 0.062 
maxBOLD estimate = 1.623


Trial 18: qplus Stimulus Selection
Stimulus: 0.794
Output value 1.572

Q+ parameters
slope: 0.183 semiSat: 0.560 beta: 0.969 sigma: 0.062 
maxBOLD estimate = 1.623


Trial 19: qplus Stimulus Selection
Stimulus: 0.670
Output value 0.969

Q+ parameters
slope: 0.183 semiSat: 0.560 beta: 0.969 sigma: 0.062 
maxBOLD estimate = 1.572


Trial 20: baseline Stimulus Selection
Stimulus: 0.010
Output value 0.000

Q+ parameters
slope: 0.183 semiSat: 0.560 beta: 0.969 sigma: 0.062 
maxBOLD estimate = 1.523


Trial 21: qplus Stimulus Selection
Stimulus: 0.629
Output value 0.998

Q+ parameters
slope: 0.183 semiSat: 0.560 beta: 1.062 sigma: 0.062 
maxBOLD estimate = 1.475


Trial 22: qplus Stimulus Selection
Stimulus: 0.505
Output value 0.414

Q+ parameters
slope: 0.183 semiSat: 0.560 beta: 0.969 sigma: 0.062 
maxBOLD estimate = 1.568


Trial 23: qplus Stimulus Selection
Stimulus: 0.381
Output value -0.293

Q+ parameters
slope: 0.183 semiSat: 0.560 beta: 1.062 sigma: 0.062 
maxBOLD estimate = 1.519


Trial 24: qplus Stimulus Selection
Stimulus: 0.505
Output value 0.000

Q+ parameters
slope: 0.298 semiSat: 0.560 beta: 0.875 sigma: 0.062 
maxBOLD estimate = 1.614


Trial 25: maxBOLD Stimulus Selection
Stimulus: 1.000
Output value 1.636

Q+ parameters
slope: 0.298 semiSat: 0.560 beta: 1.062 sigma: 0.062 
maxBOLD estimate = 1.412


Trial 26: qplus Stimulus Selection
Stimulus: 0.464
Output value -0.136

Q+ parameters
slope: 0.234 semiSat: 0.560 beta: 1.000 sigma: 0.062 
maxBOLD estimate = 1.500


Trial 27: qplus Stimulus Selection
Stimulus: 0.546
Output value 0.682

Q+ parameters
slope: 0.234 semiSat: 0.560 beta: 1.000 sigma: 0.062 
maxBOLD estimate = 1.500


Trial 28: qplus Stimulus Selection
Stimulus: 0.505
Output value -0.132

Q+ parameters
slope: 0.298 semiSat: 0.560 beta: 0.969 sigma: 0.062 
maxBOLD estimate = 1.500


Trial 29: qplus Stimulus Selection
Stimulus: 0.546
Output value 0.793

Q+ parameters
slope: 0.234 semiSat: 0.560 beta: 1.000 sigma: 0.062 
maxBOLD estimate = 1.453


Trial 30: baseline Stimulus Selection
Stimulus: 0.010
Output value -0.281

Q+ parameters
slope: 0.298 semiSat: 0.560 beta: 1.062 sigma: 0.062 
maxBOLD estimate = 1.453


Trial 31: qplus Stimulus Selection
Stimulus: 0.505
Output value -0.136

Q+ parameters
slope: 0.298 semiSat: 0.560 beta: 0.969 sigma: 0.062 
maxBOLD estimate = 1.544


Trial 32: qplus Stimulus Selection
Stimulus: 0.546
Output value 0.527

Q+ parameters
slope: 0.298 semiSat: 0.560 beta: 0.969 sigma: 0.062 
maxBOLD estimate = 1.496


Trial 33: qplus Stimulus Selection
Stimulus: 0.588
Output value 0.980

Q+ parameters
slope: 0.298 semiSat: 0.560 beta: 1.062 sigma: 0.062 
maxBOLD estimate = 1.449


Trial 34: qplus Stimulus Selection
Stimulus: 0.588
Output value 0.678

Q+ parameters
slope: 0.298 semiSat: 0.560 beta: 0.969 sigma: 0.062 
maxBOLD estimate = 1.540


Trial 35: maxBOLD Stimulus Selection
Stimulus: 1.000
Output value 1.182

Q+ parameters
slope: 0.298 semiSat: 0.560 beta: 0.969 sigma: 0.062 
maxBOLD estimate = 1.492


Trial 36: qplus Stimulus Selection
Stimulus: 0.546
Output value 0.698

Q+ parameters
slope: 0.183 semiSat: 0.560 beta: 1.062 sigma: 0.062 
maxBOLD estimate = 1.445


Trial 37: qplus Stimulus Selection
Stimulus: 0.505
Output value 0.541

Q+ parameters
slope: 0.298 semiSat: 0.560 beta: 0.969 sigma: 0.062 
maxBOLD estimate = 1.535


Trial 38: qplus Stimulus Selection
Stimulus: 0.546
Output value 0.524

Q+ parameters
slope: 0.298 semiSat: 0.560 beta: 0.969 sigma: 0.062 
maxBOLD estimate = 1.487


Trial 39: qplus Stimulus Selection
Stimulus: 0.546
Output value 0.381

Q+ parameters
slope: 0.298 semiSat: 0.560 beta: 0.969 sigma: 0.062 
maxBOLD estimate = 1.441


Trial 40: baseline Stimulus Selection
Stimulus: 0.010
Output value -0.123

Q+ parameters
slope: 0.298 semiSat: 0.560 beta: 0.969 sigma: 0.062 
maxBOLD estimate = 1.396


Trial 41: qplus Stimulus Selection
Stimulus: 0.505
Output value 0.277

Q+ parameters
slope: 0.183 semiSat: 0.560 beta: 1.125 sigma: 0.062 
maxBOLD estimate = 1.352


Trial 42: qplus Stimulus Selection
Stimulus: 0.464
Output value 0.134

Q+ parameters
slope: 0.298 semiSat: 0.560 beta: 0.969 sigma: 0.062 
maxBOLD estimate = 1.521


Trial 43: qplus Stimulus Selection
Stimulus: 0.711
Output value 1.281

Q+ parameters
slope: 0.183 semiSat: 0.560 beta: 1.062 sigma: 0.062 
maxBOLD estimate = 1.474


Trial 44: qplus Stimulus Selection
Stimulus: 0.505
Output value 0.552

Q+ parameters
slope: 0.298 semiSat: 0.560 beta: 0.969 sigma: 0.062 
maxBOLD estimate = 1.566


Trial 45: maxBOLD Stimulus Selection
Stimulus: 1.000
Output value 1.469

Q+ parameters
slope: 0.298 semiSat: 0.560 beta: 0.969 sigma: 0.062 
maxBOLD estimate = 1.517


Trial 46: qplus Stimulus Selection
Stimulus: 0.711
Output value 1.703

Q+ parameters
slope: 0.183 semiSat: 0.560 beta: 1.062 sigma: 0.062 
maxBOLD estimate = 1.469


Trial 47: qplus Stimulus Selection
Stimulus: 0.464
Output value 0.275

Q+ parameters
slope: 0.298 semiSat: 0.560 beta: 0.969 sigma: 0.062 
maxBOLD estimate = 1.561


Trial 48: qplus Stimulus Selection
Stimulus: 0.711
Output value 1.066

Q+ parameters
slope: 0.234 semiSat: 0.560 beta: 0.969 sigma: 0.062 
maxBOLD estimate = 1.512


Trial 49: qplus Stimulus Selection
Stimulus: 0.711
Output value 1.698

Q+ parameters
slope: 0.183 semiSat: 0.560 beta: 1.062 sigma: 0.062 
maxBOLD estimate = 1.465


Trial 50: baseline Stimulus Selection
Stimulus: 0.010
Output value -0.137

Q+ parameters
slope: 0.298 semiSat: 0.560 beta: 0.969 sigma: 0.062 
maxBOLD estimate = 1.557


Trial 51: qplus Stimulus Selection
Stimulus: 0.546
Output value 0.664

Q+ parameters
slope: 0.298 semiSat: 0.560 beta: 0.969 sigma: 0.062 
maxBOLD estimate = 1.508


Trial 52: qplus Stimulus Selection
Stimulus: 0.546
Output value 0.988

Q+ parameters
slope: 0.183 semiSat: 0.560 beta: 1.062 sigma: 0.062 
maxBOLD estimate = 1.461


Trial 53: qplus Stimulus Selection
Stimulus: 0.588
Output value 0.957

Q+ parameters
slope: 0.298 semiSat: 0.560 beta: 0.969 sigma: 0.062 
maxBOLD estimate = 1.552


Trial 54: qplus Stimulus Selection
Stimulus: 0.546
Output value 0.820

Q+ parameters
slope: 0.234 semiSat: 0.560 beta: 1.000 sigma: 0.062 
maxBOLD estimate = 1.504


Trial 55: maxBOLD Stimulus Selection
Stimulus: 1.000
Output value 1.504

Q+ parameters
slope: 0.234 semiSat: 0.560 beta: 1.000 sigma: 0.062 
maxBOLD estimate = 1.504


Trial 56: qplus Stimulus Selection
Stimulus: 0.546
Output value 0.871

Q+ parameters
slope: 0.183 semiSat: 0.560 beta: 1.062 sigma: 0.062 
maxBOLD estimate = 1.504


Trial 57: qplus Stimulus Selection
Stimulus: 0.464
Output value 0.422

Q+ parameters
slope: 0.298 semiSat: 0.560 beta: 0.969 sigma: 0.062 
maxBOLD estimate = 1.598


Trial 58: qplus Stimulus Selection
Stimulus: 0.546
Output value 0.682

Q+ parameters
slope: 0.298 semiSat: 0.560 beta: 0.969 sigma: 0.062 
maxBOLD estimate = 1.548


Trial 59: qplus Stimulus Selection
Stimulus: 0.546
Output value 0.869

Q+ parameters
slope: 0.183 semiSat: 0.560 beta: 1.062 sigma: 0.062 
maxBOLD estimate = 1.499


Trial 60: baseline Stimulus Selection
Stimulus: 0.010
Output value -0.145

Q+ parameters
slope: 0.234 semiSat: 0.560 beta: 1.000 sigma: 0.062 
maxBOLD estimate = 1.593


Trial 61: qplus Stimulus Selection
Stimulus: 0.505
Output value 0.747

Q+ parameters
slope: 0.183 semiSat: 0.560 beta: 1.031 sigma: 0.062 
maxBOLD estimate = 1.593


Trial 62: qplus Stimulus Selection
Stimulus: 0.711
Output value 1.447

Q+ parameters
slope: 0.144 semiSat: 0.560 beta: 0.969 sigma: 0.062 
maxBOLD estimate = 1.643


Trial 63: qplus Stimulus Selection
Stimulus: 0.588
Output value 1.013

Q+ parameters
slope: 0.234 semiSat: 0.560 beta: 1.000 sigma: 0.062 
maxBOLD estimate = 1.592


Trial 64: qplus Stimulus Selection
Stimulus: 0.546
Output value 0.723

Q+ parameters
slope: 0.234 semiSat: 0.560 beta: 1.000 sigma: 0.062 
maxBOLD estimate = 1.592


Trial 65: maxBOLD Stimulus Selection
Stimulus: 1.000
Output value 1.447

Q+ parameters
slope: 0.234 semiSat: 0.560 beta: 1.000 sigma: 0.062 
maxBOLD estimate = 1.592


Trial 66: qplus Stimulus Selection
Stimulus: 0.505
Output value 0.289

Q+ parameters
slope: 0.234 semiSat: 0.560 beta: 1.000 sigma: 0.062 
maxBOLD estimate = 1.592


Trial 67: qplus Stimulus Selection
Stimulus: 0.546
Output value 0.723

Q+ parameters
slope: 0.234 semiSat: 0.560 beta: 1.000 sigma: 0.062 
maxBOLD estimate = 1.592


Trial 68: qplus Stimulus Selection
Stimulus: 0.505
Output value 0.289

Q+ parameters
slope: 0.234 semiSat: 0.560 beta: 1.000 sigma: 0.062 
maxBOLD estimate = 1.592


Trial 69: qplus Stimulus Selection
Stimulus: 0.505
Output value 0.597

Q+ parameters
slope: 0.183 semiSat: 0.560 beta: 1.031 sigma: 0.062 
maxBOLD estimate = 1.592


Trial 70: baseline Stimulus Selection
Stimulus: 0.010
Output value 0.261

Q+ parameters
slope: 0.234 semiSat: 0.560 beta: 0.875 sigma: 0.062 
maxBOLD estimate = 1.641


Trial 71: qplus Stimulus Selection
Stimulus: 0.711
Output value 1.665

Q+ parameters
slope: 0.183 semiSat: 0.560 beta: 1.062 sigma: 0.062 
maxBOLD estimate = 1.436


Trial 72: qplus Stimulus Selection
Stimulus: 0.588
Output value 1.001

Q+ parameters
slope: 0.183 semiSat: 0.560 beta: 1.031 sigma: 0.062 
maxBOLD estimate = 1.526


Trial 73: qplus Stimulus Selection
Stimulus: 0.505
Output value 0.443

Q+ parameters
slope: 0.183 semiSat: 0.560 beta: 1.031 sigma: 0.062 
maxBOLD estimate = 1.574


Trial 74: qplus Stimulus Selection
Stimulus: 0.711
Output value 1.429

Q+ parameters
slope: 0.144 semiSat: 0.560 beta: 0.969 sigma: 0.062 
maxBOLD estimate = 1.623


Trial 75: maxBOLD Stimulus Selection
Stimulus: 1.000
Output value 1.621

Q+ parameters
slope: 0.183 semiSat: 0.560 beta: 1.031 sigma: 0.062 
maxBOLD estimate = 1.572


Trial 76: qplus Stimulus Selection
Stimulus: 0.505
Output value 0.147

Q+ parameters
slope: 0.234 semiSat: 0.560 beta: 1.000 sigma: 0.062 
maxBOLD estimate = 1.621


Trial 77: qplus Stimulus Selection
Stimulus: 0.670
Output value 1.285

Q+ parameters
slope: 0.144 semiSat: 0.560 beta: 0.969 sigma: 0.062 
maxBOLD estimate = 1.621


Trial 78: qplus Stimulus Selection
Stimulus: 0.381
Output value 0.294

Q+ parameters
slope: 0.183 semiSat: 0.560 beta: 1.031 sigma: 0.062 
maxBOLD estimate = 1.571


Trial 79: qplus Stimulus Selection
Stimulus: 0.505
Output value 0.428

Q+ parameters
slope: 0.144 semiSat: 0.560 beta: 0.969 sigma: 0.062 
maxBOLD estimate = 1.620


Trial 80: baseline Stimulus Selection
Stimulus: 0.010
Output value 0.000

Q+ parameters
slope: 0.183 semiSat: 0.560 beta: 1.031 sigma: 0.062 
maxBOLD estimate = 1.569


Trial 81: qplus Stimulus Selection
Stimulus: 0.505
Output value 0.285

Q+ parameters
slope: 0.144 semiSat: 0.560 beta: 0.969 sigma: 0.062 
maxBOLD estimate = 1.618


Trial 82: qplus Stimulus Selection
Stimulus: 0.381
Output value 0.414

Q+ parameters
slope: 0.144 semiSat: 0.560 beta: 0.969 sigma: 0.062 
maxBOLD estimate = 1.567


Trial 83: qplus Stimulus Selection
Stimulus: 0.794
Output value 1.566

Q+ parameters
slope: 0.183 semiSat: 0.560 beta: 1.031 sigma: 0.062 
maxBOLD estimate = 1.519


Trial 84: qplus Stimulus Selection
Stimulus: 0.794
Output value 1.468

Q+ parameters
slope: 0.183 semiSat: 0.560 beta: 1.031 sigma: 0.062 
maxBOLD estimate = 1.566


Trial 85: maxBOLD Stimulus Selection
Stimulus: 1.000
Output value 1.280

Q+ parameters
slope: 0.144 semiSat: 0.560 beta: 0.969 sigma: 0.062 
maxBOLD estimate = 1.615


Trial 86: qplus Stimulus Selection
Stimulus: 0.381
Output value 0.000

Q+ parameters
slope: 0.183 semiSat: 0.560 beta: 1.031 sigma: 0.062 
maxBOLD estimate = 1.564


Trial 87: qplus Stimulus Selection
Stimulus: 0.629
Output value 1.279

Q+ parameters
slope: 0.144 semiSat: 0.560 beta: 0.969 sigma: 0.062 
maxBOLD estimate = 1.613


Trial 88: qplus Stimulus Selection
Stimulus: 0.588
Output value 1.026

Q+ parameters
slope: 0.183 semiSat: 0.560 beta: 1.031 sigma: 0.062 
maxBOLD estimate = 1.563


Trial 89: qplus Stimulus Selection
Stimulus: 0.505
Output value 0.426

Q+ parameters
slope: 0.144 semiSat: 0.560 beta: 0.969 sigma: 0.062 
maxBOLD estimate = 1.612


Trial 90: baseline Stimulus Selection
Stimulus: 0.010
Output value 0.284

Q+ parameters
slope: 0.234 semiSat: 0.560 beta: 1.000 sigma: 0.062 
maxBOLD estimate = 1.561


Trial 91: qplus Stimulus Selection
Stimulus: 0.505
Output value 0.732

Q+ parameters
slope: 0.183 semiSat: 0.560 beta: 1.031 sigma: 0.062 
maxBOLD estimate = 1.561


Trial 92: qplus Stimulus Selection
Stimulus: 0.505
Output value 0.412

Q+ parameters
slope: 0.183 semiSat: 0.560 beta: 0.938 sigma: 0.062 
maxBOLD estimate = 1.610


Trial 93: qplus Stimulus Selection
Stimulus: 0.381
Output value -0.142

Q+ parameters
slope: 0.183 semiSat: 0.560 beta: 1.031 sigma: 0.062 
maxBOLD estimate = 1.510


Trial 94: qplus Stimulus Selection
Stimulus: 0.505
Output value 0.283

Q+ parameters
slope: 0.234 semiSat: 0.560 beta: 1.000 sigma: 0.062 
maxBOLD estimate = 1.557


Trial 95: maxBOLD Stimulus Selection
Stimulus: 1.000
Output value 1.605

Q+ parameters
slope: 0.183 semiSat: 0.560 beta: 1.031 sigma: 0.062 
maxBOLD estimate = 1.557


Trial 96: qplus Stimulus Selection
Stimulus: 0.505
Output value 0.410

Q+ parameters
slope: 0.183 semiSat: 0.560 beta: 0.938 sigma: 0.062 
maxBOLD estimate = 1.605


Trial 97: qplus Stimulus Selection
Stimulus: 0.381
Output value -0.141

Q+ parameters
slope: 0.183 semiSat: 0.560 beta: 1.031 sigma: 0.062 
maxBOLD estimate = 1.505


Trial 98: qplus Stimulus Selection
Stimulus: 0.505
Output value 0.141

Q+ parameters
slope: 0.234 semiSat: 0.560 beta: 1.000 sigma: 0.062 
maxBOLD estimate = 1.552


Trial 99: qplus Stimulus Selection
Stimulus: 0.505
Output value 0.582

Q+ parameters
slope: 0.183 semiSat: 0.560 beta: 1.031 sigma: 0.062 
maxBOLD estimate = 1.552


Trial 100: baseline Stimulus Selection
Stimulus: 0.010
Output value 0.000

Q+ parameters
slope: 0.183 semiSat: 0.560 beta: 0.938 sigma: 0.062 
maxBOLD estimate = 1.601

--------------------------------------------------------------
FINAL VALUES
--------------------------------------------------------------
Simulated parameters:              slope: 0.200 semiSat: 0.570 beta: 1.000 sigma: 0.050 
Max posterior QUEST+ parameters:   slope: 0.183 semiSat: 0.560 beta: 1.031 sigma: 0.062 
Max BADS parameters:               slope: 0.222 semiSat: 0.557 beta: 1.000 sigma: 0.067 
maxBOLD estimate: 1.500
