/blue/stevenweisberg/stevenweisberg/MATLAB/projects/Weisberg_Aguirre_2020/scripts/run_sims
c2a-s18.ufhpc
Thu Nov 12 19:57:10 EST 2020
cp: cannot stat ‘/blue/stevenweisberg/stevenweisberg/qpfMRIResults/deploy_sim.sh’: No such file or directory
cp: cannot stat ‘/blue/stevenweisberg/stevenweisberg/qpfMRIResults/sim_wrapper.sh’: No such file or directory
------------------------------------------
Setting up environment variables
---
LD_LIBRARY_PATH is .:/apps/matlab/mcr/2020b/v99/runtime/glnxa64:/apps/matlab/mcr/2020b/v99/bin/glnxa64:/apps/matlab/mcr/2020b/v99/sys/os/glnxa64:/apps/matlab/mcr/2020b/v99/sys/opengl/lib/glnxa64
Warning: Executing startup failed in matlabrc.
This indicates a potentially serious problem in your MATLAB setup, which should be resolved as soon as possible.  Error detected was:
MATLAB:mpath:PathAlterationNotSupported
Modifying the search path is not supported by MATLAB Compiler. Remove functions that modify the search path from your MATLAB code. To make files visible to your deployed application, add the parent folder to your MATLAB session.
Warning: No stimulus domain specified. Defaulting to values between 0.01 and 1.
> In qpfmriParams (line 182)
In compiledSimulate (line 205)
Stimulus domain added from input.
Parameter slope specified as 0.41000
Parameter semiSat specified as 0.57000
Parameter beta specified as 1.00000
Parameter sigma specified as 0.25000
seed = 99seed = 104seed = 111seed = 111seed = 115seed = 101Initializing Q+. This may take a minute...
Elapsed time is 25.097859 seconds.
Simulated parameters:
slope: 0.410 semiSat: 0.570 beta: 1.000 sigma: 0.250 

Trial 1: baseline Stimulus Selection
Stimulus: 0.010
Output value 0.000

Q+ parameters
slope: 0.026 semiSat: 0.890 beta: 0.500 sigma: 0.010 
maxBOLD estimate = 1.000


Trial 2: maxBOLD Stimulus Selection
Stimulus: 1.000
Output value 1.364

Q+ parameters
slope: 0.055 semiSat: 0.670 beta: 1.250 sigma: 0.010 
maxBOLD estimate = 1.000


Trial 3: baseline Stimulus Selection
Stimulus: 0.010
Output value 1.705

Q+ parameters
slope: 0.026 semiSat: 0.560 beta: 1.500 sigma: 1.000 
maxBOLD estimate = 1.250


Trial 4: maxBOLD Stimulus Selection
Stimulus: 1.000
Output value 1.726

Q+ parameters
slope: 0.043 semiSat: 0.780 beta: 1.125 sigma: 0.166 
maxBOLD estimate = 1.875


Trial 5: baseline Stimulus Selection
Stimulus: 0.010
Output value 0.144

Q+ parameters
slope: 0.034 semiSat: 0.890 beta: 0.750 sigma: 0.166 
maxBOLD estimate = 2.109


Trial 6: maxBOLD Stimulus Selection
Stimulus: 1.000
Output value 1.618

Q+ parameters
slope: 0.055 semiSat: 0.670 beta: 1.250 sigma: 0.427 
maxBOLD estimate = 1.582


Trial 7: qplus Stimulus Selection
Stimulus: 0.505
Output value -0.360

Q+ parameters
slope: 0.070 semiSat: 1.000 beta: 1.000 sigma: 0.218 
maxBOLD estimate = 1.978


Trial 8: qplus Stimulus Selection
Stimulus: 0.835
Output value 0.315

Q+ parameters
slope: 0.070 semiSat: 1.000 beta: 0.875 sigma: 0.166 
maxBOLD estimate = 1.978


Trial 9: qplus Stimulus Selection
Stimulus: 0.918
Output value -0.393

Q+ parameters
slope: 0.483 semiSat: 1.000 beta: 1.250 sigma: 0.218 
maxBOLD estimate = 1.730


Trial 10: baseline Stimulus Selection
Stimulus: 0.010
Output value -0.393

Q+ parameters
slope: 0.183 semiSat: 1.000 beta: 1.000 sigma: 0.166 
maxBOLD estimate = 2.163


Trial 11: qplus Stimulus Selection
Stimulus: 0.918
Output value -0.393

Q+ parameters
slope: 0.379 semiSat: 1.000 beta: 1.000 sigma: 0.166 
maxBOLD estimate = 2.163


Trial 12: qplus Stimulus Selection
Stimulus: 0.918
Output value 0.983

Q+ parameters
slope: 0.183 semiSat: 1.000 beta: 1.000 sigma: 0.166 
maxBOLD estimate = 2.163


Trial 13: qplus Stimulus Selection
Stimulus: 0.918
Output value 0.000

Q+ parameters
slope: 0.379 semiSat: 1.000 beta: 1.000 sigma: 0.166 
maxBOLD estimate = 2.163


Trial 14: qplus Stimulus Selection
Stimulus: 0.959
Output value 1.671

Q+ parameters
slope: 0.113 semiSat: 1.000 beta: 1.062 sigma: 0.166 
maxBOLD estimate = 2.163


Trial 15: maxBOLD Stimulus Selection
Stimulus: 1.000
Output value 2.350

Q+ parameters
slope: 0.183 semiSat: 1.000 beta: 1.250 sigma: 0.166 
maxBOLD estimate = 2.298


Trial 16: qplus Stimulus Selection
Stimulus: 0.959
Output value 0.000

Q+ parameters
slope: 0.379 semiSat: 1.000 beta: 1.000 sigma: 0.166 
maxBOLD estimate = 2.873


Trial 17: qplus Stimulus Selection
Stimulus: 0.959
Output value 1.045

Q+ parameters
slope: 0.183 semiSat: 1.000 beta: 1.000 sigma: 0.166 
maxBOLD estimate = 2.873


Trial 18: qplus Stimulus Selection
Stimulus: 0.918
Output value 0.261

Q+ parameters
slope: 0.183 semiSat: 1.000 beta: 1.000 sigma: 0.166 
maxBOLD estimate = 2.873


Trial 19: qplus Stimulus Selection
Stimulus: 1.000
Output value 1.567

Q+ parameters
slope: 0.183 semiSat: 1.000 beta: 1.000 sigma: 0.114 
maxBOLD estimate = 2.873


Trial 20: baseline Stimulus Selection
Stimulus: 0.010
Output value -0.555

Q+ parameters
slope: 0.113 semiSat: 1.000 beta: 1.062 sigma: 0.166 
maxBOLD estimate = 2.873


Trial 21: qplus Stimulus Selection
Stimulus: 0.711
Output value 1.249

Q+ parameters
slope: 0.043 semiSat: 1.000 beta: 0.750 sigma: 0.166 
maxBOLD estimate = 3.052


Trial 22: qplus Stimulus Selection
Stimulus: 0.835
Output value 0.936

Q+ parameters
slope: 0.298 semiSat: 1.000 beta: 1.500 sigma: 0.427 
maxBOLD estimate = 2.289


Trial 23: qplus Stimulus Selection
Stimulus: 0.753
Output value 0.936

Q+ parameters
slope: 0.034 semiSat: 0.780 beta: 0.500 sigma: 0.166 
maxBOLD estimate = 3.434


Trial 24: qplus Stimulus Selection
Stimulus: 1.000
Output value 0.624

Q+ parameters
slope: 1.000 semiSat: 0.560 beta: 0.500 sigma: 0.375 
maxBOLD estimate = 1.717


Trial 25: maxBOLD Stimulus Selection
Stimulus: 1.000
Output value 0.680

Q+ parameters
slope: 0.013 semiSat: 0.010 beta: 0.969 sigma: 1.000 
maxBOLD estimate = 0.858


Trial 26: qplus Stimulus Selection
Stimulus: 0.464
Output value 0.732

Q+ parameters
slope: 0.013 semiSat: 0.010 beta: 0.969 sigma: 1.000 
maxBOLD estimate = 0.832


Trial 27: qplus Stimulus Selection
Stimulus: 0.876
Output value 0.851

Q+ parameters
slope: 0.013 semiSat: 0.010 beta: 0.969 sigma: 1.000 
maxBOLD estimate = 0.806


Trial 28: qplus Stimulus Selection
Stimulus: 0.464
Output value -0.071

Q+ parameters
slope: 1.000 semiSat: 0.560 beta: 0.500 sigma: 1.000 
maxBOLD estimate = 0.780


Trial 29: qplus Stimulus Selection
Stimulus: 0.381
Output value -0.035

Q+ parameters
slope: 0.616 semiSat: 0.340 beta: 0.500 sigma: 1.000 
maxBOLD estimate = 0.390


Trial 30: baseline Stimulus Selection
Stimulus: 0.010
Output value -0.031

Q+ parameters
slope: 0.010 semiSat: 0.120 beta: 0.875 sigma: 1.000 
maxBOLD estimate = 0.195

--------------------------------------------------------------
FINAL VALUES
--------------------------------------------------------------
Simulated parameters:              slope: 0.410 semiSat: 0.570 beta: 1.000 sigma: 0.250 
Max posterior QUEST+ parameters:   slope: 0.010 semiSat: 0.120 beta: 0.875 sigma: 1.000 
Max BADS parameters:               slope: 0.082 semiSat: 0.019 beta: 1.000 sigma: 0.336 
maxBOLD estimate: 0.171
