/blue/stevenweisberg/stevenweisberg/MATLAB/projects/Weisberg_Aguirre_2020/scripts/run_sims
c0700a-s3.ufhpc
Tue Apr  6 19:19:59 EDT 2021
mkdir: cannot create directory ‘/blue/stevenweisberg/stevenweisberg/qpfMRIResults/model_parameter_set2/’: File exists
cp: cannot stat ‘/blue/stevenweisberg/stevenweisberg/qpfMRIResults/deploy_sim.sh’: No such file or directory
cp: cannot stat ‘/blue/stevenweisberg/stevenweisberg/qpfMRIResults/sim_wrapper.sh’: No such file or directory
------------------------------------------
Setting up environment variables
---
LD_LIBRARY_PATH is .:/apps/matlab/mcr/2020b/v99/runtime/glnxa64:/apps/matlab/mcr/2020b/v99/bin/glnxa64:/apps/matlab/mcr/2020b/v99/sys/os/glnxa64:/apps/matlab/mcr/2020b/v99/sys/opengl/lib/glnxa64
Warning: Executing startup failed in matlabrc.
This indicates a potentially serious problem in your MATLAB setup, which should be resolved as soon as possible.  Error detected was:
MATLAB:mpath:PathAlterationNotSupported
Modifying the search path is not supported by MATLAB Compiler. Remove functions that modify the search path from your MATLAB code. To make files visible to your deployed application, add the parent folder to your MATLAB session.
Warning: No stimulus domain specified. Defaulting to values between 0.01 and 1.
> In qpfmriParams (line 182)
In compiledSimulate (line 205)
Stimulus domain added from input.
Parameter slope specified as 0.20000
Parameter semiSat specified as 0.57000
Parameter beta specified as 1.00000
Parameter sigma specified as 0.05000
seed = 99seed = 104seed = 111seed = 111seed = 115seed = 101Initializing Q+. This may take a minute...
Elapsed time is 6.960963 seconds.
Simulated parameters:
slope: 0.200 semiSat: 0.570 beta: 1.000 sigma: 0.050 

Trial 1: baseline Stimulus Selection
Stimulus: 0.010
Output value 0.000

Q+ parameters
slope: 0.026 semiSat: 0.890 beta: 0.500 sigma: 0.010 
maxBOLD estimate = 1.000


Trial 2: maxBOLD Stimulus Selection
Stimulus: 1.000
Output value 1.364

Q+ parameters
slope: 0.055 semiSat: 0.670 beta: 1.250 sigma: 0.010 
maxBOLD estimate = 1.000


Trial 3: baseline Stimulus Selection
Stimulus: 0.010
Output value -0.142

Q+ parameters
slope: 0.055 semiSat: 0.670 beta: 1.250 sigma: 0.062 
maxBOLD estimate = 1.250


Trial 4: maxBOLD Stimulus Selection
Stimulus: 1.000
Output value 1.598

Q+ parameters
slope: 0.043 semiSat: 0.780 beta: 1.250 sigma: 0.062 
maxBOLD estimate = 1.562


Trial 5: baseline Stimulus Selection
Stimulus: 0.010
Output value -0.200

Q+ parameters
slope: 0.043 semiSat: 0.780 beta: 1.125 sigma: 0.062 
maxBOLD estimate = 1.953


Trial 6: maxBOLD Stimulus Selection
Stimulus: 1.000
Output value 1.548

Q+ parameters
slope: 0.043 semiSat: 0.780 beta: 0.969 sigma: 0.062 
maxBOLD estimate = 2.197


Trial 7: qplus Stimulus Selection
Stimulus: 0.711
Output value 0.871

Q+ parameters
slope: 0.055 semiSat: 0.560 beta: 0.750 sigma: 0.010 
maxBOLD estimate = 2.129


Trial 8: qplus Stimulus Selection
Stimulus: 0.546
Output value 0.726

Q+ parameters
slope: 0.089 semiSat: 0.560 beta: 1.000 sigma: 0.062 
maxBOLD estimate = 1.596


Trial 9: qplus Stimulus Selection
Stimulus: 0.464
Output value 0.581

Q+ parameters
slope: 0.089 semiSat: 0.560 beta: 1.000 sigma: 0.062 
maxBOLD estimate = 1.596


Trial 10: baseline Stimulus Selection
Stimulus: 0.010
Output value -0.145

Q+ parameters
slope: 0.089 semiSat: 0.560 beta: 1.000 sigma: 0.062 
maxBOLD estimate = 1.596


Trial 11: qplus Stimulus Selection
Stimulus: 0.629
Output value 1.234

Q+ parameters
slope: 0.089 semiSat: 0.560 beta: 1.062 sigma: 0.062 
maxBOLD estimate = 1.596


Trial 12: qplus Stimulus Selection
Stimulus: 0.423
Output value 0.135

Q+ parameters
slope: 0.144 semiSat: 0.560 beta: 0.875 sigma: 0.062 
maxBOLD estimate = 1.696


Trial 13: qplus Stimulus Selection
Stimulus: 0.670
Output value 1.147

Q+ parameters
slope: 0.113 semiSat: 0.560 beta: 1.062 sigma: 0.062 
maxBOLD estimate = 1.484


Trial 14: qplus Stimulus Selection
Stimulus: 0.588
Output value 0.717

Q+ parameters
slope: 0.113 semiSat: 0.560 beta: 1.000 sigma: 0.062 
maxBOLD estimate = 1.577


Trial 15: maxBOLD Stimulus Selection
Stimulus: 1.000
Output value 1.577

Q+ parameters
slope: 0.113 semiSat: 0.560 beta: 1.000 sigma: 0.062 
maxBOLD estimate = 1.577


Trial 16: qplus Stimulus Selection
Stimulus: 0.423
Output value -0.251

Q+ parameters
slope: 0.234 semiSat: 0.560 beta: 0.875 sigma: 0.062 
maxBOLD estimate = 1.577


Trial 17: qplus Stimulus Selection
Stimulus: 0.629
Output value 1.200

Q+ parameters
slope: 0.183 semiSat: 0.560 beta: 1.062 sigma: 0.062 
maxBOLD estimate = 1.380


Trial 18: qplus Stimulus Selection
Stimulus: 0.505
Output value 0.133

Q+ parameters
slope: 0.144 semiSat: 0.560 beta: 1.000 sigma: 0.062 
maxBOLD estimate = 1.466


Trial 19: qplus Stimulus Selection
Stimulus: 0.381
Output value 0.000

Q+ parameters
slope: 0.183 semiSat: 0.560 beta: 0.969 sigma: 0.062 
maxBOLD estimate = 1.466


Trial 20: baseline Stimulus Selection
Stimulus: 0.010
Output value 0.000

Q+ parameters
slope: 0.183 semiSat: 0.560 beta: 1.062 sigma: 0.062 
maxBOLD estimate = 1.420


Trial 21: qplus Stimulus Selection
Stimulus: 0.670
Output value 1.063

Q+ parameters
slope: 0.183 semiSat: 0.560 beta: 0.969 sigma: 0.062 
maxBOLD estimate = 1.509


Trial 22: qplus Stimulus Selection
Stimulus: 0.794
Output value 1.287

Q+ parameters
slope: 0.183 semiSat: 0.560 beta: 0.969 sigma: 0.062 
maxBOLD estimate = 1.462


Trial 23: qplus Stimulus Selection
Stimulus: 0.381
Output value 0.000

Q+ parameters
slope: 0.183 semiSat: 0.560 beta: 0.969 sigma: 0.062 
maxBOLD estimate = 1.416


Trial 24: qplus Stimulus Selection
Stimulus: 0.381
Output value 0.265

Q+ parameters
slope: 0.183 semiSat: 0.560 beta: 1.062 sigma: 0.062 
maxBOLD estimate = 1.372


Trial 25: maxBOLD Stimulus Selection
Stimulus: 1.000
Output value 1.155

Q+ parameters
slope: 0.183 semiSat: 0.560 beta: 0.969 sigma: 0.062 
maxBOLD estimate = 1.458


Trial 26: qplus Stimulus Selection
Stimulus: 0.505
Output value 0.249

Q+ parameters
slope: 0.183 semiSat: 0.560 beta: 0.969 sigma: 0.062 
maxBOLD estimate = 1.412


Trial 27: qplus Stimulus Selection
Stimulus: 0.629
Output value 1.321

Q+ parameters
slope: 0.183 semiSat: 0.560 beta: 1.062 sigma: 0.062 
maxBOLD estimate = 1.368


Trial 28: qplus Stimulus Selection
Stimulus: 0.505
Output value 0.256

Q+ parameters
slope: 0.183 semiSat: 0.560 beta: 0.969 sigma: 0.062 
maxBOLD estimate = 1.454


Trial 29: qplus Stimulus Selection
Stimulus: 0.629
Output value 0.868

Q+ parameters
slope: 0.183 semiSat: 0.560 beta: 0.969 sigma: 0.062 
maxBOLD estimate = 1.408


Trial 30: baseline Stimulus Selection
Stimulus: 0.010
Output value 0.000

Q+ parameters
slope: 0.234 semiSat: 0.560 beta: 1.000 sigma: 0.062 
maxBOLD estimate = 1.364


Trial 31: qplus Stimulus Selection
Stimulus: 0.546
Output value 0.620

Q+ parameters
slope: 0.234 semiSat: 0.560 beta: 1.000 sigma: 0.062 
maxBOLD estimate = 1.364


Trial 32: qplus Stimulus Selection
Stimulus: 0.505
Output value -0.124

Q+ parameters
slope: 0.234 semiSat: 0.560 beta: 1.000 sigma: 0.062 
maxBOLD estimate = 1.364


Trial 33: qplus Stimulus Selection
Stimulus: 0.546
Output value 0.360

Q+ parameters
slope: 0.298 semiSat: 0.560 beta: 0.969 sigma: 0.062 
maxBOLD estimate = 1.364


Trial 34: qplus Stimulus Selection
Stimulus: 0.546
Output value 0.582

Q+ parameters
slope: 0.298 semiSat: 0.560 beta: 0.969 sigma: 0.062 
maxBOLD estimate = 1.321


Trial 35: maxBOLD Stimulus Selection
Stimulus: 1.000
Output value 1.353

Q+ parameters
slope: 0.298 semiSat: 0.560 beta: 0.969 sigma: 0.062 
maxBOLD estimate = 1.280


Trial 36: qplus Stimulus Selection
Stimulus: 0.711
Output value 1.092

Q+ parameters
slope: 0.298 semiSat: 0.560 beta: 0.969 sigma: 0.062 
maxBOLD estimate = 1.240


Trial 37: qplus Stimulus Selection
Stimulus: 0.711
Output value 1.393

Q+ parameters
slope: 0.298 semiSat: 0.560 beta: 1.062 sigma: 0.062 
maxBOLD estimate = 1.201


Trial 38: qplus Stimulus Selection
Stimulus: 0.505
Output value -0.112

Q+ parameters
slope: 0.298 semiSat: 0.560 beta: 0.969 sigma: 0.062 
maxBOLD estimate = 1.276


Trial 39: qplus Stimulus Selection
Stimulus: 0.588
Output value 0.239

Q+ parameters
slope: 0.298 semiSat: 0.560 beta: 1.062 sigma: 0.114 
maxBOLD estimate = 1.237


Trial 40: baseline Stimulus Selection
Stimulus: 0.010
Output value 0.231

Q+ parameters
slope: 0.298 semiSat: 0.560 beta: 0.969 sigma: 0.062 
maxBOLD estimate = 1.314


Trial 41: qplus Stimulus Selection
Stimulus: 0.546
Output value 0.560

Q+ parameters
slope: 0.298 semiSat: 0.560 beta: 0.969 sigma: 0.062 
maxBOLD estimate = 1.273


Trial 42: qplus Stimulus Selection
Stimulus: 0.546
Output value 0.596

Q+ parameters
slope: 0.298 semiSat: 0.560 beta: 1.062 sigma: 0.062 
maxBOLD estimate = 1.233


Trial 43: qplus Stimulus Selection
Stimulus: 0.588
Output value 0.808

Q+ parameters
slope: 0.298 semiSat: 0.560 beta: 0.969 sigma: 0.062 
maxBOLD estimate = 1.310


Trial 44: qplus Stimulus Selection
Stimulus: 0.546
Output value 0.736

Q+ parameters
slope: 0.298 semiSat: 0.560 beta: 1.062 sigma: 0.062 
maxBOLD estimate = 1.269


Trial 45: maxBOLD Stimulus Selection
Stimulus: 1.000
Output value 1.425

Q+ parameters
slope: 0.298 semiSat: 0.560 beta: 0.969 sigma: 0.062 
maxBOLD estimate = 1.348


Trial 46: qplus Stimulus Selection
Stimulus: 0.546
Output value 0.000

Q+ parameters
slope: 0.298 semiSat: 0.560 beta: 0.969 sigma: 0.062 
maxBOLD estimate = 1.306


Trial 47: qplus Stimulus Selection
Stimulus: 0.588
Output value 0.978

Q+ parameters
slope: 0.298 semiSat: 0.560 beta: 1.062 sigma: 0.062 
maxBOLD estimate = 1.266


Trial 48: qplus Stimulus Selection
Stimulus: 0.588
Output value 0.829

Q+ parameters
slope: 0.298 semiSat: 0.560 beta: 0.969 sigma: 0.062 
maxBOLD estimate = 1.345


Trial 49: qplus Stimulus Selection
Stimulus: 0.546
Output value 0.629

Q+ parameters
slope: 0.298 semiSat: 0.560 beta: 1.062 sigma: 0.062 
maxBOLD estimate = 1.303


Trial 50: baseline Stimulus Selection
Stimulus: 0.010
Output value 0.000

Q+ parameters
slope: 0.298 semiSat: 0.560 beta: 0.969 sigma: 0.062 
maxBOLD estimate = 1.384


Trial 51: qplus Stimulus Selection
Stimulus: 0.546
Output value 0.354

Q+ parameters
slope: 0.298 semiSat: 0.560 beta: 0.969 sigma: 0.062 
maxBOLD estimate = 1.341


Trial 52: qplus Stimulus Selection
Stimulus: 0.546
Output value 0.753

Q+ parameters
slope: 0.298 semiSat: 0.560 beta: 1.062 sigma: 0.062 
maxBOLD estimate = 1.299


Trial 53: qplus Stimulus Selection
Stimulus: 0.588
Output value 0.851

Q+ parameters
slope: 0.298 semiSat: 0.560 beta: 0.969 sigma: 0.062 
maxBOLD estimate = 1.380


Trial 54: qplus Stimulus Selection
Stimulus: 0.546
Output value 0.851

Q+ parameters
slope: 0.234 semiSat: 0.560 beta: 1.000 sigma: 0.062 
maxBOLD estimate = 1.337


Trial 55: maxBOLD Stimulus Selection
Stimulus: 1.000
Output value 1.458

Q+ parameters
slope: 0.234 semiSat: 0.560 beta: 1.000 sigma: 0.062 
maxBOLD estimate = 1.337


Trial 56: qplus Stimulus Selection
Stimulus: 0.546
Output value 0.486

Q+ parameters
slope: 0.234 semiSat: 0.560 beta: 1.000 sigma: 0.062 
maxBOLD estimate = 1.337


Trial 57: qplus Stimulus Selection
Stimulus: 0.546
Output value 0.118

Q+ parameters
slope: 0.298 semiSat: 0.560 beta: 0.969 sigma: 0.062 
maxBOLD estimate = 1.337


Trial 58: qplus Stimulus Selection
Stimulus: 0.546
Output value 0.751

Q+ parameters
slope: 0.298 semiSat: 0.560 beta: 1.062 sigma: 0.062 
maxBOLD estimate = 1.295


Trial 59: qplus Stimulus Selection
Stimulus: 0.588
Output value 0.625

Q+ parameters
slope: 0.234 semiSat: 0.560 beta: 1.000 sigma: 0.062 
maxBOLD estimate = 1.376


Trial 60: baseline Stimulus Selection
Stimulus: 0.010
Output value -0.266

Q+ parameters
slope: 0.183 semiSat: 0.560 beta: 1.062 sigma: 0.062 
maxBOLD estimate = 1.376


Trial 61: qplus Stimulus Selection
Stimulus: 0.464
Output value 0.258

Q+ parameters
slope: 0.298 semiSat: 0.560 beta: 0.969 sigma: 0.062 
maxBOLD estimate = 1.462


Trial 62: qplus Stimulus Selection
Stimulus: 0.546
Output value 0.644

Q+ parameters
slope: 0.234 semiSat: 0.560 beta: 1.000 sigma: 0.062 
maxBOLD estimate = 1.416


Trial 63: qplus Stimulus Selection
Stimulus: 0.546
Output value 0.644

Q+ parameters
slope: 0.234 semiSat: 0.560 beta: 1.000 sigma: 0.062 
maxBOLD estimate = 1.416


Trial 64: qplus Stimulus Selection
Stimulus: 0.546
Output value 0.249

Q+ parameters
slope: 0.298 semiSat: 0.560 beta: 0.969 sigma: 0.062 
maxBOLD estimate = 1.416


Trial 65: maxBOLD Stimulus Selection
Stimulus: 1.000
Output value 1.497

Q+ parameters
slope: 0.234 semiSat: 0.560 beta: 1.000 sigma: 0.062 
maxBOLD estimate = 1.372


Trial 66: qplus Stimulus Selection
Stimulus: 0.505
Output value 0.125

Q+ parameters
slope: 0.234 semiSat: 0.560 beta: 1.000 sigma: 0.062 
maxBOLD estimate = 1.372


Trial 67: qplus Stimulus Selection
Stimulus: 0.505
Output value 0.249

Q+ parameters
slope: 0.234 semiSat: 0.560 beta: 1.000 sigma: 0.062 
maxBOLD estimate = 1.372


Trial 68: qplus Stimulus Selection
Stimulus: 0.505
Output value 0.125

Q+ parameters
slope: 0.234 semiSat: 0.560 beta: 1.000 sigma: 0.062 
maxBOLD estimate = 1.372


Trial 69: qplus Stimulus Selection
Stimulus: 0.670
Output value 1.372

Q+ parameters
slope: 0.234 semiSat: 0.560 beta: 1.000 sigma: 0.062 
maxBOLD estimate = 1.372


Trial 70: baseline Stimulus Selection
Stimulus: 0.010
Output value 0.125

Q+ parameters
slope: 0.234 semiSat: 0.560 beta: 1.000 sigma: 0.062 
maxBOLD estimate = 1.372


Trial 71: qplus Stimulus Selection
Stimulus: 0.546
Output value 0.499

Q+ parameters
slope: 0.234 semiSat: 0.560 beta: 1.000 sigma: 0.062 
maxBOLD estimate = 1.372


Trial 72: qplus Stimulus Selection
Stimulus: 0.670
Output value 1.372

Q+ parameters
slope: 0.234 semiSat: 0.560 beta: 1.000 sigma: 0.062 
maxBOLD estimate = 1.372


Trial 73: qplus Stimulus Selection
Stimulus: 0.670
Output value 0.998

Q+ parameters
slope: 0.234 semiSat: 0.560 beta: 1.000 sigma: 0.062 
maxBOLD estimate = 1.372


Trial 74: qplus Stimulus Selection
Stimulus: 0.505
Output value 0.663

Q+ parameters
slope: 0.183 semiSat: 0.560 beta: 1.062 sigma: 0.062 
maxBOLD estimate = 1.372


Trial 75: maxBOLD Stimulus Selection
Stimulus: 1.000
Output value 1.541

Q+ parameters
slope: 0.298 semiSat: 0.560 beta: 0.969 sigma: 0.062 
maxBOLD estimate = 1.458


Trial 76: qplus Stimulus Selection
Stimulus: 0.546
Output value 0.498

Q+ parameters
slope: 0.298 semiSat: 0.560 beta: 0.969 sigma: 0.062 
maxBOLD estimate = 1.412


Trial 77: qplus Stimulus Selection
Stimulus: 0.546
Output value 0.498

Q+ parameters
slope: 0.234 semiSat: 0.560 beta: 1.000 sigma: 0.062 
maxBOLD estimate = 1.368


Trial 78: qplus Stimulus Selection
Stimulus: 0.505
Output value 0.529

Q+ parameters
slope: 0.183 semiSat: 0.560 beta: 1.062 sigma: 0.062 
maxBOLD estimate = 1.368


Trial 79: qplus Stimulus Selection
Stimulus: 0.464
Output value -0.128

Q+ parameters
slope: 0.298 semiSat: 0.560 beta: 0.969 sigma: 0.062 
maxBOLD estimate = 1.454


Trial 80: baseline Stimulus Selection
Stimulus: 0.010
Output value 0.248

Q+ parameters
slope: 0.298 semiSat: 0.560 beta: 0.969 sigma: 0.062 
maxBOLD estimate = 1.408


Trial 81: qplus Stimulus Selection
Stimulus: 0.546
Output value 0.240

Q+ parameters
slope: 0.298 semiSat: 0.560 beta: 0.969 sigma: 0.062 
maxBOLD estimate = 1.364


Trial 82: qplus Stimulus Selection
Stimulus: 0.546
Output value 0.255

Q+ parameters
slope: 0.298 semiSat: 0.560 beta: 1.062 sigma: 0.062 
maxBOLD estimate = 1.322


Trial 83: qplus Stimulus Selection
Stimulus: 0.588
Output value 0.495

Q+ parameters
slope: 0.298 semiSat: 0.560 beta: 0.969 sigma: 0.062 
maxBOLD estimate = 1.404


Trial 84: qplus Stimulus Selection
Stimulus: 0.711
Output value 1.438

Q+ parameters
slope: 0.298 semiSat: 0.560 beta: 0.969 sigma: 0.062 
maxBOLD estimate = 1.360


Trial 85: maxBOLD Stimulus Selection
Stimulus: 1.000
Output value 1.400

Q+ parameters
slope: 0.183 semiSat: 0.560 beta: 1.062 sigma: 0.062 
maxBOLD estimate = 1.318


Trial 86: qplus Stimulus Selection
Stimulus: 0.464
Output value -0.247

Q+ parameters
slope: 0.298 semiSat: 0.560 beta: 0.969 sigma: 0.062 
maxBOLD estimate = 1.400


Trial 87: qplus Stimulus Selection
Stimulus: 0.711
Output value 1.195

Q+ parameters
slope: 0.298 semiSat: 0.560 beta: 0.969 sigma: 0.062 
maxBOLD estimate = 1.356


Trial 88: qplus Stimulus Selection
Stimulus: 0.546
Output value 0.254

Q+ parameters
slope: 0.183 semiSat: 0.560 beta: 1.062 sigma: 0.062 
maxBOLD estimate = 1.314


Trial 89: qplus Stimulus Selection
Stimulus: 0.505
Output value 0.369

Q+ parameters
slope: 0.234 semiSat: 0.560 beta: 0.969 sigma: 0.062 
maxBOLD estimate = 1.396


Trial 90: baseline Stimulus Selection
Stimulus: 0.010
Output value -0.254

Q+ parameters
slope: 0.234 semiSat: 0.560 beta: 1.031 sigma: 0.062 
maxBOLD estimate = 1.353


Trial 91: qplus Stimulus Selection
Stimulus: 0.505
Output value 0.614

Q+ parameters
slope: 0.234 semiSat: 0.560 beta: 0.969 sigma: 0.062 
maxBOLD estimate = 1.395


Trial 92: qplus Stimulus Selection
Stimulus: 0.711
Output value 1.428

Q+ parameters
slope: 0.298 semiSat: 0.560 beta: 0.969 sigma: 0.062 
maxBOLD estimate = 1.351


Trial 93: qplus Stimulus Selection
Stimulus: 0.546
Output value 0.253

Q+ parameters
slope: 0.183 semiSat: 0.560 beta: 1.062 sigma: 0.062 
maxBOLD estimate = 1.309


Trial 94: qplus Stimulus Selection
Stimulus: 0.505
Output value 0.122

Q+ parameters
slope: 0.298 semiSat: 0.560 beta: 0.969 sigma: 0.062 
maxBOLD estimate = 1.391


Trial 95: maxBOLD Stimulus Selection
Stimulus: 1.000
Output value 1.424

Q+ parameters
slope: 0.298 semiSat: 0.560 beta: 0.969 sigma: 0.062 
maxBOLD estimate = 1.347


Trial 96: qplus Stimulus Selection
Stimulus: 0.546
Output value 0.612

Q+ parameters
slope: 0.234 semiSat: 0.560 beta: 1.031 sigma: 0.062 
maxBOLD estimate = 1.305


Trial 97: qplus Stimulus Selection
Stimulus: 0.588
Output value 0.948

Q+ parameters
slope: 0.298 semiSat: 0.560 beta: 0.969 sigma: 0.062 
maxBOLD estimate = 1.346


Trial 98: qplus Stimulus Selection
Stimulus: 0.546
Output value 0.733

Q+ parameters
slope: 0.234 semiSat: 0.560 beta: 1.031 sigma: 0.062 
maxBOLD estimate = 1.304


Trial 99: qplus Stimulus Selection
Stimulus: 0.588
Output value 0.711

Q+ parameters
slope: 0.298 semiSat: 0.560 beta: 0.969 sigma: 0.062 
maxBOLD estimate = 1.345


Trial 100: baseline Stimulus Selection
Stimulus: 0.010
Output value -0.252

Q+ parameters
slope: 0.298 semiSat: 0.560 beta: 1.062 sigma: 0.062 
maxBOLD estimate = 1.303

--------------------------------------------------------------
FINAL VALUES
--------------------------------------------------------------
Simulated parameters:              slope: 0.200 semiSat: 0.570 beta: 1.000 sigma: 0.050 
Max posterior QUEST+ parameters:   slope: 0.298 semiSat: 0.560 beta: 0.969 sigma: 0.062 
Max BADS parameters:               slope: 0.232 semiSat: 0.566 beta: 1.000 sigma: 0.069 
maxBOLD estimate: 1.398
