/blue/stevenweisberg/stevenweisberg/MATLAB/projects/Weisberg_Aguirre_2020/scripts/run_sims
c28a-s22.ufhpc
Wed Apr  7 10:11:33 EDT 2021
mkdir: cannot create directory ‘/blue/stevenweisberg/stevenweisberg/qpfMRIResults/model_parameter_set2/’: File exists
cp: cannot stat ‘/blue/stevenweisberg/stevenweisberg/qpfMRIResults/deploy_sim.sh’: No such file or directory
cp: cannot stat ‘/blue/stevenweisberg/stevenweisberg/qpfMRIResults/sim_wrapper.sh’: No such file or directory
------------------------------------------
Setting up environment variables
---
LD_LIBRARY_PATH is .:/apps/matlab/mcr/2020b/v99/runtime/glnxa64:/apps/matlab/mcr/2020b/v99/bin/glnxa64:/apps/matlab/mcr/2020b/v99/sys/os/glnxa64:/apps/matlab/mcr/2020b/v99/sys/opengl/lib/glnxa64
Warning: Executing startup failed in matlabrc.
This indicates a potentially serious problem in your MATLAB setup, which should be resolved as soon as possible.  Error detected was:
MATLAB:mpath:PathAlterationNotSupported
Modifying the search path is not supported by MATLAB Compiler. Remove functions that modify the search path from your MATLAB code. To make files visible to your deployed application, add the parent folder to your MATLAB session.
Warning: No stimulus domain specified. Defaulting to values between 0.01 and 1.
> In qpfmriParams (line 182)
In compiledSimulate (line 205)
Stimulus domain added from input.
Parameter slope specified as 0.20000
Parameter semiSat specified as 0.57000
Parameter beta specified as 1.00000
Parameter sigma specified as 0.15000
seed = 99seed = 104seed = 111seed = 111seed = 115seed = 101Initializing Q+. This may take a minute...
Elapsed time is 9.530153 seconds.
Simulated parameters:
slope: 0.200 semiSat: 0.570 beta: 1.000 sigma: 0.150 

Trial 1: baseline Stimulus Selection
Stimulus: 0.010
Output value 0.000

Q+ parameters
slope: 0.026 semiSat: 0.890 beta: 0.500 sigma: 0.010 
maxBOLD estimate = 1.000


Trial 2: maxBOLD Stimulus Selection
Stimulus: 1.000
Output value 1.364

Q+ parameters
slope: 0.055 semiSat: 0.670 beta: 1.250 sigma: 0.010 
maxBOLD estimate = 1.000


Trial 3: baseline Stimulus Selection
Stimulus: 0.010
Output value 0.000

Q+ parameters
slope: 0.055 semiSat: 0.670 beta: 1.250 sigma: 0.010 
maxBOLD estimate = 1.250


Trial 4: maxBOLD Stimulus Selection
Stimulus: 1.000
Output value 1.953

Q+ parameters
slope: 0.055 semiSat: 0.670 beta: 1.250 sigma: 0.062 
maxBOLD estimate = 1.562


Trial 5: baseline Stimulus Selection
Stimulus: 0.010
Output value -0.200

Q+ parameters
slope: 0.055 semiSat: 0.670 beta: 1.125 sigma: 0.114 
maxBOLD estimate = 1.953


Trial 6: maxBOLD Stimulus Selection
Stimulus: 1.000
Output value 1.573

Q+ parameters
slope: 0.043 semiSat: 0.780 beta: 1.125 sigma: 0.114 
maxBOLD estimate = 2.197


Trial 7: qplus Stimulus Selection
Stimulus: 0.505
Output value 0.653

Q+ parameters
slope: 0.043 semiSat: 0.780 beta: 0.969 sigma: 0.114 
maxBOLD estimate = 2.472


Trial 8: qplus Stimulus Selection
Stimulus: 0.711
Output value 1.633

Q+ parameters
slope: 0.183 semiSat: 0.560 beta: 0.750 sigma: 0.114 
maxBOLD estimate = 2.395


Trial 9: qplus Stimulus Selection
Stimulus: 0.588
Output value 1.179

Q+ parameters
slope: 0.183 semiSat: 0.560 beta: 1.031 sigma: 0.062 
maxBOLD estimate = 1.796


Trial 10: baseline Stimulus Selection
Stimulus: 0.010
Output value 0.174

Q+ parameters
slope: 0.183 semiSat: 0.560 beta: 1.031 sigma: 0.114 
maxBOLD estimate = 1.852


Trial 11: qplus Stimulus Selection
Stimulus: 0.629
Output value 1.791

Q+ parameters
slope: 0.183 semiSat: 0.560 beta: 1.031 sigma: 0.114 
maxBOLD estimate = 1.910


Trial 12: qplus Stimulus Selection
Stimulus: 0.505
Output value 0.336

Q+ parameters
slope: 0.183 semiSat: 0.560 beta: 0.938 sigma: 0.114 
maxBOLD estimate = 1.970


Trial 13: qplus Stimulus Selection
Stimulus: 0.629
Output value 1.847

Q+ parameters
slope: 0.234 semiSat: 0.560 beta: 1.000 sigma: 0.114 
maxBOLD estimate = 1.847


Trial 14: qplus Stimulus Selection
Stimulus: 0.505
Output value 1.039

Q+ parameters
slope: 0.183 semiSat: 0.560 beta: 1.031 sigma: 0.114 
maxBOLD estimate = 1.847


Trial 15: maxBOLD Stimulus Selection
Stimulus: 1.000
Output value 2.142

Q+ parameters
slope: 0.183 semiSat: 0.560 beta: 1.031 sigma: 0.114 
maxBOLD estimate = 1.904


Trial 16: qplus Stimulus Selection
Stimulus: 0.505
Output value 1.205

Q+ parameters
slope: 0.144 semiSat: 0.560 beta: 1.125 sigma: 0.114 
maxBOLD estimate = 1.964


Trial 17: qplus Stimulus Selection
Stimulus: 0.505
Output value 1.318

Q+ parameters
slope: 0.113 semiSat: 0.560 beta: 0.938 sigma: 0.114 
maxBOLD estimate = 2.209


Trial 18: qplus Stimulus Selection
Stimulus: 0.423
Output value 0.583

Q+ parameters
slope: 0.113 semiSat: 0.560 beta: 1.031 sigma: 0.114 
maxBOLD estimate = 2.071


Trial 19: qplus Stimulus Selection
Stimulus: 0.464
Output value 0.941

Q+ parameters
slope: 0.070 semiSat: 0.560 beta: 0.969 sigma: 0.114 
maxBOLD estimate = 2.136


Trial 20: baseline Stimulus Selection
Stimulus: 0.010
Output value 0.364

Q+ parameters
slope: 0.070 semiSat: 0.560 beta: 0.969 sigma: 0.114 
maxBOLD estimate = 2.069


Trial 21: qplus Stimulus Selection
Stimulus: 0.670
Output value 1.059

Q+ parameters
slope: 0.070 semiSat: 0.560 beta: 0.969 sigma: 0.114 
maxBOLD estimate = 2.005


Trial 22: qplus Stimulus Selection
Stimulus: 0.464
Output value 0.188

Q+ parameters
slope: 0.089 semiSat: 0.560 beta: 1.062 sigma: 0.114 
maxBOLD estimate = 1.942


Trial 23: qplus Stimulus Selection
Stimulus: 0.423
Output value 0.176

Q+ parameters
slope: 0.113 semiSat: 0.560 beta: 0.938 sigma: 0.114 
maxBOLD estimate = 2.063


Trial 24: qplus Stimulus Selection
Stimulus: 0.670
Output value 1.995

Q+ parameters
slope: 0.113 semiSat: 0.560 beta: 1.031 sigma: 0.114 
maxBOLD estimate = 1.934


Trial 25: maxBOLD Stimulus Selection
Stimulus: 1.000
Output value 2.057

Q+ parameters
slope: 0.113 semiSat: 0.560 beta: 1.031 sigma: 0.114 
maxBOLD estimate = 1.995


Trial 26: qplus Stimulus Selection
Stimulus: 0.588
Output value 1.403

Q+ parameters
slope: 0.113 semiSat: 0.560 beta: 0.938 sigma: 0.114 
maxBOLD estimate = 2.057


Trial 27: qplus Stimulus Selection
Stimulus: 0.629
Output value 1.578

Q+ parameters
slope: 0.144 semiSat: 0.560 beta: 1.125 sigma: 0.114 
maxBOLD estimate = 1.929


Trial 28: qplus Stimulus Selection
Stimulus: 0.505
Output value 0.370

Q+ parameters
slope: 0.183 semiSat: 0.560 beta: 0.938 sigma: 0.114 
maxBOLD estimate = 2.170


Trial 29: qplus Stimulus Selection
Stimulus: 0.670
Output value 1.335

Q+ parameters
slope: 0.113 semiSat: 0.560 beta: 1.031 sigma: 0.114 
maxBOLD estimate = 2.034


Trial 30: baseline Stimulus Selection
Stimulus: 0.010
Output value 0.334

Q+ parameters
slope: 0.144 semiSat: 0.560 beta: 0.875 sigma: 0.114 
maxBOLD estimate = 2.098


Trial 31: qplus Stimulus Selection
Stimulus: 0.670
Output value 2.252

Q+ parameters
slope: 0.144 semiSat: 0.560 beta: 1.125 sigma: 0.166 
maxBOLD estimate = 1.835


Trial 32: qplus Stimulus Selection
Stimulus: 0.505
Output value 0.704

Q+ parameters
slope: 0.183 semiSat: 0.560 beta: 0.938 sigma: 0.114 
maxBOLD estimate = 2.065


Trial 33: qplus Stimulus Selection
Stimulus: 0.464
Output value 0.495

Q+ parameters
slope: 0.183 semiSat: 0.560 beta: 0.938 sigma: 0.114 
maxBOLD estimate = 1.936


Trial 34: qplus Stimulus Selection
Stimulus: 0.588
Output value 2.062

Q+ parameters
slope: 0.144 semiSat: 0.560 beta: 1.250 sigma: 0.166 
maxBOLD estimate = 1.815


Trial 35: maxBOLD Stimulus Selection
Stimulus: 1.000
Output value 1.985

Q+ parameters
slope: 0.144 semiSat: 0.560 beta: 0.875 sigma: 0.114 
maxBOLD estimate = 2.268


Trial 36: qplus Stimulus Selection
Stimulus: 0.711
Output value 2.233

Q+ parameters
slope: 0.183 semiSat: 0.560 beta: 1.031 sigma: 0.166 
maxBOLD estimate = 1.985


Trial 37: qplus Stimulus Selection
Stimulus: 0.505
Output value 1.535

Q+ parameters
slope: 0.113 semiSat: 0.560 beta: 1.031 sigma: 0.114 
maxBOLD estimate = 2.047


Trial 38: qplus Stimulus Selection
Stimulus: 0.423
Output value 0.900

Q+ parameters
slope: 0.183 semiSat: 0.560 beta: 0.938 sigma: 0.114 
maxBOLD estimate = 2.111


Trial 39: qplus Stimulus Selection
Stimulus: 0.423
Output value 0.607

Q+ parameters
slope: 0.144 semiSat: 0.560 beta: 1.125 sigma: 0.166 
maxBOLD estimate = 1.979


Trial 40: baseline Stimulus Selection
Stimulus: 0.010
Output value 0.607

Q+ parameters
slope: 0.183 semiSat: 0.560 beta: 0.750 sigma: 0.114 
maxBOLD estimate = 2.226


Trial 41: qplus Stimulus Selection
Stimulus: 1.000
Output value 2.277

Q+ parameters
slope: 0.144 semiSat: 0.560 beta: 1.250 sigma: 0.166 
maxBOLD estimate = 1.670


Trial 42: qplus Stimulus Selection
Stimulus: 0.588
Output value 1.162

Q+ parameters
slope: 0.144 semiSat: 0.560 beta: 0.875 sigma: 0.114 
maxBOLD estimate = 2.087


Trial 43: qplus Stimulus Selection
Stimulus: 0.464
Output value 0.560

Q+ parameters
slope: 0.144 semiSat: 0.560 beta: 1.125 sigma: 0.166 
maxBOLD estimate = 1.826


Trial 44: qplus Stimulus Selection
Stimulus: 0.629
Output value 1.751

Q+ parameters
slope: 0.183 semiSat: 0.560 beta: 0.938 sigma: 0.114 
maxBOLD estimate = 2.055


Trial 45: maxBOLD Stimulus Selection
Stimulus: 1.000
Output value 1.773

Q+ parameters
slope: 0.144 semiSat: 0.560 beta: 1.125 sigma: 0.166 
maxBOLD estimate = 1.926


Trial 46: qplus Stimulus Selection
Stimulus: 0.505
Output value 0.517

Q+ parameters
slope: 0.113 semiSat: 0.560 beta: 0.875 sigma: 0.114 
maxBOLD estimate = 2.167


Trial 47: qplus Stimulus Selection
Stimulus: 0.670
Output value 2.133

Q+ parameters
slope: 0.144 semiSat: 0.560 beta: 1.125 sigma: 0.166 
maxBOLD estimate = 1.896


Trial 48: qplus Stimulus Selection
Stimulus: 0.505
Output value 0.679

Q+ parameters
slope: 0.144 semiSat: 0.560 beta: 0.875 sigma: 0.114 
maxBOLD estimate = 2.133


Trial 49: qplus Stimulus Selection
Stimulus: 0.464
Output value 0.764

Q+ parameters
slope: 0.144 semiSat: 0.560 beta: 1.125 sigma: 0.166 
maxBOLD estimate = 1.866


Trial 50: baseline Stimulus Selection
Stimulus: 0.010
Output value 0.334

Q+ parameters
slope: 0.144 semiSat: 0.560 beta: 0.875 sigma: 0.114 
maxBOLD estimate = 2.100


Trial 51: qplus Stimulus Selection
Stimulus: 0.670
Output value 2.130

Q+ parameters
slope: 0.183 semiSat: 0.560 beta: 1.062 sigma: 0.166 
maxBOLD estimate = 1.837


Trial 52: qplus Stimulus Selection
Stimulus: 0.505
Output value 0.860

Q+ parameters
slope: 0.144 semiSat: 0.560 beta: 0.969 sigma: 0.166 
maxBOLD estimate = 1.952


Trial 53: qplus Stimulus Selection
Stimulus: 0.629
Output value 1.418

Q+ parameters
slope: 0.183 semiSat: 0.560 beta: 1.031 sigma: 0.166 
maxBOLD estimate = 1.891


Trial 54: qplus Stimulus Selection
Stimulus: 0.588
Output value 0.343

Q+ parameters
slope: 0.144 semiSat: 0.560 beta: 0.969 sigma: 0.166 
maxBOLD estimate = 1.950


Trial 55: maxBOLD Stimulus Selection
Stimulus: 1.000
Output value 0.966

Q+ parameters
slope: 0.183 semiSat: 0.560 beta: 0.938 sigma: 0.166 
maxBOLD estimate = 1.889


Trial 56: qplus Stimulus Selection
Stimulus: 0.588
Output value 0.312

Q+ parameters
slope: 0.144 semiSat: 0.560 beta: 0.969 sigma: 0.166 
maxBOLD estimate = 1.771


Trial 57: qplus Stimulus Selection
Stimulus: 0.505
Output value -0.331

Q+ parameters
slope: 0.183 semiSat: 0.560 beta: 1.062 sigma: 0.166 
maxBOLD estimate = 1.716


Trial 58: qplus Stimulus Selection
Stimulus: 0.505
Output value 0.161

Q+ parameters
slope: 0.144 semiSat: 0.560 beta: 0.969 sigma: 0.166 
maxBOLD estimate = 1.823


Trial 59: qplus Stimulus Selection
Stimulus: 0.588
Output value 0.778

Q+ parameters
slope: 0.144 semiSat: 0.560 beta: 0.969 sigma: 0.166 
maxBOLD estimate = 1.766


Trial 60: baseline Stimulus Selection
Stimulus: 0.010
Output value -0.331

Q+ parameters
slope: 0.183 semiSat: 0.560 beta: 1.062 sigma: 0.166 
maxBOLD estimate = 1.711


Trial 61: qplus Stimulus Selection
Stimulus: 0.505
Output value 0.682

Q+ parameters
slope: 0.183 semiSat: 0.560 beta: 1.031 sigma: 0.166 
maxBOLD estimate = 1.818


Trial 62: qplus Stimulus Selection
Stimulus: 0.505
Output value 0.495

Q+ parameters
slope: 0.144 semiSat: 0.560 beta: 0.969 sigma: 0.166 
maxBOLD estimate = 1.875


Trial 63: qplus Stimulus Selection
Stimulus: 0.588
Output value 1.022

Q+ parameters
slope: 0.183 semiSat: 0.560 beta: 1.031 sigma: 0.166 
maxBOLD estimate = 1.816


Trial 64: qplus Stimulus Selection
Stimulus: 0.629
Output value 1.319

Q+ parameters
slope: 0.144 semiSat: 0.560 beta: 0.969 sigma: 0.166 
maxBOLD estimate = 1.873


Trial 65: maxBOLD Stimulus Selection
Stimulus: 1.000
Output value 1.361

Q+ parameters
slope: 0.183 semiSat: 0.560 beta: 1.031 sigma: 0.166 
maxBOLD estimate = 1.814


Trial 66: qplus Stimulus Selection
Stimulus: 0.505
Output value 0.159

Q+ parameters
slope: 0.183 semiSat: 0.560 beta: 0.938 sigma: 0.166 
maxBOLD estimate = 1.871


Trial 67: qplus Stimulus Selection
Stimulus: 0.588
Output value 0.822

Q+ parameters
slope: 0.183 semiSat: 0.560 beta: 1.031 sigma: 0.166 
maxBOLD estimate = 1.754


Trial 68: qplus Stimulus Selection
Stimulus: 0.505
Output value 0.339

Q+ parameters
slope: 0.183 semiSat: 0.560 beta: 1.031 sigma: 0.166 
maxBOLD estimate = 1.809


Trial 69: qplus Stimulus Selection
Stimulus: 0.588
Output value 0.821

Q+ parameters
slope: 0.144 semiSat: 0.560 beta: 0.969 sigma: 0.166 
maxBOLD estimate = 1.865


Trial 70: baseline Stimulus Selection
Stimulus: 0.010
Output value 0.159

Q+ parameters
slope: 0.144 semiSat: 0.560 beta: 0.969 sigma: 0.166 
maxBOLD estimate = 1.807


Trial 71: qplus Stimulus Selection
Stimulus: 0.588
Output value 0.985

Q+ parameters
slope: 0.183 semiSat: 0.560 beta: 1.031 sigma: 0.166 
maxBOLD estimate = 1.751


Trial 72: qplus Stimulus Selection
Stimulus: 0.794
Output value 2.031

Q+ parameters
slope: 0.183 semiSat: 0.560 beta: 1.031 sigma: 0.166 
maxBOLD estimate = 1.805


Trial 73: qplus Stimulus Selection
Stimulus: 0.794
Output value 1.640

Q+ parameters
slope: 0.144 semiSat: 0.560 beta: 0.969 sigma: 0.166 
maxBOLD estimate = 1.862


Trial 74: qplus Stimulus Selection
Stimulus: 0.588
Output value 1.014

Q+ parameters
slope: 0.183 semiSat: 0.560 beta: 1.031 sigma: 0.166 
maxBOLD estimate = 1.804


Trial 75: maxBOLD Stimulus Selection
Stimulus: 1.000
Output value 1.427

Q+ parameters
slope: 0.183 semiSat: 0.560 beta: 0.938 sigma: 0.166 
maxBOLD estimate = 1.860

