/blue/stevenweisberg/stevenweisberg/MATLAB/projects/Weisberg_Aguirre_2020/scripts/run_sims
c25a-s26.ufhpc
Wed Apr  7 05:59:27 EDT 2021
mkdir: cannot create directory ‘/blue/stevenweisberg/stevenweisberg/qpfMRIResults/model_parameter_set2/’: File exists
cp: cannot stat ‘/blue/stevenweisberg/stevenweisberg/qpfMRIResults/deploy_sim.sh’: No such file or directory
cp: cannot stat ‘/blue/stevenweisberg/stevenweisberg/qpfMRIResults/sim_wrapper.sh’: No such file or directory
------------------------------------------
Setting up environment variables
---
LD_LIBRARY_PATH is .:/apps/matlab/mcr/2020b/v99/runtime/glnxa64:/apps/matlab/mcr/2020b/v99/bin/glnxa64:/apps/matlab/mcr/2020b/v99/sys/os/glnxa64:/apps/matlab/mcr/2020b/v99/sys/opengl/lib/glnxa64
Warning: Executing startup failed in matlabrc.
This indicates a potentially serious problem in your MATLAB setup, which should be resolved as soon as possible.  Error detected was:
MATLAB:mpath:PathAlterationNotSupported
Modifying the search path is not supported by MATLAB Compiler. Remove functions that modify the search path from your MATLAB code. To make files visible to your deployed application, add the parent folder to your MATLAB session.
Warning: No stimulus domain specified. Defaulting to values between 0.01 and 1.
> In qpfmriParams (line 182)
In compiledSimulate (line 205)
Stimulus domain added from input.
Parameter slope specified as 0.20000
Parameter semiSat specified as 0.57000
Parameter beta specified as 1.00000
Parameter sigma specified as 0.15000
seed = 99seed = 104seed = 111seed = 111seed = 115seed = 101Initializing Q+. This may take a minute...
Elapsed time is 9.742130 seconds.
Simulated parameters:
slope: 0.200 semiSat: 0.570 beta: 1.000 sigma: 0.150 

Trial 1: baseline Stimulus Selection
Stimulus: 0.010
Output value 0.000

Q+ parameters
slope: 0.026 semiSat: 0.890 beta: 0.500 sigma: 0.010 
maxBOLD estimate = 1.000


Trial 2: maxBOLD Stimulus Selection
Stimulus: 1.000
Output value 0.795

Q+ parameters
slope: 0.034 semiSat: 1.000 beta: 1.250 sigma: 0.010 
maxBOLD estimate = 1.000


Trial 3: baseline Stimulus Selection
Stimulus: 0.010
Output value 0.000

Q+ parameters
slope: 0.055 semiSat: 0.670 beta: 1.125 sigma: 0.010 
maxBOLD estimate = 1.250


Trial 4: maxBOLD Stimulus Selection
Stimulus: 1.000
Output value 1.918

Q+ parameters
slope: 0.055 semiSat: 0.670 beta: 1.250 sigma: 0.062 
maxBOLD estimate = 1.406


Trial 5: baseline Stimulus Selection
Stimulus: 0.010
Output value 0.310

Q+ parameters
slope: 0.043 semiSat: 0.780 beta: 0.969 sigma: 0.114 
maxBOLD estimate = 1.758


Trial 6: maxBOLD Stimulus Selection
Stimulus: 1.000
Output value 2.322

Q+ parameters
slope: 0.055 semiSat: 0.670 beta: 1.250 sigma: 0.114 
maxBOLD estimate = 1.703


Trial 7: qplus Stimulus Selection
Stimulus: 0.546
Output value 1.016

Q+ parameters
slope: 0.070 semiSat: 0.450 beta: 0.875 sigma: 0.114 
maxBOLD estimate = 2.129


Trial 8: qplus Stimulus Selection
Stimulus: 0.505
Output value 0.900

Q+ parameters
slope: 0.070 semiSat: 0.560 beta: 1.062 sigma: 0.114 
maxBOLD estimate = 1.863


Trial 9: qplus Stimulus Selection
Stimulus: 0.464
Output value 0.506

Q+ parameters
slope: 0.070 semiSat: 0.560 beta: 0.938 sigma: 0.062 
maxBOLD estimate = 1.979


Trial 10: baseline Stimulus Selection
Stimulus: 0.010
Output value 0.348

Q+ parameters
slope: 0.144 semiSat: 0.560 beta: 1.031 sigma: 0.114 
maxBOLD estimate = 1.855


Trial 11: qplus Stimulus Selection
Stimulus: 0.629
Output value 0.842

Q+ parameters
slope: 0.070 semiSat: 0.670 beta: 0.969 sigma: 0.166 
maxBOLD estimate = 1.913


Trial 12: qplus Stimulus Selection
Stimulus: 0.711
Output value 1.580

Q+ parameters
slope: 0.183 semiSat: 0.560 beta: 0.938 sigma: 0.114 
maxBOLD estimate = 1.853


Trial 13: qplus Stimulus Selection
Stimulus: 0.629
Output value 1.955

Q+ parameters
slope: 0.234 semiSat: 0.560 beta: 1.125 sigma: 0.166 
maxBOLD estimate = 1.738


Trial 14: qplus Stimulus Selection
Stimulus: 0.505
Output value 0.333

Q+ parameters
slope: 0.183 semiSat: 0.560 beta: 0.938 sigma: 0.114 
maxBOLD estimate = 1.955


Trial 15: maxBOLD Stimulus Selection
Stimulus: 1.000
Output value 1.406

Q+ parameters
slope: 0.183 semiSat: 0.560 beta: 0.938 sigma: 0.114 
maxBOLD estimate = 1.833


Trial 16: qplus Stimulus Selection
Stimulus: 0.588
Output value 0.966

Q+ parameters
slope: 0.183 semiSat: 0.560 beta: 1.031 sigma: 0.114 
maxBOLD estimate = 1.718


Trial 17: qplus Stimulus Selection
Stimulus: 0.505
Output value -0.322

Q+ parameters
slope: 0.234 semiSat: 0.560 beta: 1.000 sigma: 0.166 
maxBOLD estimate = 1.772


Trial 18: qplus Stimulus Selection
Stimulus: 0.588
Output value 0.161

Q+ parameters
slope: 0.234 semiSat: 0.560 beta: 1.000 sigma: 0.166 
maxBOLD estimate = 1.772


Trial 19: qplus Stimulus Selection
Stimulus: 0.629
Output value 1.289

Q+ parameters
slope: 0.234 semiSat: 0.560 beta: 1.000 sigma: 0.166 
maxBOLD estimate = 1.772


Trial 20: baseline Stimulus Selection
Stimulus: 0.010
Output value -0.332

Q+ parameters
slope: 0.183 semiSat: 0.560 beta: 1.031 sigma: 0.114 
maxBOLD estimate = 1.772


Trial 21: qplus Stimulus Selection
Stimulus: 0.505
Output value 0.145

Q+ parameters
slope: 0.234 semiSat: 0.560 beta: 0.875 sigma: 0.114 
maxBOLD estimate = 1.827


Trial 22: qplus Stimulus Selection
Stimulus: 0.588
Output value 0.872

Q+ parameters
slope: 0.234 semiSat: 0.560 beta: 1.000 sigma: 0.114 
maxBOLD estimate = 1.599


Trial 23: qplus Stimulus Selection
Stimulus: 0.588
Output value 0.727

Q+ parameters
slope: 0.234 semiSat: 0.560 beta: 1.000 sigma: 0.114 
maxBOLD estimate = 1.599


Trial 24: qplus Stimulus Selection
Stimulus: 0.588
Output value 0.218

Q+ parameters
slope: 0.089 semiSat: 0.670 beta: 1.500 sigma: 0.166 
maxBOLD estimate = 1.599


Trial 25: maxBOLD Stimulus Selection
Stimulus: 1.000
Output value 0.981

Q+ parameters
slope: 0.183 semiSat: 0.560 beta: 0.750 sigma: 0.114 
maxBOLD estimate = 2.398


Trial 26: qplus Stimulus Selection
Stimulus: 0.670
Output value 2.453

Q+ parameters
slope: 0.144 semiSat: 0.670 beta: 1.500 sigma: 0.166 
maxBOLD estimate = 1.799


Trial 27: qplus Stimulus Selection
Stimulus: 0.629
Output value 0.920

Q+ parameters
slope: 0.055 semiSat: 0.670 beta: 0.750 sigma: 0.114 
maxBOLD estimate = 2.698


Trial 28: qplus Stimulus Selection
Stimulus: 1.000
Output value 1.104

Q+ parameters
slope: 0.234 semiSat: 0.560 beta: 0.750 sigma: 0.114 
maxBOLD estimate = 2.023


Trial 29: qplus Stimulus Selection
Stimulus: 0.629
Output value 1.759

Q+ parameters
slope: 0.183 semiSat: 0.560 beta: 1.062 sigma: 0.166 
maxBOLD estimate = 1.518


Trial 30: baseline Stimulus Selection
Stimulus: 0.010
Output value -0.311

Q+ parameters
slope: 0.183 semiSat: 0.560 beta: 1.062 sigma: 0.166 
maxBOLD estimate = 1.612


Trial 31: qplus Stimulus Selection
Stimulus: 0.505
Output value 0.754

Q+ parameters
slope: 0.144 semiSat: 0.560 beta: 0.969 sigma: 0.166 
maxBOLD estimate = 1.713


Trial 32: qplus Stimulus Selection
Stimulus: 0.588
Output value 1.400

Q+ parameters
slope: 0.234 semiSat: 0.560 beta: 1.031 sigma: 0.166 
maxBOLD estimate = 1.660


Trial 33: qplus Stimulus Selection
Stimulus: 0.505
Output value 0.904

Q+ parameters
slope: 0.144 semiSat: 0.560 beta: 0.969 sigma: 0.166 
maxBOLD estimate = 1.712


Trial 34: qplus Stimulus Selection
Stimulus: 0.629
Output value 1.121

Q+ parameters
slope: 0.183 semiSat: 0.560 beta: 1.062 sigma: 0.166 
maxBOLD estimate = 1.658


Trial 35: maxBOLD Stimulus Selection
Stimulus: 1.000
Output value 1.241

Q+ parameters
slope: 0.144 semiSat: 0.560 beta: 0.969 sigma: 0.166 
maxBOLD estimate = 1.762


Trial 36: qplus Stimulus Selection
Stimulus: 0.505
Output value 0.751

Q+ parameters
slope: 0.144 semiSat: 0.560 beta: 0.969 sigma: 0.166 
maxBOLD estimate = 1.707


Trial 37: qplus Stimulus Selection
Stimulus: 0.505
Output value 0.639

Q+ parameters
slope: 0.183 semiSat: 0.560 beta: 1.062 sigma: 0.166 
maxBOLD estimate = 1.653


Trial 38: qplus Stimulus Selection
Stimulus: 0.505
Output value 1.392

Q+ parameters
slope: 0.144 semiSat: 0.560 beta: 0.969 sigma: 0.166 
maxBOLD estimate = 1.757


Trial 39: qplus Stimulus Selection
Stimulus: 0.629
Output value 1.049

Q+ parameters
slope: 0.144 semiSat: 0.560 beta: 0.969 sigma: 0.166 
maxBOLD estimate = 1.702


Trial 40: baseline Stimulus Selection
Stimulus: 0.010
Output value 0.927

Q+ parameters
slope: 0.234 semiSat: 0.560 beta: 1.031 sigma: 0.218 
maxBOLD estimate = 1.649


Trial 41: qplus Stimulus Selection
Stimulus: 0.629
Output value 1.739

Q+ parameters
slope: 0.183 semiSat: 0.560 beta: 0.938 sigma: 0.166 
maxBOLD estimate = 1.700


Trial 42: qplus Stimulus Selection
Stimulus: 0.670
Output value 1.793

Q+ parameters
slope: 0.234 semiSat: 0.560 beta: 1.031 sigma: 0.218 
maxBOLD estimate = 1.594


Trial 43: qplus Stimulus Selection
Stimulus: 0.505
Output value 0.308

Q+ parameters
slope: 0.234 semiSat: 0.560 beta: 1.031 sigma: 0.218 
maxBOLD estimate = 1.644


Trial 44: qplus Stimulus Selection
Stimulus: 0.670
Output value 1.907

Q+ parameters
slope: 0.234 semiSat: 0.560 beta: 1.031 sigma: 0.166 
maxBOLD estimate = 1.695


Trial 45: maxBOLD Stimulus Selection
Stimulus: 1.000
Output value 1.192

Q+ parameters
slope: 0.183 semiSat: 0.560 beta: 0.938 sigma: 0.166 
maxBOLD estimate = 1.748


Trial 46: qplus Stimulus Selection
Stimulus: 0.670
Output value 1.690

Q+ parameters
slope: 0.234 semiSat: 0.560 beta: 1.031 sigma: 0.218 
maxBOLD estimate = 1.639


Trial 47: qplus Stimulus Selection
Stimulus: 0.670
Output value 1.426

Q+ parameters
slope: 0.234 semiSat: 0.560 beta: 1.031 sigma: 0.166 
maxBOLD estimate = 1.690


Trial 48: qplus Stimulus Selection
Stimulus: 0.546
Output value 0.654

Q+ parameters
slope: 0.234 semiSat: 0.560 beta: 1.031 sigma: 0.218 
maxBOLD estimate = 1.743


Trial 49: qplus Stimulus Selection
Stimulus: 0.546
Output value 0.143

Q+ parameters
slope: 0.234 semiSat: 0.560 beta: 0.875 sigma: 0.166 
maxBOLD estimate = 1.797


Trial 50: baseline Stimulus Selection
Stimulus: 0.010
Output value 0.590

Q+ parameters
slope: 0.234 semiSat: 0.560 beta: 1.031 sigma: 0.218 
maxBOLD estimate = 1.573


Trial 51: qplus Stimulus Selection
Stimulus: 0.670
Output value 0.221

Q+ parameters
slope: 0.089 semiSat: 0.670 beta: 1.500 sigma: 0.218 
maxBOLD estimate = 1.622


Trial 52: qplus Stimulus Selection
Stimulus: 0.794
Output value 0.774

Q+ parameters
slope: 0.298 semiSat: 0.560 beta: 0.500 sigma: 0.114 
maxBOLD estimate = 2.432


Trial 53: qplus Stimulus Selection
Stimulus: 1.000
Output value 1.410

Q+ parameters
slope: 0.183 semiSat: 0.560 beta: 1.062 sigma: 0.218 
maxBOLD estimate = 1.216


Trial 54: qplus Stimulus Selection
Stimulus: 0.794
Output value 1.498

Q+ parameters
slope: 0.183 semiSat: 0.560 beta: 1.062 sigma: 0.218 
maxBOLD estimate = 1.292


Trial 55: maxBOLD Stimulus Selection
Stimulus: 1.000
Output value 1.591

Q+ parameters
slope: 0.183 semiSat: 0.560 beta: 1.062 sigma: 0.218 
maxBOLD estimate = 1.373


Trial 56: qplus Stimulus Selection
Stimulus: 0.505
Output value -0.274

Q+ parameters
slope: 0.234 semiSat: 0.560 beta: 1.031 sigma: 0.218 
maxBOLD estimate = 1.459


Trial 57: qplus Stimulus Selection
Stimulus: 0.505
Output value 0.872

Q+ parameters
slope: 0.183 semiSat: 0.560 beta: 1.062 sigma: 0.218 
maxBOLD estimate = 1.504


Trial 58: qplus Stimulus Selection
Stimulus: 0.505
Output value -0.300

Q+ parameters
slope: 0.234 semiSat: 0.560 beta: 1.031 sigma: 0.218 
maxBOLD estimate = 1.598


Trial 59: qplus Stimulus Selection
Stimulus: 0.546
Output value 0.787

Q+ parameters
slope: 0.234 semiSat: 0.560 beta: 0.875 sigma: 0.166 
maxBOLD estimate = 1.648


Trial 60: baseline Stimulus Selection
Stimulus: 0.010
Output value 0.135

Q+ parameters
slope: 0.234 semiSat: 0.560 beta: 1.031 sigma: 0.218 
maxBOLD estimate = 1.442


Trial 61: qplus Stimulus Selection
Stimulus: 0.546
Output value 0.558

Q+ parameters
slope: 0.234 semiSat: 0.560 beta: 1.031 sigma: 0.218 
maxBOLD estimate = 1.487


Trial 62: qplus Stimulus Selection
Stimulus: 0.546
Output value 0.719

Q+ parameters
slope: 0.234 semiSat: 0.560 beta: 1.031 sigma: 0.218 
maxBOLD estimate = 1.534


Trial 63: qplus Stimulus Selection
Stimulus: 0.546
Output value 0.557

Q+ parameters
slope: 0.298 semiSat: 0.560 beta: 0.969 sigma: 0.166 
maxBOLD estimate = 1.582


Trial 64: qplus Stimulus Selection
Stimulus: 0.546
Output value 0.862

Q+ parameters
slope: 0.234 semiSat: 0.560 beta: 1.031 sigma: 0.218 
maxBOLD estimate = 1.532


Trial 65: maxBOLD Stimulus Selection
Stimulus: 1.000
Output value 1.670

Q+ parameters
slope: 0.298 semiSat: 0.560 beta: 0.969 sigma: 0.166 
maxBOLD estimate = 1.580


Trial 66: qplus Stimulus Selection
Stimulus: 0.546
Output value 0.674

Q+ parameters
slope: 0.298 semiSat: 0.560 beta: 0.969 sigma: 0.166 
maxBOLD estimate = 1.531


Trial 67: qplus Stimulus Selection
Stimulus: 0.546
Output value 1.251

Q+ parameters
slope: 0.234 semiSat: 0.560 beta: 1.031 sigma: 0.218 
maxBOLD estimate = 1.483


Trial 68: qplus Stimulus Selection
Stimulus: 0.505
Output value -0.269

Q+ parameters
slope: 0.298 semiSat: 0.560 beta: 0.969 sigma: 0.166 
maxBOLD estimate = 1.529


Trial 69: qplus Stimulus Selection
Stimulus: 0.546
Output value 0.391

Q+ parameters
slope: 0.298 semiSat: 0.560 beta: 0.969 sigma: 0.166 
maxBOLD estimate = 1.482


Trial 70: baseline Stimulus Selection
Stimulus: 0.010
Output value -0.139

Q+ parameters
slope: 0.183 semiSat: 0.560 beta: 1.062 sigma: 0.166 
maxBOLD estimate = 1.435


Trial 71: qplus Stimulus Selection
Stimulus: 0.505
Output value 0.940

Q+ parameters
slope: 0.298 semiSat: 0.560 beta: 0.969 sigma: 0.166 
maxBOLD estimate = 1.525


Trial 72: qplus Stimulus Selection
Stimulus: 0.546
Output value 1.108

Q+ parameters
slope: 0.234 semiSat: 0.560 beta: 1.031 sigma: 0.166 
maxBOLD estimate = 1.477


Trial 73: qplus Stimulus Selection
Stimulus: 0.505
Output value 1.177

Q+ parameters
slope: 0.183 semiSat: 0.560 beta: 1.062 sigma: 0.218 
maxBOLD estimate = 1.524


Trial 74: qplus Stimulus Selection
Stimulus: 0.505
Output value 0.000

Q+ parameters
slope: 0.298 semiSat: 0.560 beta: 0.969 sigma: 0.166 
maxBOLD estimate = 1.619


Trial 75: maxBOLD Stimulus Selection
Stimulus: 1.000
Output value 1.657

Q+ parameters
slope: 0.298 semiSat: 0.560 beta: 0.969 sigma: 0.166 
maxBOLD estimate = 1.568


Trial 76: qplus Stimulus Selection
Stimulus: 0.546
Output value 1.761

Q+ parameters
slope: 0.183 semiSat: 0.560 beta: 1.062 sigma: 0.218 
maxBOLD estimate = 1.519


Trial 77: qplus Stimulus Selection
Stimulus: 0.505
Output value 0.454

Q+ parameters
slope: 0.234 semiSat: 0.560 beta: 1.031 sigma: 0.166 
maxBOLD estimate = 1.614


Trial 78: qplus Stimulus Selection
Stimulus: 0.546
Output value 0.440

Q+ parameters
slope: 0.298 semiSat: 0.560 beta: 0.969 sigma: 0.166 
maxBOLD estimate = 1.665


Trial 79: qplus Stimulus Selection
Stimulus: 0.711
Output value 1.663

Q+ parameters
slope: 0.234 semiSat: 0.560 beta: 1.031 sigma: 0.166 
maxBOLD estimate = 1.613


Trial 80: baseline Stimulus Selection
Stimulus: 0.010
Output value 0.529

Q+ parameters
slope: 0.234 semiSat: 0.560 beta: 0.875 sigma: 0.166 
maxBOLD estimate = 1.663


Trial 81: qplus Stimulus Selection
Stimulus: 0.629
Output value 1.265

Q+ parameters
slope: 0.183 semiSat: 0.560 beta: 1.062 sigma: 0.166 
maxBOLD estimate = 1.455


Trial 82: qplus Stimulus Selection
Stimulus: 0.505
Output value 0.870

Q+ parameters
slope: 0.234 semiSat: 0.560 beta: 1.031 sigma: 0.166 
maxBOLD estimate = 1.546


Trial 83: qplus Stimulus Selection
Stimulus: 0.505
Output value 1.540

Q+ parameters
slope: 0.183 semiSat: 0.560 beta: 1.062 sigma: 0.218 
maxBOLD estimate = 1.594


Trial 84: qplus Stimulus Selection
Stimulus: 0.794
Output value 1.078

Q+ parameters
slope: 0.234 semiSat: 0.560 beta: 0.875 sigma: 0.166 
maxBOLD estimate = 1.694


Trial 85: maxBOLD Stimulus Selection
Stimulus: 1.000
Output value 1.575

Q+ parameters
slope: 0.183 semiSat: 0.560 beta: 1.062 sigma: 0.218 
maxBOLD estimate = 1.482


Trial 86: qplus Stimulus Selection
Stimulus: 0.505
Output value 0.152

Q+ parameters
slope: 0.183 semiSat: 0.560 beta: 1.062 sigma: 0.166 
maxBOLD estimate = 1.575


Trial 87: qplus Stimulus Selection
Stimulus: 0.505
Output value 0.295

Q+ parameters
slope: 0.298 semiSat: 0.560 beta: 0.969 sigma: 0.166 
maxBOLD estimate = 1.673


Trial 88: qplus Stimulus Selection
Stimulus: 0.588
Output value 1.570

Q+ parameters
slope: 0.298 semiSat: 0.560 beta: 0.969 sigma: 0.166 
maxBOLD estimate = 1.621


Trial 89: qplus Stimulus Selection
Stimulus: 0.546
Output value 0.455

Q+ parameters
slope: 0.183 semiSat: 0.560 beta: 1.062 sigma: 0.166 
maxBOLD estimate = 1.570


Trial 90: baseline Stimulus Selection
Stimulus: 0.010
Output value 0.664

Q+ parameters
slope: 0.234 semiSat: 0.560 beta: 0.875 sigma: 0.166 
maxBOLD estimate = 1.668


Trial 91: qplus Stimulus Selection
Stimulus: 0.629
Output value 1.128

Q+ parameters
slope: 0.183 semiSat: 0.560 beta: 1.062 sigma: 0.218 
maxBOLD estimate = 1.460


Trial 92: qplus Stimulus Selection
Stimulus: 0.505
Output value 0.410

Q+ parameters
slope: 0.298 semiSat: 0.560 beta: 0.969 sigma: 0.166 
maxBOLD estimate = 1.551


Trial 93: qplus Stimulus Selection
Stimulus: 0.546
Output value 0.871

Q+ parameters
slope: 0.183 semiSat: 0.560 beta: 1.062 sigma: 0.218 
maxBOLD estimate = 1.503


Trial 94: qplus Stimulus Selection
Stimulus: 0.505
Output value 0.703

Q+ parameters
slope: 0.298 semiSat: 0.560 beta: 0.969 sigma: 0.166 
maxBOLD estimate = 1.597


Trial 95: maxBOLD Stimulus Selection
Stimulus: 1.000
Output value 1.635

Q+ parameters
slope: 0.298 semiSat: 0.560 beta: 0.969 sigma: 0.166 
maxBOLD estimate = 1.547


Trial 96: qplus Stimulus Selection
Stimulus: 0.546
Output value 0.000

Q+ parameters
slope: 0.183 semiSat: 0.560 beta: 1.062 sigma: 0.218 
maxBOLD estimate = 1.498


Trial 97: qplus Stimulus Selection
Stimulus: 0.505
Output value 0.701

Q+ parameters
slope: 0.298 semiSat: 0.560 beta: 0.969 sigma: 0.166 
maxBOLD estimate = 1.592


Trial 98: qplus Stimulus Selection
Stimulus: 0.546
Output value 0.894

Q+ parameters
slope: 0.183 semiSat: 0.560 beta: 1.062 sigma: 0.166 
maxBOLD estimate = 1.542


Trial 99: qplus Stimulus Selection
Stimulus: 0.505
Output value 0.433

Q+ parameters
slope: 0.298 semiSat: 0.560 beta: 0.969 sigma: 0.166 
maxBOLD estimate = 1.639


Trial 100: baseline Stimulus Selection
Stimulus: 0.010
Output value 0.000

Q+ parameters
slope: 0.298 semiSat: 0.560 beta: 0.969 sigma: 0.166 
maxBOLD estimate = 1.587

--------------------------------------------------------------
FINAL VALUES
--------------------------------------------------------------
Simulated parameters:              slope: 0.200 semiSat: 0.570 beta: 1.000 sigma: 0.150 
Max posterior QUEST+ parameters:   slope: 0.183 semiSat: 0.560 beta: 1.062 sigma: 0.166 
Max BADS parameters:               slope: 0.277 semiSat: 0.566 beta: 1.000 sigma: 0.179 
maxBOLD estimate: 1.548
