/blue/stevenweisberg/stevenweisberg/MATLAB/projects/Weisberg_Aguirre_2020/scripts/run_sims
c29a-s17.ufhpc
Wed Apr  7 10:11:51 EDT 2021
mkdir: cannot create directory ‘/blue/stevenweisberg/stevenweisberg/qpfMRIResults/model_parameter_set2/’: File exists
cp: cannot stat ‘/blue/stevenweisberg/stevenweisberg/qpfMRIResults/deploy_sim.sh’: No such file or directory
cp: cannot stat ‘/blue/stevenweisberg/stevenweisberg/qpfMRIResults/sim_wrapper.sh’: No such file or directory
------------------------------------------
Setting up environment variables
---
LD_LIBRARY_PATH is .:/apps/matlab/mcr/2020b/v99/runtime/glnxa64:/apps/matlab/mcr/2020b/v99/bin/glnxa64:/apps/matlab/mcr/2020b/v99/sys/os/glnxa64:/apps/matlab/mcr/2020b/v99/sys/opengl/lib/glnxa64
Warning: Executing startup failed in matlabrc.
This indicates a potentially serious problem in your MATLAB setup, which should be resolved as soon as possible.  Error detected was:
MATLAB:mpath:PathAlterationNotSupported
Modifying the search path is not supported by MATLAB Compiler. Remove functions that modify the search path from your MATLAB code. To make files visible to your deployed application, add the parent folder to your MATLAB session.
Warning: No stimulus domain specified. Defaulting to values between 0.01 and 1.
> In qpfmriParams (line 182)
In compiledSimulate (line 205)
Stimulus domain added from input.
Parameter slope specified as 0.20000
Parameter semiSat specified as 0.57000
Parameter beta specified as 1.00000
Parameter sigma specified as 0.15000
seed = 99seed = 104seed = 111seed = 111seed = 115seed = 101Initializing Q+. This may take a minute...
Elapsed time is 9.816470 seconds.
Simulated parameters:
slope: 0.200 semiSat: 0.570 beta: 1.000 sigma: 0.150 

Trial 1: baseline Stimulus Selection
Stimulus: 0.010
Output value 0.000

Q+ parameters
slope: 0.026 semiSat: 0.890 beta: 0.500 sigma: 0.010 
maxBOLD estimate = 1.000


Trial 2: maxBOLD Stimulus Selection
Stimulus: 1.000
Output value 1.364

Q+ parameters
slope: 0.055 semiSat: 0.670 beta: 1.250 sigma: 0.010 
maxBOLD estimate = 1.000


Trial 3: baseline Stimulus Selection
Stimulus: 0.010
Output value 0.284

Q+ parameters
slope: 0.055 semiSat: 0.670 beta: 1.250 sigma: 0.114 
maxBOLD estimate = 1.250


Trial 4: maxBOLD Stimulus Selection
Stimulus: 1.000
Output value 2.131

Q+ parameters
slope: 0.055 semiSat: 0.670 beta: 1.250 sigma: 0.114 
maxBOLD estimate = 1.562


Trial 5: baseline Stimulus Selection
Stimulus: 0.010
Output value 0.000

Q+ parameters
slope: 0.043 semiSat: 0.780 beta: 1.250 sigma: 0.062 
maxBOLD estimate = 1.953


Trial 6: maxBOLD Stimulus Selection
Stimulus: 1.000
Output value 1.935

Q+ parameters
slope: 0.043 semiSat: 0.780 beta: 0.969 sigma: 0.062 
maxBOLD estimate = 2.441


Trial 7: qplus Stimulus Selection
Stimulus: 0.711
Output value 1.129

Q+ parameters
slope: 0.070 semiSat: 0.450 beta: 0.750 sigma: 0.062 
maxBOLD estimate = 2.365


Trial 8: qplus Stimulus Selection
Stimulus: 0.464
Output value -0.141

Q+ parameters
slope: 0.379 semiSat: 0.560 beta: 0.875 sigma: 0.062 
maxBOLD estimate = 1.774


Trial 9: qplus Stimulus Selection
Stimulus: 0.629
Output value 0.529

Q+ parameters
slope: 0.298 semiSat: 0.670 beta: 1.250 sigma: 0.062 
maxBOLD estimate = 1.552


Trial 10: baseline Stimulus Selection
Stimulus: 0.010
Output value -0.165

Q+ parameters
slope: 0.379 semiSat: 0.670 beta: 0.938 sigma: 0.062 
maxBOLD estimate = 1.940


Trial 11: qplus Stimulus Selection
Stimulus: 0.629
Output value 1.240

Q+ parameters
slope: 0.234 semiSat: 0.670 beta: 1.250 sigma: 0.114 
maxBOLD estimate = 1.819


Trial 12: qplus Stimulus Selection
Stimulus: 0.588
Output value 0.155

Q+ parameters
slope: 0.183 semiSat: 0.670 beta: 0.750 sigma: 0.062 
maxBOLD estimate = 2.274


Trial 13: qplus Stimulus Selection
Stimulus: 0.753
Output value 1.119

Q+ parameters
slope: 0.183 semiSat: 0.670 beta: 1.031 sigma: 0.114 
maxBOLD estimate = 1.705


Trial 14: qplus Stimulus Selection
Stimulus: 0.711
Output value 0.989

Q+ parameters
slope: 0.183 semiSat: 0.670 beta: 1.031 sigma: 0.114 
maxBOLD estimate = 1.758


Trial 15: maxBOLD Stimulus Selection
Stimulus: 1.000
Output value 1.010

Q+ parameters
slope: 0.234 semiSat: 0.670 beta: 0.875 sigma: 0.114 
maxBOLD estimate = 1.813


Trial 16: qplus Stimulus Selection
Stimulus: 0.711
Output value 1.190

Q+ parameters
slope: 0.183 semiSat: 0.670 beta: 1.031 sigma: 0.114 
maxBOLD estimate = 1.587


Trial 17: qplus Stimulus Selection
Stimulus: 0.629
Output value 2.455

Q+ parameters
slope: 0.234 semiSat: 0.670 beta: 1.500 sigma: 0.218 
maxBOLD estimate = 1.636


Trial 18: qplus Stimulus Selection
Stimulus: 0.753
Output value 1.171

Q+ parameters
slope: 0.183 semiSat: 0.670 beta: 0.750 sigma: 0.114 
maxBOLD estimate = 2.455


Trial 19: qplus Stimulus Selection
Stimulus: 0.505
Output value 0.345

Q+ parameters
slope: 0.183 semiSat: 0.670 beta: 1.031 sigma: 0.166 
maxBOLD estimate = 1.841


Trial 20: baseline Stimulus Selection
Stimulus: 0.010
Output value 0.259

Q+ parameters
slope: 0.183 semiSat: 0.670 beta: 0.750 sigma: 0.114 
maxBOLD estimate = 1.898


Trial 21: qplus Stimulus Selection
Stimulus: 0.588
Output value 0.777

Q+ parameters
slope: 0.234 semiSat: 0.670 beta: 1.500 sigma: 0.166 
maxBOLD estimate = 1.424


Trial 22: qplus Stimulus Selection
Stimulus: 0.711
Output value 1.019

Q+ parameters
slope: 0.183 semiSat: 0.670 beta: 0.750 sigma: 0.114 
maxBOLD estimate = 2.136


Trial 23: qplus Stimulus Selection
Stimulus: 0.753
Output value 1.529

Q+ parameters
slope: 0.234 semiSat: 0.670 beta: 1.500 sigma: 0.218 
maxBOLD estimate = 1.602


Trial 24: qplus Stimulus Selection
Stimulus: 0.711
Output value 0.655

Q+ parameters
slope: 0.183 semiSat: 0.670 beta: 0.750 sigma: 0.114 
maxBOLD estimate = 2.403


Trial 25: maxBOLD Stimulus Selection
Stimulus: 1.000
Output value 1.229

Q+ parameters
slope: 0.144 semiSat: 0.670 beta: 0.938 sigma: 0.166 
maxBOLD estimate = 1.802


Trial 26: qplus Stimulus Selection
Stimulus: 0.588
Output value 0.864

Q+ parameters
slope: 0.113 semiSat: 0.670 beta: 1.125 sigma: 0.166 
maxBOLD estimate = 1.689


Trial 27: qplus Stimulus Selection
Stimulus: 0.588
Output value 0.756

Q+ parameters
slope: 0.113 semiSat: 0.670 beta: 0.875 sigma: 0.114 
maxBOLD estimate = 1.901


Trial 28: qplus Stimulus Selection
Stimulus: 0.588
Output value 0.850

Q+ parameters
slope: 0.113 semiSat: 0.670 beta: 1.125 sigma: 0.166 
maxBOLD estimate = 1.663


Trial 29: qplus Stimulus Selection
Stimulus: 0.588
Output value 0.824

Q+ parameters
slope: 0.113 semiSat: 0.670 beta: 0.969 sigma: 0.114 
maxBOLD estimate = 1.871


Trial 30: baseline Stimulus Selection
Stimulus: 0.010
Output value -0.371

Q+ parameters
slope: 0.113 semiSat: 0.670 beta: 1.125 sigma: 0.166 
maxBOLD estimate = 1.812


Trial 31: qplus Stimulus Selection
Stimulus: 0.588
Output value 1.298

Q+ parameters
slope: 0.113 semiSat: 0.670 beta: 0.875 sigma: 0.114 
maxBOLD estimate = 2.039


Trial 32: qplus Stimulus Selection
Stimulus: 0.546
Output value 0.811

Q+ parameters
slope: 0.113 semiSat: 0.670 beta: 1.250 sigma: 0.166 
maxBOLD estimate = 1.784


Trial 33: qplus Stimulus Selection
Stimulus: 0.588
Output value 0.355

Q+ parameters
slope: 0.113 semiSat: 0.670 beta: 0.875 sigma: 0.114 
maxBOLD estimate = 2.230


Trial 34: qplus Stimulus Selection
Stimulus: 0.794
Output value 1.242

Q+ parameters
slope: 0.113 semiSat: 0.670 beta: 0.875 sigma: 0.114 
maxBOLD estimate = 1.951


Trial 35: maxBOLD Stimulus Selection
Stimulus: 1.000
Output value 2.328

Q+ parameters
slope: 0.113 semiSat: 0.670 beta: 1.250 sigma: 0.166 
maxBOLD estimate = 1.707


Trial 36: qplus Stimulus Selection
Stimulus: 0.629
Output value 0.170

Q+ parameters
slope: 0.113 semiSat: 0.670 beta: 0.875 sigma: 0.114 
maxBOLD estimate = 2.134


Trial 37: qplus Stimulus Selection
Stimulus: 0.505
Output value 0.764

Q+ parameters
slope: 0.070 semiSat: 0.670 beta: 1.125 sigma: 0.166 
maxBOLD estimate = 1.867


Trial 38: qplus Stimulus Selection
Stimulus: 0.546
Output value 0.334

Q+ parameters
slope: 0.113 semiSat: 0.670 beta: 0.875 sigma: 0.114 
maxBOLD estimate = 2.101


Trial 39: qplus Stimulus Selection
Stimulus: 0.505
Output value 0.000

Q+ parameters
slope: 0.089 semiSat: 0.670 beta: 1.031 sigma: 0.166 
maxBOLD estimate = 1.838


Trial 40: baseline Stimulus Selection
Stimulus: 0.010
Output value -0.355

Q+ parameters
slope: 0.089 semiSat: 0.670 beta: 1.031 sigma: 0.166 
maxBOLD estimate = 1.896


Trial 41: qplus Stimulus Selection
Stimulus: 0.546
Output value 0.172

Q+ parameters
slope: 0.113 semiSat: 0.670 beta: 0.969 sigma: 0.114 
maxBOLD estimate = 1.955


Trial 42: qplus Stimulus Selection
Stimulus: 0.505
Output value 0.167

Q+ parameters
slope: 0.113 semiSat: 0.670 beta: 0.969 sigma: 0.114 
maxBOLD estimate = 1.894


Trial 43: qplus Stimulus Selection
Stimulus: 0.835
Output value 1.595

Q+ parameters
slope: 0.113 semiSat: 0.670 beta: 1.062 sigma: 0.166 
maxBOLD estimate = 1.835


Trial 44: qplus Stimulus Selection
Stimulus: 0.753
Output value 1.717

Q+ parameters
slope: 0.113 semiSat: 0.670 beta: 0.969 sigma: 0.114 
maxBOLD estimate = 1.949


Trial 45: maxBOLD Stimulus Selection
Stimulus: 1.000
Output value 1.331

Q+ parameters
slope: 0.113 semiSat: 0.670 beta: 0.969 sigma: 0.166 
maxBOLD estimate = 1.888


Trial 46: qplus Stimulus Selection
Stimulus: 0.753
Output value 1.544

Q+ parameters
slope: 0.144 semiSat: 0.670 beta: 1.031 sigma: 0.166 
maxBOLD estimate = 1.829


Trial 47: qplus Stimulus Selection
Stimulus: 0.753
Output value 1.946

Q+ parameters
slope: 0.144 semiSat: 0.670 beta: 1.031 sigma: 0.166 
maxBOLD estimate = 1.887


Trial 48: qplus Stimulus Selection
Stimulus: 0.753
Output value 1.885

Q+ parameters
slope: 0.113 semiSat: 0.670 beta: 0.969 sigma: 0.114 
maxBOLD estimate = 1.946


Trial 49: qplus Stimulus Selection
Stimulus: 0.670
Output value 1.414

Q+ parameters
slope: 0.144 semiSat: 0.670 beta: 1.031 sigma: 0.166 
maxBOLD estimate = 1.885


Trial 50: baseline Stimulus Selection
Stimulus: 0.010
Output value 0.342

Q+ parameters
slope: 0.113 semiSat: 0.670 beta: 0.969 sigma: 0.114 
maxBOLD estimate = 1.944


Trial 51: qplus Stimulus Selection
Stimulus: 0.670
Output value 1.236

Q+ parameters
slope: 0.144 semiSat: 0.670 beta: 1.031 sigma: 0.166 
maxBOLD estimate = 1.883


Trial 52: qplus Stimulus Selection
Stimulus: 0.588
Output value 0.513

Q+ parameters
slope: 0.113 semiSat: 0.670 beta: 0.969 sigma: 0.114 
maxBOLD estimate = 1.942


Trial 53: qplus Stimulus Selection
Stimulus: 0.670
Output value 0.994

Q+ parameters
slope: 0.113 semiSat: 0.670 beta: 0.969 sigma: 0.114 
maxBOLD estimate = 1.881


Trial 54: qplus Stimulus Selection
Stimulus: 0.629
Output value 1.242

Q+ parameters
slope: 0.113 semiSat: 0.670 beta: 1.250 sigma: 0.166 
maxBOLD estimate = 1.822


Trial 55: maxBOLD Stimulus Selection
Stimulus: 1.000
Output value 1.450

Q+ parameters
slope: 0.113 semiSat: 0.670 beta: 0.875 sigma: 0.114 
maxBOLD estimate = 2.278


Trial 56: qplus Stimulus Selection
Stimulus: 0.794
Output value 2.242

Q+ parameters
slope: 0.144 semiSat: 0.670 beta: 1.031 sigma: 0.114 
maxBOLD estimate = 1.993


Trial 57: qplus Stimulus Selection
Stimulus: 0.753
Output value 1.991

Q+ parameters
slope: 0.113 semiSat: 0.670 beta: 0.969 sigma: 0.114 
maxBOLD estimate = 2.055


Trial 58: qplus Stimulus Selection
Stimulus: 0.670
Output value 1.680

Q+ parameters
slope: 0.144 semiSat: 0.670 beta: 1.031 sigma: 0.114 
maxBOLD estimate = 1.991


Trial 59: qplus Stimulus Selection
Stimulus: 0.588
Output value 0.362

Q+ parameters
slope: 0.113 semiSat: 0.670 beta: 0.969 sigma: 0.114 
maxBOLD estimate = 2.053


Trial 60: baseline Stimulus Selection
Stimulus: 0.010
Output value -0.373

Q+ parameters
slope: 0.144 semiSat: 0.670 beta: 1.031 sigma: 0.114 
maxBOLD estimate = 1.989


Trial 61: qplus Stimulus Selection
Stimulus: 0.711
Output value 0.962

Q+ parameters
slope: 0.144 semiSat: 0.670 beta: 1.031 sigma: 0.114 
maxBOLD estimate = 2.051


Trial 62: qplus Stimulus Selection
Stimulus: 0.753
Output value 1.118

Q+ parameters
slope: 0.113 semiSat: 0.670 beta: 0.969 sigma: 0.114 
maxBOLD estimate = 2.116


Trial 63: qplus Stimulus Selection
Stimulus: 0.959
Output value 1.537

Q+ parameters
slope: 0.144 semiSat: 0.670 beta: 1.031 sigma: 0.114 
maxBOLD estimate = 2.049


Trial 64: qplus Stimulus Selection
Stimulus: 0.629
Output value 1.303

Q+ parameters
slope: 0.113 semiSat: 0.670 beta: 0.969 sigma: 0.114 
maxBOLD estimate = 2.113


Trial 65: maxBOLD Stimulus Selection
Stimulus: 1.000
Output value 1.919

Q+ parameters
slope: 0.144 semiSat: 0.670 beta: 1.031 sigma: 0.114 
maxBOLD estimate = 2.047


Trial 66: qplus Stimulus Selection
Stimulus: 0.629
Output value 0.558

Q+ parameters
slope: 0.113 semiSat: 0.670 beta: 0.969 sigma: 0.114 
maxBOLD estimate = 2.111


Trial 67: qplus Stimulus Selection
Stimulus: 0.670
Output value 0.959

Q+ parameters
slope: 0.144 semiSat: 0.670 beta: 1.031 sigma: 0.114 
maxBOLD estimate = 2.045


Trial 68: qplus Stimulus Selection
Stimulus: 0.629
Output value 1.300

Q+ parameters
slope: 0.113 semiSat: 0.670 beta: 0.969 sigma: 0.114 
maxBOLD estimate = 2.109


Trial 69: qplus Stimulus Selection
Stimulus: 0.876
Output value 1.724

Q+ parameters
slope: 0.089 semiSat: 0.670 beta: 1.031 sigma: 0.114 
maxBOLD estimate = 2.043


Trial 70: baseline Stimulus Selection
Stimulus: 0.010
Output value 0.000

Q+ parameters
slope: 0.113 semiSat: 0.670 beta: 0.969 sigma: 0.114 
maxBOLD estimate = 2.107


Trial 71: qplus Stimulus Selection
Stimulus: 0.959
Output value 2.105

Q+ parameters
slope: 0.089 semiSat: 0.670 beta: 1.031 sigma: 0.114 
maxBOLD estimate = 2.041

