/blue/stevenweisberg/stevenweisberg/MATLAB/projects/Weisberg_Aguirre_2020/scripts/run_sims
c0700a-s8.ufhpc
Tue Apr  6 17:27:04 EDT 2021
mkdir: cannot create directory ‘/blue/stevenweisberg/stevenweisberg/qpfMRIResults/model_parameter_set2/’: File exists
cp: cannot stat ‘/blue/stevenweisberg/stevenweisberg/qpfMRIResults/deploy_sim.sh’: No such file or directory
cp: cannot stat ‘/blue/stevenweisberg/stevenweisberg/qpfMRIResults/sim_wrapper.sh’: No such file or directory
------------------------------------------
Setting up environment variables
---
LD_LIBRARY_PATH is .:/apps/matlab/mcr/2020b/v99/runtime/glnxa64:/apps/matlab/mcr/2020b/v99/bin/glnxa64:/apps/matlab/mcr/2020b/v99/sys/os/glnxa64:/apps/matlab/mcr/2020b/v99/sys/opengl/lib/glnxa64
Warning: Executing startup failed in matlabrc.
This indicates a potentially serious problem in your MATLAB setup, which should be resolved as soon as possible.  Error detected was:
MATLAB:mpath:PathAlterationNotSupported
Modifying the search path is not supported by MATLAB Compiler. Remove functions that modify the search path from your MATLAB code. To make files visible to your deployed application, add the parent folder to your MATLAB session.
Warning: No stimulus domain specified. Defaulting to values between 0.01 and 1.
> In qpfmriParams (line 182)
In compiledSimulate (line 205)
Stimulus domain added from input.
Parameter slope specified as 0.20000
Parameter semiSat specified as 0.57000
Parameter beta specified as 1.00000
Parameter sigma specified as 0.15000
seed = 99seed = 104seed = 111seed = 111seed = 115seed = 101Initializing Q+. This may take a minute...
Elapsed time is 6.234644 seconds.
Simulated parameters:
slope: 0.200 semiSat: 0.570 beta: 1.000 sigma: 0.150 

Trial 1: baseline Stimulus Selection
Stimulus: 0.010
Output value 0.000

Q+ parameters
slope: 0.026 semiSat: 0.890 beta: 0.500 sigma: 0.010 
maxBOLD estimate = 1.000


Trial 2: maxBOLD Stimulus Selection
Stimulus: 1.000
Output value 1.364

Q+ parameters
slope: 0.055 semiSat: 0.670 beta: 1.250 sigma: 0.010 
maxBOLD estimate = 1.000


Trial 3: baseline Stimulus Selection
Stimulus: 0.010
Output value -0.284

Q+ parameters
slope: 0.055 semiSat: 0.670 beta: 1.250 sigma: 0.166 
maxBOLD estimate = 1.250


Trial 4: maxBOLD Stimulus Selection
Stimulus: 1.000
Output value 1.598

Q+ parameters
slope: 0.055 semiSat: 0.670 beta: 1.250 sigma: 0.166 
maxBOLD estimate = 1.562


Trial 5: baseline Stimulus Selection
Stimulus: 0.010
Output value 0.400

Q+ parameters
slope: 0.043 semiSat: 0.780 beta: 1.125 sigma: 0.114 
maxBOLD estimate = 1.953


Trial 6: maxBOLD Stimulus Selection
Stimulus: 1.000
Output value 1.498

Q+ parameters
slope: 0.034 semiSat: 1.000 beta: 1.250 sigma: 0.114 
maxBOLD estimate = 2.197


Trial 7: qplus Stimulus Selection
Stimulus: 0.629
Output value 0.499

Q+ parameters
slope: 0.034 semiSat: 1.000 beta: 1.000 sigma: 0.062 
maxBOLD estimate = 2.747


Trial 8: qplus Stimulus Selection
Stimulus: 0.835
Output value 0.437

Q+ parameters
slope: 0.043 semiSat: 1.000 beta: 0.875 sigma: 0.062 
maxBOLD estimate = 2.747


Trial 9: qplus Stimulus Selection
Stimulus: 0.753
Output value 0.676

Q+ parameters
slope: 0.034 semiSat: 1.000 beta: 1.031 sigma: 0.062 
maxBOLD estimate = 2.403


Trial 10: baseline Stimulus Selection
Stimulus: 0.010
Output value -0.197

Q+ parameters
slope: 0.034 semiSat: 0.890 beta: 0.875 sigma: 0.062 
maxBOLD estimate = 2.478


Trial 11: qplus Stimulus Selection
Stimulus: 0.629
Output value 0.887

Q+ parameters
slope: 0.043 semiSat: 0.890 beta: 1.125 sigma: 0.114 
maxBOLD estimate = 2.169


Trial 12: qplus Stimulus Selection
Stimulus: 0.588
Output value 1.109

Q+ parameters
slope: 0.034 semiSat: 1.000 beta: 1.250 sigma: 0.062 
maxBOLD estimate = 2.440


Trial 13: qplus Stimulus Selection
Stimulus: 0.546
Output value 0.416

Q+ parameters
slope: 0.043 semiSat: 0.560 beta: 0.500 sigma: 0.062 
maxBOLD estimate = 3.050


Trial 14: qplus Stimulus Selection
Stimulus: 0.670
Output value 1.334

Q+ parameters
slope: 0.144 semiSat: 0.560 beta: 0.875 sigma: 0.166 
maxBOLD estimate = 1.525


Trial 15: maxBOLD Stimulus Selection
Stimulus: 1.000
Output value 1.637

Q+ parameters
slope: 0.089 semiSat: 0.560 beta: 1.125 sigma: 0.166 
maxBOLD estimate = 1.334


Trial 16: qplus Stimulus Selection
Stimulus: 0.381
Output value 0.409

Q+ parameters
slope: 0.043 semiSat: 0.560 beta: 1.000 sigma: 0.114 
maxBOLD estimate = 1.501


Trial 17: qplus Stimulus Selection
Stimulus: 0.505
Output value 0.819

Q+ parameters
slope: 0.043 semiSat: 0.560 beta: 1.000 sigma: 0.114 
maxBOLD estimate = 1.501


Trial 18: qplus Stimulus Selection
Stimulus: 0.505
Output value 0.546

Q+ parameters
slope: 0.043 semiSat: 0.560 beta: 1.000 sigma: 0.114 
maxBOLD estimate = 1.501


Trial 19: qplus Stimulus Selection
Stimulus: 0.505
Output value 0.171

Q+ parameters
slope: 0.055 semiSat: 0.670 beta: 1.250 sigma: 0.166 
maxBOLD estimate = 1.501


Trial 20: baseline Stimulus Selection
Stimulus: 0.010
Output value 0.597

Q+ parameters
slope: 0.043 semiSat: 0.780 beta: 0.875 sigma: 0.114 
maxBOLD estimate = 1.876


Trial 21: qplus Stimulus Selection
Stimulus: 0.794
Output value 1.903

Q+ parameters
slope: 0.055 semiSat: 0.670 beta: 1.062 sigma: 0.166 
maxBOLD estimate = 1.642


Trial 22: qplus Stimulus Selection
Stimulus: 0.629
Output value 1.189

Q+ parameters
slope: 0.113 semiSat: 0.560 beta: 0.750 sigma: 0.166 
maxBOLD estimate = 1.744


Trial 23: qplus Stimulus Selection
Stimulus: 0.629
Output value 1.390

Q+ parameters
slope: 0.144 semiSat: 0.560 beta: 1.062 sigma: 0.218 
maxBOLD estimate = 1.308


Trial 24: qplus Stimulus Selection
Stimulus: 0.505
Output value 0.142

Q+ parameters
slope: 1.000 semiSat: 0.560 beta: 1.125 sigma: 0.427 
maxBOLD estimate = 1.390


Trial 25: maxBOLD Stimulus Selection
Stimulus: 1.000
Output value 1.244

Q+ parameters
slope: 0.144 semiSat: 0.560 beta: 0.875 sigma: 0.166 
maxBOLD estimate = 1.564


Trial 26: qplus Stimulus Selection
Stimulus: 0.505
Output value 0.925

Q+ parameters
slope: 0.144 semiSat: 0.560 beta: 1.062 sigma: 0.218 
maxBOLD estimate = 1.368


Trial 27: qplus Stimulus Selection
Stimulus: 0.505
Output value 0.843

Q+ parameters
slope: 0.113 semiSat: 0.560 beta: 1.062 sigma: 0.218 
maxBOLD estimate = 1.454


Trial 28: qplus Stimulus Selection
Stimulus: 0.588
Output value 0.860

Q+ parameters
slope: 0.144 semiSat: 0.560 beta: 0.875 sigma: 0.166 
maxBOLD estimate = 1.545


Trial 29: qplus Stimulus Selection
Stimulus: 0.505
Output value 0.131

Q+ parameters
slope: 0.144 semiSat: 0.560 beta: 1.062 sigma: 0.218 
maxBOLD estimate = 1.352


Trial 30: baseline Stimulus Selection
Stimulus: 0.010
Output value 0.000

Q+ parameters
slope: 0.113 semiSat: 0.560 beta: 1.062 sigma: 0.166 
maxBOLD estimate = 1.436


Trial 31: qplus Stimulus Selection
Stimulus: 0.588
Output value 0.728

Q+ parameters
slope: 0.144 semiSat: 0.560 beta: 0.875 sigma: 0.166 
maxBOLD estimate = 1.526


Trial 32: qplus Stimulus Selection
Stimulus: 0.505
Output value 0.129

Q+ parameters
slope: 0.113 semiSat: 0.560 beta: 1.062 sigma: 0.166 
maxBOLD estimate = 1.335


Trial 33: qplus Stimulus Selection
Stimulus: 0.588
Output value 1.233

Q+ parameters
slope: 0.113 semiSat: 0.560 beta: 1.062 sigma: 0.218 
maxBOLD estimate = 1.418


Trial 34: qplus Stimulus Selection
Stimulus: 0.505
Output value 0.398

Q+ parameters
slope: 0.144 semiSat: 0.560 beta: 0.969 sigma: 0.166 
maxBOLD estimate = 1.507


Trial 35: maxBOLD Stimulus Selection
Stimulus: 1.000
Output value 1.692

Q+ parameters
slope: 0.113 semiSat: 0.560 beta: 1.062 sigma: 0.166 
maxBOLD estimate = 1.460


Trial 36: qplus Stimulus Selection
Stimulus: 0.505
Output value 0.683

Q+ parameters
slope: 0.144 semiSat: 0.560 beta: 0.969 sigma: 0.166 
maxBOLD estimate = 1.551


Trial 37: qplus Stimulus Selection
Stimulus: 0.505
Output value 0.581

Q+ parameters
slope: 0.113 semiSat: 0.560 beta: 1.062 sigma: 0.166 
maxBOLD estimate = 1.503


Trial 38: qplus Stimulus Selection
Stimulus: 0.505
Output value 0.381

Q+ parameters
slope: 0.144 semiSat: 0.560 beta: 0.875 sigma: 0.166 
maxBOLD estimate = 1.597


Trial 39: qplus Stimulus Selection
Stimulus: 0.629
Output value 1.619

Q+ parameters
slope: 0.144 semiSat: 0.560 beta: 1.062 sigma: 0.166 
maxBOLD estimate = 1.397


Trial 40: baseline Stimulus Selection
Stimulus: 0.010
Output value 0.523

Q+ parameters
slope: 0.144 semiSat: 0.560 beta: 0.969 sigma: 0.166 
maxBOLD estimate = 1.484


Trial 41: qplus Stimulus Selection
Stimulus: 0.588
Output value 0.887

Q+ parameters
slope: 0.144 semiSat: 0.560 beta: 0.969 sigma: 0.166 
maxBOLD estimate = 1.438


Trial 42: qplus Stimulus Selection
Stimulus: 0.505
Output value 0.673

Q+ parameters
slope: 0.113 semiSat: 0.560 beta: 1.062 sigma: 0.166 
maxBOLD estimate = 1.393


Trial 43: qplus Stimulus Selection
Stimulus: 0.505
Output value 0.000

Q+ parameters
slope: 0.144 semiSat: 0.560 beta: 0.969 sigma: 0.166 
maxBOLD estimate = 1.480


Trial 44: qplus Stimulus Selection
Stimulus: 0.588
Output value 1.010

Q+ parameters
slope: 0.183 semiSat: 0.560 beta: 0.969 sigma: 0.166 
maxBOLD estimate = 1.434


Trial 45: maxBOLD Stimulus Selection
Stimulus: 1.000
Output value 1.610

Q+ parameters
slope: 0.113 semiSat: 0.560 beta: 1.062 sigma: 0.166 
maxBOLD estimate = 1.389


Trial 46: qplus Stimulus Selection
Stimulus: 0.505
Output value 0.520

Q+ parameters
slope: 0.144 semiSat: 0.560 beta: 0.969 sigma: 0.166 
maxBOLD estimate = 1.476


Trial 47: qplus Stimulus Selection
Stimulus: 0.588
Output value 0.504

Q+ parameters
slope: 0.144 semiSat: 0.560 beta: 0.969 sigma: 0.166 
maxBOLD estimate = 1.430


Trial 48: qplus Stimulus Selection
Stimulus: 0.505
Output value -0.252

Q+ parameters
slope: 0.298 semiSat: 0.560 beta: 1.000 sigma: 0.218 
maxBOLD estimate = 1.385


Trial 49: qplus Stimulus Selection
Stimulus: 0.588
Output value 0.130

Q+ parameters
slope: 0.234 semiSat: 0.560 beta: 1.031 sigma: 0.218 
maxBOLD estimate = 1.385


Trial 50: baseline Stimulus Selection
Stimulus: 0.010
Output value -0.126

Q+ parameters
slope: 0.144 semiSat: 0.560 beta: 0.969 sigma: 0.166 
maxBOLD estimate = 1.428


Trial 51: qplus Stimulus Selection
Stimulus: 0.588
Output value 0.609

Q+ parameters
slope: 0.144 semiSat: 0.560 beta: 0.969 sigma: 0.166 
maxBOLD estimate = 1.384


Trial 52: qplus Stimulus Selection
Stimulus: 0.588
Output value 1.005

Q+ parameters
slope: 0.234 semiSat: 0.560 beta: 1.031 sigma: 0.218 
maxBOLD estimate = 1.341


Trial 53: qplus Stimulus Selection
Stimulus: 0.546
Output value 0.487

Q+ parameters
slope: 0.144 semiSat: 0.560 beta: 0.969 sigma: 0.166 
maxBOLD estimate = 1.382


Trial 54: qplus Stimulus Selection
Stimulus: 0.546
Output value 1.004

Q+ parameters
slope: 0.234 semiSat: 0.560 beta: 1.031 sigma: 0.218 
maxBOLD estimate = 1.339


Trial 55: maxBOLD Stimulus Selection
Stimulus: 1.000
Output value 1.460

Q+ parameters
slope: 0.144 semiSat: 0.560 beta: 0.969 sigma: 0.166 
maxBOLD estimate = 1.381


Trial 56: qplus Stimulus Selection
Stimulus: 0.505
Output value 0.125

Q+ parameters
slope: 0.234 semiSat: 0.560 beta: 1.031 sigma: 0.218 
maxBOLD estimate = 1.338


Trial 57: qplus Stimulus Selection
Stimulus: 0.546
Output value 0.122

Q+ parameters
slope: 0.234 semiSat: 0.560 beta: 0.969 sigma: 0.218 
maxBOLD estimate = 1.380


Trial 58: qplus Stimulus Selection
Stimulus: 0.546
Output value 0.486

Q+ parameters
slope: 0.298 semiSat: 0.560 beta: 1.000 sigma: 0.218 
maxBOLD estimate = 1.337


Trial 59: qplus Stimulus Selection
Stimulus: 0.546
Output value 0.877

Q+ parameters
slope: 0.234 semiSat: 0.560 beta: 1.031 sigma: 0.218 
maxBOLD estimate = 1.337


Trial 60: baseline Stimulus Selection
Stimulus: 0.010
Output value -0.258

Q+ parameters
slope: 0.234 semiSat: 0.560 beta: 1.031 sigma: 0.218 
maxBOLD estimate = 1.378


Trial 61: qplus Stimulus Selection
Stimulus: 0.505
Output value 0.376

Q+ parameters
slope: 0.144 semiSat: 0.560 beta: 0.969 sigma: 0.166 
maxBOLD estimate = 1.421


Trial 62: qplus Stimulus Selection
Stimulus: 0.546
Output value 0.243

Q+ parameters
slope: 0.234 semiSat: 0.560 beta: 0.969 sigma: 0.218 
maxBOLD estimate = 1.377


Trial 63: qplus Stimulus Selection
Stimulus: 0.546
Output value 0.750

Q+ parameters
slope: 0.234 semiSat: 0.560 beta: 1.031 sigma: 0.218 
maxBOLD estimate = 1.334


Trial 64: qplus Stimulus Selection
Stimulus: 0.505
Output value 0.848

Q+ parameters
slope: 0.183 semiSat: 0.560 beta: 0.969 sigma: 0.166 
maxBOLD estimate = 1.376


Trial 65: maxBOLD Stimulus Selection
Stimulus: 1.000
Output value 1.545

Q+ parameters
slope: 0.113 semiSat: 0.560 beta: 1.062 sigma: 0.166 
maxBOLD estimate = 1.333


Trial 66: qplus Stimulus Selection
Stimulus: 0.505
Output value 0.125

Q+ parameters
slope: 0.144 semiSat: 0.560 beta: 0.969 sigma: 0.166 
maxBOLD estimate = 1.416


Trial 67: qplus Stimulus Selection
Stimulus: 0.505
Output value 0.795

Q+ parameters
slope: 0.113 semiSat: 0.560 beta: 1.062 sigma: 0.166 
maxBOLD estimate = 1.372


Trial 68: qplus Stimulus Selection
Stimulus: 0.505
Output value 1.027

Q+ parameters
slope: 0.144 semiSat: 0.560 beta: 0.969 sigma: 0.166 
maxBOLD estimate = 1.458


Trial 69: qplus Stimulus Selection
Stimulus: 0.670
Output value 1.637

Q+ parameters
slope: 0.144 semiSat: 0.560 beta: 1.062 sigma: 0.166 
maxBOLD estimate = 1.412


Trial 70: baseline Stimulus Selection
Stimulus: 0.010
Output value 0.477

Q+ parameters
slope: 0.144 semiSat: 0.560 beta: 0.875 sigma: 0.166 
maxBOLD estimate = 1.500


Trial 71: qplus Stimulus Selection
Stimulus: 0.629
Output value 1.432

Q+ parameters
slope: 0.298 semiSat: 0.560 beta: 1.000 sigma: 0.218 
maxBOLD estimate = 1.313


Trial 72: qplus Stimulus Selection
Stimulus: 0.505
Output value 0.358

Q+ parameters
slope: 0.298 semiSat: 0.560 beta: 1.000 sigma: 0.218 
maxBOLD estimate = 1.313


Trial 73: qplus Stimulus Selection
Stimulus: 0.505
Output value 0.358

Q+ parameters
slope: 0.298 semiSat: 0.560 beta: 1.000 sigma: 0.218 
maxBOLD estimate = 1.313


Trial 74: qplus Stimulus Selection
Stimulus: 0.505
Output value -0.239

Q+ parameters
slope: 0.298 semiSat: 0.560 beta: 1.000 sigma: 0.218 
maxBOLD estimate = 1.313


Trial 75: maxBOLD Stimulus Selection
Stimulus: 1.000
Output value 1.432

Q+ parameters
slope: 0.298 semiSat: 0.560 beta: 1.000 sigma: 0.218 
maxBOLD estimate = 1.313


Trial 76: qplus Stimulus Selection
Stimulus: 0.505
Output value 0.119

Q+ parameters
slope: 0.298 semiSat: 0.560 beta: 1.000 sigma: 0.218 
maxBOLD estimate = 1.313


Trial 77: qplus Stimulus Selection
Stimulus: 0.505
Output value -0.119

Q+ parameters
slope: 0.298 semiSat: 0.560 beta: 1.000 sigma: 0.218 
maxBOLD estimate = 1.313


Trial 78: qplus Stimulus Selection
Stimulus: 0.629
Output value 0.716

Q+ parameters
slope: 0.298 semiSat: 0.560 beta: 1.000 sigma: 0.218 
maxBOLD estimate = 1.313


Trial 79: qplus Stimulus Selection
Stimulus: 0.505
Output value -0.231

Q+ parameters
slope: 0.234 semiSat: 0.560 beta: 0.969 sigma: 0.218 
maxBOLD estimate = 1.313


Trial 80: baseline Stimulus Selection
Stimulus: 0.010
Output value 0.542

Q+ parameters
slope: 0.234 semiSat: 0.560 beta: 0.938 sigma: 0.218 
maxBOLD estimate = 1.272


Trial 81: qplus Stimulus Selection
Stimulus: 0.588
Output value 1.341

Q+ parameters
slope: 0.379 semiSat: 0.560 beta: 1.031 sigma: 0.271 
maxBOLD estimate = 1.192


Trial 82: qplus Stimulus Selection
Stimulus: 0.629
Output value 1.268

Q+ parameters
slope: 0.379 semiSat: 0.560 beta: 1.031 sigma: 0.271 
maxBOLD estimate = 1.229


Trial 83: qplus Stimulus Selection
Stimulus: 0.629
Output value 1.210

Q+ parameters
slope: 0.785 semiSat: 0.560 beta: 0.875 sigma: 0.323 
maxBOLD estimate = 1.268


Trial 84: qplus Stimulus Selection
Stimulus: 0.588
Output value 0.504

Q+ parameters
slope: 0.483 semiSat: 0.560 beta: 1.000 sigma: 0.271 
maxBOLD estimate = 1.109


Trial 85: maxBOLD Stimulus Selection
Stimulus: 1.000
Output value 1.009

Q+ parameters
slope: 0.483 semiSat: 0.560 beta: 1.000 sigma: 0.271 
maxBOLD estimate = 1.109


Trial 86: qplus Stimulus Selection
Stimulus: 0.629
Output value 1.109

Q+ parameters
slope: 0.483 semiSat: 0.560 beta: 1.000 sigma: 0.271 
maxBOLD estimate = 1.109


Trial 87: qplus Stimulus Selection
Stimulus: 0.629
Output value 1.210

Q+ parameters
slope: 0.483 semiSat: 0.560 beta: 1.000 sigma: 0.271 
maxBOLD estimate = 1.109


Trial 88: qplus Stimulus Selection
Stimulus: 0.629
Output value 0.706

Q+ parameters
slope: 0.483 semiSat: 0.560 beta: 1.000 sigma: 0.271 
maxBOLD estimate = 1.109


Trial 89: qplus Stimulus Selection
Stimulus: 0.629
Output value 1.210

Q+ parameters
slope: 0.483 semiSat: 0.560 beta: 1.000 sigma: 0.271 
maxBOLD estimate = 1.109


Trial 90: baseline Stimulus Selection
Stimulus: 0.010
Output value 0.101

Q+ parameters
slope: 0.483 semiSat: 0.560 beta: 1.000 sigma: 0.271 
maxBOLD estimate = 1.109


Trial 91: qplus Stimulus Selection
Stimulus: 0.629
Output value 0.908

Q+ parameters
slope: 0.483 semiSat: 0.560 beta: 1.000 sigma: 0.271 
maxBOLD estimate = 1.109


Trial 92: qplus Stimulus Selection
Stimulus: 0.629
Output value 1.109

Q+ parameters
slope: 0.483 semiSat: 0.560 beta: 1.000 sigma: 0.271 
maxBOLD estimate = 1.109


Trial 93: qplus Stimulus Selection
Stimulus: 0.629
Output value 0.807

Q+ parameters
slope: 0.483 semiSat: 0.560 beta: 1.000 sigma: 0.271 
maxBOLD estimate = 1.109


Trial 94: qplus Stimulus Selection
Stimulus: 0.629
Output value 0.908

Q+ parameters
slope: 0.483 semiSat: 0.560 beta: 1.000 sigma: 0.271 
maxBOLD estimate = 1.109


Trial 95: maxBOLD Stimulus Selection
Stimulus: 1.000
Output value 0.908

Q+ parameters
slope: 0.483 semiSat: 0.560 beta: 1.000 sigma: 0.271 
maxBOLD estimate = 1.109


Trial 96: qplus Stimulus Selection
Stimulus: 0.629
Output value 0.807

Q+ parameters
slope: 0.483 semiSat: 0.560 beta: 1.000 sigma: 0.271 
maxBOLD estimate = 1.109


Trial 97: qplus Stimulus Selection
Stimulus: 0.629
Output value 1.109

Q+ parameters
slope: 0.483 semiSat: 0.560 beta: 1.000 sigma: 0.271 
maxBOLD estimate = 1.109


Trial 98: qplus Stimulus Selection
Stimulus: 0.629
Output value 0.706

Q+ parameters
slope: 0.483 semiSat: 0.560 beta: 1.000 sigma: 0.271 
maxBOLD estimate = 1.109


Trial 99: qplus Stimulus Selection
Stimulus: 0.629
Output value 1.009

Q+ parameters
slope: 0.483 semiSat: 0.560 beta: 1.000 sigma: 0.271 
maxBOLD estimate = 1.109


Trial 100: baseline Stimulus Selection
Stimulus: 0.010
Output value 0.473

Q+ parameters
slope: 0.379 semiSat: 0.560 beta: 0.938 sigma: 0.271 
maxBOLD estimate = 1.109

--------------------------------------------------------------
FINAL VALUES
--------------------------------------------------------------
Simulated parameters:              slope: 0.200 semiSat: 0.570 beta: 1.000 sigma: 0.150 
Max posterior QUEST+ parameters:   slope: 0.298 semiSat: 0.560 beta: 1.000 sigma: 0.218 
Max BADS parameters:               slope: 0.283 semiSat: 0.559 beta: 1.000 sigma: 0.239 
maxBOLD estimate: 1.031
