/blue/stevenweisberg/stevenweisberg/MATLAB/projects/Weisberg_Aguirre_2020/scripts/run_sims
c0704a-s5.ufhpc
Wed Apr  7 09:28:17 EDT 2021
mkdir: cannot create directory ‘/blue/stevenweisberg/stevenweisberg/qpfMRIResults/model_parameter_set2/’: File exists
cp: cannot stat ‘/blue/stevenweisberg/stevenweisberg/qpfMRIResults/deploy_sim.sh’: No such file or directory
cp: cannot stat ‘/blue/stevenweisberg/stevenweisberg/qpfMRIResults/sim_wrapper.sh’: No such file or directory
------------------------------------------
Setting up environment variables
---
LD_LIBRARY_PATH is .:/apps/matlab/mcr/2020b/v99/runtime/glnxa64:/apps/matlab/mcr/2020b/v99/bin/glnxa64:/apps/matlab/mcr/2020b/v99/sys/os/glnxa64:/apps/matlab/mcr/2020b/v99/sys/opengl/lib/glnxa64
Warning: Executing startup failed in matlabrc.
This indicates a potentially serious problem in your MATLAB setup, which should be resolved as soon as possible.  Error detected was:
MATLAB:mpath:PathAlterationNotSupported
Modifying the search path is not supported by MATLAB Compiler. Remove functions that modify the search path from your MATLAB code. To make files visible to your deployed application, add the parent folder to your MATLAB session.
Warning: No stimulus domain specified. Defaulting to values between 0.01 and 1.
> In qpfmriParams (line 182)
In compiledSimulate (line 205)
Stimulus domain added from input.
Parameter slope specified as 0.20000
Parameter semiSat specified as 0.57000
Parameter beta specified as 1.00000
Parameter sigma specified as 0.10000
seed = 99seed = 104seed = 111seed = 111seed = 115seed = 101Initializing Q+. This may take a minute...
Elapsed time is 8.451262 seconds.
Simulated parameters:
slope: 0.200 semiSat: 0.570 beta: 1.000 sigma: 0.100 

Trial 1: baseline Stimulus Selection
Stimulus: 0.010
Output value 0.000

Q+ parameters
slope: 0.026 semiSat: 0.890 beta: 0.500 sigma: 0.010 
maxBOLD estimate = 1.000


Trial 2: maxBOLD Stimulus Selection
Stimulus: 1.000
Output value 1.125

Q+ parameters
slope: 0.055 semiSat: 0.670 beta: 1.125 sigma: 0.010 
maxBOLD estimate = 1.000


Trial 3: baseline Stimulus Selection
Stimulus: 0.010
Output value 0.256

Q+ parameters
slope: 0.055 semiSat: 0.670 beta: 1.250 sigma: 0.114 
maxBOLD estimate = 1.125


Trial 4: maxBOLD Stimulus Selection
Stimulus: 1.000
Output value 1.007

Q+ parameters
slope: 0.043 semiSat: 0.780 beta: 1.125 sigma: 0.114 
maxBOLD estimate = 1.406


Trial 5: baseline Stimulus Selection
Stimulus: 0.010
Output value -0.180

Q+ parameters
slope: 0.043 semiSat: 0.780 beta: 1.250 sigma: 0.062 
maxBOLD estimate = 1.582


Trial 6: maxBOLD Stimulus Selection
Stimulus: 1.000
Output value 1.393

Q+ parameters
slope: 0.043 semiSat: 0.780 beta: 0.969 sigma: 0.062 
maxBOLD estimate = 1.978


Trial 7: qplus Stimulus Selection
Stimulus: 0.711
Output value 0.348

Q+ parameters
slope: 0.070 semiSat: 0.890 beta: 1.000 sigma: 0.062 
maxBOLD estimate = 1.916


Trial 8: qplus Stimulus Selection
Stimulus: 0.835
Output value 1.306

Q+ parameters
slope: 0.183 semiSat: 0.670 beta: 0.750 sigma: 0.062 
maxBOLD estimate = 1.916


Trial 9: qplus Stimulus Selection
Stimulus: 0.505
Output value 0.000

Q+ parameters
slope: 0.379 semiSat: 0.670 beta: 0.938 sigma: 0.062 
maxBOLD estimate = 1.437


Trial 10: baseline Stimulus Selection
Stimulus: 0.010
Output value 0.000

Q+ parameters
slope: 0.234 semiSat: 0.560 beta: 0.969 sigma: 0.062 
maxBOLD estimate = 1.347


Trial 11: qplus Stimulus Selection
Stimulus: 0.629
Output value 1.779

Q+ parameters
slope: 0.298 semiSat: 0.560 beta: 1.250 sigma: 0.062 
maxBOLD estimate = 1.305


Trial 12: qplus Stimulus Selection
Stimulus: 0.546
Output value 0.973

Q+ parameters
slope: 0.144 semiSat: 0.560 beta: 0.938 sigma: 0.114 
maxBOLD estimate = 1.631


Trial 13: qplus Stimulus Selection
Stimulus: 0.505
Output value -0.130

Q+ parameters
slope: 0.379 semiSat: 0.560 beta: 0.938 sigma: 0.062 
maxBOLD estimate = 1.529


Trial 14: qplus Stimulus Selection
Stimulus: 0.588
Output value 1.173

Q+ parameters
slope: 0.483 semiSat: 0.560 beta: 1.000 sigma: 0.114 
maxBOLD estimate = 1.434


Trial 15: maxBOLD Stimulus Selection
Stimulus: 1.000
Output value 1.478

Q+ parameters
slope: 0.379 semiSat: 0.560 beta: 1.031 sigma: 0.114 
maxBOLD estimate = 1.434


Trial 16: qplus Stimulus Selection
Stimulus: 0.588
Output value 1.134

Q+ parameters
slope: 0.379 semiSat: 0.560 beta: 0.938 sigma: 0.114 
maxBOLD estimate = 1.478


Trial 17: qplus Stimulus Selection
Stimulus: 0.588
Output value 0.331

Q+ parameters
slope: 0.379 semiSat: 0.560 beta: 0.875 sigma: 0.114 
maxBOLD estimate = 1.386


Trial 18: qplus Stimulus Selection
Stimulus: 0.505
Output value 0.586

Q+ parameters
slope: 0.234 semiSat: 0.560 beta: 1.062 sigma: 0.114 
maxBOLD estimate = 1.213


Trial 19: qplus Stimulus Selection
Stimulus: 0.505
Output value 0.000

Q+ parameters
slope: 0.379 semiSat: 0.560 beta: 1.031 sigma: 0.114 
maxBOLD estimate = 1.289


Trial 20: baseline Stimulus Selection
Stimulus: 0.010
Output value -0.302

Q+ parameters
slope: 0.234 semiSat: 0.560 beta: 1.250 sigma: 0.114 
maxBOLD estimate = 1.329


Trial 21: qplus Stimulus Selection
Stimulus: 0.505
Output value 0.113

Q+ parameters
slope: 0.379 semiSat: 0.560 beta: 0.750 sigma: 0.062 
maxBOLD estimate = 1.661


Trial 22: qplus Stimulus Selection
Stimulus: 0.588
Output value 0.000

Q+ parameters
slope: 0.234 semiSat: 0.560 beta: 1.000 sigma: 0.166 
maxBOLD estimate = 1.246


Trial 23: qplus Stimulus Selection
Stimulus: 0.629
Output value 0.566

Q+ parameters
slope: 0.234 semiSat: 0.560 beta: 1.000 sigma: 0.166 
maxBOLD estimate = 1.246


Trial 24: qplus Stimulus Selection
Stimulus: 0.629
Output value 1.444

Q+ parameters
slope: 0.298 semiSat: 0.560 beta: 1.062 sigma: 0.166 
maxBOLD estimate = 1.246


Trial 25: maxBOLD Stimulus Selection
Stimulus: 1.000
Output value 1.083

Q+ parameters
slope: 0.234 semiSat: 0.560 beta: 1.000 sigma: 0.166 
maxBOLD estimate = 1.324


Trial 26: qplus Stimulus Selection
Stimulus: 0.629
Output value 1.444

Q+ parameters
slope: 0.234 semiSat: 0.560 beta: 1.000 sigma: 0.166 
maxBOLD estimate = 1.324


Trial 27: qplus Stimulus Selection
Stimulus: 0.505
Output value 0.211

Q+ parameters
slope: 0.234 semiSat: 0.560 beta: 0.875 sigma: 0.114 
maxBOLD estimate = 1.324


Trial 28: qplus Stimulus Selection
Stimulus: 0.629
Output value 0.671

Q+ parameters
slope: 0.183 semiSat: 0.560 beta: 1.062 sigma: 0.166 
maxBOLD estimate = 1.158


Trial 29: qplus Stimulus Selection
Stimulus: 0.629
Output value 1.426

Q+ parameters
slope: 0.183 semiSat: 0.560 beta: 1.062 sigma: 0.166 
maxBOLD estimate = 1.231


Trial 30: baseline Stimulus Selection
Stimulus: 0.010
Output value -0.253

Q+ parameters
slope: 0.183 semiSat: 0.560 beta: 1.062 sigma: 0.114 
maxBOLD estimate = 1.307


Trial 31: qplus Stimulus Selection
Stimulus: 0.505
Output value 0.734

Q+ parameters
slope: 0.144 semiSat: 0.560 beta: 0.969 sigma: 0.114 
maxBOLD estimate = 1.389


Trial 32: qplus Stimulus Selection
Stimulus: 0.505
Output value 0.214

Q+ parameters
slope: 0.234 semiSat: 0.560 beta: 0.875 sigma: 0.114 
maxBOLD estimate = 1.346


Trial 33: qplus Stimulus Selection
Stimulus: 0.670
Output value 1.365

Q+ parameters
slope: 0.183 semiSat: 0.560 beta: 1.062 sigma: 0.114 
maxBOLD estimate = 1.178


Trial 34: qplus Stimulus Selection
Stimulus: 0.505
Output value -0.242

Q+ parameters
slope: 0.298 semiSat: 0.560 beta: 1.062 sigma: 0.166 
maxBOLD estimate = 1.251


Trial 35: maxBOLD Stimulus Selection
Stimulus: 1.000
Output value 1.057

Q+ parameters
slope: 0.234 semiSat: 0.560 beta: 0.875 sigma: 0.114 
maxBOLD estimate = 1.329


Trial 36: qplus Stimulus Selection
Stimulus: 0.588
Output value 1.236

Q+ parameters
slope: 0.298 semiSat: 0.560 beta: 1.062 sigma: 0.166 
maxBOLD estimate = 1.163


Trial 37: qplus Stimulus Selection
Stimulus: 0.505
Output value 0.112

Q+ parameters
slope: 0.234 semiSat: 0.560 beta: 1.000 sigma: 0.114 
maxBOLD estimate = 1.236


Trial 38: qplus Stimulus Selection
Stimulus: 0.546
Output value 0.218

Q+ parameters
slope: 0.298 semiSat: 0.560 beta: 0.969 sigma: 0.114 
maxBOLD estimate = 1.236


Trial 39: qplus Stimulus Selection
Stimulus: 0.546
Output value 0.316

Q+ parameters
slope: 0.298 semiSat: 0.560 beta: 0.969 sigma: 0.114 
maxBOLD estimate = 1.197


Trial 40: baseline Stimulus Selection
Stimulus: 0.010
Output value -0.112

Q+ parameters
slope: 0.298 semiSat: 0.560 beta: 1.062 sigma: 0.166 
maxBOLD estimate = 1.160


Trial 41: qplus Stimulus Selection
Stimulus: 0.505
Output value 0.000

Q+ parameters
slope: 0.234 semiSat: 0.560 beta: 1.000 sigma: 0.114 
maxBOLD estimate = 1.232


Trial 42: qplus Stimulus Selection
Stimulus: 0.546
Output value -0.217

Q+ parameters
slope: 0.298 semiSat: 0.560 beta: 0.969 sigma: 0.166 
maxBOLD estimate = 1.232


Trial 43: qplus Stimulus Selection
Stimulus: 0.505
Output value 0.231

Q+ parameters
slope: 0.298 semiSat: 0.560 beta: 1.062 sigma: 0.166 
maxBOLD estimate = 1.194


Trial 44: qplus Stimulus Selection
Stimulus: 0.505
Output value -0.223

Q+ parameters
slope: 0.298 semiSat: 0.560 beta: 0.969 sigma: 0.166 
maxBOLD estimate = 1.268


Trial 45: maxBOLD Stimulus Selection
Stimulus: 1.000
Output value 1.299

Q+ parameters
slope: 0.298 semiSat: 0.560 beta: 0.969 sigma: 0.114 
maxBOLD estimate = 1.229


Trial 46: qplus Stimulus Selection
Stimulus: 0.546
Output value -0.115

Q+ parameters
slope: 0.298 semiSat: 0.560 beta: 1.062 sigma: 0.166 
maxBOLD estimate = 1.190


Trial 47: qplus Stimulus Selection
Stimulus: 0.505
Output value -0.111

Q+ parameters
slope: 0.298 semiSat: 0.560 beta: 0.969 sigma: 0.114 
maxBOLD estimate = 1.265


Trial 48: qplus Stimulus Selection
Stimulus: 0.546
Output value -0.216

Q+ parameters
slope: 0.298 semiSat: 0.560 beta: 0.969 sigma: 0.166 
maxBOLD estimate = 1.225


Trial 49: qplus Stimulus Selection
Stimulus: 0.629
Output value 0.418

Q+ parameters
slope: 0.298 semiSat: 0.560 beta: 0.969 sigma: 0.166 
maxBOLD estimate = 1.187


Trial 50: baseline Stimulus Selection
Stimulus: 0.010
Output value 0.000

Q+ parameters
slope: 0.298 semiSat: 0.560 beta: 1.062 sigma: 0.166 
maxBOLD estimate = 1.150


Trial 51: qplus Stimulus Selection
Stimulus: 0.588
Output value 0.708

Q+ parameters
slope: 0.298 semiSat: 0.560 beta: 1.062 sigma: 0.166 
maxBOLD estimate = 1.222


Trial 52: qplus Stimulus Selection
Stimulus: 0.505
Output value 0.686

Q+ parameters
slope: 0.298 semiSat: 0.560 beta: 0.969 sigma: 0.166 
maxBOLD estimate = 1.298


Trial 53: qplus Stimulus Selection
Stimulus: 0.505
Output value -0.243

Q+ parameters
slope: 0.298 semiSat: 0.560 beta: 1.062 sigma: 0.166 
maxBOLD estimate = 1.258


Trial 54: qplus Stimulus Selection
Stimulus: 0.588
Output value 1.059

Q+ parameters
slope: 0.298 semiSat: 0.560 beta: 0.969 sigma: 0.114 
maxBOLD estimate = 1.336


Trial 55: maxBOLD Stimulus Selection
Stimulus: 1.000
Output value 0.798

Q+ parameters
slope: 0.298 semiSat: 0.560 beta: 0.969 sigma: 0.166 
maxBOLD estimate = 1.294


Trial 56: qplus Stimulus Selection
Stimulus: 0.546
Output value 0.727

Q+ parameters
slope: 0.298 semiSat: 0.560 beta: 1.062 sigma: 0.166 
maxBOLD estimate = 1.254


Trial 57: qplus Stimulus Selection
Stimulus: 0.588
Output value 0.587

Q+ parameters
slope: 0.298 semiSat: 0.560 beta: 0.969 sigma: 0.114 
maxBOLD estimate = 1.332


Trial 58: qplus Stimulus Selection
Stimulus: 0.546
Output value 0.682

Q+ parameters
slope: 0.298 semiSat: 0.560 beta: 0.969 sigma: 0.114 
maxBOLD estimate = 1.291


Trial 59: qplus Stimulus Selection
Stimulus: 0.546
Output value 0.845

Q+ parameters
slope: 0.298 semiSat: 0.560 beta: 1.062 sigma: 0.166 
maxBOLD estimate = 1.250


Trial 60: baseline Stimulus Selection
Stimulus: 0.010
Output value 0.000

Q+ parameters
slope: 0.298 semiSat: 0.560 beta: 0.969 sigma: 0.114 
maxBOLD estimate = 1.329


Trial 61: qplus Stimulus Selection
Stimulus: 0.711
Output value 0.680

Q+ parameters
slope: 0.234 semiSat: 0.560 beta: 0.969 sigma: 0.166 
maxBOLD estimate = 1.287


Trial 62: qplus Stimulus Selection
Stimulus: 0.588
Output value 0.439

Q+ parameters
slope: 0.298 semiSat: 0.560 beta: 0.969 sigma: 0.114 
maxBOLD estimate = 1.247


Trial 63: qplus Stimulus Selection
Stimulus: 0.546
Output value 1.050

Q+ parameters
slope: 0.298 semiSat: 0.560 beta: 1.062 sigma: 0.166 
maxBOLD estimate = 1.208


Trial 64: qplus Stimulus Selection
Stimulus: 0.505
Output value 0.000

Q+ parameters
slope: 0.298 semiSat: 0.560 beta: 0.969 sigma: 0.114 
maxBOLD estimate = 1.283


Trial 65: maxBOLD Stimulus Selection
Stimulus: 1.000
Output value 1.314

Q+ parameters
slope: 0.298 semiSat: 0.560 beta: 0.969 sigma: 0.114 
maxBOLD estimate = 1.243


Trial 66: qplus Stimulus Selection
Stimulus: 0.588
Output value 0.814

Q+ parameters
slope: 0.298 semiSat: 0.560 beta: 1.062 sigma: 0.166 
maxBOLD estimate = 1.204


Trial 67: qplus Stimulus Selection
Stimulus: 0.505
Output value 0.451

Q+ parameters
slope: 0.298 semiSat: 0.560 beta: 0.969 sigma: 0.114 
maxBOLD estimate = 1.280


Trial 68: qplus Stimulus Selection
Stimulus: 0.546
Output value 0.328

Q+ parameters
slope: 0.298 semiSat: 0.560 beta: 0.969 sigma: 0.114 
maxBOLD estimate = 1.240


Trial 69: qplus Stimulus Selection
Stimulus: 0.546
Output value 0.348

Q+ parameters
slope: 0.298 semiSat: 0.560 beta: 1.062 sigma: 0.166 
maxBOLD estimate = 1.201


Trial 70: baseline Stimulus Selection
Stimulus: 0.010
Output value 0.112

Q+ parameters
slope: 0.298 semiSat: 0.560 beta: 0.969 sigma: 0.114 
maxBOLD estimate = 1.276


Trial 71: qplus Stimulus Selection
Stimulus: 0.711
Output value 0.980

Q+ parameters
slope: 0.234 semiSat: 0.560 beta: 0.969 sigma: 0.114 
maxBOLD estimate = 1.236


Trial 72: qplus Stimulus Selection
Stimulus: 0.588
Output value 1.388

Q+ parameters
slope: 0.298 semiSat: 0.560 beta: 1.062 sigma: 0.166 
maxBOLD estimate = 1.197


Trial 73: qplus Stimulus Selection
Stimulus: 0.505
Output value 0.336

Q+ parameters
slope: 0.298 semiSat: 0.560 beta: 0.969 sigma: 0.114 
maxBOLD estimate = 1.272


Trial 74: qplus Stimulus Selection
Stimulus: 0.588
Output value 0.476

Q+ parameters
slope: 0.298 semiSat: 0.560 beta: 1.062 sigma: 0.166 
maxBOLD estimate = 1.233


Trial 75: maxBOLD Stimulus Selection
Stimulus: 1.000
Output value 1.384

Q+ parameters
slope: 0.298 semiSat: 0.560 beta: 0.969 sigma: 0.114 
maxBOLD estimate = 1.310


Trial 76: qplus Stimulus Selection
Stimulus: 0.546
Output value 0.980

Q+ parameters
slope: 0.298 semiSat: 0.560 beta: 1.062 sigma: 0.166 
maxBOLD estimate = 1.269


Trial 77: qplus Stimulus Selection
Stimulus: 0.588
Output value 1.187

Q+ parameters
slope: 0.234 semiSat: 0.560 beta: 0.969 sigma: 0.114 
maxBOLD estimate = 1.348


Trial 78: qplus Stimulus Selection
Stimulus: 0.546
Output value 1.135

Q+ parameters
slope: 0.298 semiSat: 0.560 beta: 1.062 sigma: 0.166 
maxBOLD estimate = 1.306


Trial 79: qplus Stimulus Selection
Stimulus: 0.588
Output value 0.733

Q+ parameters
slope: 0.234 semiSat: 0.560 beta: 0.969 sigma: 0.114 
maxBOLD estimate = 1.387


Trial 80: baseline Stimulus Selection
Stimulus: 0.010
Output value -0.118

Q+ parameters
slope: 0.298 semiSat: 0.560 beta: 0.969 sigma: 0.114 
maxBOLD estimate = 1.344


Trial 81: qplus Stimulus Selection
Stimulus: 0.546
Output value 0.688

Q+ parameters
slope: 0.298 semiSat: 0.560 beta: 0.969 sigma: 0.114 
maxBOLD estimate = 1.302


Trial 82: qplus Stimulus Selection
Stimulus: 0.546
Output value 0.487

Q+ parameters
slope: 0.298 semiSat: 0.560 beta: 1.062 sigma: 0.166 
maxBOLD estimate = 1.261


Trial 83: qplus Stimulus Selection
Stimulus: 0.588
Output value 1.180

Q+ parameters
slope: 0.234 semiSat: 0.560 beta: 0.969 sigma: 0.114 
maxBOLD estimate = 1.340


Trial 84: qplus Stimulus Selection
Stimulus: 0.546
Output value 0.800

Q+ parameters
slope: 0.298 semiSat: 0.560 beta: 0.969 sigma: 0.114 
maxBOLD estimate = 1.298


Trial 85: maxBOLD Stimulus Selection
Stimulus: 1.000
Output value 1.336

Q+ parameters
slope: 0.298 semiSat: 0.560 beta: 1.062 sigma: 0.166 
maxBOLD estimate = 1.258


Trial 86: qplus Stimulus Selection
Stimulus: 0.546
Output value 0.588

Q+ parameters
slope: 0.234 semiSat: 0.560 beta: 0.969 sigma: 0.114 
maxBOLD estimate = 1.336


Trial 87: qplus Stimulus Selection
Stimulus: 0.711
Output value 1.026

Q+ parameters
slope: 0.298 semiSat: 0.560 beta: 0.969 sigma: 0.114 
maxBOLD estimate = 1.295


Trial 88: qplus Stimulus Selection
Stimulus: 0.546
Output value 0.485

Q+ parameters
slope: 0.298 semiSat: 0.560 beta: 1.062 sigma: 0.114 
maxBOLD estimate = 1.254


Trial 89: qplus Stimulus Selection
Stimulus: 0.546
Output value 1.158

Q+ parameters
slope: 0.298 semiSat: 0.560 beta: 1.062 sigma: 0.166 
maxBOLD estimate = 1.333


Trial 90: baseline Stimulus Selection
Stimulus: 0.010
Output value -0.249

Q+ parameters
slope: 0.234 semiSat: 0.560 beta: 0.969 sigma: 0.114 
maxBOLD estimate = 1.416


Trial 91: qplus Stimulus Selection
Stimulus: 0.711
Output value 1.449

Q+ parameters
slope: 0.298 semiSat: 0.560 beta: 0.969 sigma: 0.114 
maxBOLD estimate = 1.372


Trial 92: qplus Stimulus Selection
Stimulus: 0.546
Output value 0.846

Q+ parameters
slope: 0.234 semiSat: 0.560 beta: 1.000 sigma: 0.114 
maxBOLD estimate = 1.329


Trial 93: qplus Stimulus Selection
Stimulus: 0.588
Output value 0.725

Q+ parameters
slope: 0.234 semiSat: 0.560 beta: 1.000 sigma: 0.114 
maxBOLD estimate = 1.329


Trial 94: qplus Stimulus Selection
Stimulus: 0.546
Output value 0.725

Q+ parameters
slope: 0.234 semiSat: 0.560 beta: 1.000 sigma: 0.114 
maxBOLD estimate = 1.329


Trial 95: maxBOLD Stimulus Selection
Stimulus: 1.000
Output value 1.540

Q+ parameters
slope: 0.298 semiSat: 0.560 beta: 1.062 sigma: 0.114 
maxBOLD estimate = 1.329


Trial 96: qplus Stimulus Selection
Stimulus: 0.588
Output value 1.243

Q+ parameters
slope: 0.298 semiSat: 0.560 beta: 0.969 sigma: 0.114 
maxBOLD estimate = 1.412


Trial 97: qplus Stimulus Selection
Stimulus: 0.711
Output value 1.445

Q+ parameters
slope: 0.298 semiSat: 0.560 beta: 0.969 sigma: 0.114 
maxBOLD estimate = 1.368


Trial 98: qplus Stimulus Selection
Stimulus: 0.546
Output value 0.000

Q+ parameters
slope: 0.298 semiSat: 0.560 beta: 1.062 sigma: 0.114 
maxBOLD estimate = 1.325


Trial 99: qplus Stimulus Selection
Stimulus: 0.546
Output value 0.868

Q+ parameters
slope: 0.298 semiSat: 0.560 beta: 0.969 sigma: 0.114 
maxBOLD estimate = 1.408


Trial 100: baseline Stimulus Selection
Stimulus: 0.010
Output value -0.132

Q+ parameters
slope: 0.298 semiSat: 0.560 beta: 1.062 sigma: 0.114 
maxBOLD estimate = 1.364

--------------------------------------------------------------
FINAL VALUES
--------------------------------------------------------------
Simulated parameters:              slope: 0.200 semiSat: 0.570 beta: 1.000 sigma: 0.100 
Max posterior QUEST+ parameters:   slope: 0.298 semiSat: 0.560 beta: 0.969 sigma: 0.114 
Max BADS parameters:               slope: 0.265 semiSat: 0.570 beta: 1.000 sigma: 0.121 
maxBOLD estimate: 1.452
