/blue/stevenweisberg/stevenweisberg/MATLAB/projects/Weisberg_Aguirre_2020/scripts/run_sims
c0706a-s5.ufhpc
Tue Apr  6 19:27:30 EDT 2021
mkdir: cannot create directory ‘/blue/stevenweisberg/stevenweisberg/qpfMRIResults/model_parameter_set2/’: File exists
cp: cannot stat ‘/blue/stevenweisberg/stevenweisberg/qpfMRIResults/deploy_sim.sh’: No such file or directory
cp: cannot stat ‘/blue/stevenweisberg/stevenweisberg/qpfMRIResults/sim_wrapper.sh’: No such file or directory
------------------------------------------
Setting up environment variables
---
LD_LIBRARY_PATH is .:/apps/matlab/mcr/2020b/v99/runtime/glnxa64:/apps/matlab/mcr/2020b/v99/bin/glnxa64:/apps/matlab/mcr/2020b/v99/sys/os/glnxa64:/apps/matlab/mcr/2020b/v99/sys/opengl/lib/glnxa64
Warning: Executing startup failed in matlabrc.
This indicates a potentially serious problem in your MATLAB setup, which should be resolved as soon as possible.  Error detected was:
MATLAB:mpath:PathAlterationNotSupported
Modifying the search path is not supported by MATLAB Compiler. Remove functions that modify the search path from your MATLAB code. To make files visible to your deployed application, add the parent folder to your MATLAB session.
Warning: No stimulus domain specified. Defaulting to values between 0.01 and 1.
> In qpfmriParams (line 182)
In compiledSimulate (line 205)
Stimulus domain added from input.
Parameter slope specified as 0.20000
Parameter semiSat specified as 0.57000
Parameter beta specified as 1.00000
Parameter sigma specified as 0.15000
seed = 99seed = 104seed = 111seed = 111seed = 115seed = 101Initializing Q+. This may take a minute...
Elapsed time is 7.155798 seconds.
Simulated parameters:
slope: 0.200 semiSat: 0.570 beta: 1.000 sigma: 0.150 

Trial 1: baseline Stimulus Selection
Stimulus: 0.010
Output value 0.000

Q+ parameters
slope: 0.026 semiSat: 0.890 beta: 0.500 sigma: 0.010 
maxBOLD estimate = 1.000


Trial 2: maxBOLD Stimulus Selection
Stimulus: 1.000
Output value 1.364

Q+ parameters
slope: 0.055 semiSat: 0.670 beta: 1.250 sigma: 0.010 
maxBOLD estimate = 1.000


Trial 3: baseline Stimulus Selection
Stimulus: 0.010
Output value 0.142

Q+ parameters
slope: 0.055 semiSat: 0.670 beta: 1.250 sigma: 0.062 
maxBOLD estimate = 1.250


Trial 4: maxBOLD Stimulus Selection
Stimulus: 1.000
Output value 1.918

Q+ parameters
slope: 0.055 semiSat: 0.670 beta: 1.125 sigma: 0.062 
maxBOLD estimate = 1.562


Trial 5: baseline Stimulus Selection
Stimulus: 0.010
Output value 0.180

Q+ parameters
slope: 0.055 semiSat: 0.670 beta: 1.125 sigma: 0.114 
maxBOLD estimate = 1.758


Trial 6: maxBOLD Stimulus Selection
Stimulus: 1.000
Output value 1.618

Q+ parameters
slope: 0.043 semiSat: 0.780 beta: 1.125 sigma: 0.114 
maxBOLD estimate = 1.978


Trial 7: qplus Stimulus Selection
Stimulus: 0.505
Output value 0.215

Q+ parameters
slope: 0.055 semiSat: 0.890 beta: 1.062 sigma: 0.062 
maxBOLD estimate = 2.225


Trial 8: qplus Stimulus Selection
Stimulus: 0.753
Output value 0.967

Q+ parameters
slope: 0.055 semiSat: 1.000 beta: 1.500 sigma: 0.062 
maxBOLD estimate = 2.364


Trial 9: qplus Stimulus Selection
Stimulus: 0.835
Output value 0.645

Q+ parameters
slope: 0.144 semiSat: 0.670 beta: 0.500 sigma: 0.062 
maxBOLD estimate = 3.546


Trial 10: baseline Stimulus Selection
Stimulus: 0.010
Output value 0.151

Q+ parameters
slope: 0.113 semiSat: 0.670 beta: 0.938 sigma: 0.114 
maxBOLD estimate = 1.773


Trial 11: qplus Stimulus Selection
Stimulus: 0.629
Output value 0.604

Q+ parameters
slope: 0.113 semiSat: 0.670 beta: 1.000 sigma: 0.062 
maxBOLD estimate = 1.662


Trial 12: qplus Stimulus Selection
Stimulus: 0.711
Output value 0.000

Q+ parameters
slope: 0.144 semiSat: 0.780 beta: 1.500 sigma: 0.166 
maxBOLD estimate = 1.662


Trial 13: qplus Stimulus Selection
Stimulus: 0.711
Output value 1.062

Q+ parameters
slope: 0.043 semiSat: 0.780 beta: 0.938 sigma: 0.062 
maxBOLD estimate = 2.493


Trial 14: qplus Stimulus Selection
Stimulus: 0.959
Output value 1.115

Q+ parameters
slope: 0.113 semiSat: 0.670 beta: 0.750 sigma: 0.062 
maxBOLD estimate = 2.337


Trial 15: maxBOLD Stimulus Selection
Stimulus: 1.000
Output value 2.151

Q+ parameters
slope: 0.089 semiSat: 0.670 beta: 1.125 sigma: 0.114 
maxBOLD estimate = 1.753


Trial 16: qplus Stimulus Selection
Stimulus: 0.588
Output value 0.471

Q+ parameters
slope: 0.113 semiSat: 0.670 beta: 0.875 sigma: 0.062 
maxBOLD estimate = 1.972


Trial 17: qplus Stimulus Selection
Stimulus: 0.546
Output value 0.471

Q+ parameters
slope: 0.089 semiSat: 0.670 beta: 1.000 sigma: 0.114 
maxBOLD estimate = 1.726


Trial 18: qplus Stimulus Selection
Stimulus: 0.588
Output value 0.147

Q+ parameters
slope: 0.113 semiSat: 0.670 beta: 0.938 sigma: 0.114 
maxBOLD estimate = 1.726


Trial 19: qplus Stimulus Selection
Stimulus: 0.753
Output value 0.882

Q+ parameters
slope: 0.089 semiSat: 0.670 beta: 1.000 sigma: 0.114 
maxBOLD estimate = 1.618


Trial 20: baseline Stimulus Selection
Stimulus: 0.010
Output value 0.156

Q+ parameters
slope: 0.113 semiSat: 0.670 beta: 1.062 sigma: 0.114 
maxBOLD estimate = 1.618


Trial 21: qplus Stimulus Selection
Stimulus: 0.588
Output value 0.625

Q+ parameters
slope: 0.089 semiSat: 0.670 beta: 1.000 sigma: 0.114 
maxBOLD estimate = 1.719


Trial 22: qplus Stimulus Selection
Stimulus: 0.753
Output value 1.934

Q+ parameters
slope: 0.089 semiSat: 0.670 beta: 1.031 sigma: 0.114 
maxBOLD estimate = 1.719


Trial 23: qplus Stimulus Selection
Stimulus: 0.588
Output value 0.499

Q+ parameters
slope: 0.089 semiSat: 0.670 beta: 1.031 sigma: 0.114 
maxBOLD estimate = 1.773


Trial 24: qplus Stimulus Selection
Stimulus: 0.588
Output value 0.499

Q+ parameters
slope: 0.089 semiSat: 0.670 beta: 1.000 sigma: 0.114 
maxBOLD estimate = 1.828


Trial 25: maxBOLD Stimulus Selection
Stimulus: 1.000
Output value 1.828

Q+ parameters
slope: 0.089 semiSat: 0.670 beta: 1.000 sigma: 0.114 
maxBOLD estimate = 1.828


Trial 26: qplus Stimulus Selection
Stimulus: 0.588
Output value 1.542

Q+ parameters
slope: 0.089 semiSat: 0.670 beta: 1.031 sigma: 0.166 
maxBOLD estimate = 1.828


Trial 27: qplus Stimulus Selection
Stimulus: 0.629
Output value 1.944

Q+ parameters
slope: 0.089 semiSat: 0.670 beta: 1.031 sigma: 0.166 
maxBOLD estimate = 1.885


Trial 28: qplus Stimulus Selection
Stimulus: 0.588
Output value 0.000

Q+ parameters
slope: 0.089 semiSat: 0.670 beta: 1.000 sigma: 0.114 
maxBOLD estimate = 1.944


Trial 29: qplus Stimulus Selection
Stimulus: 0.794
Output value 2.187

Q+ parameters
slope: 0.089 semiSat: 0.670 beta: 1.031 sigma: 0.114 
maxBOLD estimate = 1.944


Trial 30: baseline Stimulus Selection
Stimulus: 0.010
Output value -0.364

Q+ parameters
slope: 0.089 semiSat: 0.670 beta: 1.000 sigma: 0.114 
maxBOLD estimate = 2.005


Trial 31: qplus Stimulus Selection
Stimulus: 0.505
Output value 0.182

Q+ parameters
slope: 0.089 semiSat: 0.670 beta: 1.000 sigma: 0.114 
maxBOLD estimate = 2.005


Trial 32: qplus Stimulus Selection
Stimulus: 0.629
Output value 1.754

Q+ parameters
slope: 0.113 semiSat: 0.560 beta: 0.875 sigma: 0.114 
maxBOLD estimate = 2.005


Trial 33: qplus Stimulus Selection
Stimulus: 0.464
Output value 0.140

Q+ parameters
slope: 0.234 semiSat: 0.560 beta: 0.875 sigma: 0.114 
maxBOLD estimate = 1.754


Trial 34: qplus Stimulus Selection
Stimulus: 0.423
Output value 2.093

Q+ parameters
slope: 0.070 semiSat: 0.670 beta: 1.500 sigma: 0.166 
maxBOLD estimate = 1.535


Trial 35: maxBOLD Stimulus Selection
Stimulus: 1.000
Output value 0.785

Q+ parameters
slope: 0.070 semiSat: 0.560 beta: 0.750 sigma: 0.114 
maxBOLD estimate = 2.302


Trial 36: qplus Stimulus Selection
Stimulus: 0.670
Output value 1.884

Q+ parameters
slope: 0.113 semiSat: 0.560 beta: 1.000 sigma: 0.114 
maxBOLD estimate = 1.727


Trial 37: qplus Stimulus Selection
Stimulus: 0.423
Output value 1.177

Q+ parameters
slope: 0.070 semiSat: 0.670 beta: 1.500 sigma: 0.166 
maxBOLD estimate = 1.727


Trial 38: qplus Stimulus Selection
Stimulus: 0.423
Output value -0.206

Q+ parameters
slope: 0.055 semiSat: 0.670 beta: 0.875 sigma: 0.114 
maxBOLD estimate = 2.590


Trial 39: qplus Stimulus Selection
Stimulus: 0.670
Output value 0.464

Q+ parameters
slope: 0.070 semiSat: 0.560 beta: 0.750 sigma: 0.114 
maxBOLD estimate = 2.266


Trial 40: baseline Stimulus Selection
Stimulus: 0.010
Output value -0.155

Q+ parameters
slope: 0.113 semiSat: 0.560 beta: 1.000 sigma: 0.114 
maxBOLD estimate = 1.700


Trial 41: qplus Stimulus Selection
Stimulus: 0.423
Output value 0.309

Q+ parameters
slope: 0.113 semiSat: 0.560 beta: 1.000 sigma: 0.114 
maxBOLD estimate = 1.700


Trial 42: qplus Stimulus Selection
Stimulus: 0.381
Output value 1.159

Q+ parameters
slope: 0.070 semiSat: 0.670 beta: 1.500 sigma: 0.114 
maxBOLD estimate = 1.700


Trial 43: qplus Stimulus Selection
Stimulus: 0.381
Output value 0.174

Q+ parameters
slope: 0.070 semiSat: 0.560 beta: 0.750 sigma: 0.114 
maxBOLD estimate = 2.550


Trial 44: qplus Stimulus Selection
Stimulus: 0.670
Output value 1.391

Q+ parameters
slope: 0.070 semiSat: 0.560 beta: 1.000 sigma: 0.114 
maxBOLD estimate = 1.912


Trial 45: maxBOLD Stimulus Selection
Stimulus: 1.000
Output value 2.086

Q+ parameters
slope: 0.070 semiSat: 0.560 beta: 1.000 sigma: 0.114 
maxBOLD estimate = 1.912


Trial 46: qplus Stimulus Selection
Stimulus: 0.464
Output value 0.168

Q+ parameters
slope: 0.089 semiSat: 0.560 beta: 0.969 sigma: 0.114 
maxBOLD estimate = 1.912


Trial 47: qplus Stimulus Selection
Stimulus: 0.464
Output value 0.674

Q+ parameters
slope: 0.113 semiSat: 0.560 beta: 1.000 sigma: 0.114 
maxBOLD estimate = 1.852


Trial 48: qplus Stimulus Selection
Stimulus: 0.381
Output value -0.337

Q+ parameters
slope: 0.113 semiSat: 0.560 beta: 1.000 sigma: 0.114 
maxBOLD estimate = 1.852


Trial 49: qplus Stimulus Selection
Stimulus: 0.629
Output value 1.852

Q+ parameters
slope: 0.113 semiSat: 0.560 beta: 1.000 sigma: 0.114 
maxBOLD estimate = 1.852


Trial 50: baseline Stimulus Selection
Stimulus: 0.010
Output value 0.337

Q+ parameters
slope: 0.113 semiSat: 0.560 beta: 1.000 sigma: 0.114 
maxBOLD estimate = 1.852


Trial 51: qplus Stimulus Selection
Stimulus: 0.464
Output value 0.505

Q+ parameters
slope: 0.113 semiSat: 0.560 beta: 1.000 sigma: 0.114 
maxBOLD estimate = 1.852


Trial 52: qplus Stimulus Selection
Stimulus: 0.423
Output value 0.674

Q+ parameters
slope: 0.113 semiSat: 0.560 beta: 1.000 sigma: 0.114 
maxBOLD estimate = 1.852


Trial 53: qplus Stimulus Selection
Stimulus: 0.670
Output value 1.421

Q+ parameters
slope: 0.144 semiSat: 0.560 beta: 0.938 sigma: 0.114 
maxBOLD estimate = 1.852


Trial 54: qplus Stimulus Selection
Stimulus: 0.505
Output value 0.000

Q+ parameters
slope: 0.113 semiSat: 0.560 beta: 1.000 sigma: 0.166 
maxBOLD estimate = 1.737


Trial 55: maxBOLD Stimulus Selection
Stimulus: 1.000
Output value 1.421

Q+ parameters
slope: 0.113 semiSat: 0.560 beta: 1.000 sigma: 0.166 
maxBOLD estimate = 1.737


Trial 56: qplus Stimulus Selection
Stimulus: 0.629
Output value 0.474

Q+ parameters
slope: 0.089 semiSat: 0.670 beta: 1.500 sigma: 0.166 
maxBOLD estimate = 1.737


Trial 57: qplus Stimulus Selection
Stimulus: 0.629
Output value 1.036

Q+ parameters
slope: 0.055 semiSat: 0.670 beta: 0.875 sigma: 0.114 
maxBOLD estimate = 2.605


Trial 58: qplus Stimulus Selection
Stimulus: 0.670
Output value 0.777

Q+ parameters
slope: 0.144 semiSat: 0.560 beta: 0.750 sigma: 0.114 
maxBOLD estimate = 2.279


Trial 59: qplus Stimulus Selection
Stimulus: 0.670
Output value 1.981

Q+ parameters
slope: 0.144 semiSat: 0.560 beta: 1.062 sigma: 0.166 
maxBOLD estimate = 1.709


Trial 60: baseline Stimulus Selection
Stimulus: 0.010
Output value 0.433

Q+ parameters
slope: 0.144 semiSat: 0.560 beta: 0.875 sigma: 0.114 
maxBOLD estimate = 1.816


Trial 61: qplus Stimulus Selection
Stimulus: 0.629
Output value 1.842

Q+ parameters
slope: 0.144 semiSat: 0.560 beta: 1.062 sigma: 0.166 
maxBOLD estimate = 1.589


Trial 62: qplus Stimulus Selection
Stimulus: 0.505
Output value 1.468

Q+ parameters
slope: 0.144 semiSat: 0.560 beta: 1.062 sigma: 0.166 
maxBOLD estimate = 1.689


Trial 63: qplus Stimulus Selection
Stimulus: 0.505
Output value 1.142

Q+ parameters
slope: 0.113 semiSat: 0.560 beta: 1.000 sigma: 0.166 
maxBOLD estimate = 1.794


Trial 64: qplus Stimulus Selection
Stimulus: 0.505
Output value 0.816

Q+ parameters
slope: 0.113 semiSat: 0.560 beta: 1.000 sigma: 0.114 
maxBOLD estimate = 1.794


Trial 65: maxBOLD Stimulus Selection
Stimulus: 1.000
Output value 1.223

Q+ parameters
slope: 0.144 semiSat: 0.560 beta: 0.938 sigma: 0.114 
maxBOLD estimate = 1.794


Trial 66: qplus Stimulus Selection
Stimulus: 0.505
Output value 0.162

Q+ parameters
slope: 0.144 semiSat: 0.560 beta: 1.062 sigma: 0.166 
maxBOLD estimate = 1.682


Trial 67: qplus Stimulus Selection
Stimulus: 0.505
Output value 1.625

Q+ parameters
slope: 0.113 semiSat: 0.560 beta: 1.000 sigma: 0.166 
maxBOLD estimate = 1.787


Trial 68: qplus Stimulus Selection
Stimulus: 0.423
Output value -0.305

Q+ parameters
slope: 0.144 semiSat: 0.560 beta: 0.938 sigma: 0.114 
maxBOLD estimate = 1.787


Trial 69: qplus Stimulus Selection
Stimulus: 0.505
Output value 0.486

Q+ parameters
slope: 0.144 semiSat: 0.560 beta: 1.062 sigma: 0.166 
maxBOLD estimate = 1.675


Trial 70: baseline Stimulus Selection
Stimulus: 0.010
Output value -0.344

Q+ parameters
slope: 0.144 semiSat: 0.560 beta: 1.062 sigma: 0.166 
maxBOLD estimate = 1.780


Trial 71: qplus Stimulus Selection
Stimulus: 0.423
Output value 0.666

Q+ parameters
slope: 0.089 semiSat: 0.560 beta: 0.969 sigma: 0.114 
maxBOLD estimate = 1.891


Trial 72: qplus Stimulus Selection
Stimulus: 0.670
Output value 0.437

Q+ parameters
slope: 0.144 semiSat: 0.560 beta: 0.875 sigma: 0.114 
maxBOLD estimate = 1.832


Trial 73: qplus Stimulus Selection
Stimulus: 0.670
Output value 1.549

Q+ parameters
slope: 0.144 semiSat: 0.560 beta: 1.062 sigma: 0.166 
maxBOLD estimate = 1.603


Trial 74: qplus Stimulus Selection
Stimulus: 0.505
Output value 0.300

Q+ parameters
slope: 0.144 semiSat: 0.560 beta: 0.969 sigma: 0.166 
maxBOLD estimate = 1.703


Trial 75: maxBOLD Stimulus Selection
Stimulus: 1.000
Output value 1.594

Q+ parameters
slope: 0.144 semiSat: 0.560 beta: 1.062 sigma: 0.166 
maxBOLD estimate = 1.650


Trial 76: qplus Stimulus Selection
Stimulus: 0.505
Output value -0.279

Q+ parameters
slope: 0.234 semiSat: 0.560 beta: 0.875 sigma: 0.166 
maxBOLD estimate = 1.753


Trial 77: qplus Stimulus Selection
Stimulus: 0.629
Output value -0.209

Q+ parameters
slope: 0.113 semiSat: 0.670 beta: 1.500 sigma: 0.166 
maxBOLD estimate = 1.534


Trial 78: qplus Stimulus Selection
Stimulus: 0.753
Output value 1.098

Q+ parameters
slope: 0.113 semiSat: 0.560 beta: 0.750 sigma: 0.114 
maxBOLD estimate = 2.301


Trial 79: qplus Stimulus Selection
Stimulus: 0.670
Output value 1.373

Q+ parameters
slope: 0.234 semiSat: 0.560 beta: 0.875 sigma: 0.166 
maxBOLD estimate = 1.726


Trial 80: baseline Stimulus Selection
Stimulus: 0.010
Output value -0.292

Q+ parameters
slope: 0.144 semiSat: 0.560 beta: 1.062 sigma: 0.166 
maxBOLD estimate = 1.510


Trial 81: qplus Stimulus Selection
Stimulus: 0.464
Output value 0.000

Q+ parameters
slope: 0.144 semiSat: 0.560 beta: 1.000 sigma: 0.166 
maxBOLD estimate = 1.605


Trial 82: qplus Stimulus Selection
Stimulus: 0.588
Output value 0.000

Q+ parameters
slope: 0.144 semiSat: 0.560 beta: 0.969 sigma: 0.166 
maxBOLD estimate = 1.605


Trial 83: qplus Stimulus Selection
Stimulus: 0.588
Output value 1.272

Q+ parameters
slope: 0.113 semiSat: 0.560 beta: 1.125 sigma: 0.166 
maxBOLD estimate = 1.555


Trial 84: qplus Stimulus Selection
Stimulus: 0.546
Output value 0.616

Q+ parameters
slope: 0.144 semiSat: 0.560 beta: 0.969 sigma: 0.166 
maxBOLD estimate = 1.749


Trial 85: maxBOLD Stimulus Selection
Stimulus: 1.000
Output value 1.790

Q+ parameters
slope: 0.144 semiSat: 0.560 beta: 0.969 sigma: 0.166 
maxBOLD estimate = 1.694


Trial 86: qplus Stimulus Selection
Stimulus: 0.588
Output value 0.289

Q+ parameters
slope: 0.144 semiSat: 0.560 beta: 0.969 sigma: 0.166 
maxBOLD estimate = 1.641


Trial 87: qplus Stimulus Selection
Stimulus: 0.588
Output value 0.461

Q+ parameters
slope: 0.113 semiSat: 0.560 beta: 1.062 sigma: 0.166 
maxBOLD estimate = 1.590


Trial 88: qplus Stimulus Selection
Stimulus: 0.588
Output value 0.298

Q+ parameters
slope: 0.144 semiSat: 0.560 beta: 0.969 sigma: 0.166 
maxBOLD estimate = 1.689


Trial 89: qplus Stimulus Selection
Stimulus: 0.794
Output value 2.678

Q+ parameters
slope: 0.089 semiSat: 0.670 beta: 1.500 sigma: 0.166 
maxBOLD estimate = 1.637


Trial 90: baseline Stimulus Selection
Stimulus: 0.010
Output value -0.335

Q+ parameters
slope: 0.113 semiSat: 0.560 beta: 0.750 sigma: 0.114 
maxBOLD estimate = 2.455


Trial 91: qplus Stimulus Selection
Stimulus: 0.629
Output value 0.837

Q+ parameters
slope: 0.070 semiSat: 0.670 beta: 1.250 sigma: 0.166 
maxBOLD estimate = 1.841


Trial 92: qplus Stimulus Selection
Stimulus: 0.711
Output value 0.418

Q+ parameters
slope: 0.055 semiSat: 0.670 beta: 1.000 sigma: 0.114 
maxBOLD estimate = 2.301


Trial 93: qplus Stimulus Selection
Stimulus: 1.000
Output value 2.092

Q+ parameters
slope: 0.055 semiSat: 0.670 beta: 1.000 sigma: 0.114 
maxBOLD estimate = 2.301


Trial 94: qplus Stimulus Selection
Stimulus: 0.959
Output value 1.883

Q+ parameters
slope: 0.055 semiSat: 0.670 beta: 1.000 sigma: 0.114 
maxBOLD estimate = 2.301


Trial 95: maxBOLD Stimulus Selection
Stimulus: 1.000
Output value 0.628

Q+ parameters
slope: 0.113 semiSat: 0.560 beta: 0.750 sigma: 0.114 
maxBOLD estimate = 2.301


Trial 96: qplus Stimulus Selection
Stimulus: 0.340
Output value 0.235

Q+ parameters
slope: 0.089 semiSat: 0.670 beta: 1.500 sigma: 0.166 
maxBOLD estimate = 1.726


Trial 97: qplus Stimulus Selection
Stimulus: 0.588
Output value 0.412

Q+ parameters
slope: 0.055 semiSat: 0.670 beta: 0.875 sigma: 0.114 
maxBOLD estimate = 2.589


Trial 98: qplus Stimulus Selection
Stimulus: 1.000
Output value 1.236

Q+ parameters
slope: 0.144 semiSat: 0.560 beta: 0.750 sigma: 0.114 
maxBOLD estimate = 2.265


Trial 99: qplus Stimulus Selection
Stimulus: 0.340
Output value 0.232

Q+ parameters
slope: 0.089 semiSat: 0.670 beta: 1.500 sigma: 0.166 
maxBOLD estimate = 1.699


Trial 100: baseline Stimulus Selection
Stimulus: 0.010
Output value -0.405

Q+ parameters
slope: 0.055 semiSat: 0.670 beta: 0.875 sigma: 0.114 
maxBOLD estimate = 2.549

--------------------------------------------------------------
FINAL VALUES
--------------------------------------------------------------
Simulated parameters:              slope: 0.200 semiSat: 0.570 beta: 1.000 sigma: 0.150 
Max posterior QUEST+ parameters:   slope: 0.089 semiSat: 0.670 beta: 1.500 sigma: 0.166 
Max BADS parameters:               slope: 0.086 semiSat: 0.579 beta: 1.000 sigma: 0.143 
maxBOLD estimate: 1.783
