/blue/stevenweisberg/stevenweisberg/MATLAB/projects/Weisberg_Aguirre_2020/scripts/run_sims
c29a-s22.ufhpc
Fri Nov 13 19:01:49 EST 2020
mkdir: cannot create directory ‘/blue/stevenweisberg/stevenweisberg/qpfMRIResults/model_parameter_set1/’: File exists
cp: cannot stat ‘/blue/stevenweisberg/stevenweisberg/qpfMRIResults/deploy_sim.sh’: No such file or directory
cp: cannot stat ‘/blue/stevenweisberg/stevenweisberg/qpfMRIResults/sim_wrapper.sh’: No such file or directory
------------------------------------------
Setting up environment variables
---
LD_LIBRARY_PATH is .:/apps/matlab/mcr/2020b/v99/runtime/glnxa64:/apps/matlab/mcr/2020b/v99/bin/glnxa64:/apps/matlab/mcr/2020b/v99/sys/os/glnxa64:/apps/matlab/mcr/2020b/v99/sys/opengl/lib/glnxa64
Warning: Executing startup failed in matlabrc.
This indicates a potentially serious problem in your MATLAB setup, which should be resolved as soon as possible.  Error detected was:
MATLAB:mpath:PathAlterationNotSupported
Modifying the search path is not supported by MATLAB Compiler. Remove functions that modify the search path from your MATLAB code. To make files visible to your deployed application, add the parent folder to your MATLAB session.
Warning: No stimulus domain specified. Defaulting to values between 0.01 and 1.
> In qpfmriParams (line 182)
In compiledSimulate (line 205)
Stimulus domain added from input.
Parameter slope specified as 0.41000
Parameter semiSat specified as 0.57000
Parameter beta specified as 1.00000
Parameter sigma specified as 0.25000
seed = 99seed = 104seed = 111seed = 111seed = 115seed = 101Initializing Q+. This may take a minute...
Elapsed time is 9.828533 seconds.
Simulated parameters:
slope: 0.410 semiSat: 0.570 beta: 1.000 sigma: 0.250 

Trial 1: baseline Stimulus Selection
Stimulus: 0.010
Output value 0.000

Q+ parameters
slope: 0.026 semiSat: 0.890 beta: 0.500 sigma: 0.010 
maxBOLD estimate = 1.000


Trial 2: maxBOLD Stimulus Selection
Stimulus: 1.000
Output value 0.705

Q+ parameters
slope: 0.043 semiSat: 0.780 beta: 0.969 sigma: 0.010 
maxBOLD estimate = 1.000


Trial 3: baseline Stimulus Selection
Stimulus: 0.010
Output value -0.220

Q+ parameters
slope: 0.055 semiSat: 0.670 beta: 1.250 sigma: 0.166 
maxBOLD estimate = 0.969


Trial 4: maxBOLD Stimulus Selection
Stimulus: 1.000
Output value 1.651

Q+ parameters
slope: 0.055 semiSat: 0.670 beta: 1.250 sigma: 0.114 
maxBOLD estimate = 1.211


Trial 5: baseline Stimulus Selection
Stimulus: 0.010
Output value 0.482

Q+ parameters
slope: 0.034 semiSat: 0.890 beta: 0.875 sigma: 0.166 
maxBOLD estimate = 1.514


Trial 6: maxBOLD Stimulus Selection
Stimulus: 1.000
Output value 1.806

Q+ parameters
slope: 0.055 semiSat: 0.670 beta: 1.250 sigma: 0.114 
maxBOLD estimate = 1.324


Trial 7: random Stimulus Selection
Stimulus: 0.546
Output value 0.151

Q+ parameters
slope: 0.089 semiSat: 0.780 beta: 1.000 sigma: 0.114 
maxBOLD estimate = 1.656


Trial 8: random Stimulus Selection
Stimulus: 0.175
Output value -0.263

Q+ parameters
slope: 0.089 semiSat: 0.560 beta: 0.875 sigma: 0.114 
maxBOLD estimate = 1.656


Trial 9: random Stimulus Selection
Stimulus: 0.051
Output value 1.580

Q+ parameters
slope: 0.055 semiSat: 0.670 beta: 1.500 sigma: 0.218 
maxBOLD estimate = 1.449


Trial 10: baseline Stimulus Selection
Stimulus: 0.010
Output value 0.148

Q+ parameters
slope: 0.043 semiSat: 0.670 beta: 0.750 sigma: 0.114 
maxBOLD estimate = 2.173


Trial 11: random Stimulus Selection
Stimulus: 0.505
Output value -0.222

Q+ parameters
slope: 0.616 semiSat: 0.560 beta: 0.750 sigma: 0.166 
maxBOLD estimate = 1.630


Trial 12: random Stimulus Selection
Stimulus: 0.340
Output value 0.667

Q+ parameters
slope: 0.616 semiSat: 0.230 beta: 0.500 sigma: 1.000 
maxBOLD estimate = 1.222


Trial 13: random Stimulus Selection
Stimulus: 0.670
Output value 0.688

Q+ parameters
slope: 0.016 semiSat: 0.560 beta: 1.031 sigma: 1.000 
maxBOLD estimate = 0.611


Trial 14: random Stimulus Selection
Stimulus: 0.381
Output value -0.118

Q+ parameters
slope: 0.016 semiSat: 0.560 beta: 1.031 sigma: 1.000 
maxBOLD estimate = 0.630


Trial 15: maxBOLD Stimulus Selection
Stimulus: 1.000
Output value 0.731

Q+ parameters
slope: 0.016 semiSat: 0.560 beta: 1.031 sigma: 1.000 
maxBOLD estimate = 0.650


Trial 16: random Stimulus Selection
Stimulus: 0.711
Output value 0.685

Q+ parameters
slope: 0.021 semiSat: 0.450 beta: 0.938 sigma: 1.000 
maxBOLD estimate = 0.670


Trial 17: random Stimulus Selection
Stimulus: 0.381
Output value -0.107

Q+ parameters
slope: 0.021 semiSat: 0.450 beta: 0.938 sigma: 1.000 
maxBOLD estimate = 0.628


Trial 18: random Stimulus Selection
Stimulus: 0.216
Output value 0.602

Q+ parameters
slope: 0.010 semiSat: 0.450 beta: 0.938 sigma: 1.000 
maxBOLD estimate = 0.589


Trial 19: random Stimulus Selection
Stimulus: 0.216
Output value 0.565

Q+ parameters
slope: 0.010 semiSat: 0.450 beta: 0.938 sigma: 1.000 
maxBOLD estimate = 0.552


Trial 20: baseline Stimulus Selection
Stimulus: 0.010
Output value 0.282

Q+ parameters
slope: 0.785 semiSat: 0.120 beta: 0.500 sigma: 1.000 
maxBOLD estimate = 0.518


Trial 21: random Stimulus Selection
Stimulus: 0.918
Output value 0.141

Q+ parameters
slope: 0.183 semiSat: 0.120 beta: 0.500 sigma: 1.000 
maxBOLD estimate = 0.259


Trial 22: random Stimulus Selection
Stimulus: 0.505
Output value 0.124

Q+ parameters
slope: 0.010 semiSat: 0.120 beta: 0.875 sigma: 1.000 
maxBOLD estimate = 0.129


Trial 23: random Stimulus Selection
Stimulus: 0.918
Output value 0.108

Q+ parameters
slope: 0.010 semiSat: 0.120 beta: 0.875 sigma: 1.000 
maxBOLD estimate = 0.113


Trial 24: random Stimulus Selection
Stimulus: 0.340
Output value -0.016

Q+ parameters
slope: 0.010 semiSat: 0.120 beta: 0.875 sigma: 1.000 
maxBOLD estimate = 0.099


Trial 25: maxBOLD Stimulus Selection
Stimulus: 1.000
Output value 0.083

Q+ parameters
slope: 0.010 semiSat: 0.120 beta: 0.875 sigma: 1.000 
maxBOLD estimate = 0.087


Trial 26: random Stimulus Selection
Stimulus: 0.753
Output value 0.072

Q+ parameters
slope: 0.010 semiSat: 0.120 beta: 0.875 sigma: 1.000 
maxBOLD estimate = 0.076


Trial 27: random Stimulus Selection
Stimulus: 1.000
Output value 0.063

Q+ parameters
slope: 0.010 semiSat: 0.120 beta: 0.875 sigma: 1.000 
maxBOLD estimate = 0.066


Trial 28: random Stimulus Selection
Stimulus: 0.381
Output value 0.055

Q+ parameters
slope: 0.010 semiSat: 0.120 beta: 0.875 sigma: 1.000 
maxBOLD estimate = 0.058


Trial 29: random Stimulus Selection
Stimulus: 0.299
Output value 0.049

Q+ parameters
slope: 0.010 semiSat: 0.120 beta: 0.875 sigma: 1.000 
maxBOLD estimate = 0.051


Trial 30: baseline Stimulus Selection
Stimulus: 0.010
Output value 0.042

Q+ parameters
slope: 0.010 semiSat: 0.120 beta: 0.875 sigma: 1.000 
maxBOLD estimate = 0.044

--------------------------------------------------------------
FINAL VALUES
--------------------------------------------------------------
Simulated parameters:              slope: 0.410 semiSat: 0.570 beta: 1.000 sigma: 0.250 
Max posterior QUEST+ parameters:   slope: 0.010 semiSat: 0.120 beta: 0.875 sigma: 1.000 
Max BADS parameters:               slope: 0.010 semiSat: 0.342 beta: 1.000 sigma: 1.000 
maxBOLD estimate: 0.039
