/blue/stevenweisberg/stevenweisberg/MATLAB/projects/Weisberg_Aguirre_2020/scripts/run_sims
c0700a-s2.ufhpc
Wed Apr  7 05:39:00 EDT 2021
mkdir: cannot create directory ‘/blue/stevenweisberg/stevenweisberg/qpfMRIResults/model_parameter_set2/’: File exists
cp: cannot stat ‘/blue/stevenweisberg/stevenweisberg/qpfMRIResults/deploy_sim.sh’: No such file or directory
cp: cannot stat ‘/blue/stevenweisberg/stevenweisberg/qpfMRIResults/sim_wrapper.sh’: No such file or directory
------------------------------------------
Setting up environment variables
---
LD_LIBRARY_PATH is .:/apps/matlab/mcr/2020b/v99/runtime/glnxa64:/apps/matlab/mcr/2020b/v99/bin/glnxa64:/apps/matlab/mcr/2020b/v99/sys/os/glnxa64:/apps/matlab/mcr/2020b/v99/sys/opengl/lib/glnxa64
Warning: Executing startup failed in matlabrc.
This indicates a potentially serious problem in your MATLAB setup, which should be resolved as soon as possible.  Error detected was:
MATLAB:mpath:PathAlterationNotSupported
Modifying the search path is not supported by MATLAB Compiler. Remove functions that modify the search path from your MATLAB code. To make files visible to your deployed application, add the parent folder to your MATLAB session.
Warning: No stimulus domain specified. Defaulting to values between 0.01 and 1.
> In qpfmriParams (line 182)
In compiledSimulate (line 205)
Stimulus domain added from input.
Parameter slope specified as 0.20000
Parameter semiSat specified as 0.57000
Parameter beta specified as 1.00000
Parameter sigma specified as 0.10000
seed = 99seed = 104seed = 111seed = 111seed = 115seed = 101Initializing Q+. This may take a minute...
Elapsed time is 7.392689 seconds.
Simulated parameters:
slope: 0.200 semiSat: 0.570 beta: 1.000 sigma: 0.100 

Trial 1: baseline Stimulus Selection
Stimulus: 0.010
Output value 0.000

Q+ parameters
slope: 0.026 semiSat: 0.890 beta: 0.500 sigma: 0.010 
maxBOLD estimate = 1.000


Trial 2: maxBOLD Stimulus Selection
Stimulus: 1.000
Output value 1.364

Q+ parameters
slope: 0.055 semiSat: 0.670 beta: 1.250 sigma: 0.010 
maxBOLD estimate = 1.000


Trial 3: baseline Stimulus Selection
Stimulus: 0.010
Output value -0.284

Q+ parameters
slope: 0.055 semiSat: 0.670 beta: 1.250 sigma: 0.166 
maxBOLD estimate = 1.250


Trial 4: maxBOLD Stimulus Selection
Stimulus: 1.000
Output value 1.758

Q+ parameters
slope: 0.055 semiSat: 0.670 beta: 1.125 sigma: 0.062 
maxBOLD estimate = 1.562


Trial 5: baseline Stimulus Selection
Stimulus: 0.010
Output value -0.400

Q+ parameters
slope: 0.055 semiSat: 0.670 beta: 1.250 sigma: 0.114 
maxBOLD estimate = 1.758


Trial 6: maxBOLD Stimulus Selection
Stimulus: 1.000
Output value 1.355

Q+ parameters
slope: 0.043 semiSat: 0.780 beta: 0.969 sigma: 0.062 
maxBOLD estimate = 2.197


Trial 7: random Stimulus Selection
Stimulus: 0.216
Output value 0.290

Q+ parameters
slope: 0.089 semiSat: 0.340 beta: 0.750 sigma: 0.062 
maxBOLD estimate = 2.129


Trial 8: random Stimulus Selection
Stimulus: 0.010
Output value -0.363

Q+ parameters
slope: 0.089 semiSat: 0.450 beta: 1.250 sigma: 0.114 
maxBOLD estimate = 1.596


Trial 9: random Stimulus Selection
Stimulus: 0.546
Output value 0.952

Q+ parameters
slope: 0.055 semiSat: 0.560 beta: 0.875 sigma: 0.062 
maxBOLD estimate = 1.996


Trial 10: baseline Stimulus Selection
Stimulus: 0.010
Output value -0.198

Q+ parameters
slope: 0.043 semiSat: 0.780 beta: 1.250 sigma: 0.062 
maxBOLD estimate = 1.746


Trial 11: random Stimulus Selection
Stimulus: 0.918
Output value 1.346

Q+ parameters
slope: 0.043 semiSat: 0.780 beta: 0.969 sigma: 0.062 
maxBOLD estimate = 2.183


Trial 12: random Stimulus Selection
Stimulus: 0.051
Output value -0.204

Q+ parameters
slope: 0.043 semiSat: 0.780 beta: 1.062 sigma: 0.062 
maxBOLD estimate = 2.114


Trial 13: random Stimulus Selection
Stimulus: 0.546
Output value 0.230

Q+ parameters
slope: 0.043 semiSat: 0.890 beta: 1.125 sigma: 0.062 
maxBOLD estimate = 2.247


Trial 14: random Stimulus Selection
Stimulus: 0.381
Output value 0.201

Q+ parameters
slope: 0.055 semiSat: 0.780 beta: 0.875 sigma: 0.062 
maxBOLD estimate = 2.527


Trial 15: maxBOLD Stimulus Selection
Stimulus: 1.000
Output value 2.262

Q+ parameters
slope: 0.043 semiSat: 0.890 beta: 1.250 sigma: 0.062 
maxBOLD estimate = 2.211


Trial 16: random Stimulus Selection
Stimulus: 0.546
Output value 0.314

Q+ parameters
slope: 0.043 semiSat: 1.000 beta: 1.250 sigma: 0.062 
maxBOLD estimate = 2.764


Trial 17: random Stimulus Selection
Stimulus: 0.423
Output value -0.157

Q+ parameters
slope: 0.183 semiSat: 0.560 beta: 0.500 sigma: 0.062 
maxBOLD estimate = 3.455


Trial 18: random Stimulus Selection
Stimulus: 0.175
Output value 0.456

Q+ parameters
slope: 0.616 semiSat: 0.560 beta: 0.969 sigma: 0.114 
maxBOLD estimate = 1.728


Trial 19: random Stimulus Selection
Stimulus: 0.423
Output value 0.685

Q+ parameters
slope: 0.043 semiSat: 0.890 beta: 1.500 sigma: 0.062 
maxBOLD estimate = 1.674


Trial 20: baseline Stimulus Selection
Stimulus: 0.010
Output value 0.285

Q+ parameters
slope: 0.043 semiSat: 1.000 beta: 1.250 sigma: 0.062 
maxBOLD estimate = 2.511


Trial 21: random Stimulus Selection
Stimulus: 0.918
Output value 0.856

Q+ parameters
slope: 0.183 semiSat: 0.560 beta: 0.500 sigma: 0.062 
maxBOLD estimate = 3.138


Trial 22: random Stimulus Selection
Stimulus: 0.918
Output value 2.568

Q+ parameters
slope: 0.070 semiSat: 0.780 beta: 1.500 sigma: 0.114 
maxBOLD estimate = 1.569


Trial 23: random Stimulus Selection
Stimulus: 0.876
Output value 1.444

Q+ parameters
slope: 0.113 semiSat: 0.670 beta: 0.750 sigma: 0.062 
maxBOLD estimate = 2.354


Trial 24: random Stimulus Selection
Stimulus: 0.257
Output value -0.311

Q+ parameters
slope: 0.616 semiSat: 0.560 beta: 0.969 sigma: 0.114 
maxBOLD estimate = 1.765


Trial 25: maxBOLD Stimulus Selection
Stimulus: 1.000
Output value 1.506

Q+ parameters
slope: 0.616 semiSat: 0.560 beta: 0.969 sigma: 0.114 
maxBOLD estimate = 1.710


Trial 26: random Stimulus Selection
Stimulus: 0.257
Output value -0.146

Q+ parameters
slope: 0.616 semiSat: 0.560 beta: 0.969 sigma: 0.114 
maxBOLD estimate = 1.657


Trial 27: random Stimulus Selection
Stimulus: 0.051
Output value -0.365

Q+ parameters
slope: 0.089 semiSat: 0.670 beta: 1.250 sigma: 0.114 
maxBOLD estimate = 1.605


Trial 28: random Stimulus Selection
Stimulus: 0.423
Output value -0.319

Q+ parameters
slope: 0.483 semiSat: 0.560 beta: 0.875 sigma: 0.114 
maxBOLD estimate = 2.006


Trial 29: random Stimulus Selection
Stimulus: 0.835
Output value 1.546

Q+ parameters
slope: 0.616 semiSat: 0.560 beta: 0.969 sigma: 0.114 
maxBOLD estimate = 1.755


Trial 30: baseline Stimulus Selection
Stimulus: 0.010
Output value -0.464

Q+ parameters
slope: 0.070 semiSat: 0.780 beta: 1.500 sigma: 0.114 
maxBOLD estimate = 1.700


Trial 31: random Stimulus Selection
Stimulus: 0.629
Output value 1.043

Q+ parameters
slope: 0.070 semiSat: 0.670 beta: 0.750 sigma: 0.062 
maxBOLD estimate = 2.551


Trial 32: random Stimulus Selection
Stimulus: 0.299
Output value 0.000

Q+ parameters
slope: 0.144 semiSat: 0.560 beta: 0.875 sigma: 0.114 
maxBOLD estimate = 1.913


Trial 33: random Stimulus Selection
Stimulus: 0.092
Output value 0.000

Q+ parameters
slope: 0.089 semiSat: 0.670 beta: 1.250 sigma: 0.114 
maxBOLD estimate = 1.674


Trial 34: random Stimulus Selection
Stimulus: 0.711
Output value 0.999

Q+ parameters
slope: 0.234 semiSat: 0.560 beta: 0.750 sigma: 0.114 
maxBOLD estimate = 2.092


Trial 35: maxBOLD Stimulus Selection
Stimulus: 1.000
Output value 1.516

Q+ parameters
slope: 0.144 semiSat: 0.560 beta: 1.062 sigma: 0.114 
maxBOLD estimate = 1.569


Trial 36: random Stimulus Selection
Stimulus: 0.711
Output value 1.615

Q+ parameters
slope: 0.234 semiSat: 0.560 beta: 0.969 sigma: 0.114 
maxBOLD estimate = 1.667


Trial 37: random Stimulus Selection
Stimulus: 0.959
Output value 1.872

Q+ parameters
slope: 0.144 semiSat: 0.560 beta: 1.062 sigma: 0.114 
maxBOLD estimate = 1.615


Trial 38: random Stimulus Selection
Stimulus: 0.340
Output value 0.151

Q+ parameters
slope: 0.234 semiSat: 0.560 beta: 0.969 sigma: 0.114 
maxBOLD estimate = 1.716


Trial 39: random Stimulus Selection
Stimulus: 0.918
Output value 1.757

Q+ parameters
slope: 0.234 semiSat: 0.560 beta: 0.969 sigma: 0.114 
maxBOLD estimate = 1.663


Trial 40: baseline Stimulus Selection
Stimulus: 0.010
Output value 0.142

Q+ parameters
slope: 0.234 semiSat: 0.560 beta: 0.969 sigma: 0.114 
maxBOLD estimate = 1.611


Trial 41: random Stimulus Selection
Stimulus: 0.753
Output value 1.206

Q+ parameters
slope: 0.144 semiSat: 0.560 beta: 1.062 sigma: 0.114 
maxBOLD estimate = 1.560


Trial 42: random Stimulus Selection
Stimulus: 0.835
Output value 1.752

Q+ parameters
slope: 0.234 semiSat: 0.560 beta: 0.969 sigma: 0.114 
maxBOLD estimate = 1.658


Trial 43: random Stimulus Selection
Stimulus: 0.257
Output value -0.155

Q+ parameters
slope: 0.144 semiSat: 0.560 beta: 1.062 sigma: 0.114 
maxBOLD estimate = 1.606


Trial 44: random Stimulus Selection
Stimulus: 0.464
Output value 1.357

Q+ parameters
slope: 0.089 semiSat: 0.670 beta: 1.250 sigma: 0.114 
maxBOLD estimate = 1.706


Trial 45: maxBOLD Stimulus Selection
Stimulus: 1.000
Output value 1.309

Q+ parameters
slope: 0.234 semiSat: 0.560 beta: 0.750 sigma: 0.114 
maxBOLD estimate = 2.133


Trial 46: random Stimulus Selection
Stimulus: 0.546
Output value 1.236

Q+ parameters
slope: 0.144 semiSat: 0.560 beta: 1.062 sigma: 0.114 
maxBOLD estimate = 1.600


Trial 47: random Stimulus Selection
Stimulus: 0.257
Output value 0.599

Q+ parameters
slope: 0.144 semiSat: 0.560 beta: 0.969 sigma: 0.114 
maxBOLD estimate = 1.700


Trial 48: random Stimulus Selection
Stimulus: 0.794
Output value 1.909

Q+ parameters
slope: 0.144 semiSat: 0.560 beta: 1.062 sigma: 0.114 
maxBOLD estimate = 1.647


Trial 49: random Stimulus Selection
Stimulus: 0.340
Output value -0.154

Q+ parameters
slope: 0.144 semiSat: 0.560 beta: 0.969 sigma: 0.114 
maxBOLD estimate = 1.750


Trial 50: baseline Stimulus Selection
Stimulus: 0.010
Output value 0.000

Q+ parameters
slope: 0.144 semiSat: 0.560 beta: 0.969 sigma: 0.114 
maxBOLD estimate = 1.695


Trial 51: random Stimulus Selection
Stimulus: 0.299
Output value 0.634

Q+ parameters
slope: 0.144 semiSat: 0.560 beta: 1.062 sigma: 0.114 
maxBOLD estimate = 1.642


Trial 52: random Stimulus Selection
Stimulus: 0.464
Output value 0.307

Q+ parameters
slope: 0.144 semiSat: 0.560 beta: 0.969 sigma: 0.114 
maxBOLD estimate = 1.745


Trial 53: random Stimulus Selection
Stimulus: 0.175
Output value 0.149

Q+ parameters
slope: 0.144 semiSat: 0.560 beta: 0.969 sigma: 0.114 
maxBOLD estimate = 1.690


Trial 54: random Stimulus Selection
Stimulus: 0.216
Output value -0.316

Q+ parameters
slope: 0.144 semiSat: 0.560 beta: 1.062 sigma: 0.114 
maxBOLD estimate = 1.637


Trial 55: maxBOLD Stimulus Selection
Stimulus: 1.000
Output value 1.838

Q+ parameters
slope: 0.144 semiSat: 0.560 beta: 0.969 sigma: 0.114 
maxBOLD estimate = 1.740


Trial 56: random Stimulus Selection
Stimulus: 0.794
Output value 1.187

Q+ parameters
slope: 0.144 semiSat: 0.560 beta: 0.969 sigma: 0.114 
maxBOLD estimate = 1.685


Trial 57: random Stimulus Selection
Stimulus: 0.753
Output value 1.577

Q+ parameters
slope: 0.144 semiSat: 0.560 beta: 1.062 sigma: 0.114 
maxBOLD estimate = 1.632


Trial 58: random Stimulus Selection
Stimulus: 0.505
Output value 0.458

Q+ parameters
slope: 0.144 semiSat: 0.560 beta: 0.969 sigma: 0.114 
maxBOLD estimate = 1.735


Trial 59: random Stimulus Selection
Stimulus: 0.257
Output value 0.191

Q+ parameters
slope: 0.089 semiSat: 0.670 beta: 1.250 sigma: 0.114 
maxBOLD estimate = 1.680


Trial 60: baseline Stimulus Selection
Stimulus: 0.010
Output value 0.286

Q+ parameters
slope: 0.113 semiSat: 0.560 beta: 0.750 sigma: 0.062 
maxBOLD estimate = 2.100


Trial 61: random Stimulus Selection
Stimulus: 0.381
Output value 0.761

Q+ parameters
slope: 0.144 semiSat: 0.560 beta: 1.062 sigma: 0.114 
maxBOLD estimate = 1.575


Trial 62: random Stimulus Selection
Stimulus: 0.464
Output value 1.032

Q+ parameters
slope: 0.144 semiSat: 0.560 beta: 0.969 sigma: 0.114 
maxBOLD estimate = 1.674


Trial 63: random Stimulus Selection
Stimulus: 0.918
Output value 1.285

Q+ parameters
slope: 0.144 semiSat: 0.560 beta: 0.969 sigma: 0.114 
maxBOLD estimate = 1.621


Trial 64: random Stimulus Selection
Stimulus: 0.092
Output value 0.455

Q+ parameters
slope: 0.144 semiSat: 0.560 beta: 1.062 sigma: 0.114 
maxBOLD estimate = 1.571


Trial 65: maxBOLD Stimulus Selection
Stimulus: 1.000
Output value 1.617

Q+ parameters
slope: 0.144 semiSat: 0.560 beta: 0.969 sigma: 0.114 
maxBOLD estimate = 1.669


Trial 66: random Stimulus Selection
Stimulus: 0.959
Output value 1.874

Q+ parameters
slope: 0.144 semiSat: 0.560 beta: 1.062 sigma: 0.114 
maxBOLD estimate = 1.617


Trial 67: random Stimulus Selection
Stimulus: 0.959
Output value 1.815

Q+ parameters
slope: 0.144 semiSat: 0.560 beta: 0.969 sigma: 0.114 
maxBOLD estimate = 1.718


Trial 68: random Stimulus Selection
Stimulus: 0.299
Output value -0.189

Q+ parameters
slope: 0.089 semiSat: 0.670 beta: 1.250 sigma: 0.114 
maxBOLD estimate = 1.664


Trial 69: random Stimulus Selection
Stimulus: 0.670
Output value 1.135

Q+ parameters
slope: 0.113 semiSat: 0.560 beta: 0.750 sigma: 0.114 
maxBOLD estimate = 2.080


Trial 70: baseline Stimulus Selection
Stimulus: 0.010
Output value 0.301

Q+ parameters
slope: 0.144 semiSat: 0.560 beta: 1.062 sigma: 0.114 
maxBOLD estimate = 1.560


Trial 71: random Stimulus Selection
Stimulus: 0.423
Output value 0.000

Q+ parameters
slope: 0.089 semiSat: 0.670 beta: 1.250 sigma: 0.114 
maxBOLD estimate = 1.658


Trial 72: random Stimulus Selection
Stimulus: 0.010
Output value 0.141

Q+ parameters
slope: 0.113 semiSat: 0.560 beta: 0.750 sigma: 0.114 
maxBOLD estimate = 2.072


Trial 73: random Stimulus Selection
Stimulus: 0.299
Output value 0.150

Q+ parameters
slope: 0.144 semiSat: 0.560 beta: 1.062 sigma: 0.114 
maxBOLD estimate = 1.554


Trial 74: random Stimulus Selection
Stimulus: 0.794
Output value 1.454

Q+ parameters
slope: 0.144 semiSat: 0.560 beta: 0.969 sigma: 0.114 
maxBOLD estimate = 1.651


Trial 75: maxBOLD Stimulus Selection
Stimulus: 1.000
Output value 1.700

Q+ parameters
slope: 0.144 semiSat: 0.560 beta: 1.062 sigma: 0.114 
maxBOLD estimate = 1.600


Trial 76: random Stimulus Selection
Stimulus: 0.299
Output value 0.000

Q+ parameters
slope: 0.089 semiSat: 0.670 beta: 1.062 sigma: 0.114 
maxBOLD estimate = 1.700


Trial 77: random Stimulus Selection
Stimulus: 0.753
Output value 1.293

Q+ parameters
slope: 0.144 semiSat: 0.560 beta: 0.875 sigma: 0.114 
maxBOLD estimate = 1.806


Trial 78: random Stimulus Selection
Stimulus: 0.175
Output value 0.153

Q+ parameters
slope: 0.144 semiSat: 0.560 beta: 1.062 sigma: 0.114 
maxBOLD estimate = 1.580


Trial 79: random Stimulus Selection
Stimulus: 0.794
Output value 1.035

Q+ parameters
slope: 0.144 semiSat: 0.560 beta: 0.969 sigma: 0.114 
maxBOLD estimate = 1.679


Trial 80: baseline Stimulus Selection
Stimulus: 0.010
Output value 0.185

Q+ parameters
slope: 0.089 semiSat: 0.670 beta: 1.250 sigma: 0.114 
maxBOLD estimate = 1.626


Trial 81: random Stimulus Selection
Stimulus: 0.588
Output value 0.554

Q+ parameters
slope: 0.113 semiSat: 0.560 beta: 0.750 sigma: 0.114 
maxBOLD estimate = 2.033


Trial 82: random Stimulus Selection
Stimulus: 0.423
Output value 0.147

Q+ parameters
slope: 0.144 semiSat: 0.560 beta: 1.062 sigma: 0.114 
maxBOLD estimate = 1.525


Trial 83: random Stimulus Selection
Stimulus: 0.257
Output value -0.313

Q+ parameters
slope: 0.144 semiSat: 0.560 beta: 1.062 sigma: 0.114 
maxBOLD estimate = 1.620


Trial 84: random Stimulus Selection
Stimulus: 0.051
Output value -0.274

Q+ parameters
slope: 0.144 semiSat: 0.560 beta: 0.875 sigma: 0.114 
maxBOLD estimate = 1.721


Trial 85: maxBOLD Stimulus Selection
Stimulus: 1.000
Output value 1.746

Q+ parameters
slope: 0.144 semiSat: 0.560 beta: 1.062 sigma: 0.114 
maxBOLD estimate = 1.506


Trial 86: random Stimulus Selection
Stimulus: 0.381
Output value -0.155

Q+ parameters
slope: 0.144 semiSat: 0.560 beta: 1.062 sigma: 0.114 
maxBOLD estimate = 1.600


Trial 87: random Stimulus Selection
Stimulus: 0.216
Output value 0.299

Q+ parameters
slope: 0.144 semiSat: 0.560 beta: 0.969 sigma: 0.114 
maxBOLD estimate = 1.700


Trial 88: random Stimulus Selection
Stimulus: 0.216
Output value -0.290

Q+ parameters
slope: 0.144 semiSat: 0.560 beta: 0.969 sigma: 0.114 
maxBOLD estimate = 1.647


Trial 89: random Stimulus Selection
Stimulus: 0.175
Output value 0.462

Q+ parameters
slope: 0.144 semiSat: 0.560 beta: 1.062 sigma: 0.114 
maxBOLD estimate = 1.596


Trial 90: baseline Stimulus Selection
Stimulus: 0.010
Output value 0.000

Q+ parameters
slope: 0.144 semiSat: 0.560 beta: 0.969 sigma: 0.114 
maxBOLD estimate = 1.695


Trial 91: random Stimulus Selection
Stimulus: 0.670
Output value 1.120

Q+ parameters
slope: 0.089 semiSat: 0.670 beta: 1.250 sigma: 0.114 
maxBOLD estimate = 1.642


Trial 92: random Stimulus Selection
Stimulus: 0.423
Output value 0.280

Q+ parameters
slope: 0.113 semiSat: 0.560 beta: 0.750 sigma: 0.062 
maxBOLD estimate = 2.053


Trial 93: random Stimulus Selection
Stimulus: 0.257
Output value 0.892

Q+ parameters
slope: 0.144 semiSat: 0.560 beta: 1.062 sigma: 0.114 
maxBOLD estimate = 1.540


Trial 94: random Stimulus Selection
Stimulus: 0.588
Output value 1.009

Q+ parameters
slope: 0.144 semiSat: 0.560 beta: 0.969 sigma: 0.114 
maxBOLD estimate = 1.636


Trial 95: maxBOLD Stimulus Selection
Stimulus: 1.000
Output value 1.837

Q+ parameters
slope: 0.144 semiSat: 0.560 beta: 1.062 sigma: 0.114 
maxBOLD estimate = 1.585


Trial 96: random Stimulus Selection
Stimulus: 0.340
Output value -0.297

Q+ parameters
slope: 0.144 semiSat: 0.560 beta: 0.969 sigma: 0.114 
maxBOLD estimate = 1.684


Trial 97: random Stimulus Selection
Stimulus: 0.588
Output value 1.103

Q+ parameters
slope: 0.144 semiSat: 0.560 beta: 1.062 sigma: 0.114 
maxBOLD estimate = 1.631


Trial 98: random Stimulus Selection
Stimulus: 0.299
Output value 0.414

Q+ parameters
slope: 0.144 semiSat: 0.560 beta: 0.875 sigma: 0.114 
maxBOLD estimate = 1.733


Trial 99: random Stimulus Selection
Stimulus: 0.629
Output value 1.172

Q+ parameters
slope: 0.113 semiSat: 0.560 beta: 1.062 sigma: 0.114 
maxBOLD estimate = 1.517


Trial 100: baseline Stimulus Selection
Stimulus: 0.010
Output value 0.000

Q+ parameters
slope: 0.113 semiSat: 0.560 beta: 1.062 sigma: 0.114 
maxBOLD estimate = 1.611

--------------------------------------------------------------
FINAL VALUES
--------------------------------------------------------------
Simulated parameters:              slope: 0.200 semiSat: 0.570 beta: 1.000 sigma: 0.100 
Max posterior QUEST+ parameters:   slope: 0.144 semiSat: 0.560 beta: 0.875 sigma: 0.114 
Max BADS parameters:               slope: 0.115 semiSat: 0.587 beta: 1.000 sigma: 0.099 
maxBOLD estimate: 1.756
