/blue/stevenweisberg/stevenweisberg/MATLAB/projects/Weisberg_Aguirre_2020/scripts/run_sims
c0700a-s1.ufhpc
Tue Apr  6 23:56:55 EDT 2021
mkdir: cannot create directory ‘/blue/stevenweisberg/stevenweisberg/qpfMRIResults/model_parameter_set2/’: File exists
cp: cannot stat ‘/blue/stevenweisberg/stevenweisberg/qpfMRIResults/deploy_sim.sh’: No such file or directory
cp: cannot stat ‘/blue/stevenweisberg/stevenweisberg/qpfMRIResults/sim_wrapper.sh’: No such file or directory
------------------------------------------
Setting up environment variables
---
LD_LIBRARY_PATH is .:/apps/matlab/mcr/2020b/v99/runtime/glnxa64:/apps/matlab/mcr/2020b/v99/bin/glnxa64:/apps/matlab/mcr/2020b/v99/sys/os/glnxa64:/apps/matlab/mcr/2020b/v99/sys/opengl/lib/glnxa64
Warning: Executing startup failed in matlabrc.
This indicates a potentially serious problem in your MATLAB setup, which should be resolved as soon as possible.  Error detected was:
MATLAB:mpath:PathAlterationNotSupported
Modifying the search path is not supported by MATLAB Compiler. Remove functions that modify the search path from your MATLAB code. To make files visible to your deployed application, add the parent folder to your MATLAB session.
Warning: No stimulus domain specified. Defaulting to values between 0.01 and 1.
> In qpfmriParams (line 182)
In compiledSimulate (line 205)
Stimulus domain added from input.
Parameter slope specified as 0.20000
Parameter semiSat specified as 0.57000
Parameter beta specified as 1.00000
Parameter sigma specified as 0.10000
seed = 99seed = 104seed = 111seed = 111seed = 115seed = 101Initializing Q+. This may take a minute...
Elapsed time is 6.278672 seconds.
Simulated parameters:
slope: 0.200 semiSat: 0.570 beta: 1.000 sigma: 0.100 

Trial 1: baseline Stimulus Selection
Stimulus: 0.010
Output value 0.000

Q+ parameters
slope: 0.026 semiSat: 0.890 beta: 0.500 sigma: 0.010 
maxBOLD estimate = 1.000


Trial 2: maxBOLD Stimulus Selection
Stimulus: 1.000
Output value 1.364

Q+ parameters
slope: 0.055 semiSat: 0.670 beta: 1.250 sigma: 0.010 
maxBOLD estimate = 1.000


Trial 3: baseline Stimulus Selection
Stimulus: 0.010
Output value 0.426

Q+ parameters
slope: 0.055 semiSat: 0.670 beta: 1.250 sigma: 0.166 
maxBOLD estimate = 1.250


Trial 4: maxBOLD Stimulus Selection
Stimulus: 1.000
Output value 1.278

Q+ parameters
slope: 0.043 semiSat: 0.780 beta: 1.125 sigma: 0.114 
maxBOLD estimate = 1.562


Trial 5: baseline Stimulus Selection
Stimulus: 0.010
Output value 0.155

Q+ parameters
slope: 0.043 semiSat: 0.780 beta: 0.969 sigma: 0.062 
maxBOLD estimate = 1.758


Trial 6: maxBOLD Stimulus Selection
Stimulus: 1.000
Output value 1.200

Q+ parameters
slope: 0.043 semiSat: 0.780 beta: 0.969 sigma: 0.114 
maxBOLD estimate = 1.703


Trial 7: qplus Stimulus Selection
Stimulus: 0.588
Output value 1.050

Q+ parameters
slope: 0.070 semiSat: 0.450 beta: 0.875 sigma: 0.114 
maxBOLD estimate = 1.650


Trial 8: qplus Stimulus Selection
Stimulus: 0.381
Output value -0.131

Q+ parameters
slope: 0.483 semiSat: 0.560 beta: 1.000 sigma: 0.114 
maxBOLD estimate = 1.443


Trial 9: qplus Stimulus Selection
Stimulus: 0.505
Output value 0.131

Q+ parameters
slope: 0.483 semiSat: 0.560 beta: 1.000 sigma: 0.062 
maxBOLD estimate = 1.443


Trial 10: baseline Stimulus Selection
Stimulus: 0.010
Output value 0.000

Q+ parameters
slope: 0.379 semiSat: 0.560 beta: 0.938 sigma: 0.062 
maxBOLD estimate = 1.443


Trial 11: qplus Stimulus Selection
Stimulus: 0.588
Output value 2.214

Q+ parameters
slope: 0.379 semiSat: 0.560 beta: 1.500 sigma: 0.114 
maxBOLD estimate = 1.353


Trial 12: qplus Stimulus Selection
Stimulus: 0.546
Output value 0.554

Q+ parameters
slope: 0.483 semiSat: 0.560 beta: 0.750 sigma: 0.062 
maxBOLD estimate = 2.030


Trial 13: qplus Stimulus Selection
Stimulus: 0.629
Output value 0.670

Q+ parameters
slope: 0.183 semiSat: 0.560 beta: 0.969 sigma: 0.114 
maxBOLD estimate = 1.522


Trial 14: qplus Stimulus Selection
Stimulus: 0.505
Output value 0.260

Q+ parameters
slope: 0.183 semiSat: 0.560 beta: 0.969 sigma: 0.114 
maxBOLD estimate = 1.475


Trial 15: maxBOLD Stimulus Selection
Stimulus: 1.000
Output value 1.250

Q+ parameters
slope: 0.483 semiSat: 0.560 beta: 0.875 sigma: 0.114 
maxBOLD estimate = 1.429


Trial 16: qplus Stimulus Selection
Stimulus: 0.588
Output value 1.875

Q+ parameters
slope: 0.483 semiSat: 0.560 beta: 1.500 sigma: 0.114 
maxBOLD estimate = 1.250


Trial 17: qplus Stimulus Selection
Stimulus: 0.546
Output value 0.384

Q+ parameters
slope: 0.298 semiSat: 0.560 beta: 0.750 sigma: 0.114 
maxBOLD estimate = 1.875


Trial 18: qplus Stimulus Selection
Stimulus: 0.629
Output value 1.223

Q+ parameters
slope: 0.298 semiSat: 0.560 beta: 1.062 sigma: 0.114 
maxBOLD estimate = 1.406


Trial 19: qplus Stimulus Selection
Stimulus: 0.505
Output value 0.357

Q+ parameters
slope: 0.483 semiSat: 0.560 beta: 0.875 sigma: 0.114 
maxBOLD estimate = 1.494


Trial 20: baseline Stimulus Selection
Stimulus: 0.010
Output value -0.357

Q+ parameters
slope: 0.379 semiSat: 0.560 beta: 1.500 sigma: 0.114 
maxBOLD estimate = 1.308


Trial 21: qplus Stimulus Selection
Stimulus: 0.546
Output value 0.134

Q+ parameters
slope: 0.298 semiSat: 0.560 beta: 0.750 sigma: 0.114 
maxBOLD estimate = 1.961


Trial 22: qplus Stimulus Selection
Stimulus: 0.588
Output value 0.752

Q+ parameters
slope: 0.183 semiSat: 0.560 beta: 1.125 sigma: 0.114 
maxBOLD estimate = 1.471


Trial 23: qplus Stimulus Selection
Stimulus: 0.505
Output value 0.423

Q+ parameters
slope: 0.234 semiSat: 0.560 beta: 0.938 sigma: 0.114 
maxBOLD estimate = 1.655


Trial 24: qplus Stimulus Selection
Stimulus: 0.670
Output value 1.366

Q+ parameters
slope: 0.234 semiSat: 0.560 beta: 0.969 sigma: 0.114 
maxBOLD estimate = 1.551


Trial 25: maxBOLD Stimulus Selection
Stimulus: 1.000
Output value 1.742

Q+ parameters
slope: 0.298 semiSat: 0.560 beta: 1.062 sigma: 0.114 
maxBOLD estimate = 1.503


Trial 26: qplus Stimulus Selection
Stimulus: 0.505
Output value 0.422

Q+ parameters
slope: 0.234 semiSat: 0.560 beta: 0.969 sigma: 0.114 
maxBOLD estimate = 1.597


Trial 27: qplus Stimulus Selection
Stimulus: 0.505
Output value 0.409

Q+ parameters
slope: 0.234 semiSat: 0.560 beta: 0.969 sigma: 0.114 
maxBOLD estimate = 1.547


Trial 28: qplus Stimulus Selection
Stimulus: 0.505
Output value 0.290

Q+ parameters
slope: 0.298 semiSat: 0.560 beta: 1.062 sigma: 0.114 
maxBOLD estimate = 1.499


Trial 29: qplus Stimulus Selection
Stimulus: 0.505
Output value 0.561

Q+ parameters
slope: 0.183 semiSat: 0.560 beta: 0.969 sigma: 0.114 
maxBOLD estimate = 1.592


Trial 30: baseline Stimulus Selection
Stimulus: 0.010
Output value 0.000

Q+ parameters
slope: 0.234 semiSat: 0.560 beta: 0.969 sigma: 0.114 
maxBOLD estimate = 1.543


Trial 31: qplus Stimulus Selection
Stimulus: 0.629
Output value 1.184

Q+ parameters
slope: 0.234 semiSat: 0.560 beta: 0.969 sigma: 0.114 
maxBOLD estimate = 1.494


Trial 32: qplus Stimulus Selection
Stimulus: 0.629
Output value 0.892

Q+ parameters
slope: 0.234 semiSat: 0.560 beta: 0.969 sigma: 0.114 
maxBOLD estimate = 1.448


Trial 33: qplus Stimulus Selection
Stimulus: 0.629
Output value 1.219

Q+ parameters
slope: 0.298 semiSat: 0.560 beta: 1.062 sigma: 0.114 
maxBOLD estimate = 1.402


Trial 34: qplus Stimulus Selection
Stimulus: 0.505
Output value 0.576

Q+ parameters
slope: 0.183 semiSat: 0.560 beta: 1.062 sigma: 0.114 
maxBOLD estimate = 1.490


Trial 35: maxBOLD Stimulus Selection
Stimulus: 1.000
Output value 1.394

Q+ parameters
slope: 0.183 semiSat: 0.560 beta: 0.969 sigma: 0.114 
maxBOLD estimate = 1.583


Trial 36: qplus Stimulus Selection
Stimulus: 0.670
Output value 1.081

Q+ parameters
slope: 0.234 semiSat: 0.560 beta: 0.969 sigma: 0.114 
maxBOLD estimate = 1.534


Trial 37: qplus Stimulus Selection
Stimulus: 0.505
Output value 0.131

Q+ parameters
slope: 0.183 semiSat: 0.560 beta: 0.969 sigma: 0.114 
maxBOLD estimate = 1.486


Trial 38: qplus Stimulus Selection
Stimulus: 0.505
Output value 0.139

Q+ parameters
slope: 0.183 semiSat: 0.560 beta: 1.062 sigma: 0.114 
maxBOLD estimate = 1.439


Trial 39: qplus Stimulus Selection
Stimulus: 0.629
Output value 0.808

Q+ parameters
slope: 0.183 semiSat: 0.560 beta: 0.969 sigma: 0.114 
maxBOLD estimate = 1.529


Trial 40: baseline Stimulus Selection
Stimulus: 0.010
Output value 0.000

Q+ parameters
slope: 0.183 semiSat: 0.560 beta: 0.969 sigma: 0.114 
maxBOLD estimate = 1.481


Trial 41: qplus Stimulus Selection
Stimulus: 0.629
Output value 1.138

Q+ parameters
slope: 0.234 semiSat: 0.560 beta: 0.969 sigma: 0.114 
maxBOLD estimate = 1.435


Trial 42: qplus Stimulus Selection
Stimulus: 0.505
Output value -0.122

Q+ parameters
slope: 0.234 semiSat: 0.560 beta: 0.969 sigma: 0.114 
maxBOLD estimate = 1.390


Trial 43: qplus Stimulus Selection
Stimulus: 0.546
Output value 0.520

Q+ parameters
slope: 0.298 semiSat: 0.560 beta: 1.062 sigma: 0.114 
maxBOLD estimate = 1.347


Trial 44: qplus Stimulus Selection
Stimulus: 0.505
Output value 0.504

Q+ parameters
slope: 0.234 semiSat: 0.560 beta: 0.969 sigma: 0.114 
maxBOLD estimate = 1.431


Trial 45: maxBOLD Stimulus Selection
Stimulus: 1.000
Output value 1.343

Q+ parameters
slope: 0.234 semiSat: 0.560 beta: 0.969 sigma: 0.114 
maxBOLD estimate = 1.386


Trial 46: qplus Stimulus Selection
Stimulus: 0.546
Output value 0.389

Q+ parameters
slope: 0.298 semiSat: 0.560 beta: 1.062 sigma: 0.114 
maxBOLD estimate = 1.343


Trial 47: qplus Stimulus Selection
Stimulus: 0.505
Output value 0.377

Q+ parameters
slope: 0.234 semiSat: 0.560 beta: 0.969 sigma: 0.114 
maxBOLD estimate = 1.427


Trial 48: qplus Stimulus Selection
Stimulus: 0.546
Output value 0.730

Q+ parameters
slope: 0.234 semiSat: 0.560 beta: 0.969 sigma: 0.114 
maxBOLD estimate = 1.382


Trial 49: qplus Stimulus Selection
Stimulus: 0.546
Output value 0.411

Q+ parameters
slope: 0.183 semiSat: 0.560 beta: 1.125 sigma: 0.114 
maxBOLD estimate = 1.339


Trial 50: baseline Stimulus Selection
Stimulus: 0.010
Output value 0.000

Q+ parameters
slope: 0.298 semiSat: 0.560 beta: 0.875 sigma: 0.114 
maxBOLD estimate = 1.507


Trial 51: qplus Stimulus Selection
Stimulus: 0.670
Output value 1.213

Q+ parameters
slope: 0.183 semiSat: 0.560 beta: 1.125 sigma: 0.114 
maxBOLD estimate = 1.318


Trial 52: qplus Stimulus Selection
Stimulus: 0.464
Output value 0.118

Q+ parameters
slope: 0.298 semiSat: 0.560 beta: 0.875 sigma: 0.114 
maxBOLD estimate = 1.483


Trial 53: qplus Stimulus Selection
Stimulus: 0.670
Output value 1.504

Q+ parameters
slope: 0.234 semiSat: 0.560 beta: 1.062 sigma: 0.114 
maxBOLD estimate = 1.298


Trial 54: qplus Stimulus Selection
Stimulus: 0.505
Output value -0.133

Q+ parameters
slope: 0.298 semiSat: 0.560 beta: 1.062 sigma: 0.114 
maxBOLD estimate = 1.379


Trial 55: maxBOLD Stimulus Selection
Stimulus: 1.000
Output value 1.032

Q+ parameters
slope: 0.234 semiSat: 0.560 beta: 0.969 sigma: 0.114 
maxBOLD estimate = 1.465


Trial 56: qplus Stimulus Selection
Stimulus: 0.711
Output value 0.875

Q+ parameters
slope: 0.234 semiSat: 0.560 beta: 0.969 sigma: 0.114 
maxBOLD estimate = 1.419


Trial 57: qplus Stimulus Selection
Stimulus: 0.546
Output value 0.121

Q+ parameters
slope: 0.234 semiSat: 0.560 beta: 0.969 sigma: 0.114 
maxBOLD estimate = 1.375


Trial 58: qplus Stimulus Selection
Stimulus: 0.588
Output value 0.257

Q+ parameters
slope: 0.234 semiSat: 0.560 beta: 1.062 sigma: 0.166 
maxBOLD estimate = 1.332


Trial 59: qplus Stimulus Selection
Stimulus: 0.505
Output value -0.125

Q+ parameters
slope: 0.234 semiSat: 0.560 beta: 0.969 sigma: 0.114 
maxBOLD estimate = 1.415


Trial 60: baseline Stimulus Selection
Stimulus: 0.010
Output value -0.121

Q+ parameters
slope: 0.234 semiSat: 0.560 beta: 0.969 sigma: 0.114 
maxBOLD estimate = 1.371


Trial 61: qplus Stimulus Selection
Stimulus: 0.546
Output value 0.257

Q+ parameters
slope: 0.234 semiSat: 0.560 beta: 1.062 sigma: 0.166 
maxBOLD estimate = 1.328


Trial 62: qplus Stimulus Selection
Stimulus: 0.505
Output value -0.249

Q+ parameters
slope: 0.234 semiSat: 0.560 beta: 0.969 sigma: 0.114 
maxBOLD estimate = 1.411


Trial 63: qplus Stimulus Selection
Stimulus: 0.588
Output value 0.660

Q+ parameters
slope: 0.298 semiSat: 0.560 beta: 1.062 sigma: 0.166 
maxBOLD estimate = 1.367


Trial 64: qplus Stimulus Selection
Stimulus: 0.588
Output value 0.384

Q+ parameters
slope: 0.234 semiSat: 0.560 beta: 0.969 sigma: 0.114 
maxBOLD estimate = 1.452


Trial 65: maxBOLD Stimulus Selection
Stimulus: 1.000
Output value 1.239

Q+ parameters
slope: 0.234 semiSat: 0.560 beta: 0.969 sigma: 0.166 
maxBOLD estimate = 1.407


Trial 66: qplus Stimulus Selection
Stimulus: 0.546
Output value 0.120

Q+ parameters
slope: 0.234 semiSat: 0.560 beta: 0.969 sigma: 0.166 
maxBOLD estimate = 1.363


Trial 67: qplus Stimulus Selection
Stimulus: 0.588
Output value 0.814

Q+ parameters
slope: 0.234 semiSat: 0.560 beta: 0.969 sigma: 0.114 
maxBOLD estimate = 1.320


Trial 68: qplus Stimulus Selection
Stimulus: 0.588
Output value 0.494

Q+ parameters
slope: 0.298 semiSat: 0.560 beta: 1.062 sigma: 0.166 
maxBOLD estimate = 1.279


Trial 69: qplus Stimulus Selection
Stimulus: 0.505
Output value 0.120

Q+ parameters
slope: 0.234 semiSat: 0.560 beta: 0.969 sigma: 0.166 
maxBOLD estimate = 1.359


Trial 70: baseline Stimulus Selection
Stimulus: 0.010
Output value -0.254

Q+ parameters
slope: 0.298 semiSat: 0.560 beta: 1.062 sigma: 0.166 
maxBOLD estimate = 1.317


Trial 71: qplus Stimulus Selection
Stimulus: 0.505
Output value 0.246

Q+ parameters
slope: 0.234 semiSat: 0.560 beta: 0.969 sigma: 0.114 
maxBOLD estimate = 1.399


Trial 72: qplus Stimulus Selection
Stimulus: 0.546
Output value 0.239

Q+ parameters
slope: 0.234 semiSat: 0.560 beta: 0.969 sigma: 0.114 
maxBOLD estimate = 1.355


Trial 73: qplus Stimulus Selection
Stimulus: 0.546
Output value 0.254

Q+ parameters
slope: 0.298 semiSat: 0.560 beta: 1.062 sigma: 0.166 
maxBOLD estimate = 1.313


Trial 74: qplus Stimulus Selection
Stimulus: 0.505
Output value 0.246

Q+ parameters
slope: 0.234 semiSat: 0.560 beta: 0.969 sigma: 0.114 
maxBOLD estimate = 1.395


Trial 75: maxBOLD Stimulus Selection
Stimulus: 1.000
Output value 1.071

Q+ parameters
slope: 0.234 semiSat: 0.560 beta: 0.969 sigma: 0.114 
maxBOLD estimate = 1.351


Trial 76: qplus Stimulus Selection
Stimulus: 0.588
Output value 0.885

Q+ parameters
slope: 0.298 semiSat: 0.560 beta: 1.062 sigma: 0.166 
maxBOLD estimate = 1.309


Trial 77: qplus Stimulus Selection
Stimulus: 0.588
Output value 0.367

Q+ parameters
slope: 0.234 semiSat: 0.560 beta: 0.969 sigma: 0.166 
maxBOLD estimate = 1.391


Trial 78: qplus Stimulus Selection
Stimulus: 0.546
Output value 0.000

Q+ parameters
slope: 0.234 semiSat: 0.560 beta: 0.969 sigma: 0.166 
maxBOLD estimate = 1.347


Trial 79: qplus Stimulus Selection
Stimulus: 0.588
Output value 0.690

Q+ parameters
slope: 0.234 semiSat: 0.560 beta: 0.969 sigma: 0.166 
maxBOLD estimate = 1.305


Trial 80: baseline Stimulus Selection
Stimulus: 0.010
Output value -0.122

Q+ parameters
slope: 0.298 semiSat: 0.560 beta: 1.062 sigma: 0.166 
maxBOLD estimate = 1.265


Trial 81: qplus Stimulus Selection
Stimulus: 0.505
Output value 0.118

Q+ parameters
slope: 0.234 semiSat: 0.560 beta: 0.969 sigma: 0.114 
maxBOLD estimate = 1.344


Trial 82: qplus Stimulus Selection
Stimulus: 0.546
Output value 0.344

Q+ parameters
slope: 0.234 semiSat: 0.560 beta: 0.969 sigma: 0.166 
maxBOLD estimate = 1.302


Trial 83: qplus Stimulus Selection
Stimulus: 0.588
Output value 0.609

Q+ parameters
slope: 0.298 semiSat: 0.560 beta: 1.062 sigma: 0.166 
maxBOLD estimate = 1.261


Trial 84: qplus Stimulus Selection
Stimulus: 0.505
Output value 0.000

Q+ parameters
slope: 0.234 semiSat: 0.560 beta: 0.969 sigma: 0.166 
maxBOLD estimate = 1.340


Trial 85: maxBOLD Stimulus Selection
Stimulus: 1.000
Output value 1.372

Q+ parameters
slope: 0.234 semiSat: 0.560 beta: 0.969 sigma: 0.166 
maxBOLD estimate = 1.298


Trial 86: qplus Stimulus Selection
Stimulus: 0.588
Output value 0.607

Q+ parameters
slope: 0.298 semiSat: 0.560 beta: 1.062 sigma: 0.166 
maxBOLD estimate = 1.257


Trial 87: qplus Stimulus Selection
Stimulus: 0.505
Output value -0.118

Q+ parameters
slope: 0.234 semiSat: 0.560 beta: 0.969 sigma: 0.166 
maxBOLD estimate = 1.336


Trial 88: qplus Stimulus Selection
Stimulus: 0.588
Output value 0.570

Q+ parameters
slope: 0.234 semiSat: 0.560 beta: 0.969 sigma: 0.166 
maxBOLD estimate = 1.294


Trial 89: qplus Stimulus Selection
Stimulus: 0.588
Output value 0.442

Q+ parameters
slope: 0.234 semiSat: 0.560 beta: 0.969 sigma: 0.166 
maxBOLD estimate = 1.254


Trial 90: baseline Stimulus Selection
Stimulus: 0.010
Output value 0.117

Q+ parameters
slope: 0.298 semiSat: 0.560 beta: 1.062 sigma: 0.166 
maxBOLD estimate = 1.215


Trial 91: qplus Stimulus Selection
Stimulus: 0.546
Output value 0.796

Q+ parameters
slope: 0.234 semiSat: 0.560 beta: 0.969 sigma: 0.166 
maxBOLD estimate = 1.290


Trial 92: qplus Stimulus Selection
Stimulus: 0.546
Output value 0.110

Q+ parameters
slope: 0.234 semiSat: 0.560 beta: 0.969 sigma: 0.166 
maxBOLD estimate = 1.250


Trial 93: qplus Stimulus Selection
Stimulus: 0.588
Output value 0.819

Q+ parameters
slope: 0.298 semiSat: 0.560 beta: 1.062 sigma: 0.166 
maxBOLD estimate = 1.211


Trial 94: qplus Stimulus Selection
Stimulus: 0.505
Output value 0.227

Q+ parameters
slope: 0.234 semiSat: 0.560 beta: 0.969 sigma: 0.166 
maxBOLD estimate = 1.287


Trial 95: maxBOLD Stimulus Selection
Stimulus: 1.000
Output value 1.317

Q+ parameters
slope: 0.234 semiSat: 0.560 beta: 0.969 sigma: 0.166 
maxBOLD estimate = 1.247


Trial 96: qplus Stimulus Selection
Stimulus: 0.546
Output value 0.350

Q+ parameters
slope: 0.298 semiSat: 0.560 beta: 1.062 sigma: 0.166 
maxBOLD estimate = 1.208


Trial 97: qplus Stimulus Selection
Stimulus: 0.505
Output value 0.339

Q+ parameters
slope: 0.234 semiSat: 0.560 beta: 0.969 sigma: 0.166 
maxBOLD estimate = 1.283


Trial 98: qplus Stimulus Selection
Stimulus: 0.546
Output value 0.109

Q+ parameters
slope: 0.234 semiSat: 0.560 beta: 0.969 sigma: 0.166 
maxBOLD estimate = 1.243


Trial 99: qplus Stimulus Selection
Stimulus: 0.711
Output value 1.163

Q+ parameters
slope: 0.298 semiSat: 0.560 beta: 1.062 sigma: 0.166 
maxBOLD estimate = 1.204


Trial 100: baseline Stimulus Selection
Stimulus: 0.010
Output value -0.225

Q+ parameters
slope: 0.234 semiSat: 0.560 beta: 0.969 sigma: 0.114 
maxBOLD estimate = 1.279

--------------------------------------------------------------
FINAL VALUES
--------------------------------------------------------------
Simulated parameters:              slope: 0.200 semiSat: 0.570 beta: 1.000 sigma: 0.100 
Max posterior QUEST+ parameters:   slope: 0.234 semiSat: 0.560 beta: 0.875 sigma: 0.114 
Max BADS parameters:               slope: 0.247 semiSat: 0.577 beta: 1.000 sigma: 0.125 
maxBOLD estimate: 1.473
