/blue/stevenweisberg/stevenweisberg/MATLAB/projects/Weisberg_Aguirre_2020/scripts/run_sims
c0700a-s5.ufhpc
Tue Apr  6 19:33:56 EDT 2021
mkdir: cannot create directory ‘/blue/stevenweisberg/stevenweisberg/qpfMRIResults/model_parameter_set2/’: File exists
cp: cannot stat ‘/blue/stevenweisberg/stevenweisberg/qpfMRIResults/deploy_sim.sh’: No such file or directory
cp: cannot stat ‘/blue/stevenweisberg/stevenweisberg/qpfMRIResults/sim_wrapper.sh’: No such file or directory
------------------------------------------
Setting up environment variables
---
LD_LIBRARY_PATH is .:/apps/matlab/mcr/2020b/v99/runtime/glnxa64:/apps/matlab/mcr/2020b/v99/bin/glnxa64:/apps/matlab/mcr/2020b/v99/sys/os/glnxa64:/apps/matlab/mcr/2020b/v99/sys/opengl/lib/glnxa64
Warning: Executing startup failed in matlabrc.
This indicates a potentially serious problem in your MATLAB setup, which should be resolved as soon as possible.  Error detected was:
MATLAB:mpath:PathAlterationNotSupported
Modifying the search path is not supported by MATLAB Compiler. Remove functions that modify the search path from your MATLAB code. To make files visible to your deployed application, add the parent folder to your MATLAB session.
Warning: No stimulus domain specified. Defaulting to values between 0.01 and 1.
> In qpfmriParams (line 182)
In compiledSimulate (line 205)
Stimulus domain added from input.
Parameter slope specified as 0.20000
Parameter semiSat specified as 0.57000
Parameter beta specified as 1.00000
Parameter sigma specified as 0.10000
seed = 99seed = 104seed = 111seed = 111seed = 115seed = 101Initializing Q+. This may take a minute...
Elapsed time is 6.931924 seconds.
Simulated parameters:
slope: 0.200 semiSat: 0.570 beta: 1.000 sigma: 0.100 

Trial 1: baseline Stimulus Selection
Stimulus: 0.010
Output value 0.000

Q+ parameters
slope: 0.026 semiSat: 0.890 beta: 0.500 sigma: 0.010 
maxBOLD estimate = 1.000


Trial 2: maxBOLD Stimulus Selection
Stimulus: 1.000
Output value 1.364

Q+ parameters
slope: 0.055 semiSat: 0.670 beta: 1.250 sigma: 0.010 
maxBOLD estimate = 1.000


Trial 3: baseline Stimulus Selection
Stimulus: 0.010
Output value 0.142

Q+ parameters
slope: 0.043 semiSat: 0.780 beta: 1.250 sigma: 0.062 
maxBOLD estimate = 1.250


Trial 4: maxBOLD Stimulus Selection
Stimulus: 1.000
Output value 1.918

Q+ parameters
slope: 0.055 semiSat: 0.670 beta: 1.125 sigma: 0.114 
maxBOLD estimate = 1.562


Trial 5: baseline Stimulus Selection
Stimulus: 0.010
Output value -0.400

Q+ parameters
slope: 0.043 semiSat: 0.780 beta: 1.250 sigma: 0.114 
maxBOLD estimate = 1.758


Trial 6: maxBOLD Stimulus Selection
Stimulus: 1.000
Output value 1.498

Q+ parameters
slope: 0.034 semiSat: 1.000 beta: 1.250 sigma: 0.062 
maxBOLD estimate = 2.197


Trial 7: random Stimulus Selection
Stimulus: 0.505
Output value 0.655

Q+ parameters
slope: 0.034 semiSat: 0.890 beta: 0.875 sigma: 0.062 
maxBOLD estimate = 2.747


Trial 8: random Stimulus Selection
Stimulus: 0.794
Output value 0.983

Q+ parameters
slope: 0.070 semiSat: 0.670 beta: 0.750 sigma: 0.062 
maxBOLD estimate = 2.403


Trial 9: random Stimulus Selection
Stimulus: 0.588
Output value 0.922

Q+ parameters
slope: 0.144 semiSat: 0.560 beta: 0.938 sigma: 0.062 
maxBOLD estimate = 1.802


Trial 10: baseline Stimulus Selection
Stimulus: 0.010
Output value -0.461

Q+ parameters
slope: 0.070 semiSat: 0.670 beta: 1.500 sigma: 0.114 
maxBOLD estimate = 1.690


Trial 11: random Stimulus Selection
Stimulus: 0.381
Output value -0.173

Q+ parameters
slope: 0.070 semiSat: 0.670 beta: 0.750 sigma: 0.062 
maxBOLD estimate = 2.535


Trial 12: random Stimulus Selection
Stimulus: 0.876
Output value 1.944

Q+ parameters
slope: 0.183 semiSat: 0.560 beta: 0.938 sigma: 0.114 
maxBOLD estimate = 1.901


Trial 13: random Stimulus Selection
Stimulus: 0.546
Output value -0.172

Q+ parameters
slope: 0.113 semiSat: 0.670 beta: 1.062 sigma: 0.114 
maxBOLD estimate = 1.782


Trial 14: random Stimulus Selection
Stimulus: 0.051
Output value 0.500

Q+ parameters
slope: 0.113 semiSat: 0.670 beta: 0.969 sigma: 0.114 
maxBOLD estimate = 1.894


Trial 15: maxBOLD Stimulus Selection
Stimulus: 1.000
Output value 0.625

Q+ parameters
slope: 0.234 semiSat: 0.560 beta: 0.750 sigma: 0.114 
maxBOLD estimate = 1.834


Trial 16: random Stimulus Selection
Stimulus: 0.299
Output value -0.133

Q+ parameters
slope: 0.183 semiSat: 0.560 beta: 1.062 sigma: 0.114 
maxBOLD estimate = 1.376


Trial 17: random Stimulus Selection
Stimulus: 0.464
Output value -0.399

Q+ parameters
slope: 0.113 semiSat: 0.670 beta: 1.500 sigma: 0.114 
maxBOLD estimate = 1.462


Trial 18: random Stimulus Selection
Stimulus: 0.423
Output value 0.449

Q+ parameters
slope: 0.183 semiSat: 0.560 beta: 0.750 sigma: 0.114 
maxBOLD estimate = 2.193


Trial 19: random Stimulus Selection
Stimulus: 0.299
Output value -0.262

Q+ parameters
slope: 0.183 semiSat: 0.560 beta: 0.875 sigma: 0.114 
maxBOLD estimate = 1.645


Trial 20: baseline Stimulus Selection
Stimulus: 0.010
Output value -0.139

Q+ parameters
slope: 0.183 semiSat: 0.560 beta: 1.062 sigma: 0.114 
maxBOLD estimate = 1.439


Trial 21: random Stimulus Selection
Stimulus: 0.464
Output value 1.034

Q+ parameters
slope: 0.183 semiSat: 0.560 beta: 1.062 sigma: 0.114 
maxBOLD estimate = 1.529


Trial 22: random Stimulus Selection
Stimulus: 0.670
Output value 1.994

Q+ parameters
slope: 0.183 semiSat: 0.560 beta: 1.125 sigma: 0.114 
maxBOLD estimate = 1.624


Trial 23: random Stimulus Selection
Stimulus: 0.092
Output value 0.623

Q+ parameters
slope: 0.234 semiSat: 0.560 beta: 0.938 sigma: 0.114 
maxBOLD estimate = 1.828


Trial 24: random Stimulus Selection
Stimulus: 0.876
Output value 1.869

Q+ parameters
slope: 0.298 semiSat: 0.560 beta: 1.000 sigma: 0.114 
maxBOLD estimate = 1.713


Trial 25: maxBOLD Stimulus Selection
Stimulus: 1.000
Output value 1.713

Q+ parameters
slope: 0.298 semiSat: 0.560 beta: 1.000 sigma: 0.114 
maxBOLD estimate = 1.713


Trial 26: random Stimulus Selection
Stimulus: 0.546
Output value 0.467

Q+ parameters
slope: 0.298 semiSat: 0.560 beta: 1.000 sigma: 0.114 
maxBOLD estimate = 1.713


Trial 27: random Stimulus Selection
Stimulus: 0.629
Output value 1.285

Q+ parameters
slope: 0.234 semiSat: 0.560 beta: 1.031 sigma: 0.114 
maxBOLD estimate = 1.713


Trial 28: random Stimulus Selection
Stimulus: 0.711
Output value 1.988

Q+ parameters
slope: 0.234 semiSat: 0.560 beta: 1.031 sigma: 0.114 
maxBOLD estimate = 1.767


Trial 29: random Stimulus Selection
Stimulus: 0.092
Output value 0.000

Q+ parameters
slope: 0.298 semiSat: 0.560 beta: 1.000 sigma: 0.114 
maxBOLD estimate = 1.822


Trial 30: baseline Stimulus Selection
Stimulus: 0.010
Output value 0.155

Q+ parameters
slope: 0.234 semiSat: 0.560 beta: 0.938 sigma: 0.114 
maxBOLD estimate = 1.822


Trial 31: random Stimulus Selection
Stimulus: 0.670
Output value 2.096

Q+ parameters
slope: 0.234 semiSat: 0.560 beta: 1.125 sigma: 0.114 
maxBOLD estimate = 1.708


Trial 32: random Stimulus Selection
Stimulus: 0.876
Output value 1.965

Q+ parameters
slope: 0.234 semiSat: 0.560 beta: 0.938 sigma: 0.114 
maxBOLD estimate = 1.922


Trial 33: random Stimulus Selection
Stimulus: 0.216
Output value 0.000

Q+ parameters
slope: 0.234 semiSat: 0.560 beta: 0.969 sigma: 0.114 
maxBOLD estimate = 1.802


Trial 34: random Stimulus Selection
Stimulus: 0.918
Output value 1.383

Q+ parameters
slope: 0.298 semiSat: 0.560 beta: 0.969 sigma: 0.114 
maxBOLD estimate = 1.745


Trial 35: maxBOLD Stimulus Selection
Stimulus: 1.000
Output value 2.075

Q+ parameters
slope: 0.234 semiSat: 0.560 beta: 1.125 sigma: 0.114 
maxBOLD estimate = 1.691


Trial 36: random Stimulus Selection
Stimulus: 0.959
Output value 1.297

Q+ parameters
slope: 0.234 semiSat: 0.560 beta: 0.938 sigma: 0.114 
maxBOLD estimate = 1.902


Trial 37: random Stimulus Selection
Stimulus: 0.835
Output value 1.885

Q+ parameters
slope: 0.298 semiSat: 0.560 beta: 0.969 sigma: 0.114 
maxBOLD estimate = 1.783


Trial 38: random Stimulus Selection
Stimulus: 0.216
Output value -0.304

Q+ parameters
slope: 0.298 semiSat: 0.560 beta: 0.969 sigma: 0.114 
maxBOLD estimate = 1.727


Trial 39: random Stimulus Selection
Stimulus: 0.670
Output value 2.054

Q+ parameters
slope: 0.234 semiSat: 0.560 beta: 1.125 sigma: 0.114 
maxBOLD estimate = 1.673


Trial 40: baseline Stimulus Selection
Stimulus: 0.010
Output value 0.000

Q+ parameters
slope: 0.234 semiSat: 0.560 beta: 0.938 sigma: 0.114 
maxBOLD estimate = 1.883


Trial 41: random Stimulus Selection
Stimulus: 1.000
Output value 1.504

Q+ parameters
slope: 0.234 semiSat: 0.560 beta: 0.938 sigma: 0.114 
maxBOLD estimate = 1.765


Trial 42: random Stimulus Selection
Stimulus: 0.216
Output value 0.146

Q+ parameters
slope: 0.298 semiSat: 0.560 beta: 0.969 sigma: 0.114 
maxBOLD estimate = 1.655


Trial 43: random Stimulus Selection
Stimulus: 0.340
Output value 0.929

Q+ parameters
slope: 0.379 semiSat: 0.560 beta: 1.062 sigma: 0.166 
maxBOLD estimate = 1.603


Trial 44: random Stimulus Selection
Stimulus: 0.340
Output value 0.581

Q+ parameters
slope: 0.234 semiSat: 0.560 beta: 0.938 sigma: 0.114 
maxBOLD estimate = 1.703


Trial 45: maxBOLD Stimulus Selection
Stimulus: 1.000
Output value 1.687

Q+ parameters
slope: 0.298 semiSat: 0.560 beta: 0.969 sigma: 0.114 
maxBOLD estimate = 1.597


Trial 46: random Stimulus Selection
Stimulus: 0.711
Output value 1.898

Q+ parameters
slope: 0.234 semiSat: 0.560 beta: 1.125 sigma: 0.114 
maxBOLD estimate = 1.547


Trial 47: random Stimulus Selection
Stimulus: 0.505
Output value 1.038

Q+ parameters
slope: 0.234 semiSat: 0.560 beta: 0.938 sigma: 0.114 
maxBOLD estimate = 1.740


Trial 48: random Stimulus Selection
Stimulus: 0.959
Output value 2.002

Q+ parameters
slope: 0.234 semiSat: 0.560 beta: 1.125 sigma: 0.114 
maxBOLD estimate = 1.631


Trial 49: random Stimulus Selection
Stimulus: 0.711
Output value 1.606

Q+ parameters
slope: 0.298 semiSat: 0.560 beta: 0.875 sigma: 0.114 
maxBOLD estimate = 1.835


Trial 50: baseline Stimulus Selection
Stimulus: 0.010
Output value 0.328

Q+ parameters
slope: 0.234 semiSat: 0.560 beta: 1.125 sigma: 0.114 
maxBOLD estimate = 1.606


Trial 51: random Stimulus Selection
Stimulus: 0.051
Output value 0.287

Q+ parameters
slope: 0.298 semiSat: 0.560 beta: 0.875 sigma: 0.114 
maxBOLD estimate = 1.807


Trial 52: random Stimulus Selection
Stimulus: 0.216
Output value 0.162

Q+ parameters
slope: 0.234 semiSat: 0.560 beta: 1.125 sigma: 0.114 
maxBOLD estimate = 1.581


Trial 53: random Stimulus Selection
Stimulus: 0.753
Output value 1.132

Q+ parameters
slope: 0.298 semiSat: 0.560 beta: 0.875 sigma: 0.114 
maxBOLD estimate = 1.778


Trial 54: random Stimulus Selection
Stimulus: 0.051
Output value -0.159

Q+ parameters
slope: 0.234 semiSat: 0.560 beta: 1.125 sigma: 0.114 
maxBOLD estimate = 1.556


Trial 55: maxBOLD Stimulus Selection
Stimulus: 1.000
Output value 1.850

Q+ parameters
slope: 0.298 semiSat: 0.560 beta: 0.969 sigma: 0.114 
maxBOLD estimate = 1.751


Trial 56: random Stimulus Selection
Stimulus: 0.134
Output value 0.299

Q+ parameters
slope: 0.298 semiSat: 0.560 beta: 0.969 sigma: 0.114 
maxBOLD estimate = 1.696


Trial 57: random Stimulus Selection
Stimulus: 0.257
Output value 0.336

Q+ parameters
slope: 0.234 semiSat: 0.560 beta: 1.125 sigma: 0.166 
maxBOLD estimate = 1.643


Trial 58: random Stimulus Selection
Stimulus: 0.546
Output value 0.735

Q+ parameters
slope: 0.183 semiSat: 0.560 beta: 0.875 sigma: 0.114 
maxBOLD estimate = 1.848


Trial 59: random Stimulus Selection
Stimulus: 0.505
Output value 0.662

Q+ parameters
slope: 0.234 semiSat: 0.560 beta: 1.125 sigma: 0.166 
maxBOLD estimate = 1.617


Trial 60: baseline Stimulus Selection
Stimulus: 0.010
Output value 0.434

Q+ parameters
slope: 0.183 semiSat: 0.560 beta: 0.875 sigma: 0.114 
maxBOLD estimate = 1.819


Trial 61: random Stimulus Selection
Stimulus: 0.670
Output value 1.628

Q+ parameters
slope: 0.234 semiSat: 0.560 beta: 1.125 sigma: 0.166 
maxBOLD estimate = 1.592


Trial 62: random Stimulus Selection
Stimulus: 0.464
Output value 0.427

Q+ parameters
slope: 0.183 semiSat: 0.560 beta: 0.875 sigma: 0.114 
maxBOLD estimate = 1.791


Trial 63: random Stimulus Selection
Stimulus: 0.010
Output value 0.321

Q+ parameters
slope: 0.234 semiSat: 0.560 beta: 1.125 sigma: 0.166 
maxBOLD estimate = 1.567


Trial 64: random Stimulus Selection
Stimulus: 0.959
Output value 1.543

Q+ parameters
slope: 0.183 semiSat: 0.560 beta: 0.875 sigma: 0.114 
maxBOLD estimate = 1.763


Trial 65: maxBOLD Stimulus Selection
Stimulus: 1.000
Output value 1.420

Q+ parameters
slope: 0.234 semiSat: 0.560 beta: 1.125 sigma: 0.166 
maxBOLD estimate = 1.543


Trial 66: random Stimulus Selection
Stimulus: 0.835
Output value 1.380

Q+ parameters
slope: 0.183 semiSat: 0.560 beta: 0.875 sigma: 0.114 
maxBOLD estimate = 1.735


Trial 67: random Stimulus Selection
Stimulus: 0.629
Output value 1.553

Q+ parameters
slope: 0.234 semiSat: 0.560 beta: 1.125 sigma: 0.114 
maxBOLD estimate = 1.519


Trial 68: random Stimulus Selection
Stimulus: 0.876
Output value 1.805

Q+ parameters
slope: 0.298 semiSat: 0.560 beta: 0.969 sigma: 0.114 
maxBOLD estimate = 1.708


Trial 69: random Stimulus Selection
Stimulus: 0.051
Output value -0.339

Q+ parameters
slope: 0.234 semiSat: 0.560 beta: 1.125 sigma: 0.166 
maxBOLD estimate = 1.655


Trial 70: baseline Stimulus Selection
Stimulus: 0.010
Output value 0.296

Q+ parameters
slope: 0.183 semiSat: 0.560 beta: 0.875 sigma: 0.114 
maxBOLD estimate = 1.862


Trial 71: random Stimulus Selection
Stimulus: 0.794
Output value 1.999

Q+ parameters
slope: 0.234 semiSat: 0.560 beta: 1.125 sigma: 0.166 
maxBOLD estimate = 1.629


Trial 72: random Stimulus Selection
Stimulus: 0.134
Output value 0.437

Q+ parameters
slope: 0.183 semiSat: 0.560 beta: 0.875 sigma: 0.114 
maxBOLD estimate = 1.833


Trial 73: random Stimulus Selection
Stimulus: 0.876
Output value 1.804

Q+ parameters
slope: 0.234 semiSat: 0.560 beta: 1.125 sigma: 0.166 
maxBOLD estimate = 1.604


Trial 74: random Stimulus Selection
Stimulus: 0.876
Output value 1.292

Q+ parameters
slope: 0.183 semiSat: 0.560 beta: 0.875 sigma: 0.114 
maxBOLD estimate = 1.804


Trial 75: maxBOLD Stimulus Selection
Stimulus: 1.000
Output value 1.937

Q+ parameters
slope: 0.234 semiSat: 0.560 beta: 1.125 sigma: 0.166 
maxBOLD estimate = 1.579


Trial 76: random Stimulus Selection
Stimulus: 0.175
Output value -0.141

Q+ parameters
slope: 0.183 semiSat: 0.560 beta: 0.875 sigma: 0.114 
maxBOLD estimate = 1.776


Trial 77: random Stimulus Selection
Stimulus: 0.092
Output value -0.159

Q+ parameters
slope: 0.234 semiSat: 0.560 beta: 1.125 sigma: 0.166 
maxBOLD estimate = 1.554


Trial 78: random Stimulus Selection
Stimulus: 0.546
Output value 0.834

Q+ parameters
slope: 0.183 semiSat: 0.560 beta: 0.875 sigma: 0.114 
maxBOLD estimate = 1.748


Trial 79: random Stimulus Selection
Stimulus: 0.010
Output value -0.313

Q+ parameters
slope: 0.234 semiSat: 0.560 beta: 1.125 sigma: 0.114 
maxBOLD estimate = 1.530


Trial 80: baseline Stimulus Selection
Stimulus: 0.010
Output value 0.411

Q+ parameters
slope: 0.183 semiSat: 0.560 beta: 0.875 sigma: 0.114 
maxBOLD estimate = 1.721


Trial 81: random Stimulus Selection
Stimulus: 0.134
Output value 0.308

Q+ parameters
slope: 0.234 semiSat: 0.560 beta: 1.125 sigma: 0.114 
maxBOLD estimate = 1.506


Trial 82: random Stimulus Selection
Stimulus: 0.629
Output value 0.943

Q+ parameters
slope: 0.183 semiSat: 0.560 beta: 0.875 sigma: 0.114 
maxBOLD estimate = 1.694


Trial 83: random Stimulus Selection
Stimulus: 0.010
Output value 0.152

Q+ parameters
slope: 0.234 semiSat: 0.560 beta: 1.125 sigma: 0.114 
maxBOLD estimate = 1.482


Trial 84: random Stimulus Selection
Stimulus: 0.092
Output value 0.441

Q+ parameters
slope: 0.298 semiSat: 0.560 beta: 0.969 sigma: 0.114 
maxBOLD estimate = 1.668


Trial 85: maxBOLD Stimulus Selection
Stimulus: 1.000
Output value 1.423

Q+ parameters
slope: 0.298 semiSat: 0.560 beta: 0.969 sigma: 0.114 
maxBOLD estimate = 1.615


Trial 86: random Stimulus Selection
Stimulus: 0.959
Output value 1.921

Q+ parameters
slope: 0.234 semiSat: 0.560 beta: 1.125 sigma: 0.166 
maxBOLD estimate = 1.565


Trial 87: random Stimulus Selection
Stimulus: 0.175
Output value -0.280

Q+ parameters
slope: 0.183 semiSat: 0.560 beta: 0.875 sigma: 0.114 
maxBOLD estimate = 1.761


Trial 88: random Stimulus Selection
Stimulus: 0.175
Output value 0.315

Q+ parameters
slope: 0.234 semiSat: 0.560 beta: 1.125 sigma: 0.166 
maxBOLD estimate = 1.540


Trial 89: random Stimulus Selection
Stimulus: 1.000
Output value 1.379

Q+ parameters
slope: 0.183 semiSat: 0.560 beta: 0.875 sigma: 0.114 
maxBOLD estimate = 1.733


Trial 90: baseline Stimulus Selection
Stimulus: 0.010
Output value -0.310

Q+ parameters
slope: 0.234 semiSat: 0.560 beta: 1.125 sigma: 0.114 
maxBOLD estimate = 1.516


Trial 91: random Stimulus Selection
Stimulus: 0.918
Output value 1.221

Q+ parameters
slope: 0.298 semiSat: 0.560 beta: 0.875 sigma: 0.114 
maxBOLD estimate = 1.706


Trial 92: random Stimulus Selection
Stimulus: 0.051
Output value -0.305

Q+ parameters
slope: 0.234 semiSat: 0.560 beta: 1.125 sigma: 0.114 
maxBOLD estimate = 1.493


Trial 93: random Stimulus Selection
Stimulus: 0.959
Output value 0.572

Q+ parameters
slope: 0.234 semiSat: 0.560 beta: 0.938 sigma: 0.114 
maxBOLD estimate = 1.679


Trial 94: random Stimulus Selection
Stimulus: 0.340
Output value 0.161

Q+ parameters
slope: 0.234 semiSat: 0.560 beta: 1.125 sigma: 0.166 
maxBOLD estimate = 1.574


Trial 95: maxBOLD Stimulus Selection
Stimulus: 1.000
Output value 0.986

Q+ parameters
slope: 0.183 semiSat: 0.560 beta: 0.875 sigma: 0.114 
maxBOLD estimate = 1.771


Trial 96: random Stimulus Selection
Stimulus: 0.464
Output value -0.317

Q+ parameters
slope: 0.234 semiSat: 0.560 beta: 1.125 sigma: 0.166 
maxBOLD estimate = 1.550


Trial 97: random Stimulus Selection
Stimulus: 0.711
Output value 0.971

Q+ parameters
slope: 0.183 semiSat: 0.560 beta: 0.875 sigma: 0.114 
maxBOLD estimate = 1.743


Trial 98: random Stimulus Selection
Stimulus: 0.546
Output value 0.156

Q+ parameters
slope: 0.234 semiSat: 0.560 beta: 1.125 sigma: 0.166 
maxBOLD estimate = 1.526


Trial 99: random Stimulus Selection
Stimulus: 0.010
Output value -0.293

Q+ parameters
slope: 0.234 semiSat: 0.560 beta: 0.938 sigma: 0.114 
maxBOLD estimate = 1.716


Trial 100: baseline Stimulus Selection
Stimulus: 0.010
Output value -0.165

Q+ parameters
slope: 0.234 semiSat: 0.560 beta: 1.125 sigma: 0.166 
maxBOLD estimate = 1.609

--------------------------------------------------------------
FINAL VALUES
--------------------------------------------------------------
Simulated parameters:              slope: 0.200 semiSat: 0.570 beta: 1.000 sigma: 0.100 
Max posterior QUEST+ parameters:   slope: 0.234 semiSat: 0.560 beta: 0.938 sigma: 0.114 
Max BADS parameters:               slope: 0.191 semiSat: 0.569 beta: 1.000 sigma: 0.133 
maxBOLD estimate: 1.749
