/blue/stevenweisberg/stevenweisberg/MATLAB/projects/Weisberg_Aguirre_2020/scripts/run_sims
c30a-s23.ufhpc
Fri Nov 13 20:44:40 EST 2020
mkdir: cannot create directory ‘/blue/stevenweisberg/stevenweisberg/qpfMRIResults/model_parameter_set1/’: File exists
cp: cannot stat ‘/blue/stevenweisberg/stevenweisberg/qpfMRIResults/deploy_sim.sh’: No such file or directory
cp: cannot stat ‘/blue/stevenweisberg/stevenweisberg/qpfMRIResults/sim_wrapper.sh’: No such file or directory
------------------------------------------
Setting up environment variables
---
LD_LIBRARY_PATH is .:/apps/matlab/mcr/2020b/v99/runtime/glnxa64:/apps/matlab/mcr/2020b/v99/bin/glnxa64:/apps/matlab/mcr/2020b/v99/sys/os/glnxa64:/apps/matlab/mcr/2020b/v99/sys/opengl/lib/glnxa64
Warning: Executing startup failed in matlabrc.
This indicates a potentially serious problem in your MATLAB setup, which should be resolved as soon as possible.  Error detected was:
MATLAB:mpath:PathAlterationNotSupported
Modifying the search path is not supported by MATLAB Compiler. Remove functions that modify the search path from your MATLAB code. To make files visible to your deployed application, add the parent folder to your MATLAB session.
Warning: No stimulus domain specified. Defaulting to values between 0.01 and 1.
> In qpfmriParams (line 182)
In compiledSimulate (line 205)
Stimulus domain added from input.
Parameter slope specified as 0.41000
Parameter semiSat specified as 0.57000
Parameter beta specified as 1.00000
Parameter sigma specified as 0.25000
seed = 99seed = 104seed = 111seed = 111seed = 115seed = 101Initializing Q+. This may take a minute...
Elapsed time is 9.568401 seconds.
Simulated parameters:
slope: 0.410 semiSat: 0.570 beta: 1.000 sigma: 0.250 

Trial 1: baseline Stimulus Selection
Stimulus: 0.010
Output value 0.000

Q+ parameters
slope: 0.026 semiSat: 0.890 beta: 0.500 sigma: 0.010 
maxBOLD estimate = 1.000


Trial 2: maxBOLD Stimulus Selection
Stimulus: 1.000
Output value 1.364

Q+ parameters
slope: 0.055 semiSat: 0.670 beta: 1.250 sigma: 0.010 
maxBOLD estimate = 1.000


Trial 3: baseline Stimulus Selection
Stimulus: 0.010
Output value 0.256

Q+ parameters
slope: 0.043 semiSat: 0.780 beta: 1.125 sigma: 0.114 
maxBOLD estimate = 1.250


Trial 4: maxBOLD Stimulus Selection
Stimulus: 1.000
Output value 1.726

Q+ parameters
slope: 0.055 semiSat: 0.670 beta: 1.125 sigma: 0.062 
maxBOLD estimate = 1.406


Trial 5: baseline Stimulus Selection
Stimulus: 0.010
Output value 0.180

Q+ parameters
slope: 0.043 semiSat: 0.780 beta: 1.250 sigma: 0.114 
maxBOLD estimate = 1.582


Trial 6: maxBOLD Stimulus Selection
Stimulus: 1.000
Output value 2.472

Q+ parameters
slope: 0.043 semiSat: 0.780 beta: 1.250 sigma: 0.114 
maxBOLD estimate = 1.978


Trial 7: qplus Stimulus Selection
Stimulus: 0.505
Output value 0.239

Q+ parameters
slope: 0.055 semiSat: 0.890 beta: 1.062 sigma: 0.114 
maxBOLD estimate = 2.472


Trial 8: qplus Stimulus Selection
Stimulus: 0.711
Output value 0.761

Q+ parameters
slope: 0.055 semiSat: 0.890 beta: 1.062 sigma: 0.114 
maxBOLD estimate = 2.626


Trial 9: qplus Stimulus Selection
Stimulus: 0.835
Output value 1.142

Q+ parameters
slope: 0.113 semiSat: 0.670 beta: 0.750 sigma: 0.114 
maxBOLD estimate = 2.791


Trial 10: baseline Stimulus Selection
Stimulus: 0.010
Output value -0.392

Q+ parameters
slope: 0.113 semiSat: 0.670 beta: 1.031 sigma: 0.114 
maxBOLD estimate = 2.093


Trial 11: qplus Stimulus Selection
Stimulus: 0.629
Output value 1.251

Q+ parameters
slope: 0.113 semiSat: 0.670 beta: 1.062 sigma: 0.114 
maxBOLD estimate = 2.158


Trial 12: qplus Stimulus Selection
Stimulus: 0.588
Output value 1.094

Q+ parameters
slope: 0.113 semiSat: 0.560 beta: 0.875 sigma: 0.114 
maxBOLD estimate = 2.293


Trial 13: qplus Stimulus Selection
Stimulus: 0.588
Output value 0.884

Q+ parameters
slope: 0.234 semiSat: 0.560 beta: 0.969 sigma: 0.114 
maxBOLD estimate = 2.007


Trial 14: qplus Stimulus Selection
Stimulus: 0.505
Output value 1.856

Q+ parameters
slope: 0.043 semiSat: 0.670 beta: 1.500 sigma: 0.114 
maxBOLD estimate = 1.944


Trial 15: maxBOLD Stimulus Selection
Stimulus: 1.000
Output value 0.795

Q+ parameters
slope: 0.070 semiSat: 0.560 beta: 0.750 sigma: 0.114 
maxBOLD estimate = 2.916


Trial 16: qplus Stimulus Selection
Stimulus: 0.711
Output value 1.218

Q+ parameters
slope: 0.113 semiSat: 0.560 beta: 0.875 sigma: 0.114 
maxBOLD estimate = 2.187


Trial 17: qplus Stimulus Selection
Stimulus: 0.464
Output value 0.348

Q+ parameters
slope: 0.183 semiSat: 0.560 beta: 1.000 sigma: 0.114 
maxBOLD estimate = 1.913


Trial 18: qplus Stimulus Selection
Stimulus: 0.505
Output value -0.359

Q+ parameters
slope: 0.379 semiSat: 0.560 beta: 1.031 sigma: 0.166 
maxBOLD estimate = 1.913


Trial 19: qplus Stimulus Selection
Stimulus: 0.588
Output value 2.153

Q+ parameters
slope: 0.483 semiSat: 0.560 beta: 1.000 sigma: 0.166 
maxBOLD estimate = 1.973


Trial 20: baseline Stimulus Selection
Stimulus: 0.010
Output value 0.628

Q+ parameters
slope: 0.616 semiSat: 0.560 beta: 0.875 sigma: 0.166 
maxBOLD estimate = 1.973


Trial 21: qplus Stimulus Selection
Stimulus: 0.588
Output value 1.167

Q+ parameters
slope: 0.379 semiSat: 0.560 beta: 1.062 sigma: 0.166 
maxBOLD estimate = 1.727


Trial 22: qplus Stimulus Selection
Stimulus: 0.546
Output value 0.860

Q+ parameters
slope: 0.379 semiSat: 0.560 beta: 1.031 sigma: 0.166 
maxBOLD estimate = 1.835


Trial 23: qplus Stimulus Selection
Stimulus: 0.588
Output value 1.833

Q+ parameters
slope: 0.379 semiSat: 0.560 beta: 0.969 sigma: 0.166 
maxBOLD estimate = 1.892


Trial 24: qplus Stimulus Selection
Stimulus: 0.546
Output value -0.354

Q+ parameters
slope: 0.785 semiSat: 0.560 beta: 1.062 sigma: 0.218 
maxBOLD estimate = 1.833


Trial 25: maxBOLD Stimulus Selection
Stimulus: 1.000
Output value 0.929

Q+ parameters
slope: 0.616 semiSat: 0.560 beta: 0.875 sigma: 0.166 
maxBOLD estimate = 1.947


Trial 26: qplus Stimulus Selection
Stimulus: 0.588
Output value 1.152

Q+ parameters
slope: 1.000 semiSat: 0.560 beta: 1.062 sigma: 0.271 
maxBOLD estimate = 1.704


Trial 27: qplus Stimulus Selection
Stimulus: 0.588
Output value 1.913

Q+ parameters
slope: 1.000 semiSat: 0.560 beta: 0.969 sigma: 0.218 
maxBOLD estimate = 1.810


Trial 28: qplus Stimulus Selection
Stimulus: 0.588
Output value 2.152

Q+ parameters
slope: 1.000 semiSat: 0.560 beta: 1.125 sigma: 0.271 
maxBOLD estimate = 1.754


Trial 29: qplus Stimulus Selection
Stimulus: 0.588
Output value 1.513

Q+ parameters
slope: 1.000 semiSat: 0.560 beta: 0.938 sigma: 0.218 
maxBOLD estimate = 1.973


Trial 30: baseline Stimulus Selection
Stimulus: 0.010
Output value 0.946

Q+ parameters
slope: 1.000 semiSat: 0.560 beta: 0.938 sigma: 0.271 
maxBOLD estimate = 1.850

--------------------------------------------------------------
FINAL VALUES
--------------------------------------------------------------
Simulated parameters:              slope: 0.410 semiSat: 0.570 beta: 1.000 sigma: 0.250 
Max posterior QUEST+ parameters:   slope: 1.000 semiSat: 0.560 beta: 1.031 sigma: 0.271 
Max BADS parameters:               slope: 0.991 semiSat: 0.559 beta: 1.000 sigma: 0.238 
maxBOLD estimate: 1.653
