/blue/stevenweisberg/stevenweisberg/MATLAB/projects/Weisberg_Aguirre_2020/scripts/run_sims
c2a-s18.ufhpc
Thu Nov 12 18:54:10 EST 2020
cp: cannot stat ‘/blue/stevenweisberg/stevenweisberg/qpfMRIResults/deploy_sim.sh’: No such file or directory
cp: cannot stat ‘/blue/stevenweisberg/stevenweisberg/qpfMRIResults/sim_wrapper.sh’: No such file or directory
------------------------------------------
Setting up environment variables
---
LD_LIBRARY_PATH is .:/apps/matlab/mcr/2020b/v99/runtime/glnxa64:/apps/matlab/mcr/2020b/v99/bin/glnxa64:/apps/matlab/mcr/2020b/v99/sys/os/glnxa64:/apps/matlab/mcr/2020b/v99/sys/opengl/lib/glnxa64
Warning: Executing startup failed in matlabrc.
This indicates a potentially serious problem in your MATLAB setup, which should be resolved as soon as possible.  Error detected was:
MATLAB:mpath:PathAlterationNotSupported
Modifying the search path is not supported by MATLAB Compiler. Remove functions that modify the search path from your MATLAB code. To make files visible to your deployed application, add the parent folder to your MATLAB session.
Warning: No stimulus domain specified. Defaulting to values between 0.01 and 1.
> In qpfmriParams (line 182)
In compiledSimulate (line 205)
Stimulus domain added from input.
Parameter slope specified as 0.41000
Parameter semiSat specified as 0.57000
Parameter beta specified as 1.00000
Parameter sigma specified as 0.25000
seed = 99seed = 104seed = 111seed = 111seed = 115seed = 101Initializing Q+. This may take a minute...
Elapsed time is 21.347074 seconds.
Simulated parameters:
slope: 0.410 semiSat: 0.570 beta: 1.000 sigma: 0.250 

Trial 1: baseline Stimulus Selection
Stimulus: 0.010
Output value 0.000

Q+ parameters
slope: 0.026 semiSat: 0.890 beta: 0.500 sigma: 0.010 
maxBOLD estimate = 1.000


Trial 2: maxBOLD Stimulus Selection
Stimulus: 1.000
Output value -0.091

Q+ parameters
slope: 0.026 semiSat: 0.890 beta: 0.500 sigma: 0.479 
maxBOLD estimate = 1.000


Trial 3: baseline Stimulus Selection
Stimulus: 0.010
Output value -0.114

Q+ parameters
slope: 0.055 semiSat: 0.670 beta: 1.250 sigma: 1.000 
maxBOLD estimate = 0.500


Trial 4: maxBOLD Stimulus Selection
Stimulus: 1.000
Output value 0.852

Q+ parameters
slope: 0.034 semiSat: 1.000 beta: 1.250 sigma: 1.000 
maxBOLD estimate = 0.625


Trial 5: baseline Stimulus Selection
Stimulus: 0.010
Output value 0.639

Q+ parameters
slope: 0.034 semiSat: 0.890 beta: 0.750 sigma: 1.000 
maxBOLD estimate = 0.781


Trial 6: maxBOLD Stimulus Selection
Stimulus: 1.000
Output value 0.320

Q+ parameters
slope: 0.034 semiSat: 0.890 beta: 0.750 sigma: 1.000 
maxBOLD estimate = 0.586


Trial 7: qplus Stimulus Selection
Stimulus: 0.505
Output value 0.240

Q+ parameters
slope: 0.113 semiSat: 0.230 beta: 0.500 sigma: 1.000 
maxBOLD estimate = 0.439


Trial 8: qplus Stimulus Selection
Stimulus: 0.175
Output value -0.020

Q+ parameters
slope: 0.113 semiSat: 0.450 beta: 0.500 sigma: 1.000 
maxBOLD estimate = 0.220


Trial 9: qplus Stimulus Selection
Stimulus: 0.175
Output value -0.010

Q+ parameters
slope: 0.298 semiSat: 0.120 beta: 0.500 sigma: 1.000 
maxBOLD estimate = 0.110


Trial 10: baseline Stimulus Selection
Stimulus: 0.010
Output value -0.010

Q+ parameters
slope: 0.010 semiSat: 0.010 beta: 0.969 sigma: 1.000 
maxBOLD estimate = 0.055


Trial 11: qplus Stimulus Selection
Stimulus: 0.835
Output value -0.005

Q+ parameters
slope: 0.298 semiSat: 0.120 beta: 0.500 sigma: 1.000 
maxBOLD estimate = 0.053


Trial 12: qplus Stimulus Selection
Stimulus: 0.051
Output value -0.002

Q+ parameters
slope: 0.113 semiSat: 0.010 beta: 0.500 sigma: 1.000 
maxBOLD estimate = 0.027


Trial 13: qplus Stimulus Selection
Stimulus: 0.092
Output value 0.007

Q+ parameters
slope: 0.183 semiSat: 0.010 beta: 0.500 sigma: 1.000 
maxBOLD estimate = 0.013


Trial 14: qplus Stimulus Selection
Stimulus: 0.092
Output value -0.002

Q+ parameters
slope: 0.016 semiSat: 0.450 beta: 1.250 sigma: 1.000 
maxBOLD estimate = 0.007


Trial 15: maxBOLD Stimulus Selection
Stimulus: 1.000
Output value 0.011

Q+ parameters
slope: 0.016 semiSat: 0.450 beta: 1.250 sigma: 1.000 
maxBOLD estimate = 0.008


Trial 16: qplus Stimulus Selection
Stimulus: 0.959
Output value 0.014

Q+ parameters
slope: 0.016 semiSat: 0.450 beta: 1.250 sigma: 1.000 
maxBOLD estimate = 0.010


Trial 17: qplus Stimulus Selection
Stimulus: 0.959
Output value 0.018

Q+ parameters
slope: 0.016 semiSat: 0.450 beta: 1.250 sigma: 1.000 
maxBOLD estimate = 0.013


Trial 18: qplus Stimulus Selection
Stimulus: 0.959
Output value 0.022

Q+ parameters
slope: 0.016 semiSat: 0.450 beta: 1.250 sigma: 1.000 
maxBOLD estimate = 0.016


Trial 19: qplus Stimulus Selection
Stimulus: 0.959
Output value 0.028

Q+ parameters
slope: 0.016 semiSat: 0.450 beta: 1.250 sigma: 1.000 
maxBOLD estimate = 0.020


Trial 20: baseline Stimulus Selection
Stimulus: 0.010
Output value 0.035

Q+ parameters
slope: 0.016 semiSat: 0.450 beta: 1.250 sigma: 1.000 
maxBOLD estimate = 0.025


Trial 21: qplus Stimulus Selection
Stimulus: 0.959
Output value 0.043

Q+ parameters
slope: 0.016 semiSat: 0.450 beta: 1.250 sigma: 1.000 
maxBOLD estimate = 0.032


Trial 22: qplus Stimulus Selection
Stimulus: 0.959
Output value 0.054

Q+ parameters
slope: 0.016 semiSat: 0.450 beta: 1.250 sigma: 1.000 
maxBOLD estimate = 0.040


Trial 23: qplus Stimulus Selection
Stimulus: 0.959
Output value 0.068

Q+ parameters
slope: 0.016 semiSat: 0.450 beta: 1.250 sigma: 1.000 
maxBOLD estimate = 0.050


Trial 24: qplus Stimulus Selection
Stimulus: 0.959
Output value 0.076

Q+ parameters
slope: 0.016 semiSat: 0.340 beta: 1.125 sigma: 1.000 
maxBOLD estimate = 0.062


Trial 25: maxBOLD Stimulus Selection
Stimulus: 1.000
Output value 0.086

Q+ parameters
slope: 0.016 semiSat: 0.340 beta: 1.125 sigma: 1.000 
maxBOLD estimate = 0.070


Trial 26: qplus Stimulus Selection
Stimulus: 0.959
Output value 0.107

Q+ parameters
slope: 0.016 semiSat: 0.450 beta: 1.250 sigma: 1.000 
maxBOLD estimate = 0.078


Trial 27: qplus Stimulus Selection
Stimulus: 0.959
Output value 0.094

Q+ parameters
slope: 0.010 semiSat: 0.010 beta: 0.875 sigma: 1.000 
maxBOLD estimate = 0.098


Trial 28: qplus Stimulus Selection
Stimulus: 0.711
Output value 0.088

Q+ parameters
slope: 0.010 semiSat: 0.120 beta: 0.938 sigma: 1.000 
maxBOLD estimate = 0.086


Trial 29: qplus Stimulus Selection
Stimulus: 0.711
Output value 0.044

Q+ parameters
slope: 0.616 semiSat: 0.010 beta: 0.500 sigma: 1.000 
maxBOLD estimate = 0.080


Trial 30: baseline Stimulus Selection
Stimulus: 0.010
Output value -0.011

Q+ parameters
slope: 0.070 semiSat: 0.120 beta: 1.500 sigma: 0.323 
maxBOLD estimate = 0.040

--------------------------------------------------------------
FINAL VALUES
--------------------------------------------------------------
Simulated parameters:              slope: 0.410 semiSat: 0.570 beta: 1.000 sigma: 0.250 
Max posterior QUEST+ parameters:   slope: 0.616 semiSat: 0.010 beta: 0.969 sigma: 0.218 
Max BADS parameters:               slope: 0.892 semiSat: 0.011 beta: 1.000 sigma: 0.233 
maxBOLD estimate: 0.056
