/blue/stevenweisberg/stevenweisberg/MATLAB/projects/Weisberg_Aguirre_2020/scripts/run_sims
c27a-s1.ufhpc
Fri Nov 13 22:02:52 EST 2020
mkdir: cannot create directory ‘/blue/stevenweisberg/stevenweisberg/qpfMRIResults/model_parameter_set1/’: File exists
cp: cannot stat ‘/blue/stevenweisberg/stevenweisberg/qpfMRIResults/deploy_sim.sh’: No such file or directory
cp: cannot stat ‘/blue/stevenweisberg/stevenweisberg/qpfMRIResults/sim_wrapper.sh’: No such file or directory
------------------------------------------
Setting up environment variables
---
LD_LIBRARY_PATH is .:/apps/matlab/mcr/2020b/v99/runtime/glnxa64:/apps/matlab/mcr/2020b/v99/bin/glnxa64:/apps/matlab/mcr/2020b/v99/sys/os/glnxa64:/apps/matlab/mcr/2020b/v99/sys/opengl/lib/glnxa64
Warning: Executing startup failed in matlabrc.
This indicates a potentially serious problem in your MATLAB setup, which should be resolved as soon as possible.  Error detected was:
MATLAB:mpath:PathAlterationNotSupported
Modifying the search path is not supported by MATLAB Compiler. Remove functions that modify the search path from your MATLAB code. To make files visible to your deployed application, add the parent folder to your MATLAB session.
Warning: No stimulus domain specified. Defaulting to values between 0.01 and 1.
> In qpfmriParams (line 182)
In compiledSimulate (line 205)
Stimulus domain added from input.
Parameter slope specified as 0.41000
Parameter semiSat specified as 0.57000
Parameter beta specified as 1.00000
Parameter sigma specified as 0.25000
seed = 99seed = 104seed = 111seed = 111seed = 115seed = 101Initializing Q+. This may take a minute...
Elapsed time is 10.581586 seconds.
Simulated parameters:
slope: 0.410 semiSat: 0.570 beta: 1.000 sigma: 0.250 

Trial 1: baseline Stimulus Selection
Stimulus: 0.010
Output value 0.000

Q+ parameters
slope: 0.026 semiSat: 0.890 beta: 0.500 sigma: 0.010 
maxBOLD estimate = 1.000


Trial 2: maxBOLD Stimulus Selection
Stimulus: 1.000
Output value 1.364

Q+ parameters
slope: 0.055 semiSat: 0.670 beta: 1.250 sigma: 0.010 
maxBOLD estimate = 1.000


Trial 3: baseline Stimulus Selection
Stimulus: 0.010
Output value 0.568

Q+ parameters
slope: 0.055 semiSat: 0.670 beta: 1.250 sigma: 0.218 
maxBOLD estimate = 1.250


Trial 4: maxBOLD Stimulus Selection
Stimulus: 1.000
Output value 2.131

Q+ parameters
slope: 0.055 semiSat: 0.670 beta: 1.250 sigma: 0.166 
maxBOLD estimate = 1.562


Trial 5: baseline Stimulus Selection
Stimulus: 0.010
Output value 0.516

Q+ parameters
slope: 0.043 semiSat: 0.780 beta: 0.969 sigma: 0.114 
maxBOLD estimate = 1.953


Trial 6: maxBOLD Stimulus Selection
Stimulus: 1.000
Output value 0.500

Q+ parameters
slope: 0.043 semiSat: 0.780 beta: 0.969 sigma: 0.218 
maxBOLD estimate = 1.892


Trial 7: random Stimulus Selection
Stimulus: 0.794
Output value 1.041

Q+ parameters
slope: 0.055 semiSat: 0.890 beta: 1.250 sigma: 0.114 
maxBOLD estimate = 1.833


Trial 8: random Stimulus Selection
Stimulus: 0.216
Output value 0.000

Q+ parameters
slope: 1.000 semiSat: 0.340 beta: 0.500 sigma: 0.114 
maxBOLD estimate = 2.291


Trial 9: random Stimulus Selection
Stimulus: 0.711
Output value 0.156

Q+ parameters
slope: 0.616 semiSat: 0.780 beta: 1.500 sigma: 0.114 
maxBOLD estimate = 1.146


Trial 10: baseline Stimulus Selection
Stimulus: 0.010
Output value 0.146

Q+ parameters
slope: 0.785 semiSat: 0.780 beta: 0.938 sigma: 0.166 
maxBOLD estimate = 1.718


Trial 11: random Stimulus Selection
Stimulus: 0.629
Output value 1.538

Q+ parameters
slope: 0.144 semiSat: 0.450 beta: 0.875 sigma: 0.271 
maxBOLD estimate = 1.611


Trial 12: random Stimulus Selection
Stimulus: 1.000
Output value 1.538

Q+ parameters
slope: 0.070 semiSat: 0.670 beta: 1.500 sigma: 0.323 
maxBOLD estimate = 1.410


Trial 13: random Stimulus Selection
Stimulus: 0.918
Output value 0.481

Q+ parameters
slope: 1.000 semiSat: 0.340 beta: 0.500 sigma: 0.166 
maxBOLD estimate = 2.114


Trial 14: random Stimulus Selection
Stimulus: 1.000
Output value 0.511

Q+ parameters
slope: 0.144 semiSat: 0.560 beta: 1.062 sigma: 0.323 
maxBOLD estimate = 1.057


Trial 15: maxBOLD Stimulus Selection
Stimulus: 1.000
Output value -0.051

Q+ parameters
slope: 1.000 semiSat: 0.230 beta: 0.500 sigma: 1.000 
maxBOLD estimate = 1.123


Trial 16: random Stimulus Selection
Stimulus: 0.092
Output value -0.051

Q+ parameters
slope: 1.000 semiSat: 0.230 beta: 0.500 sigma: 1.000 
maxBOLD estimate = 0.562


Trial 17: random Stimulus Selection
Stimulus: 0.340
Output value -0.048

Q+ parameters
slope: 0.010 semiSat: 0.230 beta: 0.938 sigma: 1.000 
maxBOLD estimate = 0.281


Trial 18: random Stimulus Selection
Stimulus: 0.423
Output value -0.024

Q+ parameters
slope: 1.000 semiSat: 0.450 beta: 0.500 sigma: 1.000 
maxBOLD estimate = 0.263


Trial 19: random Stimulus Selection
Stimulus: 0.381
Output value -0.022

Q+ parameters
slope: 0.379 semiSat: 0.560 beta: 0.938 sigma: 0.218 
maxBOLD estimate = 0.132


Trial 20: baseline Stimulus Selection
Stimulus: 0.010
Output value -0.020

Q+ parameters
slope: 0.010 semiSat: 0.120 beta: 0.875 sigma: 1.000 
maxBOLD estimate = 0.123


Trial 21: random Stimulus Selection
Stimulus: 0.340
Output value -0.017

Q+ parameters
slope: 0.010 semiSat: 0.120 beta: 0.875 sigma: 1.000 
maxBOLD estimate = 0.108


Trial 22: random Stimulus Selection
Stimulus: 0.423
Output value -0.015

Q+ parameters
slope: 0.010 semiSat: 0.120 beta: 0.875 sigma: 1.000 
maxBOLD estimate = 0.094


Trial 23: random Stimulus Selection
Stimulus: 0.794
Output value 0.079

Q+ parameters
slope: 0.010 semiSat: 0.120 beta: 0.875 sigma: 1.000 
maxBOLD estimate = 0.083


Trial 24: random Stimulus Selection
Stimulus: 0.629
Output value 0.069

Q+ parameters
slope: 0.010 semiSat: 0.120 beta: 0.875 sigma: 1.000 
maxBOLD estimate = 0.072


Trial 25: maxBOLD Stimulus Selection
Stimulus: 1.000
Output value 0.060

Q+ parameters
slope: 0.010 semiSat: 0.120 beta: 0.875 sigma: 1.000 
maxBOLD estimate = 0.063


Trial 26: random Stimulus Selection
Stimulus: 0.257
Output value -0.009

Q+ parameters
slope: 0.010 semiSat: 0.120 beta: 0.875 sigma: 1.000 
maxBOLD estimate = 0.055


Trial 27: random Stimulus Selection
Stimulus: 0.588
Output value -0.008

Q+ parameters
slope: 0.010 semiSat: 0.120 beta: 0.875 sigma: 1.000 
maxBOLD estimate = 0.048


Trial 28: random Stimulus Selection
Stimulus: 0.753
Output value 0.040

Q+ parameters
slope: 0.010 semiSat: 0.120 beta: 0.875 sigma: 1.000 
maxBOLD estimate = 0.042


Trial 29: random Stimulus Selection
Stimulus: 0.918
Output value 0.035

Q+ parameters
slope: 0.010 semiSat: 0.120 beta: 0.875 sigma: 1.000 
maxBOLD estimate = 0.037


Trial 30: baseline Stimulus Selection
Stimulus: 0.010
Output value -0.005

Q+ parameters
slope: 0.010 semiSat: 0.120 beta: 0.875 sigma: 1.000 
maxBOLD estimate = 0.032

--------------------------------------------------------------
FINAL VALUES
--------------------------------------------------------------
Simulated parameters:              slope: 0.410 semiSat: 0.570 beta: 1.000 sigma: 0.250 
Max posterior QUEST+ parameters:   slope: 0.010 semiSat: 0.120 beta: 0.875 sigma: 1.000 
Max BADS parameters:               slope: 0.524 semiSat: 0.013 beta: 1.000 sigma: 0.403 
maxBOLD estimate: 0.028
