/blue/stevenweisberg/stevenweisberg/MATLAB/projects/Weisberg_Aguirre_2020/scripts/run_sims
c27a-s23.ufhpc
Thu Nov 12 13:45:52 EST 2020
cp: cannot stat ‘/blue/stevenweisberg/stevenweisberg/qpfMRIResults/deploy_sim.sh’: No such file or directory
cp: cannot stat ‘/blue/stevenweisberg/stevenweisberg/qpfMRIResults/sim_wrapper.sh’: No such file or directory
------------------------------------------
Setting up environment variables
---
LD_LIBRARY_PATH is .:/apps/matlab/mcr/2020b/v99/runtime/glnxa64:/apps/matlab/mcr/2020b/v99/bin/glnxa64:/apps/matlab/mcr/2020b/v99/sys/os/glnxa64:/apps/matlab/mcr/2020b/v99/sys/opengl/lib/glnxa64
Warning: Executing startup failed in matlabrc.
This indicates a potentially serious problem in your MATLAB setup, which should be resolved as soon as possible.  Error detected was:
MATLAB:mpath:PathAlterationNotSupported
Modifying the search path is not supported by MATLAB Compiler. Remove functions that modify the search path from your MATLAB code. To make files visible to your deployed application, add the parent folder to your MATLAB session.
Warning: No stimulus domain specified. Defaulting to values between 0.01 and 1.
> In qpfmriParams (line 182)
In compiledSimulate (line 205)
Stimulus domain added from input.
Parameter slope specified as 0.41000
Parameter semiSat specified as 0.57000
Parameter beta specified as 1.00000
Parameter sigma specified as 0.25000
seed = 99seed = 104seed = 111seed = 111seed = 115seed = 101Initializing Q+. This may take a minute...
Elapsed time is 9.464791 seconds.
Simulated parameters:
slope: 0.410 semiSat: 0.570 beta: 1.000 sigma: 0.250 

Trial 1: baseline Stimulus Selection
Stimulus: 0.010
Output value 0.000

Q+ parameters
slope: 0.026 semiSat: 0.890 beta: 0.500 sigma: 0.010 
maxBOLD estimate = 1.000


Trial 2: maxBOLD Stimulus Selection
Stimulus: 1.000
Output value 1.364

Q+ parameters
slope: 0.055 semiSat: 0.670 beta: 1.250 sigma: 0.010 
maxBOLD estimate = 1.000


Trial 3: baseline Stimulus Selection
Stimulus: 0.010
Output value -0.284

Q+ parameters
slope: 0.055 semiSat: 0.670 beta: 1.250 sigma: 0.114 
maxBOLD estimate = 1.250


Trial 4: maxBOLD Stimulus Selection
Stimulus: 1.000
Output value 2.131

Q+ parameters
slope: 0.055 semiSat: 0.670 beta: 1.250 sigma: 0.114 
maxBOLD estimate = 1.562


Trial 5: baseline Stimulus Selection
Stimulus: 0.010
Output value 0.444

Q+ parameters
slope: 0.043 semiSat: 0.780 beta: 1.250 sigma: 0.166 
maxBOLD estimate = 1.953


Trial 6: maxBOLD Stimulus Selection
Stimulus: 1.000
Output value 1.998

Q+ parameters
slope: 0.043 semiSat: 0.780 beta: 1.125 sigma: 0.218 
maxBOLD estimate = 2.441


Trial 7: qplus Stimulus Selection
Stimulus: 0.505
Output value 0.000

Q+ parameters
slope: 0.089 semiSat: 0.890 beta: 0.969 sigma: 0.166 
maxBOLD estimate = 2.747


Trial 8: qplus Stimulus Selection
Stimulus: 0.711
Output value 1.088

Q+ parameters
slope: 0.043 semiSat: 0.890 beta: 1.125 sigma: 0.166 
maxBOLD estimate = 2.661


Trial 9: qplus Stimulus Selection
Stimulus: 0.711
Output value 1.429

Q+ parameters
slope: 0.183 semiSat: 0.670 beta: 0.750 sigma: 0.166 
maxBOLD estimate = 2.993


Trial 10: baseline Stimulus Selection
Stimulus: 0.010
Output value -0.179

Q+ parameters
slope: 0.234 semiSat: 0.560 beta: 0.875 sigma: 0.166 
maxBOLD estimate = 2.245


Trial 11: qplus Stimulus Selection
Stimulus: 0.629
Output value 1.205

Q+ parameters
slope: 0.616 semiSat: 0.560 beta: 0.750 sigma: 0.166 
maxBOLD estimate = 1.964


Trial 12: qplus Stimulus Selection
Stimulus: 0.629
Output value 1.565

Q+ parameters
slope: 0.616 semiSat: 0.560 beta: 1.062 sigma: 0.166 
maxBOLD estimate = 1.473


Trial 13: qplus Stimulus Selection
Stimulus: 0.505
Output value 0.151

Q+ parameters
slope: 0.616 semiSat: 0.560 beta: 1.062 sigma: 0.166 
maxBOLD estimate = 1.565


Trial 14: qplus Stimulus Selection
Stimulus: 0.505
Output value 1.701

Q+ parameters
slope: 0.298 semiSat: 0.560 beta: 1.250 sigma: 0.323 
maxBOLD estimate = 1.663


Trial 15: maxBOLD Stimulus Selection
Stimulus: 1.000
Output value 0.532

Q+ parameters
slope: 0.616 semiSat: 0.560 beta: 0.938 sigma: 0.323 
maxBOLD estimate = 2.079


Trial 16: qplus Stimulus Selection
Stimulus: 0.505
Output value 0.941

Q+ parameters
slope: 0.616 semiSat: 0.560 beta: 1.062 sigma: 0.375 
maxBOLD estimate = 1.949


Trial 17: qplus Stimulus Selection
Stimulus: 0.588
Output value 0.706

Q+ parameters
slope: 0.379 semiSat: 0.560 beta: 0.750 sigma: 0.166 
maxBOLD estimate = 2.071


Trial 18: qplus Stimulus Selection
Stimulus: 0.588
Output value 2.542

Q+ parameters
slope: 0.379 semiSat: 0.560 beta: 1.500 sigma: 0.218 
maxBOLD estimate = 1.553


Trial 19: qplus Stimulus Selection
Stimulus: 0.505
Output value 0.000

Q+ parameters
slope: 1.000 semiSat: 0.560 beta: 0.750 sigma: 0.218 
maxBOLD estimate = 2.330


Trial 20: baseline Stimulus Selection
Stimulus: 0.010
Output value 0.993

Q+ parameters
slope: 0.616 semiSat: 0.560 beta: 1.250 sigma: 0.427 
maxBOLD estimate = 1.747


Trial 21: qplus Stimulus Selection
Stimulus: 0.588
Output value 0.596

Q+ parameters
slope: 0.483 semiSat: 0.560 beta: 0.750 sigma: 0.218 
maxBOLD estimate = 2.184


Trial 22: qplus Stimulus Selection
Stimulus: 0.505
Output value -0.372

Q+ parameters
slope: 0.616 semiSat: 0.560 beta: 1.250 sigma: 0.427 
maxBOLD estimate = 1.638


Trial 23: qplus Stimulus Selection
Stimulus: 0.588
Output value 1.117

Q+ parameters
slope: 1.000 semiSat: 0.560 beta: 0.750 sigma: 0.218 
maxBOLD estimate = 2.048


Trial 24: qplus Stimulus Selection
Stimulus: 0.588
Output value -0.419

Q+ parameters
slope: 0.113 semiSat: 0.670 beta: 1.500 sigma: 1.000 
maxBOLD estimate = 1.536


Trial 25: maxBOLD Stimulus Selection
Stimulus: 1.000
Output value 1.414

Q+ parameters
slope: 0.379 semiSat: 0.560 beta: 0.750 sigma: 0.218 
maxBOLD estimate = 2.304


Trial 26: qplus Stimulus Selection
Stimulus: 0.711
Output value 1.944

Q+ parameters
slope: 0.379 semiSat: 0.560 beta: 1.031 sigma: 0.323 
maxBOLD estimate = 1.728


Trial 27: qplus Stimulus Selection
Stimulus: 0.505
Output value 1.002

Q+ parameters
slope: 0.379 semiSat: 0.560 beta: 1.031 sigma: 0.323 
maxBOLD estimate = 1.782


Trial 28: qplus Stimulus Selection
Stimulus: 0.505
Output value 1.378

Q+ parameters
slope: 0.379 semiSat: 0.560 beta: 1.031 sigma: 0.427 
maxBOLD estimate = 1.837


Trial 29: qplus Stimulus Selection
Stimulus: 0.711
Output value 0.452

Q+ parameters
slope: 0.616 semiSat: 0.560 beta: 0.875 sigma: 0.479 
maxBOLD estimate = 1.895


Trial 30: baseline Stimulus Selection
Stimulus: 0.010
Output value 0.528

Q+ parameters
slope: 0.379 semiSat: 0.560 beta: 0.875 sigma: 0.323 
maxBOLD estimate = 1.658

--------------------------------------------------------------
FINAL VALUES
--------------------------------------------------------------
Simulated parameters:              slope: 0.410 semiSat: 0.570 beta: 1.000 sigma: 0.250 
Max posterior QUEST+ parameters:   slope: 0.234 semiSat: 0.560 beta: 1.000 sigma: 0.323 
Max BADS parameters:               slope: 0.231 semiSat: 0.559 beta: 1.000 sigma: 0.310 
maxBOLD estimate: 1.462
