/blue/stevenweisberg/stevenweisberg/MATLAB/projects/Weisberg_Aguirre_2020/scripts/run_sims
c0700a-s1.ufhpc
Tue Apr  6 21:49:56 EDT 2021
mkdir: cannot create directory ‘/blue/stevenweisberg/stevenweisberg/qpfMRIResults/model_parameter_set2/’: File exists
cp: cannot stat ‘/blue/stevenweisberg/stevenweisberg/qpfMRIResults/deploy_sim.sh’: No such file or directory
cp: cannot stat ‘/blue/stevenweisberg/stevenweisberg/qpfMRIResults/sim_wrapper.sh’: No such file or directory
------------------------------------------
Setting up environment variables
---
LD_LIBRARY_PATH is .:/apps/matlab/mcr/2020b/v99/runtime/glnxa64:/apps/matlab/mcr/2020b/v99/bin/glnxa64:/apps/matlab/mcr/2020b/v99/sys/os/glnxa64:/apps/matlab/mcr/2020b/v99/sys/opengl/lib/glnxa64
Warning: Executing startup failed in matlabrc.
This indicates a potentially serious problem in your MATLAB setup, which should be resolved as soon as possible.  Error detected was:
MATLAB:mpath:PathAlterationNotSupported
Modifying the search path is not supported by MATLAB Compiler. Remove functions that modify the search path from your MATLAB code. To make files visible to your deployed application, add the parent folder to your MATLAB session.
Warning: No stimulus domain specified. Defaulting to values between 0.01 and 1.
> In qpfmriParams (line 182)
In compiledSimulate (line 205)
Stimulus domain added from input.
Parameter slope specified as 0.20000
Parameter semiSat specified as 0.57000
Parameter beta specified as 1.00000
Parameter sigma specified as 0.10000
seed = 99seed = 104seed = 111seed = 111seed = 115seed = 101Initializing Q+. This may take a minute...
Elapsed time is 7.539081 seconds.
Simulated parameters:
slope: 0.200 semiSat: 0.570 beta: 1.000 sigma: 0.100 

Trial 1: baseline Stimulus Selection
Stimulus: 0.010
Output value 0.000

Q+ parameters
slope: 0.026 semiSat: 0.890 beta: 0.500 sigma: 0.010 
maxBOLD estimate = 1.000


Trial 2: maxBOLD Stimulus Selection
Stimulus: 1.000
Output value 1.364

Q+ parameters
slope: 0.055 semiSat: 0.670 beta: 1.250 sigma: 0.010 
maxBOLD estimate = 1.000


Trial 3: baseline Stimulus Selection
Stimulus: 0.010
Output value 0.284

Q+ parameters
slope: 0.055 semiSat: 0.670 beta: 1.250 sigma: 0.114 
maxBOLD estimate = 1.250


Trial 4: maxBOLD Stimulus Selection
Stimulus: 1.000
Output value 2.131

Q+ parameters
slope: 0.055 semiSat: 0.670 beta: 1.250 sigma: 0.062 
maxBOLD estimate = 1.562


Trial 5: baseline Stimulus Selection
Stimulus: 0.010
Output value 0.200

Q+ parameters
slope: 0.043 semiSat: 0.780 beta: 1.125 sigma: 0.062 
maxBOLD estimate = 1.953


Trial 6: maxBOLD Stimulus Selection
Stimulus: 1.000
Output value 1.498

Q+ parameters
slope: 0.034 semiSat: 1.000 beta: 1.250 sigma: 0.062 
maxBOLD estimate = 2.197


Trial 7: qplus Stimulus Selection
Stimulus: 0.753
Output value 0.749

Q+ parameters
slope: 0.616 semiSat: 0.120 beta: 0.500 sigma: 0.062 
maxBOLD estimate = 2.747


Trial 8: qplus Stimulus Selection
Stimulus: 0.381
Output value -0.375

Q+ parameters
slope: 0.144 semiSat: 0.670 beta: 1.500 sigma: 0.114 
maxBOLD estimate = 1.373


Trial 9: qplus Stimulus Selection
Stimulus: 0.588
Output value 0.983

Q+ parameters
slope: 0.483 semiSat: 0.560 beta: 0.750 sigma: 0.062 
maxBOLD estimate = 2.060


Trial 10: baseline Stimulus Selection
Stimulus: 0.010
Output value 0.000

Q+ parameters
slope: 0.113 semiSat: 0.670 beta: 1.500 sigma: 0.114 
maxBOLD estimate = 1.545


Trial 11: qplus Stimulus Selection
Stimulus: 0.588
Output value 1.106

Q+ parameters
slope: 0.089 semiSat: 0.560 beta: 0.750 sigma: 0.062 
maxBOLD estimate = 2.317


Trial 12: qplus Stimulus Selection
Stimulus: 0.629
Output value 0.711

Q+ parameters
slope: 0.055 semiSat: 0.670 beta: 1.125 sigma: 0.114 
maxBOLD estimate = 1.738


Trial 13: qplus Stimulus Selection
Stimulus: 0.588
Output value 0.667

Q+ parameters
slope: 0.070 semiSat: 0.670 beta: 0.938 sigma: 0.062 
maxBOLD estimate = 1.955


Trial 14: qplus Stimulus Selection
Stimulus: 0.505
Output value 0.312

Q+ parameters
slope: 0.070 semiSat: 0.670 beta: 0.938 sigma: 0.062 
maxBOLD estimate = 1.833


Trial 15: maxBOLD Stimulus Selection
Stimulus: 1.000
Output value 1.025

Q+ parameters
slope: 0.070 semiSat: 0.670 beta: 0.938 sigma: 0.114 
maxBOLD estimate = 1.719


Trial 16: qplus Stimulus Selection
Stimulus: 0.629
Output value 1.282

Q+ parameters
slope: 0.113 semiSat: 0.560 beta: 0.875 sigma: 0.114 
maxBOLD estimate = 1.611


Trial 17: qplus Stimulus Selection
Stimulus: 0.629
Output value 1.298

Q+ parameters
slope: 0.113 semiSat: 0.560 beta: 1.125 sigma: 0.114 
maxBOLD estimate = 1.410


Trial 18: qplus Stimulus Selection
Stimulus: 0.505
Output value -0.433

Q+ parameters
slope: 0.113 semiSat: 0.670 beta: 1.500 sigma: 0.114 
maxBOLD estimate = 1.586


Trial 19: qplus Stimulus Selection
Stimulus: 0.588
Output value 0.541

Q+ parameters
slope: 1.000 semiSat: 0.560 beta: 0.500 sigma: 0.114 
maxBOLD estimate = 2.379


Trial 20: baseline Stimulus Selection
Stimulus: 0.010
Output value -0.230

Q+ parameters
slope: 0.379 semiSat: 0.560 beta: 1.062 sigma: 0.166 
maxBOLD estimate = 1.189


Trial 21: qplus Stimulus Selection
Stimulus: 0.505
Output value -0.244

Q+ parameters
slope: 0.379 semiSat: 0.560 beta: 1.062 sigma: 0.166 
maxBOLD estimate = 1.264


Trial 22: qplus Stimulus Selection
Stimulus: 0.546
Output value 0.778

Q+ parameters
slope: 0.298 semiSat: 0.560 beta: 1.062 sigma: 0.114 
maxBOLD estimate = 1.343


Trial 23: qplus Stimulus Selection
Stimulus: 0.505
Output value 0.413

Q+ parameters
slope: 0.298 semiSat: 0.560 beta: 1.062 sigma: 0.114 
maxBOLD estimate = 1.427


Trial 24: qplus Stimulus Selection
Stimulus: 0.505
Output value 0.551

Q+ parameters
slope: 0.234 semiSat: 0.560 beta: 1.000 sigma: 0.114 
maxBOLD estimate = 1.516


Trial 25: maxBOLD Stimulus Selection
Stimulus: 1.000
Output value 1.757

Q+ parameters
slope: 0.183 semiSat: 0.560 beta: 1.062 sigma: 0.114 
maxBOLD estimate = 1.516


Trial 26: qplus Stimulus Selection
Stimulus: 0.505
Output value 0.732

Q+ parameters
slope: 0.144 semiSat: 0.560 beta: 1.000 sigma: 0.114 
maxBOLD estimate = 1.611


Trial 27: qplus Stimulus Selection
Stimulus: 0.423
Output value 0.000

Q+ parameters
slope: 0.144 semiSat: 0.560 beta: 1.000 sigma: 0.114 
maxBOLD estimate = 1.611


Trial 28: qplus Stimulus Selection
Stimulus: 0.629
Output value 1.171

Q+ parameters
slope: 0.144 semiSat: 0.560 beta: 1.000 sigma: 0.114 
maxBOLD estimate = 1.611


Trial 29: qplus Stimulus Selection
Stimulus: 0.670
Output value 1.611

Q+ parameters
slope: 0.144 semiSat: 0.560 beta: 1.000 sigma: 0.114 
maxBOLD estimate = 1.611


Trial 30: baseline Stimulus Selection
Stimulus: 0.010
Output value -0.311

Q+ parameters
slope: 0.183 semiSat: 0.560 beta: 1.062 sigma: 0.114 
maxBOLD estimate = 1.611


Trial 31: qplus Stimulus Selection
Stimulus: 0.505
Output value 1.055

Q+ parameters
slope: 0.144 semiSat: 0.560 beta: 0.969 sigma: 0.114 
maxBOLD estimate = 1.711


Trial 32: qplus Stimulus Selection
Stimulus: 0.629
Output value 1.187

Q+ parameters
slope: 0.234 semiSat: 0.560 beta: 0.875 sigma: 0.114 
maxBOLD estimate = 1.658


Trial 33: qplus Stimulus Selection
Stimulus: 0.670
Output value 1.261

Q+ parameters
slope: 0.183 semiSat: 0.560 beta: 1.062 sigma: 0.114 
maxBOLD estimate = 1.451


Trial 34: qplus Stimulus Selection
Stimulus: 0.505
Output value 1.042

Q+ parameters
slope: 0.183 semiSat: 0.560 beta: 1.062 sigma: 0.114 
maxBOLD estimate = 1.541


Trial 35: maxBOLD Stimulus Selection
Stimulus: 1.000
Output value 1.731

Q+ parameters
slope: 0.144 semiSat: 0.560 beta: 0.969 sigma: 0.114 
maxBOLD estimate = 1.638


Trial 36: qplus Stimulus Selection
Stimulus: 0.505
Output value -0.149

Q+ parameters
slope: 0.234 semiSat: 0.560 beta: 1.031 sigma: 0.114 
maxBOLD estimate = 1.586


Trial 37: qplus Stimulus Selection
Stimulus: 0.505
Output value 0.153

Q+ parameters
slope: 0.234 semiSat: 0.560 beta: 1.031 sigma: 0.114 
maxBOLD estimate = 1.636


Trial 38: qplus Stimulus Selection
Stimulus: 0.670
Output value 1.783

Q+ parameters
slope: 0.144 semiSat: 0.560 beta: 0.969 sigma: 0.114 
maxBOLD estimate = 1.687


Trial 39: qplus Stimulus Selection
Stimulus: 0.670
Output value 1.152

Q+ parameters
slope: 0.144 semiSat: 0.560 beta: 0.969 sigma: 0.114 
maxBOLD estimate = 1.634


Trial 40: baseline Stimulus Selection
Stimulus: 0.010
Output value 0.756

Q+ parameters
slope: 0.234 semiSat: 0.560 beta: 0.875 sigma: 0.114 
maxBOLD estimate = 1.583


Trial 41: qplus Stimulus Selection
Stimulus: 0.588
Output value 1.204

Q+ parameters
slope: 0.298 semiSat: 0.560 beta: 1.062 sigma: 0.166 
maxBOLD estimate = 1.385


Trial 42: qplus Stimulus Selection
Stimulus: 0.505
Output value 0.690

Q+ parameters
slope: 0.234 semiSat: 0.560 beta: 1.031 sigma: 0.114 
maxBOLD estimate = 1.472


Trial 43: qplus Stimulus Selection
Stimulus: 0.505
Output value 0.854

Q+ parameters
slope: 0.234 semiSat: 0.560 beta: 1.031 sigma: 0.114 
maxBOLD estimate = 1.518


Trial 44: qplus Stimulus Selection
Stimulus: 0.505
Output value 0.689

Q+ parameters
slope: 0.144 semiSat: 0.560 beta: 0.969 sigma: 0.114 
maxBOLD estimate = 1.565


Trial 45: maxBOLD Stimulus Selection
Stimulus: 1.000
Output value 1.758

Q+ parameters
slope: 0.183 semiSat: 0.560 beta: 1.062 sigma: 0.114 
maxBOLD estimate = 1.517


Trial 46: qplus Stimulus Selection
Stimulus: 0.505
Output value 0.851

Q+ parameters
slope: 0.144 semiSat: 0.560 beta: 0.969 sigma: 0.114 
maxBOLD estimate = 1.611


Trial 47: qplus Stimulus Selection
Stimulus: 0.588
Output value 1.277

Q+ parameters
slope: 0.144 semiSat: 0.560 beta: 1.000 sigma: 0.114 
maxBOLD estimate = 1.561


Trial 48: qplus Stimulus Selection
Stimulus: 0.670
Output value 0.993

Q+ parameters
slope: 0.144 semiSat: 0.560 beta: 1.000 sigma: 0.114 
maxBOLD estimate = 1.561


Trial 49: qplus Stimulus Selection
Stimulus: 0.629
Output value 1.419

Q+ parameters
slope: 0.144 semiSat: 0.560 beta: 1.000 sigma: 0.114 
maxBOLD estimate = 1.561


Trial 50: baseline Stimulus Selection
Stimulus: 0.010
Output value 0.284

Q+ parameters
slope: 0.144 semiSat: 0.560 beta: 1.000 sigma: 0.114 
maxBOLD estimate = 1.561


Trial 51: qplus Stimulus Selection
Stimulus: 0.588
Output value 1.135

Q+ parameters
slope: 0.144 semiSat: 0.560 beta: 1.000 sigma: 0.114 
maxBOLD estimate = 1.561


Trial 52: qplus Stimulus Selection
Stimulus: 0.670
Output value 1.100

Q+ parameters
slope: 0.144 semiSat: 0.560 beta: 0.969 sigma: 0.114 
maxBOLD estimate = 1.561


Trial 53: qplus Stimulus Selection
Stimulus: 0.588
Output value 0.687

Q+ parameters
slope: 0.144 semiSat: 0.560 beta: 1.000 sigma: 0.114 
maxBOLD estimate = 1.512


Trial 54: qplus Stimulus Selection
Stimulus: 0.505
Output value 0.687

Q+ parameters
slope: 0.144 semiSat: 0.560 beta: 1.000 sigma: 0.114 
maxBOLD estimate = 1.512


Trial 55: maxBOLD Stimulus Selection
Stimulus: 1.000
Output value 1.753

Q+ parameters
slope: 0.183 semiSat: 0.560 beta: 1.062 sigma: 0.114 
maxBOLD estimate = 1.512


Trial 56: qplus Stimulus Selection
Stimulus: 0.629
Output value 1.556

Q+ parameters
slope: 0.144 semiSat: 0.560 beta: 0.969 sigma: 0.114 
maxBOLD estimate = 1.607


Trial 57: qplus Stimulus Selection
Stimulus: 0.588
Output value 1.132

Q+ parameters
slope: 0.144 semiSat: 0.560 beta: 1.000 sigma: 0.114 
maxBOLD estimate = 1.556


Trial 58: qplus Stimulus Selection
Stimulus: 0.381
Output value 0.424

Q+ parameters
slope: 0.144 semiSat: 0.560 beta: 1.000 sigma: 0.114 
maxBOLD estimate = 1.556


Trial 59: qplus Stimulus Selection
Stimulus: 0.588
Output value 0.990

Q+ parameters
slope: 0.144 semiSat: 0.560 beta: 1.000 sigma: 0.114 
maxBOLD estimate = 1.556


Trial 60: baseline Stimulus Selection
Stimulus: 0.010
Output value -0.141

Q+ parameters
slope: 0.144 semiSat: 0.560 beta: 1.000 sigma: 0.114 
maxBOLD estimate = 1.556


Trial 61: qplus Stimulus Selection
Stimulus: 0.381
Output value 0.283

Q+ parameters
slope: 0.144 semiSat: 0.560 beta: 1.000 sigma: 0.114 
maxBOLD estimate = 1.556


Trial 62: qplus Stimulus Selection
Stimulus: 0.588
Output value 1.273

Q+ parameters
slope: 0.144 semiSat: 0.560 beta: 1.000 sigma: 0.114 
maxBOLD estimate = 1.556


Trial 63: qplus Stimulus Selection
Stimulus: 0.505
Output value 0.424

Q+ parameters
slope: 0.144 semiSat: 0.560 beta: 1.000 sigma: 0.114 
maxBOLD estimate = 1.556


Trial 64: qplus Stimulus Selection
Stimulus: 0.629
Output value 0.707

Q+ parameters
slope: 0.144 semiSat: 0.560 beta: 1.000 sigma: 0.114 
maxBOLD estimate = 1.556


Trial 65: maxBOLD Stimulus Selection
Stimulus: 1.000
Output value 1.415

Q+ parameters
slope: 0.144 semiSat: 0.560 beta: 1.000 sigma: 0.114 
maxBOLD estimate = 1.556


Trial 66: qplus Stimulus Selection
Stimulus: 0.588
Output value 0.867

Q+ parameters
slope: 0.234 semiSat: 0.560 beta: 0.875 sigma: 0.114 
maxBOLD estimate = 1.556


Trial 67: qplus Stimulus Selection
Stimulus: 0.711
Output value 0.658

Q+ parameters
slope: 0.234 semiSat: 0.560 beta: 1.062 sigma: 0.166 
maxBOLD estimate = 1.362


Trial 68: qplus Stimulus Selection
Stimulus: 0.505
Output value -0.127

Q+ parameters
slope: 0.234 semiSat: 0.560 beta: 0.969 sigma: 0.114 
maxBOLD estimate = 1.447


Trial 69: qplus Stimulus Selection
Stimulus: 0.546
Output value 1.219

Q+ parameters
slope: 0.234 semiSat: 0.560 beta: 1.062 sigma: 0.166 
maxBOLD estimate = 1.402


Trial 70: baseline Stimulus Selection
Stimulus: 0.010
Output value -0.135

Q+ parameters
slope: 0.144 semiSat: 0.560 beta: 1.000 sigma: 0.114 
maxBOLD estimate = 1.489


Trial 71: qplus Stimulus Selection
Stimulus: 0.629
Output value 1.083

Q+ parameters
slope: 0.144 semiSat: 0.560 beta: 1.000 sigma: 0.114 
maxBOLD estimate = 1.489


Trial 72: qplus Stimulus Selection
Stimulus: 0.505
Output value 0.135

Q+ parameters
slope: 0.144 semiSat: 0.560 beta: 1.000 sigma: 0.114 
maxBOLD estimate = 1.489


Trial 73: qplus Stimulus Selection
Stimulus: 0.546
Output value 0.394

Q+ parameters
slope: 0.234 semiSat: 0.560 beta: 0.969 sigma: 0.114 
maxBOLD estimate = 1.489


Trial 74: qplus Stimulus Selection
Stimulus: 0.546
Output value 0.635

Q+ parameters
slope: 0.234 semiSat: 0.560 beta: 0.969 sigma: 0.114 
maxBOLD estimate = 1.443


Trial 75: maxBOLD Stimulus Selection
Stimulus: 1.000
Output value 1.620

Q+ parameters
slope: 0.234 semiSat: 0.560 beta: 1.062 sigma: 0.166 
maxBOLD estimate = 1.398


Trial 76: qplus Stimulus Selection
Stimulus: 0.505
Output value 0.540

Q+ parameters
slope: 0.144 semiSat: 0.560 beta: 1.000 sigma: 0.114 
maxBOLD estimate = 1.485


Trial 77: qplus Stimulus Selection
Stimulus: 0.505
Output value 0.135

Q+ parameters
slope: 0.144 semiSat: 0.560 beta: 1.000 sigma: 0.114 
maxBOLD estimate = 1.485


Trial 78: qplus Stimulus Selection
Stimulus: 0.505
Output value 0.270

Q+ parameters
slope: 0.144 semiSat: 0.560 beta: 1.000 sigma: 0.114 
maxBOLD estimate = 1.485


Trial 79: qplus Stimulus Selection
Stimulus: 0.629
Output value 1.215

Q+ parameters
slope: 0.144 semiSat: 0.560 beta: 1.000 sigma: 0.114 
maxBOLD estimate = 1.485


Trial 80: baseline Stimulus Selection
Stimulus: 0.010
Output value -0.270

Q+ parameters
slope: 0.183 semiSat: 0.560 beta: 1.000 sigma: 0.114 
maxBOLD estimate = 1.485


Trial 81: qplus Stimulus Selection
Stimulus: 0.505
Output value 0.540

Q+ parameters
slope: 0.183 semiSat: 0.560 beta: 1.000 sigma: 0.114 
maxBOLD estimate = 1.485


Trial 82: qplus Stimulus Selection
Stimulus: 0.505
Output value 0.131

Q+ parameters
slope: 0.234 semiSat: 0.560 beta: 0.969 sigma: 0.114 
maxBOLD estimate = 1.485


Trial 83: qplus Stimulus Selection
Stimulus: 0.546
Output value 0.654

Q+ parameters
slope: 0.183 semiSat: 0.560 beta: 1.000 sigma: 0.114 
maxBOLD estimate = 1.439


Trial 84: qplus Stimulus Selection
Stimulus: 0.505
Output value 0.127

Q+ parameters
slope: 0.234 semiSat: 0.560 beta: 0.969 sigma: 0.114 
maxBOLD estimate = 1.439


Trial 85: maxBOLD Stimulus Selection
Stimulus: 1.000
Output value 1.616

Q+ parameters
slope: 0.234 semiSat: 0.560 beta: 1.062 sigma: 0.166 
maxBOLD estimate = 1.394


Trial 86: qplus Stimulus Selection
Stimulus: 0.588
Output value 0.391

Q+ parameters
slope: 0.234 semiSat: 0.560 beta: 0.969 sigma: 0.114 
maxBOLD estimate = 1.481


Trial 87: qplus Stimulus Selection
Stimulus: 0.546
Output value 0.652

Q+ parameters
slope: 0.183 semiSat: 0.560 beta: 1.000 sigma: 0.114 
maxBOLD estimate = 1.435


Trial 88: qplus Stimulus Selection
Stimulus: 0.505
Output value 0.379

Q+ parameters
slope: 0.234 semiSat: 0.560 beta: 0.969 sigma: 0.114 
maxBOLD estimate = 1.435


Trial 89: qplus Stimulus Selection
Stimulus: 0.546
Output value 0.940

Q+ parameters
slope: 0.234 semiSat: 0.560 beta: 1.062 sigma: 0.166 
maxBOLD estimate = 1.390


Trial 90: baseline Stimulus Selection
Stimulus: 0.010
Output value 0.260

Q+ parameters
slope: 0.234 semiSat: 0.560 beta: 0.969 sigma: 0.114 
maxBOLD estimate = 1.477


Trial 91: qplus Stimulus Selection
Stimulus: 0.711
Output value 1.512

Q+ parameters
slope: 0.234 semiSat: 0.560 beta: 0.969 sigma: 0.114 
maxBOLD estimate = 1.430


Trial 92: qplus Stimulus Selection
Stimulus: 0.505
Output value -0.268

Q+ parameters
slope: 0.298 semiSat: 0.560 beta: 1.062 sigma: 0.166 
maxBOLD estimate = 1.386


Trial 93: qplus Stimulus Selection
Stimulus: 0.588
Output value 1.167

Q+ parameters
slope: 0.234 semiSat: 0.560 beta: 0.969 sigma: 0.114 
maxBOLD estimate = 1.472


Trial 94: qplus Stimulus Selection
Stimulus: 0.546
Output value 0.126

Q+ parameters
slope: 0.234 semiSat: 0.560 beta: 0.969 sigma: 0.114 
maxBOLD estimate = 1.426


Trial 95: maxBOLD Stimulus Selection
Stimulus: 1.000
Output value 1.468

Q+ parameters
slope: 0.234 semiSat: 0.560 beta: 1.062 sigma: 0.166 
maxBOLD estimate = 1.382


Trial 96: qplus Stimulus Selection
Stimulus: 0.505
Output value 0.646

Q+ parameters
slope: 0.234 semiSat: 0.560 beta: 0.969 sigma: 0.114 
maxBOLD estimate = 1.468


Trial 97: qplus Stimulus Selection
Stimulus: 0.546
Output value 0.752

Q+ parameters
slope: 0.234 semiSat: 0.560 beta: 0.969 sigma: 0.114 
maxBOLD estimate = 1.422


Trial 98: qplus Stimulus Selection
Stimulus: 0.546
Output value 0.532

Q+ parameters
slope: 0.234 semiSat: 0.560 beta: 1.062 sigma: 0.166 
maxBOLD estimate = 1.378


Trial 99: qplus Stimulus Selection
Stimulus: 0.505
Output value -0.258

Q+ parameters
slope: 0.234 semiSat: 0.560 beta: 0.969 sigma: 0.114 
maxBOLD estimate = 1.464


Trial 100: baseline Stimulus Selection
Stimulus: 0.010
Output value 0.250

Q+ parameters
slope: 0.234 semiSat: 0.560 beta: 0.969 sigma: 0.114 
maxBOLD estimate = 1.418

--------------------------------------------------------------
FINAL VALUES
--------------------------------------------------------------
Simulated parameters:              slope: 0.200 semiSat: 0.570 beta: 1.000 sigma: 0.100 
Max posterior QUEST+ parameters:   slope: 0.234 semiSat: 0.560 beta: 0.969 sigma: 0.114 
Max BADS parameters:               slope: 0.251 semiSat: 0.563 beta: 1.000 sigma: 0.132 
maxBOLD estimate: 1.403
