/blue/stevenweisberg/stevenweisberg/MATLAB/projects/Weisberg_Aguirre_2020/scripts/run_sims
c5a-s1.ufhpc
Thu Nov 12 12:36:58 EST 2020
cp: cannot stat ‘/blue/stevenweisberg/stevenweisberg/qpfMRIResults/deploy_sim.sh’: No such file or directory
cp: cannot stat ‘/blue/stevenweisberg/stevenweisberg/qpfMRIResults/sim_wrapper.sh’: No such file or directory
------------------------------------------
Setting up environment variables
---
LD_LIBRARY_PATH is .:/apps/matlab/mcr/2020b/v99/runtime/glnxa64:/apps/matlab/mcr/2020b/v99/bin/glnxa64:/apps/matlab/mcr/2020b/v99/sys/os/glnxa64:/apps/matlab/mcr/2020b/v99/sys/opengl/lib/glnxa64
Warning: Executing startup failed in matlabrc.
This indicates a potentially serious problem in your MATLAB setup, which should be resolved as soon as possible.  Error detected was:
MATLAB:mpath:PathAlterationNotSupported
Modifying the search path is not supported by MATLAB Compiler. Remove functions that modify the search path from your MATLAB code. To make files visible to your deployed application, add the parent folder to your MATLAB session.
Warning: No stimulus domain specified. Defaulting to values between 0.01 and 1.
> In qpfmriParams (line 182)
In compiledSimulate (line 205)
Stimulus domain added from input.
Parameter slope specified as 0.41000
Parameter semiSat specified as 0.57000
Parameter beta specified as 1.00000
Parameter sigma specified as 0.15000
seed = 99seed = 104seed = 111seed = 111seed = 115seed = 101Initializing Q+. This may take a minute...
Elapsed time is 19.023738 seconds.
Simulated parameters:
slope: 0.410 semiSat: 0.570 beta: 1.000 sigma: 0.150 

Trial 1: baseline Stimulus Selection
Stimulus: 0.010
Output value 0.000

Q+ parameters
slope: 0.026 semiSat: 0.890 beta: 0.500 sigma: 0.010 
maxBOLD estimate = 1.000


Trial 2: maxBOLD Stimulus Selection
Stimulus: 1.000
Output value 1.364

Q+ parameters
slope: 0.055 semiSat: 0.670 beta: 1.250 sigma: 0.010 
maxBOLD estimate = 1.000


Trial 3: baseline Stimulus Selection
Stimulus: 0.010
Output value -0.284

Q+ parameters
slope: 0.055 semiSat: 0.670 beta: 1.250 sigma: 0.166 
maxBOLD estimate = 1.250


Trial 4: maxBOLD Stimulus Selection
Stimulus: 1.000
Output value 2.131

Q+ parameters
slope: 0.055 semiSat: 0.670 beta: 1.250 sigma: 0.114 
maxBOLD estimate = 1.562


Trial 5: baseline Stimulus Selection
Stimulus: 0.010
Output value 0.000

Q+ parameters
slope: 0.055 semiSat: 0.670 beta: 1.125 sigma: 0.062 
maxBOLD estimate = 1.953


Trial 6: maxBOLD Stimulus Selection
Stimulus: 1.000
Output value 1.798

Q+ parameters
slope: 0.043 semiSat: 0.780 beta: 1.125 sigma: 0.062 
maxBOLD estimate = 2.197


Trial 7: qplus Stimulus Selection
Stimulus: 0.505
Output value 0.000

Q+ parameters
slope: 0.089 semiSat: 0.890 beta: 0.969 sigma: 0.062 
maxBOLD estimate = 2.472


Trial 8: qplus Stimulus Selection
Stimulus: 0.835
Output value 1.143

Q+ parameters
slope: 0.298 semiSat: 0.780 beta: 0.750 sigma: 0.062 
maxBOLD estimate = 2.395


Trial 9: qplus Stimulus Selection
Stimulus: 0.711
Output value 0.158

Q+ parameters
slope: 0.298 semiSat: 0.780 beta: 0.969 sigma: 0.114 
maxBOLD estimate = 1.796


Trial 10: baseline Stimulus Selection
Stimulus: 0.010
Output value 0.316

Q+ parameters
slope: 0.144 semiSat: 0.780 beta: 1.000 sigma: 0.114 
maxBOLD estimate = 1.740


Trial 11: qplus Stimulus Selection
Stimulus: 0.711
Output value 0.316

Q+ parameters
slope: 0.144 semiSat: 0.780 beta: 1.000 sigma: 0.114 
maxBOLD estimate = 1.740


Trial 12: qplus Stimulus Selection
Stimulus: 0.835
Output value 2.610

Q+ parameters
slope: 0.089 semiSat: 0.780 beta: 1.500 sigma: 0.114 
maxBOLD estimate = 1.740


Trial 13: qplus Stimulus Selection
Stimulus: 0.629
Output value 0.415

Q+ parameters
slope: 0.070 semiSat: 0.780 beta: 0.875 sigma: 0.062 
maxBOLD estimate = 2.610


Trial 14: qplus Stimulus Selection
Stimulus: 0.753
Output value 1.453

Q+ parameters
slope: 0.113 semiSat: 0.670 beta: 0.875 sigma: 0.114 
maxBOLD estimate = 2.284


Trial 15: maxBOLD Stimulus Selection
Stimulus: 1.000
Output value 0.954

Q+ parameters
slope: 0.113 semiSat: 0.670 beta: 0.875 sigma: 0.114 
maxBOLD estimate = 1.998


Trial 16: qplus Stimulus Selection
Stimulus: 0.588
Output value 0.656

Q+ parameters
slope: 0.089 semiSat: 0.670 beta: 1.031 sigma: 0.114 
maxBOLD estimate = 1.748


Trial 17: qplus Stimulus Selection
Stimulus: 0.588
Output value 0.676

Q+ parameters
slope: 0.089 semiSat: 0.670 beta: 1.031 sigma: 0.114 
maxBOLD estimate = 1.803


Trial 18: qplus Stimulus Selection
Stimulus: 0.588
Output value -0.158

Q+ parameters
slope: 0.144 semiSat: 0.670 beta: 0.938 sigma: 0.114 
maxBOLD estimate = 1.859


Trial 19: qplus Stimulus Selection
Stimulus: 0.711
Output value 1.268

Q+ parameters
slope: 0.183 semiSat: 0.670 beta: 1.000 sigma: 0.114 
maxBOLD estimate = 1.743


Trial 20: baseline Stimulus Selection
Stimulus: 0.010
Output value -0.357

Q+ parameters
slope: 0.113 semiSat: 0.670 beta: 1.125 sigma: 0.114 
maxBOLD estimate = 1.743


Trial 21: qplus Stimulus Selection
Stimulus: 0.588
Output value 1.838

Q+ parameters
slope: 0.089 semiSat: 0.670 beta: 1.031 sigma: 0.166 
maxBOLD estimate = 1.961


Trial 22: qplus Stimulus Selection
Stimulus: 0.629
Output value 0.758

Q+ parameters
slope: 0.089 semiSat: 0.670 beta: 1.031 sigma: 0.114 
maxBOLD estimate = 2.022


Trial 23: qplus Stimulus Selection
Stimulus: 0.546
Output value 0.000

Q+ parameters
slope: 0.089 semiSat: 0.670 beta: 1.000 sigma: 0.114 
maxBOLD estimate = 2.086


Trial 24: qplus Stimulus Selection
Stimulus: 0.794
Output value 1.102

Q+ parameters
slope: 0.070 semiSat: 0.670 beta: 0.969 sigma: 0.114 
maxBOLD estimate = 2.086


Trial 25: maxBOLD Stimulus Selection
Stimulus: 1.000
Output value 1.245

Q+ parameters
slope: 0.113 semiSat: 0.670 beta: 0.969 sigma: 0.114 
maxBOLD estimate = 2.020


Trial 26: qplus Stimulus Selection
Stimulus: 0.588
Output value 1.651

Q+ parameters
slope: 0.089 semiSat: 0.670 beta: 1.031 sigma: 0.166 
maxBOLD estimate = 1.957


Trial 27: qplus Stimulus Selection
Stimulus: 0.588
Output value 0.568

Q+ parameters
slope: 0.089 semiSat: 0.670 beta: 1.031 sigma: 0.166 
maxBOLD estimate = 2.018


Trial 28: qplus Stimulus Selection
Stimulus: 0.588
Output value 1.325

Q+ parameters
slope: 0.089 semiSat: 0.670 beta: 1.000 sigma: 0.114 
maxBOLD estimate = 2.081


Trial 29: qplus Stimulus Selection
Stimulus: 0.629
Output value -0.355

Q+ parameters
slope: 0.070 semiSat: 0.670 beta: 0.938 sigma: 0.166 
maxBOLD estimate = 2.081


Trial 30: baseline Stimulus Selection
Stimulus: 0.010
Output value 0.710

Q+ parameters
slope: 0.089 semiSat: 0.670 beta: 1.000 sigma: 0.166 
maxBOLD estimate = 1.951

--------------------------------------------------------------
FINAL VALUES
--------------------------------------------------------------
Simulated parameters:              slope: 0.410 semiSat: 0.570 beta: 1.000 sigma: 0.150 
Max posterior QUEST+ parameters:   slope: 0.089 semiSat: 0.670 beta: 1.031 sigma: 0.166 
Max BADS parameters:               slope: 0.103 semiSat: 0.626 beta: 1.000 sigma: 0.168 
maxBOLD estimate: 1.808
