/blue/stevenweisberg/stevenweisberg/MATLAB/projects/Weisberg_Aguirre_2020/scripts/run_sims
c29a-s7.ufhpc
Thu Nov 12 14:32:25 EST 2020
cp: cannot stat ‘/blue/stevenweisberg/stevenweisberg/qpfMRIResults/deploy_sim.sh’: No such file or directory
cp: cannot stat ‘/blue/stevenweisberg/stevenweisberg/qpfMRIResults/sim_wrapper.sh’: No such file or directory
------------------------------------------
Setting up environment variables
---
LD_LIBRARY_PATH is .:/apps/matlab/mcr/2020b/v99/runtime/glnxa64:/apps/matlab/mcr/2020b/v99/bin/glnxa64:/apps/matlab/mcr/2020b/v99/sys/os/glnxa64:/apps/matlab/mcr/2020b/v99/sys/opengl/lib/glnxa64
Warning: Executing startup failed in matlabrc.
This indicates a potentially serious problem in your MATLAB setup, which should be resolved as soon as possible.  Error detected was:
MATLAB:mpath:PathAlterationNotSupported
Modifying the search path is not supported by MATLAB Compiler. Remove functions that modify the search path from your MATLAB code. To make files visible to your deployed application, add the parent folder to your MATLAB session.
Warning: No stimulus domain specified. Defaulting to values between 0.01 and 1.
> In qpfmriParams (line 182)
In compiledSimulate (line 205)
Stimulus domain added from input.
Parameter slope specified as 0.41000
Parameter semiSat specified as 0.57000
Parameter beta specified as 1.00000
Parameter sigma specified as 0.15000
seed = 99seed = 104seed = 111seed = 111seed = 115seed = 101Initializing Q+. This may take a minute...
Elapsed time is 9.228275 seconds.
Simulated parameters:
slope: 0.410 semiSat: 0.570 beta: 1.000 sigma: 0.150 

Trial 1: baseline Stimulus Selection
Stimulus: 0.010
Output value 0.000

Q+ parameters
slope: 0.026 semiSat: 0.890 beta: 0.500 sigma: 0.010 
maxBOLD estimate = 1.000


Trial 2: maxBOLD Stimulus Selection
Stimulus: 1.000
Output value 1.136

Q+ parameters
slope: 0.043 semiSat: 0.780 beta: 1.250 sigma: 0.010 
maxBOLD estimate = 1.000


Trial 3: baseline Stimulus Selection
Stimulus: 0.010
Output value 0.000

Q+ parameters
slope: 0.043 semiSat: 0.780 beta: 0.969 sigma: 0.010 
maxBOLD estimate = 1.250


Trial 4: maxBOLD Stimulus Selection
Stimulus: 1.000
Output value 0.495

Q+ parameters
slope: 0.055 semiSat: 0.670 beta: 1.125 sigma: 1.000 
maxBOLD estimate = 1.211


Trial 5: baseline Stimulus Selection
Stimulus: 0.010
Output value 1.672

Q+ parameters
slope: 0.026 semiSat: 0.670 beta: 1.500 sigma: 1.000 
maxBOLD estimate = 1.362


Trial 6: maxBOLD Stimulus Selection
Stimulus: 1.000
Output value 1.138

Q+ parameters
slope: 0.026 semiSat: 0.670 beta: 0.875 sigma: 0.114 
maxBOLD estimate = 2.043


Trial 7: qplus Stimulus Selection
Stimulus: 0.588
Output value 1.138

Q+ parameters
slope: 0.055 semiSat: 0.340 beta: 0.875 sigma: 0.114 
maxBOLD estimate = 1.788


Trial 8: qplus Stimulus Selection
Stimulus: 0.381
Output value -0.276

Q+ parameters
slope: 0.183 semiSat: 0.560 beta: 0.969 sigma: 0.114 
maxBOLD estimate = 1.565


Trial 9: qplus Stimulus Selection
Stimulus: 0.629
Output value 1.860

Q+ parameters
slope: 0.379 semiSat: 0.560 beta: 1.125 sigma: 0.166 
maxBOLD estimate = 1.516


Trial 10: baseline Stimulus Selection
Stimulus: 0.010
Output value -0.320

Q+ parameters
slope: 0.379 semiSat: 0.560 beta: 1.031 sigma: 0.166 
maxBOLD estimate = 1.705


Trial 11: qplus Stimulus Selection
Stimulus: 0.505
Output value 0.450

Q+ parameters
slope: 0.183 semiSat: 0.560 beta: 0.938 sigma: 0.114 
maxBOLD estimate = 1.758


Trial 12: qplus Stimulus Selection
Stimulus: 0.629
Output value 0.843

Q+ parameters
slope: 0.183 semiSat: 0.560 beta: 0.938 sigma: 0.114 
maxBOLD estimate = 1.648


Trial 13: qplus Stimulus Selection
Stimulus: 0.505
Output value -0.272

Q+ parameters
slope: 0.234 semiSat: 0.560 beta: 0.969 sigma: 0.166 
maxBOLD estimate = 1.545


Trial 14: qplus Stimulus Selection
Stimulus: 0.588
Output value 1.837

Q+ parameters
slope: 0.183 semiSat: 0.560 beta: 1.125 sigma: 0.166 
maxBOLD estimate = 1.497


Trial 15: maxBOLD Stimulus Selection
Stimulus: 1.000
Output value 1.292

Q+ parameters
slope: 0.183 semiSat: 0.560 beta: 0.938 sigma: 0.114 
maxBOLD estimate = 1.684


Trial 16: qplus Stimulus Selection
Stimulus: 0.505
Output value 0.417

Q+ parameters
slope: 0.183 semiSat: 0.560 beta: 0.969 sigma: 0.114 
maxBOLD estimate = 1.579


Trial 17: qplus Stimulus Selection
Stimulus: 0.505
Output value -0.156

Q+ parameters
slope: 0.183 semiSat: 0.560 beta: 1.125 sigma: 0.166 
maxBOLD estimate = 1.530


Trial 18: qplus Stimulus Selection
Stimulus: 0.588
Output value 0.758

Q+ parameters
slope: 0.183 semiSat: 0.560 beta: 0.969 sigma: 0.166 
maxBOLD estimate = 1.721


Trial 19: qplus Stimulus Selection
Stimulus: 0.588
Output value 1.175

Q+ parameters
slope: 0.183 semiSat: 0.560 beta: 0.969 sigma: 0.166 
maxBOLD estimate = 1.667


Trial 20: baseline Stimulus Selection
Stimulus: 0.010
Output value 0.142

Q+ parameters
slope: 0.183 semiSat: 0.560 beta: 0.969 sigma: 0.166 
maxBOLD estimate = 1.615


Trial 21: qplus Stimulus Selection
Stimulus: 0.588
Output value 1.600

Q+ parameters
slope: 0.183 semiSat: 0.560 beta: 1.125 sigma: 0.166 
maxBOLD estimate = 1.565


Trial 22: qplus Stimulus Selection
Stimulus: 0.588
Output value 0.450

Q+ parameters
slope: 0.183 semiSat: 0.560 beta: 0.938 sigma: 0.166 
maxBOLD estimate = 1.760


Trial 23: qplus Stimulus Selection
Stimulus: 0.629
Output value 1.350

Q+ parameters
slope: 0.183 semiSat: 0.560 beta: 1.125 sigma: 0.166 
maxBOLD estimate = 1.650


Trial 24: qplus Stimulus Selection
Stimulus: 0.546
Output value 0.654

Q+ parameters
slope: 0.183 semiSat: 0.560 beta: 0.969 sigma: 0.166 
maxBOLD estimate = 1.856


Trial 25: maxBOLD Stimulus Selection
Stimulus: 1.000
Output value 1.742

Q+ parameters
slope: 0.183 semiSat: 0.560 beta: 0.969 sigma: 0.166 
maxBOLD estimate = 1.798


Trial 26: qplus Stimulus Selection
Stimulus: 0.588
Output value 0.767

Q+ parameters
slope: 0.183 semiSat: 0.560 beta: 0.969 sigma: 0.114 
maxBOLD estimate = 1.742


Trial 27: qplus Stimulus Selection
Stimulus: 0.505
Output value 0.163

Q+ parameters
slope: 0.183 semiSat: 0.560 beta: 1.062 sigma: 0.166 
maxBOLD estimate = 1.688


Trial 28: qplus Stimulus Selection
Stimulus: 0.505
Output value 1.105

Q+ parameters
slope: 0.183 semiSat: 0.560 beta: 0.969 sigma: 0.166 
maxBOLD estimate = 1.793


Trial 29: qplus Stimulus Selection
Stimulus: 0.629
Output value 1.895

Q+ parameters
slope: 0.234 semiSat: 0.560 beta: 1.000 sigma: 0.166 
maxBOLD estimate = 1.737


Trial 30: baseline Stimulus Selection
Stimulus: 0.010
Output value 0.711

Q+ parameters
slope: 0.379 semiSat: 0.560 beta: 0.750 sigma: 0.166 
maxBOLD estimate = 1.737

--------------------------------------------------------------
FINAL VALUES
--------------------------------------------------------------
Simulated parameters:              slope: 0.410 semiSat: 0.570 beta: 1.000 sigma: 0.150 
Max posterior QUEST+ parameters:   slope: 0.043 semiSat: 0.670 beta: 1.500 sigma: 0.271 
Max BADS parameters:               slope: 0.049 semiSat: 0.509 beta: 1.000 sigma: 0.294 
maxBOLD estimate: 1.275
