/blue/stevenweisberg/stevenweisberg/MATLAB/projects/Weisberg_Aguirre_2020/scripts/run_sims
c0700a-s1.ufhpc
Wed Apr  7 03:55:57 EDT 2021
mkdir: cannot create directory ‘/blue/stevenweisberg/stevenweisberg/qpfMRIResults/model_parameter_set2/’: File exists
cp: cannot stat ‘/blue/stevenweisberg/stevenweisberg/qpfMRIResults/deploy_sim.sh’: No such file or directory
cp: cannot stat ‘/blue/stevenweisberg/stevenweisberg/qpfMRIResults/sim_wrapper.sh’: No such file or directory
------------------------------------------
Setting up environment variables
---
LD_LIBRARY_PATH is .:/apps/matlab/mcr/2020b/v99/runtime/glnxa64:/apps/matlab/mcr/2020b/v99/bin/glnxa64:/apps/matlab/mcr/2020b/v99/sys/os/glnxa64:/apps/matlab/mcr/2020b/v99/sys/opengl/lib/glnxa64
Warning: Executing startup failed in matlabrc.
This indicates a potentially serious problem in your MATLAB setup, which should be resolved as soon as possible.  Error detected was:
MATLAB:mpath:PathAlterationNotSupported
Modifying the search path is not supported by MATLAB Compiler. Remove functions that modify the search path from your MATLAB code. To make files visible to your deployed application, add the parent folder to your MATLAB session.
Warning: No stimulus domain specified. Defaulting to values between 0.01 and 1.
> In qpfmriParams (line 182)
In compiledSimulate (line 205)
Stimulus domain added from input.
Parameter slope specified as 0.20000
Parameter semiSat specified as 0.57000
Parameter beta specified as 1.00000
Parameter sigma specified as 0.15000
seed = 99seed = 104seed = 111seed = 111seed = 115seed = 101Initializing Q+. This may take a minute...
Elapsed time is 8.621623 seconds.
Simulated parameters:
slope: 0.200 semiSat: 0.570 beta: 1.000 sigma: 0.150 

Trial 1: baseline Stimulus Selection
Stimulus: 0.010
Output value 0.000

Q+ parameters
slope: 0.026 semiSat: 0.890 beta: 0.500 sigma: 0.010 
maxBOLD estimate = 1.000


Trial 2: maxBOLD Stimulus Selection
Stimulus: 1.000
Output value 1.364

Q+ parameters
slope: 0.055 semiSat: 0.670 beta: 1.250 sigma: 0.010 
maxBOLD estimate = 1.000


Trial 3: baseline Stimulus Selection
Stimulus: 0.010
Output value -0.284

Q+ parameters
slope: 0.055 semiSat: 0.670 beta: 1.250 sigma: 0.218 
maxBOLD estimate = 1.250


Trial 4: maxBOLD Stimulus Selection
Stimulus: 1.000
Output value 2.131

Q+ parameters
slope: 0.055 semiSat: 0.670 beta: 1.250 sigma: 0.166 
maxBOLD estimate = 1.562


Trial 5: baseline Stimulus Selection
Stimulus: 0.010
Output value 0.688

Q+ parameters
slope: 0.043 semiSat: 0.780 beta: 0.969 sigma: 0.166 
maxBOLD estimate = 1.953


Trial 6: maxBOLD Stimulus Selection
Stimulus: 1.000
Output value 2.150

Q+ parameters
slope: 0.043 semiSat: 0.780 beta: 1.250 sigma: 0.166 
maxBOLD estimate = 1.892


Trial 7: qplus Stimulus Selection
Stimulus: 0.505
Output value -0.538

Q+ parameters
slope: 0.070 semiSat: 1.000 beta: 1.250 sigma: 0.114 
maxBOLD estimate = 2.365


Trial 8: qplus Stimulus Selection
Stimulus: 0.835
Output value 1.075

Q+ parameters
slope: 0.144 semiSat: 0.670 beta: 0.500 sigma: 0.114 
maxBOLD estimate = 2.956


Trial 9: qplus Stimulus Selection
Stimulus: 0.711
Output value 0.999

Q+ parameters
slope: 0.234 semiSat: 0.670 beta: 1.062 sigma: 0.218 
maxBOLD estimate = 1.478


Trial 10: baseline Stimulus Selection
Stimulus: 0.010
Output value 0.375

Q+ parameters
slope: 0.183 semiSat: 0.670 beta: 0.875 sigma: 0.166 
maxBOLD estimate = 1.571


Trial 11: qplus Stimulus Selection
Stimulus: 0.629
Output value 0.605

Q+ parameters
slope: 0.234 semiSat: 0.670 beta: 0.969 sigma: 0.218 
maxBOLD estimate = 1.374


Trial 12: qplus Stimulus Selection
Stimulus: 0.629
Output value 1.543

Q+ parameters
slope: 0.379 semiSat: 0.560 beta: 1.062 sigma: 0.375 
maxBOLD estimate = 1.331


Trial 13: qplus Stimulus Selection
Stimulus: 0.629
Output value 1.640

Q+ parameters
slope: 0.616 semiSat: 0.560 beta: 1.062 sigma: 0.375 
maxBOLD estimate = 1.415


Trial 14: qplus Stimulus Selection
Stimulus: 0.588
Output value 2.049

Q+ parameters
slope: 0.616 semiSat: 0.560 beta: 1.250 sigma: 0.323 
maxBOLD estimate = 1.503


Trial 15: maxBOLD Stimulus Selection
Stimulus: 1.000
Output value 1.153

Q+ parameters
slope: 0.616 semiSat: 0.560 beta: 0.750 sigma: 0.166 
maxBOLD estimate = 1.879


Trial 16: qplus Stimulus Selection
Stimulus: 0.629
Output value 0.408

Q+ parameters
slope: 0.298 semiSat: 0.560 beta: 1.062 sigma: 0.479 
maxBOLD estimate = 1.409


Trial 17: qplus Stimulus Selection
Stimulus: 0.711
Output value 1.021

Q+ parameters
slope: 0.616 semiSat: 0.560 beta: 1.250 sigma: 0.375 
maxBOLD estimate = 1.497


Trial 18: qplus Stimulus Selection
Stimulus: 0.588
Output value 0.638

Q+ parameters
slope: 0.616 semiSat: 0.560 beta: 0.750 sigma: 0.166 
maxBOLD estimate = 1.871


Trial 19: qplus Stimulus Selection
Stimulus: 0.629
Output value 1.722

Q+ parameters
slope: 0.379 semiSat: 0.560 beta: 1.125 sigma: 0.427 
maxBOLD estimate = 1.403


Trial 20: baseline Stimulus Selection
Stimulus: 0.010
Output value 0.000

Q+ parameters
slope: 0.379 semiSat: 0.560 beta: 1.062 sigma: 0.896 
maxBOLD estimate = 1.579


Trial 21: qplus Stimulus Selection
Stimulus: 0.629
Output value 1.144

Q+ parameters
slope: 0.616 semiSat: 0.560 beta: 0.750 sigma: 0.166 
maxBOLD estimate = 1.678


Trial 22: qplus Stimulus Selection
Stimulus: 0.629
Output value 1.458

Q+ parameters
slope: 0.616 semiSat: 0.560 beta: 1.062 sigma: 0.271 
maxBOLD estimate = 1.258


Trial 23: qplus Stimulus Selection
Stimulus: 0.505
Output value -0.258

Q+ parameters
slope: 0.616 semiSat: 0.560 beta: 1.062 sigma: 0.271 
maxBOLD estimate = 1.337


Trial 24: qplus Stimulus Selection
Stimulus: 0.505
Output value 0.549

Q+ parameters
slope: 0.616 semiSat: 0.560 beta: 1.062 sigma: 0.323 
maxBOLD estimate = 1.420


Trial 25: maxBOLD Stimulus Selection
Stimulus: 1.000
Output value 0.103

Q+ parameters
slope: 0.616 semiSat: 0.560 beta: 0.750 sigma: 0.271 
maxBOLD estimate = 1.509


Trial 26: qplus Stimulus Selection
Stimulus: 0.505
Output value -0.219

Q+ parameters
slope: 0.616 semiSat: 0.560 beta: 1.062 sigma: 0.218 
maxBOLD estimate = 1.132


Trial 27: qplus Stimulus Selection
Stimulus: 0.546
Output value 1.476

Q+ parameters
slope: 0.379 semiSat: 0.560 beta: 1.125 sigma: 0.271 
maxBOLD estimate = 1.203


Trial 28: qplus Stimulus Selection
Stimulus: 0.505
Output value -0.261

Q+ parameters
slope: 0.785 semiSat: 0.560 beta: 1.062 sigma: 0.271 
maxBOLD estimate = 1.353


Trial 29: qplus Stimulus Selection
Stimulus: 0.505
Output value 1.176

Q+ parameters
slope: 0.483 semiSat: 0.560 beta: 1.125 sigma: 0.375 
maxBOLD estimate = 1.438


Trial 30: baseline Stimulus Selection
Stimulus: 0.010
Output value -0.312

Q+ parameters
slope: 0.785 semiSat: 0.560 beta: 1.062 sigma: 0.271 
maxBOLD estimate = 1.617


Trial 31: qplus Stimulus Selection
Stimulus: 0.546
Output value 1.826

Q+ parameters
slope: 0.379 semiSat: 0.560 beta: 1.062 sigma: 0.635 
maxBOLD estimate = 1.718


Trial 32: qplus Stimulus Selection
Stimulus: 0.670
Output value 0.871

Q+ parameters
slope: 0.298 semiSat: 0.560 beta: 0.750 sigma: 0.166 
maxBOLD estimate = 1.826


Trial 33: qplus Stimulus Selection
Stimulus: 0.588
Output value 0.000

Q+ parameters
slope: 0.379 semiSat: 0.560 beta: 0.875 sigma: 0.218 
maxBOLD estimate = 1.369


Trial 34: qplus Stimulus Selection
Stimulus: 0.670
Output value 1.470

Q+ parameters
slope: 0.379 semiSat: 0.560 beta: 1.125 sigma: 0.271 
maxBOLD estimate = 1.198


Trial 35: maxBOLD Stimulus Selection
Stimulus: 1.000
Output value 0.092

Q+ parameters
slope: 0.616 semiSat: 0.560 beta: 0.750 sigma: 0.271 
maxBOLD estimate = 1.348


Trial 36: qplus Stimulus Selection
Stimulus: 0.505
Output value -0.207

Q+ parameters
slope: 0.379 semiSat: 0.560 beta: 1.125 sigma: 0.271 
maxBOLD estimate = 1.011


Trial 37: qplus Stimulus Selection
Stimulus: 0.505
Output value -0.194

Q+ parameters
slope: 0.616 semiSat: 0.560 beta: 0.938 sigma: 0.271 
maxBOLD estimate = 1.137


Trial 38: qplus Stimulus Selection
Stimulus: 0.588
Output value 1.163

Q+ parameters
slope: 0.483 semiSat: 0.560 beta: 1.000 sigma: 0.271 
maxBOLD estimate = 1.066


Trial 39: qplus Stimulus Selection
Stimulus: 0.629
Output value 0.200

Q+ parameters
slope: 0.234 semiSat: 0.560 beta: 1.031 sigma: 0.375 
maxBOLD estimate = 1.066


Trial 40: baseline Stimulus Selection
Stimulus: 0.010
Output value -0.200

Q+ parameters
slope: 0.379 semiSat: 0.560 beta: 1.000 sigma: 0.323 
maxBOLD estimate = 1.099


Trial 41: qplus Stimulus Selection
Stimulus: 0.505
Output value -0.200

Q+ parameters
slope: 0.379 semiSat: 0.560 beta: 1.000 sigma: 0.323 
maxBOLD estimate = 1.099


Trial 42: qplus Stimulus Selection
Stimulus: 0.505
Output value -0.200

Q+ parameters
slope: 0.379 semiSat: 0.560 beta: 1.000 sigma: 0.271 
maxBOLD estimate = 1.099


Trial 43: qplus Stimulus Selection
Stimulus: 0.505
Output value 0.400

Q+ parameters
slope: 0.379 semiSat: 0.560 beta: 1.000 sigma: 0.271 
maxBOLD estimate = 1.099


Trial 44: qplus Stimulus Selection
Stimulus: 0.505
Output value 0.700

Q+ parameters
slope: 0.379 semiSat: 0.560 beta: 1.000 sigma: 0.323 
maxBOLD estimate = 1.099


Trial 45: maxBOLD Stimulus Selection
Stimulus: 1.000
Output value 1.199

Q+ parameters
slope: 0.379 semiSat: 0.560 beta: 1.000 sigma: 0.271 
maxBOLD estimate = 1.099


Trial 46: qplus Stimulus Selection
Stimulus: 0.505
Output value 0.200

Q+ parameters
slope: 0.379 semiSat: 0.560 beta: 1.000 sigma: 0.271 
maxBOLD estimate = 1.099


Trial 47: qplus Stimulus Selection
Stimulus: 0.505
Output value -0.200

Q+ parameters
slope: 0.379 semiSat: 0.560 beta: 1.000 sigma: 0.271 
maxBOLD estimate = 1.099


Trial 48: qplus Stimulus Selection
Stimulus: 0.670
Output value 1.237

Q+ parameters
slope: 0.234 semiSat: 0.560 beta: 1.031 sigma: 0.271 
maxBOLD estimate = 1.099


Trial 49: qplus Stimulus Selection
Stimulus: 0.670
Output value 0.271

Q+ parameters
slope: 0.379 semiSat: 0.560 beta: 0.875 sigma: 0.323 
maxBOLD estimate = 1.134


Trial 50: baseline Stimulus Selection
Stimulus: 0.010
Output value 0.558

Q+ parameters
slope: 0.234 semiSat: 0.560 beta: 1.031 sigma: 0.323 
maxBOLD estimate = 0.992


Trial 51: qplus Stimulus Selection
Stimulus: 0.670
Output value 0.791

Q+ parameters
slope: 0.298 semiSat: 0.560 beta: 1.062 sigma: 0.271 
maxBOLD estimate = 1.023


Trial 52: qplus Stimulus Selection
Stimulus: 0.711
Output value 0.630

Q+ parameters
slope: 0.298 semiSat: 0.560 beta: 1.062 sigma: 0.271 
maxBOLD estimate = 1.087


Trial 53: qplus Stimulus Selection
Stimulus: 0.711
Output value 1.299

Q+ parameters
slope: 0.379 semiSat: 0.560 beta: 1.031 sigma: 0.271 
maxBOLD estimate = 1.155


Trial 54: qplus Stimulus Selection
Stimulus: 0.505
Output value 0.650

Q+ parameters
slope: 0.379 semiSat: 0.560 beta: 1.000 sigma: 0.271 
maxBOLD estimate = 1.191


Trial 55: maxBOLD Stimulus Selection
Stimulus: 1.000
Output value 1.299

Q+ parameters
slope: 0.379 semiSat: 0.560 beta: 1.000 sigma: 0.271 
maxBOLD estimate = 1.191


Trial 56: qplus Stimulus Selection
Stimulus: 0.670
Output value 1.299

Q+ parameters
slope: 0.379 semiSat: 0.560 beta: 1.000 sigma: 0.271 
maxBOLD estimate = 1.191


Trial 57: qplus Stimulus Selection
Stimulus: 0.670
Output value 0.650

Q+ parameters
slope: 0.379 semiSat: 0.560 beta: 1.000 sigma: 0.271 
maxBOLD estimate = 1.191


Trial 58: qplus Stimulus Selection
Stimulus: 0.670
Output value 1.299

Q+ parameters
slope: 0.379 semiSat: 0.560 beta: 1.000 sigma: 0.218 
maxBOLD estimate = 1.191


Trial 59: qplus Stimulus Selection
Stimulus: 0.670
Output value 0.758

Q+ parameters
slope: 0.379 semiSat: 0.560 beta: 1.000 sigma: 0.218 
maxBOLD estimate = 1.191


Trial 60: baseline Stimulus Selection
Stimulus: 0.010
Output value -0.223

Q+ parameters
slope: 0.379 semiSat: 0.560 beta: 1.031 sigma: 0.218 
maxBOLD estimate = 1.191


Trial 61: qplus Stimulus Selection
Stimulus: 0.505
Output value -0.230

Q+ parameters
slope: 0.379 semiSat: 0.560 beta: 1.031 sigma: 0.218 
maxBOLD estimate = 1.228


Trial 62: qplus Stimulus Selection
Stimulus: 0.629
Output value 0.238

Q+ parameters
slope: 0.234 semiSat: 0.560 beta: 1.031 sigma: 0.271 
maxBOLD estimate = 1.267


Trial 63: qplus Stimulus Selection
Stimulus: 0.670
Output value 1.247

Q+ parameters
slope: 0.234 semiSat: 0.560 beta: 0.875 sigma: 0.271 
maxBOLD estimate = 1.306


Trial 64: qplus Stimulus Selection
Stimulus: 0.959
Output value 0.536

Q+ parameters
slope: 0.234 semiSat: 0.560 beta: 1.031 sigma: 0.271 
maxBOLD estimate = 1.143


Trial 65: maxBOLD Stimulus Selection
Stimulus: 1.000
Output value 1.326

Q+ parameters
slope: 0.234 semiSat: 0.560 beta: 1.031 sigma: 0.218 
maxBOLD estimate = 1.179


Trial 66: qplus Stimulus Selection
Stimulus: 0.670
Output value -0.166

Q+ parameters
slope: 0.043 semiSat: 0.780 beta: 1.500 sigma: 1.000 
maxBOLD estimate = 1.216


Trial 67: qplus Stimulus Selection
Stimulus: 1.000
Output value 0.870

Q+ parameters
slope: 0.298 semiSat: 0.560 beta: 0.750 sigma: 0.166 
maxBOLD estimate = 1.823


Trial 68: qplus Stimulus Selection
Stimulus: 0.588
Output value -0.373

Q+ parameters
slope: 0.113 semiSat: 0.670 beta: 1.500 sigma: 0.271 
maxBOLD estimate = 1.368


Trial 69: qplus Stimulus Selection
Stimulus: 0.753
Output value 0.186

Q+ parameters
slope: 1.000 semiSat: 0.560 beta: 0.500 sigma: 0.166 
maxBOLD estimate = 2.051


Trial 70: baseline Stimulus Selection
Stimulus: 0.010
Output value -0.280

Q+ parameters
slope: 0.026 semiSat: 0.780 beta: 1.500 sigma: 0.583 
maxBOLD estimate = 1.026


Trial 71: qplus Stimulus Selection
Stimulus: 1.000
Output value 1.101

Q+ parameters
slope: 0.616 semiSat: 0.560 beta: 0.875 sigma: 0.271 
maxBOLD estimate = 1.538


Trial 72: qplus Stimulus Selection
Stimulus: 0.505
Output value -0.252

Q+ parameters
slope: 0.234 semiSat: 0.560 beta: 1.031 sigma: 0.271 
maxBOLD estimate = 1.346


Trial 73: qplus Stimulus Selection
Stimulus: 0.546
Output value 0.911

Q+ parameters
slope: 0.234 semiSat: 0.560 beta: 1.031 sigma: 0.271 
maxBOLD estimate = 1.388


Trial 74: qplus Stimulus Selection
Stimulus: 0.546
Output value 0.342

Q+ parameters
slope: 0.616 semiSat: 0.560 beta: 0.875 sigma: 0.271 
maxBOLD estimate = 1.432


Trial 75: maxBOLD Stimulus Selection
Stimulus: 1.000
Output value -0.114

Q+ parameters
slope: 0.113 semiSat: 0.450 beta: 0.500 sigma: 1.000 
maxBOLD estimate = 1.253


Trial 76: qplus Stimulus Selection
Stimulus: 0.257
Output value 0.050

Q+ parameters
slope: 0.016 semiSat: 0.340 beta: 0.875 sigma: 1.000 
maxBOLD estimate = 0.626


Trial 77: qplus Stimulus Selection
Stimulus: 0.918
Output value 0.747

Q+ parameters
slope: 0.113 semiSat: 0.560 beta: 1.250 sigma: 0.271 
maxBOLD estimate = 0.548


Trial 78: qplus Stimulus Selection
Stimulus: 0.711
Output value 0.771

Q+ parameters
slope: 0.021 semiSat: 0.560 beta: 1.031 sigma: 1.000 
maxBOLD estimate = 0.685


Trial 79: qplus Stimulus Selection
Stimulus: 0.959
Output value 0.795

Q+ parameters
slope: 0.021 semiSat: 0.560 beta: 1.031 sigma: 1.000 
maxBOLD estimate = 0.706


Trial 80: baseline Stimulus Selection
Stimulus: 0.010
Output value -0.166

Q+ parameters
slope: 0.010 semiSat: 0.670 beta: 1.250 sigma: 1.000 
maxBOLD estimate = 0.729


Trial 81: qplus Stimulus Selection
Stimulus: 0.876
Output value 1.024

Q+ parameters
slope: 0.021 semiSat: 0.560 beta: 1.031 sigma: 1.000 
maxBOLD estimate = 0.911


Trial 82: qplus Stimulus Selection
Stimulus: 0.959
Output value 0.880

Q+ parameters
slope: 0.021 semiSat: 0.560 beta: 1.031 sigma: 1.000 
maxBOLD estimate = 0.939


Trial 83: qplus Stimulus Selection
Stimulus: 0.959
Output value 1.090

Q+ parameters
slope: 0.021 semiSat: 0.560 beta: 1.031 sigma: 1.000 
maxBOLD estimate = 0.968


Trial 84: qplus Stimulus Selection
Stimulus: 0.959
Output value 1.634

Q+ parameters
slope: 0.026 semiSat: 0.780 beta: 1.500 sigma: 0.479 
maxBOLD estimate = 0.999


Trial 85: maxBOLD Stimulus Selection
Stimulus: 1.000
Output value 1.634

Q+ parameters
slope: 0.379 semiSat: 0.560 beta: 1.000 sigma: 0.218 
maxBOLD estimate = 1.498


Trial 86: qplus Stimulus Selection
Stimulus: 0.505
Output value 0.272

Q+ parameters
slope: 0.379 semiSat: 0.560 beta: 1.000 sigma: 0.218 
maxBOLD estimate = 1.498


Trial 87: qplus Stimulus Selection
Stimulus: 0.505
Output value 0.136

Q+ parameters
slope: 0.379 semiSat: 0.560 beta: 1.000 sigma: 0.218 
maxBOLD estimate = 1.498


Trial 88: qplus Stimulus Selection
Stimulus: 0.505
Output value 0.136

Q+ parameters
slope: 0.379 semiSat: 0.560 beta: 1.000 sigma: 0.218 
maxBOLD estimate = 1.498


Trial 89: qplus Stimulus Selection
Stimulus: 0.505
Output value 0.272

Q+ parameters
slope: 0.379 semiSat: 0.560 beta: 1.000 sigma: 0.218 
maxBOLD estimate = 1.498


Trial 90: baseline Stimulus Selection
Stimulus: 0.010
Output value 0.409

Q+ parameters
slope: 0.379 semiSat: 0.560 beta: 1.000 sigma: 0.271 
maxBOLD estimate = 1.498


Trial 91: qplus Stimulus Selection
Stimulus: 0.546
Output value -0.272

Q+ parameters
slope: 0.379 semiSat: 0.560 beta: 1.000 sigma: 0.271 
maxBOLD estimate = 1.498


Trial 92: qplus Stimulus Selection
Stimulus: 0.505
Output value 0.681

Q+ parameters
slope: 0.379 semiSat: 0.560 beta: 1.000 sigma: 0.271 
maxBOLD estimate = 1.498


Trial 93: qplus Stimulus Selection
Stimulus: 0.505
Output value 0.409

Q+ parameters
slope: 0.379 semiSat: 0.560 beta: 1.000 sigma: 0.271 
maxBOLD estimate = 1.498


Trial 94: qplus Stimulus Selection
Stimulus: 0.505
Output value 0.272

Q+ parameters
slope: 0.379 semiSat: 0.560 beta: 1.000 sigma: 0.271 
maxBOLD estimate = 1.498


Trial 95: maxBOLD Stimulus Selection
Stimulus: 1.000
Output value 1.634

Q+ parameters
slope: 0.379 semiSat: 0.560 beta: 1.000 sigma: 0.271 
maxBOLD estimate = 1.498


Trial 96: qplus Stimulus Selection
Stimulus: 0.670
Output value 0.238

Q+ parameters
slope: 0.379 semiSat: 0.560 beta: 0.875 sigma: 0.218 
maxBOLD estimate = 1.498


Trial 97: qplus Stimulus Selection
Stimulus: 0.464
Output value -0.253

Q+ parameters
slope: 0.298 semiSat: 0.560 beta: 1.062 sigma: 0.218 
maxBOLD estimate = 1.311


Trial 98: qplus Stimulus Selection
Stimulus: 0.505
Output value 0.000

Q+ parameters
slope: 0.379 semiSat: 0.560 beta: 1.000 sigma: 0.218 
maxBOLD estimate = 1.393


Trial 99: qplus Stimulus Selection
Stimulus: 0.505
Output value 0.380

Q+ parameters
slope: 0.379 semiSat: 0.560 beta: 1.000 sigma: 0.218 
maxBOLD estimate = 1.393


Trial 100: baseline Stimulus Selection
Stimulus: 0.010
Output value -0.269

Q+ parameters
slope: 0.298 semiSat: 0.560 beta: 1.062 sigma: 0.218 
maxBOLD estimate = 1.393

--------------------------------------------------------------
FINAL VALUES
--------------------------------------------------------------
Simulated parameters:              slope: 0.200 semiSat: 0.570 beta: 1.000 sigma: 0.150 
Max posterior QUEST+ parameters:   slope: 0.379 semiSat: 0.560 beta: 1.000 sigma: 0.218 
Max BADS parameters:               slope: 0.376 semiSat: 0.569 beta: 1.000 sigma: 0.235 
maxBOLD estimate: 1.542
