/blue/stevenweisberg/stevenweisberg/MATLAB/projects/Weisberg_Aguirre_2020/scripts/run_sims
c22a-s5.ufhpc
Fri Nov 13 19:42:08 EST 2020
mkdir: cannot create directory ‘/blue/stevenweisberg/stevenweisberg/qpfMRIResults/model_parameter_set1/’: File exists
cp: cannot stat ‘/blue/stevenweisberg/stevenweisberg/qpfMRIResults/deploy_sim.sh’: No such file or directory
cp: cannot stat ‘/blue/stevenweisberg/stevenweisberg/qpfMRIResults/sim_wrapper.sh’: No such file or directory
------------------------------------------
Setting up environment variables
---
LD_LIBRARY_PATH is .:/apps/matlab/mcr/2020b/v99/runtime/glnxa64:/apps/matlab/mcr/2020b/v99/bin/glnxa64:/apps/matlab/mcr/2020b/v99/sys/os/glnxa64:/apps/matlab/mcr/2020b/v99/sys/opengl/lib/glnxa64
Warning: Executing startup failed in matlabrc.
This indicates a potentially serious problem in your MATLAB setup, which should be resolved as soon as possible.  Error detected was:
MATLAB:mpath:PathAlterationNotSupported
Modifying the search path is not supported by MATLAB Compiler. Remove functions that modify the search path from your MATLAB code. To make files visible to your deployed application, add the parent folder to your MATLAB session.
Warning: No stimulus domain specified. Defaulting to values between 0.01 and 1.
> In qpfmriParams (line 182)
In compiledSimulate (line 205)
Stimulus domain added from input.
Parameter slope specified as 0.41000
Parameter semiSat specified as 0.57000
Parameter beta specified as 1.00000
Parameter sigma specified as 0.15000
seed = 99seed = 104seed = 111seed = 111seed = 115seed = 101Initializing Q+. This may take a minute...
Elapsed time is 9.453621 seconds.
Simulated parameters:
slope: 0.410 semiSat: 0.570 beta: 1.000 sigma: 0.150 

Trial 1: baseline Stimulus Selection
Stimulus: 0.010
Output value 0.000

Q+ parameters
slope: 0.026 semiSat: 0.890 beta: 0.500 sigma: 0.010 
maxBOLD estimate = 1.000


Trial 2: maxBOLD Stimulus Selection
Stimulus: 1.000
Output value 1.364

Q+ parameters
slope: 0.055 semiSat: 0.670 beta: 1.250 sigma: 0.010 
maxBOLD estimate = 1.000


Trial 3: baseline Stimulus Selection
Stimulus: 0.010
Output value 0.000

Q+ parameters
slope: 0.055 semiSat: 0.670 beta: 1.125 sigma: 0.010 
maxBOLD estimate = 1.250


Trial 4: maxBOLD Stimulus Selection
Stimulus: 1.000
Output value 0.867

Q+ parameters
slope: 0.043 semiSat: 0.780 beta: 0.969 sigma: 0.062 
maxBOLD estimate = 1.406


Trial 5: baseline Stimulus Selection
Stimulus: 0.010
Output value 0.360

Q+ parameters
slope: 0.043 semiSat: 0.780 beta: 0.969 sigma: 0.114 
maxBOLD estimate = 1.362


Trial 6: maxBOLD Stimulus Selection
Stimulus: 1.000
Output value 1.800

Q+ parameters
slope: 0.055 semiSat: 0.670 beta: 1.250 sigma: 0.271 
maxBOLD estimate = 1.320


Trial 7: random Stimulus Selection
Stimulus: 0.546
Output value 0.337

Q+ parameters
slope: 0.043 semiSat: 0.890 beta: 1.125 sigma: 0.166 
maxBOLD estimate = 1.650


Trial 8: random Stimulus Selection
Stimulus: 0.629
Output value 1.012

Q+ parameters
slope: 0.616 semiSat: 0.560 beta: 0.750 sigma: 0.166 
maxBOLD estimate = 1.856


Trial 9: random Stimulus Selection
Stimulus: 0.546
Output value 0.221

Q+ parameters
slope: 0.785 semiSat: 0.560 beta: 0.875 sigma: 0.166 
maxBOLD estimate = 1.392


Trial 10: baseline Stimulus Selection
Stimulus: 0.010
Output value 0.235

Q+ parameters
slope: 1.000 semiSat: 0.560 beta: 1.062 sigma: 0.218 
maxBOLD estimate = 1.218


Trial 11: random Stimulus Selection
Stimulus: 0.959
Output value 1.375

Q+ parameters
slope: 1.000 semiSat: 0.560 beta: 1.062 sigma: 0.218 
maxBOLD estimate = 1.294


Trial 12: random Stimulus Selection
Stimulus: 0.340
Output value -0.242

Q+ parameters
slope: 1.000 semiSat: 0.560 beta: 0.969 sigma: 0.166 
maxBOLD estimate = 1.375


Trial 13: random Stimulus Selection
Stimulus: 0.588
Output value 0.375

Q+ parameters
slope: 0.379 semiSat: 0.560 beta: 1.031 sigma: 0.218 
maxBOLD estimate = 1.332


Trial 14: random Stimulus Selection
Stimulus: 0.299
Output value 0.258

Q+ parameters
slope: 0.379 semiSat: 0.560 beta: 1.031 sigma: 0.218 
maxBOLD estimate = 1.374


Trial 15: maxBOLD Stimulus Selection
Stimulus: 1.000
Output value 1.207

Q+ parameters
slope: 0.234 semiSat: 0.560 beta: 0.938 sigma: 0.166 
maxBOLD estimate = 1.416


Trial 16: random Stimulus Selection
Stimulus: 0.629
Output value 1.494

Q+ parameters
slope: 0.379 semiSat: 0.560 beta: 1.031 sigma: 0.166 
maxBOLD estimate = 1.328


Trial 17: random Stimulus Selection
Stimulus: 0.464
Output value -0.257

Q+ parameters
slope: 0.379 semiSat: 0.560 beta: 1.031 sigma: 0.166 
maxBOLD estimate = 1.369


Trial 18: random Stimulus Selection
Stimulus: 0.092
Output value 0.000

Q+ parameters
slope: 0.379 semiSat: 0.560 beta: 0.938 sigma: 0.166 
maxBOLD estimate = 1.412


Trial 19: random Stimulus Selection
Stimulus: 0.257
Output value 0.895

Q+ parameters
slope: 0.785 semiSat: 0.560 beta: 1.062 sigma: 0.271 
maxBOLD estimate = 1.324


Trial 20: baseline Stimulus Selection
Stimulus: 0.010
Output value -0.132

Q+ parameters
slope: 0.379 semiSat: 0.560 beta: 1.031 sigma: 0.166 
maxBOLD estimate = 1.407


Trial 21: random Stimulus Selection
Stimulus: 0.051
Output value -0.247

Q+ parameters
slope: 0.379 semiSat: 0.560 beta: 0.938 sigma: 0.166 
maxBOLD estimate = 1.451


Trial 22: random Stimulus Selection
Stimulus: 1.000
Output value 1.148

Q+ parameters
slope: 0.379 semiSat: 0.560 beta: 1.031 sigma: 0.166 
maxBOLD estimate = 1.360


Trial 23: random Stimulus Selection
Stimulus: 0.051
Output value -0.239

Q+ parameters
slope: 0.379 semiSat: 0.560 beta: 0.938 sigma: 0.166 
maxBOLD estimate = 1.403


Trial 24: random Stimulus Selection
Stimulus: 0.546
Output value 0.232

Q+ parameters
slope: 0.616 semiSat: 0.560 beta: 0.969 sigma: 0.166 
maxBOLD estimate = 1.315


Trial 25: maxBOLD Stimulus Selection
Stimulus: 1.000
Output value 1.433

Q+ parameters
slope: 0.379 semiSat: 0.560 beta: 1.031 sigma: 0.166 
maxBOLD estimate = 1.274


Trial 26: random Stimulus Selection
Stimulus: 0.134
Output value -0.231

Q+ parameters
slope: 0.616 semiSat: 0.560 beta: 0.969 sigma: 0.166 
maxBOLD estimate = 1.314


Trial 27: random Stimulus Selection
Stimulus: 0.959
Output value 1.193

Q+ parameters
slope: 0.379 semiSat: 0.560 beta: 1.031 sigma: 0.166 
maxBOLD estimate = 1.273


Trial 28: random Stimulus Selection
Stimulus: 0.051
Output value 0.231

Q+ parameters
slope: 0.616 semiSat: 0.560 beta: 0.969 sigma: 0.166 
maxBOLD estimate = 1.312


Trial 29: random Stimulus Selection
Stimulus: 0.051
Output value -0.238

Q+ parameters
slope: 0.379 semiSat: 0.560 beta: 1.031 sigma: 0.166 
maxBOLD estimate = 1.271


Trial 30: baseline Stimulus Selection
Stimulus: 0.010
Output value 0.209

Q+ parameters
slope: 0.785 semiSat: 0.560 beta: 0.875 sigma: 0.166 
maxBOLD estimate = 1.311

--------------------------------------------------------------
FINAL VALUES
--------------------------------------------------------------
Simulated parameters:              slope: 0.410 semiSat: 0.570 beta: 1.000 sigma: 0.150 
Max posterior QUEST+ parameters:   slope: 0.785 semiSat: 0.560 beta: 0.875 sigma: 0.166 
Max BADS parameters:               slope: 0.748 semiSat: 0.583 beta: 1.000 sigma: 0.165 
maxBOLD estimate: 1.311
