/blue/stevenweisberg/stevenweisberg/MATLAB/projects/Weisberg_Aguirre_2020/scripts/run_sims
c29a-s17.ufhpc
Thu Nov 12 14:11:07 EST 2020
cp: cannot stat ‘/blue/stevenweisberg/stevenweisberg/qpfMRIResults/deploy_sim.sh’: No such file or directory
cp: cannot stat ‘/blue/stevenweisberg/stevenweisberg/qpfMRIResults/sim_wrapper.sh’: No such file or directory
------------------------------------------
Setting up environment variables
---
LD_LIBRARY_PATH is .:/apps/matlab/mcr/2020b/v99/runtime/glnxa64:/apps/matlab/mcr/2020b/v99/bin/glnxa64:/apps/matlab/mcr/2020b/v99/sys/os/glnxa64:/apps/matlab/mcr/2020b/v99/sys/opengl/lib/glnxa64
Warning: Executing startup failed in matlabrc.
This indicates a potentially serious problem in your MATLAB setup, which should be resolved as soon as possible.  Error detected was:
MATLAB:mpath:PathAlterationNotSupported
Modifying the search path is not supported by MATLAB Compiler. Remove functions that modify the search path from your MATLAB code. To make files visible to your deployed application, add the parent folder to your MATLAB session.
Warning: No stimulus domain specified. Defaulting to values between 0.01 and 1.
> In qpfmriParams (line 182)
In compiledSimulate (line 205)
Stimulus domain added from input.
Parameter slope specified as 0.41000
Parameter semiSat specified as 0.57000
Parameter beta specified as 1.00000
Parameter sigma specified as 0.15000
seed = 99seed = 104seed = 111seed = 111seed = 115seed = 101Initializing Q+. This may take a minute...
Elapsed time is 10.391723 seconds.
Simulated parameters:
slope: 0.410 semiSat: 0.570 beta: 1.000 sigma: 0.150 

Trial 1: baseline Stimulus Selection
Stimulus: 0.010
Output value 0.000

Q+ parameters
slope: 0.026 semiSat: 0.890 beta: 0.500 sigma: 0.010 
maxBOLD estimate = 1.000


Trial 2: maxBOLD Stimulus Selection
Stimulus: 1.000
Output value 1.364

Q+ parameters
slope: 0.055 semiSat: 0.670 beta: 1.250 sigma: 0.010 
maxBOLD estimate = 1.000


Trial 3: baseline Stimulus Selection
Stimulus: 0.010
Output value 0.142

Q+ parameters
slope: 0.055 semiSat: 0.670 beta: 1.250 sigma: 0.062 
maxBOLD estimate = 1.250


Trial 4: maxBOLD Stimulus Selection
Stimulus: 1.000
Output value 1.953

Q+ parameters
slope: 0.055 semiSat: 0.670 beta: 1.250 sigma: 0.062 
maxBOLD estimate = 1.562


Trial 5: baseline Stimulus Selection
Stimulus: 0.010
Output value -0.200

Q+ parameters
slope: 0.055 semiSat: 0.670 beta: 1.125 sigma: 0.062 
maxBOLD estimate = 1.953


Trial 6: maxBOLD Stimulus Selection
Stimulus: 1.000
Output value 2.472

Q+ parameters
slope: 0.043 semiSat: 0.780 beta: 1.125 sigma: 0.114 
maxBOLD estimate = 2.197


Trial 7: random Stimulus Selection
Stimulus: 0.876
Output value 1.011

Q+ parameters
slope: 0.043 semiSat: 0.670 beta: 0.750 sigma: 0.062 
maxBOLD estimate = 2.472


Trial 8: random Stimulus Selection
Stimulus: 0.711
Output value 1.896

Q+ parameters
slope: 0.113 semiSat: 0.340 beta: 0.938 sigma: 0.114 
maxBOLD estimate = 1.854


Trial 9: random Stimulus Selection
Stimulus: 1.000
Output value 2.844

Q+ parameters
slope: 0.070 semiSat: 0.560 beta: 1.500 sigma: 0.114 
maxBOLD estimate = 1.738


Trial 10: baseline Stimulus Selection
Stimulus: 0.010
Output value 0.119

Q+ parameters
slope: 0.785 semiSat: 0.120 beta: 0.500 sigma: 0.114 
maxBOLD estimate = 2.607


Trial 11: random Stimulus Selection
Stimulus: 0.959
Output value 1.778

Q+ parameters
slope: 0.070 semiSat: 0.560 beta: 1.500 sigma: 0.166 
maxBOLD estimate = 1.304


Trial 12: random Stimulus Selection
Stimulus: 0.216
Output value 0.400

Q+ parameters
slope: 0.234 semiSat: 0.230 beta: 0.750 sigma: 0.114 
maxBOLD estimate = 1.955


Trial 13: random Stimulus Selection
Stimulus: 0.464
Output value -0.200

Q+ parameters
slope: 0.234 semiSat: 0.670 beta: 1.500 sigma: 0.166 
maxBOLD estimate = 1.466


Trial 14: random Stimulus Selection
Stimulus: 0.711
Output value 1.800

Q+ parameters
slope: 0.183 semiSat: 0.560 beta: 0.750 sigma: 0.114 
maxBOLD estimate = 2.200


Trial 15: maxBOLD Stimulus Selection
Stimulus: 1.000
Output value 1.162

Q+ parameters
slope: 0.379 semiSat: 0.560 beta: 0.969 sigma: 0.166 
maxBOLD estimate = 1.650


Trial 16: random Stimulus Selection
Stimulus: 0.216
Output value 0.000

Q+ parameters
slope: 0.379 semiSat: 0.560 beta: 0.969 sigma: 0.166 
maxBOLD estimate = 1.598


Trial 17: random Stimulus Selection
Stimulus: 0.464
Output value 0.211

Q+ parameters
slope: 0.234 semiSat: 0.670 beta: 1.500 sigma: 0.166 
maxBOLD estimate = 1.548


Trial 18: random Stimulus Selection
Stimulus: 0.505
Output value 0.950

Q+ parameters
slope: 0.183 semiSat: 0.560 beta: 0.750 sigma: 0.114 
maxBOLD estimate = 2.322


Trial 19: random Stimulus Selection
Stimulus: 0.464
Output value 0.445

Q+ parameters
slope: 0.183 semiSat: 0.560 beta: 0.938 sigma: 0.114 
maxBOLD estimate = 1.742


Trial 20: baseline Stimulus Selection
Stimulus: 0.010
Output value 0.418

Q+ parameters
slope: 0.183 semiSat: 0.560 beta: 0.938 sigma: 0.166 
maxBOLD estimate = 1.633


Trial 21: random Stimulus Selection
Stimulus: 1.000
Output value 1.305

Q+ parameters
slope: 0.183 semiSat: 0.560 beta: 0.938 sigma: 0.114 
maxBOLD estimate = 1.531


Trial 22: random Stimulus Selection
Stimulus: 0.381
Output value -0.196

Q+ parameters
slope: 0.234 semiSat: 0.560 beta: 1.500 sigma: 0.166 
maxBOLD estimate = 1.435


Trial 23: random Stimulus Selection
Stimulus: 0.959
Output value 1.761

Q+ parameters
slope: 0.183 semiSat: 0.560 beta: 0.750 sigma: 0.114 
maxBOLD estimate = 2.153


Trial 24: random Stimulus Selection
Stimulus: 0.257
Output value -0.275

Q+ parameters
slope: 0.183 semiSat: 0.560 beta: 0.938 sigma: 0.114 
maxBOLD estimate = 1.615


Trial 25: maxBOLD Stimulus Selection
Stimulus: 1.000
Output value 2.064

Q+ parameters
slope: 0.183 semiSat: 0.560 beta: 1.250 sigma: 0.166 
maxBOLD estimate = 1.514


Trial 26: random Stimulus Selection
Stimulus: 0.134
Output value 0.484

Q+ parameters
slope: 0.234 semiSat: 0.560 beta: 0.938 sigma: 0.166 
maxBOLD estimate = 1.892


Trial 27: random Stimulus Selection
Stimulus: 0.876
Output value 1.361

Q+ parameters
slope: 0.183 semiSat: 0.560 beta: 0.938 sigma: 0.166 
maxBOLD estimate = 1.774


Trial 28: random Stimulus Selection
Stimulus: 0.092
Output value 0.156

Q+ parameters
slope: 0.183 semiSat: 0.560 beta: 1.031 sigma: 0.166 
maxBOLD estimate = 1.663


Trial 29: random Stimulus Selection
Stimulus: 0.216
Output value 0.000

Q+ parameters
slope: 0.183 semiSat: 0.560 beta: 1.031 sigma: 0.166 
maxBOLD estimate = 1.715


Trial 30: baseline Stimulus Selection
Stimulus: 0.010
Output value 0.452

Q+ parameters
slope: 0.234 semiSat: 0.560 beta: 0.938 sigma: 0.166 
maxBOLD estimate = 1.769

--------------------------------------------------------------
FINAL VALUES
--------------------------------------------------------------
Simulated parameters:              slope: 0.410 semiSat: 0.570 beta: 1.000 sigma: 0.150 
Max posterior QUEST+ parameters:   slope: 0.234 semiSat: 0.560 beta: 0.938 sigma: 0.166 
Max BADS parameters:               slope: 0.260 semiSat: 0.546 beta: 1.000 sigma: 0.175 
maxBOLD estimate: 1.658
