/blue/stevenweisberg/stevenweisberg/MATLAB/projects/Weisberg_Aguirre_2020/scripts/run_sims
c26a-s23.ufhpc
Fri Nov 13 23:39:07 EST 2020
mkdir: cannot create directory ‘/blue/stevenweisberg/stevenweisberg/qpfMRIResults/model_parameter_set1/’: File exists
cp: cannot stat ‘/blue/stevenweisberg/stevenweisberg/qpfMRIResults/deploy_sim.sh’: No such file or directory
cp: cannot stat ‘/blue/stevenweisberg/stevenweisberg/qpfMRIResults/sim_wrapper.sh’: No such file or directory
------------------------------------------
Setting up environment variables
---
LD_LIBRARY_PATH is .:/apps/matlab/mcr/2020b/v99/runtime/glnxa64:/apps/matlab/mcr/2020b/v99/bin/glnxa64:/apps/matlab/mcr/2020b/v99/sys/os/glnxa64:/apps/matlab/mcr/2020b/v99/sys/opengl/lib/glnxa64
Warning: Executing startup failed in matlabrc.
This indicates a potentially serious problem in your MATLAB setup, which should be resolved as soon as possible.  Error detected was:
MATLAB:mpath:PathAlterationNotSupported
Modifying the search path is not supported by MATLAB Compiler. Remove functions that modify the search path from your MATLAB code. To make files visible to your deployed application, add the parent folder to your MATLAB session.
Warning: No stimulus domain specified. Defaulting to values between 0.01 and 1.
> In qpfmriParams (line 182)
In compiledSimulate (line 205)
Stimulus domain added from input.
Parameter slope specified as 0.41000
Parameter semiSat specified as 0.57000
Parameter beta specified as 1.00000
Parameter sigma specified as 0.25000
seed = 99seed = 104seed = 111seed = 111seed = 115seed = 101Initializing Q+. This may take a minute...
Elapsed time is 9.636537 seconds.
Simulated parameters:
slope: 0.410 semiSat: 0.570 beta: 1.000 sigma: 0.250 

Trial 1: baseline Stimulus Selection
Stimulus: 0.010
Output value 0.000

Q+ parameters
slope: 0.026 semiSat: 0.890 beta: 0.500 sigma: 0.010 
maxBOLD estimate = 1.000


Trial 2: maxBOLD Stimulus Selection
Stimulus: 1.000
Output value -0.091

Q+ parameters
slope: 0.026 semiSat: 0.890 beta: 0.500 sigma: 0.479 
maxBOLD estimate = 1.000


Trial 3: baseline Stimulus Selection
Stimulus: 0.010
Output value 0.469

Q+ parameters
slope: 0.016 semiSat: 0.560 beta: 1.031 sigma: 1.000 
maxBOLD estimate = 0.500


Trial 4: maxBOLD Stimulus Selection
Stimulus: 1.000
Output value 0.703

Q+ parameters
slope: 0.055 semiSat: 0.670 beta: 1.250 sigma: 0.271 
maxBOLD estimate = 0.516


Trial 5: baseline Stimulus Selection
Stimulus: 0.010
Output value 0.146

Q+ parameters
slope: 0.055 semiSat: 0.670 beta: 1.250 sigma: 0.114 
maxBOLD estimate = 0.645


Trial 6: maxBOLD Stimulus Selection
Stimulus: 1.000
Output value 1.099

Q+ parameters
slope: 0.043 semiSat: 0.560 beta: 1.250 sigma: 0.114 
maxBOLD estimate = 0.806


Trial 7: qplus Stimulus Selection
Stimulus: 0.505
Output value -0.275

Q+ parameters
slope: 0.113 semiSat: 0.890 beta: 1.500 sigma: 0.114 
maxBOLD estimate = 1.007


Trial 8: qplus Stimulus Selection
Stimulus: 0.753
Output value 0.687

Q+ parameters
slope: 0.034 semiSat: 1.000 beta: 1.250 sigma: 0.062 
maxBOLD estimate = 1.511


Trial 9: qplus Stimulus Selection
Stimulus: 0.588
Output value -0.086

Q+ parameters
slope: 0.298 semiSat: 0.670 beta: 0.500 sigma: 0.062 
maxBOLD estimate = 1.888


Trial 10: baseline Stimulus Selection
Stimulus: 0.010
Output value 1.545

Q+ parameters
slope: 0.013 semiSat: 0.670 beta: 1.500 sigma: 1.000 
maxBOLD estimate = 0.944


Trial 11: qplus Stimulus Selection
Stimulus: 0.959
Output value -0.129

Q+ parameters
slope: 0.616 semiSat: 0.560 beta: 0.500 sigma: 0.323 
maxBOLD estimate = 1.416


Trial 12: qplus Stimulus Selection
Stimulus: 0.257
Output value 0.068

Q+ parameters
slope: 0.113 semiSat: 0.450 beta: 1.062 sigma: 0.114 
maxBOLD estimate = 0.708


Trial 13: qplus Stimulus Selection
Stimulus: 0.423
Output value 0.923

Q+ parameters
slope: 0.483 semiSat: 0.340 beta: 1.125 sigma: 0.166 
maxBOLD estimate = 0.752


Trial 14: qplus Stimulus Selection
Stimulus: 0.381
Output value -0.231

Q+ parameters
slope: 0.298 semiSat: 0.560 beta: 1.500 sigma: 0.166 
maxBOLD estimate = 0.846


Trial 15: maxBOLD Stimulus Selection
Stimulus: 1.000
Output value 1.428

Q+ parameters
slope: 1.000 semiSat: 0.560 beta: 1.031 sigma: 0.218 
maxBOLD estimate = 1.270


Trial 16: qplus Stimulus Selection
Stimulus: 0.505
Output value -0.245

Q+ parameters
slope: 1.000 semiSat: 0.560 beta: 1.031 sigma: 0.218 
maxBOLD estimate = 1.309


Trial 17: qplus Stimulus Selection
Stimulus: 0.629
Output value 1.519

Q+ parameters
slope: 1.000 semiSat: 0.560 beta: 1.031 sigma: 0.218 
maxBOLD estimate = 1.350


Trial 18: qplus Stimulus Selection
Stimulus: 0.588
Output value -0.380

Q+ parameters
slope: 0.089 semiSat: 0.670 beta: 1.500 sigma: 0.896 
maxBOLD estimate = 1.392


Trial 19: qplus Stimulus Selection
Stimulus: 1.000
Output value 1.139

Q+ parameters
slope: 1.000 semiSat: 0.560 beta: 0.500 sigma: 0.218 
maxBOLD estimate = 2.089


Trial 20: baseline Stimulus Selection
Stimulus: 0.010
Output value -0.285

Q+ parameters
slope: 0.298 semiSat: 0.560 beta: 1.500 sigma: 0.271 
maxBOLD estimate = 1.044


Trial 21: qplus Stimulus Selection
Stimulus: 0.629
Output value 0.320

Q+ parameters
slope: 0.298 semiSat: 0.560 beta: 0.750 sigma: 0.218 
maxBOLD estimate = 1.566


Trial 22: qplus Stimulus Selection
Stimulus: 0.464
Output value -0.240

Q+ parameters
slope: 0.379 semiSat: 0.560 beta: 1.125 sigma: 0.271 
maxBOLD estimate = 1.175


Trial 23: qplus Stimulus Selection
Stimulus: 0.629
Output value 0.105

Q+ parameters
slope: 0.234 semiSat: 0.560 beta: 0.875 sigma: 0.271 
maxBOLD estimate = 1.322


Trial 24: qplus Stimulus Selection
Stimulus: 1.000
Output value 1.419

Q+ parameters
slope: 0.379 semiSat: 0.560 beta: 1.125 sigma: 0.218 
maxBOLD estimate = 1.156


Trial 25: maxBOLD Stimulus Selection
Stimulus: 1.000
Output value 1.508

Q+ parameters
slope: 0.379 semiSat: 0.560 beta: 1.062 sigma: 0.271 
maxBOLD estimate = 1.301


Trial 26: qplus Stimulus Selection
Stimulus: 0.505
Output value -0.220

Q+ parameters
slope: 0.616 semiSat: 0.560 beta: 0.875 sigma: 0.218 
maxBOLD estimate = 1.382


Trial 27: qplus Stimulus Selection
Stimulus: 0.505
Output value -0.247

Q+ parameters
slope: 0.379 semiSat: 0.560 beta: 1.125 sigma: 0.271 
maxBOLD estimate = 1.210


Trial 28: qplus Stimulus Selection
Stimulus: 0.505
Output value -0.216

Q+ parameters
slope: 0.616 semiSat: 0.560 beta: 0.875 sigma: 0.218 
maxBOLD estimate = 1.361


Trial 29: qplus Stimulus Selection
Stimulus: 0.505
Output value 1.096

Q+ parameters
slope: 0.298 semiSat: 0.560 beta: 1.125 sigma: 0.323 
maxBOLD estimate = 1.191


Trial 30: baseline Stimulus Selection
Stimulus: 0.010
Output value -0.274

Q+ parameters
slope: 0.379 semiSat: 0.560 beta: 1.125 sigma: 0.271 
maxBOLD estimate = 1.339

--------------------------------------------------------------
FINAL VALUES
--------------------------------------------------------------
Simulated parameters:              slope: 0.410 semiSat: 0.570 beta: 1.000 sigma: 0.250 
Max posterior QUEST+ parameters:   slope: 0.616 semiSat: 0.560 beta: 1.062 sigma: 0.323 
Max BADS parameters:               slope: 0.688 semiSat: 0.563 beta: 1.000 sigma: 0.273 
maxBOLD estimate: 1.514
