/blue/stevenweisberg/stevenweisberg/MATLAB/projects/Weisberg_Aguirre_2020/scripts/run_sims
c25a-s1.ufhpc
Thu Nov 12 16:49:44 EST 2020
cp: cannot stat ‘/blue/stevenweisberg/stevenweisberg/qpfMRIResults/deploy_sim.sh’: No such file or directory
cp: cannot stat ‘/blue/stevenweisberg/stevenweisberg/qpfMRIResults/sim_wrapper.sh’: No such file or directory
------------------------------------------
Setting up environment variables
---
LD_LIBRARY_PATH is .:/apps/matlab/mcr/2020b/v99/runtime/glnxa64:/apps/matlab/mcr/2020b/v99/bin/glnxa64:/apps/matlab/mcr/2020b/v99/sys/os/glnxa64:/apps/matlab/mcr/2020b/v99/sys/opengl/lib/glnxa64
Warning: Executing startup failed in matlabrc.
This indicates a potentially serious problem in your MATLAB setup, which should be resolved as soon as possible.  Error detected was:
MATLAB:mpath:PathAlterationNotSupported
Modifying the search path is not supported by MATLAB Compiler. Remove functions that modify the search path from your MATLAB code. To make files visible to your deployed application, add the parent folder to your MATLAB session.
Warning: No stimulus domain specified. Defaulting to values between 0.01 and 1.
> In qpfmriParams (line 182)
In compiledSimulate (line 205)
Stimulus domain added from input.
Parameter slope specified as 0.41000
Parameter semiSat specified as 0.57000
Parameter beta specified as 1.00000
Parameter sigma specified as 0.25000
seed = 99seed = 104seed = 111seed = 111seed = 115seed = 101Initializing Q+. This may take a minute...
Elapsed time is 10.360668 seconds.
Simulated parameters:
slope: 0.410 semiSat: 0.570 beta: 1.000 sigma: 0.250 

Trial 1: baseline Stimulus Selection
Stimulus: 0.010
Output value 0.000

Q+ parameters
slope: 0.026 semiSat: 0.890 beta: 0.500 sigma: 0.010 
maxBOLD estimate = 1.000


Trial 2: maxBOLD Stimulus Selection
Stimulus: 1.000
Output value 0.182

Q+ parameters
slope: 0.034 semiSat: 0.780 beta: 0.500 sigma: 0.010 
maxBOLD estimate = 1.000


Trial 3: baseline Stimulus Selection
Stimulus: 0.010
Output value 0.205

Q+ parameters
slope: 0.010 semiSat: 0.450 beta: 0.500 sigma: 1.000 
maxBOLD estimate = 0.500


Trial 4: maxBOLD Stimulus Selection
Stimulus: 1.000
Output value 0.341

Q+ parameters
slope: 0.055 semiSat: 0.670 beta: 1.250 sigma: 0.218 
maxBOLD estimate = 0.250


Trial 5: baseline Stimulus Selection
Stimulus: 0.010
Output value 0.511

Q+ parameters
slope: 0.016 semiSat: 0.450 beta: 1.500 sigma: 1.000 
maxBOLD estimate = 0.312


Trial 6: maxBOLD Stimulus Selection
Stimulus: 1.000
Output value 0.639

Q+ parameters
slope: 0.055 semiSat: 0.670 beta: 1.250 sigma: 0.739 
maxBOLD estimate = 0.469


Trial 7: qplus Stimulus Selection
Stimulus: 0.505
Output value 0.799

Q+ parameters
slope: 0.113 semiSat: 0.340 beta: 1.250 sigma: 0.323 
maxBOLD estimate = 0.586


Trial 8: qplus Stimulus Selection
Stimulus: 0.299
Output value -0.137

Q+ parameters
slope: 0.483 semiSat: 0.450 beta: 1.031 sigma: 0.271 
maxBOLD estimate = 0.732


Trial 9: qplus Stimulus Selection
Stimulus: 0.381
Output value -0.142

Q+ parameters
slope: 0.483 semiSat: 0.450 beta: 1.031 sigma: 0.271 
maxBOLD estimate = 0.755


Trial 10: baseline Stimulus Selection
Stimulus: 0.010
Output value 0.212

Q+ parameters
slope: 0.483 semiSat: 0.450 beta: 0.750 sigma: 0.323 
maxBOLD estimate = 0.779


Trial 11: qplus Stimulus Selection
Stimulus: 0.299
Output value 0.199

Q+ parameters
slope: 0.483 semiSat: 0.450 beta: 0.938 sigma: 0.375 
maxBOLD estimate = 0.584


Trial 12: qplus Stimulus Selection
Stimulus: 0.381
Output value -0.093

Q+ parameters
slope: 0.483 semiSat: 0.450 beta: 0.938 sigma: 0.323 
maxBOLD estimate = 0.548


Trial 13: qplus Stimulus Selection
Stimulus: 0.546
Output value -0.047

Q+ parameters
slope: 0.785 semiSat: 0.450 beta: 0.500 sigma: 1.000 
maxBOLD estimate = 0.513


Trial 14: qplus Stimulus Selection
Stimulus: 0.257
Output value -0.058

Q+ parameters
slope: 0.043 semiSat: 0.670 beta: 1.250 sigma: 1.000 
maxBOLD estimate = 0.257


Trial 15: maxBOLD Stimulus Selection
Stimulus: 1.000
Output value 0.361

Q+ parameters
slope: 0.070 semiSat: 0.560 beta: 1.031 sigma: 1.000 
maxBOLD estimate = 0.321


Trial 16: qplus Stimulus Selection
Stimulus: 1.000
Output value 0.372

Q+ parameters
slope: 0.070 semiSat: 0.560 beta: 1.031 sigma: 1.000 
maxBOLD estimate = 0.331


Trial 17: qplus Stimulus Selection
Stimulus: 1.000
Output value 0.384

Q+ parameters
slope: 0.070 semiSat: 0.560 beta: 1.031 sigma: 1.000 
maxBOLD estimate = 0.341


Trial 18: qplus Stimulus Selection
Stimulus: 0.959
Output value 0.396

Q+ parameters
slope: 0.070 semiSat: 0.560 beta: 1.031 sigma: 1.000 
maxBOLD estimate = 0.352


Trial 19: qplus Stimulus Selection
Stimulus: 0.959
Output value 0.408

Q+ parameters
slope: 0.070 semiSat: 0.560 beta: 1.031 sigma: 1.000 
maxBOLD estimate = 0.363


Trial 20: baseline Stimulus Selection
Stimulus: 0.010
Output value 0.268

Q+ parameters
slope: 0.034 semiSat: 0.670 beta: 1.125 sigma: 1.000 
maxBOLD estimate = 0.374


Trial 21: qplus Stimulus Selection
Stimulus: 1.000
Output value -0.038

Q+ parameters
slope: 0.070 semiSat: 0.230 beta: 0.500 sigma: 1.000 
maxBOLD estimate = 0.421


Trial 22: qplus Stimulus Selection
Stimulus: 0.092
Output value -0.033

Q+ parameters
slope: 0.010 semiSat: 0.120 beta: 0.875 sigma: 1.000 
maxBOLD estimate = 0.211


Trial 23: qplus Stimulus Selection
Stimulus: 0.010
Output value -0.029

Q+ parameters
slope: 0.010 semiSat: 0.120 beta: 0.875 sigma: 1.000 
maxBOLD estimate = 0.184


Trial 24: qplus Stimulus Selection
Stimulus: 0.010
Output value -0.026

Q+ parameters
slope: 0.010 semiSat: 0.120 beta: 0.875 sigma: 1.000 
maxBOLD estimate = 0.161


Trial 25: maxBOLD Stimulus Selection
Stimulus: 1.000
Output value 0.135

Q+ parameters
slope: 0.010 semiSat: 0.120 beta: 0.875 sigma: 1.000 
maxBOLD estimate = 0.141


Trial 26: qplus Stimulus Selection
Stimulus: 0.010
Output value -0.020

Q+ parameters
slope: 0.010 semiSat: 0.120 beta: 0.875 sigma: 1.000 
maxBOLD estimate = 0.123


Trial 27: qplus Stimulus Selection
Stimulus: 0.010
Output value -0.017

Q+ parameters
slope: 0.010 semiSat: 0.120 beta: 0.875 sigma: 1.000 
maxBOLD estimate = 0.108


Trial 28: qplus Stimulus Selection
Stimulus: 0.010
Output value -0.015

Q+ parameters
slope: 0.010 semiSat: 0.120 beta: 0.875 sigma: 1.000 
maxBOLD estimate = 0.094


Trial 29: qplus Stimulus Selection
Stimulus: 0.010
Output value 0.007

Q+ parameters
slope: 0.010 semiSat: 0.120 beta: 0.875 sigma: 1.000 
maxBOLD estimate = 0.083


Trial 30: baseline Stimulus Selection
Stimulus: 0.010
Output value -0.006

Q+ parameters
slope: 0.010 semiSat: 0.120 beta: 0.875 sigma: 1.000 
maxBOLD estimate = 0.072

--------------------------------------------------------------
FINAL VALUES
--------------------------------------------------------------
Simulated parameters:              slope: 0.410 semiSat: 0.570 beta: 1.000 sigma: 0.250 
Max posterior QUEST+ parameters:   slope: 0.010 semiSat: 0.120 beta: 0.875 sigma: 1.000 
Max BADS parameters:               slope: 0.346 semiSat: 0.016 beta: 1.000 sigma: 1.000 
maxBOLD estimate: 0.063
