/blue/stevenweisberg/stevenweisberg/MATLAB/projects/Weisberg_Aguirre_2020/scripts/run_sims
c30a-s22.ufhpc
Fri Nov 13 22:25:00 EST 2020
mkdir: cannot create directory ‘/blue/stevenweisberg/stevenweisberg/qpfMRIResults/model_parameter_set1/’: File exists
cp: cannot stat ‘/blue/stevenweisberg/stevenweisberg/qpfMRIResults/deploy_sim.sh’: No such file or directory
cp: cannot stat ‘/blue/stevenweisberg/stevenweisberg/qpfMRIResults/sim_wrapper.sh’: No such file or directory
------------------------------------------
Setting up environment variables
---
LD_LIBRARY_PATH is .:/apps/matlab/mcr/2020b/v99/runtime/glnxa64:/apps/matlab/mcr/2020b/v99/bin/glnxa64:/apps/matlab/mcr/2020b/v99/sys/os/glnxa64:/apps/matlab/mcr/2020b/v99/sys/opengl/lib/glnxa64
Warning: Executing startup failed in matlabrc.
This indicates a potentially serious problem in your MATLAB setup, which should be resolved as soon as possible.  Error detected was:
MATLAB:mpath:PathAlterationNotSupported
Modifying the search path is not supported by MATLAB Compiler. Remove functions that modify the search path from your MATLAB code. To make files visible to your deployed application, add the parent folder to your MATLAB session.
Warning: No stimulus domain specified. Defaulting to values between 0.01 and 1.
> In qpfmriParams (line 182)
In compiledSimulate (line 205)
Stimulus domain added from input.
Parameter slope specified as 0.41000
Parameter semiSat specified as 0.57000
Parameter beta specified as 1.00000
Parameter sigma specified as 0.15000
seed = 99seed = 104seed = 111seed = 111seed = 115seed = 101Initializing Q+. This may take a minute...
Elapsed time is 9.623819 seconds.
Simulated parameters:
slope: 0.410 semiSat: 0.570 beta: 1.000 sigma: 0.150 

Trial 1: baseline Stimulus Selection
Stimulus: 0.010
Output value 0.000

Q+ parameters
slope: 0.026 semiSat: 0.890 beta: 0.500 sigma: 0.010 
maxBOLD estimate = 1.000


Trial 2: maxBOLD Stimulus Selection
Stimulus: 1.000
Output value 1.364

Q+ parameters
slope: 0.055 semiSat: 0.670 beta: 1.250 sigma: 0.010 
maxBOLD estimate = 1.000


Trial 3: baseline Stimulus Selection
Stimulus: 0.010
Output value 0.284

Q+ parameters
slope: 0.055 semiSat: 0.670 beta: 1.250 sigma: 0.114 
maxBOLD estimate = 1.250


Trial 4: maxBOLD Stimulus Selection
Stimulus: 1.000
Output value 2.131

Q+ parameters
slope: 0.055 semiSat: 0.670 beta: 1.250 sigma: 0.062 
maxBOLD estimate = 1.562


Trial 5: baseline Stimulus Selection
Stimulus: 0.010
Output value -0.400

Q+ parameters
slope: 0.055 semiSat: 0.670 beta: 1.125 sigma: 0.166 
maxBOLD estimate = 1.953


Trial 6: maxBOLD Stimulus Selection
Stimulus: 1.000
Output value 1.798

Q+ parameters
slope: 0.043 semiSat: 0.780 beta: 1.125 sigma: 0.114 
maxBOLD estimate = 2.197


Trial 7: random Stimulus Selection
Stimulus: 0.835
Output value 1.517

Q+ parameters
slope: 0.070 semiSat: 0.450 beta: 0.750 sigma: 0.062 
maxBOLD estimate = 2.472


Trial 8: random Stimulus Selection
Stimulus: 0.340
Output value 0.000

Q+ parameters
slope: 0.144 semiSat: 0.560 beta: 1.000 sigma: 0.114 
maxBOLD estimate = 1.854


Trial 9: random Stimulus Selection
Stimulus: 0.381
Output value 0.337

Q+ parameters
slope: 0.144 semiSat: 0.560 beta: 1.000 sigma: 0.114 
maxBOLD estimate = 1.854


Trial 10: baseline Stimulus Selection
Stimulus: 0.010
Output value 0.000

Q+ parameters
slope: 0.144 semiSat: 0.560 beta: 1.000 sigma: 0.062 
maxBOLD estimate = 1.854


Trial 11: random Stimulus Selection
Stimulus: 0.711
Output value 1.433

Q+ parameters
slope: 0.089 semiSat: 0.560 beta: 1.062 sigma: 0.062 
maxBOLD estimate = 1.854


Trial 12: random Stimulus Selection
Stimulus: 0.340
Output value 0.381

Q+ parameters
slope: 0.089 semiSat: 0.560 beta: 1.062 sigma: 0.114 
maxBOLD estimate = 1.970


Trial 13: random Stimulus Selection
Stimulus: 0.835
Output value 1.427

Q+ parameters
slope: 0.089 semiSat: 0.560 beta: 0.938 sigma: 0.062 
maxBOLD estimate = 2.093


Trial 14: random Stimulus Selection
Stimulus: 0.918
Output value 2.085

Q+ parameters
slope: 0.089 semiSat: 0.670 beta: 1.062 sigma: 0.114 
maxBOLD estimate = 1.962


Trial 15: maxBOLD Stimulus Selection
Stimulus: 1.000
Output value 1.161

Q+ parameters
slope: 0.089 semiSat: 0.560 beta: 0.875 sigma: 0.114 
maxBOLD estimate = 2.085


Trial 16: random Stimulus Selection
Stimulus: 0.711
Output value 1.928

Q+ parameters
slope: 0.183 semiSat: 0.450 beta: 0.969 sigma: 0.114 
maxBOLD estimate = 1.824


Trial 17: random Stimulus Selection
Stimulus: 0.711
Output value 1.712

Q+ parameters
slope: 0.183 semiSat: 0.450 beta: 0.969 sigma: 0.114 
maxBOLD estimate = 1.767


Trial 18: random Stimulus Selection
Stimulus: 0.257
Output value 0.233

Q+ parameters
slope: 0.113 semiSat: 0.560 beta: 1.500 sigma: 0.114 
maxBOLD estimate = 1.712


Trial 19: random Stimulus Selection
Stimulus: 0.051
Output value 0.350

Q+ parameters
slope: 0.089 semiSat: 0.560 beta: 0.750 sigma: 0.062 
maxBOLD estimate = 2.568


Trial 20: baseline Stimulus Selection
Stimulus: 0.010
Output value 0.000

Q+ parameters
slope: 0.183 semiSat: 0.450 beta: 0.875 sigma: 0.114 
maxBOLD estimate = 1.926


Trial 21: random Stimulus Selection
Stimulus: 0.340
Output value 0.766

Q+ parameters
slope: 0.089 semiSat: 0.560 beta: 1.250 sigma: 0.114 
maxBOLD estimate = 1.685


Trial 22: random Stimulus Selection
Stimulus: 0.835
Output value 1.843

Q+ parameters
slope: 0.089 semiSat: 0.560 beta: 0.875 sigma: 0.114 
maxBOLD estimate = 2.106


Trial 23: random Stimulus Selection
Stimulus: 0.423
Output value 0.000

Q+ parameters
slope: 0.089 semiSat: 0.560 beta: 1.250 sigma: 0.166 
maxBOLD estimate = 1.843


Trial 24: random Stimulus Selection
Stimulus: 0.010
Output value 0.000

Q+ parameters
slope: 0.089 semiSat: 0.560 beta: 0.875 sigma: 0.114 
maxBOLD estimate = 2.304


Trial 25: maxBOLD Stimulus Selection
Stimulus: 1.000
Output value 0.962

Q+ parameters
slope: 0.089 semiSat: 0.560 beta: 0.875 sigma: 0.114 
maxBOLD estimate = 2.016


Trial 26: random Stimulus Selection
Stimulus: 1.000
Output value 1.804

Q+ parameters
slope: 0.089 semiSat: 0.560 beta: 1.250 sigma: 0.114 
maxBOLD estimate = 1.764


Trial 27: random Stimulus Selection
Stimulus: 0.175
Output value 0.301

Q+ parameters
slope: 0.113 semiSat: 0.450 beta: 0.750 sigma: 0.114 
maxBOLD estimate = 2.205


Trial 28: random Stimulus Selection
Stimulus: 0.216
Output value 0.188

Q+ parameters
slope: 0.089 semiSat: 0.560 beta: 1.250 sigma: 0.114 
maxBOLD estimate = 1.654


Trial 29: random Stimulus Selection
Stimulus: 0.505
Output value -0.282

Q+ parameters
slope: 0.616 semiSat: 0.560 beta: 0.750 sigma: 0.114 
maxBOLD estimate = 2.067


Trial 30: baseline Stimulus Selection
Stimulus: 0.010
Output value -0.352

Q+ parameters
slope: 0.089 semiSat: 0.560 beta: 1.250 sigma: 0.114 
maxBOLD estimate = 1.550

--------------------------------------------------------------
FINAL VALUES
--------------------------------------------------------------
Simulated parameters:              slope: 0.410 semiSat: 0.570 beta: 1.000 sigma: 0.150 
Max posterior QUEST+ parameters:   slope: 0.616 semiSat: 0.560 beta: 0.875 sigma: 0.166 
Max BADS parameters:               slope: 0.734 semiSat: 0.571 beta: 1.000 sigma: 0.160 
maxBOLD estimate: 2.015
