/blue/stevenweisberg/stevenweisberg/MATLAB/projects/Weisberg_Aguirre_2020/scripts/run_sims
c30a-s23.ufhpc
Fri Nov 13 22:02:49 EST 2020
mkdir: cannot create directory ‘/blue/stevenweisberg/stevenweisberg/qpfMRIResults/model_parameter_set1/’: File exists
cp: cannot stat ‘/blue/stevenweisberg/stevenweisberg/qpfMRIResults/deploy_sim.sh’: No such file or directory
cp: cannot stat ‘/blue/stevenweisberg/stevenweisberg/qpfMRIResults/sim_wrapper.sh’: No such file or directory
------------------------------------------
Setting up environment variables
---
LD_LIBRARY_PATH is .:/apps/matlab/mcr/2020b/v99/runtime/glnxa64:/apps/matlab/mcr/2020b/v99/bin/glnxa64:/apps/matlab/mcr/2020b/v99/sys/os/glnxa64:/apps/matlab/mcr/2020b/v99/sys/opengl/lib/glnxa64
Warning: Executing startup failed in matlabrc.
This indicates a potentially serious problem in your MATLAB setup, which should be resolved as soon as possible.  Error detected was:
MATLAB:mpath:PathAlterationNotSupported
Modifying the search path is not supported by MATLAB Compiler. Remove functions that modify the search path from your MATLAB code. To make files visible to your deployed application, add the parent folder to your MATLAB session.
Warning: No stimulus domain specified. Defaulting to values between 0.01 and 1.
> In qpfmriParams (line 182)
In compiledSimulate (line 205)
Stimulus domain added from input.
Parameter slope specified as 0.41000
Parameter semiSat specified as 0.57000
Parameter beta specified as 1.00000
Parameter sigma specified as 0.15000
seed = 99seed = 104seed = 111seed = 111seed = 115seed = 101Initializing Q+. This may take a minute...
Elapsed time is 9.658418 seconds.
Simulated parameters:
slope: 0.410 semiSat: 0.570 beta: 1.000 sigma: 0.150 

Trial 1: baseline Stimulus Selection
Stimulus: 0.010
Output value 0.000

Q+ parameters
slope: 0.026 semiSat: 0.890 beta: 0.500 sigma: 0.010 
maxBOLD estimate = 1.000


Trial 2: maxBOLD Stimulus Selection
Stimulus: 1.000
Output value 0.920

Q+ parameters
slope: 0.043 semiSat: 0.780 beta: 1.125 sigma: 0.010 
maxBOLD estimate = 1.000


Trial 3: baseline Stimulus Selection
Stimulus: 0.010
Output value -0.256

Q+ parameters
slope: 0.055 semiSat: 0.670 beta: 1.250 sigma: 0.114 
maxBOLD estimate = 1.125


Trial 4: maxBOLD Stimulus Selection
Stimulus: 1.000
Output value 0.479

Q+ parameters
slope: 0.043 semiSat: 0.780 beta: 1.250 sigma: 1.000 
maxBOLD estimate = 1.406


Trial 5: baseline Stimulus Selection
Stimulus: 0.010
Output value -0.360

Q+ parameters
slope: 0.055 semiSat: 0.670 beta: 1.125 sigma: 0.218 
maxBOLD estimate = 1.758


Trial 6: maxBOLD Stimulus Selection
Stimulus: 1.000
Output value 0.899

Q+ parameters
slope: 0.034 semiSat: 1.000 beta: 1.250 sigma: 0.218 
maxBOLD estimate = 1.978


Trial 7: qplus Stimulus Selection
Stimulus: 0.629
Output value 0.674

Q+ parameters
slope: 0.785 semiSat: 0.120 beta: 0.500 sigma: 0.114 
maxBOLD estimate = 2.472


Trial 8: qplus Stimulus Selection
Stimulus: 0.505
Output value -0.239

Q+ parameters
slope: 0.616 semiSat: 0.560 beta: 1.062 sigma: 0.166 
maxBOLD estimate = 1.236


Trial 9: qplus Stimulus Selection
Stimulus: 0.588
Output value 0.716

Q+ parameters
slope: 0.144 semiSat: 0.670 beta: 1.500 sigma: 0.166 
maxBOLD estimate = 1.313


Trial 10: baseline Stimulus Selection
Stimulus: 0.010
Output value 0.134

Q+ parameters
slope: 0.183 semiSat: 0.670 beta: 0.750 sigma: 0.114 
maxBOLD estimate = 1.970


Trial 11: qplus Stimulus Selection
Stimulus: 0.835
Output value 0.201

Q+ parameters
slope: 0.113 semiSat: 0.890 beta: 1.500 sigma: 0.271 
maxBOLD estimate = 1.477


Trial 12: qplus Stimulus Selection
Stimulus: 1.000
Output value 1.133

Q+ parameters
slope: 0.070 semiSat: 0.780 beta: 0.938 sigma: 0.114 
maxBOLD estimate = 2.216


Trial 13: qplus Stimulus Selection
Stimulus: 0.835
Output value 1.275

Q+ parameters
slope: 0.183 semiSat: 0.670 beta: 0.750 sigma: 0.166 
maxBOLD estimate = 2.078


Trial 14: qplus Stimulus Selection
Stimulus: 0.711
Output value 2.550

Q+ parameters
slope: 0.234 semiSat: 0.670 beta: 1.500 sigma: 0.218 
maxBOLD estimate = 1.558


Trial 15: maxBOLD Stimulus Selection
Stimulus: 1.000
Output value 0.319

Q+ parameters
slope: 1.000 semiSat: 0.560 beta: 0.500 sigma: 0.166 
maxBOLD estimate = 2.337


Trial 16: qplus Stimulus Selection
Stimulus: 0.711
Output value 1.912

Q+ parameters
slope: 0.234 semiSat: 0.670 beta: 1.500 sigma: 0.166 
maxBOLD estimate = 1.169


Trial 17: qplus Stimulus Selection
Stimulus: 0.588
Output value 1.434

Q+ parameters
slope: 0.234 semiSat: 0.670 beta: 1.500 sigma: 0.218 
maxBOLD estimate = 1.753


Trial 18: qplus Stimulus Selection
Stimulus: 0.629
Output value 0.896

Q+ parameters
slope: 0.055 semiSat: 0.670 beta: 0.750 sigma: 0.114 
maxBOLD estimate = 2.629


Trial 19: qplus Stimulus Selection
Stimulus: 0.753
Output value 3.227

Q+ parameters
slope: 0.234 semiSat: 0.670 beta: 1.500 sigma: 0.271 
maxBOLD estimate = 1.972


Trial 20: baseline Stimulus Selection
Stimulus: 0.010
Output value 0.134

Q+ parameters
slope: 0.183 semiSat: 0.560 beta: 0.500 sigma: 0.114 
maxBOLD estimate = 2.958


Trial 21: qplus Stimulus Selection
Stimulus: 0.629
Output value 1.714

Q+ parameters
slope: 0.298 semiSat: 0.560 beta: 1.062 sigma: 0.218 
maxBOLD estimate = 1.479


Trial 22: qplus Stimulus Selection
Stimulus: 0.629
Output value 1.366

Q+ parameters
slope: 0.298 semiSat: 0.560 beta: 1.062 sigma: 0.218 
maxBOLD estimate = 1.571


Trial 23: qplus Stimulus Selection
Stimulus: 0.629
Output value 1.878

Q+ parameters
slope: 0.379 semiSat: 0.560 beta: 1.125 sigma: 0.323 
maxBOLD estimate = 1.670


Trial 24: qplus Stimulus Selection
Stimulus: 0.629
Output value 0.961

Q+ parameters
slope: 0.379 semiSat: 0.560 beta: 1.125 sigma: 1.000 
maxBOLD estimate = 1.878


Trial 25: maxBOLD Stimulus Selection
Stimulus: 1.000
Output value 0.864

Q+ parameters
slope: 0.234 semiSat: 0.560 beta: 0.750 sigma: 0.166 
maxBOLD estimate = 2.113


Trial 26: qplus Stimulus Selection
Stimulus: 0.629
Output value 1.945

Q+ parameters
slope: 0.379 semiSat: 0.560 beta: 1.125 sigma: 0.271 
maxBOLD estimate = 1.585


Trial 27: qplus Stimulus Selection
Stimulus: 0.505
Output value 0.425

Q+ parameters
slope: 0.234 semiSat: 0.560 beta: 0.875 sigma: 0.166 
maxBOLD estimate = 1.783


Trial 28: qplus Stimulus Selection
Stimulus: 0.505
Output value 0.293

Q+ parameters
slope: 0.379 semiSat: 0.560 beta: 1.031 sigma: 0.218 
maxBOLD estimate = 1.560


Trial 29: qplus Stimulus Selection
Stimulus: 0.505
Output value 0.000

Q+ parameters
slope: 0.379 semiSat: 0.560 beta: 0.875 sigma: 0.166 
maxBOLD estimate = 1.609


Trial 30: baseline Stimulus Selection
Stimulus: 0.010
Output value -0.288

Q+ parameters
slope: 0.379 semiSat: 0.560 beta: 1.125 sigma: 0.166 
maxBOLD estimate = 1.408

--------------------------------------------------------------
FINAL VALUES
--------------------------------------------------------------
Simulated parameters:              slope: 0.410 semiSat: 0.570 beta: 1.000 sigma: 0.150 
Max posterior QUEST+ parameters:   slope: 0.234 semiSat: 0.560 beta: 1.000 sigma: 0.166 
Max BADS parameters:               slope: 0.485 semiSat: 0.603 beta: 1.000 sigma: 0.147 
maxBOLD estimate: 1.730
