/blue/stevenweisberg/stevenweisberg/MATLAB/projects/Weisberg_Aguirre_2020/scripts/run_sims
c0700a-s3.ufhpc
Wed Apr  7 00:53:18 EDT 2021
mkdir: cannot create directory ‘/blue/stevenweisberg/stevenweisberg/qpfMRIResults/model_parameter_set2/’: File exists
cp: cannot stat ‘/blue/stevenweisberg/stevenweisberg/qpfMRIResults/deploy_sim.sh’: No such file or directory
cp: cannot stat ‘/blue/stevenweisberg/stevenweisberg/qpfMRIResults/sim_wrapper.sh’: No such file or directory
------------------------------------------
Setting up environment variables
---
LD_LIBRARY_PATH is .:/apps/matlab/mcr/2020b/v99/runtime/glnxa64:/apps/matlab/mcr/2020b/v99/bin/glnxa64:/apps/matlab/mcr/2020b/v99/sys/os/glnxa64:/apps/matlab/mcr/2020b/v99/sys/opengl/lib/glnxa64
Warning: Executing startup failed in matlabrc.
This indicates a potentially serious problem in your MATLAB setup, which should be resolved as soon as possible.  Error detected was:
MATLAB:mpath:PathAlterationNotSupported
Modifying the search path is not supported by MATLAB Compiler. Remove functions that modify the search path from your MATLAB code. To make files visible to your deployed application, add the parent folder to your MATLAB session.
Warning: No stimulus domain specified. Defaulting to values between 0.01 and 1.
> In qpfmriParams (line 182)
In compiledSimulate (line 205)
Stimulus domain added from input.
Parameter slope specified as 0.20000
Parameter semiSat specified as 0.57000
Parameter beta specified as 1.00000
Parameter sigma specified as 0.10000
seed = 99seed = 104seed = 111seed = 111seed = 115seed = 101Initializing Q+. This may take a minute...
Elapsed time is 5.956848 seconds.
Simulated parameters:
slope: 0.200 semiSat: 0.570 beta: 1.000 sigma: 0.100 

Trial 1: baseline Stimulus Selection
Stimulus: 0.010
Output value 0.000

Q+ parameters
slope: 0.026 semiSat: 0.890 beta: 0.500 sigma: 0.010 
maxBOLD estimate = 1.000


Trial 2: maxBOLD Stimulus Selection
Stimulus: 1.000
Output value 1.364

Q+ parameters
slope: 0.055 semiSat: 0.670 beta: 1.250 sigma: 0.010 
maxBOLD estimate = 1.000


Trial 3: baseline Stimulus Selection
Stimulus: 0.010
Output value 0.142

Q+ parameters
slope: 0.055 semiSat: 0.670 beta: 1.250 sigma: 0.062 
maxBOLD estimate = 1.250


Trial 4: maxBOLD Stimulus Selection
Stimulus: 1.000
Output value 2.131

Q+ parameters
slope: 0.055 semiSat: 0.670 beta: 1.250 sigma: 0.062 
maxBOLD estimate = 1.562


Trial 5: baseline Stimulus Selection
Stimulus: 0.010
Output value -0.200

Q+ parameters
slope: 0.043 semiSat: 0.780 beta: 1.125 sigma: 0.062 
maxBOLD estimate = 1.953


Trial 6: maxBOLD Stimulus Selection
Stimulus: 1.000
Output value 1.548

Q+ parameters
slope: 0.043 semiSat: 0.780 beta: 0.969 sigma: 0.062 
maxBOLD estimate = 2.197


Trial 7: random Stimulus Selection
Stimulus: 0.175
Output value 0.000

Q+ parameters
slope: 0.055 semiSat: 0.780 beta: 1.031 sigma: 0.062 
maxBOLD estimate = 2.129


Trial 8: random Stimulus Selection
Stimulus: 1.000
Output value 1.796

Q+ parameters
slope: 0.043 semiSat: 1.000 beta: 1.500 sigma: 0.114 
maxBOLD estimate = 2.195


Trial 9: random Stimulus Selection
Stimulus: 0.051
Output value 0.262

Q+ parameters
slope: 0.043 semiSat: 0.890 beta: 0.875 sigma: 0.062 
maxBOLD estimate = 3.293


Trial 10: baseline Stimulus Selection
Stimulus: 0.010
Output value 0.000

Q+ parameters
slope: 0.043 semiSat: 0.890 beta: 0.969 sigma: 0.062 
maxBOLD estimate = 2.881


Trial 11: random Stimulus Selection
Stimulus: 0.959
Output value 1.554

Q+ parameters
slope: 0.055 semiSat: 0.780 beta: 0.875 sigma: 0.062 
maxBOLD estimate = 2.791


Trial 12: random Stimulus Selection
Stimulus: 0.546
Output value 1.166

Q+ parameters
slope: 0.144 semiSat: 0.450 beta: 0.750 sigma: 0.062 
maxBOLD estimate = 2.442


Trial 13: random Stimulus Selection
Stimulus: 0.299
Output value 0.468

Q+ parameters
slope: 0.070 semiSat: 0.450 beta: 0.938 sigma: 0.062 
maxBOLD estimate = 1.832


Trial 14: random Stimulus Selection
Stimulus: 0.299
Output value 0.000

Q+ parameters
slope: 0.144 semiSat: 0.450 beta: 0.875 sigma: 0.062 
maxBOLD estimate = 1.717


Trial 15: maxBOLD Stimulus Selection
Stimulus: 1.000
Output value 1.161

Q+ parameters
slope: 0.113 semiSat: 0.450 beta: 1.062 sigma: 0.114 
maxBOLD estimate = 1.503


Trial 16: random Stimulus Selection
Stimulus: 0.629
Output value 1.088

Q+ parameters
slope: 0.055 semiSat: 0.670 beta: 1.500 sigma: 0.114 
maxBOLD estimate = 1.596


Trial 17: random Stimulus Selection
Stimulus: 0.092
Output value 0.408

Q+ parameters
slope: 0.043 semiSat: 0.780 beta: 0.938 sigma: 0.062 
maxBOLD estimate = 2.395


Trial 18: random Stimulus Selection
Stimulus: 0.423
Output value -0.204

Q+ parameters
slope: 1.000 semiSat: 0.450 beta: 0.500 sigma: 0.114 
maxBOLD estimate = 2.245


Trial 19: random Stimulus Selection
Stimulus: 0.175
Output value -0.108

Q+ parameters
slope: 0.785 semiSat: 0.450 beta: 1.062 sigma: 0.166 
maxBOLD estimate = 1.122


Trial 20: baseline Stimulus Selection
Stimulus: 0.010
Output value -0.230

Q+ parameters
slope: 0.785 semiSat: 0.450 beta: 1.062 sigma: 0.166 
maxBOLD estimate = 1.193


Trial 21: random Stimulus Selection
Stimulus: 0.711
Output value 1.469

Q+ parameters
slope: 0.785 semiSat: 0.450 beta: 1.062 sigma: 0.166 
maxBOLD estimate = 1.267


Trial 22: random Stimulus Selection
Stimulus: 0.257
Output value 0.650

Q+ parameters
slope: 0.785 semiSat: 0.450 beta: 1.062 sigma: 0.166 
maxBOLD estimate = 1.346


Trial 23: random Stimulus Selection
Stimulus: 0.092
Output value 0.585

Q+ parameters
slope: 0.055 semiSat: 0.670 beta: 1.500 sigma: 0.114 
maxBOLD estimate = 1.431


Trial 24: random Stimulus Selection
Stimulus: 0.629
Output value 0.878

Q+ parameters
slope: 0.089 semiSat: 0.560 beta: 0.750 sigma: 0.114 
maxBOLD estimate = 2.146


Trial 25: maxBOLD Stimulus Selection
Stimulus: 1.000
Output value 2.633

Q+ parameters
slope: 0.055 semiSat: 0.670 beta: 1.500 sigma: 0.114 
maxBOLD estimate = 1.609


Trial 26: random Stimulus Selection
Stimulus: 0.918
Output value 1.481

Q+ parameters
slope: 0.089 semiSat: 0.560 beta: 0.750 sigma: 0.062 
maxBOLD estimate = 2.414


Trial 27: random Stimulus Selection
Stimulus: 0.505
Output value 0.617

Q+ parameters
slope: 0.089 semiSat: 0.560 beta: 0.938 sigma: 0.114 
maxBOLD estimate = 1.811


Trial 28: random Stimulus Selection
Stimulus: 0.092
Output value 0.463

Q+ parameters
slope: 0.055 semiSat: 0.670 beta: 1.500 sigma: 0.114 
maxBOLD estimate = 1.697


Trial 29: random Stimulus Selection
Stimulus: 0.670
Output value 1.389

Q+ parameters
slope: 0.089 semiSat: 0.560 beta: 0.750 sigma: 0.114 
maxBOLD estimate = 2.546


Trial 30: baseline Stimulus Selection
Stimulus: 0.010
Output value 0.168

Q+ parameters
slope: 0.089 semiSat: 0.560 beta: 0.969 sigma: 0.114 
maxBOLD estimate = 1.910


Trial 31: random Stimulus Selection
Stimulus: 0.216
Output value 0.326

Q+ parameters
slope: 0.089 semiSat: 0.560 beta: 0.969 sigma: 0.114 
maxBOLD estimate = 1.850


Trial 32: random Stimulus Selection
Stimulus: 0.918
Output value 1.894

Q+ parameters
slope: 0.089 semiSat: 0.560 beta: 0.969 sigma: 0.114 
maxBOLD estimate = 1.792


Trial 33: random Stimulus Selection
Stimulus: 0.876
Output value 1.835

Q+ parameters
slope: 0.144 semiSat: 0.560 beta: 0.969 sigma: 0.114 
maxBOLD estimate = 1.736


Trial 34: random Stimulus Selection
Stimulus: 0.629
Output value 1.605

Q+ parameters
slope: 0.055 semiSat: 0.670 beta: 1.500 sigma: 0.114 
maxBOLD estimate = 1.682


Trial 35: maxBOLD Stimulus Selection
Stimulus: 1.000
Output value 1.204

Q+ parameters
slope: 0.070 semiSat: 0.560 beta: 0.750 sigma: 0.062 
maxBOLD estimate = 2.523


Trial 36: random Stimulus Selection
Stimulus: 0.423
Output value 0.000

Q+ parameters
slope: 0.234 semiSat: 0.560 beta: 0.875 sigma: 0.114 
maxBOLD estimate = 1.892


Trial 37: random Stimulus Selection
Stimulus: 0.134
Output value -0.169

Q+ parameters
slope: 0.113 semiSat: 0.560 beta: 1.125 sigma: 0.114 
maxBOLD estimate = 1.656


Trial 38: random Stimulus Selection
Stimulus: 0.794
Output value 1.476

Q+ parameters
slope: 0.089 semiSat: 0.560 beta: 0.969 sigma: 0.114 
maxBOLD estimate = 1.862


Trial 39: random Stimulus Selection
Stimulus: 0.505
Output value 0.287

Q+ parameters
slope: 0.144 semiSat: 0.560 beta: 0.875 sigma: 0.114 
maxBOLD estimate = 1.804


Trial 40: baseline Stimulus Selection
Stimulus: 0.010
Output value -0.161

Q+ parameters
slope: 0.113 semiSat: 0.560 beta: 1.125 sigma: 0.114 
maxBOLD estimate = 1.579


Trial 41: random Stimulus Selection
Stimulus: 0.464
Output value 0.000

Q+ parameters
slope: 0.234 semiSat: 0.560 beta: 0.875 sigma: 0.114 
maxBOLD estimate = 1.776


Trial 42: random Stimulus Selection
Stimulus: 0.835
Output value 1.907

Q+ parameters
slope: 0.113 semiSat: 0.560 beta: 1.125 sigma: 0.114 
maxBOLD estimate = 1.554


Trial 43: random Stimulus Selection
Stimulus: 0.959
Output value 0.834

Q+ parameters
slope: 0.234 semiSat: 0.560 beta: 0.875 sigma: 0.114 
maxBOLD estimate = 1.748


Trial 44: random Stimulus Selection
Stimulus: 0.753
Output value 1.877

Q+ parameters
slope: 0.113 semiSat: 0.560 beta: 1.125 sigma: 0.114 
maxBOLD estimate = 1.530


Trial 45: maxBOLD Stimulus Selection
Stimulus: 1.000
Output value 1.667

Q+ parameters
slope: 0.144 semiSat: 0.560 beta: 0.969 sigma: 0.114 
maxBOLD estimate = 1.721


Trial 46: random Stimulus Selection
Stimulus: 0.423
Output value 0.440

Q+ parameters
slope: 0.144 semiSat: 0.560 beta: 0.969 sigma: 0.114 
maxBOLD estimate = 1.667


Trial 47: random Stimulus Selection
Stimulus: 0.835
Output value 1.716

Q+ parameters
slope: 0.234 semiSat: 0.560 beta: 1.062 sigma: 0.166 
maxBOLD estimate = 1.615


Trial 48: random Stimulus Selection
Stimulus: 0.835
Output value 1.360

Q+ parameters
slope: 0.144 semiSat: 0.560 beta: 0.969 sigma: 0.114 
maxBOLD estimate = 1.716


Trial 49: random Stimulus Selection
Stimulus: 0.794
Output value 1.318

Q+ parameters
slope: 0.144 semiSat: 0.560 beta: 0.969 sigma: 0.114 
maxBOLD estimate = 1.662


Trial 50: baseline Stimulus Selection
Stimulus: 0.010
Output value 0.000

Q+ parameters
slope: 0.234 semiSat: 0.560 beta: 1.031 sigma: 0.114 
maxBOLD estimate = 1.610


Trial 51: random Stimulus Selection
Stimulus: 0.835
Output value 1.316

Q+ parameters
slope: 0.144 semiSat: 0.560 beta: 0.969 sigma: 0.114 
maxBOLD estimate = 1.661


Trial 52: random Stimulus Selection
Stimulus: 0.918
Output value 1.399

Q+ parameters
slope: 0.144 semiSat: 0.560 beta: 1.062 sigma: 0.114 
maxBOLD estimate = 1.609


Trial 53: random Stimulus Selection
Stimulus: 0.629
Output value 1.505

Q+ parameters
slope: 0.144 semiSat: 0.560 beta: 0.969 sigma: 0.114 
maxBOLD estimate = 1.709


Trial 54: random Stimulus Selection
Stimulus: 0.010
Output value 0.292

Q+ parameters
slope: 0.144 semiSat: 0.560 beta: 0.969 sigma: 0.114 
maxBOLD estimate = 1.656


Trial 55: maxBOLD Stimulus Selection
Stimulus: 1.000
Output value 1.805

Q+ parameters
slope: 0.234 semiSat: 0.560 beta: 1.031 sigma: 0.114 
maxBOLD estimate = 1.604


Trial 56: random Stimulus Selection
Stimulus: 0.670
Output value 1.861

Q+ parameters
slope: 0.234 semiSat: 0.560 beta: 1.031 sigma: 0.114 
maxBOLD estimate = 1.654


Trial 57: random Stimulus Selection
Stimulus: 0.464
Output value 0.451

Q+ parameters
slope: 0.144 semiSat: 0.560 beta: 0.969 sigma: 0.114 
maxBOLD estimate = 1.706


Trial 58: random Stimulus Selection
Stimulus: 0.918
Output value 1.859

Q+ parameters
slope: 0.234 semiSat: 0.560 beta: 1.031 sigma: 0.114 
maxBOLD estimate = 1.653


Trial 59: random Stimulus Selection
Stimulus: 0.711
Output value 1.801

Q+ parameters
slope: 0.144 semiSat: 0.560 beta: 0.969 sigma: 0.114 
maxBOLD estimate = 1.704


Trial 60: baseline Stimulus Selection
Stimulus: 0.010
Output value 0.000

Q+ parameters
slope: 0.234 semiSat: 0.560 beta: 1.031 sigma: 0.114 
maxBOLD estimate = 1.651


Trial 61: random Stimulus Selection
Stimulus: 0.711
Output value 1.800

Q+ parameters
slope: 0.144 semiSat: 0.560 beta: 0.969 sigma: 0.114 
maxBOLD estimate = 1.703


Trial 62: random Stimulus Selection
Stimulus: 0.546
Output value 0.773

Q+ parameters
slope: 0.234 semiSat: 0.560 beta: 1.031 sigma: 0.114 
maxBOLD estimate = 1.650


Trial 63: random Stimulus Selection
Stimulus: 0.340
Output value 0.300

Q+ parameters
slope: 0.144 semiSat: 0.560 beta: 0.969 sigma: 0.114 
maxBOLD estimate = 1.701


Trial 64: random Stimulus Selection
Stimulus: 0.216
Output value 0.000

Q+ parameters
slope: 0.234 semiSat: 0.560 beta: 1.031 sigma: 0.114 
maxBOLD estimate = 1.648


Trial 65: maxBOLD Stimulus Selection
Stimulus: 1.000
Output value 1.646

Q+ parameters
slope: 0.144 semiSat: 0.560 beta: 0.969 sigma: 0.114 
maxBOLD estimate = 1.699


Trial 66: random Stimulus Selection
Stimulus: 0.464
Output value 0.000

Q+ parameters
slope: 0.234 semiSat: 0.560 beta: 1.031 sigma: 0.114 
maxBOLD estimate = 1.646


Trial 67: random Stimulus Selection
Stimulus: 0.629
Output value 1.047

Q+ parameters
slope: 0.144 semiSat: 0.560 beta: 0.969 sigma: 0.114 
maxBOLD estimate = 1.698


Trial 68: random Stimulus Selection
Stimulus: 0.051
Output value 0.000

Q+ parameters
slope: 0.234 semiSat: 0.560 beta: 1.031 sigma: 0.114 
maxBOLD estimate = 1.645


Trial 69: random Stimulus Selection
Stimulus: 0.257
Output value 0.000

Q+ parameters
slope: 0.144 semiSat: 0.560 beta: 0.969 sigma: 0.114 
maxBOLD estimate = 1.696


Trial 70: baseline Stimulus Selection
Stimulus: 0.010
Output value 0.154

Q+ parameters
slope: 0.234 semiSat: 0.560 beta: 1.031 sigma: 0.114 
maxBOLD estimate = 1.643


Trial 71: random Stimulus Selection
Stimulus: 0.134
Output value -0.298

Q+ parameters
slope: 0.144 semiSat: 0.560 beta: 0.969 sigma: 0.114 
maxBOLD estimate = 1.694


Trial 72: random Stimulus Selection
Stimulus: 0.134
Output value -0.154

Q+ parameters
slope: 0.234 semiSat: 0.560 beta: 1.031 sigma: 0.114 
maxBOLD estimate = 1.642


Trial 73: random Stimulus Selection
Stimulus: 0.546
Output value 0.447

Q+ parameters
slope: 0.144 semiSat: 0.560 beta: 0.969 sigma: 0.114 
maxBOLD estimate = 1.693


Trial 74: random Stimulus Selection
Stimulus: 0.670
Output value 1.384

Q+ parameters
slope: 0.234 semiSat: 0.560 beta: 1.031 sigma: 0.114 
maxBOLD estimate = 1.640


Trial 75: maxBOLD Stimulus Selection
Stimulus: 1.000
Output value 1.489

Q+ parameters
slope: 0.144 semiSat: 0.560 beta: 0.969 sigma: 0.114 
maxBOLD estimate = 1.691


Trial 76: random Stimulus Selection
Stimulus: 0.299
Output value 0.000

Q+ parameters
slope: 0.234 semiSat: 0.560 beta: 1.031 sigma: 0.114 
maxBOLD estimate = 1.638


Trial 77: random Stimulus Selection
Stimulus: 0.010
Output value 0.149

Q+ parameters
slope: 0.144 semiSat: 0.560 beta: 0.969 sigma: 0.114 
maxBOLD estimate = 1.690


Trial 78: random Stimulus Selection
Stimulus: 0.794
Output value 1.586

Q+ parameters
slope: 0.144 semiSat: 0.560 beta: 0.969 sigma: 0.114 
maxBOLD estimate = 1.637


Trial 79: random Stimulus Selection
Stimulus: 0.629
Output value 0.892

Q+ parameters
slope: 0.234 semiSat: 0.560 beta: 1.031 sigma: 0.114 
maxBOLD estimate = 1.586


Trial 80: baseline Stimulus Selection
Stimulus: 0.010
Output value 0.144

Q+ parameters
slope: 0.144 semiSat: 0.560 beta: 0.969 sigma: 0.114 
maxBOLD estimate = 1.635


Trial 81: random Stimulus Selection
Stimulus: 0.010
Output value -0.149

Q+ parameters
slope: 0.234 semiSat: 0.560 beta: 1.031 sigma: 0.114 
maxBOLD estimate = 1.584


Trial 82: random Stimulus Selection
Stimulus: 0.588
Output value 0.575

Q+ parameters
slope: 0.144 semiSat: 0.560 beta: 0.969 sigma: 0.114 
maxBOLD estimate = 1.634


Trial 83: random Stimulus Selection
Stimulus: 0.464
Output value 0.000

Q+ parameters
slope: 0.234 semiSat: 0.560 beta: 1.031 sigma: 0.114 
maxBOLD estimate = 1.582


Trial 84: random Stimulus Selection
Stimulus: 0.505
Output value 0.000

Q+ parameters
slope: 0.234 semiSat: 0.560 beta: 1.031 sigma: 0.114 
maxBOLD estimate = 1.632


Trial 85: maxBOLD Stimulus Selection
Stimulus: 1.000
Output value 1.205

Q+ parameters
slope: 0.234 semiSat: 0.560 beta: 0.875 sigma: 0.114 
maxBOLD estimate = 1.683


Trial 86: random Stimulus Selection
Stimulus: 0.753
Output value 1.657

Q+ parameters
slope: 0.234 semiSat: 0.560 beta: 1.125 sigma: 0.114 
maxBOLD estimate = 1.473


Trial 87: random Stimulus Selection
Stimulus: 0.670
Output value 1.450

Q+ parameters
slope: 0.234 semiSat: 0.560 beta: 0.875 sigma: 0.114 
maxBOLD estimate = 1.657


Trial 88: random Stimulus Selection
Stimulus: 0.423
Output value -0.297

Q+ parameters
slope: 0.234 semiSat: 0.560 beta: 1.125 sigma: 0.114 
maxBOLD estimate = 1.450


Trial 89: random Stimulus Selection
Stimulus: 0.010
Output value 0.000

Q+ parameters
slope: 0.234 semiSat: 0.560 beta: 1.031 sigma: 0.114 
maxBOLD estimate = 1.631


Trial 90: baseline Stimulus Selection
Stimulus: 0.010
Output value 0.000

Q+ parameters
slope: 0.234 semiSat: 0.560 beta: 0.875 sigma: 0.114 
maxBOLD estimate = 1.682


Trial 91: random Stimulus Selection
Stimulus: 0.835
Output value 1.354

Q+ parameters
slope: 0.234 semiSat: 0.560 beta: 1.125 sigma: 0.114 
maxBOLD estimate = 1.472


Trial 92: random Stimulus Selection
Stimulus: 0.546
Output value 0.875

Q+ parameters
slope: 0.144 semiSat: 0.560 beta: 0.969 sigma: 0.114 
maxBOLD estimate = 1.655


Trial 93: random Stimulus Selection
Stimulus: 0.546
Output value 0.902

Q+ parameters
slope: 0.234 semiSat: 0.560 beta: 1.031 sigma: 0.114 
maxBOLD estimate = 1.604


Trial 94: random Stimulus Selection
Stimulus: 0.546
Output value 1.165

Q+ parameters
slope: 0.144 semiSat: 0.560 beta: 0.969 sigma: 0.114 
maxBOLD estimate = 1.654


Trial 95: maxBOLD Stimulus Selection
Stimulus: 1.000
Output value 1.652

Q+ parameters
slope: 0.234 semiSat: 0.560 beta: 1.031 sigma: 0.114 
maxBOLD estimate = 1.602


Trial 96: random Stimulus Selection
Stimulus: 0.876
Output value 1.310

Q+ parameters
slope: 0.144 semiSat: 0.560 beta: 0.969 sigma: 0.114 
maxBOLD estimate = 1.652


Trial 97: random Stimulus Selection
Stimulus: 0.505
Output value 0.750

Q+ parameters
slope: 0.234 semiSat: 0.560 beta: 1.031 sigma: 0.114 
maxBOLD estimate = 1.601


Trial 98: random Stimulus Selection
Stimulus: 0.381
Output value -0.309

Q+ parameters
slope: 0.234 semiSat: 0.560 beta: 1.031 sigma: 0.114 
maxBOLD estimate = 1.651


Trial 99: random Stimulus Selection
Stimulus: 0.918
Output value 1.219

Q+ parameters
slope: 0.234 semiSat: 0.560 beta: 0.875 sigma: 0.114 
maxBOLD estimate = 1.702


Trial 100: baseline Stimulus Selection
Stimulus: 0.010
Output value 0.140

Q+ parameters
slope: 0.234 semiSat: 0.560 beta: 1.031 sigma: 0.114 
maxBOLD estimate = 1.489

--------------------------------------------------------------
FINAL VALUES
--------------------------------------------------------------
Simulated parameters:              slope: 0.200 semiSat: 0.570 beta: 1.000 sigma: 0.100 
Max posterior QUEST+ parameters:   slope: 0.234 semiSat: 0.560 beta: 1.031 sigma: 0.114 
Max BADS parameters:               slope: 0.222 semiSat: 0.562 beta: 1.000 sigma: 0.116 
maxBOLD estimate: 1.559
