/blue/stevenweisberg/stevenweisberg/MATLAB/projects/Weisberg_Aguirre_2020/scripts/run_sims
c0702a-s16.ufhpc
Wed Apr  7 09:55:23 EDT 2021
mkdir: cannot create directory ‘/blue/stevenweisberg/stevenweisberg/qpfMRIResults/model_parameter_set2/’: File exists
cp: cannot stat ‘/blue/stevenweisberg/stevenweisberg/qpfMRIResults/deploy_sim.sh’: No such file or directory
cp: cannot stat ‘/blue/stevenweisberg/stevenweisberg/qpfMRIResults/sim_wrapper.sh’: No such file or directory
------------------------------------------
Setting up environment variables
---
LD_LIBRARY_PATH is .:/apps/matlab/mcr/2020b/v99/runtime/glnxa64:/apps/matlab/mcr/2020b/v99/bin/glnxa64:/apps/matlab/mcr/2020b/v99/sys/os/glnxa64:/apps/matlab/mcr/2020b/v99/sys/opengl/lib/glnxa64
Warning: Executing startup failed in matlabrc.
This indicates a potentially serious problem in your MATLAB setup, which should be resolved as soon as possible.  Error detected was:
MATLAB:mpath:PathAlterationNotSupported
Modifying the search path is not supported by MATLAB Compiler. Remove functions that modify the search path from your MATLAB code. To make files visible to your deployed application, add the parent folder to your MATLAB session.
Warning: No stimulus domain specified. Defaulting to values between 0.01 and 1.
> In qpfmriParams (line 182)
In compiledSimulate (line 205)
Stimulus domain added from input.
Parameter slope specified as 0.20000
Parameter semiSat specified as 0.57000
Parameter beta specified as 1.00000
Parameter sigma specified as 0.15000
seed = 99seed = 104seed = 111seed = 111seed = 115seed = 101Initializing Q+. This may take a minute...
Elapsed time is 9.201447 seconds.
Simulated parameters:
slope: 0.200 semiSat: 0.570 beta: 1.000 sigma: 0.150 

Trial 1: baseline Stimulus Selection
Stimulus: 0.010
Output value 0.000

Q+ parameters
slope: 0.026 semiSat: 0.890 beta: 0.500 sigma: 0.010 
maxBOLD estimate = 1.000


Trial 2: maxBOLD Stimulus Selection
Stimulus: 1.000
Output value 1.364

Q+ parameters
slope: 0.055 semiSat: 0.670 beta: 1.250 sigma: 0.010 
maxBOLD estimate = 1.000


Trial 3: baseline Stimulus Selection
Stimulus: 0.010
Output value -0.128

Q+ parameters
slope: 0.055 semiSat: 0.670 beta: 1.125 sigma: 0.062 
maxBOLD estimate = 1.250


Trial 4: maxBOLD Stimulus Selection
Stimulus: 1.000
Output value 1.151

Q+ parameters
slope: 0.043 semiSat: 0.780 beta: 1.125 sigma: 0.062 
maxBOLD estimate = 1.406


Trial 5: baseline Stimulus Selection
Stimulus: 0.010
Output value 0.431

Q+ parameters
slope: 0.034 semiSat: 0.890 beta: 0.750 sigma: 0.166 
maxBOLD estimate = 1.582


Trial 6: maxBOLD Stimulus Selection
Stimulus: 1.000
Output value 1.618

Q+ parameters
slope: 0.055 semiSat: 0.670 beta: 1.250 sigma: 0.218 
maxBOLD estimate = 1.187


Trial 7: random Stimulus Selection
Stimulus: 1.000
Output value 1.820

Q+ parameters
slope: 0.055 semiSat: 0.670 beta: 1.125 sigma: 0.166 
maxBOLD estimate = 1.483


Trial 8: random Stimulus Selection
Stimulus: 0.588
Output value 1.280

Q+ parameters
slope: 0.113 semiSat: 0.340 beta: 0.938 sigma: 0.166 
maxBOLD estimate = 1.669


Trial 9: random Stimulus Selection
Stimulus: 0.670
Output value 2.560

Q+ parameters
slope: 0.113 semiSat: 0.560 beta: 1.500 sigma: 0.166 
maxBOLD estimate = 1.564


Trial 10: baseline Stimulus Selection
Stimulus: 0.010
Output value 0.000

Q+ parameters
slope: 0.070 semiSat: 0.450 beta: 0.750 sigma: 0.114 
maxBOLD estimate = 2.346


Trial 11: random Stimulus Selection
Stimulus: 0.959
Output value 1.500

Q+ parameters
slope: 0.379 semiSat: 0.560 beta: 0.938 sigma: 0.166 
maxBOLD estimate = 1.760


Trial 12: random Stimulus Selection
Stimulus: 0.299
Output value -0.291

Q+ parameters
slope: 0.234 semiSat: 0.450 beta: 0.969 sigma: 0.166 
maxBOLD estimate = 1.650


Trial 13: random Stimulus Selection
Stimulus: 0.918
Output value 2.615

Q+ parameters
slope: 0.144 semiSat: 0.560 beta: 1.500 sigma: 0.166 
maxBOLD estimate = 1.598


Trial 14: random Stimulus Selection
Stimulus: 0.175
Output value -0.163

Q+ parameters
slope: 0.298 semiSat: 0.560 beta: 0.750 sigma: 0.114 
maxBOLD estimate = 2.397


Trial 15: maxBOLD Stimulus Selection
Stimulus: 1.000
Output value 0.429

Q+ parameters
slope: 0.234 semiSat: 0.450 beta: 0.875 sigma: 0.218 
maxBOLD estimate = 1.798


Trial 16: random Stimulus Selection
Stimulus: 0.629
Output value 0.885

Q+ parameters
slope: 0.234 semiSat: 0.560 beta: 1.031 sigma: 0.166 
maxBOLD estimate = 1.573


Trial 17: random Stimulus Selection
Stimulus: 0.092
Output value 0.295

Q+ parameters
slope: 0.144 semiSat: 0.560 beta: 1.000 sigma: 0.166 
maxBOLD estimate = 1.622


Trial 18: random Stimulus Selection
Stimulus: 0.711
Output value 1.825

Q+ parameters
slope: 0.234 semiSat: 0.560 beta: 1.031 sigma: 0.166 
maxBOLD estimate = 1.622


Trial 19: random Stimulus Selection
Stimulus: 0.464
Output value -0.266

Q+ parameters
slope: 0.483 semiSat: 0.560 beta: 0.875 sigma: 0.166 
maxBOLD estimate = 1.673


Trial 20: baseline Stimulus Selection
Stimulus: 0.010
Output value 0.137

Q+ parameters
slope: 0.234 semiSat: 0.560 beta: 1.031 sigma: 0.166 
maxBOLD estimate = 1.464


Trial 21: random Stimulus Selection
Stimulus: 0.794
Output value 1.698

Q+ parameters
slope: 0.234 semiSat: 0.560 beta: 1.031 sigma: 0.166 
maxBOLD estimate = 1.510


Trial 22: random Stimulus Selection
Stimulus: 0.340
Output value -0.292

Q+ parameters
slope: 0.234 semiSat: 0.560 beta: 1.031 sigma: 0.166 
maxBOLD estimate = 1.557


Trial 23: random Stimulus Selection
Stimulus: 0.918
Output value 1.656

Q+ parameters
slope: 0.234 semiSat: 0.560 beta: 1.031 sigma: 0.166 
maxBOLD estimate = 1.606


Trial 24: random Stimulus Selection
Stimulus: 0.588
Output value 0.903

Q+ parameters
slope: 0.113 semiSat: 0.670 beta: 1.500 sigma: 0.166 
maxBOLD estimate = 1.656


Trial 25: maxBOLD Stimulus Selection
Stimulus: 1.000
Output value 1.016

Q+ parameters
slope: 0.183 semiSat: 0.560 beta: 0.750 sigma: 0.114 
maxBOLD estimate = 2.484


Trial 26: random Stimulus Selection
Stimulus: 0.010
Output value -0.296

Q+ parameters
slope: 0.234 semiSat: 0.560 beta: 0.875 sigma: 0.166 
maxBOLD estimate = 1.863


Trial 27: random Stimulus Selection
Stimulus: 0.753
Output value 2.223

Q+ parameters
slope: 0.113 semiSat: 0.670 beta: 1.500 sigma: 0.166 
maxBOLD estimate = 1.630


Trial 28: random Stimulus Selection
Stimulus: 0.010
Output value 0.167

Q+ parameters
slope: 0.144 semiSat: 0.670 beta: 0.750 sigma: 0.114 
maxBOLD estimate = 2.445


Trial 29: random Stimulus Selection
Stimulus: 0.092
Output value 0.250

Q+ parameters
slope: 0.113 semiSat: 0.670 beta: 1.500 sigma: 0.166 
maxBOLD estimate = 1.834


Trial 30: baseline Stimulus Selection
Stimulus: 0.010
Output value 0.500

Q+ parameters
slope: 0.144 semiSat: 0.560 beta: 0.500 sigma: 0.114 
maxBOLD estimate = 2.750


Trial 31: random Stimulus Selection
Stimulus: 0.753
Output value 1.547

Q+ parameters
slope: 0.234 semiSat: 0.560 beta: 1.125 sigma: 0.166 
maxBOLD estimate = 1.375


Trial 32: random Stimulus Selection
Stimulus: 0.464
Output value 0.000

Q+ parameters
slope: 0.113 semiSat: 0.670 beta: 1.500 sigma: 0.166 
maxBOLD estimate = 1.547


Trial 33: random Stimulus Selection
Stimulus: 0.794
Output value 0.791

Q+ parameters
slope: 0.183 semiSat: 0.560 beta: 0.750 sigma: 0.114 
maxBOLD estimate = 2.321


Trial 34: random Stimulus Selection
Stimulus: 0.092
Output value 0.237

Q+ parameters
slope: 0.113 semiSat: 0.670 beta: 1.500 sigma: 0.166 
maxBOLD estimate = 1.741


Trial 35: maxBOLD Stimulus Selection
Stimulus: 1.000
Output value 1.246

Q+ parameters
slope: 0.089 semiSat: 0.670 beta: 0.750 sigma: 0.114 
maxBOLD estimate = 2.611


Trial 36: random Stimulus Selection
Stimulus: 0.711
Output value 0.935

Q+ parameters
slope: 0.183 semiSat: 0.560 beta: 0.750 sigma: 0.114 
maxBOLD estimate = 1.958


Trial 37: random Stimulus Selection
Stimulus: 0.588
Output value 0.601

Q+ parameters
slope: 0.113 semiSat: 0.670 beta: 1.500 sigma: 0.166 
maxBOLD estimate = 1.469


Trial 38: random Stimulus Selection
Stimulus: 0.051
Output value 0.150

Q+ parameters
slope: 0.183 semiSat: 0.560 beta: 0.750 sigma: 0.114 
maxBOLD estimate = 2.203


Trial 39: random Stimulus Selection
Stimulus: 0.092
Output value -0.225

Q+ parameters
slope: 0.113 semiSat: 0.670 beta: 1.500 sigma: 0.166 
maxBOLD estimate = 1.652


Trial 40: baseline Stimulus Selection
Stimulus: 0.010
Output value -0.169

Q+ parameters
slope: 0.089 semiSat: 0.670 beta: 0.750 sigma: 0.114 
maxBOLD estimate = 2.478


Trial 41: random Stimulus Selection
Stimulus: 0.794
Output value 1.035

Q+ parameters
slope: 0.183 semiSat: 0.560 beta: 0.875 sigma: 0.166 
maxBOLD estimate = 1.859


Trial 42: random Stimulus Selection
Stimulus: 0.299
Output value -0.444

Q+ parameters
slope: 0.113 semiSat: 0.670 beta: 1.500 sigma: 0.166 
maxBOLD estimate = 1.626


Trial 43: random Stimulus Selection
Stimulus: 0.959
Output value 1.497

Q+ parameters
slope: 0.183 semiSat: 0.560 beta: 0.750 sigma: 0.114 
maxBOLD estimate = 2.439


Trial 44: random Stimulus Selection
Stimulus: 0.051
Output value 0.146

Q+ parameters
slope: 0.183 semiSat: 0.560 beta: 0.875 sigma: 0.166 
maxBOLD estimate = 1.830


Trial 45: maxBOLD Stimulus Selection
Stimulus: 1.000
Output value 1.746

Q+ parameters
slope: 0.113 semiSat: 0.670 beta: 1.500 sigma: 0.166 
maxBOLD estimate = 1.601


Trial 46: random Stimulus Selection
Stimulus: 0.835
Output value 1.310

Q+ parameters
slope: 0.183 semiSat: 0.560 beta: 0.750 sigma: 0.114 
maxBOLD estimate = 2.401


Trial 47: random Stimulus Selection
Stimulus: 0.588
Output value 0.000

Q+ parameters
slope: 0.183 semiSat: 0.670 beta: 1.500 sigma: 0.218 
maxBOLD estimate = 1.801


Trial 48: random Stimulus Selection
Stimulus: 0.381
Output value 0.368

Q+ parameters
slope: 0.070 semiSat: 0.670 beta: 0.750 sigma: 0.114 
maxBOLD estimate = 2.702


Trial 49: random Stimulus Selection
Stimulus: 0.051
Output value -0.276

Q+ parameters
slope: 0.183 semiSat: 0.560 beta: 0.750 sigma: 0.166 
maxBOLD estimate = 2.026


Trial 50: baseline Stimulus Selection
Stimulus: 0.010
Output value -0.311

Q+ parameters
slope: 0.234 semiSat: 0.560 beta: 1.125 sigma: 0.166 
maxBOLD estimate = 1.520


Trial 51: random Stimulus Selection
Stimulus: 0.464
Output value -0.466

Q+ parameters
slope: 0.144 semiSat: 0.670 beta: 1.500 sigma: 0.166 
maxBOLD estimate = 1.710


Trial 52: random Stimulus Selection
Stimulus: 0.340
Output value -0.175

Q+ parameters
slope: 0.089 semiSat: 0.670 beta: 0.750 sigma: 0.114 
maxBOLD estimate = 2.564


Trial 53: random Stimulus Selection
Stimulus: 0.299
Output value 0.000

Q+ parameters
slope: 0.183 semiSat: 0.560 beta: 0.875 sigma: 0.166 
maxBOLD estimate = 1.923


Trial 54: random Stimulus Selection
Stimulus: 0.505
Output value 1.377

Q+ parameters
slope: 0.113 semiSat: 0.670 beta: 1.500 sigma: 0.166 
maxBOLD estimate = 1.683


Trial 55: maxBOLD Stimulus Selection
Stimulus: 1.000
Output value 1.205

Q+ parameters
slope: 0.089 semiSat: 0.670 beta: 0.750 sigma: 0.114 
maxBOLD estimate = 2.524


Trial 56: random Stimulus Selection
Stimulus: 0.876
Output value 1.657

Q+ parameters
slope: 0.183 semiSat: 0.560 beta: 0.875 sigma: 0.166 
maxBOLD estimate = 1.893


Trial 57: random Stimulus Selection
Stimulus: 0.505
Output value 0.452

Q+ parameters
slope: 0.113 semiSat: 0.670 beta: 1.500 sigma: 0.166 
maxBOLD estimate = 1.657


Trial 58: random Stimulus Selection
Stimulus: 0.546
Output value 0.678

Q+ parameters
slope: 0.183 semiSat: 0.560 beta: 0.750 sigma: 0.114 
maxBOLD estimate = 2.485


Trial 59: random Stimulus Selection
Stimulus: 0.794
Output value 1.631

Q+ parameters
slope: 0.183 semiSat: 0.560 beta: 0.875 sigma: 0.166 
maxBOLD estimate = 1.864


Trial 60: baseline Stimulus Selection
Stimulus: 0.010
Output value -0.445

Q+ parameters
slope: 0.113 semiSat: 0.670 beta: 1.500 sigma: 0.166 
maxBOLD estimate = 1.631


Trial 61: random Stimulus Selection
Stimulus: 0.216
Output value 0.000

Q+ parameters
slope: 0.183 semiSat: 0.560 beta: 0.750 sigma: 0.114 
maxBOLD estimate = 2.446


Trial 62: random Stimulus Selection
Stimulus: 0.588
Output value 1.001

Q+ parameters
slope: 0.113 semiSat: 0.670 beta: 1.500 sigma: 0.166 
maxBOLD estimate = 1.835


Trial 63: random Stimulus Selection
Stimulus: 0.299
Output value 0.750

Q+ parameters
slope: 0.070 semiSat: 0.670 beta: 0.750 sigma: 0.114 
maxBOLD estimate = 2.752


Trial 64: random Stimulus Selection
Stimulus: 0.010
Output value 0.141

Q+ parameters
slope: 0.183 semiSat: 0.560 beta: 0.750 sigma: 0.114 
maxBOLD estimate = 2.064


Trial 65: maxBOLD Stimulus Selection
Stimulus: 1.000
Output value 1.900

Q+ parameters
slope: 0.234 semiSat: 0.560 beta: 1.125 sigma: 0.166 
maxBOLD estimate = 1.548


Trial 66: random Stimulus Selection
Stimulus: 0.588
Output value 1.425

Q+ parameters
slope: 0.113 semiSat: 0.670 beta: 1.500 sigma: 0.166 
maxBOLD estimate = 1.741


Trial 67: random Stimulus Selection
Stimulus: 0.918
Output value 1.247

Q+ parameters
slope: 0.089 semiSat: 0.670 beta: 0.750 sigma: 0.114 
maxBOLD estimate = 2.612


Trial 68: random Stimulus Selection
Stimulus: 0.918
Output value 0.935

Q+ parameters
slope: 0.183 semiSat: 0.560 beta: 0.875 sigma: 0.166 
maxBOLD estimate = 1.959


Trial 69: random Stimulus Selection
Stimulus: 0.051
Output value -0.234

Q+ parameters
slope: 0.113 semiSat: 0.670 beta: 1.500 sigma: 0.166 
maxBOLD estimate = 1.714


Trial 70: baseline Stimulus Selection
Stimulus: 0.010
Output value 0.351

Q+ parameters
slope: 0.089 semiSat: 0.670 beta: 0.750 sigma: 0.114 
maxBOLD estimate = 2.571


Trial 71: random Stimulus Selection
Stimulus: 0.505
Output value -0.307

Q+ parameters
slope: 0.234 semiSat: 0.560 beta: 0.875 sigma: 0.166 
maxBOLD estimate = 1.928


Trial 72: random Stimulus Selection
Stimulus: 0.505
Output value 0.230

Q+ parameters
slope: 0.113 semiSat: 0.670 beta: 1.500 sigma: 0.166 
maxBOLD estimate = 1.687


Trial 73: random Stimulus Selection
Stimulus: 0.753
Output value 1.035

Q+ parameters
slope: 0.089 semiSat: 0.670 beta: 0.750 sigma: 0.114 
maxBOLD estimate = 2.531


Trial 74: random Stimulus Selection
Stimulus: 0.959
Output value 1.359

Q+ parameters
slope: 0.234 semiSat: 0.560 beta: 0.875 sigma: 0.166 
maxBOLD estimate = 1.898


Trial 75: maxBOLD Stimulus Selection
Stimulus: 1.000
Output value 1.812

Q+ parameters
slope: 0.113 semiSat: 0.670 beta: 1.500 sigma: 0.166 
maxBOLD estimate = 1.661


Trial 76: random Stimulus Selection
Stimulus: 0.340
Output value 0.170

Q+ parameters
slope: 0.089 semiSat: 0.670 beta: 0.750 sigma: 0.114 
maxBOLD estimate = 2.491


Trial 77: random Stimulus Selection
Stimulus: 0.670
Output value 1.040

Q+ parameters
slope: 0.234 semiSat: 0.560 beta: 0.875 sigma: 0.166 
maxBOLD estimate = 1.869


Trial 78: random Stimulus Selection
Stimulus: 0.257
Output value 0.669

Q+ parameters
slope: 0.113 semiSat: 0.670 beta: 1.500 sigma: 0.166 
maxBOLD estimate = 1.635


Trial 79: random Stimulus Selection
Stimulus: 0.505
Output value -0.167

Q+ parameters
slope: 0.183 semiSat: 0.560 beta: 0.750 sigma: 0.114 
maxBOLD estimate = 2.453


Trial 80: baseline Stimulus Selection
Stimulus: 0.010
Output value 0.146

Q+ parameters
slope: 0.234 semiSat: 0.560 beta: 0.875 sigma: 0.166 
maxBOLD estimate = 1.839


Trial 81: random Stimulus Selection
Stimulus: 0.959
Output value 1.756

Q+ parameters
slope: 0.113 semiSat: 0.670 beta: 1.500 sigma: 0.166 
maxBOLD estimate = 1.609


Trial 82: random Stimulus Selection
Stimulus: 0.959
Output value 1.152

Q+ parameters
slope: 0.183 semiSat: 0.560 beta: 0.750 sigma: 0.114 
maxBOLD estimate = 2.414


Trial 83: random Stimulus Selection
Stimulus: 1.000
Output value 1.008

Q+ parameters
slope: 0.234 semiSat: 0.560 beta: 0.875 sigma: 0.166 
maxBOLD estimate = 1.811


Trial 84: random Stimulus Selection
Stimulus: 1.000
Output value 1.944

Q+ parameters
slope: 0.113 semiSat: 0.670 beta: 1.500 sigma: 0.166 
maxBOLD estimate = 1.584


Trial 85: maxBOLD Stimulus Selection
Stimulus: 1.000
Output value 0.810

Q+ parameters
slope: 0.183 semiSat: 0.560 beta: 0.750 sigma: 0.114 
maxBOLD estimate = 2.377


Trial 86: random Stimulus Selection
Stimulus: 0.175
Output value -0.142

Q+ parameters
slope: 0.234 semiSat: 0.560 beta: 0.875 sigma: 0.166 
maxBOLD estimate = 1.782


Trial 87: random Stimulus Selection
Stimulus: 0.216
Output value -0.425

Q+ parameters
slope: 0.113 semiSat: 0.670 beta: 1.500 sigma: 0.166 
maxBOLD estimate = 1.560


Trial 88: random Stimulus Selection
Stimulus: 0.051
Output value 0.000

Q+ parameters
slope: 0.183 semiSat: 0.560 beta: 0.750 sigma: 0.114 
maxBOLD estimate = 2.339


Trial 89: random Stimulus Selection
Stimulus: 0.918
Output value 0.837

Q+ parameters
slope: 0.234 semiSat: 0.560 beta: 0.875 sigma: 0.166 
maxBOLD estimate = 1.755


Trial 90: baseline Stimulus Selection
Stimulus: 0.010
Output value -0.297

Q+ parameters
slope: 0.298 semiSat: 0.560 beta: 1.062 sigma: 0.166 
maxBOLD estimate = 1.535


Trial 91: random Stimulus Selection
Stimulus: 0.175
Output value 1.112

Q+ parameters
slope: 0.144 semiSat: 0.670 beta: 1.500 sigma: 0.218 
maxBOLD estimate = 1.631


Trial 92: random Stimulus Selection
Stimulus: 0.340
Output value 0.167

Q+ parameters
slope: 0.070 semiSat: 0.670 beta: 0.750 sigma: 0.114 
maxBOLD estimate = 2.447


Trial 93: random Stimulus Selection
Stimulus: 0.546
Output value 0.876

Q+ parameters
slope: 0.234 semiSat: 0.560 beta: 0.875 sigma: 0.166 
maxBOLD estimate = 1.835


Trial 94: random Stimulus Selection
Stimulus: 0.835
Output value 1.204

Q+ parameters
slope: 0.234 semiSat: 0.560 beta: 1.031 sigma: 0.166 
maxBOLD estimate = 1.606


Trial 95: maxBOLD Stimulus Selection
Stimulus: 1.000
Output value 1.552

Q+ parameters
slope: 0.234 semiSat: 0.560 beta: 1.031 sigma: 0.166 
maxBOLD estimate = 1.656


Trial 96: random Stimulus Selection
Stimulus: 0.257
Output value 0.301

Q+ parameters
slope: 0.298 semiSat: 0.560 beta: 0.969 sigma: 0.166 
maxBOLD estimate = 1.708

