/blue/stevenweisberg/stevenweisberg/MATLAB/projects/Weisberg_Aguirre_2020/scripts/run_sims
c25a-s23.ufhpc
Sat Nov 14 01:40:52 EST 2020
mkdir: cannot create directory ‘/blue/stevenweisberg/stevenweisberg/qpfMRIResults/model_parameter_set1/’: File exists
cp: cannot stat ‘/blue/stevenweisberg/stevenweisberg/qpfMRIResults/deploy_sim.sh’: No such file or directory
cp: cannot stat ‘/blue/stevenweisberg/stevenweisberg/qpfMRIResults/sim_wrapper.sh’: No such file or directory
------------------------------------------
Setting up environment variables
---
LD_LIBRARY_PATH is .:/apps/matlab/mcr/2020b/v99/runtime/glnxa64:/apps/matlab/mcr/2020b/v99/bin/glnxa64:/apps/matlab/mcr/2020b/v99/sys/os/glnxa64:/apps/matlab/mcr/2020b/v99/sys/opengl/lib/glnxa64
Warning: Executing startup failed in matlabrc.
This indicates a potentially serious problem in your MATLAB setup, which should be resolved as soon as possible.  Error detected was:
MATLAB:mpath:PathAlterationNotSupported
Modifying the search path is not supported by MATLAB Compiler. Remove functions that modify the search path from your MATLAB code. To make files visible to your deployed application, add the parent folder to your MATLAB session.
Warning: No stimulus domain specified. Defaulting to values between 0.01 and 1.
> In qpfmriParams (line 182)
In compiledSimulate (line 205)
Stimulus domain added from input.
Parameter slope specified as 0.41000
Parameter semiSat specified as 0.57000
Parameter beta specified as 1.00000
Parameter sigma specified as 0.15000
seed = 99seed = 104seed = 111seed = 111seed = 115seed = 101Initializing Q+. This may take a minute...
Elapsed time is 9.499717 seconds.
Simulated parameters:
slope: 0.410 semiSat: 0.570 beta: 1.000 sigma: 0.150 

Trial 1: baseline Stimulus Selection
Stimulus: 0.010
Output value 0.000

Q+ parameters
slope: 0.026 semiSat: 0.890 beta: 0.500 sigma: 0.010 
maxBOLD estimate = 1.000


Trial 2: maxBOLD Stimulus Selection
Stimulus: 1.000
Output value 1.364

Q+ parameters
slope: 0.055 semiSat: 0.670 beta: 1.250 sigma: 0.010 
maxBOLD estimate = 1.000


Trial 3: baseline Stimulus Selection
Stimulus: 0.010
Output value -0.284

Q+ parameters
slope: 0.055 semiSat: 0.670 beta: 1.250 sigma: 0.114 
maxBOLD estimate = 1.250


Trial 4: maxBOLD Stimulus Selection
Stimulus: 1.000
Output value 1.598

Q+ parameters
slope: 0.055 semiSat: 0.670 beta: 1.125 sigma: 0.062 
maxBOLD estimate = 1.562


Trial 5: baseline Stimulus Selection
Stimulus: 0.010
Output value -0.180

Q+ parameters
slope: 0.055 semiSat: 0.670 beta: 1.125 sigma: 0.114 
maxBOLD estimate = 1.758


Trial 6: maxBOLD Stimulus Selection
Stimulus: 1.000
Output value 2.225

Q+ parameters
slope: 0.055 semiSat: 0.670 beta: 1.125 sigma: 0.166 
maxBOLD estimate = 1.978


Trial 7: random Stimulus Selection
Stimulus: 0.918
Output value 1.896

Q+ parameters
slope: 0.070 semiSat: 0.450 beta: 0.938 sigma: 0.114 
maxBOLD estimate = 2.225


Trial 8: random Stimulus Selection
Stimulus: 0.134
Output value 0.332

Q+ parameters
slope: 0.144 semiSat: 0.230 beta: 0.875 sigma: 0.114 
maxBOLD estimate = 2.086


Trial 9: random Stimulus Selection
Stimulus: 0.959
Output value 1.493

Q+ parameters
slope: 0.070 semiSat: 0.450 beta: 1.000 sigma: 0.114 
maxBOLD estimate = 1.825


Trial 10: baseline Stimulus Selection
Stimulus: 0.010
Output value 0.207

Q+ parameters
slope: 0.070 semiSat: 0.670 beta: 1.250 sigma: 0.114 
maxBOLD estimate = 1.825


Trial 11: random Stimulus Selection
Stimulus: 0.423
Output value 0.000

Q+ parameters
slope: 0.183 semiSat: 0.780 beta: 0.875 sigma: 0.114 
maxBOLD estimate = 2.281


Trial 12: random Stimulus Selection
Stimulus: 1.000
Output value 1.582

Q+ parameters
slope: 0.089 semiSat: 0.670 beta: 0.969 sigma: 0.114 
maxBOLD estimate = 1.996


Trial 13: random Stimulus Selection
Stimulus: 1.000
Output value 1.873

Q+ parameters
slope: 0.089 semiSat: 0.670 beta: 0.969 sigma: 0.062 
maxBOLD estimate = 1.934


Trial 14: random Stimulus Selection
Stimulus: 0.092
Output value -0.181

Q+ parameters
slope: 0.089 semiSat: 0.670 beta: 1.062 sigma: 0.062 
maxBOLD estimate = 1.873


Trial 15: maxBOLD Stimulus Selection
Stimulus: 1.000
Output value 1.052

Q+ parameters
slope: 0.089 semiSat: 0.670 beta: 0.969 sigma: 0.114 
maxBOLD estimate = 1.990


Trial 16: random Stimulus Selection
Stimulus: 0.835
Output value 1.528

Q+ parameters
slope: 0.089 semiSat: 0.670 beta: 0.969 sigma: 0.114 
maxBOLD estimate = 1.928


Trial 17: random Stimulus Selection
Stimulus: 0.670
Output value 1.316

Q+ parameters
slope: 0.144 semiSat: 0.560 beta: 0.969 sigma: 0.114 
maxBOLD estimate = 1.868


Trial 18: random Stimulus Selection
Stimulus: 0.629
Output value 1.912

Q+ parameters
slope: 0.785 semiSat: 0.450 beta: 0.969 sigma: 0.114 
maxBOLD estimate = 1.810


Trial 19: random Stimulus Selection
Stimulus: 0.794
Output value 1.544

Q+ parameters
slope: 0.785 semiSat: 0.450 beta: 0.969 sigma: 0.114 
maxBOLD estimate = 1.753


Trial 20: baseline Stimulus Selection
Stimulus: 0.010
Output value 0.159

Q+ parameters
slope: 0.379 semiSat: 0.560 beta: 1.031 sigma: 0.114 
maxBOLD estimate = 1.698


Trial 21: random Stimulus Selection
Stimulus: 0.381
Output value -0.478

Q+ parameters
slope: 0.234 semiSat: 0.560 beta: 1.500 sigma: 0.114 
maxBOLD estimate = 1.751


Trial 22: random Stimulus Selection
Stimulus: 0.051
Output value 0.000

Q+ parameters
slope: 0.616 semiSat: 0.450 beta: 0.750 sigma: 0.062 
maxBOLD estimate = 2.627


Trial 23: random Stimulus Selection
Stimulus: 0.876
Output value 2.082

Q+ parameters
slope: 0.785 semiSat: 0.450 beta: 0.969 sigma: 0.114 
maxBOLD estimate = 1.970


Trial 24: random Stimulus Selection
Stimulus: 0.051
Output value 0.672

Q+ parameters
slope: 0.785 semiSat: 0.450 beta: 0.969 sigma: 0.114 
maxBOLD estimate = 1.909


Trial 25: maxBOLD Stimulus Selection
Stimulus: 1.000
Output value 1.466

Q+ parameters
slope: 0.785 semiSat: 0.450 beta: 0.969 sigma: 0.114 
maxBOLD estimate = 1.849


Trial 26: random Stimulus Selection
Stimulus: 0.505
Output value 0.977

Q+ parameters
slope: 0.234 semiSat: 0.560 beta: 1.500 sigma: 0.114 
maxBOLD estimate = 1.791


Trial 27: random Stimulus Selection
Stimulus: 0.340
Output value 0.000

Q+ parameters
slope: 0.379 semiSat: 0.560 beta: 0.750 sigma: 0.114 
maxBOLD estimate = 2.687


Trial 28: random Stimulus Selection
Stimulus: 0.629
Output value 1.122

Q+ parameters
slope: 0.298 semiSat: 0.560 beta: 0.875 sigma: 0.114 
maxBOLD estimate = 2.015


Trial 29: random Stimulus Selection
Stimulus: 0.959
Output value 2.404

Q+ parameters
slope: 0.234 semiSat: 0.560 beta: 1.500 sigma: 0.114 
maxBOLD estimate = 1.763


Trial 30: baseline Stimulus Selection
Stimulus: 0.010
Output value 0.000

Q+ parameters
slope: 0.234 semiSat: 0.560 beta: 0.750 sigma: 0.062 
maxBOLD estimate = 2.645

--------------------------------------------------------------
FINAL VALUES
--------------------------------------------------------------
Simulated parameters:              slope: 0.410 semiSat: 0.570 beta: 1.000 sigma: 0.150 
Max posterior QUEST+ parameters:   slope: 0.234 semiSat: 0.560 beta: 1.500 sigma: 0.114 
Max BADS parameters:               slope: 0.320 semiSat: 0.517 beta: 1.000 sigma: 0.100 
maxBOLD estimate: 1.699
