/blue/stevenweisberg/stevenweisberg/MATLAB/projects/Weisberg_Aguirre_2020/scripts/run_sims
c27a-s1.ufhpc
Wed Apr  7 10:38:52 EDT 2021
mkdir: cannot create directory ‘/blue/stevenweisberg/stevenweisberg/qpfMRIResults/model_parameter_set2/’: File exists
cp: cannot stat ‘/blue/stevenweisberg/stevenweisberg/qpfMRIResults/deploy_sim.sh’: No such file or directory
cp: cannot stat ‘/blue/stevenweisberg/stevenweisberg/qpfMRIResults/sim_wrapper.sh’: No such file or directory
------------------------------------------
Setting up environment variables
---
LD_LIBRARY_PATH is .:/apps/matlab/mcr/2020b/v99/runtime/glnxa64:/apps/matlab/mcr/2020b/v99/bin/glnxa64:/apps/matlab/mcr/2020b/v99/sys/os/glnxa64:/apps/matlab/mcr/2020b/v99/sys/opengl/lib/glnxa64
Warning: Executing startup failed in matlabrc.
This indicates a potentially serious problem in your MATLAB setup, which should be resolved as soon as possible.  Error detected was:
MATLAB:mpath:PathAlterationNotSupported
Modifying the search path is not supported by MATLAB Compiler. Remove functions that modify the search path from your MATLAB code. To make files visible to your deployed application, add the parent folder to your MATLAB session.
Warning: No stimulus domain specified. Defaulting to values between 0.01 and 1.
> In qpfmriParams (line 182)
In compiledSimulate (line 205)
Stimulus domain added from input.
Parameter slope specified as 0.20000
Parameter semiSat specified as 0.57000
Parameter beta specified as 1.00000
Parameter sigma specified as 0.10000
seed = 99seed = 104seed = 111seed = 111seed = 115seed = 101Initializing Q+. This may take a minute...
Elapsed time is 9.188414 seconds.
Simulated parameters:
slope: 0.200 semiSat: 0.570 beta: 1.000 sigma: 0.100 

Trial 1: baseline Stimulus Selection
Stimulus: 0.010
Output value 0.000

Q+ parameters
slope: 0.026 semiSat: 0.890 beta: 0.500 sigma: 0.010 
maxBOLD estimate = 1.000


Trial 2: maxBOLD Stimulus Selection
Stimulus: 1.000
Output value 1.364

Q+ parameters
slope: 0.055 semiSat: 0.670 beta: 1.250 sigma: 0.010 
maxBOLD estimate = 1.000


Trial 3: baseline Stimulus Selection
Stimulus: 0.010
Output value -0.284

Q+ parameters
slope: 0.055 semiSat: 0.670 beta: 1.250 sigma: 0.114 
maxBOLD estimate = 1.250


Trial 4: maxBOLD Stimulus Selection
Stimulus: 1.000
Output value 1.598

Q+ parameters
slope: 0.043 semiSat: 0.780 beta: 1.250 sigma: 0.062 
maxBOLD estimate = 1.562


Trial 5: baseline Stimulus Selection
Stimulus: 0.010
Output value 0.172

Q+ parameters
slope: 0.043 semiSat: 0.780 beta: 0.969 sigma: 0.114 
maxBOLD estimate = 1.953


Trial 6: maxBOLD Stimulus Selection
Stimulus: 1.000
Output value 1.333

Q+ parameters
slope: 0.043 semiSat: 0.780 beta: 0.969 sigma: 0.062 
maxBOLD estimate = 1.892


Trial 7: qplus Stimulus Selection
Stimulus: 0.629
Output value 1.250

Q+ parameters
slope: 0.089 semiSat: 0.340 beta: 0.750 sigma: 0.114 
maxBOLD estimate = 1.833


Trial 8: qplus Stimulus Selection
Stimulus: 0.381
Output value 0.984

Q+ parameters
slope: 0.113 semiSat: 0.340 beta: 1.125 sigma: 0.114 
maxBOLD estimate = 1.375


Trial 9: qplus Stimulus Selection
Stimulus: 0.257
Output value 0.264

Q+ parameters
slope: 0.144 semiSat: 0.340 beta: 0.938 sigma: 0.062 
maxBOLD estimate = 1.547


Trial 10: baseline Stimulus Selection
Stimulus: 0.010
Output value 0.247

Q+ parameters
slope: 0.144 semiSat: 0.340 beta: 0.938 sigma: 0.062 
maxBOLD estimate = 1.450


Trial 11: qplus Stimulus Selection
Stimulus: 0.423
Output value 0.417

Q+ parameters
slope: 0.113 semiSat: 0.450 beta: 1.125 sigma: 0.114 
maxBOLD estimate = 1.359


Trial 12: qplus Stimulus Selection
Stimulus: 0.505
Output value 0.652

Q+ parameters
slope: 0.089 semiSat: 0.450 beta: 0.938 sigma: 0.114 
maxBOLD estimate = 1.529


Trial 13: qplus Stimulus Selection
Stimulus: 0.505
Output value 0.489

Q+ parameters
slope: 0.089 semiSat: 0.450 beta: 0.938 sigma: 0.114 
maxBOLD estimate = 1.434


Trial 14: qplus Stimulus Selection
Stimulus: 0.505
Output value 0.550

Q+ parameters
slope: 0.089 semiSat: 0.560 beta: 1.500 sigma: 0.114 
maxBOLD estimate = 1.344


Trial 15: maxBOLD Stimulus Selection
Stimulus: 1.000
Output value 0.962

Q+ parameters
slope: 0.070 semiSat: 0.560 beta: 0.750 sigma: 0.114 
maxBOLD estimate = 2.016


Trial 16: qplus Stimulus Selection
Stimulus: 0.670
Output value 1.289

Q+ parameters
slope: 0.089 semiSat: 0.450 beta: 0.938 sigma: 0.114 
maxBOLD estimate = 1.512


Trial 17: qplus Stimulus Selection
Stimulus: 0.505
Output value 0.725

Q+ parameters
slope: 0.089 semiSat: 0.450 beta: 0.938 sigma: 0.114 
maxBOLD estimate = 1.418


Trial 18: qplus Stimulus Selection
Stimulus: 0.464
Output value 0.181

Q+ parameters
slope: 0.183 semiSat: 0.560 beta: 1.500 sigma: 0.114 
maxBOLD estimate = 1.329


Trial 19: qplus Stimulus Selection
Stimulus: 0.629
Output value 0.815

Q+ parameters
slope: 0.144 semiSat: 0.560 beta: 0.750 sigma: 0.114 
maxBOLD estimate = 1.993


Trial 20: baseline Stimulus Selection
Stimulus: 0.010
Output value 0.000

Q+ parameters
slope: 0.089 semiSat: 0.560 beta: 1.062 sigma: 0.114 
maxBOLD estimate = 1.495


Trial 21: qplus Stimulus Selection
Stimulus: 0.629
Output value 1.218

Q+ parameters
slope: 0.144 semiSat: 0.560 beta: 0.938 sigma: 0.114 
maxBOLD estimate = 1.588


Trial 22: qplus Stimulus Selection
Stimulus: 0.670
Output value 1.582

Q+ parameters
slope: 0.089 semiSat: 0.560 beta: 1.062 sigma: 0.114 
maxBOLD estimate = 1.489


Trial 23: qplus Stimulus Selection
Stimulus: 0.505
Output value 0.270

Q+ parameters
slope: 0.144 semiSat: 0.560 beta: 0.938 sigma: 0.114 
maxBOLD estimate = 1.582


Trial 24: qplus Stimulus Selection
Stimulus: 0.423
Output value 0.000

Q+ parameters
slope: 0.144 semiSat: 0.560 beta: 0.938 sigma: 0.114 
maxBOLD estimate = 1.483


Trial 25: maxBOLD Stimulus Selection
Stimulus: 1.000
Output value 1.896

Q+ parameters
slope: 0.183 semiSat: 0.560 beta: 1.250 sigma: 0.166 
maxBOLD estimate = 1.391


Trial 26: qplus Stimulus Selection
Stimulus: 0.505
Output value 0.444

Q+ parameters
slope: 0.144 semiSat: 0.560 beta: 0.938 sigma: 0.114 
maxBOLD estimate = 1.738


Trial 27: qplus Stimulus Selection
Stimulus: 0.670
Output value 1.389

Q+ parameters
slope: 0.144 semiSat: 0.560 beta: 0.938 sigma: 0.114 
maxBOLD estimate = 1.630


Trial 28: qplus Stimulus Selection
Stimulus: 0.423
Output value 0.130

Q+ parameters
slope: 0.144 semiSat: 0.560 beta: 0.938 sigma: 0.114 
maxBOLD estimate = 1.528


Trial 29: qplus Stimulus Selection
Stimulus: 0.588
Output value 1.790

Q+ parameters
slope: 0.183 semiSat: 0.560 beta: 1.250 sigma: 0.166 
maxBOLD estimate = 1.432


Trial 30: baseline Stimulus Selection
Stimulus: 0.010
Output value 0.366

Q+ parameters
slope: 0.144 semiSat: 0.560 beta: 0.750 sigma: 0.114 
maxBOLD estimate = 1.790


Trial 31: qplus Stimulus Selection
Stimulus: 0.629
Output value 1.831

Q+ parameters
slope: 0.183 semiSat: 0.560 beta: 1.250 sigma: 0.114 
maxBOLD estimate = 1.343


Trial 32: qplus Stimulus Selection
Stimulus: 0.588
Output value 1.001

Q+ parameters
slope: 0.144 semiSat: 0.560 beta: 0.938 sigma: 0.114 
maxBOLD estimate = 1.679


Trial 33: qplus Stimulus Selection
Stimulus: 0.505
Output value 0.268

Q+ parameters
slope: 0.144 semiSat: 0.560 beta: 0.938 sigma: 0.114 
maxBOLD estimate = 1.574


Trial 34: qplus Stimulus Selection
Stimulus: 0.588
Output value 0.805

Q+ parameters
slope: 0.144 semiSat: 0.560 beta: 1.000 sigma: 0.114 
maxBOLD estimate = 1.475


Trial 35: maxBOLD Stimulus Selection
Stimulus: 1.000
Output value 1.609

Q+ parameters
slope: 0.144 semiSat: 0.560 beta: 1.000 sigma: 0.114 
maxBOLD estimate = 1.475


Trial 36: qplus Stimulus Selection
Stimulus: 0.588
Output value 1.676

Q+ parameters
slope: 0.234 semiSat: 0.560 beta: 1.250 sigma: 0.166 
maxBOLD estimate = 1.475


Trial 37: qplus Stimulus Selection
Stimulus: 0.505
Output value 0.587

Q+ parameters
slope: 0.144 semiSat: 0.560 beta: 0.875 sigma: 0.114 
maxBOLD estimate = 1.844


Trial 38: qplus Stimulus Selection
Stimulus: 0.670
Output value 1.320

Q+ parameters
slope: 0.144 semiSat: 0.560 beta: 1.000 sigma: 0.114 
maxBOLD estimate = 1.614


Trial 39: qplus Stimulus Selection
Stimulus: 0.505
Output value 0.440

Q+ parameters
slope: 0.144 semiSat: 0.560 beta: 1.000 sigma: 0.114 
maxBOLD estimate = 1.614


Trial 40: baseline Stimulus Selection
Stimulus: 0.010
Output value 0.147

Q+ parameters
slope: 0.144 semiSat: 0.560 beta: 1.000 sigma: 0.114 
maxBOLD estimate = 1.614


Trial 41: qplus Stimulus Selection
Stimulus: 0.505
Output value 0.128

Q+ parameters
slope: 0.298 semiSat: 0.560 beta: 0.875 sigma: 0.114 
maxBOLD estimate = 1.614


Trial 42: qplus Stimulus Selection
Stimulus: 0.505
Output value 0.481

Q+ parameters
slope: 0.234 semiSat: 0.560 beta: 1.250 sigma: 0.114 
maxBOLD estimate = 1.412


Trial 43: qplus Stimulus Selection
Stimulus: 0.546
Output value 0.421

Q+ parameters
slope: 0.144 semiSat: 0.560 beta: 0.875 sigma: 0.114 
maxBOLD estimate = 1.765


Trial 44: qplus Stimulus Selection
Stimulus: 1.000
Output value 1.544

Q+ parameters
slope: 0.144 semiSat: 0.560 beta: 1.000 sigma: 0.114 
maxBOLD estimate = 1.544


Trial 45: maxBOLD Stimulus Selection
Stimulus: 1.000
Output value 1.263

Q+ parameters
slope: 0.144 semiSat: 0.560 beta: 1.000 sigma: 0.114 
maxBOLD estimate = 1.544


Trial 46: qplus Stimulus Selection
Stimulus: 0.505
Output value 0.132

Q+ parameters
slope: 0.234 semiSat: 0.560 beta: 0.938 sigma: 0.114 
maxBOLD estimate = 1.544


Trial 47: qplus Stimulus Selection
Stimulus: 0.546
Output value 0.950

Q+ parameters
slope: 0.298 semiSat: 0.560 beta: 1.031 sigma: 0.114 
maxBOLD estimate = 1.448


Trial 48: qplus Stimulus Selection
Stimulus: 0.588
Output value 0.814

Q+ parameters
slope: 0.298 semiSat: 0.560 beta: 1.000 sigma: 0.114 
maxBOLD estimate = 1.493

