/blue/stevenweisberg/stevenweisberg/MATLAB/projects/Weisberg_Aguirre_2020/scripts/run_sims
c0700a-s7.ufhpc
Tue Apr  6 17:27:06 EDT 2021
mkdir: cannot create directory ‘/blue/stevenweisberg/stevenweisberg/qpfMRIResults/model_parameter_set2/’: File exists
cp: cannot stat ‘/blue/stevenweisberg/stevenweisberg/qpfMRIResults/deploy_sim.sh’: No such file or directory
cp: cannot stat ‘/blue/stevenweisberg/stevenweisberg/qpfMRIResults/sim_wrapper.sh’: No such file or directory
------------------------------------------
Setting up environment variables
---
LD_LIBRARY_PATH is .:/apps/matlab/mcr/2020b/v99/runtime/glnxa64:/apps/matlab/mcr/2020b/v99/bin/glnxa64:/apps/matlab/mcr/2020b/v99/sys/os/glnxa64:/apps/matlab/mcr/2020b/v99/sys/opengl/lib/glnxa64
Warning: Executing startup failed in matlabrc.
This indicates a potentially serious problem in your MATLAB setup, which should be resolved as soon as possible.  Error detected was:
MATLAB:mpath:PathAlterationNotSupported
Modifying the search path is not supported by MATLAB Compiler. Remove functions that modify the search path from your MATLAB code. To make files visible to your deployed application, add the parent folder to your MATLAB session.
Warning: No stimulus domain specified. Defaulting to values between 0.01 and 1.
> In qpfmriParams (line 182)
In compiledSimulate (line 205)
Stimulus domain added from input.
Parameter slope specified as 0.20000
Parameter semiSat specified as 0.57000
Parameter beta specified as 1.00000
Parameter sigma specified as 0.15000
seed = 99seed = 104seed = 111seed = 111seed = 115seed = 101Initializing Q+. This may take a minute...
Elapsed time is 6.588128 seconds.
Simulated parameters:
slope: 0.200 semiSat: 0.570 beta: 1.000 sigma: 0.150 

Trial 1: baseline Stimulus Selection
Stimulus: 0.010
Output value 0.000

Q+ parameters
slope: 0.026 semiSat: 0.890 beta: 0.500 sigma: 0.010 
maxBOLD estimate = 1.000


Trial 2: maxBOLD Stimulus Selection
Stimulus: 1.000
Output value 1.364

Q+ parameters
slope: 0.055 semiSat: 0.670 beta: 1.250 sigma: 0.010 
maxBOLD estimate = 1.000


Trial 3: baseline Stimulus Selection
Stimulus: 0.010
Output value -0.284

Q+ parameters
slope: 0.055 semiSat: 0.670 beta: 1.250 sigma: 0.166 
maxBOLD estimate = 1.250


Trial 4: maxBOLD Stimulus Selection
Stimulus: 1.000
Output value 2.131

Q+ parameters
slope: 0.055 semiSat: 0.670 beta: 1.250 sigma: 0.062 
maxBOLD estimate = 1.562


Trial 5: baseline Stimulus Selection
Stimulus: 0.010
Output value 0.222

Q+ parameters
slope: 0.043 semiSat: 0.780 beta: 1.250 sigma: 0.114 
maxBOLD estimate = 1.953


Trial 6: maxBOLD Stimulus Selection
Stimulus: 1.000
Output value 1.998

Q+ parameters
slope: 0.043 semiSat: 0.780 beta: 1.125 sigma: 0.062 
maxBOLD estimate = 2.441


Trial 7: random Stimulus Selection
Stimulus: 0.299
Output value 0.562

Q+ parameters
slope: 0.089 semiSat: 0.340 beta: 0.750 sigma: 0.062 
maxBOLD estimate = 2.747


Trial 8: random Stimulus Selection
Stimulus: 0.464
Output value 0.562

Q+ parameters
slope: 0.089 semiSat: 0.670 beta: 1.000 sigma: 0.114 
maxBOLD estimate = 2.060


Trial 9: random Stimulus Selection
Stimulus: 0.257
Output value 2.528

Q+ parameters
slope: 0.055 semiSat: 0.670 beta: 1.500 sigma: 0.323 
maxBOLD estimate = 2.060


Trial 10: baseline Stimulus Selection
Stimulus: 0.010
Output value 0.000

Q+ parameters
slope: 0.043 semiSat: 0.890 beta: 0.969 sigma: 0.062 
maxBOLD estimate = 3.090


Trial 11: random Stimulus Selection
Stimulus: 0.092
Output value 0.680

Q+ parameters
slope: 0.034 semiSat: 1.000 beta: 1.250 sigma: 0.062 
maxBOLD estimate = 2.993


Trial 12: random Stimulus Selection
Stimulus: 0.505
Output value 0.850

Q+ parameters
slope: 0.298 semiSat: 0.450 beta: 0.500 sigma: 0.062 
maxBOLD estimate = 3.742


Trial 13: random Stimulus Selection
Stimulus: 0.546
Output value -0.255

Q+ parameters
slope: 0.055 semiSat: 0.890 beta: 1.500 sigma: 0.166 
maxBOLD estimate = 1.871


Trial 14: random Stimulus Selection
Stimulus: 0.216
Output value 0.957

Q+ parameters
slope: 0.034 semiSat: 1.000 beta: 1.250 sigma: 0.114 
maxBOLD estimate = 2.806


Trial 15: maxBOLD Stimulus Selection
Stimulus: 1.000
Output value 0.638

Q+ parameters
slope: 0.055 semiSat: 0.670 beta: 0.500 sigma: 0.062 
maxBOLD estimate = 3.508


Trial 16: random Stimulus Selection
Stimulus: 0.051
Output value 0.179

Q+ parameters
slope: 0.055 semiSat: 0.670 beta: 1.125 sigma: 0.166 
maxBOLD estimate = 1.754


Trial 17: random Stimulus Selection
Stimulus: 0.876
Output value 0.521

Q+ parameters
slope: 0.043 semiSat: 0.780 beta: 0.969 sigma: 0.166 
maxBOLD estimate = 1.973


Trial 18: random Stimulus Selection
Stimulus: 0.588
Output value 0.168

Q+ parameters
slope: 0.043 semiSat: 0.780 beta: 0.969 sigma: 0.114 
maxBOLD estimate = 1.911


Trial 19: random Stimulus Selection
Stimulus: 0.876
Output value -0.163

Q+ parameters
slope: 1.000 semiSat: 0.890 beta: 0.969 sigma: 0.218 
maxBOLD estimate = 1.852


Trial 20: baseline Stimulus Selection
Stimulus: 0.010
Output value -0.367

Q+ parameters
slope: 0.055 semiSat: 0.670 beta: 1.125 sigma: 0.166 
maxBOLD estimate = 1.794


Trial 21: random Stimulus Selection
Stimulus: 0.794
Output value 1.066

Q+ parameters
slope: 0.043 semiSat: 0.780 beta: 0.969 sigma: 0.114 
maxBOLD estimate = 2.018


Trial 22: random Stimulus Selection
Stimulus: 0.959
Output value 0.344

Q+ parameters
slope: 0.043 semiSat: 0.780 beta: 0.969 sigma: 0.114 
maxBOLD estimate = 1.955


Trial 23: random Stimulus Selection
Stimulus: 0.299
Output value 0.000

Q+ parameters
slope: 0.043 semiSat: 0.780 beta: 0.969 sigma: 0.114 
maxBOLD estimate = 1.894


Trial 24: random Stimulus Selection
Stimulus: 0.464
Output value -0.162

Q+ parameters
slope: 0.043 semiSat: 0.780 beta: 0.969 sigma: 0.114 
maxBOLD estimate = 1.835


Trial 25: maxBOLD Stimulus Selection
Stimulus: 1.000
Output value 2.181

Q+ parameters
slope: 0.043 semiSat: 0.890 beta: 1.500 sigma: 0.166 
maxBOLD estimate = 1.777


Trial 26: random Stimulus Selection
Stimulus: 0.340
Output value 0.250

Q+ parameters
slope: 0.034 semiSat: 1.000 beta: 1.031 sigma: 0.114 
maxBOLD estimate = 2.666


Trial 27: random Stimulus Selection
Stimulus: 0.876
Output value 0.750

Q+ parameters
slope: 0.034 semiSat: 1.000 beta: 1.000 sigma: 0.114 
maxBOLD estimate = 2.749


Trial 28: random Stimulus Selection
Stimulus: 0.010
Output value 0.250

Q+ parameters
slope: 0.055 semiSat: 1.000 beta: 1.000 sigma: 0.114 
maxBOLD estimate = 2.749


Trial 29: random Stimulus Selection
Stimulus: 0.918
Output value 1.125

Q+ parameters
slope: 0.070 semiSat: 0.890 beta: 0.750 sigma: 0.114 
maxBOLD estimate = 2.749


Trial 30: baseline Stimulus Selection
Stimulus: 0.010
Output value 0.351

Q+ parameters
slope: 0.055 semiSat: 0.890 beta: 0.938 sigma: 0.114 
maxBOLD estimate = 2.062


Trial 31: random Stimulus Selection
Stimulus: 0.876
Output value 1.532

Q+ parameters
slope: 0.043 semiSat: 0.780 beta: 0.969 sigma: 0.114 
maxBOLD estimate = 1.933


Trial 32: random Stimulus Selection
Stimulus: 0.794
Output value 1.639

Q+ parameters
slope: 0.089 semiSat: 0.670 beta: 0.875 sigma: 0.166 
maxBOLD estimate = 1.873


Trial 33: random Stimulus Selection
Stimulus: 0.670
Output value 1.690

Q+ parameters
slope: 0.234 semiSat: 0.560 beta: 1.031 sigma: 0.218 
maxBOLD estimate = 1.639


Trial 34: random Stimulus Selection
Stimulus: 0.753
Output value 1.143

Q+ parameters
slope: 0.070 semiSat: 0.670 beta: 1.062 sigma: 0.166 
maxBOLD estimate = 1.690


Trial 35: maxBOLD Stimulus Selection
Stimulus: 1.000
Output value 1.285

Q+ parameters
slope: 0.089 semiSat: 0.670 beta: 0.875 sigma: 0.166 
maxBOLD estimate = 1.796


Trial 36: random Stimulus Selection
Stimulus: 0.794
Output value 1.062

Q+ parameters
slope: 0.070 semiSat: 0.670 beta: 1.062 sigma: 0.166 
maxBOLD estimate = 1.571


Trial 37: random Stimulus Selection
Stimulus: 1.000
Output value 1.612

Q+ parameters
slope: 0.070 semiSat: 0.670 beta: 1.062 sigma: 0.166 
maxBOLD estimate = 1.669


Trial 38: random Stimulus Selection
Stimulus: 0.546
Output value -0.141

Q+ parameters
slope: 0.089 semiSat: 0.670 beta: 0.875 sigma: 0.166 
maxBOLD estimate = 1.774


Trial 39: random Stimulus Selection
Stimulus: 0.959
Output value 1.905

Q+ parameters
slope: 0.113 semiSat: 0.670 beta: 1.125 sigma: 0.218 
maxBOLD estimate = 1.552


Trial 40: baseline Stimulus Selection
Stimulus: 0.010
Output value 0.694

Q+ parameters
slope: 0.089 semiSat: 0.670 beta: 0.875 sigma: 0.166 
maxBOLD estimate = 1.746


Trial 41: random Stimulus Selection
Stimulus: 0.299
Output value -0.243

Q+ parameters
slope: 0.183 semiSat: 0.560 beta: 0.875 sigma: 0.218 
maxBOLD estimate = 1.528


Trial 42: random Stimulus Selection
Stimulus: 0.753
Output value 1.291

Q+ parameters
slope: 0.144 semiSat: 0.560 beta: 1.062 sigma: 0.218 
maxBOLD estimate = 1.337


Trial 43: random Stimulus Selection
Stimulus: 0.134
Output value 0.226

Q+ parameters
slope: 0.183 semiSat: 0.560 beta: 0.875 sigma: 0.166 
maxBOLD estimate = 1.420


Trial 44: random Stimulus Selection
Stimulus: 0.918
Output value 1.440

Q+ parameters
slope: 0.144 semiSat: 0.560 beta: 1.062 sigma: 0.218 
maxBOLD estimate = 1.243


Trial 45: maxBOLD Stimulus Selection
Stimulus: 1.000
Output value 1.403

Q+ parameters
slope: 0.144 semiSat: 0.560 beta: 1.062 sigma: 0.218 
maxBOLD estimate = 1.320


Trial 46: random Stimulus Selection
Stimulus: 0.546
Output value -0.287

Q+ parameters
slope: 0.113 semiSat: 0.670 beta: 1.125 sigma: 0.218 
maxBOLD estimate = 1.403


Trial 47: random Stimulus Selection
Stimulus: 0.546
Output value 0.753

Q+ parameters
slope: 0.183 semiSat: 0.560 beta: 0.875 sigma: 0.218 
maxBOLD estimate = 1.578


Trial 48: random Stimulus Selection
Stimulus: 0.629
Output value 1.601

Q+ parameters
slope: 0.144 semiSat: 0.560 beta: 1.062 sigma: 0.218 
maxBOLD estimate = 1.381


Trial 49: random Stimulus Selection
Stimulus: 0.216
Output value 0.400

Q+ parameters
slope: 0.298 semiSat: 0.560 beta: 1.000 sigma: 0.218 
maxBOLD estimate = 1.467


Trial 50: baseline Stimulus Selection
Stimulus: 0.010
Output value -0.283

Q+ parameters
slope: 0.144 semiSat: 0.560 beta: 1.062 sigma: 0.218 
maxBOLD estimate = 1.467


Trial 51: random Stimulus Selection
Stimulus: 0.175
Output value -0.248

Q+ parameters
slope: 0.298 semiSat: 0.560 beta: 0.875 sigma: 0.218 
maxBOLD estimate = 1.559


Trial 52: random Stimulus Selection
Stimulus: 0.257
Output value 0.791

Q+ parameters
slope: 0.144 semiSat: 0.560 beta: 1.062 sigma: 0.218 
maxBOLD estimate = 1.364


Trial 53: random Stimulus Selection
Stimulus: 0.670
Output value 0.679

Q+ parameters
slope: 0.144 semiSat: 0.560 beta: 1.031 sigma: 0.218 
maxBOLD estimate = 1.449


Trial 54: random Stimulus Selection
Stimulus: 0.464
Output value 0.238

Q+ parameters
slope: 0.298 semiSat: 0.560 beta: 0.875 sigma: 0.166 
maxBOLD estimate = 1.495


Trial 55: maxBOLD Stimulus Selection
Stimulus: 1.000
Output value 1.263

Q+ parameters
slope: 0.144 semiSat: 0.560 beta: 1.062 sigma: 0.218 
maxBOLD estimate = 1.308


Trial 56: random Stimulus Selection
Stimulus: 0.092
Output value 0.671

Q+ parameters
slope: 0.144 semiSat: 0.560 beta: 1.062 sigma: 0.218 
maxBOLD estimate = 1.390


Trial 57: random Stimulus Selection
Stimulus: 0.134
Output value -0.235

Q+ parameters
slope: 0.298 semiSat: 0.560 beta: 0.875 sigma: 0.166 
maxBOLD estimate = 1.476


Trial 58: random Stimulus Selection
Stimulus: 1.000
Output value 1.373

Q+ parameters
slope: 0.144 semiSat: 0.560 beta: 1.062 sigma: 0.218 
maxBOLD estimate = 1.292


Trial 59: random Stimulus Selection
Stimulus: 0.794
Output value 1.591

Q+ parameters
slope: 0.234 semiSat: 0.560 beta: 1.062 sigma: 0.218 
maxBOLD estimate = 1.373


Trial 60: baseline Stimulus Selection
Stimulus: 0.010
Output value 0.000

Q+ parameters
slope: 0.144 semiSat: 0.560 beta: 1.062 sigma: 0.218 
maxBOLD estimate = 1.458


Trial 61: random Stimulus Selection
Stimulus: 0.835
Output value 0.986

Q+ parameters
slope: 0.183 semiSat: 0.560 beta: 0.875 sigma: 0.166 
maxBOLD estimate = 1.550


Trial 62: random Stimulus Selection
Stimulus: 0.794
Output value 1.572

Q+ parameters
slope: 0.234 semiSat: 0.560 beta: 1.062 sigma: 0.218 
maxBOLD estimate = 1.356


Trial 63: random Stimulus Selection
Stimulus: 0.423
Output value 0.417

Q+ parameters
slope: 0.183 semiSat: 0.560 beta: 1.062 sigma: 0.218 
maxBOLD estimate = 1.441


Trial 64: random Stimulus Selection
Stimulus: 0.464
Output value 0.522

Q+ parameters
slope: 0.144 semiSat: 0.560 beta: 0.938 sigma: 0.166 
maxBOLD estimate = 1.531


Trial 65: maxBOLD Stimulus Selection
Stimulus: 1.000
Output value 1.663

Q+ parameters
slope: 0.183 semiSat: 0.560 beta: 1.062 sigma: 0.218 
maxBOLD estimate = 1.435


Trial 66: random Stimulus Selection
Stimulus: 0.340
Output value 0.416

Q+ parameters
slope: 0.183 semiSat: 0.560 beta: 1.000 sigma: 0.218 
maxBOLD estimate = 1.525


Trial 67: random Stimulus Selection
Stimulus: 0.299
Output value 0.671

Q+ parameters
slope: 0.234 semiSat: 0.560 beta: 0.969 sigma: 0.218 
maxBOLD estimate = 1.525


Trial 68: random Stimulus Selection
Stimulus: 0.670
Output value 0.713

Q+ parameters
slope: 0.183 semiSat: 0.560 beta: 1.062 sigma: 0.218 
maxBOLD estimate = 1.477


Trial 69: random Stimulus Selection
Stimulus: 0.835
Output value 1.569

Q+ parameters
slope: 0.298 semiSat: 0.560 beta: 1.000 sigma: 0.218 
maxBOLD estimate = 1.569


Trial 70: baseline Stimulus Selection
Stimulus: 0.010
Output value 0.499

Q+ parameters
slope: 0.298 semiSat: 0.560 beta: 0.875 sigma: 0.218 
maxBOLD estimate = 1.569


Trial 71: random Stimulus Selection
Stimulus: 0.835
Output value 1.194

Q+ parameters
slope: 0.183 semiSat: 0.560 beta: 1.062 sigma: 0.218 
maxBOLD estimate = 1.373


Trial 72: random Stimulus Selection
Stimulus: 0.051
Output value -0.282

Q+ parameters
slope: 0.183 semiSat: 0.560 beta: 1.062 sigma: 0.218 
maxBOLD estimate = 1.459


Trial 73: random Stimulus Selection
Stimulus: 0.918
Output value 1.550

Q+ parameters
slope: 0.298 semiSat: 0.560 beta: 1.000 sigma: 0.218 
maxBOLD estimate = 1.550


Trial 74: random Stimulus Selection
Stimulus: 0.464
Output value 0.000

Q+ parameters
slope: 0.379 semiSat: 0.560 beta: 1.031 sigma: 0.218 
maxBOLD estimate = 1.550


Trial 75: maxBOLD Stimulus Selection
Stimulus: 1.000
Output value 1.526

Q+ parameters
slope: 0.183 semiSat: 0.560 beta: 0.875 sigma: 0.166 
maxBOLD estimate = 1.599


Trial 76: random Stimulus Selection
Stimulus: 0.051
Output value 1.717

Q+ parameters
slope: 0.043 semiSat: 0.560 beta: 1.500 sigma: 0.323 
maxBOLD estimate = 1.399


Trial 77: random Stimulus Selection
Stimulus: 0.753
Output value 1.431

Q+ parameters
slope: 0.234 semiSat: 0.560 beta: 0.750 sigma: 0.166 
maxBOLD estimate = 2.098


Trial 78: random Stimulus Selection
Stimulus: 0.092
Output value 0.139

Q+ parameters
slope: 0.234 semiSat: 0.560 beta: 0.969 sigma: 0.218 
maxBOLD estimate = 1.574


Trial 79: random Stimulus Selection
Stimulus: 0.381
Output value 1.559

Q+ parameters
slope: 0.113 semiSat: 0.560 beta: 1.250 sigma: 0.218 
maxBOLD estimate = 1.524


Trial 80: baseline Stimulus Selection
Stimulus: 0.010
Output value -0.130

Q+ parameters
slope: 0.144 semiSat: 0.560 beta: 0.750 sigma: 0.166 
maxBOLD estimate = 1.906


Trial 81: random Stimulus Selection
Stimulus: 0.546
Output value 1.949

Q+ parameters
slope: 0.234 semiSat: 0.560 beta: 1.250 sigma: 0.271 
maxBOLD estimate = 1.429


Trial 82: random Stimulus Selection
Stimulus: 0.051
Output value -0.244

Q+ parameters
slope: 0.144 semiSat: 0.560 beta: 0.750 sigma: 0.166 
maxBOLD estimate = 1.787


Trial 83: random Stimulus Selection
Stimulus: 0.010
Output value -0.152

Q+ parameters
slope: 0.183 semiSat: 0.560 beta: 1.250 sigma: 0.218 
maxBOLD estimate = 1.340


Trial 84: random Stimulus Selection
Stimulus: 0.629
Output value 1.713

Q+ parameters
slope: 0.379 semiSat: 0.560 beta: 0.938 sigma: 0.218 
maxBOLD estimate = 1.675


Trial 85: maxBOLD Stimulus Selection
Stimulus: 1.000
Output value 1.713

Q+ parameters
slope: 0.144 semiSat: 0.560 beta: 1.000 sigma: 0.218 
maxBOLD estimate = 1.570


Trial 86: random Stimulus Selection
Stimulus: 0.918
Output value 0.624

Q+ parameters
slope: 0.298 semiSat: 0.560 beta: 0.875 sigma: 0.218 
maxBOLD estimate = 1.570


Trial 87: random Stimulus Selection
Stimulus: 0.051
Output value 0.312

Q+ parameters
slope: 0.183 semiSat: 0.560 beta: 1.250 sigma: 0.218 
maxBOLD estimate = 1.374


Trial 88: random Stimulus Selection
Stimulus: 0.918
Output value 0.585

Q+ parameters
slope: 0.234 semiSat: 0.560 beta: 0.750 sigma: 0.166 
maxBOLD estimate = 1.717


Trial 89: random Stimulus Selection
Stimulus: 0.546
Output value 0.132

Q+ parameters
slope: 0.483 semiSat: 0.560 beta: 1.125 sigma: 0.218 
maxBOLD estimate = 1.288


Trial 90: baseline Stimulus Selection
Stimulus: 0.010
Output value -0.280

Q+ parameters
slope: 0.234 semiSat: 0.560 beta: 1.062 sigma: 0.218 
maxBOLD estimate = 1.449


Trial 91: random Stimulus Selection
Stimulus: 0.340
Output value -0.144

Q+ parameters
slope: 0.379 semiSat: 0.560 beta: 1.031 sigma: 0.218 
maxBOLD estimate = 1.540


Trial 92: random Stimulus Selection
Stimulus: 0.670
Output value 1.732

Q+ parameters
slope: 0.298 semiSat: 0.560 beta: 1.000 sigma: 0.218 
maxBOLD estimate = 1.588


Trial 93: random Stimulus Selection
Stimulus: 0.423
Output value 0.722

Q+ parameters
slope: 0.144 semiSat: 0.560 beta: 1.000 sigma: 0.218 
maxBOLD estimate = 1.588


Trial 94: random Stimulus Selection
Stimulus: 0.546
Output value 1.010

Q+ parameters
slope: 0.144 semiSat: 0.560 beta: 1.000 sigma: 0.218 
maxBOLD estimate = 1.588


Trial 95: maxBOLD Stimulus Selection
Stimulus: 1.000
Output value 1.588

Q+ parameters
slope: 0.298 semiSat: 0.560 beta: 1.000 sigma: 0.218 
maxBOLD estimate = 1.588


Trial 96: random Stimulus Selection
Stimulus: 0.588
Output value 1.010

Q+ parameters
slope: 0.298 semiSat: 0.560 beta: 1.000 sigma: 0.218 
maxBOLD estimate = 1.588


Trial 97: random Stimulus Selection
Stimulus: 0.092
Output value 0.433

Q+ parameters
slope: 0.298 semiSat: 0.560 beta: 1.000 sigma: 0.218 
maxBOLD estimate = 1.588


Trial 98: random Stimulus Selection
Stimulus: 0.670
Output value 1.443

Q+ parameters
slope: 0.298 semiSat: 0.560 beta: 1.000 sigma: 0.218 
maxBOLD estimate = 1.588


Trial 99: random Stimulus Selection
Stimulus: 0.959
Output value 1.732

Q+ parameters
slope: 0.298 semiSat: 0.560 beta: 1.000 sigma: 0.218 
maxBOLD estimate = 1.588


Trial 100: baseline Stimulus Selection
Stimulus: 0.010
Output value 0.744

Q+ parameters
slope: 0.379 semiSat: 0.560 beta: 1.031 sigma: 0.218 
maxBOLD estimate = 1.588

--------------------------------------------------------------
FINAL VALUES
--------------------------------------------------------------
Simulated parameters:              slope: 0.200 semiSat: 0.570 beta: 1.000 sigma: 0.150 
Max posterior QUEST+ parameters:   slope: 0.234 semiSat: 0.560 beta: 0.938 sigma: 0.218 
Max BADS parameters:               slope: 0.375 semiSat: 0.578 beta: 1.000 sigma: 0.221 
maxBOLD estimate: 1.606
