/blue/stevenweisberg/stevenweisberg/MATLAB/projects/Weisberg_Aguirre_2020/scripts/run_sims
c0704a-s2.ufhpc
Wed Apr  7 08:44:52 EDT 2021
mkdir: cannot create directory ‘/blue/stevenweisberg/stevenweisberg/qpfMRIResults/model_parameter_set2/’: File exists
cp: cannot stat ‘/blue/stevenweisberg/stevenweisberg/qpfMRIResults/deploy_sim.sh’: No such file or directory
cp: cannot stat ‘/blue/stevenweisberg/stevenweisberg/qpfMRIResults/sim_wrapper.sh’: No such file or directory
------------------------------------------
Setting up environment variables
---
LD_LIBRARY_PATH is .:/apps/matlab/mcr/2020b/v99/runtime/glnxa64:/apps/matlab/mcr/2020b/v99/bin/glnxa64:/apps/matlab/mcr/2020b/v99/sys/os/glnxa64:/apps/matlab/mcr/2020b/v99/sys/opengl/lib/glnxa64
Warning: Executing startup failed in matlabrc.
This indicates a potentially serious problem in your MATLAB setup, which should be resolved as soon as possible.  Error detected was:
MATLAB:mpath:PathAlterationNotSupported
Modifying the search path is not supported by MATLAB Compiler. Remove functions that modify the search path from your MATLAB code. To make files visible to your deployed application, add the parent folder to your MATLAB session.
Warning: No stimulus domain specified. Defaulting to values between 0.01 and 1.
> In qpfmriParams (line 182)
In compiledSimulate (line 205)
Stimulus domain added from input.
Parameter slope specified as 0.20000
Parameter semiSat specified as 0.57000
Parameter beta specified as 1.00000
Parameter sigma specified as 0.15000
seed = 99seed = 104seed = 111seed = 111seed = 115seed = 101Initializing Q+. This may take a minute...
Elapsed time is 6.134782 seconds.
Simulated parameters:
slope: 0.200 semiSat: 0.570 beta: 1.000 sigma: 0.150 

Trial 1: baseline Stimulus Selection
Stimulus: 0.010
Output value 0.000

Q+ parameters
slope: 0.026 semiSat: 0.890 beta: 0.500 sigma: 0.010 
maxBOLD estimate = 1.000


Trial 2: maxBOLD Stimulus Selection
Stimulus: 1.000
Output value 1.364

Q+ parameters
slope: 0.055 semiSat: 0.670 beta: 1.250 sigma: 0.010 
maxBOLD estimate = 1.000


Trial 3: baseline Stimulus Selection
Stimulus: 0.010
Output value -0.284

Q+ parameters
slope: 0.055 semiSat: 0.670 beta: 1.250 sigma: 0.166 
maxBOLD estimate = 1.250


Trial 4: maxBOLD Stimulus Selection
Stimulus: 1.000
Output value 1.420

Q+ parameters
slope: 0.043 semiSat: 0.780 beta: 1.250 sigma: 0.114 
maxBOLD estimate = 1.562


Trial 5: baseline Stimulus Selection
Stimulus: 0.010
Output value 0.222

Q+ parameters
slope: 0.034 semiSat: 1.000 beta: 1.250 sigma: 0.062 
maxBOLD estimate = 1.953


Trial 6: maxBOLD Stimulus Selection
Stimulus: 1.000
Output value 0.111

Q+ parameters
slope: 0.034 semiSat: 0.780 beta: 0.500 sigma: 0.114 
maxBOLD estimate = 2.441


Trial 7: qplus Stimulus Selection
Stimulus: 0.711
Output value 1.998

Q+ parameters
slope: 0.070 semiSat: 0.560 beta: 1.500 sigma: 0.114 
maxBOLD estimate = 1.221


Trial 8: qplus Stimulus Selection
Stimulus: 0.381
Output value -0.125

Q+ parameters
slope: 0.183 semiSat: 0.560 beta: 0.750 sigma: 0.114 
maxBOLD estimate = 1.831


Trial 9: qplus Stimulus Selection
Stimulus: 0.505
Output value 0.936

Q+ parameters
slope: 0.144 semiSat: 0.560 beta: 1.500 sigma: 0.114 
maxBOLD estimate = 1.373


Trial 10: baseline Stimulus Selection
Stimulus: 0.010
Output value 0.000

Q+ parameters
slope: 0.183 semiSat: 0.560 beta: 0.750 sigma: 0.114 
maxBOLD estimate = 2.060


Trial 11: qplus Stimulus Selection
Stimulus: 0.629
Output value 2.528

Q+ parameters
slope: 0.183 semiSat: 0.560 beta: 1.500 sigma: 0.114 
maxBOLD estimate = 1.545


Trial 12: qplus Stimulus Selection
Stimulus: 0.505
Output value 0.000

Q+ parameters
slope: 0.298 semiSat: 0.560 beta: 0.750 sigma: 0.114 
maxBOLD estimate = 2.317


Trial 13: qplus Stimulus Selection
Stimulus: 0.629
Output value -0.237

Q+ parameters
slope: 0.379 semiSat: 0.670 beta: 1.500 sigma: 0.271 
maxBOLD estimate = 1.738


Trial 14: qplus Stimulus Selection
Stimulus: 0.753
Output value 1.067

Q+ parameters
slope: 0.089 semiSat: 0.560 beta: 0.750 sigma: 0.114 
maxBOLD estimate = 2.607


Trial 15: maxBOLD Stimulus Selection
Stimulus: 1.000
Output value 0.800

Q+ parameters
slope: 0.183 semiSat: 0.560 beta: 0.750 sigma: 0.166 
maxBOLD estimate = 1.955


Trial 16: qplus Stimulus Selection
Stimulus: 0.588
Output value 0.992

Q+ parameters
slope: 0.113 semiSat: 0.560 beta: 1.062 sigma: 0.166 
maxBOLD estimate = 1.466


Trial 17: qplus Stimulus Selection
Stimulus: 0.464
Output value 1.115

Q+ parameters
slope: 0.089 semiSat: 0.560 beta: 1.125 sigma: 0.166 
maxBOLD estimate = 1.558


Trial 18: qplus Stimulus Selection
Stimulus: 0.505
Output value -0.279

Q+ parameters
slope: 0.379 semiSat: 0.560 beta: 0.875 sigma: 0.166 
maxBOLD estimate = 1.753


Trial 19: qplus Stimulus Selection
Stimulus: 0.588
Output value 1.255

Q+ parameters
slope: 0.113 semiSat: 0.670 beta: 1.500 sigma: 0.166 
maxBOLD estimate = 1.534


Trial 20: baseline Stimulus Selection
Stimulus: 0.010
Output value -0.314

Q+ parameters
slope: 0.183 semiSat: 0.560 beta: 0.750 sigma: 0.114 
maxBOLD estimate = 2.301


Trial 21: qplus Stimulus Selection
Stimulus: 0.629
Output value 0.686

Q+ parameters
slope: 0.144 semiSat: 0.560 beta: 0.875 sigma: 0.114 
maxBOLD estimate = 1.726


Trial 22: qplus Stimulus Selection
Stimulus: 0.629
Output value 0.618

Q+ parameters
slope: 0.089 semiSat: 0.670 beta: 1.500 sigma: 0.166 
maxBOLD estimate = 1.510


Trial 23: qplus Stimulus Selection
Stimulus: 0.629
Output value 0.926

Q+ parameters
slope: 0.183 semiSat: 0.560 beta: 0.750 sigma: 0.114 
maxBOLD estimate = 2.265


Trial 24: qplus Stimulus Selection
Stimulus: 0.670
Output value 0.946

Q+ parameters
slope: 0.144 semiSat: 0.560 beta: 0.875 sigma: 0.114 
maxBOLD estimate = 1.699


Trial 25: maxBOLD Stimulus Selection
Stimulus: 1.000
Output value 2.432

Q+ parameters
slope: 0.089 semiSat: 0.670 beta: 1.500 sigma: 0.114 
maxBOLD estimate = 1.486


Trial 26: qplus Stimulus Selection
Stimulus: 0.588
Output value -0.152

Q+ parameters
slope: 0.183 semiSat: 0.560 beta: 0.750 sigma: 0.114 
maxBOLD estimate = 2.229


Trial 27: qplus Stimulus Selection
Stimulus: 0.711
Output value 1.596

Q+ parameters
slope: 0.144 semiSat: 0.560 beta: 0.875 sigma: 0.114 
maxBOLD estimate = 1.672


Trial 28: qplus Stimulus Selection
Stimulus: 0.588
Output value 0.798

Q+ parameters
slope: 0.144 semiSat: 0.560 beta: 1.000 sigma: 0.114 
maxBOLD estimate = 1.463


Trial 29: qplus Stimulus Selection
Stimulus: 0.423
Output value -0.266

Q+ parameters
slope: 0.144 semiSat: 0.560 beta: 1.000 sigma: 0.114 
maxBOLD estimate = 1.463


Trial 30: baseline Stimulus Selection
Stimulus: 0.010
Output value 0.798

Q+ parameters
slope: 0.113 semiSat: 0.670 beta: 1.500 sigma: 0.166 
maxBOLD estimate = 1.463


Trial 31: qplus Stimulus Selection
Stimulus: 0.588
Output value 0.150

Q+ parameters
slope: 0.183 semiSat: 0.560 beta: 0.750 sigma: 0.114 
maxBOLD estimate = 2.195


Trial 32: qplus Stimulus Selection
Stimulus: 0.670
Output value 1.047

Q+ parameters
slope: 0.144 semiSat: 0.560 beta: 0.875 sigma: 0.114 
maxBOLD estimate = 1.646


Trial 33: qplus Stimulus Selection
Stimulus: 0.794
Output value 1.141

Q+ parameters
slope: 0.144 semiSat: 0.560 beta: 0.969 sigma: 0.114 
maxBOLD estimate = 1.440


Trial 34: qplus Stimulus Selection
Stimulus: 0.505
Output value -0.254

Q+ parameters
slope: 0.234 semiSat: 0.560 beta: 1.000 sigma: 0.166 
maxBOLD estimate = 1.395


Trial 35: maxBOLD Stimulus Selection
Stimulus: 1.000
Output value 0.507

Q+ parameters
slope: 0.234 semiSat: 0.560 beta: 1.000 sigma: 0.166 
maxBOLD estimate = 1.395


Trial 36: qplus Stimulus Selection
Stimulus: 0.588
Output value 0.761

Q+ parameters
slope: 0.234 semiSat: 0.560 beta: 1.000 sigma: 0.166 
maxBOLD estimate = 1.395


Trial 37: qplus Stimulus Selection
Stimulus: 0.588
Output value 0.369

Q+ parameters
slope: 0.144 semiSat: 0.560 beta: 0.969 sigma: 0.166 
maxBOLD estimate = 1.395


Trial 38: qplus Stimulus Selection
Stimulus: 0.546
Output value 1.106

Q+ parameters
slope: 0.234 semiSat: 0.560 beta: 1.000 sigma: 0.166 
maxBOLD estimate = 1.352


Trial 39: qplus Stimulus Selection
Stimulus: 0.588
Output value 1.474

Q+ parameters
slope: 0.234 semiSat: 0.560 beta: 1.000 sigma: 0.166 
maxBOLD estimate = 1.352


Trial 40: baseline Stimulus Selection
Stimulus: 0.010
Output value -0.123

Q+ parameters
slope: 0.234 semiSat: 0.560 beta: 1.000 sigma: 0.166 
maxBOLD estimate = 1.352


Trial 41: qplus Stimulus Selection
Stimulus: 0.588
Output value 0.000

Q+ parameters
slope: 0.144 semiSat: 0.560 beta: 0.969 sigma: 0.166 
maxBOLD estimate = 1.352


Trial 42: qplus Stimulus Selection
Stimulus: 0.505
Output value 0.357

Q+ parameters
slope: 0.234 semiSat: 0.560 beta: 1.000 sigma: 0.166 
maxBOLD estimate = 1.309


Trial 43: qplus Stimulus Selection
Stimulus: 0.546
Output value 0.000

Q+ parameters
slope: 0.298 semiSat: 0.560 beta: 0.969 sigma: 0.166 
maxBOLD estimate = 1.309


Trial 44: qplus Stimulus Selection
Stimulus: 0.588
Output value 1.470

Q+ parameters
slope: 0.298 semiSat: 0.560 beta: 1.062 sigma: 0.166 
maxBOLD estimate = 1.268


Trial 45: maxBOLD Stimulus Selection
Stimulus: 1.000
Output value 1.470

Q+ parameters
slope: 0.234 semiSat: 0.560 beta: 1.000 sigma: 0.166 
maxBOLD estimate = 1.348


Trial 46: qplus Stimulus Selection
Stimulus: 0.546
Output value 0.858

Q+ parameters
slope: 0.234 semiSat: 0.560 beta: 1.000 sigma: 0.166 
maxBOLD estimate = 1.348


Trial 47: qplus Stimulus Selection
Stimulus: 0.546
Output value 0.858

Q+ parameters
slope: 0.234 semiSat: 0.560 beta: 1.000 sigma: 0.166 
maxBOLD estimate = 1.348


Trial 48: qplus Stimulus Selection
Stimulus: 0.546
Output value 0.123

Q+ parameters
slope: 0.234 semiSat: 0.560 beta: 1.000 sigma: 0.166 
maxBOLD estimate = 1.348


Trial 49: qplus Stimulus Selection
Stimulus: 0.588
Output value 0.980

Q+ parameters
slope: 0.234 semiSat: 0.560 beta: 1.000 sigma: 0.166 
maxBOLD estimate = 1.348


Trial 50: baseline Stimulus Selection
Stimulus: 0.010
Output value 1.470

Q+ parameters
slope: 0.043 semiSat: 0.780 beta: 1.500 sigma: 0.218 
maxBOLD estimate = 1.348


Trial 51: qplus Stimulus Selection
Stimulus: 0.918
Output value 1.240

Q+ parameters
slope: 0.183 semiSat: 0.560 beta: 0.750 sigma: 0.166 
maxBOLD estimate = 2.022


Trial 52: qplus Stimulus Selection
Stimulus: 0.670
Output value 1.447

Q+ parameters
slope: 0.234 semiSat: 0.560 beta: 0.875 sigma: 0.166 
maxBOLD estimate = 1.516


Trial 53: qplus Stimulus Selection
Stimulus: 0.588
Output value 0.482

Q+ parameters
slope: 0.234 semiSat: 0.560 beta: 1.000 sigma: 0.166 
maxBOLD estimate = 1.327


Trial 54: qplus Stimulus Selection
Stimulus: 0.546
Output value 1.538

Q+ parameters
slope: 0.298 semiSat: 0.560 beta: 1.062 sigma: 0.218 
maxBOLD estimate = 1.327


Trial 55: maxBOLD Stimulus Selection
Stimulus: 1.000
Output value 1.153

Q+ parameters
slope: 0.234 semiSat: 0.560 beta: 1.000 sigma: 0.166 
maxBOLD estimate = 1.410


Trial 56: qplus Stimulus Selection
Stimulus: 0.505
Output value 0.621

Q+ parameters
slope: 0.144 semiSat: 0.560 beta: 0.969 sigma: 0.166 
maxBOLD estimate = 1.410


Trial 57: qplus Stimulus Selection
Stimulus: 0.505
Output value 1.055

Q+ parameters
slope: 0.183 semiSat: 0.560 beta: 1.062 sigma: 0.218 
maxBOLD estimate = 1.365


Trial 58: qplus Stimulus Selection
Stimulus: 0.505
Output value 0.256

Q+ parameters
slope: 0.144 semiSat: 0.560 beta: 0.969 sigma: 0.166 
maxBOLD estimate = 1.451


Trial 59: qplus Stimulus Selection
Stimulus: 0.505
Output value 0.000

Q+ parameters
slope: 0.234 semiSat: 0.560 beta: 1.000 sigma: 0.166 
maxBOLD estimate = 1.406


Trial 60: baseline Stimulus Selection
Stimulus: 0.010
Output value 0.256

Q+ parameters
slope: 0.234 semiSat: 0.560 beta: 1.000 sigma: 0.166 
maxBOLD estimate = 1.406


Trial 61: qplus Stimulus Selection
Stimulus: 0.588
Output value 0.767

Q+ parameters
slope: 0.234 semiSat: 0.560 beta: 1.000 sigma: 0.166 
maxBOLD estimate = 1.406


Trial 62: qplus Stimulus Selection
Stimulus: 0.505
Output value 0.511

Q+ parameters
slope: 0.234 semiSat: 0.560 beta: 1.000 sigma: 0.166 
maxBOLD estimate = 1.406


Trial 63: qplus Stimulus Selection
Stimulus: 0.505
Output value 0.383

Q+ parameters
slope: 0.234 semiSat: 0.560 beta: 1.000 sigma: 0.166 
maxBOLD estimate = 1.406


Trial 64: qplus Stimulus Selection
Stimulus: 0.505
Output value 0.743

Q+ parameters
slope: 0.144 semiSat: 0.560 beta: 0.969 sigma: 0.166 
maxBOLD estimate = 1.406


Trial 65: maxBOLD Stimulus Selection
Stimulus: 1.000
Output value 1.485

Q+ parameters
slope: 0.234 semiSat: 0.560 beta: 1.000 sigma: 0.166 
maxBOLD estimate = 1.362


Trial 66: qplus Stimulus Selection
Stimulus: 0.588
Output value 1.362

Q+ parameters
slope: 0.234 semiSat: 0.560 beta: 1.000 sigma: 0.166 
maxBOLD estimate = 1.362


Trial 67: qplus Stimulus Selection
Stimulus: 0.588
Output value 0.866

Q+ parameters
slope: 0.234 semiSat: 0.560 beta: 1.000 sigma: 0.166 
maxBOLD estimate = 1.362


Trial 68: qplus Stimulus Selection
Stimulus: 0.588
Output value 1.114

Q+ parameters
slope: 0.234 semiSat: 0.560 beta: 1.000 sigma: 0.166 
maxBOLD estimate = 1.362


Trial 69: qplus Stimulus Selection
Stimulus: 0.588
Output value 0.743

Q+ parameters
slope: 0.234 semiSat: 0.560 beta: 1.000 sigma: 0.166 
maxBOLD estimate = 1.362


Trial 70: baseline Stimulus Selection
Stimulus: 0.010
Output value -0.279

Q+ parameters
slope: 0.234 semiSat: 0.560 beta: 1.125 sigma: 0.166 
maxBOLD estimate = 1.362


Trial 71: qplus Stimulus Selection
Stimulus: 0.505
Output value 0.135

Q+ parameters
slope: 0.144 semiSat: 0.560 beta: 0.969 sigma: 0.166 
maxBOLD estimate = 1.532


Trial 72: qplus Stimulus Selection
Stimulus: 0.629
Output value 1.619

Q+ parameters
slope: 0.234 semiSat: 0.560 beta: 1.000 sigma: 0.166 
maxBOLD estimate = 1.484


Trial 73: qplus Stimulus Selection
Stimulus: 0.505
Output value 0.270

Q+ parameters
slope: 0.234 semiSat: 0.560 beta: 1.000 sigma: 0.166 
maxBOLD estimate = 1.484


Trial 74: qplus Stimulus Selection
Stimulus: 0.505
Output value -0.270

Q+ parameters
slope: 0.234 semiSat: 0.560 beta: 1.000 sigma: 0.166 
maxBOLD estimate = 1.484


Trial 75: maxBOLD Stimulus Selection
Stimulus: 1.000
Output value 1.079

Q+ parameters
slope: 0.234 semiSat: 0.560 beta: 1.000 sigma: 0.166 
maxBOLD estimate = 1.484


Trial 76: qplus Stimulus Selection
Stimulus: 0.546
Output value 1.349

Q+ parameters
slope: 0.234 semiSat: 0.560 beta: 1.000 sigma: 0.166 
maxBOLD estimate = 1.484


Trial 77: qplus Stimulus Selection
Stimulus: 0.505
Output value 0.270

Q+ parameters
slope: 0.234 semiSat: 0.560 beta: 1.000 sigma: 0.166 
maxBOLD estimate = 1.484


Trial 78: qplus Stimulus Selection
Stimulus: 0.505
Output value 0.915

Q+ parameters
slope: 0.144 semiSat: 0.560 beta: 0.969 sigma: 0.166 
maxBOLD estimate = 1.484


Trial 79: qplus Stimulus Selection
Stimulus: 0.505
Output value 1.960

Q+ parameters
slope: 0.113 semiSat: 0.560 beta: 1.250 sigma: 0.218 
maxBOLD estimate = 1.438


Trial 80: baseline Stimulus Selection
Stimulus: 0.010
Output value 0.858

Q+ parameters
slope: 0.183 semiSat: 0.560 beta: 0.750 sigma: 0.166 
maxBOLD estimate = 1.797


Trial 81: qplus Stimulus Selection
Stimulus: 0.670
Output value 2.205

Q+ parameters
slope: 0.026 semiSat: 0.780 beta: 1.500 sigma: 0.271 
maxBOLD estimate = 1.348


Trial 82: qplus Stimulus Selection
Stimulus: 1.000
Output value 0.965

Q+ parameters
slope: 0.183 semiSat: 0.560 beta: 0.750 sigma: 0.166 
maxBOLD estimate = 2.022


Trial 83: qplus Stimulus Selection
Stimulus: 0.670
Output value 2.067

Q+ parameters
slope: 0.043 semiSat: 0.780 beta: 1.500 sigma: 0.218 
maxBOLD estimate = 1.516


Trial 84: qplus Stimulus Selection
Stimulus: 1.000
Output value 0.724

Q+ parameters
slope: 0.298 semiSat: 0.560 beta: 0.500 sigma: 0.114 
maxBOLD estimate = 2.274


Trial 85: maxBOLD Stimulus Selection
Stimulus: 1.000
Output value 1.279

Q+ parameters
slope: 0.013 semiSat: 0.560 beta: 1.031 sigma: 1.000 
maxBOLD estimate = 1.137


Trial 86: qplus Stimulus Selection
Stimulus: 0.918
Output value 1.319

Q+ parameters
slope: 0.021 semiSat: 0.560 beta: 1.031 sigma: 0.479 
maxBOLD estimate = 1.173


Trial 87: qplus Stimulus Selection
Stimulus: 0.918
Output value 0.907

Q+ parameters
slope: 0.021 semiSat: 0.560 beta: 1.031 sigma: 0.427 
maxBOLD estimate = 1.209


Trial 88: qplus Stimulus Selection
Stimulus: 0.918
Output value 1.403

Q+ parameters
slope: 0.021 semiSat: 0.560 beta: 1.031 sigma: 0.375 
maxBOLD estimate = 1.247


Trial 89: qplus Stimulus Selection
Stimulus: 0.918
Output value 2.104

Q+ parameters
slope: 0.026 semiSat: 0.780 beta: 1.500 sigma: 0.271 
maxBOLD estimate = 1.286


Trial 90: baseline Stimulus Selection
Stimulus: 0.010
Output value -0.132

Q+ parameters
slope: 0.183 semiSat: 0.560 beta: 0.750 sigma: 0.166 
maxBOLD estimate = 1.929


Trial 91: qplus Stimulus Selection
Stimulus: 0.711
Output value 2.170

Q+ parameters
slope: 0.043 semiSat: 0.780 beta: 1.500 sigma: 0.218 
maxBOLD estimate = 1.447


Trial 92: qplus Stimulus Selection
Stimulus: 0.546
Output value 0.555

Q+ parameters
slope: 0.070 semiSat: 0.670 beta: 0.938 sigma: 0.166 
maxBOLD estimate = 2.170


Trial 93: qplus Stimulus Selection
Stimulus: 0.711
Output value 1.214

Q+ parameters
slope: 0.070 semiSat: 0.670 beta: 0.938 sigma: 0.166 
maxBOLD estimate = 2.035


Trial 94: qplus Stimulus Selection
Stimulus: 0.629
Output value 1.431

Q+ parameters
slope: 0.183 semiSat: 0.560 beta: 0.750 sigma: 0.166 
maxBOLD estimate = 1.907


Trial 95: maxBOLD Stimulus Selection
Stimulus: 1.000
Output value 2.146

Q+ parameters
slope: 0.043 semiSat: 0.670 beta: 1.500 sigma: 0.218 
maxBOLD estimate = 1.431


Trial 96: qplus Stimulus Selection
Stimulus: 0.546
Output value -0.366

Q+ parameters
slope: 0.070 semiSat: 0.670 beta: 0.938 sigma: 0.166 
maxBOLD estimate = 2.146


Trial 97: qplus Stimulus Selection
Stimulus: 0.670
Output value 0.686

Q+ parameters
slope: 0.070 semiSat: 0.670 beta: 0.938 sigma: 0.166 
maxBOLD estimate = 2.012


Trial 98: qplus Stimulus Selection
Stimulus: 0.629
Output value 1.029

Q+ parameters
slope: 0.183 semiSat: 0.560 beta: 0.750 sigma: 0.166 
maxBOLD estimate = 1.886


Trial 99: qplus Stimulus Selection
Stimulus: 1.000
Output value 2.315

Q+ parameters
slope: 0.043 semiSat: 0.670 beta: 1.500 sigma: 0.218 
maxBOLD estimate = 1.414


Trial 100: baseline Stimulus Selection
Stimulus: 0.010
Output value 0.338

Q+ parameters
slope: 0.113 semiSat: 0.670 beta: 0.875 sigma: 0.166 
maxBOLD estimate = 2.122

--------------------------------------------------------------
FINAL VALUES
--------------------------------------------------------------
Simulated parameters:              slope: 0.200 semiSat: 0.570 beta: 1.000 sigma: 0.150 
Max posterior QUEST+ parameters:   slope: 0.055 semiSat: 0.560 beta: 1.125 sigma: 0.271 
Max BADS parameters:               slope: 0.051 semiSat: 0.583 beta: 1.000 sigma: 0.225 
maxBOLD estimate: 1.472
