/blue/stevenweisberg/stevenweisberg/MATLAB/projects/Weisberg_Aguirre_2020/scripts/run_sims
c0700a-s1.ufhpc
Wed Apr  7 02:45:39 EDT 2021
mkdir: cannot create directory ‘/blue/stevenweisberg/stevenweisberg/qpfMRIResults/model_parameter_set2/’: File exists
cp: cannot stat ‘/blue/stevenweisberg/stevenweisberg/qpfMRIResults/deploy_sim.sh’: No such file or directory
cp: cannot stat ‘/blue/stevenweisberg/stevenweisberg/qpfMRIResults/sim_wrapper.sh’: No such file or directory
------------------------------------------
Setting up environment variables
---
LD_LIBRARY_PATH is .:/apps/matlab/mcr/2020b/v99/runtime/glnxa64:/apps/matlab/mcr/2020b/v99/bin/glnxa64:/apps/matlab/mcr/2020b/v99/sys/os/glnxa64:/apps/matlab/mcr/2020b/v99/sys/opengl/lib/glnxa64
Warning: Executing startup failed in matlabrc.
This indicates a potentially serious problem in your MATLAB setup, which should be resolved as soon as possible.  Error detected was:
MATLAB:mpath:PathAlterationNotSupported
Modifying the search path is not supported by MATLAB Compiler. Remove functions that modify the search path from your MATLAB code. To make files visible to your deployed application, add the parent folder to your MATLAB session.
Warning: No stimulus domain specified. Defaulting to values between 0.01 and 1.
> In qpfmriParams (line 182)
In compiledSimulate (line 205)
Stimulus domain added from input.
Parameter slope specified as 0.20000
Parameter semiSat specified as 0.57000
Parameter beta specified as 1.00000
Parameter sigma specified as 0.15000
seed = 99seed = 104seed = 111seed = 111seed = 115seed = 101Initializing Q+. This may take a minute...
Elapsed time is 8.042407 seconds.
Simulated parameters:
slope: 0.200 semiSat: 0.570 beta: 1.000 sigma: 0.150 

Trial 1: baseline Stimulus Selection
Stimulus: 0.010
Output value 0.000

Q+ parameters
slope: 0.026 semiSat: 0.890 beta: 0.500 sigma: 0.010 
maxBOLD estimate = 1.000


Trial 2: maxBOLD Stimulus Selection
Stimulus: 1.000
Output value 1.364

Q+ parameters
slope: 0.055 semiSat: 0.670 beta: 1.250 sigma: 0.010 
maxBOLD estimate = 1.000


Trial 3: baseline Stimulus Selection
Stimulus: 0.010
Output value 0.284

Q+ parameters
slope: 0.055 semiSat: 0.670 beta: 1.250 sigma: 0.114 
maxBOLD estimate = 1.250


Trial 4: maxBOLD Stimulus Selection
Stimulus: 1.000
Output value 1.953

Q+ parameters
slope: 0.055 semiSat: 0.670 beta: 1.250 sigma: 0.062 
maxBOLD estimate = 1.562


Trial 5: baseline Stimulus Selection
Stimulus: 0.010
Output value 0.400

Q+ parameters
slope: 0.043 semiSat: 0.780 beta: 1.125 sigma: 0.114 
maxBOLD estimate = 1.953


Trial 6: maxBOLD Stimulus Selection
Stimulus: 1.000
Output value 1.748

Q+ parameters
slope: 0.034 semiSat: 1.000 beta: 1.250 sigma: 0.114 
maxBOLD estimate = 2.197


Trial 7: random Stimulus Selection
Stimulus: 0.010
Output value 0.375

Q+ parameters
slope: 0.034 semiSat: 0.890 beta: 0.750 sigma: 0.114 
maxBOLD estimate = 2.747


Trial 8: random Stimulus Selection
Stimulus: 0.711
Output value 0.843

Q+ parameters
slope: 0.055 semiSat: 0.560 beta: 0.750 sigma: 0.114 
maxBOLD estimate = 2.060


Trial 9: random Stimulus Selection
Stimulus: 0.340
Output value 0.000

Q+ parameters
slope: 0.144 semiSat: 0.560 beta: 0.969 sigma: 0.114 
maxBOLD estimate = 1.545


Trial 10: baseline Stimulus Selection
Stimulus: 0.010
Output value -0.340

Q+ parameters
slope: 0.070 semiSat: 0.450 beta: 1.250 sigma: 0.114 
maxBOLD estimate = 1.497


Trial 11: random Stimulus Selection
Stimulus: 0.051
Output value -0.319

Q+ parameters
slope: 0.070 semiSat: 0.560 beta: 0.938 sigma: 0.114 
maxBOLD estimate = 1.871


Trial 12: random Stimulus Selection
Stimulus: 0.505
Output value 0.000

Q+ parameters
slope: 0.298 semiSat: 0.670 beta: 1.000 sigma: 0.114 
maxBOLD estimate = 1.754


Trial 13: random Stimulus Selection
Stimulus: 0.505
Output value -0.159

Q+ parameters
slope: 0.298 semiSat: 0.670 beta: 1.000 sigma: 0.114 
maxBOLD estimate = 1.754


Trial 14: random Stimulus Selection
Stimulus: 0.876
Output value 1.196

Q+ parameters
slope: 0.379 semiSat: 0.670 beta: 0.938 sigma: 0.114 
maxBOLD estimate = 1.754


Trial 15: maxBOLD Stimulus Selection
Stimulus: 1.000
Output value 1.046

Q+ parameters
slope: 0.616 semiSat: 0.560 beta: 0.875 sigma: 0.114 
maxBOLD estimate = 1.644


Trial 16: random Stimulus Selection
Stimulus: 0.010
Output value -0.392

Q+ parameters
slope: 0.234 semiSat: 0.670 beta: 1.500 sigma: 0.166 
maxBOLD estimate = 1.439


Trial 17: random Stimulus Selection
Stimulus: 0.546
Output value 0.000

Q+ parameters
slope: 0.616 semiSat: 0.670 beta: 0.750 sigma: 0.114 
maxBOLD estimate = 2.158


Trial 18: random Stimulus Selection
Stimulus: 0.340
Output value 0.000

Q+ parameters
slope: 0.298 semiSat: 0.670 beta: 1.250 sigma: 0.166 
maxBOLD estimate = 1.619


Trial 19: random Stimulus Selection
Stimulus: 0.711
Output value 0.690

Q+ parameters
slope: 0.183 semiSat: 0.670 beta: 0.750 sigma: 0.114 
maxBOLD estimate = 2.023


Trial 20: baseline Stimulus Selection
Stimulus: 0.010
Output value 0.000

Q+ parameters
slope: 0.298 semiSat: 0.670 beta: 1.125 sigma: 0.166 
maxBOLD estimate = 1.517


Trial 21: random Stimulus Selection
Stimulus: 0.670
Output value 1.746

Q+ parameters
slope: 0.234 semiSat: 0.670 beta: 1.250 sigma: 0.166 
maxBOLD estimate = 1.707


Trial 22: random Stimulus Selection
Stimulus: 0.299
Output value -0.145

Q+ parameters
slope: 0.616 semiSat: 0.560 beta: 0.750 sigma: 0.114 
maxBOLD estimate = 2.134


Trial 23: random Stimulus Selection
Stimulus: 0.876
Output value 0.382

Q+ parameters
slope: 0.785 semiSat: 0.560 beta: 0.875 sigma: 0.166 
maxBOLD estimate = 1.600


Trial 24: random Stimulus Selection
Stimulus: 0.299
Output value -0.271

Q+ parameters
slope: 1.000 semiSat: 0.560 beta: 1.062 sigma: 0.166 
maxBOLD estimate = 1.400


Trial 25: maxBOLD Stimulus Selection
Stimulus: 1.000
Output value 0.862

Q+ parameters
slope: 1.000 semiSat: 0.560 beta: 1.062 sigma: 0.218 
maxBOLD estimate = 1.488


Trial 26: random Stimulus Selection
Stimulus: 0.835
Output value 1.671

Q+ parameters
slope: 1.000 semiSat: 0.560 beta: 0.969 sigma: 0.218 
maxBOLD estimate = 1.581


Trial 27: random Stimulus Selection
Stimulus: 0.959
Output value 0.609

Q+ parameters
slope: 0.785 semiSat: 0.560 beta: 0.875 sigma: 0.218 
maxBOLD estimate = 1.531


Trial 28: random Stimulus Selection
Stimulus: 0.753
Output value 0.472

Q+ parameters
slope: 1.000 semiSat: 0.560 beta: 0.969 sigma: 0.218 
maxBOLD estimate = 1.340


Trial 29: random Stimulus Selection
Stimulus: 0.711
Output value 1.003

Q+ parameters
slope: 1.000 semiSat: 0.560 beta: 1.062 sigma: 0.218 
maxBOLD estimate = 1.298


Trial 30: baseline Stimulus Selection
Stimulus: 0.010
Output value 0.000

Q+ parameters
slope: 1.000 semiSat: 0.560 beta: 0.969 sigma: 0.218 
maxBOLD estimate = 1.379


Trial 31: random Stimulus Selection
Stimulus: 0.546
Output value 0.516

Q+ parameters
slope: 0.785 semiSat: 0.560 beta: 1.062 sigma: 0.218 
maxBOLD estimate = 1.336


Trial 32: random Stimulus Selection
Stimulus: 0.753
Output value 1.375

Q+ parameters
slope: 1.000 semiSat: 0.560 beta: 0.969 sigma: 0.218 
maxBOLD estimate = 1.420


Trial 33: random Stimulus Selection
Stimulus: 0.175
Output value -0.133

Q+ parameters
slope: 1.000 semiSat: 0.560 beta: 1.062 sigma: 0.218 
maxBOLD estimate = 1.375


Trial 34: random Stimulus Selection
Stimulus: 0.464
Output value -0.257

Q+ parameters
slope: 1.000 semiSat: 0.560 beta: 0.969 sigma: 0.218 
maxBOLD estimate = 1.461


Trial 35: maxBOLD Stimulus Selection
Stimulus: 1.000
Output value 1.504

Q+ parameters
slope: 1.000 semiSat: 0.560 beta: 1.062 sigma: 0.218 
maxBOLD estimate = 1.416


Trial 36: random Stimulus Selection
Stimulus: 0.051
Output value -0.239

Q+ parameters
slope: 0.785 semiSat: 0.560 beta: 0.875 sigma: 0.166 
maxBOLD estimate = 1.504


Trial 37: random Stimulus Selection
Stimulus: 0.711
Output value 1.271

Q+ parameters
slope: 1.000 semiSat: 0.560 beta: 1.062 sigma: 0.218 
maxBOLD estimate = 1.316


Trial 38: random Stimulus Selection
Stimulus: 0.753
Output value 0.985

Q+ parameters
slope: 1.000 semiSat: 0.560 beta: 0.969 sigma: 0.218 
maxBOLD estimate = 1.398


Trial 39: random Stimulus Selection
Stimulus: 0.588
Output value 0.185

Q+ parameters
slope: 0.483 semiSat: 0.670 beta: 1.500 sigma: 0.218 
maxBOLD estimate = 1.355


Trial 40: baseline Stimulus Selection
Stimulus: 0.010
Output value 0.000

Q+ parameters
slope: 0.234 semiSat: 0.670 beta: 0.750 sigma: 0.166 
maxBOLD estimate = 2.032


Trial 41: random Stimulus Selection
Stimulus: 0.134
Output value -0.277

Q+ parameters
slope: 0.234 semiSat: 0.670 beta: 1.000 sigma: 0.218 
maxBOLD estimate = 1.524


Trial 42: random Stimulus Selection
Stimulus: 0.134
Output value 0.277

Q+ parameters
slope: 0.234 semiSat: 0.670 beta: 1.000 sigma: 0.218 
maxBOLD estimate = 1.524


Trial 43: random Stimulus Selection
Stimulus: 0.464
Output value 0.139

Q+ parameters
slope: 0.234 semiSat: 0.670 beta: 1.000 sigma: 0.166 
maxBOLD estimate = 1.524


Trial 44: random Stimulus Selection
Stimulus: 0.959
Output value 1.108

Q+ parameters
slope: 0.234 semiSat: 0.670 beta: 1.000 sigma: 0.166 
maxBOLD estimate = 1.524


Trial 45: maxBOLD Stimulus Selection
Stimulus: 1.000
Output value 1.385

Q+ parameters
slope: 0.234 semiSat: 0.670 beta: 1.000 sigma: 0.166 
maxBOLD estimate = 1.524


Trial 46: random Stimulus Selection
Stimulus: 0.876
Output value 1.524

Q+ parameters
slope: 0.234 semiSat: 0.670 beta: 1.000 sigma: 0.166 
maxBOLD estimate = 1.524


Trial 47: random Stimulus Selection
Stimulus: 0.670
Output value 0.693

Q+ parameters
slope: 0.234 semiSat: 0.670 beta: 1.000 sigma: 0.166 
maxBOLD estimate = 1.524


Trial 48: random Stimulus Selection
Stimulus: 0.835
Output value 1.091

Q+ parameters
slope: 0.616 semiSat: 0.560 beta: 0.875 sigma: 0.166 
maxBOLD estimate = 1.524


Trial 49: random Stimulus Selection
Stimulus: 0.918
Output value 1.091

Q+ parameters
slope: 0.234 semiSat: 0.670 beta: 1.500 sigma: 0.218 
maxBOLD estimate = 1.333


Trial 50: baseline Stimulus Selection
Stimulus: 0.010
Output value 0.273

Q+ parameters
slope: 0.234 semiSat: 0.670 beta: 0.750 sigma: 0.166 
maxBOLD estimate = 2.000


Trial 51: random Stimulus Selection
Stimulus: 1.000
Output value 1.364

Q+ parameters
slope: 0.234 semiSat: 0.670 beta: 1.250 sigma: 0.218 
maxBOLD estimate = 1.500


Trial 52: random Stimulus Selection
Stimulus: 0.835
Output value 1.406

Q+ parameters
slope: 0.616 semiSat: 0.560 beta: 0.750 sigma: 0.166 
maxBOLD estimate = 1.875


Trial 53: random Stimulus Selection
Stimulus: 0.464
Output value -0.384

Q+ parameters
slope: 0.234 semiSat: 0.670 beta: 1.500 sigma: 0.218 
maxBOLD estimate = 1.406


Trial 54: random Stimulus Selection
Stimulus: 0.588
Output value 0.719

Q+ parameters
slope: 0.183 semiSat: 0.670 beta: 0.750 sigma: 0.166 
maxBOLD estimate = 2.110


Trial 55: maxBOLD Stimulus Selection
Stimulus: 1.000
Output value 0.881

Q+ parameters
slope: 0.616 semiSat: 0.560 beta: 0.875 sigma: 0.166 
maxBOLD estimate = 1.582


Trial 56: random Stimulus Selection
Stimulus: 0.257
Output value -0.267

Q+ parameters
slope: 0.785 semiSat: 0.560 beta: 1.062 sigma: 0.218 
maxBOLD estimate = 1.384


Trial 57: random Stimulus Selection
Stimulus: 1.000
Output value 0.201

Q+ parameters
slope: 0.616 semiSat: 0.560 beta: 0.750 sigma: 0.218 
maxBOLD estimate = 1.471


Trial 58: random Stimulus Selection
Stimulus: 0.423
Output value -0.213

Q+ parameters
slope: 0.785 semiSat: 0.560 beta: 1.062 sigma: 0.166 
maxBOLD estimate = 1.103


Trial 59: random Stimulus Selection
Stimulus: 0.340
Output value 0.000

Q+ parameters
slope: 0.785 semiSat: 0.560 beta: 1.062 sigma: 0.166 
maxBOLD estimate = 1.172


Trial 60: baseline Stimulus Selection
Stimulus: 0.010
Output value -0.241

Q+ parameters
slope: 0.379 semiSat: 0.560 beta: 1.062 sigma: 0.166 
maxBOLD estimate = 1.245


Trial 61: random Stimulus Selection
Stimulus: 0.257
Output value -0.256

Q+ parameters
slope: 0.379 semiSat: 0.560 beta: 1.062 sigma: 0.166 
maxBOLD estimate = 1.323


Trial 62: random Stimulus Selection
Stimulus: 0.670
Output value 0.959

Q+ parameters
slope: 0.144 semiSat: 0.670 beta: 1.500 sigma: 0.166 
maxBOLD estimate = 1.406


Trial 63: random Stimulus Selection
Stimulus: 0.918
Output value 1.150

Q+ parameters
slope: 0.234 semiSat: 0.560 beta: 0.750 sigma: 0.114 
maxBOLD estimate = 2.109


Trial 64: random Stimulus Selection
Stimulus: 1.000
Output value 1.510

Q+ parameters
slope: 0.616 semiSat: 0.560 beta: 0.875 sigma: 0.166 
maxBOLD estimate = 1.582


Trial 65: maxBOLD Stimulus Selection
Stimulus: 1.000
Output value 1.604

Q+ parameters
slope: 0.379 semiSat: 0.560 beta: 1.062 sigma: 0.166 
maxBOLD estimate = 1.384


Trial 66: random Stimulus Selection
Stimulus: 0.299
Output value 0.130

Q+ parameters
slope: 0.234 semiSat: 0.560 beta: 0.969 sigma: 0.166 
maxBOLD estimate = 1.471


Trial 67: random Stimulus Selection
Stimulus: 0.794
Output value 0.878

Q+ parameters
slope: 0.234 semiSat: 0.560 beta: 0.969 sigma: 0.166 
maxBOLD estimate = 1.425


Trial 68: random Stimulus Selection
Stimulus: 0.299
Output value -0.267

Q+ parameters
slope: 0.379 semiSat: 0.560 beta: 1.062 sigma: 0.166 
maxBOLD estimate = 1.380


Trial 69: random Stimulus Selection
Stimulus: 0.134
Output value 0.129

Q+ parameters
slope: 0.234 semiSat: 0.560 beta: 0.969 sigma: 0.166 
maxBOLD estimate = 1.466


Trial 70: baseline Stimulus Selection
Stimulus: 0.010
Output value -0.274

Q+ parameters
slope: 0.298 semiSat: 0.560 beta: 1.062 sigma: 0.166 
maxBOLD estimate = 1.420


Trial 71: random Stimulus Selection
Stimulus: 0.711
Output value 0.532

Q+ parameters
slope: 0.234 semiSat: 0.560 beta: 0.969 sigma: 0.166 
maxBOLD estimate = 1.509


Trial 72: random Stimulus Selection
Stimulus: 0.753
Output value 1.288

Q+ parameters
slope: 0.234 semiSat: 0.560 beta: 0.969 sigma: 0.166 
maxBOLD estimate = 1.462


Trial 73: random Stimulus Selection
Stimulus: 0.299
Output value -0.274

Q+ parameters
slope: 0.234 semiSat: 0.560 beta: 1.062 sigma: 0.166 
maxBOLD estimate = 1.416


Trial 74: random Stimulus Selection
Stimulus: 0.794
Output value 0.928

Q+ parameters
slope: 0.234 semiSat: 0.560 beta: 0.969 sigma: 0.166 
maxBOLD estimate = 1.505


Trial 75: maxBOLD Stimulus Selection
Stimulus: 1.000
Output value 0.514

Q+ parameters
slope: 0.234 semiSat: 0.560 beta: 0.969 sigma: 0.166 
maxBOLD estimate = 1.458


Trial 76: random Stimulus Selection
Stimulus: 0.918
Output value 1.368

Q+ parameters
slope: 0.234 semiSat: 0.560 beta: 0.969 sigma: 0.166 
maxBOLD estimate = 1.412


Trial 77: random Stimulus Selection
Stimulus: 0.134
Output value -0.264

Q+ parameters
slope: 0.379 semiSat: 0.560 beta: 1.062 sigma: 0.218 
maxBOLD estimate = 1.368


Trial 78: random Stimulus Selection
Stimulus: 0.051
Output value 0.128

Q+ parameters
slope: 0.234 semiSat: 0.560 beta: 0.969 sigma: 0.166 
maxBOLD estimate = 1.454


Trial 79: random Stimulus Selection
Stimulus: 0.876
Output value 1.488

Q+ parameters
slope: 0.234 semiSat: 0.560 beta: 0.969 sigma: 0.166 
maxBOLD estimate = 1.408


Trial 80: baseline Stimulus Selection
Stimulus: 0.010
Output value -0.264

Q+ parameters
slope: 0.379 semiSat: 0.560 beta: 1.062 sigma: 0.166 
maxBOLD estimate = 1.364


Trial 81: random Stimulus Selection
Stimulus: 0.629
Output value 0.395

Q+ parameters
slope: 0.113 semiSat: 0.670 beta: 1.500 sigma: 0.166 
maxBOLD estimate = 1.450


Trial 82: random Stimulus Selection
Stimulus: 0.051
Output value -0.296

Q+ parameters
slope: 0.113 semiSat: 0.560 beta: 0.750 sigma: 0.114 
maxBOLD estimate = 2.174


Trial 83: random Stimulus Selection
Stimulus: 0.175
Output value -0.259

Q+ parameters
slope: 0.234 semiSat: 0.560 beta: 0.875 sigma: 0.166 
maxBOLD estimate = 1.631


Trial 84: random Stimulus Selection
Stimulus: 0.216
Output value 0.000

Q+ parameters
slope: 0.113 semiSat: 0.670 beta: 1.500 sigma: 0.166 
maxBOLD estimate = 1.427


Trial 85: maxBOLD Stimulus Selection
Stimulus: 1.000
Output value 1.167

Q+ parameters
slope: 0.113 semiSat: 0.560 beta: 0.750 sigma: 0.114 
maxBOLD estimate = 2.140


Trial 86: random Stimulus Selection
Stimulus: 0.588
Output value 0.894

Q+ parameters
slope: 0.234 semiSat: 0.560 beta: 0.875 sigma: 0.166 
maxBOLD estimate = 1.605


Trial 87: random Stimulus Selection
Stimulus: 0.134
Output value 0.000

Q+ parameters
slope: 0.113 semiSat: 0.670 beta: 1.500 sigma: 0.166 
maxBOLD estimate = 1.405


Trial 88: random Stimulus Selection
Stimulus: 0.216
Output value 0.144

Q+ parameters
slope: 0.144 semiSat: 0.560 beta: 0.750 sigma: 0.114 
maxBOLD estimate = 2.107


Trial 89: random Stimulus Selection
Stimulus: 0.051
Output value 0.377

Q+ parameters
slope: 0.234 semiSat: 0.560 beta: 0.875 sigma: 0.166 
maxBOLD estimate = 1.580


Trial 90: baseline Stimulus Selection
Stimulus: 0.010
Output value -0.377

Q+ parameters
slope: 0.113 semiSat: 0.670 beta: 1.500 sigma: 0.166 
maxBOLD estimate = 1.383


Trial 91: random Stimulus Selection
Stimulus: 1.000
Output value 0.848

Q+ parameters
slope: 0.234 semiSat: 0.560 beta: 0.750 sigma: 0.114 
maxBOLD estimate = 2.074


Trial 92: random Stimulus Selection
Stimulus: 0.257
Output value 0.274

Q+ parameters
slope: 0.144 semiSat: 0.560 beta: 0.969 sigma: 0.166 
maxBOLD estimate = 1.555


Trial 93: random Stimulus Selection
Stimulus: 0.340
Output value 0.822

Q+ parameters
slope: 0.113 semiSat: 0.670 beta: 1.500 sigma: 0.166 
maxBOLD estimate = 1.507


Trial 94: random Stimulus Selection
Stimulus: 0.134
Output value 0.000

Q+ parameters
slope: 0.089 semiSat: 0.670 beta: 0.750 sigma: 0.114 
maxBOLD estimate = 2.260


Trial 95: maxBOLD Stimulus Selection
Stimulus: 1.000
Output value 0.944

Q+ parameters
slope: 0.183 semiSat: 0.560 beta: 0.875 sigma: 0.166 
maxBOLD estimate = 1.695


Trial 96: random Stimulus Selection
Stimulus: 0.051
Output value 0.405

Q+ parameters
slope: 0.113 semiSat: 0.670 beta: 1.500 sigma: 0.166 
maxBOLD estimate = 1.483


Trial 97: random Stimulus Selection
Stimulus: 0.588
Output value 1.365

Q+ parameters
slope: 0.113 semiSat: 0.560 beta: 0.750 sigma: 0.114 
maxBOLD estimate = 2.225


Trial 98: random Stimulus Selection
Stimulus: 0.876
Output value 1.593

Q+ parameters
slope: 0.234 semiSat: 0.560 beta: 0.875 sigma: 0.166 
maxBOLD estimate = 1.669


Trial 99: random Stimulus Selection
Stimulus: 0.134
Output value -0.282

Q+ parameters
slope: 0.298 semiSat: 0.560 beta: 1.062 sigma: 0.218 
maxBOLD estimate = 1.460


Trial 100: baseline Stimulus Selection
Stimulus: 0.010
Output value -0.273

Q+ parameters
slope: 0.234 semiSat: 0.560 beta: 0.969 sigma: 0.166 
maxBOLD estimate = 1.551

--------------------------------------------------------------
FINAL VALUES
--------------------------------------------------------------
Simulated parameters:              slope: 0.200 semiSat: 0.570 beta: 1.000 sigma: 0.150 
Max posterior QUEST+ parameters:   slope: 0.234 semiSat: 0.560 beta: 0.969 sigma: 0.166 
Max BADS parameters:               slope: 0.122 semiSat: 0.581 beta: 1.000 sigma: 0.171 
maxBOLD estimate: 1.624
