/blue/stevenweisberg/stevenweisberg/MATLAB/projects/Weisberg_Aguirre_2020/scripts/run_sims
c6a-s1.ufhpc
Thu Nov 12 18:17:11 EST 2020
cp: cannot stat ‘/blue/stevenweisberg/stevenweisberg/qpfMRIResults/deploy_sim.sh’: No such file or directory
cp: cannot stat ‘/blue/stevenweisberg/stevenweisberg/qpfMRIResults/sim_wrapper.sh’: No such file or directory
------------------------------------------
Setting up environment variables
---
LD_LIBRARY_PATH is .:/apps/matlab/mcr/2020b/v99/runtime/glnxa64:/apps/matlab/mcr/2020b/v99/bin/glnxa64:/apps/matlab/mcr/2020b/v99/sys/os/glnxa64:/apps/matlab/mcr/2020b/v99/sys/opengl/lib/glnxa64
Warning: Executing startup failed in matlabrc.
This indicates a potentially serious problem in your MATLAB setup, which should be resolved as soon as possible.  Error detected was:
MATLAB:mpath:PathAlterationNotSupported
Modifying the search path is not supported by MATLAB Compiler. Remove functions that modify the search path from your MATLAB code. To make files visible to your deployed application, add the parent folder to your MATLAB session.
Warning: No stimulus domain specified. Defaulting to values between 0.01 and 1.
> In qpfmriParams (line 182)
In compiledSimulate (line 205)
Stimulus domain added from input.
Parameter slope specified as 0.41000
Parameter semiSat specified as 0.57000
Parameter beta specified as 1.00000
Parameter sigma specified as 0.15000
seed = 99seed = 104seed = 111seed = 111seed = 115seed = 101Initializing Q+. This may take a minute...
Elapsed time is 25.107936 seconds.
Simulated parameters:
slope: 0.410 semiSat: 0.570 beta: 1.000 sigma: 0.150 

Trial 1: baseline Stimulus Selection
Stimulus: 0.010
Output value 0.000

Q+ parameters
slope: 0.026 semiSat: 0.890 beta: 0.500 sigma: 0.010 
maxBOLD estimate = 1.000


Trial 2: maxBOLD Stimulus Selection
Stimulus: 1.000
Output value 1.364

Q+ parameters
slope: 0.055 semiSat: 0.670 beta: 1.250 sigma: 0.010 
maxBOLD estimate = 1.000


Trial 3: baseline Stimulus Selection
Stimulus: 0.010
Output value -0.284

Q+ parameters
slope: 0.055 semiSat: 0.670 beta: 1.250 sigma: 0.218 
maxBOLD estimate = 1.250


Trial 4: maxBOLD Stimulus Selection
Stimulus: 1.000
Output value 1.598

Q+ parameters
slope: 0.055 semiSat: 0.670 beta: 1.125 sigma: 0.062 
maxBOLD estimate = 1.562


Trial 5: baseline Stimulus Selection
Stimulus: 0.010
Output value -0.400

Q+ parameters
slope: 0.055 semiSat: 0.670 beta: 1.250 sigma: 0.114 
maxBOLD estimate = 1.758


Trial 6: maxBOLD Stimulus Selection
Stimulus: 1.000
Output value 2.247

Q+ parameters
slope: 0.043 semiSat: 0.780 beta: 1.250 sigma: 0.114 
maxBOLD estimate = 2.197


Trial 7: qplus Stimulus Selection
Stimulus: 0.505
Output value 0.265

Q+ parameters
slope: 0.055 semiSat: 0.890 beta: 1.062 sigma: 0.062 
maxBOLD estimate = 2.747


Trial 8: qplus Stimulus Selection
Stimulus: 0.794
Output value 1.393

Q+ parameters
slope: 0.113 semiSat: 0.670 beta: 0.750 sigma: 0.062 
maxBOLD estimate = 2.918


Trial 9: qplus Stimulus Selection
Stimulus: 0.629
Output value 1.393

Q+ parameters
slope: 0.113 semiSat: 0.560 beta: 0.875 sigma: 0.114 
maxBOLD estimate = 2.189


Trial 10: baseline Stimulus Selection
Stimulus: 0.010
Output value 0.653

Q+ parameters
slope: 0.616 semiSat: 0.560 beta: 0.938 sigma: 0.166 
maxBOLD estimate = 1.915


Trial 11: qplus Stimulus Selection
Stimulus: 0.629
Output value 1.143

Q+ parameters
slope: 0.379 semiSat: 0.560 beta: 0.875 sigma: 0.114 
maxBOLD estimate = 1.795


Trial 12: qplus Stimulus Selection
Stimulus: 0.588
Output value -0.428

Q+ parameters
slope: 0.234 semiSat: 0.670 beta: 1.500 sigma: 0.323 
maxBOLD estimate = 1.571


Trial 13: qplus Stimulus Selection
Stimulus: 0.918
Output value 1.446

Q+ parameters
slope: 0.234 semiSat: 0.560 beta: 0.750 sigma: 0.114 
maxBOLD estimate = 2.356


Trial 14: qplus Stimulus Selection
Stimulus: 0.629
Output value 0.844

Q+ parameters
slope: 0.379 semiSat: 0.560 beta: 0.875 sigma: 0.166 
maxBOLD estimate = 1.767


Trial 15: maxBOLD Stimulus Selection
Stimulus: 1.000
Output value 0.949

Q+ parameters
slope: 0.379 semiSat: 0.560 beta: 1.125 sigma: 0.218 
maxBOLD estimate = 1.546


Trial 16: qplus Stimulus Selection
Stimulus: 0.505
Output value -0.277

Q+ parameters
slope: 0.616 semiSat: 0.560 beta: 0.875 sigma: 0.166 
maxBOLD estimate = 1.740


Trial 17: qplus Stimulus Selection
Stimulus: 0.588
Output value 0.856

Q+ parameters
slope: 0.379 semiSat: 0.560 beta: 1.031 sigma: 0.166 
maxBOLD estimate = 1.522


Trial 18: qplus Stimulus Selection
Stimulus: 0.588
Output value 0.749

Q+ parameters
slope: 0.379 semiSat: 0.560 beta: 0.875 sigma: 0.166 
maxBOLD estimate = 1.570


Trial 19: qplus Stimulus Selection
Stimulus: 0.629
Output value 0.983

Q+ parameters
slope: 0.379 semiSat: 0.560 beta: 1.125 sigma: 0.218 
maxBOLD estimate = 1.374


Trial 20: baseline Stimulus Selection
Stimulus: 0.010
Output value -0.290

Q+ parameters
slope: 0.379 semiSat: 0.560 beta: 1.031 sigma: 0.218 
maxBOLD estimate = 1.545


Trial 21: qplus Stimulus Selection
Stimulus: 0.505
Output value -0.127

Q+ parameters
slope: 0.379 semiSat: 0.560 beta: 0.875 sigma: 0.166 
maxBOLD estimate = 1.594


Trial 22: qplus Stimulus Selection
Stimulus: 0.629
Output value 1.426

Q+ parameters
slope: 0.379 semiSat: 0.560 beta: 1.125 sigma: 0.218 
maxBOLD estimate = 1.394


Trial 23: qplus Stimulus Selection
Stimulus: 0.505
Output value -0.276

Q+ parameters
slope: 0.616 semiSat: 0.560 beta: 0.969 sigma: 0.218 
maxBOLD estimate = 1.569


Trial 24: qplus Stimulus Selection
Stimulus: 0.629
Output value 0.242

Q+ parameters
slope: 0.616 semiSat: 0.560 beta: 0.875 sigma: 0.218 
maxBOLD estimate = 1.520


Trial 25: maxBOLD Stimulus Selection
Stimulus: 1.000
Output value 0.899

Q+ parameters
slope: 0.379 semiSat: 0.560 beta: 1.062 sigma: 0.218 
maxBOLD estimate = 1.330


Trial 26: qplus Stimulus Selection
Stimulus: 0.505
Output value -0.136

Q+ parameters
slope: 0.616 semiSat: 0.560 beta: 1.062 sigma: 0.271 
maxBOLD estimate = 1.413


Trial 27: qplus Stimulus Selection
Stimulus: 0.505
Output value -0.264

Q+ parameters
slope: 0.616 semiSat: 0.560 beta: 0.969 sigma: 0.271 
maxBOLD estimate = 1.501


Trial 28: qplus Stimulus Selection
Stimulus: 0.588
Output value 0.768

Q+ parameters
slope: 0.616 semiSat: 0.560 beta: 0.969 sigma: 0.271 
maxBOLD estimate = 1.454


Trial 29: qplus Stimulus Selection
Stimulus: 0.588
Output value 0.868

Q+ parameters
slope: 0.616 semiSat: 0.560 beta: 0.969 sigma: 0.218 
maxBOLD estimate = 1.409


Trial 30: baseline Stimulus Selection
Stimulus: 0.010
Output value 0.601

Q+ parameters
slope: 0.616 semiSat: 0.560 beta: 0.969 sigma: 0.271 
maxBOLD estimate = 1.365

--------------------------------------------------------------
FINAL VALUES
--------------------------------------------------------------
Simulated parameters:              slope: 0.410 semiSat: 0.570 beta: 1.000 sigma: 0.150 
Max posterior QUEST+ parameters:   slope: 0.616 semiSat: 0.560 beta: 0.969 sigma: 0.323 
Max BADS parameters:               slope: 0.583 semiSat: 0.582 beta: 1.000 sigma: 0.221 
maxBOLD estimate: 1.339
