/blue/stevenweisberg/stevenweisberg/MATLAB/projects/Weisberg_Aguirre_2020/scripts/run_sims
c0700a-s1.ufhpc
Wed Apr  7 02:28:15 EDT 2021
mkdir: cannot create directory ‘/blue/stevenweisberg/stevenweisberg/qpfMRIResults/model_parameter_set2/’: File exists
cp: cannot stat ‘/blue/stevenweisberg/stevenweisberg/qpfMRIResults/deploy_sim.sh’: No such file or directory
cp: cannot stat ‘/blue/stevenweisberg/stevenweisberg/qpfMRIResults/sim_wrapper.sh’: No such file or directory
------------------------------------------
Setting up environment variables
---
LD_LIBRARY_PATH is .:/apps/matlab/mcr/2020b/v99/runtime/glnxa64:/apps/matlab/mcr/2020b/v99/bin/glnxa64:/apps/matlab/mcr/2020b/v99/sys/os/glnxa64:/apps/matlab/mcr/2020b/v99/sys/opengl/lib/glnxa64
Warning: Executing startup failed in matlabrc.
This indicates a potentially serious problem in your MATLAB setup, which should be resolved as soon as possible.  Error detected was:
MATLAB:mpath:PathAlterationNotSupported
Modifying the search path is not supported by MATLAB Compiler. Remove functions that modify the search path from your MATLAB code. To make files visible to your deployed application, add the parent folder to your MATLAB session.
Warning: No stimulus domain specified. Defaulting to values between 0.01 and 1.
> In qpfmriParams (line 182)
In compiledSimulate (line 205)
Stimulus domain added from input.
Parameter slope specified as 0.20000
Parameter semiSat specified as 0.57000
Parameter beta specified as 1.00000
Parameter sigma specified as 0.15000
seed = 99seed = 104seed = 111seed = 111seed = 115seed = 101Initializing Q+. This may take a minute...
Elapsed time is 7.053548 seconds.
Simulated parameters:
slope: 0.200 semiSat: 0.570 beta: 1.000 sigma: 0.150 

Trial 1: baseline Stimulus Selection
Stimulus: 0.010
Output value 0.000

Q+ parameters
slope: 0.026 semiSat: 0.890 beta: 0.500 sigma: 0.010 
maxBOLD estimate = 1.000


Trial 2: maxBOLD Stimulus Selection
Stimulus: 1.000
Output value 1.364

Q+ parameters
slope: 0.055 semiSat: 0.670 beta: 1.250 sigma: 0.010 
maxBOLD estimate = 1.000


Trial 3: baseline Stimulus Selection
Stimulus: 0.010
Output value -0.284

Q+ parameters
slope: 0.055 semiSat: 0.670 beta: 1.250 sigma: 0.218 
maxBOLD estimate = 1.250


Trial 4: maxBOLD Stimulus Selection
Stimulus: 1.000
Output value 1.776

Q+ parameters
slope: 0.055 semiSat: 0.670 beta: 1.250 sigma: 0.114 
maxBOLD estimate = 1.562


Trial 5: baseline Stimulus Selection
Stimulus: 0.010
Output value 0.621

Q+ parameters
slope: 0.034 semiSat: 0.890 beta: 0.875 sigma: 0.166 
maxBOLD estimate = 1.953


Trial 6: maxBOLD Stimulus Selection
Stimulus: 1.000
Output value 1.923

Q+ parameters
slope: 0.055 semiSat: 0.670 beta: 1.125 sigma: 0.114 
maxBOLD estimate = 1.709


Trial 7: qplus Stimulus Selection
Stimulus: 0.505
Output value 0.765

Q+ parameters
slope: 0.055 semiSat: 0.560 beta: 0.875 sigma: 0.114 
maxBOLD estimate = 1.923


Trial 8: qplus Stimulus Selection
Stimulus: 0.505
Output value 0.000

Q+ parameters
slope: 0.070 semiSat: 0.780 beta: 1.500 sigma: 0.166 
maxBOLD estimate = 1.682


Trial 9: qplus Stimulus Selection
Stimulus: 0.711
Output value 1.548

Q+ parameters
slope: 0.183 semiSat: 0.560 beta: 0.750 sigma: 0.114 
maxBOLD estimate = 2.523


Trial 10: baseline Stimulus Selection
Stimulus: 0.010
Output value 0.645

Q+ parameters
slope: 0.616 semiSat: 0.560 beta: 0.750 sigma: 0.166 
maxBOLD estimate = 1.893


Trial 11: qplus Stimulus Selection
Stimulus: 0.629
Output value 1.097

Q+ parameters
slope: 0.298 semiSat: 0.560 beta: 1.062 sigma: 0.166 
maxBOLD estimate = 1.419


Trial 12: qplus Stimulus Selection
Stimulus: 0.588
Output value 1.388

Q+ parameters
slope: 0.298 semiSat: 0.560 beta: 1.125 sigma: 0.166 
maxBOLD estimate = 1.508


Trial 13: qplus Stimulus Selection
Stimulus: 0.505
Output value 0.145

Q+ parameters
slope: 0.234 semiSat: 0.560 beta: 0.938 sigma: 0.114 
maxBOLD estimate = 1.697


Trial 14: qplus Stimulus Selection
Stimulus: 0.629
Output value 1.541

Q+ parameters
slope: 0.379 semiSat: 0.560 beta: 0.969 sigma: 0.166 
maxBOLD estimate = 1.591


Trial 15: maxBOLD Stimulus Selection
Stimulus: 1.000
Output value 0.613

Q+ parameters
slope: 0.483 semiSat: 0.560 beta: 0.875 sigma: 0.166 
maxBOLD estimate = 1.541


Trial 16: qplus Stimulus Selection
Stimulus: 0.588
Output value 0.781

Q+ parameters
slope: 0.298 semiSat: 0.560 beta: 1.062 sigma: 0.166 
maxBOLD estimate = 1.348


Trial 17: qplus Stimulus Selection
Stimulus: 0.505
Output value 1.026

Q+ parameters
slope: 0.183 semiSat: 0.560 beta: 1.125 sigma: 0.166 
maxBOLD estimate = 1.433


Trial 18: qplus Stimulus Selection
Stimulus: 0.505
Output value -0.256

Q+ parameters
slope: 0.379 semiSat: 0.560 beta: 0.875 sigma: 0.166 
maxBOLD estimate = 1.612


Trial 19: qplus Stimulus Selection
Stimulus: 0.588
Output value 0.513

Q+ parameters
slope: 0.234 semiSat: 0.560 beta: 1.000 sigma: 0.114 
maxBOLD estimate = 1.410


Trial 20: baseline Stimulus Selection
Stimulus: 0.010
Output value -0.272

Q+ parameters
slope: 0.298 semiSat: 0.560 beta: 1.062 sigma: 0.166 
maxBOLD estimate = 1.410


Trial 21: qplus Stimulus Selection
Stimulus: 0.505
Output value 1.226

Q+ parameters
slope: 0.183 semiSat: 0.560 beta: 1.125 sigma: 0.166 
maxBOLD estimate = 1.498


Trial 22: qplus Stimulus Selection
Stimulus: 0.464
Output value -0.287

Q+ parameters
slope: 0.234 semiSat: 0.560 beta: 0.938 sigma: 0.114 
maxBOLD estimate = 1.686


Trial 23: qplus Stimulus Selection
Stimulus: 0.588
Output value 1.670

Q+ parameters
slope: 0.379 semiSat: 0.560 beta: 0.969 sigma: 0.166 
maxBOLD estimate = 1.580


Trial 24: qplus Stimulus Selection
Stimulus: 0.546
Output value 0.974

Q+ parameters
slope: 0.234 semiSat: 0.560 beta: 1.000 sigma: 0.114 
maxBOLD estimate = 1.531


Trial 25: maxBOLD Stimulus Selection
Stimulus: 1.000
Output value 1.774

Q+ parameters
slope: 0.298 semiSat: 0.560 beta: 1.062 sigma: 0.166 
maxBOLD estimate = 1.531


Trial 26: qplus Stimulus Selection
Stimulus: 0.588
Output value 1.525

Q+ parameters
slope: 0.298 semiSat: 0.560 beta: 1.031 sigma: 0.166 
maxBOLD estimate = 1.627


Trial 27: qplus Stimulus Selection
Stimulus: 0.546
Output value 0.572

Q+ parameters
slope: 0.234 semiSat: 0.560 beta: 0.938 sigma: 0.114 
maxBOLD estimate = 1.677


Trial 28: qplus Stimulus Selection
Stimulus: 0.546
Output value -0.277

Q+ parameters
slope: 0.379 semiSat: 0.560 beta: 0.969 sigma: 0.166 
maxBOLD estimate = 1.573


Trial 29: qplus Stimulus Selection
Stimulus: 0.588
Output value 1.285

Q+ parameters
slope: 0.298 semiSat: 0.560 beta: 1.031 sigma: 0.114 
maxBOLD estimate = 1.523


Trial 30: baseline Stimulus Selection
Stimulus: 0.010
Output value -0.357

Q+ parameters
slope: 0.183 semiSat: 0.560 beta: 1.250 sigma: 0.114 
maxBOLD estimate = 1.571


Trial 31: qplus Stimulus Selection
Stimulus: 0.505
Output value 1.406

Q+ parameters
slope: 0.183 semiSat: 0.560 beta: 0.875 sigma: 0.166 
maxBOLD estimate = 1.964


Trial 32: qplus Stimulus Selection
Stimulus: 0.670
Output value 1.289

Q+ parameters
slope: 0.183 semiSat: 0.560 beta: 1.031 sigma: 0.166 
maxBOLD estimate = 1.718


Trial 33: qplus Stimulus Selection
Stimulus: 0.505
Output value 1.661

Q+ parameters
slope: 0.144 semiSat: 0.560 beta: 1.031 sigma: 0.166 
maxBOLD estimate = 1.772


Trial 34: qplus Stimulus Selection
Stimulus: 0.464
Output value 1.371

Q+ parameters
slope: 0.183 semiSat: 0.560 beta: 1.031 sigma: 0.166 
maxBOLD estimate = 1.827


Trial 35: maxBOLD Stimulus Selection
Stimulus: 1.000
Output value 1.927

Q+ parameters
slope: 0.183 semiSat: 0.560 beta: 0.938 sigma: 0.114 
maxBOLD estimate = 1.884


Trial 36: qplus Stimulus Selection
Stimulus: 0.670
Output value 1.656

Q+ parameters
slope: 0.183 semiSat: 0.560 beta: 1.031 sigma: 0.166 
maxBOLD estimate = 1.767


Trial 37: qplus Stimulus Selection
Stimulus: 0.505
Output value 1.366

Q+ parameters
slope: 0.183 semiSat: 0.560 beta: 1.031 sigma: 0.166 
maxBOLD estimate = 1.822


Trial 38: qplus Stimulus Selection
Stimulus: 0.423
Output value 0.881

Q+ parameters
slope: 0.113 semiSat: 0.560 beta: 1.031 sigma: 0.166 
maxBOLD estimate = 1.879


Trial 39: qplus Stimulus Selection
Stimulus: 0.423
Output value 1.057

Q+ parameters
slope: 0.089 semiSat: 0.560 beta: 1.000 sigma: 0.166 
maxBOLD estimate = 1.938


Trial 40: baseline Stimulus Selection
Stimulus: 0.010
Output value 0.352

Q+ parameters
slope: 0.089 semiSat: 0.560 beta: 1.000 sigma: 0.166 
maxBOLD estimate = 1.938


Trial 41: qplus Stimulus Selection
Stimulus: 0.711
Output value 1.585

Q+ parameters
slope: 0.089 semiSat: 0.560 beta: 1.000 sigma: 0.166 
maxBOLD estimate = 1.938


Trial 42: qplus Stimulus Selection
Stimulus: 0.711
Output value 1.982

Q+ parameters
slope: 0.183 semiSat: 0.560 beta: 0.938 sigma: 0.166 
maxBOLD estimate = 1.938


Trial 43: qplus Stimulus Selection
Stimulus: 0.423
Output value 1.192

Q+ parameters
slope: 0.113 semiSat: 0.560 beta: 1.031 sigma: 0.166 
maxBOLD estimate = 1.816


Trial 44: qplus Stimulus Selection
Stimulus: 0.629
Output value 2.107

Q+ parameters
slope: 0.113 semiSat: 0.560 beta: 1.031 sigma: 0.166 
maxBOLD estimate = 1.873


Trial 45: maxBOLD Stimulus Selection
Stimulus: 1.000
Output value 2.107

Q+ parameters
slope: 0.089 semiSat: 0.560 beta: 1.000 sigma: 0.166 
maxBOLD estimate = 1.932


Trial 46: qplus Stimulus Selection
Stimulus: 0.423
Output value 0.878

Q+ parameters
slope: 0.089 semiSat: 0.560 beta: 1.000 sigma: 0.166 
maxBOLD estimate = 1.932


Trial 47: qplus Stimulus Selection
Stimulus: 0.423
Output value 0.702

Q+ parameters
slope: 0.089 semiSat: 0.560 beta: 1.000 sigma: 0.166 
maxBOLD estimate = 1.932


Trial 48: qplus Stimulus Selection
Stimulus: 0.423
Output value 0.527

Q+ parameters
slope: 0.089 semiSat: 0.560 beta: 1.000 sigma: 0.166 
maxBOLD estimate = 1.932


Trial 49: qplus Stimulus Selection
Stimulus: 0.423
Output value 0.176

Q+ parameters
slope: 0.089 semiSat: 0.560 beta: 1.000 sigma: 0.166 
maxBOLD estimate = 1.932


Trial 50: baseline Stimulus Selection
Stimulus: 0.010
Output value 0.176

Q+ parameters
slope: 0.089 semiSat: 0.560 beta: 1.000 sigma: 0.166 
maxBOLD estimate = 1.932


Trial 51: qplus Stimulus Selection
Stimulus: 0.423
Output value 0.000

Q+ parameters
slope: 0.089 semiSat: 0.560 beta: 1.000 sigma: 0.166 
maxBOLD estimate = 1.932


Trial 52: qplus Stimulus Selection
Stimulus: 0.423
Output value -0.362

Q+ parameters
slope: 0.113 semiSat: 0.560 beta: 1.031 sigma: 0.166 
maxBOLD estimate = 1.932


Trial 53: qplus Stimulus Selection
Stimulus: 0.670
Output value 1.019

Q+ parameters
slope: 0.183 semiSat: 0.560 beta: 0.938 sigma: 0.166 
maxBOLD estimate = 1.992


Trial 54: qplus Stimulus Selection
Stimulus: 0.670
Output value 1.226

Q+ parameters
slope: 0.113 semiSat: 0.560 beta: 1.031 sigma: 0.166 
maxBOLD estimate = 1.868


Trial 55: maxBOLD Stimulus Selection
Stimulus: 1.000
Output value 1.806

Q+ parameters
slope: 0.113 semiSat: 0.560 beta: 1.031 sigma: 0.166 
maxBOLD estimate = 1.926


Trial 56: qplus Stimulus Selection
Stimulus: 0.423
Output value -0.339

Q+ parameters
slope: 0.183 semiSat: 0.560 beta: 0.938 sigma: 0.166 
maxBOLD estimate = 1.986


Trial 57: qplus Stimulus Selection
Stimulus: 0.629
Output value 1.397

Q+ parameters
slope: 0.113 semiSat: 0.560 beta: 1.031 sigma: 0.166 
maxBOLD estimate = 1.862


Trial 58: qplus Stimulus Selection
Stimulus: 0.629
Output value 1.047

Q+ parameters
slope: 0.089 semiSat: 0.670 beta: 1.500 sigma: 0.166 
maxBOLD estimate = 1.920


Trial 59: qplus Stimulus Selection
Stimulus: 0.794
Output value 0.786

Q+ parameters
slope: 0.055 semiSat: 0.670 beta: 0.750 sigma: 0.114 
maxBOLD estimate = 2.880


Trial 60: baseline Stimulus Selection
Stimulus: 0.010
Output value -0.344

Q+ parameters
slope: 0.113 semiSat: 0.560 beta: 0.875 sigma: 0.114 
maxBOLD estimate = 2.160


Trial 61: qplus Stimulus Selection
Stimulus: 0.464
Output value 0.687

Q+ parameters
slope: 0.089 semiSat: 0.560 beta: 1.000 sigma: 0.166 
maxBOLD estimate = 1.890


Trial 62: qplus Stimulus Selection
Stimulus: 0.423
Output value -0.333

Q+ parameters
slope: 0.144 semiSat: 0.560 beta: 0.969 sigma: 0.166 
maxBOLD estimate = 1.890


Trial 63: qplus Stimulus Selection
Stimulus: 0.423
Output value 0.884

Q+ parameters
slope: 0.113 semiSat: 0.560 beta: 1.062 sigma: 0.166 
maxBOLD estimate = 1.831


Trial 64: qplus Stimulus Selection
Stimulus: 0.670
Output value 1.769

Q+ parameters
slope: 0.113 semiSat: 0.560 beta: 1.000 sigma: 0.166 
maxBOLD estimate = 1.946


Trial 65: maxBOLD Stimulus Selection
Stimulus: 1.000
Output value 3.184

Q+ parameters
slope: 0.089 semiSat: 0.670 beta: 1.500 sigma: 0.166 
maxBOLD estimate = 1.946


Trial 66: qplus Stimulus Selection
Stimulus: 0.423
Output value -0.398

Q+ parameters
slope: 0.055 semiSat: 0.670 beta: 0.750 sigma: 0.114 
maxBOLD estimate = 2.918


Trial 67: qplus Stimulus Selection
Stimulus: 0.876
Output value 1.741

Q+ parameters
slope: 0.113 semiSat: 0.560 beta: 0.875 sigma: 0.114 
maxBOLD estimate = 2.189


Trial 68: qplus Stimulus Selection
Stimulus: 1.000
Output value 1.306

Q+ parameters
slope: 0.183 semiSat: 0.560 beta: 0.938 sigma: 0.166 
maxBOLD estimate = 1.915


Trial 69: qplus Stimulus Selection
Stimulus: 0.423
Output value 0.694

Q+ parameters
slope: 0.113 semiSat: 0.560 beta: 1.062 sigma: 0.166 
maxBOLD estimate = 1.795


Trial 70: baseline Stimulus Selection
Stimulus: 0.010
Output value 0.168

Q+ parameters
slope: 0.144 semiSat: 0.560 beta: 0.969 sigma: 0.166 
maxBOLD estimate = 1.908


Trial 71: qplus Stimulus Selection
Stimulus: 0.423
Output value 1.071

Q+ parameters
slope: 0.113 semiSat: 0.560 beta: 1.062 sigma: 0.166 
maxBOLD estimate = 1.848


Trial 72: qplus Stimulus Selection
Stimulus: 0.670
Output value 1.171

Q+ parameters
slope: 0.113 semiSat: 0.560 beta: 0.938 sigma: 0.114 
maxBOLD estimate = 1.964


Trial 73: qplus Stimulus Selection
Stimulus: 0.464
Output value 0.533

Q+ parameters
slope: 0.113 semiSat: 0.560 beta: 1.062 sigma: 0.166 
maxBOLD estimate = 1.841


Trial 74: qplus Stimulus Selection
Stimulus: 0.588
Output value 1.500

Q+ parameters
slope: 0.183 semiSat: 0.560 beta: 0.938 sigma: 0.166 
maxBOLD estimate = 1.956


Trial 75: maxBOLD Stimulus Selection
Stimulus: 1.000
Output value 2.125

Q+ parameters
slope: 0.113 semiSat: 0.560 beta: 1.062 sigma: 0.166 
maxBOLD estimate = 1.834


Trial 76: qplus Stimulus Selection
Stimulus: 0.670
Output value 1.328

Q+ parameters
slope: 0.113 semiSat: 0.560 beta: 0.938 sigma: 0.114 
maxBOLD estimate = 1.948


Trial 77: qplus Stimulus Selection
Stimulus: 0.464
Output value 0.353

Q+ parameters
slope: 0.113 semiSat: 0.560 beta: 1.062 sigma: 0.166 
maxBOLD estimate = 1.827


Trial 78: qplus Stimulus Selection
Stimulus: 0.629
Output value 1.196

Q+ parameters
slope: 0.144 semiSat: 0.560 beta: 0.969 sigma: 0.166 
maxBOLD estimate = 1.941


Trial 79: qplus Stimulus Selection
Stimulus: 0.464
Output value 0.497

Q+ parameters
slope: 0.144 semiSat: 0.560 beta: 0.969 sigma: 0.166 
maxBOLD estimate = 1.880


Trial 80: baseline Stimulus Selection
Stimulus: 0.010
Output value 0.321

Q+ parameters
slope: 0.144 semiSat: 0.560 beta: 0.969 sigma: 0.166 
maxBOLD estimate = 1.821


Trial 81: qplus Stimulus Selection
Stimulus: 0.588
Output value 1.985

Q+ parameters
slope: 0.144 semiSat: 0.560 beta: 1.125 sigma: 0.166 
maxBOLD estimate = 1.764


Trial 82: qplus Stimulus Selection
Stimulus: 0.629
Output value 1.263

Q+ parameters
slope: 0.183 semiSat: 0.560 beta: 0.875 sigma: 0.166 
maxBOLD estimate = 1.985


Trial 83: qplus Stimulus Selection
Stimulus: 0.546
Output value 1.243

Q+ parameters
slope: 0.144 semiSat: 0.560 beta: 1.125 sigma: 0.166 
maxBOLD estimate = 1.737


Trial 84: qplus Stimulus Selection
Stimulus: 0.753
Output value 1.998

Q+ parameters
slope: 0.183 semiSat: 0.560 beta: 0.938 sigma: 0.166 
maxBOLD estimate = 1.954


Trial 85: maxBOLD Stimulus Selection
Stimulus: 1.000
Output value 1.291

Q+ parameters
slope: 0.144 semiSat: 0.560 beta: 0.969 sigma: 0.166 
maxBOLD estimate = 1.832


Trial 86: qplus Stimulus Selection
Stimulus: 0.588
Output value 2.178

Q+ parameters
slope: 0.144 semiSat: 0.560 beta: 1.125 sigma: 0.166 
maxBOLD estimate = 1.775


Trial 87: qplus Stimulus Selection
Stimulus: 0.505
Output value 0.170

Q+ parameters
slope: 0.183 semiSat: 0.560 beta: 0.938 sigma: 0.166 
maxBOLD estimate = 1.996


Trial 88: qplus Stimulus Selection
Stimulus: 0.670
Output value 2.106

Q+ parameters
slope: 0.183 semiSat: 0.560 beta: 1.031 sigma: 0.166 
maxBOLD estimate = 1.872


Trial 89: qplus Stimulus Selection
Stimulus: 0.629
Output value 0.850

Q+ parameters
slope: 0.144 semiSat: 0.560 beta: 0.969 sigma: 0.166 
maxBOLD estimate = 1.930


Trial 90: baseline Stimulus Selection
Stimulus: 0.010
Output value 0.000

Q+ parameters
slope: 0.144 semiSat: 0.560 beta: 0.969 sigma: 0.166 
maxBOLD estimate = 1.870


Trial 91: qplus Stimulus Selection
Stimulus: 0.794
Output value 2.038

Q+ parameters
slope: 0.144 semiSat: 0.560 beta: 1.125 sigma: 0.166 
maxBOLD estimate = 1.811


Trial 92: qplus Stimulus Selection
Stimulus: 0.505
Output value 0.810

Q+ parameters
slope: 0.183 semiSat: 0.560 beta: 0.875 sigma: 0.114 
maxBOLD estimate = 2.038


Trial 93: qplus Stimulus Selection
Stimulus: 0.464
Output value 0.182

Q+ parameters
slope: 0.144 semiSat: 0.560 beta: 1.125 sigma: 0.166 
maxBOLD estimate = 1.783


Trial 94: qplus Stimulus Selection
Stimulus: 0.546
Output value 0.957

Q+ parameters
slope: 0.183 semiSat: 0.560 beta: 0.875 sigma: 0.114 
maxBOLD estimate = 2.006


Trial 95: maxBOLD Stimulus Selection
Stimulus: 1.000
Output value 1.975

Q+ parameters
slope: 0.144 semiSat: 0.560 beta: 1.125 sigma: 0.166 
maxBOLD estimate = 1.755


Trial 96: qplus Stimulus Selection
Stimulus: 0.505
Output value 0.000

Q+ parameters
slope: 0.183 semiSat: 0.560 beta: 0.938 sigma: 0.166 
maxBOLD estimate = 1.975


Trial 97: qplus Stimulus Selection
Stimulus: 0.629
Output value 1.467

Q+ parameters
slope: 0.144 semiSat: 0.560 beta: 0.969 sigma: 0.166 
maxBOLD estimate = 1.851


Trial 98: qplus Stimulus Selection
Stimulus: 0.794
Output value 1.651

Q+ parameters
slope: 0.144 semiSat: 0.560 beta: 1.125 sigma: 0.166 
maxBOLD estimate = 1.793


Trial 99: qplus Stimulus Selection
Stimulus: 0.505
Output value 0.481

Q+ parameters
slope: 0.183 semiSat: 0.560 beta: 0.875 sigma: 0.114 
maxBOLD estimate = 2.017


Trial 100: baseline Stimulus Selection
Stimulus: 0.010
Output value 0.181

Q+ parameters
slope: 0.144 semiSat: 0.560 beta: 1.125 sigma: 0.166 
maxBOLD estimate = 1.765

--------------------------------------------------------------
FINAL VALUES
--------------------------------------------------------------
Simulated parameters:              slope: 0.200 semiSat: 0.570 beta: 1.000 sigma: 0.150 
Max posterior QUEST+ parameters:   slope: 0.183 semiSat: 0.560 beta: 0.875 sigma: 0.114 
Max BADS parameters:               slope: 0.119 semiSat: 0.575 beta: 1.000 sigma: 0.140 
maxBOLD estimate: 1.990
