/blue/stevenweisberg/stevenweisberg/MATLAB/projects/Weisberg_Aguirre_2020/scripts/run_sims
c26a-s25.ufhpc
Thu Nov 12 22:14:31 EST 2020
cp: cannot stat ‘/blue/stevenweisberg/stevenweisberg/qpfMRIResults/deploy_sim.sh’: No such file or directory
cp: cannot stat ‘/blue/stevenweisberg/stevenweisberg/qpfMRIResults/sim_wrapper.sh’: No such file or directory
------------------------------------------
Setting up environment variables
---
LD_LIBRARY_PATH is .:/apps/matlab/mcr/2020b/v99/runtime/glnxa64:/apps/matlab/mcr/2020b/v99/bin/glnxa64:/apps/matlab/mcr/2020b/v99/sys/os/glnxa64:/apps/matlab/mcr/2020b/v99/sys/opengl/lib/glnxa64
Warning: Executing startup failed in matlabrc.
This indicates a potentially serious problem in your MATLAB setup, which should be resolved as soon as possible.  Error detected was:
MATLAB:mpath:PathAlterationNotSupported
Modifying the search path is not supported by MATLAB Compiler. Remove functions that modify the search path from your MATLAB code. To make files visible to your deployed application, add the parent folder to your MATLAB session.
Warning: No stimulus domain specified. Defaulting to values between 0.01 and 1.
> In qpfmriParams (line 182)
In compiledSimulate (line 205)
Stimulus domain added from input.
Parameter slope specified as 0.41000
Parameter semiSat specified as 0.57000
Parameter beta specified as 1.00000
Parameter sigma specified as 0.15000
seed = 99seed = 104seed = 111seed = 111seed = 115seed = 101Initializing Q+. This may take a minute...
Elapsed time is 10.105169 seconds.
Simulated parameters:
slope: 0.410 semiSat: 0.570 beta: 1.000 sigma: 0.150 

Trial 1: baseline Stimulus Selection
Stimulus: 0.010
Output value 0.000

Q+ parameters
slope: 0.026 semiSat: 0.890 beta: 0.500 sigma: 0.010 
maxBOLD estimate = 1.000


Trial 2: maxBOLD Stimulus Selection
Stimulus: 1.000
Output value 0.341

Q+ parameters
slope: 0.034 semiSat: 0.890 beta: 0.750 sigma: 0.010 
maxBOLD estimate = 1.000


Trial 3: baseline Stimulus Selection
Stimulus: 0.010
Output value 0.230

Q+ parameters
slope: 0.055 semiSat: 0.670 beta: 1.125 sigma: 0.166 
maxBOLD estimate = 0.750


Trial 4: maxBOLD Stimulus Selection
Stimulus: 1.000
Output value 0.479

Q+ parameters
slope: 0.055 semiSat: 0.670 beta: 1.250 sigma: 0.427 
maxBOLD estimate = 0.844


Trial 5: baseline Stimulus Selection
Stimulus: 0.010
Output value 0.839

Q+ parameters
slope: 0.055 semiSat: 0.670 beta: 1.250 sigma: 1.000 
maxBOLD estimate = 1.055


Trial 6: maxBOLD Stimulus Selection
Stimulus: 1.000
Output value 1.348

Q+ parameters
slope: 0.043 semiSat: 0.780 beta: 1.125 sigma: 0.114 
maxBOLD estimate = 1.318


Trial 7: random Stimulus Selection
Stimulus: 0.876
Output value 1.517

Q+ parameters
slope: 0.070 semiSat: 0.450 beta: 0.938 sigma: 0.114 
maxBOLD estimate = 1.483


Trial 8: random Stimulus Selection
Stimulus: 0.010
Output value -0.119

Q+ parameters
slope: 0.070 semiSat: 0.450 beta: 0.938 sigma: 0.114 
maxBOLD estimate = 1.390


Trial 9: random Stimulus Selection
Stimulus: 0.134
Output value 1.067

Q+ parameters
slope: 0.379 semiSat: 0.120 beta: 1.125 sigma: 0.114 
maxBOLD estimate = 1.304


Trial 10: baseline Stimulus Selection
Stimulus: 0.010
Output value -0.233

Q+ parameters
slope: 0.144 semiSat: 0.230 beta: 0.875 sigma: 0.114 
maxBOLD estimate = 1.466


Trial 11: random Stimulus Selection
Stimulus: 0.629
Output value 1.750

Q+ parameters
slope: 0.113 semiSat: 0.450 beta: 1.250 sigma: 0.114 
maxBOLD estimate = 1.283


Trial 12: random Stimulus Selection
Stimulus: 0.257
Output value -0.219

Q+ parameters
slope: 0.144 semiSat: 0.450 beta: 0.750 sigma: 0.114 
maxBOLD estimate = 1.604


Trial 13: random Stimulus Selection
Stimulus: 0.257
Output value 0.000

Q+ parameters
slope: 0.144 semiSat: 0.560 beta: 1.500 sigma: 0.114 
maxBOLD estimate = 1.203


Trial 14: random Stimulus Selection
Stimulus: 0.340
Output value -0.246

Q+ parameters
slope: 0.298 semiSat: 0.450 beta: 0.750 sigma: 0.114 
maxBOLD estimate = 1.804


Trial 15: maxBOLD Stimulus Selection
Stimulus: 1.000
Output value 0.861

Q+ parameters
slope: 0.298 semiSat: 0.450 beta: 0.875 sigma: 0.114 
maxBOLD estimate = 1.353


Trial 16: random Stimulus Selection
Stimulus: 0.959
Output value 1.938

Q+ parameters
slope: 0.183 semiSat: 0.560 beta: 1.500 sigma: 0.114 
maxBOLD estimate = 1.184


Trial 17: random Stimulus Selection
Stimulus: 0.918
Output value 1.453

Q+ parameters
slope: 0.298 semiSat: 0.450 beta: 0.750 sigma: 0.114 
maxBOLD estimate = 1.776


Trial 18: random Stimulus Selection
Stimulus: 0.175
Output value -0.235

Q+ parameters
slope: 0.298 semiSat: 0.450 beta: 0.969 sigma: 0.114 
maxBOLD estimate = 1.332


Trial 19: random Stimulus Selection
Stimulus: 0.257
Output value 1.056

Q+ parameters
slope: 0.183 semiSat: 0.560 beta: 1.500 sigma: 0.166 
maxBOLD estimate = 1.291


Trial 20: baseline Stimulus Selection
Stimulus: 0.010
Output value -0.264

Q+ parameters
slope: 0.298 semiSat: 0.450 beta: 0.750 sigma: 0.114 
maxBOLD estimate = 1.936


Trial 21: random Stimulus Selection
Stimulus: 0.711
Output value 1.151

Q+ parameters
slope: 0.298 semiSat: 0.450 beta: 0.969 sigma: 0.114 
maxBOLD estimate = 1.452


Trial 22: random Stimulus Selection
Stimulus: 0.299
Output value -0.384

Q+ parameters
slope: 0.183 semiSat: 0.560 beta: 1.500 sigma: 0.114 
maxBOLD estimate = 1.407


Trial 23: random Stimulus Selection
Stimulus: 0.092
Output value 0.719

Q+ parameters
slope: 0.298 semiSat: 0.450 beta: 0.750 sigma: 0.114 
maxBOLD estimate = 2.110


Trial 24: random Stimulus Selection
Stimulus: 0.010
Output value 0.270

Q+ parameters
slope: 0.144 semiSat: 0.560 beta: 0.938 sigma: 0.114 
maxBOLD estimate = 1.582


Trial 25: maxBOLD Stimulus Selection
Stimulus: 1.000
Output value 1.298

Q+ parameters
slope: 0.298 semiSat: 0.450 beta: 0.875 sigma: 0.114 
maxBOLD estimate = 1.483


Trial 26: random Stimulus Selection
Stimulus: 0.092
Output value 0.354

Q+ parameters
slope: 0.183 semiSat: 0.560 beta: 1.500 sigma: 0.114 
maxBOLD estimate = 1.298


Trial 27: random Stimulus Selection
Stimulus: 0.464
Output value 1.062

Q+ parameters
slope: 1.000 semiSat: 0.450 beta: 0.750 sigma: 0.114 
maxBOLD estimate = 1.947


Trial 28: random Stimulus Selection
Stimulus: 0.505
Output value 0.000

Q+ parameters
slope: 0.298 semiSat: 0.560 beta: 1.250 sigma: 0.166 
maxBOLD estimate = 1.460


Trial 29: random Stimulus Selection
Stimulus: 0.134
Output value -0.249

Q+ parameters
slope: 0.616 semiSat: 0.560 beta: 0.750 sigma: 0.114 
maxBOLD estimate = 1.825


Trial 30: baseline Stimulus Selection
Stimulus: 0.010
Output value 0.529

Q+ parameters
slope: 0.616 semiSat: 0.560 beta: 1.062 sigma: 0.166 
maxBOLD estimate = 1.369

--------------------------------------------------------------
FINAL VALUES
--------------------------------------------------------------
Simulated parameters:              slope: 0.410 semiSat: 0.570 beta: 1.000 sigma: 0.150 
Max posterior QUEST+ parameters:   slope: 0.616 semiSat: 0.560 beta: 0.938 sigma: 0.166 
Max BADS parameters:               slope: 0.581 semiSat: 0.585 beta: 1.000 sigma: 0.178 
maxBOLD estimate: 1.672
