/blue/stevenweisberg/stevenweisberg/MATLAB/projects/Weisberg_Aguirre_2020/scripts/run_sims
c22a-s8.ufhpc
Fri Nov 13 16:18:32 EST 2020
mkdir: cannot create directory ‘/blue/stevenweisberg/stevenweisberg/qpfMRIResults/model_parameter_set1/’: File exists
cp: cannot stat ‘/blue/stevenweisberg/stevenweisberg/qpfMRIResults/deploy_sim.sh’: No such file or directory
cp: cannot stat ‘/blue/stevenweisberg/stevenweisberg/qpfMRIResults/sim_wrapper.sh’: No such file or directory
------------------------------------------
Setting up environment variables
---
LD_LIBRARY_PATH is .:/apps/matlab/mcr/2020b/v99/runtime/glnxa64:/apps/matlab/mcr/2020b/v99/bin/glnxa64:/apps/matlab/mcr/2020b/v99/sys/os/glnxa64:/apps/matlab/mcr/2020b/v99/sys/opengl/lib/glnxa64
Warning: Executing startup failed in matlabrc.
This indicates a potentially serious problem in your MATLAB setup, which should be resolved as soon as possible.  Error detected was:
MATLAB:mpath:PathAlterationNotSupported
Modifying the search path is not supported by MATLAB Compiler. Remove functions that modify the search path from your MATLAB code. To make files visible to your deployed application, add the parent folder to your MATLAB session.
Warning: No stimulus domain specified. Defaulting to values between 0.01 and 1.
> In qpfmriParams (line 182)
In compiledSimulate (line 205)
Stimulus domain added from input.
Parameter slope specified as 0.41000
Parameter semiSat specified as 0.57000
Parameter beta specified as 1.00000
Parameter sigma specified as 0.05000
seed = 99seed = 104seed = 111seed = 111seed = 115seed = 101Initializing Q+. This may take a minute...
Elapsed time is 9.586676 seconds.
Simulated parameters:
slope: 0.410 semiSat: 0.570 beta: 1.000 sigma: 0.050 

Trial 1: baseline Stimulus Selection
Stimulus: 0.010
Output value 0.000

Q+ parameters
slope: 0.026 semiSat: 0.890 beta: 0.500 sigma: 0.010 
maxBOLD estimate = 1.000


Trial 2: maxBOLD Stimulus Selection
Stimulus: 1.000
Output value 1.364

Q+ parameters
slope: 0.055 semiSat: 0.670 beta: 1.250 sigma: 0.010 
maxBOLD estimate = 1.000


Trial 3: baseline Stimulus Selection
Stimulus: 0.010
Output value -0.142

Q+ parameters
slope: 0.055 semiSat: 0.670 beta: 1.250 sigma: 0.062 
maxBOLD estimate = 1.250


Trial 4: maxBOLD Stimulus Selection
Stimulus: 1.000
Output value 1.278

Q+ parameters
slope: 0.043 semiSat: 0.780 beta: 1.125 sigma: 0.062 
maxBOLD estimate = 1.562


Trial 5: baseline Stimulus Selection
Stimulus: 0.010
Output value -0.400

Q+ parameters
slope: 0.043 semiSat: 0.780 beta: 1.250 sigma: 0.062 
maxBOLD estimate = 1.758


Trial 6: maxBOLD Stimulus Selection
Stimulus: 1.000
Output value 1.998

Q+ parameters
slope: 0.034 semiSat: 1.000 beta: 1.250 sigma: 0.062 
maxBOLD estimate = 2.197


Trial 7: qplus Stimulus Selection
Stimulus: 0.753
Output value 0.749

Q+ parameters
slope: 0.616 semiSat: 0.120 beta: 0.500 sigma: 0.010 
maxBOLD estimate = 2.747


Trial 8: qplus Stimulus Selection
Stimulus: 0.216
Output value -0.156

Q+ parameters
slope: 0.113 semiSat: 0.560 beta: 1.250 sigma: 0.062 
maxBOLD estimate = 1.373


Trial 9: qplus Stimulus Selection
Stimulus: 0.546
Output value 0.146

Q+ parameters
slope: 0.234 semiSat: 0.670 beta: 0.938 sigma: 0.062 
maxBOLD estimate = 1.717


Trial 10: baseline Stimulus Selection
Stimulus: 0.010
Output value 0.256

Q+ parameters
slope: 0.785 semiSat: 0.560 beta: 0.875 sigma: 0.062 
maxBOLD estimate = 1.609


Trial 11: qplus Stimulus Selection
Stimulus: 0.629
Output value 1.116

Q+ parameters
slope: 0.234 semiSat: 0.560 beta: 0.969 sigma: 0.062 
maxBOLD estimate = 1.408


Trial 12: qplus Stimulus Selection
Stimulus: 0.505
Output value 0.558

Q+ parameters
slope: 0.183 semiSat: 0.560 beta: 1.125 sigma: 0.062 
maxBOLD estimate = 1.364


Trial 13: qplus Stimulus Selection
Stimulus: 0.588
Output value 1.046

Q+ parameters
slope: 0.379 semiSat: 0.560 beta: 0.938 sigma: 0.062 
maxBOLD estimate = 1.535


Trial 14: qplus Stimulus Selection
Stimulus: 0.588
Output value 0.944

Q+ parameters
slope: 0.379 semiSat: 0.560 beta: 1.031 sigma: 0.062 
maxBOLD estimate = 1.439


Trial 15: maxBOLD Stimulus Selection
Stimulus: 1.000
Output value 1.568

Q+ parameters
slope: 0.234 semiSat: 0.560 beta: 0.969 sigma: 0.062 
maxBOLD estimate = 1.484


Trial 16: qplus Stimulus Selection
Stimulus: 0.629
Output value 1.307

Q+ parameters
slope: 0.298 semiSat: 0.560 beta: 1.000 sigma: 0.062 
maxBOLD estimate = 1.437


Trial 17: qplus Stimulus Selection
Stimulus: 0.505
Output value 0.000

Q+ parameters
slope: 0.379 semiSat: 0.560 beta: 1.031 sigma: 0.062 
maxBOLD estimate = 1.437


Trial 18: qplus Stimulus Selection
Stimulus: 0.629
Output value 1.175

Q+ parameters
slope: 0.234 semiSat: 0.560 beta: 0.969 sigma: 0.062 
maxBOLD estimate = 1.482


Trial 19: qplus Stimulus Selection
Stimulus: 0.711
Output value 1.481

Q+ parameters
slope: 0.379 semiSat: 0.560 beta: 1.031 sigma: 0.062 
maxBOLD estimate = 1.436


Trial 20: baseline Stimulus Selection
Stimulus: 0.010
Output value 0.379

Q+ parameters
slope: 0.379 semiSat: 0.560 beta: 0.938 sigma: 0.062 
maxBOLD estimate = 1.481


Trial 21: qplus Stimulus Selection
Stimulus: 0.588
Output value 1.041

Q+ parameters
slope: 0.379 semiSat: 0.560 beta: 1.031 sigma: 0.062 
maxBOLD estimate = 1.388


Trial 22: qplus Stimulus Selection
Stimulus: 0.588
Output value 0.805

Q+ parameters
slope: 0.379 semiSat: 0.560 beta: 1.031 sigma: 0.062 
maxBOLD estimate = 1.432


Trial 23: qplus Stimulus Selection
Stimulus: 0.629
Output value 1.661

Q+ parameters
slope: 0.379 semiSat: 0.560 beta: 1.031 sigma: 0.062 
maxBOLD estimate = 1.476


Trial 24: qplus Stimulus Selection
Stimulus: 0.505
Output value 0.000

Q+ parameters
slope: 0.379 semiSat: 0.560 beta: 0.938 sigma: 0.062 
maxBOLD estimate = 1.523


Trial 25: maxBOLD Stimulus Selection
Stimulus: 1.000
Output value 1.606

Q+ parameters
slope: 0.379 semiSat: 0.560 beta: 1.031 sigma: 0.062 
maxBOLD estimate = 1.427


Trial 26: qplus Stimulus Selection
Stimulus: 0.629
Output value 1.426

Q+ parameters
slope: 0.379 semiSat: 0.560 beta: 0.969 sigma: 0.062 
maxBOLD estimate = 1.472


Trial 27: qplus Stimulus Selection
Stimulus: 0.670
Output value 1.471

Q+ parameters
slope: 0.379 semiSat: 0.560 beta: 1.031 sigma: 0.062 
maxBOLD estimate = 1.426


Trial 28: qplus Stimulus Selection
Stimulus: 0.629
Output value 1.654

Q+ parameters
slope: 0.379 semiSat: 0.560 beta: 1.031 sigma: 0.062 
maxBOLD estimate = 1.471


Trial 29: qplus Stimulus Selection
Stimulus: 0.629
Output value 1.706

Q+ parameters
slope: 0.379 semiSat: 0.560 beta: 1.031 sigma: 0.062 
maxBOLD estimate = 1.516


Trial 30: baseline Stimulus Selection
Stimulus: 0.010
Output value 0.142

Q+ parameters
slope: 0.379 semiSat: 0.560 beta: 1.000 sigma: 0.062 
maxBOLD estimate = 1.564

--------------------------------------------------------------
FINAL VALUES
--------------------------------------------------------------
Simulated parameters:              slope: 0.410 semiSat: 0.570 beta: 1.000 sigma: 0.050 
Max posterior QUEST+ parameters:   slope: 0.379 semiSat: 0.560 beta: 1.000 sigma: 0.062 
Max BADS parameters:               slope: 0.434 semiSat: 0.573 beta: 1.000 sigma: 0.053 
maxBOLD estimate: 1.566
