/blue/stevenweisberg/stevenweisberg/MATLAB/projects/Weisberg_Aguirre_2020/scripts/run_sims
c4a-s18.ufhpc
Fri Nov 13 16:52:35 EST 2020
mkdir: cannot create directory ‘/blue/stevenweisberg/stevenweisberg/qpfMRIResults/model_parameter_set1/’: File exists
cp: cannot stat ‘/blue/stevenweisberg/stevenweisberg/qpfMRIResults/deploy_sim.sh’: No such file or directory
cp: cannot stat ‘/blue/stevenweisberg/stevenweisberg/qpfMRIResults/sim_wrapper.sh’: No such file or directory
------------------------------------------
Setting up environment variables
---
LD_LIBRARY_PATH is .:/apps/matlab/mcr/2020b/v99/runtime/glnxa64:/apps/matlab/mcr/2020b/v99/bin/glnxa64:/apps/matlab/mcr/2020b/v99/sys/os/glnxa64:/apps/matlab/mcr/2020b/v99/sys/opengl/lib/glnxa64
Warning: Executing startup failed in matlabrc.
This indicates a potentially serious problem in your MATLAB setup, which should be resolved as soon as possible.  Error detected was:
MATLAB:mpath:PathAlterationNotSupported
Modifying the search path is not supported by MATLAB Compiler. Remove functions that modify the search path from your MATLAB code. To make files visible to your deployed application, add the parent folder to your MATLAB session.
Warning: No stimulus domain specified. Defaulting to values between 0.01 and 1.
> In qpfmriParams (line 182)
In compiledSimulate (line 205)
Stimulus domain added from input.
Parameter slope specified as 0.41000
Parameter semiSat specified as 0.57000
Parameter beta specified as 1.00000
Parameter sigma specified as 0.15000
seed = 99seed = 104seed = 111seed = 111seed = 115seed = 101Initializing Q+. This may take a minute...
Elapsed time is 18.982003 seconds.
Simulated parameters:
slope: 0.410 semiSat: 0.570 beta: 1.000 sigma: 0.150 

Trial 1: baseline Stimulus Selection
Stimulus: 0.010
Output value 0.000

Q+ parameters
slope: 0.026 semiSat: 0.890 beta: 0.500 sigma: 0.010 
maxBOLD estimate = 1.000


Trial 2: maxBOLD Stimulus Selection
Stimulus: 1.000
Output value 0.477

Q+ parameters
slope: 0.034 semiSat: 0.890 beta: 0.875 sigma: 0.010 
maxBOLD estimate = 1.000


Trial 3: baseline Stimulus Selection
Stimulus: 0.010
Output value 0.099

Q+ parameters
slope: 0.055 semiSat: 0.670 beta: 1.250 sigma: 0.062 
maxBOLD estimate = 0.875


Trial 4: maxBOLD Stimulus Selection
Stimulus: 1.000
Output value 1.342

Q+ parameters
slope: 0.055 semiSat: 0.670 beta: 1.125 sigma: 0.062 
maxBOLD estimate = 1.094


Trial 5: baseline Stimulus Selection
Stimulus: 0.010
Output value -0.280

Q+ parameters
slope: 0.055 semiSat: 0.670 beta: 1.250 sigma: 0.114 
maxBOLD estimate = 1.230


Trial 6: maxBOLD Stimulus Selection
Stimulus: 1.000
Output value 1.923

Q+ parameters
slope: 0.043 semiSat: 0.780 beta: 1.250 sigma: 0.114 
maxBOLD estimate = 1.538


Trial 7: random Stimulus Selection
Stimulus: 0.010
Output value -0.169

Q+ parameters
slope: 0.043 semiSat: 0.780 beta: 0.969 sigma: 0.062 
maxBOLD estimate = 1.923


Trial 8: random Stimulus Selection
Stimulus: 0.835
Output value 0.677

Q+ parameters
slope: 0.113 semiSat: 0.890 beta: 1.000 sigma: 0.062 
maxBOLD estimate = 1.863


Trial 9: random Stimulus Selection
Stimulus: 0.381
Output value -0.381

Q+ parameters
slope: 0.089 semiSat: 0.890 beta: 1.125 sigma: 0.114 
maxBOLD estimate = 1.863


Trial 10: baseline Stimulus Selection
Stimulus: 0.010
Output value 0.238

Q+ parameters
slope: 0.055 semiSat: 1.000 beta: 1.250 sigma: 0.062 
maxBOLD estimate = 2.095


Trial 11: random Stimulus Selection
Stimulus: 0.959
Output value 1.071

Q+ parameters
slope: 0.113 semiSat: 0.890 beta: 0.750 sigma: 0.114 
maxBOLD estimate = 2.619


Trial 12: random Stimulus Selection
Stimulus: 0.340
Output value 0.000

Q+ parameters
slope: 0.089 semiSat: 0.890 beta: 1.062 sigma: 0.114 
maxBOLD estimate = 1.964


Trial 13: random Stimulus Selection
Stimulus: 0.588
Output value 0.569

Q+ parameters
slope: 0.785 semiSat: 0.450 beta: 0.500 sigma: 0.114 
maxBOLD estimate = 2.087


Trial 14: random Stimulus Selection
Stimulus: 0.546
Output value 1.138

Q+ parameters
slope: 0.234 semiSat: 0.560 beta: 1.500 sigma: 0.166 
maxBOLD estimate = 1.044


Trial 15: maxBOLD Stimulus Selection
Stimulus: 1.000
Output value 1.494

Q+ parameters
slope: 0.113 semiSat: 0.560 beta: 0.875 sigma: 0.166 
maxBOLD estimate = 1.565


Trial 16: random Stimulus Selection
Stimulus: 0.299
Output value 0.000

Q+ parameters
slope: 0.234 semiSat: 0.560 beta: 1.250 sigma: 0.166 
maxBOLD estimate = 1.370


Trial 17: random Stimulus Selection
Stimulus: 0.959
Output value 1.634

Q+ parameters
slope: 0.113 semiSat: 0.560 beta: 0.875 sigma: 0.166 
maxBOLD estimate = 1.712


Trial 18: random Stimulus Selection
Stimulus: 0.588
Output value 1.498

Q+ parameters
slope: 0.483 semiSat: 0.560 beta: 1.000 sigma: 0.166 
maxBOLD estimate = 1.498


Trial 19: random Stimulus Selection
Stimulus: 0.959
Output value 2.451

Q+ parameters
slope: 0.379 semiSat: 0.560 beta: 1.500 sigma: 0.166 
maxBOLD estimate = 1.498


Trial 20: baseline Stimulus Selection
Stimulus: 0.010
Output value 0.102

Q+ parameters
slope: 0.785 semiSat: 0.450 beta: 0.500 sigma: 0.114 
maxBOLD estimate = 2.247


Trial 21: random Stimulus Selection
Stimulus: 0.051
Output value 0.460

Q+ parameters
slope: 0.379 semiSat: 0.560 beta: 1.500 sigma: 0.166 
maxBOLD estimate = 1.124


Trial 22: random Stimulus Selection
Stimulus: 0.175
Output value 0.575

Q+ parameters
slope: 0.379 semiSat: 0.560 beta: 0.938 sigma: 0.166 
maxBOLD estimate = 1.685


Trial 23: random Stimulus Selection
Stimulus: 0.299
Output value 0.269

Q+ parameters
slope: 0.379 semiSat: 0.560 beta: 0.938 sigma: 0.166 
maxBOLD estimate = 1.580


Trial 24: random Stimulus Selection
Stimulus: 0.092
Output value -0.337

Q+ parameters
slope: 0.298 semiSat: 0.560 beta: 1.250 sigma: 0.166 
maxBOLD estimate = 1.481


Trial 25: maxBOLD Stimulus Selection
Stimulus: 1.000
Output value 1.262

Q+ parameters
slope: 0.483 semiSat: 0.560 beta: 0.750 sigma: 0.166 
maxBOLD estimate = 1.852


Trial 26: random Stimulus Selection
Stimulus: 0.629
Output value 2.272

Q+ parameters
slope: 0.234 semiSat: 0.560 beta: 1.500 sigma: 0.166 
maxBOLD estimate = 1.389


Trial 27: random Stimulus Selection
Stimulus: 0.918
Output value 1.136

Q+ parameters
slope: 0.298 semiSat: 0.560 beta: 0.750 sigma: 0.114 
maxBOLD estimate = 2.083


Trial 28: random Stimulus Selection
Stimulus: 0.918
Output value 1.562

Q+ parameters
slope: 0.483 semiSat: 0.560 beta: 1.000 sigma: 0.166 
maxBOLD estimate = 1.562


Trial 29: random Stimulus Selection
Stimulus: 0.423
Output value 0.142

Q+ parameters
slope: 0.483 semiSat: 0.560 beta: 1.000 sigma: 0.166 
maxBOLD estimate = 1.562


Trial 30: baseline Stimulus Selection
Stimulus: 0.010
Output value 0.266

Q+ parameters
slope: 0.379 semiSat: 0.560 beta: 0.938 sigma: 0.114 
maxBOLD estimate = 1.562

--------------------------------------------------------------
FINAL VALUES
--------------------------------------------------------------
Simulated parameters:              slope: 0.410 semiSat: 0.570 beta: 1.000 sigma: 0.150 
Max posterior QUEST+ parameters:   slope: 0.234 semiSat: 0.560 beta: 1.250 sigma: 0.166 
Max BADS parameters:               slope: 0.399 semiSat: 0.542 beta: 1.000 sigma: 0.152 
maxBOLD estimate: 1.439
