/blue/stevenweisberg/stevenweisberg/MATLAB/projects/Weisberg_Aguirre_2020/scripts/run_sims
c25a-s8.ufhpc
Thu Nov 12 15:40:07 EST 2020
cp: cannot stat ‘/blue/stevenweisberg/stevenweisberg/qpfMRIResults/deploy_sim.sh’: No such file or directory
cp: cannot stat ‘/blue/stevenweisberg/stevenweisberg/qpfMRIResults/sim_wrapper.sh’: No such file or directory
------------------------------------------
Setting up environment variables
---
LD_LIBRARY_PATH is .:/apps/matlab/mcr/2020b/v99/runtime/glnxa64:/apps/matlab/mcr/2020b/v99/bin/glnxa64:/apps/matlab/mcr/2020b/v99/sys/os/glnxa64:/apps/matlab/mcr/2020b/v99/sys/opengl/lib/glnxa64
Warning: Executing startup failed in matlabrc.
This indicates a potentially serious problem in your MATLAB setup, which should be resolved as soon as possible.  Error detected was:
MATLAB:mpath:PathAlterationNotSupported
Modifying the search path is not supported by MATLAB Compiler. Remove functions that modify the search path from your MATLAB code. To make files visible to your deployed application, add the parent folder to your MATLAB session.
Warning: No stimulus domain specified. Defaulting to values between 0.01 and 1.
> In qpfmriParams (line 182)
In compiledSimulate (line 205)
Stimulus domain added from input.
Parameter slope specified as 0.41000
Parameter semiSat specified as 0.57000
Parameter beta specified as 1.00000
Parameter sigma specified as 0.15000
seed = 99seed = 104seed = 111seed = 111seed = 115seed = 101Initializing Q+. This may take a minute...
Elapsed time is 9.635459 seconds.
Simulated parameters:
slope: 0.410 semiSat: 0.570 beta: 1.000 sigma: 0.150 

Trial 1: baseline Stimulus Selection
Stimulus: 0.010
Output value 0.000

Q+ parameters
slope: 0.026 semiSat: 0.890 beta: 0.500 sigma: 0.010 
maxBOLD estimate = 1.000


Trial 2: maxBOLD Stimulus Selection
Stimulus: 1.000
Output value 1.364

Q+ parameters
slope: 0.055 semiSat: 0.670 beta: 1.250 sigma: 0.010 
maxBOLD estimate = 1.000


Trial 3: baseline Stimulus Selection
Stimulus: 0.010
Output value 0.284

Q+ parameters
slope: 0.055 semiSat: 0.670 beta: 1.250 sigma: 0.114 
maxBOLD estimate = 1.250


Trial 4: maxBOLD Stimulus Selection
Stimulus: 1.000
Output value 1.598

Q+ parameters
slope: 0.055 semiSat: 0.670 beta: 1.125 sigma: 0.062 
maxBOLD estimate = 1.562


Trial 5: baseline Stimulus Selection
Stimulus: 0.010
Output value 0.360

Q+ parameters
slope: 0.055 semiSat: 0.670 beta: 1.125 sigma: 0.114 
maxBOLD estimate = 1.758


Trial 6: maxBOLD Stimulus Selection
Stimulus: 1.000
Output value 2.472

Q+ parameters
slope: 0.043 semiSat: 0.780 beta: 1.250 sigma: 0.062 
maxBOLD estimate = 1.978


Trial 7: qplus Stimulus Selection
Stimulus: 0.546
Output value 0.674

Q+ parameters
slope: 0.055 semiSat: 0.560 beta: 0.750 sigma: 0.062 
maxBOLD estimate = 2.472


Trial 8: qplus Stimulus Selection
Stimulus: 0.670
Output value 2.086

Q+ parameters
slope: 0.234 semiSat: 0.560 beta: 1.031 sigma: 0.062 
maxBOLD estimate = 1.854


Trial 9: qplus Stimulus Selection
Stimulus: 0.464
Output value 1.043

Q+ parameters
slope: 0.144 semiSat: 0.560 beta: 1.500 sigma: 0.114 
maxBOLD estimate = 1.912


Trial 10: baseline Stimulus Selection
Stimulus: 0.010
Output value 0.000

Q+ parameters
slope: 0.144 semiSat: 0.560 beta: 0.750 sigma: 0.062 
maxBOLD estimate = 2.868


Trial 11: qplus Stimulus Selection
Stimulus: 0.629
Output value 1.833

Q+ parameters
slope: 0.234 semiSat: 0.560 beta: 0.938 sigma: 0.114 
maxBOLD estimate = 2.151


Trial 12: qplus Stimulus Selection
Stimulus: 0.505
Output value 0.000

Q+ parameters
slope: 0.298 semiSat: 0.560 beta: 1.031 sigma: 0.114 
maxBOLD estimate = 2.016


Trial 13: qplus Stimulus Selection
Stimulus: 0.588
Output value 0.709

Q+ parameters
slope: 0.234 semiSat: 0.560 beta: 0.938 sigma: 0.114 
maxBOLD estimate = 2.079


Trial 14: qplus Stimulus Selection
Stimulus: 0.629
Output value 1.279

Q+ parameters
slope: 0.234 semiSat: 0.560 beta: 1.031 sigma: 0.114 
maxBOLD estimate = 1.949


Trial 15: maxBOLD Stimulus Selection
Stimulus: 1.000
Output value 1.542

Q+ parameters
slope: 0.144 semiSat: 0.560 beta: 0.938 sigma: 0.114 
maxBOLD estimate = 2.010


Trial 16: qplus Stimulus Selection
Stimulus: 0.505
Output value 0.000

Q+ parameters
slope: 0.234 semiSat: 0.560 beta: 1.031 sigma: 0.114 
maxBOLD estimate = 1.885


Trial 17: qplus Stimulus Selection
Stimulus: 0.588
Output value 0.994

Q+ parameters
slope: 0.234 semiSat: 0.560 beta: 0.938 sigma: 0.114 
maxBOLD estimate = 1.944


Trial 18: qplus Stimulus Selection
Stimulus: 0.588
Output value 0.512

Q+ parameters
slope: 0.234 semiSat: 0.560 beta: 1.031 sigma: 0.166 
maxBOLD estimate = 1.822


Trial 19: qplus Stimulus Selection
Stimulus: 0.629
Output value 0.747

Q+ parameters
slope: 0.234 semiSat: 0.560 beta: 0.875 sigma: 0.166 
maxBOLD estimate = 1.879


Trial 20: baseline Stimulus Selection
Stimulus: 0.010
Output value -0.159

Q+ parameters
slope: 0.183 semiSat: 0.560 beta: 1.062 sigma: 0.166 
maxBOLD estimate = 1.644


Trial 21: qplus Stimulus Selection
Stimulus: 0.505
Output value -0.164

Q+ parameters
slope: 0.234 semiSat: 0.560 beta: 1.031 sigma: 0.166 
maxBOLD estimate = 1.747


Trial 22: qplus Stimulus Selection
Stimulus: 0.588
Output value 0.676

Q+ parameters
slope: 0.234 semiSat: 0.560 beta: 1.031 sigma: 0.166 
maxBOLD estimate = 1.802


Trial 23: qplus Stimulus Selection
Stimulus: 0.588
Output value 0.443

Q+ parameters
slope: 0.234 semiSat: 0.560 beta: 0.875 sigma: 0.166 
maxBOLD estimate = 1.858


Trial 24: qplus Stimulus Selection
Stimulus: 0.629
Output value 1.067

Q+ parameters
slope: 0.234 semiSat: 0.560 beta: 1.031 sigma: 0.166 
maxBOLD estimate = 1.626


Trial 25: maxBOLD Stimulus Selection
Stimulus: 1.000
Output value 1.572

Q+ parameters
slope: 0.234 semiSat: 0.560 beta: 1.031 sigma: 0.166 
maxBOLD estimate = 1.676


Trial 26: qplus Stimulus Selection
Stimulus: 0.505
Output value 0.486

Q+ parameters
slope: 0.234 semiSat: 0.560 beta: 1.031 sigma: 0.166 
maxBOLD estimate = 1.729


Trial 27: qplus Stimulus Selection
Stimulus: 0.588
Output value 1.135

Q+ parameters
slope: 0.234 semiSat: 0.560 beta: 0.875 sigma: 0.114 
maxBOLD estimate = 1.783


Trial 28: qplus Stimulus Selection
Stimulus: 0.505
Output value 1.055

Q+ parameters
slope: 0.183 semiSat: 0.560 beta: 1.062 sigma: 0.166 
maxBOLD estimate = 1.560


Trial 29: qplus Stimulus Selection
Stimulus: 0.505
Output value 0.320

Q+ parameters
slope: 0.183 semiSat: 0.560 beta: 1.062 sigma: 0.166 
maxBOLD estimate = 1.658


Trial 30: baseline Stimulus Selection
Stimulus: 0.010
Output value 0.280

Q+ parameters
slope: 0.234 semiSat: 0.560 beta: 0.875 sigma: 0.114 
maxBOLD estimate = 1.761

--------------------------------------------------------------
FINAL VALUES
--------------------------------------------------------------
Simulated parameters:              slope: 0.410 semiSat: 0.570 beta: 1.000 sigma: 0.150 
Max posterior QUEST+ parameters:   slope: 0.234 semiSat: 0.560 beta: 1.031 sigma: 0.166 
Max BADS parameters:               slope: 0.236 semiSat: 0.577 beta: 1.000 sigma: 0.146 
maxBOLD estimate: 1.593
