/blue/stevenweisberg/stevenweisberg/MATLAB/projects/Weisberg_Aguirre_2020/scripts/run_sims
c0700a-s3.ufhpc
Tue Apr  6 23:22:52 EDT 2021
mkdir: cannot create directory ‘/blue/stevenweisberg/stevenweisberg/qpfMRIResults/model_parameter_set2/’: File exists
cp: cannot stat ‘/blue/stevenweisberg/stevenweisberg/qpfMRIResults/deploy_sim.sh’: No such file or directory
cp: cannot stat ‘/blue/stevenweisberg/stevenweisberg/qpfMRIResults/sim_wrapper.sh’: No such file or directory
------------------------------------------
Setting up environment variables
---
LD_LIBRARY_PATH is .:/apps/matlab/mcr/2020b/v99/runtime/glnxa64:/apps/matlab/mcr/2020b/v99/bin/glnxa64:/apps/matlab/mcr/2020b/v99/sys/os/glnxa64:/apps/matlab/mcr/2020b/v99/sys/opengl/lib/glnxa64
Warning: Executing startup failed in matlabrc.
This indicates a potentially serious problem in your MATLAB setup, which should be resolved as soon as possible.  Error detected was:
MATLAB:mpath:PathAlterationNotSupported
Modifying the search path is not supported by MATLAB Compiler. Remove functions that modify the search path from your MATLAB code. To make files visible to your deployed application, add the parent folder to your MATLAB session.
Warning: No stimulus domain specified. Defaulting to values between 0.01 and 1.
> In qpfmriParams (line 182)
In compiledSimulate (line 205)
Stimulus domain added from input.
Parameter slope specified as 0.20000
Parameter semiSat specified as 0.57000
Parameter beta specified as 1.00000
Parameter sigma specified as 0.15000
seed = 99seed = 104seed = 111seed = 111seed = 115seed = 101Initializing Q+. This may take a minute...
Elapsed time is 7.451332 seconds.
Simulated parameters:
slope: 0.200 semiSat: 0.570 beta: 1.000 sigma: 0.150 

Trial 1: baseline Stimulus Selection
Stimulus: 0.010
Output value 0.000

Q+ parameters
slope: 0.026 semiSat: 0.890 beta: 0.500 sigma: 0.010 
maxBOLD estimate = 1.000


Trial 2: maxBOLD Stimulus Selection
Stimulus: 1.000
Output value 1.364

Q+ parameters
slope: 0.055 semiSat: 0.670 beta: 1.250 sigma: 0.010 
maxBOLD estimate = 1.000


Trial 3: baseline Stimulus Selection
Stimulus: 0.010
Output value 0.000

Q+ parameters
slope: 0.055 semiSat: 0.670 beta: 1.250 sigma: 0.010 
maxBOLD estimate = 1.250


Trial 4: maxBOLD Stimulus Selection
Stimulus: 1.000
Output value 1.918

Q+ parameters
slope: 0.055 semiSat: 0.670 beta: 1.125 sigma: 0.062 
maxBOLD estimate = 1.562


Trial 5: baseline Stimulus Selection
Stimulus: 0.010
Output value -0.180

Q+ parameters
slope: 0.055 semiSat: 0.670 beta: 1.125 sigma: 0.114 
maxBOLD estimate = 1.758


Trial 6: maxBOLD Stimulus Selection
Stimulus: 1.000
Output value 1.416

Q+ parameters
slope: 0.043 semiSat: 0.780 beta: 1.125 sigma: 0.114 
maxBOLD estimate = 1.978


Trial 7: random Stimulus Selection
Stimulus: 0.340
Output value 0.000

Q+ parameters
slope: 0.070 semiSat: 0.780 beta: 0.969 sigma: 0.114 
maxBOLD estimate = 2.225


Trial 8: random Stimulus Selection
Stimulus: 0.092
Output value -0.190

Q+ parameters
slope: 0.070 semiSat: 0.780 beta: 0.969 sigma: 0.114 
maxBOLD estimate = 2.155


Trial 9: random Stimulus Selection
Stimulus: 0.505
Output value 0.664

Q+ parameters
slope: 0.144 semiSat: 0.560 beta: 0.875 sigma: 0.114 
maxBOLD estimate = 2.088


Trial 10: baseline Stimulus Selection
Stimulus: 0.010
Output value -0.415

Q+ parameters
slope: 0.113 semiSat: 0.560 beta: 1.250 sigma: 0.114 
maxBOLD estimate = 1.827


Trial 11: random Stimulus Selection
Stimulus: 0.711
Output value 1.070

Q+ parameters
slope: 0.055 semiSat: 0.780 beta: 1.031 sigma: 0.062 
maxBOLD estimate = 2.284


Trial 12: random Stimulus Selection
Stimulus: 0.588
Output value 0.187

Q+ parameters
slope: 0.089 semiSat: 0.670 beta: 0.875 sigma: 0.114 
maxBOLD estimate = 2.355


Trial 13: random Stimulus Selection
Stimulus: 0.423
Output value 0.187

Q+ parameters
slope: 0.089 semiSat: 0.670 beta: 1.000 sigma: 0.062 
maxBOLD estimate = 2.061


Trial 14: random Stimulus Selection
Stimulus: 0.918
Output value 1.873

Q+ parameters
slope: 0.089 semiSat: 0.670 beta: 1.000 sigma: 0.062 
maxBOLD estimate = 2.061


Trial 15: maxBOLD Stimulus Selection
Stimulus: 1.000
Output value 1.873

Q+ parameters
slope: 0.089 semiSat: 0.670 beta: 1.000 sigma: 0.062 
maxBOLD estimate = 2.061


Trial 16: random Stimulus Selection
Stimulus: 0.794
Output value 1.873

Q+ parameters
slope: 0.089 semiSat: 0.670 beta: 1.000 sigma: 0.062 
maxBOLD estimate = 2.061


Trial 17: random Stimulus Selection
Stimulus: 0.175
Output value 0.580

Q+ parameters
slope: 0.055 semiSat: 0.670 beta: 1.031 sigma: 0.114 
maxBOLD estimate = 2.061


Trial 18: random Stimulus Selection
Stimulus: 0.794
Output value 1.992

Q+ parameters
slope: 0.089 semiSat: 0.670 beta: 1.031 sigma: 0.114 
maxBOLD estimate = 2.125


Trial 19: random Stimulus Selection
Stimulus: 0.299
Output value 1.027

Q+ parameters
slope: 0.070 semiSat: 0.670 beta: 1.031 sigma: 0.114 
maxBOLD estimate = 2.191


Trial 20: baseline Stimulus Selection
Stimulus: 0.010
Output value 0.000

Q+ parameters
slope: 0.070 semiSat: 0.670 beta: 1.000 sigma: 0.114 
maxBOLD estimate = 2.260


Trial 21: random Stimulus Selection
Stimulus: 0.423
Output value 0.822

Q+ parameters
slope: 0.070 semiSat: 0.670 beta: 1.000 sigma: 0.114 
maxBOLD estimate = 2.260


Trial 22: random Stimulus Selection
Stimulus: 0.670
Output value 1.387

Q+ parameters
slope: 0.144 semiSat: 0.560 beta: 0.750 sigma: 0.114 
maxBOLD estimate = 2.260


Trial 23: random Stimulus Selection
Stimulus: 0.794
Output value 1.733

Q+ parameters
slope: 0.113 semiSat: 0.560 beta: 1.125 sigma: 0.114 
maxBOLD estimate = 1.695


Trial 24: random Stimulus Selection
Stimulus: 0.918
Output value 2.600

Q+ parameters
slope: 0.113 semiSat: 0.670 beta: 1.250 sigma: 0.114 
maxBOLD estimate = 1.907


Trial 25: maxBOLD Stimulus Selection
Stimulus: 1.000
Output value 2.383

Q+ parameters
slope: 0.089 semiSat: 0.670 beta: 1.000 sigma: 0.114 
maxBOLD estimate = 2.383


Trial 26: random Stimulus Selection
Stimulus: 0.959
Output value 0.948

Q+ parameters
slope: 0.113 semiSat: 0.670 beta: 0.875 sigma: 0.114 
maxBOLD estimate = 2.383


Trial 27: random Stimulus Selection
Stimulus: 0.959
Output value 2.346

Q+ parameters
slope: 0.144 semiSat: 0.670 beta: 1.031 sigma: 0.114 
maxBOLD estimate = 2.086


Trial 28: random Stimulus Selection
Stimulus: 0.216
Output value -0.403

Q+ parameters
slope: 0.144 semiSat: 0.670 beta: 1.031 sigma: 0.114 
maxBOLD estimate = 2.151


Trial 29: random Stimulus Selection
Stimulus: 0.794
Output value 1.953

Q+ parameters
slope: 0.113 semiSat: 0.670 beta: 0.969 sigma: 0.114 
maxBOLD estimate = 2.218


Trial 30: baseline Stimulus Selection
Stimulus: 0.010
Output value 0.000

Q+ parameters
slope: 0.113 semiSat: 0.670 beta: 0.969 sigma: 0.114 
maxBOLD estimate = 2.149


Trial 31: random Stimulus Selection
Stimulus: 0.092
Output value 0.000

Q+ parameters
slope: 0.113 semiSat: 0.670 beta: 0.969 sigma: 0.114 
maxBOLD estimate = 2.081


Trial 32: random Stimulus Selection
Stimulus: 0.175
Output value 0.567

Q+ parameters
slope: 0.113 semiSat: 0.670 beta: 1.031 sigma: 0.114 
maxBOLD estimate = 2.016


Trial 33: random Stimulus Selection
Stimulus: 0.670
Output value 1.323

Q+ parameters
slope: 0.089 semiSat: 0.560 beta: 0.875 sigma: 0.114 
maxBOLD estimate = 2.079


Trial 34: random Stimulus Selection
Stimulus: 0.092
Output value 0.331

Q+ parameters
slope: 0.113 semiSat: 0.560 beta: 1.000 sigma: 0.114 
maxBOLD estimate = 1.819


Trial 35: maxBOLD Stimulus Selection
Stimulus: 1.000
Output value 0.930

Q+ parameters
slope: 0.144 semiSat: 0.560 beta: 0.938 sigma: 0.114 
maxBOLD estimate = 1.819


Trial 36: random Stimulus Selection
Stimulus: 0.918
Output value 1.047

Q+ parameters
slope: 0.113 semiSat: 0.560 beta: 1.125 sigma: 0.166 
maxBOLD estimate = 1.706


Trial 37: random Stimulus Selection
Stimulus: 0.299
Output value -0.164

Q+ parameters
slope: 0.144 semiSat: 0.560 beta: 0.938 sigma: 0.114 
maxBOLD estimate = 1.919


Trial 38: random Stimulus Selection
Stimulus: 0.216
Output value -0.307

Q+ parameters
slope: 0.144 semiSat: 0.560 beta: 0.938 sigma: 0.114 
maxBOLD estimate = 1.799


Trial 39: random Stimulus Selection
Stimulus: 0.835
Output value 0.652

Q+ parameters
slope: 0.144 semiSat: 0.560 beta: 1.062 sigma: 0.166 
maxBOLD estimate = 1.687


Trial 40: baseline Stimulus Selection
Stimulus: 0.010
Output value -0.173

Q+ parameters
slope: 0.144 semiSat: 0.560 beta: 1.062 sigma: 0.166 
maxBOLD estimate = 1.792


Trial 41: random Stimulus Selection
Stimulus: 0.629
Output value 0.974

Q+ parameters
slope: 0.144 semiSat: 0.560 beta: 0.938 sigma: 0.114 
maxBOLD estimate = 1.904


Trial 42: random Stimulus Selection
Stimulus: 0.505
Output value -0.243

Q+ parameters
slope: 0.113 semiSat: 0.670 beta: 1.500 sigma: 0.166 
maxBOLD estimate = 1.785


Trial 43: random Stimulus Selection
Stimulus: 0.092
Output value 0.000

Q+ parameters
slope: 0.070 semiSat: 0.670 beta: 0.750 sigma: 0.114 
maxBOLD estimate = 2.678


Trial 44: random Stimulus Selection
Stimulus: 0.670
Output value 1.757

Q+ parameters
slope: 0.234 semiSat: 0.560 beta: 0.875 sigma: 0.114 
maxBOLD estimate = 2.008


Trial 45: maxBOLD Stimulus Selection
Stimulus: 1.000
Output value 2.636

Q+ parameters
slope: 0.113 semiSat: 0.670 beta: 1.500 sigma: 0.166 
maxBOLD estimate = 1.757


Trial 46: random Stimulus Selection
Stimulus: 0.092
Output value 0.359

Q+ parameters
slope: 0.113 semiSat: 0.670 beta: 0.750 sigma: 0.114 
maxBOLD estimate = 2.636


Trial 47: random Stimulus Selection
Stimulus: 0.092
Output value 0.157

Q+ parameters
slope: 0.234 semiSat: 0.560 beta: 0.875 sigma: 0.114 
maxBOLD estimate = 1.977


Trial 48: random Stimulus Selection
Stimulus: 0.299
Output value -0.236

Q+ parameters
slope: 0.113 semiSat: 0.670 beta: 1.500 sigma: 0.166 
maxBOLD estimate = 1.730


Trial 49: random Stimulus Selection
Stimulus: 0.629
Output value 0.708

Q+ parameters
slope: 0.183 semiSat: 0.560 beta: 0.750 sigma: 0.114 
maxBOLD estimate = 2.595


Trial 50: baseline Stimulus Selection
Stimulus: 0.010
Output value 0.619

Q+ parameters
slope: 0.234 semiSat: 0.560 beta: 0.875 sigma: 0.166 
maxBOLD estimate = 1.946


Trial 51: random Stimulus Selection
Stimulus: 0.794
Output value 1.499

Q+ parameters
slope: 0.234 semiSat: 0.560 beta: 0.969 sigma: 0.166 
maxBOLD estimate = 1.703


Trial 52: random Stimulus Selection
Stimulus: 0.918
Output value 1.237

Q+ parameters
slope: 0.234 semiSat: 0.560 beta: 1.031 sigma: 0.166 
maxBOLD estimate = 1.649


Trial 53: random Stimulus Selection
Stimulus: 0.010
Output value 0.150

Q+ parameters
slope: 0.234 semiSat: 0.560 beta: 0.969 sigma: 0.166 
maxBOLD estimate = 1.701


Trial 54: random Stimulus Selection
Stimulus: 0.753
Output value 0.637

Q+ parameters
slope: 0.183 semiSat: 0.560 beta: 1.062 sigma: 0.166 
maxBOLD estimate = 1.648


Trial 55: maxBOLD Stimulus Selection
Stimulus: 1.000
Output value 1.388

Q+ parameters
slope: 0.234 semiSat: 0.560 beta: 0.969 sigma: 0.166 
maxBOLD estimate = 1.751


Trial 56: random Stimulus Selection
Stimulus: 0.010
Output value 0.000

Q+ parameters
slope: 0.183 semiSat: 0.560 beta: 1.062 sigma: 0.166 
maxBOLD estimate = 1.696


Trial 57: random Stimulus Selection
Stimulus: 0.753
Output value 1.290

Q+ parameters
slope: 0.234 semiSat: 0.560 beta: 0.875 sigma: 0.166 
maxBOLD estimate = 1.802


Trial 58: random Stimulus Selection
Stimulus: 0.670
Output value 1.828

Q+ parameters
slope: 0.183 semiSat: 0.560 beta: 1.062 sigma: 0.166 
maxBOLD estimate = 1.577


Trial 59: random Stimulus Selection
Stimulus: 0.588
Output value 1.414

Q+ parameters
slope: 0.234 semiSat: 0.560 beta: 1.031 sigma: 0.166 
maxBOLD estimate = 1.675


Trial 60: baseline Stimulus Selection
Stimulus: 0.010
Output value 0.550

Q+ parameters
slope: 0.234 semiSat: 0.560 beta: 0.875 sigma: 0.166 
maxBOLD estimate = 1.728


Trial 61: random Stimulus Selection
Stimulus: 1.000
Output value 0.876

Q+ parameters
slope: 0.379 semiSat: 0.560 beta: 1.062 sigma: 0.166 
maxBOLD estimate = 1.512


Trial 62: random Stimulus Selection
Stimulus: 0.092
Output value 1.752

Q+ parameters
slope: 0.055 semiSat: 0.670 beta: 1.500 sigma: 0.218 
maxBOLD estimate = 1.606


Trial 63: random Stimulus Selection
Stimulus: 0.381
Output value -0.329

Q+ parameters
slope: 0.234 semiSat: 0.560 beta: 0.750 sigma: 0.114 
maxBOLD estimate = 2.409


Trial 64: random Stimulus Selection
Stimulus: 0.175
Output value 0.144

Q+ parameters
slope: 0.234 semiSat: 0.560 beta: 0.875 sigma: 0.166 
maxBOLD estimate = 1.807


Trial 65: maxBOLD Stimulus Selection
Stimulus: 1.000
Output value 1.833

Q+ parameters
slope: 0.379 semiSat: 0.560 beta: 1.062 sigma: 0.166 
maxBOLD estimate = 1.581


Trial 66: random Stimulus Selection
Stimulus: 0.876
Output value 1.890

Q+ parameters
slope: 0.234 semiSat: 0.560 beta: 1.031 sigma: 0.166 
maxBOLD estimate = 1.680


Trial 67: random Stimulus Selection
Stimulus: 0.588
Output value 0.975

Q+ parameters
slope: 0.234 semiSat: 0.560 beta: 1.031 sigma: 0.166 
maxBOLD estimate = 1.733


Trial 68: random Stimulus Selection
Stimulus: 0.876
Output value 2.010

Q+ parameters
slope: 0.234 semiSat: 0.560 beta: 1.031 sigma: 0.166 
maxBOLD estimate = 1.787


Trial 69: random Stimulus Selection
Stimulus: 0.794
Output value 1.319

Q+ parameters
slope: 0.234 semiSat: 0.560 beta: 0.875 sigma: 0.114 
maxBOLD estimate = 1.842


Trial 70: baseline Stimulus Selection
Stimulus: 0.010
Output value -0.311

Q+ parameters
slope: 0.379 semiSat: 0.560 beta: 1.062 sigma: 0.166 
maxBOLD estimate = 1.612


Trial 71: random Stimulus Selection
Stimulus: 0.629
Output value 0.993

Q+ parameters
slope: 0.183 semiSat: 0.560 beta: 1.062 sigma: 0.166 
maxBOLD estimate = 1.713


Trial 72: random Stimulus Selection
Stimulus: 0.835
Output value 1.536

Q+ parameters
slope: 0.234 semiSat: 0.560 beta: 1.031 sigma: 0.166 
maxBOLD estimate = 1.820


Trial 73: random Stimulus Selection
Stimulus: 0.423
Output value 0.800

Q+ parameters
slope: 0.144 semiSat: 0.560 beta: 0.938 sigma: 0.166 
maxBOLD estimate = 1.877


Trial 74: random Stimulus Selection
Stimulus: 0.340
Output value -0.330

Q+ parameters
slope: 0.234 semiSat: 0.560 beta: 1.031 sigma: 0.166 
maxBOLD estimate = 1.760


Trial 75: maxBOLD Stimulus Selection
Stimulus: 1.000
Output value 0.851

Q+ parameters
slope: 0.234 semiSat: 0.560 beta: 1.031 sigma: 0.166 
maxBOLD estimate = 1.815


Trial 76: random Stimulus Selection
Stimulus: 0.464
Output value 0.000

Q+ parameters
slope: 0.234 semiSat: 0.560 beta: 0.938 sigma: 0.166 
maxBOLD estimate = 1.871


Trial 77: random Stimulus Selection
Stimulus: 0.670
Output value 0.772

Q+ parameters
slope: 0.234 semiSat: 0.560 beta: 0.969 sigma: 0.166 
maxBOLD estimate = 1.754


Trial 78: random Stimulus Selection
Stimulus: 0.670
Output value 0.748

Q+ parameters
slope: 0.234 semiSat: 0.560 beta: 0.969 sigma: 0.166 
maxBOLD estimate = 1.699


Trial 79: random Stimulus Selection
Stimulus: 0.051
Output value 0.725

Q+ parameters
slope: 0.234 semiSat: 0.560 beta: 0.969 sigma: 0.166 
maxBOLD estimate = 1.646


Trial 80: baseline Stimulus Selection
Stimulus: 0.010
Output value -0.308

Q+ parameters
slope: 0.234 semiSat: 0.560 beta: 1.062 sigma: 0.166 
maxBOLD estimate = 1.595


Trial 81: random Stimulus Selection
Stimulus: 0.340
Output value 0.746

Q+ parameters
slope: 0.234 semiSat: 0.560 beta: 0.969 sigma: 0.166 
maxBOLD estimate = 1.695


Trial 82: random Stimulus Selection
Stimulus: 0.629
Output value 1.586

Q+ parameters
slope: 0.298 semiSat: 0.560 beta: 1.062 sigma: 0.166 
maxBOLD estimate = 1.642


Trial 83: random Stimulus Selection
Stimulus: 0.010
Output value 0.154

Q+ parameters
slope: 0.234 semiSat: 0.560 beta: 0.969 sigma: 0.166 
maxBOLD estimate = 1.744


Trial 84: random Stimulus Selection
Stimulus: 0.629
Output value 0.893

Q+ parameters
slope: 0.234 semiSat: 0.560 beta: 0.969 sigma: 0.166 
maxBOLD estimate = 1.690


Trial 85: maxBOLD Stimulus Selection
Stimulus: 1.000
Output value 1.897

Q+ parameters
slope: 0.298 semiSat: 0.560 beta: 1.062 sigma: 0.166 
maxBOLD estimate = 1.637


Trial 86: random Stimulus Selection
Stimulus: 0.918
Output value 0.766

Q+ parameters
slope: 0.234 semiSat: 0.560 beta: 0.969 sigma: 0.166 
maxBOLD estimate = 1.739


Trial 87: random Stimulus Selection
Stimulus: 0.464
Output value 1.608

Q+ parameters
slope: 0.113 semiSat: 0.450 beta: 0.875 sigma: 0.218 
maxBOLD estimate = 1.685


Trial 88: random Stimulus Selection
Stimulus: 0.134
Output value -0.302

Q+ parameters
slope: 0.298 semiSat: 0.560 beta: 1.125 sigma: 0.166 
maxBOLD estimate = 1.474


Trial 89: random Stimulus Selection
Stimulus: 0.423
Output value 0.641

Q+ parameters
slope: 0.183 semiSat: 0.560 beta: 1.062 sigma: 0.166 
maxBOLD estimate = 1.659


Trial 90: baseline Stimulus Selection
Stimulus: 0.010
Output value -0.310

Q+ parameters
slope: 0.234 semiSat: 0.560 beta: 0.969 sigma: 0.166 
maxBOLD estimate = 1.762


Trial 91: random Stimulus Selection
Stimulus: 0.876
Output value 1.052

Q+ parameters
slope: 0.234 semiSat: 0.560 beta: 0.969 sigma: 0.166 
maxBOLD estimate = 1.707


Trial 92: random Stimulus Selection
Stimulus: 0.753
Output value 1.278

Q+ parameters
slope: 0.183 semiSat: 0.560 beta: 1.062 sigma: 0.166 
maxBOLD estimate = 1.654


Trial 93: random Stimulus Selection
Stimulus: 0.629
Output value 1.083

Q+ parameters
slope: 0.234 semiSat: 0.560 beta: 0.969 sigma: 0.166 
maxBOLD estimate = 1.757


Trial 94: random Stimulus Selection
Stimulus: 0.423
Output value 0.300

Q+ parameters
slope: 0.234 semiSat: 0.560 beta: 0.969 sigma: 0.166 
maxBOLD estimate = 1.702


Trial 95: maxBOLD Stimulus Selection
Stimulus: 1.000
Output value 1.274

Q+ parameters
slope: 0.183 semiSat: 0.560 beta: 1.062 sigma: 0.166 
maxBOLD estimate = 1.649


Trial 96: random Stimulus Selection
Stimulus: 0.299
Output value 0.000

Q+ parameters
slope: 0.234 semiSat: 0.560 beta: 0.969 sigma: 0.166 
maxBOLD estimate = 1.752


Trial 97: random Stimulus Selection
Stimulus: 0.505
Output value 0.448

Q+ parameters
slope: 0.234 semiSat: 0.560 beta: 0.969 sigma: 0.166 
maxBOLD estimate = 1.697


Trial 98: random Stimulus Selection
Stimulus: 0.216
Output value -0.318

Q+ parameters
slope: 0.183 semiSat: 0.560 beta: 1.062 sigma: 0.166 
maxBOLD estimate = 1.644


Trial 99: random Stimulus Selection
Stimulus: 0.670
Output value 0.769

Q+ parameters
slope: 0.183 semiSat: 0.560 beta: 0.969 sigma: 0.166 
maxBOLD estimate = 1.747


Trial 100: baseline Stimulus Selection
Stimulus: 0.010
Output value 0.149

Q+ parameters
slope: 0.234 semiSat: 0.560 beta: 0.969 sigma: 0.166 
maxBOLD estimate = 1.693

--------------------------------------------------------------
FINAL VALUES
--------------------------------------------------------------
Simulated parameters:              slope: 0.200 semiSat: 0.570 beta: 1.000 sigma: 0.150 
Max posterior QUEST+ parameters:   slope: 0.183 semiSat: 0.560 beta: 1.062 sigma: 0.166 
Max BADS parameters:               slope: 0.268 semiSat: 0.568 beta: 1.000 sigma: 0.155 
maxBOLD estimate: 1.634
