/blue/stevenweisberg/stevenweisberg/MATLAB/projects/Weisberg_Aguirre_2020/scripts/run_sims
c27a-s41.ufhpc
Thu Nov 12 11:59:26 EST 2020
cp: cannot stat ‘/blue/stevenweisberg/stevenweisberg/qpfMRIResults/deploy_sim.sh’: No such file or directory
cp: cannot stat ‘/blue/stevenweisberg/stevenweisberg/qpfMRIResults/sim_wrapper.sh’: No such file or directory
------------------------------------------
Setting up environment variables
---
LD_LIBRARY_PATH is .:/apps/matlab/mcr/2020b/v99/runtime/glnxa64:/apps/matlab/mcr/2020b/v99/bin/glnxa64:/apps/matlab/mcr/2020b/v99/sys/os/glnxa64:/apps/matlab/mcr/2020b/v99/sys/opengl/lib/glnxa64
Warning: Executing startup failed in matlabrc.
This indicates a potentially serious problem in your MATLAB setup, which should be resolved as soon as possible.  Error detected was:
MATLAB:mpath:PathAlterationNotSupported
Modifying the search path is not supported by MATLAB Compiler. Remove functions that modify the search path from your MATLAB code. To make files visible to your deployed application, add the parent folder to your MATLAB session.
Warning: No stimulus domain specified. Defaulting to values between 0.01 and 1.
> In qpfmriParams (line 182)
In compiledSimulate (line 205)
Stimulus domain added from input.
Parameter slope specified as 0.41000
Parameter semiSat specified as 0.57000
Parameter beta specified as 1.00000
Parameter sigma specified as 0.15000
seed = 99seed = 104seed = 111seed = 111seed = 115seed = 101Initializing Q+. This may take a minute...
Elapsed time is 9.848210 seconds.
Simulated parameters:
slope: 0.410 semiSat: 0.570 beta: 1.000 sigma: 0.150 

Trial 1: baseline Stimulus Selection
Stimulus: 0.010
Output value 0.000

Q+ parameters
slope: 0.026 semiSat: 0.890 beta: 0.500 sigma: 0.010 
maxBOLD estimate = 1.000


Trial 2: maxBOLD Stimulus Selection
Stimulus: 1.000
Output value 1.364

Q+ parameters
slope: 0.055 semiSat: 0.670 beta: 1.250 sigma: 0.010 
maxBOLD estimate = 1.000


Trial 3: baseline Stimulus Selection
Stimulus: 0.010
Output value -0.284

Q+ parameters
slope: 0.055 semiSat: 0.670 beta: 1.250 sigma: 0.271 
maxBOLD estimate = 1.250


Trial 4: maxBOLD Stimulus Selection
Stimulus: 1.000
Output value 2.131

Q+ parameters
slope: 0.055 semiSat: 0.670 beta: 1.250 sigma: 0.114 
maxBOLD estimate = 1.562


Trial 5: baseline Stimulus Selection
Stimulus: 0.010
Output value 0.000

Q+ parameters
slope: 0.055 semiSat: 0.670 beta: 1.250 sigma: 0.114 
maxBOLD estimate = 1.953


Trial 6: maxBOLD Stimulus Selection
Stimulus: 1.000
Output value 1.720

Q+ parameters
slope: 0.043 semiSat: 0.780 beta: 0.969 sigma: 0.114 
maxBOLD estimate = 2.441


Trial 7: random Stimulus Selection
Stimulus: 0.794
Output value 1.774

Q+ parameters
slope: 0.055 semiSat: 0.670 beta: 1.031 sigma: 0.114 
maxBOLD estimate = 2.365


Trial 8: random Stimulus Selection
Stimulus: 0.629
Output value 2.287

Q+ parameters
slope: 0.113 semiSat: 0.340 beta: 0.938 sigma: 0.166 
maxBOLD estimate = 2.439


Trial 9: random Stimulus Selection
Stimulus: 0.134
Output value 0.000

Q+ parameters
slope: 0.089 semiSat: 0.340 beta: 0.875 sigma: 0.114 
maxBOLD estimate = 2.287


Trial 10: baseline Stimulus Selection
Stimulus: 0.010
Output value -0.387

Q+ parameters
slope: 0.144 semiSat: 0.230 beta: 1.062 sigma: 0.114 
maxBOLD estimate = 2.001


Trial 11: random Stimulus Selection
Stimulus: 0.340
Output value -0.169

Q+ parameters
slope: 0.298 semiSat: 0.450 beta: 0.875 sigma: 0.114 
maxBOLD estimate = 2.126


Trial 12: random Stimulus Selection
Stimulus: 0.835
Output value 3.044

Q+ parameters
slope: 0.144 semiSat: 0.560 beta: 1.500 sigma: 0.114 
maxBOLD estimate = 1.860


Trial 13: random Stimulus Selection
Stimulus: 0.876
Output value 0.380

Q+ parameters
slope: 0.070 semiSat: 0.560 beta: 0.750 sigma: 0.166 
maxBOLD estimate = 2.790


Trial 14: random Stimulus Selection
Stimulus: 0.670
Output value 1.498

Q+ parameters
slope: 0.089 semiSat: 0.450 beta: 0.875 sigma: 0.114 
maxBOLD estimate = 2.093


Trial 15: maxBOLD Stimulus Selection
Stimulus: 1.000
Output value 0.437

Q+ parameters
slope: 0.298 semiSat: 0.450 beta: 0.875 sigma: 0.218 
maxBOLD estimate = 1.831


Trial 16: random Stimulus Selection
Stimulus: 0.175
Output value 0.437

Q+ parameters
slope: 0.183 semiSat: 0.560 beta: 1.500 sigma: 0.166 
maxBOLD estimate = 1.602


Trial 17: random Stimulus Selection
Stimulus: 0.423
Output value 0.164

Q+ parameters
slope: 0.616 semiSat: 0.450 beta: 0.750 sigma: 0.114 
maxBOLD estimate = 2.403


Trial 18: random Stimulus Selection
Stimulus: 0.010
Output value 0.768

Q+ parameters
slope: 0.379 semiSat: 0.560 beta: 0.938 sigma: 0.166 
maxBOLD estimate = 1.802


Trial 19: random Stimulus Selection
Stimulus: 0.876
Output value 0.269

Q+ parameters
slope: 0.089 semiSat: 0.450 beta: 0.875 sigma: 0.218 
maxBOLD estimate = 1.690


Trial 20: baseline Stimulus Selection
Stimulus: 0.010
Output value -0.403

Q+ parameters
slope: 0.089 semiSat: 0.560 beta: 1.500 sigma: 0.114 
maxBOLD estimate = 1.479


Trial 21: random Stimulus Selection
Stimulus: 0.588
Output value 0.000

Q+ parameters
slope: 0.055 semiSat: 0.560 beta: 0.875 sigma: 0.166 
maxBOLD estimate = 2.218


Trial 22: random Stimulus Selection
Stimulus: 0.588
Output value 0.827

Q+ parameters
slope: 0.144 semiSat: 0.560 beta: 0.938 sigma: 0.166 
maxBOLD estimate = 1.941


Trial 23: random Stimulus Selection
Stimulus: 0.918
Output value 1.323

Q+ parameters
slope: 0.113 semiSat: 0.560 beta: 1.000 sigma: 0.166 
maxBOLD estimate = 1.819


Trial 24: random Stimulus Selection
Stimulus: 0.711
Output value 0.992

Q+ parameters
slope: 0.113 semiSat: 0.560 beta: 1.000 sigma: 0.166 
maxBOLD estimate = 1.819


Trial 25: maxBOLD Stimulus Selection
Stimulus: 1.000
Output value 1.654

Q+ parameters
slope: 0.113 semiSat: 0.560 beta: 1.000 sigma: 0.166 
maxBOLD estimate = 1.819


Trial 26: random Stimulus Selection
Stimulus: 0.051
Output value -0.331

Q+ parameters
slope: 0.113 semiSat: 0.560 beta: 1.000 sigma: 0.166 
maxBOLD estimate = 1.819


Trial 27: random Stimulus Selection
Stimulus: 0.299
Output value 0.165

Q+ parameters
slope: 0.113 semiSat: 0.560 beta: 1.000 sigma: 0.166 
maxBOLD estimate = 1.819


Trial 28: random Stimulus Selection
Stimulus: 0.959
Output value 0.930

Q+ parameters
slope: 0.144 semiSat: 0.560 beta: 0.938 sigma: 0.166 
maxBOLD estimate = 1.819


Trial 29: random Stimulus Selection
Stimulus: 0.134
Output value -0.310

Q+ parameters
slope: 0.113 semiSat: 0.560 beta: 1.000 sigma: 0.166 
maxBOLD estimate = 1.706


Trial 30: baseline Stimulus Selection
Stimulus: 0.010
Output value 0.000

Q+ parameters
slope: 0.113 semiSat: 0.560 beta: 1.000 sigma: 0.166 
maxBOLD estimate = 1.706

--------------------------------------------------------------
FINAL VALUES
--------------------------------------------------------------
Simulated parameters:              slope: 0.410 semiSat: 0.570 beta: 1.000 sigma: 0.150 
Max posterior QUEST+ parameters:   slope: 0.113 semiSat: 0.560 beta: 1.000 sigma: 0.166 
Max BADS parameters:               slope: 0.119 semiSat: 0.559 beta: 1.000 sigma: 0.148 
maxBOLD estimate: 1.710
