/blue/stevenweisberg/stevenweisberg/MATLAB/projects/Weisberg_Aguirre_2020/scripts/run_sims
c22a-s4.ufhpc
Fri Nov 13 23:33:10 EST 2020
mkdir: cannot create directory ‘/blue/stevenweisberg/stevenweisberg/qpfMRIResults/model_parameter_set1/’: File exists
cp: cannot stat ‘/blue/stevenweisberg/stevenweisberg/qpfMRIResults/deploy_sim.sh’: No such file or directory
cp: cannot stat ‘/blue/stevenweisberg/stevenweisberg/qpfMRIResults/sim_wrapper.sh’: No such file or directory
------------------------------------------
Setting up environment variables
---
LD_LIBRARY_PATH is .:/apps/matlab/mcr/2020b/v99/runtime/glnxa64:/apps/matlab/mcr/2020b/v99/bin/glnxa64:/apps/matlab/mcr/2020b/v99/sys/os/glnxa64:/apps/matlab/mcr/2020b/v99/sys/opengl/lib/glnxa64
Warning: Executing startup failed in matlabrc.
This indicates a potentially serious problem in your MATLAB setup, which should be resolved as soon as possible.  Error detected was:
MATLAB:mpath:PathAlterationNotSupported
Modifying the search path is not supported by MATLAB Compiler. Remove functions that modify the search path from your MATLAB code. To make files visible to your deployed application, add the parent folder to your MATLAB session.
Warning: No stimulus domain specified. Defaulting to values between 0.01 and 1.
> In qpfmriParams (line 182)
In compiledSimulate (line 205)
Stimulus domain added from input.
Parameter slope specified as 0.41000
Parameter semiSat specified as 0.57000
Parameter beta specified as 1.00000
Parameter sigma specified as 0.25000
seed = 99seed = 104seed = 111seed = 111seed = 115seed = 101Initializing Q+. This may take a minute...
Elapsed time is 9.754355 seconds.
Simulated parameters:
slope: 0.410 semiSat: 0.570 beta: 1.000 sigma: 0.250 

Trial 1: baseline Stimulus Selection
Stimulus: 0.010
Output value 0.000

Q+ parameters
slope: 0.026 semiSat: 0.890 beta: 0.500 sigma: 0.010 
maxBOLD estimate = 1.000


Trial 2: maxBOLD Stimulus Selection
Stimulus: 1.000
Output value 1.364

Q+ parameters
slope: 0.055 semiSat: 0.670 beta: 1.250 sigma: 0.010 
maxBOLD estimate = 1.000


Trial 3: baseline Stimulus Selection
Stimulus: 0.010
Output value -0.284

Q+ parameters
slope: 0.055 semiSat: 0.670 beta: 1.250 sigma: 0.166 
maxBOLD estimate = 1.250


Trial 4: maxBOLD Stimulus Selection
Stimulus: 1.000
Output value 1.065

Q+ parameters
slope: 0.055 semiSat: 0.670 beta: 1.250 sigma: 0.323 
maxBOLD estimate = 1.562


Trial 5: baseline Stimulus Selection
Stimulus: 0.010
Output value -0.222

Q+ parameters
slope: 0.043 semiSat: 0.780 beta: 1.250 sigma: 0.114 
maxBOLD estimate = 1.953


Trial 6: maxBOLD Stimulus Selection
Stimulus: 1.000
Output value 1.387

Q+ parameters
slope: 0.034 semiSat: 1.000 beta: 1.250 sigma: 0.114 
maxBOLD estimate = 2.441


Trial 7: qplus Stimulus Selection
Stimulus: 0.588
Output value 0.971

Q+ parameters
slope: 0.034 semiSat: 0.890 beta: 0.875 sigma: 0.114 
maxBOLD estimate = 3.052


Trial 8: qplus Stimulus Selection
Stimulus: 0.505
Output value -0.243

Q+ parameters
slope: 1.000 semiSat: 0.560 beta: 0.500 sigma: 0.114 
maxBOLD estimate = 2.670


Trial 9: qplus Stimulus Selection
Stimulus: 0.835
Output value 1.229

Q+ parameters
slope: 0.785 semiSat: 0.560 beta: 1.125 sigma: 0.166 
maxBOLD estimate = 1.335


Trial 10: baseline Stimulus Selection
Stimulus: 0.010
Output value -0.307

Q+ parameters
slope: 0.785 semiSat: 0.560 beta: 1.125 sigma: 0.166 
maxBOLD estimate = 1.502


Trial 11: qplus Stimulus Selection
Stimulus: 0.629
Output value 0.672

Q+ parameters
slope: 0.616 semiSat: 0.560 beta: 0.875 sigma: 0.166 
maxBOLD estimate = 1.690


Trial 12: qplus Stimulus Selection
Stimulus: 0.629
Output value 1.680

Q+ parameters
slope: 0.616 semiSat: 0.560 beta: 1.250 sigma: 0.218 
maxBOLD estimate = 1.479


Trial 13: qplus Stimulus Selection
Stimulus: 0.588
Output value 2.520

Q+ parameters
slope: 0.616 semiSat: 0.560 beta: 1.250 sigma: 0.323 
maxBOLD estimate = 1.848


Trial 14: qplus Stimulus Selection
Stimulus: 0.588
Output value 0.788

Q+ parameters
slope: 0.298 semiSat: 0.560 beta: 0.750 sigma: 0.114 
maxBOLD estimate = 2.310


Trial 15: maxBOLD Stimulus Selection
Stimulus: 1.000
Output value 1.181

Q+ parameters
slope: 1.000 semiSat: 0.560 beta: 0.938 sigma: 0.166 
maxBOLD estimate = 1.733


Trial 16: qplus Stimulus Selection
Stimulus: 0.588
Output value 0.332

Q+ parameters
slope: 0.379 semiSat: 0.560 beta: 1.125 sigma: 0.271 
maxBOLD estimate = 1.624


Trial 17: qplus Stimulus Selection
Stimulus: 0.670
Output value 0.685

Q+ parameters
slope: 0.616 semiSat: 0.560 beta: 1.031 sigma: 0.427 
maxBOLD estimate = 1.827


Trial 18: qplus Stimulus Selection
Stimulus: 0.629
Output value 0.771

Q+ parameters
slope: 0.616 semiSat: 0.560 beta: 0.750 sigma: 0.166 
maxBOLD estimate = 1.885


Trial 19: qplus Stimulus Selection
Stimulus: 0.629
Output value 0.273

Q+ parameters
slope: 0.183 semiSat: 0.560 beta: 1.062 sigma: 0.271 
maxBOLD estimate = 1.413


Trial 20: baseline Stimulus Selection
Stimulus: 0.010
Output value -0.341

Q+ parameters
slope: 0.616 semiSat: 0.560 beta: 1.250 sigma: 0.323 
maxBOLD estimate = 1.502


Trial 21: qplus Stimulus Selection
Stimulus: 0.588
Output value 0.896

Q+ parameters
slope: 0.113 semiSat: 0.560 beta: 0.875 sigma: 0.166 
maxBOLD estimate = 1.877


Trial 22: qplus Stimulus Selection
Stimulus: 0.629
Output value 1.904

Q+ parameters
slope: 0.379 semiSat: 0.560 beta: 1.062 sigma: 0.323 
maxBOLD estimate = 1.643


Trial 23: qplus Stimulus Selection
Stimulus: 0.505
Output value 0.491

Q+ parameters
slope: 1.000 semiSat: 0.560 beta: 1.031 sigma: 0.531 
maxBOLD estimate = 1.745


Trial 24: qplus Stimulus Selection
Stimulus: 0.505
Output value -0.286

Q+ parameters
slope: 0.616 semiSat: 0.560 beta: 0.875 sigma: 0.271 
maxBOLD estimate = 1.800


Trial 25: maxBOLD Stimulus Selection
Stimulus: 1.000
Output value 1.825

Q+ parameters
slope: 0.379 semiSat: 0.560 beta: 1.062 sigma: 0.271 
maxBOLD estimate = 1.575


Trial 26: qplus Stimulus Selection
Stimulus: 0.505
Output value 0.970

Q+ parameters
slope: 0.298 semiSat: 0.560 beta: 1.062 sigma: 0.218 
maxBOLD estimate = 1.673


Trial 27: qplus Stimulus Selection
Stimulus: 0.505
Output value -0.157

Q+ parameters
slope: 0.379 semiSat: 0.560 beta: 0.969 sigma: 0.218 
maxBOLD estimate = 1.778


Trial 28: qplus Stimulus Selection
Stimulus: 0.505
Output value -0.152

Q+ parameters
slope: 0.616 semiSat: 0.560 beta: 0.969 sigma: 0.271 
maxBOLD estimate = 1.722


Trial 29: qplus Stimulus Selection
Stimulus: 0.505
Output value 0.588

Q+ parameters
slope: 0.379 semiSat: 0.560 beta: 0.969 sigma: 0.218 
maxBOLD estimate = 1.668


Trial 30: baseline Stimulus Selection
Stimulus: 0.010
Output value -0.156

Q+ parameters
slope: 0.379 semiSat: 0.560 beta: 1.062 sigma: 0.271 
maxBOLD estimate = 1.616

--------------------------------------------------------------
FINAL VALUES
--------------------------------------------------------------
Simulated parameters:              slope: 0.410 semiSat: 0.570 beta: 1.000 sigma: 0.250 
Max posterior QUEST+ parameters:   slope: 0.379 semiSat: 0.560 beta: 0.969 sigma: 0.218 
Max BADS parameters:               slope: 0.381 semiSat: 0.562 beta: 1.000 sigma: 0.219 
maxBOLD estimate: 1.693
