/blue/stevenweisberg/stevenweisberg/MATLAB/projects/Weisberg_Aguirre_2020/scripts/run_sims
c2a-s22.ufhpc
Thu Nov 12 17:12:25 EST 2020
cp: cannot stat ‘/blue/stevenweisberg/stevenweisberg/qpfMRIResults/deploy_sim.sh’: No such file or directory
cp: cannot stat ‘/blue/stevenweisberg/stevenweisberg/qpfMRIResults/sim_wrapper.sh’: No such file or directory
------------------------------------------
Setting up environment variables
---
LD_LIBRARY_PATH is .:/apps/matlab/mcr/2020b/v99/runtime/glnxa64:/apps/matlab/mcr/2020b/v99/bin/glnxa64:/apps/matlab/mcr/2020b/v99/sys/os/glnxa64:/apps/matlab/mcr/2020b/v99/sys/opengl/lib/glnxa64
Warning: Executing startup failed in matlabrc.
This indicates a potentially serious problem in your MATLAB setup, which should be resolved as soon as possible.  Error detected was:
MATLAB:mpath:PathAlterationNotSupported
Modifying the search path is not supported by MATLAB Compiler. Remove functions that modify the search path from your MATLAB code. To make files visible to your deployed application, add the parent folder to your MATLAB session.
Warning: No stimulus domain specified. Defaulting to values between 0.01 and 1.
> In qpfmriParams (line 182)
In compiledSimulate (line 205)
Stimulus domain added from input.
Parameter slope specified as 0.41000
Parameter semiSat specified as 0.57000
Parameter beta specified as 1.00000
Parameter sigma specified as 0.25000
seed = 99seed = 104seed = 111seed = 111seed = 115seed = 101Initializing Q+. This may take a minute...
Elapsed time is 25.553267 seconds.
Simulated parameters:
slope: 0.410 semiSat: 0.570 beta: 1.000 sigma: 0.250 

Trial 1: baseline Stimulus Selection
Stimulus: 0.010
Output value 0.000

Q+ parameters
slope: 0.026 semiSat: 0.890 beta: 0.500 sigma: 0.010 
maxBOLD estimate = 1.000


Trial 2: maxBOLD Stimulus Selection
Stimulus: 1.000
Output value 1.364

Q+ parameters
slope: 0.055 semiSat: 0.670 beta: 1.250 sigma: 0.010 
maxBOLD estimate = 1.000


Trial 3: baseline Stimulus Selection
Stimulus: 0.010
Output value -0.284

Q+ parameters
slope: 0.055 semiSat: 0.670 beta: 1.250 sigma: 0.531 
maxBOLD estimate = 1.250


Trial 4: maxBOLD Stimulus Selection
Stimulus: 1.000
Output value 2.131

Q+ parameters
slope: 0.055 semiSat: 0.670 beta: 1.250 sigma: 0.166 
maxBOLD estimate = 1.562


Trial 5: baseline Stimulus Selection
Stimulus: 0.010
Output value 0.222

Q+ parameters
slope: 0.043 semiSat: 0.780 beta: 1.250 sigma: 0.166 
maxBOLD estimate = 1.953


Trial 6: maxBOLD Stimulus Selection
Stimulus: 1.000
Output value 0.583

Q+ parameters
slope: 0.034 semiSat: 0.890 beta: 0.875 sigma: 0.166 
maxBOLD estimate = 2.441


Trial 7: random Stimulus Selection
Stimulus: 0.134
Output value 0.291

Q+ parameters
slope: 0.144 semiSat: 0.230 beta: 0.750 sigma: 0.166 
maxBOLD estimate = 2.136


Trial 8: random Stimulus Selection
Stimulus: 1.000
Output value 1.475

Q+ parameters
slope: 0.055 semiSat: 0.780 beta: 1.125 sigma: 0.166 
maxBOLD estimate = 1.602


Trial 9: random Stimulus Selection
Stimulus: 0.423
Output value -0.328

Q+ parameters
slope: 0.089 semiSat: 0.780 beta: 1.000 sigma: 0.166 
maxBOLD estimate = 1.802


Trial 10: baseline Stimulus Selection
Stimulus: 0.010
Output value 1.229

Q+ parameters
slope: 0.089 semiSat: 0.890 beta: 1.500 sigma: 0.531 
maxBOLD estimate = 1.802


Trial 11: random Stimulus Selection
Stimulus: 0.340
Output value 0.492

Q+ parameters
slope: 0.055 semiSat: 1.000 beta: 1.000 sigma: 0.114 
maxBOLD estimate = 2.704


Trial 12: random Stimulus Selection
Stimulus: 0.546
Output value 0.492

Q+ parameters
slope: 0.055 semiSat: 1.000 beta: 1.000 sigma: 0.114 
maxBOLD estimate = 2.704


Trial 13: random Stimulus Selection
Stimulus: 0.423
Output value 0.369

Q+ parameters
slope: 0.183 semiSat: 0.560 beta: 0.500 sigma: 0.114 
maxBOLD estimate = 2.704


Trial 14: random Stimulus Selection
Stimulus: 0.423
Output value 1.106

Q+ parameters
slope: 0.055 semiSat: 0.780 beta: 1.500 sigma: 0.218 
maxBOLD estimate = 1.352


Trial 15: maxBOLD Stimulus Selection
Stimulus: 1.000
Output value 1.774

Q+ parameters
slope: 0.070 semiSat: 0.780 beta: 0.875 sigma: 0.166 
maxBOLD estimate = 2.028


Trial 16: random Stimulus Selection
Stimulus: 0.299
Output value -0.151

Q+ parameters
slope: 0.113 semiSat: 0.670 beta: 0.938 sigma: 0.166 
maxBOLD estimate = 1.774


Trial 17: random Stimulus Selection
Stimulus: 0.629
Output value 0.425

Q+ parameters
slope: 0.113 semiSat: 0.670 beta: 0.938 sigma: 0.166 
maxBOLD estimate = 1.663


Trial 18: random Stimulus Selection
Stimulus: 0.876
Output value 0.452

Q+ parameters
slope: 0.785 semiSat: 0.890 beta: 1.062 sigma: 0.218 
maxBOLD estimate = 1.559


Trial 19: random Stimulus Selection
Stimulus: 0.918
Output value 2.071

Q+ parameters
slope: 0.616 semiSat: 0.890 beta: 1.250 sigma: 0.218 
maxBOLD estimate = 1.657


Trial 20: baseline Stimulus Selection
Stimulus: 0.010
Output value -0.365

Q+ parameters
slope: 0.070 semiSat: 0.780 beta: 0.969 sigma: 0.166 
maxBOLD estimate = 2.071


Trial 21: random Stimulus Selection
Stimulus: 0.134
Output value -0.353

Q+ parameters
slope: 0.070 semiSat: 0.780 beta: 0.969 sigma: 0.166 
maxBOLD estimate = 2.006


Trial 22: random Stimulus Selection
Stimulus: 0.216
Output value -0.342

Q+ parameters
slope: 0.070 semiSat: 0.780 beta: 0.969 sigma: 0.166 
maxBOLD estimate = 1.944


Trial 23: random Stimulus Selection
Stimulus: 0.546
Output value 0.599

Q+ parameters
slope: 0.113 semiSat: 0.560 beta: 0.875 sigma: 0.166 
maxBOLD estimate = 1.883


Trial 24: random Stimulus Selection
Stimulus: 0.381
Output value 1.573

Q+ parameters
slope: 0.055 semiSat: 0.780 beta: 1.500 sigma: 0.218 
maxBOLD estimate = 1.648


Trial 25: maxBOLD Stimulus Selection
Stimulus: 1.000
Output value 1.622

Q+ parameters
slope: 0.055 semiSat: 0.890 beta: 1.031 sigma: 0.114 
maxBOLD estimate = 2.471


Trial 26: random Stimulus Selection
Stimulus: 0.010
Output value -0.434

Q+ parameters
slope: 0.043 semiSat: 0.780 beta: 0.938 sigma: 0.114 
maxBOLD estimate = 2.549


Trial 27: random Stimulus Selection
Stimulus: 0.629
Output value 0.448

Q+ parameters
slope: 0.055 semiSat: 0.890 beta: 1.031 sigma: 0.114 
maxBOLD estimate = 2.389


Trial 28: random Stimulus Selection
Stimulus: 0.381
Output value 0.434

Q+ parameters
slope: 0.043 semiSat: 0.780 beta: 0.969 sigma: 0.114 
maxBOLD estimate = 2.464


Trial 29: random Stimulus Selection
Stimulus: 0.794
Output value 0.814

Q+ parameters
slope: 0.055 semiSat: 0.670 beta: 0.750 sigma: 0.114 
maxBOLD estimate = 2.387


Trial 30: baseline Stimulus Selection
Stimulus: 0.010
Output value 0.000

Q+ parameters
slope: 0.113 semiSat: 0.560 beta: 0.875 sigma: 0.166 
maxBOLD estimate = 1.790

--------------------------------------------------------------
FINAL VALUES
--------------------------------------------------------------
Simulated parameters:              slope: 0.410 semiSat: 0.570 beta: 1.000 sigma: 0.250 
Max posterior QUEST+ parameters:   slope: 0.070 semiSat: 0.670 beta: 1.250 sigma: 0.218 
Max BADS parameters:               slope: 0.106 semiSat: 0.596 beta: 1.000 sigma: 0.190 
maxBOLD estimate: 1.598
