/blue/stevenweisberg/stevenweisberg/MATLAB/projects/Weisberg_Aguirre_2020/scripts/run_sims
c0700a-s1.ufhpc
Wed Apr  7 00:39:56 EDT 2021
mkdir: cannot create directory ‘/blue/stevenweisberg/stevenweisberg/qpfMRIResults/model_parameter_set2/’: File exists
cp: cannot stat ‘/blue/stevenweisberg/stevenweisberg/qpfMRIResults/deploy_sim.sh’: No such file or directory
cp: cannot stat ‘/blue/stevenweisberg/stevenweisberg/qpfMRIResults/sim_wrapper.sh’: No such file or directory
------------------------------------------
Setting up environment variables
---
LD_LIBRARY_PATH is .:/apps/matlab/mcr/2020b/v99/runtime/glnxa64:/apps/matlab/mcr/2020b/v99/bin/glnxa64:/apps/matlab/mcr/2020b/v99/sys/os/glnxa64:/apps/matlab/mcr/2020b/v99/sys/opengl/lib/glnxa64
Warning: Executing startup failed in matlabrc.
This indicates a potentially serious problem in your MATLAB setup, which should be resolved as soon as possible.  Error detected was:
MATLAB:mpath:PathAlterationNotSupported
Modifying the search path is not supported by MATLAB Compiler. Remove functions that modify the search path from your MATLAB code. To make files visible to your deployed application, add the parent folder to your MATLAB session.
Warning: No stimulus domain specified. Defaulting to values between 0.01 and 1.
> In qpfmriParams (line 182)
In compiledSimulate (line 205)
Stimulus domain added from input.
Parameter slope specified as 0.20000
Parameter semiSat specified as 0.57000
Parameter beta specified as 1.00000
Parameter sigma specified as 0.15000
seed = 99seed = 104seed = 111seed = 111seed = 115seed = 101Initializing Q+. This may take a minute...
Elapsed time is 6.514677 seconds.
Simulated parameters:
slope: 0.200 semiSat: 0.570 beta: 1.000 sigma: 0.150 

Trial 1: baseline Stimulus Selection
Stimulus: 0.010
Output value 0.000

Q+ parameters
slope: 0.026 semiSat: 0.890 beta: 0.500 sigma: 0.010 
maxBOLD estimate = 1.000


Trial 2: maxBOLD Stimulus Selection
Stimulus: 1.000
Output value 1.364

Q+ parameters
slope: 0.055 semiSat: 0.670 beta: 1.250 sigma: 0.010 
maxBOLD estimate = 1.000


Trial 3: baseline Stimulus Selection
Stimulus: 0.010
Output value 0.256

Q+ parameters
slope: 0.043 semiSat: 0.780 beta: 1.125 sigma: 0.114 
maxBOLD estimate = 1.250


Trial 4: maxBOLD Stimulus Selection
Stimulus: 1.000
Output value 1.726

Q+ parameters
slope: 0.055 semiSat: 0.670 beta: 1.125 sigma: 0.114 
maxBOLD estimate = 1.406


Trial 5: baseline Stimulus Selection
Stimulus: 0.010
Output value 0.000

Q+ parameters
slope: 0.043 semiSat: 0.780 beta: 1.125 sigma: 0.062 
maxBOLD estimate = 1.582


Trial 6: maxBOLD Stimulus Selection
Stimulus: 1.000
Output value 1.011

Q+ parameters
slope: 0.034 semiSat: 1.000 beta: 1.250 sigma: 0.062 
maxBOLD estimate = 1.780


Trial 7: qplus Stimulus Selection
Stimulus: 0.711
Output value 0.910

Q+ parameters
slope: 0.785 semiSat: 0.120 beta: 0.500 sigma: 0.114 
maxBOLD estimate = 2.225


Trial 8: qplus Stimulus Selection
Stimulus: 0.381
Output value -0.228

Q+ parameters
slope: 0.183 semiSat: 0.560 beta: 1.125 sigma: 0.114 
maxBOLD estimate = 1.112


Trial 9: qplus Stimulus Selection
Stimulus: 0.546
Output value 0.331

Q+ parameters
slope: 0.616 semiSat: 0.560 beta: 0.969 sigma: 0.062 
maxBOLD estimate = 1.251


Trial 10: baseline Stimulus Selection
Stimulus: 0.010
Output value -0.248

Q+ parameters
slope: 0.183 semiSat: 0.560 beta: 1.125 sigma: 0.114 
maxBOLD estimate = 1.212


Trial 11: qplus Stimulus Selection
Stimulus: 0.588
Output value 0.895

Q+ parameters
slope: 0.183 semiSat: 0.560 beta: 1.031 sigma: 0.114 
maxBOLD estimate = 1.364


Trial 12: qplus Stimulus Selection
Stimulus: 0.505
Output value -0.224

Q+ parameters
slope: 0.616 semiSat: 0.560 beta: 0.875 sigma: 0.114 
maxBOLD estimate = 1.406


Trial 13: qplus Stimulus Selection
Stimulus: 0.629
Output value 0.503

Q+ parameters
slope: 0.113 semiSat: 0.670 beta: 1.500 sigma: 0.114 
maxBOLD estimate = 1.231


Trial 14: qplus Stimulus Selection
Stimulus: 0.629
Output value 0.734

Q+ parameters
slope: 0.113 semiSat: 0.670 beta: 0.875 sigma: 0.114 
maxBOLD estimate = 1.846


Trial 15: maxBOLD Stimulus Selection
Stimulus: 1.000
Output value 1.423

Q+ parameters
slope: 0.113 semiSat: 0.670 beta: 0.969 sigma: 0.114 
maxBOLD estimate = 1.615


Trial 16: qplus Stimulus Selection
Stimulus: 0.629
Output value 1.707

Q+ parameters
slope: 0.144 semiSat: 0.670 beta: 1.500 sigma: 0.166 
maxBOLD estimate = 1.565


Trial 17: qplus Stimulus Selection
Stimulus: 0.588
Output value 0.640

Q+ parameters
slope: 0.055 semiSat: 0.670 beta: 0.750 sigma: 0.114 
maxBOLD estimate = 2.347


Trial 18: qplus Stimulus Selection
Stimulus: 0.959
Output value 1.650

Q+ parameters
slope: 0.070 semiSat: 0.670 beta: 0.938 sigma: 0.114 
maxBOLD estimate = 1.760


Trial 19: qplus Stimulus Selection
Stimulus: 0.711
Output value 2.475

Q+ parameters
slope: 0.113 semiSat: 0.670 beta: 1.500 sigma: 0.114 
maxBOLD estimate = 1.650


Trial 20: baseline Stimulus Selection
Stimulus: 0.010
Output value 0.113

Q+ parameters
slope: 0.183 semiSat: 0.560 beta: 0.500 sigma: 0.114 
maxBOLD estimate = 2.475


Trial 21: qplus Stimulus Selection
Stimulus: 1.000
Output value 2.025

Q+ parameters
slope: 0.144 semiSat: 0.670 beta: 1.500 sigma: 0.166 
maxBOLD estimate = 1.238


Trial 22: qplus Stimulus Selection
Stimulus: 0.588
Output value 1.139

Q+ parameters
slope: 0.183 semiSat: 0.560 beta: 0.750 sigma: 0.166 
maxBOLD estimate = 1.857


Trial 23: qplus Stimulus Selection
Stimulus: 0.629
Output value 1.614

Q+ parameters
slope: 0.183 semiSat: 0.560 beta: 1.062 sigma: 0.218 
maxBOLD estimate = 1.392


Trial 24: qplus Stimulus Selection
Stimulus: 0.423
Output value 0.403

Q+ parameters
slope: 0.113 semiSat: 0.670 beta: 1.500 sigma: 0.166 
maxBOLD estimate = 1.479


Trial 25: maxBOLD Stimulus Selection
Stimulus: 1.000
Output value 1.513

Q+ parameters
slope: 0.089 semiSat: 0.560 beta: 0.750 sigma: 0.114 
maxBOLD estimate = 2.219


Trial 26: qplus Stimulus Selection
Stimulus: 0.711
Output value 2.270

Q+ parameters
slope: 0.113 semiSat: 0.670 beta: 1.500 sigma: 0.166 
maxBOLD estimate = 1.664


Trial 27: qplus Stimulus Selection
Stimulus: 0.629
Output value 0.567

Q+ parameters
slope: 1.000 semiSat: 0.560 beta: 0.500 sigma: 0.114 
maxBOLD estimate = 2.497


Trial 28: qplus Stimulus Selection
Stimulus: 0.505
Output value 0.766

Q+ parameters
slope: 0.183 semiSat: 0.560 beta: 1.125 sigma: 0.166 
maxBOLD estimate = 1.248


Trial 29: qplus Stimulus Selection
Stimulus: 0.505
Output value 0.543

Q+ parameters
slope: 0.183 semiSat: 0.560 beta: 1.062 sigma: 0.166 
maxBOLD estimate = 1.404


Trial 30: baseline Stimulus Selection
Stimulus: 0.010
Output value 0.131

Q+ parameters
slope: 0.298 semiSat: 0.560 beta: 0.969 sigma: 0.166 
maxBOLD estimate = 1.492


Trial 31: qplus Stimulus Selection
Stimulus: 0.505
Output value 0.558

Q+ parameters
slope: 0.183 semiSat: 0.560 beta: 1.062 sigma: 0.166 
maxBOLD estimate = 1.446


Trial 32: qplus Stimulus Selection
Stimulus: 0.505
Output value 0.406

Q+ parameters
slope: 0.183 semiSat: 0.560 beta: 0.969 sigma: 0.166 
maxBOLD estimate = 1.536


Trial 33: qplus Stimulus Selection
Stimulus: 0.505
Output value -0.262

Q+ parameters
slope: 0.298 semiSat: 0.560 beta: 0.969 sigma: 0.166 
maxBOLD estimate = 1.488


Trial 34: qplus Stimulus Selection
Stimulus: 0.629
Output value 0.889

Q+ parameters
slope: 0.298 semiSat: 0.560 beta: 0.969 sigma: 0.166 
maxBOLD estimate = 1.441


Trial 35: maxBOLD Stimulus Selection
Stimulus: 1.000
Output value 1.618

Q+ parameters
slope: 0.183 semiSat: 0.560 beta: 1.062 sigma: 0.166 
maxBOLD estimate = 1.396


Trial 36: qplus Stimulus Selection
Stimulus: 0.505
Output value 0.392

Q+ parameters
slope: 0.298 semiSat: 0.560 beta: 0.969 sigma: 0.166 
maxBOLD estimate = 1.484


Trial 37: qplus Stimulus Selection
Stimulus: 0.629
Output value 1.527

Q+ parameters
slope: 0.183 semiSat: 0.560 beta: 1.062 sigma: 0.166 
maxBOLD estimate = 1.437


Trial 38: qplus Stimulus Selection
Stimulus: 0.505
Output value 1.032

Q+ parameters
slope: 0.183 semiSat: 0.560 beta: 1.062 sigma: 0.166 
maxBOLD estimate = 1.527


Trial 39: qplus Stimulus Selection
Stimulus: 0.505
Output value 0.714

Q+ parameters
slope: 0.183 semiSat: 0.560 beta: 0.969 sigma: 0.166 
maxBOLD estimate = 1.622


Trial 40: baseline Stimulus Selection
Stimulus: 0.010
Output value 0.138

Q+ parameters
slope: 0.183 semiSat: 0.560 beta: 0.969 sigma: 0.166 
maxBOLD estimate = 1.572


Trial 41: qplus Stimulus Selection
Stimulus: 0.629
Output value 1.030

Q+ parameters
slope: 0.183 semiSat: 0.560 beta: 1.062 sigma: 0.166 
maxBOLD estimate = 1.523


Trial 42: qplus Stimulus Selection
Stimulus: 0.505
Output value 0.142

Q+ parameters
slope: 0.183 semiSat: 0.560 beta: 0.969 sigma: 0.166 
maxBOLD estimate = 1.618


Trial 43: qplus Stimulus Selection
Stimulus: 0.629
Output value 1.362

Q+ parameters
slope: 0.183 semiSat: 0.560 beta: 1.062 sigma: 0.166 
maxBOLD estimate = 1.567


Trial 44: qplus Stimulus Selection
Stimulus: 0.505
Output value 0.293

Q+ parameters
slope: 0.183 semiSat: 0.560 beta: 0.969 sigma: 0.166 
maxBOLD estimate = 1.665


Trial 45: maxBOLD Stimulus Selection
Stimulus: 1.000
Output value 1.705

Q+ parameters
slope: 0.183 semiSat: 0.560 beta: 0.969 sigma: 0.166 
maxBOLD estimate = 1.613


Trial 46: qplus Stimulus Selection
Stimulus: 0.505
Output value 0.604

Q+ parameters
slope: 0.183 semiSat: 0.560 beta: 1.062 sigma: 0.166 
maxBOLD estimate = 1.563


Trial 47: qplus Stimulus Selection
Stimulus: 0.505
Output value 0.585

Q+ parameters
slope: 0.183 semiSat: 0.560 beta: 0.969 sigma: 0.166 
maxBOLD estimate = 1.660


Trial 48: qplus Stimulus Selection
Stimulus: 0.629
Output value 0.708

Q+ parameters
slope: 0.183 semiSat: 0.560 beta: 0.969 sigma: 0.166 
maxBOLD estimate = 1.609


Trial 49: qplus Stimulus Selection
Stimulus: 0.629
Output value 1.204

Q+ parameters
slope: 0.183 semiSat: 0.560 beta: 1.062 sigma: 0.166 
maxBOLD estimate = 1.558


Trial 50: baseline Stimulus Selection
Stimulus: 0.010
Output value 0.000

Q+ parameters
slope: 0.183 semiSat: 0.560 beta: 0.969 sigma: 0.166 
maxBOLD estimate = 1.656


Trial 51: qplus Stimulus Selection
Stimulus: 0.588
Output value 0.848

Q+ parameters
slope: 0.183 semiSat: 0.560 beta: 0.969 sigma: 0.166 
maxBOLD estimate = 1.604


Trial 52: qplus Stimulus Selection
Stimulus: 0.670
Output value 1.501

Q+ parameters
slope: 0.183 semiSat: 0.560 beta: 1.062 sigma: 0.166 
maxBOLD estimate = 1.554


Trial 53: qplus Stimulus Selection
Stimulus: 0.505
Output value 0.145

Q+ parameters
slope: 0.183 semiSat: 0.560 beta: 0.969 sigma: 0.166 
maxBOLD estimate = 1.651


Trial 54: qplus Stimulus Selection
Stimulus: 0.629
Output value 0.845

Q+ parameters
slope: 0.183 semiSat: 0.560 beta: 0.969 sigma: 0.166 
maxBOLD estimate = 1.599


Trial 55: maxBOLD Stimulus Selection
Stimulus: 1.000
Output value 1.796

Q+ parameters
slope: 0.183 semiSat: 0.560 beta: 1.062 sigma: 0.166 
maxBOLD estimate = 1.549


Trial 56: qplus Stimulus Selection
Stimulus: 0.505
Output value 0.145

Q+ parameters
slope: 0.183 semiSat: 0.560 beta: 0.969 sigma: 0.166 
maxBOLD estimate = 1.646


Trial 57: qplus Stimulus Selection
Stimulus: 0.629
Output value 1.124

Q+ parameters
slope: 0.183 semiSat: 0.560 beta: 0.969 sigma: 0.166 
maxBOLD estimate = 1.595


Trial 58: qplus Stimulus Selection
Stimulus: 0.505
Output value 0.149

Q+ parameters
slope: 0.183 semiSat: 0.560 beta: 1.062 sigma: 0.166 
maxBOLD estimate = 1.545


Trial 59: qplus Stimulus Selection
Stimulus: 0.505
Output value -0.289

Q+ parameters
slope: 0.298 semiSat: 0.560 beta: 0.969 sigma: 0.166 
maxBOLD estimate = 1.641


Trial 60: baseline Stimulus Selection
Stimulus: 0.010
Output value -0.140

Q+ parameters
slope: 0.298 semiSat: 0.560 beta: 0.969 sigma: 0.166 
maxBOLD estimate = 1.590


Trial 61: qplus Stimulus Selection
Stimulus: 0.505
Output value 0.000

Q+ parameters
slope: 0.183 semiSat: 0.560 beta: 1.062 sigma: 0.166 
maxBOLD estimate = 1.541


Trial 62: qplus Stimulus Selection
Stimulus: 0.505
Output value 0.144

Q+ parameters
slope: 0.298 semiSat: 0.560 beta: 0.969 sigma: 0.166 
maxBOLD estimate = 1.637


Trial 63: qplus Stimulus Selection
Stimulus: 0.546
Output value 0.419

Q+ parameters
slope: 0.298 semiSat: 0.560 beta: 0.969 sigma: 0.166 
maxBOLD estimate = 1.586


Trial 64: qplus Stimulus Selection
Stimulus: 0.546
Output value 0.445

Q+ parameters
slope: 0.183 semiSat: 0.560 beta: 1.062 sigma: 0.166 
maxBOLD estimate = 1.536


Trial 65: maxBOLD Stimulus Selection
Stimulus: 1.000
Output value 1.725

Q+ parameters
slope: 0.298 semiSat: 0.560 beta: 0.969 sigma: 0.166 
maxBOLD estimate = 1.632


Trial 66: qplus Stimulus Selection
Stimulus: 0.670
Output value 1.680

Q+ parameters
slope: 0.183 semiSat: 0.560 beta: 1.062 sigma: 0.166 
maxBOLD estimate = 1.581


Trial 67: qplus Stimulus Selection
Stimulus: 0.546
Output value 0.740

Q+ parameters
slope: 0.298 semiSat: 0.560 beta: 0.969 sigma: 0.166 
maxBOLD estimate = 1.680


Trial 68: qplus Stimulus Selection
Stimulus: 0.629
Output value 1.433

Q+ parameters
slope: 0.298 semiSat: 0.560 beta: 0.969 sigma: 0.166 
maxBOLD estimate = 1.627


Trial 69: qplus Stimulus Selection
Stimulus: 0.546
Output value 1.523

Q+ parameters
slope: 0.183 semiSat: 0.560 beta: 1.062 sigma: 0.166 
maxBOLD estimate = 1.577


Trial 70: baseline Stimulus Selection
Stimulus: 0.010
Output value -0.157

Q+ parameters
slope: 0.234 semiSat: 0.560 beta: 1.031 sigma: 0.166 
maxBOLD estimate = 1.675


Trial 71: qplus Stimulus Selection
Stimulus: 0.670
Output value 1.521

Q+ parameters
slope: 0.298 semiSat: 0.560 beta: 0.969 sigma: 0.166 
maxBOLD estimate = 1.727


Trial 72: qplus Stimulus Selection
Stimulus: 0.588
Output value 1.412

Q+ parameters
slope: 0.234 semiSat: 0.560 beta: 1.031 sigma: 0.166 
maxBOLD estimate = 1.673


Trial 73: qplus Stimulus Selection
Stimulus: 0.546
Output value 1.618

Q+ parameters
slope: 0.234 semiSat: 0.560 beta: 1.031 sigma: 0.166 
maxBOLD estimate = 1.726


Trial 74: qplus Stimulus Selection
Stimulus: 0.670
Output value 1.274

Q+ parameters
slope: 0.234 semiSat: 0.560 beta: 0.875 sigma: 0.166 
maxBOLD estimate = 1.780


Trial 75: maxBOLD Stimulus Selection
Stimulus: 1.000
Output value 1.655

Q+ parameters
slope: 0.183 semiSat: 0.560 beta: 1.062 sigma: 0.166 
maxBOLD estimate = 1.557


Trial 76: qplus Stimulus Selection
Stimulus: 0.505
Output value 0.776

Q+ parameters
slope: 0.234 semiSat: 0.560 beta: 1.031 sigma: 0.166 
maxBOLD estimate = 1.655


Trial 77: qplus Stimulus Selection
Stimulus: 0.670
Output value 1.760

Q+ parameters
slope: 0.234 semiSat: 0.560 beta: 1.031 sigma: 0.166 
maxBOLD estimate = 1.706


Trial 78: qplus Stimulus Selection
Stimulus: 0.670
Output value 1.085

Q+ parameters
slope: 0.183 semiSat: 0.560 beta: 0.969 sigma: 0.166 
maxBOLD estimate = 1.760


Trial 79: qplus Stimulus Selection
Stimulus: 0.670
Output value 1.395

Q+ parameters
slope: 0.234 semiSat: 0.560 beta: 1.000 sigma: 0.166 
maxBOLD estimate = 1.705


Trial 80: baseline Stimulus Selection
Stimulus: 0.010
Output value 0.310

Q+ parameters
slope: 0.234 semiSat: 0.560 beta: 1.000 sigma: 0.166 
maxBOLD estimate = 1.705


Trial 81: qplus Stimulus Selection
Stimulus: 0.670
Output value 1.240

Q+ parameters
slope: 0.234 semiSat: 0.560 beta: 1.000 sigma: 0.166 
maxBOLD estimate = 1.705


Trial 82: qplus Stimulus Selection
Stimulus: 0.670
Output value 1.705

Q+ parameters
slope: 0.234 semiSat: 0.560 beta: 1.000 sigma: 0.166 
maxBOLD estimate = 1.705


Trial 83: qplus Stimulus Selection
Stimulus: 0.670
Output value 1.550

Q+ parameters
slope: 0.234 semiSat: 0.560 beta: 1.000 sigma: 0.166 
maxBOLD estimate = 1.705


Trial 84: qplus Stimulus Selection
Stimulus: 0.670
Output value 1.918

Q+ parameters
slope: 0.234 semiSat: 0.560 beta: 1.031 sigma: 0.166 
maxBOLD estimate = 1.705


Trial 85: maxBOLD Stimulus Selection
Stimulus: 1.000
Output value 1.548

Q+ parameters
slope: 0.234 semiSat: 0.560 beta: 0.969 sigma: 0.166 
maxBOLD estimate = 1.758


Trial 86: qplus Stimulus Selection
Stimulus: 0.546
Output value 0.958

Q+ parameters
slope: 0.234 semiSat: 0.560 beta: 1.031 sigma: 0.166 
maxBOLD estimate = 1.703


Trial 87: qplus Stimulus Selection
Stimulus: 0.670
Output value 1.237

Q+ parameters
slope: 0.234 semiSat: 0.560 beta: 0.969 sigma: 0.166 
maxBOLD estimate = 1.756


Trial 88: qplus Stimulus Selection
Stimulus: 0.546
Output value 0.478

Q+ parameters
slope: 0.234 semiSat: 0.560 beta: 1.031 sigma: 0.166 
maxBOLD estimate = 1.701


Trial 89: qplus Stimulus Selection
Stimulus: 0.546
Output value 0.927

Q+ parameters
slope: 0.234 semiSat: 0.560 beta: 0.969 sigma: 0.166 
maxBOLD estimate = 1.754


Trial 90: baseline Stimulus Selection
Stimulus: 0.010
Output value -0.319

Q+ parameters
slope: 0.234 semiSat: 0.560 beta: 1.031 sigma: 0.166 
maxBOLD estimate = 1.700


Trial 91: qplus Stimulus Selection
Stimulus: 0.670
Output value 1.643

Q+ parameters
slope: 0.234 semiSat: 0.560 beta: 1.031 sigma: 0.166 
maxBOLD estimate = 1.753


Trial 92: qplus Stimulus Selection
Stimulus: 0.546
Output value 0.719

Q+ parameters
slope: 0.234 semiSat: 0.560 beta: 0.875 sigma: 0.114 
maxBOLD estimate = 1.807


Trial 93: qplus Stimulus Selection
Stimulus: 0.546
Output value 0.741

Q+ parameters
slope: 0.234 semiSat: 0.560 beta: 1.031 sigma: 0.166 
maxBOLD estimate = 1.582


Trial 94: qplus Stimulus Selection
Stimulus: 0.505
Output value 0.306

Q+ parameters
slope: 0.234 semiSat: 0.560 beta: 1.031 sigma: 0.166 
maxBOLD estimate = 1.631


Trial 95: maxBOLD Stimulus Selection
Stimulus: 1.000
Output value 1.892

Q+ parameters
slope: 0.234 semiSat: 0.560 beta: 1.031 sigma: 0.166 
maxBOLD estimate = 1.682


Trial 96: qplus Stimulus Selection
Stimulus: 0.670
Output value 1.138

Q+ parameters
slope: 0.234 semiSat: 0.560 beta: 1.031 sigma: 0.166 
maxBOLD estimate = 1.734


Trial 97: qplus Stimulus Selection
Stimulus: 0.670
Output value 0.996

Q+ parameters
slope: 0.234 semiSat: 0.560 beta: 0.875 sigma: 0.114 
maxBOLD estimate = 1.789


Trial 98: qplus Stimulus Selection
Stimulus: 0.546
Output value 0.734

Q+ parameters
slope: 0.234 semiSat: 0.560 beta: 1.031 sigma: 0.166 
maxBOLD estimate = 1.565


Trial 99: qplus Stimulus Selection
Stimulus: 0.505
Output value 0.303

Q+ parameters
slope: 0.234 semiSat: 0.560 beta: 1.031 sigma: 0.166 
maxBOLD estimate = 1.614


Trial 100: baseline Stimulus Selection
Stimulus: 0.010
Output value 0.156

Q+ parameters
slope: 0.234 semiSat: 0.560 beta: 1.031 sigma: 0.166 
maxBOLD estimate = 1.664

--------------------------------------------------------------
FINAL VALUES
--------------------------------------------------------------
Simulated parameters:              slope: 0.200 semiSat: 0.570 beta: 1.000 sigma: 0.150 
Max posterior QUEST+ parameters:   slope: 0.234 semiSat: 0.560 beta: 0.875 sigma: 0.114 
Max BADS parameters:               slope: 0.164 semiSat: 0.587 beta: 1.000 sigma: 0.130 
maxBOLD estimate: 1.780
