/blue/stevenweisberg/stevenweisberg/MATLAB/projects/Weisberg_Aguirre_2020/scripts/run_sims
c29a-s23.ufhpc
Fri Nov 13 21:18:14 EST 2020
mkdir: cannot create directory ‘/blue/stevenweisberg/stevenweisberg/qpfMRIResults/model_parameter_set1/’: File exists
cp: cannot stat ‘/blue/stevenweisberg/stevenweisberg/qpfMRIResults/deploy_sim.sh’: No such file or directory
cp: cannot stat ‘/blue/stevenweisberg/stevenweisberg/qpfMRIResults/sim_wrapper.sh’: No such file or directory
------------------------------------------
Setting up environment variables
---
LD_LIBRARY_PATH is .:/apps/matlab/mcr/2020b/v99/runtime/glnxa64:/apps/matlab/mcr/2020b/v99/bin/glnxa64:/apps/matlab/mcr/2020b/v99/sys/os/glnxa64:/apps/matlab/mcr/2020b/v99/sys/opengl/lib/glnxa64
Warning: Executing startup failed in matlabrc.
This indicates a potentially serious problem in your MATLAB setup, which should be resolved as soon as possible.  Error detected was:
MATLAB:mpath:PathAlterationNotSupported
Modifying the search path is not supported by MATLAB Compiler. Remove functions that modify the search path from your MATLAB code. To make files visible to your deployed application, add the parent folder to your MATLAB session.
Warning: No stimulus domain specified. Defaulting to values between 0.01 and 1.
> In qpfmriParams (line 182)
In compiledSimulate (line 205)
Stimulus domain added from input.
Parameter slope specified as 0.41000
Parameter semiSat specified as 0.57000
Parameter beta specified as 1.00000
Parameter sigma specified as 0.25000
seed = 99seed = 104seed = 111seed = 111seed = 115seed = 101Initializing Q+. This may take a minute...
Elapsed time is 9.651487 seconds.
Simulated parameters:
slope: 0.410 semiSat: 0.570 beta: 1.000 sigma: 0.250 

Trial 1: baseline Stimulus Selection
Stimulus: 0.010
Output value 0.000

Q+ parameters
slope: 0.026 semiSat: 0.890 beta: 0.500 sigma: 0.010 
maxBOLD estimate = 1.000


Trial 2: maxBOLD Stimulus Selection
Stimulus: 1.000
Output value 1.364

Q+ parameters
slope: 0.055 semiSat: 0.670 beta: 1.250 sigma: 0.010 
maxBOLD estimate = 1.000


Trial 3: baseline Stimulus Selection
Stimulus: 0.010
Output value 0.284

Q+ parameters
slope: 0.055 semiSat: 0.670 beta: 1.250 sigma: 0.114 
maxBOLD estimate = 1.250


Trial 4: maxBOLD Stimulus Selection
Stimulus: 1.000
Output value 0.639

Q+ parameters
slope: 0.055 semiSat: 0.670 beta: 1.125 sigma: 0.531 
maxBOLD estimate = 1.562


Trial 5: baseline Stimulus Selection
Stimulus: 0.010
Output value -0.400

Q+ parameters
slope: 0.055 semiSat: 0.670 beta: 1.250 sigma: 0.114 
maxBOLD estimate = 1.758


Trial 6: maxBOLD Stimulus Selection
Stimulus: 1.000
Output value 2.697

Q+ parameters
slope: 0.055 semiSat: 0.670 beta: 1.125 sigma: 0.114 
maxBOLD estimate = 2.197


Trial 7: qplus Stimulus Selection
Stimulus: 0.505
Output value -0.506

Q+ parameters
slope: 0.089 semiSat: 0.890 beta: 1.125 sigma: 0.114 
maxBOLD estimate = 2.472


Trial 8: qplus Stimulus Selection
Stimulus: 0.711
Output value 0.758

Q+ parameters
slope: 0.113 semiSat: 0.780 beta: 0.750 sigma: 0.114 
maxBOLD estimate = 2.781


Trial 9: qplus Stimulus Selection
Stimulus: 0.835
Output value -0.403

Q+ parameters
slope: 0.616 semiSat: 0.890 beta: 1.062 sigma: 0.166 
maxBOLD estimate = 2.086


Trial 10: baseline Stimulus Selection
Stimulus: 0.010
Output value 0.353

Q+ parameters
slope: 0.616 semiSat: 0.890 beta: 0.875 sigma: 0.166 
maxBOLD estimate = 2.216


Trial 11: qplus Stimulus Selection
Stimulus: 0.959
Output value 1.686

Q+ parameters
slope: 0.379 semiSat: 0.890 beta: 1.062 sigma: 0.166 
maxBOLD estimate = 1.939


Trial 12: qplus Stimulus Selection
Stimulus: 0.835
Output value 0.386

Q+ parameters
slope: 0.234 semiSat: 0.890 beta: 1.031 sigma: 0.166 
maxBOLD estimate = 2.060


Trial 13: qplus Stimulus Selection
Stimulus: 0.959
Output value 1.793

Q+ parameters
slope: 0.234 semiSat: 0.890 beta: 1.031 sigma: 0.166 
maxBOLD estimate = 2.125


Trial 14: qplus Stimulus Selection
Stimulus: 0.835
Output value -0.598

Q+ parameters
slope: 0.234 semiSat: 1.000 beta: 1.500 sigma: 0.166 
maxBOLD estimate = 2.191


Trial 15: maxBOLD Stimulus Selection
Stimulus: 1.000
Output value 1.494

Q+ parameters
slope: 0.113 semiSat: 1.000 beta: 1.000 sigma: 0.114 
maxBOLD estimate = 3.287


Trial 16: qplus Stimulus Selection
Stimulus: 0.918
Output value 0.000

Q+ parameters
slope: 0.234 semiSat: 1.000 beta: 1.000 sigma: 0.114 
maxBOLD estimate = 3.287


Trial 17: qplus Stimulus Selection
Stimulus: 0.959
Output value 0.896

Q+ parameters
slope: 0.234 semiSat: 1.000 beta: 1.000 sigma: 0.114 
maxBOLD estimate = 3.287


Trial 18: qplus Stimulus Selection
Stimulus: 0.918
Output value 1.307

Q+ parameters
slope: 0.070 semiSat: 1.000 beta: 0.875 sigma: 0.114 
maxBOLD estimate = 3.287


Trial 19: qplus Stimulus Selection
Stimulus: 0.918
Output value -0.327

Q+ parameters
slope: 0.183 semiSat: 1.000 beta: 1.250 sigma: 0.114 
maxBOLD estimate = 2.876


Trial 20: baseline Stimulus Selection
Stimulus: 0.010
Output value -0.654

Q+ parameters
slope: 0.183 semiSat: 1.000 beta: 1.000 sigma: 0.114 
maxBOLD estimate = 3.595


Trial 21: qplus Stimulus Selection
Stimulus: 0.876
Output value 1.430

Q+ parameters
slope: 0.070 semiSat: 1.000 beta: 0.875 sigma: 0.114 
maxBOLD estimate = 3.595


Trial 22: qplus Stimulus Selection
Stimulus: 0.876
Output value 1.430

Q+ parameters
slope: 0.113 semiSat: 1.000 beta: 1.250 sigma: 0.114 
maxBOLD estimate = 3.145


Trial 23: qplus Stimulus Selection
Stimulus: 0.876
Output value 0.625

Q+ parameters
slope: 0.089 semiSat: 1.000 beta: 0.875 sigma: 0.062 
maxBOLD estimate = 3.932


Trial 24: qplus Stimulus Selection
Stimulus: 0.876
Output value 0.000

Q+ parameters
slope: 0.089 semiSat: 1.000 beta: 0.875 sigma: 0.114 
maxBOLD estimate = 3.440


Trial 25: maxBOLD Stimulus Selection
Stimulus: 1.000
Output value 0.291

Q+ parameters
slope: 0.113 semiSat: 1.000 beta: 1.062 sigma: 0.114 
maxBOLD estimate = 3.010


Trial 26: qplus Stimulus Selection
Stimulus: 0.918
Output value 0.000

Q+ parameters
slope: 0.089 semiSat: 1.000 beta: 0.875 sigma: 0.114 
maxBOLD estimate = 3.198


Trial 27: qplus Stimulus Selection
Stimulus: 1.000
Output value 0.000

Q+ parameters
slope: 0.070 semiSat: 1.000 beta: 0.875 sigma: 0.166 
maxBOLD estimate = 2.798


Trial 28: qplus Stimulus Selection
Stimulus: 0.959
Output value 0.000

Q+ parameters
slope: 0.113 semiSat: 1.000 beta: 1.250 sigma: 0.166 
maxBOLD estimate = 2.449


Trial 29: qplus Stimulus Selection
Stimulus: 0.918
Output value 1.704

Q+ parameters
slope: 0.089 semiSat: 1.000 beta: 0.875 sigma: 0.166 
maxBOLD estimate = 3.061


Trial 30: baseline Stimulus Selection
Stimulus: 0.010
Output value 0.259

Q+ parameters
slope: 0.113 semiSat: 1.000 beta: 1.062 sigma: 0.166 
maxBOLD estimate = 2.678

--------------------------------------------------------------
FINAL VALUES
--------------------------------------------------------------
Simulated parameters:              slope: 0.410 semiSat: 0.570 beta: 1.000 sigma: 0.250 
Max posterior QUEST+ parameters:   slope: 0.089 semiSat: 1.000 beta: 0.875 sigma: 0.114 
Max BADS parameters:               slope: 0.179 semiSat: 0.987 beta: 1.000 sigma: 0.134 
maxBOLD estimate: 2.954
