/blue/stevenweisberg/stevenweisberg/MATLAB/projects/Weisberg_Aguirre_2020/scripts/run_sims
c0704a-s2.ufhpc
Wed Apr  7 09:22:19 EDT 2021
mkdir: cannot create directory ‘/blue/stevenweisberg/stevenweisberg/qpfMRIResults/model_parameter_set2/’: File exists
cp: cannot stat ‘/blue/stevenweisberg/stevenweisberg/qpfMRIResults/deploy_sim.sh’: No such file or directory
cp: cannot stat ‘/blue/stevenweisberg/stevenweisberg/qpfMRIResults/sim_wrapper.sh’: No such file or directory
------------------------------------------
Setting up environment variables
---
LD_LIBRARY_PATH is .:/apps/matlab/mcr/2020b/v99/runtime/glnxa64:/apps/matlab/mcr/2020b/v99/bin/glnxa64:/apps/matlab/mcr/2020b/v99/sys/os/glnxa64:/apps/matlab/mcr/2020b/v99/sys/opengl/lib/glnxa64
Warning: Executing startup failed in matlabrc.
This indicates a potentially serious problem in your MATLAB setup, which should be resolved as soon as possible.  Error detected was:
MATLAB:mpath:PathAlterationNotSupported
Modifying the search path is not supported by MATLAB Compiler. Remove functions that modify the search path from your MATLAB code. To make files visible to your deployed application, add the parent folder to your MATLAB session.
Warning: No stimulus domain specified. Defaulting to values between 0.01 and 1.
> In qpfmriParams (line 182)
In compiledSimulate (line 205)
Stimulus domain added from input.
Parameter slope specified as 0.20000
Parameter semiSat specified as 0.57000
Parameter beta specified as 1.00000
Parameter sigma specified as 0.15000
seed = 99seed = 104seed = 111seed = 111seed = 115seed = 101Initializing Q+. This may take a minute...
Elapsed time is 7.146304 seconds.
Simulated parameters:
slope: 0.200 semiSat: 0.570 beta: 1.000 sigma: 0.150 

Trial 1: baseline Stimulus Selection
Stimulus: 0.010
Output value 0.000

Q+ parameters
slope: 0.026 semiSat: 0.890 beta: 0.500 sigma: 0.010 
maxBOLD estimate = 1.000


Trial 2: maxBOLD Stimulus Selection
Stimulus: 1.000
Output value 1.364

Q+ parameters
slope: 0.055 semiSat: 0.670 beta: 1.250 sigma: 0.010 
maxBOLD estimate = 1.000


Trial 3: baseline Stimulus Selection
Stimulus: 0.010
Output value -0.142

Q+ parameters
slope: 0.055 semiSat: 0.670 beta: 1.250 sigma: 0.062 
maxBOLD estimate = 1.250


Trial 4: maxBOLD Stimulus Selection
Stimulus: 1.000
Output value 1.598

Q+ parameters
slope: 0.055 semiSat: 0.670 beta: 1.125 sigma: 0.062 
maxBOLD estimate = 1.562


Trial 5: baseline Stimulus Selection
Stimulus: 0.010
Output value 0.180

Q+ parameters
slope: 0.055 semiSat: 0.670 beta: 1.125 sigma: 0.062 
maxBOLD estimate = 1.758


Trial 6: maxBOLD Stimulus Selection
Stimulus: 1.000
Output value 0.348

Q+ parameters
slope: 0.043 semiSat: 0.780 beta: 0.969 sigma: 0.218 
maxBOLD estimate = 1.978


Trial 7: qplus Stimulus Selection
Stimulus: 0.629
Output value 0.539

Q+ parameters
slope: 0.055 semiSat: 0.780 beta: 1.031 sigma: 0.166 
maxBOLD estimate = 1.916


Trial 8: qplus Stimulus Selection
Stimulus: 0.711
Output value 0.870

Q+ parameters
slope: 0.043 semiSat: 0.780 beta: 0.969 sigma: 0.114 
maxBOLD estimate = 1.976


Trial 9: qplus Stimulus Selection
Stimulus: 0.588
Output value 0.652

Q+ parameters
slope: 0.070 semiSat: 0.670 beta: 0.938 sigma: 0.166 
maxBOLD estimate = 1.914


Trial 10: baseline Stimulus Selection
Stimulus: 0.010
Output value 0.306

Q+ parameters
slope: 0.070 semiSat: 0.670 beta: 0.938 sigma: 0.166 
maxBOLD estimate = 1.794


Trial 11: qplus Stimulus Selection
Stimulus: 0.711
Output value 0.975

Q+ parameters
slope: 0.055 semiSat: 0.670 beta: 1.062 sigma: 0.166 
maxBOLD estimate = 1.682


Trial 12: qplus Stimulus Selection
Stimulus: 0.505
Output value 0.457

Q+ parameters
slope: 0.070 semiSat: 0.670 beta: 0.938 sigma: 0.114 
maxBOLD estimate = 1.787


Trial 13: qplus Stimulus Selection
Stimulus: 0.629
Output value 0.295

Q+ parameters
slope: 0.113 semiSat: 0.670 beta: 0.969 sigma: 0.166 
maxBOLD estimate = 1.676


Trial 14: qplus Stimulus Selection
Stimulus: 0.753
Output value 0.738

Q+ parameters
slope: 0.055 semiSat: 0.780 beta: 1.250 sigma: 0.114 
maxBOLD estimate = 1.623


Trial 15: maxBOLD Stimulus Selection
Stimulus: 1.000
Output value 0.830

Q+ parameters
slope: 0.089 semiSat: 0.670 beta: 0.750 sigma: 0.114 
maxBOLD estimate = 2.029


Trial 16: qplus Stimulus Selection
Stimulus: 0.835
Output value 1.617

Q+ parameters
slope: 0.070 semiSat: 0.670 beta: 1.062 sigma: 0.166 
maxBOLD estimate = 1.522


Trial 17: qplus Stimulus Selection
Stimulus: 0.588
Output value 0.386

Q+ parameters
slope: 0.089 semiSat: 0.670 beta: 0.875 sigma: 0.114 
maxBOLD estimate = 1.617


Trial 18: qplus Stimulus Selection
Stimulus: 0.711
Output value 1.206

Q+ parameters
slope: 0.070 semiSat: 0.560 beta: 0.938 sigma: 0.114 
maxBOLD estimate = 1.415


Trial 19: qplus Stimulus Selection
Stimulus: 0.588
Output value 0.565

Q+ parameters
slope: 0.070 semiSat: 0.560 beta: 0.938 sigma: 0.114 
maxBOLD estimate = 1.326


Trial 20: baseline Stimulus Selection
Stimulus: 0.010
Output value -0.120

Q+ parameters
slope: 0.113 semiSat: 0.560 beta: 1.062 sigma: 0.166 
maxBOLD estimate = 1.243


Trial 21: qplus Stimulus Selection
Stimulus: 0.464
Output value -0.105

Q+ parameters
slope: 0.183 semiSat: 0.560 beta: 0.875 sigma: 0.114 
maxBOLD estimate = 1.321


Trial 22: qplus Stimulus Selection
Stimulus: 0.629
Output value 1.261

Q+ parameters
slope: 0.144 semiSat: 0.560 beta: 1.000 sigma: 0.166 
maxBOLD estimate = 1.156


Trial 23: qplus Stimulus Selection
Stimulus: 0.505
Output value 0.670

Q+ parameters
slope: 0.183 semiSat: 0.560 beta: 1.062 sigma: 0.166 
maxBOLD estimate = 1.156


Trial 24: qplus Stimulus Selection
Stimulus: 0.505
Output value 0.447

Q+ parameters
slope: 0.144 semiSat: 0.560 beta: 1.000 sigma: 0.166 
maxBOLD estimate = 1.228


Trial 25: maxBOLD Stimulus Selection
Stimulus: 1.000
Output value 1.424

Q+ parameters
slope: 0.113 semiSat: 0.560 beta: 1.062 sigma: 0.166 
maxBOLD estimate = 1.228


Trial 26: qplus Stimulus Selection
Stimulus: 0.505
Output value 1.335

Q+ parameters
slope: 0.055 semiSat: 0.670 beta: 1.250 sigma: 0.166 
maxBOLD estimate = 1.305


Trial 27: qplus Stimulus Selection
Stimulus: 0.464
Output value 0.473

Q+ parameters
slope: 0.070 semiSat: 0.670 beta: 1.062 sigma: 0.114 
maxBOLD estimate = 1.631


Trial 28: qplus Stimulus Selection
Stimulus: 0.753
Output value 2.127

Q+ parameters
slope: 0.070 semiSat: 0.670 beta: 1.125 sigma: 0.166 
maxBOLD estimate = 1.733


Trial 29: qplus Stimulus Selection
Stimulus: 0.588
Output value 1.197

Q+ parameters
slope: 0.089 semiSat: 0.560 beta: 0.750 sigma: 0.114 
maxBOLD estimate = 1.950


Trial 30: baseline Stimulus Selection
Stimulus: 0.010
Output value 0.349

Q+ parameters
slope: 0.183 semiSat: 0.560 beta: 0.875 sigma: 0.166 
maxBOLD estimate = 1.462


Trial 31: qplus Stimulus Selection
Stimulus: 0.505
Output value 0.582

Q+ parameters
slope: 0.144 semiSat: 0.560 beta: 1.000 sigma: 0.166 
maxBOLD estimate = 1.280


Trial 32: qplus Stimulus Selection
Stimulus: 0.505
Output value 0.116

Q+ parameters
slope: 0.144 semiSat: 0.560 beta: 1.000 sigma: 0.166 
maxBOLD estimate = 1.280


Trial 33: qplus Stimulus Selection
Stimulus: 0.505
Output value 0.349

Q+ parameters
slope: 0.144 semiSat: 0.560 beta: 1.000 sigma: 0.166 
maxBOLD estimate = 1.280


Trial 34: qplus Stimulus Selection
Stimulus: 0.505
Output value 0.494

Q+ parameters
slope: 0.113 semiSat: 0.560 beta: 1.062 sigma: 0.166 
maxBOLD estimate = 1.280


Trial 35: maxBOLD Stimulus Selection
Stimulus: 1.000
Output value 1.298

Q+ parameters
slope: 0.183 semiSat: 0.560 beta: 0.875 sigma: 0.166 
maxBOLD estimate = 1.360


Trial 36: qplus Stimulus Selection
Stimulus: 0.505
Output value 0.230

Q+ parameters
slope: 0.183 semiSat: 0.560 beta: 1.062 sigma: 0.218 
maxBOLD estimate = 1.190


Trial 37: qplus Stimulus Selection
Stimulus: 0.505
Output value 0.345

Q+ parameters
slope: 0.144 semiSat: 0.560 beta: 1.000 sigma: 0.166 
maxBOLD estimate = 1.264


Trial 38: qplus Stimulus Selection
Stimulus: 0.629
Output value 0.517

Q+ parameters
slope: 0.113 semiSat: 0.670 beta: 1.500 sigma: 0.218 
maxBOLD estimate = 1.264


Trial 39: qplus Stimulus Selection
Stimulus: 0.629
Output value 0.776

Q+ parameters
slope: 0.089 semiSat: 0.560 beta: 0.750 sigma: 0.114 
maxBOLD estimate = 1.896


Trial 40: baseline Stimulus Selection
Stimulus: 0.010
Output value 0.566

Q+ parameters
slope: 0.183 semiSat: 0.560 beta: 0.875 sigma: 0.218 
maxBOLD estimate = 1.422


Trial 41: qplus Stimulus Selection
Stimulus: 0.505
Output value 1.357

Q+ parameters
slope: 0.113 semiSat: 0.670 beta: 1.500 sigma: 0.218 
maxBOLD estimate = 1.244


Trial 42: qplus Stimulus Selection
Stimulus: 0.629
Output value 1.113

Q+ parameters
slope: 0.070 semiSat: 0.670 beta: 0.938 sigma: 0.114 
maxBOLD estimate = 1.866


Trial 43: qplus Stimulus Selection
Stimulus: 0.670
Output value 0.835

Q+ parameters
slope: 0.183 semiSat: 0.560 beta: 0.750 sigma: 0.166 
maxBOLD estimate = 1.750


Trial 44: qplus Stimulus Selection
Stimulus: 0.670
Output value 0.939

Q+ parameters
slope: 0.183 semiSat: 0.560 beta: 0.875 sigma: 0.166 
maxBOLD estimate = 1.312


Trial 45: maxBOLD Stimulus Selection
Stimulus: 1.000
Output value 1.057

Q+ parameters
slope: 0.234 semiSat: 0.560 beta: 1.125 sigma: 0.218 
maxBOLD estimate = 1.148


Trial 46: qplus Stimulus Selection
Stimulus: 0.505
Output value 0.000

Q+ parameters
slope: 0.183 semiSat: 0.560 beta: 0.875 sigma: 0.166 
maxBOLD estimate = 1.292


Trial 47: qplus Stimulus Selection
Stimulus: 0.629
Output value 1.387

Q+ parameters
slope: 0.234 semiSat: 0.560 beta: 1.125 sigma: 0.218 
maxBOLD estimate = 1.130


Trial 48: qplus Stimulus Selection
Stimulus: 0.505
Output value 0.462

Q+ parameters
slope: 0.144 semiSat: 0.560 beta: 1.000 sigma: 0.166 
maxBOLD estimate = 1.272


Trial 49: qplus Stimulus Selection
Stimulus: 0.505
Output value -0.238

Q+ parameters
slope: 0.234 semiSat: 0.560 beta: 1.031 sigma: 0.218 
maxBOLD estimate = 1.272


Trial 50: baseline Stimulus Selection
Stimulus: 0.010
Output value -0.253

Q+ parameters
slope: 0.183 semiSat: 0.560 beta: 1.062 sigma: 0.166 
maxBOLD estimate = 1.311


Trial 51: qplus Stimulus Selection
Stimulus: 0.505
Output value 0.127

Q+ parameters
slope: 0.144 semiSat: 0.560 beta: 1.000 sigma: 0.166 
maxBOLD estimate = 1.393


Trial 52: qplus Stimulus Selection
Stimulus: 0.629
Output value 0.887

Q+ parameters
slope: 0.144 semiSat: 0.560 beta: 1.000 sigma: 0.166 
maxBOLD estimate = 1.393


Trial 53: qplus Stimulus Selection
Stimulus: 0.629
Output value 1.140

Q+ parameters
slope: 0.144 semiSat: 0.560 beta: 1.000 sigma: 0.166 
maxBOLD estimate = 1.393


Trial 54: qplus Stimulus Selection
Stimulus: 0.505
Output value 0.633

Q+ parameters
slope: 0.144 semiSat: 0.560 beta: 1.000 sigma: 0.166 
maxBOLD estimate = 1.393


Trial 55: maxBOLD Stimulus Selection
Stimulus: 1.000
Output value 1.140

Q+ parameters
slope: 0.144 semiSat: 0.560 beta: 1.000 sigma: 0.166 
maxBOLD estimate = 1.393


Trial 56: qplus Stimulus Selection
Stimulus: 0.423
Output value -0.127

Q+ parameters
slope: 0.144 semiSat: 0.560 beta: 1.000 sigma: 0.166 
maxBOLD estimate = 1.393


Trial 57: qplus Stimulus Selection
Stimulus: 0.505
Output value 0.380

Q+ parameters
slope: 0.144 semiSat: 0.560 beta: 1.000 sigma: 0.166 
maxBOLD estimate = 1.393


Trial 58: qplus Stimulus Selection
Stimulus: 0.629
Output value 1.520

Q+ parameters
slope: 0.144 semiSat: 0.560 beta: 1.000 sigma: 0.166 
maxBOLD estimate = 1.393


Trial 59: qplus Stimulus Selection
Stimulus: 0.505
Output value 0.633

Q+ parameters
slope: 0.144 semiSat: 0.560 beta: 1.000 sigma: 0.166 
maxBOLD estimate = 1.393


Trial 60: baseline Stimulus Selection
Stimulus: 0.010
Output value -0.269

Q+ parameters
slope: 0.144 semiSat: 0.560 beta: 1.062 sigma: 0.166 
maxBOLD estimate = 1.393


Trial 61: qplus Stimulus Selection
Stimulus: 0.629
Output value 1.077

Q+ parameters
slope: 0.144 semiSat: 0.560 beta: 1.000 sigma: 0.166 
maxBOLD estimate = 1.480


Trial 62: qplus Stimulus Selection
Stimulus: 0.505
Output value 0.404

Q+ parameters
slope: 0.144 semiSat: 0.560 beta: 1.000 sigma: 0.166 
maxBOLD estimate = 1.480


Trial 63: qplus Stimulus Selection
Stimulus: 0.794
Output value 1.346

Q+ parameters
slope: 0.144 semiSat: 0.560 beta: 1.000 sigma: 0.166 
maxBOLD estimate = 1.480


Trial 64: qplus Stimulus Selection
Stimulus: 0.505
Output value -0.135

Q+ parameters
slope: 0.144 semiSat: 0.560 beta: 1.000 sigma: 0.166 
maxBOLD estimate = 1.480


Trial 65: maxBOLD Stimulus Selection
Stimulus: 1.000
Output value 1.615

Q+ parameters
slope: 0.144 semiSat: 0.560 beta: 1.000 sigma: 0.166 
maxBOLD estimate = 1.480


Trial 66: qplus Stimulus Selection
Stimulus: 0.505
Output value 0.269

Q+ parameters
slope: 0.144 semiSat: 0.560 beta: 1.000 sigma: 0.166 
maxBOLD estimate = 1.480


Trial 67: qplus Stimulus Selection
Stimulus: 0.588
Output value 0.807

Q+ parameters
slope: 0.144 semiSat: 0.560 beta: 1.000 sigma: 0.166 
maxBOLD estimate = 1.480


Trial 68: qplus Stimulus Selection
Stimulus: 0.588
Output value 0.807

Q+ parameters
slope: 0.144 semiSat: 0.560 beta: 1.000 sigma: 0.166 
maxBOLD estimate = 1.480


Trial 69: qplus Stimulus Selection
Stimulus: 0.794
Output value 1.043

Q+ parameters
slope: 0.144 semiSat: 0.560 beta: 0.969 sigma: 0.166 
maxBOLD estimate = 1.480


Trial 70: baseline Stimulus Selection
Stimulus: 0.010
Output value -0.130

Q+ parameters
slope: 0.144 semiSat: 0.560 beta: 1.000 sigma: 0.166 
maxBOLD estimate = 1.434


Trial 71: qplus Stimulus Selection
Stimulus: 0.505
Output value 0.416

Q+ parameters
slope: 0.183 semiSat: 0.560 beta: 1.062 sigma: 0.166 
maxBOLD estimate = 1.434


Trial 72: qplus Stimulus Selection
Stimulus: 0.505
Output value 0.554

Q+ parameters
slope: 0.144 semiSat: 0.560 beta: 1.000 sigma: 0.166 
maxBOLD estimate = 1.524


Trial 73: qplus Stimulus Selection
Stimulus: 0.588
Output value 0.403

Q+ parameters
slope: 0.144 semiSat: 0.560 beta: 0.969 sigma: 0.166 
maxBOLD estimate = 1.524


Trial 74: qplus Stimulus Selection
Stimulus: 0.588
Output value 1.476

Q+ parameters
slope: 0.144 semiSat: 0.560 beta: 1.000 sigma: 0.166 
maxBOLD estimate = 1.476


Trial 75: maxBOLD Stimulus Selection
Stimulus: 1.000
Output value 1.610

Q+ parameters
slope: 0.144 semiSat: 0.560 beta: 1.000 sigma: 0.166 
maxBOLD estimate = 1.476


Trial 76: qplus Stimulus Selection
Stimulus: 0.505
Output value -0.268

Q+ parameters
slope: 0.144 semiSat: 0.560 beta: 1.000 sigma: 0.166 
maxBOLD estimate = 1.476


Trial 77: qplus Stimulus Selection
Stimulus: 0.629
Output value 0.939

Q+ parameters
slope: 0.144 semiSat: 0.560 beta: 1.000 sigma: 0.166 
maxBOLD estimate = 1.476


Trial 78: qplus Stimulus Selection
Stimulus: 0.588
Output value 1.074

Q+ parameters
slope: 0.144 semiSat: 0.560 beta: 1.000 sigma: 0.166 
maxBOLD estimate = 1.476


Trial 79: qplus Stimulus Selection
Stimulus: 0.629
Output value 1.208

Q+ parameters
slope: 0.144 semiSat: 0.560 beta: 1.000 sigma: 0.166 
maxBOLD estimate = 1.476


Trial 80: baseline Stimulus Selection
Stimulus: 0.010
Output value -0.285

Q+ parameters
slope: 0.183 semiSat: 0.560 beta: 1.062 sigma: 0.166 
maxBOLD estimate = 1.476


Trial 81: qplus Stimulus Selection
Stimulus: 0.505
Output value 0.000

Q+ parameters
slope: 0.144 semiSat: 0.560 beta: 1.000 sigma: 0.166 
maxBOLD estimate = 1.568


Trial 82: qplus Stimulus Selection
Stimulus: 0.588
Output value 1.141

Q+ parameters
slope: 0.144 semiSat: 0.560 beta: 1.000 sigma: 0.166 
maxBOLD estimate = 1.568


Trial 83: qplus Stimulus Selection
Stimulus: 0.588
Output value 0.552

Q+ parameters
slope: 0.144 semiSat: 0.560 beta: 0.969 sigma: 0.166 
maxBOLD estimate = 1.568


Trial 84: qplus Stimulus Selection
Stimulus: 0.794
Output value 1.657

Q+ parameters
slope: 0.144 semiSat: 0.560 beta: 1.000 sigma: 0.166 
maxBOLD estimate = 1.519


Trial 85: maxBOLD Stimulus Selection
Stimulus: 1.000
Output value 1.381

Q+ parameters
slope: 0.144 semiSat: 0.560 beta: 1.000 sigma: 0.166 
maxBOLD estimate = 1.519


Trial 86: qplus Stimulus Selection
Stimulus: 0.588
Output value 0.535

Q+ parameters
slope: 0.144 semiSat: 0.560 beta: 0.969 sigma: 0.166 
maxBOLD estimate = 1.519


Trial 87: qplus Stimulus Selection
Stimulus: 0.588
Output value 0.648

Q+ parameters
slope: 0.144 semiSat: 0.560 beta: 0.969 sigma: 0.166 
maxBOLD estimate = 1.472


Trial 88: qplus Stimulus Selection
Stimulus: 0.588
Output value 0.275

Q+ parameters
slope: 0.183 semiSat: 0.560 beta: 1.062 sigma: 0.166 
maxBOLD estimate = 1.426


Trial 89: qplus Stimulus Selection
Stimulus: 0.505
Output value 0.801

Q+ parameters
slope: 0.144 semiSat: 0.560 beta: 0.969 sigma: 0.166 
maxBOLD estimate = 1.515


Trial 90: baseline Stimulus Selection
Stimulus: 0.010
Output value 0.388

Q+ parameters
slope: 0.144 semiSat: 0.560 beta: 0.969 sigma: 0.166 
maxBOLD estimate = 1.468


Trial 91: qplus Stimulus Selection
Stimulus: 0.588
Output value 1.099

Q+ parameters
slope: 0.183 semiSat: 0.560 beta: 1.062 sigma: 0.166 
maxBOLD estimate = 1.422


Trial 92: qplus Stimulus Selection
Stimulus: 0.588
Output value 0.532

Q+ parameters
slope: 0.144 semiSat: 0.560 beta: 0.969 sigma: 0.166 
maxBOLD estimate = 1.511


Trial 93: qplus Stimulus Selection
Stimulus: 0.794
Output value 1.418

Q+ parameters
slope: 0.144 semiSat: 0.560 beta: 0.969 sigma: 0.166 
maxBOLD estimate = 1.463


Trial 94: qplus Stimulus Selection
Stimulus: 0.588
Output value 0.959

Q+ parameters
slope: 0.183 semiSat: 0.560 beta: 1.062 sigma: 0.166 
maxBOLD estimate = 1.418


Trial 95: maxBOLD Stimulus Selection
Stimulus: 1.000
Output value 1.061

Q+ parameters
slope: 0.144 semiSat: 0.560 beta: 0.969 sigma: 0.166 
maxBOLD estimate = 1.506


Trial 96: qplus Stimulus Selection
Stimulus: 0.794
Output value 1.542

Q+ parameters
slope: 0.144 semiSat: 0.560 beta: 0.969 sigma: 0.166 
maxBOLD estimate = 1.459


Trial 97: qplus Stimulus Selection
Stimulus: 0.588
Output value 0.546

Q+ parameters
slope: 0.183 semiSat: 0.560 beta: 1.062 sigma: 0.166 
maxBOLD estimate = 1.414


Trial 98: qplus Stimulus Selection
Stimulus: 0.588
Output value 1.229

Q+ parameters
slope: 0.089 semiSat: 0.670 beta: 1.500 sigma: 0.166 
maxBOLD estimate = 1.502


Trial 99: qplus Stimulus Selection
Stimulus: 0.794
Output value 1.536

Q+ parameters
slope: 0.070 semiSat: 0.670 beta: 0.750 sigma: 0.114 
maxBOLD estimate = 2.253


Trial 100: baseline Stimulus Selection
Stimulus: 0.010
Output value 0.269

Q+ parameters
slope: 0.183 semiSat: 0.560 beta: 0.875 sigma: 0.166 
maxBOLD estimate = 1.690

--------------------------------------------------------------
FINAL VALUES
--------------------------------------------------------------
Simulated parameters:              slope: 0.200 semiSat: 0.570 beta: 1.000 sigma: 0.150 
Max posterior QUEST+ parameters:   slope: 0.234 semiSat: 0.560 beta: 0.875 sigma: 0.166 
Max BADS parameters:               slope: 0.158 semiSat: 0.596 beta: 1.000 sigma: 0.159 
maxBOLD estimate: 1.582
