/blue/stevenweisberg/stevenweisberg/MATLAB/projects/Weisberg_Aguirre_2020/scripts/run_sims
c31a-s6.ufhpc
Fri Nov 13 15:49:22 EST 2020
mkdir: cannot create directory ‘/blue/stevenweisberg/stevenweisberg/qpfMRIResults/model_parameter_set1/’: File exists
cp: cannot stat ‘/blue/stevenweisberg/stevenweisberg/qpfMRIResults/deploy_sim.sh’: No such file or directory
cp: cannot stat ‘/blue/stevenweisberg/stevenweisberg/qpfMRIResults/sim_wrapper.sh’: No such file or directory
------------------------------------------
Setting up environment variables
---
LD_LIBRARY_PATH is .:/apps/matlab/mcr/2020b/v99/runtime/glnxa64:/apps/matlab/mcr/2020b/v99/bin/glnxa64:/apps/matlab/mcr/2020b/v99/sys/os/glnxa64:/apps/matlab/mcr/2020b/v99/sys/opengl/lib/glnxa64
Warning: Executing startup failed in matlabrc.
This indicates a potentially serious problem in your MATLAB setup, which should be resolved as soon as possible.  Error detected was:
MATLAB:mpath:PathAlterationNotSupported
Modifying the search path is not supported by MATLAB Compiler. Remove functions that modify the search path from your MATLAB code. To make files visible to your deployed application, add the parent folder to your MATLAB session.
Warning: No stimulus domain specified. Defaulting to values between 0.01 and 1.
> In qpfmriParams (line 182)
In compiledSimulate (line 205)
Stimulus domain added from input.
Parameter slope specified as 0.41000
Parameter semiSat specified as 0.57000
Parameter beta specified as 1.00000
Parameter sigma specified as 0.25000
seed = 99seed = 104seed = 111seed = 111seed = 115seed = 101Initializing Q+. This may take a minute...
Elapsed time is 9.715323 seconds.
Simulated parameters:
slope: 0.410 semiSat: 0.570 beta: 1.000 sigma: 0.250 

Trial 1: baseline Stimulus Selection
Stimulus: 0.010
Output value 0.000

Q+ parameters
slope: 0.026 semiSat: 0.890 beta: 0.500 sigma: 0.010 
maxBOLD estimate = 1.000


Trial 2: maxBOLD Stimulus Selection
Stimulus: 1.000
Output value 0.920

Q+ parameters
slope: 0.043 semiSat: 0.780 beta: 1.125 sigma: 0.010 
maxBOLD estimate = 1.000


Trial 3: baseline Stimulus Selection
Stimulus: 0.010
Output value -0.256

Q+ parameters
slope: 0.043 semiSat: 0.780 beta: 1.250 sigma: 0.114 
maxBOLD estimate = 1.125


Trial 4: maxBOLD Stimulus Selection
Stimulus: 1.000
Output value 1.119

Q+ parameters
slope: 0.034 semiSat: 1.000 beta: 1.250 sigma: 0.114 
maxBOLD estimate = 1.406


Trial 5: baseline Stimulus Selection
Stimulus: 0.010
Output value -0.360

Q+ parameters
slope: 0.043 semiSat: 0.780 beta: 1.125 sigma: 0.114 
maxBOLD estimate = 1.758


Trial 6: maxBOLD Stimulus Selection
Stimulus: 1.000
Output value 2.697

Q+ parameters
slope: 0.043 semiSat: 0.780 beta: 1.250 sigma: 0.166 
maxBOLD estimate = 1.978


Trial 7: qplus Stimulus Selection
Stimulus: 0.505
Output value 0.281

Q+ parameters
slope: 0.043 semiSat: 1.000 beta: 1.250 sigma: 0.114 
maxBOLD estimate = 2.472


Trial 8: qplus Stimulus Selection
Stimulus: 0.835
Output value 2.107

Q+ parameters
slope: 0.043 semiSat: 0.780 beta: 0.938 sigma: 0.114 
maxBOLD estimate = 3.090


Trial 9: qplus Stimulus Selection
Stimulus: 0.711
Output value 0.988

Q+ parameters
slope: 0.043 semiSat: 0.780 beta: 0.938 sigma: 0.114 
maxBOLD estimate = 2.897


Trial 10: baseline Stimulus Selection
Stimulus: 0.010
Output value -0.262

Q+ parameters
slope: 0.043 semiSat: 0.780 beta: 1.062 sigma: 0.114 
maxBOLD estimate = 2.716


Trial 11: qplus Stimulus Selection
Stimulus: 0.629
Output value 0.787

Q+ parameters
slope: 0.055 semiSat: 0.670 beta: 0.750 sigma: 0.114 
maxBOLD estimate = 2.885


Trial 12: qplus Stimulus Selection
Stimulus: 0.711
Output value 1.014

Q+ parameters
slope: 0.070 semiSat: 0.670 beta: 1.031 sigma: 0.114 
maxBOLD estimate = 2.164


Trial 13: qplus Stimulus Selection
Stimulus: 0.588
Output value 0.913

Q+ parameters
slope: 0.089 semiSat: 0.560 beta: 0.750 sigma: 0.114 
maxBOLD estimate = 2.232


Trial 14: qplus Stimulus Selection
Stimulus: 0.588
Output value 1.541

Q+ parameters
slope: 0.113 semiSat: 0.560 beta: 1.125 sigma: 0.166 
maxBOLD estimate = 1.674


Trial 15: maxBOLD Stimulus Selection
Stimulus: 1.000
Output value 1.493

Q+ parameters
slope: 0.089 semiSat: 0.560 beta: 0.969 sigma: 0.114 
maxBOLD estimate = 1.883


Trial 16: qplus Stimulus Selection
Stimulus: 0.464
Output value 0.705

Q+ parameters
slope: 0.089 semiSat: 0.560 beta: 1.062 sigma: 0.114 
maxBOLD estimate = 1.824


Trial 17: qplus Stimulus Selection
Stimulus: 0.464
Output value 0.512

Q+ parameters
slope: 0.089 semiSat: 0.560 beta: 0.969 sigma: 0.114 
maxBOLD estimate = 1.938


Trial 18: qplus Stimulus Selection
Stimulus: 0.505
Output value 1.152

Q+ parameters
slope: 0.055 semiSat: 0.560 beta: 1.125 sigma: 0.114 
maxBOLD estimate = 1.878


Trial 19: qplus Stimulus Selection
Stimulus: 0.381
Output value 0.960

Q+ parameters
slope: 0.034 semiSat: 0.670 beta: 1.250 sigma: 0.114 
maxBOLD estimate = 2.112


Trial 20: baseline Stimulus Selection
Stimulus: 0.010
Output value 0.675

Q+ parameters
slope: 0.034 semiSat: 0.780 beta: 0.938 sigma: 0.114 
maxBOLD estimate = 2.640


Trial 21: qplus Stimulus Selection
Stimulus: 0.918
Output value 2.025

Q+ parameters
slope: 0.070 semiSat: 0.560 beta: 0.750 sigma: 0.114 
maxBOLD estimate = 2.475


Trial 22: qplus Stimulus Selection
Stimulus: 0.711
Output value 2.278

Q+ parameters
slope: 0.055 semiSat: 0.670 beta: 1.500 sigma: 0.166 
maxBOLD estimate = 1.857


Trial 23: qplus Stimulus Selection
Stimulus: 0.505
Output value 0.538

Q+ parameters
slope: 0.043 semiSat: 0.780 beta: 1.062 sigma: 0.114 
maxBOLD estimate = 2.785


Trial 24: qplus Stimulus Selection
Stimulus: 0.753
Output value 2.286

Q+ parameters
slope: 0.043 semiSat: 0.780 beta: 1.062 sigma: 0.114 
maxBOLD estimate = 2.959


Trial 25: maxBOLD Stimulus Selection
Stimulus: 1.000
Output value 1.929

Q+ parameters
slope: 0.055 semiSat: 0.670 beta: 0.750 sigma: 0.114 
maxBOLD estimate = 3.144


Trial 26: qplus Stimulus Selection
Stimulus: 0.876
Output value 2.358

Q+ parameters
slope: 0.089 semiSat: 0.670 beta: 1.000 sigma: 0.166 
maxBOLD estimate = 2.358


Trial 27: qplus Stimulus Selection
Stimulus: 0.629
Output value 1.688

Q+ parameters
slope: 0.070 semiSat: 0.560 beta: 0.875 sigma: 0.166 
maxBOLD estimate = 2.358


Trial 28: qplus Stimulus Selection
Stimulus: 0.588
Output value 1.969

Q+ parameters
slope: 0.070 semiSat: 0.670 beta: 1.500 sigma: 0.166 
maxBOLD estimate = 2.063


Trial 29: qplus Stimulus Selection
Stimulus: 0.588
Output value 1.495

Q+ parameters
slope: 0.043 semiSat: 0.780 beta: 1.062 sigma: 0.114 
maxBOLD estimate = 3.095


Trial 30: baseline Stimulus Selection
Stimulus: 0.010
Output value 0.000

Q+ parameters
slope: 0.043 semiSat: 0.780 beta: 1.062 sigma: 0.114 
maxBOLD estimate = 3.288

--------------------------------------------------------------
FINAL VALUES
--------------------------------------------------------------
Simulated parameters:              slope: 0.410 semiSat: 0.570 beta: 1.000 sigma: 0.250 
Max posterior QUEST+ parameters:   slope: 0.043 semiSat: 0.780 beta: 1.062 sigma: 0.114 
Max BADS parameters:               slope: 0.045 semiSat: 0.743 beta: 1.000 sigma: 0.110 
maxBOLD estimate: 3.085
