/blue/stevenweisberg/stevenweisberg/MATLAB/projects/Weisberg_Aguirre_2020/scripts/run_sims
c29a-s23.ufhpc
Fri Nov 13 22:09:49 EST 2020
mkdir: cannot create directory ‘/blue/stevenweisberg/stevenweisberg/qpfMRIResults/model_parameter_set1/’: File exists
cp: cannot stat ‘/blue/stevenweisberg/stevenweisberg/qpfMRIResults/deploy_sim.sh’: No such file or directory
cp: cannot stat ‘/blue/stevenweisberg/stevenweisberg/qpfMRIResults/sim_wrapper.sh’: No such file or directory
------------------------------------------
Setting up environment variables
---
LD_LIBRARY_PATH is .:/apps/matlab/mcr/2020b/v99/runtime/glnxa64:/apps/matlab/mcr/2020b/v99/bin/glnxa64:/apps/matlab/mcr/2020b/v99/sys/os/glnxa64:/apps/matlab/mcr/2020b/v99/sys/opengl/lib/glnxa64
Warning: Executing startup failed in matlabrc.
This indicates a potentially serious problem in your MATLAB setup, which should be resolved as soon as possible.  Error detected was:
MATLAB:mpath:PathAlterationNotSupported
Modifying the search path is not supported by MATLAB Compiler. Remove functions that modify the search path from your MATLAB code. To make files visible to your deployed application, add the parent folder to your MATLAB session.
Warning: No stimulus domain specified. Defaulting to values between 0.01 and 1.
> In qpfmriParams (line 182)
In compiledSimulate (line 205)
Stimulus domain added from input.
Parameter slope specified as 0.41000
Parameter semiSat specified as 0.57000
Parameter beta specified as 1.00000
Parameter sigma specified as 0.25000
seed = 99seed = 104seed = 111seed = 111seed = 115seed = 101Initializing Q+. This may take a minute...
Elapsed time is 9.728069 seconds.
Simulated parameters:
slope: 0.410 semiSat: 0.570 beta: 1.000 sigma: 0.250 

Trial 1: baseline Stimulus Selection
Stimulus: 0.010
Output value 0.000

Q+ parameters
slope: 0.026 semiSat: 0.890 beta: 0.500 sigma: 0.010 
maxBOLD estimate = 1.000


Trial 2: maxBOLD Stimulus Selection
Stimulus: 1.000
Output value 1.364

Q+ parameters
slope: 0.055 semiSat: 0.670 beta: 1.250 sigma: 0.010 
maxBOLD estimate = 1.000


Trial 3: baseline Stimulus Selection
Stimulus: 0.010
Output value 0.426

Q+ parameters
slope: 0.055 semiSat: 0.670 beta: 1.250 sigma: 0.166 
maxBOLD estimate = 1.250


Trial 4: maxBOLD Stimulus Selection
Stimulus: 1.000
Output value 1.438

Q+ parameters
slope: 0.055 semiSat: 0.670 beta: 1.125 sigma: 0.114 
maxBOLD estimate = 1.562


Trial 5: baseline Stimulus Selection
Stimulus: 0.010
Output value -0.400

Q+ parameters
slope: 0.055 semiSat: 0.670 beta: 1.250 sigma: 0.166 
maxBOLD estimate = 1.758


Trial 6: maxBOLD Stimulus Selection
Stimulus: 1.000
Output value 0.194

Q+ parameters
slope: 0.043 semiSat: 0.780 beta: 0.969 sigma: 0.375 
maxBOLD estimate = 2.197


Trial 7: qplus Stimulus Selection
Stimulus: 0.505
Output value -0.435

Q+ parameters
slope: 0.089 semiSat: 0.890 beta: 1.125 sigma: 0.166 
maxBOLD estimate = 2.129


Trial 8: qplus Stimulus Selection
Stimulus: 0.711
Output value 1.905

Q+ parameters
slope: 0.616 semiSat: 0.560 beta: 0.875 sigma: 0.166 
maxBOLD estimate = 2.395


Trial 9: qplus Stimulus Selection
Stimulus: 0.629
Output value 2.143

Q+ parameters
slope: 0.616 semiSat: 0.560 beta: 0.938 sigma: 0.166 
maxBOLD estimate = 2.095


Trial 10: baseline Stimulus Selection
Stimulus: 0.010
Output value -0.379

Q+ parameters
slope: 0.616 semiSat: 0.560 beta: 1.062 sigma: 0.114 
maxBOLD estimate = 1.964


Trial 11: qplus Stimulus Selection
Stimulus: 0.588
Output value 1.287

Q+ parameters
slope: 0.616 semiSat: 0.560 beta: 0.969 sigma: 0.166 
maxBOLD estimate = 2.087


Trial 12: qplus Stimulus Selection
Stimulus: 0.588
Output value 0.948

Q+ parameters
slope: 0.379 semiSat: 0.560 beta: 1.031 sigma: 0.166 
maxBOLD estimate = 2.022


Trial 13: qplus Stimulus Selection
Stimulus: 0.588
Output value 0.995

Q+ parameters
slope: 0.379 semiSat: 0.560 beta: 0.875 sigma: 0.166 
maxBOLD estimate = 2.085


Trial 14: qplus Stimulus Selection
Stimulus: 0.629
Output value 1.410

Q+ parameters
slope: 0.298 semiSat: 0.560 beta: 1.062 sigma: 0.218 
maxBOLD estimate = 1.824


Trial 15: maxBOLD Stimulus Selection
Stimulus: 1.000
Output value 2.908

Q+ parameters
slope: 0.144 semiSat: 0.670 beta: 1.500 sigma: 0.166 
maxBOLD estimate = 1.939


Trial 16: qplus Stimulus Selection
Stimulus: 0.629
Output value 0.463

Q+ parameters
slope: 0.113 semiSat: 0.670 beta: 0.875 sigma: 0.166 
maxBOLD estimate = 2.908


Trial 17: qplus Stimulus Selection
Stimulus: 0.753
Output value 3.469

Q+ parameters
slope: 0.234 semiSat: 0.670 beta: 1.500 sigma: 0.218 
maxBOLD estimate = 2.544


Trial 18: qplus Stimulus Selection
Stimulus: 0.588
Output value 0.347

Q+ parameters
slope: 0.183 semiSat: 0.560 beta: 0.500 sigma: 0.114 
maxBOLD estimate = 3.816


Trial 19: qplus Stimulus Selection
Stimulus: 0.959
Output value 3.123

Q+ parameters
slope: 0.144 semiSat: 0.670 beta: 1.500 sigma: 0.166 
maxBOLD estimate = 1.908


Trial 20: baseline Stimulus Selection
Stimulus: 0.010
Output value -0.781

Q+ parameters
slope: 0.144 semiSat: 0.670 beta: 1.500 sigma: 0.166 
maxBOLD estimate = 2.862


Trial 21: qplus Stimulus Selection
Stimulus: 0.588
Output value 0.976

Q+ parameters
slope: 0.183 semiSat: 0.560 beta: 0.500 sigma: 0.114 
maxBOLD estimate = 4.293


Trial 22: qplus Stimulus Selection
Stimulus: 0.670
Output value 3.220

Q+ parameters
slope: 0.144 semiSat: 0.670 beta: 1.500 sigma: 0.166 
maxBOLD estimate = 2.147


Trial 23: qplus Stimulus Selection
Stimulus: 0.588
Output value 0.585

Q+ parameters
slope: 0.483 semiSat: 0.560 beta: 0.500 sigma: 0.114 
maxBOLD estimate = 3.220


Trial 24: qplus Stimulus Selection
Stimulus: 0.918
Output value 1.866

Q+ parameters
slope: 0.379 semiSat: 0.560 beta: 1.062 sigma: 0.218 
maxBOLD estimate = 1.610


Trial 25: maxBOLD Stimulus Selection
Stimulus: 1.000
Output value 1.983

Q+ parameters
slope: 0.298 semiSat: 0.560 beta: 1.062 sigma: 0.166 
maxBOLD estimate = 1.711


Trial 26: qplus Stimulus Selection
Stimulus: 0.505
Output value 1.859

Q+ parameters
slope: 0.144 semiSat: 0.560 beta: 1.125 sigma: 0.218 
maxBOLD estimate = 1.818


Trial 27: qplus Stimulus Selection
Stimulus: 0.629
Output value 1.394

Q+ parameters
slope: 0.113 semiSat: 0.670 beta: 1.500 sigma: 0.166 
maxBOLD estimate = 2.045


Trial 28: qplus Stimulus Selection
Stimulus: 0.588
Output value 1.255

Q+ parameters
slope: 0.183 semiSat: 0.560 beta: 0.750 sigma: 0.114 
maxBOLD estimate = 3.067


Trial 29: qplus Stimulus Selection
Stimulus: 0.670
Output value 1.830

Q+ parameters
slope: 0.234 semiSat: 0.560 beta: 0.875 sigma: 0.166 
maxBOLD estimate = 2.300


Trial 30: baseline Stimulus Selection
Stimulus: 0.010
Output value 0.755

Q+ parameters
slope: 0.234 semiSat: 0.560 beta: 1.031 sigma: 0.218 
maxBOLD estimate = 2.013

--------------------------------------------------------------
FINAL VALUES
--------------------------------------------------------------
Simulated parameters:              slope: 0.410 semiSat: 0.570 beta: 1.000 sigma: 0.250 
Max posterior QUEST+ parameters:   slope: 0.234 semiSat: 0.560 beta: 0.875 sigma: 0.166 
Max BADS parameters:               slope: 0.351 semiSat: 0.596 beta: 1.000 sigma: 0.189 
maxBOLD estimate: 2.324
