/blue/stevenweisberg/stevenweisberg/MATLAB/projects/Weisberg_Aguirre_2020/scripts/run_sims
c0700a-s7.ufhpc
Tue Apr  6 17:27:07 EDT 2021
mkdir: cannot create directory ‘/blue/stevenweisberg/stevenweisberg/qpfMRIResults/model_parameter_set2/’: File exists
cp: cannot stat ‘/blue/stevenweisberg/stevenweisberg/qpfMRIResults/deploy_sim.sh’: No such file or directory
cp: cannot stat ‘/blue/stevenweisberg/stevenweisberg/qpfMRIResults/sim_wrapper.sh’: No such file or directory
------------------------------------------
Setting up environment variables
---
LD_LIBRARY_PATH is .:/apps/matlab/mcr/2020b/v99/runtime/glnxa64:/apps/matlab/mcr/2020b/v99/bin/glnxa64:/apps/matlab/mcr/2020b/v99/sys/os/glnxa64:/apps/matlab/mcr/2020b/v99/sys/opengl/lib/glnxa64
Warning: Executing startup failed in matlabrc.
This indicates a potentially serious problem in your MATLAB setup, which should be resolved as soon as possible.  Error detected was:
MATLAB:mpath:PathAlterationNotSupported
Modifying the search path is not supported by MATLAB Compiler. Remove functions that modify the search path from your MATLAB code. To make files visible to your deployed application, add the parent folder to your MATLAB session.
Warning: No stimulus domain specified. Defaulting to values between 0.01 and 1.
> In qpfmriParams (line 182)
In compiledSimulate (line 205)
Stimulus domain added from input.
Parameter slope specified as 0.20000
Parameter semiSat specified as 0.57000
Parameter beta specified as 1.00000
Parameter sigma specified as 0.10000
seed = 99seed = 104seed = 111seed = 111seed = 115seed = 101Initializing Q+. This may take a minute...
Elapsed time is 7.033419 seconds.
Simulated parameters:
slope: 0.200 semiSat: 0.570 beta: 1.000 sigma: 0.100 

Trial 1: baseline Stimulus Selection
Stimulus: 0.010
Output value 0.000

Q+ parameters
slope: 0.026 semiSat: 0.890 beta: 0.500 sigma: 0.010 
maxBOLD estimate = 1.000


Trial 2: maxBOLD Stimulus Selection
Stimulus: 1.000
Output value 1.364

Q+ parameters
slope: 0.055 semiSat: 0.670 beta: 1.250 sigma: 0.010 
maxBOLD estimate = 1.000


Trial 3: baseline Stimulus Selection
Stimulus: 0.010
Output value 0.000

Q+ parameters
slope: 0.055 semiSat: 0.670 beta: 1.250 sigma: 0.010 
maxBOLD estimate = 1.250


Trial 4: maxBOLD Stimulus Selection
Stimulus: 1.000
Output value 0.826

Q+ parameters
slope: 0.043 semiSat: 0.780 beta: 0.969 sigma: 0.114 
maxBOLD estimate = 1.562


Trial 5: baseline Stimulus Selection
Stimulus: 0.010
Output value -0.172

Q+ parameters
slope: 0.043 semiSat: 0.780 beta: 1.250 sigma: 0.114 
maxBOLD estimate = 1.514


Trial 6: maxBOLD Stimulus Selection
Stimulus: 1.000
Output value 1.500

Q+ parameters
slope: 0.043 semiSat: 0.780 beta: 0.969 sigma: 0.062 
maxBOLD estimate = 1.892


Trial 7: qplus Stimulus Selection
Stimulus: 0.711
Output value 1.000

Q+ parameters
slope: 0.089 semiSat: 0.340 beta: 0.750 sigma: 0.062 
maxBOLD estimate = 1.833


Trial 8: qplus Stimulus Selection
Stimulus: 0.381
Output value 0.219

Q+ parameters
slope: 0.183 semiSat: 0.450 beta: 0.875 sigma: 0.062 
maxBOLD estimate = 1.375


Trial 9: qplus Stimulus Selection
Stimulus: 0.505
Output value 0.369

Q+ parameters
slope: 0.183 semiSat: 0.560 beta: 1.125 sigma: 0.114 
maxBOLD estimate = 1.203


Trial 10: baseline Stimulus Selection
Stimulus: 0.010
Output value -0.369

Q+ parameters
slope: 0.113 semiSat: 0.670 beta: 1.500 sigma: 0.114 
maxBOLD estimate = 1.353


Trial 11: qplus Stimulus Selection
Stimulus: 0.588
Output value 0.554

Q+ parameters
slope: 0.183 semiSat: 0.560 beta: 0.750 sigma: 0.062 
maxBOLD estimate = 2.030


Trial 12: qplus Stimulus Selection
Stimulus: 0.629
Output value 1.297

Q+ parameters
slope: 0.234 semiSat: 0.560 beta: 0.938 sigma: 0.114 
maxBOLD estimate = 1.522


Trial 13: qplus Stimulus Selection
Stimulus: 0.505
Output value 0.649

Q+ parameters
slope: 0.144 semiSat: 0.560 beta: 1.250 sigma: 0.114 
maxBOLD estimate = 1.427


Trial 14: qplus Stimulus Selection
Stimulus: 0.505
Output value 0.456

Q+ parameters
slope: 0.144 semiSat: 0.560 beta: 0.938 sigma: 0.114 
maxBOLD estimate = 1.784


Trial 15: maxBOLD Stimulus Selection
Stimulus: 1.000
Output value 1.064

Q+ parameters
slope: 0.234 semiSat: 0.560 beta: 0.875 sigma: 0.114 
maxBOLD estimate = 1.673


Trial 16: qplus Stimulus Selection
Stimulus: 0.629
Output value 0.902

Q+ parameters
slope: 0.144 semiSat: 0.560 beta: 0.969 sigma: 0.114 
maxBOLD estimate = 1.463


Trial 17: qplus Stimulus Selection
Stimulus: 0.505
Output value -0.258

Q+ parameters
slope: 0.234 semiSat: 0.560 beta: 1.000 sigma: 0.114 
maxBOLD estimate = 1.418


Trial 18: qplus Stimulus Selection
Stimulus: 0.588
Output value 0.387

Q+ parameters
slope: 0.234 semiSat: 0.560 beta: 1.000 sigma: 0.114 
maxBOLD estimate = 1.418


Trial 19: qplus Stimulus Selection
Stimulus: 0.588
Output value 0.773

Q+ parameters
slope: 0.234 semiSat: 0.560 beta: 1.000 sigma: 0.114 
maxBOLD estimate = 1.418


Trial 20: baseline Stimulus Selection
Stimulus: 0.010
Output value -0.129

Q+ parameters
slope: 0.234 semiSat: 0.560 beta: 1.000 sigma: 0.114 
maxBOLD estimate = 1.418


Trial 21: qplus Stimulus Selection
Stimulus: 0.588
Output value 0.773

Q+ parameters
slope: 0.234 semiSat: 0.560 beta: 1.000 sigma: 0.114 
maxBOLD estimate = 1.418


Trial 22: qplus Stimulus Selection
Stimulus: 0.588
Output value 0.387

Q+ parameters
slope: 0.089 semiSat: 0.670 beta: 1.500 sigma: 0.114 
maxBOLD estimate = 1.418


Trial 23: qplus Stimulus Selection
Stimulus: 0.629
Output value 0.725

Q+ parameters
slope: 0.055 semiSat: 0.670 beta: 0.750 sigma: 0.114 
maxBOLD estimate = 2.127


Trial 24: qplus Stimulus Selection
Stimulus: 0.670
Output value 1.015

Q+ parameters
slope: 0.234 semiSat: 0.560 beta: 0.875 sigma: 0.114 
maxBOLD estimate = 1.595


Trial 25: maxBOLD Stimulus Selection
Stimulus: 1.000
Output value 1.229

Q+ parameters
slope: 0.144 semiSat: 0.560 beta: 0.969 sigma: 0.114 
maxBOLD estimate = 1.396


Trial 26: qplus Stimulus Selection
Stimulus: 0.588
Output value 0.595

Q+ parameters
slope: 0.144 semiSat: 0.560 beta: 0.969 sigma: 0.114 
maxBOLD estimate = 1.352


Trial 27: qplus Stimulus Selection
Stimulus: 0.588
Output value 1.139

Q+ parameters
slope: 0.183 semiSat: 0.560 beta: 1.062 sigma: 0.114 
maxBOLD estimate = 1.310


Trial 28: qplus Stimulus Selection
Stimulus: 0.505
Output value 0.245

Q+ parameters
slope: 0.144 semiSat: 0.560 beta: 0.969 sigma: 0.114 
maxBOLD estimate = 1.392


Trial 29: qplus Stimulus Selection
Stimulus: 0.629
Output value 0.475

Q+ parameters
slope: 0.144 semiSat: 0.560 beta: 0.969 sigma: 0.114 
maxBOLD estimate = 1.348


Trial 30: baseline Stimulus Selection
Stimulus: 0.010
Output value -0.252

Q+ parameters
slope: 0.183 semiSat: 0.560 beta: 1.062 sigma: 0.114 
maxBOLD estimate = 1.306


Trial 31: qplus Stimulus Selection
Stimulus: 0.505
Output value 0.000

Q+ parameters
slope: 0.144 semiSat: 0.560 beta: 0.969 sigma: 0.114 
maxBOLD estimate = 1.388


Trial 32: qplus Stimulus Selection
Stimulus: 0.629
Output value 1.184

Q+ parameters
slope: 0.144 semiSat: 0.560 beta: 0.969 sigma: 0.114 
maxBOLD estimate = 1.344


Trial 33: qplus Stimulus Selection
Stimulus: 0.505
Output value 0.755

Q+ parameters
slope: 0.183 semiSat: 0.560 beta: 1.062 sigma: 0.114 
maxBOLD estimate = 1.302


Trial 34: qplus Stimulus Selection
Stimulus: 0.505
Output value 0.487

Q+ parameters
slope: 0.144 semiSat: 0.560 beta: 0.969 sigma: 0.114 
maxBOLD estimate = 1.384


Trial 35: maxBOLD Stimulus Selection
Stimulus: 1.000
Output value 1.180

Q+ parameters
slope: 0.144 semiSat: 0.560 beta: 0.969 sigma: 0.114 
maxBOLD estimate = 1.340


Trial 36: qplus Stimulus Selection
Stimulus: 0.588
Output value 1.129

Q+ parameters
slope: 0.183 semiSat: 0.560 beta: 1.062 sigma: 0.114 
maxBOLD estimate = 1.298


Trial 37: qplus Stimulus Selection
Stimulus: 0.505
Output value 0.243

Q+ parameters
slope: 0.144 semiSat: 0.560 beta: 0.969 sigma: 0.114 
maxBOLD estimate = 1.380


Trial 38: qplus Stimulus Selection
Stimulus: 0.505
Output value 0.000

Q+ parameters
slope: 0.234 semiSat: 0.560 beta: 1.000 sigma: 0.114 
maxBOLD estimate = 1.337


Trial 39: qplus Stimulus Selection
Stimulus: 0.546
Output value 0.471

Q+ parameters
slope: 0.298 semiSat: 0.560 beta: 0.969 sigma: 0.114 
maxBOLD estimate = 1.337


Trial 40: baseline Stimulus Selection
Stimulus: 0.010
Output value -0.250

Q+ parameters
slope: 0.183 semiSat: 0.560 beta: 1.062 sigma: 0.114 
maxBOLD estimate = 1.295


Trial 41: qplus Stimulus Selection
Stimulus: 0.505
Output value 0.133

Q+ parameters
slope: 0.183 semiSat: 0.560 beta: 1.062 sigma: 0.114 
maxBOLD estimate = 1.376


Trial 42: qplus Stimulus Selection
Stimulus: 0.505
Output value 0.257

Q+ parameters
slope: 0.298 semiSat: 0.560 beta: 0.969 sigma: 0.114 
maxBOLD estimate = 1.462


Trial 43: qplus Stimulus Selection
Stimulus: 0.670
Output value 0.998

Q+ parameters
slope: 0.298 semiSat: 0.560 beta: 0.969 sigma: 0.114 
maxBOLD estimate = 1.416


Trial 44: qplus Stimulus Selection
Stimulus: 0.505
Output value 0.121

Q+ parameters
slope: 0.298 semiSat: 0.560 beta: 0.969 sigma: 0.114 
maxBOLD estimate = 1.372


Trial 45: maxBOLD Stimulus Selection
Stimulus: 1.000
Output value 1.412

Q+ parameters
slope: 0.183 semiSat: 0.560 beta: 1.062 sigma: 0.114 
maxBOLD estimate = 1.329


Trial 46: qplus Stimulus Selection
Stimulus: 0.505
Output value 0.000

Q+ parameters
slope: 0.298 semiSat: 0.560 beta: 0.969 sigma: 0.114 
maxBOLD estimate = 1.412


Trial 47: qplus Stimulus Selection
Stimulus: 0.546
Output value 0.120

Q+ parameters
slope: 0.298 semiSat: 0.560 beta: 0.969 sigma: 0.114 
maxBOLD estimate = 1.368


Trial 48: qplus Stimulus Selection
Stimulus: 0.546
Output value 0.000

Q+ parameters
slope: 0.298 semiSat: 0.560 beta: 0.969 sigma: 0.114 
maxBOLD estimate = 1.325


Trial 49: qplus Stimulus Selection
Stimulus: 0.546
Output value 0.452

Q+ parameters
slope: 0.298 semiSat: 0.560 beta: 0.969 sigma: 0.114 
maxBOLD estimate = 1.284


Trial 50: baseline Stimulus Selection
Stimulus: 0.010
Output value -0.254

Q+ parameters
slope: 0.183 semiSat: 0.560 beta: 1.125 sigma: 0.114 
maxBOLD estimate = 1.244


Trial 51: qplus Stimulus Selection
Stimulus: 0.505
Output value 0.123

Q+ parameters
slope: 0.298 semiSat: 0.560 beta: 0.969 sigma: 0.114 
maxBOLD estimate = 1.399


Trial 52: qplus Stimulus Selection
Stimulus: 0.546
Output value 0.119

Q+ parameters
slope: 0.298 semiSat: 0.560 beta: 0.969 sigma: 0.114 
maxBOLD estimate = 1.355


Trial 53: qplus Stimulus Selection
Stimulus: 0.588
Output value 0.578

Q+ parameters
slope: 0.298 semiSat: 0.560 beta: 0.969 sigma: 0.114 
maxBOLD estimate = 1.313


Trial 54: qplus Stimulus Selection
Stimulus: 0.505
Output value 0.390

Q+ parameters
slope: 0.183 semiSat: 0.560 beta: 1.125 sigma: 0.114 
maxBOLD estimate = 1.272


Trial 55: maxBOLD Stimulus Selection
Stimulus: 1.000
Output value 1.386

Q+ parameters
slope: 0.298 semiSat: 0.560 beta: 0.969 sigma: 0.114 
maxBOLD estimate = 1.431


Trial 56: qplus Stimulus Selection
Stimulus: 0.711
Output value 1.343

Q+ parameters
slope: 0.298 semiSat: 0.560 beta: 0.969 sigma: 0.114 
maxBOLD estimate = 1.386


Trial 57: qplus Stimulus Selection
Stimulus: 0.546
Output value 0.355

Q+ parameters
slope: 0.298 semiSat: 0.560 beta: 0.969 sigma: 0.114 
maxBOLD estimate = 1.343


Trial 58: qplus Stimulus Selection
Stimulus: 0.546
Output value 0.115

Q+ parameters
slope: 0.298 semiSat: 0.560 beta: 0.969 sigma: 0.114 
maxBOLD estimate = 1.301


Trial 59: qplus Stimulus Selection
Stimulus: 0.505
Output value 0.000

Q+ parameters
slope: 0.298 semiSat: 0.560 beta: 1.000 sigma: 0.114 
maxBOLD estimate = 1.260


Trial 60: baseline Stimulus Selection
Stimulus: 0.010
Output value -0.258

Q+ parameters
slope: 0.183 semiSat: 0.560 beta: 1.125 sigma: 0.114 
maxBOLD estimate = 1.260


Trial 61: qplus Stimulus Selection
Stimulus: 0.464
Output value -0.125

Q+ parameters
slope: 0.298 semiSat: 0.560 beta: 0.969 sigma: 0.114 
maxBOLD estimate = 1.418


Trial 62: qplus Stimulus Selection
Stimulus: 0.546
Output value 0.843

Q+ parameters
slope: 0.234 semiSat: 0.560 beta: 1.125 sigma: 0.114 
maxBOLD estimate = 1.373


Trial 63: qplus Stimulus Selection
Stimulus: 0.505
Output value 0.408

Q+ parameters
slope: 0.298 semiSat: 0.560 beta: 0.969 sigma: 0.114 
maxBOLD estimate = 1.545


Trial 64: qplus Stimulus Selection
Stimulus: 0.711
Output value 1.582

Q+ parameters
slope: 0.298 semiSat: 0.560 beta: 0.969 sigma: 0.114 
maxBOLD estimate = 1.497


Trial 65: maxBOLD Stimulus Selection
Stimulus: 1.000
Output value 1.532

Q+ parameters
slope: 0.298 semiSat: 0.560 beta: 0.969 sigma: 0.114 
maxBOLD estimate = 1.450


Trial 66: qplus Stimulus Selection
Stimulus: 0.711
Output value 1.361

Q+ parameters
slope: 0.298 semiSat: 0.560 beta: 0.969 sigma: 0.114 
maxBOLD estimate = 1.405


Trial 67: qplus Stimulus Selection
Stimulus: 0.546
Output value 1.113

Q+ parameters
slope: 0.234 semiSat: 0.560 beta: 1.125 sigma: 0.114 
maxBOLD estimate = 1.361


Trial 68: qplus Stimulus Selection
Stimulus: 0.464
Output value 0.270

Q+ parameters
slope: 0.298 semiSat: 0.560 beta: 0.969 sigma: 0.114 
maxBOLD estimate = 1.531


Trial 69: qplus Stimulus Selection
Stimulus: 0.711
Output value 1.567

Q+ parameters
slope: 0.298 semiSat: 0.560 beta: 0.969 sigma: 0.114 
maxBOLD estimate = 1.483


Trial 70: baseline Stimulus Selection
Stimulus: 0.010
Output value 0.000

Q+ parameters
slope: 0.298 semiSat: 0.560 beta: 0.969 sigma: 0.114 
maxBOLD estimate = 1.437


Trial 71: qplus Stimulus Selection
Stimulus: 0.546
Output value 0.613

Q+ parameters
slope: 0.298 semiSat: 0.560 beta: 0.969 sigma: 0.114 
maxBOLD estimate = 1.392


Trial 72: qplus Stimulus Selection
Stimulus: 0.546
Output value 1.241

Q+ parameters
slope: 0.234 semiSat: 0.560 beta: 1.125 sigma: 0.114 
maxBOLD estimate = 1.348


Trial 73: qplus Stimulus Selection
Stimulus: 0.505
Output value 0.668

Q+ parameters
slope: 0.298 semiSat: 0.560 beta: 0.969 sigma: 0.114 
maxBOLD estimate = 1.517


Trial 74: qplus Stimulus Selection
Stimulus: 0.711
Output value 1.553

Q+ parameters
slope: 0.298 semiSat: 0.560 beta: 0.969 sigma: 0.114 
maxBOLD estimate = 1.470


Trial 75: maxBOLD Stimulus Selection
Stimulus: 1.000
Output value 1.504

Q+ parameters
slope: 0.298 semiSat: 0.560 beta: 0.969 sigma: 0.114 
maxBOLD estimate = 1.424


Trial 76: qplus Stimulus Selection
Stimulus: 0.588
Output value 1.269

Q+ parameters
slope: 0.234 semiSat: 0.560 beta: 1.125 sigma: 0.114 
maxBOLD estimate = 1.379


Trial 77: qplus Stimulus Selection
Stimulus: 0.464
Output value 0.820

Q+ parameters
slope: 0.298 semiSat: 0.560 beta: 0.969 sigma: 0.114 
maxBOLD estimate = 1.552


Trial 78: qplus Stimulus Selection
Stimulus: 0.546
Output value 0.927

Q+ parameters
slope: 0.298 semiSat: 0.560 beta: 0.969 sigma: 0.114 
maxBOLD estimate = 1.503


Trial 79: qplus Stimulus Selection
Stimulus: 0.546
Output value 0.984

Q+ parameters
slope: 0.183 semiSat: 0.560 beta: 1.062 sigma: 0.114 
maxBOLD estimate = 1.456


Trial 80: baseline Stimulus Selection
Stimulus: 0.010
Output value 0.136

Q+ parameters
slope: 0.298 semiSat: 0.560 beta: 0.969 sigma: 0.114 
maxBOLD estimate = 1.547


Trial 81: qplus Stimulus Selection
Stimulus: 0.711
Output value 1.452

Q+ parameters
slope: 0.298 semiSat: 0.560 beta: 0.969 sigma: 0.114 
maxBOLD estimate = 1.499


Trial 82: qplus Stimulus Selection
Stimulus: 0.546
Output value 0.841

Q+ parameters
slope: 0.298 semiSat: 0.560 beta: 1.062 sigma: 0.166 
maxBOLD estimate = 1.452


Trial 83: qplus Stimulus Selection
Stimulus: 0.505
Output value 0.272

Q+ parameters
slope: 0.298 semiSat: 0.560 beta: 0.969 sigma: 0.114 
maxBOLD estimate = 1.543


Trial 84: qplus Stimulus Selection
Stimulus: 0.546
Output value 0.526

Q+ parameters
slope: 0.298 semiSat: 0.560 beta: 0.969 sigma: 0.114 
maxBOLD estimate = 1.494


Trial 85: maxBOLD Stimulus Selection
Stimulus: 1.000
Output value 1.678

Q+ parameters
slope: 0.183 semiSat: 0.560 beta: 1.062 sigma: 0.114 
maxBOLD estimate = 1.448


Trial 86: qplus Stimulus Selection
Stimulus: 0.588
Output value 1.084

Q+ parameters
slope: 0.298 semiSat: 0.560 beta: 0.969 sigma: 0.114 
maxBOLD estimate = 1.538


Trial 87: qplus Stimulus Selection
Stimulus: 0.546
Output value 0.656

Q+ parameters
slope: 0.298 semiSat: 0.560 beta: 0.969 sigma: 0.114 
maxBOLD estimate = 1.490


Trial 88: qplus Stimulus Selection
Stimulus: 0.546
Output value 0.558

Q+ parameters
slope: 0.183 semiSat: 0.560 beta: 1.062 sigma: 0.114 
maxBOLD estimate = 1.444


Trial 89: qplus Stimulus Selection
Stimulus: 0.588
Output value 1.081

Q+ parameters
slope: 0.298 semiSat: 0.560 beta: 0.969 sigma: 0.114 
maxBOLD estimate = 1.534


Trial 90: baseline Stimulus Selection
Stimulus: 0.010
Output value 0.262

Q+ parameters
slope: 0.298 semiSat: 0.560 beta: 0.969 sigma: 0.114 
maxBOLD estimate = 1.486


Trial 91: qplus Stimulus Selection
Stimulus: 0.546
Output value 0.556

Q+ parameters
slope: 0.183 semiSat: 0.560 beta: 1.062 sigma: 0.114 
maxBOLD estimate = 1.439


Trial 92: qplus Stimulus Selection
Stimulus: 0.588
Output value 1.078

Q+ parameters
slope: 0.298 semiSat: 0.560 beta: 0.969 sigma: 0.114 
maxBOLD estimate = 1.529


Trial 93: qplus Stimulus Selection
Stimulus: 0.546
Output value 0.652

Q+ parameters
slope: 0.298 semiSat: 0.560 beta: 0.969 sigma: 0.114 
maxBOLD estimate = 1.482


Trial 94: qplus Stimulus Selection
Stimulus: 0.546
Output value 0.555

Q+ parameters
slope: 0.183 semiSat: 0.560 beta: 1.062 sigma: 0.114 
maxBOLD estimate = 1.435


Trial 95: maxBOLD Stimulus Selection
Stimulus: 1.000
Output value 1.209

Q+ parameters
slope: 0.298 semiSat: 0.560 beta: 0.969 sigma: 0.114 
maxBOLD estimate = 1.525


Trial 96: qplus Stimulus Selection
Stimulus: 0.546
Output value 0.520

Q+ parameters
slope: 0.298 semiSat: 0.560 beta: 0.969 sigma: 0.114 
maxBOLD estimate = 1.477


Trial 97: qplus Stimulus Selection
Stimulus: 0.546
Output value 0.126

Q+ parameters
slope: 0.298 semiSat: 0.560 beta: 0.969 sigma: 0.114 
maxBOLD estimate = 1.431


Trial 98: qplus Stimulus Selection
Stimulus: 0.505
Output value 0.134

Q+ parameters
slope: 0.298 semiSat: 0.560 beta: 1.062 sigma: 0.114 
maxBOLD estimate = 1.386


Trial 99: qplus Stimulus Selection
Stimulus: 0.505
Output value 0.519

Q+ parameters
slope: 0.298 semiSat: 0.560 beta: 0.969 sigma: 0.114 
maxBOLD estimate = 1.473


Trial 100: baseline Stimulus Selection
Stimulus: 0.010
Output value 0.377

Q+ parameters
slope: 0.298 semiSat: 0.560 beta: 0.969 sigma: 0.114 
maxBOLD estimate = 1.427

--------------------------------------------------------------
FINAL VALUES
--------------------------------------------------------------
Simulated parameters:              slope: 0.200 semiSat: 0.570 beta: 1.000 sigma: 0.100 
Max posterior QUEST+ parameters:   slope: 0.298 semiSat: 0.560 beta: 0.969 sigma: 0.114 
Max BADS parameters:               slope: 0.219 semiSat: 0.570 beta: 1.000 sigma: 0.124 
maxBOLD estimate: 1.411
