/blue/stevenweisberg/stevenweisberg/MATLAB/projects/Weisberg_Aguirre_2020/scripts/run_sims
c29a-s27.ufhpc
Fri Nov 13 21:50:15 EST 2020
mkdir: cannot create directory ‘/blue/stevenweisberg/stevenweisberg/qpfMRIResults/model_parameter_set1/’: File exists
cp: cannot stat ‘/blue/stevenweisberg/stevenweisberg/qpfMRIResults/deploy_sim.sh’: No such file or directory
cp: cannot stat ‘/blue/stevenweisberg/stevenweisberg/qpfMRIResults/sim_wrapper.sh’: No such file or directory
------------------------------------------
Setting up environment variables
---
LD_LIBRARY_PATH is .:/apps/matlab/mcr/2020b/v99/runtime/glnxa64:/apps/matlab/mcr/2020b/v99/bin/glnxa64:/apps/matlab/mcr/2020b/v99/sys/os/glnxa64:/apps/matlab/mcr/2020b/v99/sys/opengl/lib/glnxa64
Warning: Executing startup failed in matlabrc.
This indicates a potentially serious problem in your MATLAB setup, which should be resolved as soon as possible.  Error detected was:
MATLAB:mpath:PathAlterationNotSupported
Modifying the search path is not supported by MATLAB Compiler. Remove functions that modify the search path from your MATLAB code. To make files visible to your deployed application, add the parent folder to your MATLAB session.
Warning: No stimulus domain specified. Defaulting to values between 0.01 and 1.
> In qpfmriParams (line 182)
In compiledSimulate (line 205)
Stimulus domain added from input.
Parameter slope specified as 0.41000
Parameter semiSat specified as 0.57000
Parameter beta specified as 1.00000
Parameter sigma specified as 0.25000
seed = 99seed = 104seed = 111seed = 111seed = 115seed = 101Initializing Q+. This may take a minute...
Elapsed time is 10.282673 seconds.
Simulated parameters:
slope: 0.410 semiSat: 0.570 beta: 1.000 sigma: 0.250 

Trial 1: baseline Stimulus Selection
Stimulus: 0.010
Output value 0.000

Q+ parameters
slope: 0.026 semiSat: 0.890 beta: 0.500 sigma: 0.010 
maxBOLD estimate = 1.000


Trial 2: maxBOLD Stimulus Selection
Stimulus: 1.000
Output value 1.364

Q+ parameters
slope: 0.055 semiSat: 0.670 beta: 1.250 sigma: 0.010 
maxBOLD estimate = 1.000


Trial 3: baseline Stimulus Selection
Stimulus: 0.010
Output value 0.511

Q+ parameters
slope: 0.043 semiSat: 0.780 beta: 1.125 sigma: 0.218 
maxBOLD estimate = 1.250


Trial 4: maxBOLD Stimulus Selection
Stimulus: 1.000
Output value -0.128

Q+ parameters
slope: 0.026 semiSat: 0.890 beta: 0.500 sigma: 1.000 
maxBOLD estimate = 1.406


Trial 5: baseline Stimulus Selection
Stimulus: 0.010
Output value -0.144

Q+ parameters
slope: 0.043 semiSat: 0.780 beta: 1.125 sigma: 1.000 
maxBOLD estimate = 0.703


Trial 6: maxBOLD Stimulus Selection
Stimulus: 1.000
Output value 0.971

Q+ parameters
slope: 0.043 semiSat: 0.780 beta: 1.125 sigma: 1.000 
maxBOLD estimate = 0.791


Trial 7: random Stimulus Selection
Stimulus: 0.959
Output value -0.243

Q+ parameters
slope: 1.000 semiSat: 1.000 beta: 1.500 sigma: 0.427 
maxBOLD estimate = 0.890


Trial 8: random Stimulus Selection
Stimulus: 0.134
Output value -0.364

Q+ parameters
slope: 1.000 semiSat: 1.000 beta: 1.500 sigma: 0.271 
maxBOLD estimate = 1.335


Trial 9: random Stimulus Selection
Stimulus: 0.010
Output value -0.546

Q+ parameters
slope: 0.379 semiSat: 1.000 beta: 1.500 sigma: 0.166 
maxBOLD estimate = 2.002


Trial 10: baseline Stimulus Selection
Stimulus: 0.010
Output value -0.546

Q+ parameters
slope: 0.298 semiSat: 1.000 beta: 1.000 sigma: 0.166 
maxBOLD estimate = 3.003


Trial 11: random Stimulus Selection
Stimulus: 0.711
Output value 1.195

Q+ parameters
slope: 0.034 semiSat: 1.000 beta: 0.875 sigma: 0.166 
maxBOLD estimate = 3.003


Trial 12: random Stimulus Selection
Stimulus: 0.794
Output value 0.597

Q+ parameters
slope: 0.616 semiSat: 0.230 beta: 0.500 sigma: 0.166 
maxBOLD estimate = 2.628


Trial 13: random Stimulus Selection
Stimulus: 0.670
Output value 2.150

Q+ parameters
slope: 0.089 semiSat: 0.560 beta: 1.500 sigma: 0.323 
maxBOLD estimate = 1.314


Trial 14: random Stimulus Selection
Stimulus: 0.588
Output value 0.941

Q+ parameters
slope: 0.113 semiSat: 0.450 beta: 0.750 sigma: 0.218 
maxBOLD estimate = 1.971


Trial 15: maxBOLD Stimulus Selection
Stimulus: 1.000
Output value 1.562

Q+ parameters
slope: 0.183 semiSat: 0.340 beta: 0.969 sigma: 0.323 
maxBOLD estimate = 1.478


Trial 16: random Stimulus Selection
Stimulus: 0.753
Output value 2.343

Q+ parameters
slope: 0.113 semiSat: 0.450 beta: 1.500 sigma: 0.271 
maxBOLD estimate = 1.432


Trial 17: random Stimulus Selection
Stimulus: 0.753
Output value 1.709

Q+ parameters
slope: 0.144 semiSat: 0.450 beta: 0.875 sigma: 0.271 
maxBOLD estimate = 2.148


Trial 18: random Stimulus Selection
Stimulus: 0.092
Output value 0.828

Q+ parameters
slope: 0.183 semiSat: 0.340 beta: 0.969 sigma: 0.323 
maxBOLD estimate = 1.880


Trial 19: random Stimulus Selection
Stimulus: 0.175
Output value 0.160

Q+ parameters
slope: 0.183 semiSat: 0.340 beta: 0.969 sigma: 0.271 
maxBOLD estimate = 1.821


Trial 20: baseline Stimulus Selection
Stimulus: 0.010
Output value 0.561

Q+ parameters
slope: 0.183 semiSat: 0.340 beta: 0.875 sigma: 0.271 
maxBOLD estimate = 1.764


Trial 21: random Stimulus Selection
Stimulus: 0.588
Output value 1.631

Q+ parameters
slope: 0.183 semiSat: 0.340 beta: 0.969 sigma: 0.271 
maxBOLD estimate = 1.543


Trial 22: random Stimulus Selection
Stimulus: 0.175
Output value -0.132

Q+ parameters
slope: 0.183 semiSat: 0.340 beta: 0.969 sigma: 0.271 
maxBOLD estimate = 1.495


Trial 23: random Stimulus Selection
Stimulus: 0.794
Output value 1.531

Q+ parameters
slope: 0.183 semiSat: 0.340 beta: 0.969 sigma: 0.271 
maxBOLD estimate = 1.448


Trial 24: random Stimulus Selection
Stimulus: 0.629
Output value 1.483

Q+ parameters
slope: 0.183 semiSat: 0.340 beta: 0.969 sigma: 0.271 
maxBOLD estimate = 1.403


Trial 25: maxBOLD Stimulus Selection
Stimulus: 1.000
Output value 1.437

Q+ parameters
slope: 0.183 semiSat: 0.340 beta: 0.969 sigma: 0.271 
maxBOLD estimate = 1.359


Trial 26: random Stimulus Selection
Stimulus: 0.464
Output value 0.000

Q+ parameters
slope: 1.000 semiSat: 0.560 beta: 1.031 sigma: 0.271 
maxBOLD estimate = 1.317


Trial 27: random Stimulus Selection
Stimulus: 0.753
Output value 1.528

Q+ parameters
slope: 1.000 semiSat: 0.560 beta: 1.031 sigma: 0.271 
maxBOLD estimate = 1.358


Trial 28: random Stimulus Selection
Stimulus: 0.711
Output value 0.919

Q+ parameters
slope: 1.000 semiSat: 0.560 beta: 1.031 sigma: 0.271 
maxBOLD estimate = 1.400


Trial 29: random Stimulus Selection
Stimulus: 0.257
Output value -0.271

Q+ parameters
slope: 1.000 semiSat: 0.560 beta: 1.031 sigma: 0.271 
maxBOLD estimate = 1.444


Trial 30: baseline Stimulus Selection
Stimulus: 0.010
Output value -0.140

Q+ parameters
slope: 1.000 semiSat: 0.560 beta: 1.031 sigma: 0.271 
maxBOLD estimate = 1.489

--------------------------------------------------------------
FINAL VALUES
--------------------------------------------------------------
Simulated parameters:              slope: 0.410 semiSat: 0.570 beta: 1.000 sigma: 0.250 
Max posterior QUEST+ parameters:   slope: 1.000 semiSat: 0.560 beta: 1.031 sigma: 0.271 
Max BADS parameters:               slope: 0.924 semiSat: 0.511 beta: 1.000 sigma: 0.253 
maxBOLD estimate: 1.466
