/blue/stevenweisberg/stevenweisberg/MATLAB/projects/Weisberg_Aguirre_2020/scripts/run_sims
c28a-s3.ufhpc
Fri Nov 13 23:11:22 EST 2020
mkdir: cannot create directory ‘/blue/stevenweisberg/stevenweisberg/qpfMRIResults/model_parameter_set1/’: File exists
cp: cannot stat ‘/blue/stevenweisberg/stevenweisberg/qpfMRIResults/deploy_sim.sh’: No such file or directory
cp: cannot stat ‘/blue/stevenweisberg/stevenweisberg/qpfMRIResults/sim_wrapper.sh’: No such file or directory
------------------------------------------
Setting up environment variables
---
LD_LIBRARY_PATH is .:/apps/matlab/mcr/2020b/v99/runtime/glnxa64:/apps/matlab/mcr/2020b/v99/bin/glnxa64:/apps/matlab/mcr/2020b/v99/sys/os/glnxa64:/apps/matlab/mcr/2020b/v99/sys/opengl/lib/glnxa64
Warning: Executing startup failed in matlabrc.
This indicates a potentially serious problem in your MATLAB setup, which should be resolved as soon as possible.  Error detected was:
MATLAB:mpath:PathAlterationNotSupported
Modifying the search path is not supported by MATLAB Compiler. Remove functions that modify the search path from your MATLAB code. To make files visible to your deployed application, add the parent folder to your MATLAB session.
Warning: No stimulus domain specified. Defaulting to values between 0.01 and 1.
> In qpfmriParams (line 182)
In compiledSimulate (line 205)
Stimulus domain added from input.
Parameter slope specified as 0.41000
Parameter semiSat specified as 0.57000
Parameter beta specified as 1.00000
Parameter sigma specified as 0.15000
seed = 99seed = 104seed = 111seed = 111seed = 115seed = 101Initializing Q+. This may take a minute...
Elapsed time is 9.872907 seconds.
Simulated parameters:
slope: 0.410 semiSat: 0.570 beta: 1.000 sigma: 0.150 

Trial 1: baseline Stimulus Selection
Stimulus: 0.010
Output value 0.000

Q+ parameters
slope: 0.026 semiSat: 0.890 beta: 0.500 sigma: 0.010 
maxBOLD estimate = 1.000


Trial 2: maxBOLD Stimulus Selection
Stimulus: 1.000
Output value 1.364

Q+ parameters
slope: 0.055 semiSat: 0.670 beta: 1.250 sigma: 0.010 
maxBOLD estimate = 1.000


Trial 3: baseline Stimulus Selection
Stimulus: 0.010
Output value -0.284

Q+ parameters
slope: 0.055 semiSat: 0.670 beta: 1.250 sigma: 0.166 
maxBOLD estimate = 1.250


Trial 4: maxBOLD Stimulus Selection
Stimulus: 1.000
Output value 2.131

Q+ parameters
slope: 0.055 semiSat: 0.670 beta: 1.250 sigma: 0.114 
maxBOLD estimate = 1.562


Trial 5: baseline Stimulus Selection
Stimulus: 0.010
Output value 0.200

Q+ parameters
slope: 0.055 semiSat: 0.670 beta: 1.125 sigma: 0.114 
maxBOLD estimate = 1.953


Trial 6: maxBOLD Stimulus Selection
Stimulus: 1.000
Output value 2.697

Q+ parameters
slope: 0.055 semiSat: 0.670 beta: 1.125 sigma: 0.062 
maxBOLD estimate = 2.197


Trial 7: random Stimulus Selection
Stimulus: 0.257
Output value 0.393

Q+ parameters
slope: 0.055 semiSat: 0.560 beta: 0.875 sigma: 0.062 
maxBOLD estimate = 2.472


Trial 8: random Stimulus Selection
Stimulus: 0.299
Output value 1.106

Q+ parameters
slope: 0.055 semiSat: 0.340 beta: 0.938 sigma: 0.062 
maxBOLD estimate = 2.163


Trial 9: random Stimulus Selection
Stimulus: 0.629
Output value 2.765

Q+ parameters
slope: 0.113 semiSat: 0.340 beta: 1.250 sigma: 0.114 
maxBOLD estimate = 2.028


Trial 10: baseline Stimulus Selection
Stimulus: 0.010
Output value 0.691

Q+ parameters
slope: 0.234 semiSat: 0.340 beta: 0.750 sigma: 0.114 
maxBOLD estimate = 2.535


Trial 11: random Stimulus Selection
Stimulus: 0.876
Output value 1.842

Q+ parameters
slope: 0.183 semiSat: 0.340 beta: 0.969 sigma: 0.166 
maxBOLD estimate = 1.901


Trial 12: random Stimulus Selection
Stimulus: 0.175
Output value 0.162

Q+ parameters
slope: 0.183 semiSat: 0.340 beta: 0.969 sigma: 0.166 
maxBOLD estimate = 1.842


Trial 13: random Stimulus Selection
Stimulus: 0.918
Output value 2.676

Q+ parameters
slope: 0.113 semiSat: 0.450 beta: 1.500 sigma: 0.166 
maxBOLD estimate = 1.784


Trial 14: random Stimulus Selection
Stimulus: 0.340
Output value 0.365

Q+ parameters
slope: 0.089 semiSat: 0.450 beta: 0.750 sigma: 0.114 
maxBOLD estimate = 2.676


Trial 15: maxBOLD Stimulus Selection
Stimulus: 1.000
Output value 1.368

Q+ parameters
slope: 0.089 semiSat: 0.450 beta: 0.938 sigma: 0.166 
maxBOLD estimate = 2.007


Trial 16: random Stimulus Selection
Stimulus: 0.876
Output value 0.962

Q+ parameters
slope: 0.089 semiSat: 0.450 beta: 0.938 sigma: 0.166 
maxBOLD estimate = 1.882


Trial 17: random Stimulus Selection
Stimulus: 0.299
Output value -0.241

Q+ parameters
slope: 0.144 semiSat: 0.560 beta: 1.500 sigma: 0.218 
maxBOLD estimate = 1.764


Trial 18: random Stimulus Selection
Stimulus: 0.835
Output value 0.481

Q+ parameters
slope: 0.785 semiSat: 0.450 beta: 0.500 sigma: 0.114 
maxBOLD estimate = 2.646


Trial 19: random Stimulus Selection
Stimulus: 0.711
Output value 1.804

Q+ parameters
slope: 0.070 semiSat: 0.450 beta: 1.250 sigma: 0.218 
maxBOLD estimate = 1.323


Trial 20: baseline Stimulus Selection
Stimulus: 0.010
Output value -0.376

Q+ parameters
slope: 0.113 semiSat: 0.450 beta: 1.250 sigma: 0.218 
maxBOLD estimate = 1.654


Trial 21: random Stimulus Selection
Stimulus: 1.000
Output value 0.846

Q+ parameters
slope: 0.144 semiSat: 0.450 beta: 0.750 sigma: 0.114 
maxBOLD estimate = 2.067


Trial 22: random Stimulus Selection
Stimulus: 0.588
Output value 1.762

Q+ parameters
slope: 0.144 semiSat: 0.450 beta: 1.250 sigma: 0.218 
maxBOLD estimate = 1.550


Trial 23: random Stimulus Selection
Stimulus: 0.505
Output value 0.264

Q+ parameters
slope: 0.379 semiSat: 0.560 beta: 0.750 sigma: 0.166 
maxBOLD estimate = 1.938


Trial 24: random Stimulus Selection
Stimulus: 0.381
Output value 0.595

Q+ parameters
slope: 0.785 semiSat: 0.560 beta: 1.125 sigma: 0.218 
maxBOLD estimate = 1.454


Trial 25: maxBOLD Stimulus Selection
Stimulus: 1.000
Output value 1.895

Q+ parameters
slope: 0.616 semiSat: 0.560 beta: 1.062 sigma: 0.218 
maxBOLD estimate = 1.635


Trial 26: random Stimulus Selection
Stimulus: 1.000
Output value 2.132

Q+ parameters
slope: 0.379 semiSat: 0.560 beta: 1.125 sigma: 0.218 
maxBOLD estimate = 1.737


Trial 27: random Stimulus Selection
Stimulus: 0.010
Output value 0.400

Q+ parameters
slope: 0.616 semiSat: 0.560 beta: 0.750 sigma: 0.166 
maxBOLD estimate = 1.955


Trial 28: random Stimulus Selection
Stimulus: 0.711
Output value 1.274

Q+ parameters
slope: 0.616 semiSat: 0.560 beta: 1.062 sigma: 0.218 
maxBOLD estimate = 1.466


Trial 29: random Stimulus Selection
Stimulus: 0.546
Output value 0.301

Q+ parameters
slope: 0.785 semiSat: 0.560 beta: 1.062 sigma: 0.218 
maxBOLD estimate = 1.558


Trial 30: baseline Stimulus Selection
Stimulus: 0.010
Output value 0.000

Q+ parameters
slope: 0.785 semiSat: 0.560 beta: 1.062 sigma: 0.218 
maxBOLD estimate = 1.655

--------------------------------------------------------------
FINAL VALUES
--------------------------------------------------------------
Simulated parameters:              slope: 0.410 semiSat: 0.570 beta: 1.000 sigma: 0.150 
Max posterior QUEST+ parameters:   slope: 0.785 semiSat: 0.560 beta: 0.875 sigma: 0.166 
Max BADS parameters:               slope: 0.782 semiSat: 0.584 beta: 1.000 sigma: 0.202 
maxBOLD estimate: 1.867
