/blue/stevenweisberg/stevenweisberg/MATLAB/projects/Weisberg_Aguirre_2020/scripts/run_sims
c31a-s15.ufhpc
Thu Nov 12 14:03:26 EST 2020
cp: cannot stat ‘/blue/stevenweisberg/stevenweisberg/qpfMRIResults/deploy_sim.sh’: No such file or directory
cp: cannot stat ‘/blue/stevenweisberg/stevenweisberg/qpfMRIResults/sim_wrapper.sh’: No such file or directory
------------------------------------------
Setting up environment variables
---
LD_LIBRARY_PATH is .:/apps/matlab/mcr/2020b/v99/runtime/glnxa64:/apps/matlab/mcr/2020b/v99/bin/glnxa64:/apps/matlab/mcr/2020b/v99/sys/os/glnxa64:/apps/matlab/mcr/2020b/v99/sys/opengl/lib/glnxa64
Warning: Executing startup failed in matlabrc.
This indicates a potentially serious problem in your MATLAB setup, which should be resolved as soon as possible.  Error detected was:
MATLAB:mpath:PathAlterationNotSupported
Modifying the search path is not supported by MATLAB Compiler. Remove functions that modify the search path from your MATLAB code. To make files visible to your deployed application, add the parent folder to your MATLAB session.
Warning: No stimulus domain specified. Defaulting to values between 0.01 and 1.
> In qpfmriParams (line 182)
In compiledSimulate (line 205)
Stimulus domain added from input.
Parameter slope specified as 0.41000
Parameter semiSat specified as 0.57000
Parameter beta specified as 1.00000
Parameter sigma specified as 0.25000
seed = 99seed = 104seed = 111seed = 111seed = 115seed = 101Initializing Q+. This may take a minute...
Elapsed time is 9.491019 seconds.
Simulated parameters:
slope: 0.410 semiSat: 0.570 beta: 1.000 sigma: 0.250 

Trial 1: baseline Stimulus Selection
Stimulus: 0.010
Output value 0.000

Q+ parameters
slope: 0.026 semiSat: 0.890 beta: 0.500 sigma: 0.010 
maxBOLD estimate = 1.000


Trial 2: maxBOLD Stimulus Selection
Stimulus: 1.000
Output value 1.364

Q+ parameters
slope: 0.055 semiSat: 0.670 beta: 1.250 sigma: 0.010 
maxBOLD estimate = 1.000


Trial 3: baseline Stimulus Selection
Stimulus: 0.010
Output value -0.142

Q+ parameters
slope: 0.055 semiSat: 0.670 beta: 1.250 sigma: 0.062 
maxBOLD estimate = 1.250


Trial 4: maxBOLD Stimulus Selection
Stimulus: 1.000
Output value 2.131

Q+ parameters
slope: 0.055 semiSat: 0.670 beta: 1.250 sigma: 0.010 
maxBOLD estimate = 1.562


Trial 5: baseline Stimulus Selection
Stimulus: 0.010
Output value 0.444

Q+ parameters
slope: 0.055 semiSat: 0.670 beta: 1.250 sigma: 0.062 
maxBOLD estimate = 1.953


Trial 6: maxBOLD Stimulus Selection
Stimulus: 1.000
Output value 1.748

Q+ parameters
slope: 0.043 semiSat: 0.780 beta: 1.125 sigma: 0.062 
maxBOLD estimate = 2.441


Trial 7: qplus Stimulus Selection
Stimulus: 0.588
Output value 1.685

Q+ parameters
slope: 0.113 semiSat: 0.340 beta: 0.750 sigma: 0.114 
maxBOLD estimate = 2.747


Trial 8: qplus Stimulus Selection
Stimulus: 0.381
Output value 1.270

Q+ parameters
slope: 0.113 semiSat: 0.340 beta: 0.969 sigma: 0.114 
maxBOLD estimate = 2.060


Trial 9: qplus Stimulus Selection
Stimulus: 0.299
Output value 1.349

Q+ parameters
slope: 0.113 semiSat: 0.340 beta: 1.062 sigma: 0.166 
maxBOLD estimate = 1.996


Trial 10: baseline Stimulus Selection
Stimulus: 0.010
Output value 0.747

Q+ parameters
slope: 0.070 semiSat: 0.450 beta: 0.969 sigma: 0.166 
maxBOLD estimate = 2.120


Trial 11: qplus Stimulus Selection
Stimulus: 0.505
Output value 1.307

Q+ parameters
slope: 0.089 semiSat: 0.340 beta: 0.875 sigma: 0.166 
maxBOLD estimate = 2.054


Trial 12: qplus Stimulus Selection
Stimulus: 0.381
Output value 0.919

Q+ parameters
slope: 0.089 semiSat: 0.450 beta: 1.125 sigma: 0.218 
maxBOLD estimate = 1.797


Trial 13: qplus Stimulus Selection
Stimulus: 0.505
Output value 0.172

Q+ parameters
slope: 0.055 semiSat: 0.560 beta: 0.938 sigma: 0.166 
maxBOLD estimate = 2.022


Trial 14: qplus Stimulus Selection
Stimulus: 0.629
Output value 2.843

Q+ parameters
slope: 0.089 semiSat: 0.560 beta: 1.500 sigma: 0.218 
maxBOLD estimate = 1.896


Trial 15: maxBOLD Stimulus Selection
Stimulus: 1.000
Output value 1.551

Q+ parameters
slope: 0.089 semiSat: 0.450 beta: 0.750 sigma: 0.114 
maxBOLD estimate = 2.843


Trial 16: qplus Stimulus Selection
Stimulus: 0.629
Output value 2.326

Q+ parameters
slope: 0.183 semiSat: 0.560 beta: 1.500 sigma: 0.271 
maxBOLD estimate = 2.133


Trial 17: qplus Stimulus Selection
Stimulus: 0.505
Output value 1.018

Q+ parameters
slope: 0.026 semiSat: 0.670 beta: 0.875 sigma: 0.114 
maxBOLD estimate = 3.199


Trial 18: qplus Stimulus Selection
Stimulus: 0.918
Output value 0.000

Q+ parameters
slope: 0.089 semiSat: 0.340 beta: 0.500 sigma: 0.166 
maxBOLD estimate = 2.799


Trial 19: qplus Stimulus Selection
Stimulus: 0.505
Output value 0.676

Q+ parameters
slope: 0.144 semiSat: 0.230 beta: 1.062 sigma: 1.000 
maxBOLD estimate = 1.399


Trial 20: baseline Stimulus Selection
Stimulus: 0.010
Output value 0.507

Q+ parameters
slope: 0.616 semiSat: 0.560 beta: 1.250 sigma: 0.635 
maxBOLD estimate = 1.487


Trial 21: qplus Stimulus Selection
Stimulus: 0.505
Output value 0.000

Q+ parameters
slope: 1.000 semiSat: 0.560 beta: 1.031 sigma: 0.375 
maxBOLD estimate = 1.859


Trial 22: qplus Stimulus Selection
Stimulus: 0.505
Output value -0.359

Q+ parameters
slope: 1.000 semiSat: 0.560 beta: 1.031 sigma: 0.375 
maxBOLD estimate = 1.917


Trial 23: qplus Stimulus Selection
Stimulus: 0.629
Output value 2.038

Q+ parameters
slope: 1.000 semiSat: 0.560 beta: 1.031 sigma: 0.323 
maxBOLD estimate = 1.977


Trial 24: qplus Stimulus Selection
Stimulus: 0.505
Output value -0.382

Q+ parameters
slope: 1.000 semiSat: 0.560 beta: 1.031 sigma: 0.323 
maxBOLD estimate = 2.038


Trial 25: maxBOLD Stimulus Selection
Stimulus: 1.000
Output value 2.007

Q+ parameters
slope: 0.113 semiSat: 0.560 beta: 0.875 sigma: 0.166 
maxBOLD estimate = 2.102


Trial 26: qplus Stimulus Selection
Stimulus: 0.629
Output value 2.007

Q+ parameters
slope: 0.483 semiSat: 0.560 beta: 1.000 sigma: 0.271 
maxBOLD estimate = 1.839


Trial 27: qplus Stimulus Selection
Stimulus: 0.505
Output value 0.502

Q+ parameters
slope: 0.483 semiSat: 0.560 beta: 1.000 sigma: 0.271 
maxBOLD estimate = 1.839


Trial 28: qplus Stimulus Selection
Stimulus: 0.505
Output value -0.167

Q+ parameters
slope: 0.483 semiSat: 0.560 beta: 1.000 sigma: 0.271 
maxBOLD estimate = 1.839


Trial 29: qplus Stimulus Selection
Stimulus: 0.588
Output value 1.724

Q+ parameters
slope: 1.000 semiSat: 0.560 beta: 1.031 sigma: 0.323 
maxBOLD estimate = 1.839


Trial 30: baseline Stimulus Selection
Stimulus: 0.010
Output value 0.533

Q+ parameters
slope: 0.379 semiSat: 0.560 beta: 1.031 sigma: 0.218 
maxBOLD estimate = 1.897

--------------------------------------------------------------
FINAL VALUES
--------------------------------------------------------------
Simulated parameters:              slope: 0.410 semiSat: 0.570 beta: 1.000 sigma: 0.250 
Max posterior QUEST+ parameters:   slope: 0.379 semiSat: 0.560 beta: 0.938 sigma: 0.218 
Max BADS parameters:               slope: 0.041 semiSat: 0.520 beta: 1.000 sigma: 0.223 
maxBOLD estimate: 1.975
