/blue/stevenweisberg/stevenweisberg/MATLAB/projects/Weisberg_Aguirre_2020/scripts/run_sims
c2a-s22.ufhpc
Thu Nov 12 16:48:17 EST 2020
cp: cannot stat ‘/blue/stevenweisberg/stevenweisberg/qpfMRIResults/deploy_sim.sh’: No such file or directory
cp: cannot stat ‘/blue/stevenweisberg/stevenweisberg/qpfMRIResults/sim_wrapper.sh’: No such file or directory
------------------------------------------
Setting up environment variables
---
LD_LIBRARY_PATH is .:/apps/matlab/mcr/2020b/v99/runtime/glnxa64:/apps/matlab/mcr/2020b/v99/bin/glnxa64:/apps/matlab/mcr/2020b/v99/sys/os/glnxa64:/apps/matlab/mcr/2020b/v99/sys/opengl/lib/glnxa64
Warning: Executing startup failed in matlabrc.
This indicates a potentially serious problem in your MATLAB setup, which should be resolved as soon as possible.  Error detected was:
MATLAB:mpath:PathAlterationNotSupported
Modifying the search path is not supported by MATLAB Compiler. Remove functions that modify the search path from your MATLAB code. To make files visible to your deployed application, add the parent folder to your MATLAB session.
Warning: No stimulus domain specified. Defaulting to values between 0.01 and 1.
> In qpfmriParams (line 182)
In compiledSimulate (line 205)
Stimulus domain added from input.
Parameter slope specified as 0.41000
Parameter semiSat specified as 0.57000
Parameter beta specified as 1.00000
Parameter sigma specified as 0.25000
seed = 99seed = 104seed = 111seed = 111seed = 115seed = 101Initializing Q+. This may take a minute...
Elapsed time is 24.032741 seconds.
Simulated parameters:
slope: 0.410 semiSat: 0.570 beta: 1.000 sigma: 0.250 

Trial 1: baseline Stimulus Selection
Stimulus: 0.010
Output value 0.000

Q+ parameters
slope: 0.026 semiSat: 0.890 beta: 0.500 sigma: 0.010 
maxBOLD estimate = 1.000


Trial 2: maxBOLD Stimulus Selection
Stimulus: 1.000
Output value 1.364

Q+ parameters
slope: 0.055 semiSat: 0.670 beta: 1.250 sigma: 0.010 
maxBOLD estimate = 1.000


Trial 3: baseline Stimulus Selection
Stimulus: 0.010
Output value 0.994

Q+ parameters
slope: 0.055 semiSat: 0.670 beta: 1.250 sigma: 1.000 
maxBOLD estimate = 1.250


Trial 4: maxBOLD Stimulus Selection
Stimulus: 1.000
Output value 2.131

Q+ parameters
slope: 0.055 semiSat: 0.670 beta: 1.250 sigma: 0.062 
maxBOLD estimate = 1.562


Trial 5: baseline Stimulus Selection
Stimulus: 0.010
Output value 1.554

Q+ parameters
slope: 0.055 semiSat: 0.670 beta: 1.250 sigma: 0.427 
maxBOLD estimate = 1.953


Trial 6: maxBOLD Stimulus Selection
Stimulus: 1.000
Output value 2.774

Q+ parameters
slope: 0.055 semiSat: 0.670 beta: 1.250 sigma: 0.323 
maxBOLD estimate = 2.441


Trial 7: qplus Stimulus Selection
Stimulus: 0.505
Output value 0.624

Q+ parameters
slope: 0.043 semiSat: 0.670 beta: 0.750 sigma: 0.166 
maxBOLD estimate = 3.052


Trial 8: qplus Stimulus Selection
Stimulus: 0.711
Output value 2.809

Q+ parameters
slope: 0.183 semiSat: 0.560 beta: 1.125 sigma: 0.271 
maxBOLD estimate = 2.289


Trial 9: qplus Stimulus Selection
Stimulus: 0.505
Output value 1.756

Q+ parameters
slope: 0.089 semiSat: 0.340 beta: 0.750 sigma: 0.166 
maxBOLD estimate = 2.575


Trial 10: baseline Stimulus Selection
Stimulus: 0.010
Output value -0.527

Q+ parameters
slope: 0.089 semiSat: 0.450 beta: 1.500 sigma: 0.218 
maxBOLD estimate = 1.931


Trial 11: qplus Stimulus Selection
Stimulus: 0.299
Output value 0.198

Q+ parameters
slope: 0.113 semiSat: 0.450 beta: 0.750 sigma: 0.114 
maxBOLD estimate = 2.897


Trial 12: qplus Stimulus Selection
Stimulus: 0.629
Output value 1.975

Q+ parameters
slope: 0.144 semiSat: 0.560 beta: 1.250 sigma: 0.218 
maxBOLD estimate = 2.173


Trial 13: qplus Stimulus Selection
Stimulus: 0.505
Output value 0.555

Q+ parameters
slope: 0.113 semiSat: 0.560 beta: 0.750 sigma: 0.114 
maxBOLD estimate = 2.716


Trial 14: qplus Stimulus Selection
Stimulus: 0.629
Output value 1.666

Q+ parameters
slope: 0.144 semiSat: 0.560 beta: 1.125 sigma: 0.218 
maxBOLD estimate = 2.037


Trial 15: maxBOLD Stimulus Selection
Stimulus: 1.000
Output value 0.781

Q+ parameters
slope: 0.113 semiSat: 0.560 beta: 0.750 sigma: 0.166 
maxBOLD estimate = 2.291


Trial 16: qplus Stimulus Selection
Stimulus: 0.629
Output value 1.953

Q+ parameters
slope: 0.113 semiSat: 0.560 beta: 1.250 sigma: 0.218 
maxBOLD estimate = 1.719


Trial 17: qplus Stimulus Selection
Stimulus: 0.464
Output value -0.439

Q+ parameters
slope: 0.379 semiSat: 0.560 beta: 1.125 sigma: 1.000 
maxBOLD estimate = 2.148


Trial 18: qplus Stimulus Selection
Stimulus: 0.629
Output value 1.318

Q+ parameters
slope: 0.183 semiSat: 0.560 beta: 0.750 sigma: 0.166 
maxBOLD estimate = 2.417


Trial 19: qplus Stimulus Selection
Stimulus: 0.629
Output value 0.000

Q+ parameters
slope: 0.089 semiSat: 0.670 beta: 1.500 sigma: 0.271 
maxBOLD estimate = 1.813


Trial 20: baseline Stimulus Selection
Stimulus: 0.010
Output value 0.371

Q+ parameters
slope: 0.089 semiSat: 0.670 beta: 0.750 sigma: 0.166 
maxBOLD estimate = 2.719


Trial 21: qplus Stimulus Selection
Stimulus: 0.753
Output value 0.811

Q+ parameters
slope: 0.089 semiSat: 0.560 beta: 0.875 sigma: 0.166 
maxBOLD estimate = 2.039


Trial 22: qplus Stimulus Selection
Stimulus: 0.629
Output value 0.203

Q+ parameters
slope: 0.089 semiSat: 0.670 beta: 1.250 sigma: 0.218 
maxBOLD estimate = 1.784


Trial 23: qplus Stimulus Selection
Stimulus: 0.876
Output value 1.217

Q+ parameters
slope: 0.089 semiSat: 0.560 beta: 0.750 sigma: 0.166 
maxBOLD estimate = 2.230


Trial 24: qplus Stimulus Selection
Stimulus: 0.588
Output value 2.737

Q+ parameters
slope: 0.298 semiSat: 0.560 beta: 1.500 sigma: 0.531 
maxBOLD estimate = 1.673


Trial 25: maxBOLD Stimulus Selection
Stimulus: 1.000
Output value 1.882

Q+ parameters
slope: 0.089 semiSat: 0.560 beta: 0.750 sigma: 0.114 
maxBOLD estimate = 2.509


Trial 26: qplus Stimulus Selection
Stimulus: 0.711
Output value 2.309

Q+ parameters
slope: 0.113 semiSat: 0.670 beta: 1.500 sigma: 0.218 
maxBOLD estimate = 1.882


Trial 27: qplus Stimulus Selection
Stimulus: 0.464
Output value 0.770

Q+ parameters
slope: 0.089 semiSat: 0.560 beta: 0.750 sigma: 0.114 
maxBOLD estimate = 2.823


Trial 28: qplus Stimulus Selection
Stimulus: 0.711
Output value 2.598

Q+ parameters
slope: 0.113 semiSat: 0.450 beta: 1.125 sigma: 1.000 
maxBOLD estimate = 2.117


Trial 29: qplus Stimulus Selection
Stimulus: 0.505
Output value 0.000

Q+ parameters
slope: 0.183 semiSat: 0.560 beta: 0.750 sigma: 0.166 
maxBOLD estimate = 2.382


Trial 30: baseline Stimulus Selection
Stimulus: 0.010
Output value 1.624

Q+ parameters
slope: 0.055 semiSat: 0.560 beta: 1.250 sigma: 0.479 
maxBOLD estimate = 1.786

--------------------------------------------------------------
FINAL VALUES
--------------------------------------------------------------
Simulated parameters:              slope: 0.410 semiSat: 0.570 beta: 1.000 sigma: 0.250 
Max posterior QUEST+ parameters:   slope: 0.785 semiSat: 0.670 beta: 1.125 sigma: 1.000 
Max BADS parameters:               slope: 0.982 semiSat: 0.676 beta: 1.000 sigma: 0.484 
maxBOLD estimate: 2.335
