/blue/stevenweisberg/stevenweisberg/MATLAB/projects/Weisberg_Aguirre_2020/scripts/run_sims
c0700a-s3.ufhpc
Wed Apr  7 00:26:46 EDT 2021
mkdir: cannot create directory ‘/blue/stevenweisberg/stevenweisberg/qpfMRIResults/model_parameter_set2/’: File exists
cp: cannot stat ‘/blue/stevenweisberg/stevenweisberg/qpfMRIResults/deploy_sim.sh’: No such file or directory
cp: cannot stat ‘/blue/stevenweisberg/stevenweisberg/qpfMRIResults/sim_wrapper.sh’: No such file or directory
------------------------------------------
Setting up environment variables
---
LD_LIBRARY_PATH is .:/apps/matlab/mcr/2020b/v99/runtime/glnxa64:/apps/matlab/mcr/2020b/v99/bin/glnxa64:/apps/matlab/mcr/2020b/v99/sys/os/glnxa64:/apps/matlab/mcr/2020b/v99/sys/opengl/lib/glnxa64
Warning: Executing startup failed in matlabrc.
This indicates a potentially serious problem in your MATLAB setup, which should be resolved as soon as possible.  Error detected was:
MATLAB:mpath:PathAlterationNotSupported
Modifying the search path is not supported by MATLAB Compiler. Remove functions that modify the search path from your MATLAB code. To make files visible to your deployed application, add the parent folder to your MATLAB session.
Warning: No stimulus domain specified. Defaulting to values between 0.01 and 1.
> In qpfmriParams (line 182)
In compiledSimulate (line 205)
Stimulus domain added from input.
Parameter slope specified as 0.20000
Parameter semiSat specified as 0.57000
Parameter beta specified as 1.00000
Parameter sigma specified as 0.15000
seed = 99seed = 104seed = 111seed = 111seed = 115seed = 101Initializing Q+. This may take a minute...
Elapsed time is 6.976061 seconds.
Simulated parameters:
slope: 0.200 semiSat: 0.570 beta: 1.000 sigma: 0.150 

Trial 1: baseline Stimulus Selection
Stimulus: 0.010
Output value 0.000

Q+ parameters
slope: 0.026 semiSat: 0.890 beta: 0.500 sigma: 0.010 
maxBOLD estimate = 1.000


Trial 2: maxBOLD Stimulus Selection
Stimulus: 1.000
Output value 1.364

Q+ parameters
slope: 0.055 semiSat: 0.670 beta: 1.250 sigma: 0.010 
maxBOLD estimate = 1.000


Trial 3: baseline Stimulus Selection
Stimulus: 0.010
Output value -0.284

Q+ parameters
slope: 0.055 semiSat: 0.670 beta: 1.250 sigma: 0.271 
maxBOLD estimate = 1.250


Trial 4: maxBOLD Stimulus Selection
Stimulus: 1.000
Output value 2.131

Q+ parameters
slope: 0.055 semiSat: 0.670 beta: 1.250 sigma: 0.114 
maxBOLD estimate = 1.562


Trial 5: baseline Stimulus Selection
Stimulus: 0.010
Output value 0.222

Q+ parameters
slope: 0.055 semiSat: 0.670 beta: 1.250 sigma: 0.114 
maxBOLD estimate = 1.953


Trial 6: maxBOLD Stimulus Selection
Stimulus: 1.000
Output value 2.774

Q+ parameters
slope: 0.043 semiSat: 0.780 beta: 1.250 sigma: 0.062 
maxBOLD estimate = 2.441


Trial 7: qplus Stimulus Selection
Stimulus: 0.505
Output value 0.347

Q+ parameters
slope: 0.043 semiSat: 1.000 beta: 1.250 sigma: 0.062 
maxBOLD estimate = 3.052


Trial 8: qplus Stimulus Selection
Stimulus: 0.835
Output value 2.601

Q+ parameters
slope: 0.043 semiSat: 0.780 beta: 0.938 sigma: 0.062 
maxBOLD estimate = 3.815


Trial 9: qplus Stimulus Selection
Stimulus: 0.711
Output value 2.438

Q+ parameters
slope: 0.183 semiSat: 0.560 beta: 0.750 sigma: 0.114 
maxBOLD estimate = 3.576


Trial 10: baseline Stimulus Selection
Stimulus: 0.010
Output value 0.549

Q+ parameters
slope: 0.298 semiSat: 0.560 beta: 0.750 sigma: 0.114 
maxBOLD estimate = 2.682


Trial 11: qplus Stimulus Selection
Stimulus: 0.629
Output value 1.646

Q+ parameters
slope: 0.234 semiSat: 0.560 beta: 1.000 sigma: 0.114 
maxBOLD estimate = 2.012


Trial 12: qplus Stimulus Selection
Stimulus: 0.505
Output value 0.000

Q+ parameters
slope: 0.234 semiSat: 0.560 beta: 1.000 sigma: 0.114 
maxBOLD estimate = 2.012


Trial 13: qplus Stimulus Selection
Stimulus: 0.588
Output value 0.823

Q+ parameters
slope: 0.144 semiSat: 0.670 beta: 1.500 sigma: 0.166 
maxBOLD estimate = 2.012


Trial 14: qplus Stimulus Selection
Stimulus: 0.588
Output value 1.029

Q+ parameters
slope: 0.183 semiSat: 0.560 beta: 0.750 sigma: 0.114 
maxBOLD estimate = 3.017


Trial 15: maxBOLD Stimulus Selection
Stimulus: 1.000
Output value 0.463

Q+ parameters
slope: 0.298 semiSat: 0.560 beta: 0.750 sigma: 0.166 
maxBOLD estimate = 2.263


Trial 16: qplus Stimulus Selection
Stimulus: 0.629
Output value 1.312

Q+ parameters
slope: 0.298 semiSat: 0.560 beta: 1.062 sigma: 0.166 
maxBOLD estimate = 1.697


Trial 17: qplus Stimulus Selection
Stimulus: 0.588
Output value 1.230

Q+ parameters
slope: 0.144 semiSat: 0.670 beta: 1.500 sigma: 0.166 
maxBOLD estimate = 1.803


Trial 18: qplus Stimulus Selection
Stimulus: 0.588
Output value 0.369

Q+ parameters
slope: 0.183 semiSat: 0.560 beta: 0.750 sigma: 0.114 
maxBOLD estimate = 2.705


Trial 19: qplus Stimulus Selection
Stimulus: 0.711
Output value 1.383

Q+ parameters
slope: 0.144 semiSat: 0.670 beta: 1.500 sigma: 0.218 
maxBOLD estimate = 2.029


Trial 20: baseline Stimulus Selection
Stimulus: 0.010
Output value -0.207

Q+ parameters
slope: 0.055 semiSat: 0.670 beta: 0.750 sigma: 0.114 
maxBOLD estimate = 3.043


Trial 21: qplus Stimulus Selection
Stimulus: 1.000
Output value 0.934

Q+ parameters
slope: 0.183 semiSat: 0.560 beta: 0.750 sigma: 0.114 
maxBOLD estimate = 2.282


Trial 22: qplus Stimulus Selection
Stimulus: 0.629
Output value 0.934

Q+ parameters
slope: 0.144 semiSat: 0.670 beta: 1.500 sigma: 0.166 
maxBOLD estimate = 1.712


Trial 23: qplus Stimulus Selection
Stimulus: 0.588
Output value 0.175

Q+ parameters
slope: 0.055 semiSat: 0.670 beta: 0.750 sigma: 0.114 
maxBOLD estimate = 2.568


Trial 24: qplus Stimulus Selection
Stimulus: 0.794
Output value 0.657

Q+ parameters
slope: 0.089 semiSat: 0.670 beta: 1.250 sigma: 0.218 
maxBOLD estimate = 1.926


Trial 25: maxBOLD Stimulus Selection
Stimulus: 1.000
Output value 0.985

Q+ parameters
slope: 0.055 semiSat: 0.670 beta: 0.750 sigma: 0.114 
maxBOLD estimate = 2.407


Trial 26: qplus Stimulus Selection
Stimulus: 0.794
Output value 1.005

Q+ parameters
slope: 0.183 semiSat: 0.560 beta: 0.875 sigma: 0.166 
maxBOLD estimate = 1.805


Trial 27: qplus Stimulus Selection
Stimulus: 0.629
Output value 1.077

Q+ parameters
slope: 0.055 semiSat: 0.670 beta: 1.250 sigma: 0.166 
maxBOLD estimate = 1.580


Trial 28: qplus Stimulus Selection
Stimulus: 0.629
Output value 0.168

Q+ parameters
slope: 0.070 semiSat: 0.670 beta: 0.938 sigma: 0.166 
maxBOLD estimate = 1.975


Trial 29: qplus Stimulus Selection
Stimulus: 0.588
Output value 0.894

Q+ parameters
slope: 0.070 semiSat: 0.670 beta: 1.062 sigma: 0.166 
maxBOLD estimate = 1.851


Trial 30: baseline Stimulus Selection
Stimulus: 0.010
Output value -0.268

Q+ parameters
slope: 0.183 semiSat: 0.560 beta: 0.750 sigma: 0.166 
maxBOLD estimate = 1.967


Trial 31: qplus Stimulus Selection
Stimulus: 0.629
Output value 1.039

Q+ parameters
slope: 0.144 semiSat: 0.560 beta: 0.969 sigma: 0.166 
maxBOLD estimate = 1.475


Trial 32: qplus Stimulus Selection
Stimulus: 0.505
Output value 1.242

Q+ parameters
slope: 0.113 semiSat: 0.560 beta: 1.062 sigma: 0.218 
maxBOLD estimate = 1.429


Trial 33: qplus Stimulus Selection
Stimulus: 0.423
Output value -0.267

Q+ parameters
slope: 0.144 semiSat: 0.560 beta: 0.969 sigma: 0.166 
maxBOLD estimate = 1.518


Trial 34: qplus Stimulus Selection
Stimulus: 0.629
Output value 1.296

Q+ parameters
slope: 0.144 semiSat: 0.560 beta: 0.969 sigma: 0.166 
maxBOLD estimate = 1.471


Trial 35: maxBOLD Stimulus Selection
Stimulus: 1.000
Output value 1.506

Q+ parameters
slope: 0.144 semiSat: 0.560 beta: 0.969 sigma: 0.166 
maxBOLD estimate = 1.425


Trial 36: qplus Stimulus Selection
Stimulus: 0.505
Output value 0.800

Q+ parameters
slope: 0.183 semiSat: 0.560 beta: 1.062 sigma: 0.166 
maxBOLD estimate = 1.381


Trial 37: qplus Stimulus Selection
Stimulus: 0.505
Output value 0.646

Q+ parameters
slope: 0.144 semiSat: 0.560 beta: 0.969 sigma: 0.166 
maxBOLD estimate = 1.467


Trial 38: qplus Stimulus Selection
Stimulus: 0.505
Output value -0.275

Q+ parameters
slope: 0.298 semiSat: 0.560 beta: 1.062 sigma: 0.218 
maxBOLD estimate = 1.421


Trial 39: qplus Stimulus Selection
Stimulus: 0.505
Output value 0.532

Q+ parameters
slope: 0.144 semiSat: 0.560 beta: 0.969 sigma: 0.166 
maxBOLD estimate = 1.510


Trial 40: baseline Stimulus Selection
Stimulus: 0.010
Output value 0.748

Q+ parameters
slope: 0.089 semiSat: 0.670 beta: 1.125 sigma: 0.218 
maxBOLD estimate = 1.463


Trial 41: qplus Stimulus Selection
Stimulus: 0.629
Output value 0.654

Q+ parameters
slope: 0.183 semiSat: 0.560 beta: 0.875 sigma: 0.166 
maxBOLD estimate = 1.645


Trial 42: qplus Stimulus Selection
Stimulus: 0.629
Output value 1.141

Q+ parameters
slope: 0.144 semiSat: 0.560 beta: 0.969 sigma: 0.166 
maxBOLD estimate = 1.440


Trial 43: qplus Stimulus Selection
Stimulus: 0.629
Output value 0.571

Q+ parameters
slope: 0.144 semiSat: 0.670 beta: 1.500 sigma: 0.218 
maxBOLD estimate = 1.395


Trial 44: qplus Stimulus Selection
Stimulus: 0.588
Output value 0.892

Q+ parameters
slope: 0.070 semiSat: 0.670 beta: 0.938 sigma: 0.166 
maxBOLD estimate = 2.092


Trial 45: maxBOLD Stimulus Selection
Stimulus: 1.000
Output value 0.669

Q+ parameters
slope: 0.183 semiSat: 0.560 beta: 0.750 sigma: 0.166 
maxBOLD estimate = 1.961


Trial 46: qplus Stimulus Selection
Stimulus: 0.629
Output value 1.404

Q+ parameters
slope: 0.234 semiSat: 0.560 beta: 0.875 sigma: 0.166 
maxBOLD estimate = 1.471


Trial 47: qplus Stimulus Selection
Stimulus: 0.588
Output value -0.113

Q+ parameters
slope: 0.144 semiSat: 0.560 beta: 0.969 sigma: 0.218 
maxBOLD estimate = 1.287


Trial 48: qplus Stimulus Selection
Stimulus: 0.546
Output value 0.964

Q+ parameters
slope: 0.298 semiSat: 0.560 beta: 1.062 sigma: 0.218 
maxBOLD estimate = 1.247


Trial 49: qplus Stimulus Selection
Stimulus: 0.505
Output value 0.467

Q+ parameters
slope: 0.144 semiSat: 0.560 beta: 0.969 sigma: 0.166 
maxBOLD estimate = 1.325


Trial 50: baseline Stimulus Selection
Stimulus: 0.010
Output value -0.124

Q+ parameters
slope: 0.183 semiSat: 0.560 beta: 1.062 sigma: 0.218 
maxBOLD estimate = 1.283


Trial 51: qplus Stimulus Selection
Stimulus: 0.505
Output value 0.841

Q+ parameters
slope: 0.144 semiSat: 0.560 beta: 0.969 sigma: 0.166 
maxBOLD estimate = 1.364


Trial 52: qplus Stimulus Selection
Stimulus: 0.505
Output value 0.480

Q+ parameters
slope: 0.234 semiSat: 0.560 beta: 1.000 sigma: 0.218 
maxBOLD estimate = 1.321


Trial 53: qplus Stimulus Selection
Stimulus: 0.629
Output value 0.961

Q+ parameters
slope: 0.234 semiSat: 0.560 beta: 1.000 sigma: 0.218 
maxBOLD estimate = 1.321


Trial 54: qplus Stimulus Selection
Stimulus: 0.505
Output value 0.721

Q+ parameters
slope: 0.234 semiSat: 0.560 beta: 1.000 sigma: 0.218 
maxBOLD estimate = 1.321


Trial 55: maxBOLD Stimulus Selection
Stimulus: 1.000
Output value 0.841

Q+ parameters
slope: 0.234 semiSat: 0.560 beta: 1.000 sigma: 0.218 
maxBOLD estimate = 1.321


Trial 56: qplus Stimulus Selection
Stimulus: 0.505
Output value 0.841

Q+ parameters
slope: 0.234 semiSat: 0.560 beta: 1.000 sigma: 0.218 
maxBOLD estimate = 1.321


Trial 57: qplus Stimulus Selection
Stimulus: 0.505
Output value 0.638

Q+ parameters
slope: 0.183 semiSat: 0.560 beta: 1.062 sigma: 0.218 
maxBOLD estimate = 1.321


Trial 58: qplus Stimulus Selection
Stimulus: 0.505
Output value 0.742

Q+ parameters
slope: 0.144 semiSat: 0.560 beta: 0.969 sigma: 0.166 
maxBOLD estimate = 1.404


Trial 59: qplus Stimulus Selection
Stimulus: 0.629
Output value 1.198

Q+ parameters
slope: 0.144 semiSat: 0.560 beta: 0.969 sigma: 0.166 
maxBOLD estimate = 1.360


Trial 60: baseline Stimulus Selection
Stimulus: 0.010
Output value 0.000

Q+ parameters
slope: 0.183 semiSat: 0.560 beta: 1.062 sigma: 0.218 
maxBOLD estimate = 1.317


Trial 61: qplus Stimulus Selection
Stimulus: 0.505
Output value -0.254

Q+ parameters
slope: 0.234 semiSat: 0.560 beta: 1.000 sigma: 0.218 
maxBOLD estimate = 1.400


Trial 62: qplus Stimulus Selection
Stimulus: 0.588
Output value 1.527

Q+ parameters
slope: 0.234 semiSat: 0.560 beta: 1.000 sigma: 0.218 
maxBOLD estimate = 1.400


Trial 63: qplus Stimulus Selection
Stimulus: 0.505
Output value 0.493

Q+ parameters
slope: 0.144 semiSat: 0.560 beta: 0.969 sigma: 0.166 
maxBOLD estimate = 1.400


Trial 64: qplus Stimulus Selection
Stimulus: 0.588
Output value 0.493

Q+ parameters
slope: 0.234 semiSat: 0.560 beta: 1.000 sigma: 0.218 
maxBOLD estimate = 1.356


Trial 65: maxBOLD Stimulus Selection
Stimulus: 1.000
Output value 1.479

Q+ parameters
slope: 0.234 semiSat: 0.560 beta: 1.000 sigma: 0.218 
maxBOLD estimate = 1.356


Trial 66: qplus Stimulus Selection
Stimulus: 0.505
Output value 0.917

Q+ parameters
slope: 0.183 semiSat: 0.560 beta: 1.062 sigma: 0.218 
maxBOLD estimate = 1.356


Trial 67: qplus Stimulus Selection
Stimulus: 0.505
Output value 0.507

Q+ parameters
slope: 0.144 semiSat: 0.560 beta: 0.969 sigma: 0.166 
maxBOLD estimate = 1.441


Trial 68: qplus Stimulus Selection
Stimulus: 0.670
Output value 1.106

Q+ parameters
slope: 0.144 semiSat: 0.560 beta: 0.969 sigma: 0.166 
maxBOLD estimate = 1.396


Trial 69: qplus Stimulus Selection
Stimulus: 0.588
Output value 1.267

Q+ parameters
slope: 0.234 semiSat: 0.560 beta: 1.031 sigma: 0.218 
maxBOLD estimate = 1.352


Trial 70: baseline Stimulus Selection
Stimulus: 0.010
Output value -0.269

Q+ parameters
slope: 0.183 semiSat: 0.560 beta: 1.062 sigma: 0.166 
maxBOLD estimate = 1.394


Trial 71: qplus Stimulus Selection
Stimulus: 0.505
Output value 0.652

Q+ parameters
slope: 0.144 semiSat: 0.560 beta: 0.969 sigma: 0.166 
maxBOLD estimate = 1.481


Trial 72: qplus Stimulus Selection
Stimulus: 0.670
Output value 1.264

Q+ parameters
slope: 0.144 semiSat: 0.560 beta: 0.969 sigma: 0.166 
maxBOLD estimate = 1.435


Trial 73: qplus Stimulus Selection
Stimulus: 0.588
Output value 0.490

Q+ parameters
slope: 0.144 semiSat: 0.560 beta: 0.969 sigma: 0.166 
maxBOLD estimate = 1.390


Trial 74: qplus Stimulus Selection
Stimulus: 0.505
Output value 0.130

Q+ parameters
slope: 0.183 semiSat: 0.560 beta: 1.062 sigma: 0.218 
maxBOLD estimate = 1.347


Trial 75: maxBOLD Stimulus Selection
Stimulus: 1.000
Output value 1.512

Q+ parameters
slope: 0.144 semiSat: 0.560 beta: 0.969 sigma: 0.166 
maxBOLD estimate = 1.431


Trial 76: qplus Stimulus Selection
Stimulus: 0.670
Output value 0.855

Q+ parameters
slope: 0.144 semiSat: 0.560 beta: 0.969 sigma: 0.166 
maxBOLD estimate = 1.386


Trial 77: qplus Stimulus Selection
Stimulus: 0.505
Output value -0.126

Q+ parameters
slope: 0.234 semiSat: 0.560 beta: 1.031 sigma: 0.218 
maxBOLD estimate = 1.343


Trial 78: qplus Stimulus Selection
Stimulus: 0.505
Output value 0.610

Q+ parameters
slope: 0.144 semiSat: 0.560 beta: 0.969 sigma: 0.166 
maxBOLD estimate = 1.385


Trial 79: qplus Stimulus Selection
Stimulus: 0.505
Output value 0.252

Q+ parameters
slope: 0.234 semiSat: 0.560 beta: 1.031 sigma: 0.166 
maxBOLD estimate = 1.342


Trial 80: baseline Stimulus Selection
Stimulus: 0.010
Output value -0.267

Q+ parameters
slope: 0.183 semiSat: 0.560 beta: 1.062 sigma: 0.166 
maxBOLD estimate = 1.384


Trial 81: qplus Stimulus Selection
Stimulus: 0.505
Output value 0.518

Q+ parameters
slope: 0.144 semiSat: 0.560 beta: 0.969 sigma: 0.166 
maxBOLD estimate = 1.470


Trial 82: qplus Stimulus Selection
Stimulus: 0.546
Output value 0.627

Q+ parameters
slope: 0.144 semiSat: 0.560 beta: 0.969 sigma: 0.166 
maxBOLD estimate = 1.424


Trial 83: qplus Stimulus Selection
Stimulus: 0.670
Output value 1.552

Q+ parameters
slope: 0.234 semiSat: 0.560 beta: 1.031 sigma: 0.218 
maxBOLD estimate = 1.380


Trial 84: qplus Stimulus Selection
Stimulus: 0.670
Output value 0.376

Q+ parameters
slope: 0.144 semiSat: 0.560 beta: 0.969 sigma: 0.166 
maxBOLD estimate = 1.423


Trial 85: maxBOLD Stimulus Selection
Stimulus: 1.000
Output value 1.335

Q+ parameters
slope: 0.144 semiSat: 0.560 beta: 0.969 sigma: 0.166 
maxBOLD estimate = 1.378


Trial 86: qplus Stimulus Selection
Stimulus: 0.588
Output value 0.588

Q+ parameters
slope: 0.144 semiSat: 0.560 beta: 0.969 sigma: 0.166 
maxBOLD estimate = 1.335


Trial 87: qplus Stimulus Selection
Stimulus: 0.505
Output value 0.750

Q+ parameters
slope: 0.183 semiSat: 0.560 beta: 1.062 sigma: 0.166 
maxBOLD estimate = 1.293


Trial 88: qplus Stimulus Selection
Stimulus: 0.505
Output value -0.242

Q+ parameters
slope: 0.144 semiSat: 0.560 beta: 0.969 sigma: 0.166 
maxBOLD estimate = 1.374


Trial 89: qplus Stimulus Selection
Stimulus: 0.546
Output value 0.703

Q+ parameters
slope: 0.144 semiSat: 0.560 beta: 0.969 sigma: 0.166 
maxBOLD estimate = 1.331


Trial 90: baseline Stimulus Selection
Stimulus: 0.010
Output value 0.125

Q+ parameters
slope: 0.183 semiSat: 0.560 beta: 1.062 sigma: 0.166 
maxBOLD estimate = 1.290


Trial 91: qplus Stimulus Selection
Stimulus: 0.505
Output value 0.000

Q+ parameters
slope: 0.144 semiSat: 0.560 beta: 0.969 sigma: 0.166 
maxBOLD estimate = 1.370


Trial 92: qplus Stimulus Selection
Stimulus: 0.670
Output value 1.493

Q+ parameters
slope: 0.234 semiSat: 0.560 beta: 1.031 sigma: 0.166 
maxBOLD estimate = 1.327


Trial 93: qplus Stimulus Selection
Stimulus: 0.670
Output value 1.540

Q+ parameters
slope: 0.234 semiSat: 0.560 beta: 1.031 sigma: 0.166 
maxBOLD estimate = 1.369


Trial 94: qplus Stimulus Selection
Stimulus: 0.670
Output value 1.588

Q+ parameters
slope: 0.234 semiSat: 0.560 beta: 1.031 sigma: 0.166 
maxBOLD estimate = 1.412


Trial 95: maxBOLD Stimulus Selection
Stimulus: 1.000
Output value 1.539

Q+ parameters
slope: 0.144 semiSat: 0.560 beta: 0.969 sigma: 0.166 
maxBOLD estimate = 1.456


Trial 96: qplus Stimulus Selection
Stimulus: 0.670
Output value 0.745

Q+ parameters
slope: 0.144 semiSat: 0.560 beta: 0.969 sigma: 0.166 
maxBOLD estimate = 1.410


Trial 97: qplus Stimulus Selection
Stimulus: 0.670
Output value 1.537

Q+ parameters
slope: 0.234 semiSat: 0.560 beta: 1.031 sigma: 0.166 
maxBOLD estimate = 1.366


Trial 98: qplus Stimulus Selection
Stimulus: 0.670
Output value 1.453

Q+ parameters
slope: 0.234 semiSat: 0.560 beta: 1.031 sigma: 0.166 
maxBOLD estimate = 1.409


Trial 99: qplus Stimulus Selection
Stimulus: 0.670
Output value 1.635

Q+ parameters
slope: 0.234 semiSat: 0.560 beta: 1.031 sigma: 0.166 
maxBOLD estimate = 1.453


Trial 100: baseline Stimulus Selection
Stimulus: 0.010
Output value -0.281

Q+ parameters
slope: 0.234 semiSat: 0.560 beta: 1.031 sigma: 0.166 
maxBOLD estimate = 1.498

--------------------------------------------------------------
FINAL VALUES
--------------------------------------------------------------
Simulated parameters:              slope: 0.200 semiSat: 0.570 beta: 1.000 sigma: 0.150 
Max posterior QUEST+ parameters:   slope: 0.234 semiSat: 0.560 beta: 1.031 sigma: 0.166 
Max BADS parameters:               slope: 0.181 semiSat: 0.566 beta: 1.000 sigma: 0.159 
maxBOLD estimate: 1.575
