/blue/stevenweisberg/stevenweisberg/MATLAB/projects/Weisberg_Aguirre_2020/scripts/run_sims
c31a-s23.ufhpc
Thu Nov 12 21:09:11 EST 2020
cp: cannot stat ‘/blue/stevenweisberg/stevenweisberg/qpfMRIResults/deploy_sim.sh’: No such file or directory
cp: cannot stat ‘/blue/stevenweisberg/stevenweisberg/qpfMRIResults/sim_wrapper.sh’: No such file or directory
------------------------------------------
Setting up environment variables
---
LD_LIBRARY_PATH is .:/apps/matlab/mcr/2020b/v99/runtime/glnxa64:/apps/matlab/mcr/2020b/v99/bin/glnxa64:/apps/matlab/mcr/2020b/v99/sys/os/glnxa64:/apps/matlab/mcr/2020b/v99/sys/opengl/lib/glnxa64
Warning: Executing startup failed in matlabrc.
This indicates a potentially serious problem in your MATLAB setup, which should be resolved as soon as possible.  Error detected was:
MATLAB:mpath:PathAlterationNotSupported
Modifying the search path is not supported by MATLAB Compiler. Remove functions that modify the search path from your MATLAB code. To make files visible to your deployed application, add the parent folder to your MATLAB session.
Warning: No stimulus domain specified. Defaulting to values between 0.01 and 1.
> In qpfmriParams (line 182)
In compiledSimulate (line 205)
Stimulus domain added from input.
Parameter slope specified as 0.41000
Parameter semiSat specified as 0.57000
Parameter beta specified as 1.00000
Parameter sigma specified as 0.25000
seed = 99seed = 104seed = 111seed = 111seed = 115seed = 101Initializing Q+. This may take a minute...
Elapsed time is 10.083935 seconds.
Simulated parameters:
slope: 0.410 semiSat: 0.570 beta: 1.000 sigma: 0.250 

Trial 1: baseline Stimulus Selection
Stimulus: 0.010
Output value 0.000

Q+ parameters
slope: 0.026 semiSat: 0.890 beta: 0.500 sigma: 0.010 
maxBOLD estimate = 1.000


Trial 2: maxBOLD Stimulus Selection
Stimulus: 1.000
Output value 0.341

Q+ parameters
slope: 0.034 semiSat: 0.890 beta: 0.750 sigma: 0.010 
maxBOLD estimate = 1.000


Trial 3: baseline Stimulus Selection
Stimulus: 0.010
Output value -0.170

Q+ parameters
slope: 0.055 semiSat: 0.670 beta: 1.250 sigma: 0.531 
maxBOLD estimate = 0.750


Trial 4: maxBOLD Stimulus Selection
Stimulus: 1.000
Output value 0.746

Q+ parameters
slope: 0.055 semiSat: 0.670 beta: 1.250 sigma: 0.323 
maxBOLD estimate = 0.938


Trial 5: baseline Stimulus Selection
Stimulus: 0.010
Output value -0.266

Q+ parameters
slope: 0.055 semiSat: 0.670 beta: 1.250 sigma: 0.218 
maxBOLD estimate = 1.172


Trial 6: maxBOLD Stimulus Selection
Stimulus: 1.000
Output value 1.831

Q+ parameters
slope: 0.055 semiSat: 0.670 beta: 1.250 sigma: 0.166 
maxBOLD estimate = 1.465


Trial 7: qplus Stimulus Selection
Stimulus: 0.505
Output value -0.416

Q+ parameters
slope: 0.113 semiSat: 0.890 beta: 1.250 sigma: 0.166 
maxBOLD estimate = 1.831


Trial 8: qplus Stimulus Selection
Stimulus: 0.711
Output value 0.312

Q+ parameters
slope: 0.089 semiSat: 1.000 beta: 1.500 sigma: 0.114 
maxBOLD estimate = 2.289


Trial 9: qplus Stimulus Selection
Stimulus: 0.835
Output value 0.546

Q+ parameters
slope: 0.070 semiSat: 1.000 beta: 0.875 sigma: 0.062 
maxBOLD estimate = 3.433


Trial 10: baseline Stimulus Selection
Stimulus: 0.010
Output value -0.137

Q+ parameters
slope: 0.298 semiSat: 0.780 beta: 0.500 sigma: 0.062 
maxBOLD estimate = 3.004


Trial 11: qplus Stimulus Selection
Stimulus: 0.711
Output value 0.205

Q+ parameters
slope: 0.234 semiSat: 0.780 beta: 1.500 sigma: 0.166 
maxBOLD estimate = 1.502


Trial 12: qplus Stimulus Selection
Stimulus: 0.711
Output value 0.922

Q+ parameters
slope: 0.144 semiSat: 0.670 beta: 0.750 sigma: 0.114 
maxBOLD estimate = 2.253


Trial 13: qplus Stimulus Selection
Stimulus: 0.711
Output value 1.037

Q+ parameters
slope: 0.183 semiSat: 0.670 beta: 1.125 sigma: 0.166 
maxBOLD estimate = 1.690


Trial 14: qplus Stimulus Selection
Stimulus: 0.588
Output value 2.139

Q+ parameters
slope: 1.000 semiSat: 0.560 beta: 1.031 sigma: 0.271 
maxBOLD estimate = 1.901


Trial 15: maxBOLD Stimulus Selection
Stimulus: 1.000
Output value 1.287

Q+ parameters
slope: 1.000 semiSat: 0.560 beta: 1.031 sigma: 0.271 
maxBOLD estimate = 1.960


Trial 16: qplus Stimulus Selection
Stimulus: 0.505
Output value 0.379

Q+ parameters
slope: 1.000 semiSat: 0.560 beta: 1.031 sigma: 0.271 
maxBOLD estimate = 2.022


Trial 17: qplus Stimulus Selection
Stimulus: 0.505
Output value 2.559

Q+ parameters
slope: 0.089 semiSat: 0.560 beta: 1.125 sigma: 1.000 
maxBOLD estimate = 2.085


Trial 18: qplus Stimulus Selection
Stimulus: 0.876
Output value 0.160

Q+ parameters
slope: 1.000 semiSat: 0.560 beta: 0.750 sigma: 0.323 
maxBOLD estimate = 2.345


Trial 19: qplus Stimulus Selection
Stimulus: 0.423
Output value 0.660

Q+ parameters
slope: 1.000 semiSat: 0.560 beta: 1.031 sigma: 0.323 
maxBOLD estimate = 1.759


Trial 20: baseline Stimulus Selection
Stimulus: 0.010
Output value 1.979

Q+ parameters
slope: 0.043 semiSat: 0.670 beta: 1.500 sigma: 1.000 
maxBOLD estimate = 1.814


Trial 21: qplus Stimulus Selection
Stimulus: 1.000
Output value 1.484

Q+ parameters
slope: 1.000 semiSat: 0.560 beta: 0.500 sigma: 0.166 
maxBOLD estimate = 2.721


Trial 22: qplus Stimulus Selection
Stimulus: 0.711
Output value 1.855

Q+ parameters
slope: 0.043 semiSat: 0.670 beta: 1.500 sigma: 0.375 
maxBOLD estimate = 1.361


Trial 23: qplus Stimulus Selection
Stimulus: 0.876
Output value 2.505

Q+ parameters
slope: 0.234 semiSat: 0.670 beta: 1.125 sigma: 0.687 
maxBOLD estimate = 2.041


Trial 24: qplus Stimulus Selection
Stimulus: 0.794
Output value 0.665

Q+ parameters
slope: 0.144 semiSat: 0.670 beta: 1.062 sigma: 0.635 
maxBOLD estimate = 2.296


Trial 25: maxBOLD Stimulus Selection
Stimulus: 1.000
Output value 2.994

Q+ parameters
slope: 0.234 semiSat: 0.670 beta: 1.125 sigma: 1.000 
maxBOLD estimate = 2.439


Trial 26: qplus Stimulus Selection
Stimulus: 0.753
Output value 1.871

Q+ parameters
slope: 0.089 semiSat: 0.670 beta: 0.750 sigma: 0.166 
maxBOLD estimate = 2.744


Trial 27: qplus Stimulus Selection
Stimulus: 0.711
Output value 2.807

Q+ parameters
slope: 0.234 semiSat: 0.670 beta: 1.250 sigma: 0.427 
maxBOLD estimate = 2.058


Trial 28: qplus Stimulus Selection
Stimulus: 0.588
Output value 2.368

Q+ parameters
slope: 0.234 semiSat: 0.670 beta: 1.125 sigma: 1.000 
maxBOLD estimate = 2.573


Trial 29: qplus Stimulus Selection
Stimulus: 0.505
Output value 0.987

Q+ parameters
slope: 1.000 semiSat: 0.560 beta: 0.750 sigma: 0.218 
maxBOLD estimate = 2.894


Trial 30: baseline Stimulus Selection
Stimulus: 0.010
Output value 1.554

Q+ parameters
slope: 0.070 semiSat: 0.560 beta: 1.125 sigma: 1.000 
maxBOLD estimate = 2.171

--------------------------------------------------------------
FINAL VALUES
--------------------------------------------------------------
Simulated parameters:              slope: 0.410 semiSat: 0.570 beta: 1.000 sigma: 0.250 
Max posterior QUEST+ parameters:   slope: 0.070 semiSat: 0.670 beta: 1.250 sigma: 1.000 
Max BADS parameters:               slope: 0.156 semiSat: 0.634 beta: 1.000 sigma: 1.000 
maxBOLD estimate: 2.442
