/blue/stevenweisberg/stevenweisberg/MATLAB/projects/Weisberg_Aguirre_2020/scripts/run_sims
c24a-s36.ufhpc
Thu Nov 12 12:11:40 EST 2020
cp: cannot stat ‘/blue/stevenweisberg/stevenweisberg/qpfMRIResults/deploy_sim.sh’: No such file or directory
cp: cannot stat ‘/blue/stevenweisberg/stevenweisberg/qpfMRIResults/sim_wrapper.sh’: No such file or directory
------------------------------------------
Setting up environment variables
---
LD_LIBRARY_PATH is .:/apps/matlab/mcr/2020b/v99/runtime/glnxa64:/apps/matlab/mcr/2020b/v99/bin/glnxa64:/apps/matlab/mcr/2020b/v99/sys/os/glnxa64:/apps/matlab/mcr/2020b/v99/sys/opengl/lib/glnxa64
Warning: Executing startup failed in matlabrc.
This indicates a potentially serious problem in your MATLAB setup, which should be resolved as soon as possible.  Error detected was:
MATLAB:mpath:PathAlterationNotSupported
Modifying the search path is not supported by MATLAB Compiler. Remove functions that modify the search path from your MATLAB code. To make files visible to your deployed application, add the parent folder to your MATLAB session.
Warning: No stimulus domain specified. Defaulting to values between 0.01 and 1.
> In qpfmriParams (line 182)
In compiledSimulate (line 205)
Stimulus domain added from input.
Parameter slope specified as 0.41000
Parameter semiSat specified as 0.57000
Parameter beta specified as 1.00000
Parameter sigma specified as 0.15000
seed = 99seed = 104seed = 111seed = 111seed = 115seed = 101Initializing Q+. This may take a minute...
Elapsed time is 9.388546 seconds.
Simulated parameters:
slope: 0.410 semiSat: 0.570 beta: 1.000 sigma: 0.150 

Trial 1: baseline Stimulus Selection
Stimulus: 0.010
Output value 0.000

Q+ parameters
slope: 0.026 semiSat: 0.890 beta: 0.500 sigma: 0.010 
maxBOLD estimate = 1.000


Trial 2: maxBOLD Stimulus Selection
Stimulus: 1.000
Output value 1.364

Q+ parameters
slope: 0.055 semiSat: 0.670 beta: 1.250 sigma: 0.010 
maxBOLD estimate = 1.000


Trial 3: baseline Stimulus Selection
Stimulus: 0.010
Output value -0.142

Q+ parameters
slope: 0.055 semiSat: 0.670 beta: 1.250 sigma: 0.062 
maxBOLD estimate = 1.250


Trial 4: maxBOLD Stimulus Selection
Stimulus: 1.000
Output value 1.953

Q+ parameters
slope: 0.055 semiSat: 0.670 beta: 1.250 sigma: 0.062 
maxBOLD estimate = 1.562


Trial 5: baseline Stimulus Selection
Stimulus: 0.010
Output value 0.200

Q+ parameters
slope: 0.043 semiSat: 0.780 beta: 1.125 sigma: 0.062 
maxBOLD estimate = 1.953


Trial 6: maxBOLD Stimulus Selection
Stimulus: 1.000
Output value 2.472

Q+ parameters
slope: 0.043 semiSat: 0.780 beta: 1.125 sigma: 0.114 
maxBOLD estimate = 2.197


Trial 7: qplus Stimulus Selection
Stimulus: 0.505
Output value 0.281

Q+ parameters
slope: 0.043 semiSat: 1.000 beta: 1.250 sigma: 0.114 
maxBOLD estimate = 2.472


Trial 8: qplus Stimulus Selection
Stimulus: 0.835
Output value 0.702

Q+ parameters
slope: 1.000 semiSat: 0.560 beta: 0.500 sigma: 0.062 
maxBOLD estimate = 3.090


Trial 9: qplus Stimulus Selection
Stimulus: 0.711
Output value 1.088

Q+ parameters
slope: 0.234 semiSat: 0.670 beta: 0.969 sigma: 0.114 
maxBOLD estimate = 1.545


Trial 10: baseline Stimulus Selection
Stimulus: 0.010
Output value -0.340

Q+ parameters
slope: 0.070 semiSat: 0.670 beta: 1.250 sigma: 0.114 
maxBOLD estimate = 1.497


Trial 11: qplus Stimulus Selection
Stimulus: 0.629
Output value 0.659

Q+ parameters
slope: 0.113 semiSat: 0.670 beta: 0.969 sigma: 0.114 
maxBOLD estimate = 1.871


Trial 12: qplus Stimulus Selection
Stimulus: 0.629
Output value 0.850

Q+ parameters
slope: 0.089 semiSat: 0.670 beta: 1.031 sigma: 0.114 
maxBOLD estimate = 1.812


Trial 13: qplus Stimulus Selection
Stimulus: 0.588
Output value 1.051

Q+ parameters
slope: 0.089 semiSat: 0.670 beta: 1.031 sigma: 0.114 
maxBOLD estimate = 1.869


Trial 14: qplus Stimulus Selection
Stimulus: 0.629
Output value 1.265

Q+ parameters
slope: 0.089 semiSat: 0.670 beta: 1.031 sigma: 0.114 
maxBOLD estimate = 1.927


Trial 15: maxBOLD Stimulus Selection
Stimulus: 1.000
Output value 1.677

Q+ parameters
slope: 0.089 semiSat: 0.670 beta: 1.031 sigma: 0.114 
maxBOLD estimate = 1.988


Trial 16: qplus Stimulus Selection
Stimulus: 0.588
Output value 1.572

Q+ parameters
slope: 0.055 semiSat: 0.560 beta: 0.938 sigma: 0.114 
maxBOLD estimate = 2.050


Trial 17: qplus Stimulus Selection
Stimulus: 0.464
Output value 0.000

Q+ parameters
slope: 0.113 semiSat: 0.560 beta: 0.875 sigma: 0.114 
maxBOLD estimate = 1.922


Trial 18: qplus Stimulus Selection
Stimulus: 0.629
Output value 0.803

Q+ parameters
slope: 0.144 semiSat: 0.560 beta: 0.875 sigma: 0.114 
maxBOLD estimate = 1.681


Trial 19: qplus Stimulus Selection
Stimulus: 0.588
Output value 1.705

Q+ parameters
slope: 0.113 semiSat: 0.560 beta: 1.062 sigma: 0.166 
maxBOLD estimate = 1.471


Trial 20: baseline Stimulus Selection
Stimulus: 0.010
Output value 0.000

Q+ parameters
slope: 0.144 semiSat: 0.560 beta: 1.000 sigma: 0.114 
maxBOLD estimate = 1.563


Trial 21: qplus Stimulus Selection
Stimulus: 0.505
Output value -0.151

Q+ parameters
slope: 0.298 semiSat: 0.560 beta: 1.062 sigma: 0.166 
maxBOLD estimate = 1.563


Trial 22: qplus Stimulus Selection
Stimulus: 0.588
Output value 1.189

Q+ parameters
slope: 0.616 semiSat: 0.560 beta: 0.875 sigma: 0.166 
maxBOLD estimate = 1.661


Trial 23: qplus Stimulus Selection
Stimulus: 0.588
Output value 1.982

Q+ parameters
slope: 0.616 semiSat: 0.560 beta: 1.250 sigma: 0.218 
maxBOLD estimate = 1.453


Trial 24: qplus Stimulus Selection
Stimulus: 0.546
Output value 0.578

Q+ parameters
slope: 0.616 semiSat: 0.560 beta: 0.875 sigma: 0.166 
maxBOLD estimate = 1.817


Trial 25: maxBOLD Stimulus Selection
Stimulus: 1.000
Output value 1.012

Q+ parameters
slope: 0.616 semiSat: 0.560 beta: 0.875 sigma: 0.166 
maxBOLD estimate = 1.590


Trial 26: qplus Stimulus Selection
Stimulus: 0.546
Output value 0.316

Q+ parameters
slope: 0.785 semiSat: 0.560 beta: 1.250 sigma: 0.166 
maxBOLD estimate = 1.391


Trial 27: qplus Stimulus Selection
Stimulus: 0.546
Output value 0.830

Q+ parameters
slope: 0.616 semiSat: 0.560 beta: 0.875 sigma: 0.166 
maxBOLD estimate = 1.739


Trial 28: qplus Stimulus Selection
Stimulus: 0.505
Output value 0.346

Q+ parameters
slope: 0.616 semiSat: 0.560 beta: 1.250 sigma: 0.218 
maxBOLD estimate = 1.521


Trial 29: qplus Stimulus Selection
Stimulus: 0.546
Output value 0.908

Q+ parameters
slope: 0.113 semiSat: 0.560 beta: 0.875 sigma: 0.166 
maxBOLD estimate = 1.902


Trial 30: baseline Stimulus Selection
Stimulus: 0.010
Output value -0.151

Q+ parameters
slope: 0.144 semiSat: 0.560 beta: 1.000 sigma: 0.166 
maxBOLD estimate = 1.664

--------------------------------------------------------------
FINAL VALUES
--------------------------------------------------------------
Simulated parameters:              slope: 0.410 semiSat: 0.570 beta: 1.000 sigma: 0.150 
Max posterior QUEST+ parameters:   slope: 0.144 semiSat: 0.560 beta: 1.000 sigma: 0.166 
Max BADS parameters:               slope: 0.156 semiSat: 0.559 beta: 1.000 sigma: 0.136 
maxBOLD estimate: 1.750
