/blue/stevenweisberg/stevenweisberg/MATLAB/projects/Weisberg_Aguirre_2020/scripts/run_sims
c0700a-s1.ufhpc
Tue Apr  6 22:47:53 EDT 2021
mkdir: cannot create directory ‘/blue/stevenweisberg/stevenweisberg/qpfMRIResults/model_parameter_set2/’: File exists
cp: cannot stat ‘/blue/stevenweisberg/stevenweisberg/qpfMRIResults/deploy_sim.sh’: No such file or directory
cp: cannot stat ‘/blue/stevenweisberg/stevenweisberg/qpfMRIResults/sim_wrapper.sh’: No such file or directory
------------------------------------------
Setting up environment variables
---
LD_LIBRARY_PATH is .:/apps/matlab/mcr/2020b/v99/runtime/glnxa64:/apps/matlab/mcr/2020b/v99/bin/glnxa64:/apps/matlab/mcr/2020b/v99/sys/os/glnxa64:/apps/matlab/mcr/2020b/v99/sys/opengl/lib/glnxa64
Warning: Executing startup failed in matlabrc.
This indicates a potentially serious problem in your MATLAB setup, which should be resolved as soon as possible.  Error detected was:
MATLAB:mpath:PathAlterationNotSupported
Modifying the search path is not supported by MATLAB Compiler. Remove functions that modify the search path from your MATLAB code. To make files visible to your deployed application, add the parent folder to your MATLAB session.
Warning: No stimulus domain specified. Defaulting to values between 0.01 and 1.
> In qpfmriParams (line 182)
In compiledSimulate (line 205)
Stimulus domain added from input.
Parameter slope specified as 0.20000
Parameter semiSat specified as 0.57000
Parameter beta specified as 1.00000
Parameter sigma specified as 0.10000
seed = 99seed = 104seed = 111seed = 111seed = 115seed = 101Initializing Q+. This may take a minute...
Elapsed time is 7.451651 seconds.
Simulated parameters:
slope: 0.200 semiSat: 0.570 beta: 1.000 sigma: 0.100 

Trial 1: baseline Stimulus Selection
Stimulus: 0.010
Output value 0.000

Q+ parameters
slope: 0.026 semiSat: 0.890 beta: 0.500 sigma: 0.010 
maxBOLD estimate = 1.000


Trial 2: maxBOLD Stimulus Selection
Stimulus: 1.000
Output value 1.364

Q+ parameters
slope: 0.055 semiSat: 0.670 beta: 1.250 sigma: 0.010 
maxBOLD estimate = 1.000


Trial 3: baseline Stimulus Selection
Stimulus: 0.010
Output value 0.142

Q+ parameters
slope: 0.055 semiSat: 0.670 beta: 1.250 sigma: 0.062 
maxBOLD estimate = 1.250


Trial 4: maxBOLD Stimulus Selection
Stimulus: 1.000
Output value 2.131

Q+ parameters
slope: 0.055 semiSat: 0.670 beta: 1.250 sigma: 0.062 
maxBOLD estimate = 1.562


Trial 5: baseline Stimulus Selection
Stimulus: 0.010
Output value -0.222

Q+ parameters
slope: 0.043 semiSat: 0.780 beta: 1.250 sigma: 0.062 
maxBOLD estimate = 1.953


Trial 6: maxBOLD Stimulus Selection
Stimulus: 1.000
Output value 1.505

Q+ parameters
slope: 0.043 semiSat: 0.780 beta: 0.969 sigma: 0.062 
maxBOLD estimate = 2.441


Trial 7: qplus Stimulus Selection
Stimulus: 0.670
Output value 0.968

Q+ parameters
slope: 0.070 semiSat: 0.560 beta: 0.750 sigma: 0.062 
maxBOLD estimate = 2.365


Trial 8: qplus Stimulus Selection
Stimulus: 0.505
Output value 0.625

Q+ parameters
slope: 0.089 semiSat: 0.560 beta: 0.969 sigma: 0.062 
maxBOLD estimate = 1.774


Trial 9: qplus Stimulus Selection
Stimulus: 0.464
Output value 0.000

Q+ parameters
slope: 0.144 semiSat: 0.560 beta: 1.031 sigma: 0.062 
maxBOLD estimate = 1.718


Trial 10: baseline Stimulus Selection
Stimulus: 0.010
Output value 0.000

Q+ parameters
slope: 0.183 semiSat: 0.560 beta: 0.875 sigma: 0.062 
maxBOLD estimate = 1.772


Trial 11: qplus Stimulus Selection
Stimulus: 0.629
Output value 1.348

Q+ parameters
slope: 0.144 semiSat: 0.560 beta: 1.062 sigma: 0.114 
maxBOLD estimate = 1.551


Trial 12: qplus Stimulus Selection
Stimulus: 0.588
Output value 0.899

Q+ parameters
slope: 0.113 semiSat: 0.670 beta: 1.500 sigma: 0.114 
maxBOLD estimate = 1.648


Trial 13: qplus Stimulus Selection
Stimulus: 0.629
Output value 0.983

Q+ parameters
slope: 0.089 semiSat: 0.670 beta: 0.875 sigma: 0.062 
maxBOLD estimate = 2.471


Trial 14: qplus Stimulus Selection
Stimulus: 0.794
Output value 1.376

Q+ parameters
slope: 0.089 semiSat: 0.670 beta: 0.875 sigma: 0.062 
maxBOLD estimate = 2.162


Trial 15: maxBOLD Stimulus Selection
Stimulus: 1.000
Output value 1.376

Q+ parameters
slope: 0.070 semiSat: 0.670 beta: 1.000 sigma: 0.062 
maxBOLD estimate = 1.892


Trial 16: qplus Stimulus Selection
Stimulus: 0.711
Output value 1.204

Q+ parameters
slope: 0.183 semiSat: 0.560 beta: 0.875 sigma: 0.062 
maxBOLD estimate = 1.892


Trial 17: qplus Stimulus Selection
Stimulus: 0.711
Output value 1.317

Q+ parameters
slope: 0.089 semiSat: 0.670 beta: 1.250 sigma: 0.114 
maxBOLD estimate = 1.656


Trial 18: qplus Stimulus Selection
Stimulus: 0.588
Output value 0.658

Q+ parameters
slope: 0.089 semiSat: 0.670 beta: 0.875 sigma: 0.062 
maxBOLD estimate = 2.069


Trial 19: qplus Stimulus Selection
Stimulus: 0.546
Output value 0.576

Q+ parameters
slope: 0.113 semiSat: 0.560 beta: 0.875 sigma: 0.062 
maxBOLD estimate = 1.811


Trial 20: baseline Stimulus Selection
Stimulus: 0.010
Output value -0.432

Q+ parameters
slope: 0.089 semiSat: 0.670 beta: 1.500 sigma: 0.062 
maxBOLD estimate = 1.584


Trial 21: qplus Stimulus Selection
Stimulus: 0.794
Output value 1.134

Q+ parameters
slope: 0.089 semiSat: 0.560 beta: 0.750 sigma: 0.062 
maxBOLD estimate = 2.377


Trial 22: qplus Stimulus Selection
Stimulus: 0.588
Output value 0.567

Q+ parameters
slope: 0.183 semiSat: 0.560 beta: 0.875 sigma: 0.062 
maxBOLD estimate = 1.782


Trial 23: qplus Stimulus Selection
Stimulus: 0.588
Output value 0.425

Q+ parameters
slope: 0.089 semiSat: 0.670 beta: 1.500 sigma: 0.114 
maxBOLD estimate = 1.560


Trial 24: qplus Stimulus Selection
Stimulus: 0.546
Output value 0.186

Q+ parameters
slope: 0.089 semiSat: 0.670 beta: 0.875 sigma: 0.062 
maxBOLD estimate = 2.339


Trial 25: maxBOLD Stimulus Selection
Stimulus: 1.000
Output value 0.558

Q+ parameters
slope: 0.234 semiSat: 0.560 beta: 0.750 sigma: 0.114 
maxBOLD estimate = 2.047


Trial 26: qplus Stimulus Selection
Stimulus: 0.670
Output value 1.884

Q+ parameters
slope: 0.089 semiSat: 0.670 beta: 1.500 sigma: 0.114 
maxBOLD estimate = 1.535


Trial 27: qplus Stimulus Selection
Stimulus: 0.629
Output value 0.785

Q+ parameters
slope: 0.070 semiSat: 0.670 beta: 0.750 sigma: 0.114 
maxBOLD estimate = 2.303


Trial 28: qplus Stimulus Selection
Stimulus: 0.918
Output value 0.824

Q+ parameters
slope: 0.234 semiSat: 0.560 beta: 0.750 sigma: 0.114 
maxBOLD estimate = 1.727


Trial 29: qplus Stimulus Selection
Stimulus: 0.629
Output value 1.376

Q+ parameters
slope: 0.183 semiSat: 0.560 beta: 1.062 sigma: 0.114 
maxBOLD estimate = 1.295


Trial 30: baseline Stimulus Selection
Stimulus: 0.010
Output value -0.133

Q+ parameters
slope: 0.183 semiSat: 0.560 beta: 1.062 sigma: 0.114 
maxBOLD estimate = 1.376


Trial 31: qplus Stimulus Selection
Stimulus: 0.588
Output value 0.997

Q+ parameters
slope: 0.089 semiSat: 0.670 beta: 1.500 sigma: 0.114 
maxBOLD estimate = 1.462


Trial 32: qplus Stimulus Selection
Stimulus: 0.588
Output value 0.523

Q+ parameters
slope: 0.089 semiSat: 0.670 beta: 0.875 sigma: 0.114 
maxBOLD estimate = 2.194


Trial 33: qplus Stimulus Selection
Stimulus: 0.753
Output value 1.047

Q+ parameters
slope: 0.234 semiSat: 0.560 beta: 0.750 sigma: 0.114 
maxBOLD estimate = 1.919


Trial 34: qplus Stimulus Selection
Stimulus: 1.000
Output value 2.356

Q+ parameters
slope: 0.089 semiSat: 0.670 beta: 1.500 sigma: 0.114 
maxBOLD estimate = 1.440


Trial 35: maxBOLD Stimulus Selection
Stimulus: 1.000
Output value 1.031

Q+ parameters
slope: 0.183 semiSat: 0.560 beta: 0.750 sigma: 0.114 
maxBOLD estimate = 2.159


Trial 36: qplus Stimulus Selection
Stimulus: 0.670
Output value 2.429

Q+ parameters
slope: 0.089 semiSat: 0.670 beta: 1.500 sigma: 0.114 
maxBOLD estimate = 1.619


Trial 37: qplus Stimulus Selection
Stimulus: 0.546
Output value 0.828

Q+ parameters
slope: 0.055 semiSat: 0.560 beta: 0.750 sigma: 0.114 
maxBOLD estimate = 2.429


Trial 38: qplus Stimulus Selection
Stimulus: 0.505
Output value 0.725

Q+ parameters
slope: 0.089 semiSat: 0.560 beta: 0.875 sigma: 0.114 
maxBOLD estimate = 1.822


Trial 39: qplus Stimulus Selection
Stimulus: 0.464
Output value 0.435

Q+ parameters
slope: 0.089 semiSat: 0.670 beta: 1.500 sigma: 0.114 
maxBOLD estimate = 1.594


Trial 40: baseline Stimulus Selection
Stimulus: 0.010
Output value 0.000

Q+ parameters
slope: 0.055 semiSat: 0.670 beta: 0.875 sigma: 0.114 
maxBOLD estimate = 2.391


Trial 41: qplus Stimulus Selection
Stimulus: 0.835
Output value 1.284

Q+ parameters
slope: 0.183 semiSat: 0.560 beta: 0.750 sigma: 0.114 
maxBOLD estimate = 2.092


Trial 42: qplus Stimulus Selection
Stimulus: 0.670
Output value 2.140

Q+ parameters
slope: 0.089 semiSat: 0.670 beta: 1.500 sigma: 0.114 
maxBOLD estimate = 1.569


Trial 43: qplus Stimulus Selection
Stimulus: 0.794
Output value 1.498

Q+ parameters
slope: 0.055 semiSat: 0.670 beta: 0.875 sigma: 0.114 
maxBOLD estimate = 2.354


Trial 44: qplus Stimulus Selection
Stimulus: 0.340
Output value 0.000

Q+ parameters
slope: 0.183 semiSat: 0.560 beta: 0.750 sigma: 0.114 
maxBOLD estimate = 2.060


Trial 45: maxBOLD Stimulus Selection
Stimulus: 1.000
Output value 2.106

Q+ parameters
slope: 0.089 semiSat: 0.670 beta: 1.500 sigma: 0.114 
maxBOLD estimate = 1.545


Trial 46: qplus Stimulus Selection
Stimulus: 0.588
Output value 0.948

Q+ parameters
slope: 0.089 semiSat: 0.560 beta: 0.750 sigma: 0.114 
maxBOLD estimate = 2.317


Trial 47: qplus Stimulus Selection
Stimulus: 0.711
Output value 1.521

Q+ parameters
slope: 0.183 semiSat: 0.560 beta: 0.875 sigma: 0.114 
maxBOLD estimate = 1.738


Trial 48: qplus Stimulus Selection
Stimulus: 0.464
Output value 0.415

Q+ parameters
slope: 0.089 semiSat: 0.670 beta: 1.500 sigma: 0.114 
maxBOLD estimate = 1.521


Trial 49: qplus Stimulus Selection
Stimulus: 0.588
Output value 0.467

Q+ parameters
slope: 0.089 semiSat: 0.560 beta: 0.750 sigma: 0.114 
maxBOLD estimate = 2.281


Trial 50: baseline Stimulus Selection
Stimulus: 0.010
Output value -0.233

Q+ parameters
slope: 0.089 semiSat: 0.670 beta: 1.500 sigma: 0.114 
maxBOLD estimate = 1.711


Trial 51: qplus Stimulus Selection
Stimulus: 0.794
Output value 1.400

Q+ parameters
slope: 0.070 semiSat: 0.670 beta: 0.750 sigma: 0.114 
maxBOLD estimate = 2.566


Trial 52: qplus Stimulus Selection
Stimulus: 1.000
Output value 1.050

Q+ parameters
slope: 0.183 semiSat: 0.560 beta: 0.750 sigma: 0.114 
maxBOLD estimate = 1.925


Trial 53: qplus Stimulus Selection
Stimulus: 0.505
Output value 0.738

Q+ parameters
slope: 0.144 semiSat: 0.560 beta: 1.125 sigma: 0.114 
maxBOLD estimate = 1.443


Trial 54: qplus Stimulus Selection
Stimulus: 0.546
Output value 0.443

Q+ parameters
slope: 0.089 semiSat: 0.670 beta: 1.500 sigma: 0.114 
maxBOLD estimate = 1.624


Trial 55: maxBOLD Stimulus Selection
Stimulus: 1.000
Output value 1.329

Q+ parameters
slope: 0.070 semiSat: 0.670 beta: 0.750 sigma: 0.114 
maxBOLD estimate = 2.436


Trial 56: qplus Stimulus Selection
Stimulus: 0.670
Output value 1.162

Q+ parameters
slope: 0.183 semiSat: 0.560 beta: 0.875 sigma: 0.114 
maxBOLD estimate = 1.827


Trial 57: qplus Stimulus Selection
Stimulus: 0.464
Output value -0.218

Q+ parameters
slope: 0.089 semiSat: 0.670 beta: 1.500 sigma: 0.114 
maxBOLD estimate = 1.598


Trial 58: qplus Stimulus Selection
Stimulus: 0.629
Output value 0.981

Q+ parameters
slope: 0.089 semiSat: 0.560 beta: 0.750 sigma: 0.114 
maxBOLD estimate = 2.398


Trial 59: qplus Stimulus Selection
Stimulus: 0.711
Output value 1.144

Q+ parameters
slope: 0.183 semiSat: 0.560 beta: 0.875 sigma: 0.114 
maxBOLD estimate = 1.798


Trial 60: baseline Stimulus Selection
Stimulus: 0.010
Output value 0.215

Q+ parameters
slope: 0.089 semiSat: 0.670 beta: 1.500 sigma: 0.114 
maxBOLD estimate = 1.573


Trial 61: qplus Stimulus Selection
Stimulus: 0.629
Output value 0.966

Q+ parameters
slope: 0.089 semiSat: 0.560 beta: 0.750 sigma: 0.114 
maxBOLD estimate = 2.360


Trial 62: qplus Stimulus Selection
Stimulus: 0.629
Output value 0.704

Q+ parameters
slope: 0.183 semiSat: 0.560 beta: 0.875 sigma: 0.114 
maxBOLD estimate = 1.770


Trial 63: qplus Stimulus Selection
Stimulus: 0.794
Output value 1.901

Q+ parameters
slope: 0.089 semiSat: 0.670 beta: 1.500 sigma: 0.114 
maxBOLD estimate = 1.549


Trial 64: qplus Stimulus Selection
Stimulus: 0.588
Output value 0.475

Q+ parameters
slope: 0.089 semiSat: 0.560 beta: 0.750 sigma: 0.114 
maxBOLD estimate = 2.323


Trial 65: maxBOLD Stimulus Selection
Stimulus: 1.000
Output value 1.386

Q+ parameters
slope: 0.183 semiSat: 0.560 beta: 0.875 sigma: 0.114 
maxBOLD estimate = 1.742


Trial 66: qplus Stimulus Selection
Stimulus: 0.794
Output value 2.287

Q+ parameters
slope: 0.089 semiSat: 0.670 beta: 1.500 sigma: 0.114 
maxBOLD estimate = 1.525


Trial 67: qplus Stimulus Selection
Stimulus: 0.588
Output value 0.468

Q+ parameters
slope: 0.183 semiSat: 0.560 beta: 0.750 sigma: 0.114 
maxBOLD estimate = 2.287


Trial 68: qplus Stimulus Selection
Stimulus: 0.629
Output value 0.955

Q+ parameters
slope: 0.183 semiSat: 0.560 beta: 0.875 sigma: 0.114 
maxBOLD estimate = 1.715


Trial 69: qplus Stimulus Selection
Stimulus: 0.794
Output value 2.251

Q+ parameters
slope: 0.089 semiSat: 0.670 beta: 1.500 sigma: 0.114 
maxBOLD estimate = 1.501


Trial 70: baseline Stimulus Selection
Stimulus: 0.010
Output value 0.000

Q+ parameters
slope: 0.183 semiSat: 0.560 beta: 0.750 sigma: 0.114 
maxBOLD estimate = 2.251


Trial 71: qplus Stimulus Selection
Stimulus: 0.670
Output value 1.477

Q+ parameters
slope: 0.234 semiSat: 0.560 beta: 0.875 sigma: 0.114 
maxBOLD estimate = 1.688


Trial 72: qplus Stimulus Selection
Stimulus: 0.794
Output value 2.418

Q+ parameters
slope: 0.089 semiSat: 0.670 beta: 1.500 sigma: 0.114 
maxBOLD estimate = 1.477


Trial 73: qplus Stimulus Selection
Stimulus: 0.588
Output value 0.755

Q+ parameters
slope: 0.183 semiSat: 0.560 beta: 0.750 sigma: 0.114 
maxBOLD estimate = 2.216


Trial 74: qplus Stimulus Selection
Stimulus: 0.711
Output value 2.493

Q+ parameters
slope: 0.089 semiSat: 0.670 beta: 1.500 sigma: 0.114 
maxBOLD estimate = 1.662


Trial 75: maxBOLD Stimulus Selection
Stimulus: 1.000
Output value 1.190

Q+ parameters
slope: 0.070 semiSat: 0.670 beta: 0.750 sigma: 0.114 
maxBOLD estimate = 2.493


Trial 76: qplus Stimulus Selection
Stimulus: 0.835
Output value 1.785

Q+ parameters
slope: 0.183 semiSat: 0.560 beta: 0.875 sigma: 0.114 
maxBOLD estimate = 1.870


Trial 77: qplus Stimulus Selection
Stimulus: 1.000
Output value 2.231

Q+ parameters
slope: 0.089 semiSat: 0.670 beta: 1.500 sigma: 0.114 
maxBOLD estimate = 1.636


Trial 78: qplus Stimulus Selection
Stimulus: 0.629
Output value 0.781

Q+ parameters
slope: 0.055 semiSat: 0.670 beta: 0.875 sigma: 0.114 
maxBOLD estimate = 2.454


Trial 79: qplus Stimulus Selection
Stimulus: 0.711
Output value 1.171

Q+ parameters
slope: 0.183 semiSat: 0.560 beta: 0.750 sigma: 0.114 
maxBOLD estimate = 2.147


Trial 80: baseline Stimulus Selection
Stimulus: 0.010
Output value 0.659

Q+ parameters
slope: 0.089 semiSat: 0.670 beta: 1.500 sigma: 0.114 
maxBOLD estimate = 1.611


Trial 81: qplus Stimulus Selection
Stimulus: 0.546
Output value 0.576

Q+ parameters
slope: 0.089 semiSat: 0.670 beta: 0.875 sigma: 0.114 
maxBOLD estimate = 2.416


Trial 82: qplus Stimulus Selection
Stimulus: 0.835
Output value 1.153

Q+ parameters
slope: 0.183 semiSat: 0.560 beta: 0.750 sigma: 0.114 
maxBOLD estimate = 2.114


Trial 83: qplus Stimulus Selection
Stimulus: 0.711
Output value 1.946

Q+ parameters
slope: 0.089 semiSat: 0.670 beta: 1.500 sigma: 0.114 
maxBOLD estimate = 1.585


Trial 84: qplus Stimulus Selection
Stimulus: 0.546
Output value 0.649

Q+ parameters
slope: 0.089 semiSat: 0.560 beta: 0.750 sigma: 0.114 
maxBOLD estimate = 2.378


Trial 85: maxBOLD Stimulus Selection
Stimulus: 1.000
Output value 0.993

Q+ parameters
slope: 0.183 semiSat: 0.560 beta: 0.875 sigma: 0.114 
maxBOLD estimate = 1.784


Trial 86: qplus Stimulus Selection
Stimulus: 0.835
Output value 2.128

Q+ parameters
slope: 0.089 semiSat: 0.670 beta: 1.500 sigma: 0.114 
maxBOLD estimate = 1.561


Trial 87: qplus Stimulus Selection
Stimulus: 0.629
Output value 0.798

Q+ parameters
slope: 0.089 semiSat: 0.560 beta: 0.750 sigma: 0.114 
maxBOLD estimate = 2.341


Trial 88: qplus Stimulus Selection
Stimulus: 0.588
Output value 0.559

Q+ parameters
slope: 0.183 semiSat: 0.560 beta: 0.875 sigma: 0.114 
maxBOLD estimate = 1.756


Trial 89: qplus Stimulus Selection
Stimulus: 0.464
Output value 0.209

Q+ parameters
slope: 0.089 semiSat: 0.670 beta: 1.500 sigma: 0.114 
maxBOLD estimate = 1.536


Trial 90: baseline Stimulus Selection
Stimulus: 0.010
Output value 0.000

Q+ parameters
slope: 0.089 semiSat: 0.560 beta: 0.750 sigma: 0.114 
maxBOLD estimate = 2.304


Trial 91: qplus Stimulus Selection
Stimulus: 0.588
Output value 1.100

Q+ parameters
slope: 0.183 semiSat: 0.560 beta: 0.875 sigma: 0.114 
maxBOLD estimate = 1.728


Trial 92: qplus Stimulus Selection
Stimulus: 0.464
Output value 1.237

Q+ parameters
slope: 0.089 semiSat: 0.670 beta: 1.500 sigma: 0.114 
maxBOLD estimate = 1.512


Trial 93: qplus Stimulus Selection
Stimulus: 0.629
Output value 1.237

Q+ parameters
slope: 0.089 semiSat: 0.560 beta: 0.750 sigma: 0.114 
maxBOLD estimate = 2.268


Trial 94: qplus Stimulus Selection
Stimulus: 0.629
Output value 1.353

Q+ parameters
slope: 0.183 semiSat: 0.560 beta: 0.875 sigma: 0.114 
maxBOLD estimate = 1.701


Trial 95: maxBOLD Stimulus Selection
Stimulus: 1.000
Output value 1.827

Q+ parameters
slope: 0.089 semiSat: 0.670 beta: 1.500 sigma: 0.114 
maxBOLD estimate = 1.489


Trial 96: qplus Stimulus Selection
Stimulus: 0.588
Output value 0.609

Q+ parameters
slope: 0.183 semiSat: 0.560 beta: 0.750 sigma: 0.114 
maxBOLD estimate = 2.233


Trial 97: qplus Stimulus Selection
Stimulus: 0.670
Output value 1.465

Q+ parameters
slope: 0.234 semiSat: 0.560 beta: 0.875 sigma: 0.114 
maxBOLD estimate = 1.675


Trial 98: qplus Stimulus Selection
Stimulus: 0.505
Output value 0.566

Q+ parameters
slope: 0.183 semiSat: 0.560 beta: 1.062 sigma: 0.114 
maxBOLD estimate = 1.465


Trial 99: qplus Stimulus Selection
Stimulus: 0.588
Output value 1.097

Q+ parameters
slope: 0.144 semiSat: 0.560 beta: 0.969 sigma: 0.114 
maxBOLD estimate = 1.557


Trial 100: baseline Stimulus Selection
Stimulus: 0.010
Output value -0.206

Q+ parameters
slope: 0.089 semiSat: 0.670 beta: 1.500 sigma: 0.114 
maxBOLD estimate = 1.508

--------------------------------------------------------------
FINAL VALUES
--------------------------------------------------------------
Simulated parameters:              slope: 0.200 semiSat: 0.570 beta: 1.000 sigma: 0.100 
Max posterior QUEST+ parameters:   slope: 0.183 semiSat: 0.560 beta: 0.750 sigma: 0.114 
Max BADS parameters:               slope: 0.037 semiSat: 0.693 beta: 1.000 sigma: 0.105 
maxBOLD estimate: 2.184
