/blue/stevenweisberg/stevenweisberg/MATLAB/projects/Weisberg_Aguirre_2020/scripts/run_sims
c0706a-s13.ufhpc
Wed Apr  7 06:58:01 EDT 2021
mkdir: cannot create directory ‘/blue/stevenweisberg/stevenweisberg/qpfMRIResults/model_parameter_set2/’: File exists
cp: cannot stat ‘/blue/stevenweisberg/stevenweisberg/qpfMRIResults/deploy_sim.sh’: No such file or directory
cp: cannot stat ‘/blue/stevenweisberg/stevenweisberg/qpfMRIResults/sim_wrapper.sh’: No such file or directory
------------------------------------------
Setting up environment variables
---
LD_LIBRARY_PATH is .:/apps/matlab/mcr/2020b/v99/runtime/glnxa64:/apps/matlab/mcr/2020b/v99/bin/glnxa64:/apps/matlab/mcr/2020b/v99/sys/os/glnxa64:/apps/matlab/mcr/2020b/v99/sys/opengl/lib/glnxa64
Warning: Executing startup failed in matlabrc.
This indicates a potentially serious problem in your MATLAB setup, which should be resolved as soon as possible.  Error detected was:
MATLAB:mpath:PathAlterationNotSupported
Modifying the search path is not supported by MATLAB Compiler. Remove functions that modify the search path from your MATLAB code. To make files visible to your deployed application, add the parent folder to your MATLAB session.
Warning: No stimulus domain specified. Defaulting to values between 0.01 and 1.
> In qpfmriParams (line 182)
In compiledSimulate (line 205)
Stimulus domain added from input.
Parameter slope specified as 0.20000
Parameter semiSat specified as 0.57000
Parameter beta specified as 1.00000
Parameter sigma specified as 0.10000
seed = 99seed = 104seed = 111seed = 111seed = 115seed = 101Initializing Q+. This may take a minute...
Elapsed time is 7.137784 seconds.
Simulated parameters:
slope: 0.200 semiSat: 0.570 beta: 1.000 sigma: 0.100 

Trial 1: baseline Stimulus Selection
Stimulus: 0.010
Output value 0.000

Q+ parameters
slope: 0.026 semiSat: 0.890 beta: 0.500 sigma: 0.010 
maxBOLD estimate = 1.000


Trial 2: maxBOLD Stimulus Selection
Stimulus: 1.000
Output value 0.705

Q+ parameters
slope: 0.043 semiSat: 0.780 beta: 0.969 sigma: 0.010 
maxBOLD estimate = 1.000


Trial 3: baseline Stimulus Selection
Stimulus: 0.010
Output value -0.110

Q+ parameters
slope: 0.055 semiSat: 0.670 beta: 1.250 sigma: 0.062 
maxBOLD estimate = 0.969


Trial 4: maxBOLD Stimulus Selection
Stimulus: 1.000
Output value 1.486

Q+ parameters
slope: 0.055 semiSat: 0.670 beta: 1.125 sigma: 0.114 
maxBOLD estimate = 1.211


Trial 5: baseline Stimulus Selection
Stimulus: 0.010
Output value 0.000

Q+ parameters
slope: 0.043 semiSat: 0.780 beta: 0.969 sigma: 0.062 
maxBOLD estimate = 1.362


Trial 6: maxBOLD Stimulus Selection
Stimulus: 1.000
Output value 1.650

Q+ parameters
slope: 0.043 semiSat: 0.780 beta: 1.250 sigma: 0.114 
maxBOLD estimate = 1.320


Trial 7: qplus Stimulus Selection
Stimulus: 0.505
Output value 0.675

Q+ parameters
slope: 0.144 semiSat: 0.450 beta: 0.750 sigma: 0.062 
maxBOLD estimate = 1.650


Trial 8: qplus Stimulus Selection
Stimulus: 0.381
Output value 1.012

Q+ parameters
slope: 0.043 semiSat: 0.670 beta: 1.500 sigma: 0.114 
maxBOLD estimate = 1.237


Trial 9: qplus Stimulus Selection
Stimulus: 0.505
Output value 0.506

Q+ parameters
slope: 0.055 semiSat: 0.560 beta: 0.750 sigma: 0.062 
maxBOLD estimate = 1.856


Trial 10: baseline Stimulus Selection
Stimulus: 0.010
Output value -0.158

Q+ parameters
slope: 0.043 semiSat: 0.780 beta: 1.250 sigma: 0.114 
maxBOLD estimate = 1.392


Trial 11: qplus Stimulus Selection
Stimulus: 0.711
Output value 0.949

Q+ parameters
slope: 0.089 semiSat: 0.560 beta: 0.750 sigma: 0.114 
maxBOLD estimate = 1.740


Trial 12: qplus Stimulus Selection
Stimulus: 0.629
Output value 1.335

Q+ parameters
slope: 0.144 semiSat: 0.560 beta: 1.250 sigma: 0.114 
maxBOLD estimate = 1.305


Trial 13: qplus Stimulus Selection
Stimulus: 0.588
Output value 0.695

Q+ parameters
slope: 0.144 semiSat: 0.560 beta: 0.938 sigma: 0.114 
maxBOLD estimate = 1.631


Trial 14: qplus Stimulus Selection
Stimulus: 0.505
Output value 1.877

Q+ parameters
slope: 0.144 semiSat: 0.560 beta: 1.500 sigma: 0.166 
maxBOLD estimate = 1.529


Trial 15: maxBOLD Stimulus Selection
Stimulus: 1.000
Output value 1.095

Q+ parameters
slope: 0.113 semiSat: 0.560 beta: 0.750 sigma: 0.114 
maxBOLD estimate = 2.294


Trial 16: qplus Stimulus Selection
Stimulus: 0.670
Output value 2.815

Q+ parameters
slope: 0.298 semiSat: 0.560 beta: 1.500 sigma: 0.166 
maxBOLD estimate = 1.720


Trial 17: qplus Stimulus Selection
Stimulus: 0.505
Output value 0.000

Q+ parameters
slope: 1.000 semiSat: 0.560 beta: 0.500 sigma: 0.114 
maxBOLD estimate = 2.581


Trial 18: qplus Stimulus Selection
Stimulus: 0.711
Output value 2.111

Q+ parameters
slope: 0.183 semiSat: 0.560 beta: 1.500 sigma: 0.114 
maxBOLD estimate = 1.290


Trial 19: qplus Stimulus Selection
Stimulus: 0.505
Output value 0.264

Q+ parameters
slope: 0.483 semiSat: 0.560 beta: 0.750 sigma: 0.114 
maxBOLD estimate = 1.935


Trial 20: baseline Stimulus Selection
Stimulus: 0.010
Output value 0.792

Q+ parameters
slope: 0.379 semiSat: 0.560 beta: 1.500 sigma: 0.166 
maxBOLD estimate = 1.452


Trial 21: qplus Stimulus Selection
Stimulus: 0.546
Output value 0.742

Q+ parameters
slope: 0.183 semiSat: 0.560 beta: 0.750 sigma: 0.114 
maxBOLD estimate = 2.177


Trial 22: qplus Stimulus Selection
Stimulus: 0.629
Output value 1.169

Q+ parameters
slope: 0.298 semiSat: 0.560 beta: 0.875 sigma: 0.114 
maxBOLD estimate = 1.633


Trial 23: qplus Stimulus Selection
Stimulus: 0.588
Output value 0.877

Q+ parameters
slope: 0.298 semiSat: 0.560 beta: 1.125 sigma: 0.166 
maxBOLD estimate = 1.429


Trial 24: qplus Stimulus Selection
Stimulus: 0.588
Output value 0.767

Q+ parameters
slope: 0.298 semiSat: 0.560 beta: 0.875 sigma: 0.114 
maxBOLD estimate = 1.607


Trial 25: maxBOLD Stimulus Selection
Stimulus: 1.000
Output value 1.918

Q+ parameters
slope: 0.234 semiSat: 0.560 beta: 1.250 sigma: 0.166 
maxBOLD estimate = 1.407


Trial 26: qplus Stimulus Selection
Stimulus: 0.505
Output value 0.140

Q+ parameters
slope: 0.234 semiSat: 0.560 beta: 0.875 sigma: 0.114 
maxBOLD estimate = 1.758


Trial 27: qplus Stimulus Selection
Stimulus: 0.629
Output value 1.783

Q+ parameters
slope: 0.298 semiSat: 0.560 beta: 1.062 sigma: 0.166 
maxBOLD estimate = 1.538


Trial 28: qplus Stimulus Selection
Stimulus: 0.505
Output value -0.130

Q+ parameters
slope: 0.298 semiSat: 0.560 beta: 0.875 sigma: 0.114 
maxBOLD estimate = 1.635


Trial 29: qplus Stimulus Selection
Stimulus: 0.588
Output value 0.439

Q+ parameters
slope: 0.183 semiSat: 0.560 beta: 1.125 sigma: 0.166 
maxBOLD estimate = 1.430


Trial 30: baseline Stimulus Selection
Stimulus: 0.010
Output value 0.658

Q+ parameters
slope: 0.379 semiSat: 0.560 beta: 0.750 sigma: 0.166 
maxBOLD estimate = 1.609


Trial 31: qplus Stimulus Selection
Stimulus: 0.588
Output value 1.508

Q+ parameters
slope: 0.234 semiSat: 0.560 beta: 1.250 sigma: 0.114 
maxBOLD estimate = 1.207


Trial 32: qplus Stimulus Selection
Stimulus: 0.505
Output value 0.411

Q+ parameters
slope: 0.183 semiSat: 0.560 beta: 1.000 sigma: 0.114 
maxBOLD estimate = 1.508


Trial 33: qplus Stimulus Selection
Stimulus: 0.505
Output value 0.411

Q+ parameters
slope: 0.183 semiSat: 0.560 beta: 1.000 sigma: 0.114 
maxBOLD estimate = 1.508


Trial 34: qplus Stimulus Selection
Stimulus: 0.505
Output value -0.291

Q+ parameters
slope: 0.234 semiSat: 0.560 beta: 1.062 sigma: 0.166 
maxBOLD estimate = 1.508


Trial 35: maxBOLD Stimulus Selection
Stimulus: 1.000
Output value 1.748

Q+ parameters
slope: 0.144 semiSat: 0.560 beta: 1.000 sigma: 0.114 
maxBOLD estimate = 1.603


Trial 36: qplus Stimulus Selection
Stimulus: 0.670
Output value 1.748

Q+ parameters
slope: 0.183 semiSat: 0.560 beta: 1.000 sigma: 0.114 
maxBOLD estimate = 1.603


Trial 37: qplus Stimulus Selection
Stimulus: 0.505
Output value 0.583

Q+ parameters
slope: 0.183 semiSat: 0.560 beta: 1.000 sigma: 0.114 
maxBOLD estimate = 1.603


Trial 38: qplus Stimulus Selection
Stimulus: 0.505
Output value -0.291

Q+ parameters
slope: 0.183 semiSat: 0.560 beta: 1.000 sigma: 0.114 
maxBOLD estimate = 1.603


Trial 39: qplus Stimulus Selection
Stimulus: 0.505
Output value 0.000

Q+ parameters
slope: 0.183 semiSat: 0.560 beta: 1.000 sigma: 0.114 
maxBOLD estimate = 1.603


Trial 40: baseline Stimulus Selection
Stimulus: 0.010
Output value 0.765

Q+ parameters
slope: 0.234 semiSat: 0.560 beta: 0.875 sigma: 0.166 
maxBOLD estimate = 1.603


Trial 41: qplus Stimulus Selection
Stimulus: 0.588
Output value 1.355

Q+ parameters
slope: 0.234 semiSat: 0.560 beta: 1.062 sigma: 0.114 
maxBOLD estimate = 1.402


Trial 42: qplus Stimulus Selection
Stimulus: 0.588
Output value 0.813

Q+ parameters
slope: 0.183 semiSat: 0.560 beta: 1.000 sigma: 0.114 
maxBOLD estimate = 1.490


Trial 43: qplus Stimulus Selection
Stimulus: 0.505
Output value 1.219

Q+ parameters
slope: 0.183 semiSat: 0.560 beta: 1.000 sigma: 0.166 
maxBOLD estimate = 1.490


Trial 44: qplus Stimulus Selection
Stimulus: 0.629
Output value 0.677

Q+ parameters
slope: 0.183 semiSat: 0.560 beta: 1.000 sigma: 0.166 
maxBOLD estimate = 1.490


Trial 45: maxBOLD Stimulus Selection
Stimulus: 1.000
Output value 1.625

Q+ parameters
slope: 0.183 semiSat: 0.560 beta: 1.000 sigma: 0.114 
maxBOLD estimate = 1.490


Trial 46: qplus Stimulus Selection
Stimulus: 0.505
Output value 0.542

Q+ parameters
slope: 0.183 semiSat: 0.560 beta: 1.000 sigma: 0.114 
maxBOLD estimate = 1.490


Trial 47: qplus Stimulus Selection
Stimulus: 0.505
Output value 0.406

Q+ parameters
slope: 0.183 semiSat: 0.560 beta: 1.000 sigma: 0.114 
maxBOLD estimate = 1.490


Trial 48: qplus Stimulus Selection
Stimulus: 0.588
Output value 0.677

Q+ parameters
slope: 0.183 semiSat: 0.560 beta: 1.000 sigma: 0.114 
maxBOLD estimate = 1.490


Trial 49: qplus Stimulus Selection
Stimulus: 0.505
Output value 0.406

Q+ parameters
slope: 0.183 semiSat: 0.560 beta: 1.000 sigma: 0.114 
maxBOLD estimate = 1.490


Trial 50: baseline Stimulus Selection
Stimulus: 0.010
Output value 0.000

Q+ parameters
slope: 0.183 semiSat: 0.560 beta: 1.000 sigma: 0.114 
maxBOLD estimate = 1.490


Trial 51: qplus Stimulus Selection
Stimulus: 0.588
Output value 1.727

Q+ parameters
slope: 0.234 semiSat: 0.560 beta: 1.062 sigma: 0.166 
maxBOLD estimate = 1.490


Trial 52: qplus Stimulus Selection
Stimulus: 0.464
Output value -0.144

Q+ parameters
slope: 0.183 semiSat: 0.560 beta: 1.000 sigma: 0.114 
maxBOLD estimate = 1.583


Trial 53: qplus Stimulus Selection
Stimulus: 0.629
Output value 0.270

Q+ parameters
slope: 0.144 semiSat: 0.560 beta: 0.938 sigma: 0.114 
maxBOLD estimate = 1.583


Trial 54: qplus Stimulus Selection
Stimulus: 0.588
Output value 0.540

Q+ parameters
slope: 0.183 semiSat: 0.560 beta: 1.000 sigma: 0.114 
maxBOLD estimate = 1.484


Trial 55: maxBOLD Stimulus Selection
Stimulus: 1.000
Output value 1.619

Q+ parameters
slope: 0.183 semiSat: 0.560 beta: 1.000 sigma: 0.114 
maxBOLD estimate = 1.484


Trial 56: qplus Stimulus Selection
Stimulus: 0.629
Output value 0.944

Q+ parameters
slope: 0.144 semiSat: 0.560 beta: 1.000 sigma: 0.114 
maxBOLD estimate = 1.484


Trial 57: qplus Stimulus Selection
Stimulus: 0.629
Output value 1.079

Q+ parameters
slope: 0.183 semiSat: 0.560 beta: 1.000 sigma: 0.114 
maxBOLD estimate = 1.484


Trial 58: qplus Stimulus Selection
Stimulus: 0.629
Output value 1.349

Q+ parameters
slope: 0.183 semiSat: 0.560 beta: 1.000 sigma: 0.114 
maxBOLD estimate = 1.484


Trial 59: qplus Stimulus Selection
Stimulus: 0.505
Output value 0.810

Q+ parameters
slope: 0.183 semiSat: 0.560 beta: 1.000 sigma: 0.114 
maxBOLD estimate = 1.484


Trial 60: baseline Stimulus Selection
Stimulus: 0.010
Output value -0.287

Q+ parameters
slope: 0.144 semiSat: 0.560 beta: 1.062 sigma: 0.114 
maxBOLD estimate = 1.484


Trial 61: qplus Stimulus Selection
Stimulus: 0.505
Output value 0.287

Q+ parameters
slope: 0.183 semiSat: 0.560 beta: 1.000 sigma: 0.114 
maxBOLD estimate = 1.577


Trial 62: qplus Stimulus Selection
Stimulus: 0.629
Output value 0.430

Q+ parameters
slope: 0.144 semiSat: 0.560 beta: 1.000 sigma: 0.114 
maxBOLD estimate = 1.577


Trial 63: qplus Stimulus Selection
Stimulus: 0.505
Output value 0.573

Q+ parameters
slope: 0.144 semiSat: 0.560 beta: 1.000 sigma: 0.114 
maxBOLD estimate = 1.577


Trial 64: qplus Stimulus Selection
Stimulus: 0.505
Output value -0.287

Q+ parameters
slope: 0.144 semiSat: 0.560 beta: 1.000 sigma: 0.114 
maxBOLD estimate = 1.577


Trial 65: maxBOLD Stimulus Selection
Stimulus: 1.000
Output value 1.577

Q+ parameters
slope: 0.144 semiSat: 0.560 beta: 1.000 sigma: 0.114 
maxBOLD estimate = 1.577


Trial 66: qplus Stimulus Selection
Stimulus: 0.629
Output value 1.720

Q+ parameters
slope: 0.183 semiSat: 0.560 beta: 1.000 sigma: 0.114 
maxBOLD estimate = 1.577


Trial 67: qplus Stimulus Selection
Stimulus: 0.505
Output value -0.305

Q+ parameters
slope: 0.183 semiSat: 0.560 beta: 1.062 sigma: 0.166 
maxBOLD estimate = 1.577


Trial 68: qplus Stimulus Selection
Stimulus: 0.629
Output value 1.285

Q+ parameters
slope: 0.144 semiSat: 0.560 beta: 0.938 sigma: 0.114 
maxBOLD estimate = 1.676


Trial 69: qplus Stimulus Selection
Stimulus: 0.711
Output value 1.000

Q+ parameters
slope: 0.144 semiSat: 0.560 beta: 1.000 sigma: 0.114 
maxBOLD estimate = 1.571


Trial 70: baseline Stimulus Selection
Stimulus: 0.010
Output value 0.428

Q+ parameters
slope: 0.144 semiSat: 0.560 beta: 1.000 sigma: 0.114 
maxBOLD estimate = 1.571


Trial 71: qplus Stimulus Selection
Stimulus: 0.588
Output value 1.142

Q+ parameters
slope: 0.144 semiSat: 0.560 beta: 1.000 sigma: 0.114 
maxBOLD estimate = 1.571


Trial 72: qplus Stimulus Selection
Stimulus: 0.629
Output value 1.285

Q+ parameters
slope: 0.183 semiSat: 0.560 beta: 1.000 sigma: 0.114 
maxBOLD estimate = 1.571


Trial 73: qplus Stimulus Selection
Stimulus: 0.629
Output value 0.714

Q+ parameters
slope: 0.144 semiSat: 0.560 beta: 1.000 sigma: 0.114 
maxBOLD estimate = 1.571


Trial 74: qplus Stimulus Selection
Stimulus: 0.381
Output value 1.000

Q+ parameters
slope: 0.144 semiSat: 0.560 beta: 1.000 sigma: 0.114 
maxBOLD estimate = 1.571


Trial 75: maxBOLD Stimulus Selection
Stimulus: 1.000
Output value 1.714

Q+ parameters
slope: 0.144 semiSat: 0.560 beta: 1.000 sigma: 0.114 
maxBOLD estimate = 1.571


Trial 76: qplus Stimulus Selection
Stimulus: 0.629
Output value 1.000

Q+ parameters
slope: 0.144 semiSat: 0.560 beta: 1.000 sigma: 0.114 
maxBOLD estimate = 1.571


Trial 77: qplus Stimulus Selection
Stimulus: 0.588
Output value 1.428

Q+ parameters
slope: 0.144 semiSat: 0.560 beta: 1.000 sigma: 0.114 
maxBOLD estimate = 1.571


Trial 78: qplus Stimulus Selection
Stimulus: 0.629
Output value 1.428

Q+ parameters
slope: 0.144 semiSat: 0.560 beta: 1.000 sigma: 0.114 
maxBOLD estimate = 1.571


Trial 79: qplus Stimulus Selection
Stimulus: 0.629
Output value 1.142

Q+ parameters
slope: 0.144 semiSat: 0.560 beta: 1.000 sigma: 0.114 
maxBOLD estimate = 1.571


Trial 80: baseline Stimulus Selection
Stimulus: 0.010
Output value -0.286

Q+ parameters
slope: 0.144 semiSat: 0.560 beta: 1.000 sigma: 0.114 
maxBOLD estimate = 1.571


Trial 81: qplus Stimulus Selection
Stimulus: 0.505
Output value 0.857

Q+ parameters
slope: 0.144 semiSat: 0.560 beta: 1.000 sigma: 0.114 
maxBOLD estimate = 1.571


Trial 82: qplus Stimulus Selection
Stimulus: 0.505
Output value -0.286

Q+ parameters
slope: 0.144 semiSat: 0.560 beta: 1.000 sigma: 0.114 
maxBOLD estimate = 1.571


Trial 83: qplus Stimulus Selection
Stimulus: 0.505
Output value -0.286

Q+ parameters
slope: 0.144 semiSat: 0.560 beta: 1.000 sigma: 0.114 
maxBOLD estimate = 1.571


Trial 84: qplus Stimulus Selection
Stimulus: 0.505
Output value 1.142

Q+ parameters
slope: 0.144 semiSat: 0.560 beta: 1.000 sigma: 0.114 
maxBOLD estimate = 1.571


Trial 85: maxBOLD Stimulus Selection
Stimulus: 1.000
Output value 0.857

Q+ parameters
slope: 0.144 semiSat: 0.560 beta: 1.000 sigma: 0.114 
maxBOLD estimate = 1.571


Trial 86: qplus Stimulus Selection
Stimulus: 0.629
Output value 1.714

Q+ parameters
slope: 0.144 semiSat: 0.560 beta: 1.000 sigma: 0.114 
maxBOLD estimate = 1.571


Trial 87: qplus Stimulus Selection
Stimulus: 0.629
Output value 0.143

Q+ parameters
slope: 0.144 semiSat: 0.560 beta: 1.000 sigma: 0.114 
maxBOLD estimate = 1.571


Trial 88: qplus Stimulus Selection
Stimulus: 0.505
Output value 0.286

Q+ parameters
slope: 0.144 semiSat: 0.560 beta: 1.000 sigma: 0.114 
maxBOLD estimate = 1.571


Trial 89: qplus Stimulus Selection
Stimulus: 0.381
Output value 0.000

Q+ parameters
slope: 0.144 semiSat: 0.560 beta: 1.000 sigma: 0.114 
maxBOLD estimate = 1.571


Trial 90: baseline Stimulus Selection
Stimulus: 0.010
Output value -0.286

Q+ parameters
slope: 0.144 semiSat: 0.560 beta: 1.000 sigma: 0.114 
maxBOLD estimate = 1.571


Trial 91: qplus Stimulus Selection
Stimulus: 0.381
Output value -0.286

Q+ parameters
slope: 0.144 semiSat: 0.560 beta: 1.000 sigma: 0.114 
maxBOLD estimate = 1.571


Trial 92: qplus Stimulus Selection
Stimulus: 0.381
Output value -0.286

Q+ parameters
slope: 0.144 semiSat: 0.560 beta: 1.000 sigma: 0.114 
maxBOLD estimate = 1.571


Trial 93: qplus Stimulus Selection
Stimulus: 0.381
Output value 0.571

Q+ parameters
slope: 0.144 semiSat: 0.560 beta: 1.000 sigma: 0.114 
maxBOLD estimate = 1.571


Trial 94: qplus Stimulus Selection
Stimulus: 0.381
Output value -0.277

Q+ parameters
slope: 0.183 semiSat: 0.560 beta: 0.969 sigma: 0.114 
maxBOLD estimate = 1.571


Trial 95: maxBOLD Stimulus Selection
Stimulus: 1.000
Output value 1.141

Q+ parameters
slope: 0.183 semiSat: 0.560 beta: 1.031 sigma: 0.114 
maxBOLD estimate = 1.522


Trial 96: qplus Stimulus Selection
Stimulus: 0.629
Output value 0.691

Q+ parameters
slope: 0.183 semiSat: 0.560 beta: 0.969 sigma: 0.114 
maxBOLD estimate = 1.569


Trial 97: qplus Stimulus Selection
Stimulus: 0.381
Output value 0.691

Q+ parameters
slope: 0.144 semiSat: 0.560 beta: 1.000 sigma: 0.114 
maxBOLD estimate = 1.520


Trial 98: qplus Stimulus Selection
Stimulus: 0.629
Output value 0.967

Q+ parameters
slope: 0.144 semiSat: 0.560 beta: 1.000 sigma: 0.114 
maxBOLD estimate = 1.520


Trial 99: qplus Stimulus Selection
Stimulus: 0.629
Output value 0.829

Q+ parameters
slope: 0.144 semiSat: 0.560 beta: 1.000 sigma: 0.114 
maxBOLD estimate = 1.520


Trial 100: baseline Stimulus Selection
Stimulus: 0.010
Output value 0.276

Q+ parameters
slope: 0.144 semiSat: 0.560 beta: 1.000 sigma: 0.114 
maxBOLD estimate = 1.520

--------------------------------------------------------------
FINAL VALUES
--------------------------------------------------------------
Simulated parameters:              slope: 0.200 semiSat: 0.570 beta: 1.000 sigma: 0.100 
Max posterior QUEST+ parameters:   slope: 0.144 semiSat: 0.560 beta: 1.000 sigma: 0.114 
Max BADS parameters:               slope: 0.186 semiSat: 0.565 beta: 1.000 sigma: 0.122 
maxBOLD estimate: 1.546
