/blue/stevenweisberg/stevenweisberg/MATLAB/projects/Weisberg_Aguirre_2020/scripts/run_sims
c0700a-s2.ufhpc
Wed Apr  7 00:33:18 EDT 2021
mkdir: cannot create directory ‘/blue/stevenweisberg/stevenweisberg/qpfMRIResults/model_parameter_set2/’: File exists
cp: cannot stat ‘/blue/stevenweisberg/stevenweisberg/qpfMRIResults/deploy_sim.sh’: No such file or directory
cp: cannot stat ‘/blue/stevenweisberg/stevenweisberg/qpfMRIResults/sim_wrapper.sh’: No such file or directory
------------------------------------------
Setting up environment variables
---
LD_LIBRARY_PATH is .:/apps/matlab/mcr/2020b/v99/runtime/glnxa64:/apps/matlab/mcr/2020b/v99/bin/glnxa64:/apps/matlab/mcr/2020b/v99/sys/os/glnxa64:/apps/matlab/mcr/2020b/v99/sys/opengl/lib/glnxa64
Warning: Executing startup failed in matlabrc.
This indicates a potentially serious problem in your MATLAB setup, which should be resolved as soon as possible.  Error detected was:
MATLAB:mpath:PathAlterationNotSupported
Modifying the search path is not supported by MATLAB Compiler. Remove functions that modify the search path from your MATLAB code. To make files visible to your deployed application, add the parent folder to your MATLAB session.
Warning: No stimulus domain specified. Defaulting to values between 0.01 and 1.
> In qpfmriParams (line 182)
In compiledSimulate (line 205)
Stimulus domain added from input.
Parameter slope specified as 0.20000
Parameter semiSat specified as 0.57000
Parameter beta specified as 1.00000
Parameter sigma specified as 0.10000
seed = 99seed = 104seed = 111seed = 111seed = 115seed = 101Initializing Q+. This may take a minute...
Elapsed time is 7.284345 seconds.
Simulated parameters:
slope: 0.200 semiSat: 0.570 beta: 1.000 sigma: 0.100 

Trial 1: baseline Stimulus Selection
Stimulus: 0.010
Output value 0.000

Q+ parameters
slope: 0.026 semiSat: 0.890 beta: 0.500 sigma: 0.010 
maxBOLD estimate = 1.000


Trial 2: maxBOLD Stimulus Selection
Stimulus: 1.000
Output value 1.364

Q+ parameters
slope: 0.055 semiSat: 0.670 beta: 1.250 sigma: 0.010 
maxBOLD estimate = 1.000


Trial 3: baseline Stimulus Selection
Stimulus: 0.010
Output value -0.142

Q+ parameters
slope: 0.055 semiSat: 0.670 beta: 1.250 sigma: 0.062 
maxBOLD estimate = 1.250


Trial 4: maxBOLD Stimulus Selection
Stimulus: 1.000
Output value 2.131

Q+ parameters
slope: 0.055 semiSat: 0.670 beta: 1.250 sigma: 0.062 
maxBOLD estimate = 1.562


Trial 5: baseline Stimulus Selection
Stimulus: 0.010
Output value 0.344

Q+ parameters
slope: 0.043 semiSat: 0.780 beta: 0.969 sigma: 0.062 
maxBOLD estimate = 1.953


Trial 6: maxBOLD Stimulus Selection
Stimulus: 1.000
Output value 1.500

Q+ parameters
slope: 0.043 semiSat: 0.780 beta: 0.969 sigma: 0.062 
maxBOLD estimate = 1.892


Trial 7: random Stimulus Selection
Stimulus: 0.092
Output value -0.156

Q+ parameters
slope: 0.055 semiSat: 0.670 beta: 0.938 sigma: 0.114 
maxBOLD estimate = 1.833


Trial 8: random Stimulus Selection
Stimulus: 0.010
Output value 0.000

Q+ parameters
slope: 0.055 semiSat: 0.670 beta: 0.938 sigma: 0.062 
maxBOLD estimate = 1.718


Trial 9: random Stimulus Selection
Stimulus: 0.670
Output value 1.236

Q+ parameters
slope: 0.089 semiSat: 0.450 beta: 0.938 sigma: 0.062 
maxBOLD estimate = 1.611


Trial 10: baseline Stimulus Selection
Stimulus: 0.010
Output value 0.137

Q+ parameters
slope: 0.070 semiSat: 0.560 beta: 1.000 sigma: 0.114 
maxBOLD estimate = 1.510


Trial 11: random Stimulus Selection
Stimulus: 0.175
Output value 0.481

Q+ parameters
slope: 0.234 semiSat: 0.230 beta: 0.875 sigma: 0.114 
maxBOLD estimate = 1.510


Trial 12: random Stimulus Selection
Stimulus: 0.588
Output value 1.149

Q+ parameters
slope: 0.089 semiSat: 0.450 beta: 1.062 sigma: 0.114 
maxBOLD estimate = 1.322


Trial 13: random Stimulus Selection
Stimulus: 0.753
Output value 1.628

Q+ parameters
slope: 0.089 semiSat: 0.450 beta: 1.062 sigma: 0.114 
maxBOLD estimate = 1.404


Trial 14: random Stimulus Selection
Stimulus: 0.876
Output value 1.271

Q+ parameters
slope: 0.089 semiSat: 0.450 beta: 0.938 sigma: 0.114 
maxBOLD estimate = 1.492


Trial 15: maxBOLD Stimulus Selection
Stimulus: 1.000
Output value 1.717

Q+ parameters
slope: 0.113 semiSat: 0.450 beta: 1.125 sigma: 0.114 
maxBOLD estimate = 1.399


Trial 16: random Stimulus Selection
Stimulus: 0.423
Output value 0.148

Q+ parameters
slope: 0.144 semiSat: 0.560 beta: 1.031 sigma: 0.114 
maxBOLD estimate = 1.573


Trial 17: random Stimulus Selection
Stimulus: 0.340
Output value -0.258

Q+ parameters
slope: 0.298 semiSat: 0.560 beta: 0.875 sigma: 0.114 
maxBOLD estimate = 1.623


Trial 18: random Stimulus Selection
Stimulus: 0.711
Output value 1.371

Q+ parameters
slope: 0.234 semiSat: 0.560 beta: 1.062 sigma: 0.114 
maxBOLD estimate = 1.420


Trial 19: random Stimulus Selection
Stimulus: 0.711
Output value 1.414

Q+ parameters
slope: 0.144 semiSat: 0.560 beta: 1.031 sigma: 0.114 
maxBOLD estimate = 1.509


Trial 20: baseline Stimulus Selection
Stimulus: 0.010
Output value -0.274

Q+ parameters
slope: 0.379 semiSat: 0.560 beta: 0.969 sigma: 0.114 
maxBOLD estimate = 1.556


Trial 21: random Stimulus Selection
Stimulus: 0.918
Output value 1.272

Q+ parameters
slope: 0.144 semiSat: 0.560 beta: 1.031 sigma: 0.114 
maxBOLD estimate = 1.507


Trial 22: random Stimulus Selection
Stimulus: 0.092
Output value -0.291

Q+ parameters
slope: 0.144 semiSat: 0.560 beta: 1.031 sigma: 0.114 
maxBOLD estimate = 1.554


Trial 23: random Stimulus Selection
Stimulus: 0.918
Output value 1.352

Q+ parameters
slope: 0.144 semiSat: 0.560 beta: 1.031 sigma: 0.114 
maxBOLD estimate = 1.603


Trial 24: random Stimulus Selection
Stimulus: 0.010
Output value 0.000

Q+ parameters
slope: 0.298 semiSat: 0.560 beta: 0.875 sigma: 0.114 
maxBOLD estimate = 1.653


Trial 25: maxBOLD Stimulus Selection
Stimulus: 1.000
Output value 1.676

Q+ parameters
slope: 0.234 semiSat: 0.560 beta: 1.062 sigma: 0.114 
maxBOLD estimate = 1.446


Trial 26: random Stimulus Selection
Stimulus: 0.629
Output value 1.397

Q+ parameters
slope: 0.183 semiSat: 0.560 beta: 1.000 sigma: 0.114 
maxBOLD estimate = 1.537


Trial 27: random Stimulus Selection
Stimulus: 0.299
Output value 0.279

Q+ parameters
slope: 0.183 semiSat: 0.560 beta: 1.000 sigma: 0.114 
maxBOLD estimate = 1.537


Trial 28: random Stimulus Selection
Stimulus: 0.918
Output value 1.676

Q+ parameters
slope: 0.183 semiSat: 0.560 beta: 1.000 sigma: 0.114 
maxBOLD estimate = 1.537


Trial 29: random Stimulus Selection
Stimulus: 0.051
Output value 0.419

Q+ parameters
slope: 0.183 semiSat: 0.560 beta: 1.000 sigma: 0.114 
maxBOLD estimate = 1.537


Trial 30: baseline Stimulus Selection
Stimulus: 0.010
Output value 0.288

Q+ parameters
slope: 0.144 semiSat: 0.560 beta: 1.031 sigma: 0.114 
maxBOLD estimate = 1.537


Trial 31: random Stimulus Selection
Stimulus: 0.711
Output value 1.513

Q+ parameters
slope: 0.298 semiSat: 0.560 beta: 0.875 sigma: 0.114 
maxBOLD estimate = 1.585


Trial 32: random Stimulus Selection
Stimulus: 0.629
Output value 1.702

Q+ parameters
slope: 0.379 semiSat: 0.560 beta: 1.125 sigma: 0.114 
maxBOLD estimate = 1.387


Trial 33: random Stimulus Selection
Stimulus: 0.175
Output value 0.412

Q+ parameters
slope: 0.379 semiSat: 0.560 beta: 0.969 sigma: 0.114 
maxBOLD estimate = 1.560


Trial 34: random Stimulus Selection
Stimulus: 0.753
Output value 1.597

Q+ parameters
slope: 0.379 semiSat: 0.560 beta: 0.969 sigma: 0.114 
maxBOLD estimate = 1.511


Trial 35: maxBOLD Stimulus Selection
Stimulus: 1.000
Output value 1.697

Q+ parameters
slope: 0.234 semiSat: 0.560 beta: 1.062 sigma: 0.114 
maxBOLD estimate = 1.464


Trial 36: random Stimulus Selection
Stimulus: 0.753
Output value 1.644

Q+ parameters
slope: 0.379 semiSat: 0.560 beta: 0.969 sigma: 0.114 
maxBOLD estimate = 1.555


Trial 37: random Stimulus Selection
Stimulus: 0.092
Output value 0.291

Q+ parameters
slope: 0.234 semiSat: 0.560 beta: 1.062 sigma: 0.114 
maxBOLD estimate = 1.507


Trial 38: random Stimulus Selection
Stimulus: 0.588
Output value 1.128

Q+ parameters
slope: 0.379 semiSat: 0.560 beta: 0.969 sigma: 0.114 
maxBOLD estimate = 1.601


Trial 39: random Stimulus Selection
Stimulus: 0.588
Output value 0.956

Q+ parameters
slope: 0.379 semiSat: 0.560 beta: 0.969 sigma: 0.114 
maxBOLD estimate = 1.551


Trial 40: baseline Stimulus Selection
Stimulus: 0.010
Output value 0.265

Q+ parameters
slope: 0.379 semiSat: 0.560 beta: 0.969 sigma: 0.114 
maxBOLD estimate = 1.502


Trial 41: random Stimulus Selection
Stimulus: 0.381
Output value 0.141

Q+ parameters
slope: 0.234 semiSat: 0.560 beta: 1.062 sigma: 0.114 
maxBOLD estimate = 1.456


Trial 42: random Stimulus Selection
Stimulus: 0.464
Output value 0.272

Q+ parameters
slope: 0.379 semiSat: 0.560 beta: 0.969 sigma: 0.114 
maxBOLD estimate = 1.546


Trial 43: random Stimulus Selection
Stimulus: 0.876
Output value 1.187

Q+ parameters
slope: 0.379 semiSat: 0.560 beta: 0.969 sigma: 0.114 
maxBOLD estimate = 1.498


Trial 44: random Stimulus Selection
Stimulus: 0.588
Output value 0.511

Q+ parameters
slope: 0.379 semiSat: 0.560 beta: 0.969 sigma: 0.114 
maxBOLD estimate = 1.451


Trial 45: maxBOLD Stimulus Selection
Stimulus: 1.000
Output value 1.630

Q+ parameters
slope: 0.234 semiSat: 0.560 beta: 1.062 sigma: 0.114 
maxBOLD estimate = 1.406


Trial 46: random Stimulus Selection
Stimulus: 0.546
Output value 0.866

Q+ parameters
slope: 0.234 semiSat: 0.560 beta: 1.062 sigma: 0.114 
maxBOLD estimate = 1.494


Trial 47: random Stimulus Selection
Stimulus: 0.918
Output value 1.732

Q+ parameters
slope: 0.234 semiSat: 0.560 beta: 1.000 sigma: 0.114 
maxBOLD estimate = 1.587


Trial 48: random Stimulus Selection
Stimulus: 0.588
Output value 0.866

Q+ parameters
slope: 0.234 semiSat: 0.560 beta: 1.000 sigma: 0.114 
maxBOLD estimate = 1.587


Trial 49: random Stimulus Selection
Stimulus: 0.753
Output value 1.732

Q+ parameters
slope: 0.234 semiSat: 0.560 beta: 1.000 sigma: 0.114 
maxBOLD estimate = 1.587


Trial 50: baseline Stimulus Selection
Stimulus: 0.010
Output value 0.280

Q+ parameters
slope: 0.234 semiSat: 0.560 beta: 0.969 sigma: 0.114 
maxBOLD estimate = 1.587


Trial 51: random Stimulus Selection
Stimulus: 0.051
Output value 0.140

Q+ parameters
slope: 0.234 semiSat: 0.560 beta: 1.000 sigma: 0.114 
maxBOLD estimate = 1.538


Trial 52: random Stimulus Selection
Stimulus: 0.835
Output value 1.398

Q+ parameters
slope: 0.234 semiSat: 0.560 beta: 1.000 sigma: 0.114 
maxBOLD estimate = 1.538


Trial 53: random Stimulus Selection
Stimulus: 0.216
Output value -0.140

Q+ parameters
slope: 0.234 semiSat: 0.560 beta: 1.000 sigma: 0.114 
maxBOLD estimate = 1.538


Trial 54: random Stimulus Selection
Stimulus: 0.753
Output value 1.677

Q+ parameters
slope: 0.234 semiSat: 0.560 beta: 1.000 sigma: 0.114 
maxBOLD estimate = 1.538


Trial 55: maxBOLD Stimulus Selection
Stimulus: 1.000
Output value 1.538

Q+ parameters
slope: 0.234 semiSat: 0.560 beta: 1.000 sigma: 0.114 
maxBOLD estimate = 1.538


Trial 56: random Stimulus Selection
Stimulus: 0.876
Output value 1.677

Q+ parameters
slope: 0.234 semiSat: 0.560 beta: 1.000 sigma: 0.114 
maxBOLD estimate = 1.538


Trial 57: random Stimulus Selection
Stimulus: 0.629
Output value 1.118

Q+ parameters
slope: 0.234 semiSat: 0.560 beta: 1.000 sigma: 0.114 
maxBOLD estimate = 1.538


Trial 58: random Stimulus Selection
Stimulus: 0.753
Output value 1.398

Q+ parameters
slope: 0.234 semiSat: 0.560 beta: 1.000 sigma: 0.114 
maxBOLD estimate = 1.538


Trial 59: random Stimulus Selection
Stimulus: 0.381
Output value 0.000

Q+ parameters
slope: 0.234 semiSat: 0.560 beta: 1.000 sigma: 0.114 
maxBOLD estimate = 1.538


Trial 60: baseline Stimulus Selection
Stimulus: 0.010
Output value -0.140

Q+ parameters
slope: 0.234 semiSat: 0.560 beta: 1.000 sigma: 0.114 
maxBOLD estimate = 1.538


Trial 61: random Stimulus Selection
Stimulus: 0.753
Output value 1.398

Q+ parameters
slope: 0.234 semiSat: 0.560 beta: 1.000 sigma: 0.114 
maxBOLD estimate = 1.538


Trial 62: random Stimulus Selection
Stimulus: 0.381
Output value 0.288

Q+ parameters
slope: 0.144 semiSat: 0.560 beta: 1.031 sigma: 0.114 
maxBOLD estimate = 1.538


Trial 63: random Stimulus Selection
Stimulus: 0.423
Output value 0.149

Q+ parameters
slope: 0.144 semiSat: 0.560 beta: 1.031 sigma: 0.114 
maxBOLD estimate = 1.586


Trial 64: random Stimulus Selection
Stimulus: 0.670
Output value 1.380

Q+ parameters
slope: 0.144 semiSat: 0.560 beta: 1.031 sigma: 0.114 
maxBOLD estimate = 1.635


Trial 65: maxBOLD Stimulus Selection
Stimulus: 1.000
Output value 1.073

Q+ parameters
slope: 0.234 semiSat: 0.560 beta: 0.875 sigma: 0.114 
maxBOLD estimate = 1.686


Trial 66: random Stimulus Selection
Stimulus: 0.629
Output value 1.568

Q+ parameters
slope: 0.234 semiSat: 0.560 beta: 1.062 sigma: 0.114 
maxBOLD estimate = 1.476


Trial 67: random Stimulus Selection
Stimulus: 0.092
Output value 0.138

Q+ parameters
slope: 0.234 semiSat: 0.560 beta: 0.969 sigma: 0.114 
maxBOLD estimate = 1.568


Trial 68: random Stimulus Selection
Stimulus: 0.959
Output value 1.657

Q+ parameters
slope: 0.234 semiSat: 0.560 beta: 1.000 sigma: 0.114 
maxBOLD estimate = 1.519


Trial 69: random Stimulus Selection
Stimulus: 0.629
Output value 1.243

Q+ parameters
slope: 0.234 semiSat: 0.560 beta: 1.000 sigma: 0.114 
maxBOLD estimate = 1.519


Trial 70: baseline Stimulus Selection
Stimulus: 0.010
Output value 0.276

Q+ parameters
slope: 0.234 semiSat: 0.560 beta: 1.000 sigma: 0.114 
maxBOLD estimate = 1.519


Trial 71: random Stimulus Selection
Stimulus: 0.340
Output value -0.138

Q+ parameters
slope: 0.234 semiSat: 0.560 beta: 1.000 sigma: 0.114 
maxBOLD estimate = 1.519


Trial 72: random Stimulus Selection
Stimulus: 0.505
Output value 0.276

Q+ parameters
slope: 0.234 semiSat: 0.560 beta: 1.000 sigma: 0.114 
maxBOLD estimate = 1.519


Trial 73: random Stimulus Selection
Stimulus: 0.588
Output value 0.828

Q+ parameters
slope: 0.234 semiSat: 0.560 beta: 1.000 sigma: 0.114 
maxBOLD estimate = 1.519


Trial 74: random Stimulus Selection
Stimulus: 0.092
Output value -0.276

Q+ parameters
slope: 0.234 semiSat: 0.560 beta: 1.000 sigma: 0.114 
maxBOLD estimate = 1.519


Trial 75: maxBOLD Stimulus Selection
Stimulus: 1.000
Output value 1.519

Q+ parameters
slope: 0.234 semiSat: 0.560 beta: 1.000 sigma: 0.114 
maxBOLD estimate = 1.519


Trial 76: random Stimulus Selection
Stimulus: 0.835
Output value 1.519

Q+ parameters
slope: 0.234 semiSat: 0.560 beta: 1.000 sigma: 0.114 
maxBOLD estimate = 1.519


Trial 77: random Stimulus Selection
Stimulus: 0.464
Output value 0.414

Q+ parameters
slope: 0.234 semiSat: 0.560 beta: 1.000 sigma: 0.114 
maxBOLD estimate = 1.519


Trial 78: random Stimulus Selection
Stimulus: 0.381
Output value 0.138

Q+ parameters
slope: 0.234 semiSat: 0.560 beta: 1.000 sigma: 0.114 
maxBOLD estimate = 1.519


Trial 79: random Stimulus Selection
Stimulus: 0.546
Output value 0.401

Q+ parameters
slope: 0.234 semiSat: 0.560 beta: 0.969 sigma: 0.114 
maxBOLD estimate = 1.519


Trial 80: baseline Stimulus Selection
Stimulus: 0.010
Output value 0.000

Q+ parameters
slope: 0.234 semiSat: 0.560 beta: 1.062 sigma: 0.114 
maxBOLD estimate = 1.471


Trial 81: random Stimulus Selection
Stimulus: 0.629
Output value 0.879

Q+ parameters
slope: 0.144 semiSat: 0.560 beta: 1.031 sigma: 0.114 
maxBOLD estimate = 1.563


Trial 82: random Stimulus Selection
Stimulus: 0.629
Output value 1.058

Q+ parameters
slope: 0.144 semiSat: 0.560 beta: 1.031 sigma: 0.114 
maxBOLD estimate = 1.612


Trial 83: random Stimulus Selection
Stimulus: 0.629
Output value 1.134

Q+ parameters
slope: 0.144 semiSat: 0.560 beta: 0.938 sigma: 0.114 
maxBOLD estimate = 1.662


Trial 84: random Stimulus Selection
Stimulus: 0.216
Output value -0.146

Q+ parameters
slope: 0.144 semiSat: 0.560 beta: 1.031 sigma: 0.114 
maxBOLD estimate = 1.559


Trial 85: maxBOLD Stimulus Selection
Stimulus: 1.000
Output value 1.356

Q+ parameters
slope: 0.144 semiSat: 0.560 beta: 1.031 sigma: 0.114 
maxBOLD estimate = 1.607


Trial 86: random Stimulus Selection
Stimulus: 0.753
Output value 0.848

Q+ parameters
slope: 0.144 semiSat: 0.560 beta: 0.938 sigma: 0.114 
maxBOLD estimate = 1.658


Trial 87: random Stimulus Selection
Stimulus: 0.711
Output value 1.457

Q+ parameters
slope: 0.144 semiSat: 0.560 beta: 1.031 sigma: 0.114 
maxBOLD estimate = 1.554


Trial 88: random Stimulus Selection
Stimulus: 1.000
Output value 0.819

Q+ parameters
slope: 0.144 semiSat: 0.560 beta: 0.938 sigma: 0.114 
maxBOLD estimate = 1.602


Trial 89: random Stimulus Selection
Stimulus: 0.711
Output value 1.502

Q+ parameters
slope: 0.234 semiSat: 0.560 beta: 1.000 sigma: 0.114 
maxBOLD estimate = 1.502


Trial 90: baseline Stimulus Selection
Stimulus: 0.010
Output value 0.137

Q+ parameters
slope: 0.234 semiSat: 0.560 beta: 1.000 sigma: 0.114 
maxBOLD estimate = 1.502


Trial 91: random Stimulus Selection
Stimulus: 0.959
Output value 1.229

Q+ parameters
slope: 0.234 semiSat: 0.560 beta: 1.000 sigma: 0.114 
maxBOLD estimate = 1.502


Trial 92: random Stimulus Selection
Stimulus: 0.670
Output value 1.229

Q+ parameters
slope: 0.234 semiSat: 0.560 beta: 1.000 sigma: 0.114 
maxBOLD estimate = 1.502


Trial 93: random Stimulus Selection
Stimulus: 0.010
Output value 0.265

Q+ parameters
slope: 0.234 semiSat: 0.560 beta: 0.969 sigma: 0.114 
maxBOLD estimate = 1.502


Trial 94: random Stimulus Selection
Stimulus: 0.299
Output value 0.000

Q+ parameters
slope: 0.234 semiSat: 0.560 beta: 1.000 sigma: 0.114 
maxBOLD estimate = 1.455


Trial 95: maxBOLD Stimulus Selection
Stimulus: 1.000
Output value 1.588

Q+ parameters
slope: 0.234 semiSat: 0.560 beta: 1.000 sigma: 0.114 
maxBOLD estimate = 1.455


Trial 96: random Stimulus Selection
Stimulus: 0.959
Output value 1.588

Q+ parameters
slope: 0.234 semiSat: 0.560 beta: 1.000 sigma: 0.114 
maxBOLD estimate = 1.455


Trial 97: random Stimulus Selection
Stimulus: 0.175
Output value 0.000

Q+ parameters
slope: 0.234 semiSat: 0.560 beta: 1.000 sigma: 0.114 
maxBOLD estimate = 1.455


Trial 98: random Stimulus Selection
Stimulus: 0.216
Output value -0.132

Q+ parameters
slope: 0.234 semiSat: 0.560 beta: 1.000 sigma: 0.114 
maxBOLD estimate = 1.455


Trial 99: random Stimulus Selection
Stimulus: 0.670
Output value 1.191

Q+ parameters
slope: 0.234 semiSat: 0.560 beta: 1.000 sigma: 0.114 
maxBOLD estimate = 1.455


Trial 100: baseline Stimulus Selection
Stimulus: 0.010
Output value -0.132

Q+ parameters
slope: 0.234 semiSat: 0.560 beta: 1.000 sigma: 0.114 
maxBOLD estimate = 1.455

--------------------------------------------------------------
FINAL VALUES
--------------------------------------------------------------
Simulated parameters:              slope: 0.200 semiSat: 0.570 beta: 1.000 sigma: 0.100 
Max posterior QUEST+ parameters:   slope: 0.234 semiSat: 0.560 beta: 1.000 sigma: 0.114 
Max BADS parameters:               slope: 0.238 semiSat: 0.559 beta: 1.000 sigma: 0.108 
maxBOLD estimate: 1.456
