/blue/stevenweisberg/stevenweisberg/MATLAB/projects/Weisberg_Aguirre_2020/scripts/run_sims
c0706a-s11.ufhpc
Wed Apr  7 07:53:43 EDT 2021
mkdir: cannot create directory ‘/blue/stevenweisberg/stevenweisberg/qpfMRIResults/model_parameter_set2/’: File exists
cp: cannot stat ‘/blue/stevenweisberg/stevenweisberg/qpfMRIResults/deploy_sim.sh’: No such file or directory
cp: cannot stat ‘/blue/stevenweisberg/stevenweisberg/qpfMRIResults/sim_wrapper.sh’: No such file or directory
------------------------------------------
Setting up environment variables
---
LD_LIBRARY_PATH is .:/apps/matlab/mcr/2020b/v99/runtime/glnxa64:/apps/matlab/mcr/2020b/v99/bin/glnxa64:/apps/matlab/mcr/2020b/v99/sys/os/glnxa64:/apps/matlab/mcr/2020b/v99/sys/opengl/lib/glnxa64
Warning: Executing startup failed in matlabrc.
This indicates a potentially serious problem in your MATLAB setup, which should be resolved as soon as possible.  Error detected was:
MATLAB:mpath:PathAlterationNotSupported
Modifying the search path is not supported by MATLAB Compiler. Remove functions that modify the search path from your MATLAB code. To make files visible to your deployed application, add the parent folder to your MATLAB session.
Warning: No stimulus domain specified. Defaulting to values between 0.01 and 1.
> In qpfmriParams (line 182)
In compiledSimulate (line 205)
Stimulus domain added from input.
Parameter slope specified as 0.20000
Parameter semiSat specified as 0.57000
Parameter beta specified as 1.00000
Parameter sigma specified as 0.10000
seed = 99seed = 104seed = 111seed = 111seed = 115seed = 101Initializing Q+. This may take a minute...
Elapsed time is 5.883703 seconds.
Simulated parameters:
slope: 0.200 semiSat: 0.570 beta: 1.000 sigma: 0.100 

Trial 1: baseline Stimulus Selection
Stimulus: 0.010
Output value 0.000

Q+ parameters
slope: 0.026 semiSat: 0.890 beta: 0.500 sigma: 0.010 
maxBOLD estimate = 1.000


Trial 2: maxBOLD Stimulus Selection
Stimulus: 1.000
Output value 1.364

Q+ parameters
slope: 0.055 semiSat: 0.670 beta: 1.250 sigma: 0.010 
maxBOLD estimate = 1.000


Trial 3: baseline Stimulus Selection
Stimulus: 0.010
Output value 0.284

Q+ parameters
slope: 0.055 semiSat: 0.670 beta: 1.250 sigma: 0.114 
maxBOLD estimate = 1.250


Trial 4: maxBOLD Stimulus Selection
Stimulus: 1.000
Output value 0.826

Q+ parameters
slope: 0.043 semiSat: 0.780 beta: 0.969 sigma: 0.114 
maxBOLD estimate = 1.562


Trial 5: baseline Stimulus Selection
Stimulus: 0.010
Output value 0.155

Q+ parameters
slope: 0.055 semiSat: 0.670 beta: 1.125 sigma: 0.062 
maxBOLD estimate = 1.514


Trial 6: maxBOLD Stimulus Selection
Stimulus: 1.000
Output value 1.219

Q+ parameters
slope: 0.043 semiSat: 0.780 beta: 1.125 sigma: 0.114 
maxBOLD estimate = 1.703


Trial 7: random Stimulus Selection
Stimulus: 0.794
Output value 1.219

Q+ parameters
slope: 0.055 semiSat: 0.560 beta: 0.875 sigma: 0.062 
maxBOLD estimate = 1.916


Trial 8: random Stimulus Selection
Stimulus: 0.588
Output value 1.000

Q+ parameters
slope: 0.070 semiSat: 0.450 beta: 0.938 sigma: 0.062 
maxBOLD estimate = 1.676


Trial 9: random Stimulus Selection
Stimulus: 1.000
Output value 1.429

Q+ parameters
slope: 0.070 semiSat: 0.560 beta: 1.000 sigma: 0.062 
maxBOLD estimate = 1.572


Trial 10: baseline Stimulus Selection
Stimulus: 0.010
Output value -0.321

Q+ parameters
slope: 0.070 semiSat: 0.560 beta: 1.125 sigma: 0.114 
maxBOLD estimate = 1.572


Trial 11: random Stimulus Selection
Stimulus: 0.175
Output value 0.301

Q+ parameters
slope: 0.070 semiSat: 0.560 beta: 0.938 sigma: 0.062 
maxBOLD estimate = 1.768


Trial 12: random Stimulus Selection
Stimulus: 0.629
Output value 1.526

Q+ parameters
slope: 0.070 semiSat: 0.560 beta: 1.125 sigma: 0.114 
maxBOLD estimate = 1.657


Trial 13: random Stimulus Selection
Stimulus: 0.629
Output value 1.748

Q+ parameters
slope: 0.379 semiSat: 0.560 beta: 0.938 sigma: 0.114 
maxBOLD estimate = 1.865


Trial 14: random Stimulus Selection
Stimulus: 0.381
Output value 0.417

Q+ parameters
slope: 0.144 semiSat: 0.450 beta: 0.875 sigma: 0.114 
maxBOLD estimate = 1.748


Trial 15: maxBOLD Stimulus Selection
Stimulus: 1.000
Output value 2.503

Q+ parameters
slope: 0.089 semiSat: 0.560 beta: 1.500 sigma: 0.114 
maxBOLD estimate = 1.530


Trial 16: random Stimulus Selection
Stimulus: 0.753
Output value 1.564

Q+ parameters
slope: 0.379 semiSat: 0.560 beta: 0.750 sigma: 0.062 
maxBOLD estimate = 2.294


Trial 17: random Stimulus Selection
Stimulus: 0.876
Output value 2.347

Q+ parameters
slope: 0.144 semiSat: 0.560 beta: 1.250 sigma: 0.114 
maxBOLD estimate = 1.721


Trial 18: random Stimulus Selection
Stimulus: 0.257
Output value 0.147

Q+ parameters
slope: 0.144 semiSat: 0.450 beta: 0.750 sigma: 0.062 
maxBOLD estimate = 2.151


Trial 19: random Stimulus Selection
Stimulus: 0.753
Output value 2.640

Q+ parameters
slope: 0.070 semiSat: 0.560 beta: 1.500 sigma: 0.114 
maxBOLD estimate = 1.613


Trial 20: baseline Stimulus Selection
Stimulus: 0.010
Output value -0.330

Q+ parameters
slope: 0.089 semiSat: 0.450 beta: 0.750 sigma: 0.114 
maxBOLD estimate = 2.420


Trial 21: random Stimulus Selection
Stimulus: 0.340
Output value 0.309

Q+ parameters
slope: 0.089 semiSat: 0.450 beta: 0.938 sigma: 0.114 
maxBOLD estimate = 1.815


Trial 22: random Stimulus Selection
Stimulus: 0.753
Output value 1.808

Q+ parameters
slope: 0.089 semiSat: 0.450 beta: 1.062 sigma: 0.114 
maxBOLD estimate = 1.701


Trial 23: random Stimulus Selection
Stimulus: 1.000
Output value 1.972

Q+ parameters
slope: 0.070 semiSat: 0.450 beta: 1.000 sigma: 0.114 
maxBOLD estimate = 1.808


Trial 24: random Stimulus Selection
Stimulus: 0.505
Output value 1.315

Q+ parameters
slope: 0.070 semiSat: 0.450 beta: 1.000 sigma: 0.114 
maxBOLD estimate = 1.808


Trial 25: maxBOLD Stimulus Selection
Stimulus: 1.000
Output value 1.541

Q+ parameters
slope: 0.089 semiSat: 0.450 beta: 0.938 sigma: 0.114 
maxBOLD estimate = 1.808


Trial 26: random Stimulus Selection
Stimulus: 0.918
Output value 2.542

Q+ parameters
slope: 0.070 semiSat: 0.560 beta: 1.500 sigma: 0.114 
maxBOLD estimate = 1.695


Trial 27: random Stimulus Selection
Stimulus: 0.134
Output value -0.347

Q+ parameters
slope: 0.089 semiSat: 0.450 beta: 0.750 sigma: 0.062 
maxBOLD estimate = 2.542


Trial 28: random Stimulus Selection
Stimulus: 0.175
Output value 0.152

Q+ parameters
slope: 0.144 semiSat: 0.450 beta: 0.875 sigma: 0.114 
maxBOLD estimate = 1.907


Trial 29: random Stimulus Selection
Stimulus: 0.010
Output value 0.455

Q+ parameters
slope: 0.113 semiSat: 0.450 beta: 1.000 sigma: 0.114 
maxBOLD estimate = 1.668


Trial 30: baseline Stimulus Selection
Stimulus: 0.010
Output value 0.322

Q+ parameters
slope: 0.089 semiSat: 0.560 beta: 1.062 sigma: 0.114 
maxBOLD estimate = 1.668


Trial 31: random Stimulus Selection
Stimulus: 0.629
Output value 0.906

Q+ parameters
slope: 0.089 semiSat: 0.560 beta: 0.938 sigma: 0.114 
maxBOLD estimate = 1.773


Trial 32: random Stimulus Selection
Stimulus: 0.464
Output value 0.321

Q+ parameters
slope: 0.089 semiSat: 0.560 beta: 1.062 sigma: 0.114 
maxBOLD estimate = 1.662


Trial 33: random Stimulus Selection
Stimulus: 0.423
Output value 0.150

Q+ parameters
slope: 0.089 semiSat: 0.560 beta: 0.938 sigma: 0.114 
maxBOLD estimate = 1.766


Trial 34: random Stimulus Selection
Stimulus: 0.711
Output value 1.397

Q+ parameters
slope: 0.144 semiSat: 0.560 beta: 1.031 sigma: 0.114 
maxBOLD estimate = 1.655


Trial 35: maxBOLD Stimulus Selection
Stimulus: 1.000
Output value 1.455

Q+ parameters
slope: 0.183 semiSat: 0.560 beta: 0.938 sigma: 0.114 
maxBOLD estimate = 1.707


Trial 36: random Stimulus Selection
Stimulus: 0.835
Output value 1.500

Q+ parameters
slope: 0.144 semiSat: 0.560 beta: 1.031 sigma: 0.114 
maxBOLD estimate = 1.600


Trial 37: random Stimulus Selection
Stimulus: 0.588
Output value 0.928

Q+ parameters
slope: 0.144 semiSat: 0.560 beta: 1.031 sigma: 0.114 
maxBOLD estimate = 1.650


Trial 38: random Stimulus Selection
Stimulus: 0.588
Output value 0.928

Q+ parameters
slope: 0.113 semiSat: 0.560 beta: 1.000 sigma: 0.114 
maxBOLD estimate = 1.702


Trial 39: random Stimulus Selection
Stimulus: 0.918
Output value 1.857

Q+ parameters
slope: 0.113 semiSat: 0.560 beta: 1.000 sigma: 0.114 
maxBOLD estimate = 1.702


Trial 40: baseline Stimulus Selection
Stimulus: 0.010
Output value 0.000

Q+ parameters
slope: 0.113 semiSat: 0.560 beta: 1.000 sigma: 0.114 
maxBOLD estimate = 1.702


Trial 41: random Stimulus Selection
Stimulus: 0.175
Output value 0.464

Q+ parameters
slope: 0.113 semiSat: 0.560 beta: 1.000 sigma: 0.114 
maxBOLD estimate = 1.702


Trial 42: random Stimulus Selection
Stimulus: 0.464
Output value -0.160

Q+ parameters
slope: 0.144 semiSat: 0.560 beta: 1.031 sigma: 0.114 
maxBOLD estimate = 1.702


Trial 43: random Stimulus Selection
Stimulus: 0.299
Output value -0.299

Q+ parameters
slope: 0.144 semiSat: 0.560 beta: 0.938 sigma: 0.114 
maxBOLD estimate = 1.755


Trial 44: random Stimulus Selection
Stimulus: 1.000
Output value 1.234

Q+ parameters
slope: 0.144 semiSat: 0.560 beta: 1.031 sigma: 0.114 
maxBOLD estimate = 1.645


Trial 45: maxBOLD Stimulus Selection
Stimulus: 1.000
Output value 0.868

Q+ parameters
slope: 0.183 semiSat: 0.560 beta: 0.938 sigma: 0.114 
maxBOLD estimate = 1.697


Trial 46: random Stimulus Selection
Stimulus: 0.588
Output value 0.746

Q+ parameters
slope: 0.144 semiSat: 0.560 beta: 1.031 sigma: 0.114 
maxBOLD estimate = 1.591


Trial 47: random Stimulus Selection
Stimulus: 0.464
Output value 0.308

Q+ parameters
slope: 0.144 semiSat: 0.560 beta: 1.031 sigma: 0.114 
maxBOLD estimate = 1.641


Trial 48: random Stimulus Selection
Stimulus: 0.629
Output value 0.865

Q+ parameters
slope: 0.183 semiSat: 0.560 beta: 0.938 sigma: 0.114 
maxBOLD estimate = 1.692


Trial 49: random Stimulus Selection
Stimulus: 0.464
Output value 0.595

Q+ parameters
slope: 0.144 semiSat: 0.560 beta: 1.031 sigma: 0.114 
maxBOLD estimate = 1.586


Trial 50: baseline Stimulus Selection
Stimulus: 0.010
Output value 0.153

Q+ parameters
slope: 0.144 semiSat: 0.560 beta: 1.031 sigma: 0.114 
maxBOLD estimate = 1.636


Trial 51: random Stimulus Selection
Stimulus: 0.257
Output value 0.431

Q+ parameters
slope: 0.183 semiSat: 0.560 beta: 0.938 sigma: 0.114 
maxBOLD estimate = 1.687


Trial 52: random Stimulus Selection
Stimulus: 0.381
Output value 0.445

Q+ parameters
slope: 0.144 semiSat: 0.560 beta: 1.031 sigma: 0.114 
maxBOLD estimate = 1.581


Trial 53: random Stimulus Selection
Stimulus: 1.000
Output value 1.835

Q+ parameters
slope: 0.144 semiSat: 0.560 beta: 1.031 sigma: 0.114 
maxBOLD estimate = 1.631


Trial 54: random Stimulus Selection
Stimulus: 0.464
Output value 0.592

Q+ parameters
slope: 0.144 semiSat: 0.560 beta: 0.969 sigma: 0.114 
maxBOLD estimate = 1.682


Trial 55: maxBOLD Stimulus Selection
Stimulus: 1.000
Output value 1.888

Q+ parameters
slope: 0.089 semiSat: 0.560 beta: 1.062 sigma: 0.114 
maxBOLD estimate = 1.629


Trial 56: random Stimulus Selection
Stimulus: 0.175
Output value 0.152

Q+ parameters
slope: 0.089 semiSat: 0.560 beta: 0.969 sigma: 0.114 
maxBOLD estimate = 1.731


Trial 57: random Stimulus Selection
Stimulus: 0.711
Output value 1.415

Q+ parameters
slope: 0.089 semiSat: 0.560 beta: 1.031 sigma: 0.114 
maxBOLD estimate = 1.677


Trial 58: random Stimulus Selection
Stimulus: 0.299
Output value -0.295

Q+ parameters
slope: 0.144 semiSat: 0.560 beta: 0.938 sigma: 0.114 
maxBOLD estimate = 1.729


Trial 59: random Stimulus Selection
Stimulus: 1.000
Output value 1.879

Q+ parameters
slope: 0.089 semiSat: 0.560 beta: 1.062 sigma: 0.114 
maxBOLD estimate = 1.621


Trial 60: baseline Stimulus Selection
Stimulus: 0.010
Output value 0.000

Q+ parameters
slope: 0.144 semiSat: 0.560 beta: 0.938 sigma: 0.114 
maxBOLD estimate = 1.722


Trial 61: random Stimulus Selection
Stimulus: 0.257
Output value 0.312

Q+ parameters
slope: 0.089 semiSat: 0.560 beta: 1.062 sigma: 0.114 
maxBOLD estimate = 1.615


Trial 62: random Stimulus Selection
Stimulus: 0.092
Output value -0.146

Q+ parameters
slope: 0.144 semiSat: 0.560 beta: 0.938 sigma: 0.114 
maxBOLD estimate = 1.716


Trial 63: random Stimulus Selection
Stimulus: 0.257
Output value 0.452

Q+ parameters
slope: 0.144 semiSat: 0.560 beta: 1.031 sigma: 0.114 
maxBOLD estimate = 1.609


Trial 64: random Stimulus Selection
Stimulus: 0.629
Output value 1.607

Q+ parameters
slope: 0.144 semiSat: 0.560 beta: 0.969 sigma: 0.114 
maxBOLD estimate = 1.659


Trial 65: maxBOLD Stimulus Selection
Stimulus: 1.000
Output value 1.808

Q+ parameters
slope: 0.144 semiSat: 0.560 beta: 1.031 sigma: 0.114 
maxBOLD estimate = 1.607


Trial 66: random Stimulus Selection
Stimulus: 0.794
Output value 1.864

Q+ parameters
slope: 0.144 semiSat: 0.560 beta: 1.031 sigma: 0.114 
maxBOLD estimate = 1.657


Trial 67: random Stimulus Selection
Stimulus: 0.794
Output value 1.457

Q+ parameters
slope: 0.144 semiSat: 0.560 beta: 0.938 sigma: 0.114 
maxBOLD estimate = 1.709


Trial 68: random Stimulus Selection
Stimulus: 0.340
Output value -0.300

Q+ parameters
slope: 0.144 semiSat: 0.560 beta: 1.031 sigma: 0.114 
maxBOLD estimate = 1.602


Trial 69: random Stimulus Selection
Stimulus: 0.051
Output value 0.000

Q+ parameters
slope: 0.144 semiSat: 0.560 beta: 1.031 sigma: 0.114 
maxBOLD estimate = 1.652


Trial 70: baseline Stimulus Selection
Stimulus: 0.010
Output value 0.000

Q+ parameters
slope: 0.144 semiSat: 0.560 beta: 0.938 sigma: 0.114 
maxBOLD estimate = 1.704


Trial 71: random Stimulus Selection
Stimulus: 0.711
Output value 1.797

Q+ parameters
slope: 0.144 semiSat: 0.560 beta: 1.031 sigma: 0.114 
maxBOLD estimate = 1.597


Trial 72: random Stimulus Selection
Stimulus: 0.546
Output value 0.772

Q+ parameters
slope: 0.144 semiSat: 0.560 beta: 1.031 sigma: 0.114 
maxBOLD estimate = 1.647


Trial 73: random Stimulus Selection
Stimulus: 0.629
Output value 0.290

Q+ parameters
slope: 0.144 semiSat: 0.560 beta: 0.938 sigma: 0.114 
maxBOLD estimate = 1.699


Trial 74: random Stimulus Selection
Stimulus: 0.423
Output value 0.299

Q+ parameters
slope: 0.144 semiSat: 0.560 beta: 1.031 sigma: 0.114 
maxBOLD estimate = 1.593


Trial 75: maxBOLD Stimulus Selection
Stimulus: 1.000
Output value 1.540

Q+ parameters
slope: 0.144 semiSat: 0.560 beta: 1.031 sigma: 0.114 
maxBOLD estimate = 1.642


Trial 76: random Stimulus Selection
Stimulus: 0.959
Output value 1.299

Q+ parameters
slope: 0.144 semiSat: 0.560 beta: 0.938 sigma: 0.114 
maxBOLD estimate = 1.694


Trial 77: random Stimulus Selection
Stimulus: 0.257
Output value -0.298

Q+ parameters
slope: 0.144 semiSat: 0.560 beta: 1.031 sigma: 0.114 
maxBOLD estimate = 1.588


Trial 78: random Stimulus Selection
Stimulus: 0.423
Output value -0.307

Q+ parameters
slope: 0.144 semiSat: 0.560 beta: 1.031 sigma: 0.114 
maxBOLD estimate = 1.637


Trial 79: random Stimulus Selection
Stimulus: 0.381
Output value -0.288

Q+ parameters
slope: 0.183 semiSat: 0.560 beta: 0.938 sigma: 0.114 
maxBOLD estimate = 1.689


Trial 80: baseline Stimulus Selection
Stimulus: 0.010
Output value 0.000

Q+ parameters
slope: 0.144 semiSat: 0.560 beta: 1.031 sigma: 0.114 
maxBOLD estimate = 1.583


Trial 81: random Stimulus Selection
Stimulus: 0.381
Output value -0.153

Q+ parameters
slope: 0.144 semiSat: 0.560 beta: 1.031 sigma: 0.114 
maxBOLD estimate = 1.633


Trial 82: random Stimulus Selection
Stimulus: 0.134
Output value 0.287

Q+ parameters
slope: 0.183 semiSat: 0.560 beta: 0.938 sigma: 0.114 
maxBOLD estimate = 1.684


Trial 83: random Stimulus Selection
Stimulus: 0.134
Output value -0.148

Q+ parameters
slope: 0.144 semiSat: 0.560 beta: 1.031 sigma: 0.114 
maxBOLD estimate = 1.578


Trial 84: random Stimulus Selection
Stimulus: 0.876
Output value 1.373

Q+ parameters
slope: 0.144 semiSat: 0.560 beta: 1.031 sigma: 0.114 
maxBOLD estimate = 1.628


Trial 85: maxBOLD Stimulus Selection
Stimulus: 1.000
Output value 1.731

Q+ parameters
slope: 0.144 semiSat: 0.560 beta: 1.031 sigma: 0.114 
maxBOLD estimate = 1.679


Trial 86: random Stimulus Selection
Stimulus: 0.711
Output value 0.738

Q+ parameters
slope: 0.144 semiSat: 0.560 beta: 0.938 sigma: 0.114 
maxBOLD estimate = 1.731


Trial 87: random Stimulus Selection
Stimulus: 0.876
Output value 1.065

Q+ parameters
slope: 0.144 semiSat: 0.560 beta: 1.031 sigma: 0.114 
maxBOLD estimate = 1.623


Trial 88: random Stimulus Selection
Stimulus: 0.670
Output value 1.426

Q+ parameters
slope: 0.144 semiSat: 0.560 beta: 0.938 sigma: 0.114 
maxBOLD estimate = 1.674


Trial 89: random Stimulus Selection
Stimulus: 0.175
Output value -0.294

Q+ parameters
slope: 0.144 semiSat: 0.560 beta: 1.031 sigma: 0.114 
maxBOLD estimate = 1.569


Trial 90: baseline Stimulus Selection
Stimulus: 0.010
Output value 0.000

Q+ parameters
slope: 0.144 semiSat: 0.560 beta: 1.031 sigma: 0.114 
maxBOLD estimate = 1.618


Trial 91: random Stimulus Selection
Stimulus: 0.959
Output value 1.564

Q+ parameters
slope: 0.144 semiSat: 0.560 beta: 1.031 sigma: 0.114 
maxBOLD estimate = 1.668


Trial 92: random Stimulus Selection
Stimulus: 0.753
Output value 1.466

Q+ parameters
slope: 0.144 semiSat: 0.560 beta: 0.938 sigma: 0.114 
maxBOLD estimate = 1.721


Trial 93: random Stimulus Selection
Stimulus: 0.588
Output value 1.059

Q+ parameters
slope: 0.144 semiSat: 0.560 beta: 1.031 sigma: 0.114 
maxBOLD estimate = 1.613


Trial 94: random Stimulus Selection
Stimulus: 0.794
Output value 1.871

Q+ parameters
slope: 0.144 semiSat: 0.560 beta: 1.031 sigma: 0.114 
maxBOLD estimate = 1.664


Trial 95: maxBOLD Stimulus Selection
Stimulus: 1.000
Output value 1.316

Q+ parameters
slope: 0.144 semiSat: 0.560 beta: 0.938 sigma: 0.114 
maxBOLD estimate = 1.715


Trial 96: random Stimulus Selection
Stimulus: 0.794
Output value 1.508

Q+ parameters
slope: 0.144 semiSat: 0.560 beta: 1.031 sigma: 0.114 
maxBOLD estimate = 1.608


Trial 97: random Stimulus Selection
Stimulus: 0.134
Output value 0.466

Q+ parameters
slope: 0.144 semiSat: 0.560 beta: 1.031 sigma: 0.114 
maxBOLD estimate = 1.659


Trial 98: random Stimulus Selection
Stimulus: 1.000
Output value 0.729

Q+ parameters
slope: 0.144 semiSat: 0.560 beta: 0.938 sigma: 0.114 
maxBOLD estimate = 1.710


Trial 99: random Stimulus Selection
Stimulus: 0.175
Output value -0.301

Q+ parameters
slope: 0.144 semiSat: 0.560 beta: 1.031 sigma: 0.114 
maxBOLD estimate = 1.603


Trial 100: baseline Stimulus Selection
Stimulus: 0.010
Output value 0.155

Q+ parameters
slope: 0.144 semiSat: 0.560 beta: 1.031 sigma: 0.114 
maxBOLD estimate = 1.654

--------------------------------------------------------------
FINAL VALUES
--------------------------------------------------------------
Simulated parameters:              slope: 0.200 semiSat: 0.570 beta: 1.000 sigma: 0.100 
Max posterior QUEST+ parameters:   slope: 0.144 semiSat: 0.560 beta: 0.938 sigma: 0.114 
Max BADS parameters:               slope: 0.155 semiSat: 0.554 beta: 1.000 sigma: 0.124 
maxBOLD estimate: 1.687
