/blue/stevenweisberg/stevenweisberg/MATLAB/projects/Weisberg_Aguirre_2020/scripts/run_sims
c31a-s4.ufhpc
Thu Nov 12 23:08:31 EST 2020
cp: cannot stat ‘/blue/stevenweisberg/stevenweisberg/qpfMRIResults/deploy_sim.sh’: No such file or directory
cp: cannot stat ‘/blue/stevenweisberg/stevenweisberg/qpfMRIResults/sim_wrapper.sh’: No such file or directory
------------------------------------------
Setting up environment variables
---
LD_LIBRARY_PATH is .:/apps/matlab/mcr/2020b/v99/runtime/glnxa64:/apps/matlab/mcr/2020b/v99/bin/glnxa64:/apps/matlab/mcr/2020b/v99/sys/os/glnxa64:/apps/matlab/mcr/2020b/v99/sys/opengl/lib/glnxa64
Warning: Executing startup failed in matlabrc.
This indicates a potentially serious problem in your MATLAB setup, which should be resolved as soon as possible.  Error detected was:
MATLAB:mpath:PathAlterationNotSupported
Modifying the search path is not supported by MATLAB Compiler. Remove functions that modify the search path from your MATLAB code. To make files visible to your deployed application, add the parent folder to your MATLAB session.
Warning: No stimulus domain specified. Defaulting to values between 0.01 and 1.
> In qpfmriParams (line 182)
In compiledSimulate (line 205)
Stimulus domain added from input.
Parameter slope specified as 0.41000
Parameter semiSat specified as 0.57000
Parameter beta specified as 1.00000
Parameter sigma specified as 0.25000
seed = 99seed = 104seed = 111seed = 111seed = 115seed = 101Initializing Q+. This may take a minute...
Elapsed time is 10.241169 seconds.
Simulated parameters:
slope: 0.410 semiSat: 0.570 beta: 1.000 sigma: 0.250 

Trial 1: baseline Stimulus Selection
Stimulus: 0.010
Output value 0.000

Q+ parameters
slope: 0.026 semiSat: 0.890 beta: 0.500 sigma: 0.010 
maxBOLD estimate = 1.000


Trial 2: maxBOLD Stimulus Selection
Stimulus: 1.000
Output value 1.364

Q+ parameters
slope: 0.055 semiSat: 0.670 beta: 1.250 sigma: 0.010 
maxBOLD estimate = 1.000


Trial 3: baseline Stimulus Selection
Stimulus: 0.010
Output value -0.341

Q+ parameters
slope: 0.026 semiSat: 0.670 beta: 1.500 sigma: 1.000 
maxBOLD estimate = 1.250


Trial 4: maxBOLD Stimulus Selection
Stimulus: 1.000
Output value 0.085

Q+ parameters
slope: 0.026 semiSat: 0.890 beta: 0.500 sigma: 0.114 
maxBOLD estimate = 1.875


Trial 5: baseline Stimulus Selection
Stimulus: 0.010
Output value 0.533

Q+ parameters
slope: 0.055 semiSat: 0.670 beta: 1.250 sigma: 0.218 
maxBOLD estimate = 0.938


Trial 6: maxBOLD Stimulus Selection
Stimulus: 1.000
Output value 1.598

Q+ parameters
slope: 0.055 semiSat: 0.670 beta: 1.250 sigma: 0.323 
maxBOLD estimate = 1.172


Trial 7: random Stimulus Selection
Stimulus: 0.505
Output value -0.400

Q+ parameters
slope: 0.113 semiSat: 0.890 beta: 1.500 sigma: 1.000 
maxBOLD estimate = 1.465


Trial 8: random Stimulus Selection
Stimulus: 0.505
Output value -0.350

Q+ parameters
slope: 0.070 semiSat: 1.000 beta: 0.875 sigma: 0.166 
maxBOLD estimate = 2.197


Trial 9: random Stimulus Selection
Stimulus: 0.505
Output value -0.350

Q+ parameters
slope: 0.070 semiSat: 1.000 beta: 1.000 sigma: 0.166 
maxBOLD estimate = 1.923


Trial 10: baseline Stimulus Selection
Stimulus: 0.010
Output value -0.524

Q+ parameters
slope: 0.113 semiSat: 0.890 beta: 1.500 sigma: 0.323 
maxBOLD estimate = 1.923


Trial 11: random Stimulus Selection
Stimulus: 0.134
Output value -0.262

Q+ parameters
slope: 0.070 semiSat: 1.000 beta: 1.000 sigma: 0.114 
maxBOLD estimate = 2.884


Trial 12: random Stimulus Selection
Stimulus: 0.051
Output value -0.524

Q+ parameters
slope: 0.070 semiSat: 1.000 beta: 1.000 sigma: 0.166 
maxBOLD estimate = 2.884


Trial 13: random Stimulus Selection
Stimulus: 0.381
Output value -0.524

Q+ parameters
slope: 0.070 semiSat: 1.000 beta: 1.000 sigma: 0.166 
maxBOLD estimate = 2.884


Trial 14: random Stimulus Selection
Stimulus: 0.505
Output value 0.262

Q+ parameters
slope: 0.070 semiSat: 1.000 beta: 1.000 sigma: 0.114 
maxBOLD estimate = 2.884


Trial 15: maxBOLD Stimulus Selection
Stimulus: 1.000
Output value 1.311

Q+ parameters
slope: 0.070 semiSat: 1.000 beta: 1.000 sigma: 0.114 
maxBOLD estimate = 2.884


Trial 16: random Stimulus Selection
Stimulus: 0.546
Output value 0.393

Q+ parameters
slope: 0.483 semiSat: 0.560 beta: 0.500 sigma: 0.114 
maxBOLD estimate = 2.884


Trial 17: random Stimulus Selection
Stimulus: 0.340
Output value -0.393

Q+ parameters
slope: 0.043 semiSat: 0.780 beta: 1.500 sigma: 1.000 
maxBOLD estimate = 1.442


Trial 18: random Stimulus Selection
Stimulus: 0.299
Output value -0.172

Q+ parameters
slope: 0.089 semiSat: 0.890 beta: 0.875 sigma: 0.166 
maxBOLD estimate = 2.163


Trial 19: random Stimulus Selection
Stimulus: 0.257
Output value -0.344

Q+ parameters
slope: 0.113 semiSat: 0.890 beta: 1.000 sigma: 0.166 
maxBOLD estimate = 1.893


Trial 20: baseline Stimulus Selection
Stimulus: 0.010
Output value -0.172

Q+ parameters
slope: 0.113 semiSat: 0.890 beta: 1.000 sigma: 0.166 
maxBOLD estimate = 1.893


Trial 21: random Stimulus Selection
Stimulus: 0.711
Output value 2.129

Q+ parameters
slope: 0.616 semiSat: 0.670 beta: 1.031 sigma: 0.218 
maxBOLD estimate = 1.893


Trial 22: random Stimulus Selection
Stimulus: 0.423
Output value 0.532

Q+ parameters
slope: 0.379 semiSat: 0.670 beta: 0.750 sigma: 0.166 
maxBOLD estimate = 1.952


Trial 23: random Stimulus Selection
Stimulus: 0.505
Output value -0.399

Q+ parameters
slope: 0.043 semiSat: 0.780 beta: 1.500 sigma: 1.000 
maxBOLD estimate = 1.464


Trial 24: random Stimulus Selection
Stimulus: 0.670
Output value 1.048

Q+ parameters
slope: 0.616 semiSat: 0.560 beta: 0.750 sigma: 0.166 
maxBOLD estimate = 2.196


Trial 25: maxBOLD Stimulus Selection
Stimulus: 1.000
Output value 2.246

Q+ parameters
slope: 0.298 semiSat: 0.670 beta: 1.250 sigma: 0.218 
maxBOLD estimate = 1.647


Trial 26: random Stimulus Selection
Stimulus: 0.340
Output value 0.000

Q+ parameters
slope: 0.616 semiSat: 0.560 beta: 0.750 sigma: 0.166 
maxBOLD estimate = 2.058


Trial 27: random Stimulus Selection
Stimulus: 0.134
Output value -0.421

Q+ parameters
slope: 0.043 semiSat: 0.780 beta: 1.500 sigma: 0.635 
maxBOLD estimate = 1.544


Trial 28: random Stimulus Selection
Stimulus: 0.711
Output value 1.105

Q+ parameters
slope: 0.379 semiSat: 0.670 beta: 0.750 sigma: 0.114 
maxBOLD estimate = 2.316


Trial 29: random Stimulus Selection
Stimulus: 0.588
Output value 2.132

Q+ parameters
slope: 1.000 semiSat: 0.560 beta: 1.125 sigma: 0.218 
maxBOLD estimate = 1.737


Trial 30: baseline Stimulus Selection
Stimulus: 0.010
Output value 0.000

Q+ parameters
slope: 1.000 semiSat: 0.560 beta: 0.938 sigma: 0.166 
maxBOLD estimate = 1.954

--------------------------------------------------------------
FINAL VALUES
--------------------------------------------------------------
Simulated parameters:              slope: 0.410 semiSat: 0.570 beta: 1.000 sigma: 0.250 
Max posterior QUEST+ parameters:   slope: 1.000 semiSat: 0.560 beta: 1.031 sigma: 0.218 
Max BADS parameters:               slope: 0.980 semiSat: 0.567 beta: 1.000 sigma: 0.213 
maxBOLD estimate: 1.788
