/blue/stevenweisberg/stevenweisberg/MATLAB/projects/Weisberg_Aguirre_2020/scripts/run_sims
c22a-s23.ufhpc
Tue Apr  6 19:13:57 EDT 2021
mkdir: cannot create directory ‘/blue/stevenweisberg/stevenweisberg/qpfMRIResults/model_parameter_set2/’: File exists
cp: cannot stat ‘/blue/stevenweisberg/stevenweisberg/qpfMRIResults/deploy_sim.sh’: No such file or directory
cp: cannot stat ‘/blue/stevenweisberg/stevenweisberg/qpfMRIResults/sim_wrapper.sh’: No such file or directory
------------------------------------------
Setting up environment variables
---
LD_LIBRARY_PATH is .:/apps/matlab/mcr/2020b/v99/runtime/glnxa64:/apps/matlab/mcr/2020b/v99/bin/glnxa64:/apps/matlab/mcr/2020b/v99/sys/os/glnxa64:/apps/matlab/mcr/2020b/v99/sys/opengl/lib/glnxa64
Warning: Executing startup failed in matlabrc.
This indicates a potentially serious problem in your MATLAB setup, which should be resolved as soon as possible.  Error detected was:
MATLAB:mpath:PathAlterationNotSupported
Modifying the search path is not supported by MATLAB Compiler. Remove functions that modify the search path from your MATLAB code. To make files visible to your deployed application, add the parent folder to your MATLAB session.
Warning: No stimulus domain specified. Defaulting to values between 0.01 and 1.
> In qpfmriParams (line 182)
In compiledSimulate (line 205)
Stimulus domain added from input.
Parameter slope specified as 0.20000
Parameter semiSat specified as 0.57000
Parameter beta specified as 1.00000
Parameter sigma specified as 0.05000
seed = 99seed = 104seed = 111seed = 111seed = 115seed = 101Initializing Q+. This may take a minute...
Elapsed time is 9.500046 seconds.
Simulated parameters:
slope: 0.200 semiSat: 0.570 beta: 1.000 sigma: 0.050 

Trial 1: baseline Stimulus Selection
Stimulus: 0.010
Output value 0.000

Q+ parameters
slope: 0.026 semiSat: 0.890 beta: 0.500 sigma: 0.010 
maxBOLD estimate = 1.000


Trial 2: maxBOLD Stimulus Selection
Stimulus: 1.000
Output value 1.364

Q+ parameters
slope: 0.055 semiSat: 0.670 beta: 1.250 sigma: 0.010 
maxBOLD estimate = 1.000


Trial 3: baseline Stimulus Selection
Stimulus: 0.010
Output value 0.000

Q+ parameters
slope: 0.055 semiSat: 0.670 beta: 1.250 sigma: 0.010 
maxBOLD estimate = 1.250


Trial 4: maxBOLD Stimulus Selection
Stimulus: 1.000
Output value 1.758

Q+ parameters
slope: 0.055 semiSat: 0.670 beta: 1.125 sigma: 0.062 
maxBOLD estimate = 1.562


Trial 5: baseline Stimulus Selection
Stimulus: 0.010
Output value 0.000

Q+ parameters
slope: 0.043 semiSat: 0.780 beta: 1.250 sigma: 0.062 
maxBOLD estimate = 1.758


Trial 6: maxBOLD Stimulus Selection
Stimulus: 1.000
Output value 1.548

Q+ parameters
slope: 0.043 semiSat: 0.780 beta: 0.969 sigma: 0.062 
maxBOLD estimate = 2.197


Trial 7: qplus Stimulus Selection
Stimulus: 0.711
Output value 1.016

Q+ parameters
slope: 0.070 semiSat: 0.450 beta: 0.750 sigma: 0.062 
maxBOLD estimate = 2.129


Trial 8: qplus Stimulus Selection
Stimulus: 0.464
Output value 0.435

Q+ parameters
slope: 0.089 semiSat: 0.560 beta: 1.000 sigma: 0.062 
maxBOLD estimate = 1.596


Trial 9: qplus Stimulus Selection
Stimulus: 0.629
Output value 1.016

Q+ parameters
slope: 0.089 semiSat: 0.560 beta: 1.000 sigma: 0.062 
maxBOLD estimate = 1.596


Trial 10: baseline Stimulus Selection
Stimulus: 0.010
Output value -0.299

Q+ parameters
slope: 0.113 semiSat: 0.560 beta: 1.031 sigma: 0.062 
maxBOLD estimate = 1.596


Trial 11: qplus Stimulus Selection
Stimulus: 0.505
Output value 0.000

Q+ parameters
slope: 0.234 semiSat: 0.560 beta: 0.969 sigma: 0.062 
maxBOLD estimate = 1.646


Trial 12: qplus Stimulus Selection
Stimulus: 0.588
Output value 0.702

Q+ parameters
slope: 0.144 semiSat: 0.560 beta: 0.969 sigma: 0.062 
maxBOLD estimate = 1.595


Trial 13: qplus Stimulus Selection
Stimulus: 0.629
Output value 1.089

Q+ parameters
slope: 0.144 semiSat: 0.560 beta: 0.969 sigma: 0.062 
maxBOLD estimate = 1.545


Trial 14: qplus Stimulus Selection
Stimulus: 0.588
Output value 0.791

Q+ parameters
slope: 0.144 semiSat: 0.560 beta: 0.969 sigma: 0.062 
maxBOLD estimate = 1.497


Trial 15: maxBOLD Stimulus Selection
Stimulus: 1.000
Output value 1.405

Q+ parameters
slope: 0.144 semiSat: 0.560 beta: 0.969 sigma: 0.062 
maxBOLD estimate = 1.450


Trial 16: qplus Stimulus Selection
Stimulus: 0.629
Output value 1.221

Q+ parameters
slope: 0.183 semiSat: 0.560 beta: 1.062 sigma: 0.062 
maxBOLD estimate = 1.405


Trial 17: qplus Stimulus Selection
Stimulus: 0.505
Output value 0.263

Q+ parameters
slope: 0.144 semiSat: 0.560 beta: 0.969 sigma: 0.062 
maxBOLD estimate = 1.492


Trial 18: qplus Stimulus Selection
Stimulus: 0.670
Output value 1.397

Q+ parameters
slope: 0.183 semiSat: 0.560 beta: 1.062 sigma: 0.062 
maxBOLD estimate = 1.446


Trial 19: qplus Stimulus Selection
Stimulus: 0.505
Output value 0.271

Q+ parameters
slope: 0.144 semiSat: 0.560 beta: 0.969 sigma: 0.062 
maxBOLD estimate = 1.536


Trial 20: baseline Stimulus Selection
Stimulus: 0.010
Output value -0.144

Q+ parameters
slope: 0.183 semiSat: 0.560 beta: 1.062 sigma: 0.062 
maxBOLD estimate = 1.488


Trial 21: qplus Stimulus Selection
Stimulus: 0.505
Output value 0.279

Q+ parameters
slope: 0.144 semiSat: 0.560 beta: 0.969 sigma: 0.062 
maxBOLD estimate = 1.581


Trial 22: qplus Stimulus Selection
Stimulus: 0.588
Output value 0.975

Q+ parameters
slope: 0.234 semiSat: 0.560 beta: 1.000 sigma: 0.062 
maxBOLD estimate = 1.532


Trial 23: qplus Stimulus Selection
Stimulus: 0.505
Output value 0.139

Q+ parameters
slope: 0.234 semiSat: 0.560 beta: 1.000 sigma: 0.062 
maxBOLD estimate = 1.532


Trial 24: qplus Stimulus Selection
Stimulus: 0.546
Output value 0.696

Q+ parameters
slope: 0.234 semiSat: 0.560 beta: 1.000 sigma: 0.062 
maxBOLD estimate = 1.532


Trial 25: maxBOLD Stimulus Selection
Stimulus: 1.000
Output value 1.532

Q+ parameters
slope: 0.234 semiSat: 0.560 beta: 1.000 sigma: 0.062 
maxBOLD estimate = 1.532


Trial 26: qplus Stimulus Selection
Stimulus: 0.546
Output value 0.405

Q+ parameters
slope: 0.298 semiSat: 0.560 beta: 0.969 sigma: 0.062 
maxBOLD estimate = 1.532


Trial 27: qplus Stimulus Selection
Stimulus: 0.546
Output value 0.523

Q+ parameters
slope: 0.298 semiSat: 0.560 beta: 0.969 sigma: 0.062 
maxBOLD estimate = 1.484


Trial 28: qplus Stimulus Selection
Stimulus: 0.711
Output value 1.389

Q+ parameters
slope: 0.183 semiSat: 0.560 beta: 1.062 sigma: 0.062 
maxBOLD estimate = 1.438


Trial 29: qplus Stimulus Selection
Stimulus: 0.546
Output value 0.538

Q+ parameters
slope: 0.298 semiSat: 0.560 beta: 0.969 sigma: 0.062 
maxBOLD estimate = 1.527


Trial 30: baseline Stimulus Selection
Stimulus: 0.010
Output value -0.130

Q+ parameters
slope: 0.298 semiSat: 0.560 beta: 0.969 sigma: 0.062 
maxBOLD estimate = 1.480


Trial 31: qplus Stimulus Selection
Stimulus: 0.546
Output value 0.379

Q+ parameters
slope: 0.298 semiSat: 0.560 beta: 0.969 sigma: 0.062 
maxBOLD estimate = 1.433


Trial 32: qplus Stimulus Selection
Stimulus: 0.546
Output value 0.402

Q+ parameters
slope: 0.298 semiSat: 0.560 beta: 1.062 sigma: 0.062 
maxBOLD estimate = 1.389


Trial 33: qplus Stimulus Selection
Stimulus: 0.588
Output value 0.780

Q+ parameters
slope: 0.298 semiSat: 0.560 beta: 0.969 sigma: 0.062 
maxBOLD estimate = 1.475


Trial 34: qplus Stimulus Selection
Stimulus: 0.711
Output value 1.259

Q+ parameters
slope: 0.298 semiSat: 0.560 beta: 0.969 sigma: 0.062 
maxBOLD estimate = 1.429


Trial 35: maxBOLD Stimulus Selection
Stimulus: 1.000
Output value 1.219

Q+ parameters
slope: 0.298 semiSat: 0.560 beta: 0.969 sigma: 0.062 
maxBOLD estimate = 1.385


Trial 36: qplus Stimulus Selection
Stimulus: 0.546
Output value 0.648

Q+ parameters
slope: 0.183 semiSat: 0.560 beta: 1.062 sigma: 0.062 
maxBOLD estimate = 1.341


Trial 37: qplus Stimulus Selection
Stimulus: 0.505
Output value 0.251

Q+ parameters
slope: 0.298 semiSat: 0.560 beta: 0.969 sigma: 0.062 
maxBOLD estimate = 1.425


Trial 38: qplus Stimulus Selection
Stimulus: 0.711
Output value 1.216

Q+ parameters
slope: 0.298 semiSat: 0.560 beta: 0.969 sigma: 0.062 
maxBOLD estimate = 1.381


Trial 39: qplus Stimulus Selection
Stimulus: 0.546
Output value 0.517

Q+ parameters
slope: 0.183 semiSat: 0.560 beta: 1.062 sigma: 0.062 
maxBOLD estimate = 1.338


Trial 40: baseline Stimulus Selection
Stimulus: 0.010
Output value 0.125

Q+ parameters
slope: 0.234 semiSat: 0.560 beta: 0.969 sigma: 0.062 
maxBOLD estimate = 1.421


Trial 41: qplus Stimulus Selection
Stimulus: 0.711
Output value 1.334

Q+ parameters
slope: 0.298 semiSat: 0.560 beta: 0.969 sigma: 0.062 
maxBOLD estimate = 1.377


Trial 42: qplus Stimulus Selection
Stimulus: 0.546
Output value 0.644

Q+ parameters
slope: 0.183 semiSat: 0.560 beta: 1.062 sigma: 0.062 
maxBOLD estimate = 1.334


Trial 43: qplus Stimulus Selection
Stimulus: 0.505
Output value 0.374

Q+ parameters
slope: 0.298 semiSat: 0.560 beta: 0.969 sigma: 0.062 
maxBOLD estimate = 1.417


Trial 44: qplus Stimulus Selection
Stimulus: 0.711
Output value 1.451

Q+ parameters
slope: 0.298 semiSat: 0.560 beta: 0.969 sigma: 0.062 
maxBOLD estimate = 1.373


Trial 45: maxBOLD Stimulus Selection
Stimulus: 1.000
Output value 1.541

Q+ parameters
slope: 0.183 semiSat: 0.560 beta: 1.062 sigma: 0.062 
maxBOLD estimate = 1.330


Trial 46: qplus Stimulus Selection
Stimulus: 0.588
Output value 0.871

Q+ parameters
slope: 0.298 semiSat: 0.560 beta: 0.969 sigma: 0.062 
maxBOLD estimate = 1.413


Trial 47: qplus Stimulus Selection
Stimulus: 0.711
Output value 1.206

Q+ parameters
slope: 0.298 semiSat: 0.560 beta: 0.969 sigma: 0.062 
maxBOLD estimate = 1.369


Trial 48: qplus Stimulus Selection
Stimulus: 0.546
Output value 0.640

Q+ parameters
slope: 0.183 semiSat: 0.560 beta: 1.062 sigma: 0.062 
maxBOLD estimate = 1.326


Trial 49: qplus Stimulus Selection
Stimulus: 0.464
Output value 0.124

Q+ parameters
slope: 0.298 semiSat: 0.560 beta: 0.969 sigma: 0.062 
maxBOLD estimate = 1.409


Trial 50: baseline Stimulus Selection
Stimulus: 0.010
Output value -0.132

Q+ parameters
slope: 0.183 semiSat: 0.560 beta: 1.062 sigma: 0.062 
maxBOLD estimate = 1.365


Trial 51: qplus Stimulus Selection
Stimulus: 0.464
Output value 0.128

Q+ parameters
slope: 0.298 semiSat: 0.560 beta: 0.969 sigma: 0.062 
maxBOLD estimate = 1.450


Trial 52: qplus Stimulus Selection
Stimulus: 0.711
Output value 1.361

Q+ parameters
slope: 0.298 semiSat: 0.560 beta: 0.969 sigma: 0.062 
maxBOLD estimate = 1.405


Trial 53: qplus Stimulus Selection
Stimulus: 0.670
Output value 1.199

Q+ parameters
slope: 0.298 semiSat: 0.560 beta: 0.969 sigma: 0.062 
maxBOLD estimate = 1.361


Trial 54: qplus Stimulus Selection
Stimulus: 0.546
Output value 0.764

Q+ parameters
slope: 0.298 semiSat: 0.560 beta: 1.062 sigma: 0.062 
maxBOLD estimate = 1.318


Trial 55: maxBOLD Stimulus Selection
Stimulus: 1.000
Output value 1.357

Q+ parameters
slope: 0.298 semiSat: 0.560 beta: 0.969 sigma: 0.062 
maxBOLD estimate = 1.401


Trial 56: qplus Stimulus Selection
Stimulus: 0.711
Output value 1.573

Q+ parameters
slope: 0.183 semiSat: 0.560 beta: 1.062 sigma: 0.062 
maxBOLD estimate = 1.357


Trial 57: qplus Stimulus Selection
Stimulus: 0.464
Output value 0.127

Q+ parameters
slope: 0.298 semiSat: 0.560 beta: 0.969 sigma: 0.062 
maxBOLD estimate = 1.442


Trial 58: qplus Stimulus Selection
Stimulus: 0.711
Output value 1.476

Q+ parameters
slope: 0.298 semiSat: 0.560 beta: 0.969 sigma: 0.062 
maxBOLD estimate = 1.397


Trial 59: qplus Stimulus Selection
Stimulus: 0.546
Output value 0.523

Q+ parameters
slope: 0.183 semiSat: 0.560 beta: 1.062 sigma: 0.062 
maxBOLD estimate = 1.353


Trial 60: baseline Stimulus Selection
Stimulus: 0.010
Output value 0.000

Q+ parameters
slope: 0.298 semiSat: 0.560 beta: 0.969 sigma: 0.062 
maxBOLD estimate = 1.438


Trial 61: qplus Stimulus Selection
Stimulus: 0.711
Output value 1.227

Q+ parameters
slope: 0.298 semiSat: 0.560 beta: 0.969 sigma: 0.062 
maxBOLD estimate = 1.393


Trial 62: qplus Stimulus Selection
Stimulus: 0.546
Output value 0.521

Q+ parameters
slope: 0.183 semiSat: 0.560 beta: 1.062 sigma: 0.062 
maxBOLD estimate = 1.349


Trial 63: qplus Stimulus Selection
Stimulus: 0.505
Output value 0.379

Q+ parameters
slope: 0.298 semiSat: 0.560 beta: 0.969 sigma: 0.062 
maxBOLD estimate = 1.434


Trial 64: qplus Stimulus Selection
Stimulus: 0.711
Output value 1.610

Q+ parameters
slope: 0.183 semiSat: 0.560 beta: 1.062 sigma: 0.062 
maxBOLD estimate = 1.389


Trial 65: maxBOLD Stimulus Selection
Stimulus: 1.000
Output value 1.559

Q+ parameters
slope: 0.234 semiSat: 0.560 beta: 0.969 sigma: 0.062 
maxBOLD estimate = 1.476


Trial 66: qplus Stimulus Selection
Stimulus: 0.711
Output value 1.511

Q+ parameters
slope: 0.298 semiSat: 0.560 beta: 0.969 sigma: 0.062 
maxBOLD estimate = 1.430


Trial 67: qplus Stimulus Selection
Stimulus: 0.546
Output value 0.803

Q+ parameters
slope: 0.183 semiSat: 0.560 beta: 1.062 sigma: 0.062 
maxBOLD estimate = 1.385


Trial 68: qplus Stimulus Selection
Stimulus: 0.464
Output value 0.389

Q+ parameters
slope: 0.234 semiSat: 0.560 beta: 0.969 sigma: 0.062 
maxBOLD estimate = 1.471


Trial 69: qplus Stimulus Selection
Stimulus: 0.711
Output value 1.381

Q+ parameters
slope: 0.298 semiSat: 0.560 beta: 0.969 sigma: 0.062 
maxBOLD estimate = 1.425


Trial 70: baseline Stimulus Selection
Stimulus: 0.010
Output value 0.000

Q+ parameters
slope: 0.183 semiSat: 0.560 beta: 1.062 sigma: 0.062 
maxBOLD estimate = 1.381


Trial 71: qplus Stimulus Selection
Stimulus: 0.464
Output value 0.258

Q+ parameters
slope: 0.234 semiSat: 0.560 beta: 0.969 sigma: 0.062 
maxBOLD estimate = 1.467


Trial 72: qplus Stimulus Selection
Stimulus: 0.711
Output value 1.252

Q+ parameters
slope: 0.298 semiSat: 0.560 beta: 0.969 sigma: 0.062 
maxBOLD estimate = 1.421


Trial 73: qplus Stimulus Selection
Stimulus: 0.546
Output value 0.399

Q+ parameters
slope: 0.183 semiSat: 0.560 beta: 1.062 sigma: 0.062 
maxBOLD estimate = 1.377


Trial 74: qplus Stimulus Selection
Stimulus: 0.464
Output value 0.129

Q+ parameters
slope: 0.298 semiSat: 0.560 beta: 0.969 sigma: 0.062 
maxBOLD estimate = 1.463


Trial 75: maxBOLD Stimulus Selection
Stimulus: 1.000
Output value 1.373

Q+ parameters
slope: 0.298 semiSat: 0.560 beta: 0.969 sigma: 0.062 
maxBOLD estimate = 1.417


Trial 76: qplus Stimulus Selection
Stimulus: 0.546
Output value 0.663

Q+ parameters
slope: 0.183 semiSat: 0.560 beta: 1.062 sigma: 0.062 
maxBOLD estimate = 1.373


Trial 77: qplus Stimulus Selection
Stimulus: 0.464
Output value 0.128

Q+ parameters
slope: 0.298 semiSat: 0.560 beta: 0.969 sigma: 0.062 
maxBOLD estimate = 1.459


Trial 78: qplus Stimulus Selection
Stimulus: 0.711
Output value 1.369

Q+ parameters
slope: 0.298 semiSat: 0.560 beta: 0.969 sigma: 0.062 
maxBOLD estimate = 1.413


Trial 79: qplus Stimulus Selection
Stimulus: 0.546
Output value 0.529

Q+ parameters
slope: 0.183 semiSat: 0.560 beta: 1.062 sigma: 0.062 
maxBOLD estimate = 1.369


Trial 80: baseline Stimulus Selection
Stimulus: 0.010
Output value -0.256

Q+ parameters
slope: 0.298 semiSat: 0.560 beta: 0.969 sigma: 0.062 
maxBOLD estimate = 1.455


Trial 81: qplus Stimulus Selection
Stimulus: 0.546
Output value 0.544

Q+ parameters
slope: 0.183 semiSat: 0.560 beta: 1.062 sigma: 0.062 
maxBOLD estimate = 1.409


Trial 82: qplus Stimulus Selection
Stimulus: 0.464
Output value 0.396

Q+ parameters
slope: 0.234 semiSat: 0.560 beta: 0.969 sigma: 0.062 
maxBOLD estimate = 1.497


Trial 83: qplus Stimulus Selection
Stimulus: 0.711
Output value 1.405

Q+ parameters
slope: 0.298 semiSat: 0.560 beta: 0.969 sigma: 0.062 
maxBOLD estimate = 1.450


Trial 84: qplus Stimulus Selection
Stimulus: 0.546
Output value 0.543

Q+ parameters
slope: 0.183 semiSat: 0.560 beta: 1.062 sigma: 0.062 
maxBOLD estimate = 1.405


Trial 85: maxBOLD Stimulus Selection
Stimulus: 1.000
Output value 1.446

Q+ parameters
slope: 0.234 semiSat: 0.560 beta: 0.969 sigma: 0.062 
maxBOLD estimate = 1.493


Trial 86: qplus Stimulus Selection
Stimulus: 0.711
Output value 1.274

Q+ parameters
slope: 0.298 semiSat: 0.560 beta: 0.969 sigma: 0.062 
maxBOLD estimate = 1.446


Trial 87: qplus Stimulus Selection
Stimulus: 0.546
Output value 0.677

Q+ parameters
slope: 0.183 semiSat: 0.560 beta: 1.062 sigma: 0.062 
maxBOLD estimate = 1.401


Trial 88: qplus Stimulus Selection
Stimulus: 0.464
Output value 0.262

Q+ parameters
slope: 0.234 semiSat: 0.560 beta: 0.969 sigma: 0.062 
maxBOLD estimate = 1.489


Trial 89: qplus Stimulus Selection
Stimulus: 0.711
Output value 1.270

Q+ parameters
slope: 0.298 semiSat: 0.560 beta: 0.969 sigma: 0.062 
maxBOLD estimate = 1.442


Trial 90: baseline Stimulus Selection
Stimulus: 0.010
Output value 0.000

Q+ parameters
slope: 0.183 semiSat: 0.560 beta: 1.062 sigma: 0.062 
maxBOLD estimate = 1.397


Trial 91: qplus Stimulus Selection
Stimulus: 0.464
Output value 0.261

Q+ parameters
slope: 0.234 semiSat: 0.560 beta: 0.969 sigma: 0.062 
maxBOLD estimate = 1.484


Trial 92: qplus Stimulus Selection
Stimulus: 0.711
Output value 1.389

Q+ parameters
slope: 0.183 semiSat: 0.560 beta: 1.062 sigma: 0.062 
maxBOLD estimate = 1.438


Trial 93: qplus Stimulus Selection
Stimulus: 0.794
Output value 1.480

Q+ parameters
slope: 0.234 semiSat: 0.560 beta: 0.969 sigma: 0.062 
maxBOLD estimate = 1.528


Trial 94: qplus Stimulus Selection
Stimulus: 0.753
Output value 1.434

Q+ parameters
slope: 0.234 semiSat: 0.560 beta: 0.969 sigma: 0.062 
maxBOLD estimate = 1.480


Trial 95: maxBOLD Stimulus Selection
Stimulus: 1.000
Output value 1.523

Q+ parameters
slope: 0.183 semiSat: 0.560 beta: 1.062 sigma: 0.062 
maxBOLD estimate = 1.434


Trial 96: qplus Stimulus Selection
Stimulus: 0.464
Output value 0.000

Q+ parameters
slope: 0.234 semiSat: 0.560 beta: 0.969 sigma: 0.062 
maxBOLD estimate = 1.523


Trial 97: qplus Stimulus Selection
Stimulus: 0.711
Output value 1.170

Q+ parameters
slope: 0.234 semiSat: 0.560 beta: 0.969 sigma: 0.062 
maxBOLD estimate = 1.476


Trial 98: qplus Stimulus Selection
Stimulus: 0.711
Output value 1.243

Q+ parameters
slope: 0.183 semiSat: 0.560 beta: 1.062 sigma: 0.062 
maxBOLD estimate = 1.430


Trial 99: qplus Stimulus Selection
Stimulus: 0.464
Output value 0.000

Q+ parameters
slope: 0.234 semiSat: 0.560 beta: 0.969 sigma: 0.062 
maxBOLD estimate = 1.519


Trial 100: baseline Stimulus Selection
Stimulus: 0.010
Output value 0.130

Q+ parameters
slope: 0.234 semiSat: 0.560 beta: 0.969 sigma: 0.062 
maxBOLD estimate = 1.472

--------------------------------------------------------------
FINAL VALUES
--------------------------------------------------------------
Simulated parameters:              slope: 0.200 semiSat: 0.570 beta: 1.000 sigma: 0.050 
Max posterior QUEST+ parameters:   slope: 0.298 semiSat: 0.560 beta: 0.969 sigma: 0.062 
Max BADS parameters:               slope: 0.298 semiSat: 0.564 beta: 1.000 sigma: 0.063 
maxBOLD estimate: 1.423
