/blue/stevenweisberg/stevenweisberg/MATLAB/projects/Weisberg_Aguirre_2020/scripts/run_sims
c0706a-s16.ufhpc
Wed Apr  7 07:29:33 EDT 2021
mkdir: cannot create directory ‘/blue/stevenweisberg/stevenweisberg/qpfMRIResults/model_parameter_set2/’: File exists
cp: cannot stat ‘/blue/stevenweisberg/stevenweisberg/qpfMRIResults/deploy_sim.sh’: No such file or directory
cp: cannot stat ‘/blue/stevenweisberg/stevenweisberg/qpfMRIResults/sim_wrapper.sh’: No such file or directory
------------------------------------------
Setting up environment variables
---
LD_LIBRARY_PATH is .:/apps/matlab/mcr/2020b/v99/runtime/glnxa64:/apps/matlab/mcr/2020b/v99/bin/glnxa64:/apps/matlab/mcr/2020b/v99/sys/os/glnxa64:/apps/matlab/mcr/2020b/v99/sys/opengl/lib/glnxa64
Warning: Executing startup failed in matlabrc.
This indicates a potentially serious problem in your MATLAB setup, which should be resolved as soon as possible.  Error detected was:
MATLAB:mpath:PathAlterationNotSupported
Modifying the search path is not supported by MATLAB Compiler. Remove functions that modify the search path from your MATLAB code. To make files visible to your deployed application, add the parent folder to your MATLAB session.
Warning: No stimulus domain specified. Defaulting to values between 0.01 and 1.
> In qpfmriParams (line 182)
In compiledSimulate (line 205)
Stimulus domain added from input.
Parameter slope specified as 0.20000
Parameter semiSat specified as 0.57000
Parameter beta specified as 1.00000
Parameter sigma specified as 0.10000
seed = 99seed = 104seed = 111seed = 111seed = 115seed = 101Initializing Q+. This may take a minute...
Elapsed time is 6.754222 seconds.
Simulated parameters:
slope: 0.200 semiSat: 0.570 beta: 1.000 sigma: 0.100 

Trial 1: baseline Stimulus Selection
Stimulus: 0.010
Output value 0.000

Q+ parameters
slope: 0.026 semiSat: 0.890 beta: 0.500 sigma: 0.010 
maxBOLD estimate = 1.000


Trial 2: maxBOLD Stimulus Selection
Stimulus: 1.000
Output value 1.364

Q+ parameters
slope: 0.055 semiSat: 0.670 beta: 1.250 sigma: 0.010 
maxBOLD estimate = 1.000


Trial 3: baseline Stimulus Selection
Stimulus: 0.010
Output value 0.284

Q+ parameters
slope: 0.055 semiSat: 0.670 beta: 1.250 sigma: 0.114 
maxBOLD estimate = 1.250


Trial 4: maxBOLD Stimulus Selection
Stimulus: 1.000
Output value 2.131

Q+ parameters
slope: 0.055 semiSat: 0.670 beta: 1.250 sigma: 0.114 
maxBOLD estimate = 1.562


Trial 5: baseline Stimulus Selection
Stimulus: 0.010
Output value 0.000

Q+ parameters
slope: 0.043 semiSat: 0.780 beta: 1.250 sigma: 0.062 
maxBOLD estimate = 1.953


Trial 6: maxBOLD Stimulus Selection
Stimulus: 1.000
Output value 1.935

Q+ parameters
slope: 0.043 semiSat: 0.780 beta: 0.969 sigma: 0.062 
maxBOLD estimate = 2.441


Trial 7: qplus Stimulus Selection
Stimulus: 0.629
Output value 0.968

Q+ parameters
slope: 0.070 semiSat: 0.450 beta: 0.750 sigma: 0.062 
maxBOLD estimate = 2.365


Trial 8: qplus Stimulus Selection
Stimulus: 0.464
Output value 0.312

Q+ parameters
slope: 0.144 semiSat: 0.560 beta: 0.969 sigma: 0.062 
maxBOLD estimate = 1.774


Trial 9: qplus Stimulus Selection
Stimulus: 0.629
Output value 1.640

Q+ parameters
slope: 0.089 semiSat: 0.670 beta: 1.500 sigma: 0.114 
maxBOLD estimate = 1.718


Trial 10: baseline Stimulus Selection
Stimulus: 0.010
Output value 0.000

Q+ parameters
slope: 0.043 semiSat: 0.670 beta: 0.750 sigma: 0.062 
maxBOLD estimate = 2.578


Trial 11: qplus Stimulus Selection
Stimulus: 0.711
Output value 1.230

Q+ parameters
slope: 0.183 semiSat: 0.560 beta: 0.875 sigma: 0.062 
maxBOLD estimate = 1.933


Trial 12: qplus Stimulus Selection
Stimulus: 0.588
Output value 1.153

Q+ parameters
slope: 0.113 semiSat: 0.670 beta: 1.500 sigma: 0.062 
maxBOLD estimate = 1.692


Trial 13: qplus Stimulus Selection
Stimulus: 0.753
Output value 1.470

Q+ parameters
slope: 0.043 semiSat: 0.780 beta: 1.062 sigma: 0.062 
maxBOLD estimate = 2.537


Trial 14: qplus Stimulus Selection
Stimulus: 0.835
Output value 1.823

Q+ parameters
slope: 0.043 semiSat: 0.780 beta: 1.062 sigma: 0.062 
maxBOLD estimate = 2.696


Trial 15: maxBOLD Stimulus Selection
Stimulus: 1.000
Output value 0.977

Q+ parameters
slope: 0.055 semiSat: 0.670 beta: 0.750 sigma: 0.062 
maxBOLD estimate = 2.864


Trial 16: qplus Stimulus Selection
Stimulus: 0.505
Output value 0.439

Q+ parameters
slope: 0.144 semiSat: 0.560 beta: 0.750 sigma: 0.062 
maxBOLD estimate = 2.148


Trial 17: qplus Stimulus Selection
Stimulus: 0.464
Output value 0.000

Q+ parameters
slope: 0.089 semiSat: 0.670 beta: 1.500 sigma: 0.114 
maxBOLD estimate = 1.611


Trial 18: qplus Stimulus Selection
Stimulus: 0.629
Output value 0.494

Q+ parameters
slope: 0.089 semiSat: 0.560 beta: 0.750 sigma: 0.062 
maxBOLD estimate = 2.417


Trial 19: qplus Stimulus Selection
Stimulus: 0.711
Output value 1.442

Q+ parameters
slope: 0.183 semiSat: 0.560 beta: 0.875 sigma: 0.062 
maxBOLD estimate = 1.813


Trial 20: baseline Stimulus Selection
Stimulus: 0.010
Output value 0.433

Q+ parameters
slope: 0.113 semiSat: 0.670 beta: 1.500 sigma: 0.114 
maxBOLD estimate = 1.586


Trial 21: qplus Stimulus Selection
Stimulus: 0.588
Output value 0.378

Q+ parameters
slope: 0.113 semiSat: 0.670 beta: 0.875 sigma: 0.062 
maxBOLD estimate = 2.379


Trial 22: qplus Stimulus Selection
Stimulus: 0.588
Output value 0.710

Q+ parameters
slope: 0.183 semiSat: 0.560 beta: 0.750 sigma: 0.062 
maxBOLD estimate = 2.082


Trial 23: qplus Stimulus Selection
Stimulus: 0.711
Output value 2.342

Q+ parameters
slope: 0.089 semiSat: 0.670 beta: 1.500 sigma: 0.062 
maxBOLD estimate = 1.561


Trial 24: qplus Stimulus Selection
Stimulus: 0.546
Output value 0.186

Q+ parameters
slope: 0.089 semiSat: 0.670 beta: 0.875 sigma: 0.062 
maxBOLD estimate = 2.342


Trial 25: maxBOLD Stimulus Selection
Stimulus: 1.000
Output value 1.257

Q+ parameters
slope: 0.183 semiSat: 0.560 beta: 0.750 sigma: 0.114 
maxBOLD estimate = 2.049


Trial 26: qplus Stimulus Selection
Stimulus: 1.000
Output value 1.886

Q+ parameters
slope: 0.089 semiSat: 0.670 beta: 1.500 sigma: 0.114 
maxBOLD estimate = 1.537


Trial 27: qplus Stimulus Selection
Stimulus: 0.546
Output value 0.183

Q+ parameters
slope: 0.113 semiSat: 0.670 beta: 0.875 sigma: 0.114 
maxBOLD estimate = 2.305


Trial 28: qplus Stimulus Selection
Stimulus: 0.670
Output value 0.355

Q+ parameters
slope: 0.113 semiSat: 0.670 beta: 0.969 sigma: 0.114 
maxBOLD estimate = 2.017


Trial 29: qplus Stimulus Selection
Stimulus: 0.546
Output value 0.344

Q+ parameters
slope: 0.113 semiSat: 0.670 beta: 0.969 sigma: 0.114 
maxBOLD estimate = 1.954


Trial 30: baseline Stimulus Selection
Stimulus: 0.010
Output value -0.301

Q+ parameters
slope: 0.183 semiSat: 0.560 beta: 0.875 sigma: 0.114 
maxBOLD estimate = 1.893


Trial 31: qplus Stimulus Selection
Stimulus: 0.588
Output value 0.452

Q+ parameters
slope: 0.144 semiSat: 0.670 beta: 1.500 sigma: 0.114 
maxBOLD estimate = 1.656


Trial 32: qplus Stimulus Selection
Stimulus: 0.546
Output value 0.339

Q+ parameters
slope: 0.070 semiSat: 0.670 beta: 0.750 sigma: 0.114 
maxBOLD estimate = 2.485


Trial 33: qplus Stimulus Selection
Stimulus: 0.918
Output value 1.631

Q+ parameters
slope: 0.183 semiSat: 0.560 beta: 0.875 sigma: 0.114 
maxBOLD estimate = 1.863


Trial 34: qplus Stimulus Selection
Stimulus: 0.588
Output value 0.667

Q+ parameters
slope: 0.089 semiSat: 0.670 beta: 1.500 sigma: 0.114 
maxBOLD estimate = 1.631


Trial 35: maxBOLD Stimulus Selection
Stimulus: 1.000
Output value 1.001

Q+ parameters
slope: 0.070 semiSat: 0.670 beta: 0.750 sigma: 0.114 
maxBOLD estimate = 2.446


Trial 36: qplus Stimulus Selection
Stimulus: 0.794
Output value 1.167

Q+ parameters
slope: 0.183 semiSat: 0.560 beta: 0.875 sigma: 0.114 
maxBOLD estimate = 1.834


Trial 37: qplus Stimulus Selection
Stimulus: 0.588
Output value 1.970

Q+ parameters
slope: 0.089 semiSat: 0.670 beta: 1.500 sigma: 0.114 
maxBOLD estimate = 1.605


Trial 38: qplus Stimulus Selection
Stimulus: 0.546
Output value 0.930

Q+ parameters
slope: 0.043 semiSat: 0.780 beta: 1.062 sigma: 0.114 
maxBOLD estimate = 2.408


Trial 39: qplus Stimulus Selection
Stimulus: 0.794
Output value 1.395

Q+ parameters
slope: 0.070 semiSat: 0.670 beta: 0.750 sigma: 0.062 
maxBOLD estimate = 2.558


Trial 40: baseline Stimulus Selection
Stimulus: 0.010
Output value -0.305

Q+ parameters
slope: 0.183 semiSat: 0.560 beta: 0.875 sigma: 0.114 
maxBOLD estimate = 1.919


Trial 41: qplus Stimulus Selection
Stimulus: 0.464
Output value 0.229

Q+ parameters
slope: 0.089 semiSat: 0.670 beta: 1.500 sigma: 0.114 
maxBOLD estimate = 1.679


Trial 42: qplus Stimulus Selection
Stimulus: 0.546
Output value 0.343

Q+ parameters
slope: 0.070 semiSat: 0.670 beta: 0.750 sigma: 0.114 
maxBOLD estimate = 2.518


Trial 43: qplus Stimulus Selection
Stimulus: 0.835
Output value 1.652

Q+ parameters
slope: 0.183 semiSat: 0.560 beta: 0.875 sigma: 0.114 
maxBOLD estimate = 1.889


Trial 44: qplus Stimulus Selection
Stimulus: 0.588
Output value 2.028

Q+ parameters
slope: 0.089 semiSat: 0.670 beta: 1.500 sigma: 0.114 
maxBOLD estimate = 1.652


Trial 45: maxBOLD Stimulus Selection
Stimulus: 1.000
Output value 1.437

Q+ parameters
slope: 0.043 semiSat: 0.780 beta: 1.062 sigma: 0.114 
maxBOLD estimate = 2.479


Trial 46: qplus Stimulus Selection
Stimulus: 0.670
Output value 1.257

Q+ parameters
slope: 0.070 semiSat: 0.670 beta: 0.750 sigma: 0.114 
maxBOLD estimate = 2.634


Trial 47: qplus Stimulus Selection
Stimulus: 0.959
Output value 1.728

Q+ parameters
slope: 0.183 semiSat: 0.560 beta: 0.875 sigma: 0.114 
maxBOLD estimate = 1.975


Trial 48: qplus Stimulus Selection
Stimulus: 1.000
Output value 2.593

Q+ parameters
slope: 0.089 semiSat: 0.670 beta: 1.500 sigma: 0.114 
maxBOLD estimate = 1.728


Trial 49: qplus Stimulus Selection
Stimulus: 0.794
Output value 1.591

Q+ parameters
slope: 0.070 semiSat: 0.670 beta: 0.750 sigma: 0.114 
maxBOLD estimate = 2.593


Trial 50: baseline Stimulus Selection
Stimulus: 0.010
Output value -0.309

Q+ parameters
slope: 0.183 semiSat: 0.560 beta: 0.875 sigma: 0.114 
maxBOLD estimate = 1.944


Trial 51: qplus Stimulus Selection
Stimulus: 0.464
Output value 0.464

Q+ parameters
slope: 0.089 semiSat: 0.670 beta: 1.500 sigma: 0.114 
maxBOLD estimate = 1.701


Trial 52: qplus Stimulus Selection
Stimulus: 0.629
Output value 1.015

Q+ parameters
slope: 0.055 semiSat: 0.670 beta: 0.875 sigma: 0.114 
maxBOLD estimate = 2.552


Trial 53: qplus Stimulus Selection
Stimulus: 0.711
Output value 0.914

Q+ parameters
slope: 0.183 semiSat: 0.560 beta: 0.750 sigma: 0.114 
maxBOLD estimate = 2.233


Trial 54: qplus Stimulus Selection
Stimulus: 0.670
Output value 1.827

Q+ parameters
slope: 0.089 semiSat: 0.670 beta: 1.500 sigma: 0.114 
maxBOLD estimate = 1.675


Trial 55: maxBOLD Stimulus Selection
Stimulus: 1.000
Output value 1.028

Q+ parameters
slope: 0.089 semiSat: 0.560 beta: 0.750 sigma: 0.114 
maxBOLD estimate = 2.512


Trial 56: qplus Stimulus Selection
Stimulus: 0.711
Output value 1.499

Q+ parameters
slope: 0.183 semiSat: 0.560 beta: 0.875 sigma: 0.114 
maxBOLD estimate = 1.884


Trial 57: qplus Stimulus Selection
Stimulus: 0.464
Output value -0.450

Q+ parameters
slope: 0.089 semiSat: 0.670 beta: 1.500 sigma: 0.114 
maxBOLD estimate = 1.649


Trial 58: qplus Stimulus Selection
Stimulus: 0.629
Output value 1.349

Q+ parameters
slope: 0.089 semiSat: 0.560 beta: 0.750 sigma: 0.114 
maxBOLD estimate = 2.473


Trial 59: qplus Stimulus Selection
Stimulus: 0.670
Output value 1.328

Q+ parameters
slope: 0.183 semiSat: 0.560 beta: 0.875 sigma: 0.114 
maxBOLD estimate = 1.855


Trial 60: baseline Stimulus Selection
Stimulus: 0.010
Output value -0.221

Q+ parameters
slope: 0.089 semiSat: 0.670 beta: 1.500 sigma: 0.114 
maxBOLD estimate = 1.623


Trial 61: qplus Stimulus Selection
Stimulus: 0.588
Output value 0.332

Q+ parameters
slope: 0.113 semiSat: 0.560 beta: 0.750 sigma: 0.114 
maxBOLD estimate = 2.434


Trial 62: qplus Stimulus Selection
Stimulus: 0.629
Output value 0.436

Q+ parameters
slope: 0.183 semiSat: 0.560 beta: 0.875 sigma: 0.114 
maxBOLD estimate = 1.826


Trial 63: qplus Stimulus Selection
Stimulus: 0.794
Output value 1.389

Q+ parameters
slope: 0.183 semiSat: 0.560 beta: 1.062 sigma: 0.114 
maxBOLD estimate = 1.597


Trial 64: qplus Stimulus Selection
Stimulus: 0.629
Output value 1.852

Q+ parameters
slope: 0.089 semiSat: 0.670 beta: 1.500 sigma: 0.114 
maxBOLD estimate = 1.697


Trial 65: maxBOLD Stimulus Selection
Stimulus: 1.000
Output value 1.215

Q+ parameters
slope: 0.089 semiSat: 0.560 beta: 0.750 sigma: 0.114 
maxBOLD estimate = 2.546


Trial 66: qplus Stimulus Selection
Stimulus: 0.711
Output value 1.215

Q+ parameters
slope: 0.183 semiSat: 0.560 beta: 0.875 sigma: 0.114 
maxBOLD estimate = 1.909


Trial 67: qplus Stimulus Selection
Stimulus: 0.464
Output value 0.684

Q+ parameters
slope: 0.089 semiSat: 0.670 beta: 1.500 sigma: 0.114 
maxBOLD estimate = 1.671


Trial 68: qplus Stimulus Selection
Stimulus: 0.588
Output value 0.684

Q+ parameters
slope: 0.089 semiSat: 0.560 beta: 0.750 sigma: 0.114 
maxBOLD estimate = 2.506


Trial 69: qplus Stimulus Selection
Stimulus: 0.711
Output value 1.196

Q+ parameters
slope: 0.183 semiSat: 0.560 beta: 0.875 sigma: 0.114 
maxBOLD estimate = 1.880


Trial 70: baseline Stimulus Selection
Stimulus: 0.010
Output value 0.224

Q+ parameters
slope: 0.089 semiSat: 0.670 beta: 1.500 sigma: 0.114 
maxBOLD estimate = 1.645


Trial 71: qplus Stimulus Selection
Stimulus: 0.588
Output value 1.009

Q+ parameters
slope: 0.089 semiSat: 0.560 beta: 0.750 sigma: 0.062 
maxBOLD estimate = 2.467


Trial 72: qplus Stimulus Selection
Stimulus: 0.629
Output value 1.472

Q+ parameters
slope: 0.183 semiSat: 0.560 beta: 0.875 sigma: 0.114 
maxBOLD estimate = 1.850


Trial 73: qplus Stimulus Selection
Stimulus: 0.464
Output value 0.000

Q+ parameters
slope: 0.144 semiSat: 0.560 beta: 1.031 sigma: 0.114 
maxBOLD estimate = 1.619


Trial 74: qplus Stimulus Selection
Stimulus: 0.588
Output value 1.138

Q+ parameters
slope: 0.089 semiSat: 0.670 beta: 1.500 sigma: 0.114 
maxBOLD estimate = 1.670


Trial 75: maxBOLD Stimulus Selection
Stimulus: 1.000
Output value 1.025

Q+ parameters
slope: 0.089 semiSat: 0.560 beta: 0.750 sigma: 0.062 
maxBOLD estimate = 2.504


Trial 76: qplus Stimulus Selection
Stimulus: 0.629
Output value 0.896

Q+ parameters
slope: 0.183 semiSat: 0.560 beta: 0.875 sigma: 0.114 
maxBOLD estimate = 1.878


Trial 77: qplus Stimulus Selection
Stimulus: 0.464
Output value 0.154

Q+ parameters
slope: 0.144 semiSat: 0.560 beta: 1.031 sigma: 0.114 
maxBOLD estimate = 1.643


Trial 78: qplus Stimulus Selection
Stimulus: 0.505
Output value 1.156

Q+ parameters
slope: 0.089 semiSat: 0.670 beta: 1.500 sigma: 0.114 
maxBOLD estimate = 1.695


Trial 79: qplus Stimulus Selection
Stimulus: 0.588
Output value 0.867

Q+ parameters
slope: 0.089 semiSat: 0.560 beta: 0.750 sigma: 0.062 
maxBOLD estimate = 2.542


Trial 80: baseline Stimulus Selection
Stimulus: 0.010
Output value 0.303

Q+ parameters
slope: 0.183 semiSat: 0.560 beta: 0.875 sigma: 0.114 
maxBOLD estimate = 1.907


Trial 81: qplus Stimulus Selection
Stimulus: 0.464
Output value 0.683

Q+ parameters
slope: 0.089 semiSat: 0.670 beta: 1.500 sigma: 0.114 
maxBOLD estimate = 1.668


Trial 82: qplus Stimulus Selection
Stimulus: 0.588
Output value 0.683

Q+ parameters
slope: 0.089 semiSat: 0.560 beta: 0.750 sigma: 0.114 
maxBOLD estimate = 2.503


Trial 83: qplus Stimulus Selection
Stimulus: 0.711
Output value 1.194

Q+ parameters
slope: 0.183 semiSat: 0.560 beta: 0.875 sigma: 0.114 
maxBOLD estimate = 1.877


Trial 84: qplus Stimulus Selection
Stimulus: 0.464
Output value 1.120

Q+ parameters
slope: 0.089 semiSat: 0.670 beta: 1.500 sigma: 0.114 
maxBOLD estimate = 1.642


Trial 85: maxBOLD Stimulus Selection
Stimulus: 1.000
Output value 1.008

Q+ parameters
slope: 0.089 semiSat: 0.560 beta: 0.750 sigma: 0.114 
maxBOLD estimate = 2.463


Trial 86: qplus Stimulus Selection
Stimulus: 0.711
Output value 1.617

Q+ parameters
slope: 0.183 semiSat: 0.560 beta: 0.875 sigma: 0.114 
maxBOLD estimate = 1.848


Trial 87: qplus Stimulus Selection
Stimulus: 0.464
Output value 0.882

Q+ parameters
slope: 0.089 semiSat: 0.670 beta: 1.500 sigma: 0.114 
maxBOLD estimate = 1.617


Trial 88: qplus Stimulus Selection
Stimulus: 0.588
Output value 0.827

Q+ parameters
slope: 0.089 semiSat: 0.560 beta: 0.750 sigma: 0.062 
maxBOLD estimate = 2.425


Trial 89: qplus Stimulus Selection
Stimulus: 0.629
Output value 1.013

Q+ parameters
slope: 0.183 semiSat: 0.560 beta: 0.875 sigma: 0.114 
maxBOLD estimate = 1.819


Trial 90: baseline Stimulus Selection
Stimulus: 0.010
Output value 0.434

Q+ parameters
slope: 0.089 semiSat: 0.670 beta: 1.500 sigma: 0.114 
maxBOLD estimate = 1.591


Trial 91: qplus Stimulus Selection
Stimulus: 0.588
Output value 0.814

Q+ parameters
slope: 0.089 semiSat: 0.560 beta: 0.750 sigma: 0.114 
maxBOLD estimate = 2.387


Trial 92: qplus Stimulus Selection
Stimulus: 0.711
Output value 1.282

Q+ parameters
slope: 0.183 semiSat: 0.560 beta: 0.875 sigma: 0.114 
maxBOLD estimate = 1.790


Trial 93: qplus Stimulus Selection
Stimulus: 0.464
Output value 0.214

Q+ parameters
slope: 0.089 semiSat: 0.670 beta: 1.500 sigma: 0.114 
maxBOLD estimate = 1.567


Trial 94: qplus Stimulus Selection
Stimulus: 0.588
Output value 1.282

Q+ parameters
slope: 0.089 semiSat: 0.560 beta: 0.750 sigma: 0.114 
maxBOLD estimate = 2.350


Trial 95: maxBOLD Stimulus Selection
Stimulus: 1.000
Output value 1.542

Q+ parameters
slope: 0.183 semiSat: 0.560 beta: 0.875 sigma: 0.114 
maxBOLD estimate = 1.762


Trial 96: qplus Stimulus Selection
Stimulus: 0.464
Output value 0.298

Q+ parameters
slope: 0.183 semiSat: 0.560 beta: 1.062 sigma: 0.114 
maxBOLD estimate = 1.542


Trial 97: qplus Stimulus Selection
Stimulus: 0.629
Output value 1.787

Q+ parameters
slope: 0.089 semiSat: 0.670 beta: 1.500 sigma: 0.114 
maxBOLD estimate = 1.638


Trial 98: qplus Stimulus Selection
Stimulus: 0.794
Output value 1.005

Q+ parameters
slope: 0.089 semiSat: 0.560 beta: 0.750 sigma: 0.114 
maxBOLD estimate = 2.458


Trial 99: qplus Stimulus Selection
Stimulus: 0.711
Output value 1.320

Q+ parameters
slope: 0.183 semiSat: 0.560 beta: 0.875 sigma: 0.114 
maxBOLD estimate = 1.843


Trial 100: baseline Stimulus Selection
Stimulus: 0.010
Output value 0.220

Q+ parameters
slope: 0.089 semiSat: 0.670 beta: 1.500 sigma: 0.114 
maxBOLD estimate = 1.613

--------------------------------------------------------------
FINAL VALUES
--------------------------------------------------------------
Simulated parameters:              slope: 0.200 semiSat: 0.570 beta: 1.000 sigma: 0.100 
Max posterior QUEST+ parameters:   slope: 0.089 semiSat: 0.560 beta: 0.750 sigma: 0.114 
Max BADS parameters:               slope: 0.057 semiSat: 0.683 beta: 1.000 sigma: 0.091 
maxBOLD estimate: 2.386
