/blue/stevenweisberg/stevenweisberg/MATLAB/projects/Weisberg_Aguirre_2020/scripts/run_sims
c0706a-s6.ufhpc
Wed Apr  7 07:32:21 EDT 2021
mkdir: cannot create directory ‘/blue/stevenweisberg/stevenweisberg/qpfMRIResults/model_parameter_set2/’: File exists
cp: cannot stat ‘/blue/stevenweisberg/stevenweisberg/qpfMRIResults/deploy_sim.sh’: No such file or directory
cp: cannot stat ‘/blue/stevenweisberg/stevenweisberg/qpfMRIResults/sim_wrapper.sh’: No such file or directory
------------------------------------------
Setting up environment variables
---
LD_LIBRARY_PATH is .:/apps/matlab/mcr/2020b/v99/runtime/glnxa64:/apps/matlab/mcr/2020b/v99/bin/glnxa64:/apps/matlab/mcr/2020b/v99/sys/os/glnxa64:/apps/matlab/mcr/2020b/v99/sys/opengl/lib/glnxa64
Warning: Executing startup failed in matlabrc.
This indicates a potentially serious problem in your MATLAB setup, which should be resolved as soon as possible.  Error detected was:
MATLAB:mpath:PathAlterationNotSupported
Modifying the search path is not supported by MATLAB Compiler. Remove functions that modify the search path from your MATLAB code. To make files visible to your deployed application, add the parent folder to your MATLAB session.
Warning: No stimulus domain specified. Defaulting to values between 0.01 and 1.
> In qpfmriParams (line 182)
In compiledSimulate (line 205)
Stimulus domain added from input.
Parameter slope specified as 0.20000
Parameter semiSat specified as 0.57000
Parameter beta specified as 1.00000
Parameter sigma specified as 0.15000
seed = 99seed = 104seed = 111seed = 111seed = 115seed = 101Initializing Q+. This may take a minute...
Elapsed time is 7.014694 seconds.
Simulated parameters:
slope: 0.200 semiSat: 0.570 beta: 1.000 sigma: 0.150 

Trial 1: baseline Stimulus Selection
Stimulus: 0.010
Output value 0.000

Q+ parameters
slope: 0.026 semiSat: 0.890 beta: 0.500 sigma: 0.010 
maxBOLD estimate = 1.000


Trial 2: maxBOLD Stimulus Selection
Stimulus: 1.000
Output value 1.364

Q+ parameters
slope: 0.055 semiSat: 0.670 beta: 1.250 sigma: 0.010 
maxBOLD estimate = 1.000


Trial 3: baseline Stimulus Selection
Stimulus: 0.010
Output value -0.284

Q+ parameters
slope: 0.055 semiSat: 0.670 beta: 1.250 sigma: 0.218 
maxBOLD estimate = 1.250


Trial 4: maxBOLD Stimulus Selection
Stimulus: 1.000
Output value 1.953

Q+ parameters
slope: 0.055 semiSat: 0.670 beta: 1.250 sigma: 0.114 
maxBOLD estimate = 1.562


Trial 5: baseline Stimulus Selection
Stimulus: 0.010
Output value 0.400

Q+ parameters
slope: 0.055 semiSat: 0.670 beta: 1.125 sigma: 0.218 
maxBOLD estimate = 1.953


Trial 6: maxBOLD Stimulus Selection
Stimulus: 1.000
Output value 0.999

Q+ parameters
slope: 0.034 semiSat: 1.000 beta: 1.250 sigma: 0.166 
maxBOLD estimate = 2.197


Trial 7: qplus Stimulus Selection
Stimulus: 0.629
Output value 0.749

Q+ parameters
slope: 0.043 semiSat: 0.670 beta: 0.750 sigma: 0.114 
maxBOLD estimate = 2.747


Trial 8: qplus Stimulus Selection
Stimulus: 0.711
Output value 0.843

Q+ parameters
slope: 0.043 semiSat: 0.890 beta: 1.125 sigma: 0.114 
maxBOLD estimate = 2.060


Trial 9: qplus Stimulus Selection
Stimulus: 0.711
Output value 1.264

Q+ parameters
slope: 0.183 semiSat: 0.670 beta: 0.750 sigma: 0.114 
maxBOLD estimate = 2.317


Trial 10: baseline Stimulus Selection
Stimulus: 0.010
Output value -0.395

Q+ parameters
slope: 0.144 semiSat: 0.670 beta: 1.250 sigma: 0.166 
maxBOLD estimate = 1.738


Trial 11: qplus Stimulus Selection
Stimulus: 0.381
Output value 0.000

Q+ parameters
slope: 0.183 semiSat: 0.670 beta: 0.750 sigma: 0.114 
maxBOLD estimate = 2.173


Trial 12: qplus Stimulus Selection
Stimulus: 0.588
Output value 0.907

Q+ parameters
slope: 0.183 semiSat: 0.560 beta: 0.875 sigma: 0.114 
maxBOLD estimate = 1.629


Trial 13: qplus Stimulus Selection
Stimulus: 0.505
Output value 0.126

Q+ parameters
slope: 0.183 semiSat: 0.560 beta: 0.969 sigma: 0.114 
maxBOLD estimate = 1.426


Trial 14: qplus Stimulus Selection
Stimulus: 0.588
Output value 1.601

Q+ parameters
slope: 0.298 semiSat: 0.560 beta: 1.062 sigma: 0.166 
maxBOLD estimate = 1.381


Trial 15: maxBOLD Stimulus Selection
Stimulus: 1.000
Output value 2.401

Q+ parameters
slope: 0.113 semiSat: 0.670 beta: 1.500 sigma: 0.114 
maxBOLD estimate = 1.468


Trial 16: qplus Stimulus Selection
Stimulus: 0.588
Output value 0.000

Q+ parameters
slope: 0.113 semiSat: 0.670 beta: 0.875 sigma: 0.114 
maxBOLD estimate = 2.201


Trial 17: qplus Stimulus Selection
Stimulus: 0.753
Output value 2.627

Q+ parameters
slope: 0.144 semiSat: 0.670 beta: 1.250 sigma: 0.166 
maxBOLD estimate = 1.926


Trial 18: qplus Stimulus Selection
Stimulus: 0.629
Output value 0.328

Q+ parameters
slope: 0.113 semiSat: 0.670 beta: 0.750 sigma: 0.114 
maxBOLD estimate = 2.408


Trial 19: qplus Stimulus Selection
Stimulus: 0.794
Output value 0.000

Q+ parameters
slope: 0.070 semiSat: 0.670 beta: 0.969 sigma: 0.166 
maxBOLD estimate = 1.806


Trial 20: baseline Stimulus Selection
Stimulus: 0.010
Output value -0.164

Q+ parameters
slope: 0.113 semiSat: 0.670 beta: 1.031 sigma: 0.166 
maxBOLD estimate = 1.749


Trial 21: qplus Stimulus Selection
Stimulus: 0.588
Output value 1.045

Q+ parameters
slope: 0.070 semiSat: 0.670 beta: 1.062 sigma: 0.166 
maxBOLD estimate = 1.804


Trial 22: qplus Stimulus Selection
Stimulus: 0.588
Output value 1.144

Q+ parameters
slope: 0.070 semiSat: 0.670 beta: 0.938 sigma: 0.114 
maxBOLD estimate = 1.917


Trial 23: qplus Stimulus Selection
Stimulus: 0.629
Output value 1.715

Q+ parameters
slope: 0.183 semiSat: 0.560 beta: 0.875 sigma: 0.166 
maxBOLD estimate = 1.797


Trial 24: qplus Stimulus Selection
Stimulus: 0.505
Output value 0.375

Q+ parameters
slope: 0.183 semiSat: 0.560 beta: 0.875 sigma: 0.166 
maxBOLD estimate = 1.572


Trial 25: maxBOLD Stimulus Selection
Stimulus: 1.000
Output value 1.595

Q+ parameters
slope: 0.113 semiSat: 0.560 beta: 1.062 sigma: 0.166 
maxBOLD estimate = 1.376


Trial 26: qplus Stimulus Selection
Stimulus: 0.505
Output value 0.129

Q+ parameters
slope: 0.144 semiSat: 0.560 beta: 0.969 sigma: 0.166 
maxBOLD estimate = 1.462


Trial 27: qplus Stimulus Selection
Stimulus: 0.505
Output value 0.274

Q+ parameters
slope: 0.113 semiSat: 0.560 beta: 1.062 sigma: 0.166 
maxBOLD estimate = 1.416


Trial 28: qplus Stimulus Selection
Stimulus: 0.505
Output value 0.000

Q+ parameters
slope: 0.144 semiSat: 0.560 beta: 0.969 sigma: 0.166 
maxBOLD estimate = 1.505


Trial 29: qplus Stimulus Selection
Stimulus: 0.629
Output value 0.642

Q+ parameters
slope: 0.113 semiSat: 0.560 beta: 0.969 sigma: 0.166 
maxBOLD estimate = 1.458


Trial 30: baseline Stimulus Selection
Stimulus: 0.010
Output value 0.449

Q+ parameters
slope: 0.183 semiSat: 0.560 beta: 0.875 sigma: 0.166 
maxBOLD estimate = 1.412


Trial 31: qplus Stimulus Selection
Stimulus: 0.629
Output value 0.955

Q+ parameters
slope: 0.183 semiSat: 0.560 beta: 1.062 sigma: 0.218 
maxBOLD estimate = 1.236


Trial 32: qplus Stimulus Selection
Stimulus: 0.505
Output value 1.477

Q+ parameters
slope: 0.144 semiSat: 0.560 beta: 1.125 sigma: 0.218 
maxBOLD estimate = 1.313


Trial 33: qplus Stimulus Selection
Stimulus: 0.464
Output value 0.260

Q+ parameters
slope: 0.144 semiSat: 0.560 beta: 0.969 sigma: 0.166 
maxBOLD estimate = 1.477


Trial 34: qplus Stimulus Selection
Stimulus: 0.505
Output value 0.630

Q+ parameters
slope: 0.144 semiSat: 0.560 beta: 0.969 sigma: 0.166 
maxBOLD estimate = 1.431


Trial 35: maxBOLD Stimulus Selection
Stimulus: 1.000
Output value 1.099

Q+ parameters
slope: 0.144 semiSat: 0.560 beta: 0.969 sigma: 0.166 
maxBOLD estimate = 1.386


Trial 36: qplus Stimulus Selection
Stimulus: 0.505
Output value -0.259

Q+ parameters
slope: 0.183 semiSat: 0.560 beta: 1.062 sigma: 0.218 
maxBOLD estimate = 1.343


Trial 37: qplus Stimulus Selection
Stimulus: 0.629
Output value 0.754

Q+ parameters
slope: 0.144 semiSat: 0.560 beta: 0.969 sigma: 0.166 
maxBOLD estimate = 1.427


Trial 38: qplus Stimulus Selection
Stimulus: 0.629
Output value 1.095

Q+ parameters
slope: 0.144 semiSat: 0.560 beta: 0.969 sigma: 0.166 
maxBOLD estimate = 1.382


Trial 39: qplus Stimulus Selection
Stimulus: 0.505
Output value 0.517

Q+ parameters
slope: 0.183 semiSat: 0.560 beta: 1.062 sigma: 0.166 
maxBOLD estimate = 1.339


Trial 40: baseline Stimulus Selection
Stimulus: 0.010
Output value 0.485

Q+ parameters
slope: 0.183 semiSat: 0.560 beta: 0.938 sigma: 0.166 
maxBOLD estimate = 1.422


Trial 41: qplus Stimulus Selection
Stimulus: 0.670
Output value 1.409

Q+ parameters
slope: 0.144 semiSat: 0.560 beta: 0.969 sigma: 0.166 
maxBOLD estimate = 1.334


Trial 42: qplus Stimulus Selection
Stimulus: 0.505
Output value 0.796

Q+ parameters
slope: 0.144 semiSat: 0.560 beta: 0.969 sigma: 0.166 
maxBOLD estimate = 1.292


Trial 43: qplus Stimulus Selection
Stimulus: 0.505
Output value 0.121

Q+ parameters
slope: 0.183 semiSat: 0.560 beta: 1.062 sigma: 0.218 
maxBOLD estimate = 1.252


Trial 44: qplus Stimulus Selection
Stimulus: 0.505
Output value -0.249

Q+ parameters
slope: 0.234 semiSat: 0.560 beta: 1.031 sigma: 0.218 
maxBOLD estimate = 1.330


Trial 45: maxBOLD Stimulus Selection
Stimulus: 1.000
Output value 1.087

Q+ parameters
slope: 0.144 semiSat: 0.560 beta: 0.969 sigma: 0.166 
maxBOLD estimate = 1.371


Trial 46: qplus Stimulus Selection
Stimulus: 0.670
Output value 0.585

Q+ parameters
slope: 0.144 semiSat: 0.560 beta: 0.969 sigma: 0.218 
maxBOLD estimate = 1.328


Trial 47: qplus Stimulus Selection
Stimulus: 0.670
Output value 1.086

Q+ parameters
slope: 0.234 semiSat: 0.560 beta: 1.031 sigma: 0.218 
maxBOLD estimate = 1.287


Trial 48: qplus Stimulus Selection
Stimulus: 0.505
Output value -0.241

Q+ parameters
slope: 0.234 semiSat: 0.560 beta: 1.000 sigma: 0.218 
maxBOLD estimate = 1.327


Trial 49: qplus Stimulus Selection
Stimulus: 0.670
Output value 1.493

Q+ parameters
slope: 0.234 semiSat: 0.560 beta: 1.031 sigma: 0.218 
maxBOLD estimate = 1.327


Trial 50: baseline Stimulus Selection
Stimulus: 0.010
Output value -0.264

Q+ parameters
slope: 0.183 semiSat: 0.560 beta: 1.062 sigma: 0.218 
maxBOLD estimate = 1.369


Trial 51: qplus Stimulus Selection
Stimulus: 0.711
Output value 0.463

Q+ parameters
slope: 0.234 semiSat: 0.560 beta: 0.875 sigma: 0.218 
maxBOLD estimate = 1.454


Trial 52: qplus Stimulus Selection
Stimulus: 0.629
Output value 0.492

Q+ parameters
slope: 0.298 semiSat: 0.560 beta: 1.062 sigma: 0.271 
maxBOLD estimate = 1.272


Trial 53: qplus Stimulus Selection
Stimulus: 0.711
Output value 0.714

Q+ parameters
slope: 0.234 semiSat: 0.560 beta: 0.969 sigma: 0.218 
maxBOLD estimate = 1.352


Trial 54: qplus Stimulus Selection
Stimulus: 0.670
Output value 0.231

Q+ parameters
slope: 0.144 semiSat: 0.560 beta: 0.969 sigma: 0.218 
maxBOLD estimate = 1.310


Trial 55: maxBOLD Stimulus Selection
Stimulus: 1.000
Output value 1.471

Q+ parameters
slope: 0.298 semiSat: 0.560 beta: 1.062 sigma: 0.271 
maxBOLD estimate = 1.269


Trial 56: qplus Stimulus Selection
Stimulus: 0.711
Output value 0.950

Q+ parameters
slope: 0.234 semiSat: 0.560 beta: 0.969 sigma: 0.218 
maxBOLD estimate = 1.348


Trial 57: qplus Stimulus Selection
Stimulus: 0.505
Output value 0.505

Q+ parameters
slope: 0.183 semiSat: 0.560 beta: 1.062 sigma: 0.218 
maxBOLD estimate = 1.306


Trial 58: qplus Stimulus Selection
Stimulus: 0.505
Output value -0.221

Q+ parameters
slope: 0.234 semiSat: 0.560 beta: 0.875 sigma: 0.218 
maxBOLD estimate = 1.388


Trial 59: qplus Stimulus Selection
Stimulus: 0.629
Output value 0.938

Q+ parameters
slope: 0.298 semiSat: 0.560 beta: 1.062 sigma: 0.271 
maxBOLD estimate = 1.214


Trial 60: baseline Stimulus Selection
Stimulus: 0.010
Output value 1.583

Q+ parameters
slope: 0.026 semiSat: 0.780 beta: 1.500 sigma: 0.323 
maxBOLD estimate = 1.290


Trial 61: qplus Stimulus Selection
Stimulus: 1.000
Output value 0.352

Q+ parameters
slope: 0.234 semiSat: 0.560 beta: 0.500 sigma: 0.166 
maxBOLD estimate = 1.935


Trial 62: qplus Stimulus Selection
Stimulus: 0.918
Output value 1.319

Q+ parameters
slope: 0.113 semiSat: 0.560 beta: 1.250 sigma: 0.218 
maxBOLD estimate = 0.967


Trial 63: qplus Stimulus Selection
Stimulus: 0.711
Output value 1.402

Q+ parameters
slope: 0.298 semiSat: 0.560 beta: 1.062 sigma: 0.271 
maxBOLD estimate = 1.209


Trial 64: qplus Stimulus Selection
Stimulus: 0.711
Output value 1.489

Q+ parameters
slope: 0.298 semiSat: 0.560 beta: 1.062 sigma: 0.271 
maxBOLD estimate = 1.285


Trial 65: maxBOLD Stimulus Selection
Stimulus: 1.000
Output value 0.601

Q+ parameters
slope: 0.234 semiSat: 0.560 beta: 0.969 sigma: 0.218 
maxBOLD estimate = 1.365


Trial 66: qplus Stimulus Selection
Stimulus: 0.629
Output value 1.533

Q+ parameters
slope: 0.298 semiSat: 0.560 beta: 1.062 sigma: 0.271 
maxBOLD estimate = 1.323


Trial 67: qplus Stimulus Selection
Stimulus: 0.505
Output value -0.224

Q+ parameters
slope: 0.234 semiSat: 0.560 beta: 0.875 sigma: 0.218 
maxBOLD estimate = 1.405


Trial 68: qplus Stimulus Selection
Stimulus: 0.629
Output value 1.425

Q+ parameters
slope: 0.183 semiSat: 0.560 beta: 1.062 sigma: 0.218 
maxBOLD estimate = 1.230


Trial 69: qplus Stimulus Selection
Stimulus: 0.505
Output value 0.000

Q+ parameters
slope: 0.183 semiSat: 0.560 beta: 1.062 sigma: 0.218 
maxBOLD estimate = 1.306


Trial 70: baseline Stimulus Selection
Stimulus: 0.010
Output value -0.244

Q+ parameters
slope: 0.144 semiSat: 0.560 beta: 0.969 sigma: 0.166 
maxBOLD estimate = 1.388


Trial 71: qplus Stimulus Selection
Stimulus: 0.588
Output value 0.711

Q+ parameters
slope: 0.144 semiSat: 0.560 beta: 0.969 sigma: 0.166 
maxBOLD estimate = 1.345


Trial 72: qplus Stimulus Selection
Stimulus: 0.588
Output value -0.115

Q+ parameters
slope: 0.144 semiSat: 0.560 beta: 0.969 sigma: 0.166 
maxBOLD estimate = 1.303


Trial 73: qplus Stimulus Selection
Stimulus: 0.794
Output value 1.463

Q+ parameters
slope: 0.183 semiSat: 0.560 beta: 1.062 sigma: 0.218 
maxBOLD estimate = 1.262


Trial 74: qplus Stimulus Selection
Stimulus: 0.588
Output value 1.166

Q+ parameters
slope: 0.183 semiSat: 0.560 beta: 1.062 sigma: 0.218 
maxBOLD estimate = 1.341


Trial 75: maxBOLD Stimulus Selection
Stimulus: 1.000
Output value 1.506

Q+ parameters
slope: 0.144 semiSat: 0.560 beta: 0.969 sigma: 0.166 
maxBOLD estimate = 1.425


Trial 76: qplus Stimulus Selection
Stimulus: 0.588
Output value 0.608

Q+ parameters
slope: 0.144 semiSat: 0.560 beta: 0.969 sigma: 0.166 
maxBOLD estimate = 1.380


Trial 77: qplus Stimulus Selection
Stimulus: 0.588
Output value 0.646

Q+ parameters
slope: 0.183 semiSat: 0.560 beta: 1.062 sigma: 0.166 
maxBOLD estimate = 1.337


Trial 78: qplus Stimulus Selection
Stimulus: 0.588
Output value 1.126

Q+ parameters
slope: 0.144 semiSat: 0.560 beta: 0.969 sigma: 0.166 
maxBOLD estimate = 1.421


Trial 79: qplus Stimulus Selection
Stimulus: 0.588
Output value 0.000

Q+ parameters
slope: 0.144 semiSat: 0.560 beta: 0.969 sigma: 0.166 
maxBOLD estimate = 1.376


Trial 80: baseline Stimulus Selection
Stimulus: 0.010
Output value 0.644

Q+ parameters
slope: 0.183 semiSat: 0.560 beta: 1.062 sigma: 0.218 
maxBOLD estimate = 1.333


Trial 81: qplus Stimulus Selection
Stimulus: 0.588
Output value 1.159

Q+ parameters
slope: 0.089 semiSat: 0.670 beta: 1.500 sigma: 0.166 
maxBOLD estimate = 1.417


Trial 82: qplus Stimulus Selection
Stimulus: 0.588
Output value 1.630

Q+ parameters
slope: 0.070 semiSat: 0.670 beta: 0.938 sigma: 0.114 
maxBOLD estimate = 2.125


Trial 83: qplus Stimulus Selection
Stimulus: 0.753
Output value 0.951

Q+ parameters
slope: 0.089 semiSat: 0.560 beta: 0.750 sigma: 0.114 
maxBOLD estimate = 1.992


Trial 84: qplus Stimulus Selection
Stimulus: 0.711
Output value 0.921

Q+ parameters
slope: 0.144 semiSat: 0.560 beta: 0.969 sigma: 0.166 
maxBOLD estimate = 1.494


Trial 85: maxBOLD Stimulus Selection
Stimulus: 1.000
Output value 1.530

Q+ parameters
slope: 0.144 semiSat: 0.560 beta: 0.969 sigma: 0.166 
maxBOLD estimate = 1.447


Trial 86: qplus Stimulus Selection
Stimulus: 0.423
Output value 0.135

Q+ parameters
slope: 0.183 semiSat: 0.560 beta: 1.062 sigma: 0.218 
maxBOLD estimate = 1.402


Trial 87: qplus Stimulus Selection
Stimulus: 0.505
Output value 0.787

Q+ parameters
slope: 0.144 semiSat: 0.560 beta: 0.969 sigma: 0.166 
maxBOLD estimate = 1.490


Trial 88: qplus Stimulus Selection
Stimulus: 0.423
Output value -0.127

Q+ parameters
slope: 0.144 semiSat: 0.560 beta: 0.969 sigma: 0.166 
maxBOLD estimate = 1.443


Trial 89: qplus Stimulus Selection
Stimulus: 0.629
Output value 1.350

Q+ parameters
slope: 0.183 semiSat: 0.560 beta: 1.062 sigma: 0.218 
maxBOLD estimate = 1.398


Trial 90: baseline Stimulus Selection
Stimulus: 0.010
Output value 0.131

Q+ parameters
slope: 0.144 semiSat: 0.560 beta: 0.969 sigma: 0.166 
maxBOLD estimate = 1.485


Trial 91: qplus Stimulus Selection
Stimulus: 0.464
Output value -0.114

Q+ parameters
slope: 0.234 semiSat: 0.560 beta: 0.875 sigma: 0.166 
maxBOLD estimate = 1.439


Trial 92: qplus Stimulus Selection
Stimulus: 0.629
Output value 1.459

Q+ parameters
slope: 0.234 semiSat: 0.560 beta: 1.062 sigma: 0.218 
maxBOLD estimate = 1.259


Trial 93: qplus Stimulus Selection
Stimulus: 0.505
Output value 1.034

Q+ parameters
slope: 0.183 semiSat: 0.560 beta: 1.062 sigma: 0.218 
maxBOLD estimate = 1.338


Trial 94: qplus Stimulus Selection
Stimulus: 0.505
Output value 0.125

Q+ parameters
slope: 0.144 semiSat: 0.560 beta: 0.969 sigma: 0.166 
maxBOLD estimate = 1.421


Trial 95: maxBOLD Stimulus Selection
Stimulus: 1.000
Output value 1.596

Q+ parameters
slope: 0.183 semiSat: 0.560 beta: 1.062 sigma: 0.218 
maxBOLD estimate = 1.377


Trial 96: qplus Stimulus Selection
Stimulus: 0.505
Output value 0.644

Q+ parameters
slope: 0.144 semiSat: 0.560 beta: 0.969 sigma: 0.166 
maxBOLD estimate = 1.463


Trial 97: qplus Stimulus Selection
Stimulus: 0.423
Output value 0.250

Q+ parameters
slope: 0.144 semiSat: 0.560 beta: 0.969 sigma: 0.166 
maxBOLD estimate = 1.417


Trial 98: qplus Stimulus Selection
Stimulus: 0.588
Output value 0.928

Q+ parameters
slope: 0.183 semiSat: 0.560 beta: 1.062 sigma: 0.218 
maxBOLD estimate = 1.373


Trial 99: qplus Stimulus Selection
Stimulus: 0.505
Output value -0.257

Q+ parameters
slope: 0.144 semiSat: 0.560 beta: 0.969 sigma: 0.166 
maxBOLD estimate = 1.459


Trial 100: baseline Stimulus Selection
Stimulus: 0.010
Output value -0.124

Q+ parameters
slope: 0.144 semiSat: 0.560 beta: 0.969 sigma: 0.166 
maxBOLD estimate = 1.413

--------------------------------------------------------------
FINAL VALUES
--------------------------------------------------------------
Simulated parameters:              slope: 0.200 semiSat: 0.570 beta: 1.000 sigma: 0.150 
Max posterior QUEST+ parameters:   slope: 0.183 semiSat: 0.560 beta: 1.062 sigma: 0.218 
Max BADS parameters:               slope: 0.186 semiSat: 0.555 beta: 1.000 sigma: 0.184 
maxBOLD estimate: 1.365
