/blue/stevenweisberg/stevenweisberg/MATLAB/projects/Weisberg_Aguirre_2020/scripts/run_sims
c26a-s22.ufhpc
Thu Nov 12 21:57:14 EST 2020
cp: cannot stat ‘/blue/stevenweisberg/stevenweisberg/qpfMRIResults/deploy_sim.sh’: No such file or directory
cp: cannot stat ‘/blue/stevenweisberg/stevenweisberg/qpfMRIResults/sim_wrapper.sh’: No such file or directory
------------------------------------------
Setting up environment variables
---
LD_LIBRARY_PATH is .:/apps/matlab/mcr/2020b/v99/runtime/glnxa64:/apps/matlab/mcr/2020b/v99/bin/glnxa64:/apps/matlab/mcr/2020b/v99/sys/os/glnxa64:/apps/matlab/mcr/2020b/v99/sys/opengl/lib/glnxa64
Warning: Executing startup failed in matlabrc.
This indicates a potentially serious problem in your MATLAB setup, which should be resolved as soon as possible.  Error detected was:
MATLAB:mpath:PathAlterationNotSupported
Modifying the search path is not supported by MATLAB Compiler. Remove functions that modify the search path from your MATLAB code. To make files visible to your deployed application, add the parent folder to your MATLAB session.
Warning: No stimulus domain specified. Defaulting to values between 0.01 and 1.
> In qpfmriParams (line 182)
In compiledSimulate (line 205)
Stimulus domain added from input.
Parameter slope specified as 0.41000
Parameter semiSat specified as 0.57000
Parameter beta specified as 1.00000
Parameter sigma specified as 0.25000
seed = 99seed = 104seed = 111seed = 111seed = 115seed = 101Initializing Q+. This may take a minute...
Elapsed time is 9.816612 seconds.
Simulated parameters:
slope: 0.410 semiSat: 0.570 beta: 1.000 sigma: 0.250 

Trial 1: baseline Stimulus Selection
Stimulus: 0.010
Output value 0.000

Q+ parameters
slope: 0.026 semiSat: 0.890 beta: 0.500 sigma: 0.010 
maxBOLD estimate = 1.000


Trial 2: maxBOLD Stimulus Selection
Stimulus: 1.000
Output value 0.795

Q+ parameters
slope: 0.034 semiSat: 1.000 beta: 1.250 sigma: 0.010 
maxBOLD estimate = 1.000


Trial 3: baseline Stimulus Selection
Stimulus: 0.010
Output value 0.298

Q+ parameters
slope: 0.034 semiSat: 0.890 beta: 0.875 sigma: 0.166 
maxBOLD estimate = 1.250


Trial 4: maxBOLD Stimulus Selection
Stimulus: 1.000
Output value 0.224

Q+ parameters
slope: 0.034 semiSat: 0.890 beta: 0.750 sigma: 0.166 
maxBOLD estimate = 1.094


Trial 5: baseline Stimulus Selection
Stimulus: 0.010
Output value -0.186

Q+ parameters
slope: 0.055 semiSat: 0.670 beta: 1.250 sigma: 0.739 
maxBOLD estimate = 0.820


Trial 6: maxBOLD Stimulus Selection
Stimulus: 1.000
Output value 1.398

Q+ parameters
slope: 0.055 semiSat: 0.670 beta: 1.250 sigma: 0.479 
maxBOLD estimate = 1.025


Trial 7: random Stimulus Selection
Stimulus: 1.000
Output value 0.000

Q+ parameters
slope: 0.034 semiSat: 1.000 beta: 1.250 sigma: 0.739 
maxBOLD estimate = 1.282


Trial 8: random Stimulus Selection
Stimulus: 0.051
Output value -0.255

Q+ parameters
slope: 0.043 semiSat: 0.780 beta: 0.875 sigma: 0.479 
maxBOLD estimate = 1.602


Trial 9: random Stimulus Selection
Stimulus: 0.051
Output value -0.255

Q+ parameters
slope: 0.034 semiSat: 1.000 beta: 1.000 sigma: 0.427 
maxBOLD estimate = 1.402


Trial 10: baseline Stimulus Selection
Stimulus: 0.010
Output value 0.255

Q+ parameters
slope: 0.034 semiSat: 1.000 beta: 1.000 sigma: 0.427 
maxBOLD estimate = 1.402


Trial 11: random Stimulus Selection
Stimulus: 0.711
Output value 0.446

Q+ parameters
slope: 0.785 semiSat: 0.120 beta: 0.500 sigma: 0.271 
maxBOLD estimate = 1.402


Trial 12: random Stimulus Selection
Stimulus: 0.918
Output value 0.382

Q+ parameters
slope: 0.070 semiSat: 0.450 beta: 0.500 sigma: 1.000 
maxBOLD estimate = 0.701


Trial 13: random Stimulus Selection
Stimulus: 0.918
Output value 0.574

Q+ parameters
slope: 0.026 semiSat: 0.340 beta: 1.500 sigma: 1.000 
maxBOLD estimate = 0.350


Trial 14: random Stimulus Selection
Stimulus: 0.711
Output value 0.263

Q+ parameters
slope: 0.034 semiSat: 0.120 beta: 0.500 sigma: 1.000 
maxBOLD estimate = 0.526


Trial 15: maxBOLD Stimulus Selection
Stimulus: 1.000
Output value 0.430

Q+ parameters
slope: 0.026 semiSat: 0.340 beta: 1.500 sigma: 1.000 
maxBOLD estimate = 0.263


Trial 16: random Stimulus Selection
Stimulus: 0.959
Output value 0.645

Q+ parameters
slope: 0.026 semiSat: 0.340 beta: 1.500 sigma: 1.000 
maxBOLD estimate = 0.394


Trial 17: random Stimulus Selection
Stimulus: 0.175
Output value -0.054

Q+ parameters
slope: 0.070 semiSat: 0.340 beta: 0.500 sigma: 1.000 
maxBOLD estimate = 0.591


Trial 18: random Stimulus Selection
Stimulus: 0.134
Output value -0.067

Q+ parameters
slope: 0.016 semiSat: 0.450 beta: 1.250 sigma: 1.000 
maxBOLD estimate = 0.296


Trial 19: random Stimulus Selection
Stimulus: 0.134
Output value -0.034

Q+ parameters
slope: 0.089 semiSat: 0.450 beta: 0.500 sigma: 1.000 
maxBOLD estimate = 0.370


Trial 20: baseline Stimulus Selection
Stimulus: 0.010
Output value -0.042

Q+ parameters
slope: 0.016 semiSat: 0.450 beta: 1.250 sigma: 1.000 
maxBOLD estimate = 0.185


Trial 21: random Stimulus Selection
Stimulus: 0.753
Output value 0.105

Q+ parameters
slope: 0.016 semiSat: 0.450 beta: 1.250 sigma: 1.000 
maxBOLD estimate = 0.231


Trial 22: random Stimulus Selection
Stimulus: 0.464
Output value -0.066

Q+ parameters
slope: 0.016 semiSat: 0.450 beta: 1.250 sigma: 1.000 
maxBOLD estimate = 0.289


Trial 23: random Stimulus Selection
Stimulus: 0.464
Output value -0.082

Q+ parameters
slope: 0.021 semiSat: 0.670 beta: 1.250 sigma: 1.000 
maxBOLD estimate = 0.361


Trial 24: random Stimulus Selection
Stimulus: 0.670
Output value 0.205

Q+ parameters
slope: 0.055 semiSat: 0.560 beta: 1.250 sigma: 0.427 
maxBOLD estimate = 0.451


Trial 25: maxBOLD Stimulus Selection
Stimulus: 1.000
Output value 0.654

Q+ parameters
slope: 0.183 semiSat: 0.670 beta: 1.062 sigma: 0.271 
maxBOLD estimate = 0.564


Trial 26: random Stimulus Selection
Stimulus: 0.876
Output value 0.599

Q+ parameters
slope: 0.379 semiSat: 0.560 beta: 1.000 sigma: 0.218 
maxBOLD estimate = 0.599


Trial 27: random Stimulus Selection
Stimulus: 0.711
Output value 0.000

Q+ parameters
slope: 0.089 semiSat: 0.780 beta: 1.500 sigma: 0.323 
maxBOLD estimate = 0.599


Trial 28: random Stimulus Selection
Stimulus: 0.959
Output value 1.226

Q+ parameters
slope: 0.055 semiSat: 0.560 beta: 1.250 sigma: 0.687 
maxBOLD estimate = 0.899


Trial 29: random Stimulus Selection
Stimulus: 0.794
Output value 1.264

Q+ parameters
slope: 0.183 semiSat: 0.670 beta: 1.031 sigma: 0.375 
maxBOLD estimate = 1.124


Trial 30: baseline Stimulus Selection
Stimulus: 0.010
Output value -0.109

Q+ parameters
slope: 0.183 semiSat: 0.670 beta: 1.031 sigma: 0.375 
maxBOLD estimate = 1.159

--------------------------------------------------------------
FINAL VALUES
--------------------------------------------------------------
Simulated parameters:              slope: 0.410 semiSat: 0.570 beta: 1.000 sigma: 0.250 
Max posterior QUEST+ parameters:   slope: 0.183 semiSat: 0.670 beta: 1.031 sigma: 0.375 
Max BADS parameters:               slope: 0.177 semiSat: 0.657 beta: 1.000 sigma: 0.355 
maxBOLD estimate: 1.191
