/blue/stevenweisberg/stevenweisberg/MATLAB/projects/Weisberg_Aguirre_2020/scripts/run_sims
c0700a-s1.ufhpc
Tue Apr  6 20:54:59 EDT 2021
mkdir: cannot create directory ‘/blue/stevenweisberg/stevenweisberg/qpfMRIResults/model_parameter_set2/’: File exists
cp: cannot stat ‘/blue/stevenweisberg/stevenweisberg/qpfMRIResults/deploy_sim.sh’: No such file or directory
cp: cannot stat ‘/blue/stevenweisberg/stevenweisberg/qpfMRIResults/sim_wrapper.sh’: No such file or directory
------------------------------------------
Setting up environment variables
---
LD_LIBRARY_PATH is .:/apps/matlab/mcr/2020b/v99/runtime/glnxa64:/apps/matlab/mcr/2020b/v99/bin/glnxa64:/apps/matlab/mcr/2020b/v99/sys/os/glnxa64:/apps/matlab/mcr/2020b/v99/sys/opengl/lib/glnxa64
Warning: Executing startup failed in matlabrc.
This indicates a potentially serious problem in your MATLAB setup, which should be resolved as soon as possible.  Error detected was:
MATLAB:mpath:PathAlterationNotSupported
Modifying the search path is not supported by MATLAB Compiler. Remove functions that modify the search path from your MATLAB code. To make files visible to your deployed application, add the parent folder to your MATLAB session.
Warning: No stimulus domain specified. Defaulting to values between 0.01 and 1.
> In qpfmriParams (line 182)
In compiledSimulate (line 205)
Stimulus domain added from input.
Parameter slope specified as 0.20000
Parameter semiSat specified as 0.57000
Parameter beta specified as 1.00000
Parameter sigma specified as 0.10000
seed = 99seed = 104seed = 111seed = 111seed = 115seed = 101Initializing Q+. This may take a minute...
Elapsed time is 7.864256 seconds.
Simulated parameters:
slope: 0.200 semiSat: 0.570 beta: 1.000 sigma: 0.100 

Trial 1: baseline Stimulus Selection
Stimulus: 0.010
Output value 0.000

Q+ parameters
slope: 0.026 semiSat: 0.890 beta: 0.500 sigma: 0.010 
maxBOLD estimate = 1.000


Trial 2: maxBOLD Stimulus Selection
Stimulus: 1.000
Output value 1.364

Q+ parameters
slope: 0.055 semiSat: 0.670 beta: 1.250 sigma: 0.010 
maxBOLD estimate = 1.000


Trial 3: baseline Stimulus Selection
Stimulus: 0.010
Output value -0.284

Q+ parameters
slope: 0.055 semiSat: 0.670 beta: 1.250 sigma: 0.166 
maxBOLD estimate = 1.250


Trial 4: maxBOLD Stimulus Selection
Stimulus: 1.000
Output value 1.598

Q+ parameters
slope: 0.043 semiSat: 0.780 beta: 1.250 sigma: 0.114 
maxBOLD estimate = 1.562


Trial 5: baseline Stimulus Selection
Stimulus: 0.010
Output value 0.200

Q+ parameters
slope: 0.043 semiSat: 0.780 beta: 1.125 sigma: 0.114 
maxBOLD estimate = 1.953


Trial 6: maxBOLD Stimulus Selection
Stimulus: 1.000
Output value 1.548

Q+ parameters
slope: 0.043 semiSat: 0.780 beta: 0.969 sigma: 0.114 
maxBOLD estimate = 2.197


Trial 7: qplus Stimulus Selection
Stimulus: 0.588
Output value 1.185

Q+ parameters
slope: 0.070 semiSat: 0.450 beta: 0.875 sigma: 0.114 
maxBOLD estimate = 2.129


Trial 8: qplus Stimulus Selection
Stimulus: 0.381
Output value 0.508

Q+ parameters
slope: 0.070 semiSat: 0.670 beta: 1.500 sigma: 0.114 
maxBOLD estimate = 1.863


Trial 9: qplus Stimulus Selection
Stimulus: 0.629
Output value 0.635

Q+ parameters
slope: 0.034 semiSat: 1.000 beta: 1.250 sigma: 0.062 
maxBOLD estimate = 2.794


Trial 10: baseline Stimulus Selection
Stimulus: 0.010
Output value 0.278

Q+ parameters
slope: 0.034 semiSat: 0.890 beta: 0.875 sigma: 0.062 
maxBOLD estimate = 3.492


Trial 11: qplus Stimulus Selection
Stimulus: 0.711
Output value 1.042

Q+ parameters
slope: 0.055 semiSat: 0.670 beta: 0.750 sigma: 0.062 
maxBOLD estimate = 3.056


Trial 12: qplus Stimulus Selection
Stimulus: 0.918
Output value 2.344

Q+ parameters
slope: 0.070 semiSat: 0.560 beta: 0.938 sigma: 0.114 
maxBOLD estimate = 2.292


Trial 13: qplus Stimulus Selection
Stimulus: 0.505
Output value 0.208

Q+ parameters
slope: 0.089 semiSat: 0.670 beta: 1.062 sigma: 0.114 
maxBOLD estimate = 2.149


Trial 14: qplus Stimulus Selection
Stimulus: 0.629
Output value 1.809

Q+ parameters
slope: 0.070 semiSat: 0.560 beta: 0.969 sigma: 0.114 
maxBOLD estimate = 2.283


Trial 15: maxBOLD Stimulus Selection
Stimulus: 1.000
Output value 1.558

Q+ parameters
slope: 0.070 semiSat: 0.560 beta: 0.969 sigma: 0.114 
maxBOLD estimate = 2.211


Trial 16: qplus Stimulus Selection
Stimulus: 0.464
Output value 0.943

Q+ parameters
slope: 0.070 semiSat: 0.560 beta: 0.969 sigma: 0.114 
maxBOLD estimate = 2.142


Trial 17: qplus Stimulus Selection
Stimulus: 0.505
Output value -0.366

Q+ parameters
slope: 0.144 semiSat: 0.560 beta: 0.969 sigma: 0.166 
maxBOLD estimate = 2.075


Trial 18: qplus Stimulus Selection
Stimulus: 0.588
Output value 1.554

Q+ parameters
slope: 0.089 semiSat: 0.560 beta: 1.062 sigma: 0.114 
maxBOLD estimate = 2.011


Trial 19: qplus Stimulus Selection
Stimulus: 0.423
Output value 0.941

Q+ parameters
slope: 0.070 semiSat: 0.560 beta: 0.969 sigma: 0.114 
maxBOLD estimate = 2.136


Trial 20: baseline Stimulus Selection
Stimulus: 0.010
Output value 0.000

Q+ parameters
slope: 0.089 semiSat: 0.560 beta: 0.938 sigma: 0.062 
maxBOLD estimate = 2.069


Trial 21: qplus Stimulus Selection
Stimulus: 0.670
Output value 1.764

Q+ parameters
slope: 0.113 semiSat: 0.560 beta: 1.000 sigma: 0.114 
maxBOLD estimate = 1.940


Trial 22: qplus Stimulus Selection
Stimulus: 0.423
Output value 0.496

Q+ parameters
slope: 0.113 semiSat: 0.560 beta: 0.938 sigma: 0.062 
maxBOLD estimate = 1.940


Trial 23: qplus Stimulus Selection
Stimulus: 0.381
Output value 0.186

Q+ parameters
slope: 0.089 semiSat: 0.560 beta: 1.125 sigma: 0.114 
maxBOLD estimate = 1.819


Trial 24: qplus Stimulus Selection
Stimulus: 0.670
Output value 1.570

Q+ parameters
slope: 0.113 semiSat: 0.560 beta: 0.938 sigma: 0.062 
maxBOLD estimate = 2.046


Trial 25: maxBOLD Stimulus Selection
Stimulus: 1.000
Output value 2.093

Q+ parameters
slope: 0.113 semiSat: 0.560 beta: 1.000 sigma: 0.114 
maxBOLD estimate = 1.918


Trial 26: qplus Stimulus Selection
Stimulus: 0.423
Output value 0.349

Q+ parameters
slope: 0.113 semiSat: 0.560 beta: 1.000 sigma: 0.062 
maxBOLD estimate = 1.918


Trial 27: qplus Stimulus Selection
Stimulus: 0.670
Output value 1.221

Q+ parameters
slope: 0.113 semiSat: 0.560 beta: 1.000 sigma: 0.114 
maxBOLD estimate = 1.918


Trial 28: qplus Stimulus Selection
Stimulus: 0.423
Output value -0.349

Q+ parameters
slope: 0.113 semiSat: 0.560 beta: 1.000 sigma: 0.114 
maxBOLD estimate = 1.918


Trial 29: qplus Stimulus Selection
Stimulus: 0.423
Output value 0.349

Q+ parameters
slope: 0.113 semiSat: 0.560 beta: 1.000 sigma: 0.062 
maxBOLD estimate = 1.918


Trial 30: baseline Stimulus Selection
Stimulus: 0.010
Output value 0.490

Q+ parameters
slope: 0.113 semiSat: 0.560 beta: 0.938 sigma: 0.062 
maxBOLD estimate = 1.918


Trial 31: qplus Stimulus Selection
Stimulus: 0.464
Output value -0.327

Q+ parameters
slope: 0.113 semiSat: 0.560 beta: 1.000 sigma: 0.114 
maxBOLD estimate = 1.798


Trial 32: qplus Stimulus Selection
Stimulus: 0.670
Output value 0.981

Q+ parameters
slope: 0.113 semiSat: 0.560 beta: 1.000 sigma: 0.114 
maxBOLD estimate = 1.798


Trial 33: qplus Stimulus Selection
Stimulus: 0.794
Output value 0.817

Q+ parameters
slope: 0.113 semiSat: 0.560 beta: 1.000 sigma: 0.114 
maxBOLD estimate = 1.798


Trial 34: qplus Stimulus Selection
Stimulus: 0.423
Output value 0.163

Q+ parameters
slope: 0.113 semiSat: 0.560 beta: 1.000 sigma: 0.114 
maxBOLD estimate = 1.798


Trial 35: maxBOLD Stimulus Selection
Stimulus: 1.000
Output value 0.858

Q+ parameters
slope: 0.144 semiSat: 0.560 beta: 0.875 sigma: 0.114 
maxBOLD estimate = 1.798


Trial 36: qplus Stimulus Selection
Stimulus: 0.464
Output value 0.000

Q+ parameters
slope: 0.144 semiSat: 0.560 beta: 1.062 sigma: 0.114 
maxBOLD estimate = 1.574


Trial 37: qplus Stimulus Selection
Stimulus: 0.505
Output value 0.000

Q+ parameters
slope: 0.144 semiSat: 0.560 beta: 0.969 sigma: 0.114 
maxBOLD estimate = 1.672


Trial 38: qplus Stimulus Selection
Stimulus: 0.588
Output value 1.095

Q+ parameters
slope: 0.144 semiSat: 0.560 beta: 1.062 sigma: 0.114 
maxBOLD estimate = 1.620


Trial 39: qplus Stimulus Selection
Stimulus: 0.505
Output value 0.303

Q+ parameters
slope: 0.144 semiSat: 0.560 beta: 0.969 sigma: 0.114 
maxBOLD estimate = 1.721


Trial 40: baseline Stimulus Selection
Stimulus: 0.010
Output value -0.341

Q+ parameters
slope: 0.144 semiSat: 0.560 beta: 1.125 sigma: 0.114 
maxBOLD estimate = 1.667


Trial 41: qplus Stimulus Selection
Stimulus: 0.588
Output value 0.597

Q+ parameters
slope: 0.144 semiSat: 0.560 beta: 0.875 sigma: 0.114 
maxBOLD estimate = 1.876


Trial 42: qplus Stimulus Selection
Stimulus: 0.670
Output value 1.343

Q+ parameters
slope: 0.144 semiSat: 0.560 beta: 1.125 sigma: 0.114 
maxBOLD estimate = 1.641


Trial 43: qplus Stimulus Selection
Stimulus: 0.505
Output value 1.138

Q+ parameters
slope: 0.144 semiSat: 0.560 beta: 0.969 sigma: 0.114 
maxBOLD estimate = 1.846


Trial 44: qplus Stimulus Selection
Stimulus: 0.464
Output value 0.315

Q+ parameters
slope: 0.144 semiSat: 0.560 beta: 0.969 sigma: 0.114 
maxBOLD estimate = 1.789


Trial 45: maxBOLD Stimulus Selection
Stimulus: 1.000
Output value 1.679

Q+ parameters
slope: 0.144 semiSat: 0.560 beta: 0.969 sigma: 0.114 
maxBOLD estimate = 1.733


Trial 46: qplus Stimulus Selection
Stimulus: 0.588
Output value 1.783

Q+ parameters
slope: 0.144 semiSat: 0.560 beta: 1.062 sigma: 0.114 
maxBOLD estimate = 1.679


Trial 47: qplus Stimulus Selection
Stimulus: 0.505
Output value -0.314

Q+ parameters
slope: 0.144 semiSat: 0.560 beta: 0.969 sigma: 0.114 
maxBOLD estimate = 1.783


Trial 48: qplus Stimulus Selection
Stimulus: 0.588
Output value 1.217

Q+ parameters
slope: 0.144 semiSat: 0.560 beta: 0.969 sigma: 0.114 
maxBOLD estimate = 1.728


Trial 49: qplus Stimulus Selection
Stimulus: 0.588
Output value 0.737

Q+ parameters
slope: 0.144 semiSat: 0.560 beta: 0.969 sigma: 0.114 
maxBOLD estimate = 1.674


Trial 50: baseline Stimulus Selection
Stimulus: 0.010
Output value 0.428

Q+ parameters
slope: 0.144 semiSat: 0.560 beta: 0.969 sigma: 0.114 
maxBOLD estimate = 1.621


Trial 51: qplus Stimulus Selection
Stimulus: 0.588
Output value 0.964

Q+ parameters
slope: 0.144 semiSat: 0.560 beta: 1.125 sigma: 0.114 
maxBOLD estimate = 1.571


Trial 52: qplus Stimulus Selection
Stimulus: 0.505
Output value 0.467

Q+ parameters
slope: 0.144 semiSat: 0.560 beta: 0.969 sigma: 0.114 
maxBOLD estimate = 1.767


Trial 53: qplus Stimulus Selection
Stimulus: 0.711
Output value 1.658

Q+ parameters
slope: 0.144 semiSat: 0.560 beta: 0.969 sigma: 0.114 
maxBOLD estimate = 1.712


Trial 54: qplus Stimulus Selection
Stimulus: 0.588
Output value 0.876

Q+ parameters
slope: 0.144 semiSat: 0.560 beta: 0.969 sigma: 0.114 
maxBOLD estimate = 1.658


Trial 55: maxBOLD Stimulus Selection
Stimulus: 1.000
Output value 1.556

Q+ parameters
slope: 0.144 semiSat: 0.560 beta: 0.969 sigma: 0.114 
maxBOLD estimate = 1.607


Trial 56: qplus Stimulus Selection
Stimulus: 0.794
Output value 1.804

Q+ parameters
slope: 0.183 semiSat: 0.560 beta: 1.062 sigma: 0.114 
maxBOLD estimate = 1.556


Trial 57: qplus Stimulus Selection
Stimulus: 0.505
Output value 0.146

Q+ parameters
slope: 0.144 semiSat: 0.560 beta: 0.969 sigma: 0.114 
maxBOLD estimate = 1.654


Trial 58: qplus Stimulus Selection
Stimulus: 0.794
Output value 1.857

Q+ parameters
slope: 0.183 semiSat: 0.560 beta: 1.062 sigma: 0.114 
maxBOLD estimate = 1.602


Trial 59: qplus Stimulus Selection
Stimulus: 0.505
Output value 0.450

Q+ parameters
slope: 0.144 semiSat: 0.560 beta: 0.969 sigma: 0.114 
maxBOLD estimate = 1.702


Trial 60: baseline Stimulus Selection
Stimulus: 0.010
Output value 0.290

Q+ parameters
slope: 0.144 semiSat: 0.560 beta: 0.969 sigma: 0.114 
maxBOLD estimate = 1.649


Trial 61: qplus Stimulus Selection
Stimulus: 0.794
Output value 1.697

Q+ parameters
slope: 0.183 semiSat: 0.560 beta: 1.062 sigma: 0.114 
maxBOLD estimate = 1.597


Trial 62: qplus Stimulus Selection
Stimulus: 0.505
Output value 0.299

Q+ parameters
slope: 0.144 semiSat: 0.560 beta: 0.969 sigma: 0.114 
maxBOLD estimate = 1.697


Trial 63: qplus Stimulus Selection
Stimulus: 0.588
Output value 0.953

Q+ parameters
slope: 0.183 semiSat: 0.560 beta: 1.062 sigma: 0.114 
maxBOLD estimate = 1.644


Trial 64: qplus Stimulus Selection
Stimulus: 0.794
Output value 1.692

Q+ parameters
slope: 0.144 semiSat: 0.560 beta: 0.969 sigma: 0.114 
maxBOLD estimate = 1.747


Trial 65: maxBOLD Stimulus Selection
Stimulus: 1.000
Output value 1.788

Q+ parameters
slope: 0.144 semiSat: 0.560 beta: 0.969 sigma: 0.114 
maxBOLD estimate = 1.692


Trial 66: qplus Stimulus Selection
Stimulus: 0.588
Output value 1.108

Q+ parameters
slope: 0.183 semiSat: 0.560 beta: 1.062 sigma: 0.114 
maxBOLD estimate = 1.639


Trial 67: qplus Stimulus Selection
Stimulus: 0.794
Output value 1.687

Q+ parameters
slope: 0.144 semiSat: 0.560 beta: 0.969 sigma: 0.114 
maxBOLD estimate = 1.742


Trial 68: qplus Stimulus Selection
Stimulus: 0.588
Output value 0.743

Q+ parameters
slope: 0.144 semiSat: 0.560 beta: 0.969 sigma: 0.114 
maxBOLD estimate = 1.687


Trial 69: qplus Stimulus Selection
Stimulus: 0.588
Output value 1.421

Q+ parameters
slope: 0.183 semiSat: 0.560 beta: 1.062 sigma: 0.114 
maxBOLD estimate = 1.635


Trial 70: baseline Stimulus Selection
Stimulus: 0.010
Output value 0.000

Q+ parameters
slope: 0.144 semiSat: 0.560 beta: 0.969 sigma: 0.114 
maxBOLD estimate = 1.737


Trial 71: qplus Stimulus Selection
Stimulus: 0.588
Output value 1.300

Q+ parameters
slope: 0.183 semiSat: 0.560 beta: 1.062 sigma: 0.114 
maxBOLD estimate = 1.683


Trial 72: qplus Stimulus Selection
Stimulus: 0.794
Output value 0.787

Q+ parameters
slope: 0.144 semiSat: 0.560 beta: 0.969 sigma: 0.114 
maxBOLD estimate = 1.788


Trial 73: qplus Stimulus Selection
Stimulus: 0.711
Output value 1.830

Q+ parameters
slope: 0.144 semiSat: 0.560 beta: 0.969 sigma: 0.114 
maxBOLD estimate = 1.732


Trial 74: qplus Stimulus Selection
Stimulus: 0.588
Output value 0.739

Q+ parameters
slope: 0.144 semiSat: 0.560 beta: 0.969 sigma: 0.114 
maxBOLD estimate = 1.678


Trial 75: maxBOLD Stimulus Selection
Stimulus: 1.000
Output value 1.256

Q+ parameters
slope: 0.183 semiSat: 0.560 beta: 1.062 sigma: 0.114 
maxBOLD estimate = 1.625


Trial 76: qplus Stimulus Selection
Stimulus: 0.505
Output value 0.760

Q+ parameters
slope: 0.144 semiSat: 0.560 beta: 0.969 sigma: 0.114 
maxBOLD estimate = 1.727


Trial 77: qplus Stimulus Selection
Stimulus: 0.588
Output value 0.646

Q+ parameters
slope: 0.183 semiSat: 0.560 beta: 1.062 sigma: 0.114 
maxBOLD estimate = 1.673


Trial 78: qplus Stimulus Selection
Stimulus: 0.794
Output value 0.939

Q+ parameters
slope: 0.144 semiSat: 0.560 beta: 0.969 sigma: 0.114 
maxBOLD estimate = 1.778


Trial 79: qplus Stimulus Selection
Stimulus: 0.876
Output value 1.213

Q+ parameters
slope: 0.144 semiSat: 0.560 beta: 0.969 sigma: 0.114 
maxBOLD estimate = 1.722


Trial 80: baseline Stimulus Selection
Stimulus: 0.010
Output value 0.000

Q+ parameters
slope: 0.144 semiSat: 0.560 beta: 0.969 sigma: 0.114 
maxBOLD estimate = 1.668


Trial 81: qplus Stimulus Selection
Stimulus: 0.588
Output value 1.873

Q+ parameters
slope: 0.183 semiSat: 0.560 beta: 1.062 sigma: 0.114 
maxBOLD estimate = 1.616


Trial 82: qplus Stimulus Selection
Stimulus: 0.505
Output value 0.454

Q+ parameters
slope: 0.144 semiSat: 0.560 beta: 0.969 sigma: 0.114 
maxBOLD estimate = 1.717


Trial 83: qplus Stimulus Selection
Stimulus: 0.711
Output value 1.465

Q+ parameters
slope: 0.144 semiSat: 0.560 beta: 0.969 sigma: 0.114 
maxBOLD estimate = 1.663


Trial 84: qplus Stimulus Selection
Stimulus: 0.588
Output value 1.662

Q+ parameters
slope: 0.183 semiSat: 0.560 beta: 1.031 sigma: 0.114 
maxBOLD estimate = 1.611


Trial 85: maxBOLD Stimulus Selection
Stimulus: 1.000
Output value 1.464

Q+ parameters
slope: 0.144 semiSat: 0.560 beta: 0.969 sigma: 0.114 
maxBOLD estimate = 1.662


Trial 86: qplus Stimulus Selection
Stimulus: 0.588
Output value 0.906

Q+ parameters
slope: 0.183 semiSat: 0.560 beta: 1.031 sigma: 0.114 
maxBOLD estimate = 1.610


Trial 87: qplus Stimulus Selection
Stimulus: 0.505
Output value 0.585

Q+ parameters
slope: 0.144 semiSat: 0.560 beta: 0.969 sigma: 0.114 
maxBOLD estimate = 1.660


Trial 88: qplus Stimulus Selection
Stimulus: 0.588
Output value 1.206

Q+ parameters
slope: 0.183 semiSat: 0.560 beta: 1.031 sigma: 0.114 
maxBOLD estimate = 1.608


Trial 89: qplus Stimulus Selection
Stimulus: 0.711
Output value 1.866

Q+ parameters
slope: 0.183 semiSat: 0.560 beta: 1.031 sigma: 0.114 
maxBOLD estimate = 1.659


Trial 90: baseline Stimulus Selection
Stimulus: 0.010
Output value 0.437

Q+ parameters
slope: 0.183 semiSat: 0.560 beta: 0.938 sigma: 0.114 
maxBOLD estimate = 1.710


Trial 91: qplus Stimulus Selection
Stimulus: 0.546
Output value 1.052

Q+ parameters
slope: 0.183 semiSat: 0.560 beta: 1.031 sigma: 0.114 
maxBOLD estimate = 1.603


Trial 92: qplus Stimulus Selection
Stimulus: 0.505
Output value 0.310

Q+ parameters
slope: 0.183 semiSat: 0.560 beta: 1.031 sigma: 0.114 
maxBOLD estimate = 1.654


Trial 93: qplus Stimulus Selection
Stimulus: 0.670
Output value 0.751

Q+ parameters
slope: 0.144 semiSat: 0.560 beta: 0.969 sigma: 0.114 
maxBOLD estimate = 1.705


Trial 94: qplus Stimulus Selection
Stimulus: 0.381
Output value 0.155

Q+ parameters
slope: 0.183 semiSat: 0.560 beta: 1.031 sigma: 0.114 
maxBOLD estimate = 1.652


Trial 95: maxBOLD Stimulus Selection
Stimulus: 1.000
Output value 1.200

Q+ parameters
slope: 0.144 semiSat: 0.560 beta: 0.969 sigma: 0.114 
maxBOLD estimate = 1.704


Trial 96: qplus Stimulus Selection
Stimulus: 0.381
Output value 0.291

Q+ parameters
slope: 0.144 semiSat: 0.560 beta: 0.969 sigma: 0.114 
maxBOLD estimate = 1.650


Trial 97: qplus Stimulus Selection
Stimulus: 0.670
Output value 1.649

Q+ parameters
slope: 0.183 semiSat: 0.560 beta: 1.031 sigma: 0.114 
maxBOLD estimate = 1.599


Trial 98: qplus Stimulus Selection
Stimulus: 0.505
Output value 0.000

Q+ parameters
slope: 0.144 semiSat: 0.560 beta: 0.969 sigma: 0.114 
maxBOLD estimate = 1.649


Trial 99: qplus Stimulus Selection
Stimulus: 0.670
Output value 1.048

Q+ parameters
slope: 0.183 semiSat: 0.560 beta: 1.031 sigma: 0.114 
maxBOLD estimate = 1.597


Trial 100: baseline Stimulus Selection
Stimulus: 0.010
Output value -0.290

Q+ parameters
slope: 0.144 semiSat: 0.560 beta: 0.969 sigma: 0.114 
maxBOLD estimate = 1.647

--------------------------------------------------------------
FINAL VALUES
--------------------------------------------------------------
Simulated parameters:              slope: 0.200 semiSat: 0.570 beta: 1.000 sigma: 0.100 
Max posterior QUEST+ parameters:   slope: 0.183 semiSat: 0.560 beta: 1.031 sigma: 0.114 
Max BADS parameters:               slope: 0.177 semiSat: 0.552 beta: 1.000 sigma: 0.110 
maxBOLD estimate: 1.580
