/blue/stevenweisberg/stevenweisberg/MATLAB/projects/Weisberg_Aguirre_2020/scripts/run_sims
c0700a-s3.ufhpc
Wed Apr  7 04:21:40 EDT 2021
mkdir: cannot create directory ‘/blue/stevenweisberg/stevenweisberg/qpfMRIResults/model_parameter_set2/’: File exists
cp: cannot stat ‘/blue/stevenweisberg/stevenweisberg/qpfMRIResults/deploy_sim.sh’: No such file or directory
cp: cannot stat ‘/blue/stevenweisberg/stevenweisberg/qpfMRIResults/sim_wrapper.sh’: No such file or directory
------------------------------------------
Setting up environment variables
---
LD_LIBRARY_PATH is .:/apps/matlab/mcr/2020b/v99/runtime/glnxa64:/apps/matlab/mcr/2020b/v99/bin/glnxa64:/apps/matlab/mcr/2020b/v99/sys/os/glnxa64:/apps/matlab/mcr/2020b/v99/sys/opengl/lib/glnxa64
Warning: Executing startup failed in matlabrc.
This indicates a potentially serious problem in your MATLAB setup, which should be resolved as soon as possible.  Error detected was:
MATLAB:mpath:PathAlterationNotSupported
Modifying the search path is not supported by MATLAB Compiler. Remove functions that modify the search path from your MATLAB code. To make files visible to your deployed application, add the parent folder to your MATLAB session.
Warning: No stimulus domain specified. Defaulting to values between 0.01 and 1.
> In qpfmriParams (line 182)
In compiledSimulate (line 205)
Stimulus domain added from input.
Parameter slope specified as 0.20000
Parameter semiSat specified as 0.57000
Parameter beta specified as 1.00000
Parameter sigma specified as 0.10000
seed = 99seed = 104seed = 111seed = 111seed = 115seed = 101Initializing Q+. This may take a minute...
Elapsed time is 7.938869 seconds.
Simulated parameters:
slope: 0.200 semiSat: 0.570 beta: 1.000 sigma: 0.100 

Trial 1: baseline Stimulus Selection
Stimulus: 0.010
Output value 0.000

Q+ parameters
slope: 0.026 semiSat: 0.890 beta: 0.500 sigma: 0.010 
maxBOLD estimate = 1.000


Trial 2: maxBOLD Stimulus Selection
Stimulus: 1.000
Output value 1.364

Q+ parameters
slope: 0.055 semiSat: 0.670 beta: 1.250 sigma: 0.010 
maxBOLD estimate = 1.000


Trial 3: baseline Stimulus Selection
Stimulus: 0.010
Output value -0.284

Q+ parameters
slope: 0.055 semiSat: 0.670 beta: 1.250 sigma: 0.166 
maxBOLD estimate = 1.250


Trial 4: maxBOLD Stimulus Selection
Stimulus: 1.000
Output value 1.598

Q+ parameters
slope: 0.055 semiSat: 0.670 beta: 1.125 sigma: 0.062 
maxBOLD estimate = 1.562


Trial 5: baseline Stimulus Selection
Stimulus: 0.010
Output value 0.000

Q+ parameters
slope: 0.043 semiSat: 0.780 beta: 1.250 sigma: 0.062 
maxBOLD estimate = 1.758


Trial 6: maxBOLD Stimulus Selection
Stimulus: 1.000
Output value 1.742

Q+ parameters
slope: 0.043 semiSat: 0.780 beta: 0.969 sigma: 0.062 
maxBOLD estimate = 2.197


Trial 7: qplus Stimulus Selection
Stimulus: 0.629
Output value 0.726

Q+ parameters
slope: 0.055 semiSat: 0.560 beta: 0.750 sigma: 0.062 
maxBOLD estimate = 2.129


Trial 8: qplus Stimulus Selection
Stimulus: 0.588
Output value 1.451

Q+ parameters
slope: 0.070 semiSat: 0.560 beta: 1.250 sigma: 0.114 
maxBOLD estimate = 1.596


Trial 9: qplus Stimulus Selection
Stimulus: 0.381
Output value 0.000

Q+ parameters
slope: 0.183 semiSat: 0.560 beta: 0.750 sigma: 0.062 
maxBOLD estimate = 1.996


Trial 10: baseline Stimulus Selection
Stimulus: 0.010
Output value -0.132

Q+ parameters
slope: 0.183 semiSat: 0.560 beta: 0.969 sigma: 0.062 
maxBOLD estimate = 1.497


Trial 11: qplus Stimulus Selection
Stimulus: 0.505
Output value 0.128

Q+ parameters
slope: 0.234 semiSat: 0.560 beta: 0.969 sigma: 0.062 
maxBOLD estimate = 1.450


Trial 12: qplus Stimulus Selection
Stimulus: 0.629
Output value 1.113

Q+ parameters
slope: 0.234 semiSat: 0.560 beta: 0.969 sigma: 0.062 
maxBOLD estimate = 1.405


Trial 13: qplus Stimulus Selection
Stimulus: 0.505
Output value 0.131

Q+ parameters
slope: 0.183 semiSat: 0.560 beta: 1.062 sigma: 0.114 
maxBOLD estimate = 1.361


Trial 14: qplus Stimulus Selection
Stimulus: 0.588
Output value 0.789

Q+ parameters
slope: 0.113 semiSat: 0.670 beta: 1.500 sigma: 0.114 
maxBOLD estimate = 1.446


Trial 15: maxBOLD Stimulus Selection
Stimulus: 1.000
Output value 0.887

Q+ parameters
slope: 0.183 semiSat: 0.560 beta: 0.750 sigma: 0.062 
maxBOLD estimate = 2.169


Trial 16: qplus Stimulus Selection
Stimulus: 0.711
Output value 2.218

Q+ parameters
slope: 0.144 semiSat: 0.670 beta: 1.500 sigma: 0.114 
maxBOLD estimate = 1.626


Trial 17: qplus Stimulus Selection
Stimulus: 0.629
Output value 0.998

Q+ parameters
slope: 0.055 semiSat: 0.670 beta: 0.750 sigma: 0.062 
maxBOLD estimate = 2.440


Trial 18: qplus Stimulus Selection
Stimulus: 0.876
Output value 1.601

Q+ parameters
slope: 0.234 semiSat: 0.560 beta: 0.875 sigma: 0.062 
maxBOLD estimate = 1.830


Trial 19: qplus Stimulus Selection
Stimulus: 0.629
Output value 1.146

Q+ parameters
slope: 0.234 semiSat: 0.560 beta: 0.875 sigma: 0.114 
maxBOLD estimate = 1.601


Trial 20: baseline Stimulus Selection
Stimulus: 0.010
Output value -0.123

Q+ parameters
slope: 0.234 semiSat: 0.560 beta: 0.969 sigma: 0.062 
maxBOLD estimate = 1.401


Trial 21: qplus Stimulus Selection
Stimulus: 0.505
Output value -0.262

Q+ parameters
slope: 0.298 semiSat: 0.560 beta: 1.062 sigma: 0.114 
maxBOLD estimate = 1.357


Trial 22: qplus Stimulus Selection
Stimulus: 0.588
Output value 0.381

Q+ parameters
slope: 0.234 semiSat: 0.560 beta: 0.969 sigma: 0.114 
maxBOLD estimate = 1.442


Trial 23: qplus Stimulus Selection
Stimulus: 0.588
Output value 0.675

Q+ parameters
slope: 0.183 semiSat: 0.560 beta: 1.062 sigma: 0.114 
maxBOLD estimate = 1.397


Trial 24: qplus Stimulus Selection
Stimulus: 0.588
Output value 1.176

Q+ parameters
slope: 0.234 semiSat: 0.560 beta: 0.969 sigma: 0.114 
maxBOLD estimate = 1.484


Trial 25: maxBOLD Stimulus Selection
Stimulus: 1.000
Output value 1.520

Q+ parameters
slope: 0.234 semiSat: 0.560 beta: 0.969 sigma: 0.114 
maxBOLD estimate = 1.438


Trial 26: qplus Stimulus Selection
Stimulus: 0.505
Output value 0.404

Q+ parameters
slope: 0.183 semiSat: 0.560 beta: 1.062 sigma: 0.114 
maxBOLD estimate = 1.393


Trial 27: qplus Stimulus Selection
Stimulus: 0.505
Output value 0.572

Q+ parameters
slope: 0.183 semiSat: 0.560 beta: 1.062 sigma: 0.114 
maxBOLD estimate = 1.480


Trial 28: qplus Stimulus Selection
Stimulus: 0.629
Output value 1.662

Q+ parameters
slope: 0.234 semiSat: 0.560 beta: 0.969 sigma: 0.114 
maxBOLD estimate = 1.572


Trial 29: qplus Stimulus Selection
Stimulus: 0.670
Output value 1.571

Q+ parameters
slope: 0.234 semiSat: 0.560 beta: 1.031 sigma: 0.114 
maxBOLD estimate = 1.523


Trial 30: baseline Stimulus Selection
Stimulus: 0.010
Output value 0.250

Q+ parameters
slope: 0.234 semiSat: 0.560 beta: 0.875 sigma: 0.114 
maxBOLD estimate = 1.571


Trial 31: qplus Stimulus Selection
Stimulus: 0.588
Output value 0.664

Q+ parameters
slope: 0.183 semiSat: 0.560 beta: 1.062 sigma: 0.114 
maxBOLD estimate = 1.375


Trial 32: qplus Stimulus Selection
Stimulus: 0.505
Output value 0.386

Q+ parameters
slope: 0.234 semiSat: 0.560 beta: 0.969 sigma: 0.114 
maxBOLD estimate = 1.460


Trial 33: qplus Stimulus Selection
Stimulus: 0.505
Output value 0.000

Q+ parameters
slope: 0.234 semiSat: 0.560 beta: 0.969 sigma: 0.114 
maxBOLD estimate = 1.415


Trial 34: qplus Stimulus Selection
Stimulus: 0.546
Output value 0.642

Q+ parameters
slope: 0.234 semiSat: 0.560 beta: 1.031 sigma: 0.114 
maxBOLD estimate = 1.371


Trial 35: maxBOLD Stimulus Selection
Stimulus: 1.000
Output value 1.285

Q+ parameters
slope: 0.234 semiSat: 0.560 beta: 1.000 sigma: 0.114 
maxBOLD estimate = 1.413


Trial 36: qplus Stimulus Selection
Stimulus: 0.546
Output value 0.771

Q+ parameters
slope: 0.234 semiSat: 0.560 beta: 1.000 sigma: 0.114 
maxBOLD estimate = 1.413


Trial 37: qplus Stimulus Selection
Stimulus: 0.546
Output value 0.514

Q+ parameters
slope: 0.234 semiSat: 0.560 beta: 1.000 sigma: 0.114 
maxBOLD estimate = 1.413


Trial 38: qplus Stimulus Selection
Stimulus: 0.546
Output value 0.249

Q+ parameters
slope: 0.234 semiSat: 0.560 beta: 0.969 sigma: 0.114 
maxBOLD estimate = 1.413


Trial 39: qplus Stimulus Selection
Stimulus: 0.546
Output value 0.513

Q+ parameters
slope: 0.234 semiSat: 0.560 beta: 1.031 sigma: 0.114 
maxBOLD estimate = 1.369


Trial 40: baseline Stimulus Selection
Stimulus: 0.010
Output value -0.128

Q+ parameters
slope: 0.234 semiSat: 0.560 beta: 1.000 sigma: 0.114 
maxBOLD estimate = 1.412


Trial 41: qplus Stimulus Selection
Stimulus: 0.546
Output value 0.662

Q+ parameters
slope: 0.234 semiSat: 0.560 beta: 1.031 sigma: 0.114 
maxBOLD estimate = 1.412


Trial 42: qplus Stimulus Selection
Stimulus: 0.505
Output value 0.265

Q+ parameters
slope: 0.234 semiSat: 0.560 beta: 1.000 sigma: 0.114 
maxBOLD estimate = 1.456


Trial 43: qplus Stimulus Selection
Stimulus: 0.546
Output value 0.662

Q+ parameters
slope: 0.234 semiSat: 0.560 beta: 1.000 sigma: 0.114 
maxBOLD estimate = 1.456


Trial 44: qplus Stimulus Selection
Stimulus: 0.505
Output value 0.265

Q+ parameters
slope: 0.234 semiSat: 0.560 beta: 1.000 sigma: 0.114 
maxBOLD estimate = 1.456


Trial 45: maxBOLD Stimulus Selection
Stimulus: 1.000
Output value 1.456

Q+ parameters
slope: 0.234 semiSat: 0.560 beta: 1.000 sigma: 0.114 
maxBOLD estimate = 1.456


Trial 46: qplus Stimulus Selection
Stimulus: 0.546
Output value 0.530

Q+ parameters
slope: 0.234 semiSat: 0.560 beta: 1.000 sigma: 0.114 
maxBOLD estimate = 1.456


Trial 47: qplus Stimulus Selection
Stimulus: 0.546
Output value 0.794

Q+ parameters
slope: 0.234 semiSat: 0.560 beta: 1.000 sigma: 0.114 
maxBOLD estimate = 1.456


Trial 48: qplus Stimulus Selection
Stimulus: 0.670
Output value 1.191

Q+ parameters
slope: 0.234 semiSat: 0.560 beta: 1.000 sigma: 0.114 
maxBOLD estimate = 1.456


Trial 49: qplus Stimulus Selection
Stimulus: 0.505
Output value 0.273

Q+ parameters
slope: 0.234 semiSat: 0.560 beta: 1.031 sigma: 0.114 
maxBOLD estimate = 1.456


Trial 50: baseline Stimulus Selection
Stimulus: 0.010
Output value -0.137

Q+ parameters
slope: 0.234 semiSat: 0.560 beta: 1.000 sigma: 0.114 
maxBOLD estimate = 1.502


Trial 51: qplus Stimulus Selection
Stimulus: 0.505
Output value 0.725

Q+ parameters
slope: 0.183 semiSat: 0.560 beta: 1.062 sigma: 0.114 
maxBOLD estimate = 1.502


Trial 52: qplus Stimulus Selection
Stimulus: 0.505
Output value 0.381

Q+ parameters
slope: 0.234 semiSat: 0.560 beta: 0.875 sigma: 0.114 
maxBOLD estimate = 1.596


Trial 53: qplus Stimulus Selection
Stimulus: 0.711
Output value 1.483

Q+ parameters
slope: 0.183 semiSat: 0.560 beta: 1.062 sigma: 0.114 
maxBOLD estimate = 1.396


Trial 54: qplus Stimulus Selection
Stimulus: 0.588
Output value 1.146

Q+ parameters
slope: 0.183 semiSat: 0.560 beta: 1.062 sigma: 0.114 
maxBOLD estimate = 1.483


Trial 55: maxBOLD Stimulus Selection
Stimulus: 1.000
Output value 1.719

Q+ parameters
slope: 0.234 semiSat: 0.560 beta: 1.000 sigma: 0.114 
maxBOLD estimate = 1.576


Trial 56: qplus Stimulus Selection
Stimulus: 0.546
Output value 0.716

Q+ parameters
slope: 0.234 semiSat: 0.560 beta: 1.000 sigma: 0.114 
maxBOLD estimate = 1.576


Trial 57: qplus Stimulus Selection
Stimulus: 0.546
Output value 0.139

Q+ parameters
slope: 0.298 semiSat: 0.560 beta: 0.969 sigma: 0.114 
maxBOLD estimate = 1.576


Trial 58: qplus Stimulus Selection
Stimulus: 0.711
Output value 1.614

Q+ parameters
slope: 0.298 semiSat: 0.560 beta: 0.969 sigma: 0.114 
maxBOLD estimate = 1.527


Trial 59: qplus Stimulus Selection
Stimulus: 0.546
Output value 0.714

Q+ parameters
slope: 0.183 semiSat: 0.560 beta: 1.062 sigma: 0.114 
maxBOLD estimate = 1.479


Trial 60: baseline Stimulus Selection
Stimulus: 0.010
Output value -0.138

Q+ parameters
slope: 0.298 semiSat: 0.560 beta: 0.969 sigma: 0.114 
maxBOLD estimate = 1.572


Trial 61: qplus Stimulus Selection
Stimulus: 0.546
Output value 1.246

Q+ parameters
slope: 0.234 semiSat: 0.560 beta: 1.000 sigma: 0.114 
maxBOLD estimate = 1.522


Trial 62: qplus Stimulus Selection
Stimulus: 0.546
Output value 0.670

Q+ parameters
slope: 0.298 semiSat: 0.560 beta: 0.969 sigma: 0.114 
maxBOLD estimate = 1.522


Trial 63: qplus Stimulus Selection
Stimulus: 0.546
Output value 0.712

Q+ parameters
slope: 0.183 semiSat: 0.560 beta: 1.062 sigma: 0.114 
maxBOLD estimate = 1.475


Trial 64: qplus Stimulus Selection
Stimulus: 0.505
Output value 0.276

Q+ parameters
slope: 0.298 semiSat: 0.560 beta: 0.969 sigma: 0.114 
maxBOLD estimate = 1.567


Trial 65: maxBOLD Stimulus Selection
Stimulus: 1.000
Output value 1.604

Q+ parameters
slope: 0.298 semiSat: 0.560 beta: 0.969 sigma: 0.114 
maxBOLD estimate = 1.518


Trial 66: qplus Stimulus Selection
Stimulus: 0.505
Output value -0.134

Q+ parameters
slope: 0.234 semiSat: 0.560 beta: 1.000 sigma: 0.114 
maxBOLD estimate = 1.471


Trial 67: qplus Stimulus Selection
Stimulus: 0.670
Output value 1.563

Q+ parameters
slope: 0.183 semiSat: 0.560 beta: 1.062 sigma: 0.114 
maxBOLD estimate = 1.471


Trial 68: qplus Stimulus Selection
Stimulus: 0.505
Output value 0.275

Q+ parameters
slope: 0.298 semiSat: 0.560 beta: 0.969 sigma: 0.114 
maxBOLD estimate = 1.563


Trial 69: qplus Stimulus Selection
Stimulus: 0.546
Output value 0.533

Q+ parameters
slope: 0.298 semiSat: 0.560 beta: 0.969 sigma: 0.114 
maxBOLD estimate = 1.514


Trial 70: baseline Stimulus Selection
Stimulus: 0.010
Output value 0.258

Q+ parameters
slope: 0.298 semiSat: 0.560 beta: 0.969 sigma: 0.114 
maxBOLD estimate = 1.466


Trial 71: qplus Stimulus Selection
Stimulus: 0.546
Output value 0.686

Q+ parameters
slope: 0.183 semiSat: 0.560 beta: 1.062 sigma: 0.114 
maxBOLD estimate = 1.421


Trial 72: qplus Stimulus Selection
Stimulus: 0.505
Output value 0.532

Q+ parameters
slope: 0.298 semiSat: 0.560 beta: 0.969 sigma: 0.114 
maxBOLD estimate = 1.509


Trial 73: qplus Stimulus Selection
Stimulus: 0.546
Output value 0.386

Q+ parameters
slope: 0.298 semiSat: 0.560 beta: 0.969 sigma: 0.114 
maxBOLD estimate = 1.462


Trial 74: qplus Stimulus Selection
Stimulus: 0.546
Output value 0.958

Q+ parameters
slope: 0.183 semiSat: 0.560 beta: 1.062 sigma: 0.114 
maxBOLD estimate = 1.417


Trial 75: maxBOLD Stimulus Selection
Stimulus: 1.000
Output value 1.591

Q+ parameters
slope: 0.298 semiSat: 0.560 beta: 0.969 sigma: 0.114 
maxBOLD estimate = 1.505


Trial 76: qplus Stimulus Selection
Stimulus: 0.546
Output value 0.845

Q+ parameters
slope: 0.183 semiSat: 0.560 beta: 1.062 sigma: 0.114 
maxBOLD estimate = 1.458


Trial 77: qplus Stimulus Selection
Stimulus: 0.505
Output value 0.409

Q+ parameters
slope: 0.298 semiSat: 0.560 beta: 0.969 sigma: 0.114 
maxBOLD estimate = 1.549


Trial 78: qplus Stimulus Selection
Stimulus: 0.711
Output value 1.586

Q+ parameters
slope: 0.298 semiSat: 0.560 beta: 0.969 sigma: 0.114 
maxBOLD estimate = 1.501


Trial 79: qplus Stimulus Selection
Stimulus: 0.546
Output value 0.983

Q+ parameters
slope: 0.183 semiSat: 0.560 beta: 1.062 sigma: 0.114 
maxBOLD estimate = 1.454


Trial 80: baseline Stimulus Selection
Stimulus: 0.010
Output value 0.408

Q+ parameters
slope: 0.298 semiSat: 0.560 beta: 0.969 sigma: 0.114 
maxBOLD estimate = 1.545


Trial 81: qplus Stimulus Selection
Stimulus: 0.711
Output value 1.581

Q+ parameters
slope: 0.298 semiSat: 0.560 beta: 0.969 sigma: 0.114 
maxBOLD estimate = 1.496


Trial 82: qplus Stimulus Selection
Stimulus: 0.711
Output value 1.532

Q+ parameters
slope: 0.298 semiSat: 0.560 beta: 0.969 sigma: 0.114 
maxBOLD estimate = 1.450


Trial 83: qplus Stimulus Selection
Stimulus: 0.546
Output value 0.866

Q+ parameters
slope: 0.298 semiSat: 0.560 beta: 0.969 sigma: 0.114 
maxBOLD estimate = 1.404


Trial 84: qplus Stimulus Selection
Stimulus: 0.505
Output value 0.394

Q+ parameters
slope: 0.298 semiSat: 0.560 beta: 1.062 sigma: 0.114 
maxBOLD estimate = 1.360


Trial 85: maxBOLD Stimulus Selection
Stimulus: 1.000
Output value 1.400

Q+ parameters
slope: 0.298 semiSat: 0.560 beta: 0.969 sigma: 0.114 
maxBOLD estimate = 1.445


Trial 86: qplus Stimulus Selection
Stimulus: 0.546
Output value 0.370

Q+ parameters
slope: 0.298 semiSat: 0.560 beta: 0.969 sigma: 0.114 
maxBOLD estimate = 1.400


Trial 87: qplus Stimulus Selection
Stimulus: 0.546
Output value 0.655

Q+ parameters
slope: 0.298 semiSat: 0.560 beta: 1.062 sigma: 0.114 
maxBOLD estimate = 1.357


Trial 88: qplus Stimulus Selection
Stimulus: 0.588
Output value 0.762

Q+ parameters
slope: 0.298 semiSat: 0.560 beta: 0.969 sigma: 0.114 
maxBOLD estimate = 1.441


Trial 89: qplus Stimulus Selection
Stimulus: 0.546
Output value 0.889

Q+ parameters
slope: 0.234 semiSat: 0.560 beta: 1.000 sigma: 0.114 
maxBOLD estimate = 1.396


Trial 90: baseline Stimulus Selection
Stimulus: 0.010
Output value 0.135

Q+ parameters
slope: 0.298 semiSat: 0.560 beta: 1.062 sigma: 0.114 
maxBOLD estimate = 1.396


Trial 91: qplus Stimulus Selection
Stimulus: 0.588
Output value 1.045

Q+ parameters
slope: 0.298 semiSat: 0.560 beta: 0.969 sigma: 0.114 
maxBOLD estimate = 1.484


Trial 92: qplus Stimulus Selection
Stimulus: 0.546
Output value 1.013

Q+ parameters
slope: 0.298 semiSat: 0.560 beta: 0.969 sigma: 0.114 
maxBOLD estimate = 1.437


Trial 93: qplus Stimulus Selection
Stimulus: 0.546
Output value 0.490

Q+ parameters
slope: 0.298 semiSat: 0.560 beta: 0.969 sigma: 0.114 
maxBOLD estimate = 1.392


Trial 94: qplus Stimulus Selection
Stimulus: 0.546
Output value 0.651

Q+ parameters
slope: 0.298 semiSat: 0.560 beta: 1.062 sigma: 0.114 
maxBOLD estimate = 1.349


Trial 95: maxBOLD Stimulus Selection
Stimulus: 1.000
Output value 1.388

Q+ parameters
slope: 0.298 semiSat: 0.560 beta: 0.969 sigma: 0.114 
maxBOLD estimate = 1.433


Trial 96: qplus Stimulus Selection
Stimulus: 0.546
Output value 0.122

Q+ parameters
slope: 0.298 semiSat: 0.560 beta: 0.969 sigma: 0.114 
maxBOLD estimate = 1.388


Trial 97: qplus Stimulus Selection
Stimulus: 0.546
Output value 0.779

Q+ parameters
slope: 0.298 semiSat: 0.560 beta: 1.062 sigma: 0.114 
maxBOLD estimate = 1.345


Trial 98: qplus Stimulus Selection
Stimulus: 0.588
Output value 0.755

Q+ parameters
slope: 0.298 semiSat: 0.560 beta: 0.969 sigma: 0.114 
maxBOLD estimate = 1.429


Trial 99: qplus Stimulus Selection
Stimulus: 0.546
Output value 0.488

Q+ parameters
slope: 0.298 semiSat: 0.560 beta: 0.969 sigma: 0.114 
maxBOLD estimate = 1.384


Trial 100: baseline Stimulus Selection
Stimulus: 0.010
Output value 0.130

Q+ parameters
slope: 0.298 semiSat: 0.560 beta: 1.062 sigma: 0.114 
maxBOLD estimate = 1.341

--------------------------------------------------------------
FINAL VALUES
--------------------------------------------------------------
Simulated parameters:              slope: 0.200 semiSat: 0.570 beta: 1.000 sigma: 0.100 
Max posterior QUEST+ parameters:   slope: 0.298 semiSat: 0.560 beta: 0.969 sigma: 0.114 
Max BADS parameters:               slope: 0.245 semiSat: 0.576 beta: 1.000 sigma: 0.103 
maxBOLD estimate: 1.418
