/blue/stevenweisberg/stevenweisberg/MATLAB/projects/Weisberg_Aguirre_2020/scripts/run_sims
c27a-s1.ufhpc
Fri Nov 13 15:11:40 EST 2020
mkdir: cannot create directory ‘/blue/stevenweisberg/stevenweisberg/qpfMRIResults/model_parameter_set1/’: File exists
cp: cannot stat ‘/blue/stevenweisberg/stevenweisberg/qpfMRIResults/deploy_sim.sh’: No such file or directory
cp: cannot stat ‘/blue/stevenweisberg/stevenweisberg/qpfMRIResults/sim_wrapper.sh’: No such file or directory
------------------------------------------
Setting up environment variables
---
LD_LIBRARY_PATH is .:/apps/matlab/mcr/2020b/v99/runtime/glnxa64:/apps/matlab/mcr/2020b/v99/bin/glnxa64:/apps/matlab/mcr/2020b/v99/sys/os/glnxa64:/apps/matlab/mcr/2020b/v99/sys/opengl/lib/glnxa64
Warning: Executing startup failed in matlabrc.
This indicates a potentially serious problem in your MATLAB setup, which should be resolved as soon as possible.  Error detected was:
MATLAB:mpath:PathAlterationNotSupported
Modifying the search path is not supported by MATLAB Compiler. Remove functions that modify the search path from your MATLAB code. To make files visible to your deployed application, add the parent folder to your MATLAB session.
Warning: No stimulus domain specified. Defaulting to values between 0.01 and 1.
> In qpfmriParams (line 182)
In compiledSimulate (line 205)
Stimulus domain added from input.
Parameter slope specified as 0.41000
Parameter semiSat specified as 0.57000
Parameter beta specified as 1.00000
Parameter sigma specified as 0.25000
seed = 99seed = 104seed = 111seed = 111seed = 115seed = 101Initializing Q+. This may take a minute...
Elapsed time is 9.573942 seconds.
Simulated parameters:
slope: 0.410 semiSat: 0.570 beta: 1.000 sigma: 0.250 

Trial 1: baseline Stimulus Selection
Stimulus: 0.010
Output value 0.000

Q+ parameters
slope: 0.026 semiSat: 0.890 beta: 0.500 sigma: 0.010 
maxBOLD estimate = 1.000


Trial 2: maxBOLD Stimulus Selection
Stimulus: 1.000
Output value 0.341

Q+ parameters
slope: 0.034 semiSat: 0.890 beta: 0.750 sigma: 0.010 
maxBOLD estimate = 1.000


Trial 3: baseline Stimulus Selection
Stimulus: 0.010
Output value 0.920

Q+ parameters
slope: 0.026 semiSat: 0.670 beta: 1.500 sigma: 1.000 
maxBOLD estimate = 0.750


Trial 4: maxBOLD Stimulus Selection
Stimulus: 1.000
Output value -0.102

Q+ parameters
slope: 0.026 semiSat: 0.890 beta: 0.500 sigma: 1.000 
maxBOLD estimate = 1.125


Trial 5: baseline Stimulus Selection
Stimulus: 0.010
Output value -0.153

Q+ parameters
slope: 0.021 semiSat: 0.560 beta: 1.500 sigma: 1.000 
maxBOLD estimate = 0.562


Trial 6: maxBOLD Stimulus Selection
Stimulus: 1.000
Output value 1.151

Q+ parameters
slope: 0.043 semiSat: 0.560 beta: 1.250 sigma: 0.114 
maxBOLD estimate = 0.844


Trial 7: random Stimulus Selection
Stimulus: 0.423
Output value -0.288

Q+ parameters
slope: 0.089 semiSat: 0.890 beta: 1.500 sigma: 0.166 
maxBOLD estimate = 1.055


Trial 8: random Stimulus Selection
Stimulus: 0.010
Output value -0.431

Q+ parameters
slope: 0.089 semiSat: 0.890 beta: 1.500 sigma: 0.166 
maxBOLD estimate = 1.582


Trial 9: random Stimulus Selection
Stimulus: 0.216
Output value 1.045

Q+ parameters
slope: 0.043 semiSat: 0.890 beta: 0.969 sigma: 0.166 
maxBOLD estimate = 2.373


Trial 10: baseline Stimulus Selection
Stimulus: 0.010
Output value -0.418

Q+ parameters
slope: 0.070 semiSat: 0.890 beta: 1.000 sigma: 0.166 
maxBOLD estimate = 2.299


Trial 11: random Stimulus Selection
Stimulus: 0.835
Output value 1.411

Q+ parameters
slope: 0.144 semiSat: 0.670 beta: 0.750 sigma: 0.114 
maxBOLD estimate = 2.299


Trial 12: random Stimulus Selection
Stimulus: 0.711
Output value 0.392

Q+ parameters
slope: 0.298 semiSat: 0.780 beta: 1.250 sigma: 0.166 
maxBOLD estimate = 1.724


Trial 13: random Stimulus Selection
Stimulus: 0.134
Output value 0.441

Q+ parameters
slope: 0.144 semiSat: 0.670 beta: 0.750 sigma: 0.166 
maxBOLD estimate = 2.155


Trial 14: random Stimulus Selection
Stimulus: 1.000
Output value 1.323

Q+ parameters
slope: 0.183 semiSat: 0.670 beta: 1.125 sigma: 0.166 
maxBOLD estimate = 1.616


Trial 15: maxBOLD Stimulus Selection
Stimulus: 1.000
Output value 0.827

Q+ parameters
slope: 0.298 semiSat: 0.670 beta: 1.000 sigma: 0.218 
maxBOLD estimate = 1.818


Trial 16: random Stimulus Selection
Stimulus: 0.505
Output value 1.054

Q+ parameters
slope: 0.234 semiSat: 0.560 beta: 1.062 sigma: 0.218 
maxBOLD estimate = 1.818


Trial 17: random Stimulus Selection
Stimulus: 0.092
Output value 2.108

Q+ parameters
slope: 0.010 semiSat: 0.450 beta: 1.000 sigma: 1.000 
maxBOLD estimate = 1.932


Trial 18: random Stimulus Selection
Stimulus: 0.753
Output value 0.878

Q+ parameters
slope: 0.034 semiSat: 0.450 beta: 1.000 sigma: 0.427 
maxBOLD estimate = 1.932


Trial 19: random Stimulus Selection
Stimulus: 0.711
Output value 1.976

Q+ parameters
slope: 0.043 semiSat: 0.560 beta: 1.250 sigma: 0.375 
maxBOLD estimate = 1.932


Trial 20: baseline Stimulus Selection
Stimulus: 0.010
Output value 0.165

Q+ parameters
slope: 0.379 semiSat: 0.670 beta: 0.750 sigma: 0.166 
maxBOLD estimate = 2.415


Trial 21: random Stimulus Selection
Stimulus: 1.000
Output value 2.058

Q+ parameters
slope: 0.043 semiSat: 0.560 beta: 1.250 sigma: 0.323 
maxBOLD estimate = 1.811


Trial 22: random Stimulus Selection
Stimulus: 0.629
Output value 0.309

Q+ parameters
slope: 0.616 semiSat: 0.670 beta: 0.750 sigma: 0.166 
maxBOLD estimate = 2.264


Trial 23: random Stimulus Selection
Stimulus: 0.835
Output value 1.853

Q+ parameters
slope: 0.034 semiSat: 0.450 beta: 1.000 sigma: 0.375 
maxBOLD estimate = 1.698


Trial 24: random Stimulus Selection
Stimulus: 0.629
Output value 0.772

Q+ parameters
slope: 0.034 semiSat: 0.450 beta: 1.000 sigma: 0.375 
maxBOLD estimate = 1.698


Trial 25: maxBOLD Stimulus Selection
Stimulus: 1.000
Output value 1.389

Q+ parameters
slope: 0.034 semiSat: 0.450 beta: 1.000 sigma: 0.375 
maxBOLD estimate = 1.698


Trial 26: random Stimulus Selection
Stimulus: 0.299
Output value 0.926

Q+ parameters
slope: 0.034 semiSat: 0.450 beta: 1.000 sigma: 0.323 
maxBOLD estimate = 1.698


Trial 27: random Stimulus Selection
Stimulus: 0.051
Output value 0.926

Q+ parameters
slope: 0.785 semiSat: 0.010 beta: 0.500 sigma: 1.000 
maxBOLD estimate = 1.698


Trial 28: random Stimulus Selection
Stimulus: 0.381
Output value 0.309

Q+ parameters
slope: 0.010 semiSat: 0.450 beta: 1.000 sigma: 1.000 
maxBOLD estimate = 0.849


Trial 29: random Stimulus Selection
Stimulus: 0.381
Output value 0.926

Q+ parameters
slope: 0.010 semiSat: 0.450 beta: 1.000 sigma: 1.000 
maxBOLD estimate = 0.849


Trial 30: baseline Stimulus Selection
Stimulus: 0.010
Output value -0.154

Q+ parameters
slope: 0.010 semiSat: 0.450 beta: 1.000 sigma: 1.000 
maxBOLD estimate = 0.849

--------------------------------------------------------------
FINAL VALUES
--------------------------------------------------------------
Simulated parameters:              slope: 0.410 semiSat: 0.570 beta: 1.000 sigma: 0.250 
Max posterior QUEST+ parameters:   slope: 0.010 semiSat: 0.450 beta: 1.000 sigma: 1.000 
Max BADS parameters:               slope: 0.010 semiSat: 0.450 beta: 1.000 sigma: 1.000 
maxBOLD estimate: 0.849
