/blue/stevenweisberg/stevenweisberg/MATLAB/projects/Weisberg_Aguirre_2020/scripts/run_sims
c0700a-s1.ufhpc
Wed Apr  7 00:06:35 EDT 2021
mkdir: cannot create directory ‘/blue/stevenweisberg/stevenweisberg/qpfMRIResults/model_parameter_set2/’: File exists
cp: cannot stat ‘/blue/stevenweisberg/stevenweisberg/qpfMRIResults/deploy_sim.sh’: No such file or directory
cp: cannot stat ‘/blue/stevenweisberg/stevenweisberg/qpfMRIResults/sim_wrapper.sh’: No such file or directory
------------------------------------------
Setting up environment variables
---
LD_LIBRARY_PATH is .:/apps/matlab/mcr/2020b/v99/runtime/glnxa64:/apps/matlab/mcr/2020b/v99/bin/glnxa64:/apps/matlab/mcr/2020b/v99/sys/os/glnxa64:/apps/matlab/mcr/2020b/v99/sys/opengl/lib/glnxa64
Warning: Executing startup failed in matlabrc.
This indicates a potentially serious problem in your MATLAB setup, which should be resolved as soon as possible.  Error detected was:
MATLAB:mpath:PathAlterationNotSupported
Modifying the search path is not supported by MATLAB Compiler. Remove functions that modify the search path from your MATLAB code. To make files visible to your deployed application, add the parent folder to your MATLAB session.
Warning: No stimulus domain specified. Defaulting to values between 0.01 and 1.
> In qpfmriParams (line 182)
In compiledSimulate (line 205)
Stimulus domain added from input.
Parameter slope specified as 0.20000
Parameter semiSat specified as 0.57000
Parameter beta specified as 1.00000
Parameter sigma specified as 0.05000
seed = 99seed = 104seed = 111seed = 111seed = 115seed = 101Initializing Q+. This may take a minute...
Elapsed time is 7.428417 seconds.
Simulated parameters:
slope: 0.200 semiSat: 0.570 beta: 1.000 sigma: 0.050 

Trial 1: baseline Stimulus Selection
Stimulus: 0.010
Output value 0.000

Q+ parameters
slope: 0.026 semiSat: 0.890 beta: 0.500 sigma: 0.010 
maxBOLD estimate = 1.000


Trial 2: maxBOLD Stimulus Selection
Stimulus: 1.000
Output value 1.364

Q+ parameters
slope: 0.055 semiSat: 0.670 beta: 1.250 sigma: 0.010 
maxBOLD estimate = 1.000


Trial 3: baseline Stimulus Selection
Stimulus: 0.010
Output value -0.284

Q+ parameters
slope: 0.055 semiSat: 0.670 beta: 1.250 sigma: 0.114 
maxBOLD estimate = 1.250


Trial 4: maxBOLD Stimulus Selection
Stimulus: 1.000
Output value 2.131

Q+ parameters
slope: 0.055 semiSat: 0.670 beta: 1.250 sigma: 0.062 
maxBOLD estimate = 1.562


Trial 5: baseline Stimulus Selection
Stimulus: 0.010
Output value 0.200

Q+ parameters
slope: 0.043 semiSat: 0.780 beta: 1.125 sigma: 0.062 
maxBOLD estimate = 1.953


Trial 6: maxBOLD Stimulus Selection
Stimulus: 1.000
Output value 1.742

Q+ parameters
slope: 0.043 semiSat: 0.780 beta: 0.969 sigma: 0.062 
maxBOLD estimate = 2.197


Trial 7: qplus Stimulus Selection
Stimulus: 0.670
Output value 1.161

Q+ parameters
slope: 0.089 semiSat: 0.340 beta: 0.750 sigma: 0.062 
maxBOLD estimate = 2.129


Trial 8: qplus Stimulus Selection
Stimulus: 0.340
Output value 0.163

Q+ parameters
slope: 0.113 semiSat: 0.560 beta: 1.125 sigma: 0.062 
maxBOLD estimate = 1.596


Trial 9: qplus Stimulus Selection
Stimulus: 0.505
Output value 0.459

Q+ parameters
slope: 0.144 semiSat: 0.560 beta: 0.938 sigma: 0.062 
maxBOLD estimate = 1.796


Trial 10: baseline Stimulus Selection
Stimulus: 0.010
Output value 0.144

Q+ parameters
slope: 0.144 semiSat: 0.560 beta: 0.938 sigma: 0.062 
maxBOLD estimate = 1.684


Trial 11: qplus Stimulus Selection
Stimulus: 0.629
Output value 1.148

Q+ parameters
slope: 0.183 semiSat: 0.560 beta: 1.000 sigma: 0.062 
maxBOLD estimate = 1.579


Trial 12: qplus Stimulus Selection
Stimulus: 0.505
Output value 0.431

Q+ parameters
slope: 0.183 semiSat: 0.560 beta: 1.000 sigma: 0.062 
maxBOLD estimate = 1.579


Trial 13: qplus Stimulus Selection
Stimulus: 0.505
Output value 0.718

Q+ parameters
slope: 0.113 semiSat: 0.560 beta: 1.000 sigma: 0.062 
maxBOLD estimate = 1.579


Trial 14: qplus Stimulus Selection
Stimulus: 0.423
Output value 0.287

Q+ parameters
slope: 0.113 semiSat: 0.560 beta: 1.000 sigma: 0.062 
maxBOLD estimate = 1.579


Trial 15: maxBOLD Stimulus Selection
Stimulus: 1.000
Output value 1.722

Q+ parameters
slope: 0.183 semiSat: 0.560 beta: 1.000 sigma: 0.062 
maxBOLD estimate = 1.579


Trial 16: qplus Stimulus Selection
Stimulus: 0.629
Output value 1.292

Q+ parameters
slope: 0.183 semiSat: 0.560 beta: 1.000 sigma: 0.062 
maxBOLD estimate = 1.579


Trial 17: qplus Stimulus Selection
Stimulus: 0.711
Output value 1.292

Q+ parameters
slope: 0.183 semiSat: 0.560 beta: 1.000 sigma: 0.062 
maxBOLD estimate = 1.579


Trial 18: qplus Stimulus Selection
Stimulus: 0.505
Output value 0.431

Q+ parameters
slope: 0.183 semiSat: 0.560 beta: 1.000 sigma: 0.062 
maxBOLD estimate = 1.579


Trial 19: qplus Stimulus Selection
Stimulus: 0.629
Output value 1.292

Q+ parameters
slope: 0.183 semiSat: 0.560 beta: 1.000 sigma: 0.062 
maxBOLD estimate = 1.579


Trial 20: baseline Stimulus Selection
Stimulus: 0.010
Output value 0.135

Q+ parameters
slope: 0.144 semiSat: 0.560 beta: 0.938 sigma: 0.062 
maxBOLD estimate = 1.579


Trial 21: qplus Stimulus Selection
Stimulus: 0.588
Output value 1.001

Q+ parameters
slope: 0.183 semiSat: 0.560 beta: 1.062 sigma: 0.062 
maxBOLD estimate = 1.480


Trial 22: qplus Stimulus Selection
Stimulus: 0.711
Output value 1.769

Q+ parameters
slope: 0.183 semiSat: 0.560 beta: 1.031 sigma: 0.062 
maxBOLD estimate = 1.572


Trial 23: qplus Stimulus Selection
Stimulus: 0.711
Output value 1.428

Q+ parameters
slope: 0.144 semiSat: 0.560 beta: 0.969 sigma: 0.062 
maxBOLD estimate = 1.621


Trial 24: qplus Stimulus Selection
Stimulus: 0.381
Output value 0.143

Q+ parameters
slope: 0.183 semiSat: 0.560 beta: 1.000 sigma: 0.062 
maxBOLD estimate = 1.571


Trial 25: maxBOLD Stimulus Selection
Stimulus: 1.000
Output value 1.571

Q+ parameters
slope: 0.144 semiSat: 0.560 beta: 1.000 sigma: 0.062 
maxBOLD estimate = 1.571


Trial 26: qplus Stimulus Selection
Stimulus: 0.381
Output value 0.286

Q+ parameters
slope: 0.144 semiSat: 0.560 beta: 1.000 sigma: 0.062 
maxBOLD estimate = 1.571


Trial 27: qplus Stimulus Selection
Stimulus: 0.753
Output value 1.571

Q+ parameters
slope: 0.144 semiSat: 0.560 beta: 1.000 sigma: 0.062 
maxBOLD estimate = 1.571


Trial 28: qplus Stimulus Selection
Stimulus: 0.505
Output value 0.736

Q+ parameters
slope: 0.144 semiSat: 0.560 beta: 1.031 sigma: 0.062 
maxBOLD estimate = 1.571


Trial 29: qplus Stimulus Selection
Stimulus: 0.753
Output value 1.822

Q+ parameters
slope: 0.144 semiSat: 0.560 beta: 1.031 sigma: 0.062 
maxBOLD estimate = 1.620


Trial 30: baseline Stimulus Selection
Stimulus: 0.010
Output value 0.142

Q+ parameters
slope: 0.144 semiSat: 0.560 beta: 0.938 sigma: 0.062 
maxBOLD estimate = 1.671


Trial 31: qplus Stimulus Selection
Stimulus: 0.711
Output value 1.615

Q+ parameters
slope: 0.144 semiSat: 0.560 beta: 1.031 sigma: 0.062 
maxBOLD estimate = 1.566


Trial 32: qplus Stimulus Selection
Stimulus: 0.505
Output value 0.284

Q+ parameters
slope: 0.144 semiSat: 0.560 beta: 0.969 sigma: 0.062 
maxBOLD estimate = 1.615


Trial 33: qplus Stimulus Selection
Stimulus: 0.588
Output value 0.827

Q+ parameters
slope: 0.144 semiSat: 0.560 beta: 0.969 sigma: 0.062 
maxBOLD estimate = 1.565


Trial 34: qplus Stimulus Selection
Stimulus: 0.588
Output value 0.965

Q+ parameters
slope: 0.183 semiSat: 0.560 beta: 1.000 sigma: 0.062 
maxBOLD estimate = 1.516


Trial 35: maxBOLD Stimulus Selection
Stimulus: 1.000
Output value 1.516

Q+ parameters
slope: 0.183 semiSat: 0.560 beta: 1.000 sigma: 0.062 
maxBOLD estimate = 1.516


Trial 36: qplus Stimulus Selection
Stimulus: 0.381
Output value 0.000

Q+ parameters
slope: 0.183 semiSat: 0.560 beta: 1.000 sigma: 0.062 
maxBOLD estimate = 1.516


Trial 37: qplus Stimulus Selection
Stimulus: 0.381
Output value 0.465

Q+ parameters
slope: 0.144 semiSat: 0.560 beta: 1.125 sigma: 0.062 
maxBOLD estimate = 1.516


Trial 38: qplus Stimulus Selection
Stimulus: 0.505
Output value 0.291

Q+ parameters
slope: 0.144 semiSat: 0.560 beta: 0.938 sigma: 0.062 
maxBOLD estimate = 1.705


Trial 39: qplus Stimulus Selection
Stimulus: 0.381
Output value 0.282

Q+ parameters
slope: 0.144 semiSat: 0.560 beta: 0.969 sigma: 0.062 
maxBOLD estimate = 1.599


Trial 40: baseline Stimulus Selection
Stimulus: 0.010
Output value 0.141

Q+ parameters
slope: 0.183 semiSat: 0.560 beta: 1.000 sigma: 0.062 
maxBOLD estimate = 1.549


Trial 41: qplus Stimulus Selection
Stimulus: 0.381
Output value 0.136

Q+ parameters
slope: 0.144 semiSat: 0.560 beta: 0.969 sigma: 0.062 
maxBOLD estimate = 1.549


Trial 42: qplus Stimulus Selection
Stimulus: 0.794
Output value 1.688

Q+ parameters
slope: 0.144 semiSat: 0.560 beta: 1.125 sigma: 0.062 
maxBOLD estimate = 1.500


Trial 43: qplus Stimulus Selection
Stimulus: 0.423
Output value 0.000

Q+ parameters
slope: 0.144 semiSat: 0.560 beta: 0.938 sigma: 0.062 
maxBOLD estimate = 1.688


Trial 44: qplus Stimulus Selection
Stimulus: 0.711
Output value 1.393

Q+ parameters
slope: 0.144 semiSat: 0.560 beta: 0.969 sigma: 0.062 
maxBOLD estimate = 1.582


Trial 45: maxBOLD Stimulus Selection
Stimulus: 1.000
Output value 1.672

Q+ parameters
slope: 0.183 semiSat: 0.560 beta: 1.000 sigma: 0.062 
maxBOLD estimate = 1.533


Trial 46: qplus Stimulus Selection
Stimulus: 0.629
Output value 1.115

Q+ parameters
slope: 0.144 semiSat: 0.560 beta: 1.000 sigma: 0.062 
maxBOLD estimate = 1.533


Trial 47: qplus Stimulus Selection
Stimulus: 0.381
Output value 0.000

Q+ parameters
slope: 0.183 semiSat: 0.560 beta: 1.000 sigma: 0.062 
maxBOLD estimate = 1.533


Trial 48: qplus Stimulus Selection
Stimulus: 0.711
Output value 1.393

Q+ parameters
slope: 0.183 semiSat: 0.560 beta: 1.000 sigma: 0.062 
maxBOLD estimate = 1.533


Trial 49: qplus Stimulus Selection
Stimulus: 0.629
Output value 1.115

Q+ parameters
slope: 0.183 semiSat: 0.560 beta: 1.000 sigma: 0.062 
maxBOLD estimate = 1.533


Trial 50: baseline Stimulus Selection
Stimulus: 0.010
Output value 0.139

Q+ parameters
slope: 0.183 semiSat: 0.560 beta: 1.000 sigma: 0.062 
maxBOLD estimate = 1.533


Trial 51: qplus Stimulus Selection
Stimulus: 0.629
Output value 1.115

Q+ parameters
slope: 0.183 semiSat: 0.560 beta: 1.000 sigma: 0.062 
maxBOLD estimate = 1.533


Trial 52: qplus Stimulus Selection
Stimulus: 0.629
Output value 0.836

Q+ parameters
slope: 0.144 semiSat: 0.560 beta: 1.000 sigma: 0.062 
maxBOLD estimate = 1.533


Trial 53: qplus Stimulus Selection
Stimulus: 0.505
Output value 0.000

Q+ parameters
slope: 0.144 semiSat: 0.560 beta: 1.000 sigma: 0.062 
maxBOLD estimate = 1.533


Trial 54: qplus Stimulus Selection
Stimulus: 0.588
Output value 0.836

Q+ parameters
slope: 0.144 semiSat: 0.560 beta: 1.000 sigma: 0.062 
maxBOLD estimate = 1.533


Trial 55: maxBOLD Stimulus Selection
Stimulus: 1.000
Output value 1.485

Q+ parameters
slope: 0.144 semiSat: 0.560 beta: 0.969 sigma: 0.062 
maxBOLD estimate = 1.533


Trial 56: qplus Stimulus Selection
Stimulus: 0.588
Output value 0.835

Q+ parameters
slope: 0.183 semiSat: 0.560 beta: 1.031 sigma: 0.062 
maxBOLD estimate = 1.485


Trial 57: qplus Stimulus Selection
Stimulus: 0.794
Output value 1.214

Q+ parameters
slope: 0.144 semiSat: 0.560 beta: 0.969 sigma: 0.062 
maxBOLD estimate = 1.531


Trial 58: qplus Stimulus Selection
Stimulus: 0.588
Output value 0.974

Q+ parameters
slope: 0.183 semiSat: 0.560 beta: 1.031 sigma: 0.062 
maxBOLD estimate = 1.483


Trial 59: qplus Stimulus Selection
Stimulus: 0.794
Output value 1.482

Q+ parameters
slope: 0.144 semiSat: 0.560 beta: 0.969 sigma: 0.062 
maxBOLD estimate = 1.530


Trial 60: baseline Stimulus Selection
Stimulus: 0.010
Output value -0.143

Q+ parameters
slope: 0.183 semiSat: 0.560 beta: 1.062 sigma: 0.062 
maxBOLD estimate = 1.482


Trial 61: qplus Stimulus Selection
Stimulus: 0.794
Output value 1.525

Q+ parameters
slope: 0.144 semiSat: 0.560 beta: 0.969 sigma: 0.062 
maxBOLD estimate = 1.575


Trial 62: qplus Stimulus Selection
Stimulus: 0.876
Output value 1.343

Q+ parameters
slope: 0.144 semiSat: 0.560 beta: 0.969 sigma: 0.062 
maxBOLD estimate = 1.525


Trial 63: qplus Stimulus Selection
Stimulus: 0.588
Output value 0.970

Q+ parameters
slope: 0.183 semiSat: 0.560 beta: 1.031 sigma: 0.062 
maxBOLD estimate = 1.478


Trial 64: qplus Stimulus Selection
Stimulus: 0.794
Output value 1.342

Q+ parameters
slope: 0.144 semiSat: 0.560 beta: 0.969 sigma: 0.062 
maxBOLD estimate = 1.524


Trial 65: maxBOLD Stimulus Selection
Stimulus: 1.000
Output value 1.522

Q+ parameters
slope: 0.183 semiSat: 0.560 beta: 1.031 sigma: 0.062 
maxBOLD estimate = 1.476


Trial 66: qplus Stimulus Selection
Stimulus: 0.794
Output value 1.609

Q+ parameters
slope: 0.144 semiSat: 0.560 beta: 0.969 sigma: 0.062 
maxBOLD estimate = 1.522


Trial 67: qplus Stimulus Selection
Stimulus: 0.588
Output value 0.855

Q+ parameters
slope: 0.183 semiSat: 0.560 beta: 1.062 sigma: 0.062 
maxBOLD estimate = 1.475


Trial 68: qplus Stimulus Selection
Stimulus: 0.794
Output value 1.380

Q+ parameters
slope: 0.144 semiSat: 0.560 beta: 0.969 sigma: 0.062 
maxBOLD estimate = 1.567


Trial 69: qplus Stimulus Selection
Stimulus: 0.876
Output value 1.471

Q+ parameters
slope: 0.144 semiSat: 0.560 beta: 0.969 sigma: 0.062 
maxBOLD estimate = 1.518


Trial 70: baseline Stimulus Selection
Stimulus: 0.010
Output value 0.000

Q+ parameters
slope: 0.183 semiSat: 0.560 beta: 1.062 sigma: 0.062 
maxBOLD estimate = 1.471


Trial 71: qplus Stimulus Selection
Stimulus: 0.794
Output value 1.239

Q+ parameters
slope: 0.144 semiSat: 0.560 beta: 0.969 sigma: 0.062 
maxBOLD estimate = 1.563


Trial 72: qplus Stimulus Selection
Stimulus: 0.381
Output value 0.267

Q+ parameters
slope: 0.144 semiSat: 0.560 beta: 0.969 sigma: 0.062 
maxBOLD estimate = 1.514


Trial 73: qplus Stimulus Selection
Stimulus: 0.588
Output value 1.133

Q+ parameters
slope: 0.183 semiSat: 0.560 beta: 1.062 sigma: 0.062 
maxBOLD estimate = 1.466


Trial 74: qplus Stimulus Selection
Stimulus: 0.794
Output value 1.594

Q+ parameters
slope: 0.183 semiSat: 0.560 beta: 0.938 sigma: 0.062 
maxBOLD estimate = 1.558


Trial 75: maxBOLD Stimulus Selection
Stimulus: 1.000
Output value 1.693

Q+ parameters
slope: 0.183 semiSat: 0.560 beta: 1.062 sigma: 0.062 
maxBOLD estimate = 1.461


Trial 76: qplus Stimulus Selection
Stimulus: 0.794
Output value 1.640

Q+ parameters
slope: 0.183 semiSat: 0.560 beta: 0.969 sigma: 0.062 
maxBOLD estimate = 1.552


Trial 77: qplus Stimulus Selection
Stimulus: 0.381
Output value -0.273

Q+ parameters
slope: 0.183 semiSat: 0.560 beta: 1.000 sigma: 0.062 
maxBOLD estimate = 1.504


Trial 78: qplus Stimulus Selection
Stimulus: 0.711
Output value 1.367

Q+ parameters
slope: 0.183 semiSat: 0.560 beta: 1.000 sigma: 0.062 
maxBOLD estimate = 1.504


Trial 79: qplus Stimulus Selection
Stimulus: 0.670
Output value 1.640

Q+ parameters
slope: 0.183 semiSat: 0.560 beta: 1.000 sigma: 0.062 
maxBOLD estimate = 1.504


Trial 80: baseline Stimulus Selection
Stimulus: 0.010
Output value 0.000

Q+ parameters
slope: 0.183 semiSat: 0.560 beta: 1.031 sigma: 0.062 
maxBOLD estimate = 1.504


Trial 81: qplus Stimulus Selection
Stimulus: 0.711
Output value 1.365

Q+ parameters
slope: 0.144 semiSat: 0.560 beta: 0.969 sigma: 0.062 
maxBOLD estimate = 1.551


Trial 82: qplus Stimulus Selection
Stimulus: 0.588
Output value 0.986

Q+ parameters
slope: 0.183 semiSat: 0.560 beta: 1.031 sigma: 0.062 
maxBOLD estimate = 1.502


Trial 83: qplus Stimulus Selection
Stimulus: 0.711
Output value 1.637

Q+ parameters
slope: 0.144 semiSat: 0.560 beta: 0.969 sigma: 0.062 
maxBOLD estimate = 1.549


Trial 84: qplus Stimulus Selection
Stimulus: 0.588
Output value 1.125

Q+ parameters
slope: 0.183 semiSat: 0.560 beta: 1.031 sigma: 0.062 
maxBOLD estimate = 1.501


Trial 85: maxBOLD Stimulus Selection
Stimulus: 1.000
Output value 1.635

Q+ parameters
slope: 0.144 semiSat: 0.560 beta: 0.969 sigma: 0.062 
maxBOLD estimate = 1.547


Trial 86: qplus Stimulus Selection
Stimulus: 0.588
Output value 1.124

Q+ parameters
slope: 0.183 semiSat: 0.560 beta: 1.031 sigma: 0.062 
maxBOLD estimate = 1.499


Trial 87: qplus Stimulus Selection
Stimulus: 0.711
Output value 1.498

Q+ parameters
slope: 0.183 semiSat: 0.560 beta: 0.969 sigma: 0.062 
maxBOLD estimate = 1.546


Trial 88: qplus Stimulus Selection
Stimulus: 0.381
Output value 0.000

Q+ parameters
slope: 0.183 semiSat: 0.560 beta: 1.031 sigma: 0.062 
maxBOLD estimate = 1.498


Trial 89: qplus Stimulus Selection
Stimulus: 0.959
Output value 1.632

Q+ parameters
slope: 0.183 semiSat: 0.560 beta: 0.969 sigma: 0.062 
maxBOLD estimate = 1.544


Trial 90: baseline Stimulus Selection
Stimulus: 0.010
Output value 0.000

Q+ parameters
slope: 0.183 semiSat: 0.560 beta: 1.031 sigma: 0.062 
maxBOLD estimate = 1.496


Trial 91: qplus Stimulus Selection
Stimulus: 0.711
Output value 1.631

Q+ parameters
slope: 0.183 semiSat: 0.560 beta: 0.969 sigma: 0.062 
maxBOLD estimate = 1.543


Trial 92: qplus Stimulus Selection
Stimulus: 0.381
Output value 0.136

Q+ parameters
slope: 0.183 semiSat: 0.560 beta: 1.000 sigma: 0.062 
maxBOLD estimate = 1.495


Trial 93: qplus Stimulus Selection
Stimulus: 0.711
Output value 1.541

Q+ parameters
slope: 0.183 semiSat: 0.560 beta: 1.031 sigma: 0.062 
maxBOLD estimate = 1.495


Trial 94: qplus Stimulus Selection
Stimulus: 0.711
Output value 1.629

Q+ parameters
slope: 0.144 semiSat: 0.560 beta: 0.969 sigma: 0.062 
maxBOLD estimate = 1.541


Trial 95: maxBOLD Stimulus Selection
Stimulus: 1.000
Output value 1.400

Q+ parameters
slope: 0.183 semiSat: 0.560 beta: 1.031 sigma: 0.062 
maxBOLD estimate = 1.493


Trial 96: qplus Stimulus Selection
Stimulus: 0.505
Output value 0.271

Q+ parameters
slope: 0.183 semiSat: 0.560 beta: 0.969 sigma: 0.062 
maxBOLD estimate = 1.540


Trial 97: qplus Stimulus Selection
Stimulus: 0.381
Output value 0.140

Q+ parameters
slope: 0.183 semiSat: 0.560 beta: 1.031 sigma: 0.062 
maxBOLD estimate = 1.492


Trial 98: qplus Stimulus Selection
Stimulus: 0.505
Output value 0.271

Q+ parameters
slope: 0.183 semiSat: 0.560 beta: 0.969 sigma: 0.062 
maxBOLD estimate = 1.538


Trial 99: qplus Stimulus Selection
Stimulus: 0.381
Output value 0.279

Q+ parameters
slope: 0.183 semiSat: 0.560 beta: 1.031 sigma: 0.062 
maxBOLD estimate = 1.490


Trial 100: baseline Stimulus Selection
Stimulus: 0.010
Output value 0.000

Q+ parameters
slope: 0.183 semiSat: 0.560 beta: 0.969 sigma: 0.062 
maxBOLD estimate = 1.537

--------------------------------------------------------------
FINAL VALUES
--------------------------------------------------------------
Simulated parameters:              slope: 0.200 semiSat: 0.570 beta: 1.000 sigma: 0.050 
Max posterior QUEST+ parameters:   slope: 0.144 semiSat: 0.560 beta: 0.969 sigma: 0.062 
Max BADS parameters:               slope: 0.191 semiSat: 0.586 beta: 1.000 sigma: 0.060 
maxBOLD estimate: 1.578
