/blue/stevenweisberg/stevenweisberg/MATLAB/projects/Weisberg_Aguirre_2020/scripts/run_sims
c30a-s25.ufhpc
Fri Nov 13 23:24:07 EST 2020
mkdir: cannot create directory ‘/blue/stevenweisberg/stevenweisberg/qpfMRIResults/model_parameter_set1/’: File exists
cp: cannot stat ‘/blue/stevenweisberg/stevenweisberg/qpfMRIResults/deploy_sim.sh’: No such file or directory
cp: cannot stat ‘/blue/stevenweisberg/stevenweisberg/qpfMRIResults/sim_wrapper.sh’: No such file or directory
------------------------------------------
Setting up environment variables
---
LD_LIBRARY_PATH is .:/apps/matlab/mcr/2020b/v99/runtime/glnxa64:/apps/matlab/mcr/2020b/v99/bin/glnxa64:/apps/matlab/mcr/2020b/v99/sys/os/glnxa64:/apps/matlab/mcr/2020b/v99/sys/opengl/lib/glnxa64
Warning: Executing startup failed in matlabrc.
This indicates a potentially serious problem in your MATLAB setup, which should be resolved as soon as possible.  Error detected was:
MATLAB:mpath:PathAlterationNotSupported
Modifying the search path is not supported by MATLAB Compiler. Remove functions that modify the search path from your MATLAB code. To make files visible to your deployed application, add the parent folder to your MATLAB session.
Warning: No stimulus domain specified. Defaulting to values between 0.01 and 1.
> In qpfmriParams (line 182)
In compiledSimulate (line 205)
Stimulus domain added from input.
Parameter slope specified as 0.41000
Parameter semiSat specified as 0.57000
Parameter beta specified as 1.00000
Parameter sigma specified as 0.25000
seed = 99seed = 104seed = 111seed = 111seed = 115seed = 101Initializing Q+. This may take a minute...
Elapsed time is 10.492042 seconds.
Simulated parameters:
slope: 0.410 semiSat: 0.570 beta: 1.000 sigma: 0.250 

Trial 1: baseline Stimulus Selection
Stimulus: 0.010
Output value 0.000

Q+ parameters
slope: 0.026 semiSat: 0.890 beta: 0.500 sigma: 0.010 
maxBOLD estimate = 1.000


Trial 2: maxBOLD Stimulus Selection
Stimulus: 1.000
Output value 1.364

Q+ parameters
slope: 0.055 semiSat: 0.670 beta: 1.250 sigma: 0.010 
maxBOLD estimate = 1.000


Trial 3: baseline Stimulus Selection
Stimulus: 0.010
Output value 0.511

Q+ parameters
slope: 0.043 semiSat: 0.780 beta: 1.125 sigma: 0.218 
maxBOLD estimate = 1.250


Trial 4: maxBOLD Stimulus Selection
Stimulus: 1.000
Output value 1.598

Q+ parameters
slope: 0.043 semiSat: 0.780 beta: 1.250 sigma: 0.166 
maxBOLD estimate = 1.406


Trial 5: baseline Stimulus Selection
Stimulus: 0.010
Output value 0.464

Q+ parameters
slope: 0.043 semiSat: 0.780 beta: 0.969 sigma: 0.166 
maxBOLD estimate = 1.758


Trial 6: maxBOLD Stimulus Selection
Stimulus: 1.000
Output value 1.161

Q+ parameters
slope: 0.055 semiSat: 0.670 beta: 1.250 sigma: 1.000 
maxBOLD estimate = 1.703


Trial 7: random Stimulus Selection
Stimulus: 0.051
Output value -0.290

Q+ parameters
slope: 0.034 semiSat: 0.890 beta: 0.750 sigma: 0.166 
maxBOLD estimate = 2.129


Trial 8: random Stimulus Selection
Stimulus: 0.588
Output value -0.218

Q+ parameters
slope: 0.144 semiSat: 0.890 beta: 1.500 sigma: 1.000 
maxBOLD estimate = 1.596


Trial 9: random Stimulus Selection
Stimulus: 0.876
Output value 0.653

Q+ parameters
slope: 0.144 semiSat: 0.670 beta: 0.500 sigma: 0.114 
maxBOLD estimate = 2.395


Trial 10: baseline Stimulus Selection
Stimulus: 0.010
Output value -0.245

Q+ parameters
slope: 0.055 semiSat: 0.340 beta: 1.125 sigma: 1.000 
maxBOLD estimate = 1.197


Trial 11: random Stimulus Selection
Stimulus: 0.794
Output value 1.531

Q+ parameters
slope: 0.055 semiSat: 0.450 beta: 1.250 sigma: 1.000 
maxBOLD estimate = 1.347


Trial 12: random Stimulus Selection
Stimulus: 0.010
Output value -0.325

Q+ parameters
slope: 0.379 semiSat: 0.670 beta: 1.062 sigma: 0.531 
maxBOLD estimate = 1.684


Trial 13: random Stimulus Selection
Stimulus: 0.959
Output value 0.407

Q+ parameters
slope: 0.298 semiSat: 0.670 beta: 0.500 sigma: 0.166 
maxBOLD estimate = 1.789


Trial 14: random Stimulus Selection
Stimulus: 0.959
Output value 0.610

Q+ parameters
slope: 0.034 semiSat: 0.450 beta: 1.250 sigma: 1.000 
maxBOLD estimate = 0.894


Trial 15: maxBOLD Stimulus Selection
Stimulus: 1.000
Output value 1.525

Q+ parameters
slope: 0.055 semiSat: 0.560 beta: 1.250 sigma: 0.375 
maxBOLD estimate = 1.118


Trial 16: random Stimulus Selection
Stimulus: 0.464
Output value -0.246

Q+ parameters
slope: 0.379 semiSat: 0.670 beta: 0.969 sigma: 0.323 
maxBOLD estimate = 1.398


Trial 17: random Stimulus Selection
Stimulus: 0.711
Output value 1.846

Q+ parameters
slope: 0.483 semiSat: 0.670 beta: 1.250 sigma: 0.323 
maxBOLD estimate = 1.354


Trial 18: random Stimulus Selection
Stimulus: 0.959
Output value 1.039

Q+ parameters
slope: 0.616 semiSat: 0.670 beta: 0.750 sigma: 0.218 
maxBOLD estimate = 1.692


Trial 19: random Stimulus Selection
Stimulus: 0.216
Output value -0.288

Q+ parameters
slope: 0.483 semiSat: 0.670 beta: 1.250 sigma: 0.323 
maxBOLD estimate = 1.269


Trial 20: baseline Stimulus Selection
Stimulus: 0.010
Output value -0.298

Q+ parameters
slope: 0.616 semiSat: 0.670 beta: 1.031 sigma: 0.323 
maxBOLD estimate = 1.587


Trial 21: random Stimulus Selection
Stimulus: 1.000
Output value 1.488

Q+ parameters
slope: 0.483 semiSat: 0.670 beta: 1.250 sigma: 0.375 
maxBOLD estimate = 1.636


Trial 22: random Stimulus Selection
Stimulus: 0.918
Output value 0.279

Q+ parameters
slope: 0.616 semiSat: 0.670 beta: 0.750 sigma: 0.218 
maxBOLD estimate = 2.045


Trial 23: random Stimulus Selection
Stimulus: 0.051
Output value -0.288

Q+ parameters
slope: 0.616 semiSat: 0.670 beta: 1.031 sigma: 0.323 
maxBOLD estimate = 1.534


Trial 24: random Stimulus Selection
Stimulus: 0.216
Output value -0.297

Q+ parameters
slope: 0.616 semiSat: 0.670 beta: 1.031 sigma: 0.323 
maxBOLD estimate = 1.582


Trial 25: maxBOLD Stimulus Selection
Stimulus: 1.000
Output value -0.148

Q+ parameters
slope: 0.379 semiSat: 0.670 beta: 0.500 sigma: 0.323 
maxBOLD estimate = 1.631


Trial 26: random Stimulus Selection
Stimulus: 1.000
Output value 0.742

Q+ parameters
slope: 0.055 semiSat: 0.560 beta: 1.250 sigma: 0.271 
maxBOLD estimate = 0.816


Trial 27: random Stimulus Selection
Stimulus: 0.092
Output value -0.162

Q+ parameters
slope: 0.010 semiSat: 0.780 beta: 0.875 sigma: 1.000 
maxBOLD estimate = 1.020


Trial 28: random Stimulus Selection
Stimulus: 0.381
Output value -0.081

Q+ parameters
slope: 0.379 semiSat: 0.670 beta: 0.500 sigma: 1.000 
maxBOLD estimate = 0.892


Trial 29: random Stimulus Selection
Stimulus: 0.257
Output value -0.035

Q+ parameters
slope: 0.010 semiSat: 0.120 beta: 0.875 sigma: 1.000 
maxBOLD estimate = 0.446


Trial 30: baseline Stimulus Selection
Stimulus: 0.010
Output value 0.373

Q+ parameters
slope: 0.010 semiSat: 0.120 beta: 0.875 sigma: 1.000 
maxBOLD estimate = 0.390

--------------------------------------------------------------
FINAL VALUES
--------------------------------------------------------------
Simulated parameters:              slope: 0.410 semiSat: 0.570 beta: 1.000 sigma: 0.250 
Max posterior QUEST+ parameters:   slope: 0.010 semiSat: 0.120 beta: 0.875 sigma: 1.000 
Max BADS parameters:               slope: 0.014 semiSat: 0.259 beta: 1.000 sigma: 1.000 
maxBOLD estimate: 0.342
