/blue/stevenweisberg/stevenweisberg/MATLAB/projects/Weisberg_Aguirre_2020/scripts/run_sims
c0706a-s7.ufhpc
Wed Apr  7 07:49:06 EDT 2021
mkdir: cannot create directory ‘/blue/stevenweisberg/stevenweisberg/qpfMRIResults/model_parameter_set2/’: File exists
cp: cannot stat ‘/blue/stevenweisberg/stevenweisberg/qpfMRIResults/deploy_sim.sh’: No such file or directory
cp: cannot stat ‘/blue/stevenweisberg/stevenweisberg/qpfMRIResults/sim_wrapper.sh’: No such file or directory
------------------------------------------
Setting up environment variables
---
LD_LIBRARY_PATH is .:/apps/matlab/mcr/2020b/v99/runtime/glnxa64:/apps/matlab/mcr/2020b/v99/bin/glnxa64:/apps/matlab/mcr/2020b/v99/sys/os/glnxa64:/apps/matlab/mcr/2020b/v99/sys/opengl/lib/glnxa64
Warning: Executing startup failed in matlabrc.
This indicates a potentially serious problem in your MATLAB setup, which should be resolved as soon as possible.  Error detected was:
MATLAB:mpath:PathAlterationNotSupported
Modifying the search path is not supported by MATLAB Compiler. Remove functions that modify the search path from your MATLAB code. To make files visible to your deployed application, add the parent folder to your MATLAB session.
Warning: No stimulus domain specified. Defaulting to values between 0.01 and 1.
> In qpfmriParams (line 182)
In compiledSimulate (line 205)
Stimulus domain added from input.
Parameter slope specified as 0.20000
Parameter semiSat specified as 0.57000
Parameter beta specified as 1.00000
Parameter sigma specified as 0.15000
seed = 99seed = 104seed = 111seed = 111seed = 115seed = 101Initializing Q+. This may take a minute...
Elapsed time is 6.720411 seconds.
Simulated parameters:
slope: 0.200 semiSat: 0.570 beta: 1.000 sigma: 0.150 

Trial 1: baseline Stimulus Selection
Stimulus: 0.010
Output value 0.000

Q+ parameters
slope: 0.026 semiSat: 0.890 beta: 0.500 sigma: 0.010 
maxBOLD estimate = 1.000


Trial 2: maxBOLD Stimulus Selection
Stimulus: 1.000
Output value 1.364

Q+ parameters
slope: 0.055 semiSat: 0.670 beta: 1.250 sigma: 0.010 
maxBOLD estimate = 1.000


Trial 3: baseline Stimulus Selection
Stimulus: 0.010
Output value -0.284

Q+ parameters
slope: 0.055 semiSat: 0.670 beta: 1.250 sigma: 0.114 
maxBOLD estimate = 1.250


Trial 4: maxBOLD Stimulus Selection
Stimulus: 1.000
Output value 1.438

Q+ parameters
slope: 0.055 semiSat: 0.670 beta: 1.125 sigma: 0.114 
maxBOLD estimate = 1.562


Trial 5: baseline Stimulus Selection
Stimulus: 0.010
Output value 0.180

Q+ parameters
slope: 0.055 semiSat: 0.670 beta: 1.125 sigma: 0.062 
maxBOLD estimate = 1.758


Trial 6: maxBOLD Stimulus Selection
Stimulus: 1.000
Output value 2.472

Q+ parameters
slope: 0.055 semiSat: 0.670 beta: 1.250 sigma: 0.166 
maxBOLD estimate = 1.978


Trial 7: qplus Stimulus Selection
Stimulus: 0.505
Output value 0.506

Q+ parameters
slope: 0.043 semiSat: 0.890 beta: 1.125 sigma: 0.114 
maxBOLD estimate = 2.472


Trial 8: qplus Stimulus Selection
Stimulus: 0.711
Output value 1.138

Q+ parameters
slope: 0.055 semiSat: 0.670 beta: 0.750 sigma: 0.114 
maxBOLD estimate = 2.781


Trial 9: qplus Stimulus Selection
Stimulus: 0.711
Output value 0.830

Q+ parameters
slope: 0.055 semiSat: 0.560 beta: 0.875 sigma: 0.114 
maxBOLD estimate = 2.086


Trial 10: baseline Stimulus Selection
Stimulus: 0.010
Output value 0.726

Q+ parameters
slope: 0.183 semiSat: 0.670 beta: 0.875 sigma: 0.218 
maxBOLD estimate = 1.825


Trial 11: qplus Stimulus Selection
Stimulus: 0.629
Output value -0.308

Q+ parameters
slope: 0.785 semiSat: 0.670 beta: 1.062 sigma: 0.166 
maxBOLD estimate = 1.597


Trial 12: qplus Stimulus Selection
Stimulus: 0.711
Output value 1.272

Q+ parameters
slope: 0.183 semiSat: 0.670 beta: 1.031 sigma: 0.114 
maxBOLD estimate = 1.697


Trial 13: qplus Stimulus Selection
Stimulus: 0.588
Output value 0.328

Q+ parameters
slope: 0.183 semiSat: 0.670 beta: 1.031 sigma: 0.114 
maxBOLD estimate = 1.750


Trial 14: qplus Stimulus Selection
Stimulus: 0.629
Output value 1.015

Q+ parameters
slope: 0.113 semiSat: 0.670 beta: 1.031 sigma: 0.114 
maxBOLD estimate = 1.804


Trial 15: maxBOLD Stimulus Selection
Stimulus: 1.000
Output value 0.381

Q+ parameters
slope: 0.089 semiSat: 0.560 beta: 0.750 sigma: 0.166 
maxBOLD estimate = 1.861


Trial 16: qplus Stimulus Selection
Stimulus: 0.505
Output value 1.142

Q+ parameters
slope: 0.089 semiSat: 0.670 beta: 1.500 sigma: 0.166 
maxBOLD estimate = 1.396


Trial 17: qplus Stimulus Selection
Stimulus: 0.464
Output value -0.333

Q+ parameters
slope: 0.089 semiSat: 0.670 beta: 0.875 sigma: 0.166 
maxBOLD estimate = 2.093


Trial 18: qplus Stimulus Selection
Stimulus: 0.711
Output value 0.437

Q+ parameters
slope: 0.089 semiSat: 0.670 beta: 0.875 sigma: 0.166 
maxBOLD estimate = 1.832


Trial 19: qplus Stimulus Selection
Stimulus: 0.753
Output value 1.084

Q+ parameters
slope: 0.113 semiSat: 0.670 beta: 1.062 sigma: 0.166 
maxBOLD estimate = 1.603


Trial 20: baseline Stimulus Selection
Stimulus: 0.010
Output value -0.387

Q+ parameters
slope: 0.089 semiSat: 0.670 beta: 1.250 sigma: 0.166 
maxBOLD estimate = 1.703


Trial 21: qplus Stimulus Selection
Stimulus: 0.629
Output value 1.185

Q+ parameters
slope: 0.089 semiSat: 0.670 beta: 0.875 sigma: 0.114 
maxBOLD estimate = 2.129


Trial 22: qplus Stimulus Selection
Stimulus: 0.629
Output value 1.185

Q+ parameters
slope: 0.183 semiSat: 0.560 beta: 0.875 sigma: 0.166 
maxBOLD estimate = 1.863


Trial 23: qplus Stimulus Selection
Stimulus: 0.588
Output value 0.861

Q+ parameters
slope: 0.144 semiSat: 0.560 beta: 0.969 sigma: 0.166 
maxBOLD estimate = 1.630


Trial 24: qplus Stimulus Selection
Stimulus: 0.505
Output value 0.762

Q+ parameters
slope: 0.144 semiSat: 0.560 beta: 1.062 sigma: 0.166 
maxBOLD estimate = 1.579


Trial 25: maxBOLD Stimulus Selection
Stimulus: 1.000
Output value 1.601

Q+ parameters
slope: 0.183 semiSat: 0.560 beta: 0.875 sigma: 0.166 
maxBOLD estimate = 1.677


Trial 26: qplus Stimulus Selection
Stimulus: 0.505
Output value 0.284

Q+ parameters
slope: 0.234 semiSat: 0.560 beta: 1.062 sigma: 0.166 
maxBOLD estimate = 1.468


Trial 27: qplus Stimulus Selection
Stimulus: 0.505
Output value 0.000

Q+ parameters
slope: 0.183 semiSat: 0.560 beta: 1.062 sigma: 0.166 
maxBOLD estimate = 1.560


Trial 28: qplus Stimulus Selection
Stimulus: 0.505
Output value 0.452

Q+ parameters
slope: 0.144 semiSat: 0.560 beta: 1.000 sigma: 0.166 
maxBOLD estimate = 1.657


Trial 29: qplus Stimulus Selection
Stimulus: 0.505
Output value -0.292

Q+ parameters
slope: 0.234 semiSat: 0.560 beta: 0.969 sigma: 0.166 
maxBOLD estimate = 1.657


Trial 30: baseline Stimulus Selection
Stimulus: 0.010
Output value 0.141

Q+ parameters
slope: 0.234 semiSat: 0.560 beta: 0.969 sigma: 0.166 
maxBOLD estimate = 1.605


Trial 31: qplus Stimulus Selection
Stimulus: 0.588
Output value 0.000

Q+ parameters
slope: 0.089 semiSat: 0.670 beta: 1.500 sigma: 0.166 
maxBOLD estimate = 1.555


Trial 32: qplus Stimulus Selection
Stimulus: 0.629
Output value 0.954

Q+ parameters
slope: 0.113 semiSat: 0.560 beta: 0.750 sigma: 0.114 
maxBOLD estimate = 2.333


Trial 33: qplus Stimulus Selection
Stimulus: 0.670
Output value 1.849

Q+ parameters
slope: 0.144 semiSat: 0.560 beta: 0.969 sigma: 0.166 
maxBOLD estimate = 1.749


Trial 34: qplus Stimulus Selection
Stimulus: 0.629
Output value 0.746

Q+ parameters
slope: 0.144 semiSat: 0.560 beta: 0.969 sigma: 0.166 
maxBOLD estimate = 1.695


Trial 35: maxBOLD Stimulus Selection
Stimulus: 1.000
Output value 1.590

Q+ parameters
slope: 0.144 semiSat: 0.560 beta: 0.969 sigma: 0.166 
maxBOLD estimate = 1.642


Trial 36: qplus Stimulus Selection
Stimulus: 0.588
Output value 1.383

Q+ parameters
slope: 0.183 semiSat: 0.560 beta: 1.062 sigma: 0.166 
maxBOLD estimate = 1.590


Trial 37: qplus Stimulus Selection
Stimulus: 0.505
Output value 0.446

Q+ parameters
slope: 0.144 semiSat: 0.560 beta: 0.969 sigma: 0.166 
maxBOLD estimate = 1.690


Trial 38: qplus Stimulus Selection
Stimulus: 0.505
Output value -0.288

Q+ parameters
slope: 0.234 semiSat: 0.560 beta: 0.969 sigma: 0.166 
maxBOLD estimate = 1.637


Trial 39: qplus Stimulus Selection
Stimulus: 0.588
Output value 1.072

Q+ parameters
slope: 0.183 semiSat: 0.560 beta: 1.062 sigma: 0.166 
maxBOLD estimate = 1.586


Trial 40: baseline Stimulus Selection
Stimulus: 0.010
Output value 0.536

Q+ parameters
slope: 0.234 semiSat: 0.560 beta: 0.875 sigma: 0.166 
maxBOLD estimate = 1.685


Trial 41: qplus Stimulus Selection
Stimulus: 0.629
Output value 1.424

Q+ parameters
slope: 0.234 semiSat: 0.560 beta: 1.062 sigma: 0.166 
maxBOLD estimate = 1.474


Trial 42: qplus Stimulus Selection
Stimulus: 0.505
Output value 0.454

Q+ parameters
slope: 0.183 semiSat: 0.560 beta: 1.062 sigma: 0.166 
maxBOLD estimate = 1.567


Trial 43: qplus Stimulus Selection
Stimulus: 0.505
Output value 0.000

Q+ parameters
slope: 0.234 semiSat: 0.560 beta: 0.969 sigma: 0.166 
maxBOLD estimate = 1.664


Trial 44: qplus Stimulus Selection
Stimulus: 0.505
Output value -0.151

Q+ parameters
slope: 0.234 semiSat: 0.560 beta: 1.031 sigma: 0.166 
maxBOLD estimate = 1.612


Trial 45: maxBOLD Stimulus Selection
Stimulus: 1.000
Output value 0.794

Q+ parameters
slope: 0.234 semiSat: 0.560 beta: 0.875 sigma: 0.166 
maxBOLD estimate = 1.663


Trial 46: qplus Stimulus Selection
Stimulus: 0.546
Output value 0.843

Q+ parameters
slope: 0.234 semiSat: 0.560 beta: 1.062 sigma: 0.166 
maxBOLD estimate = 1.455


Trial 47: qplus Stimulus Selection
Stimulus: 0.505
Output value -0.145

Q+ parameters
slope: 0.234 semiSat: 0.560 beta: 1.031 sigma: 0.166 
maxBOLD estimate = 1.546


Trial 48: qplus Stimulus Selection
Stimulus: 0.505
Output value 0.149

Q+ parameters
slope: 0.234 semiSat: 0.560 beta: 1.031 sigma: 0.166 
maxBOLD estimate = 1.594


Trial 49: qplus Stimulus Selection
Stimulus: 0.505
Output value 0.434

Q+ parameters
slope: 0.234 semiSat: 0.560 beta: 0.969 sigma: 0.166 
maxBOLD estimate = 1.644


Trial 50: baseline Stimulus Selection
Stimulus: 0.010
Output value 0.281

Q+ parameters
slope: 0.234 semiSat: 0.560 beta: 0.969 sigma: 0.166 
maxBOLD estimate = 1.593


Trial 51: qplus Stimulus Selection
Stimulus: 0.629
Output value -0.421

Q+ parameters
slope: 0.183 semiSat: 0.670 beta: 1.500 sigma: 0.271 
maxBOLD estimate = 1.543


Trial 52: qplus Stimulus Selection
Stimulus: 0.711
Output value 0.592

Q+ parameters
slope: 0.070 semiSat: 0.670 beta: 0.938 sigma: 0.114 
maxBOLD estimate = 2.314


Trial 53: qplus Stimulus Selection
Stimulus: 0.670
Output value 0.000

Q+ parameters
slope: 0.070 semiSat: 0.670 beta: 0.938 sigma: 0.114 
maxBOLD estimate = 2.170


Trial 54: qplus Stimulus Selection
Stimulus: 0.918
Output value 0.971

Q+ parameters
slope: 0.183 semiSat: 0.560 beta: 0.750 sigma: 0.114 
maxBOLD estimate = 2.034


Trial 55: maxBOLD Stimulus Selection
Stimulus: 1.000
Output value 1.248

Q+ parameters
slope: 0.144 semiSat: 0.560 beta: 1.000 sigma: 0.166 
maxBOLD estimate = 1.526


Trial 56: qplus Stimulus Selection
Stimulus: 0.505
Output value -0.134

Q+ parameters
slope: 0.234 semiSat: 0.560 beta: 0.969 sigma: 0.166 
maxBOLD estimate = 1.526


Trial 57: qplus Stimulus Selection
Stimulus: 0.505
Output value -0.130

Q+ parameters
slope: 0.234 semiSat: 0.560 beta: 0.969 sigma: 0.166 
maxBOLD estimate = 1.478


Trial 58: qplus Stimulus Selection
Stimulus: 0.505
Output value 0.415

Q+ parameters
slope: 0.234 semiSat: 0.560 beta: 1.062 sigma: 0.218 
maxBOLD estimate = 1.432


Trial 59: qplus Stimulus Selection
Stimulus: 0.505
Output value 0.968

Q+ parameters
slope: 0.144 semiSat: 0.560 beta: 1.000 sigma: 0.166 
maxBOLD estimate = 1.521


Trial 60: baseline Stimulus Selection
Stimulus: 0.010
Output value -0.147

Q+ parameters
slope: 0.183 semiSat: 0.560 beta: 1.062 sigma: 0.166 
maxBOLD estimate = 1.521


Trial 61: qplus Stimulus Selection
Stimulus: 0.505
Output value 1.157

Q+ parameters
slope: 0.183 semiSat: 0.560 beta: 0.875 sigma: 0.166 
maxBOLD estimate = 1.616


Trial 62: qplus Stimulus Selection
Stimulus: 0.670
Output value 1.639

Q+ parameters
slope: 0.183 semiSat: 0.560 beta: 1.062 sigma: 0.166 
maxBOLD estimate = 1.414


Trial 63: qplus Stimulus Selection
Stimulus: 0.505
Output value 0.820

Q+ parameters
slope: 0.144 semiSat: 0.560 beta: 1.000 sigma: 0.166 
maxBOLD estimate = 1.503


Trial 64: qplus Stimulus Selection
Stimulus: 0.588
Output value 1.503

Q+ parameters
slope: 0.144 semiSat: 0.560 beta: 1.000 sigma: 0.166 
maxBOLD estimate = 1.503


Trial 65: maxBOLD Stimulus Selection
Stimulus: 1.000
Output value 1.366

Q+ parameters
slope: 0.144 semiSat: 0.560 beta: 1.000 sigma: 0.166 
maxBOLD estimate = 1.503


Trial 66: qplus Stimulus Selection
Stimulus: 0.629
Output value 1.639

Q+ parameters
slope: 0.144 semiSat: 0.560 beta: 1.000 sigma: 0.166 
maxBOLD estimate = 1.503


Trial 67: qplus Stimulus Selection
Stimulus: 0.505
Output value 0.956

Q+ parameters
slope: 0.144 semiSat: 0.560 beta: 1.000 sigma: 0.166 
maxBOLD estimate = 1.503


Trial 68: qplus Stimulus Selection
Stimulus: 0.505
Output value 0.137

Q+ parameters
slope: 0.144 semiSat: 0.560 beta: 1.000 sigma: 0.166 
maxBOLD estimate = 1.503


Trial 69: qplus Stimulus Selection
Stimulus: 0.629
Output value 1.093

Q+ parameters
slope: 0.144 semiSat: 0.560 beta: 1.000 sigma: 0.166 
maxBOLD estimate = 1.503


Trial 70: baseline Stimulus Selection
Stimulus: 0.010
Output value 0.397

Q+ parameters
slope: 0.144 semiSat: 0.560 beta: 0.969 sigma: 0.166 
maxBOLD estimate = 1.503


Trial 71: qplus Stimulus Selection
Stimulus: 0.588
Output value 1.687

Q+ parameters
slope: 0.234 semiSat: 0.560 beta: 1.062 sigma: 0.218 
maxBOLD estimate = 1.456


Trial 72: qplus Stimulus Selection
Stimulus: 0.505
Output value 0.681

Q+ parameters
slope: 0.144 semiSat: 0.560 beta: 0.969 sigma: 0.166 
maxBOLD estimate = 1.547


Trial 73: qplus Stimulus Selection
Stimulus: 0.794
Output value 1.226

Q+ parameters
slope: 0.144 semiSat: 0.560 beta: 1.000 sigma: 0.166 
maxBOLD estimate = 1.498


Trial 74: qplus Stimulus Selection
Stimulus: 0.794
Output value 1.635

Q+ parameters
slope: 0.144 semiSat: 0.560 beta: 1.000 sigma: 0.166 
maxBOLD estimate = 1.498


Trial 75: maxBOLD Stimulus Selection
Stimulus: 1.000
Output value 0.817

Q+ parameters
slope: 0.144 semiSat: 0.560 beta: 1.000 sigma: 0.166 
maxBOLD estimate = 1.498


Trial 76: qplus Stimulus Selection
Stimulus: 0.588
Output value 0.817

Q+ parameters
slope: 0.144 semiSat: 0.560 beta: 1.000 sigma: 0.166 
maxBOLD estimate = 1.498


Trial 77: qplus Stimulus Selection
Stimulus: 0.588
Output value 1.090

Q+ parameters
slope: 0.144 semiSat: 0.560 beta: 1.000 sigma: 0.166 
maxBOLD estimate = 1.498


Trial 78: qplus Stimulus Selection
Stimulus: 0.588
Output value 0.817

Q+ parameters
slope: 0.144 semiSat: 0.560 beta: 1.000 sigma: 0.166 
maxBOLD estimate = 1.498


Trial 79: qplus Stimulus Selection
Stimulus: 0.588
Output value 0.817

Q+ parameters
slope: 0.144 semiSat: 0.560 beta: 1.000 sigma: 0.166 
maxBOLD estimate = 1.498


Trial 80: baseline Stimulus Selection
Stimulus: 0.010
Output value 0.358

Q+ parameters
slope: 0.234 semiSat: 0.560 beta: 0.875 sigma: 0.166 
maxBOLD estimate = 1.498


Trial 81: qplus Stimulus Selection
Stimulus: 0.629
Output value 1.520

Q+ parameters
slope: 0.234 semiSat: 0.560 beta: 1.062 sigma: 0.218 
maxBOLD estimate = 1.311


Trial 82: qplus Stimulus Selection
Stimulus: 0.505
Output value 1.104

Q+ parameters
slope: 0.234 semiSat: 0.560 beta: 0.969 sigma: 0.218 
maxBOLD estimate = 1.393


Trial 83: qplus Stimulus Selection
Stimulus: 0.505
Output value 0.782

Q+ parameters
slope: 0.183 semiSat: 0.560 beta: 1.062 sigma: 0.166 
maxBOLD estimate = 1.349


Trial 84: qplus Stimulus Selection
Stimulus: 0.505
Output value 0.000

Q+ parameters
slope: 0.144 semiSat: 0.560 beta: 1.000 sigma: 0.166 
maxBOLD estimate = 1.434


Trial 85: maxBOLD Stimulus Selection
Stimulus: 1.000
Output value 1.564

Q+ parameters
slope: 0.144 semiSat: 0.560 beta: 1.000 sigma: 0.166 
maxBOLD estimate = 1.434


Trial 86: qplus Stimulus Selection
Stimulus: 0.505
Output value 1.303

Q+ parameters
slope: 0.144 semiSat: 0.560 beta: 1.000 sigma: 0.166 
maxBOLD estimate = 1.434


Trial 87: qplus Stimulus Selection
Stimulus: 0.505
Output value 0.782

Q+ parameters
slope: 0.144 semiSat: 0.560 beta: 1.000 sigma: 0.166 
maxBOLD estimate = 1.434


Trial 88: qplus Stimulus Selection
Stimulus: 0.505
Output value 0.261

Q+ parameters
slope: 0.144 semiSat: 0.560 beta: 1.000 sigma: 0.166 
maxBOLD estimate = 1.434


Trial 89: qplus Stimulus Selection
Stimulus: 0.505
Output value 0.554

Q+ parameters
slope: 0.144 semiSat: 0.560 beta: 1.062 sigma: 0.166 
maxBOLD estimate = 1.434


Trial 90: baseline Stimulus Selection
Stimulus: 0.010
Output value 0.606

Q+ parameters
slope: 0.183 semiSat: 0.560 beta: 0.875 sigma: 0.166 
maxBOLD estimate = 1.523


Trial 91: qplus Stimulus Selection
Stimulus: 0.670
Output value 1.545

Q+ parameters
slope: 0.234 semiSat: 0.560 beta: 1.062 sigma: 0.218 
maxBOLD estimate = 1.333


Trial 92: qplus Stimulus Selection
Stimulus: 0.505
Output value 0.998

Q+ parameters
slope: 0.234 semiSat: 0.560 beta: 0.969 sigma: 0.218 
maxBOLD estimate = 1.416


Trial 93: qplus Stimulus Selection
Stimulus: 0.588
Output value 0.998

Q+ parameters
slope: 0.144 semiSat: 0.560 beta: 1.000 sigma: 0.166 
maxBOLD estimate = 1.372


Trial 94: qplus Stimulus Selection
Stimulus: 0.505
Output value 1.684

Q+ parameters
slope: 0.089 semiSat: 0.560 beta: 1.125 sigma: 0.218 
maxBOLD estimate = 1.372


Trial 95: maxBOLD Stimulus Selection
Stimulus: 1.000
Output value 1.473

Q+ parameters
slope: 0.183 semiSat: 0.560 beta: 0.875 sigma: 0.166 
maxBOLD estimate = 1.544


Trial 96: qplus Stimulus Selection
Stimulus: 0.670
Output value 1.565

Q+ parameters
slope: 0.234 semiSat: 0.560 beta: 1.062 sigma: 0.218 
maxBOLD estimate = 1.351


Trial 97: qplus Stimulus Selection
Stimulus: 0.505
Output value 0.913

Q+ parameters
slope: 0.144 semiSat: 0.560 beta: 1.000 sigma: 0.166 
maxBOLD estimate = 1.435


Trial 98: qplus Stimulus Selection
Stimulus: 0.505
Output value 0.783

Q+ parameters
slope: 0.144 semiSat: 0.560 beta: 1.000 sigma: 0.166 
maxBOLD estimate = 1.435


Trial 99: qplus Stimulus Selection
Stimulus: 0.505
Output value 0.652

Q+ parameters
slope: 0.144 semiSat: 0.560 beta: 1.000 sigma: 0.166 
maxBOLD estimate = 1.435


Trial 100: baseline Stimulus Selection
Stimulus: 0.010
Output value -0.277

Q+ parameters
slope: 0.183 semiSat: 0.560 beta: 1.062 sigma: 0.166 
maxBOLD estimate = 1.435

--------------------------------------------------------------
FINAL VALUES
--------------------------------------------------------------
Simulated parameters:              slope: 0.200 semiSat: 0.570 beta: 1.000 sigma: 0.150 
Max posterior QUEST+ parameters:   slope: 0.144 semiSat: 0.560 beta: 1.000 sigma: 0.166 
Max BADS parameters:               slope: 0.150 semiSat: 0.561 beta: 1.000 sigma: 0.175 
maxBOLD estimate: 1.524
