/blue/stevenweisberg/stevenweisberg/MATLAB/projects/Weisberg_Aguirre_2020/scripts/run_sims
c0700a-s1.ufhpc
Tue Apr  6 22:23:25 EDT 2021
mkdir: cannot create directory ‘/blue/stevenweisberg/stevenweisberg/qpfMRIResults/model_parameter_set2/’: File exists
cp: cannot stat ‘/blue/stevenweisberg/stevenweisberg/qpfMRIResults/deploy_sim.sh’: No such file or directory
cp: cannot stat ‘/blue/stevenweisberg/stevenweisberg/qpfMRIResults/sim_wrapper.sh’: No such file or directory
------------------------------------------
Setting up environment variables
---
LD_LIBRARY_PATH is .:/apps/matlab/mcr/2020b/v99/runtime/glnxa64:/apps/matlab/mcr/2020b/v99/bin/glnxa64:/apps/matlab/mcr/2020b/v99/sys/os/glnxa64:/apps/matlab/mcr/2020b/v99/sys/opengl/lib/glnxa64
Warning: Executing startup failed in matlabrc.
This indicates a potentially serious problem in your MATLAB setup, which should be resolved as soon as possible.  Error detected was:
MATLAB:mpath:PathAlterationNotSupported
Modifying the search path is not supported by MATLAB Compiler. Remove functions that modify the search path from your MATLAB code. To make files visible to your deployed application, add the parent folder to your MATLAB session.
Warning: No stimulus domain specified. Defaulting to values between 0.01 and 1.
> In qpfmriParams (line 182)
In compiledSimulate (line 205)
Stimulus domain added from input.
Parameter slope specified as 0.20000
Parameter semiSat specified as 0.57000
Parameter beta specified as 1.00000
Parameter sigma specified as 0.15000
seed = 99seed = 104seed = 111seed = 111seed = 115seed = 101Initializing Q+. This may take a minute...
Elapsed time is 7.661229 seconds.
Simulated parameters:
slope: 0.200 semiSat: 0.570 beta: 1.000 sigma: 0.150 

Trial 1: baseline Stimulus Selection
Stimulus: 0.010
Output value 0.000

Q+ parameters
slope: 0.026 semiSat: 0.890 beta: 0.500 sigma: 0.010 
maxBOLD estimate = 1.000


Trial 2: maxBOLD Stimulus Selection
Stimulus: 1.000
Output value 0.136

Q+ parameters
slope: 0.026 semiSat: 0.890 beta: 0.500 sigma: 0.010 
maxBOLD estimate = 1.000


Trial 3: baseline Stimulus Selection
Stimulus: 0.010
Output value 0.000

Q+ parameters
slope: 0.055 semiSat: 0.670 beta: 1.250 sigma: 0.010 
maxBOLD estimate = 0.500


Trial 4: maxBOLD Stimulus Selection
Stimulus: 1.000
Output value 0.852

Q+ parameters
slope: 0.055 semiSat: 0.670 beta: 1.250 sigma: 0.114 
maxBOLD estimate = 0.625


Trial 5: baseline Stimulus Selection
Stimulus: 0.010
Output value -0.213

Q+ parameters
slope: 0.026 semiSat: 0.670 beta: 1.500 sigma: 0.218 
maxBOLD estimate = 0.781


Trial 6: maxBOLD Stimulus Selection
Stimulus: 1.000
Output value 1.598

Q+ parameters
slope: 0.043 semiSat: 0.560 beta: 1.250 sigma: 0.114 
maxBOLD estimate = 1.172


Trial 7: qplus Stimulus Selection
Stimulus: 0.505
Output value 0.000

Q+ parameters
slope: 0.089 semiSat: 0.890 beta: 0.969 sigma: 0.114 
maxBOLD estimate = 1.465


Trial 8: qplus Stimulus Selection
Stimulus: 0.794
Output value 0.387

Q+ parameters
slope: 0.070 semiSat: 1.000 beta: 1.500 sigma: 0.114 
maxBOLD estimate = 1.419


Trial 9: qplus Stimulus Selection
Stimulus: 0.835
Output value 0.774

Q+ parameters
slope: 0.043 semiSat: 1.000 beta: 1.000 sigma: 0.062 
maxBOLD estimate = 2.129


Trial 10: baseline Stimulus Selection
Stimulus: 0.010
Output value 0.000

Q+ parameters
slope: 0.043 semiSat: 1.000 beta: 1.000 sigma: 0.062 
maxBOLD estimate = 2.129


Trial 11: qplus Stimulus Selection
Stimulus: 0.629
Output value 0.581

Q+ parameters
slope: 0.043 semiSat: 0.670 beta: 0.750 sigma: 0.062 
maxBOLD estimate = 2.129


Trial 12: qplus Stimulus Selection
Stimulus: 0.588
Output value 0.463

Q+ parameters
slope: 0.055 semiSat: 0.780 beta: 1.062 sigma: 0.114 
maxBOLD estimate = 1.596


Trial 13: qplus Stimulus Selection
Stimulus: 0.711
Output value 1.214

Q+ parameters
slope: 0.026 semiSat: 0.780 beta: 1.125 sigma: 0.114 
maxBOLD estimate = 1.696


Trial 14: qplus Stimulus Selection
Stimulus: 0.629
Output value 1.041

Q+ parameters
slope: 0.055 semiSat: 0.560 beta: 0.750 sigma: 0.114 
maxBOLD estimate = 1.908


Trial 15: maxBOLD Stimulus Selection
Stimulus: 1.000
Output value 1.952

Q+ parameters
slope: 0.055 semiSat: 0.670 beta: 1.250 sigma: 0.166 
maxBOLD estimate = 1.431


Trial 16: qplus Stimulus Selection
Stimulus: 0.464
Output value -0.285

Q+ parameters
slope: 0.089 semiSat: 0.670 beta: 0.875 sigma: 0.114 
maxBOLD estimate = 1.789


Trial 17: qplus Stimulus Selection
Stimulus: 0.629
Output value 0.551

Q+ parameters
slope: 0.070 semiSat: 0.670 beta: 0.969 sigma: 0.114 
maxBOLD estimate = 1.565


Trial 18: qplus Stimulus Selection
Stimulus: 0.629
Output value 1.206

Q+ parameters
slope: 0.183 semiSat: 0.560 beta: 0.875 sigma: 0.166 
maxBOLD estimate = 1.516


Trial 19: qplus Stimulus Selection
Stimulus: 0.505
Output value 0.351

Q+ parameters
slope: 0.144 semiSat: 0.560 beta: 0.969 sigma: 0.166 
maxBOLD estimate = 1.327


Trial 20: baseline Stimulus Selection
Stimulus: 0.010
Output value 1.578

Q+ parameters
slope: 0.026 semiSat: 0.780 beta: 1.500 sigma: 0.479 
maxBOLD estimate = 1.285


Trial 21: qplus Stimulus Selection
Stimulus: 1.000
Output value 0.613

Q+ parameters
slope: 1.000 semiSat: 0.560 beta: 0.500 sigma: 0.114 
maxBOLD estimate = 1.928


Trial 22: qplus Stimulus Selection
Stimulus: 0.918
Output value 1.117

Q+ parameters
slope: 0.379 semiSat: 0.560 beta: 1.062 sigma: 0.271 
maxBOLD estimate = 0.964


Trial 23: qplus Stimulus Selection
Stimulus: 0.505
Output value 1.048

Q+ parameters
slope: 0.234 semiSat: 0.560 beta: 1.125 sigma: 0.271 
maxBOLD estimate = 1.024


Trial 24: qplus Stimulus Selection
Stimulus: 0.423
Output value 0.111

Q+ parameters
slope: 0.144 semiSat: 0.560 beta: 1.062 sigma: 0.218 
maxBOLD estimate = 1.152


Trial 25: maxBOLD Stimulus Selection
Stimulus: 1.000
Output value 1.670

Q+ parameters
slope: 0.089 semiSat: 0.670 beta: 1.250 sigma: 0.166 
maxBOLD estimate = 1.224


Trial 26: qplus Stimulus Selection
Stimulus: 0.629
Output value 0.739

Q+ parameters
slope: 0.089 semiSat: 0.670 beta: 1.062 sigma: 0.166 
maxBOLD estimate = 1.530


Trial 27: qplus Stimulus Selection
Stimulus: 0.711
Output value 1.552

Q+ parameters
slope: 0.183 semiSat: 0.560 beta: 0.875 sigma: 0.166 
maxBOLD estimate = 1.626


Trial 28: qplus Stimulus Selection
Stimulus: 0.629
Output value 0.679

Q+ parameters
slope: 0.183 semiSat: 0.560 beta: 0.875 sigma: 0.166 
maxBOLD estimate = 1.423


Trial 29: qplus Stimulus Selection
Stimulus: 0.588
Output value 0.658

Q+ parameters
slope: 0.144 semiSat: 0.560 beta: 0.969 sigma: 0.166 
maxBOLD estimate = 1.245


Trial 30: baseline Stimulus Selection
Stimulus: 0.010
Output value 1.131

Q+ parameters
slope: 0.021 semiSat: 0.560 beta: 1.031 sigma: 0.531 
maxBOLD estimate = 1.206


Trial 31: qplus Stimulus Selection
Stimulus: 0.959
Output value 1.526

Q+ parameters
slope: 0.234 semiSat: 0.560 beta: 1.125 sigma: 0.218 
maxBOLD estimate = 1.244


Trial 32: qplus Stimulus Selection
Stimulus: 0.505
Output value 0.863

Q+ parameters
slope: 0.144 semiSat: 0.560 beta: 0.969 sigma: 0.166 
maxBOLD estimate = 1.399


Trial 33: qplus Stimulus Selection
Stimulus: 0.629
Output value 1.571

Q+ parameters
slope: 0.144 semiSat: 0.560 beta: 1.062 sigma: 0.218 
maxBOLD estimate = 1.356


Trial 34: qplus Stimulus Selection
Stimulus: 0.505
Output value 0.507

Q+ parameters
slope: 0.144 semiSat: 0.560 beta: 0.969 sigma: 0.166 
maxBOLD estimate = 1.440


Trial 35: maxBOLD Stimulus Selection
Stimulus: 1.000
Output value 1.475

Q+ parameters
slope: 0.144 semiSat: 0.560 beta: 0.969 sigma: 0.166 
maxBOLD estimate = 1.395


Trial 36: qplus Stimulus Selection
Stimulus: 0.629
Output value 0.833

Q+ parameters
slope: 0.144 semiSat: 0.560 beta: 0.969 sigma: 0.166 
maxBOLD estimate = 1.352


Trial 37: qplus Stimulus Selection
Stimulus: 0.629
Output value 1.518

Q+ parameters
slope: 0.144 semiSat: 0.560 beta: 1.062 sigma: 0.218 
maxBOLD estimate = 1.309


Trial 38: qplus Stimulus Selection
Stimulus: 0.505
Output value 0.613

Q+ parameters
slope: 0.144 semiSat: 0.560 beta: 0.969 sigma: 0.166 
maxBOLD estimate = 1.391


Trial 39: qplus Stimulus Selection
Stimulus: 0.629
Output value 1.068

Q+ parameters
slope: 0.144 semiSat: 0.560 beta: 0.969 sigma: 0.166 
maxBOLD estimate = 1.348


Trial 40: baseline Stimulus Selection
Stimulus: 0.010
Output value -0.126

Q+ parameters
slope: 0.144 semiSat: 0.560 beta: 1.062 sigma: 0.166 
maxBOLD estimate = 1.306


Trial 41: qplus Stimulus Selection
Stimulus: 0.505
Output value 0.489

Q+ parameters
slope: 0.144 semiSat: 0.560 beta: 0.969 sigma: 0.166 
maxBOLD estimate = 1.387


Trial 42: qplus Stimulus Selection
Stimulus: 0.505
Output value 0.592

Q+ parameters
slope: 0.144 semiSat: 0.560 beta: 0.969 sigma: 0.166 
maxBOLD estimate = 1.344


Trial 43: qplus Stimulus Selection
Stimulus: 0.423
Output value 0.229

Q+ parameters
slope: 0.144 semiSat: 0.560 beta: 0.969 sigma: 0.166 
maxBOLD estimate = 1.302


Trial 44: qplus Stimulus Selection
Stimulus: 0.505
Output value 1.720

Q+ parameters
slope: 0.113 semiSat: 0.560 beta: 1.250 sigma: 0.218 
maxBOLD estimate = 1.261


Trial 45: maxBOLD Stimulus Selection
Stimulus: 1.000
Output value 0.752

Q+ parameters
slope: 0.183 semiSat: 0.560 beta: 0.875 sigma: 0.166 
maxBOLD estimate = 1.577


Trial 46: qplus Stimulus Selection
Stimulus: 0.629
Output value 1.336

Q+ parameters
slope: 0.144 semiSat: 0.560 beta: 0.969 sigma: 0.166 
maxBOLD estimate = 1.379


Trial 47: qplus Stimulus Selection
Stimulus: 0.505
Output value 0.000

Q+ parameters
slope: 0.144 semiSat: 0.560 beta: 0.969 sigma: 0.166 
maxBOLD estimate = 1.336


Trial 48: qplus Stimulus Selection
Stimulus: 0.588
Output value 0.798

Q+ parameters
slope: 0.144 semiSat: 0.560 beta: 0.969 sigma: 0.166 
maxBOLD estimate = 1.295


Trial 49: qplus Stimulus Selection
Stimulus: 0.505
Output value 0.485

Q+ parameters
slope: 0.144 semiSat: 0.560 beta: 1.062 sigma: 0.218 
maxBOLD estimate = 1.254


Trial 50: baseline Stimulus Selection
Stimulus: 0.010
Output value -0.273

Q+ parameters
slope: 0.234 semiSat: 0.560 beta: 1.125 sigma: 0.218 
maxBOLD estimate = 1.333


Trial 51: qplus Stimulus Selection
Stimulus: 0.505
Output value -0.132

Q+ parameters
slope: 0.144 semiSat: 0.560 beta: 0.969 sigma: 0.166 
maxBOLD estimate = 1.499


Trial 52: qplus Stimulus Selection
Stimulus: 0.588
Output value 0.512

Q+ parameters
slope: 0.144 semiSat: 0.560 beta: 0.969 sigma: 0.166 
maxBOLD estimate = 1.452


Trial 53: qplus Stimulus Selection
Stimulus: 0.588
Output value 1.727

Q+ parameters
slope: 0.234 semiSat: 0.560 beta: 1.125 sigma: 0.218 
maxBOLD estimate = 1.407


Trial 54: qplus Stimulus Selection
Stimulus: 0.505
Output value 0.252

Q+ parameters
slope: 0.183 semiSat: 0.560 beta: 0.875 sigma: 0.166 
maxBOLD estimate = 1.583


Trial 55: maxBOLD Stimulus Selection
Stimulus: 1.000
Output value 1.416

Q+ parameters
slope: 0.234 semiSat: 0.560 beta: 1.125 sigma: 0.218 
maxBOLD estimate = 1.385


Trial 56: qplus Stimulus Selection
Stimulus: 0.505
Output value 0.744

Q+ parameters
slope: 0.183 semiSat: 0.560 beta: 0.875 sigma: 0.166 
maxBOLD estimate = 1.558


Trial 57: qplus Stimulus Selection
Stimulus: 0.629
Output value 1.394

Q+ parameters
slope: 0.234 semiSat: 0.560 beta: 1.125 sigma: 0.218 
maxBOLD estimate = 1.363


Trial 58: qplus Stimulus Selection
Stimulus: 0.505
Output value 1.216

Q+ parameters
slope: 0.144 semiSat: 0.560 beta: 0.969 sigma: 0.166 
maxBOLD estimate = 1.534


Trial 59: qplus Stimulus Selection
Stimulus: 0.629
Output value 1.047

Q+ parameters
slope: 0.144 semiSat: 0.560 beta: 0.969 sigma: 0.166 
maxBOLD estimate = 1.486


Trial 60: baseline Stimulus Selection
Stimulus: 0.010
Output value 0.442

Q+ parameters
slope: 0.234 semiSat: 0.560 beta: 1.125 sigma: 0.218 
maxBOLD estimate = 1.439


Trial 61: qplus Stimulus Selection
Stimulus: 0.505
Output value 1.720

Q+ parameters
slope: 0.144 semiSat: 0.560 beta: 1.062 sigma: 0.218 
maxBOLD estimate = 1.619


Trial 62: qplus Stimulus Selection
Stimulus: 0.670
Output value 0.958

Q+ parameters
slope: 0.144 semiSat: 0.560 beta: 0.875 sigma: 0.166 
maxBOLD estimate = 1.720


Trial 63: qplus Stimulus Selection
Stimulus: 0.464
Output value 0.582

Q+ parameters
slope: 0.144 semiSat: 0.560 beta: 1.062 sigma: 0.166 
maxBOLD estimate = 1.505


Trial 64: qplus Stimulus Selection
Stimulus: 0.505
Output value 0.563

Q+ parameters
slope: 0.144 semiSat: 0.560 beta: 0.969 sigma: 0.166 
maxBOLD estimate = 1.599


Trial 65: maxBOLD Stimulus Selection
Stimulus: 1.000
Output value 1.365

Q+ parameters
slope: 0.144 semiSat: 0.560 beta: 0.969 sigma: 0.166 
maxBOLD estimate = 1.549


Trial 66: qplus Stimulus Selection
Stimulus: 0.505
Output value -0.307

Q+ parameters
slope: 0.234 semiSat: 0.560 beta: 1.125 sigma: 0.218 
maxBOLD estimate = 1.501


Trial 67: qplus Stimulus Selection
Stimulus: 0.505
Output value -0.269

Q+ parameters
slope: 0.144 semiSat: 0.560 beta: 0.875 sigma: 0.166 
maxBOLD estimate = 1.689


Trial 68: qplus Stimulus Selection
Stimulus: 0.629
Output value 1.209

Q+ parameters
slope: 0.234 semiSat: 0.560 beta: 1.125 sigma: 0.218 
maxBOLD estimate = 1.478


Trial 69: qplus Stimulus Selection
Stimulus: 0.505
Output value 0.439

Q+ parameters
slope: 0.144 semiSat: 0.560 beta: 0.969 sigma: 0.166 
maxBOLD estimate = 1.662


Trial 70: baseline Stimulus Selection
Stimulus: 0.010
Output value -0.311

Q+ parameters
slope: 0.144 semiSat: 0.560 beta: 1.062 sigma: 0.166 
maxBOLD estimate = 1.610


Trial 71: qplus Stimulus Selection
Stimulus: 0.505
Output value 0.408

Q+ parameters
slope: 0.144 semiSat: 0.560 beta: 0.875 sigma: 0.166 
maxBOLD estimate = 1.711


Trial 72: qplus Stimulus Selection
Stimulus: 0.670
Output value 0.434

Q+ parameters
slope: 0.183 semiSat: 0.560 beta: 1.062 sigma: 0.218 
maxBOLD estimate = 1.497


Trial 73: qplus Stimulus Selection
Stimulus: 0.505
Output value 0.000

Q+ parameters
slope: 0.144 semiSat: 0.560 beta: 0.969 sigma: 0.166 
maxBOLD estimate = 1.591


Trial 74: qplus Stimulus Selection
Stimulus: 0.588
Output value 1.891

Q+ parameters
slope: 0.234 semiSat: 0.560 beta: 1.125 sigma: 0.218 
maxBOLD estimate = 1.541


Trial 75: maxBOLD Stimulus Selection
Stimulus: 1.000
Output value 1.655

Q+ parameters
slope: 0.144 semiSat: 0.560 beta: 0.875 sigma: 0.166 
maxBOLD estimate = 1.734


Trial 76: qplus Stimulus Selection
Stimulus: 0.670
Output value 0.931

Q+ parameters
slope: 0.234 semiSat: 0.560 beta: 1.125 sigma: 0.218 
maxBOLD estimate = 1.517


Trial 77: qplus Stimulus Selection
Stimulus: 0.546
Output value 0.950

Q+ parameters
slope: 0.144 semiSat: 0.560 beta: 0.875 sigma: 0.166 
maxBOLD estimate = 1.707


Trial 78: qplus Stimulus Selection
Stimulus: 0.670
Output value 0.916

Q+ parameters
slope: 0.234 semiSat: 0.560 beta: 1.125 sigma: 0.218 
maxBOLD estimate = 1.493


Trial 79: qplus Stimulus Selection
Stimulus: 0.505
Output value 0.267

Q+ parameters
slope: 0.144 semiSat: 0.560 beta: 0.875 sigma: 0.166 
maxBOLD estimate = 1.680


Trial 80: baseline Stimulus Selection
Stimulus: 0.010
Output value -0.301

Q+ parameters
slope: 0.234 semiSat: 0.560 beta: 1.125 sigma: 0.218 
maxBOLD estimate = 1.470


Trial 81: qplus Stimulus Selection
Stimulus: 0.505
Output value 0.291

Q+ parameters
slope: 0.144 semiSat: 0.560 beta: 0.969 sigma: 0.166 
maxBOLD estimate = 1.654


Trial 82: qplus Stimulus Selection
Stimulus: 0.629
Output value 0.846

Q+ parameters
slope: 0.144 semiSat: 0.560 beta: 0.969 sigma: 0.166 
maxBOLD estimate = 1.602


Trial 83: qplus Stimulus Selection
Stimulus: 0.588
Output value 0.899

Q+ parameters
slope: 0.183 semiSat: 0.560 beta: 1.062 sigma: 0.218 
maxBOLD estimate = 1.552


Trial 84: qplus Stimulus Selection
Stimulus: 0.546
Output value 0.436

Q+ parameters
slope: 0.144 semiSat: 0.560 beta: 0.969 sigma: 0.166 
maxBOLD estimate = 1.649


Trial 85: maxBOLD Stimulus Selection
Stimulus: 1.000
Output value 1.688

Q+ parameters
slope: 0.144 semiSat: 0.560 beta: 0.969 sigma: 0.166 
maxBOLD estimate = 1.597


Trial 86: qplus Stimulus Selection
Stimulus: 0.588
Output value 1.424

Q+ parameters
slope: 0.234 semiSat: 0.560 beta: 1.125 sigma: 0.218 
maxBOLD estimate = 1.547


Trial 87: qplus Stimulus Selection
Stimulus: 0.505
Output value -0.277

Q+ parameters
slope: 0.144 semiSat: 0.560 beta: 0.875 sigma: 0.166 
maxBOLD estimate = 1.741


Trial 88: qplus Stimulus Selection
Stimulus: 0.670
Output value 1.869

Q+ parameters
slope: 0.234 semiSat: 0.560 beta: 1.125 sigma: 0.218 
maxBOLD estimate = 1.523


Trial 89: qplus Stimulus Selection
Stimulus: 0.505
Output value -0.136

Q+ parameters
slope: 0.144 semiSat: 0.560 beta: 0.875 sigma: 0.166 
maxBOLD estimate = 1.714


Trial 90: baseline Stimulus Selection
Stimulus: 0.010
Output value -0.290

Q+ parameters
slope: 0.144 semiSat: 0.560 beta: 1.062 sigma: 0.166 
maxBOLD estimate = 1.499


Trial 91: qplus Stimulus Selection
Stimulus: 0.423
Output value 0.308

Q+ parameters
slope: 0.144 semiSat: 0.560 beta: 1.062 sigma: 0.166 
maxBOLD estimate = 1.593


Trial 92: qplus Stimulus Selection
Stimulus: 0.505
Output value -0.298

Q+ parameters
slope: 0.144 semiSat: 0.560 beta: 0.969 sigma: 0.166 
maxBOLD estimate = 1.693


Trial 93: qplus Stimulus Selection
Stimulus: 0.588
Output value -0.447

Q+ parameters
slope: 0.089 semiSat: 0.670 beta: 1.500 sigma: 0.218 
maxBOLD estimate = 1.640


Trial 94: qplus Stimulus Selection
Stimulus: 0.794
Output value 1.342

Q+ parameters
slope: 0.183 semiSat: 0.560 beta: 0.750 sigma: 0.114 
maxBOLD estimate = 2.460


Trial 95: maxBOLD Stimulus Selection
Stimulus: 1.000
Output value 0.440

Q+ parameters
slope: 0.144 semiSat: 0.560 beta: 0.875 sigma: 0.166 
maxBOLD estimate = 1.845


Trial 96: qplus Stimulus Selection
Stimulus: 0.670
Output value 1.564

Q+ parameters
slope: 0.144 semiSat: 0.560 beta: 0.969 sigma: 0.166 
maxBOLD estimate = 1.614


Trial 97: qplus Stimulus Selection
Stimulus: 0.588
Output value 1.439

Q+ parameters
slope: 0.183 semiSat: 0.560 beta: 1.125 sigma: 0.218 
maxBOLD estimate = 1.564


Trial 98: qplus Stimulus Selection
Stimulus: 0.505
Output value 0.000

Q+ parameters
slope: 0.144 semiSat: 0.560 beta: 0.875 sigma: 0.166 
maxBOLD estimate = 1.759


Trial 99: qplus Stimulus Selection
Stimulus: 0.670
Output value 1.574

Q+ parameters
slope: 0.183 semiSat: 0.560 beta: 1.125 sigma: 0.218 
maxBOLD estimate = 1.539


Trial 100: baseline Stimulus Selection
Stimulus: 0.010
Output value 0.276

Q+ parameters
slope: 0.144 semiSat: 0.560 beta: 0.875 sigma: 0.166 
maxBOLD estimate = 1.732

--------------------------------------------------------------
FINAL VALUES
--------------------------------------------------------------
Simulated parameters:              slope: 0.200 semiSat: 0.570 beta: 1.000 sigma: 0.150 
Max posterior QUEST+ parameters:   slope: 0.234 semiSat: 0.560 beta: 1.125 sigma: 0.218 
Max BADS parameters:               slope: 0.213 semiSat: 0.549 beta: 1.000 sigma: 0.192 
maxBOLD estimate: 1.522
