/blue/stevenweisberg/stevenweisberg/MATLAB/projects/Weisberg_Aguirre_2020/scripts/run_sims
c0700a-s5.ufhpc
Tue Apr  6 23:28:28 EDT 2021
mkdir: cannot create directory ‘/blue/stevenweisberg/stevenweisberg/qpfMRIResults/model_parameter_set2/’: File exists
cp: cannot stat ‘/blue/stevenweisberg/stevenweisberg/qpfMRIResults/deploy_sim.sh’: No such file or directory
cp: cannot stat ‘/blue/stevenweisberg/stevenweisberg/qpfMRIResults/sim_wrapper.sh’: No such file or directory
------------------------------------------
Setting up environment variables
---
LD_LIBRARY_PATH is .:/apps/matlab/mcr/2020b/v99/runtime/glnxa64:/apps/matlab/mcr/2020b/v99/bin/glnxa64:/apps/matlab/mcr/2020b/v99/sys/os/glnxa64:/apps/matlab/mcr/2020b/v99/sys/opengl/lib/glnxa64
Warning: Executing startup failed in matlabrc.
This indicates a potentially serious problem in your MATLAB setup, which should be resolved as soon as possible.  Error detected was:
MATLAB:mpath:PathAlterationNotSupported
Modifying the search path is not supported by MATLAB Compiler. Remove functions that modify the search path from your MATLAB code. To make files visible to your deployed application, add the parent folder to your MATLAB session.
Warning: No stimulus domain specified. Defaulting to values between 0.01 and 1.
> In qpfmriParams (line 182)
In compiledSimulate (line 205)
Stimulus domain added from input.
Parameter slope specified as 0.20000
Parameter semiSat specified as 0.57000
Parameter beta specified as 1.00000
Parameter sigma specified as 0.05000
seed = 99seed = 104seed = 111seed = 111seed = 115seed = 101Initializing Q+. This may take a minute...
Elapsed time is 7.083090 seconds.
Simulated parameters:
slope: 0.200 semiSat: 0.570 beta: 1.000 sigma: 0.050 

Trial 1: baseline Stimulus Selection
Stimulus: 0.010
Output value 0.000

Q+ parameters
slope: 0.026 semiSat: 0.890 beta: 0.500 sigma: 0.010 
maxBOLD estimate = 1.000


Trial 2: maxBOLD Stimulus Selection
Stimulus: 1.000
Output value 1.364

Q+ parameters
slope: 0.055 semiSat: 0.670 beta: 1.250 sigma: 0.010 
maxBOLD estimate = 1.000


Trial 3: baseline Stimulus Selection
Stimulus: 0.010
Output value 0.000

Q+ parameters
slope: 0.055 semiSat: 0.670 beta: 1.250 sigma: 0.010 
maxBOLD estimate = 1.250


Trial 4: maxBOLD Stimulus Selection
Stimulus: 1.000
Output value 2.131

Q+ parameters
slope: 0.055 semiSat: 0.670 beta: 1.250 sigma: 0.062 
maxBOLD estimate = 1.562


Trial 5: baseline Stimulus Selection
Stimulus: 0.010
Output value 0.000

Q+ parameters
slope: 0.043 semiSat: 0.780 beta: 1.125 sigma: 0.062 
maxBOLD estimate = 1.953


Trial 6: maxBOLD Stimulus Selection
Stimulus: 1.000
Output value 1.548

Q+ parameters
slope: 0.043 semiSat: 0.780 beta: 0.969 sigma: 0.062 
maxBOLD estimate = 2.197


Trial 7: qplus Stimulus Selection
Stimulus: 0.711
Output value 1.355

Q+ parameters
slope: 0.070 semiSat: 0.450 beta: 0.875 sigma: 0.062 
maxBOLD estimate = 2.129


Trial 8: qplus Stimulus Selection
Stimulus: 0.381
Output value 0.148

Q+ parameters
slope: 0.113 semiSat: 0.560 beta: 0.875 sigma: 0.062 
maxBOLD estimate = 1.863


Trial 9: qplus Stimulus Selection
Stimulus: 0.629
Output value 0.861

Q+ parameters
slope: 0.113 semiSat: 0.560 beta: 0.969 sigma: 0.062 
maxBOLD estimate = 1.630


Trial 10: baseline Stimulus Selection
Stimulus: 0.010
Output value 0.000

Q+ parameters
slope: 0.089 semiSat: 0.670 beta: 1.500 sigma: 0.062 
maxBOLD estimate = 1.579


Trial 11: qplus Stimulus Selection
Stimulus: 0.588
Output value 0.646

Q+ parameters
slope: 0.089 semiSat: 0.560 beta: 0.750 sigma: 0.062 
maxBOLD estimate = 2.368


Trial 12: qplus Stimulus Selection
Stimulus: 0.670
Output value 1.272

Q+ parameters
slope: 0.234 semiSat: 0.560 beta: 0.875 sigma: 0.062 
maxBOLD estimate = 1.776


Trial 13: qplus Stimulus Selection
Stimulus: 0.464
Output value 0.477

Q+ parameters
slope: 0.113 semiSat: 0.560 beta: 1.125 sigma: 0.062 
maxBOLD estimate = 1.554


Trial 14: qplus Stimulus Selection
Stimulus: 0.464
Output value 0.000

Q+ parameters
slope: 0.234 semiSat: 0.560 beta: 0.875 sigma: 0.062 
maxBOLD estimate = 1.748


Trial 15: maxBOLD Stimulus Selection
Stimulus: 1.000
Output value 1.878

Q+ parameters
slope: 0.144 semiSat: 0.560 beta: 1.125 sigma: 0.062 
maxBOLD estimate = 1.530


Trial 16: qplus Stimulus Selection
Stimulus: 0.505
Output value 0.000

Q+ parameters
slope: 0.234 semiSat: 0.560 beta: 0.875 sigma: 0.062 
maxBOLD estimate = 1.721


Trial 17: qplus Stimulus Selection
Stimulus: 0.629
Output value 1.455

Q+ parameters
slope: 0.183 semiSat: 0.560 beta: 1.062 sigma: 0.062 
maxBOLD estimate = 1.506


Trial 18: qplus Stimulus Selection
Stimulus: 0.505
Output value 0.141

Q+ parameters
slope: 0.234 semiSat: 0.560 beta: 0.969 sigma: 0.062 
maxBOLD estimate = 1.600


Trial 19: qplus Stimulus Selection
Stimulus: 0.546
Output value 0.599

Q+ parameters
slope: 0.183 semiSat: 0.560 beta: 1.062 sigma: 0.062 
maxBOLD estimate = 1.550


Trial 20: baseline Stimulus Selection
Stimulus: 0.010
Output value 0.131

Q+ parameters
slope: 0.234 semiSat: 0.560 beta: 0.875 sigma: 0.062 
maxBOLD estimate = 1.647


Trial 21: qplus Stimulus Selection
Stimulus: 0.423
Output value 0.000

Q+ parameters
slope: 0.183 semiSat: 0.560 beta: 1.062 sigma: 0.062 
maxBOLD estimate = 1.441


Trial 22: qplus Stimulus Selection
Stimulus: 0.505
Output value 0.444

Q+ parameters
slope: 0.183 semiSat: 0.560 beta: 1.062 sigma: 0.062 
maxBOLD estimate = 1.531


Trial 23: qplus Stimulus Selection
Stimulus: 0.505
Output value 0.148

Q+ parameters
slope: 0.234 semiSat: 0.560 beta: 1.000 sigma: 0.062 
maxBOLD estimate = 1.627


Trial 24: qplus Stimulus Selection
Stimulus: 0.711
Output value 1.433

Q+ parameters
slope: 0.234 semiSat: 0.560 beta: 0.969 sigma: 0.062 
maxBOLD estimate = 1.627


Trial 25: maxBOLD Stimulus Selection
Stimulus: 1.000
Output value 1.249

Q+ parameters
slope: 0.234 semiSat: 0.560 beta: 0.969 sigma: 0.062 
maxBOLD estimate = 1.576


Trial 26: qplus Stimulus Selection
Stimulus: 0.546
Output value 0.538

Q+ parameters
slope: 0.298 semiSat: 0.560 beta: 0.969 sigma: 0.062 
maxBOLD estimate = 1.527


Trial 27: qplus Stimulus Selection
Stimulus: 0.546
Output value 0.391

Q+ parameters
slope: 0.298 semiSat: 0.560 beta: 0.969 sigma: 0.062 
maxBOLD estimate = 1.479


Trial 28: qplus Stimulus Selection
Stimulus: 0.711
Output value 1.343

Q+ parameters
slope: 0.234 semiSat: 0.560 beta: 1.031 sigma: 0.062 
maxBOLD estimate = 1.433


Trial 29: qplus Stimulus Selection
Stimulus: 0.670
Output value 1.385

Q+ parameters
slope: 0.234 semiSat: 0.560 beta: 1.031 sigma: 0.062 
maxBOLD estimate = 1.478


Trial 30: baseline Stimulus Selection
Stimulus: 0.010
Output value 0.268

Q+ parameters
slope: 0.234 semiSat: 0.560 beta: 0.969 sigma: 0.062 
maxBOLD estimate = 1.524


Trial 31: qplus Stimulus Selection
Stimulus: 0.711
Output value 1.610

Q+ parameters
slope: 0.234 semiSat: 0.560 beta: 1.000 sigma: 0.062 
maxBOLD estimate = 1.476


Trial 32: qplus Stimulus Selection
Stimulus: 0.546
Output value 0.130

Q+ parameters
slope: 0.298 semiSat: 0.560 beta: 0.969 sigma: 0.062 
maxBOLD estimate = 1.476


Trial 33: qplus Stimulus Selection
Stimulus: 0.711
Output value 1.133

Q+ parameters
slope: 0.234 semiSat: 0.560 beta: 0.969 sigma: 0.062 
maxBOLD estimate = 1.430


Trial 34: qplus Stimulus Selection
Stimulus: 0.711
Output value 1.472

Q+ parameters
slope: 0.298 semiSat: 0.560 beta: 1.062 sigma: 0.062 
maxBOLD estimate = 1.385


Trial 35: maxBOLD Stimulus Selection
Stimulus: 1.000
Output value 1.296

Q+ parameters
slope: 0.298 semiSat: 0.560 beta: 0.969 sigma: 0.062 
maxBOLD estimate = 1.472


Trial 36: qplus Stimulus Selection
Stimulus: 0.711
Output value 1.507

Q+ parameters
slope: 0.298 semiSat: 0.560 beta: 0.969 sigma: 0.062 
maxBOLD estimate = 1.426


Trial 37: qplus Stimulus Selection
Stimulus: 0.546
Output value 0.801

Q+ parameters
slope: 0.298 semiSat: 0.560 beta: 1.062 sigma: 0.062 
maxBOLD estimate = 1.381


Trial 38: qplus Stimulus Selection
Stimulus: 0.588
Output value 0.905

Q+ parameters
slope: 0.298 semiSat: 0.560 beta: 0.969 sigma: 0.062 
maxBOLD estimate = 1.468


Trial 39: qplus Stimulus Selection
Stimulus: 0.546
Output value 0.824

Q+ parameters
slope: 0.183 semiSat: 0.560 beta: 1.062 sigma: 0.062 
maxBOLD estimate = 1.422


Trial 40: baseline Stimulus Selection
Stimulus: 0.010
Output value 0.000

Q+ parameters
slope: 0.234 semiSat: 0.560 beta: 0.969 sigma: 0.062 
maxBOLD estimate = 1.511


Trial 41: qplus Stimulus Selection
Stimulus: 0.711
Output value 1.330

Q+ parameters
slope: 0.234 semiSat: 0.560 beta: 1.000 sigma: 0.062 
maxBOLD estimate = 1.463


Trial 42: qplus Stimulus Selection
Stimulus: 0.505
Output value 0.133

Q+ parameters
slope: 0.234 semiSat: 0.560 beta: 1.000 sigma: 0.062 
maxBOLD estimate = 1.463


Trial 43: qplus Stimulus Selection
Stimulus: 0.546
Output value 0.931

Q+ parameters
slope: 0.234 semiSat: 0.560 beta: 1.000 sigma: 0.062 
maxBOLD estimate = 1.463


Trial 44: qplus Stimulus Selection
Stimulus: 0.670
Output value 1.031

Q+ parameters
slope: 0.298 semiSat: 0.560 beta: 0.969 sigma: 0.062 
maxBOLD estimate = 1.463


Trial 45: maxBOLD Stimulus Selection
Stimulus: 1.000
Output value 1.249

Q+ parameters
slope: 0.298 semiSat: 0.560 beta: 0.969 sigma: 0.062 
maxBOLD estimate = 1.418


Trial 46: qplus Stimulus Selection
Stimulus: 0.546
Output value 0.398

Q+ parameters
slope: 0.298 semiSat: 0.560 beta: 1.062 sigma: 0.062 
maxBOLD estimate = 1.373


Trial 47: qplus Stimulus Selection
Stimulus: 0.588
Output value 0.643

Q+ parameters
slope: 0.298 semiSat: 0.560 beta: 0.969 sigma: 0.062 
maxBOLD estimate = 1.459


Trial 48: qplus Stimulus Selection
Stimulus: 0.711
Output value 1.245

Q+ parameters
slope: 0.298 semiSat: 0.560 beta: 0.969 sigma: 0.062 
maxBOLD estimate = 1.414


Trial 49: qplus Stimulus Selection
Stimulus: 0.546
Output value 0.241

Q+ parameters
slope: 0.298 semiSat: 0.560 beta: 0.969 sigma: 0.062 
maxBOLD estimate = 1.369


Trial 50: baseline Stimulus Selection
Stimulus: 0.010
Output value 0.117

Q+ parameters
slope: 0.298 semiSat: 0.560 beta: 0.969 sigma: 0.062 
maxBOLD estimate = 1.327


Trial 51: qplus Stimulus Selection
Stimulus: 0.588
Output value 1.117

Q+ parameters
slope: 0.298 semiSat: 0.560 beta: 1.062 sigma: 0.062 
maxBOLD estimate = 1.285


Trial 52: qplus Stimulus Selection
Stimulus: 0.505
Output value 0.361

Q+ parameters
slope: 0.298 semiSat: 0.560 beta: 0.969 sigma: 0.062 
maxBOLD estimate = 1.366


Trial 53: qplus Stimulus Selection
Stimulus: 0.546
Output value 0.639

Q+ parameters
slope: 0.298 semiSat: 0.560 beta: 1.062 sigma: 0.062 
maxBOLD estimate = 1.323


Trial 54: qplus Stimulus Selection
Stimulus: 0.505
Output value 0.248

Q+ parameters
slope: 0.298 semiSat: 0.560 beta: 0.969 sigma: 0.062 
maxBOLD estimate = 1.406


Trial 55: maxBOLD Stimulus Selection
Stimulus: 1.000
Output value 1.578

Q+ parameters
slope: 0.298 semiSat: 0.560 beta: 1.062 sigma: 0.062 
maxBOLD estimate = 1.362


Trial 56: qplus Stimulus Selection
Stimulus: 0.588
Output value 1.019

Q+ parameters
slope: 0.298 semiSat: 0.560 beta: 0.969 sigma: 0.062 
maxBOLD estimate = 1.447


Trial 57: qplus Stimulus Selection
Stimulus: 0.711
Output value 1.358

Q+ parameters
slope: 0.298 semiSat: 0.560 beta: 0.969 sigma: 0.062 
maxBOLD estimate = 1.402


Trial 58: qplus Stimulus Selection
Stimulus: 0.546
Output value 0.262

Q+ parameters
slope: 0.298 semiSat: 0.560 beta: 1.062 sigma: 0.062 
maxBOLD estimate = 1.358


Trial 59: qplus Stimulus Selection
Stimulus: 0.546
Output value 0.254

Q+ parameters
slope: 0.298 semiSat: 0.560 beta: 0.969 sigma: 0.062 
maxBOLD estimate = 1.443


Trial 60: baseline Stimulus Selection
Stimulus: 0.010
Output value 0.000

Q+ parameters
slope: 0.298 semiSat: 0.560 beta: 0.969 sigma: 0.062 
maxBOLD estimate = 1.398


Trial 61: qplus Stimulus Selection
Stimulus: 0.588
Output value 0.477

Q+ parameters
slope: 0.298 semiSat: 0.560 beta: 0.969 sigma: 0.062 
maxBOLD estimate = 1.354


Trial 62: qplus Stimulus Selection
Stimulus: 0.546
Output value 0.507

Q+ parameters
slope: 0.298 semiSat: 0.560 beta: 1.062 sigma: 0.062 
maxBOLD estimate = 1.312


Trial 63: qplus Stimulus Selection
Stimulus: 0.505
Output value 0.245

Q+ parameters
slope: 0.298 semiSat: 0.560 beta: 0.969 sigma: 0.062 
maxBOLD estimate = 1.394


Trial 64: qplus Stimulus Selection
Stimulus: 0.546
Output value 0.357

Q+ parameters
slope: 0.298 semiSat: 0.560 beta: 0.969 sigma: 0.062 
maxBOLD estimate = 1.350


Trial 65: maxBOLD Stimulus Selection
Stimulus: 1.000
Output value 1.516

Q+ parameters
slope: 0.298 semiSat: 0.560 beta: 1.062 sigma: 0.062 
maxBOLD estimate = 1.308


Trial 66: qplus Stimulus Selection
Stimulus: 0.505
Output value 0.122

Q+ parameters
slope: 0.298 semiSat: 0.560 beta: 0.969 sigma: 0.062 
maxBOLD estimate = 1.390


Trial 67: qplus Stimulus Selection
Stimulus: 0.588
Output value 0.948

Q+ parameters
slope: 0.298 semiSat: 0.560 beta: 0.969 sigma: 0.062 
maxBOLD estimate = 1.346


Trial 68: qplus Stimulus Selection
Stimulus: 0.588
Output value 0.882

Q+ parameters
slope: 0.298 semiSat: 0.560 beta: 1.062 sigma: 0.062 
maxBOLD estimate = 1.304


Trial 69: qplus Stimulus Selection
Stimulus: 0.505
Output value -0.122

Q+ parameters
slope: 0.298 semiSat: 0.560 beta: 0.969 sigma: 0.062 
maxBOLD estimate = 1.386


Trial 70: baseline Stimulus Selection
Stimulus: 0.010
Output value 0.000

Q+ parameters
slope: 0.298 semiSat: 0.560 beta: 0.969 sigma: 0.062 
maxBOLD estimate = 1.342


Trial 71: qplus Stimulus Selection
Stimulus: 0.546
Output value 0.502

Q+ parameters
slope: 0.298 semiSat: 0.560 beta: 1.062 sigma: 0.062 
maxBOLD estimate = 1.300


Trial 72: qplus Stimulus Selection
Stimulus: 0.505
Output value 0.122

Q+ parameters
slope: 0.298 semiSat: 0.560 beta: 0.969 sigma: 0.062 
maxBOLD estimate = 1.382


Trial 73: qplus Stimulus Selection
Stimulus: 0.546
Output value 0.707

Q+ parameters
slope: 0.298 semiSat: 0.560 beta: 0.969 sigma: 0.062 
maxBOLD estimate = 1.338


Trial 74: qplus Stimulus Selection
Stimulus: 0.546
Output value 0.250

Q+ parameters
slope: 0.298 semiSat: 0.560 beta: 1.062 sigma: 0.062 
maxBOLD estimate = 1.297


Trial 75: maxBOLD Stimulus Selection
Stimulus: 1.000
Output value 1.456

Q+ parameters
slope: 0.298 semiSat: 0.560 beta: 0.969 sigma: 0.062 
maxBOLD estimate = 1.378


Trial 76: qplus Stimulus Selection
Stimulus: 0.588
Output value 0.705

Q+ parameters
slope: 0.298 semiSat: 0.560 beta: 0.969 sigma: 0.062 
maxBOLD estimate = 1.335


Trial 77: qplus Stimulus Selection
Stimulus: 0.546
Output value 0.624

Q+ parameters
slope: 0.298 semiSat: 0.560 beta: 1.062 sigma: 0.062 
maxBOLD estimate = 1.293


Trial 78: qplus Stimulus Selection
Stimulus: 0.505
Output value 0.484

Q+ parameters
slope: 0.298 semiSat: 0.560 beta: 0.969 sigma: 0.062 
maxBOLD estimate = 1.374


Trial 79: qplus Stimulus Selection
Stimulus: 0.546
Output value 0.586

Q+ parameters
slope: 0.298 semiSat: 0.560 beta: 0.969 sigma: 0.062 
maxBOLD estimate = 1.331


Trial 80: baseline Stimulus Selection
Stimulus: 0.010
Output value 0.125

Q+ parameters
slope: 0.298 semiSat: 0.560 beta: 1.062 sigma: 0.062 
maxBOLD estimate = 1.289


Trial 81: qplus Stimulus Selection
Stimulus: 0.505
Output value 0.362

Q+ parameters
slope: 0.298 semiSat: 0.560 beta: 0.969 sigma: 0.062 
maxBOLD estimate = 1.370


Trial 82: qplus Stimulus Selection
Stimulus: 0.546
Output value 0.584

Q+ parameters
slope: 0.298 semiSat: 0.560 beta: 0.969 sigma: 0.062 
maxBOLD estimate = 1.327


Trial 83: qplus Stimulus Selection
Stimulus: 0.546
Output value 0.497

Q+ parameters
slope: 0.298 semiSat: 0.560 beta: 1.062 sigma: 0.062 
maxBOLD estimate = 1.285


Trial 84: qplus Stimulus Selection
Stimulus: 0.546
Output value 0.481

Q+ parameters
slope: 0.298 semiSat: 0.560 beta: 0.969 sigma: 0.062 
maxBOLD estimate = 1.366


Trial 85: maxBOLD Stimulus Selection
Stimulus: 1.000
Output value 1.398

Q+ parameters
slope: 0.298 semiSat: 0.560 beta: 0.969 sigma: 0.062 
maxBOLD estimate = 1.323


Trial 86: qplus Stimulus Selection
Stimulus: 0.546
Output value 0.867

Q+ parameters
slope: 0.298 semiSat: 0.560 beta: 1.062 sigma: 0.062 
maxBOLD estimate = 1.282


Trial 87: qplus Stimulus Selection
Stimulus: 0.505
Output value 0.360

Q+ parameters
slope: 0.298 semiSat: 0.560 beta: 0.969 sigma: 0.062 
maxBOLD estimate = 1.362


Trial 88: qplus Stimulus Selection
Stimulus: 0.546
Output value 0.765

Q+ parameters
slope: 0.298 semiSat: 0.560 beta: 1.062 sigma: 0.062 
maxBOLD estimate = 1.319


Trial 89: qplus Stimulus Selection
Stimulus: 0.588
Output value 0.741

Q+ parameters
slope: 0.298 semiSat: 0.560 beta: 0.969 sigma: 0.062 
maxBOLD estimate = 1.402


Trial 90: baseline Stimulus Selection
Stimulus: 0.010
Output value -0.131

Q+ parameters
slope: 0.298 semiSat: 0.560 beta: 1.062 sigma: 0.062 
maxBOLD estimate = 1.358


Trial 91: qplus Stimulus Selection
Stimulus: 0.588
Output value 1.017

Q+ parameters
slope: 0.298 semiSat: 0.560 beta: 0.969 sigma: 0.062 
maxBOLD estimate = 1.443


Trial 92: qplus Stimulus Selection
Stimulus: 0.711
Output value 1.477

Q+ parameters
slope: 0.298 semiSat: 0.560 beta: 0.969 sigma: 0.062 
maxBOLD estimate = 1.398


Trial 93: qplus Stimulus Selection
Stimulus: 0.546
Output value 0.523

Q+ parameters
slope: 0.298 semiSat: 0.560 beta: 1.062 sigma: 0.062 
maxBOLD estimate = 1.354


Trial 94: qplus Stimulus Selection
Stimulus: 0.588
Output value 0.887

Q+ parameters
slope: 0.298 semiSat: 0.560 beta: 0.969 sigma: 0.062 
maxBOLD estimate = 1.439


Trial 95: maxBOLD Stimulus Selection
Stimulus: 1.000
Output value 1.350

Q+ parameters
slope: 0.298 semiSat: 0.560 beta: 0.969 sigma: 0.062 
maxBOLD estimate = 1.394


Trial 96: qplus Stimulus Selection
Stimulus: 0.546
Output value 0.522

Q+ parameters
slope: 0.298 semiSat: 0.560 beta: 1.062 sigma: 0.062 
maxBOLD estimate = 1.350


Trial 97: qplus Stimulus Selection
Stimulus: 0.588
Output value 0.758

Q+ parameters
slope: 0.298 semiSat: 0.560 beta: 0.969 sigma: 0.062 
maxBOLD estimate = 1.435


Trial 98: qplus Stimulus Selection
Stimulus: 0.711
Output value 1.224

Q+ parameters
slope: 0.298 semiSat: 0.560 beta: 0.969 sigma: 0.062 
maxBOLD estimate = 1.390


Trial 99: qplus Stimulus Selection
Stimulus: 0.546
Output value 0.474

Q+ parameters
slope: 0.298 semiSat: 0.560 beta: 0.969 sigma: 0.062 
maxBOLD estimate = 1.346


Trial 100: baseline Stimulus Selection
Stimulus: 0.010
Output value 0.000

Q+ parameters
slope: 0.298 semiSat: 0.560 beta: 1.062 sigma: 0.062 
maxBOLD estimate = 1.304

--------------------------------------------------------------
FINAL VALUES
--------------------------------------------------------------
Simulated parameters:              slope: 0.200 semiSat: 0.570 beta: 1.000 sigma: 0.050 
Max posterior QUEST+ parameters:   slope: 0.234 semiSat: 0.560 beta: 0.750 sigma: 0.062 
Max BADS parameters:               slope: 0.117 semiSat: 0.614 beta: 1.000 sigma: 0.073 
maxBOLD estimate: 1.915
