/blue/stevenweisberg/stevenweisberg/MATLAB/projects/Weisberg_Aguirre_2020/scripts/run_sims
c6a-s1.ufhpc
Thu Nov 12 18:09:40 EST 2020
cp: cannot stat ‘/blue/stevenweisberg/stevenweisberg/qpfMRIResults/deploy_sim.sh’: No such file or directory
cp: cannot stat ‘/blue/stevenweisberg/stevenweisberg/qpfMRIResults/sim_wrapper.sh’: No such file or directory
------------------------------------------
Setting up environment variables
---
LD_LIBRARY_PATH is .:/apps/matlab/mcr/2020b/v99/runtime/glnxa64:/apps/matlab/mcr/2020b/v99/bin/glnxa64:/apps/matlab/mcr/2020b/v99/sys/os/glnxa64:/apps/matlab/mcr/2020b/v99/sys/opengl/lib/glnxa64
Warning: Executing startup failed in matlabrc.
This indicates a potentially serious problem in your MATLAB setup, which should be resolved as soon as possible.  Error detected was:
MATLAB:mpath:PathAlterationNotSupported
Modifying the search path is not supported by MATLAB Compiler. Remove functions that modify the search path from your MATLAB code. To make files visible to your deployed application, add the parent folder to your MATLAB session.
Warning: No stimulus domain specified. Defaulting to values between 0.01 and 1.
> In qpfmriParams (line 182)
In compiledSimulate (line 205)
Stimulus domain added from input.
Parameter slope specified as 0.41000
Parameter semiSat specified as 0.57000
Parameter beta specified as 1.00000
Parameter sigma specified as 0.25000
seed = 99seed = 104seed = 111seed = 111seed = 115seed = 101Initializing Q+. This may take a minute...
Elapsed time is 22.087856 seconds.
Simulated parameters:
slope: 0.410 semiSat: 0.570 beta: 1.000 sigma: 0.250 

Trial 1: baseline Stimulus Selection
Stimulus: 0.010
Output value 0.000

Q+ parameters
slope: 0.026 semiSat: 0.890 beta: 0.500 sigma: 0.010 
maxBOLD estimate = 1.000


Trial 2: maxBOLD Stimulus Selection
Stimulus: 1.000
Output value 1.364

Q+ parameters
slope: 0.055 semiSat: 0.670 beta: 1.250 sigma: 0.010 
maxBOLD estimate = 1.000


Trial 3: baseline Stimulus Selection
Stimulus: 0.010
Output value 1.136

Q+ parameters
slope: 0.043 semiSat: 0.560 beta: 1.250 sigma: 1.000 
maxBOLD estimate = 1.250


Trial 4: maxBOLD Stimulus Selection
Stimulus: 1.000
Output value 0.533

Q+ parameters
slope: 0.043 semiSat: 0.780 beta: 1.250 sigma: 1.000 
maxBOLD estimate = 1.562


Trial 5: baseline Stimulus Selection
Stimulus: 0.010
Output value -0.444

Q+ parameters
slope: 0.055 semiSat: 0.670 beta: 1.250 sigma: 0.531 
maxBOLD estimate = 1.953


Trial 6: maxBOLD Stimulus Selection
Stimulus: 1.000
Output value 2.497

Q+ parameters
slope: 0.055 semiSat: 0.670 beta: 1.125 sigma: 0.427 
maxBOLD estimate = 2.441


Trial 7: random Stimulus Selection
Stimulus: 0.629
Output value 0.624

Q+ parameters
slope: 0.043 semiSat: 1.000 beta: 1.250 sigma: 0.166 
maxBOLD estimate = 2.747


Trial 8: random Stimulus Selection
Stimulus: 0.711
Output value 0.624

Q+ parameters
slope: 0.144 semiSat: 0.670 beta: 0.500 sigma: 0.114 
maxBOLD estimate = 3.433


Trial 9: random Stimulus Selection
Stimulus: 0.835
Output value 2.146

Q+ parameters
slope: 0.183 semiSat: 0.670 beta: 1.250 sigma: 0.218 
maxBOLD estimate = 1.717


Trial 10: baseline Stimulus Selection
Stimulus: 0.010
Output value 0.439

Q+ parameters
slope: 0.234 semiSat: 0.670 beta: 0.750 sigma: 0.166 
maxBOLD estimate = 2.146


Trial 11: random Stimulus Selection
Stimulus: 0.381
Output value 0.329

Q+ parameters
slope: 0.183 semiSat: 0.670 beta: 1.125 sigma: 0.218 
maxBOLD estimate = 1.609


Trial 12: random Stimulus Selection
Stimulus: 0.835
Output value 0.864

Q+ parameters
slope: 0.144 semiSat: 0.670 beta: 0.875 sigma: 0.218 
maxBOLD estimate = 1.810


Trial 13: random Stimulus Selection
Stimulus: 0.299
Output value -0.306

Q+ parameters
slope: 0.234 semiSat: 0.670 beta: 1.062 sigma: 0.218 
maxBOLD estimate = 1.584


Trial 14: random Stimulus Selection
Stimulus: 0.092
Output value -0.344

Q+ parameters
slope: 0.234 semiSat: 0.670 beta: 1.125 sigma: 0.271 
maxBOLD estimate = 1.683


Trial 15: maxBOLD Stimulus Selection
Stimulus: 1.000
Output value 0.516

Q+ parameters
slope: 0.183 semiSat: 0.670 beta: 0.750 sigma: 0.218 
maxBOLD estimate = 1.894


Trial 16: random Stimulus Selection
Stimulus: 0.918
Output value -0.129

Q+ parameters
slope: 0.298 semiSat: 0.780 beta: 0.500 sigma: 1.000 
maxBOLD estimate = 1.420


Trial 17: random Stimulus Selection
Stimulus: 0.505
Output value -0.121

Q+ parameters
slope: 0.021 semiSat: 0.450 beta: 0.938 sigma: 1.000 
maxBOLD estimate = 0.710


Trial 18: random Stimulus Selection
Stimulus: 0.670
Output value 0.749

Q+ parameters
slope: 0.013 semiSat: 0.560 beta: 1.031 sigma: 1.000 
maxBOLD estimate = 0.666


Trial 19: random Stimulus Selection
Stimulus: 0.670
Output value 0.772

Q+ parameters
slope: 0.013 semiSat: 0.560 beta: 1.031 sigma: 1.000 
maxBOLD estimate = 0.687


Trial 20: baseline Stimulus Selection
Stimulus: 0.010
Output value -0.133

Q+ parameters
slope: 0.021 semiSat: 0.560 beta: 1.031 sigma: 1.000 
maxBOLD estimate = 0.708


Trial 21: random Stimulus Selection
Stimulus: 0.340
Output value -0.137

Q+ parameters
slope: 0.021 semiSat: 0.560 beta: 1.031 sigma: 1.000 
maxBOLD estimate = 0.730


Trial 22: random Stimulus Selection
Stimulus: 0.257
Output value -0.205

Q+ parameters
slope: 0.026 semiSat: 0.780 beta: 1.500 sigma: 1.000 
maxBOLD estimate = 0.753


Trial 23: random Stimulus Selection
Stimulus: 0.588
Output value 0.398

Q+ parameters
slope: 0.055 semiSat: 0.560 beta: 0.969 sigma: 1.000 
maxBOLD estimate = 1.129


Trial 24: random Stimulus Selection
Stimulus: 0.876
Output value 0.845

Q+ parameters
slope: 0.034 semiSat: 0.560 beta: 1.062 sigma: 1.000 
maxBOLD estimate = 1.094


Trial 25: maxBOLD Stimulus Selection
Stimulus: 1.000
Output value 1.229

Q+ parameters
slope: 0.055 semiSat: 0.560 beta: 0.969 sigma: 1.000 
maxBOLD estimate = 1.162


Trial 26: random Stimulus Selection
Stimulus: 0.051
Output value -0.198

Q+ parameters
slope: 0.055 semiSat: 0.560 beta: 0.969 sigma: 1.000 
maxBOLD estimate = 1.126


Trial 27: random Stimulus Selection
Stimulus: 0.381
Output value -0.211

Q+ parameters
slope: 0.034 semiSat: 0.560 beta: 1.062 sigma: 1.000 
maxBOLD estimate = 1.091


Trial 28: random Stimulus Selection
Stimulus: 0.959
Output value 0.978

Q+ parameters
slope: 0.043 semiSat: 0.670 beta: 1.031 sigma: 1.000 
maxBOLD estimate = 1.159


Trial 29: random Stimulus Selection
Stimulus: 0.876
Output value 0.560

Q+ parameters
slope: 0.043 semiSat: 0.670 beta: 1.031 sigma: 1.000 
maxBOLD estimate = 1.195


Trial 30: baseline Stimulus Selection
Stimulus: 0.010
Output value -0.336

Q+ parameters
slope: 0.016 semiSat: 1.000 beta: 1.500 sigma: 1.000 
maxBOLD estimate = 1.233

--------------------------------------------------------------
FINAL VALUES
--------------------------------------------------------------
Simulated parameters:              slope: 0.410 semiSat: 0.570 beta: 1.000 sigma: 0.250 
Max posterior QUEST+ parameters:   slope: 0.616 semiSat: 0.560 beta: 0.750 sigma: 0.271 
Max BADS parameters:               slope: 0.456 semiSat: 0.603 beta: 1.000 sigma: 0.286 
maxBOLD estimate: 1.849
