/blue/stevenweisberg/stevenweisberg/MATLAB/projects/Weisberg_Aguirre_2020/scripts/run_sims
c26a-s25.ufhpc
Fri Nov 13 18:58:13 EST 2020
mkdir: cannot create directory ‘/blue/stevenweisberg/stevenweisberg/qpfMRIResults/model_parameter_set1/’: File exists
cp: cannot stat ‘/blue/stevenweisberg/stevenweisberg/qpfMRIResults/deploy_sim.sh’: No such file or directory
cp: cannot stat ‘/blue/stevenweisberg/stevenweisberg/qpfMRIResults/sim_wrapper.sh’: No such file or directory
------------------------------------------
Setting up environment variables
---
LD_LIBRARY_PATH is .:/apps/matlab/mcr/2020b/v99/runtime/glnxa64:/apps/matlab/mcr/2020b/v99/bin/glnxa64:/apps/matlab/mcr/2020b/v99/sys/os/glnxa64:/apps/matlab/mcr/2020b/v99/sys/opengl/lib/glnxa64
Warning: Executing startup failed in matlabrc.
This indicates a potentially serious problem in your MATLAB setup, which should be resolved as soon as possible.  Error detected was:
MATLAB:mpath:PathAlterationNotSupported
Modifying the search path is not supported by MATLAB Compiler. Remove functions that modify the search path from your MATLAB code. To make files visible to your deployed application, add the parent folder to your MATLAB session.
Warning: No stimulus domain specified. Defaulting to values between 0.01 and 1.
> In qpfmriParams (line 182)
In compiledSimulate (line 205)
Stimulus domain added from input.
Parameter slope specified as 0.41000
Parameter semiSat specified as 0.57000
Parameter beta specified as 1.00000
Parameter sigma specified as 0.25000
seed = 99seed = 104seed = 111seed = 111seed = 115seed = 101Initializing Q+. This may take a minute...
Elapsed time is 10.013847 seconds.
Simulated parameters:
slope: 0.410 semiSat: 0.570 beta: 1.000 sigma: 0.250 

Trial 1: baseline Stimulus Selection
Stimulus: 0.010
Output value 0.000

Q+ parameters
slope: 0.026 semiSat: 0.890 beta: 0.500 sigma: 0.010 
maxBOLD estimate = 1.000


Trial 2: maxBOLD Stimulus Selection
Stimulus: 1.000
Output value 0.136

Q+ parameters
slope: 0.026 semiSat: 0.890 beta: 0.500 sigma: 0.010 
maxBOLD estimate = 1.000


Trial 3: baseline Stimulus Selection
Stimulus: 0.010
Output value -0.136

Q+ parameters
slope: 0.016 semiSat: 0.450 beta: 1.500 sigma: 1.000 
maxBOLD estimate = 0.500


Trial 4: maxBOLD Stimulus Selection
Stimulus: 1.000
Output value 1.227

Q+ parameters
slope: 0.026 semiSat: 0.560 beta: 1.500 sigma: 1.000 
maxBOLD estimate = 0.750


Trial 5: baseline Stimulus Selection
Stimulus: 0.010
Output value -0.307

Q+ parameters
slope: 0.026 semiSat: 0.670 beta: 1.500 sigma: 1.000 
maxBOLD estimate = 1.125


Trial 6: maxBOLD Stimulus Selection
Stimulus: 1.000
Output value 2.109

Q+ parameters
slope: 0.055 semiSat: 0.670 beta: 1.250 sigma: 0.271 
maxBOLD estimate = 1.688


Trial 7: random Stimulus Selection
Stimulus: 0.959
Output value 3.164

Q+ parameters
slope: 0.055 semiSat: 0.670 beta: 1.500 sigma: 0.218 
maxBOLD estimate = 2.109


Trial 8: random Stimulus Selection
Stimulus: 0.299
Output value 0.252

Q+ parameters
slope: 0.043 semiSat: 0.780 beta: 0.875 sigma: 0.114 
maxBOLD estimate = 3.164


Trial 9: random Stimulus Selection
Stimulus: 0.257
Output value 0.189

Q+ parameters
slope: 0.183 semiSat: 0.340 beta: 0.750 sigma: 0.114 
maxBOLD estimate = 2.769


Trial 10: baseline Stimulus Selection
Stimulus: 0.010
Output value 0.000

Q+ parameters
slope: 0.298 semiSat: 0.340 beta: 1.500 sigma: 0.166 
maxBOLD estimate = 2.076


Trial 11: random Stimulus Selection
Stimulus: 0.175
Output value 0.496

Q+ parameters
slope: 0.043 semiSat: 0.780 beta: 0.875 sigma: 0.114 
maxBOLD estimate = 3.115


Trial 12: random Stimulus Selection
Stimulus: 0.959
Output value 1.301

Q+ parameters
slope: 0.089 semiSat: 0.450 beta: 0.750 sigma: 0.114 
maxBOLD estimate = 2.725


Trial 13: random Stimulus Selection
Stimulus: 0.257
Output value 0.790

Q+ parameters
slope: 0.183 semiSat: 0.340 beta: 1.062 sigma: 0.166 
maxBOLD estimate = 2.044


Trial 14: random Stimulus Selection
Stimulus: 0.216
Output value 2.073

Q+ parameters
slope: 0.089 semiSat: 0.450 beta: 1.500 sigma: 0.218 
maxBOLD estimate = 2.172


Trial 15: maxBOLD Stimulus Selection
Stimulus: 1.000
Output value 2.961

Q+ parameters
slope: 0.026 semiSat: 1.000 beta: 1.250 sigma: 0.114 
maxBOLD estimate = 3.258


Trial 16: random Stimulus Selection
Stimulus: 0.423
Output value -0.278

Q+ parameters
slope: 0.034 semiSat: 0.890 beta: 0.750 sigma: 0.114 
maxBOLD estimate = 4.072


Trial 17: random Stimulus Selection
Stimulus: 0.794
Output value 1.666

Q+ parameters
slope: 0.043 semiSat: 0.560 beta: 0.750 sigma: 0.114 
maxBOLD estimate = 3.054


Trial 18: random Stimulus Selection
Stimulus: 0.092
Output value 0.221

Q+ parameters
slope: 0.055 semiSat: 0.450 beta: 1.062 sigma: 0.166 
maxBOLD estimate = 2.290


Trial 19: random Stimulus Selection
Stimulus: 0.546
Output value 0.221

Q+ parameters
slope: 0.034 semiSat: 0.560 beta: 1.000 sigma: 0.166 
maxBOLD estimate = 2.434


Trial 20: baseline Stimulus Selection
Stimulus: 0.010
Output value -0.442

Q+ parameters
slope: 0.034 semiSat: 0.560 beta: 1.000 sigma: 0.166 
maxBOLD estimate = 2.434


Trial 21: random Stimulus Selection
Stimulus: 0.423
Output value 0.235

Q+ parameters
slope: 0.055 semiSat: 0.670 beta: 1.062 sigma: 0.166 
maxBOLD estimate = 2.434


Trial 22: random Stimulus Selection
Stimulus: 0.381
Output value 0.441

Q+ parameters
slope: 0.055 semiSat: 0.670 beta: 0.938 sigma: 0.166 
maxBOLD estimate = 2.586


Trial 23: random Stimulus Selection
Stimulus: 0.711
Output value 1.488

Q+ parameters
slope: 0.070 semiSat: 0.670 beta: 1.125 sigma: 0.218 
maxBOLD estimate = 2.424


Trial 24: random Stimulus Selection
Stimulus: 0.876
Output value 0.744

Q+ parameters
slope: 0.043 semiSat: 1.000 beta: 1.500 sigma: 0.166 
maxBOLD estimate = 2.727


Trial 25: maxBOLD Stimulus Selection
Stimulus: 1.000
Output value 1.081

Q+ parameters
slope: 0.034 semiSat: 1.000 beta: 0.969 sigma: 0.114 
maxBOLD estimate = 4.091


Trial 26: random Stimulus Selection
Stimulus: 0.216
Output value 0.698

Q+ parameters
slope: 0.034 semiSat: 1.000 beta: 0.969 sigma: 0.114 
maxBOLD estimate = 3.963


Trial 27: random Stimulus Selection
Stimulus: 0.588
Output value 0.676

Q+ parameters
slope: 0.034 semiSat: 1.000 beta: 0.969 sigma: 0.114 
maxBOLD estimate = 3.839


Trial 28: random Stimulus Selection
Stimulus: 0.134
Output value -0.592

Q+ parameters
slope: 0.043 semiSat: 0.890 beta: 0.875 sigma: 0.114 
maxBOLD estimate = 3.719


Trial 29: random Stimulus Selection
Stimulus: 0.918
Output value 1.294

Q+ parameters
slope: 0.043 semiSat: 0.890 beta: 0.875 sigma: 0.114 
maxBOLD estimate = 3.254


Trial 30: baseline Stimulus Selection
Stimulus: 0.010
Output value -0.647

Q+ parameters
slope: 0.026 semiSat: 1.000 beta: 1.250 sigma: 0.114 
maxBOLD estimate = 2.847

--------------------------------------------------------------
FINAL VALUES
--------------------------------------------------------------
Simulated parameters:              slope: 0.410 semiSat: 0.570 beta: 1.000 sigma: 0.250 
Max posterior QUEST+ parameters:   slope: 0.043 semiSat: 0.780 beta: 0.750 sigma: 0.114 
Max BADS parameters:               slope: 0.039 semiSat: 0.934 beta: 1.000 sigma: 0.100 
maxBOLD estimate: 3.640
