/blue/stevenweisberg/stevenweisberg/MATLAB/projects/Weisberg_Aguirre_2020/scripts/run_sims
c0700a-s1.ufhpc
Tue Apr  6 23:27:42 EDT 2021
mkdir: cannot create directory ‘/blue/stevenweisberg/stevenweisberg/qpfMRIResults/model_parameter_set2/’: File exists
cp: cannot stat ‘/blue/stevenweisberg/stevenweisberg/qpfMRIResults/deploy_sim.sh’: No such file or directory
cp: cannot stat ‘/blue/stevenweisberg/stevenweisberg/qpfMRIResults/sim_wrapper.sh’: No such file or directory
------------------------------------------
Setting up environment variables
---
LD_LIBRARY_PATH is .:/apps/matlab/mcr/2020b/v99/runtime/glnxa64:/apps/matlab/mcr/2020b/v99/bin/glnxa64:/apps/matlab/mcr/2020b/v99/sys/os/glnxa64:/apps/matlab/mcr/2020b/v99/sys/opengl/lib/glnxa64
Warning: Executing startup failed in matlabrc.
This indicates a potentially serious problem in your MATLAB setup, which should be resolved as soon as possible.  Error detected was:
MATLAB:mpath:PathAlterationNotSupported
Modifying the search path is not supported by MATLAB Compiler. Remove functions that modify the search path from your MATLAB code. To make files visible to your deployed application, add the parent folder to your MATLAB session.
Warning: No stimulus domain specified. Defaulting to values between 0.01 and 1.
> In qpfmriParams (line 182)
In compiledSimulate (line 205)
Stimulus domain added from input.
Parameter slope specified as 0.20000
Parameter semiSat specified as 0.57000
Parameter beta specified as 1.00000
Parameter sigma specified as 0.15000
seed = 99seed = 104seed = 111seed = 111seed = 115seed = 101Initializing Q+. This may take a minute...
Elapsed time is 7.999113 seconds.
Simulated parameters:
slope: 0.200 semiSat: 0.570 beta: 1.000 sigma: 0.150 

Trial 1: baseline Stimulus Selection
Stimulus: 0.010
Output value 0.000

Q+ parameters
slope: 0.026 semiSat: 0.890 beta: 0.500 sigma: 0.010 
maxBOLD estimate = 1.000


Trial 2: maxBOLD Stimulus Selection
Stimulus: 1.000
Output value 1.364

Q+ parameters
slope: 0.055 semiSat: 0.670 beta: 1.250 sigma: 0.010 
maxBOLD estimate = 1.000


Trial 3: baseline Stimulus Selection
Stimulus: 0.010
Output value -0.284

Q+ parameters
slope: 0.055 semiSat: 0.670 beta: 1.250 sigma: 0.114 
maxBOLD estimate = 1.250


Trial 4: maxBOLD Stimulus Selection
Stimulus: 1.000
Output value 2.131

Q+ parameters
slope: 0.055 semiSat: 0.670 beta: 1.250 sigma: 0.010 
maxBOLD estimate = 1.562


Trial 5: baseline Stimulus Selection
Stimulus: 0.010
Output value 0.666

Q+ parameters
slope: 0.043 semiSat: 0.780 beta: 1.250 sigma: 0.166 
maxBOLD estimate = 1.953


Trial 6: maxBOLD Stimulus Selection
Stimulus: 1.000
Output value 1.720

Q+ parameters
slope: 0.043 semiSat: 0.780 beta: 0.969 sigma: 0.114 
maxBOLD estimate = 2.441


Trial 7: random Stimulus Selection
Stimulus: 0.753
Output value 1.129

Q+ parameters
slope: 0.070 semiSat: 0.450 beta: 0.750 sigma: 0.114 
maxBOLD estimate = 2.365


Trial 8: random Stimulus Selection
Stimulus: 0.546
Output value 0.469

Q+ parameters
slope: 0.616 semiSat: 0.560 beta: 0.969 sigma: 0.062 
maxBOLD estimate = 1.774


Trial 9: random Stimulus Selection
Stimulus: 0.670
Output value 1.875

Q+ parameters
slope: 0.089 semiSat: 0.670 beta: 1.500 sigma: 0.062 
maxBOLD estimate = 1.718


Trial 10: baseline Stimulus Selection
Stimulus: 0.010
Output value 0.000

Q+ parameters
slope: 0.616 semiSat: 0.560 beta: 0.750 sigma: 0.062 
maxBOLD estimate = 2.578


Trial 11: random Stimulus Selection
Stimulus: 0.051
Output value -0.341

Q+ parameters
slope: 0.234 semiSat: 0.560 beta: 0.969 sigma: 0.114 
maxBOLD estimate = 1.933


Trial 12: random Stimulus Selection
Stimulus: 0.299
Output value -0.330

Q+ parameters
slope: 0.234 semiSat: 0.560 beta: 0.969 sigma: 0.114 
maxBOLD estimate = 1.873


Trial 13: random Stimulus Selection
Stimulus: 0.381
Output value -0.320

Q+ parameters
slope: 0.234 semiSat: 0.560 beta: 0.969 sigma: 0.114 
maxBOLD estimate = 1.814


Trial 14: random Stimulus Selection
Stimulus: 0.959
Output value 0.774

Q+ parameters
slope: 0.234 semiSat: 0.560 beta: 0.969 sigma: 0.166 
maxBOLD estimate = 1.758


Trial 15: maxBOLD Stimulus Selection
Stimulus: 1.000
Output value 1.016

Q+ parameters
slope: 0.234 semiSat: 0.560 beta: 0.938 sigma: 0.166 
maxBOLD estimate = 1.703


Trial 16: random Stimulus Selection
Stimulus: 0.299
Output value -0.308

Q+ parameters
slope: 0.379 semiSat: 0.560 beta: 1.062 sigma: 0.166 
maxBOLD estimate = 1.596


Trial 17: random Stimulus Selection
Stimulus: 0.464
Output value -0.308

Q+ parameters
slope: 0.379 semiSat: 0.560 beta: 1.000 sigma: 0.166 
maxBOLD estimate = 1.696


Trial 18: random Stimulus Selection
Stimulus: 0.876
Output value 0.723

Q+ parameters
slope: 0.379 semiSat: 0.560 beta: 0.938 sigma: 0.166 
maxBOLD estimate = 1.696


Trial 19: random Stimulus Selection
Stimulus: 0.051
Output value -0.289

Q+ parameters
slope: 0.379 semiSat: 0.560 beta: 1.000 sigma: 0.166 
maxBOLD estimate = 1.590


Trial 20: baseline Stimulus Selection
Stimulus: 0.010
Output value -0.325

Q+ parameters
slope: 0.379 semiSat: 0.560 beta: 1.125 sigma: 0.166 
maxBOLD estimate = 1.590


Trial 21: random Stimulus Selection
Stimulus: 0.794
Output value 1.220

Q+ parameters
slope: 0.379 semiSat: 0.560 beta: 0.938 sigma: 0.166 
maxBOLD estimate = 1.789


Trial 22: random Stimulus Selection
Stimulus: 0.546
Output value 0.610

Q+ parameters
slope: 0.379 semiSat: 0.560 beta: 1.000 sigma: 0.166 
maxBOLD estimate = 1.677


Trial 23: random Stimulus Selection
Stimulus: 0.753
Output value 0.858

Q+ parameters
slope: 0.379 semiSat: 0.560 beta: 0.938 sigma: 0.166 
maxBOLD estimate = 1.677


Trial 24: random Stimulus Selection
Stimulus: 0.876
Output value 1.822

Q+ parameters
slope: 0.379 semiSat: 0.560 beta: 1.062 sigma: 0.166 
maxBOLD estimate = 1.572


Trial 25: maxBOLD Stimulus Selection
Stimulus: 1.000
Output value 1.367

Q+ parameters
slope: 0.379 semiSat: 0.560 beta: 1.000 sigma: 0.166 
maxBOLD estimate = 1.670


Trial 26: random Stimulus Selection
Stimulus: 0.423
Output value -0.142

Q+ parameters
slope: 0.379 semiSat: 0.560 beta: 0.938 sigma: 0.166 
maxBOLD estimate = 1.670


Trial 27: random Stimulus Selection
Stimulus: 0.588
Output value 0.854

Q+ parameters
slope: 0.379 semiSat: 0.560 beta: 1.000 sigma: 0.166 
maxBOLD estimate = 1.566


Trial 28: random Stimulus Selection
Stimulus: 0.835
Output value 0.712

Q+ parameters
slope: 0.379 semiSat: 0.560 beta: 1.000 sigma: 0.166 
maxBOLD estimate = 1.566


Trial 29: random Stimulus Selection
Stimulus: 0.134
Output value -0.142

Q+ parameters
slope: 0.379 semiSat: 0.560 beta: 1.000 sigma: 0.166 
maxBOLD estimate = 1.566


Trial 30: baseline Stimulus Selection
Stimulus: 0.010
Output value -0.320

Q+ parameters
slope: 0.379 semiSat: 0.560 beta: 1.125 sigma: 0.166 
maxBOLD estimate = 1.566


Trial 31: random Stimulus Selection
Stimulus: 0.835
Output value 1.201

Q+ parameters
slope: 0.379 semiSat: 0.560 beta: 0.938 sigma: 0.166 
maxBOLD estimate = 1.762


Trial 32: random Stimulus Selection
Stimulus: 0.918
Output value 1.652

Q+ parameters
slope: 0.379 semiSat: 0.560 beta: 1.000 sigma: 0.166 
maxBOLD estimate = 1.652


Trial 33: random Stimulus Selection
Stimulus: 0.299
Output value 0.000

Q+ parameters
slope: 0.379 semiSat: 0.560 beta: 1.000 sigma: 0.166 
maxBOLD estimate = 1.652


Trial 34: random Stimulus Selection
Stimulus: 0.670
Output value 1.652

Q+ parameters
slope: 0.379 semiSat: 0.560 beta: 1.000 sigma: 0.166 
maxBOLD estimate = 1.652


Trial 35: maxBOLD Stimulus Selection
Stimulus: 1.000
Output value 1.351

Q+ parameters
slope: 0.379 semiSat: 0.560 beta: 1.000 sigma: 0.166 
maxBOLD estimate = 1.652


Trial 36: random Stimulus Selection
Stimulus: 0.092
Output value 0.000

Q+ parameters
slope: 0.379 semiSat: 0.560 beta: 1.000 sigma: 0.166 
maxBOLD estimate = 1.652


Trial 37: random Stimulus Selection
Stimulus: 0.876
Output value 1.802

Q+ parameters
slope: 0.379 semiSat: 0.560 beta: 1.000 sigma: 0.166 
maxBOLD estimate = 1.652


Trial 38: random Stimulus Selection
Stimulus: 0.051
Output value 0.300

Q+ parameters
slope: 0.379 semiSat: 0.560 beta: 1.000 sigma: 0.166 
maxBOLD estimate = 1.652


Trial 39: random Stimulus Selection
Stimulus: 0.670
Output value 1.201

Q+ parameters
slope: 0.379 semiSat: 0.560 beta: 1.000 sigma: 0.166 
maxBOLD estimate = 1.652


Trial 40: baseline Stimulus Selection
Stimulus: 0.010
Output value 0.300

Q+ parameters
slope: 0.379 semiSat: 0.560 beta: 1.000 sigma: 0.166 
maxBOLD estimate = 1.652


Trial 41: random Stimulus Selection
Stimulus: 0.753
Output value 1.802

Q+ parameters
slope: 0.379 semiSat: 0.560 beta: 1.000 sigma: 0.166 
maxBOLD estimate = 1.652


Trial 42: random Stimulus Selection
Stimulus: 0.794
Output value 1.201

Q+ parameters
slope: 0.379 semiSat: 0.560 beta: 1.000 sigma: 0.166 
maxBOLD estimate = 1.652


Trial 43: random Stimulus Selection
Stimulus: 0.464
Output value 0.000

Q+ parameters
slope: 0.379 semiSat: 0.560 beta: 1.000 sigma: 0.166 
maxBOLD estimate = 1.652


Trial 44: random Stimulus Selection
Stimulus: 0.134
Output value 0.150

Q+ parameters
slope: 0.379 semiSat: 0.560 beta: 1.000 sigma: 0.166 
maxBOLD estimate = 1.652


Trial 45: maxBOLD Stimulus Selection
Stimulus: 1.000
Output value 1.501

Q+ parameters
slope: 0.379 semiSat: 0.560 beta: 1.000 sigma: 0.166 
maxBOLD estimate = 1.652


Trial 46: random Stimulus Selection
Stimulus: 0.423
Output value -0.300

Q+ parameters
slope: 0.379 semiSat: 0.560 beta: 1.000 sigma: 0.166 
maxBOLD estimate = 1.652


Trial 47: random Stimulus Selection
Stimulus: 0.423
Output value -0.150

Q+ parameters
slope: 0.379 semiSat: 0.560 beta: 1.000 sigma: 0.166 
maxBOLD estimate = 1.652


Trial 48: random Stimulus Selection
Stimulus: 0.381
Output value -0.300

Q+ parameters
slope: 0.379 semiSat: 0.560 beta: 1.000 sigma: 0.166 
maxBOLD estimate = 1.652


Trial 49: random Stimulus Selection
Stimulus: 0.175
Output value -0.150

Q+ parameters
slope: 0.379 semiSat: 0.560 beta: 1.000 sigma: 0.166 
maxBOLD estimate = 1.652


Trial 50: baseline Stimulus Selection
Stimulus: 0.010
Output value -0.300

Q+ parameters
slope: 0.379 semiSat: 0.560 beta: 1.000 sigma: 0.166 
maxBOLD estimate = 1.652


Trial 51: random Stimulus Selection
Stimulus: 0.092
Output value -0.300

Q+ parameters
slope: 0.379 semiSat: 0.560 beta: 1.000 sigma: 0.166 
maxBOLD estimate = 1.652


Trial 52: random Stimulus Selection
Stimulus: 0.546
Output value 0.601

Q+ parameters
slope: 0.379 semiSat: 0.560 beta: 1.000 sigma: 0.166 
maxBOLD estimate = 1.652


Trial 53: random Stimulus Selection
Stimulus: 0.959
Output value 1.501

Q+ parameters
slope: 0.379 semiSat: 0.560 beta: 1.000 sigma: 0.166 
maxBOLD estimate = 1.652


Trial 54: random Stimulus Selection
Stimulus: 0.092
Output value 0.150

Q+ parameters
slope: 0.379 semiSat: 0.560 beta: 1.000 sigma: 0.166 
maxBOLD estimate = 1.652


Trial 55: maxBOLD Stimulus Selection
Stimulus: 1.000
Output value 1.652

Q+ parameters
slope: 0.379 semiSat: 0.560 beta: 1.000 sigma: 0.166 
maxBOLD estimate = 1.652


Trial 56: random Stimulus Selection
Stimulus: 0.423
Output value -0.300

Q+ parameters
slope: 0.379 semiSat: 0.560 beta: 1.000 sigma: 0.166 
maxBOLD estimate = 1.652


Trial 57: random Stimulus Selection
Stimulus: 0.010
Output value 0.300

Q+ parameters
slope: 0.379 semiSat: 0.560 beta: 1.000 sigma: 0.166 
maxBOLD estimate = 1.652


Trial 58: random Stimulus Selection
Stimulus: 0.381
Output value -0.300

Q+ parameters
slope: 0.379 semiSat: 0.560 beta: 1.000 sigma: 0.166 
maxBOLD estimate = 1.652


Trial 59: random Stimulus Selection
Stimulus: 0.546
Output value 0.751

Q+ parameters
slope: 0.379 semiSat: 0.560 beta: 1.000 sigma: 0.166 
maxBOLD estimate = 1.652


Trial 60: baseline Stimulus Selection
Stimulus: 0.010
Output value 0.141

Q+ parameters
slope: 0.379 semiSat: 0.560 beta: 0.938 sigma: 0.114 
maxBOLD estimate = 1.652


Trial 61: random Stimulus Selection
Stimulus: 0.010
Output value -0.158

Q+ parameters
slope: 0.379 semiSat: 0.560 beta: 1.125 sigma: 0.166 
maxBOLD estimate = 1.548


Trial 62: random Stimulus Selection
Stimulus: 0.835
Output value 1.742

Q+ parameters
slope: 0.379 semiSat: 0.560 beta: 1.000 sigma: 0.166 
maxBOLD estimate = 1.742


Trial 63: random Stimulus Selection
Stimulus: 1.000
Output value 1.742

Q+ parameters
slope: 0.379 semiSat: 0.560 beta: 1.000 sigma: 0.166 
maxBOLD estimate = 1.742


Trial 64: random Stimulus Selection
Stimulus: 0.216
Output value -0.317

Q+ parameters
slope: 0.379 semiSat: 0.560 beta: 1.000 sigma: 0.166 
maxBOLD estimate = 1.742


Trial 65: maxBOLD Stimulus Selection
Stimulus: 1.000
Output value 1.425

Q+ parameters
slope: 0.379 semiSat: 0.560 beta: 1.000 sigma: 0.166 
maxBOLD estimate = 1.742


Trial 66: random Stimulus Selection
Stimulus: 0.711
Output value 1.267

Q+ parameters
slope: 0.379 semiSat: 0.560 beta: 1.000 sigma: 0.166 
maxBOLD estimate = 1.742


Trial 67: random Stimulus Selection
Stimulus: 0.959
Output value 1.584

Q+ parameters
slope: 0.379 semiSat: 0.560 beta: 1.000 sigma: 0.166 
maxBOLD estimate = 1.742


Trial 68: random Stimulus Selection
Stimulus: 0.134
Output value 0.000

Q+ parameters
slope: 0.379 semiSat: 0.560 beta: 0.938 sigma: 0.166 
maxBOLD estimate = 1.742


Trial 69: random Stimulus Selection
Stimulus: 1.000
Output value 1.670

Q+ parameters
slope: 0.379 semiSat: 0.560 beta: 0.938 sigma: 0.114 
maxBOLD estimate = 1.633


Trial 70: baseline Stimulus Selection
Stimulus: 0.010
Output value -0.157

Q+ parameters
slope: 0.379 semiSat: 0.560 beta: 1.125 sigma: 0.166 
maxBOLD estimate = 1.531


Trial 71: random Stimulus Selection
Stimulus: 0.051
Output value 0.440

Q+ parameters
slope: 0.379 semiSat: 0.560 beta: 0.938 sigma: 0.114 
maxBOLD estimate = 1.722


Trial 72: random Stimulus Selection
Stimulus: 0.959
Output value 1.651

Q+ parameters
slope: 0.379 semiSat: 0.560 beta: 1.125 sigma: 0.166 
maxBOLD estimate = 1.615


Trial 73: random Stimulus Selection
Stimulus: 0.670
Output value 1.156

Q+ parameters
slope: 0.234 semiSat: 0.560 beta: 0.875 sigma: 0.114 
maxBOLD estimate = 1.817


Trial 74: random Stimulus Selection
Stimulus: 0.711
Output value 1.951

Q+ parameters
slope: 0.379 semiSat: 0.560 beta: 1.125 sigma: 0.166 
maxBOLD estimate = 1.590


Trial 75: maxBOLD Stimulus Selection
Stimulus: 1.000
Output value 1.372

Q+ parameters
slope: 0.379 semiSat: 0.560 beta: 0.938 sigma: 0.166 
maxBOLD estimate = 1.788


Trial 76: random Stimulus Selection
Stimulus: 0.711
Output value 1.715

Q+ parameters
slope: 0.379 semiSat: 0.560 beta: 0.938 sigma: 0.114 
maxBOLD estimate = 1.676


Trial 77: random Stimulus Selection
Stimulus: 0.299
Output value 0.000

Q+ parameters
slope: 0.379 semiSat: 0.560 beta: 1.125 sigma: 0.166 
maxBOLD estimate = 1.572


Trial 78: random Stimulus Selection
Stimulus: 0.423
Output value 0.000

Q+ parameters
slope: 0.379 semiSat: 0.560 beta: 0.938 sigma: 0.114 
maxBOLD estimate = 1.768


Trial 79: random Stimulus Selection
Stimulus: 0.216
Output value 0.603

Q+ parameters
slope: 0.379 semiSat: 0.560 beta: 1.000 sigma: 0.166 
maxBOLD estimate = 1.658


Trial 80: baseline Stimulus Selection
Stimulus: 0.010
Output value 0.753

Q+ parameters
slope: 0.379 semiSat: 0.560 beta: 1.000 sigma: 0.166 
maxBOLD estimate = 1.658


Trial 81: random Stimulus Selection
Stimulus: 0.423
Output value 0.603

Q+ parameters
slope: 0.379 semiSat: 0.560 beta: 1.000 sigma: 0.166 
maxBOLD estimate = 1.658


Trial 82: random Stimulus Selection
Stimulus: 0.670
Output value 1.507

Q+ parameters
slope: 0.379 semiSat: 0.560 beta: 1.000 sigma: 0.166 
maxBOLD estimate = 1.658


Trial 83: random Stimulus Selection
Stimulus: 0.134
Output value 0.904

Q+ parameters
slope: 0.379 semiSat: 0.560 beta: 1.000 sigma: 0.166 
maxBOLD estimate = 1.658


Trial 84: random Stimulus Selection
Stimulus: 0.753
Output value 1.808

Q+ parameters
slope: 0.379 semiSat: 0.560 beta: 1.000 sigma: 0.166 
maxBOLD estimate = 1.658


Trial 85: maxBOLD Stimulus Selection
Stimulus: 1.000
Output value 1.808

Q+ parameters
slope: 0.379 semiSat: 0.560 beta: 1.000 sigma: 0.166 
maxBOLD estimate = 1.658


Trial 86: random Stimulus Selection
Stimulus: 0.753
Output value 1.808

Q+ parameters
slope: 0.379 semiSat: 0.560 beta: 1.000 sigma: 0.166 
maxBOLD estimate = 1.658


Trial 87: random Stimulus Selection
Stimulus: 0.876
Output value 1.507

Q+ parameters
slope: 0.379 semiSat: 0.560 beta: 1.000 sigma: 0.166 
maxBOLD estimate = 1.658


Trial 88: random Stimulus Selection
Stimulus: 0.299
Output value 0.603

Q+ parameters
slope: 0.379 semiSat: 0.560 beta: 1.000 sigma: 0.166 
maxBOLD estimate = 1.658


Trial 89: random Stimulus Selection
Stimulus: 0.670
Output value 1.507

Q+ parameters
slope: 0.379 semiSat: 0.560 beta: 1.000 sigma: 0.166 
maxBOLD estimate = 1.658


Trial 90: baseline Stimulus Selection
Stimulus: 0.010
Output value -0.160

Q+ parameters
slope: 0.379 semiSat: 0.560 beta: 1.062 sigma: 0.166 
maxBOLD estimate = 1.658


Trial 91: random Stimulus Selection
Stimulus: 0.670
Output value 1.241

Q+ parameters
slope: 0.379 semiSat: 0.560 beta: 0.969 sigma: 0.166 
maxBOLD estimate = 1.761


Trial 92: random Stimulus Selection
Stimulus: 0.464
Output value 0.155

Q+ parameters
slope: 0.379 semiSat: 0.560 beta: 1.000 sigma: 0.166 
maxBOLD estimate = 1.706


Trial 93: random Stimulus Selection
Stimulus: 0.092
Output value 0.155

Q+ parameters
slope: 0.379 semiSat: 0.560 beta: 1.000 sigma: 0.166 
maxBOLD estimate = 1.706


Trial 94: random Stimulus Selection
Stimulus: 0.794
Output value 1.861

Q+ parameters
slope: 0.379 semiSat: 0.560 beta: 1.000 sigma: 0.166 
maxBOLD estimate = 1.706


Trial 95: maxBOLD Stimulus Selection
Stimulus: 1.000
Output value 1.861

Q+ parameters
slope: 0.379 semiSat: 0.560 beta: 1.000 sigma: 0.166 
maxBOLD estimate = 1.706


Trial 96: random Stimulus Selection
Stimulus: 0.092
Output value 0.310

Q+ parameters
slope: 0.379 semiSat: 0.560 beta: 1.000 sigma: 0.166 
maxBOLD estimate = 1.706


Trial 97: random Stimulus Selection
Stimulus: 0.959
Output value 1.861

Q+ parameters
slope: 0.379 semiSat: 0.560 beta: 1.000 sigma: 0.166 
maxBOLD estimate = 1.706


Trial 98: random Stimulus Selection
Stimulus: 0.670
Output value 1.202

Q+ parameters
slope: 0.379 semiSat: 0.560 beta: 0.969 sigma: 0.166 
maxBOLD estimate = 1.706


Trial 99: random Stimulus Selection
Stimulus: 0.918
Output value 1.916

Q+ parameters
slope: 0.379 semiSat: 0.560 beta: 1.062 sigma: 0.166 
maxBOLD estimate = 1.653


Trial 100: baseline Stimulus Selection
Stimulus: 0.010
Output value 0.155

Q+ parameters
slope: 0.379 semiSat: 0.560 beta: 0.969 sigma: 0.166 
maxBOLD estimate = 1.756

--------------------------------------------------------------
FINAL VALUES
--------------------------------------------------------------
Simulated parameters:              slope: 0.200 semiSat: 0.570 beta: 1.000 sigma: 0.150 
Max posterior QUEST+ parameters:   slope: 0.379 semiSat: 0.560 beta: 0.969 sigma: 0.166 
Max BADS parameters:               slope: 0.424 semiSat: 0.560 beta: 1.000 sigma: 0.157 
maxBOLD estimate: 1.693
