/blue/stevenweisberg/stevenweisberg/MATLAB/projects/Weisberg_Aguirre_2020/scripts/run_sims
c0706a-s7.ufhpc
Wed Apr  7 06:40:03 EDT 2021
mkdir: cannot create directory ‘/blue/stevenweisberg/stevenweisberg/qpfMRIResults/model_parameter_set2/’: File exists
cp: cannot stat ‘/blue/stevenweisberg/stevenweisberg/qpfMRIResults/deploy_sim.sh’: No such file or directory
cp: cannot stat ‘/blue/stevenweisberg/stevenweisberg/qpfMRIResults/sim_wrapper.sh’: No such file or directory
------------------------------------------
Setting up environment variables
---
LD_LIBRARY_PATH is .:/apps/matlab/mcr/2020b/v99/runtime/glnxa64:/apps/matlab/mcr/2020b/v99/bin/glnxa64:/apps/matlab/mcr/2020b/v99/sys/os/glnxa64:/apps/matlab/mcr/2020b/v99/sys/opengl/lib/glnxa64
Warning: Executing startup failed in matlabrc.
This indicates a potentially serious problem in your MATLAB setup, which should be resolved as soon as possible.  Error detected was:
MATLAB:mpath:PathAlterationNotSupported
Modifying the search path is not supported by MATLAB Compiler. Remove functions that modify the search path from your MATLAB code. To make files visible to your deployed application, add the parent folder to your MATLAB session.
Warning: No stimulus domain specified. Defaulting to values between 0.01 and 1.
> In qpfmriParams (line 182)
In compiledSimulate (line 205)
Stimulus domain added from input.
Parameter slope specified as 0.20000
Parameter semiSat specified as 0.57000
Parameter beta specified as 1.00000
Parameter sigma specified as 0.05000
seed = 99seed = 104seed = 111seed = 111seed = 115seed = 101Initializing Q+. This may take a minute...
Elapsed time is 6.756978 seconds.
Simulated parameters:
slope: 0.200 semiSat: 0.570 beta: 1.000 sigma: 0.050 

Trial 1: baseline Stimulus Selection
Stimulus: 0.010
Output value 0.000

Q+ parameters
slope: 0.026 semiSat: 0.890 beta: 0.500 sigma: 0.010 
maxBOLD estimate = 1.000


Trial 2: maxBOLD Stimulus Selection
Stimulus: 1.000
Output value 1.364

Q+ parameters
slope: 0.055 semiSat: 0.670 beta: 1.250 sigma: 0.010 
maxBOLD estimate = 1.000


Trial 3: baseline Stimulus Selection
Stimulus: 0.010
Output value 0.142

Q+ parameters
slope: 0.055 semiSat: 0.670 beta: 1.250 sigma: 0.062 
maxBOLD estimate = 1.250


Trial 4: maxBOLD Stimulus Selection
Stimulus: 1.000
Output value 2.131

Q+ parameters
slope: 0.055 semiSat: 0.670 beta: 1.250 sigma: 0.062 
maxBOLD estimate = 1.562


Trial 5: baseline Stimulus Selection
Stimulus: 0.010
Output value 0.000

Q+ parameters
slope: 0.043 semiSat: 0.780 beta: 1.125 sigma: 0.062 
maxBOLD estimate = 1.953


Trial 6: maxBOLD Stimulus Selection
Stimulus: 1.000
Output value 1.355

Q+ parameters
slope: 0.043 semiSat: 0.780 beta: 0.969 sigma: 0.062 
maxBOLD estimate = 2.197


Trial 7: qplus Stimulus Selection
Stimulus: 0.711
Output value 1.016

Q+ parameters
slope: 0.070 semiSat: 0.450 beta: 0.750 sigma: 0.062 
maxBOLD estimate = 2.129


Trial 8: qplus Stimulus Selection
Stimulus: 0.464
Output value 0.000

Q+ parameters
slope: 0.298 semiSat: 0.670 beta: 1.000 sigma: 0.062 
maxBOLD estimate = 1.596


Trial 9: qplus Stimulus Selection
Stimulus: 0.629
Output value 1.125

Q+ parameters
slope: 0.234 semiSat: 0.560 beta: 0.969 sigma: 0.062 
maxBOLD estimate = 1.596


Trial 10: baseline Stimulus Selection
Stimulus: 0.010
Output value 0.000

Q+ parameters
slope: 0.234 semiSat: 0.560 beta: 0.969 sigma: 0.062 
maxBOLD estimate = 1.547


Trial 11: qplus Stimulus Selection
Stimulus: 0.629
Output value 1.302

Q+ parameters
slope: 0.144 semiSat: 0.560 beta: 1.062 sigma: 0.062 
maxBOLD estimate = 1.498


Trial 12: qplus Stimulus Selection
Stimulus: 0.505
Output value 0.421

Q+ parameters
slope: 0.144 semiSat: 0.560 beta: 0.969 sigma: 0.062 
maxBOLD estimate = 1.592


Trial 13: qplus Stimulus Selection
Stimulus: 0.423
Output value 0.136

Q+ parameters
slope: 0.144 semiSat: 0.560 beta: 0.969 sigma: 0.062 
maxBOLD estimate = 1.542


Trial 14: qplus Stimulus Selection
Stimulus: 0.670
Output value 1.443

Q+ parameters
slope: 0.183 semiSat: 0.560 beta: 1.062 sigma: 0.062 
maxBOLD estimate = 1.494


Trial 15: maxBOLD Stimulus Selection
Stimulus: 1.000
Output value 1.538

Q+ parameters
slope: 0.144 semiSat: 0.560 beta: 0.969 sigma: 0.062 
maxBOLD estimate = 1.587


Trial 16: qplus Stimulus Selection
Stimulus: 0.505
Output value 0.446

Q+ parameters
slope: 0.183 semiSat: 0.560 beta: 1.062 sigma: 0.062 
maxBOLD estimate = 1.538


Trial 17: qplus Stimulus Selection
Stimulus: 0.670
Output value 1.295

Q+ parameters
slope: 0.144 semiSat: 0.560 beta: 0.969 sigma: 0.062 
maxBOLD estimate = 1.634


Trial 18: qplus Stimulus Selection
Stimulus: 0.794
Output value 1.394

Q+ parameters
slope: 0.144 semiSat: 0.560 beta: 0.969 sigma: 0.062 
maxBOLD estimate = 1.583


Trial 19: qplus Stimulus Selection
Stimulus: 0.588
Output value 0.976

Q+ parameters
slope: 0.144 semiSat: 0.560 beta: 1.000 sigma: 0.062 
maxBOLD estimate = 1.533


Trial 20: baseline Stimulus Selection
Stimulus: 0.010
Output value 0.000

Q+ parameters
slope: 0.144 semiSat: 0.560 beta: 1.000 sigma: 0.062 
maxBOLD estimate = 1.533


Trial 21: qplus Stimulus Selection
Stimulus: 0.381
Output value 0.148

Q+ parameters
slope: 0.144 semiSat: 0.560 beta: 1.062 sigma: 0.062 
maxBOLD estimate = 1.533


Trial 22: qplus Stimulus Selection
Stimulus: 0.753
Output value 1.435

Q+ parameters
slope: 0.144 semiSat: 0.560 beta: 0.969 sigma: 0.062 
maxBOLD estimate = 1.629


Trial 23: qplus Stimulus Selection
Stimulus: 0.794
Output value 1.390

Q+ parameters
slope: 0.144 semiSat: 0.560 beta: 0.969 sigma: 0.062 
maxBOLD estimate = 1.578


Trial 24: qplus Stimulus Selection
Stimulus: 0.588
Output value 1.034

Q+ parameters
slope: 0.144 semiSat: 0.560 beta: 1.062 sigma: 0.062 
maxBOLD estimate = 1.529


Trial 25: maxBOLD Stimulus Selection
Stimulus: 1.000
Output value 1.574

Q+ parameters
slope: 0.144 semiSat: 0.560 beta: 0.969 sigma: 0.062 
maxBOLD estimate = 1.624


Trial 26: qplus Stimulus Selection
Stimulus: 0.588
Output value 0.832

Q+ parameters
slope: 0.144 semiSat: 0.560 beta: 0.969 sigma: 0.062 
maxBOLD estimate = 1.574


Trial 27: qplus Stimulus Selection
Stimulus: 0.588
Output value 1.031

Q+ parameters
slope: 0.144 semiSat: 0.560 beta: 1.062 sigma: 0.062 
maxBOLD estimate = 1.525


Trial 28: qplus Stimulus Selection
Stimulus: 0.505
Output value 0.285

Q+ parameters
slope: 0.144 semiSat: 0.560 beta: 0.969 sigma: 0.062 
maxBOLD estimate = 1.620


Trial 29: qplus Stimulus Selection
Stimulus: 0.588
Output value 0.856

Q+ parameters
slope: 0.144 semiSat: 0.560 beta: 1.000 sigma: 0.062 
maxBOLD estimate = 1.569


Trial 30: baseline Stimulus Selection
Stimulus: 0.010
Output value 0.000

Q+ parameters
slope: 0.144 semiSat: 0.560 beta: 1.000 sigma: 0.062 
maxBOLD estimate = 1.569


Trial 31: qplus Stimulus Selection
Stimulus: 0.381
Output value 0.143

Q+ parameters
slope: 0.144 semiSat: 0.560 beta: 1.000 sigma: 0.062 
maxBOLD estimate = 1.569


Trial 32: qplus Stimulus Selection
Stimulus: 0.381
Output value 0.143

Q+ parameters
slope: 0.144 semiSat: 0.560 beta: 1.000 sigma: 0.062 
maxBOLD estimate = 1.569


Trial 33: qplus Stimulus Selection
Stimulus: 0.381
Output value 0.000

Q+ parameters
slope: 0.144 semiSat: 0.560 beta: 1.000 sigma: 0.062 
maxBOLD estimate = 1.569


Trial 34: qplus Stimulus Selection
Stimulus: 0.381
Output value 0.000

Q+ parameters
slope: 0.183 semiSat: 0.560 beta: 0.969 sigma: 0.062 
maxBOLD estimate = 1.569


Trial 35: maxBOLD Stimulus Selection
Stimulus: 1.000
Output value 1.520

Q+ parameters
slope: 0.183 semiSat: 0.560 beta: 1.000 sigma: 0.062 
maxBOLD estimate = 1.520


Trial 36: qplus Stimulus Selection
Stimulus: 0.670
Output value 1.382

Q+ parameters
slope: 0.183 semiSat: 0.560 beta: 1.000 sigma: 0.062 
maxBOLD estimate = 1.520


Trial 37: qplus Stimulus Selection
Stimulus: 0.711
Output value 1.382

Q+ parameters
slope: 0.183 semiSat: 0.560 beta: 1.000 sigma: 0.062 
maxBOLD estimate = 1.520


Trial 38: qplus Stimulus Selection
Stimulus: 0.670
Output value 1.382

Q+ parameters
slope: 0.183 semiSat: 0.560 beta: 1.000 sigma: 0.062 
maxBOLD estimate = 1.520


Trial 39: qplus Stimulus Selection
Stimulus: 0.505
Output value 0.415

Q+ parameters
slope: 0.183 semiSat: 0.560 beta: 1.000 sigma: 0.062 
maxBOLD estimate = 1.520


Trial 40: baseline Stimulus Selection
Stimulus: 0.010
Output value -0.138

Q+ parameters
slope: 0.183 semiSat: 0.560 beta: 1.000 sigma: 0.062 
maxBOLD estimate = 1.520


Trial 41: qplus Stimulus Selection
Stimulus: 0.711
Output value 1.382

Q+ parameters
slope: 0.183 semiSat: 0.560 beta: 1.000 sigma: 0.062 
maxBOLD estimate = 1.520


Trial 42: qplus Stimulus Selection
Stimulus: 0.505
Output value 0.138

Q+ parameters
slope: 0.183 semiSat: 0.560 beta: 1.000 sigma: 0.062 
maxBOLD estimate = 1.520


Trial 43: qplus Stimulus Selection
Stimulus: 0.505
Output value 0.276

Q+ parameters
slope: 0.183 semiSat: 0.560 beta: 1.000 sigma: 0.062 
maxBOLD estimate = 1.520


Trial 44: qplus Stimulus Selection
Stimulus: 0.505
Output value 0.276

Q+ parameters
slope: 0.183 semiSat: 0.560 beta: 1.000 sigma: 0.062 
maxBOLD estimate = 1.520


Trial 45: maxBOLD Stimulus Selection
Stimulus: 1.000
Output value 1.658

Q+ parameters
slope: 0.183 semiSat: 0.560 beta: 1.000 sigma: 0.062 
maxBOLD estimate = 1.520


Trial 46: qplus Stimulus Selection
Stimulus: 0.505
Output value 0.134

Q+ parameters
slope: 0.234 semiSat: 0.560 beta: 0.969 sigma: 0.062 
maxBOLD estimate = 1.520


Trial 47: qplus Stimulus Selection
Stimulus: 0.546
Output value 0.711

Q+ parameters
slope: 0.183 semiSat: 0.560 beta: 1.062 sigma: 0.062 
maxBOLD estimate = 1.473


Trial 48: qplus Stimulus Selection
Stimulus: 0.711
Output value 1.240

Q+ parameters
slope: 0.234 semiSat: 0.560 beta: 0.969 sigma: 0.062 
maxBOLD estimate = 1.565


Trial 49: qplus Stimulus Selection
Stimulus: 0.505
Output value 0.267

Q+ parameters
slope: 0.234 semiSat: 0.560 beta: 0.969 sigma: 0.062 
maxBOLD estimate = 1.516


Trial 50: baseline Stimulus Selection
Stimulus: 0.010
Output value -0.142

Q+ parameters
slope: 0.183 semiSat: 0.560 beta: 1.062 sigma: 0.062 
maxBOLD estimate = 1.468


Trial 51: qplus Stimulus Selection
Stimulus: 0.464
Output value -0.137

Q+ parameters
slope: 0.234 semiSat: 0.560 beta: 0.969 sigma: 0.062 
maxBOLD estimate = 1.560


Trial 52: qplus Stimulus Selection
Stimulus: 0.711
Output value 1.464

Q+ parameters
slope: 0.234 semiSat: 0.560 beta: 0.969 sigma: 0.062 
maxBOLD estimate = 1.511


Trial 53: qplus Stimulus Selection
Stimulus: 0.711
Output value 1.414

Q+ parameters
slope: 0.234 semiSat: 0.560 beta: 1.062 sigma: 0.062 
maxBOLD estimate = 1.464


Trial 54: qplus Stimulus Selection
Stimulus: 0.588
Output value 0.685

Q+ parameters
slope: 0.234 semiSat: 0.560 beta: 0.969 sigma: 0.062 
maxBOLD estimate = 1.556


Trial 55: maxBOLD Stimulus Selection
Stimulus: 1.000
Output value 1.327

Q+ parameters
slope: 0.234 semiSat: 0.560 beta: 0.969 sigma: 0.062 
maxBOLD estimate = 1.507


Trial 56: qplus Stimulus Selection
Stimulus: 0.546
Output value 0.846

Q+ parameters
slope: 0.234 semiSat: 0.560 beta: 1.062 sigma: 0.062 
maxBOLD estimate = 1.460


Trial 57: qplus Stimulus Selection
Stimulus: 0.588
Output value 0.820

Q+ parameters
slope: 0.234 semiSat: 0.560 beta: 0.969 sigma: 0.062 
maxBOLD estimate = 1.551


Trial 58: qplus Stimulus Selection
Stimulus: 0.546
Output value 0.662

Q+ parameters
slope: 0.234 semiSat: 0.560 beta: 0.969 sigma: 0.062 
maxBOLD estimate = 1.503


Trial 59: qplus Stimulus Selection
Stimulus: 0.546
Output value 0.422

Q+ parameters
slope: 0.183 semiSat: 0.560 beta: 1.062 sigma: 0.062 
maxBOLD estimate = 1.456


Trial 60: baseline Stimulus Selection
Stimulus: 0.010
Output value 0.000

Q+ parameters
slope: 0.234 semiSat: 0.560 beta: 0.969 sigma: 0.062 
maxBOLD estimate = 1.547


Trial 61: qplus Stimulus Selection
Stimulus: 0.546
Output value 0.528

Q+ parameters
slope: 0.234 semiSat: 0.560 beta: 0.969 sigma: 0.062 
maxBOLD estimate = 1.498


Trial 62: qplus Stimulus Selection
Stimulus: 0.546
Output value 0.421

Q+ parameters
slope: 0.183 semiSat: 0.560 beta: 1.062 sigma: 0.062 
maxBOLD estimate = 1.452


Trial 63: qplus Stimulus Selection
Stimulus: 0.464
Output value 0.272

Q+ parameters
slope: 0.234 semiSat: 0.560 beta: 0.969 sigma: 0.062 
maxBOLD estimate = 1.542


Trial 64: qplus Stimulus Selection
Stimulus: 0.711
Output value 1.316

Q+ parameters
slope: 0.234 semiSat: 0.560 beta: 0.969 sigma: 0.062 
maxBOLD estimate = 1.494


Trial 65: maxBOLD Stimulus Selection
Stimulus: 1.000
Output value 1.538

Q+ parameters
slope: 0.183 semiSat: 0.560 beta: 1.062 sigma: 0.062 
maxBOLD estimate = 1.447


Trial 66: qplus Stimulus Selection
Stimulus: 0.464
Output value 0.135

Q+ parameters
slope: 0.234 semiSat: 0.560 beta: 0.969 sigma: 0.062 
maxBOLD estimate = 1.538


Trial 67: qplus Stimulus Selection
Stimulus: 0.711
Output value 1.050

Q+ parameters
slope: 0.234 semiSat: 0.560 beta: 0.969 sigma: 0.062 
maxBOLD estimate = 1.490


Trial 68: qplus Stimulus Selection
Stimulus: 0.505
Output value 0.558

Q+ parameters
slope: 0.183 semiSat: 0.560 beta: 1.062 sigma: 0.062 
maxBOLD estimate = 1.443


Trial 69: qplus Stimulus Selection
Stimulus: 0.464
Output value 0.135

Q+ parameters
slope: 0.234 semiSat: 0.560 beta: 0.969 sigma: 0.062 
maxBOLD estimate = 1.534


Trial 70: baseline Stimulus Selection
Stimulus: 0.010
Output value 0.000

Q+ parameters
slope: 0.234 semiSat: 0.560 beta: 0.969 sigma: 0.062 
maxBOLD estimate = 1.486


Trial 71: qplus Stimulus Selection
Stimulus: 0.546
Output value 0.556

Q+ parameters
slope: 0.234 semiSat: 0.560 beta: 1.062 sigma: 0.062 
maxBOLD estimate = 1.439


Trial 72: qplus Stimulus Selection
Stimulus: 0.505
Output value 0.269

Q+ parameters
slope: 0.234 semiSat: 0.560 beta: 0.969 sigma: 0.062 
maxBOLD estimate = 1.529


Trial 73: qplus Stimulus Selection
Stimulus: 0.711
Output value 1.435

Q+ parameters
slope: 0.234 semiSat: 0.560 beta: 0.969 sigma: 0.062 
maxBOLD estimate = 1.481


Trial 74: qplus Stimulus Selection
Stimulus: 0.711
Output value 1.525

Q+ parameters
slope: 0.234 semiSat: 0.560 beta: 1.062 sigma: 0.062 
maxBOLD estimate = 1.435


Trial 75: maxBOLD Stimulus Selection
Stimulus: 1.000
Output value 1.343

Q+ parameters
slope: 0.234 semiSat: 0.560 beta: 0.969 sigma: 0.062 
maxBOLD estimate = 1.525


Trial 76: qplus Stimulus Selection
Stimulus: 0.753
Output value 1.561

Q+ parameters
slope: 0.234 semiSat: 0.560 beta: 0.969 sigma: 0.062 
maxBOLD estimate = 1.477


Trial 77: qplus Stimulus Selection
Stimulus: 0.711
Output value 1.659

Q+ parameters
slope: 0.234 semiSat: 0.560 beta: 1.062 sigma: 0.062 
maxBOLD estimate = 1.431


Trial 78: qplus Stimulus Selection
Stimulus: 0.588
Output value 0.669

Q+ parameters
slope: 0.234 semiSat: 0.560 beta: 0.969 sigma: 0.062 
maxBOLD estimate = 1.520


Trial 79: qplus Stimulus Selection
Stimulus: 0.711
Output value 1.167

Q+ parameters
slope: 0.234 semiSat: 0.560 beta: 0.969 sigma: 0.062 
maxBOLD estimate = 1.473


Trial 80: baseline Stimulus Selection
Stimulus: 0.010
Output value 0.000

Q+ parameters
slope: 0.234 semiSat: 0.560 beta: 1.062 sigma: 0.062 
maxBOLD estimate = 1.427


Trial 81: qplus Stimulus Selection
Stimulus: 0.588
Output value 0.935

Q+ parameters
slope: 0.234 semiSat: 0.560 beta: 0.969 sigma: 0.062 
maxBOLD estimate = 1.516


Trial 82: qplus Stimulus Selection
Stimulus: 0.546
Output value 0.517

Q+ parameters
slope: 0.234 semiSat: 0.560 beta: 0.969 sigma: 0.062 
maxBOLD estimate = 1.469


Trial 83: qplus Stimulus Selection
Stimulus: 0.711
Output value 1.512

Q+ parameters
slope: 0.234 semiSat: 0.560 beta: 1.062 sigma: 0.062 
maxBOLD estimate = 1.423


Trial 84: qplus Stimulus Selection
Stimulus: 0.588
Output value 0.666

Q+ parameters
slope: 0.234 semiSat: 0.560 beta: 0.969 sigma: 0.062 
maxBOLD estimate = 1.512


Trial 85: maxBOLD Stimulus Selection
Stimulus: 1.000
Output value 1.548

Q+ parameters
slope: 0.234 semiSat: 0.560 beta: 0.969 sigma: 0.062 
maxBOLD estimate = 1.464


Trial 86: qplus Stimulus Selection
Stimulus: 0.711
Output value 1.370

Q+ parameters
slope: 0.183 semiSat: 0.560 beta: 1.062 sigma: 0.062 
maxBOLD estimate = 1.419


Trial 87: qplus Stimulus Selection
Stimulus: 0.464
Output value 0.133

Q+ parameters
slope: 0.234 semiSat: 0.560 beta: 0.969 sigma: 0.062 
maxBOLD estimate = 1.507


Trial 88: qplus Stimulus Selection
Stimulus: 0.546
Output value 0.386

Q+ parameters
slope: 0.298 semiSat: 0.560 beta: 0.969 sigma: 0.062 
maxBOLD estimate = 1.460


Trial 89: qplus Stimulus Selection
Stimulus: 0.711
Output value 1.246

Q+ parameters
slope: 0.298 semiSat: 0.560 beta: 0.969 sigma: 0.062 
maxBOLD estimate = 1.415


Trial 90: baseline Stimulus Selection
Stimulus: 0.010
Output value -0.265

Q+ parameters
slope: 0.234 semiSat: 0.560 beta: 1.062 sigma: 0.062 
maxBOLD estimate = 1.370


Trial 91: qplus Stimulus Selection
Stimulus: 0.464
Output value 0.128

Q+ parameters
slope: 0.298 semiSat: 0.560 beta: 0.969 sigma: 0.062 
maxBOLD estimate = 1.456


Trial 92: qplus Stimulus Selection
Stimulus: 0.546
Output value 0.545

Q+ parameters
slope: 0.234 semiSat: 0.560 beta: 1.062 sigma: 0.062 
maxBOLD estimate = 1.411


Trial 93: qplus Stimulus Selection
Stimulus: 0.464
Output value 0.000

Q+ parameters
slope: 0.234 semiSat: 0.560 beta: 0.969 sigma: 0.062 
maxBOLD estimate = 1.499


Trial 94: qplus Stimulus Selection
Stimulus: 0.711
Output value 1.279

Q+ parameters
slope: 0.298 semiSat: 0.560 beta: 0.969 sigma: 0.062 
maxBOLD estimate = 1.452


Trial 95: maxBOLD Stimulus Selection
Stimulus: 1.000
Output value 1.630

Q+ parameters
slope: 0.234 semiSat: 0.560 beta: 1.062 sigma: 0.062 
maxBOLD estimate = 1.406


Trial 96: qplus Stimulus Selection
Stimulus: 0.464
Output value 0.000

Q+ parameters
slope: 0.234 semiSat: 0.560 beta: 0.969 sigma: 0.062 
maxBOLD estimate = 1.494


Trial 97: qplus Stimulus Selection
Stimulus: 0.711
Output value 1.402

Q+ parameters
slope: 0.298 semiSat: 0.560 beta: 0.969 sigma: 0.062 
maxBOLD estimate = 1.448


Trial 98: qplus Stimulus Selection
Stimulus: 0.546
Output value 0.677

Q+ parameters
slope: 0.234 semiSat: 0.560 beta: 1.062 sigma: 0.062 
maxBOLD estimate = 1.402


Trial 99: qplus Stimulus Selection
Stimulus: 0.588
Output value 0.919

Q+ parameters
slope: 0.234 semiSat: 0.560 beta: 0.969 sigma: 0.062 
maxBOLD estimate = 1.490


Trial 100: baseline Stimulus Selection
Stimulus: 0.010
Output value 0.254

Q+ parameters
slope: 0.298 semiSat: 0.560 beta: 0.969 sigma: 0.062 
maxBOLD estimate = 1.444

--------------------------------------------------------------
FINAL VALUES
--------------------------------------------------------------
Simulated parameters:              slope: 0.200 semiSat: 0.570 beta: 1.000 sigma: 0.050 
Max posterior QUEST+ parameters:   slope: 0.234 semiSat: 0.560 beta: 0.969 sigma: 0.062 
Max BADS parameters:               slope: 0.182 semiSat: 0.584 beta: 1.000 sigma: 0.050 
maxBOLD estimate: 1.511
