/blue/stevenweisberg/stevenweisberg/MATLAB/projects/Weisberg_Aguirre_2020/scripts/run_sims
c27a-s1.ufhpc
Sat Nov 14 00:13:26 EST 2020
mkdir: cannot create directory ‘/blue/stevenweisberg/stevenweisberg/qpfMRIResults/model_parameter_set1/’: File exists
cp: cannot stat ‘/blue/stevenweisberg/stevenweisberg/qpfMRIResults/deploy_sim.sh’: No such file or directory
cp: cannot stat ‘/blue/stevenweisberg/stevenweisberg/qpfMRIResults/sim_wrapper.sh’: No such file or directory
------------------------------------------
Setting up environment variables
---
LD_LIBRARY_PATH is .:/apps/matlab/mcr/2020b/v99/runtime/glnxa64:/apps/matlab/mcr/2020b/v99/bin/glnxa64:/apps/matlab/mcr/2020b/v99/sys/os/glnxa64:/apps/matlab/mcr/2020b/v99/sys/opengl/lib/glnxa64
Warning: Executing startup failed in matlabrc.
This indicates a potentially serious problem in your MATLAB setup, which should be resolved as soon as possible.  Error detected was:
MATLAB:mpath:PathAlterationNotSupported
Modifying the search path is not supported by MATLAB Compiler. Remove functions that modify the search path from your MATLAB code. To make files visible to your deployed application, add the parent folder to your MATLAB session.
Warning: No stimulus domain specified. Defaulting to values between 0.01 and 1.
> In qpfmriParams (line 182)
In compiledSimulate (line 205)
Stimulus domain added from input.
Parameter slope specified as 0.41000
Parameter semiSat specified as 0.57000
Parameter beta specified as 1.00000
Parameter sigma specified as 0.15000
seed = 99seed = 104seed = 111seed = 111seed = 115seed = 101Initializing Q+. This may take a minute...
Elapsed time is 10.157155 seconds.
Simulated parameters:
slope: 0.410 semiSat: 0.570 beta: 1.000 sigma: 0.150 

Trial 1: baseline Stimulus Selection
Stimulus: 0.010
Output value 0.000

Q+ parameters
slope: 0.026 semiSat: 0.890 beta: 0.500 sigma: 0.010 
maxBOLD estimate = 1.000


Trial 2: maxBOLD Stimulus Selection
Stimulus: 1.000
Output value 1.125

Q+ parameters
slope: 0.055 semiSat: 0.670 beta: 1.125 sigma: 0.010 
maxBOLD estimate = 1.000


Trial 3: baseline Stimulus Selection
Stimulus: 0.010
Output value -0.128

Q+ parameters
slope: 0.055 semiSat: 0.670 beta: 1.250 sigma: 0.062 
maxBOLD estimate = 1.125


Trial 4: maxBOLD Stimulus Selection
Stimulus: 1.000
Output value 1.918

Q+ parameters
slope: 0.055 semiSat: 0.670 beta: 1.250 sigma: 0.010 
maxBOLD estimate = 1.406


Trial 5: baseline Stimulus Selection
Stimulus: 0.010
Output value -0.479

Q+ parameters
slope: 0.026 semiSat: 0.670 beta: 1.500 sigma: 0.166 
maxBOLD estimate = 1.758


Trial 6: maxBOLD Stimulus Selection
Stimulus: 1.000
Output value 2.090

Q+ parameters
slope: 0.043 semiSat: 0.780 beta: 0.969 sigma: 0.062 
maxBOLD estimate = 2.637


Trial 7: qplus Stimulus Selection
Stimulus: 0.629
Output value 1.742

Q+ parameters
slope: 0.089 semiSat: 0.340 beta: 0.750 sigma: 0.114 
maxBOLD estimate = 2.554


Trial 8: qplus Stimulus Selection
Stimulus: 0.381
Output value -0.261

Q+ parameters
slope: 0.234 semiSat: 0.560 beta: 1.500 sigma: 0.114 
maxBOLD estimate = 1.916


Trial 9: qplus Stimulus Selection
Stimulus: 0.505
Output value 0.392

Q+ parameters
slope: 0.113 semiSat: 0.560 beta: 0.750 sigma: 0.062 
maxBOLD estimate = 2.874


Trial 10: baseline Stimulus Selection
Stimulus: 0.010
Output value 0.367

Q+ parameters
slope: 0.144 semiSat: 0.560 beta: 0.938 sigma: 0.114 
maxBOLD estimate = 2.155


Trial 11: qplus Stimulus Selection
Stimulus: 0.505
Output value 0.367

Q+ parameters
slope: 0.183 semiSat: 0.560 beta: 1.000 sigma: 0.114 
maxBOLD estimate = 2.021


Trial 12: qplus Stimulus Selection
Stimulus: 0.588
Output value 1.102

Q+ parameters
slope: 0.113 semiSat: 0.560 beta: 1.000 sigma: 0.114 
maxBOLD estimate = 2.021


Trial 13: qplus Stimulus Selection
Stimulus: 0.464
Output value -0.195

Q+ parameters
slope: 0.234 semiSat: 0.560 beta: 1.062 sigma: 0.114 
maxBOLD estimate = 2.021


Trial 14: qplus Stimulus Selection
Stimulus: 0.629
Output value 1.025

Q+ parameters
slope: 0.183 semiSat: 0.560 beta: 0.875 sigma: 0.114 
maxBOLD estimate = 2.147


Trial 15: maxBOLD Stimulus Selection
Stimulus: 1.000
Output value 1.814

Q+ parameters
slope: 0.234 semiSat: 0.560 beta: 1.062 sigma: 0.114 
maxBOLD estimate = 1.878


Trial 16: qplus Stimulus Selection
Stimulus: 0.588
Output value 0.851

Q+ parameters
slope: 0.234 semiSat: 0.560 beta: 0.938 sigma: 0.114 
maxBOLD estimate = 1.996


Trial 17: qplus Stimulus Selection
Stimulus: 0.588
Output value 1.084

Q+ parameters
slope: 0.234 semiSat: 0.560 beta: 1.062 sigma: 0.166 
maxBOLD estimate = 1.871


Trial 18: qplus Stimulus Selection
Stimulus: 0.505
Output value 0.169

Q+ parameters
slope: 0.234 semiSat: 0.560 beta: 0.938 sigma: 0.114 
maxBOLD estimate = 1.988


Trial 19: qplus Stimulus Selection
Stimulus: 0.588
Output value 1.355

Q+ parameters
slope: 0.298 semiSat: 0.560 beta: 1.000 sigma: 0.114 
maxBOLD estimate = 1.864


Trial 20: baseline Stimulus Selection
Stimulus: 0.010
Output value 0.169

Q+ parameters
slope: 0.298 semiSat: 0.560 beta: 1.000 sigma: 0.114 
maxBOLD estimate = 1.864


Trial 21: qplus Stimulus Selection
Stimulus: 0.505
Output value 0.477

Q+ parameters
slope: 0.234 semiSat: 0.560 beta: 0.938 sigma: 0.114 
maxBOLD estimate = 1.864


Trial 22: qplus Stimulus Selection
Stimulus: 0.588
Output value 2.383

Q+ parameters
slope: 0.234 semiSat: 0.560 beta: 1.250 sigma: 0.166 
maxBOLD estimate = 1.747


Trial 23: qplus Stimulus Selection
Stimulus: 0.546
Output value -0.149

Q+ parameters
slope: 0.379 semiSat: 0.560 beta: 0.750 sigma: 0.114 
maxBOLD estimate = 2.184


Trial 24: qplus Stimulus Selection
Stimulus: 0.588
Output value 2.234

Q+ parameters
slope: 0.379 semiSat: 0.560 beta: 1.250 sigma: 0.166 
maxBOLD estimate = 1.638


Trial 25: maxBOLD Stimulus Selection
Stimulus: 1.000
Output value 1.745

Q+ parameters
slope: 0.234 semiSat: 0.560 beta: 0.938 sigma: 0.114 
maxBOLD estimate = 2.048


Trial 26: qplus Stimulus Selection
Stimulus: 0.670
Output value 2.160

Q+ parameters
slope: 0.298 semiSat: 0.560 beta: 1.031 sigma: 0.114 
maxBOLD estimate = 1.920


Trial 27: qplus Stimulus Selection
Stimulus: 0.505
Output value -0.360

Q+ parameters
slope: 0.379 semiSat: 0.560 beta: 1.000 sigma: 0.114 
maxBOLD estimate = 1.980


Trial 28: qplus Stimulus Selection
Stimulus: 0.546
Output value 0.928

Q+ parameters
slope: 0.234 semiSat: 0.560 beta: 1.031 sigma: 0.114 
maxBOLD estimate = 1.980


Trial 29: qplus Stimulus Selection
Stimulus: 0.546
Output value 1.340

Q+ parameters
slope: 0.234 semiSat: 0.560 beta: 1.031 sigma: 0.114 
maxBOLD estimate = 2.042


Trial 30: baseline Stimulus Selection
Stimulus: 0.010
Output value 0.179

Q+ parameters
slope: 0.234 semiSat: 0.560 beta: 0.938 sigma: 0.114 
maxBOLD estimate = 2.105

--------------------------------------------------------------
FINAL VALUES
--------------------------------------------------------------
Simulated parameters:              slope: 0.410 semiSat: 0.570 beta: 1.000 sigma: 0.150 
Max posterior QUEST+ parameters:   slope: 0.234 semiSat: 0.560 beta: 1.031 sigma: 0.114 
Max BADS parameters:               slope: 0.234 semiSat: 0.558 beta: 1.000 sigma: 0.113 
maxBOLD estimate: 1.931
