/blue/stevenweisberg/stevenweisberg/MATLAB/projects/Weisberg_Aguirre_2020/scripts/run_sims
c0700a-s1.ufhpc
Wed Apr  7 03:53:53 EDT 2021
mkdir: cannot create directory ‘/blue/stevenweisberg/stevenweisberg/qpfMRIResults/model_parameter_set2/’: File exists
cp: cannot stat ‘/blue/stevenweisberg/stevenweisberg/qpfMRIResults/deploy_sim.sh’: No such file or directory
cp: cannot stat ‘/blue/stevenweisberg/stevenweisberg/qpfMRIResults/sim_wrapper.sh’: No such file or directory
------------------------------------------
Setting up environment variables
---
LD_LIBRARY_PATH is .:/apps/matlab/mcr/2020b/v99/runtime/glnxa64:/apps/matlab/mcr/2020b/v99/bin/glnxa64:/apps/matlab/mcr/2020b/v99/sys/os/glnxa64:/apps/matlab/mcr/2020b/v99/sys/opengl/lib/glnxa64
Warning: Executing startup failed in matlabrc.
This indicates a potentially serious problem in your MATLAB setup, which should be resolved as soon as possible.  Error detected was:
MATLAB:mpath:PathAlterationNotSupported
Modifying the search path is not supported by MATLAB Compiler. Remove functions that modify the search path from your MATLAB code. To make files visible to your deployed application, add the parent folder to your MATLAB session.
Warning: No stimulus domain specified. Defaulting to values between 0.01 and 1.
> In qpfmriParams (line 182)
In compiledSimulate (line 205)
Stimulus domain added from input.
Parameter slope specified as 0.20000
Parameter semiSat specified as 0.57000
Parameter beta specified as 1.00000
Parameter sigma specified as 0.15000
seed = 99seed = 104seed = 111seed = 111seed = 115seed = 101Initializing Q+. This may take a minute...
Elapsed time is 7.593648 seconds.
Simulated parameters:
slope: 0.200 semiSat: 0.570 beta: 1.000 sigma: 0.150 

Trial 1: baseline Stimulus Selection
Stimulus: 0.010
Output value 0.000

Q+ parameters
slope: 0.026 semiSat: 0.890 beta: 0.500 sigma: 0.010 
maxBOLD estimate = 1.000


Trial 2: maxBOLD Stimulus Selection
Stimulus: 1.000
Output value 1.364

Q+ parameters
slope: 0.055 semiSat: 0.670 beta: 1.250 sigma: 0.010 
maxBOLD estimate = 1.000


Trial 3: baseline Stimulus Selection
Stimulus: 0.010
Output value 0.284

Q+ parameters
slope: 0.055 semiSat: 0.670 beta: 1.250 sigma: 0.114 
maxBOLD estimate = 1.250


Trial 4: maxBOLD Stimulus Selection
Stimulus: 1.000
Output value 0.888

Q+ parameters
slope: 0.055 semiSat: 0.670 beta: 1.250 sigma: 0.635 
maxBOLD estimate = 1.562


Trial 5: baseline Stimulus Selection
Stimulus: 0.010
Output value -0.344

Q+ parameters
slope: 0.043 semiSat: 0.780 beta: 0.969 sigma: 0.114 
maxBOLD estimate = 1.953


Trial 6: maxBOLD Stimulus Selection
Stimulus: 1.000
Output value 1.548

Q+ parameters
slope: 0.043 semiSat: 0.780 beta: 1.125 sigma: 0.166 
maxBOLD estimate = 1.892


Trial 7: qplus Stimulus Selection
Stimulus: 0.505
Output value 0.000

Q+ parameters
slope: 0.089 semiSat: 0.890 beta: 0.969 sigma: 0.114 
maxBOLD estimate = 2.129


Trial 8: qplus Stimulus Selection
Stimulus: 0.711
Output value 0.703

Q+ parameters
slope: 0.183 semiSat: 0.670 beta: 0.750 sigma: 0.114 
maxBOLD estimate = 2.062


Trial 9: qplus Stimulus Selection
Stimulus: 0.711
Output value 1.757

Q+ parameters
slope: 0.234 semiSat: 0.670 beta: 1.250 sigma: 0.166 
maxBOLD estimate = 1.547


Trial 10: baseline Stimulus Selection
Stimulus: 0.010
Output value 0.527

Q+ parameters
slope: 0.183 semiSat: 0.670 beta: 0.750 sigma: 0.166 
maxBOLD estimate = 1.933


Trial 11: qplus Stimulus Selection
Stimulus: 0.711
Output value 1.532

Q+ parameters
slope: 0.616 semiSat: 0.560 beta: 0.969 sigma: 0.114 
maxBOLD estimate = 1.450


Trial 12: qplus Stimulus Selection
Stimulus: 0.629
Output value 1.628

Q+ parameters
slope: 0.616 semiSat: 0.560 beta: 1.062 sigma: 0.166 
maxBOLD estimate = 1.405


Trial 13: qplus Stimulus Selection
Stimulus: 0.588
Output value 0.831

Q+ parameters
slope: 0.616 semiSat: 0.560 beta: 0.875 sigma: 0.114 
maxBOLD estimate = 1.492


Trial 14: qplus Stimulus Selection
Stimulus: 0.588
Output value 0.805

Q+ parameters
slope: 0.616 semiSat: 0.560 beta: 0.969 sigma: 0.114 
maxBOLD estimate = 1.306


Trial 15: maxBOLD Stimulus Selection
Stimulus: 1.000
Output value 1.466

Q+ parameters
slope: 0.616 semiSat: 0.560 beta: 1.062 sigma: 0.114 
maxBOLD estimate = 1.265


Trial 16: qplus Stimulus Selection
Stimulus: 0.546
Output value 2.199

Q+ parameters
slope: 0.483 semiSat: 0.560 beta: 1.500 sigma: 0.218 
maxBOLD estimate = 1.344


Trial 17: qplus Stimulus Selection
Stimulus: 0.588
Output value 0.550

Q+ parameters
slope: 0.298 semiSat: 0.560 beta: 0.750 sigma: 0.114 
maxBOLD estimate = 2.016


Trial 18: qplus Stimulus Selection
Stimulus: 0.629
Output value 0.601

Q+ parameters
slope: 0.616 semiSat: 0.560 beta: 0.875 sigma: 0.114 
maxBOLD estimate = 1.512


Trial 19: qplus Stimulus Selection
Stimulus: 0.505
Output value 1.804

Q+ parameters
slope: 0.234 semiSat: 0.560 beta: 1.500 sigma: 0.218 
maxBOLD estimate = 1.323


Trial 20: baseline Stimulus Selection
Stimulus: 0.010
Output value 0.361

Q+ parameters
slope: 1.000 semiSat: 0.560 beta: 0.500 sigma: 0.114 
maxBOLD estimate = 1.985


Trial 21: qplus Stimulus Selection
Stimulus: 0.711
Output value 1.624

Q+ parameters
slope: 0.483 semiSat: 0.560 beta: 1.500 sigma: 0.166 
maxBOLD estimate = 0.992


Trial 22: qplus Stimulus Selection
Stimulus: 0.546
Output value 1.256

Q+ parameters
slope: 0.298 semiSat: 0.560 beta: 1.031 sigma: 0.166 
maxBOLD estimate = 1.488


Trial 23: qplus Stimulus Selection
Stimulus: 0.588
Output value 1.395

Q+ parameters
slope: 0.234 semiSat: 0.560 beta: 1.000 sigma: 0.166 
maxBOLD estimate = 1.535


Trial 24: qplus Stimulus Selection
Stimulus: 0.505
Output value 0.419

Q+ parameters
slope: 0.234 semiSat: 0.560 beta: 1.000 sigma: 0.166 
maxBOLD estimate = 1.535


Trial 25: maxBOLD Stimulus Selection
Stimulus: 1.000
Output value 1.395

Q+ parameters
slope: 0.234 semiSat: 0.560 beta: 1.000 sigma: 0.166 
maxBOLD estimate = 1.535


Trial 26: qplus Stimulus Selection
Stimulus: 0.505
Output value 1.116

Q+ parameters
slope: 0.144 semiSat: 0.560 beta: 1.000 sigma: 0.166 
maxBOLD estimate = 1.535


Trial 27: qplus Stimulus Selection
Stimulus: 0.505
Output value -0.140

Q+ parameters
slope: 0.234 semiSat: 0.560 beta: 1.000 sigma: 0.166 
maxBOLD estimate = 1.535


Trial 28: qplus Stimulus Selection
Stimulus: 0.588
Output value 1.439

Q+ parameters
slope: 0.298 semiSat: 0.560 beta: 1.031 sigma: 0.166 
maxBOLD estimate = 1.535


Trial 29: qplus Stimulus Selection
Stimulus: 0.505
Output value 0.432

Q+ parameters
slope: 0.144 semiSat: 0.560 beta: 1.000 sigma: 0.166 
maxBOLD estimate = 1.583


Trial 30: baseline Stimulus Selection
Stimulus: 0.010
Output value 0.378

Q+ parameters
slope: 0.234 semiSat: 0.560 beta: 0.875 sigma: 0.114 
maxBOLD estimate = 1.583


Trial 31: qplus Stimulus Selection
Stimulus: 0.588
Output value 0.881

Q+ parameters
slope: 0.234 semiSat: 0.560 beta: 1.000 sigma: 0.166 
maxBOLD estimate = 1.385


Trial 32: qplus Stimulus Selection
Stimulus: 0.505
Output value -0.244

Q+ parameters
slope: 0.379 semiSat: 0.560 beta: 0.969 sigma: 0.166 
maxBOLD estimate = 1.385


Trial 33: qplus Stimulus Selection
Stimulus: 0.588
Output value 0.907

Q+ parameters
slope: 0.298 semiSat: 0.560 beta: 1.062 sigma: 0.166 
maxBOLD estimate = 1.342


Trial 34: qplus Stimulus Selection
Stimulus: 0.505
Output value 1.944

Q+ parameters
slope: 0.089 semiSat: 0.560 beta: 1.250 sigma: 0.218 
maxBOLD estimate = 1.426


Trial 35: maxBOLD Stimulus Selection
Stimulus: 1.000
Output value 1.559

Q+ parameters
slope: 0.113 semiSat: 0.560 beta: 0.875 sigma: 0.166 
maxBOLD estimate = 1.782


Trial 36: qplus Stimulus Selection
Stimulus: 0.670
Output value 0.000

Q+ parameters
slope: 0.070 semiSat: 0.670 beta: 1.250 sigma: 0.218 
maxBOLD estimate = 1.559


Trial 37: qplus Stimulus Selection
Stimulus: 0.918
Output value 0.930

Q+ parameters
slope: 0.113 semiSat: 0.560 beta: 0.750 sigma: 0.114 
maxBOLD estimate = 1.949


Trial 38: qplus Stimulus Selection
Stimulus: 0.670
Output value 1.063

Q+ parameters
slope: 0.144 semiSat: 0.560 beta: 1.000 sigma: 0.166 
maxBOLD estimate = 1.462


Trial 39: qplus Stimulus Selection
Stimulus: 0.423
Output value -0.266

Q+ parameters
slope: 0.144 semiSat: 0.560 beta: 1.000 sigma: 0.218 
maxBOLD estimate = 1.462


Trial 40: baseline Stimulus Selection
Stimulus: 0.010
Output value -0.282

Q+ parameters
slope: 0.113 semiSat: 0.560 beta: 1.062 sigma: 0.166 
maxBOLD estimate = 1.462


Trial 41: qplus Stimulus Selection
Stimulus: 0.670
Output value 1.271

Q+ parameters
slope: 0.144 semiSat: 0.560 beta: 1.000 sigma: 0.166 
maxBOLD estimate = 1.553


Trial 42: qplus Stimulus Selection
Stimulus: 0.423
Output value -0.141

Q+ parameters
slope: 0.144 semiSat: 0.560 beta: 1.000 sigma: 0.166 
maxBOLD estimate = 1.553


Trial 43: qplus Stimulus Selection
Stimulus: 0.670
Output value 0.494

Q+ parameters
slope: 0.144 semiSat: 0.560 beta: 0.875 sigma: 0.166 
maxBOLD estimate = 1.553


Trial 44: qplus Stimulus Selection
Stimulus: 0.670
Output value 1.019

Q+ parameters
slope: 0.144 semiSat: 0.560 beta: 1.031 sigma: 0.166 
maxBOLD estimate = 1.359


Trial 45: maxBOLD Stimulus Selection
Stimulus: 1.000
Output value 0.920

Q+ parameters
slope: 0.144 semiSat: 0.560 beta: 1.031 sigma: 0.166 
maxBOLD estimate = 1.402


Trial 46: qplus Stimulus Selection
Stimulus: 0.423
Output value 0.271

Q+ parameters
slope: 0.144 semiSat: 0.560 beta: 1.031 sigma: 0.166 
maxBOLD estimate = 1.445


Trial 47: qplus Stimulus Selection
Stimulus: 0.423
Output value -0.271

Q+ parameters
slope: 0.144 semiSat: 0.560 beta: 1.000 sigma: 0.166 
maxBOLD estimate = 1.491


Trial 48: qplus Stimulus Selection
Stimulus: 0.629
Output value 1.084

Q+ parameters
slope: 0.144 semiSat: 0.560 beta: 1.000 sigma: 0.166 
maxBOLD estimate = 1.491


Trial 49: qplus Stimulus Selection
Stimulus: 0.794
Output value 1.491

Q+ parameters
slope: 0.144 semiSat: 0.560 beta: 1.000 sigma: 0.166 
maxBOLD estimate = 1.491


Trial 50: baseline Stimulus Selection
Stimulus: 0.010
Output value -0.140

Q+ parameters
slope: 0.144 semiSat: 0.560 beta: 1.031 sigma: 0.166 
maxBOLD estimate = 1.491


Trial 51: qplus Stimulus Selection
Stimulus: 0.423
Output value 0.611

Q+ parameters
slope: 0.144 semiSat: 0.560 beta: 0.875 sigma: 0.166 
maxBOLD estimate = 1.537


Trial 52: qplus Stimulus Selection
Stimulus: 0.670
Output value 1.009

Q+ parameters
slope: 0.144 semiSat: 0.560 beta: 1.031 sigma: 0.166 
maxBOLD estimate = 1.345


Trial 53: qplus Stimulus Selection
Stimulus: 0.423
Output value 0.130

Q+ parameters
slope: 0.144 semiSat: 0.560 beta: 1.031 sigma: 0.166 
maxBOLD estimate = 1.387


Trial 54: qplus Stimulus Selection
Stimulus: 0.423
Output value 0.000

Q+ parameters
slope: 0.144 semiSat: 0.560 beta: 1.031 sigma: 0.166 
maxBOLD estimate = 1.430


Trial 55: maxBOLD Stimulus Selection
Stimulus: 1.000
Output value 1.056

Q+ parameters
slope: 0.144 semiSat: 0.560 beta: 0.875 sigma: 0.166 
maxBOLD estimate = 1.475


Trial 56: qplus Stimulus Selection
Stimulus: 0.794
Output value 0.000

Q+ parameters
slope: 0.034 semiSat: 0.560 beta: 0.969 sigma: 0.323 
maxBOLD estimate = 1.291


Trial 57: qplus Stimulus Selection
Stimulus: 1.000
Output value 1.534

Q+ parameters
slope: 0.089 semiSat: 0.560 beta: 1.125 sigma: 0.218 
maxBOLD estimate = 1.250


Trial 58: qplus Stimulus Selection
Stimulus: 0.876
Output value 1.495

Q+ parameters
slope: 0.144 semiSat: 0.560 beta: 1.062 sigma: 0.218 
maxBOLD estimate = 1.407


Trial 59: qplus Stimulus Selection
Stimulus: 0.753
Output value 0.832

Q+ parameters
slope: 0.144 semiSat: 0.560 beta: 0.875 sigma: 0.166 
maxBOLD estimate = 1.495


Trial 60: baseline Stimulus Selection
Stimulus: 0.010
Output value 0.267

Q+ parameters
slope: 0.089 semiSat: 0.560 beta: 1.125 sigma: 0.271 
maxBOLD estimate = 1.308


Trial 61: qplus Stimulus Selection
Stimulus: 0.876
Output value 1.170

Q+ parameters
slope: 0.144 semiSat: 0.560 beta: 0.875 sigma: 0.166 
maxBOLD estimate = 1.471


Trial 62: qplus Stimulus Selection
Stimulus: 0.464
Output value 0.395

Q+ parameters
slope: 0.089 semiSat: 0.560 beta: 1.125 sigma: 0.271 
maxBOLD estimate = 1.287


Trial 63: qplus Stimulus Selection
Stimulus: 0.876
Output value 1.267

Q+ parameters
slope: 0.144 semiSat: 0.560 beta: 0.875 sigma: 0.166 
maxBOLD estimate = 1.448


Trial 64: qplus Stimulus Selection
Stimulus: 0.546
Output value 1.037

Q+ parameters
slope: 0.089 semiSat: 0.560 beta: 1.125 sigma: 0.218 
maxBOLD estimate = 1.267


Trial 65: maxBOLD Stimulus Selection
Stimulus: 1.000
Output value 1.555

Q+ parameters
slope: 0.144 semiSat: 0.560 beta: 1.000 sigma: 0.218 
maxBOLD estimate = 1.426


Trial 66: qplus Stimulus Selection
Stimulus: 0.588
Output value 1.555

Q+ parameters
slope: 0.144 semiSat: 0.560 beta: 1.000 sigma: 0.218 
maxBOLD estimate = 1.426


Trial 67: qplus Stimulus Selection
Stimulus: 0.505
Output value -0.259

Q+ parameters
slope: 0.144 semiSat: 0.560 beta: 1.000 sigma: 0.218 
maxBOLD estimate = 1.426


Trial 68: qplus Stimulus Selection
Stimulus: 0.588
Output value 0.628

Q+ parameters
slope: 0.144 semiSat: 0.560 beta: 0.969 sigma: 0.218 
maxBOLD estimate = 1.426


Trial 69: qplus Stimulus Selection
Stimulus: 0.588
Output value 0.267

Q+ parameters
slope: 0.144 semiSat: 0.560 beta: 1.062 sigma: 0.218 
maxBOLD estimate = 1.381


Trial 70: baseline Stimulus Selection
Stimulus: 0.010
Output value 0.000

Q+ parameters
slope: 0.144 semiSat: 0.560 beta: 0.875 sigma: 0.166 
maxBOLD estimate = 1.467


Trial 71: qplus Stimulus Selection
Stimulus: 0.546
Output value 0.788

Q+ parameters
slope: 0.089 semiSat: 0.560 beta: 1.125 sigma: 0.218 
maxBOLD estimate = 1.284


Trial 72: qplus Stimulus Selection
Stimulus: 0.381
Output value 0.254

Q+ parameters
slope: 0.144 semiSat: 0.560 beta: 0.969 sigma: 0.166 
maxBOLD estimate = 1.444


Trial 73: qplus Stimulus Selection
Stimulus: 0.794
Output value 0.946

Q+ parameters
slope: 0.144 semiSat: 0.560 beta: 1.062 sigma: 0.218 
maxBOLD estimate = 1.399


Trial 74: qplus Stimulus Selection
Stimulus: 0.670
Output value 1.183

Q+ parameters
slope: 0.144 semiSat: 0.560 beta: 0.875 sigma: 0.166 
maxBOLD estimate = 1.487


Trial 75: maxBOLD Stimulus Selection
Stimulus: 1.000
Output value 1.463

Q+ parameters
slope: 0.089 semiSat: 0.560 beta: 1.125 sigma: 0.218 
maxBOLD estimate = 1.301


Trial 76: qplus Stimulus Selection
Stimulus: 0.381
Output value 0.516

Q+ parameters
slope: 0.144 semiSat: 0.560 beta: 0.969 sigma: 0.166 
maxBOLD estimate = 1.463


Trial 77: qplus Stimulus Selection
Stimulus: 0.546
Output value 0.274

Q+ parameters
slope: 0.144 semiSat: 0.560 beta: 1.062 sigma: 0.218 
maxBOLD estimate = 1.418


Trial 78: qplus Stimulus Selection
Stimulus: 0.629
Output value 1.198

Q+ parameters
slope: 0.144 semiSat: 0.560 beta: 0.875 sigma: 0.166 
maxBOLD estimate = 1.506


Trial 79: qplus Stimulus Selection
Stimulus: 0.546
Output value 0.637

Q+ parameters
slope: 0.144 semiSat: 0.560 beta: 1.062 sigma: 0.218 
maxBOLD estimate = 1.318


Trial 80: baseline Stimulus Selection
Stimulus: 0.010
Output value 0.135

Q+ parameters
slope: 0.144 semiSat: 0.560 beta: 1.062 sigma: 0.218 
maxBOLD estimate = 1.400


Trial 81: qplus Stimulus Selection
Stimulus: 0.629
Output value 1.179

Q+ parameters
slope: 0.144 semiSat: 0.560 beta: 0.969 sigma: 0.166 
maxBOLD estimate = 1.488


Trial 82: qplus Stimulus Selection
Stimulus: 0.794
Output value 1.253

Q+ parameters
slope: 0.144 semiSat: 0.560 beta: 1.062 sigma: 0.218 
maxBOLD estimate = 1.441


Trial 83: qplus Stimulus Selection
Stimulus: 0.629
Output value 1.619

Q+ parameters
slope: 0.144 semiSat: 0.560 beta: 0.969 sigma: 0.166 
maxBOLD estimate = 1.532


Trial 84: qplus Stimulus Selection
Stimulus: 0.546
Output value 1.568

Q+ parameters
slope: 0.183 semiSat: 0.560 beta: 0.969 sigma: 0.218 
maxBOLD estimate = 1.484


Trial 85: maxBOLD Stimulus Selection
Stimulus: 1.000
Output value 1.666

Q+ parameters
slope: 0.144 semiSat: 0.560 beta: 1.062 sigma: 0.218 
maxBOLD estimate = 1.437


Trial 86: qplus Stimulus Selection
Stimulus: 0.876
Output value 1.614

Q+ parameters
slope: 0.144 semiSat: 0.560 beta: 0.969 sigma: 0.166 
maxBOLD estimate = 1.527


Trial 87: qplus Stimulus Selection
Stimulus: 0.588
Output value 1.715

Q+ parameters
slope: 0.144 semiSat: 0.560 beta: 1.062 sigma: 0.218 
maxBOLD estimate = 1.479


Trial 88: qplus Stimulus Selection
Stimulus: 0.505
Output value 0.857

Q+ parameters
slope: 0.234 semiSat: 0.560 beta: 1.000 sigma: 0.218 
maxBOLD estimate = 1.572


Trial 89: qplus Stimulus Selection
Stimulus: 0.546
Output value 1.143

Q+ parameters
slope: 0.234 semiSat: 0.560 beta: 1.000 sigma: 0.218 
maxBOLD estimate = 1.572


Trial 90: baseline Stimulus Selection
Stimulus: 0.010
Output value -0.277

Q+ parameters
slope: 0.144 semiSat: 0.560 beta: 0.969 sigma: 0.166 
maxBOLD estimate = 1.572


Trial 91: qplus Stimulus Selection
Stimulus: 0.505
Output value -0.134

Q+ parameters
slope: 0.183 semiSat: 0.560 beta: 0.969 sigma: 0.166 
maxBOLD estimate = 1.523


Trial 92: qplus Stimulus Selection
Stimulus: 0.505
Output value 0.997

Q+ parameters
slope: 0.144 semiSat: 0.560 beta: 1.062 sigma: 0.218 
maxBOLD estimate = 1.475


Trial 93: qplus Stimulus Selection
Stimulus: 0.505
Output value 0.414

Q+ parameters
slope: 0.144 semiSat: 0.560 beta: 0.969 sigma: 0.166 
maxBOLD estimate = 1.567


Trial 94: qplus Stimulus Selection
Stimulus: 0.588
Output value 1.337

Q+ parameters
slope: 0.183 semiSat: 0.560 beta: 0.969 sigma: 0.166 
maxBOLD estimate = 1.518


Trial 95: maxBOLD Stimulus Selection
Stimulus: 1.000
Output value 1.421

Q+ parameters
slope: 0.144 semiSat: 0.560 beta: 1.062 sigma: 0.166 
maxBOLD estimate = 1.471


Trial 96: qplus Stimulus Selection
Stimulus: 0.505
Output value 0.138

Q+ parameters
slope: 0.144 semiSat: 0.560 beta: 0.969 sigma: 0.166 
maxBOLD estimate = 1.563


Trial 97: qplus Stimulus Selection
Stimulus: 0.588
Output value 0.533

Q+ parameters
slope: 0.183 semiSat: 0.560 beta: 0.969 sigma: 0.166 
maxBOLD estimate = 1.514


Trial 98: qplus Stimulus Selection
Stimulus: 0.505
Output value 0.000

Q+ parameters
slope: 0.144 semiSat: 0.560 beta: 1.062 sigma: 0.218 
maxBOLD estimate = 1.467


Trial 99: qplus Stimulus Selection
Stimulus: 0.505
Output value -0.274

Q+ parameters
slope: 0.144 semiSat: 0.560 beta: 0.969 sigma: 0.166 
maxBOLD estimate = 1.558


Trial 100: baseline Stimulus Selection
Stimulus: 0.010
Output value -0.266

Q+ parameters
slope: 0.183 semiSat: 0.560 beta: 0.969 sigma: 0.166 
maxBOLD estimate = 1.510

--------------------------------------------------------------
FINAL VALUES
--------------------------------------------------------------
Simulated parameters:              slope: 0.200 semiSat: 0.570 beta: 1.000 sigma: 0.150 
Max posterior QUEST+ parameters:   slope: 0.144 semiSat: 0.560 beta: 1.062 sigma: 0.166 
Max BADS parameters:               slope: 0.214 semiSat: 0.536 beta: 1.000 sigma: 0.187 
maxBOLD estimate: 1.452
