/blue/stevenweisberg/stevenweisberg/MATLAB/projects/Weisberg_Aguirre_2020/scripts/run_sims
c0700a-s3.ufhpc
Wed Apr  7 01:42:15 EDT 2021
mkdir: cannot create directory ‘/blue/stevenweisberg/stevenweisberg/qpfMRIResults/model_parameter_set2/’: File exists
cp: cannot stat ‘/blue/stevenweisberg/stevenweisberg/qpfMRIResults/deploy_sim.sh’: No such file or directory
cp: cannot stat ‘/blue/stevenweisberg/stevenweisberg/qpfMRIResults/sim_wrapper.sh’: No such file or directory
------------------------------------------
Setting up environment variables
---
LD_LIBRARY_PATH is .:/apps/matlab/mcr/2020b/v99/runtime/glnxa64:/apps/matlab/mcr/2020b/v99/bin/glnxa64:/apps/matlab/mcr/2020b/v99/sys/os/glnxa64:/apps/matlab/mcr/2020b/v99/sys/opengl/lib/glnxa64
Warning: Executing startup failed in matlabrc.
This indicates a potentially serious problem in your MATLAB setup, which should be resolved as soon as possible.  Error detected was:
MATLAB:mpath:PathAlterationNotSupported
Modifying the search path is not supported by MATLAB Compiler. Remove functions that modify the search path from your MATLAB code. To make files visible to your deployed application, add the parent folder to your MATLAB session.
Warning: No stimulus domain specified. Defaulting to values between 0.01 and 1.
> In qpfmriParams (line 182)
In compiledSimulate (line 205)
Stimulus domain added from input.
Parameter slope specified as 0.20000
Parameter semiSat specified as 0.57000
Parameter beta specified as 1.00000
Parameter sigma specified as 0.10000
seed = 99seed = 104seed = 111seed = 111seed = 115seed = 101Initializing Q+. This may take a minute...
Elapsed time is 7.283199 seconds.
Simulated parameters:
slope: 0.200 semiSat: 0.570 beta: 1.000 sigma: 0.100 

Trial 1: baseline Stimulus Selection
Stimulus: 0.010
Output value 0.000

Q+ parameters
slope: 0.026 semiSat: 0.890 beta: 0.500 sigma: 0.010 
maxBOLD estimate = 1.000


Trial 2: maxBOLD Stimulus Selection
Stimulus: 1.000
Output value 1.364

Q+ parameters
slope: 0.055 semiSat: 0.670 beta: 1.250 sigma: 0.010 
maxBOLD estimate = 1.000


Trial 3: baseline Stimulus Selection
Stimulus: 0.010
Output value 0.142

Q+ parameters
slope: 0.055 semiSat: 0.670 beta: 1.250 sigma: 0.062 
maxBOLD estimate = 1.250


Trial 4: maxBOLD Stimulus Selection
Stimulus: 1.000
Output value 1.598

Q+ parameters
slope: 0.043 semiSat: 0.780 beta: 1.250 sigma: 0.062 
maxBOLD estimate = 1.562


Trial 5: baseline Stimulus Selection
Stimulus: 0.010
Output value 0.000

Q+ parameters
slope: 0.043 semiSat: 0.780 beta: 1.125 sigma: 0.062 
maxBOLD estimate = 1.953


Trial 6: maxBOLD Stimulus Selection
Stimulus: 1.000
Output value 1.248

Q+ parameters
slope: 0.034 semiSat: 1.000 beta: 1.250 sigma: 0.062 
maxBOLD estimate = 2.197


Trial 7: qplus Stimulus Selection
Stimulus: 0.794
Output value 0.749

Q+ parameters
slope: 0.616 semiSat: 0.120 beta: 0.500 sigma: 0.062 
maxBOLD estimate = 2.747


Trial 8: qplus Stimulus Selection
Stimulus: 0.381
Output value 0.780

Q+ parameters
slope: 0.089 semiSat: 0.450 beta: 1.250 sigma: 0.062 
maxBOLD estimate = 1.373


Trial 9: qplus Stimulus Selection
Stimulus: 0.505
Output value 0.585

Q+ parameters
slope: 0.113 semiSat: 0.560 beta: 0.938 sigma: 0.062 
maxBOLD estimate = 1.717


Trial 10: baseline Stimulus Selection
Stimulus: 0.010
Output value 0.000

Q+ parameters
slope: 0.113 semiSat: 0.560 beta: 0.938 sigma: 0.062 
maxBOLD estimate = 1.609


Trial 11: qplus Stimulus Selection
Stimulus: 0.629
Output value 1.132

Q+ parameters
slope: 0.113 semiSat: 0.560 beta: 1.031 sigma: 0.062 
maxBOLD estimate = 1.509


Trial 12: qplus Stimulus Selection
Stimulus: 0.505
Output value 0.141

Q+ parameters
slope: 0.144 semiSat: 0.560 beta: 1.000 sigma: 0.114 
maxBOLD estimate = 1.556


Trial 13: qplus Stimulus Selection
Stimulus: 0.629
Output value 1.273

Q+ parameters
slope: 0.144 semiSat: 0.560 beta: 1.000 sigma: 0.114 
maxBOLD estimate = 1.556


Trial 14: qplus Stimulus Selection
Stimulus: 0.505
Output value 0.141

Q+ parameters
slope: 0.144 semiSat: 0.560 beta: 1.000 sigma: 0.114 
maxBOLD estimate = 1.556


Trial 15: maxBOLD Stimulus Selection
Stimulus: 1.000
Output value 1.233

Q+ parameters
slope: 0.234 semiSat: 0.560 beta: 0.969 sigma: 0.114 
maxBOLD estimate = 1.556


Trial 16: qplus Stimulus Selection
Stimulus: 0.588
Output value 0.959

Q+ parameters
slope: 0.144 semiSat: 0.560 beta: 1.000 sigma: 0.114 
maxBOLD estimate = 1.507


Trial 17: qplus Stimulus Selection
Stimulus: 0.588
Output value 0.514

Q+ parameters
slope: 0.144 semiSat: 0.560 beta: 0.938 sigma: 0.114 
maxBOLD estimate = 1.507


Trial 18: qplus Stimulus Selection
Stimulus: 0.629
Output value 1.092

Q+ parameters
slope: 0.183 semiSat: 0.560 beta: 1.062 sigma: 0.114 
maxBOLD estimate = 1.413


Trial 19: qplus Stimulus Selection
Stimulus: 0.505
Output value -0.132

Q+ parameters
slope: 0.234 semiSat: 0.560 beta: 0.969 sigma: 0.114 
maxBOLD estimate = 1.501


Trial 20: baseline Stimulus Selection
Stimulus: 0.010
Output value -0.281

Q+ parameters
slope: 0.183 semiSat: 0.560 beta: 1.062 sigma: 0.114 
maxBOLD estimate = 1.454


Trial 21: qplus Stimulus Selection
Stimulus: 0.505
Output value 0.136

Q+ parameters
slope: 0.234 semiSat: 0.560 beta: 0.969 sigma: 0.114 
maxBOLD estimate = 1.545


Trial 22: qplus Stimulus Selection
Stimulus: 0.629
Output value 1.157

Q+ parameters
slope: 0.183 semiSat: 0.560 beta: 1.062 sigma: 0.114 
maxBOLD estimate = 1.497


Trial 23: qplus Stimulus Selection
Stimulus: 0.505
Output value 0.420

Q+ parameters
slope: 0.234 semiSat: 0.560 beta: 0.969 sigma: 0.114 
maxBOLD estimate = 1.591


Trial 24: qplus Stimulus Selection
Stimulus: 0.670
Output value 1.589

Q+ parameters
slope: 0.234 semiSat: 0.560 beta: 1.031 sigma: 0.114 
maxBOLD estimate = 1.541


Trial 25: maxBOLD Stimulus Selection
Stimulus: 1.000
Output value 1.260

Q+ parameters
slope: 0.234 semiSat: 0.560 beta: 0.969 sigma: 0.114 
maxBOLD estimate = 1.589


Trial 26: qplus Stimulus Selection
Stimulus: 0.670
Output value 1.120

Q+ parameters
slope: 0.144 semiSat: 0.560 beta: 1.000 sigma: 0.114 
maxBOLD estimate = 1.539


Trial 27: qplus Stimulus Selection
Stimulus: 0.505
Output value 0.136

Q+ parameters
slope: 0.234 semiSat: 0.560 beta: 0.969 sigma: 0.114 
maxBOLD estimate = 1.539


Trial 28: qplus Stimulus Selection
Stimulus: 0.505
Output value 0.263

Q+ parameters
slope: 0.234 semiSat: 0.560 beta: 0.969 sigma: 0.114 
maxBOLD estimate = 1.491


Trial 29: qplus Stimulus Selection
Stimulus: 0.505
Output value 0.837

Q+ parameters
slope: 0.183 semiSat: 0.560 beta: 1.062 sigma: 0.114 
maxBOLD estimate = 1.445


Trial 30: baseline Stimulus Selection
Stimulus: 0.010
Output value 0.244

Q+ parameters
slope: 0.234 semiSat: 0.560 beta: 0.875 sigma: 0.114 
maxBOLD estimate = 1.535


Trial 31: qplus Stimulus Selection
Stimulus: 0.629
Output value 1.183

Q+ parameters
slope: 0.234 semiSat: 0.560 beta: 0.969 sigma: 0.114 
maxBOLD estimate = 1.343


Trial 32: qplus Stimulus Selection
Stimulus: 0.588
Output value 1.508

Q+ parameters
slope: 0.298 semiSat: 0.560 beta: 1.062 sigma: 0.114 
maxBOLD estimate = 1.301


Trial 33: qplus Stimulus Selection
Stimulus: 0.546
Output value 0.487

Q+ parameters
slope: 0.234 semiSat: 0.560 beta: 0.969 sigma: 0.114 
maxBOLD estimate = 1.382


Trial 34: qplus Stimulus Selection
Stimulus: 0.588
Output value 0.906

Q+ parameters
slope: 0.298 semiSat: 0.560 beta: 1.062 sigma: 0.114 
maxBOLD estimate = 1.339


Trial 35: maxBOLD Stimulus Selection
Stimulus: 1.000
Output value 1.552

Q+ parameters
slope: 0.234 semiSat: 0.560 beta: 1.000 sigma: 0.114 
maxBOLD estimate = 1.423


Trial 36: qplus Stimulus Selection
Stimulus: 0.546
Output value 1.035

Q+ parameters
slope: 0.234 semiSat: 0.560 beta: 1.000 sigma: 0.114 
maxBOLD estimate = 1.423


Trial 37: qplus Stimulus Selection
Stimulus: 0.588
Output value 0.906

Q+ parameters
slope: 0.234 semiSat: 0.560 beta: 1.000 sigma: 0.114 
maxBOLD estimate = 1.423


Trial 38: qplus Stimulus Selection
Stimulus: 0.588
Output value 1.100

Q+ parameters
slope: 0.298 semiSat: 0.560 beta: 1.062 sigma: 0.114 
maxBOLD estimate = 1.423


Trial 39: qplus Stimulus Selection
Stimulus: 0.588
Output value 1.100

Q+ parameters
slope: 0.234 semiSat: 0.560 beta: 1.000 sigma: 0.114 
maxBOLD estimate = 1.512


Trial 40: baseline Stimulus Selection
Stimulus: 0.010
Output value -0.137

Q+ parameters
slope: 0.234 semiSat: 0.560 beta: 1.000 sigma: 0.114 
maxBOLD estimate = 1.512


Trial 41: qplus Stimulus Selection
Stimulus: 0.546
Output value 0.266

Q+ parameters
slope: 0.234 semiSat: 0.560 beta: 0.969 sigma: 0.114 
maxBOLD estimate = 1.512


Trial 42: qplus Stimulus Selection
Stimulus: 0.546
Output value 0.258

Q+ parameters
slope: 0.234 semiSat: 0.560 beta: 0.969 sigma: 0.114 
maxBOLD estimate = 1.465


Trial 43: qplus Stimulus Selection
Stimulus: 0.711
Output value 1.125

Q+ parameters
slope: 0.234 semiSat: 0.560 beta: 0.969 sigma: 0.114 
maxBOLD estimate = 1.419


Trial 44: qplus Stimulus Selection
Stimulus: 0.588
Output value 1.125

Q+ parameters
slope: 0.298 semiSat: 0.560 beta: 1.000 sigma: 0.114 
maxBOLD estimate = 1.375


Trial 45: maxBOLD Stimulus Selection
Stimulus: 1.000
Output value 1.375

Q+ parameters
slope: 0.298 semiSat: 0.560 beta: 1.000 sigma: 0.114 
maxBOLD estimate = 1.375


Trial 46: qplus Stimulus Selection
Stimulus: 0.505
Output value 0.250

Q+ parameters
slope: 0.298 semiSat: 0.560 beta: 1.000 sigma: 0.114 
maxBOLD estimate = 1.375


Trial 47: qplus Stimulus Selection
Stimulus: 0.505
Output value 0.375

Q+ parameters
slope: 0.298 semiSat: 0.560 beta: 1.000 sigma: 0.114 
maxBOLD estimate = 1.375


Trial 48: qplus Stimulus Selection
Stimulus: 0.505
Output value 0.500

Q+ parameters
slope: 0.298 semiSat: 0.560 beta: 1.000 sigma: 0.114 
maxBOLD estimate = 1.375


Trial 49: qplus Stimulus Selection
Stimulus: 0.546
Output value 0.929

Q+ parameters
slope: 0.298 semiSat: 0.560 beta: 1.062 sigma: 0.114 
maxBOLD estimate = 1.375


Trial 50: baseline Stimulus Selection
Stimulus: 0.010
Output value 0.000

Q+ parameters
slope: 0.234 semiSat: 0.560 beta: 0.969 sigma: 0.114 
maxBOLD estimate = 1.460


Trial 51: qplus Stimulus Selection
Stimulus: 0.711
Output value 1.495

Q+ parameters
slope: 0.234 semiSat: 0.560 beta: 0.969 sigma: 0.114 
maxBOLD estimate = 1.415


Trial 52: qplus Stimulus Selection
Stimulus: 0.546
Output value 0.794

Q+ parameters
slope: 0.298 semiSat: 0.560 beta: 1.062 sigma: 0.114 
maxBOLD estimate = 1.371


Trial 53: qplus Stimulus Selection
Stimulus: 0.588
Output value 1.539

Q+ parameters
slope: 0.234 semiSat: 0.560 beta: 0.969 sigma: 0.114 
maxBOLD estimate = 1.456


Trial 54: qplus Stimulus Selection
Stimulus: 0.546
Output value 0.818

Q+ parameters
slope: 0.298 semiSat: 0.560 beta: 1.062 sigma: 0.114 
maxBOLD estimate = 1.411


Trial 55: maxBOLD Stimulus Selection
Stimulus: 1.000
Output value 1.320

Q+ parameters
slope: 0.234 semiSat: 0.560 beta: 0.969 sigma: 0.114 
maxBOLD estimate = 1.499


Trial 56: qplus Stimulus Selection
Stimulus: 0.546
Output value 0.384

Q+ parameters
slope: 0.234 semiSat: 0.560 beta: 0.969 sigma: 0.114 
maxBOLD estimate = 1.452


Trial 57: qplus Stimulus Selection
Stimulus: 0.546
Output value 0.679

Q+ parameters
slope: 0.298 semiSat: 0.560 beta: 1.062 sigma: 0.114 
maxBOLD estimate = 1.407


Trial 58: qplus Stimulus Selection
Stimulus: 0.588
Output value 0.790

Q+ parameters
slope: 0.234 semiSat: 0.560 beta: 0.969 sigma: 0.114 
maxBOLD estimate = 1.495


Trial 59: qplus Stimulus Selection
Stimulus: 0.546
Output value 0.638

Q+ parameters
slope: 0.234 semiSat: 0.560 beta: 0.969 sigma: 0.114 
maxBOLD estimate = 1.448


Trial 60: baseline Stimulus Selection
Stimulus: 0.010
Output value 0.000

Q+ parameters
slope: 0.298 semiSat: 0.560 beta: 1.062 sigma: 0.114 
maxBOLD estimate = 1.403


Trial 61: qplus Stimulus Selection
Stimulus: 0.588
Output value 0.788

Q+ parameters
slope: 0.234 semiSat: 0.560 beta: 0.969 sigma: 0.114 
maxBOLD estimate = 1.490


Trial 62: qplus Stimulus Selection
Stimulus: 0.546
Output value 0.509

Q+ parameters
slope: 0.234 semiSat: 0.560 beta: 0.969 sigma: 0.114 
maxBOLD estimate = 1.444


Trial 63: qplus Stimulus Selection
Stimulus: 0.546
Output value 0.540

Q+ parameters
slope: 0.298 semiSat: 0.560 beta: 1.062 sigma: 0.114 
maxBOLD estimate = 1.399


Trial 64: qplus Stimulus Selection
Stimulus: 0.588
Output value 0.916

Q+ parameters
slope: 0.234 semiSat: 0.560 beta: 0.969 sigma: 0.114 
maxBOLD estimate = 1.486


Trial 65: maxBOLD Stimulus Selection
Stimulus: 1.000
Output value 1.268

Q+ parameters
slope: 0.234 semiSat: 0.560 beta: 0.969 sigma: 0.114 
maxBOLD estimate = 1.440


Trial 66: qplus Stimulus Selection
Stimulus: 0.546
Output value 0.539

Q+ parameters
slope: 0.298 semiSat: 0.560 beta: 1.062 sigma: 0.114 
maxBOLD estimate = 1.395


Trial 67: qplus Stimulus Selection
Stimulus: 0.588
Output value 0.783

Q+ parameters
slope: 0.234 semiSat: 0.560 beta: 0.969 sigma: 0.114 
maxBOLD estimate = 1.482


Trial 68: qplus Stimulus Selection
Stimulus: 0.711
Output value 1.517

Q+ parameters
slope: 0.298 semiSat: 0.560 beta: 0.969 sigma: 0.114 
maxBOLD estimate = 1.436


Trial 69: qplus Stimulus Selection
Stimulus: 0.546
Output value 0.672

Q+ parameters
slope: 0.298 semiSat: 0.560 beta: 1.062 sigma: 0.114 
maxBOLD estimate = 1.391


Trial 70: baseline Stimulus Selection
Stimulus: 0.010
Output value 0.390

Q+ parameters
slope: 0.298 semiSat: 0.560 beta: 0.969 sigma: 0.114 
maxBOLD estimate = 1.478


Trial 71: qplus Stimulus Selection
Stimulus: 0.670
Output value 1.008

Q+ parameters
slope: 0.298 semiSat: 0.560 beta: 0.969 sigma: 0.114 
maxBOLD estimate = 1.431


Trial 72: qplus Stimulus Selection
Stimulus: 0.546
Output value 0.366

Q+ parameters
slope: 0.298 semiSat: 0.560 beta: 0.969 sigma: 0.114 
maxBOLD estimate = 1.387


Trial 73: qplus Stimulus Selection
Stimulus: 0.546
Output value 0.592

Q+ parameters
slope: 0.298 semiSat: 0.560 beta: 0.969 sigma: 0.114 
maxBOLD estimate = 1.343


Trial 74: qplus Stimulus Selection
Stimulus: 0.546
Output value 0.628

Q+ parameters
slope: 0.298 semiSat: 0.560 beta: 1.062 sigma: 0.114 
maxBOLD estimate = 1.301


Trial 75: maxBOLD Stimulus Selection
Stimulus: 1.000
Output value 1.461

Q+ parameters
slope: 0.298 semiSat: 0.560 beta: 0.969 sigma: 0.114 
maxBOLD estimate = 1.383


Trial 76: qplus Stimulus Selection
Stimulus: 0.546
Output value 0.518

Q+ parameters
slope: 0.298 semiSat: 0.560 beta: 1.062 sigma: 0.114 
maxBOLD estimate = 1.339


Trial 77: qplus Stimulus Selection
Stimulus: 0.588
Output value 0.376

Q+ parameters
slope: 0.298 semiSat: 0.560 beta: 0.969 sigma: 0.114 
maxBOLD estimate = 1.423


Trial 78: qplus Stimulus Selection
Stimulus: 0.711
Output value 1.457

Q+ parameters
slope: 0.298 semiSat: 0.560 beta: 0.969 sigma: 0.114 
maxBOLD estimate = 1.379


Trial 79: qplus Stimulus Selection
Stimulus: 0.546
Output value 0.971

Q+ parameters
slope: 0.234 semiSat: 0.560 beta: 1.000 sigma: 0.114 
maxBOLD estimate = 1.336


Trial 80: baseline Stimulus Selection
Stimulus: 0.010
Output value 0.471

Q+ parameters
slope: 0.298 semiSat: 0.560 beta: 0.969 sigma: 0.114 
maxBOLD estimate = 1.336


Trial 81: qplus Stimulus Selection
Stimulus: 0.546
Output value 0.750

Q+ parameters
slope: 0.298 semiSat: 0.560 beta: 1.062 sigma: 0.114 
maxBOLD estimate = 1.294


Trial 82: qplus Stimulus Selection
Stimulus: 0.588
Output value 0.726

Q+ parameters
slope: 0.298 semiSat: 0.560 beta: 0.969 sigma: 0.114 
maxBOLD estimate = 1.375


Trial 83: qplus Stimulus Selection
Stimulus: 0.546
Output value 0.000

Q+ parameters
slope: 0.298 semiSat: 0.560 beta: 0.969 sigma: 0.114 
maxBOLD estimate = 1.332


Trial 84: qplus Stimulus Selection
Stimulus: 0.588
Output value 0.795

Q+ parameters
slope: 0.298 semiSat: 0.560 beta: 0.969 sigma: 0.114 
maxBOLD estimate = 1.290


Trial 85: maxBOLD Stimulus Selection
Stimulus: 1.000
Output value 1.328

Q+ parameters
slope: 0.298 semiSat: 0.560 beta: 1.062 sigma: 0.114 
maxBOLD estimate = 1.250


Trial 86: qplus Stimulus Selection
Stimulus: 0.505
Output value 0.468

Q+ parameters
slope: 0.298 semiSat: 0.560 beta: 0.969 sigma: 0.114 
maxBOLD estimate = 1.328


Trial 87: qplus Stimulus Selection
Stimulus: 0.546
Output value 0.621

Q+ parameters
slope: 0.298 semiSat: 0.560 beta: 1.062 sigma: 0.114 
maxBOLD estimate = 1.286


Trial 88: qplus Stimulus Selection
Stimulus: 0.546
Output value 0.361

Q+ parameters
slope: 0.298 semiSat: 0.560 beta: 0.969 sigma: 0.114 
maxBOLD estimate = 1.367


Trial 89: qplus Stimulus Selection
Stimulus: 0.711
Output value 1.399

Q+ parameters
slope: 0.298 semiSat: 0.560 beta: 0.969 sigma: 0.114 
maxBOLD estimate = 1.324


Trial 90: baseline Stimulus Selection
Stimulus: 0.010
Output value 0.113

Q+ parameters
slope: 0.298 semiSat: 0.560 beta: 0.969 sigma: 0.114 
maxBOLD estimate = 1.283


Trial 91: qplus Stimulus Selection
Stimulus: 0.546
Output value 0.960

Q+ parameters
slope: 0.298 semiSat: 0.560 beta: 1.062 sigma: 0.114 
maxBOLD estimate = 1.243


Trial 92: qplus Stimulus Selection
Stimulus: 0.588
Output value 0.465

Q+ parameters
slope: 0.298 semiSat: 0.560 beta: 0.969 sigma: 0.114 
maxBOLD estimate = 1.320


Trial 93: qplus Stimulus Selection
Stimulus: 0.546
Output value 0.451

Q+ parameters
slope: 0.298 semiSat: 0.560 beta: 0.969 sigma: 0.114 
maxBOLD estimate = 1.279


Trial 94: qplus Stimulus Selection
Stimulus: 0.546
Output value 0.479

Q+ parameters
slope: 0.298 semiSat: 0.560 beta: 1.062 sigma: 0.114 
maxBOLD estimate = 1.239


Trial 95: maxBOLD Stimulus Selection
Stimulus: 1.000
Output value 1.391

Q+ parameters
slope: 0.298 semiSat: 0.560 beta: 0.969 sigma: 0.114 
maxBOLD estimate = 1.317


Trial 96: qplus Stimulus Selection
Stimulus: 0.546
Output value 0.674

Q+ parameters
slope: 0.298 semiSat: 0.560 beta: 0.969 sigma: 0.114 
maxBOLD estimate = 1.275


Trial 97: qplus Stimulus Selection
Stimulus: 0.546
Output value 0.358

Q+ parameters
slope: 0.298 semiSat: 0.560 beta: 1.062 sigma: 0.114 
maxBOLD estimate = 1.236


Trial 98: qplus Stimulus Selection
Stimulus: 0.588
Output value 1.272

Q+ parameters
slope: 0.298 semiSat: 0.560 beta: 0.969 sigma: 0.114 
maxBOLD estimate = 1.313


Trial 99: qplus Stimulus Selection
Stimulus: 0.546
Output value 0.448

Q+ parameters
slope: 0.298 semiSat: 0.560 beta: 0.969 sigma: 0.114 
maxBOLD estimate = 1.272


Trial 100: baseline Stimulus Selection
Stimulus: 0.010
Output value 0.000

Q+ parameters
slope: 0.298 semiSat: 0.560 beta: 1.062 sigma: 0.114 
maxBOLD estimate = 1.232

--------------------------------------------------------------
FINAL VALUES
--------------------------------------------------------------
Simulated parameters:              slope: 0.200 semiSat: 0.570 beta: 1.000 sigma: 0.100 
Max posterior QUEST+ parameters:   slope: 0.298 semiSat: 0.560 beta: 0.969 sigma: 0.114 
Max BADS parameters:               slope: 0.249 semiSat: 0.567 beta: 1.000 sigma: 0.117 
maxBOLD estimate: 1.298
