/blue/stevenweisberg/stevenweisberg/MATLAB/projects/Weisberg_Aguirre_2020/scripts/run_sims
c0704a-s2.ufhpc
Wed Apr  7 09:13:18 EDT 2021
mkdir: cannot create directory ‘/blue/stevenweisberg/stevenweisberg/qpfMRIResults/model_parameter_set2/’: File exists
cp: cannot stat ‘/blue/stevenweisberg/stevenweisberg/qpfMRIResults/deploy_sim.sh’: No such file or directory
cp: cannot stat ‘/blue/stevenweisberg/stevenweisberg/qpfMRIResults/sim_wrapper.sh’: No such file or directory
------------------------------------------
Setting up environment variables
---
LD_LIBRARY_PATH is .:/apps/matlab/mcr/2020b/v99/runtime/glnxa64:/apps/matlab/mcr/2020b/v99/bin/glnxa64:/apps/matlab/mcr/2020b/v99/sys/os/glnxa64:/apps/matlab/mcr/2020b/v99/sys/opengl/lib/glnxa64
Warning: Executing startup failed in matlabrc.
This indicates a potentially serious problem in your MATLAB setup, which should be resolved as soon as possible.  Error detected was:
MATLAB:mpath:PathAlterationNotSupported
Modifying the search path is not supported by MATLAB Compiler. Remove functions that modify the search path from your MATLAB code. To make files visible to your deployed application, add the parent folder to your MATLAB session.
Warning: No stimulus domain specified. Defaulting to values between 0.01 and 1.
> In qpfmriParams (line 182)
In compiledSimulate (line 205)
Stimulus domain added from input.
Parameter slope specified as 0.20000
Parameter semiSat specified as 0.57000
Parameter beta specified as 1.00000
Parameter sigma specified as 0.10000
seed = 99seed = 104seed = 111seed = 111seed = 115seed = 101Initializing Q+. This may take a minute...
Elapsed time is 7.915128 seconds.
Simulated parameters:
slope: 0.200 semiSat: 0.570 beta: 1.000 sigma: 0.100 

Trial 1: baseline Stimulus Selection
Stimulus: 0.010
Output value 0.000

Q+ parameters
slope: 0.026 semiSat: 0.890 beta: 0.500 sigma: 0.010 
maxBOLD estimate = 1.000


Trial 2: maxBOLD Stimulus Selection
Stimulus: 1.000
Output value 1.364

Q+ parameters
slope: 0.055 semiSat: 0.670 beta: 1.250 sigma: 0.010 
maxBOLD estimate = 1.000


Trial 3: baseline Stimulus Selection
Stimulus: 0.010
Output value -0.284

Q+ parameters
slope: 0.055 semiSat: 0.670 beta: 1.250 sigma: 0.166 
maxBOLD estimate = 1.250


Trial 4: maxBOLD Stimulus Selection
Stimulus: 1.000
Output value 1.776

Q+ parameters
slope: 0.055 semiSat: 0.670 beta: 1.250 sigma: 0.114 
maxBOLD estimate = 1.562


Trial 5: baseline Stimulus Selection
Stimulus: 0.010
Output value 0.200

Q+ parameters
slope: 0.043 semiSat: 0.780 beta: 1.125 sigma: 0.114 
maxBOLD estimate = 1.953


Trial 6: maxBOLD Stimulus Selection
Stimulus: 1.000
Output value 1.748

Q+ parameters
slope: 0.034 semiSat: 1.000 beta: 1.250 sigma: 0.062 
maxBOLD estimate = 2.197


Trial 7: random Stimulus Selection
Stimulus: 0.505
Output value 0.437

Q+ parameters
slope: 0.034 semiSat: 0.890 beta: 0.875 sigma: 0.062 
maxBOLD estimate = 2.747


Trial 8: random Stimulus Selection
Stimulus: 0.876
Output value 1.147

Q+ parameters
slope: 0.070 semiSat: 0.670 beta: 0.750 sigma: 0.062 
maxBOLD estimate = 2.403


Trial 9: random Stimulus Selection
Stimulus: 0.794
Output value 1.690

Q+ parameters
slope: 0.144 semiSat: 0.560 beta: 0.938 sigma: 0.114 
maxBOLD estimate = 1.802


Trial 10: baseline Stimulus Selection
Stimulus: 0.010
Output value 0.144

Q+ parameters
slope: 0.144 semiSat: 0.560 beta: 0.938 sigma: 0.062 
maxBOLD estimate = 1.690


Trial 11: random Stimulus Selection
Stimulus: 0.134
Output value -0.135

Q+ parameters
slope: 0.144 semiSat: 0.560 beta: 0.938 sigma: 0.062 
maxBOLD estimate = 1.584


Trial 12: random Stimulus Selection
Stimulus: 0.588
Output value 1.215

Q+ parameters
slope: 0.183 semiSat: 0.560 beta: 1.125 sigma: 0.062 
maxBOLD estimate = 1.485


Trial 13: random Stimulus Selection
Stimulus: 0.257
Output value -0.285

Q+ parameters
slope: 0.144 semiSat: 0.560 beta: 0.938 sigma: 0.062 
maxBOLD estimate = 1.671


Trial 14: random Stimulus Selection
Stimulus: 0.505
Output value 0.000

Q+ parameters
slope: 0.113 semiSat: 0.670 beta: 1.500 sigma: 0.114 
maxBOLD estimate = 1.566


Trial 15: maxBOLD Stimulus Selection
Stimulus: 1.000
Output value 0.961

Q+ parameters
slope: 0.070 semiSat: 0.670 beta: 0.750 sigma: 0.062 
maxBOLD estimate = 2.350


Trial 16: random Stimulus Selection
Stimulus: 0.629
Output value 0.981

Q+ parameters
slope: 0.234 semiSat: 0.560 beta: 0.875 sigma: 0.062 
maxBOLD estimate = 1.762


Trial 17: random Stimulus Selection
Stimulus: 0.464
Output value -0.421

Q+ parameters
slope: 0.113 semiSat: 0.670 beta: 1.500 sigma: 0.114 
maxBOLD estimate = 1.542


Trial 18: random Stimulus Selection
Stimulus: 0.629
Output value 0.631

Q+ parameters
slope: 0.144 semiSat: 0.670 beta: 0.750 sigma: 0.114 
maxBOLD estimate = 2.313


Trial 19: random Stimulus Selection
Stimulus: 0.175
Output value 0.237

Q+ parameters
slope: 0.298 semiSat: 0.560 beta: 0.750 sigma: 0.114 
maxBOLD estimate = 1.735


Trial 20: baseline Stimulus Selection
Stimulus: 0.010
Output value -0.251

Q+ parameters
slope: 0.298 semiSat: 0.560 beta: 1.062 sigma: 0.114 
maxBOLD estimate = 1.301


Trial 21: random Stimulus Selection
Stimulus: 0.794
Output value 1.469

Q+ parameters
slope: 0.298 semiSat: 0.560 beta: 1.062 sigma: 0.114 
maxBOLD estimate = 1.382


Trial 22: random Stimulus Selection
Stimulus: 0.918
Output value 2.003

Q+ parameters
slope: 0.113 semiSat: 0.670 beta: 1.500 sigma: 0.114 
maxBOLD estimate = 1.469


Trial 23: random Stimulus Selection
Stimulus: 0.216
Output value -0.300

Q+ parameters
slope: 0.183 semiSat: 0.560 beta: 0.750 sigma: 0.062 
maxBOLD estimate = 2.203


Trial 24: random Stimulus Selection
Stimulus: 0.505
Output value 0.263

Q+ parameters
slope: 0.234 semiSat: 0.560 beta: 0.875 sigma: 0.114 
maxBOLD estimate = 1.652


Trial 25: maxBOLD Stimulus Selection
Stimulus: 1.000
Output value 2.169

Q+ parameters
slope: 0.113 semiSat: 0.670 beta: 1.500 sigma: 0.114 
maxBOLD estimate = 1.446


Trial 26: random Stimulus Selection
Stimulus: 0.835
Output value 1.183

Q+ parameters
slope: 0.183 semiSat: 0.560 beta: 0.750 sigma: 0.062 
maxBOLD estimate = 2.169


Trial 27: random Stimulus Selection
Stimulus: 0.051
Output value -0.129

Q+ parameters
slope: 0.234 semiSat: 0.560 beta: 0.875 sigma: 0.114 
maxBOLD estimate = 1.626


Trial 28: random Stimulus Selection
Stimulus: 0.216
Output value 0.194

Q+ parameters
slope: 0.113 semiSat: 0.670 beta: 1.500 sigma: 0.114 
maxBOLD estimate = 1.423


Trial 29: random Stimulus Selection
Stimulus: 0.629
Output value 0.728

Q+ parameters
slope: 0.183 semiSat: 0.560 beta: 0.750 sigma: 0.062 
maxBOLD estimate = 2.135


Trial 30: baseline Stimulus Selection
Stimulus: 0.010
Output value -0.218

Q+ parameters
slope: 0.113 semiSat: 0.670 beta: 1.500 sigma: 0.114 
maxBOLD estimate = 1.601


Trial 31: random Stimulus Selection
Stimulus: 0.588
Output value 0.491

Q+ parameters
slope: 0.070 semiSat: 0.670 beta: 0.750 sigma: 0.062 
maxBOLD estimate = 2.402


Trial 32: random Stimulus Selection
Stimulus: 1.000
Output value 1.351

Q+ parameters
slope: 0.183 semiSat: 0.560 beta: 0.750 sigma: 0.114 
maxBOLD estimate = 1.801


Trial 33: random Stimulus Selection
Stimulus: 0.092
Output value 0.130

Q+ parameters
slope: 0.183 semiSat: 0.560 beta: 1.062 sigma: 0.114 
maxBOLD estimate = 1.351


Trial 34: random Stimulus Selection
Stimulus: 0.794
Output value 1.664

Q+ parameters
slope: 0.183 semiSat: 0.560 beta: 1.062 sigma: 0.114 
maxBOLD estimate = 1.435


Trial 35: maxBOLD Stimulus Selection
Stimulus: 1.000
Output value 2.080

Q+ parameters
slope: 0.113 semiSat: 0.670 beta: 1.500 sigma: 0.114 
maxBOLD estimate = 1.525


Trial 36: random Stimulus Selection
Stimulus: 0.423
Output value 0.000

Q+ parameters
slope: 0.070 semiSat: 0.670 beta: 0.750 sigma: 0.062 
maxBOLD estimate = 2.288


Trial 37: random Stimulus Selection
Stimulus: 0.753
Output value 1.365

Q+ parameters
slope: 0.234 semiSat: 0.560 beta: 0.875 sigma: 0.114 
maxBOLD estimate = 1.716


Trial 38: random Stimulus Selection
Stimulus: 0.629
Output value 1.638

Q+ parameters
slope: 0.113 semiSat: 0.670 beta: 1.500 sigma: 0.114 
maxBOLD estimate = 1.501


Trial 39: random Stimulus Selection
Stimulus: 1.000
Output value 1.228

Q+ parameters
slope: 0.183 semiSat: 0.560 beta: 0.750 sigma: 0.062 
maxBOLD estimate = 2.252


Trial 40: baseline Stimulus Selection
Stimulus: 0.010
Output value 0.134

Q+ parameters
slope: 0.234 semiSat: 0.560 beta: 0.875 sigma: 0.114 
maxBOLD estimate = 1.689


Trial 41: random Stimulus Selection
Stimulus: 0.918
Output value 1.411

Q+ parameters
slope: 0.113 semiSat: 0.670 beta: 1.500 sigma: 0.114 
maxBOLD estimate = 1.478


Trial 42: random Stimulus Selection
Stimulus: 0.134
Output value 0.000

Q+ parameters
slope: 0.070 semiSat: 0.670 beta: 0.750 sigma: 0.114 
maxBOLD estimate = 2.217


Trial 43: random Stimulus Selection
Stimulus: 0.092
Output value -0.132

Q+ parameters
slope: 0.234 semiSat: 0.560 beta: 0.875 sigma: 0.114 
maxBOLD estimate = 1.662


Trial 44: random Stimulus Selection
Stimulus: 0.134
Output value -0.397

Q+ parameters
slope: 0.113 semiSat: 0.670 beta: 1.500 sigma: 0.114 
maxBOLD estimate = 1.455


Trial 45: maxBOLD Stimulus Selection
Stimulus: 1.000
Output value 1.190

Q+ parameters
slope: 0.183 semiSat: 0.560 beta: 0.750 sigma: 0.114 
maxBOLD estimate = 2.182


Trial 46: random Stimulus Selection
Stimulus: 0.381
Output value 0.260

Q+ parameters
slope: 0.234 semiSat: 0.560 beta: 0.875 sigma: 0.114 
maxBOLD estimate = 1.636


Trial 47: random Stimulus Selection
Stimulus: 0.959
Output value 2.148

Q+ parameters
slope: 0.113 semiSat: 0.670 beta: 1.500 sigma: 0.114 
maxBOLD estimate = 1.432


Trial 48: random Stimulus Selection
Stimulus: 0.299
Output value 0.293

Q+ parameters
slope: 0.183 semiSat: 0.560 beta: 0.750 sigma: 0.114 
maxBOLD estimate = 2.148


Trial 49: random Stimulus Selection
Stimulus: 0.464
Output value 0.256

Q+ parameters
slope: 0.234 semiSat: 0.560 beta: 0.875 sigma: 0.114 
maxBOLD estimate = 1.611


Trial 50: baseline Stimulus Selection
Stimulus: 0.010
Output value 0.384

Q+ parameters
slope: 0.113 semiSat: 0.670 beta: 1.500 sigma: 0.114 
maxBOLD estimate = 1.410


Trial 51: random Stimulus Selection
Stimulus: 0.423
Output value 0.144

Q+ parameters
slope: 0.183 semiSat: 0.560 beta: 0.750 sigma: 0.114 
maxBOLD estimate = 2.114


Trial 52: random Stimulus Selection
Stimulus: 1.000
Output value 1.261

Q+ parameters
slope: 0.234 semiSat: 0.560 beta: 0.875 sigma: 0.114 
maxBOLD estimate = 1.586


Trial 53: random Stimulus Selection
Stimulus: 0.464
Output value 0.000

Q+ parameters
slope: 0.113 semiSat: 0.670 beta: 1.500 sigma: 0.114 
maxBOLD estimate = 1.388


Trial 54: random Stimulus Selection
Stimulus: 0.092
Output value -0.142

Q+ parameters
slope: 0.183 semiSat: 0.560 beta: 0.750 sigma: 0.062 
maxBOLD estimate = 2.081


Trial 55: maxBOLD Stimulus Selection
Stimulus: 1.000
Output value 1.118

Q+ parameters
slope: 0.234 semiSat: 0.560 beta: 0.875 sigma: 0.114 
maxBOLD estimate = 1.561


Trial 56: random Stimulus Selection
Stimulus: 0.546
Output value 0.745

Q+ parameters
slope: 0.113 semiSat: 0.670 beta: 1.500 sigma: 0.114 
maxBOLD estimate = 1.366


Trial 57: random Stimulus Selection
Stimulus: 0.257
Output value 0.140

Q+ parameters
slope: 0.183 semiSat: 0.560 beta: 0.750 sigma: 0.062 
maxBOLD estimate = 2.049


Trial 58: random Stimulus Selection
Stimulus: 0.381
Output value 0.122

Q+ parameters
slope: 0.234 semiSat: 0.560 beta: 0.875 sigma: 0.114 
maxBOLD estimate = 1.537


Trial 59: random Stimulus Selection
Stimulus: 0.257
Output value 0.183

Q+ parameters
slope: 0.113 semiSat: 0.670 beta: 1.500 sigma: 0.114 
maxBOLD estimate = 1.345


Trial 60: baseline Stimulus Selection
Stimulus: 0.010
Output value 0.138

Q+ parameters
slope: 0.144 semiSat: 0.670 beta: 0.750 sigma: 0.114 
maxBOLD estimate = 2.017


Trial 61: random Stimulus Selection
Stimulus: 0.423
Output value 0.000

Q+ parameters
slope: 0.234 semiSat: 0.560 beta: 0.875 sigma: 0.114 
maxBOLD estimate = 1.513


Trial 62: random Stimulus Selection
Stimulus: 1.000
Output value 1.805

Q+ parameters
slope: 0.144 semiSat: 0.670 beta: 1.500 sigma: 0.114 
maxBOLD estimate = 1.323


Trial 63: random Stimulus Selection
Stimulus: 0.794
Output value 1.218

Q+ parameters
slope: 0.144 semiSat: 0.670 beta: 0.750 sigma: 0.114 
maxBOLD estimate = 1.985


Trial 64: random Stimulus Selection
Stimulus: 0.299
Output value 0.118

Q+ parameters
slope: 0.234 semiSat: 0.560 beta: 0.875 sigma: 0.114 
maxBOLD estimate = 1.489


Trial 65: maxBOLD Stimulus Selection
Stimulus: 1.000
Output value 2.132

Q+ parameters
slope: 0.144 semiSat: 0.670 beta: 1.500 sigma: 0.114 
maxBOLD estimate = 1.303


Trial 66: random Stimulus Selection
Stimulus: 0.216
Output value -0.133

Q+ parameters
slope: 0.144 semiSat: 0.670 beta: 0.750 sigma: 0.062 
maxBOLD estimate = 1.954


Trial 67: random Stimulus Selection
Stimulus: 0.175
Output value -0.233

Q+ parameters
slope: 0.234 semiSat: 0.560 beta: 0.875 sigma: 0.114 
maxBOLD estimate = 1.466


Trial 68: random Stimulus Selection
Stimulus: 0.051
Output value 0.000

Q+ parameters
slope: 0.144 semiSat: 0.670 beta: 1.500 sigma: 0.114 
maxBOLD estimate = 1.282


Trial 69: random Stimulus Selection
Stimulus: 0.216
Output value 0.000

Q+ parameters
slope: 0.298 semiSat: 0.560 beta: 0.750 sigma: 0.114 
maxBOLD estimate = 1.924


Trial 70: baseline Stimulus Selection
Stimulus: 0.010
Output value -0.197

Q+ parameters
slope: 0.144 semiSat: 0.670 beta: 1.500 sigma: 0.114 
maxBOLD estimate = 1.443


Trial 71: random Stimulus Selection
Stimulus: 0.505
Output value 0.738

Q+ parameters
slope: 0.144 semiSat: 0.670 beta: 0.750 sigma: 0.114 
maxBOLD estimate = 2.164


Trial 72: random Stimulus Selection
Stimulus: 0.711
Output value 1.291

Q+ parameters
slope: 0.234 semiSat: 0.560 beta: 0.875 sigma: 0.114 
maxBOLD estimate = 1.623


Trial 73: random Stimulus Selection
Stimulus: 0.051
Output value 0.194

Q+ parameters
slope: 0.113 semiSat: 0.670 beta: 1.500 sigma: 0.114 
maxBOLD estimate = 1.420


Trial 74: random Stimulus Selection
Stimulus: 0.711
Output value 1.162

Q+ parameters
slope: 0.183 semiSat: 0.560 beta: 0.750 sigma: 0.114 
maxBOLD estimate = 2.130


Trial 75: maxBOLD Stimulus Selection
Stimulus: 1.000
Output value 1.144

Q+ parameters
slope: 0.234 semiSat: 0.560 beta: 0.875 sigma: 0.114 
maxBOLD estimate = 1.598


Trial 76: random Stimulus Selection
Stimulus: 0.794
Output value 2.288

Q+ parameters
slope: 0.144 semiSat: 0.670 beta: 1.500 sigma: 0.114 
maxBOLD estimate = 1.398


Trial 77: random Stimulus Selection
Stimulus: 0.134
Output value -0.143

Q+ parameters
slope: 0.183 semiSat: 0.560 beta: 0.750 sigma: 0.114 
maxBOLD estimate = 2.097


Trial 78: random Stimulus Selection
Stimulus: 0.835
Output value 1.376

Q+ parameters
slope: 0.234 semiSat: 0.560 beta: 0.875 sigma: 0.114 
maxBOLD estimate = 1.573


Trial 79: random Stimulus Selection
Stimulus: 0.629
Output value 1.501

Q+ parameters
slope: 0.144 semiSat: 0.670 beta: 1.500 sigma: 0.114 
maxBOLD estimate = 1.376


Trial 80: baseline Stimulus Selection
Stimulus: 0.010
Output value -0.141

Q+ parameters
slope: 0.183 semiSat: 0.560 beta: 0.750 sigma: 0.062 
maxBOLD estimate = 2.064


Trial 81: random Stimulus Selection
Stimulus: 0.876
Output value 1.478

Q+ parameters
slope: 0.234 semiSat: 0.560 beta: 0.875 sigma: 0.114 
maxBOLD estimate = 1.548


Trial 82: random Stimulus Selection
Stimulus: 0.423
Output value 0.185

Q+ parameters
slope: 0.113 semiSat: 0.670 beta: 1.500 sigma: 0.114 
maxBOLD estimate = 1.355


Trial 83: random Stimulus Selection
Stimulus: 0.464
Output value 0.416

Q+ parameters
slope: 0.183 semiSat: 0.560 beta: 0.750 sigma: 0.062 
maxBOLD estimate = 2.032


Trial 84: random Stimulus Selection
Stimulus: 0.340
Output value 0.000

Q+ parameters
slope: 0.234 semiSat: 0.560 beta: 0.875 sigma: 0.114 
maxBOLD estimate = 1.524


Trial 85: maxBOLD Stimulus Selection
Stimulus: 1.000
Output value 1.546

Q+ parameters
slope: 0.183 semiSat: 0.560 beta: 1.062 sigma: 0.114 
maxBOLD estimate = 1.334


Trial 86: random Stimulus Selection
Stimulus: 0.794
Output value 2.319

Q+ parameters
slope: 0.089 semiSat: 0.670 beta: 1.500 sigma: 0.114 
maxBOLD estimate = 1.417


Trial 87: random Stimulus Selection
Stimulus: 0.588
Output value 0.725

Q+ parameters
slope: 0.183 semiSat: 0.560 beta: 0.750 sigma: 0.062 
maxBOLD estimate = 2.125


Trial 88: random Stimulus Selection
Stimulus: 0.340
Output value 0.380

Q+ parameters
slope: 0.234 semiSat: 0.560 beta: 0.875 sigma: 0.114 
maxBOLD estimate = 1.594


Trial 89: random Stimulus Selection
Stimulus: 0.794
Output value 1.331

Q+ parameters
slope: 0.089 semiSat: 0.670 beta: 1.500 sigma: 0.114 
maxBOLD estimate = 1.395


Trial 90: baseline Stimulus Selection
Stimulus: 0.010
Output value 0.285

Q+ parameters
slope: 0.183 semiSat: 0.560 beta: 0.750 sigma: 0.114 
maxBOLD estimate = 2.092


Trial 91: random Stimulus Selection
Stimulus: 0.423
Output value 0.125

Q+ parameters
slope: 0.183 semiSat: 0.560 beta: 0.875 sigma: 0.114 
maxBOLD estimate = 1.569


Trial 92: random Stimulus Selection
Stimulus: 0.216
Output value 0.000

Q+ parameters
slope: 0.183 semiSat: 0.560 beta: 1.062 sigma: 0.114 
maxBOLD estimate = 1.373


Trial 93: random Stimulus Selection
Stimulus: 0.546
Output value 0.514

Q+ parameters
slope: 0.298 semiSat: 0.560 beta: 0.969 sigma: 0.114 
maxBOLD estimate = 1.459


Trial 94: random Stimulus Selection
Stimulus: 0.794
Output value 1.493

Q+ parameters
slope: 0.298 semiSat: 0.560 beta: 0.969 sigma: 0.114 
maxBOLD estimate = 1.413


Trial 95: maxBOLD Stimulus Selection
Stimulus: 1.000
Output value 1.587

Q+ parameters
slope: 0.183 semiSat: 0.560 beta: 1.062 sigma: 0.114 
maxBOLD estimate = 1.369


Trial 96: random Stimulus Selection
Stimulus: 0.134
Output value 0.256

Q+ parameters
slope: 0.298 semiSat: 0.560 beta: 0.969 sigma: 0.114 
maxBOLD estimate = 1.455


Trial 97: random Stimulus Selection
Stimulus: 0.918
Output value 1.633

Q+ parameters
slope: 0.183 semiSat: 0.560 beta: 1.062 sigma: 0.114 
maxBOLD estimate = 1.409


Trial 98: random Stimulus Selection
Stimulus: 0.134
Output value 0.527

Q+ parameters
slope: 0.298 semiSat: 0.560 beta: 0.969 sigma: 0.114 
maxBOLD estimate = 1.497


Trial 99: random Stimulus Selection
Stimulus: 0.051
Output value 0.255

Q+ parameters
slope: 0.298 semiSat: 0.560 beta: 0.969 sigma: 0.114 
maxBOLD estimate = 1.450


Trial 100: baseline Stimulus Selection
Stimulus: 0.010
Output value 0.371

Q+ parameters
slope: 0.298 semiSat: 0.560 beta: 0.969 sigma: 0.114 
maxBOLD estimate = 1.405

--------------------------------------------------------------
FINAL VALUES
--------------------------------------------------------------
Simulated parameters:              slope: 0.200 semiSat: 0.570 beta: 1.000 sigma: 0.100 
Max posterior QUEST+ parameters:   slope: 0.298 semiSat: 0.560 beta: 0.969 sigma: 0.114 
Max BADS parameters:               slope: 0.240 semiSat: 0.581 beta: 1.000 sigma: 0.114 
maxBOLD estimate: 1.386
