/blue/stevenweisberg/stevenweisberg/MATLAB/projects/Weisberg_Aguirre_2020/scripts/run_sims
c28a-s1.ufhpc
Wed Apr  7 05:31:39 EDT 2021
mkdir: cannot create directory ‘/blue/stevenweisberg/stevenweisberg/qpfMRIResults/model_parameter_set2/’: File exists
cp: cannot stat ‘/blue/stevenweisberg/stevenweisberg/qpfMRIResults/deploy_sim.sh’: No such file or directory
cp: cannot stat ‘/blue/stevenweisberg/stevenweisberg/qpfMRIResults/sim_wrapper.sh’: No such file or directory
------------------------------------------
Setting up environment variables
---
LD_LIBRARY_PATH is .:/apps/matlab/mcr/2020b/v99/runtime/glnxa64:/apps/matlab/mcr/2020b/v99/bin/glnxa64:/apps/matlab/mcr/2020b/v99/sys/os/glnxa64:/apps/matlab/mcr/2020b/v99/sys/opengl/lib/glnxa64
Warning: Executing startup failed in matlabrc.
This indicates a potentially serious problem in your MATLAB setup, which should be resolved as soon as possible.  Error detected was:
MATLAB:mpath:PathAlterationNotSupported
Modifying the search path is not supported by MATLAB Compiler. Remove functions that modify the search path from your MATLAB code. To make files visible to your deployed application, add the parent folder to your MATLAB session.
Warning: No stimulus domain specified. Defaulting to values between 0.01 and 1.
> In qpfmriParams (line 182)
In compiledSimulate (line 205)
Stimulus domain added from input.
Parameter slope specified as 0.20000
Parameter semiSat specified as 0.57000
Parameter beta specified as 1.00000
Parameter sigma specified as 0.05000
seed = 99seed = 104seed = 111seed = 111seed = 115seed = 101Initializing Q+. This may take a minute...
Elapsed time is 9.493378 seconds.
Simulated parameters:
slope: 0.200 semiSat: 0.570 beta: 1.000 sigma: 0.050 

Trial 1: baseline Stimulus Selection
Stimulus: 0.010
Output value 0.000

Q+ parameters
slope: 0.026 semiSat: 0.890 beta: 0.500 sigma: 0.010 
maxBOLD estimate = 1.000


Trial 2: maxBOLD Stimulus Selection
Stimulus: 1.000
Output value 1.364

Q+ parameters
slope: 0.055 semiSat: 0.670 beta: 1.250 sigma: 0.010 
maxBOLD estimate = 1.000


Trial 3: baseline Stimulus Selection
Stimulus: 0.010
Output value -0.142

Q+ parameters
slope: 0.055 semiSat: 0.670 beta: 1.250 sigma: 0.062 
maxBOLD estimate = 1.250


Trial 4: maxBOLD Stimulus Selection
Stimulus: 1.000
Output value 1.776

Q+ parameters
slope: 0.043 semiSat: 0.780 beta: 1.250 sigma: 0.062 
maxBOLD estimate = 1.562


Trial 5: baseline Stimulus Selection
Stimulus: 0.010
Output value 0.444

Q+ parameters
slope: 0.034 semiSat: 1.000 beta: 1.250 sigma: 0.062 
maxBOLD estimate = 1.953


Trial 6: maxBOLD Stimulus Selection
Stimulus: 1.000
Output value 1.165

Q+ parameters
slope: 0.034 semiSat: 0.890 beta: 0.875 sigma: 0.062 
maxBOLD estimate = 2.441


Trial 7: random Stimulus Selection
Stimulus: 0.216
Output value 0.243

Q+ parameters
slope: 0.034 semiSat: 1.000 beta: 1.250 sigma: 0.062 
maxBOLD estimate = 2.136


Trial 8: random Stimulus Selection
Stimulus: 0.464
Output value 0.212

Q+ parameters
slope: 0.034 semiSat: 1.000 beta: 0.875 sigma: 0.062 
maxBOLD estimate = 2.670


Trial 9: random Stimulus Selection
Stimulus: 0.711
Output value 1.274

Q+ parameters
slope: 0.298 semiSat: 0.560 beta: 0.750 sigma: 0.062 
maxBOLD estimate = 2.337


Trial 10: baseline Stimulus Selection
Stimulus: 0.010
Output value -0.139

Q+ parameters
slope: 0.183 semiSat: 0.560 beta: 0.875 sigma: 0.062 
maxBOLD estimate = 1.752


Trial 11: random Stimulus Selection
Stimulus: 0.918
Output value 0.854

Q+ parameters
slope: 0.379 semiSat: 0.560 beta: 0.875 sigma: 0.062 
maxBOLD estimate = 1.533


Trial 12: random Stimulus Selection
Stimulus: 0.918
Output value 2.195

Q+ parameters
slope: 0.144 semiSat: 0.670 beta: 1.500 sigma: 0.062 
maxBOLD estimate = 1.342


Trial 13: random Stimulus Selection
Stimulus: 0.588
Output value 0.686

Q+ parameters
slope: 0.298 semiSat: 0.560 beta: 0.750 sigma: 0.062 
maxBOLD estimate = 2.012


Trial 14: random Stimulus Selection
Stimulus: 0.794
Output value 1.081

Q+ parameters
slope: 0.379 semiSat: 0.560 beta: 0.875 sigma: 0.062 
maxBOLD estimate = 1.509


Trial 15: maxBOLD Stimulus Selection
Stimulus: 1.000
Output value 1.531

Q+ parameters
slope: 0.234 semiSat: 0.560 beta: 1.062 sigma: 0.062 
maxBOLD estimate = 1.321


Trial 16: random Stimulus Selection
Stimulus: 0.464
Output value 0.287

Q+ parameters
slope: 0.144 semiSat: 0.560 beta: 1.125 sigma: 0.062 
maxBOLD estimate = 1.403


Trial 17: random Stimulus Selection
Stimulus: 0.670
Output value 0.628

Q+ parameters
slope: 0.183 semiSat: 0.560 beta: 0.875 sigma: 0.062 
maxBOLD estimate = 1.579


Trial 18: random Stimulus Selection
Stimulus: 0.546
Output value 0.667

Q+ parameters
slope: 0.183 semiSat: 0.560 beta: 1.062 sigma: 0.062 
maxBOLD estimate = 1.381


Trial 19: random Stimulus Selection
Stimulus: 0.629
Output value 1.067

Q+ parameters
slope: 0.144 semiSat: 0.560 beta: 1.000 sigma: 0.062 
maxBOLD estimate = 1.468


Trial 20: baseline Stimulus Selection
Stimulus: 0.010
Output value -0.284

Q+ parameters
slope: 0.183 semiSat: 0.560 beta: 1.062 sigma: 0.062 
maxBOLD estimate = 1.468


Trial 21: random Stimulus Selection
Stimulus: 0.175
Output value 0.851

Q+ parameters
slope: 0.070 semiSat: 0.670 beta: 1.500 sigma: 0.114 
maxBOLD estimate = 1.559


Trial 22: random Stimulus Selection
Stimulus: 0.299
Output value 0.000

Q+ parameters
slope: 0.183 semiSat: 0.560 beta: 0.750 sigma: 0.062 
maxBOLD estimate = 2.339


Trial 23: random Stimulus Selection
Stimulus: 0.340
Output value 0.000

Q+ parameters
slope: 0.183 semiSat: 0.560 beta: 0.875 sigma: 0.062 
maxBOLD estimate = 1.754


Trial 24: random Stimulus Selection
Stimulus: 0.546
Output value 0.270

Q+ parameters
slope: 0.234 semiSat: 0.560 beta: 0.969 sigma: 0.062 
maxBOLD estimate = 1.535


Trial 25: maxBOLD Stimulus Selection
Stimulus: 1.000
Output value 1.217

Q+ parameters
slope: 0.144 semiSat: 0.560 beta: 1.000 sigma: 0.062 
maxBOLD estimate = 1.487


Trial 26: random Stimulus Selection
Stimulus: 0.299
Output value 0.000

Q+ parameters
slope: 0.144 semiSat: 0.560 beta: 1.000 sigma: 0.062 
maxBOLD estimate = 1.487


Trial 27: random Stimulus Selection
Stimulus: 0.423
Output value -0.262

Q+ parameters
slope: 0.234 semiSat: 0.560 beta: 0.969 sigma: 0.062 
maxBOLD estimate = 1.487


Trial 28: random Stimulus Selection
Stimulus: 0.299
Output value -0.254

Q+ parameters
slope: 0.298 semiSat: 0.560 beta: 0.969 sigma: 0.062 
maxBOLD estimate = 1.441


Trial 29: random Stimulus Selection
Stimulus: 0.464
Output value -0.246

Q+ parameters
slope: 0.298 semiSat: 0.560 beta: 0.969 sigma: 0.062 
maxBOLD estimate = 1.396


Trial 30: baseline Stimulus Selection
Stimulus: 0.010
Output value 0.277

Q+ parameters
slope: 0.234 semiSat: 0.560 beta: 1.125 sigma: 0.114 
maxBOLD estimate = 1.352


Trial 31: random Stimulus Selection
Stimulus: 0.464
Output value 0.402

Q+ parameters
slope: 0.234 semiSat: 0.560 beta: 0.969 sigma: 0.062 
maxBOLD estimate = 1.521


Trial 32: random Stimulus Selection
Stimulus: 0.134
Output value 0.130

Q+ parameters
slope: 0.234 semiSat: 0.560 beta: 0.969 sigma: 0.062 
maxBOLD estimate = 1.473


Trial 33: random Stimulus Selection
Stimulus: 0.835
Output value 1.257

Q+ parameters
slope: 0.298 semiSat: 0.560 beta: 0.969 sigma: 0.062 
maxBOLD estimate = 1.427


Trial 34: random Stimulus Selection
Stimulus: 0.835
Output value 1.603

Q+ parameters
slope: 0.234 semiSat: 0.560 beta: 1.062 sigma: 0.062 
maxBOLD estimate = 1.383


Trial 35: maxBOLD Stimulus Selection
Stimulus: 1.000
Output value 1.294

Q+ parameters
slope: 0.234 semiSat: 0.560 beta: 0.969 sigma: 0.062 
maxBOLD estimate = 1.469


Trial 36: random Stimulus Selection
Stimulus: 0.051
Output value -0.259

Q+ parameters
slope: 0.234 semiSat: 0.560 beta: 1.000 sigma: 0.062 
maxBOLD estimate = 1.423


Trial 37: random Stimulus Selection
Stimulus: 0.092
Output value 0.000

Q+ parameters
slope: 0.234 semiSat: 0.560 beta: 1.000 sigma: 0.062 
maxBOLD estimate = 1.423


Trial 38: random Stimulus Selection
Stimulus: 0.835
Output value 1.423

Q+ parameters
slope: 0.234 semiSat: 0.560 beta: 1.000 sigma: 0.062 
maxBOLD estimate = 1.423


Trial 39: random Stimulus Selection
Stimulus: 0.794
Output value 1.553

Q+ parameters
slope: 0.234 semiSat: 0.560 beta: 1.000 sigma: 0.062 
maxBOLD estimate = 1.423


Trial 40: baseline Stimulus Selection
Stimulus: 0.010
Output value -0.275

Q+ parameters
slope: 0.234 semiSat: 0.560 beta: 1.062 sigma: 0.062 
maxBOLD estimate = 1.423


Trial 41: random Stimulus Selection
Stimulus: 0.670
Output value 1.465

Q+ parameters
slope: 0.234 semiSat: 0.560 beta: 0.969 sigma: 0.062 
maxBOLD estimate = 1.512


Trial 42: random Stimulus Selection
Stimulus: 0.464
Output value 0.129

Q+ parameters
slope: 0.298 semiSat: 0.560 beta: 0.969 sigma: 0.062 
maxBOLD estimate = 1.465


Trial 43: random Stimulus Selection
Stimulus: 0.629
Output value 1.032

Q+ parameters
slope: 0.234 semiSat: 0.560 beta: 1.000 sigma: 0.062 
maxBOLD estimate = 1.419


Trial 44: random Stimulus Selection
Stimulus: 0.381
Output value 0.000

Q+ parameters
slope: 0.234 semiSat: 0.560 beta: 1.000 sigma: 0.062 
maxBOLD estimate = 1.419


Trial 45: maxBOLD Stimulus Selection
Stimulus: 1.000
Output value 1.548

Q+ parameters
slope: 0.234 semiSat: 0.560 beta: 1.000 sigma: 0.062 
maxBOLD estimate = 1.419


Trial 46: random Stimulus Selection
Stimulus: 0.340
Output value 0.000

Q+ parameters
slope: 0.234 semiSat: 0.560 beta: 1.000 sigma: 0.062 
maxBOLD estimate = 1.419


Trial 47: random Stimulus Selection
Stimulus: 0.340
Output value 0.258

Q+ parameters
slope: 0.234 semiSat: 0.560 beta: 1.000 sigma: 0.062 
maxBOLD estimate = 1.419


Trial 48: random Stimulus Selection
Stimulus: 0.299
Output value 0.129

Q+ parameters
slope: 0.234 semiSat: 0.560 beta: 1.000 sigma: 0.062 
maxBOLD estimate = 1.419


Trial 49: random Stimulus Selection
Stimulus: 0.835
Output value 1.548

Q+ parameters
slope: 0.234 semiSat: 0.560 beta: 1.000 sigma: 0.062 
maxBOLD estimate = 1.419


Trial 50: baseline Stimulus Selection
Stimulus: 0.010
Output value -0.129

Q+ parameters
slope: 0.234 semiSat: 0.560 beta: 1.000 sigma: 0.062 
maxBOLD estimate = 1.419


Trial 51: random Stimulus Selection
Stimulus: 0.546
Output value 0.250

Q+ parameters
slope: 0.298 semiSat: 0.560 beta: 0.969 sigma: 0.062 
maxBOLD estimate = 1.419


Trial 52: random Stimulus Selection
Stimulus: 0.134
Output value 0.398

Q+ parameters
slope: 0.234 semiSat: 0.560 beta: 1.062 sigma: 0.062 
maxBOLD estimate = 1.375


Trial 53: random Stimulus Selection
Stimulus: 0.257
Output value 0.000

Q+ parameters
slope: 0.234 semiSat: 0.560 beta: 1.000 sigma: 0.062 
maxBOLD estimate = 1.461


Trial 54: random Stimulus Selection
Stimulus: 0.505
Output value 0.959

Q+ parameters
slope: 0.144 semiSat: 0.560 beta: 1.031 sigma: 0.062 
maxBOLD estimate = 1.461


Trial 55: maxBOLD Stimulus Selection
Stimulus: 1.000
Output value 1.592

Q+ parameters
slope: 0.234 semiSat: 0.560 beta: 0.969 sigma: 0.062 
maxBOLD estimate = 1.506


Trial 56: random Stimulus Selection
Stimulus: 0.918
Output value 1.692

Q+ parameters
slope: 0.144 semiSat: 0.560 beta: 1.062 sigma: 0.062 
maxBOLD estimate = 1.459


Trial 57: random Stimulus Selection
Stimulus: 0.835
Output value 1.599

Q+ parameters
slope: 0.144 semiSat: 0.560 beta: 1.031 sigma: 0.062 
maxBOLD estimate = 1.551


Trial 58: random Stimulus Selection
Stimulus: 0.092
Output value 0.382

Q+ parameters
slope: 0.234 semiSat: 0.560 beta: 0.875 sigma: 0.062 
maxBOLD estimate = 1.599


Trial 59: random Stimulus Selection
Stimulus: 0.876
Output value 1.622

Q+ parameters
slope: 0.183 semiSat: 0.560 beta: 1.062 sigma: 0.062 
maxBOLD estimate = 1.399


Trial 60: baseline Stimulus Selection
Stimulus: 0.010
Output value 0.131

Q+ parameters
slope: 0.234 semiSat: 0.560 beta: 0.969 sigma: 0.062 
maxBOLD estimate = 1.487


Trial 61: random Stimulus Selection
Stimulus: 0.588
Output value 0.556

Q+ parameters
slope: 0.144 semiSat: 0.560 beta: 1.062 sigma: 0.062 
maxBOLD estimate = 1.440


Trial 62: random Stimulus Selection
Stimulus: 0.051
Output value 0.000

Q+ parameters
slope: 0.144 semiSat: 0.560 beta: 1.031 sigma: 0.062 
maxBOLD estimate = 1.530


Trial 63: random Stimulus Selection
Stimulus: 0.257
Output value -0.139

Q+ parameters
slope: 0.144 semiSat: 0.560 beta: 0.969 sigma: 0.062 
maxBOLD estimate = 1.578


Trial 64: random Stimulus Selection
Stimulus: 0.340
Output value 0.143

Q+ parameters
slope: 0.144 semiSat: 0.560 beta: 1.031 sigma: 0.062 
maxBOLD estimate = 1.529


Trial 65: maxBOLD Stimulus Selection
Stimulus: 1.000
Output value 1.666

Q+ parameters
slope: 0.144 semiSat: 0.560 beta: 0.969 sigma: 0.062 
maxBOLD estimate = 1.576


Trial 66: random Stimulus Selection
Stimulus: 0.423
Output value 0.286

Q+ parameters
slope: 0.144 semiSat: 0.560 beta: 1.031 sigma: 0.062 
maxBOLD estimate = 1.527


Trial 67: random Stimulus Selection
Stimulus: 0.092
Output value 0.000

Q+ parameters
slope: 0.144 semiSat: 0.560 beta: 0.969 sigma: 0.062 
maxBOLD estimate = 1.575


Trial 68: random Stimulus Selection
Stimulus: 0.546
Output value 0.715

Q+ parameters
slope: 0.144 semiSat: 0.560 beta: 1.031 sigma: 0.062 
maxBOLD estimate = 1.526


Trial 69: random Stimulus Selection
Stimulus: 0.134
Output value -0.139

Q+ parameters
slope: 0.144 semiSat: 0.560 beta: 0.969 sigma: 0.062 
maxBOLD estimate = 1.573


Trial 70: baseline Stimulus Selection
Stimulus: 0.010
Output value -0.294

Q+ parameters
slope: 0.144 semiSat: 0.560 beta: 1.062 sigma: 0.062 
maxBOLD estimate = 1.524


Trial 71: random Stimulus Selection
Stimulus: 0.134
Output value 0.000

Q+ parameters
slope: 0.234 semiSat: 0.560 beta: 0.875 sigma: 0.062 
maxBOLD estimate = 1.619


Trial 72: random Stimulus Selection
Stimulus: 0.340
Output value -0.274

Q+ parameters
slope: 0.183 semiSat: 0.560 beta: 1.062 sigma: 0.062 
maxBOLD estimate = 1.417


Trial 73: random Stimulus Selection
Stimulus: 0.753
Output value 1.411

Q+ parameters
slope: 0.144 semiSat: 0.560 beta: 1.031 sigma: 0.062 
maxBOLD estimate = 1.506


Trial 74: random Stimulus Selection
Stimulus: 0.588
Output value 0.847

Q+ parameters
slope: 0.144 semiSat: 0.560 beta: 1.000 sigma: 0.062 
maxBOLD estimate = 1.553


Trial 75: maxBOLD Stimulus Selection
Stimulus: 1.000
Output value 1.270

Q+ parameters
slope: 0.144 semiSat: 0.560 beta: 1.000 sigma: 0.062 
maxBOLD estimate = 1.553


Trial 76: random Stimulus Selection
Stimulus: 0.876
Output value 1.553

Q+ parameters
slope: 0.144 semiSat: 0.560 beta: 1.000 sigma: 0.062 
maxBOLD estimate = 1.553


Trial 77: random Stimulus Selection
Stimulus: 0.051
Output value 0.141

Q+ parameters
slope: 0.144 semiSat: 0.560 beta: 1.000 sigma: 0.062 
maxBOLD estimate = 1.553


Trial 78: random Stimulus Selection
Stimulus: 0.175
Output value 0.000

Q+ parameters
slope: 0.144 semiSat: 0.560 beta: 1.000 sigma: 0.062 
maxBOLD estimate = 1.553


Trial 79: random Stimulus Selection
Stimulus: 0.340
Output value 0.565

Q+ parameters
slope: 0.144 semiSat: 0.560 beta: 1.000 sigma: 0.062 
maxBOLD estimate = 1.553


Trial 80: baseline Stimulus Selection
Stimulus: 0.010
Output value -0.141

Q+ parameters
slope: 0.144 semiSat: 0.560 beta: 1.000 sigma: 0.062 
maxBOLD estimate = 1.553


Trial 81: random Stimulus Selection
Stimulus: 0.629
Output value 0.847

Q+ parameters
slope: 0.144 semiSat: 0.560 beta: 1.000 sigma: 0.062 
maxBOLD estimate = 1.553


Trial 82: random Stimulus Selection
Stimulus: 0.794
Output value 1.411

Q+ parameters
slope: 0.144 semiSat: 0.560 beta: 1.000 sigma: 0.062 
maxBOLD estimate = 1.553


Trial 83: random Stimulus Selection
Stimulus: 0.051
Output value -0.282

Q+ parameters
slope: 0.144 semiSat: 0.560 beta: 1.000 sigma: 0.062 
maxBOLD estimate = 1.553


Trial 84: random Stimulus Selection
Stimulus: 0.175
Output value 0.000

Q+ parameters
slope: 0.144 semiSat: 0.560 beta: 1.000 sigma: 0.062 
maxBOLD estimate = 1.553


Trial 85: maxBOLD Stimulus Selection
Stimulus: 1.000
Output value 1.411

Q+ parameters
slope: 0.144 semiSat: 0.560 beta: 1.000 sigma: 0.062 
maxBOLD estimate = 1.553


Trial 86: random Stimulus Selection
Stimulus: 0.423
Output value -0.282

Q+ parameters
slope: 0.144 semiSat: 0.560 beta: 1.000 sigma: 0.062 
maxBOLD estimate = 1.553


Trial 87: random Stimulus Selection
Stimulus: 0.381
Output value -0.137

Q+ parameters
slope: 0.183 semiSat: 0.560 beta: 0.969 sigma: 0.062 
maxBOLD estimate = 1.553


Trial 88: random Stimulus Selection
Stimulus: 0.711
Output value 1.192

Q+ parameters
slope: 0.183 semiSat: 0.560 beta: 0.969 sigma: 0.062 
maxBOLD estimate = 1.504


Trial 89: random Stimulus Selection
Stimulus: 0.216
Output value 0.273

Q+ parameters
slope: 0.144 semiSat: 0.560 beta: 1.031 sigma: 0.062 
maxBOLD estimate = 1.457


Trial 90: baseline Stimulus Selection
Stimulus: 0.010
Output value 0.265

Q+ parameters
slope: 0.183 semiSat: 0.560 beta: 0.969 sigma: 0.062 
maxBOLD estimate = 1.503


Trial 91: random Stimulus Selection
Stimulus: 0.711
Output value 1.154

Q+ parameters
slope: 0.183 semiSat: 0.560 beta: 0.969 sigma: 0.062 
maxBOLD estimate = 1.456


Trial 92: random Stimulus Selection
Stimulus: 0.092
Output value 0.136

Q+ parameters
slope: 0.183 semiSat: 0.560 beta: 1.062 sigma: 0.062 
maxBOLD estimate = 1.410


Trial 93: random Stimulus Selection
Stimulus: 0.423
Output value -0.132

Q+ parameters
slope: 0.298 semiSat: 0.560 beta: 0.969 sigma: 0.062 
maxBOLD estimate = 1.498


Trial 94: random Stimulus Selection
Stimulus: 0.092
Output value -0.132

Q+ parameters
slope: 0.234 semiSat: 0.560 beta: 1.000 sigma: 0.062 
maxBOLD estimate = 1.451


Trial 95: maxBOLD Stimulus Selection
Stimulus: 1.000
Output value 1.583

Q+ parameters
slope: 0.234 semiSat: 0.560 beta: 1.000 sigma: 0.062 
maxBOLD estimate = 1.451


Trial 96: random Stimulus Selection
Stimulus: 0.010
Output value -0.264

Q+ parameters
slope: 0.234 semiSat: 0.560 beta: 1.000 sigma: 0.062 
maxBOLD estimate = 1.451


Trial 97: random Stimulus Selection
Stimulus: 0.959
Output value 1.583

Q+ parameters
slope: 0.234 semiSat: 0.560 beta: 1.000 sigma: 0.062 
maxBOLD estimate = 1.451


Trial 98: random Stimulus Selection
Stimulus: 0.051
Output value 0.132

Q+ parameters
slope: 0.234 semiSat: 0.560 beta: 1.000 sigma: 0.062 
maxBOLD estimate = 1.451


Trial 99: random Stimulus Selection
Stimulus: 0.588
Output value 1.188

Q+ parameters
slope: 0.234 semiSat: 0.560 beta: 1.000 sigma: 0.062 
maxBOLD estimate = 1.451


Trial 100: baseline Stimulus Selection
Stimulus: 0.010
Output value 0.000

Q+ parameters
slope: 0.234 semiSat: 0.560 beta: 1.000 sigma: 0.062 
maxBOLD estimate = 1.451

--------------------------------------------------------------
FINAL VALUES
--------------------------------------------------------------
Simulated parameters:              slope: 0.200 semiSat: 0.570 beta: 1.000 sigma: 0.050 
Max posterior QUEST+ parameters:   slope: 0.234 semiSat: 0.560 beta: 1.000 sigma: 0.062 
Max BADS parameters:               slope: 0.228 semiSat: 0.559 beta: 1.000 sigma: 0.063 
maxBOLD estimate: 1.479
