/blue/stevenweisberg/stevenweisberg/MATLAB/projects/Weisberg_Aguirre_2020/scripts/run_sims
c0700a-s6.ufhpc
Tue Apr  6 23:39:06 EDT 2021
mkdir: cannot create directory ‘/blue/stevenweisberg/stevenweisberg/qpfMRIResults/model_parameter_set2/’: File exists
cp: cannot stat ‘/blue/stevenweisberg/stevenweisberg/qpfMRIResults/deploy_sim.sh’: No such file or directory
cp: cannot stat ‘/blue/stevenweisberg/stevenweisberg/qpfMRIResults/sim_wrapper.sh’: No such file or directory
------------------------------------------
Setting up environment variables
---
LD_LIBRARY_PATH is .:/apps/matlab/mcr/2020b/v99/runtime/glnxa64:/apps/matlab/mcr/2020b/v99/bin/glnxa64:/apps/matlab/mcr/2020b/v99/sys/os/glnxa64:/apps/matlab/mcr/2020b/v99/sys/opengl/lib/glnxa64
Warning: Executing startup failed in matlabrc.
This indicates a potentially serious problem in your MATLAB setup, which should be resolved as soon as possible.  Error detected was:
MATLAB:mpath:PathAlterationNotSupported
Modifying the search path is not supported by MATLAB Compiler. Remove functions that modify the search path from your MATLAB code. To make files visible to your deployed application, add the parent folder to your MATLAB session.
Warning: No stimulus domain specified. Defaulting to values between 0.01 and 1.
> In qpfmriParams (line 182)
In compiledSimulate (line 205)
Stimulus domain added from input.
Parameter slope specified as 0.20000
Parameter semiSat specified as 0.57000
Parameter beta specified as 1.00000
Parameter sigma specified as 0.15000
seed = 99seed = 104seed = 111seed = 111seed = 115seed = 101Initializing Q+. This may take a minute...
Elapsed time is 6.627604 seconds.
Simulated parameters:
slope: 0.200 semiSat: 0.570 beta: 1.000 sigma: 0.150 

Trial 1: baseline Stimulus Selection
Stimulus: 0.010
Output value 0.000

Q+ parameters
slope: 0.026 semiSat: 0.890 beta: 0.500 sigma: 0.010 
maxBOLD estimate = 1.000


Trial 2: maxBOLD Stimulus Selection
Stimulus: 1.000
Output value 1.364

Q+ parameters
slope: 0.055 semiSat: 0.670 beta: 1.250 sigma: 0.010 
maxBOLD estimate = 1.000


Trial 3: baseline Stimulus Selection
Stimulus: 0.010
Output value -0.284

Q+ parameters
slope: 0.055 semiSat: 0.670 beta: 1.250 sigma: 0.218 
maxBOLD estimate = 1.250


Trial 4: maxBOLD Stimulus Selection
Stimulus: 1.000
Output value 2.131

Q+ parameters
slope: 0.055 semiSat: 0.670 beta: 1.250 sigma: 0.114 
maxBOLD estimate = 1.562


Trial 5: baseline Stimulus Selection
Stimulus: 0.010
Output value 0.516

Q+ parameters
slope: 0.043 semiSat: 0.780 beta: 0.969 sigma: 0.114 
maxBOLD estimate = 1.953


Trial 6: maxBOLD Stimulus Selection
Stimulus: 1.000
Output value 2.580

Q+ parameters
slope: 0.026 semiSat: 0.890 beta: 1.500 sigma: 0.114 
maxBOLD estimate = 1.892


Trial 7: qplus Stimulus Selection
Stimulus: 0.505
Output value 0.258

Q+ parameters
slope: 0.043 semiSat: 1.000 beta: 1.000 sigma: 0.062 
maxBOLD estimate = 2.838


Trial 8: qplus Stimulus Selection
Stimulus: 0.918
Output value 1.548

Q+ parameters
slope: 0.043 semiSat: 1.000 beta: 1.000 sigma: 0.062 
maxBOLD estimate = 2.838


Trial 9: qplus Stimulus Selection
Stimulus: 0.711
Output value 0.774

Q+ parameters
slope: 1.000 semiSat: 0.560 beta: 0.500 sigma: 0.062 
maxBOLD estimate = 2.838


Trial 10: baseline Stimulus Selection
Stimulus: 0.010
Output value -0.290

Q+ parameters
slope: 0.183 semiSat: 0.560 beta: 1.125 sigma: 0.166 
maxBOLD estimate = 1.419


Trial 11: qplus Stimulus Selection
Stimulus: 0.588
Output value 1.088

Q+ parameters
slope: 0.113 semiSat: 0.670 beta: 1.500 sigma: 0.166 
maxBOLD estimate = 1.596


Trial 12: qplus Stimulus Selection
Stimulus: 0.629
Output value 1.265

Q+ parameters
slope: 0.043 semiSat: 0.780 beta: 0.969 sigma: 0.114 
maxBOLD estimate = 2.395


Trial 13: qplus Stimulus Selection
Stimulus: 0.711
Output value 1.265

Q+ parameters
slope: 0.234 semiSat: 0.560 beta: 0.750 sigma: 0.114 
maxBOLD estimate = 2.320


Trial 14: qplus Stimulus Selection
Stimulus: 0.629
Output value 1.483

Q+ parameters
slope: 0.234 semiSat: 0.560 beta: 0.938 sigma: 0.114 
maxBOLD estimate = 1.740


Trial 15: maxBOLD Stimulus Selection
Stimulus: 1.000
Output value 1.724

Q+ parameters
slope: 0.234 semiSat: 0.560 beta: 0.969 sigma: 0.114 
maxBOLD estimate = 1.631


Trial 16: qplus Stimulus Selection
Stimulus: 0.505
Output value 0.808

Q+ parameters
slope: 0.183 semiSat: 0.560 beta: 1.125 sigma: 0.166 
maxBOLD estimate = 1.580


Trial 17: qplus Stimulus Selection
Stimulus: 0.505
Output value 0.283

Q+ parameters
slope: 0.234 semiSat: 0.560 beta: 0.875 sigma: 0.114 
maxBOLD estimate = 1.778


Trial 18: qplus Stimulus Selection
Stimulus: 0.505
Output value 0.150

Q+ parameters
slope: 0.298 semiSat: 0.560 beta: 1.062 sigma: 0.114 
maxBOLD estimate = 1.555


Trial 19: qplus Stimulus Selection
Stimulus: 0.505
Output value 0.901

Q+ parameters
slope: 0.183 semiSat: 0.560 beta: 1.000 sigma: 0.114 
maxBOLD estimate = 1.653


Trial 20: baseline Stimulus Selection
Stimulus: 0.010
Output value 0.000

Q+ parameters
slope: 0.183 semiSat: 0.560 beta: 1.000 sigma: 0.114 
maxBOLD estimate = 1.653


Trial 21: qplus Stimulus Selection
Stimulus: 0.588
Output value 0.901

Q+ parameters
slope: 0.183 semiSat: 0.560 beta: 1.000 sigma: 0.114 
maxBOLD estimate = 1.653


Trial 22: qplus Stimulus Selection
Stimulus: 0.505
Output value 0.451

Q+ parameters
slope: 0.183 semiSat: 0.560 beta: 1.000 sigma: 0.114 
maxBOLD estimate = 1.653


Trial 23: qplus Stimulus Selection
Stimulus: 0.505
Output value 0.601

Q+ parameters
slope: 0.183 semiSat: 0.560 beta: 1.000 sigma: 0.114 
maxBOLD estimate = 1.653


Trial 24: qplus Stimulus Selection
Stimulus: 0.629
Output value 1.202

Q+ parameters
slope: 0.183 semiSat: 0.560 beta: 1.000 sigma: 0.114 
maxBOLD estimate = 1.653


Trial 25: maxBOLD Stimulus Selection
Stimulus: 1.000
Output value 1.653

Q+ parameters
slope: 0.183 semiSat: 0.560 beta: 1.000 sigma: 0.114 
maxBOLD estimate = 1.653


Trial 26: qplus Stimulus Selection
Stimulus: 0.505
Output value 0.000

Q+ parameters
slope: 0.183 semiSat: 0.560 beta: 1.000 sigma: 0.114 
maxBOLD estimate = 1.653


Trial 27: qplus Stimulus Selection
Stimulus: 0.505
Output value -0.146

Q+ parameters
slope: 0.234 semiSat: 0.560 beta: 0.969 sigma: 0.114 
maxBOLD estimate = 1.653


Trial 28: qplus Stimulus Selection
Stimulus: 0.588
Output value 0.464

Q+ parameters
slope: 0.183 semiSat: 0.560 beta: 1.062 sigma: 0.114 
maxBOLD estimate = 1.601


Trial 29: qplus Stimulus Selection
Stimulus: 0.588
Output value 0.599

Q+ parameters
slope: 0.144 semiSat: 0.560 beta: 0.969 sigma: 0.114 
maxBOLD estimate = 1.701


Trial 30: baseline Stimulus Selection
Stimulus: 0.010
Output value 1.348

Q+ parameters
slope: 0.144 semiSat: 0.670 beta: 1.500 sigma: 0.166 
maxBOLD estimate = 1.648


Trial 31: qplus Stimulus Selection
Stimulus: 0.588
Output value 1.011

Q+ parameters
slope: 0.055 semiSat: 0.670 beta: 0.750 sigma: 0.114 
maxBOLD estimate = 2.472


Trial 32: qplus Stimulus Selection
Stimulus: 1.000
Output value 0.632

Q+ parameters
slope: 0.234 semiSat: 0.560 beta: 0.750 sigma: 0.114 
maxBOLD estimate = 1.854


Trial 33: qplus Stimulus Selection
Stimulus: 0.629
Output value 1.477

Q+ parameters
slope: 0.298 semiSat: 0.560 beta: 1.062 sigma: 0.166 
maxBOLD estimate = 1.390


Trial 34: qplus Stimulus Selection
Stimulus: 0.505
Output value 0.713

Q+ parameters
slope: 0.298 semiSat: 0.560 beta: 1.062 sigma: 0.166 
maxBOLD estimate = 1.477


Trial 35: maxBOLD Stimulus Selection
Stimulus: 1.000
Output value 1.659

Q+ parameters
slope: 0.234 semiSat: 0.560 beta: 0.969 sigma: 0.114 
maxBOLD estimate = 1.570


Trial 36: qplus Stimulus Selection
Stimulus: 0.546
Output value 1.106

Q+ parameters
slope: 0.234 semiSat: 0.560 beta: 1.000 sigma: 0.114 
maxBOLD estimate = 1.521


Trial 37: qplus Stimulus Selection
Stimulus: 0.588
Output value 1.106

Q+ parameters
slope: 0.234 semiSat: 0.560 beta: 1.000 sigma: 0.114 
maxBOLD estimate = 1.521


Trial 38: qplus Stimulus Selection
Stimulus: 0.505
Output value 1.028

Q+ parameters
slope: 0.183 semiSat: 0.560 beta: 1.062 sigma: 0.166 
maxBOLD estimate = 1.521


Trial 39: qplus Stimulus Selection
Stimulus: 0.505
Output value 0.441

Q+ parameters
slope: 0.234 semiSat: 0.560 beta: 1.000 sigma: 0.166 
maxBOLD estimate = 1.616


Trial 40: baseline Stimulus Selection
Stimulus: 0.010
Output value -0.147

Q+ parameters
slope: 0.234 semiSat: 0.560 beta: 1.000 sigma: 0.114 
maxBOLD estimate = 1.616


Trial 41: qplus Stimulus Selection
Stimulus: 0.505
Output value 0.734

Q+ parameters
slope: 0.234 semiSat: 0.560 beta: 1.000 sigma: 0.166 
maxBOLD estimate = 1.616


Trial 42: qplus Stimulus Selection
Stimulus: 0.505
Output value 0.624

Q+ parameters
slope: 0.183 semiSat: 0.560 beta: 1.062 sigma: 0.166 
maxBOLD estimate = 1.616


Trial 43: qplus Stimulus Selection
Stimulus: 0.588
Output value 0.878

Q+ parameters
slope: 0.144 semiSat: 0.560 beta: 0.938 sigma: 0.114 
maxBOLD estimate = 1.717


Trial 44: qplus Stimulus Selection
Stimulus: 0.588
Output value 1.024

Q+ parameters
slope: 0.183 semiSat: 0.560 beta: 1.000 sigma: 0.114 
maxBOLD estimate = 1.609


Trial 45: maxBOLD Stimulus Selection
Stimulus: 1.000
Output value 1.756

Q+ parameters
slope: 0.183 semiSat: 0.560 beta: 1.000 sigma: 0.114 
maxBOLD estimate = 1.609


Trial 46: qplus Stimulus Selection
Stimulus: 0.505
Output value 1.088

Q+ parameters
slope: 0.183 semiSat: 0.560 beta: 1.062 sigma: 0.166 
maxBOLD estimate = 1.609


Trial 47: qplus Stimulus Selection
Stimulus: 0.505
Output value -0.146

Q+ parameters
slope: 0.144 semiSat: 0.560 beta: 0.938 sigma: 0.114 
maxBOLD estimate = 1.710


Trial 48: qplus Stimulus Selection
Stimulus: 0.588
Output value 1.239

Q+ parameters
slope: 0.183 semiSat: 0.560 beta: 1.062 sigma: 0.166 
maxBOLD estimate = 1.603


Trial 49: qplus Stimulus Selection
Stimulus: 0.505
Output value 0.435

Q+ parameters
slope: 0.144 semiSat: 0.560 beta: 0.938 sigma: 0.114 
maxBOLD estimate = 1.703


Trial 50: baseline Stimulus Selection
Stimulus: 0.010
Output value 0.635

Q+ parameters
slope: 0.234 semiSat: 0.560 beta: 0.875 sigma: 0.114 
maxBOLD estimate = 1.597


Trial 51: qplus Stimulus Selection
Stimulus: 0.588
Output value 1.080

Q+ parameters
slope: 0.298 semiSat: 0.560 beta: 1.062 sigma: 0.166 
maxBOLD estimate = 1.397


Trial 52: qplus Stimulus Selection
Stimulus: 0.505
Output value 0.270

Q+ parameters
slope: 0.234 semiSat: 0.560 beta: 1.000 sigma: 0.114 
maxBOLD estimate = 1.485


Trial 53: qplus Stimulus Selection
Stimulus: 0.505
Output value 0.000

Q+ parameters
slope: 0.234 semiSat: 0.560 beta: 1.000 sigma: 0.114 
maxBOLD estimate = 1.485


Trial 54: qplus Stimulus Selection
Stimulus: 0.505
Output value 0.860

Q+ parameters
slope: 0.183 semiSat: 0.560 beta: 1.062 sigma: 0.166 
maxBOLD estimate = 1.485


Trial 55: maxBOLD Stimulus Selection
Stimulus: 1.000
Output value 1.434

Q+ parameters
slope: 0.234 semiSat: 0.560 beta: 1.000 sigma: 0.166 
maxBOLD estimate = 1.577


Trial 56: qplus Stimulus Selection
Stimulus: 0.546
Output value 0.287

Q+ parameters
slope: 0.234 semiSat: 0.560 beta: 1.000 sigma: 0.166 
maxBOLD estimate = 1.577


Trial 57: qplus Stimulus Selection
Stimulus: 0.546
Output value 0.717

Q+ parameters
slope: 0.234 semiSat: 0.560 beta: 1.000 sigma: 0.166 
maxBOLD estimate = 1.577


Trial 58: qplus Stimulus Selection
Stimulus: 0.546
Output value 0.717

Q+ parameters
slope: 0.234 semiSat: 0.560 beta: 1.000 sigma: 0.166 
maxBOLD estimate = 1.577


Trial 59: qplus Stimulus Selection
Stimulus: 0.546
Output value 0.278

Q+ parameters
slope: 0.234 semiSat: 0.560 beta: 0.969 sigma: 0.166 
maxBOLD estimate = 1.577


Trial 60: baseline Stimulus Selection
Stimulus: 0.010
Output value -0.135

Q+ parameters
slope: 0.234 semiSat: 0.560 beta: 0.969 sigma: 0.114 
maxBOLD estimate = 1.528


Trial 61: qplus Stimulus Selection
Stimulus: 0.546
Output value 1.144

Q+ parameters
slope: 0.183 semiSat: 0.560 beta: 1.062 sigma: 0.166 
maxBOLD estimate = 1.480


Trial 62: qplus Stimulus Selection
Stimulus: 0.505
Output value -0.277

Q+ parameters
slope: 0.234 semiSat: 0.560 beta: 0.969 sigma: 0.166 
maxBOLD estimate = 1.573


Trial 63: qplus Stimulus Selection
Stimulus: 0.546
Output value -0.134

Q+ parameters
slope: 0.298 semiSat: 0.560 beta: 0.969 sigma: 0.166 
maxBOLD estimate = 1.524


Trial 64: qplus Stimulus Selection
Stimulus: 0.546
Output value 0.390

Q+ parameters
slope: 0.298 semiSat: 0.560 beta: 0.969 sigma: 0.166 
maxBOLD estimate = 1.476


Trial 65: maxBOLD Stimulus Selection
Stimulus: 1.000
Output value 1.243

Q+ parameters
slope: 0.298 semiSat: 0.560 beta: 1.062 sigma: 0.166 
maxBOLD estimate = 1.430


Trial 66: qplus Stimulus Selection
Stimulus: 0.505
Output value 0.535

Q+ parameters
slope: 0.298 semiSat: 0.560 beta: 0.969 sigma: 0.166 
maxBOLD estimate = 1.519


Trial 67: qplus Stimulus Selection
Stimulus: 0.546
Output value 0.907

Q+ parameters
slope: 0.298 semiSat: 0.560 beta: 0.969 sigma: 0.166 
maxBOLD estimate = 1.472


Trial 68: qplus Stimulus Selection
Stimulus: 0.588
Output value 1.102

Q+ parameters
slope: 0.298 semiSat: 0.560 beta: 1.062 sigma: 0.166 
maxBOLD estimate = 1.426


Trial 69: qplus Stimulus Selection
Stimulus: 0.505
Output value 0.267

Q+ parameters
slope: 0.298 semiSat: 0.560 beta: 0.969 sigma: 0.166 
maxBOLD estimate = 1.515


Trial 70: baseline Stimulus Selection
Stimulus: 0.010
Output value 0.388

Q+ parameters
slope: 0.298 semiSat: 0.560 beta: 0.969 sigma: 0.166 
maxBOLD estimate = 1.468


Trial 71: qplus Stimulus Selection
Stimulus: 0.588
Output value 1.099

Q+ parameters
slope: 0.298 semiSat: 0.560 beta: 1.062 sigma: 0.166 
maxBOLD estimate = 1.422


Trial 72: qplus Stimulus Selection
Stimulus: 0.588
Output value 1.596

Q+ parameters
slope: 0.234 semiSat: 0.560 beta: 0.969 sigma: 0.166 
maxBOLD estimate = 1.511


Trial 73: qplus Stimulus Selection
Stimulus: 0.588
Output value 0.773

Q+ parameters
slope: 0.298 semiSat: 0.560 beta: 0.969 sigma: 0.166 
maxBOLD estimate = 1.463


Trial 74: qplus Stimulus Selection
Stimulus: 0.588
Output value 1.643

Q+ parameters
slope: 0.298 semiSat: 0.560 beta: 1.062 sigma: 0.166 
maxBOLD estimate = 1.418


Trial 75: maxBOLD Stimulus Selection
Stimulus: 1.000
Output value 1.592

Q+ parameters
slope: 0.298 semiSat: 0.560 beta: 0.969 sigma: 0.166 
maxBOLD estimate = 1.506


Trial 76: qplus Stimulus Selection
Stimulus: 0.588
Output value 0.846

Q+ parameters
slope: 0.298 semiSat: 0.560 beta: 1.062 sigma: 0.166 
maxBOLD estimate = 1.459


Trial 77: qplus Stimulus Selection
Stimulus: 0.588
Output value 1.092

Q+ parameters
slope: 0.234 semiSat: 0.560 beta: 0.969 sigma: 0.166 
maxBOLD estimate = 1.550


Trial 78: qplus Stimulus Selection
Stimulus: 0.588
Output value 1.229

Q+ parameters
slope: 0.298 semiSat: 0.560 beta: 1.000 sigma: 0.166 
maxBOLD estimate = 1.502


Trial 79: qplus Stimulus Selection
Stimulus: 0.588
Output value 1.365

Q+ parameters
slope: 0.298 semiSat: 0.560 beta: 1.000 sigma: 0.166 
maxBOLD estimate = 1.502


Trial 80: baseline Stimulus Selection
Stimulus: 0.010
Output value 0.000

Q+ parameters
slope: 0.298 semiSat: 0.560 beta: 1.062 sigma: 0.166 
maxBOLD estimate = 1.502


Trial 81: qplus Stimulus Selection
Stimulus: 0.505
Output value 0.136

Q+ parameters
slope: 0.234 semiSat: 0.560 beta: 0.938 sigma: 0.114 
maxBOLD estimate = 1.596


Trial 82: qplus Stimulus Selection
Stimulus: 0.588
Output value 1.301

Q+ parameters
slope: 0.298 semiSat: 0.560 beta: 1.062 sigma: 0.166 
maxBOLD estimate = 1.496


Trial 83: qplus Stimulus Selection
Stimulus: 0.505
Output value -0.140

Q+ parameters
slope: 0.234 semiSat: 0.560 beta: 0.969 sigma: 0.166 
maxBOLD estimate = 1.590


Trial 84: qplus Stimulus Selection
Stimulus: 0.588
Output value 0.980

Q+ parameters
slope: 0.298 semiSat: 0.560 beta: 1.000 sigma: 0.166 
maxBOLD estimate = 1.540


Trial 85: maxBOLD Stimulus Selection
Stimulus: 1.000
Output value 0.980

Q+ parameters
slope: 0.298 semiSat: 0.560 beta: 1.000 sigma: 0.166 
maxBOLD estimate = 1.540


Trial 86: qplus Stimulus Selection
Stimulus: 0.629
Output value 1.260

Q+ parameters
slope: 0.298 semiSat: 0.560 beta: 1.000 sigma: 0.166 
maxBOLD estimate = 1.540


Trial 87: qplus Stimulus Selection
Stimulus: 0.629
Output value 1.120

Q+ parameters
slope: 0.298 semiSat: 0.560 beta: 1.000 sigma: 0.166 
maxBOLD estimate = 1.540


Trial 88: qplus Stimulus Selection
Stimulus: 0.588
Output value 1.120

Q+ parameters
slope: 0.298 semiSat: 0.560 beta: 1.000 sigma: 0.166 
maxBOLD estimate = 1.540


Trial 89: qplus Stimulus Selection
Stimulus: 0.629
Output value 1.120

Q+ parameters
slope: 0.298 semiSat: 0.560 beta: 1.000 sigma: 0.166 
maxBOLD estimate = 1.540


Trial 90: baseline Stimulus Selection
Stimulus: 0.010
Output value -0.280

Q+ parameters
slope: 0.298 semiSat: 0.560 beta: 1.000 sigma: 0.166 
maxBOLD estimate = 1.540


Trial 91: qplus Stimulus Selection
Stimulus: 0.505
Output value 0.420

Q+ parameters
slope: 0.298 semiSat: 0.560 beta: 1.000 sigma: 0.166 
maxBOLD estimate = 1.540


Trial 92: qplus Stimulus Selection
Stimulus: 0.588
Output value 0.700

Q+ parameters
slope: 0.298 semiSat: 0.560 beta: 1.000 sigma: 0.166 
maxBOLD estimate = 1.540


Trial 93: qplus Stimulus Selection
Stimulus: 0.588
Output value 0.678

Q+ parameters
slope: 0.234 semiSat: 0.560 beta: 0.969 sigma: 0.166 
maxBOLD estimate = 1.540


Trial 94: qplus Stimulus Selection
Stimulus: 0.588
Output value 1.009

Q+ parameters
slope: 0.298 semiSat: 0.560 beta: 1.062 sigma: 0.166 
maxBOLD estimate = 1.492


Trial 95: maxBOLD Stimulus Selection
Stimulus: 1.000
Output value 1.675

Q+ parameters
slope: 0.234 semiSat: 0.560 beta: 0.969 sigma: 0.166 
maxBOLD estimate = 1.585


Trial 96: qplus Stimulus Selection
Stimulus: 0.546
Output value 0.811

Q+ parameters
slope: 0.234 semiSat: 0.560 beta: 0.969 sigma: 0.166 
maxBOLD estimate = 1.535


Trial 97: qplus Stimulus Selection
Stimulus: 0.546
Output value 1.006

Q+ parameters
slope: 0.298 semiSat: 0.560 beta: 1.062 sigma: 0.166 
maxBOLD estimate = 1.487


Trial 98: qplus Stimulus Selection
Stimulus: 0.546
Output value 1.114

Q+ parameters
slope: 0.234 semiSat: 0.560 beta: 0.969 sigma: 0.166 
maxBOLD estimate = 1.580


Trial 99: qplus Stimulus Selection
Stimulus: 0.546
Output value 1.183

Q+ parameters
slope: 0.298 semiSat: 0.560 beta: 1.062 sigma: 0.166 
maxBOLD estimate = 1.531


Trial 100: baseline Stimulus Selection
Stimulus: 0.010
Output value 0.139

Q+ parameters
slope: 0.234 semiSat: 0.560 beta: 0.938 sigma: 0.114 
maxBOLD estimate = 1.627

--------------------------------------------------------------
FINAL VALUES
--------------------------------------------------------------
Simulated parameters:              slope: 0.200 semiSat: 0.570 beta: 1.000 sigma: 0.150 
Max posterior QUEST+ parameters:   slope: 0.298 semiSat: 0.560 beta: 1.062 sigma: 0.166 
Max BADS parameters:               slope: 0.294 semiSat: 0.553 beta: 1.000 sigma: 0.149 
maxBOLD estimate: 1.409
