/blue/stevenweisberg/stevenweisberg/MATLAB/projects/Weisberg_Aguirre_2020/scripts/run_sims
c0700a-s4.ufhpc
Wed Apr  7 00:49:03 EDT 2021
mkdir: cannot create directory ‘/blue/stevenweisberg/stevenweisberg/qpfMRIResults/model_parameter_set2/’: File exists
cp: cannot stat ‘/blue/stevenweisberg/stevenweisberg/qpfMRIResults/deploy_sim.sh’: No such file or directory
cp: cannot stat ‘/blue/stevenweisberg/stevenweisberg/qpfMRIResults/sim_wrapper.sh’: No such file or directory
------------------------------------------
Setting up environment variables
---
LD_LIBRARY_PATH is .:/apps/matlab/mcr/2020b/v99/runtime/glnxa64:/apps/matlab/mcr/2020b/v99/bin/glnxa64:/apps/matlab/mcr/2020b/v99/sys/os/glnxa64:/apps/matlab/mcr/2020b/v99/sys/opengl/lib/glnxa64
Warning: Executing startup failed in matlabrc.
This indicates a potentially serious problem in your MATLAB setup, which should be resolved as soon as possible.  Error detected was:
MATLAB:mpath:PathAlterationNotSupported
Modifying the search path is not supported by MATLAB Compiler. Remove functions that modify the search path from your MATLAB code. To make files visible to your deployed application, add the parent folder to your MATLAB session.
Warning: No stimulus domain specified. Defaulting to values between 0.01 and 1.
> In qpfmriParams (line 182)
In compiledSimulate (line 205)
Stimulus domain added from input.
Parameter slope specified as 0.20000
Parameter semiSat specified as 0.57000
Parameter beta specified as 1.00000
Parameter sigma specified as 0.15000
seed = 99seed = 104seed = 111seed = 111seed = 115seed = 101Initializing Q+. This may take a minute...
Elapsed time is 5.784963 seconds.
Simulated parameters:
slope: 0.200 semiSat: 0.570 beta: 1.000 sigma: 0.150 

Trial 1: baseline Stimulus Selection
Stimulus: 0.010
Output value 0.000

Q+ parameters
slope: 0.026 semiSat: 0.890 beta: 0.500 sigma: 0.010 
maxBOLD estimate = 1.000


Trial 2: maxBOLD Stimulus Selection
Stimulus: 1.000
Output value 0.920

Q+ parameters
slope: 0.043 semiSat: 0.780 beta: 1.125 sigma: 0.010 
maxBOLD estimate = 1.000


Trial 3: baseline Stimulus Selection
Stimulus: 0.010
Output value 0.000

Q+ parameters
slope: 0.043 semiSat: 0.780 beta: 1.250 sigma: 0.010 
maxBOLD estimate = 1.125


Trial 4: maxBOLD Stimulus Selection
Stimulus: 1.000
Output value 1.294

Q+ parameters
slope: 0.043 semiSat: 0.780 beta: 1.125 sigma: 0.062 
maxBOLD estimate = 1.406


Trial 5: baseline Stimulus Selection
Stimulus: 0.010
Output value 0.000

Q+ parameters
slope: 0.043 semiSat: 0.780 beta: 0.969 sigma: 0.062 
maxBOLD estimate = 1.582


Trial 6: maxBOLD Stimulus Selection
Stimulus: 1.000
Output value 1.881

Q+ parameters
slope: 0.043 semiSat: 0.780 beta: 1.125 sigma: 0.114 
maxBOLD estimate = 1.533


Trial 7: qplus Stimulus Selection
Stimulus: 0.505
Output value 0.456

Q+ parameters
slope: 0.043 semiSat: 0.780 beta: 0.969 sigma: 0.114 
maxBOLD estimate = 1.724


Trial 8: qplus Stimulus Selection
Stimulus: 0.711
Output value 1.424

Q+ parameters
slope: 0.183 semiSat: 0.560 beta: 0.938 sigma: 0.114 
maxBOLD estimate = 1.670


Trial 9: qplus Stimulus Selection
Stimulus: 0.588
Output value 0.934

Q+ parameters
slope: 0.234 semiSat: 0.560 beta: 0.938 sigma: 0.114 
maxBOLD estimate = 1.566


Trial 10: baseline Stimulus Selection
Stimulus: 0.010
Output value 0.375

Q+ parameters
slope: 0.234 semiSat: 0.560 beta: 0.938 sigma: 0.166 
maxBOLD estimate = 1.468


Trial 11: qplus Stimulus Selection
Stimulus: 0.629
Output value 0.938

Q+ parameters
slope: 0.234 semiSat: 0.560 beta: 0.938 sigma: 0.114 
maxBOLD estimate = 1.376


Trial 12: qplus Stimulus Selection
Stimulus: 0.505
Output value 0.726

Q+ parameters
slope: 0.183 semiSat: 0.560 beta: 1.031 sigma: 0.166 
maxBOLD estimate = 1.290


Trial 13: qplus Stimulus Selection
Stimulus: 0.505
Output value 0.340

Q+ parameters
slope: 0.183 semiSat: 0.560 beta: 0.938 sigma: 0.114 
maxBOLD estimate = 1.331


Trial 14: qplus Stimulus Selection
Stimulus: 0.629
Output value 1.701

Q+ parameters
slope: 0.183 semiSat: 0.560 beta: 1.250 sigma: 0.166 
maxBOLD estimate = 1.247


Trial 15: maxBOLD Stimulus Selection
Stimulus: 1.000
Output value 1.754

Q+ parameters
slope: 0.183 semiSat: 0.560 beta: 1.031 sigma: 0.166 
maxBOLD estimate = 1.559


Trial 16: qplus Stimulus Selection
Stimulus: 0.505
Output value 0.411

Q+ parameters
slope: 0.183 semiSat: 0.560 beta: 0.938 sigma: 0.114 
maxBOLD estimate = 1.608


Trial 17: qplus Stimulus Selection
Stimulus: 0.505
Output value 1.028

Q+ parameters
slope: 0.144 semiSat: 0.560 beta: 1.250 sigma: 0.166 
maxBOLD estimate = 1.507


Trial 18: qplus Stimulus Selection
Stimulus: 0.505
Output value 0.514

Q+ parameters
slope: 0.113 semiSat: 0.560 beta: 0.750 sigma: 0.114 
maxBOLD estimate = 1.884


Trial 19: qplus Stimulus Selection
Stimulus: 0.629
Output value 1.606

Q+ parameters
slope: 0.144 semiSat: 0.560 beta: 1.250 sigma: 0.166 
maxBOLD estimate = 1.413


Trial 20: baseline Stimulus Selection
Stimulus: 0.010
Output value -0.151

Q+ parameters
slope: 0.183 semiSat: 0.560 beta: 0.938 sigma: 0.114 
maxBOLD estimate = 1.767


Trial 21: qplus Stimulus Selection
Stimulus: 0.505
Output value 0.466

Q+ parameters
slope: 0.113 semiSat: 0.560 beta: 1.031 sigma: 0.166 
maxBOLD estimate = 1.656


Trial 22: qplus Stimulus Selection
Stimulus: 0.505
Output value 0.728

Q+ parameters
slope: 0.183 semiSat: 0.560 beta: 0.938 sigma: 0.114 
maxBOLD estimate = 1.708


Trial 23: qplus Stimulus Selection
Stimulus: 0.464
Output value 0.364

Q+ parameters
slope: 0.144 semiSat: 0.560 beta: 1.250 sigma: 0.166 
maxBOLD estimate = 1.601


Trial 24: qplus Stimulus Selection
Stimulus: 0.464
Output value 0.273

Q+ parameters
slope: 0.113 semiSat: 0.560 beta: 0.750 sigma: 0.114 
maxBOLD estimate = 2.001


Trial 25: maxBOLD Stimulus Selection
Stimulus: 1.000
Output value 1.706

Q+ parameters
slope: 0.144 semiSat: 0.560 beta: 1.250 sigma: 0.166 
maxBOLD estimate = 1.501


Trial 26: qplus Stimulus Selection
Stimulus: 0.629
Output value 0.640

Q+ parameters
slope: 0.113 semiSat: 0.560 beta: 0.750 sigma: 0.114 
maxBOLD estimate = 1.876


Trial 27: qplus Stimulus Selection
Stimulus: 0.423
Output value 0.192

Q+ parameters
slope: 0.144 semiSat: 0.560 beta: 1.500 sigma: 0.166 
maxBOLD estimate = 1.407


Trial 28: qplus Stimulus Selection
Stimulus: 0.588
Output value 0.864

Q+ parameters
slope: 0.113 semiSat: 0.560 beta: 0.750 sigma: 0.114 
maxBOLD estimate = 2.111


Trial 29: qplus Stimulus Selection
Stimulus: 0.670
Output value 1.979

Q+ parameters
slope: 0.144 semiSat: 0.560 beta: 1.250 sigma: 0.166 
maxBOLD estimate = 1.583


Trial 30: baseline Stimulus Selection
Stimulus: 0.010
Output value 0.135

Q+ parameters
slope: 0.144 semiSat: 0.560 beta: 0.750 sigma: 0.114 
maxBOLD estimate = 1.979


Trial 31: qplus Stimulus Selection
Stimulus: 0.670
Output value 2.024

Q+ parameters
slope: 0.183 semiSat: 0.560 beta: 1.250 sigma: 0.166 
maxBOLD estimate = 1.484


Trial 32: qplus Stimulus Selection
Stimulus: 0.505
Output value 0.632

Q+ parameters
slope: 0.144 semiSat: 0.560 beta: 0.750 sigma: 0.114 
maxBOLD estimate = 1.855


Trial 33: qplus Stimulus Selection
Stimulus: 0.588
Output value 1.897

Q+ parameters
slope: 0.144 semiSat: 0.560 beta: 1.500 sigma: 0.166 
maxBOLD estimate = 1.391


Trial 34: qplus Stimulus Selection
Stimulus: 0.505
Output value 0.142

Q+ parameters
slope: 0.144 semiSat: 0.560 beta: 0.750 sigma: 0.114 
maxBOLD estimate = 2.087


Trial 35: maxBOLD Stimulus Selection
Stimulus: 1.000
Output value 2.135

Q+ parameters
slope: 0.144 semiSat: 0.560 beta: 1.250 sigma: 0.166 
maxBOLD estimate = 1.565


Trial 36: qplus Stimulus Selection
Stimulus: 0.588
Output value 0.534

Q+ parameters
slope: 0.144 semiSat: 0.560 beta: 0.750 sigma: 0.114 
maxBOLD estimate = 1.957


Trial 37: qplus Stimulus Selection
Stimulus: 0.670
Output value 1.001

Q+ parameters
slope: 0.144 semiSat: 0.560 beta: 1.250 sigma: 0.166 
maxBOLD estimate = 1.468


Trial 38: qplus Stimulus Selection
Stimulus: 0.505
Output value 0.000

Q+ parameters
slope: 0.183 semiSat: 0.560 beta: 0.938 sigma: 0.166 
maxBOLD estimate = 1.834


Trial 39: qplus Stimulus Selection
Stimulus: 0.629
Output value 0.586

Q+ parameters
slope: 0.183 semiSat: 0.560 beta: 0.938 sigma: 0.166 
maxBOLD estimate = 1.720


Trial 40: baseline Stimulus Selection
Stimulus: 0.010
Output value -0.302

Q+ parameters
slope: 0.183 semiSat: 0.560 beta: 1.031 sigma: 0.166 
maxBOLD estimate = 1.612


Trial 41: qplus Stimulus Selection
Stimulus: 0.505
Output value 0.468

Q+ parameters
slope: 0.113 semiSat: 0.560 beta: 1.031 sigma: 0.166 
maxBOLD estimate = 1.663


Trial 42: qplus Stimulus Selection
Stimulus: 0.505
Output value 0.146

Q+ parameters
slope: 0.183 semiSat: 0.560 beta: 0.938 sigma: 0.166 
maxBOLD estimate = 1.715


Trial 43: qplus Stimulus Selection
Stimulus: 0.588
Output value 0.754

Q+ parameters
slope: 0.183 semiSat: 0.560 beta: 1.031 sigma: 0.166 
maxBOLD estimate = 1.608


Trial 44: qplus Stimulus Selection
Stimulus: 0.629
Output value 0.706

Q+ parameters
slope: 0.183 semiSat: 0.560 beta: 0.938 sigma: 0.166 
maxBOLD estimate = 1.658


Trial 45: maxBOLD Stimulus Selection
Stimulus: 1.000
Output value 1.907

Q+ parameters
slope: 0.144 semiSat: 0.560 beta: 1.125 sigma: 0.166 
maxBOLD estimate = 1.554


Trial 46: qplus Stimulus Selection
Stimulus: 0.505
Output value 1.341

Q+ parameters
slope: 0.113 semiSat: 0.560 beta: 0.938 sigma: 0.166 
maxBOLD estimate = 1.748


Trial 47: qplus Stimulus Selection
Stimulus: 0.423
Output value 0.615

Q+ parameters
slope: 0.113 semiSat: 0.560 beta: 1.031 sigma: 0.166 
maxBOLD estimate = 1.639


Trial 48: qplus Stimulus Selection
Stimulus: 0.670
Output value 1.902

Q+ parameters
slope: 0.113 semiSat: 0.560 beta: 1.031 sigma: 0.166 
maxBOLD estimate = 1.690


Trial 49: qplus Stimulus Selection
Stimulus: 0.588
Output value 1.798

Q+ parameters
slope: 0.113 semiSat: 0.560 beta: 1.031 sigma: 0.166 
maxBOLD estimate = 1.743


Trial 50: baseline Stimulus Selection
Stimulus: 0.010
Output value 0.000

Q+ parameters
slope: 0.183 semiSat: 0.560 beta: 0.938 sigma: 0.166 
maxBOLD estimate = 1.798


Trial 51: qplus Stimulus Selection
Stimulus: 0.464
Output value 0.862

Q+ parameters
slope: 0.183 semiSat: 0.560 beta: 0.938 sigma: 0.166 
maxBOLD estimate = 1.685


Trial 52: qplus Stimulus Selection
Stimulus: 0.505
Output value 0.162

Q+ parameters
slope: 0.113 semiSat: 0.560 beta: 1.125 sigma: 0.166 
maxBOLD estimate = 1.580


Trial 53: qplus Stimulus Selection
Stimulus: 0.505
Output value 0.757

Q+ parameters
slope: 0.183 semiSat: 0.560 beta: 0.938 sigma: 0.166 
maxBOLD estimate = 1.777


Trial 54: qplus Stimulus Selection
Stimulus: 0.711
Output value 1.562

Q+ parameters
slope: 0.183 semiSat: 0.560 beta: 0.938 sigma: 0.166 
maxBOLD estimate = 1.666


Trial 55: maxBOLD Stimulus Selection
Stimulus: 1.000
Output value 1.917

Q+ parameters
slope: 0.113 semiSat: 0.560 beta: 1.125 sigma: 0.166 
maxBOLD estimate = 1.562


Trial 56: qplus Stimulus Selection
Stimulus: 0.629
Output value 0.839

Q+ parameters
slope: 0.144 semiSat: 0.560 beta: 0.875 sigma: 0.166 
maxBOLD estimate = 1.758


Trial 57: qplus Stimulus Selection
Stimulus: 0.670
Output value 1.415

Q+ parameters
slope: 0.113 semiSat: 0.560 beta: 1.125 sigma: 0.166 
maxBOLD estimate = 1.538


Trial 58: qplus Stimulus Selection
Stimulus: 0.505
Output value -0.295

Q+ parameters
slope: 0.183 semiSat: 0.560 beta: 0.938 sigma: 0.166 
maxBOLD estimate = 1.730


Trial 59: qplus Stimulus Selection
Stimulus: 0.629
Output value 1.521

Q+ parameters
slope: 0.183 semiSat: 0.560 beta: 1.031 sigma: 0.166 
maxBOLD estimate = 1.622


Trial 60: baseline Stimulus Selection
Stimulus: 0.010
Output value -0.157

Q+ parameters
slope: 0.183 semiSat: 0.560 beta: 1.031 sigma: 0.166 
maxBOLD estimate = 1.673


Trial 61: qplus Stimulus Selection
Stimulus: 0.505
Output value 0.441

Q+ parameters
slope: 0.183 semiSat: 0.560 beta: 0.938 sigma: 0.166 
maxBOLD estimate = 1.725


Trial 62: qplus Stimulus Selection
Stimulus: 0.794
Output value 0.910

Q+ parameters
slope: 0.183 semiSat: 0.560 beta: 1.031 sigma: 0.166 
maxBOLD estimate = 1.617


Trial 63: qplus Stimulus Selection
Stimulus: 0.505
Output value 0.313

Q+ parameters
slope: 0.183 semiSat: 0.560 beta: 1.031 sigma: 0.166 
maxBOLD estimate = 1.668


Trial 64: qplus Stimulus Selection
Stimulus: 0.588
Output value 0.293

Q+ parameters
slope: 0.183 semiSat: 0.560 beta: 0.938 sigma: 0.166 
maxBOLD estimate = 1.720


Trial 65: maxBOLD Stimulus Selection
Stimulus: 1.000
Output value 0.824

Q+ parameters
slope: 0.183 semiSat: 0.560 beta: 0.938 sigma: 0.166 
maxBOLD estimate = 1.612


Trial 66: qplus Stimulus Selection
Stimulus: 0.588
Output value 0.309

Q+ parameters
slope: 0.183 semiSat: 0.560 beta: 1.125 sigma: 0.218 
maxBOLD estimate = 1.511


Trial 67: qplus Stimulus Selection
Stimulus: 0.505
Output value -0.145

Q+ parameters
slope: 0.183 semiSat: 0.560 beta: 0.938 sigma: 0.166 
maxBOLD estimate = 1.700


Trial 68: qplus Stimulus Selection
Stimulus: 0.546
Output value 0.543

Q+ parameters
slope: 0.183 semiSat: 0.560 beta: 0.938 sigma: 0.166 
maxBOLD estimate = 1.594


Trial 69: qplus Stimulus Selection
Stimulus: 0.588
Output value 1.223

Q+ parameters
slope: 0.183 semiSat: 0.560 beta: 1.125 sigma: 0.218 
maxBOLD estimate = 1.494


Trial 70: baseline Stimulus Selection
Stimulus: 0.010
Output value -0.287

Q+ parameters
slope: 0.183 semiSat: 0.560 beta: 0.938 sigma: 0.166 
maxBOLD estimate = 1.681


Trial 71: qplus Stimulus Selection
Stimulus: 0.711
Output value 1.330

Q+ parameters
slope: 0.183 semiSat: 0.560 beta: 1.031 sigma: 0.166 
maxBOLD estimate = 1.576


Trial 72: qplus Stimulus Selection
Stimulus: 0.505
Output value 0.457

Q+ parameters
slope: 0.183 semiSat: 0.560 beta: 1.031 sigma: 0.166 
maxBOLD estimate = 1.625


Trial 73: qplus Stimulus Selection
Stimulus: 0.588
Output value 1.143

Q+ parameters
slope: 0.183 semiSat: 0.560 beta: 0.938 sigma: 0.166 
maxBOLD estimate = 1.676


Trial 74: qplus Stimulus Selection
Stimulus: 0.711
Output value 1.031

Q+ parameters
slope: 0.183 semiSat: 0.560 beta: 1.031 sigma: 0.166 
maxBOLD estimate = 1.572


Trial 75: maxBOLD Stimulus Selection
Stimulus: 1.000
Output value 1.243

Q+ parameters
slope: 0.183 semiSat: 0.560 beta: 0.938 sigma: 0.166 
maxBOLD estimate = 1.621


Trial 76: qplus Stimulus Selection
Stimulus: 0.588
Output value 0.587

Q+ parameters
slope: 0.144 semiSat: 0.560 beta: 1.062 sigma: 0.166 
maxBOLD estimate = 1.519


Trial 77: qplus Stimulus Selection
Stimulus: 0.505
Output value 0.275

Q+ parameters
slope: 0.183 semiSat: 0.560 beta: 0.938 sigma: 0.166 
maxBOLD estimate = 1.614


Trial 78: qplus Stimulus Selection
Stimulus: 0.588
Output value 0.993

Q+ parameters
slope: 0.183 semiSat: 0.560 beta: 1.031 sigma: 0.166 
maxBOLD estimate = 1.513


Trial 79: qplus Stimulus Selection
Stimulus: 0.505
Output value 0.585

Q+ parameters
slope: 0.183 semiSat: 0.560 beta: 1.031 sigma: 0.166 
maxBOLD estimate = 1.561


Trial 80: baseline Stimulus Selection
Stimulus: 0.010
Output value -0.311

Q+ parameters
slope: 0.144 semiSat: 0.560 beta: 1.062 sigma: 0.166 
maxBOLD estimate = 1.609


Trial 81: qplus Stimulus Selection
Stimulus: 0.711
Output value 1.555

Q+ parameters
slope: 0.113 semiSat: 0.560 beta: 1.000 sigma: 0.166 
maxBOLD estimate = 1.710


Trial 82: qplus Stimulus Selection
Stimulus: 0.423
Output value 0.000

Q+ parameters
slope: 0.183 semiSat: 0.560 beta: 0.938 sigma: 0.166 
maxBOLD estimate = 1.710


Trial 83: qplus Stimulus Selection
Stimulus: 0.711
Output value 1.549

Q+ parameters
slope: 0.144 semiSat: 0.560 beta: 1.062 sigma: 0.166 
maxBOLD estimate = 1.603


Trial 84: qplus Stimulus Selection
Stimulus: 0.505
Output value 0.145

Q+ parameters
slope: 0.183 semiSat: 0.560 beta: 0.938 sigma: 0.166 
maxBOLD estimate = 1.703


Trial 85: maxBOLD Stimulus Selection
Stimulus: 1.000
Output value 1.198

Q+ parameters
slope: 0.183 semiSat: 0.560 beta: 1.031 sigma: 0.166 
maxBOLD estimate = 1.597


Trial 86: qplus Stimulus Selection
Stimulus: 0.505
Output value 0.463

Q+ parameters
slope: 0.183 semiSat: 0.560 beta: 1.031 sigma: 0.166 
maxBOLD estimate = 1.647


Trial 87: qplus Stimulus Selection
Stimulus: 0.505
Output value 0.598

Q+ parameters
slope: 0.144 semiSat: 0.560 beta: 0.969 sigma: 0.166 
maxBOLD estimate = 1.698


Trial 88: qplus Stimulus Selection
Stimulus: 0.588
Output value 1.388

Q+ parameters
slope: 0.183 semiSat: 0.560 beta: 1.031 sigma: 0.166 
maxBOLD estimate = 1.645


Trial 89: qplus Stimulus Selection
Stimulus: 0.505
Output value 0.771

Q+ parameters
slope: 0.183 semiSat: 0.560 beta: 1.000 sigma: 0.166 
maxBOLD estimate = 1.697


Trial 90: baseline Stimulus Selection
Stimulus: 0.010
Output value 0.723

Q+ parameters
slope: 0.144 semiSat: 0.560 beta: 0.938 sigma: 0.166 
maxBOLD estimate = 1.697


Trial 91: qplus Stimulus Selection
Stimulus: 0.711
Output value 1.789

Q+ parameters
slope: 0.183 semiSat: 0.560 beta: 1.031 sigma: 0.166 
maxBOLD estimate = 1.591


Trial 92: qplus Stimulus Selection
Stimulus: 0.505
Output value 0.979

Q+ parameters
slope: 0.183 semiSat: 0.560 beta: 0.938 sigma: 0.166 
maxBOLD estimate = 1.640


Trial 93: qplus Stimulus Selection
Stimulus: 0.588
Output value 1.442

Q+ parameters
slope: 0.183 semiSat: 0.560 beta: 1.031 sigma: 0.166 
maxBOLD estimate = 1.538


Trial 94: qplus Stimulus Selection
Stimulus: 0.505
Output value 0.743

Q+ parameters
slope: 0.183 semiSat: 0.560 beta: 1.031 sigma: 0.166 
maxBOLD estimate = 1.586


Trial 95: maxBOLD Stimulus Selection
Stimulus: 1.000
Output value 1.115

Q+ parameters
slope: 0.183 semiSat: 0.560 beta: 0.938 sigma: 0.166 
maxBOLD estimate = 1.635


Trial 96: qplus Stimulus Selection
Stimulus: 0.588
Output value 1.150

Q+ parameters
slope: 0.183 semiSat: 0.560 beta: 1.031 sigma: 0.166 
maxBOLD estimate = 1.533


Trial 97: qplus Stimulus Selection
Stimulus: 0.505
Output value 0.296

Q+ parameters
slope: 0.183 semiSat: 0.560 beta: 1.031 sigma: 0.166 
maxBOLD estimate = 1.581


Trial 98: qplus Stimulus Selection
Stimulus: 0.505
Output value 0.417

Q+ parameters
slope: 0.183 semiSat: 0.560 beta: 0.938 sigma: 0.166 
maxBOLD estimate = 1.630


Trial 99: qplus Stimulus Selection
Stimulus: 0.588
Output value 0.430

Q+ parameters
slope: 0.183 semiSat: 0.560 beta: 1.031 sigma: 0.166 
maxBOLD estimate = 1.529


Trial 100: baseline Stimulus Selection
Stimulus: 0.010
Output value -0.148

Q+ parameters
slope: 0.183 semiSat: 0.560 beta: 1.031 sigma: 0.166 
maxBOLD estimate = 1.576

--------------------------------------------------------------
FINAL VALUES
--------------------------------------------------------------
Simulated parameters:              slope: 0.200 semiSat: 0.570 beta: 1.000 sigma: 0.150 
Max posterior QUEST+ parameters:   slope: 0.183 semiSat: 0.560 beta: 0.938 sigma: 0.166 
Max BADS parameters:               slope: 0.166 semiSat: 0.558 beta: 1.000 sigma: 0.169 
maxBOLD estimate: 1.643
