/blue/stevenweisberg/stevenweisberg/MATLAB/projects/Weisberg_Aguirre_2020/scripts/run_sims
c26a-s35.ufhpc
Thu Nov 12 12:48:59 EST 2020
cp: cannot stat ‘/blue/stevenweisberg/stevenweisberg/qpfMRIResults/deploy_sim.sh’: No such file or directory
cp: cannot stat ‘/blue/stevenweisberg/stevenweisberg/qpfMRIResults/sim_wrapper.sh’: No such file or directory
------------------------------------------
Setting up environment variables
---
LD_LIBRARY_PATH is .:/apps/matlab/mcr/2020b/v99/runtime/glnxa64:/apps/matlab/mcr/2020b/v99/bin/glnxa64:/apps/matlab/mcr/2020b/v99/sys/os/glnxa64:/apps/matlab/mcr/2020b/v99/sys/opengl/lib/glnxa64
Warning: Executing startup failed in matlabrc.
This indicates a potentially serious problem in your MATLAB setup, which should be resolved as soon as possible.  Error detected was:
MATLAB:mpath:PathAlterationNotSupported
Modifying the search path is not supported by MATLAB Compiler. Remove functions that modify the search path from your MATLAB code. To make files visible to your deployed application, add the parent folder to your MATLAB session.
Warning: No stimulus domain specified. Defaulting to values between 0.01 and 1.
> In qpfmriParams (line 182)
In compiledSimulate (line 205)
Stimulus domain added from input.
Parameter slope specified as 0.41000
Parameter semiSat specified as 0.57000
Parameter beta specified as 1.00000
Parameter sigma specified as 0.25000
seed = 99seed = 104seed = 111seed = 111seed = 115seed = 101Initializing Q+. This may take a minute...
Elapsed time is 9.772187 seconds.
Simulated parameters:
slope: 0.410 semiSat: 0.570 beta: 1.000 sigma: 0.250 

Trial 1: baseline Stimulus Selection
Stimulus: 0.010
Output value 0.000

Q+ parameters
slope: 0.026 semiSat: 0.890 beta: 0.500 sigma: 0.010 
maxBOLD estimate = 1.000


Trial 2: maxBOLD Stimulus Selection
Stimulus: 1.000
Output value 1.364

Q+ parameters
slope: 0.055 semiSat: 0.670 beta: 1.250 sigma: 0.010 
maxBOLD estimate = 1.000


Trial 3: baseline Stimulus Selection
Stimulus: 0.010
Output value 0.568

Q+ parameters
slope: 0.055 semiSat: 0.670 beta: 1.250 sigma: 0.218 
maxBOLD estimate = 1.250


Trial 4: maxBOLD Stimulus Selection
Stimulus: 1.000
Output value 2.131

Q+ parameters
slope: 0.055 semiSat: 0.670 beta: 1.250 sigma: 0.062 
maxBOLD estimate = 1.562


Trial 5: baseline Stimulus Selection
Stimulus: 0.010
Output value 0.444

Q+ parameters
slope: 0.055 semiSat: 0.670 beta: 1.250 sigma: 0.114 
maxBOLD estimate = 1.953


Trial 6: maxBOLD Stimulus Selection
Stimulus: 1.000
Output value 1.942

Q+ parameters
slope: 0.043 semiSat: 0.780 beta: 1.250 sigma: 0.114 
maxBOLD estimate = 2.441


Trial 7: random Stimulus Selection
Stimulus: 0.340
Output value -0.832

Q+ parameters
slope: 0.055 semiSat: 1.000 beta: 1.500 sigma: 0.062 
maxBOLD estimate = 3.052


Trial 8: random Stimulus Selection
Stimulus: 0.711
Output value 1.040

Q+ parameters
slope: 0.113 semiSat: 0.450 beta: 0.500 sigma: 0.062 
maxBOLD estimate = 4.578


Trial 9: random Stimulus Selection
Stimulus: 0.092
Output value 0.403

Q+ parameters
slope: 0.183 semiSat: 0.450 beta: 0.969 sigma: 0.114 
maxBOLD estimate = 2.289


Trial 10: baseline Stimulus Selection
Stimulus: 0.010
Output value 0.000

Q+ parameters
slope: 0.183 semiSat: 0.560 beta: 1.125 sigma: 0.166 
maxBOLD estimate = 2.217


Trial 11: random Stimulus Selection
Stimulus: 0.753
Output value 2.381

Q+ parameters
slope: 0.183 semiSat: 0.450 beta: 0.875 sigma: 0.114 
maxBOLD estimate = 2.494


Trial 12: random Stimulus Selection
Stimulus: 1.000
Output value 1.922

Q+ parameters
slope: 0.183 semiSat: 0.450 beta: 0.969 sigma: 0.114 
maxBOLD estimate = 2.183


Trial 13: random Stimulus Selection
Stimulus: 0.175
Output value -0.432

Q+ parameters
slope: 0.183 semiSat: 0.560 beta: 1.125 sigma: 0.166 
maxBOLD estimate = 2.114


Trial 14: random Stimulus Selection
Stimulus: 0.423
Output value 0.946

Q+ parameters
slope: 0.183 semiSat: 0.450 beta: 0.875 sigma: 0.114 
maxBOLD estimate = 2.379


Trial 15: maxBOLD Stimulus Selection
Stimulus: 1.000
Output value 1.833

Q+ parameters
slope: 0.183 semiSat: 0.450 beta: 0.969 sigma: 0.114 
maxBOLD estimate = 2.081


Trial 16: random Stimulus Selection
Stimulus: 0.257
Output value 0.756

Q+ parameters
slope: 0.144 semiSat: 0.450 beta: 1.031 sigma: 0.218 
maxBOLD estimate = 2.016


Trial 17: random Stimulus Selection
Stimulus: 0.216
Output value -0.366

Q+ parameters
slope: 0.183 semiSat: 0.450 beta: 0.969 sigma: 0.166 
maxBOLD estimate = 2.079


Trial 18: random Stimulus Selection
Stimulus: 0.876
Output value 0.961

Q+ parameters
slope: 0.183 semiSat: 0.450 beta: 0.875 sigma: 0.166 
maxBOLD estimate = 2.014


Trial 19: random Stimulus Selection
Stimulus: 0.381
Output value -0.310

Q+ parameters
slope: 0.483 semiSat: 0.450 beta: 0.969 sigma: 0.218 
maxBOLD estimate = 1.763


Trial 20: baseline Stimulus Selection
Stimulus: 0.010
Output value 0.150

Q+ parameters
slope: 0.183 semiSat: 0.450 beta: 0.969 sigma: 0.166 
maxBOLD estimate = 1.708


Trial 21: random Stimulus Selection
Stimulus: 0.546
Output value 0.395

Q+ parameters
slope: 0.785 semiSat: 0.560 beta: 0.875 sigma: 0.271 
maxBOLD estimate = 1.654


Trial 22: random Stimulus Selection
Stimulus: 0.175
Output value -0.271

Q+ parameters
slope: 0.183 semiSat: 0.560 beta: 1.031 sigma: 0.218 
maxBOLD estimate = 1.447


Trial 23: random Stimulus Selection
Stimulus: 0.711
Output value 1.577

Q+ parameters
slope: 0.298 semiSat: 0.450 beta: 0.969 sigma: 0.218 
maxBOLD estimate = 1.493


Trial 24: random Stimulus Selection
Stimulus: 0.340
Output value 0.255

Q+ parameters
slope: 0.298 semiSat: 0.450 beta: 0.969 sigma: 0.218 
maxBOLD estimate = 1.446


Trial 25: maxBOLD Stimulus Selection
Stimulus: 1.000
Output value 1.480

Q+ parameters
slope: 0.298 semiSat: 0.450 beta: 0.969 sigma: 0.218 
maxBOLD estimate = 1.401


Trial 26: random Stimulus Selection
Stimulus: 0.257
Output value 1.388

Q+ parameters
slope: 0.055 semiSat: 0.450 beta: 1.125 sigma: 0.427 
maxBOLD estimate = 1.357


Trial 27: random Stimulus Selection
Stimulus: 1.000
Output value -0.139

Q+ parameters
slope: 0.379 semiSat: 0.670 beta: 0.500 sigma: 1.000 
maxBOLD estimate = 1.527


Trial 28: random Stimulus Selection
Stimulus: 0.711
Output value 1.041

Q+ parameters
slope: 0.016 semiSat: 0.670 beta: 1.250 sigma: 1.000 
maxBOLD estimate = 0.763


Trial 29: random Stimulus Selection
Stimulus: 0.216
Output value -0.217

Q+ parameters
slope: 0.043 semiSat: 0.450 beta: 1.250 sigma: 1.000 
maxBOLD estimate = 0.954


Trial 30: baseline Stimulus Selection
Stimulus: 0.010
Output value -0.271

Q+ parameters
slope: 0.055 semiSat: 0.560 beta: 1.250 sigma: 0.323 
maxBOLD estimate = 1.193

--------------------------------------------------------------
FINAL VALUES
--------------------------------------------------------------
Simulated parameters:              slope: 0.410 semiSat: 0.570 beta: 1.000 sigma: 0.250 
Max posterior QUEST+ parameters:   slope: 0.183 semiSat: 0.560 beta: 1.000 sigma: 0.271 
Max BADS parameters:               slope: 0.181 semiSat: 0.558 beta: 1.000 sigma: 0.260 
maxBOLD estimate: 1.760
