/blue/stevenweisberg/stevenweisberg/MATLAB/projects/Weisberg_Aguirre_2020/scripts/run_sims
c0700a-s6.ufhpc
Tue Apr  6 17:27:04 EDT 2021
mkdir: cannot create directory ‘/blue/stevenweisberg/stevenweisberg/qpfMRIResults/model_parameter_set2/’: File exists
cp: cannot stat ‘/blue/stevenweisberg/stevenweisberg/qpfMRIResults/deploy_sim.sh’: No such file or directory
cp: cannot stat ‘/blue/stevenweisberg/stevenweisberg/qpfMRIResults/sim_wrapper.sh’: No such file or directory
------------------------------------------
Setting up environment variables
---
LD_LIBRARY_PATH is .:/apps/matlab/mcr/2020b/v99/runtime/glnxa64:/apps/matlab/mcr/2020b/v99/bin/glnxa64:/apps/matlab/mcr/2020b/v99/sys/os/glnxa64:/apps/matlab/mcr/2020b/v99/sys/opengl/lib/glnxa64
Warning: Executing startup failed in matlabrc.
This indicates a potentially serious problem in your MATLAB setup, which should be resolved as soon as possible.  Error detected was:
MATLAB:mpath:PathAlterationNotSupported
Modifying the search path is not supported by MATLAB Compiler. Remove functions that modify the search path from your MATLAB code. To make files visible to your deployed application, add the parent folder to your MATLAB session.
Warning: No stimulus domain specified. Defaulting to values between 0.01 and 1.
> In qpfmriParams (line 182)
In compiledSimulate (line 205)
Stimulus domain added from input.
Parameter slope specified as 0.20000
Parameter semiSat specified as 0.57000
Parameter beta specified as 1.00000
Parameter sigma specified as 0.10000
seed = 99seed = 104seed = 111seed = 111seed = 115seed = 101Initializing Q+. This may take a minute...
Elapsed time is 6.618769 seconds.
Simulated parameters:
slope: 0.200 semiSat: 0.570 beta: 1.000 sigma: 0.100 

Trial 1: baseline Stimulus Selection
Stimulus: 0.010
Output value 0.000

Q+ parameters
slope: 0.026 semiSat: 0.890 beta: 0.500 sigma: 0.010 
maxBOLD estimate = 1.000


Trial 2: maxBOLD Stimulus Selection
Stimulus: 1.000
Output value 1.364

Q+ parameters
slope: 0.055 semiSat: 0.670 beta: 1.250 sigma: 0.010 
maxBOLD estimate = 1.000


Trial 3: baseline Stimulus Selection
Stimulus: 0.010
Output value 0.142

Q+ parameters
slope: 0.055 semiSat: 0.670 beta: 1.250 sigma: 0.062 
maxBOLD estimate = 1.250


Trial 4: maxBOLD Stimulus Selection
Stimulus: 1.000
Output value 2.131

Q+ parameters
slope: 0.055 semiSat: 0.670 beta: 1.250 sigma: 0.062 
maxBOLD estimate = 1.562


Trial 5: baseline Stimulus Selection
Stimulus: 0.010
Output value 0.200

Q+ parameters
slope: 0.043 semiSat: 0.780 beta: 1.125 sigma: 0.062 
maxBOLD estimate = 1.953


Trial 6: maxBOLD Stimulus Selection
Stimulus: 1.000
Output value 1.498

Q+ parameters
slope: 0.034 semiSat: 1.000 beta: 1.250 sigma: 0.062 
maxBOLD estimate = 2.197


Trial 7: qplus Stimulus Selection
Stimulus: 0.711
Output value 0.624

Q+ parameters
slope: 0.483 semiSat: 0.120 beta: 0.500 sigma: 0.062 
maxBOLD estimate = 2.747


Trial 8: qplus Stimulus Selection
Stimulus: 0.423
Output value 0.484

Q+ parameters
slope: 0.144 semiSat: 0.450 beta: 0.969 sigma: 0.062 
maxBOLD estimate = 1.373


Trial 9: qplus Stimulus Selection
Stimulus: 0.505
Output value 0.000

Q+ parameters
slope: 0.616 semiSat: 0.560 beta: 0.969 sigma: 0.062 
maxBOLD estimate = 1.330


Trial 10: baseline Stimulus Selection
Stimulus: 0.010
Output value 0.249

Q+ parameters
slope: 0.379 semiSat: 0.560 beta: 1.062 sigma: 0.114 
maxBOLD estimate = 1.289


Trial 11: qplus Stimulus Selection
Stimulus: 0.588
Output value 0.965

Q+ parameters
slope: 0.379 semiSat: 0.560 beta: 0.969 sigma: 0.062 
maxBOLD estimate = 1.369


Trial 12: qplus Stimulus Selection
Stimulus: 0.588
Output value 0.482

Q+ parameters
slope: 0.234 semiSat: 0.560 beta: 1.000 sigma: 0.114 
maxBOLD estimate = 1.327


Trial 13: qplus Stimulus Selection
Stimulus: 0.629
Output value 1.327

Q+ parameters
slope: 0.483 semiSat: 0.560 beta: 1.000 sigma: 0.062 
maxBOLD estimate = 1.327


Trial 14: qplus Stimulus Selection
Stimulus: 0.546
Output value 1.221

Q+ parameters
slope: 0.379 semiSat: 0.560 beta: 1.125 sigma: 0.114 
maxBOLD estimate = 1.327


Trial 15: maxBOLD Stimulus Selection
Stimulus: 1.000
Output value 1.259

Q+ parameters
slope: 0.298 semiSat: 0.560 beta: 1.031 sigma: 0.114 
maxBOLD estimate = 1.492


Trial 16: qplus Stimulus Selection
Stimulus: 0.505
Output value -0.262

Q+ parameters
slope: 0.379 semiSat: 0.560 beta: 0.938 sigma: 0.114 
maxBOLD estimate = 1.539


Trial 17: qplus Stimulus Selection
Stimulus: 0.588
Output value 0.262

Q+ parameters
slope: 0.234 semiSat: 0.560 beta: 1.000 sigma: 0.166 
maxBOLD estimate = 1.443


Trial 18: qplus Stimulus Selection
Stimulus: 0.629
Output value 0.525

Q+ parameters
slope: 0.234 semiSat: 0.560 beta: 1.000 sigma: 0.166 
maxBOLD estimate = 1.443


Trial 19: qplus Stimulus Selection
Stimulus: 0.629
Output value 0.787

Q+ parameters
slope: 0.234 semiSat: 0.560 beta: 1.000 sigma: 0.166 
maxBOLD estimate = 1.443


Trial 20: baseline Stimulus Selection
Stimulus: 0.010
Output value -0.262

Q+ parameters
slope: 0.234 semiSat: 0.560 beta: 1.000 sigma: 0.166 
maxBOLD estimate = 1.443


Trial 21: qplus Stimulus Selection
Stimulus: 0.505
Output value -0.131

Q+ parameters
slope: 0.234 semiSat: 0.560 beta: 1.000 sigma: 0.166 
maxBOLD estimate = 1.443


Trial 22: qplus Stimulus Selection
Stimulus: 0.588
Output value 0.525

Q+ parameters
slope: 0.234 semiSat: 0.560 beta: 1.000 sigma: 0.166 
maxBOLD estimate = 1.443


Trial 23: qplus Stimulus Selection
Stimulus: 0.629
Output value 1.049

Q+ parameters
slope: 0.234 semiSat: 0.560 beta: 1.000 sigma: 0.166 
maxBOLD estimate = 1.443


Trial 24: qplus Stimulus Selection
Stimulus: 0.505
Output value 0.656

Q+ parameters
slope: 0.234 semiSat: 0.560 beta: 1.000 sigma: 0.166 
maxBOLD estimate = 1.443


Trial 25: maxBOLD Stimulus Selection
Stimulus: 1.000
Output value 1.443

Q+ parameters
slope: 0.234 semiSat: 0.560 beta: 1.000 sigma: 0.166 
maxBOLD estimate = 1.443


Trial 26: qplus Stimulus Selection
Stimulus: 0.505
Output value 0.262

Q+ parameters
slope: 0.234 semiSat: 0.560 beta: 1.000 sigma: 0.166 
maxBOLD estimate = 1.443


Trial 27: qplus Stimulus Selection
Stimulus: 0.505
Output value 0.131

Q+ parameters
slope: 0.234 semiSat: 0.560 beta: 1.000 sigma: 0.114 
maxBOLD estimate = 1.443


Trial 28: qplus Stimulus Selection
Stimulus: 0.588
Output value 0.918

Q+ parameters
slope: 0.234 semiSat: 0.560 beta: 1.000 sigma: 0.114 
maxBOLD estimate = 1.443


Trial 29: qplus Stimulus Selection
Stimulus: 0.546
Output value 0.656

Q+ parameters
slope: 0.234 semiSat: 0.560 beta: 1.000 sigma: 0.114 
maxBOLD estimate = 1.443


Trial 30: baseline Stimulus Selection
Stimulus: 0.010
Output value 0.131

Q+ parameters
slope: 0.234 semiSat: 0.560 beta: 1.000 sigma: 0.114 
maxBOLD estimate = 1.443


Trial 31: qplus Stimulus Selection
Stimulus: 0.670
Output value 1.312

Q+ parameters
slope: 0.234 semiSat: 0.560 beta: 1.000 sigma: 0.114 
maxBOLD estimate = 1.443


Trial 32: qplus Stimulus Selection
Stimulus: 0.670
Output value 1.623

Q+ parameters
slope: 0.234 semiSat: 0.560 beta: 1.031 sigma: 0.114 
maxBOLD estimate = 1.443


Trial 33: qplus Stimulus Selection
Stimulus: 0.546
Output value 0.418

Q+ parameters
slope: 0.234 semiSat: 0.560 beta: 1.031 sigma: 0.114 
maxBOLD estimate = 1.488


Trial 34: qplus Stimulus Selection
Stimulus: 0.546
Output value 0.610

Q+ parameters
slope: 0.234 semiSat: 0.560 beta: 0.875 sigma: 0.114 
maxBOLD estimate = 1.534


Trial 35: maxBOLD Stimulus Selection
Stimulus: 1.000
Output value 1.510

Q+ parameters
slope: 0.234 semiSat: 0.560 beta: 1.031 sigma: 0.114 
maxBOLD estimate = 1.343


Trial 36: qplus Stimulus Selection
Stimulus: 0.588
Output value 1.168

Q+ parameters
slope: 0.234 semiSat: 0.560 beta: 1.031 sigma: 0.114 
maxBOLD estimate = 1.385


Trial 37: qplus Stimulus Selection
Stimulus: 0.505
Output value 0.402

Q+ parameters
slope: 0.234 semiSat: 0.560 beta: 1.031 sigma: 0.114 
maxBOLD estimate = 1.428


Trial 38: qplus Stimulus Selection
Stimulus: 0.546
Output value 0.966

Q+ parameters
slope: 0.234 semiSat: 0.560 beta: 1.031 sigma: 0.114 
maxBOLD estimate = 1.472


Trial 39: qplus Stimulus Selection
Stimulus: 0.670
Output value 1.566

Q+ parameters
slope: 0.234 semiSat: 0.560 beta: 1.031 sigma: 0.114 
maxBOLD estimate = 1.518


Trial 40: baseline Stimulus Selection
Stimulus: 0.010
Output value 0.000

Q+ parameters
slope: 0.234 semiSat: 0.560 beta: 0.875 sigma: 0.114 
maxBOLD estimate = 1.566


Trial 41: qplus Stimulus Selection
Stimulus: 0.711
Output value 1.413

Q+ parameters
slope: 0.234 semiSat: 0.560 beta: 1.031 sigma: 0.114 
maxBOLD estimate = 1.370


Trial 42: qplus Stimulus Selection
Stimulus: 0.588
Output value 0.795

Q+ parameters
slope: 0.234 semiSat: 0.560 beta: 1.031 sigma: 0.114 
maxBOLD estimate = 1.413


Trial 43: qplus Stimulus Selection
Stimulus: 0.670
Output value 1.366

Q+ parameters
slope: 0.234 semiSat: 0.560 beta: 1.031 sigma: 0.114 
maxBOLD estimate = 1.457


Trial 44: qplus Stimulus Selection
Stimulus: 0.670
Output value 1.550

Q+ parameters
slope: 0.234 semiSat: 0.560 beta: 1.031 sigma: 0.114 
maxBOLD estimate = 1.503


Trial 45: maxBOLD Stimulus Selection
Stimulus: 1.000
Output value 1.233

Q+ parameters
slope: 0.234 semiSat: 0.560 beta: 0.875 sigma: 0.114 
maxBOLD estimate = 1.550


Trial 46: qplus Stimulus Selection
Stimulus: 0.711
Output value 1.525

Q+ parameters
slope: 0.234 semiSat: 0.560 beta: 1.031 sigma: 0.114 
maxBOLD estimate = 1.356


Trial 47: qplus Stimulus Selection
Stimulus: 0.588
Output value 1.311

Q+ parameters
slope: 0.234 semiSat: 0.560 beta: 1.031 sigma: 0.114 
maxBOLD estimate = 1.398


Trial 48: qplus Stimulus Selection
Stimulus: 0.588
Output value 0.946

Q+ parameters
slope: 0.234 semiSat: 0.560 beta: 1.031 sigma: 0.114 
maxBOLD estimate = 1.442


Trial 49: qplus Stimulus Selection
Stimulus: 0.670
Output value 1.115

Q+ parameters
slope: 0.234 semiSat: 0.560 beta: 1.031 sigma: 0.114 
maxBOLD estimate = 1.487


Trial 50: baseline Stimulus Selection
Stimulus: 0.010
Output value 0.244

Q+ parameters
slope: 0.234 semiSat: 0.560 beta: 0.875 sigma: 0.114 
maxBOLD estimate = 1.534


Trial 51: qplus Stimulus Selection
Stimulus: 0.711
Output value 1.555

Q+ parameters
slope: 0.298 semiSat: 0.560 beta: 1.062 sigma: 0.114 
maxBOLD estimate = 1.342


Trial 52: qplus Stimulus Selection
Stimulus: 0.588
Output value 0.936

Q+ parameters
slope: 0.234 semiSat: 0.560 beta: 1.031 sigma: 0.114 
maxBOLD estimate = 1.426


Trial 53: qplus Stimulus Selection
Stimulus: 0.670
Output value 1.241

Q+ parameters
slope: 0.234 semiSat: 0.560 beta: 1.031 sigma: 0.114 
maxBOLD estimate = 1.470


Trial 54: qplus Stimulus Selection
Stimulus: 0.546
Output value 1.241

Q+ parameters
slope: 0.234 semiSat: 0.560 beta: 1.000 sigma: 0.114 
maxBOLD estimate = 1.516


Trial 55: maxBOLD Stimulus Selection
Stimulus: 1.000
Output value 1.378

Q+ parameters
slope: 0.234 semiSat: 0.560 beta: 1.000 sigma: 0.114 
maxBOLD estimate = 1.516


Trial 56: qplus Stimulus Selection
Stimulus: 0.505
Output value 0.551

Q+ parameters
slope: 0.234 semiSat: 0.560 beta: 1.000 sigma: 0.114 
maxBOLD estimate = 1.516


Trial 57: qplus Stimulus Selection
Stimulus: 0.711
Output value 1.654

Q+ parameters
slope: 0.234 semiSat: 0.560 beta: 1.000 sigma: 0.114 
maxBOLD estimate = 1.516


Trial 58: qplus Stimulus Selection
Stimulus: 0.670
Output value 1.654

Q+ parameters
slope: 0.234 semiSat: 0.560 beta: 1.000 sigma: 0.114 
maxBOLD estimate = 1.516


Trial 59: qplus Stimulus Selection
Stimulus: 0.670
Output value 1.654

Q+ parameters
slope: 0.234 semiSat: 0.560 beta: 1.000 sigma: 0.114 
maxBOLD estimate = 1.516


Trial 60: baseline Stimulus Selection
Stimulus: 0.010
Output value 0.138

Q+ parameters
slope: 0.234 semiSat: 0.560 beta: 1.000 sigma: 0.114 
maxBOLD estimate = 1.516


Trial 61: qplus Stimulus Selection
Stimulus: 0.670
Output value 1.241

Q+ parameters
slope: 0.234 semiSat: 0.560 beta: 1.000 sigma: 0.114 
maxBOLD estimate = 1.516


Trial 62: qplus Stimulus Selection
Stimulus: 0.711
Output value 1.654

Q+ parameters
slope: 0.234 semiSat: 0.560 beta: 1.000 sigma: 0.114 
maxBOLD estimate = 1.516


Trial 63: qplus Stimulus Selection
Stimulus: 0.670
Output value 1.378

Q+ parameters
slope: 0.234 semiSat: 0.560 beta: 1.000 sigma: 0.114 
maxBOLD estimate = 1.516


Trial 64: qplus Stimulus Selection
Stimulus: 0.546
Output value 0.276

Q+ parameters
slope: 0.234 semiSat: 0.560 beta: 1.000 sigma: 0.114 
maxBOLD estimate = 1.516


Trial 65: maxBOLD Stimulus Selection
Stimulus: 1.000
Output value 1.516

Q+ parameters
slope: 0.234 semiSat: 0.560 beta: 1.000 sigma: 0.114 
maxBOLD estimate = 1.516


Trial 66: qplus Stimulus Selection
Stimulus: 0.546
Output value 0.827

Q+ parameters
slope: 0.234 semiSat: 0.560 beta: 1.000 sigma: 0.114 
maxBOLD estimate = 1.516


Trial 67: qplus Stimulus Selection
Stimulus: 0.546
Output value 0.414

Q+ parameters
slope: 0.234 semiSat: 0.560 beta: 1.000 sigma: 0.114 
maxBOLD estimate = 1.516


Trial 68: qplus Stimulus Selection
Stimulus: 0.546
Output value 0.689

Q+ parameters
slope: 0.234 semiSat: 0.560 beta: 1.000 sigma: 0.114 
maxBOLD estimate = 1.516


Trial 69: qplus Stimulus Selection
Stimulus: 0.546
Output value 0.134

Q+ parameters
slope: 0.298 semiSat: 0.560 beta: 0.969 sigma: 0.114 
maxBOLD estimate = 1.516


Trial 70: baseline Stimulus Selection
Stimulus: 0.010
Output value -0.138

Q+ parameters
slope: 0.234 semiSat: 0.560 beta: 1.031 sigma: 0.114 
maxBOLD estimate = 1.469


Trial 71: qplus Stimulus Selection
Stimulus: 0.670
Output value 1.239

Q+ parameters
slope: 0.234 semiSat: 0.560 beta: 1.000 sigma: 0.114 
maxBOLD estimate = 1.515


Trial 72: qplus Stimulus Selection
Stimulus: 0.546
Output value 0.689

Q+ parameters
slope: 0.234 semiSat: 0.560 beta: 1.000 sigma: 0.114 
maxBOLD estimate = 1.515


Trial 73: qplus Stimulus Selection
Stimulus: 0.546
Output value 0.413

Q+ parameters
slope: 0.234 semiSat: 0.560 beta: 1.000 sigma: 0.114 
maxBOLD estimate = 1.515


Trial 74: qplus Stimulus Selection
Stimulus: 0.546
Output value 0.826

Q+ parameters
slope: 0.234 semiSat: 0.560 beta: 1.000 sigma: 0.114 
maxBOLD estimate = 1.515


Trial 75: maxBOLD Stimulus Selection
Stimulus: 1.000
Output value 1.377

Q+ parameters
slope: 0.234 semiSat: 0.560 beta: 1.000 sigma: 0.114 
maxBOLD estimate = 1.515


Trial 76: qplus Stimulus Selection
Stimulus: 0.670
Output value 1.102

Q+ parameters
slope: 0.234 semiSat: 0.560 beta: 1.000 sigma: 0.114 
maxBOLD estimate = 1.515


Trial 77: qplus Stimulus Selection
Stimulus: 0.546
Output value 0.964

Q+ parameters
slope: 0.234 semiSat: 0.560 beta: 1.000 sigma: 0.114 
maxBOLD estimate = 1.515


Trial 78: qplus Stimulus Selection
Stimulus: 0.670
Output value 1.102

Q+ parameters
slope: 0.234 semiSat: 0.560 beta: 1.000 sigma: 0.114 
maxBOLD estimate = 1.515


Trial 79: qplus Stimulus Selection
Stimulus: 0.505
Output value 0.138

Q+ parameters
slope: 0.234 semiSat: 0.560 beta: 1.000 sigma: 0.114 
maxBOLD estimate = 1.515


Trial 80: baseline Stimulus Selection
Stimulus: 0.010
Output value 0.138

Q+ parameters
slope: 0.234 semiSat: 0.560 beta: 1.000 sigma: 0.114 
maxBOLD estimate = 1.515


Trial 81: qplus Stimulus Selection
Stimulus: 0.546
Output value 0.133

Q+ parameters
slope: 0.298 semiSat: 0.560 beta: 0.969 sigma: 0.114 
maxBOLD estimate = 1.515


Trial 82: qplus Stimulus Selection
Stimulus: 0.711
Output value 1.334

Q+ parameters
slope: 0.234 semiSat: 0.560 beta: 1.000 sigma: 0.114 
maxBOLD estimate = 1.467


Trial 83: qplus Stimulus Selection
Stimulus: 0.670
Output value 1.067

Q+ parameters
slope: 0.234 semiSat: 0.560 beta: 1.000 sigma: 0.114 
maxBOLD estimate = 1.467


Trial 84: qplus Stimulus Selection
Stimulus: 0.546
Output value 0.800

Q+ parameters
slope: 0.234 semiSat: 0.560 beta: 1.000 sigma: 0.114 
maxBOLD estimate = 1.467


Trial 85: maxBOLD Stimulus Selection
Stimulus: 1.000
Output value 1.334

Q+ parameters
slope: 0.234 semiSat: 0.560 beta: 1.000 sigma: 0.114 
maxBOLD estimate = 1.467


Trial 86: qplus Stimulus Selection
Stimulus: 0.670
Output value 1.201

Q+ parameters
slope: 0.234 semiSat: 0.560 beta: 1.000 sigma: 0.114 
maxBOLD estimate = 1.467


Trial 87: qplus Stimulus Selection
Stimulus: 0.670
Output value 1.067

Q+ parameters
slope: 0.234 semiSat: 0.560 beta: 1.000 sigma: 0.114 
maxBOLD estimate = 1.467


Trial 88: qplus Stimulus Selection
Stimulus: 0.546
Output value 0.400

Q+ parameters
slope: 0.234 semiSat: 0.560 beta: 1.000 sigma: 0.114 
maxBOLD estimate = 1.467


Trial 89: qplus Stimulus Selection
Stimulus: 0.546
Output value 0.400

Q+ parameters
slope: 0.234 semiSat: 0.560 beta: 1.000 sigma: 0.114 
maxBOLD estimate = 1.467


Trial 90: baseline Stimulus Selection
Stimulus: 0.010
Output value 0.000

Q+ parameters
slope: 0.234 semiSat: 0.560 beta: 1.000 sigma: 0.114 
maxBOLD estimate = 1.467


Trial 91: qplus Stimulus Selection
Stimulus: 0.546
Output value 0.534

Q+ parameters
slope: 0.234 semiSat: 0.560 beta: 1.000 sigma: 0.114 
maxBOLD estimate = 1.467


Trial 92: qplus Stimulus Selection
Stimulus: 0.546
Output value 0.388

Q+ parameters
slope: 0.298 semiSat: 0.560 beta: 0.969 sigma: 0.114 
maxBOLD estimate = 1.467


Trial 93: qplus Stimulus Selection
Stimulus: 0.546
Output value 0.666

Q+ parameters
slope: 0.234 semiSat: 0.560 beta: 1.031 sigma: 0.114 
maxBOLD estimate = 1.422


Trial 94: qplus Stimulus Selection
Stimulus: 0.670
Output value 1.549

Q+ parameters
slope: 0.298 semiSat: 0.560 beta: 0.969 sigma: 0.114 
maxBOLD estimate = 1.466


Trial 95: maxBOLD Stimulus Selection
Stimulus: 1.000
Output value 1.598

Q+ parameters
slope: 0.234 semiSat: 0.560 beta: 1.031 sigma: 0.114 
maxBOLD estimate = 1.420


Trial 96: qplus Stimulus Selection
Stimulus: 0.670
Output value 1.198

Q+ parameters
slope: 0.234 semiSat: 0.560 beta: 1.000 sigma: 0.114 
maxBOLD estimate = 1.465


Trial 97: qplus Stimulus Selection
Stimulus: 0.546
Output value 0.799

Q+ parameters
slope: 0.234 semiSat: 0.560 beta: 1.000 sigma: 0.114 
maxBOLD estimate = 1.465


Trial 98: qplus Stimulus Selection
Stimulus: 0.546
Output value 0.533

Q+ parameters
slope: 0.234 semiSat: 0.560 beta: 1.000 sigma: 0.114 
maxBOLD estimate = 1.465


Trial 99: qplus Stimulus Selection
Stimulus: 0.546
Output value 0.799

Q+ parameters
slope: 0.234 semiSat: 0.560 beta: 1.000 sigma: 0.114 
maxBOLD estimate = 1.465


Trial 100: baseline Stimulus Selection
Stimulus: 0.010
Output value -0.133

Q+ parameters
slope: 0.234 semiSat: 0.560 beta: 1.000 sigma: 0.114 
maxBOLD estimate = 1.465

--------------------------------------------------------------
FINAL VALUES
--------------------------------------------------------------
Simulated parameters:              slope: 0.200 semiSat: 0.570 beta: 1.000 sigma: 0.100 
Max posterior QUEST+ parameters:   slope: 0.234 semiSat: 0.560 beta: 1.000 sigma: 0.114 
Max BADS parameters:               slope: 0.225 semiSat: 0.561 beta: 1.000 sigma: 0.112 
maxBOLD estimate: 1.459
