/blue/stevenweisberg/stevenweisberg/MATLAB/projects/Weisberg_Aguirre_2020/scripts/run_sims
c25a-s22.ufhpc
Sat Nov 14 00:35:58 EST 2020
mkdir: cannot create directory ‘/blue/stevenweisberg/stevenweisberg/qpfMRIResults/model_parameter_set1/’: File exists
cp: cannot stat ‘/blue/stevenweisberg/stevenweisberg/qpfMRIResults/deploy_sim.sh’: No such file or directory
cp: cannot stat ‘/blue/stevenweisberg/stevenweisberg/qpfMRIResults/sim_wrapper.sh’: No such file or directory
------------------------------------------
Setting up environment variables
---
LD_LIBRARY_PATH is .:/apps/matlab/mcr/2020b/v99/runtime/glnxa64:/apps/matlab/mcr/2020b/v99/bin/glnxa64:/apps/matlab/mcr/2020b/v99/sys/os/glnxa64:/apps/matlab/mcr/2020b/v99/sys/opengl/lib/glnxa64
Warning: Executing startup failed in matlabrc.
This indicates a potentially serious problem in your MATLAB setup, which should be resolved as soon as possible.  Error detected was:
MATLAB:mpath:PathAlterationNotSupported
Modifying the search path is not supported by MATLAB Compiler. Remove functions that modify the search path from your MATLAB code. To make files visible to your deployed application, add the parent folder to your MATLAB session.
Warning: No stimulus domain specified. Defaulting to values between 0.01 and 1.
> In qpfmriParams (line 182)
In compiledSimulate (line 205)
Stimulus domain added from input.
Parameter slope specified as 0.41000
Parameter semiSat specified as 0.57000
Parameter beta specified as 1.00000
Parameter sigma specified as 0.25000
seed = 99seed = 104seed = 111seed = 111seed = 115seed = 101Initializing Q+. This may take a minute...
Elapsed time is 10.191630 seconds.
Simulated parameters:
slope: 0.410 semiSat: 0.570 beta: 1.000 sigma: 0.250 

Trial 1: baseline Stimulus Selection
Stimulus: 0.010
Output value 0.000

Q+ parameters
slope: 0.026 semiSat: 0.890 beta: 0.500 sigma: 0.010 
maxBOLD estimate = 1.000


Trial 2: maxBOLD Stimulus Selection
Stimulus: 1.000
Output value 1.364

Q+ parameters
slope: 0.055 semiSat: 0.670 beta: 1.250 sigma: 0.010 
maxBOLD estimate = 1.000


Trial 3: baseline Stimulus Selection
Stimulus: 0.010
Output value -0.284

Q+ parameters
slope: 0.055 semiSat: 0.670 beta: 1.250 sigma: 0.114 
maxBOLD estimate = 1.250


Trial 4: maxBOLD Stimulus Selection
Stimulus: 1.000
Output value 1.420

Q+ parameters
slope: 0.055 semiSat: 0.670 beta: 1.250 sigma: 0.218 
maxBOLD estimate = 1.562


Trial 5: baseline Stimulus Selection
Stimulus: 0.010
Output value -0.222

Q+ parameters
slope: 0.055 semiSat: 0.670 beta: 1.250 sigma: 0.166 
maxBOLD estimate = 1.953


Trial 6: maxBOLD Stimulus Selection
Stimulus: 1.000
Output value 2.497

Q+ parameters
slope: 0.043 semiSat: 0.780 beta: 1.125 sigma: 0.114 
maxBOLD estimate = 2.441


Trial 7: qplus Stimulus Selection
Stimulus: 0.505
Output value 0.749

Q+ parameters
slope: 0.055 semiSat: 0.560 beta: 0.750 sigma: 0.062 
maxBOLD estimate = 2.747


Trial 8: qplus Stimulus Selection
Stimulus: 0.629
Output value 3.371

Q+ parameters
slope: 0.183 semiSat: 0.560 beta: 1.500 sigma: 0.114 
maxBOLD estimate = 2.060


Trial 9: qplus Stimulus Selection
Stimulus: 0.464
Output value -0.211

Q+ parameters
slope: 0.298 semiSat: 0.560 beta: 0.750 sigma: 0.114 
maxBOLD estimate = 3.090


Trial 10: baseline Stimulus Selection
Stimulus: 0.010
Output value 0.474

Q+ parameters
slope: 0.379 semiSat: 0.560 beta: 0.750 sigma: 0.114 
maxBOLD estimate = 2.317


Trial 11: qplus Stimulus Selection
Stimulus: 0.629
Output value 1.007

Q+ parameters
slope: 0.234 semiSat: 0.560 beta: 1.062 sigma: 0.166 
maxBOLD estimate = 1.738


Trial 12: qplus Stimulus Selection
Stimulus: 0.588
Output value 1.259

Q+ parameters
slope: 0.113 semiSat: 0.670 beta: 1.500 sigma: 0.166 
maxBOLD estimate = 1.847


Trial 13: qplus Stimulus Selection
Stimulus: 0.629
Output value 1.322

Q+ parameters
slope: 0.183 semiSat: 0.560 beta: 0.750 sigma: 0.114 
maxBOLD estimate = 2.770


Trial 14: qplus Stimulus Selection
Stimulus: 0.835
Output value 0.850

Q+ parameters
slope: 0.298 semiSat: 0.560 beta: 0.750 sigma: 0.114 
maxBOLD estimate = 2.078


Trial 15: maxBOLD Stimulus Selection
Stimulus: 1.000
Output value 1.806

Q+ parameters
slope: 0.234 semiSat: 0.560 beta: 1.062 sigma: 0.166 
maxBOLD estimate = 1.558


Trial 16: qplus Stimulus Selection
Stimulus: 0.588
Output value 0.847

Q+ parameters
slope: 0.144 semiSat: 0.560 beta: 1.125 sigma: 0.166 
maxBOLD estimate = 1.656


Trial 17: qplus Stimulus Selection
Stimulus: 0.588
Output value 1.037

Q+ parameters
slope: 0.183 semiSat: 0.560 beta: 0.875 sigma: 0.114 
maxBOLD estimate = 1.862


Trial 18: qplus Stimulus Selection
Stimulus: 0.629
Output value 1.333

Q+ parameters
slope: 0.144 semiSat: 0.560 beta: 1.125 sigma: 0.166 
maxBOLD estimate = 1.630


Trial 19: qplus Stimulus Selection
Stimulus: 0.505
Output value 0.500

Q+ parameters
slope: 0.089 semiSat: 0.670 beta: 1.500 sigma: 0.166 
maxBOLD estimate = 1.833


Trial 20: baseline Stimulus Selection
Stimulus: 0.010
Output value -0.375

Q+ parameters
slope: 0.183 semiSat: 0.560 beta: 0.750 sigma: 0.114 
maxBOLD estimate = 2.750


Trial 21: qplus Stimulus Selection
Stimulus: 0.670
Output value 1.635

Q+ parameters
slope: 0.144 semiSat: 0.560 beta: 0.969 sigma: 0.114 
maxBOLD estimate = 2.063


Trial 22: qplus Stimulus Selection
Stimulus: 0.505
Output value 1.737

Q+ parameters
slope: 0.144 semiSat: 0.560 beta: 1.062 sigma: 0.166 
maxBOLD estimate = 1.998


Trial 23: qplus Stimulus Selection
Stimulus: 0.464
Output value 1.435

Q+ parameters
slope: 0.113 semiSat: 0.560 beta: 1.062 sigma: 0.166 
maxBOLD estimate = 2.123


Trial 24: qplus Stimulus Selection
Stimulus: 0.505
Output value 0.359

Q+ parameters
slope: 0.144 semiSat: 0.560 beta: 0.875 sigma: 0.114 
maxBOLD estimate = 2.256


Trial 25: maxBOLD Stimulus Selection
Stimulus: 1.000
Output value 2.019

Q+ parameters
slope: 0.113 semiSat: 0.560 beta: 1.125 sigma: 0.166 
maxBOLD estimate = 1.974


Trial 26: qplus Stimulus Selection
Stimulus: 0.505
Output value 0.353

Q+ parameters
slope: 0.144 semiSat: 0.560 beta: 0.875 sigma: 0.114 
maxBOLD estimate = 2.220


Trial 27: qplus Stimulus Selection
Stimulus: 0.423
Output value 2.208

Q+ parameters
slope: 0.089 semiSat: 0.560 beta: 1.250 sigma: 0.218 
maxBOLD estimate = 1.943


Trial 28: qplus Stimulus Selection
Stimulus: 0.876
Output value 1.932

Q+ parameters
slope: 0.113 semiSat: 0.560 beta: 0.875 sigma: 0.166 
maxBOLD estimate = 2.429


Trial 29: qplus Stimulus Selection
Stimulus: 0.629
Output value 2.608

Q+ parameters
slope: 0.144 semiSat: 0.560 beta: 1.125 sigma: 0.166 
maxBOLD estimate = 2.125


Trial 30: baseline Stimulus Selection
Stimulus: 0.010
Output value 0.570

Q+ parameters
slope: 0.113 semiSat: 0.560 beta: 0.875 sigma: 0.166 
maxBOLD estimate = 2.391

--------------------------------------------------------------
FINAL VALUES
--------------------------------------------------------------
Simulated parameters:              slope: 0.410 semiSat: 0.570 beta: 1.000 sigma: 0.250 
Max posterior QUEST+ parameters:   slope: 0.144 semiSat: 0.560 beta: 0.969 sigma: 0.166 
Max BADS parameters:               slope: 0.099 semiSat: 0.544 beta: 1.000 sigma: 0.185 
maxBOLD estimate: 2.077
