/blue/stevenweisberg/stevenweisberg/MATLAB/projects/Weisberg_Aguirre_2020/scripts/run_sims
c27a-s25.ufhpc
Thu Nov 12 13:51:47 EST 2020
cp: cannot stat ‘/blue/stevenweisberg/stevenweisberg/qpfMRIResults/deploy_sim.sh’: No such file or directory
cp: cannot stat ‘/blue/stevenweisberg/stevenweisberg/qpfMRIResults/sim_wrapper.sh’: No such file or directory
------------------------------------------
Setting up environment variables
---
LD_LIBRARY_PATH is .:/apps/matlab/mcr/2020b/v99/runtime/glnxa64:/apps/matlab/mcr/2020b/v99/bin/glnxa64:/apps/matlab/mcr/2020b/v99/sys/os/glnxa64:/apps/matlab/mcr/2020b/v99/sys/opengl/lib/glnxa64
Warning: Executing startup failed in matlabrc.
This indicates a potentially serious problem in your MATLAB setup, which should be resolved as soon as possible.  Error detected was:
MATLAB:mpath:PathAlterationNotSupported
Modifying the search path is not supported by MATLAB Compiler. Remove functions that modify the search path from your MATLAB code. To make files visible to your deployed application, add the parent folder to your MATLAB session.
Warning: No stimulus domain specified. Defaulting to values between 0.01 and 1.
> In qpfmriParams (line 182)
In compiledSimulate (line 205)
Stimulus domain added from input.
Parameter slope specified as 0.41000
Parameter semiSat specified as 0.57000
Parameter beta specified as 1.00000
Parameter sigma specified as 0.25000
seed = 99seed = 104seed = 111seed = 111seed = 115seed = 101Initializing Q+. This may take a minute...
Elapsed time is 9.454286 seconds.
Simulated parameters:
slope: 0.410 semiSat: 0.570 beta: 1.000 sigma: 0.250 

Trial 1: baseline Stimulus Selection
Stimulus: 0.010
Output value 0.000

Q+ parameters
slope: 0.026 semiSat: 0.890 beta: 0.500 sigma: 0.010 
maxBOLD estimate = 1.000


Trial 2: maxBOLD Stimulus Selection
Stimulus: 1.000
Output value 1.364

Q+ parameters
slope: 0.055 semiSat: 0.670 beta: 1.250 sigma: 0.010 
maxBOLD estimate = 1.000


Trial 3: baseline Stimulus Selection
Stimulus: 0.010
Output value 0.852

Q+ parameters
slope: 0.055 semiSat: 0.670 beta: 1.250 sigma: 1.000 
maxBOLD estimate = 1.250


Trial 4: maxBOLD Stimulus Selection
Stimulus: 1.000
Output value 0.963

Q+ parameters
slope: 0.043 semiSat: 0.780 beta: 0.969 sigma: 0.166 
maxBOLD estimate = 1.562


Trial 5: baseline Stimulus Selection
Stimulus: 0.010
Output value -0.344

Q+ parameters
slope: 0.055 semiSat: 0.670 beta: 1.250 sigma: 0.323 
maxBOLD estimate = 1.514


Trial 6: maxBOLD Stimulus Selection
Stimulus: 1.000
Output value 1.075

Q+ parameters
slope: 0.055 semiSat: 0.670 beta: 1.250 sigma: 1.000 
maxBOLD estimate = 1.892


Trial 7: qplus Stimulus Selection
Stimulus: 0.588
Output value 0.430

Q+ parameters
slope: 0.055 semiSat: 0.450 beta: 0.500 sigma: 0.166 
maxBOLD estimate = 2.365


Trial 8: qplus Stimulus Selection
Stimulus: 0.629
Output value 1.209

Q+ parameters
slope: 0.070 semiSat: 0.340 beta: 1.250 sigma: 0.479 
maxBOLD estimate = 1.183


Trial 9: qplus Stimulus Selection
Stimulus: 0.381
Output value 0.000

Q+ parameters
slope: 0.183 semiSat: 0.560 beta: 0.875 sigma: 0.218 
maxBOLD estimate = 1.478


Trial 10: baseline Stimulus Selection
Stimulus: 0.010
Output value 0.125

Q+ parameters
slope: 0.144 semiSat: 0.560 beta: 1.062 sigma: 0.218 
maxBOLD estimate = 1.293


Trial 11: qplus Stimulus Selection
Stimulus: 0.505
Output value -0.133

Q+ parameters
slope: 0.616 semiSat: 0.560 beta: 1.062 sigma: 0.323 
maxBOLD estimate = 1.374


Trial 12: qplus Stimulus Selection
Stimulus: 0.629
Output value 1.643

Q+ parameters
slope: 0.379 semiSat: 0.560 beta: 1.031 sigma: 0.218 
maxBOLD estimate = 1.460


Trial 13: qplus Stimulus Selection
Stimulus: 0.505
Output value -0.120

Q+ parameters
slope: 0.616 semiSat: 0.560 beta: 0.875 sigma: 0.218 
maxBOLD estimate = 1.506


Trial 14: qplus Stimulus Selection
Stimulus: 0.629
Output value 0.891

Q+ parameters
slope: 0.616 semiSat: 0.560 beta: 1.062 sigma: 0.323 
maxBOLD estimate = 1.318


Trial 15: maxBOLD Stimulus Selection
Stimulus: 1.000
Output value 1.233

Q+ parameters
slope: 0.616 semiSat: 0.560 beta: 0.969 sigma: 0.218 
maxBOLD estimate = 1.400


Trial 16: qplus Stimulus Selection
Stimulus: 0.588
Output value 0.693

Q+ parameters
slope: 0.379 semiSat: 0.560 beta: 1.125 sigma: 0.271 
maxBOLD estimate = 1.356


Trial 17: qplus Stimulus Selection
Stimulus: 0.588
Output value 0.364

Q+ parameters
slope: 0.379 semiSat: 0.560 beta: 0.875 sigma: 0.218 
maxBOLD estimate = 1.526


Trial 18: qplus Stimulus Selection
Stimulus: 0.629
Output value 0.387

Q+ parameters
slope: 0.298 semiSat: 0.560 beta: 1.062 sigma: 0.375 
maxBOLD estimate = 1.335


Trial 19: qplus Stimulus Selection
Stimulus: 0.711
Output value 0.500

Q+ parameters
slope: 0.616 semiSat: 0.560 beta: 0.969 sigma: 0.739 
maxBOLD estimate = 1.418


Trial 20: baseline Stimulus Selection
Stimulus: 0.010
Output value -0.265

Q+ parameters
slope: 0.616 semiSat: 0.560 beta: 1.062 sigma: 0.427 
maxBOLD estimate = 1.374


Trial 21: qplus Stimulus Selection
Stimulus: 0.629
Output value 0.846

Q+ parameters
slope: 0.616 semiSat: 0.560 beta: 1.062 sigma: 0.479 
maxBOLD estimate = 1.460


Trial 22: qplus Stimulus Selection
Stimulus: 0.629
Output value 0.749

Q+ parameters
slope: 0.616 semiSat: 0.560 beta: 1.062 sigma: 1.000 
maxBOLD estimate = 1.551


Trial 23: qplus Stimulus Selection
Stimulus: 0.629
Output value 0.918

Q+ parameters
slope: 0.234 semiSat: 0.560 beta: 0.875 sigma: 0.166 
maxBOLD estimate = 1.648


Trial 24: qplus Stimulus Selection
Stimulus: 0.629
Output value 0.590

Q+ parameters
slope: 0.089 semiSat: 0.670 beta: 1.500 sigma: 0.218 
maxBOLD estimate = 1.442


Trial 25: maxBOLD Stimulus Selection
Stimulus: 1.000
Output value 0.787

Q+ parameters
slope: 1.000 semiSat: 0.560 beta: 0.500 sigma: 0.166 
maxBOLD estimate = 2.163


Trial 26: qplus Stimulus Selection
Stimulus: 0.918
Output value 1.217

Q+ parameters
slope: 0.021 semiSat: 0.560 beta: 1.031 sigma: 1.000 
maxBOLD estimate = 1.082


Trial 27: qplus Stimulus Selection
Stimulus: 0.959
Output value 1.825

Q+ parameters
slope: 0.026 semiSat: 0.780 beta: 1.500 sigma: 0.271 
maxBOLD estimate = 1.115


Trial 28: qplus Stimulus Selection
Stimulus: 1.000
Output value 1.597

Q+ parameters
slope: 0.113 semiSat: 0.560 beta: 0.875 sigma: 0.166 
maxBOLD estimate = 1.673


Trial 29: qplus Stimulus Selection
Stimulus: 0.588
Output value 1.555

Q+ parameters
slope: 0.379 semiSat: 0.560 beta: 1.062 sigma: 0.323 
maxBOLD estimate = 1.464


Trial 30: baseline Stimulus Selection
Stimulus: 0.010
Output value 0.000

Q+ parameters
slope: 0.089 semiSat: 0.670 beta: 1.500 sigma: 0.218 
maxBOLD estimate = 1.555

--------------------------------------------------------------
FINAL VALUES
--------------------------------------------------------------
Simulated parameters:              slope: 0.410 semiSat: 0.570 beta: 1.000 sigma: 0.250 
Max posterior QUEST+ parameters:   slope: 0.055 semiSat: 0.670 beta: 0.938 sigma: 0.166 
Max BADS parameters:               slope: 0.049 semiSat: 0.682 beta: 1.000 sigma: 0.142 
maxBOLD estimate: 2.074
