/blue/stevenweisberg/stevenweisberg/MATLAB/projects/Weisberg_Aguirre_2020/scripts/run_sims
c0700a-s1.ufhpc
Tue Apr  6 21:35:58 EDT 2021
mkdir: cannot create directory ‘/blue/stevenweisberg/stevenweisberg/qpfMRIResults/model_parameter_set2/’: File exists
cp: cannot stat ‘/blue/stevenweisberg/stevenweisberg/qpfMRIResults/deploy_sim.sh’: No such file or directory
cp: cannot stat ‘/blue/stevenweisberg/stevenweisberg/qpfMRIResults/sim_wrapper.sh’: No such file or directory
------------------------------------------
Setting up environment variables
---
LD_LIBRARY_PATH is .:/apps/matlab/mcr/2020b/v99/runtime/glnxa64:/apps/matlab/mcr/2020b/v99/bin/glnxa64:/apps/matlab/mcr/2020b/v99/sys/os/glnxa64:/apps/matlab/mcr/2020b/v99/sys/opengl/lib/glnxa64
Warning: Executing startup failed in matlabrc.
This indicates a potentially serious problem in your MATLAB setup, which should be resolved as soon as possible.  Error detected was:
MATLAB:mpath:PathAlterationNotSupported
Modifying the search path is not supported by MATLAB Compiler. Remove functions that modify the search path from your MATLAB code. To make files visible to your deployed application, add the parent folder to your MATLAB session.
Warning: No stimulus domain specified. Defaulting to values between 0.01 and 1.
> In qpfmriParams (line 182)
In compiledSimulate (line 205)
Stimulus domain added from input.
Parameter slope specified as 0.20000
Parameter semiSat specified as 0.57000
Parameter beta specified as 1.00000
Parameter sigma specified as 0.10000
seed = 99seed = 104seed = 111seed = 111seed = 115seed = 101Initializing Q+. This may take a minute...
Elapsed time is 7.098206 seconds.
Simulated parameters:
slope: 0.200 semiSat: 0.570 beta: 1.000 sigma: 0.100 

Trial 1: baseline Stimulus Selection
Stimulus: 0.010
Output value 0.000

Q+ parameters
slope: 0.026 semiSat: 0.890 beta: 0.500 sigma: 0.010 
maxBOLD estimate = 1.000


Trial 2: maxBOLD Stimulus Selection
Stimulus: 1.000
Output value 0.795

Q+ parameters
slope: 0.034 semiSat: 1.000 beta: 1.250 sigma: 0.010 
maxBOLD estimate = 1.000


Trial 3: baseline Stimulus Selection
Stimulus: 0.010
Output value -0.284

Q+ parameters
slope: 0.055 semiSat: 0.670 beta: 1.250 sigma: 0.114 
maxBOLD estimate = 1.250


Trial 4: maxBOLD Stimulus Selection
Stimulus: 1.000
Output value 1.776

Q+ parameters
slope: 0.043 semiSat: 0.780 beta: 1.250 sigma: 0.062 
maxBOLD estimate = 1.562


Trial 5: baseline Stimulus Selection
Stimulus: 0.010
Output value -0.400

Q+ parameters
slope: 0.043 semiSat: 0.780 beta: 1.125 sigma: 0.062 
maxBOLD estimate = 1.953


Trial 6: maxBOLD Stimulus Selection
Stimulus: 1.000
Output value 2.697

Q+ parameters
slope: 0.043 semiSat: 0.780 beta: 1.125 sigma: 0.166 
maxBOLD estimate = 2.197


Trial 7: qplus Stimulus Selection
Stimulus: 0.505
Output value 0.393

Q+ parameters
slope: 0.034 semiSat: 0.890 beta: 0.875 sigma: 0.062 
maxBOLD estimate = 2.472


Trial 8: qplus Stimulus Selection
Stimulus: 0.753
Output value 0.590

Q+ parameters
slope: 0.616 semiSat: 0.120 beta: 0.500 sigma: 0.062 
maxBOLD estimate = 2.163


Trial 9: qplus Stimulus Selection
Stimulus: 0.299
Output value 1.032

Q+ parameters
slope: 0.043 semiSat: 0.560 beta: 1.500 sigma: 0.114 
maxBOLD estimate = 1.081


Trial 10: baseline Stimulus Selection
Stimulus: 0.010
Output value -0.138

Q+ parameters
slope: 0.089 semiSat: 0.450 beta: 0.938 sigma: 0.062 
maxBOLD estimate = 1.622


Trial 11: qplus Stimulus Selection
Stimulus: 0.505
Output value 0.778

Q+ parameters
slope: 0.089 semiSat: 0.450 beta: 0.938 sigma: 0.062 
maxBOLD estimate = 1.521


Trial 12: qplus Stimulus Selection
Stimulus: 0.423
Output value 0.130

Q+ parameters
slope: 0.183 semiSat: 0.560 beta: 1.000 sigma: 0.062 
maxBOLD estimate = 1.426


Trial 13: qplus Stimulus Selection
Stimulus: 0.629
Output value 2.333

Q+ parameters
slope: 0.183 semiSat: 0.560 beta: 1.500 sigma: 0.114 
maxBOLD estimate = 1.426


Trial 14: qplus Stimulus Selection
Stimulus: 0.505
Output value 0.729

Q+ parameters
slope: 0.144 semiSat: 0.560 beta: 0.750 sigma: 0.062 
maxBOLD estimate = 2.139


Trial 15: maxBOLD Stimulus Selection
Stimulus: 1.000
Output value 1.750

Q+ parameters
slope: 0.183 semiSat: 0.560 beta: 1.000 sigma: 0.114 
maxBOLD estimate = 1.604


Trial 16: qplus Stimulus Selection
Stimulus: 0.588
Output value 1.167

Q+ parameters
slope: 0.183 semiSat: 0.560 beta: 1.000 sigma: 0.114 
maxBOLD estimate = 1.604


Trial 17: qplus Stimulus Selection
Stimulus: 0.588
Output value 1.094

Q+ parameters
slope: 0.144 semiSat: 0.560 beta: 1.250 sigma: 0.114 
maxBOLD estimate = 1.604


Trial 18: qplus Stimulus Selection
Stimulus: 0.505
Output value 0.513

Q+ parameters
slope: 0.144 semiSat: 0.560 beta: 0.938 sigma: 0.114 
maxBOLD estimate = 2.005


Trial 19: qplus Stimulus Selection
Stimulus: 0.629
Output value 1.762

Q+ parameters
slope: 0.234 semiSat: 0.560 beta: 0.938 sigma: 0.114 
maxBOLD estimate = 1.880


Trial 20: baseline Stimulus Selection
Stimulus: 0.010
Output value -0.400

Q+ parameters
slope: 0.144 semiSat: 0.560 beta: 1.250 sigma: 0.114 
maxBOLD estimate = 1.762


Trial 21: qplus Stimulus Selection
Stimulus: 0.505
Output value 0.150

Q+ parameters
slope: 0.234 semiSat: 0.560 beta: 0.750 sigma: 0.114 
maxBOLD estimate = 2.203


Trial 22: qplus Stimulus Selection
Stimulus: 0.629
Output value 1.314

Q+ parameters
slope: 0.144 semiSat: 0.560 beta: 1.250 sigma: 0.114 
maxBOLD estimate = 1.652


Trial 23: qplus Stimulus Selection
Stimulus: 0.505
Output value 0.176

Q+ parameters
slope: 0.144 semiSat: 0.560 beta: 0.938 sigma: 0.114 
maxBOLD estimate = 2.065


Trial 24: qplus Stimulus Selection
Stimulus: 0.670
Output value 1.485

Q+ parameters
slope: 0.144 semiSat: 0.560 beta: 0.938 sigma: 0.114 
maxBOLD estimate = 1.936


Trial 25: maxBOLD Stimulus Selection
Stimulus: 1.000
Output value 1.011

Q+ parameters
slope: 0.298 semiSat: 0.560 beta: 0.875 sigma: 0.114 
maxBOLD estimate = 1.815


Trial 26: qplus Stimulus Selection
Stimulus: 0.505
Output value -0.289

Q+ parameters
slope: 0.298 semiSat: 0.560 beta: 1.000 sigma: 0.114 
maxBOLD estimate = 1.588


Trial 27: qplus Stimulus Selection
Stimulus: 0.588
Output value 0.577

Q+ parameters
slope: 0.183 semiSat: 0.560 beta: 1.000 sigma: 0.114 
maxBOLD estimate = 1.588


Trial 28: qplus Stimulus Selection
Stimulus: 0.505
Output value 0.650

Q+ parameters
slope: 0.183 semiSat: 0.560 beta: 1.125 sigma: 0.114 
maxBOLD estimate = 1.588


Trial 29: qplus Stimulus Selection
Stimulus: 0.588
Output value 1.137

Q+ parameters
slope: 0.298 semiSat: 0.560 beta: 0.875 sigma: 0.114 
maxBOLD estimate = 1.787


Trial 30: baseline Stimulus Selection
Stimulus: 0.010
Output value 0.160

Q+ parameters
slope: 0.183 semiSat: 0.560 beta: 1.125 sigma: 0.114 
maxBOLD estimate = 1.563


Trial 31: qplus Stimulus Selection
Stimulus: 0.505
Output value 0.280

Q+ parameters
slope: 0.298 semiSat: 0.560 beta: 0.875 sigma: 0.114 
maxBOLD estimate = 1.759


Trial 32: qplus Stimulus Selection
Stimulus: 0.670
Output value 1.119

Q+ parameters
slope: 0.183 semiSat: 0.560 beta: 1.000 sigma: 0.114 
maxBOLD estimate = 1.539


Trial 33: qplus Stimulus Selection
Stimulus: 0.588
Output value 2.098

Q+ parameters
slope: 0.234 semiSat: 0.560 beta: 1.250 sigma: 0.114 
maxBOLD estimate = 1.539


Trial 34: qplus Stimulus Selection
Stimulus: 0.546
Output value 0.612

Q+ parameters
slope: 0.298 semiSat: 0.560 beta: 0.875 sigma: 0.114 
maxBOLD estimate = 1.924


Trial 35: maxBOLD Stimulus Selection
Stimulus: 1.000
Output value 1.339

Q+ parameters
slope: 0.298 semiSat: 0.560 beta: 0.875 sigma: 0.114 
maxBOLD estimate = 1.683


Trial 36: qplus Stimulus Selection
Stimulus: 0.505
Output value 1.339

Q+ parameters
slope: 0.234 semiSat: 0.560 beta: 1.250 sigma: 0.114 
maxBOLD estimate = 1.473


Trial 37: qplus Stimulus Selection
Stimulus: 0.546
Output value 0.000

Q+ parameters
slope: 0.298 semiSat: 0.560 beta: 0.875 sigma: 0.114 
maxBOLD estimate = 1.841


Trial 38: qplus Stimulus Selection
Stimulus: 0.670
Output value 1.172

Q+ parameters
slope: 0.183 semiSat: 0.560 beta: 1.000 sigma: 0.114 
maxBOLD estimate = 1.611


Trial 39: qplus Stimulus Selection
Stimulus: 0.505
Output value -0.146

Q+ parameters
slope: 0.298 semiSat: 0.560 beta: 1.000 sigma: 0.114 
maxBOLD estimate = 1.611


Trial 40: baseline Stimulus Selection
Stimulus: 0.010
Output value 0.000

Q+ parameters
slope: 0.298 semiSat: 0.560 beta: 1.000 sigma: 0.114 
maxBOLD estimate = 1.611


Trial 41: qplus Stimulus Selection
Stimulus: 0.588
Output value 0.586

Q+ parameters
slope: 0.183 semiSat: 0.560 beta: 1.000 sigma: 0.114 
maxBOLD estimate = 1.611


Trial 42: qplus Stimulus Selection
Stimulus: 0.588
Output value 1.172

Q+ parameters
slope: 0.183 semiSat: 0.560 beta: 1.000 sigma: 0.114 
maxBOLD estimate = 1.611


Trial 43: qplus Stimulus Selection
Stimulus: 0.505
Output value -0.146

Q+ parameters
slope: 0.183 semiSat: 0.560 beta: 1.000 sigma: 0.114 
maxBOLD estimate = 1.611


Trial 44: qplus Stimulus Selection
Stimulus: 0.505
Output value 0.586

Q+ parameters
slope: 0.183 semiSat: 0.560 beta: 1.000 sigma: 0.114 
maxBOLD estimate = 1.611


Trial 45: maxBOLD Stimulus Selection
Stimulus: 1.000
Output value 1.611

Q+ parameters
slope: 0.183 semiSat: 0.560 beta: 1.000 sigma: 0.114 
maxBOLD estimate = 1.611


Trial 46: qplus Stimulus Selection
Stimulus: 0.505
Output value 0.000

Q+ parameters
slope: 0.183 semiSat: 0.560 beta: 1.000 sigma: 0.114 
maxBOLD estimate = 1.611


Trial 47: qplus Stimulus Selection
Stimulus: 0.505
Output value 0.293

Q+ parameters
slope: 0.183 semiSat: 0.560 beta: 1.000 sigma: 0.114 
maxBOLD estimate = 1.611


Trial 48: qplus Stimulus Selection
Stimulus: 0.505
Output value -0.293

Q+ parameters
slope: 0.298 semiSat: 0.560 beta: 1.000 sigma: 0.114 
maxBOLD estimate = 1.611


Trial 49: qplus Stimulus Selection
Stimulus: 0.588
Output value 0.000

Q+ parameters
slope: 0.234 semiSat: 0.560 beta: 0.969 sigma: 0.166 
maxBOLD estimate = 1.611


Trial 50: baseline Stimulus Selection
Stimulus: 0.010
Output value 0.137

Q+ parameters
slope: 0.234 semiSat: 0.560 beta: 0.969 sigma: 0.114 
maxBOLD estimate = 1.560


Trial 51: qplus Stimulus Selection
Stimulus: 0.546
Output value 1.237

Q+ parameters
slope: 0.183 semiSat: 0.560 beta: 1.125 sigma: 0.166 
maxBOLD estimate = 1.512


Trial 52: qplus Stimulus Selection
Stimulus: 0.588
Output value 0.676

Q+ parameters
slope: 0.234 semiSat: 0.560 beta: 0.875 sigma: 0.114 
maxBOLD estimate = 1.701


Trial 53: qplus Stimulus Selection
Stimulus: 0.711
Output value 1.826

Q+ parameters
slope: 0.183 semiSat: 0.560 beta: 1.125 sigma: 0.114 
maxBOLD estimate = 1.488


Trial 54: qplus Stimulus Selection
Stimulus: 0.505
Output value 0.147

Q+ parameters
slope: 0.298 semiSat: 0.560 beta: 0.969 sigma: 0.114 
maxBOLD estimate = 1.674


Trial 55: maxBOLD Stimulus Selection
Stimulus: 1.000
Output value 1.106

Q+ parameters
slope: 0.234 semiSat: 0.560 beta: 0.938 sigma: 0.114 
maxBOLD estimate = 1.622


Trial 56: qplus Stimulus Selection
Stimulus: 0.546
Output value 0.402

Q+ parameters
slope: 0.298 semiSat: 0.560 beta: 0.969 sigma: 0.114 
maxBOLD estimate = 1.520


Trial 57: qplus Stimulus Selection
Stimulus: 0.546
Output value 0.753

Q+ parameters
slope: 0.183 semiSat: 0.560 beta: 1.125 sigma: 0.114 
maxBOLD estimate = 1.473


Trial 58: qplus Stimulus Selection
Stimulus: 0.505
Output value 0.527

Q+ parameters
slope: 0.298 semiSat: 0.560 beta: 0.875 sigma: 0.114 
maxBOLD estimate = 1.657


Trial 59: qplus Stimulus Selection
Stimulus: 0.670
Output value 1.779

Q+ parameters
slope: 0.183 semiSat: 0.560 beta: 1.125 sigma: 0.114 
maxBOLD estimate = 1.450


Trial 60: baseline Stimulus Selection
Stimulus: 0.010
Output value 0.260

Q+ parameters
slope: 0.298 semiSat: 0.560 beta: 0.875 sigma: 0.114 
maxBOLD estimate = 1.631


Trial 61: qplus Stimulus Selection
Stimulus: 0.670
Output value 0.876

Q+ parameters
slope: 0.183 semiSat: 0.560 beta: 1.125 sigma: 0.166 
maxBOLD estimate = 1.427


Trial 62: qplus Stimulus Selection
Stimulus: 0.505
Output value 0.903

Q+ parameters
slope: 0.183 semiSat: 0.560 beta: 1.031 sigma: 0.114 
maxBOLD estimate = 1.606


Trial 63: qplus Stimulus Selection
Stimulus: 0.546
Output value 0.527

Q+ parameters
slope: 0.298 semiSat: 0.560 beta: 0.875 sigma: 0.114 
maxBOLD estimate = 1.656


Trial 64: qplus Stimulus Selection
Stimulus: 0.546
Output value 0.445

Q+ parameters
slope: 0.183 semiSat: 0.560 beta: 1.125 sigma: 0.166 
maxBOLD estimate = 1.449


Trial 65: maxBOLD Stimulus Selection
Stimulus: 1.000
Output value 1.834

Q+ parameters
slope: 0.183 semiSat: 0.560 beta: 1.031 sigma: 0.114 
maxBOLD estimate = 1.630


Trial 66: qplus Stimulus Selection
Stimulus: 0.546
Output value 0.740

Q+ parameters
slope: 0.298 semiSat: 0.560 beta: 0.969 sigma: 0.114 
maxBOLD estimate = 1.681


Trial 67: qplus Stimulus Selection
Stimulus: 0.794
Output value 1.832

Q+ parameters
slope: 0.183 semiSat: 0.560 beta: 1.031 sigma: 0.114 
maxBOLD estimate = 1.628


Trial 68: qplus Stimulus Selection
Stimulus: 0.505
Output value 0.296

Q+ parameters
slope: 0.298 semiSat: 0.560 beta: 0.969 sigma: 0.114 
maxBOLD estimate = 1.679


Trial 69: qplus Stimulus Selection
Stimulus: 0.711
Output value 1.830

Q+ parameters
slope: 0.183 semiSat: 0.560 beta: 1.031 sigma: 0.114 
maxBOLD estimate = 1.627


Trial 70: baseline Stimulus Selection
Stimulus: 0.010
Output value 0.267

Q+ parameters
slope: 0.298 semiSat: 0.560 beta: 0.875 sigma: 0.114 
maxBOLD estimate = 1.678


Trial 71: qplus Stimulus Selection
Stimulus: 0.711
Output value 1.501

Q+ parameters
slope: 0.183 semiSat: 0.560 beta: 1.125 sigma: 0.114 
maxBOLD estimate = 1.468


Trial 72: qplus Stimulus Selection
Stimulus: 0.505
Output value 0.582

Q+ parameters
slope: 0.298 semiSat: 0.560 beta: 0.969 sigma: 0.114 
maxBOLD estimate = 1.651


Trial 73: qplus Stimulus Selection
Stimulus: 0.711
Output value 1.691

Q+ parameters
slope: 0.298 semiSat: 0.560 beta: 0.969 sigma: 0.114 
maxBOLD estimate = 1.600


Trial 74: qplus Stimulus Selection
Stimulus: 0.711
Output value 1.365

Q+ parameters
slope: 0.298 semiSat: 0.560 beta: 0.969 sigma: 0.114 
maxBOLD estimate = 1.550


Trial 75: maxBOLD Stimulus Selection
Stimulus: 1.000
Output value 1.587

Q+ parameters
slope: 0.298 semiSat: 0.560 beta: 0.969 sigma: 0.114 
maxBOLD estimate = 1.501


Trial 76: qplus Stimulus Selection
Stimulus: 0.505
Output value 0.595

Q+ parameters
slope: 0.183 semiSat: 0.560 beta: 1.125 sigma: 0.114 
maxBOLD estimate = 1.454


Trial 77: qplus Stimulus Selection
Stimulus: 0.464
Output value 0.721

Q+ parameters
slope: 0.298 semiSat: 0.560 beta: 0.969 sigma: 0.114 
maxBOLD estimate = 1.636


Trial 78: qplus Stimulus Selection
Stimulus: 0.546
Output value 1.486

Q+ parameters
slope: 0.183 semiSat: 0.560 beta: 1.031 sigma: 0.114 
maxBOLD estimate = 1.585


Trial 79: qplus Stimulus Selection
Stimulus: 0.505
Output value 0.144

Q+ parameters
slope: 0.298 semiSat: 0.560 beta: 0.969 sigma: 0.114 
maxBOLD estimate = 1.635


Trial 80: baseline Stimulus Selection
Stimulus: 0.010
Output value 0.279

Q+ parameters
slope: 0.298 semiSat: 0.560 beta: 0.969 sigma: 0.114 
maxBOLD estimate = 1.584


Trial 81: qplus Stimulus Selection
Stimulus: 0.546
Output value 0.575

Q+ parameters
slope: 0.183 semiSat: 0.560 beta: 1.031 sigma: 0.114 
maxBOLD estimate = 1.534


Trial 82: qplus Stimulus Selection
Stimulus: 0.546
Output value 1.038

Q+ parameters
slope: 0.183 semiSat: 0.560 beta: 1.031 sigma: 0.114 
maxBOLD estimate = 1.582


Trial 83: qplus Stimulus Selection
Stimulus: 0.505
Output value 0.287

Q+ parameters
slope: 0.298 semiSat: 0.560 beta: 0.969 sigma: 0.114 
maxBOLD estimate = 1.631


Trial 84: qplus Stimulus Selection
Stimulus: 0.546
Output value 0.296

Q+ parameters
slope: 0.183 semiSat: 0.560 beta: 1.031 sigma: 0.114 
maxBOLD estimate = 1.580


Trial 85: maxBOLD Stimulus Selection
Stimulus: 1.000
Output value 1.722

Q+ parameters
slope: 0.298 semiSat: 0.560 beta: 0.969 sigma: 0.114 
maxBOLD estimate = 1.630


Trial 86: qplus Stimulus Selection
Stimulus: 0.546
Output value 0.592

Q+ parameters
slope: 0.183 semiSat: 0.560 beta: 1.031 sigma: 0.114 
maxBOLD estimate = 1.579


Trial 87: qplus Stimulus Selection
Stimulus: 0.505
Output value 0.611

Q+ parameters
slope: 0.183 semiSat: 0.560 beta: 1.031 sigma: 0.114 
maxBOLD estimate = 1.628


Trial 88: qplus Stimulus Selection
Stimulus: 0.505
Output value 0.716

Q+ parameters
slope: 0.183 semiSat: 0.560 beta: 0.938 sigma: 0.114 
maxBOLD estimate = 1.679


Trial 89: qplus Stimulus Selection
Stimulus: 0.588
Output value 1.033

Q+ parameters
slope: 0.183 semiSat: 0.560 beta: 1.031 sigma: 0.114 
maxBOLD estimate = 1.574


Trial 90: baseline Stimulus Selection
Stimulus: 0.010
Output value 0.152

Q+ parameters
slope: 0.183 semiSat: 0.560 beta: 1.031 sigma: 0.114 
maxBOLD estimate = 1.623


Trial 91: qplus Stimulus Selection
Stimulus: 0.505
Output value 0.571

Q+ parameters
slope: 0.183 semiSat: 0.560 beta: 0.938 sigma: 0.114 
maxBOLD estimate = 1.674


Trial 92: qplus Stimulus Selection
Stimulus: 0.588
Output value 1.030

Q+ parameters
slope: 0.183 semiSat: 0.560 beta: 1.031 sigma: 0.114 
maxBOLD estimate = 1.570


Trial 93: qplus Stimulus Selection
Stimulus: 0.711
Output value 0.589

Q+ parameters
slope: 0.183 semiSat: 0.560 beta: 1.000 sigma: 0.114 
maxBOLD estimate = 1.619


Trial 94: qplus Stimulus Selection
Stimulus: 0.546
Output value 0.910

Q+ parameters
slope: 0.183 semiSat: 0.560 beta: 1.031 sigma: 0.114 
maxBOLD estimate = 1.619


Trial 95: maxBOLD Stimulus Selection
Stimulus: 1.000
Output value 1.707

Q+ parameters
slope: 0.183 semiSat: 0.560 beta: 0.938 sigma: 0.114 
maxBOLD estimate = 1.669


Trial 96: qplus Stimulus Selection
Stimulus: 0.588
Output value 1.320

Q+ parameters
slope: 0.183 semiSat: 0.560 beta: 1.031 sigma: 0.114 
maxBOLD estimate = 1.565


Trial 97: qplus Stimulus Selection
Stimulus: 0.711
Output value 1.815

Q+ parameters
slope: 0.183 semiSat: 0.560 beta: 1.031 sigma: 0.114 
maxBOLD estimate = 1.614


Trial 98: qplus Stimulus Selection
Stimulus: 0.505
Output value 0.000

Q+ parameters
slope: 0.298 semiSat: 0.560 beta: 0.969 sigma: 0.114 
maxBOLD estimate = 1.664


Trial 99: qplus Stimulus Selection
Stimulus: 0.546
Output value 1.209

Q+ parameters
slope: 0.183 semiSat: 0.560 beta: 1.031 sigma: 0.114 
maxBOLD estimate = 1.612


Trial 100: baseline Stimulus Selection
Stimulus: 0.010
Output value 0.293

Q+ parameters
slope: 0.298 semiSat: 0.560 beta: 0.969 sigma: 0.114 
maxBOLD estimate = 1.663

--------------------------------------------------------------
FINAL VALUES
--------------------------------------------------------------
Simulated parameters:              slope: 0.200 semiSat: 0.570 beta: 1.000 sigma: 0.100 
Max posterior QUEST+ parameters:   slope: 0.298 semiSat: 0.560 beta: 0.875 sigma: 0.114 
Max BADS parameters:               slope: 0.185 semiSat: 0.585 beta: 1.000 sigma: 0.121 
maxBOLD estimate: 1.718
