/blue/stevenweisberg/stevenweisberg/MATLAB/projects/Weisberg_Aguirre_2020/scripts/run_sims
c26a-s23.ufhpc
Sat Nov 14 00:37:26 EST 2020
mkdir: cannot create directory ‘/blue/stevenweisberg/stevenweisberg/qpfMRIResults/model_parameter_set1/’: File exists
cp: cannot stat ‘/blue/stevenweisberg/stevenweisberg/qpfMRIResults/deploy_sim.sh’: No such file or directory
cp: cannot stat ‘/blue/stevenweisberg/stevenweisberg/qpfMRIResults/sim_wrapper.sh’: No such file or directory
------------------------------------------
Setting up environment variables
---
LD_LIBRARY_PATH is .:/apps/matlab/mcr/2020b/v99/runtime/glnxa64:/apps/matlab/mcr/2020b/v99/bin/glnxa64:/apps/matlab/mcr/2020b/v99/sys/os/glnxa64:/apps/matlab/mcr/2020b/v99/sys/opengl/lib/glnxa64
Warning: Executing startup failed in matlabrc.
This indicates a potentially serious problem in your MATLAB setup, which should be resolved as soon as possible.  Error detected was:
MATLAB:mpath:PathAlterationNotSupported
Modifying the search path is not supported by MATLAB Compiler. Remove functions that modify the search path from your MATLAB code. To make files visible to your deployed application, add the parent folder to your MATLAB session.
Warning: No stimulus domain specified. Defaulting to values between 0.01 and 1.
> In qpfmriParams (line 182)
In compiledSimulate (line 205)
Stimulus domain added from input.
Parameter slope specified as 0.41000
Parameter semiSat specified as 0.57000
Parameter beta specified as 1.00000
Parameter sigma specified as 0.15000
seed = 99seed = 104seed = 111seed = 111seed = 115seed = 101Initializing Q+. This may take a minute...
Elapsed time is 9.763810 seconds.
Simulated parameters:
slope: 0.410 semiSat: 0.570 beta: 1.000 sigma: 0.150 

Trial 1: baseline Stimulus Selection
Stimulus: 0.010
Output value 0.000

Q+ parameters
slope: 0.026 semiSat: 0.890 beta: 0.500 sigma: 0.010 
maxBOLD estimate = 1.000


Trial 2: maxBOLD Stimulus Selection
Stimulus: 1.000
Output value 1.364

Q+ parameters
slope: 0.055 semiSat: 0.670 beta: 1.250 sigma: 0.010 
maxBOLD estimate = 1.000


Trial 3: baseline Stimulus Selection
Stimulus: 0.010
Output value -0.284

Q+ parameters
slope: 0.055 semiSat: 0.670 beta: 1.250 sigma: 0.114 
maxBOLD estimate = 1.250


Trial 4: maxBOLD Stimulus Selection
Stimulus: 1.000
Output value 1.918

Q+ parameters
slope: 0.055 semiSat: 0.670 beta: 1.125 sigma: 0.062 
maxBOLD estimate = 1.562


Trial 5: baseline Stimulus Selection
Stimulus: 0.010
Output value 0.000

Q+ parameters
slope: 0.043 semiSat: 0.780 beta: 1.250 sigma: 0.062 
maxBOLD estimate = 1.758


Trial 6: maxBOLD Stimulus Selection
Stimulus: 1.000
Output value 1.748

Q+ parameters
slope: 0.034 semiSat: 1.000 beta: 1.250 sigma: 0.062 
maxBOLD estimate = 2.197


Trial 7: random Stimulus Selection
Stimulus: 0.876
Output value 1.311

Q+ parameters
slope: 0.070 semiSat: 0.670 beta: 0.750 sigma: 0.062 
maxBOLD estimate = 2.747


Trial 8: random Stimulus Selection
Stimulus: 0.794
Output value 1.475

Q+ parameters
slope: 0.070 semiSat: 0.450 beta: 0.875 sigma: 0.062 
maxBOLD estimate = 2.060


Trial 9: random Stimulus Selection
Stimulus: 0.257
Output value 0.430

Q+ parameters
slope: 0.089 semiSat: 0.340 beta: 0.875 sigma: 0.062 
maxBOLD estimate = 1.802


Trial 10: baseline Stimulus Selection
Stimulus: 0.010
Output value 0.000

Q+ parameters
slope: 0.055 semiSat: 0.670 beta: 1.500 sigma: 0.062 
maxBOLD estimate = 1.577


Trial 11: random Stimulus Selection
Stimulus: 0.010
Output value 0.484

Q+ parameters
slope: 0.070 semiSat: 0.670 beta: 0.750 sigma: 0.114 
maxBOLD estimate = 2.366


Trial 12: random Stimulus Selection
Stimulus: 0.092
Output value 0.938

Q+ parameters
slope: 0.070 semiSat: 0.450 beta: 0.969 sigma: 0.166 
maxBOLD estimate = 1.774


Trial 13: random Stimulus Selection
Stimulus: 0.299
Output value 0.439

Q+ parameters
slope: 0.070 semiSat: 0.450 beta: 0.938 sigma: 0.114 
maxBOLD estimate = 1.719


Trial 14: random Stimulus Selection
Stimulus: 0.753
Output value 1.978

Q+ parameters
slope: 0.089 semiSat: 0.450 beta: 1.125 sigma: 0.166 
maxBOLD estimate = 1.611


Trial 15: maxBOLD Stimulus Selection
Stimulus: 1.000
Output value 2.966

Q+ parameters
slope: 0.070 semiSat: 0.560 beta: 1.500 sigma: 0.166 
maxBOLD estimate = 1.813


Trial 16: random Stimulus Selection
Stimulus: 0.423
Output value 0.742

Q+ parameters
slope: 0.055 semiSat: 0.560 beta: 0.750 sigma: 0.114 
maxBOLD estimate = 2.719


Trial 17: random Stimulus Selection
Stimulus: 0.051
Output value 0.487

Q+ parameters
slope: 0.070 semiSat: 0.450 beta: 0.875 sigma: 0.114 
maxBOLD estimate = 2.039


Trial 18: random Stimulus Selection
Stimulus: 0.010
Output value 0.608

Q+ parameters
slope: 0.070 semiSat: 0.560 beta: 1.250 sigma: 0.166 
maxBOLD estimate = 1.785


Trial 19: random Stimulus Selection
Stimulus: 0.505
Output value 0.456

Q+ parameters
slope: 0.144 semiSat: 0.560 beta: 0.750 sigma: 0.114 
maxBOLD estimate = 2.231


Trial 20: baseline Stimulus Selection
Stimulus: 0.010
Output value 0.456

Q+ parameters
slope: 0.113 semiSat: 0.560 beta: 1.000 sigma: 0.166 
maxBOLD estimate = 1.673


Trial 21: random Stimulus Selection
Stimulus: 0.010
Output value 0.157

Q+ parameters
slope: 0.144 semiSat: 0.560 beta: 1.031 sigma: 0.166 
maxBOLD estimate = 1.673


Trial 22: random Stimulus Selection
Stimulus: 1.000
Output value 1.764

Q+ parameters
slope: 0.144 semiSat: 0.560 beta: 0.938 sigma: 0.166 
maxBOLD estimate = 1.725


Trial 23: random Stimulus Selection
Stimulus: 0.918
Output value 1.985

Q+ parameters
slope: 0.183 semiSat: 0.560 beta: 1.125 sigma: 0.166 
maxBOLD estimate = 1.617


Trial 24: random Stimulus Selection
Stimulus: 0.711
Output value 1.602

Q+ parameters
slope: 0.144 semiSat: 0.560 beta: 0.969 sigma: 0.166 
maxBOLD estimate = 1.820


Trial 25: maxBOLD Stimulus Selection
Stimulus: 1.000
Output value 2.163

Q+ parameters
slope: 0.183 semiSat: 0.560 beta: 1.125 sigma: 0.166 
maxBOLD estimate = 1.763


Trial 26: random Stimulus Selection
Stimulus: 0.051
Output value 0.338

Q+ parameters
slope: 0.183 semiSat: 0.560 beta: 0.938 sigma: 0.166 
maxBOLD estimate = 1.983


Trial 27: random Stimulus Selection
Stimulus: 0.257
Output value 0.000

Q+ parameters
slope: 0.144 semiSat: 0.560 beta: 0.969 sigma: 0.166 
maxBOLD estimate = 1.859


Trial 28: random Stimulus Selection
Stimulus: 0.216
Output value -0.169

Q+ parameters
slope: 0.183 semiSat: 0.560 beta: 1.031 sigma: 0.166 
maxBOLD estimate = 1.801


Trial 29: random Stimulus Selection
Stimulus: 0.876
Output value 1.799

Q+ parameters
slope: 0.144 semiSat: 0.560 beta: 0.969 sigma: 0.166 
maxBOLD estimate = 1.857


Trial 30: baseline Stimulus Selection
Stimulus: 0.010
Output value 0.000

Q+ parameters
slope: 0.183 semiSat: 0.560 beta: 1.031 sigma: 0.166 
maxBOLD estimate = 1.799

--------------------------------------------------------------
FINAL VALUES
--------------------------------------------------------------
Simulated parameters:              slope: 0.410 semiSat: 0.570 beta: 1.000 sigma: 0.150 
Max posterior QUEST+ parameters:   slope: 0.183 semiSat: 0.560 beta: 1.125 sigma: 0.166 
Max BADS parameters:               slope: 0.220 semiSat: 0.542 beta: 1.000 sigma: 0.144 
maxBOLD estimate: 1.749
