/blue/stevenweisberg/stevenweisberg/MATLAB/projects/Weisberg_Aguirre_2020/scripts/run_sims
c31a-s3.ufhpc
Thu Nov 12 19:27:10 EST 2020
cp: cannot stat ‘/blue/stevenweisberg/stevenweisberg/qpfMRIResults/deploy_sim.sh’: No such file or directory
cp: cannot stat ‘/blue/stevenweisberg/stevenweisberg/qpfMRIResults/sim_wrapper.sh’: No such file or directory
------------------------------------------
Setting up environment variables
---
LD_LIBRARY_PATH is .:/apps/matlab/mcr/2020b/v99/runtime/glnxa64:/apps/matlab/mcr/2020b/v99/bin/glnxa64:/apps/matlab/mcr/2020b/v99/sys/os/glnxa64:/apps/matlab/mcr/2020b/v99/sys/opengl/lib/glnxa64
Warning: Executing startup failed in matlabrc.
This indicates a potentially serious problem in your MATLAB setup, which should be resolved as soon as possible.  Error detected was:
MATLAB:mpath:PathAlterationNotSupported
Modifying the search path is not supported by MATLAB Compiler. Remove functions that modify the search path from your MATLAB code. To make files visible to your deployed application, add the parent folder to your MATLAB session.
Warning: No stimulus domain specified. Defaulting to values between 0.01 and 1.
> In qpfmriParams (line 182)
In compiledSimulate (line 205)
Stimulus domain added from input.
Parameter slope specified as 0.41000
Parameter semiSat specified as 0.57000
Parameter beta specified as 1.00000
Parameter sigma specified as 0.25000
seed = 99seed = 104seed = 111seed = 111seed = 115seed = 101Initializing Q+. This may take a minute...
Elapsed time is 9.688522 seconds.
Simulated parameters:
slope: 0.410 semiSat: 0.570 beta: 1.000 sigma: 0.250 

Trial 1: baseline Stimulus Selection
Stimulus: 0.010
Output value 0.000

Q+ parameters
slope: 0.026 semiSat: 0.890 beta: 0.500 sigma: 0.010 
maxBOLD estimate = 1.000


Trial 2: maxBOLD Stimulus Selection
Stimulus: 1.000
Output value 1.364

Q+ parameters
slope: 0.055 semiSat: 0.670 beta: 1.250 sigma: 0.010 
maxBOLD estimate = 1.000


Trial 3: baseline Stimulus Selection
Stimulus: 0.010
Output value 0.142

Q+ parameters
slope: 0.055 semiSat: 0.670 beta: 1.250 sigma: 0.062 
maxBOLD estimate = 1.250


Trial 4: maxBOLD Stimulus Selection
Stimulus: 1.000
Output value 1.598

Q+ parameters
slope: 0.055 semiSat: 0.670 beta: 1.250 sigma: 0.166 
maxBOLD estimate = 1.562


Trial 5: baseline Stimulus Selection
Stimulus: 0.010
Output value -0.444

Q+ parameters
slope: 0.055 semiSat: 0.670 beta: 1.250 sigma: 0.271 
maxBOLD estimate = 1.953


Trial 6: maxBOLD Stimulus Selection
Stimulus: 1.000
Output value -0.194

Q+ parameters
slope: 0.034 semiSat: 0.890 beta: 0.875 sigma: 1.000 
maxBOLD estimate = 2.441


Trial 7: random Stimulus Selection
Stimulus: 0.134
Output value -0.486

Q+ parameters
slope: 0.055 semiSat: 0.780 beta: 1.250 sigma: 0.218 
maxBOLD estimate = 2.136


Trial 8: random Stimulus Selection
Stimulus: 0.876
Output value 4.005

Q+ parameters
slope: 0.070 semiSat: 0.670 beta: 1.500 sigma: 0.323 
maxBOLD estimate = 2.670


Trial 9: random Stimulus Selection
Stimulus: 0.546
Output value 1.092

Q+ parameters
slope: 0.089 semiSat: 0.340 beta: 0.500 sigma: 0.114 
maxBOLD estimate = 4.005


Trial 10: baseline Stimulus Selection
Stimulus: 0.010
Output value 1.092

Q+ parameters
slope: 0.089 semiSat: 0.780 beta: 1.500 sigma: 0.271 
maxBOLD estimate = 2.003


Trial 11: random Stimulus Selection
Stimulus: 0.505
Output value 0.000

Q+ parameters
slope: 0.616 semiSat: 0.560 beta: 0.750 sigma: 0.166 
maxBOLD estimate = 3.004


Trial 12: random Stimulus Selection
Stimulus: 0.423
Output value 2.458

Q+ parameters
slope: 0.089 semiSat: 0.780 beta: 1.500 sigma: 0.375 
maxBOLD estimate = 2.253


Trial 13: random Stimulus Selection
Stimulus: 0.299
Output value 0.634

Q+ parameters
slope: 0.026 semiSat: 0.890 beta: 1.031 sigma: 0.114 
maxBOLD estimate = 3.380


Trial 14: random Stimulus Selection
Stimulus: 0.876
Output value 1.386

Q+ parameters
slope: 0.034 semiSat: 0.890 beta: 0.875 sigma: 0.114 
maxBOLD estimate = 3.485


Trial 15: maxBOLD Stimulus Selection
Stimulus: 1.000
Output value 1.040

Q+ parameters
slope: 0.070 semiSat: 0.670 beta: 0.750 sigma: 0.166 
maxBOLD estimate = 3.050


Trial 16: random Stimulus Selection
Stimulus: 0.711
Output value 2.651

Q+ parameters
slope: 0.785 semiSat: 0.560 beta: 1.062 sigma: 0.218 
maxBOLD estimate = 2.287


Trial 17: random Stimulus Selection
Stimulus: 0.835
Output value 3.314

Q+ parameters
slope: 0.113 semiSat: 0.670 beta: 1.250 sigma: 0.218 
maxBOLD estimate = 2.430


Trial 18: random Stimulus Selection
Stimulus: 0.753
Output value 0.621

Q+ parameters
slope: 0.070 semiSat: 0.670 beta: 0.750 sigma: 0.114 
maxBOLD estimate = 3.038


Trial 19: random Stimulus Selection
Stimulus: 0.876
Output value 0.544

Q+ parameters
slope: 0.785 semiSat: 0.560 beta: 0.875 sigma: 0.271 
maxBOLD estimate = 2.278


Trial 20: baseline Stimulus Selection
Stimulus: 0.010
Output value 1.019

Q+ parameters
slope: 0.616 semiSat: 0.670 beta: 0.938 sigma: 0.323 
maxBOLD estimate = 1.993


Trial 21: random Stimulus Selection
Stimulus: 0.670
Output value 2.548

Q+ parameters
slope: 0.144 semiSat: 0.560 beta: 1.250 sigma: 0.218 
maxBOLD estimate = 1.869


Trial 22: random Stimulus Selection
Stimulus: 0.299
Output value 3.823

Q+ parameters
slope: 0.055 semiSat: 0.450 beta: 1.500 sigma: 1.000 
maxBOLD estimate = 2.336


Trial 23: random Stimulus Selection
Stimulus: 0.299
Output value 0.478

Q+ parameters
slope: 0.055 semiSat: 0.670 beta: 0.750 sigma: 0.114 
maxBOLD estimate = 3.504


Trial 24: random Stimulus Selection
Stimulus: 0.381
Output value 0.000

Q+ parameters
slope: 0.055 semiSat: 0.560 beta: 0.938 sigma: 0.166 
maxBOLD estimate = 2.628


Trial 25: maxBOLD Stimulus Selection
Stimulus: 1.000
Output value 0.168

Q+ parameters
slope: 0.298 semiSat: 0.560 beta: 0.750 sigma: 0.218 
maxBOLD estimate = 2.464


Trial 26: random Stimulus Selection
Stimulus: 1.000
Output value 2.520

Q+ parameters
slope: 0.113 semiSat: 0.560 beta: 1.250 sigma: 0.218 
maxBOLD estimate = 1.848


Trial 27: random Stimulus Selection
Stimulus: 0.711
Output value 2.677

Q+ parameters
slope: 1.000 semiSat: 0.560 beta: 1.062 sigma: 0.323 
maxBOLD estimate = 2.310


Trial 28: random Stimulus Selection
Stimulus: 0.588
Output value 0.837

Q+ parameters
slope: 0.183 semiSat: 0.560 beta: 0.938 sigma: 0.218 
maxBOLD estimate = 2.454


Trial 29: random Stimulus Selection
Stimulus: 0.381
Output value 0.667

Q+ parameters
slope: 0.379 semiSat: 0.560 beta: 1.062 sigma: 0.323 
maxBOLD estimate = 2.301


Trial 30: baseline Stimulus Selection
Stimulus: 0.010
Output value -0.229

Q+ parameters
slope: 0.113 semiSat: 0.560 beta: 1.031 sigma: 0.218 
maxBOLD estimate = 2.445

--------------------------------------------------------------
FINAL VALUES
--------------------------------------------------------------
Simulated parameters:              slope: 0.410 semiSat: 0.570 beta: 1.000 sigma: 0.250 
Max posterior QUEST+ parameters:   slope: 0.055 semiSat: 0.560 beta: 0.938 sigma: 0.166 
Max BADS parameters:               slope: 0.067 semiSat: 0.568 beta: 1.000 sigma: 0.178 
maxBOLD estimate: 2.528
