/blue/stevenweisberg/stevenweisberg/MATLAB/projects/Weisberg_Aguirre_2020/scripts/run_sims
c30a-s22.ufhpc
Thu Nov 12 15:05:51 EST 2020
cp: cannot stat ‘/blue/stevenweisberg/stevenweisberg/qpfMRIResults/deploy_sim.sh’: No such file or directory
cp: cannot stat ‘/blue/stevenweisberg/stevenweisberg/qpfMRIResults/sim_wrapper.sh’: No such file or directory
------------------------------------------
Setting up environment variables
---
LD_LIBRARY_PATH is .:/apps/matlab/mcr/2020b/v99/runtime/glnxa64:/apps/matlab/mcr/2020b/v99/bin/glnxa64:/apps/matlab/mcr/2020b/v99/sys/os/glnxa64:/apps/matlab/mcr/2020b/v99/sys/opengl/lib/glnxa64
Warning: Executing startup failed in matlabrc.
This indicates a potentially serious problem in your MATLAB setup, which should be resolved as soon as possible.  Error detected was:
MATLAB:mpath:PathAlterationNotSupported
Modifying the search path is not supported by MATLAB Compiler. Remove functions that modify the search path from your MATLAB code. To make files visible to your deployed application, add the parent folder to your MATLAB session.
Warning: No stimulus domain specified. Defaulting to values between 0.01 and 1.
> In qpfmriParams (line 182)
In compiledSimulate (line 205)
Stimulus domain added from input.
Parameter slope specified as 0.41000
Parameter semiSat specified as 0.57000
Parameter beta specified as 1.00000
Parameter sigma specified as 0.25000
seed = 99seed = 104seed = 111seed = 111seed = 115seed = 101Initializing Q+. This may take a minute...
Elapsed time is 9.501795 seconds.
Simulated parameters:
slope: 0.410 semiSat: 0.570 beta: 1.000 sigma: 0.250 

Trial 1: baseline Stimulus Selection
Stimulus: 0.010
Output value 0.000

Q+ parameters
slope: 0.026 semiSat: 0.890 beta: 0.500 sigma: 0.010 
maxBOLD estimate = 1.000


Trial 2: maxBOLD Stimulus Selection
Stimulus: 1.000
Output value 0.795

Q+ parameters
slope: 0.034 semiSat: 1.000 beta: 1.250 sigma: 0.010 
maxBOLD estimate = 1.000


Trial 3: baseline Stimulus Selection
Stimulus: 0.010
Output value 0.170

Q+ parameters
slope: 0.034 semiSat: 0.890 beta: 0.750 sigma: 0.114 
maxBOLD estimate = 1.250


Trial 4: maxBOLD Stimulus Selection
Stimulus: 1.000
Output value 1.278

Q+ parameters
slope: 0.055 semiSat: 0.670 beta: 1.250 sigma: 0.375 
maxBOLD estimate = 0.938


Trial 5: baseline Stimulus Selection
Stimulus: 0.010
Output value 0.240

Q+ parameters
slope: 0.055 semiSat: 0.670 beta: 1.125 sigma: 0.479 
maxBOLD estimate = 1.172


Trial 6: maxBOLD Stimulus Selection
Stimulus: 1.000
Output value 1.798

Q+ parameters
slope: 0.043 semiSat: 0.780 beta: 1.250 sigma: 0.375 
maxBOLD estimate = 1.318


Trial 7: random Stimulus Selection
Stimulus: 0.959
Output value -0.225

Q+ parameters
slope: 1.000 semiSat: 1.000 beta: 1.500 sigma: 0.218 
maxBOLD estimate = 1.648


Trial 8: random Stimulus Selection
Stimulus: 0.092
Output value 0.000

Q+ parameters
slope: 0.298 semiSat: 1.000 beta: 0.875 sigma: 0.114 
maxBOLD estimate = 2.472


Trial 9: random Stimulus Selection
Stimulus: 0.794
Output value 0.393

Q+ parameters
slope: 0.298 semiSat: 1.000 beta: 1.000 sigma: 0.166 
maxBOLD estimate = 2.163


Trial 10: baseline Stimulus Selection
Stimulus: 0.010
Output value -0.393

Q+ parameters
slope: 0.034 semiSat: 1.000 beta: 1.000 sigma: 0.166 
maxBOLD estimate = 2.163


Trial 11: random Stimulus Selection
Stimulus: 0.299
Output value -0.197

Q+ parameters
slope: 1.000 semiSat: 0.340 beta: 0.500 sigma: 0.166 
maxBOLD estimate = 2.163


Trial 12: random Stimulus Selection
Stimulus: 0.918
Output value 0.000

Q+ parameters
slope: 0.055 semiSat: 0.890 beta: 1.250 sigma: 1.000 
maxBOLD estimate = 1.081


Trial 13: random Stimulus Selection
Stimulus: 0.175
Output value -0.215

Q+ parameters
slope: 0.113 semiSat: 0.560 beta: 0.875 sigma: 0.323 
maxBOLD estimate = 1.352


Trial 14: random Stimulus Selection
Stimulus: 0.876
Output value 0.645

Q+ parameters
slope: 0.089 semiSat: 0.890 beta: 1.500 sigma: 0.583 
maxBOLD estimate = 1.183


Trial 15: maxBOLD Stimulus Selection
Stimulus: 1.000
Output value 0.000

Q+ parameters
slope: 0.616 semiSat: 1.000 beta: 1.250 sigma: 0.375 
maxBOLD estimate = 1.774


Trial 16: random Stimulus Selection
Stimulus: 0.959
Output value 0.529

Q+ parameters
slope: 0.070 semiSat: 1.000 beta: 0.875 sigma: 0.166 
maxBOLD estimate = 2.218


Trial 17: random Stimulus Selection
Stimulus: 0.546
Output value -0.353

Q+ parameters
slope: 0.070 semiSat: 1.000 beta: 1.000 sigma: 0.166 
maxBOLD estimate = 1.941


Trial 18: random Stimulus Selection
Stimulus: 0.340
Output value 0.000

Q+ parameters
slope: 0.070 semiSat: 1.000 beta: 0.875 sigma: 0.166 
maxBOLD estimate = 1.941


Trial 19: random Stimulus Selection
Stimulus: 0.505
Output value -0.193

Q+ parameters
slope: 0.089 semiSat: 1.000 beta: 1.250 sigma: 0.218 
maxBOLD estimate = 1.698


Trial 20: baseline Stimulus Selection
Stimulus: 0.010
Output value -0.193

Q+ parameters
slope: 1.000 semiSat: 0.560 beta: 0.500 sigma: 0.166 
maxBOLD estimate = 2.123


Trial 21: random Stimulus Selection
Stimulus: 0.464
Output value -0.193

Q+ parameters
slope: 0.298 semiSat: 0.670 beta: 1.000 sigma: 0.323 
maxBOLD estimate = 1.061


Trial 22: random Stimulus Selection
Stimulus: 0.257
Output value 0.482

Q+ parameters
slope: 0.298 semiSat: 0.670 beta: 1.000 sigma: 0.375 
maxBOLD estimate = 1.061


Trial 23: random Stimulus Selection
Stimulus: 0.092
Output value -0.193

Q+ parameters
slope: 0.298 semiSat: 0.670 beta: 1.000 sigma: 0.323 
maxBOLD estimate = 1.061


Trial 24: random Stimulus Selection
Stimulus: 0.918
Output value 1.061

Q+ parameters
slope: 0.298 semiSat: 0.670 beta: 1.000 sigma: 0.271 
maxBOLD estimate = 1.061


Trial 25: maxBOLD Stimulus Selection
Stimulus: 1.000
Output value 1.158

Q+ parameters
slope: 0.298 semiSat: 0.670 beta: 1.000 sigma: 0.271 
maxBOLD estimate = 1.061


Trial 26: random Stimulus Selection
Stimulus: 0.134
Output value -0.193

Q+ parameters
slope: 0.298 semiSat: 0.670 beta: 1.000 sigma: 0.271 
maxBOLD estimate = 1.061


Trial 27: random Stimulus Selection
Stimulus: 0.711
Output value 0.000

Q+ parameters
slope: 1.000 semiSat: 0.780 beta: 0.969 sigma: 0.271 
maxBOLD estimate = 1.061


Trial 28: random Stimulus Selection
Stimulus: 0.588
Output value 0.631

Q+ parameters
slope: 0.144 semiSat: 0.780 beta: 1.125 sigma: 0.323 
maxBOLD estimate = 1.028


Trial 29: random Stimulus Selection
Stimulus: 0.340
Output value -0.315

Q+ parameters
slope: 0.089 semiSat: 0.890 beta: 1.500 sigma: 0.323 
maxBOLD estimate = 1.157


Trial 30: baseline Stimulus Selection
Stimulus: 0.010
Output value 0.000

Q+ parameters
slope: 0.089 semiSat: 0.890 beta: 0.969 sigma: 0.218 
maxBOLD estimate = 1.735

--------------------------------------------------------------
FINAL VALUES
--------------------------------------------------------------
Simulated parameters:              slope: 0.410 semiSat: 0.570 beta: 1.000 sigma: 0.250 
Max posterior QUEST+ parameters:   slope: 0.089 semiSat: 0.890 beta: 0.875 sigma: 0.166 
Max BADS parameters:               slope: 0.065 semiSat: 0.982 beta: 1.000 sigma: 0.174 
maxBOLD estimate: 1.900
