/blue/stevenweisberg/stevenweisberg/MATLAB/projects/Weisberg_Aguirre_2020/scripts/run_sims
c24b-s37.ufhpc
Wed Apr  7 10:48:51 EDT 2021
mkdir: cannot create directory ‘/blue/stevenweisberg/stevenweisberg/qpfMRIResults/model_parameter_set2/’: File exists
cp: cannot stat ‘/blue/stevenweisberg/stevenweisberg/qpfMRIResults/deploy_sim.sh’: No such file or directory
cp: cannot stat ‘/blue/stevenweisberg/stevenweisberg/qpfMRIResults/sim_wrapper.sh’: No such file or directory
------------------------------------------
Setting up environment variables
---
LD_LIBRARY_PATH is .:/apps/matlab/mcr/2020b/v99/runtime/glnxa64:/apps/matlab/mcr/2020b/v99/bin/glnxa64:/apps/matlab/mcr/2020b/v99/sys/os/glnxa64:/apps/matlab/mcr/2020b/v99/sys/opengl/lib/glnxa64
Warning: Executing startup failed in matlabrc.
This indicates a potentially serious problem in your MATLAB setup, which should be resolved as soon as possible.  Error detected was:
MATLAB:mpath:PathAlterationNotSupported
Modifying the search path is not supported by MATLAB Compiler. Remove functions that modify the search path from your MATLAB code. To make files visible to your deployed application, add the parent folder to your MATLAB session.
Warning: No stimulus domain specified. Defaulting to values between 0.01 and 1.
> In qpfmriParams (line 182)
In compiledSimulate (line 205)
Stimulus domain added from input.
Parameter slope specified as 0.20000
Parameter semiSat specified as 0.57000
Parameter beta specified as 1.00000
Parameter sigma specified as 0.15000
seed = 99seed = 104seed = 111seed = 111seed = 115seed = 101Initializing Q+. This may take a minute...
Elapsed time is 10.238085 seconds.
Simulated parameters:
slope: 0.200 semiSat: 0.570 beta: 1.000 sigma: 0.150 

Trial 1: baseline Stimulus Selection
Stimulus: 0.010
Output value 0.000

Q+ parameters
slope: 0.026 semiSat: 0.890 beta: 0.500 sigma: 0.010 
maxBOLD estimate = 1.000


Trial 2: maxBOLD Stimulus Selection
Stimulus: 1.000
Output value 1.364

Q+ parameters
slope: 0.055 semiSat: 0.670 beta: 1.250 sigma: 0.010 
maxBOLD estimate = 1.000


Trial 3: baseline Stimulus Selection
Stimulus: 0.010
Output value 0.142

Q+ parameters
slope: 0.055 semiSat: 0.670 beta: 1.250 sigma: 0.062 
maxBOLD estimate = 1.250


Trial 4: maxBOLD Stimulus Selection
Stimulus: 1.000
Output value 2.131

Q+ parameters
slope: 0.055 semiSat: 0.670 beta: 1.250 sigma: 0.010 
maxBOLD estimate = 1.562


Trial 5: baseline Stimulus Selection
Stimulus: 0.010
Output value -0.222

Q+ parameters
slope: 0.055 semiSat: 0.670 beta: 1.250 sigma: 0.062 
maxBOLD estimate = 1.953


Trial 6: maxBOLD Stimulus Selection
Stimulus: 1.000
Output value 2.247

Q+ parameters
slope: 0.043 semiSat: 0.780 beta: 1.125 sigma: 0.062 
maxBOLD estimate = 2.441


Trial 7: random Stimulus Selection
Stimulus: 0.588
Output value 0.726

Q+ parameters
slope: 0.043 semiSat: 0.780 beta: 0.969 sigma: 0.062 
maxBOLD estimate = 2.747


Trial 8: random Stimulus Selection
Stimulus: 0.216
Output value -0.227

Q+ parameters
slope: 0.055 semiSat: 0.780 beta: 0.938 sigma: 0.062 
maxBOLD estimate = 2.661


Trial 9: random Stimulus Selection
Stimulus: 0.918
Output value 1.205

Q+ parameters
slope: 0.055 semiSat: 0.890 beta: 1.062 sigma: 0.062 
maxBOLD estimate = 2.494


Trial 10: baseline Stimulus Selection
Stimulus: 0.010
Output value 0.602

Q+ parameters
slope: 0.043 semiSat: 1.000 beta: 1.250 sigma: 0.062 
maxBOLD estimate = 2.650


Trial 11: random Stimulus Selection
Stimulus: 1.000
Output value 1.807

Q+ parameters
slope: 0.043 semiSat: 1.000 beta: 1.000 sigma: 0.062 
maxBOLD estimate = 3.313


Trial 12: random Stimulus Selection
Stimulus: 0.670
Output value 0.904

Q+ parameters
slope: 0.144 semiSat: 0.560 beta: 0.500 sigma: 0.062 
maxBOLD estimate = 3.313


Trial 13: random Stimulus Selection
Stimulus: 0.340
Output value 0.847

Q+ parameters
slope: 0.113 semiSat: 0.560 beta: 1.125 sigma: 0.114 
maxBOLD estimate = 1.656


Trial 14: random Stimulus Selection
Stimulus: 0.464
Output value 0.000

Q+ parameters
slope: 0.183 semiSat: 0.670 beta: 1.500 sigma: 0.114 
maxBOLD estimate = 1.864


Trial 15: maxBOLD Stimulus Selection
Stimulus: 1.000
Output value 1.525

Q+ parameters
slope: 0.070 semiSat: 0.670 beta: 0.750 sigma: 0.062 
maxBOLD estimate = 2.795


Trial 16: random Stimulus Selection
Stimulus: 0.175
Output value 0.500

Q+ parameters
slope: 0.234 semiSat: 0.560 beta: 0.875 sigma: 0.114 
maxBOLD estimate = 2.096


Trial 17: random Stimulus Selection
Stimulus: 0.918
Output value 2.752

Q+ parameters
slope: 0.183 semiSat: 0.670 beta: 1.500 sigma: 0.114 
maxBOLD estimate = 1.834


Trial 18: random Stimulus Selection
Stimulus: 0.835
Output value 1.313

Q+ parameters
slope: 0.043 semiSat: 0.670 beta: 0.750 sigma: 0.062 
maxBOLD estimate = 2.752


Trial 19: random Stimulus Selection
Stimulus: 0.257
Output value 1.407

Q+ parameters
slope: 0.183 semiSat: 0.670 beta: 1.500 sigma: 0.166 
maxBOLD estimate = 2.064


Trial 20: baseline Stimulus Selection
Stimulus: 0.010
Output value -0.422

Q+ parameters
slope: 0.043 semiSat: 0.670 beta: 0.750 sigma: 0.062 
maxBOLD estimate = 3.096


Trial 21: random Stimulus Selection
Stimulus: 0.546
Output value 0.739

Q+ parameters
slope: 0.070 semiSat: 0.560 beta: 0.875 sigma: 0.114 
maxBOLD estimate = 2.322


Trial 22: random Stimulus Selection
Stimulus: 0.711
Output value 0.571

Q+ parameters
slope: 0.070 semiSat: 0.670 beta: 1.031 sigma: 0.114 
maxBOLD estimate = 2.031


Trial 23: random Stimulus Selection
Stimulus: 1.000
Output value 1.571

Q+ parameters
slope: 0.070 semiSat: 0.670 beta: 1.031 sigma: 0.114 
maxBOLD estimate = 2.095


Trial 24: random Stimulus Selection
Stimulus: 0.835
Output value 1.418

Q+ parameters
slope: 0.055 semiSat: 0.670 beta: 1.031 sigma: 0.114 
maxBOLD estimate = 2.160


Trial 25: maxBOLD Stimulus Selection
Stimulus: 1.000
Output value 1.418

Q+ parameters
slope: 0.055 semiSat: 0.670 beta: 1.000 sigma: 0.114 
maxBOLD estimate = 2.228


Trial 26: random Stimulus Selection
Stimulus: 0.753
Output value 1.418

Q+ parameters
slope: 0.055 semiSat: 0.670 beta: 1.000 sigma: 0.114 
maxBOLD estimate = 2.228


Trial 27: random Stimulus Selection
Stimulus: 0.299
Output value 0.405

Q+ parameters
slope: 0.055 semiSat: 0.670 beta: 1.000 sigma: 0.114 
maxBOLD estimate = 2.228


Trial 28: random Stimulus Selection
Stimulus: 0.381
Output value -0.203

Q+ parameters
slope: 0.055 semiSat: 0.670 beta: 1.000 sigma: 0.114 
maxBOLD estimate = 2.228


Trial 29: random Stimulus Selection
Stimulus: 0.959
Output value 2.025

Q+ parameters
slope: 0.055 semiSat: 0.670 beta: 1.000 sigma: 0.114 
maxBOLD estimate = 2.228


Trial 30: baseline Stimulus Selection
Stimulus: 0.010
Output value 0.405

Q+ parameters
slope: 0.055 semiSat: 0.670 beta: 1.000 sigma: 0.114 
maxBOLD estimate = 2.228


Trial 31: random Stimulus Selection
Stimulus: 0.629
Output value 1.620

Q+ parameters
slope: 0.055 semiSat: 0.670 beta: 1.000 sigma: 0.114 
maxBOLD estimate = 2.228


Trial 32: random Stimulus Selection
Stimulus: 0.711
Output value 1.519

Q+ parameters
slope: 0.234 semiSat: 0.560 beta: 0.750 sigma: 0.114 
maxBOLD estimate = 2.228


Trial 33: random Stimulus Selection
Stimulus: 0.546
Output value 0.484

Q+ parameters
slope: 0.234 semiSat: 0.560 beta: 1.062 sigma: 0.166 
maxBOLD estimate = 1.671


Trial 34: random Stimulus Selection
Stimulus: 0.918
Output value 1.886

Q+ parameters
slope: 0.144 semiSat: 0.560 beta: 1.062 sigma: 0.166 
maxBOLD estimate = 1.775


Trial 35: maxBOLD Stimulus Selection
Stimulus: 1.000
Output value 2.358

Q+ parameters
slope: 0.089 semiSat: 0.670 beta: 1.250 sigma: 0.166 
maxBOLD estimate = 1.886


Trial 36: random Stimulus Selection
Stimulus: 0.216
Output value 0.322

Q+ parameters
slope: 0.234 semiSat: 0.560 beta: 0.750 sigma: 0.114 
maxBOLD estimate = 2.358

