/blue/stevenweisberg/stevenweisberg/MATLAB/projects/Weisberg_Aguirre_2020/scripts/run_sims
c30a-s27.ufhpc
Fri Nov 13 18:03:53 EST 2020
mkdir: cannot create directory ‘/blue/stevenweisberg/stevenweisberg/qpfMRIResults/model_parameter_set1/’: File exists
cp: cannot stat ‘/blue/stevenweisberg/stevenweisberg/qpfMRIResults/deploy_sim.sh’: No such file or directory
cp: cannot stat ‘/blue/stevenweisberg/stevenweisberg/qpfMRIResults/sim_wrapper.sh’: No such file or directory
------------------------------------------
Setting up environment variables
---
LD_LIBRARY_PATH is .:/apps/matlab/mcr/2020b/v99/runtime/glnxa64:/apps/matlab/mcr/2020b/v99/bin/glnxa64:/apps/matlab/mcr/2020b/v99/sys/os/glnxa64:/apps/matlab/mcr/2020b/v99/sys/opengl/lib/glnxa64
Warning: Executing startup failed in matlabrc.
This indicates a potentially serious problem in your MATLAB setup, which should be resolved as soon as possible.  Error detected was:
MATLAB:mpath:PathAlterationNotSupported
Modifying the search path is not supported by MATLAB Compiler. Remove functions that modify the search path from your MATLAB code. To make files visible to your deployed application, add the parent folder to your MATLAB session.
Warning: No stimulus domain specified. Defaulting to values between 0.01 and 1.
> In qpfmriParams (line 182)
In compiledSimulate (line 205)
Stimulus domain added from input.
Parameter slope specified as 0.41000
Parameter semiSat specified as 0.57000
Parameter beta specified as 1.00000
Parameter sigma specified as 0.25000
seed = 99seed = 104seed = 111seed = 111seed = 115seed = 101Initializing Q+. This may take a minute...
Elapsed time is 10.038841 seconds.
Simulated parameters:
slope: 0.410 semiSat: 0.570 beta: 1.000 sigma: 0.250 

Trial 1: baseline Stimulus Selection
Stimulus: 0.010
Output value 0.000

Q+ parameters
slope: 0.026 semiSat: 0.890 beta: 0.500 sigma: 0.010 
maxBOLD estimate = 1.000


Trial 2: maxBOLD Stimulus Selection
Stimulus: 1.000
Output value 1.364

Q+ parameters
slope: 0.055 semiSat: 0.670 beta: 1.250 sigma: 0.010 
maxBOLD estimate = 1.000


Trial 3: baseline Stimulus Selection
Stimulus: 0.010
Output value 1.136

Q+ parameters
slope: 0.043 semiSat: 0.560 beta: 1.250 sigma: 1.000 
maxBOLD estimate = 1.250


Trial 4: maxBOLD Stimulus Selection
Stimulus: 1.000
Output value 2.131

Q+ parameters
slope: 0.055 semiSat: 0.670 beta: 1.250 sigma: 0.114 
maxBOLD estimate = 1.562


Trial 5: baseline Stimulus Selection
Stimulus: 0.010
Output value -0.222

Q+ parameters
slope: 0.055 semiSat: 0.670 beta: 1.250 sigma: 0.218 
maxBOLD estimate = 1.953


Trial 6: maxBOLD Stimulus Selection
Stimulus: 1.000
Output value 2.247

Q+ parameters
slope: 0.043 semiSat: 0.780 beta: 1.125 sigma: 0.218 
maxBOLD estimate = 2.441


Trial 7: qplus Stimulus Selection
Stimulus: 0.505
Output value 0.000

Q+ parameters
slope: 0.070 semiSat: 1.000 beta: 1.250 sigma: 0.166 
maxBOLD estimate = 2.747


Trial 8: qplus Stimulus Selection
Stimulus: 0.835
Output value 1.248

Q+ parameters
slope: 0.070 semiSat: 1.000 beta: 1.000 sigma: 0.114 
maxBOLD estimate = 3.433


Trial 9: qplus Stimulus Selection
Stimulus: 0.835
Output value 0.780

Q+ parameters
slope: 0.113 semiSat: 0.780 beta: 0.500 sigma: 0.114 
maxBOLD estimate = 3.433


Trial 10: baseline Stimulus Selection
Stimulus: 0.010
Output value 0.000

Q+ parameters
slope: 0.183 semiSat: 0.780 beta: 1.500 sigma: 0.271 
maxBOLD estimate = 1.717


Trial 11: qplus Stimulus Selection
Stimulus: 0.711
Output value 0.936

Q+ parameters
slope: 1.000 semiSat: 0.560 beta: 0.500 sigma: 0.166 
maxBOLD estimate = 2.575


Trial 12: qplus Stimulus Selection
Stimulus: 0.629
Output value -0.263

Q+ parameters
slope: 0.785 semiSat: 0.670 beta: 1.125 sigma: 0.218 
maxBOLD estimate = 1.287


Trial 13: qplus Stimulus Selection
Stimulus: 0.711
Output value 1.778

Q+ parameters
slope: 0.785 semiSat: 0.670 beta: 1.125 sigma: 0.271 
maxBOLD estimate = 1.448


Trial 14: qplus Stimulus Selection
Stimulus: 0.629
Output value 2.666

Q+ parameters
slope: 0.234 semiSat: 0.670 beta: 1.500 sigma: 0.479 
maxBOLD estimate = 1.629


Trial 15: maxBOLD Stimulus Selection
Stimulus: 1.000
Output value 0.667

Q+ parameters
slope: 1.000 semiSat: 0.560 beta: 0.500 sigma: 0.166 
maxBOLD estimate = 2.444


Trial 16: qplus Stimulus Selection
Stimulus: 0.505
Output value 1.389

Q+ parameters
slope: 0.113 semiSat: 0.560 beta: 1.250 sigma: 0.323 
maxBOLD estimate = 1.222


Trial 17: qplus Stimulus Selection
Stimulus: 0.794
Output value 2.083

Q+ parameters
slope: 0.234 semiSat: 0.670 beta: 1.500 sigma: 0.271 
maxBOLD estimate = 1.528


Trial 18: qplus Stimulus Selection
Stimulus: 0.753
Output value 1.276

Q+ parameters
slope: 0.183 semiSat: 0.670 beta: 0.875 sigma: 0.218 
maxBOLD estimate = 2.291


Trial 19: qplus Stimulus Selection
Stimulus: 0.588
Output value 0.752

Q+ parameters
slope: 0.144 semiSat: 0.670 beta: 1.031 sigma: 0.271 
maxBOLD estimate = 2.005


Trial 20: baseline Stimulus Selection
Stimulus: 0.010
Output value 0.000

Q+ parameters
slope: 0.298 semiSat: 0.670 beta: 1.031 sigma: 0.271 
maxBOLD estimate = 2.068


Trial 21: qplus Stimulus Selection
Stimulus: 0.588
Output value 1.599

Q+ parameters
slope: 0.298 semiSat: 0.670 beta: 1.031 sigma: 0.375 
maxBOLD estimate = 2.132


Trial 22: qplus Stimulus Selection
Stimulus: 0.588
Output value 1.855

Q+ parameters
slope: 0.144 semiSat: 0.670 beta: 1.031 sigma: 0.271 
maxBOLD estimate = 2.199


Trial 23: qplus Stimulus Selection
Stimulus: 0.588
Output value 1.598

Q+ parameters
slope: 0.113 semiSat: 0.670 beta: 0.969 sigma: 0.271 
maxBOLD estimate = 2.268


Trial 24: qplus Stimulus Selection
Stimulus: 0.588
Output value 1.030

Q+ parameters
slope: 0.089 semiSat: 0.670 beta: 1.031 sigma: 0.218 
maxBOLD estimate = 2.197


Trial 25: maxBOLD Stimulus Selection
Stimulus: 1.000
Output value 1.261

Q+ parameters
slope: 0.113 semiSat: 0.670 beta: 0.875 sigma: 0.218 
maxBOLD estimate = 2.265


Trial 26: qplus Stimulus Selection
Stimulus: 0.588
Output value 0.743

Q+ parameters
slope: 0.183 semiSat: 0.670 beta: 1.031 sigma: 0.427 
maxBOLD estimate = 1.982


Trial 27: qplus Stimulus Selection
Stimulus: 0.423
Output value 0.000

Q+ parameters
slope: 0.298 semiSat: 0.670 beta: 1.031 sigma: 0.531 
maxBOLD estimate = 2.044


Trial 28: qplus Stimulus Selection
Stimulus: 0.588
Output value 1.186

Q+ parameters
slope: 0.298 semiSat: 0.670 beta: 1.031 sigma: 0.792 
maxBOLD estimate = 2.108


Trial 29: qplus Stimulus Selection
Stimulus: 0.588
Output value 0.204

Q+ parameters
slope: 0.298 semiSat: 0.670 beta: 1.031 sigma: 0.479 
maxBOLD estimate = 2.174


Trial 30: baseline Stimulus Selection
Stimulus: 0.010
Output value -0.408

Q+ parameters
slope: 0.234 semiSat: 0.560 beta: 1.000 sigma: 0.271 
maxBOLD estimate = 2.242

--------------------------------------------------------------
FINAL VALUES
--------------------------------------------------------------
Simulated parameters:              slope: 0.410 semiSat: 0.570 beta: 1.000 sigma: 0.250 
Max posterior QUEST+ parameters:   slope: 0.234 semiSat: 0.560 beta: 0.875 sigma: 0.218 
Max BADS parameters:               slope: 0.199 semiSat: 0.583 beta: 1.000 sigma: 0.241 
maxBOLD estimate: 2.276
