/blue/stevenweisberg/stevenweisberg/MATLAB/projects/Weisberg_Aguirre_2020/scripts/run_sims
c26a-s25.ufhpc
Thu Nov 12 22:26:31 EST 2020
cp: cannot stat ‘/blue/stevenweisberg/stevenweisberg/qpfMRIResults/deploy_sim.sh’: No such file or directory
cp: cannot stat ‘/blue/stevenweisberg/stevenweisberg/qpfMRIResults/sim_wrapper.sh’: No such file or directory
------------------------------------------
Setting up environment variables
---
LD_LIBRARY_PATH is .:/apps/matlab/mcr/2020b/v99/runtime/glnxa64:/apps/matlab/mcr/2020b/v99/bin/glnxa64:/apps/matlab/mcr/2020b/v99/sys/os/glnxa64:/apps/matlab/mcr/2020b/v99/sys/opengl/lib/glnxa64
Warning: Executing startup failed in matlabrc.
This indicates a potentially serious problem in your MATLAB setup, which should be resolved as soon as possible.  Error detected was:
MATLAB:mpath:PathAlterationNotSupported
Modifying the search path is not supported by MATLAB Compiler. Remove functions that modify the search path from your MATLAB code. To make files visible to your deployed application, add the parent folder to your MATLAB session.
Warning: No stimulus domain specified. Defaulting to values between 0.01 and 1.
> In qpfmriParams (line 182)
In compiledSimulate (line 205)
Stimulus domain added from input.
Parameter slope specified as 0.41000
Parameter semiSat specified as 0.57000
Parameter beta specified as 1.00000
Parameter sigma specified as 0.15000
seed = 99seed = 104seed = 111seed = 111seed = 115seed = 101Initializing Q+. This may take a minute...
Elapsed time is 10.171909 seconds.
Simulated parameters:
slope: 0.410 semiSat: 0.570 beta: 1.000 sigma: 0.150 

Trial 1: baseline Stimulus Selection
Stimulus: 0.010
Output value 0.000

Q+ parameters
slope: 0.026 semiSat: 0.890 beta: 0.500 sigma: 0.010 
maxBOLD estimate = 1.000


Trial 2: maxBOLD Stimulus Selection
Stimulus: 1.000
Output value 1.136

Q+ parameters
slope: 0.043 semiSat: 0.780 beta: 1.250 sigma: 0.010 
maxBOLD estimate = 1.000


Trial 3: baseline Stimulus Selection
Stimulus: 0.010
Output value 0.110

Q+ parameters
slope: 0.043 semiSat: 0.780 beta: 0.969 sigma: 0.062 
maxBOLD estimate = 1.250


Trial 4: maxBOLD Stimulus Selection
Stimulus: 1.000
Output value 1.651

Q+ parameters
slope: 0.043 semiSat: 0.780 beta: 1.250 sigma: 0.114 
maxBOLD estimate = 1.211


Trial 5: baseline Stimulus Selection
Stimulus: 0.010
Output value -0.172

Q+ parameters
slope: 0.043 semiSat: 0.780 beta: 1.250 sigma: 0.166 
maxBOLD estimate = 1.514


Trial 6: maxBOLD Stimulus Selection
Stimulus: 1.000
Output value 1.333

Q+ parameters
slope: 0.043 semiSat: 0.780 beta: 0.969 sigma: 0.166 
maxBOLD estimate = 1.892


Trial 7: qplus Stimulus Selection
Stimulus: 0.505
Output value 0.000

Q+ parameters
slope: 0.089 semiSat: 0.890 beta: 1.125 sigma: 0.114 
maxBOLD estimate = 1.833


Trial 8: qplus Stimulus Selection
Stimulus: 0.711
Output value 1.406

Q+ parameters
slope: 0.616 semiSat: 0.560 beta: 0.750 sigma: 0.114 
maxBOLD estimate = 2.062


Trial 9: qplus Stimulus Selection
Stimulus: 0.629
Output value 1.793

Q+ parameters
slope: 0.616 semiSat: 0.560 beta: 1.062 sigma: 0.166 
maxBOLD estimate = 1.547


Trial 10: baseline Stimulus Selection
Stimulus: 0.010
Output value -0.159

Q+ parameters
slope: 0.616 semiSat: 0.560 beta: 1.062 sigma: 0.166 
maxBOLD estimate = 1.643


Trial 11: qplus Stimulus Selection
Stimulus: 0.588
Output value 0.655

Q+ parameters
slope: 0.379 semiSat: 0.560 beta: 1.031 sigma: 0.166 
maxBOLD estimate = 1.746


Trial 12: qplus Stimulus Selection
Stimulus: 0.505
Output value -0.169

Q+ parameters
slope: 0.379 semiSat: 0.560 beta: 1.031 sigma: 0.166 
maxBOLD estimate = 1.800


Trial 13: qplus Stimulus Selection
Stimulus: 0.588
Output value 0.591

Q+ parameters
slope: 0.379 semiSat: 0.560 beta: 0.875 sigma: 0.166 
maxBOLD estimate = 1.857


Trial 14: qplus Stimulus Selection
Stimulus: 0.629
Output value 1.523

Q+ parameters
slope: 0.379 semiSat: 0.560 beta: 1.031 sigma: 0.114 
maxBOLD estimate = 1.625


Trial 15: maxBOLD Stimulus Selection
Stimulus: 1.000
Output value 1.885

Q+ parameters
slope: 0.379 semiSat: 0.560 beta: 1.031 sigma: 0.114 
maxBOLD estimate = 1.675


Trial 16: qplus Stimulus Selection
Stimulus: 0.546
Output value 0.486

Q+ parameters
slope: 0.379 semiSat: 0.560 beta: 1.031 sigma: 0.114 
maxBOLD estimate = 1.728


Trial 17: qplus Stimulus Selection
Stimulus: 0.546
Output value 0.709

Q+ parameters
slope: 0.379 semiSat: 0.560 beta: 0.875 sigma: 0.114 
maxBOLD estimate = 1.782


Trial 18: qplus Stimulus Selection
Stimulus: 0.588
Output value 1.462

Q+ parameters
slope: 0.379 semiSat: 0.560 beta: 1.031 sigma: 0.114 
maxBOLD estimate = 1.559


Trial 19: qplus Stimulus Selection
Stimulus: 0.546
Output value 0.603

Q+ parameters
slope: 0.379 semiSat: 0.560 beta: 1.031 sigma: 0.114 
maxBOLD estimate = 1.608


Trial 20: baseline Stimulus Selection
Stimulus: 0.010
Output value 0.466

Q+ parameters
slope: 0.379 semiSat: 0.560 beta: 1.031 sigma: 0.166 
maxBOLD estimate = 1.658


Trial 21: qplus Stimulus Selection
Stimulus: 0.588
Output value 0.408

Q+ parameters
slope: 0.379 semiSat: 0.560 beta: 0.875 sigma: 0.166 
maxBOLD estimate = 1.710


Trial 22: qplus Stimulus Selection
Stimulus: 0.505
Output value -0.281

Q+ parameters
slope: 0.379 semiSat: 0.560 beta: 1.031 sigma: 0.114 
maxBOLD estimate = 1.496


Trial 23: qplus Stimulus Selection
Stimulus: 0.546
Output value 0.289

Q+ parameters
slope: 0.379 semiSat: 0.560 beta: 1.031 sigma: 0.114 
maxBOLD estimate = 1.543


Trial 24: qplus Stimulus Selection
Stimulus: 0.546
Output value 0.506

Q+ parameters
slope: 0.379 semiSat: 0.560 beta: 0.875 sigma: 0.114 
maxBOLD estimate = 1.591


Trial 25: maxBOLD Stimulus Selection
Stimulus: 1.000
Output value 1.709

Q+ parameters
slope: 0.379 semiSat: 0.560 beta: 1.125 sigma: 0.166 
maxBOLD estimate = 1.392


Trial 26: qplus Stimulus Selection
Stimulus: 0.546
Output value 0.881

Q+ parameters
slope: 0.379 semiSat: 0.560 beta: 1.031 sigma: 0.114 
maxBOLD estimate = 1.566


Trial 27: qplus Stimulus Selection
Stimulus: 0.588
Output value 1.666

Q+ parameters
slope: 0.379 semiSat: 0.560 beta: 1.031 sigma: 0.114 
maxBOLD estimate = 1.615


Trial 28: qplus Stimulus Selection
Stimulus: 0.588
Output value 1.405

Q+ parameters
slope: 0.379 semiSat: 0.560 beta: 1.031 sigma: 0.114 
maxBOLD estimate = 1.666


Trial 29: qplus Stimulus Selection
Stimulus: 0.588
Output value 1.771

Q+ parameters
slope: 0.379 semiSat: 0.560 beta: 1.031 sigma: 0.166 
maxBOLD estimate = 1.718


Trial 30: baseline Stimulus Selection
Stimulus: 0.010
Output value -0.166

Q+ parameters
slope: 0.379 semiSat: 0.560 beta: 1.031 sigma: 0.114 
maxBOLD estimate = 1.771

--------------------------------------------------------------
FINAL VALUES
--------------------------------------------------------------
Simulated parameters:              slope: 0.410 semiSat: 0.570 beta: 1.000 sigma: 0.150 
Max posterior QUEST+ parameters:   slope: 0.379 semiSat: 0.560 beta: 0.750 sigma: 0.114 
Max BADS parameters:               slope: 0.263 semiSat: 0.585 beta: 1.000 sigma: 0.137 
maxBOLD estimate: 2.151
