/blue/stevenweisberg/stevenweisberg/MATLAB/projects/Weisberg_Aguirre_2020/scripts/run_sims
c0700a-s1.ufhpc
Tue Apr  6 17:27:03 EDT 2021
mkdir: cannot create directory ‘/blue/stevenweisberg/stevenweisberg/qpfMRIResults/model_parameter_set2/’: File exists
cp: cannot stat ‘/blue/stevenweisberg/stevenweisberg/qpfMRIResults/deploy_sim.sh’: No such file or directory
cp: cannot stat ‘/blue/stevenweisberg/stevenweisberg/qpfMRIResults/sim_wrapper.sh’: No such file or directory
------------------------------------------
Setting up environment variables
---
LD_LIBRARY_PATH is .:/apps/matlab/mcr/2020b/v99/runtime/glnxa64:/apps/matlab/mcr/2020b/v99/bin/glnxa64:/apps/matlab/mcr/2020b/v99/sys/os/glnxa64:/apps/matlab/mcr/2020b/v99/sys/opengl/lib/glnxa64
Warning: Executing startup failed in matlabrc.
This indicates a potentially serious problem in your MATLAB setup, which should be resolved as soon as possible.  Error detected was:
MATLAB:mpath:PathAlterationNotSupported
Modifying the search path is not supported by MATLAB Compiler. Remove functions that modify the search path from your MATLAB code. To make files visible to your deployed application, add the parent folder to your MATLAB session.
Warning: No stimulus domain specified. Defaulting to values between 0.01 and 1.
> In qpfmriParams (line 182)
In compiledSimulate (line 205)
Stimulus domain added from input.
Parameter slope specified as 0.20000
Parameter semiSat specified as 0.57000
Parameter beta specified as 1.00000
Parameter sigma specified as 0.05000
seed = 99seed = 104seed = 111seed = 111seed = 115seed = 101Warning: Directory already exists.
> In simulate (line 116)
In compiledSimulate (line 275)
Initializing Q+. This may take a minute...
Elapsed time is 7.073028 seconds.
Simulated parameters:
slope: 0.200 semiSat: 0.570 beta: 1.000 sigma: 0.050 

Trial 1: baseline Stimulus Selection
Stimulus: 0.010
Output value 0.000

Q+ parameters
slope: 0.026 semiSat: 0.890 beta: 0.500 sigma: 0.010 
maxBOLD estimate = 1.000


Trial 2: maxBOLD Stimulus Selection
Stimulus: 1.000
Output value 1.364

Q+ parameters
slope: 0.055 semiSat: 0.670 beta: 1.250 sigma: 0.010 
maxBOLD estimate = 1.000


Trial 3: baseline Stimulus Selection
Stimulus: 0.010
Output value -0.142

Q+ parameters
slope: 0.055 semiSat: 0.670 beta: 1.250 sigma: 0.062 
maxBOLD estimate = 1.250


Trial 4: maxBOLD Stimulus Selection
Stimulus: 1.000
Output value 1.776

Q+ parameters
slope: 0.043 semiSat: 0.780 beta: 1.250 sigma: 0.062 
maxBOLD estimate = 1.562


Trial 5: baseline Stimulus Selection
Stimulus: 0.010
Output value 0.000

Q+ parameters
slope: 0.043 semiSat: 0.780 beta: 0.969 sigma: 0.062 
maxBOLD estimate = 1.953


Trial 6: maxBOLD Stimulus Selection
Stimulus: 1.000
Output value 1.742

Q+ parameters
slope: 0.043 semiSat: 0.780 beta: 1.125 sigma: 0.062 
maxBOLD estimate = 1.892


Trial 7: qplus Stimulus Selection
Stimulus: 0.629
Output value 0.871

Q+ parameters
slope: 0.070 semiSat: 0.450 beta: 0.750 sigma: 0.062 
maxBOLD estimate = 2.129


Trial 8: qplus Stimulus Selection
Stimulus: 0.423
Output value 0.136

Q+ parameters
slope: 0.144 semiSat: 0.560 beta: 0.938 sigma: 0.062 
maxBOLD estimate = 1.596


Trial 9: qplus Stimulus Selection
Stimulus: 0.505
Output value 0.132

Q+ parameters
slope: 0.379 semiSat: 0.560 beta: 0.969 sigma: 0.062 
maxBOLD estimate = 1.497


Trial 10: baseline Stimulus Selection
Stimulus: 0.010
Output value -0.140

Q+ parameters
slope: 0.298 semiSat: 0.560 beta: 1.062 sigma: 0.062 
maxBOLD estimate = 1.450


Trial 11: qplus Stimulus Selection
Stimulus: 0.588
Output value 0.950

Q+ parameters
slope: 0.234 semiSat: 0.560 beta: 0.969 sigma: 0.062 
maxBOLD estimate = 1.541


Trial 12: qplus Stimulus Selection
Stimulus: 0.505
Output value 0.577

Q+ parameters
slope: 0.183 semiSat: 0.560 beta: 1.062 sigma: 0.062 
maxBOLD estimate = 1.492


Trial 13: qplus Stimulus Selection
Stimulus: 0.629
Output value 0.757

Q+ parameters
slope: 0.144 semiSat: 0.560 beta: 0.875 sigma: 0.062 
maxBOLD estimate = 1.586


Trial 14: qplus Stimulus Selection
Stimulus: 0.794
Output value 1.608

Q+ parameters
slope: 0.234 semiSat: 0.560 beta: 1.062 sigma: 0.062 
maxBOLD estimate = 1.387


Trial 15: maxBOLD Stimulus Selection
Stimulus: 1.000
Output value 1.709

Q+ parameters
slope: 0.183 semiSat: 0.560 beta: 1.062 sigma: 0.062 
maxBOLD estimate = 1.474


Trial 16: qplus Stimulus Selection
Stimulus: 0.505
Output value 0.712

Q+ parameters
slope: 0.183 semiSat: 0.560 beta: 1.000 sigma: 0.062 
maxBOLD estimate = 1.566


Trial 17: qplus Stimulus Selection
Stimulus: 0.670
Output value 1.282

Q+ parameters
slope: 0.144 semiSat: 0.560 beta: 1.000 sigma: 0.062 
maxBOLD estimate = 1.566


Trial 18: qplus Stimulus Selection
Stimulus: 0.670
Output value 1.241

Q+ parameters
slope: 0.234 semiSat: 0.560 beta: 0.969 sigma: 0.062 
maxBOLD estimate = 1.566


Trial 19: qplus Stimulus Selection
Stimulus: 0.505
Output value 0.293

Q+ parameters
slope: 0.183 semiSat: 0.560 beta: 1.062 sigma: 0.062 
maxBOLD estimate = 1.517


Trial 20: baseline Stimulus Selection
Stimulus: 0.010
Output value 0.000

Q+ parameters
slope: 0.234 semiSat: 0.560 beta: 0.875 sigma: 0.062 
maxBOLD estimate = 1.612


Trial 21: qplus Stimulus Selection
Stimulus: 0.711
Output value 1.363

Q+ parameters
slope: 0.234 semiSat: 0.560 beta: 1.062 sigma: 0.062 
maxBOLD estimate = 1.411


Trial 22: qplus Stimulus Selection
Stimulus: 0.423
Output value -0.145

Q+ parameters
slope: 0.183 semiSat: 0.560 beta: 1.062 sigma: 0.062 
maxBOLD estimate = 1.499


Trial 23: qplus Stimulus Selection
Stimulus: 0.711
Output value 1.402

Q+ parameters
slope: 0.234 semiSat: 0.560 beta: 0.969 sigma: 0.062 
maxBOLD estimate = 1.593


Trial 24: qplus Stimulus Selection
Stimulus: 0.505
Output value 0.421

Q+ parameters
slope: 0.183 semiSat: 0.560 beta: 1.000 sigma: 0.062 
maxBOLD estimate = 1.543


Trial 25: maxBOLD Stimulus Selection
Stimulus: 1.000
Output value 1.788

Q+ parameters
slope: 0.183 semiSat: 0.560 beta: 1.062 sigma: 0.062 
maxBOLD estimate = 1.543


Trial 26: qplus Stimulus Selection
Stimulus: 0.629
Output value 0.978

Q+ parameters
slope: 0.183 semiSat: 0.560 beta: 0.938 sigma: 0.062 
maxBOLD estimate = 1.639


Trial 27: qplus Stimulus Selection
Stimulus: 0.381
Output value -0.140

Q+ parameters
slope: 0.183 semiSat: 0.560 beta: 1.000 sigma: 0.062 
maxBOLD estimate = 1.537


Trial 28: qplus Stimulus Selection
Stimulus: 0.711
Output value 1.397

Q+ parameters
slope: 0.183 semiSat: 0.560 beta: 1.000 sigma: 0.062 
maxBOLD estimate = 1.537


Trial 29: qplus Stimulus Selection
Stimulus: 0.629
Output value 1.336

Q+ parameters
slope: 0.183 semiSat: 0.560 beta: 1.062 sigma: 0.062 
maxBOLD estimate = 1.537


Trial 30: baseline Stimulus Selection
Stimulus: 0.010
Output value 0.000

Q+ parameters
slope: 0.183 semiSat: 0.560 beta: 0.938 sigma: 0.062 
maxBOLD estimate = 1.633


Trial 31: qplus Stimulus Selection
Stimulus: 0.588
Output value 1.035

Q+ parameters
slope: 0.183 semiSat: 0.560 beta: 1.062 sigma: 0.062 
maxBOLD estimate = 1.531


Trial 32: qplus Stimulus Selection
Stimulus: 0.711
Output value 1.248

Q+ parameters
slope: 0.183 semiSat: 0.560 beta: 0.938 sigma: 0.062 
maxBOLD estimate = 1.626


Trial 33: qplus Stimulus Selection
Stimulus: 0.588
Output value 1.031

Q+ parameters
slope: 0.183 semiSat: 0.560 beta: 1.062 sigma: 0.062 
maxBOLD estimate = 1.525


Trial 34: qplus Stimulus Selection
Stimulus: 0.711
Output value 1.243

Q+ parameters
slope: 0.183 semiSat: 0.560 beta: 0.938 sigma: 0.062 
maxBOLD estimate = 1.620


Trial 35: maxBOLD Stimulus Selection
Stimulus: 1.000
Output value 1.614

Q+ parameters
slope: 0.183 semiSat: 0.560 beta: 1.062 sigma: 0.062 
maxBOLD estimate = 1.519


Trial 36: qplus Stimulus Selection
Stimulus: 0.794
Output value 1.375

Q+ parameters
slope: 0.183 semiSat: 0.560 beta: 0.938 sigma: 0.062 
maxBOLD estimate = 1.614


Trial 37: qplus Stimulus Selection
Stimulus: 0.588
Output value 0.877

Q+ parameters
slope: 0.183 semiSat: 0.560 beta: 1.062 sigma: 0.062 
maxBOLD estimate = 1.513


Trial 38: qplus Stimulus Selection
Stimulus: 0.794
Output value 1.370

Q+ parameters
slope: 0.183 semiSat: 0.560 beta: 0.938 sigma: 0.062 
maxBOLD estimate = 1.607


Trial 39: qplus Stimulus Selection
Stimulus: 0.588
Output value 0.728

Q+ parameters
slope: 0.183 semiSat: 0.560 beta: 1.062 sigma: 0.062 
maxBOLD estimate = 1.507


Trial 40: baseline Stimulus Selection
Stimulus: 0.010
Output value -0.146

Q+ parameters
slope: 0.183 semiSat: 0.560 beta: 1.000 sigma: 0.062 
maxBOLD estimate = 1.601


Trial 41: qplus Stimulus Selection
Stimulus: 0.670
Output value 1.638

Q+ parameters
slope: 0.183 semiSat: 0.560 beta: 0.938 sigma: 0.062 
maxBOLD estimate = 1.601


Trial 42: qplus Stimulus Selection
Stimulus: 0.588
Output value 1.160

Q+ parameters
slope: 0.183 semiSat: 0.560 beta: 1.062 sigma: 0.062 
maxBOLD estimate = 1.501


Trial 43: qplus Stimulus Selection
Stimulus: 0.505
Output value 0.816

Q+ parameters
slope: 0.183 semiSat: 0.560 beta: 0.938 sigma: 0.062 
maxBOLD estimate = 1.595


Trial 44: qplus Stimulus Selection
Stimulus: 0.381
Output value 0.144

Q+ parameters
slope: 0.183 semiSat: 0.560 beta: 1.062 sigma: 0.062 
maxBOLD estimate = 1.495


Trial 45: maxBOLD Stimulus Selection
Stimulus: 1.000
Output value 1.679

Q+ parameters
slope: 0.144 semiSat: 0.560 beta: 0.969 sigma: 0.062 
maxBOLD estimate = 1.589


Trial 46: qplus Stimulus Selection
Stimulus: 0.588
Output value 0.979

Q+ parameters
slope: 0.183 semiSat: 0.560 beta: 1.000 sigma: 0.062 
maxBOLD estimate = 1.539


Trial 47: qplus Stimulus Selection
Stimulus: 0.505
Output value 0.420

Q+ parameters
slope: 0.183 semiSat: 0.560 beta: 1.000 sigma: 0.062 
maxBOLD estimate = 1.539


Trial 48: qplus Stimulus Selection
Stimulus: 0.505
Output value 0.743

Q+ parameters
slope: 0.144 semiSat: 0.560 beta: 1.062 sigma: 0.062 
maxBOLD estimate = 1.539


Trial 49: qplus Stimulus Selection
Stimulus: 0.505
Output value 0.432

Q+ parameters
slope: 0.144 semiSat: 0.560 beta: 0.969 sigma: 0.062 
maxBOLD estimate = 1.635


Trial 50: baseline Stimulus Selection
Stimulus: 0.010
Output value 0.140

Q+ parameters
slope: 0.144 semiSat: 0.560 beta: 0.969 sigma: 0.062 
maxBOLD estimate = 1.584


Trial 51: qplus Stimulus Selection
Stimulus: 0.959
Output value 1.622

Q+ parameters
slope: 0.144 semiSat: 0.560 beta: 0.969 sigma: 0.062 
maxBOLD estimate = 1.535


Trial 52: qplus Stimulus Selection
Stimulus: 0.588
Output value 1.149

Q+ parameters
slope: 0.183 semiSat: 0.560 beta: 1.062 sigma: 0.062 
maxBOLD estimate = 1.487


Trial 53: qplus Stimulus Selection
Stimulus: 0.794
Output value 1.723

Q+ parameters
slope: 0.144 semiSat: 0.560 beta: 1.000 sigma: 0.062 
maxBOLD estimate = 1.580


Trial 54: qplus Stimulus Selection
Stimulus: 0.381
Output value 0.287

Q+ parameters
slope: 0.144 semiSat: 0.560 beta: 1.000 sigma: 0.062 
maxBOLD estimate = 1.580


Trial 55: maxBOLD Stimulus Selection
Stimulus: 1.000
Output value 1.723

Q+ parameters
slope: 0.144 semiSat: 0.560 beta: 1.000 sigma: 0.062 
maxBOLD estimate = 1.580


Trial 56: qplus Stimulus Selection
Stimulus: 0.588
Output value 1.149

Q+ parameters
slope: 0.144 semiSat: 0.560 beta: 1.000 sigma: 0.062 
maxBOLD estimate = 1.580


Trial 57: qplus Stimulus Selection
Stimulus: 0.588
Output value 1.005

Q+ parameters
slope: 0.144 semiSat: 0.560 beta: 1.000 sigma: 0.062 
maxBOLD estimate = 1.580


Trial 58: qplus Stimulus Selection
Stimulus: 0.588
Output value 0.862

Q+ parameters
slope: 0.144 semiSat: 0.560 beta: 1.000 sigma: 0.062 
maxBOLD estimate = 1.580


Trial 59: qplus Stimulus Selection
Stimulus: 0.588
Output value 1.149

Q+ parameters
slope: 0.144 semiSat: 0.560 beta: 1.000 sigma: 0.062 
maxBOLD estimate = 1.580


Trial 60: baseline Stimulus Selection
Stimulus: 0.010
Output value 0.287

Q+ parameters
slope: 0.144 semiSat: 0.560 beta: 1.000 sigma: 0.062 
maxBOLD estimate = 1.580


Trial 61: qplus Stimulus Selection
Stimulus: 0.588
Output value 0.862

Q+ parameters
slope: 0.144 semiSat: 0.560 beta: 1.000 sigma: 0.062 
maxBOLD estimate = 1.580


Trial 62: qplus Stimulus Selection
Stimulus: 0.588
Output value 1.149

Q+ parameters
slope: 0.144 semiSat: 0.560 beta: 1.000 sigma: 0.062 
maxBOLD estimate = 1.580


Trial 63: qplus Stimulus Selection
Stimulus: 0.381
Output value 0.144

Q+ parameters
slope: 0.144 semiSat: 0.560 beta: 1.000 sigma: 0.062 
maxBOLD estimate = 1.580


Trial 64: qplus Stimulus Selection
Stimulus: 0.381
Output value 0.287

Q+ parameters
slope: 0.144 semiSat: 0.560 beta: 1.000 sigma: 0.062 
maxBOLD estimate = 1.580


Trial 65: maxBOLD Stimulus Selection
Stimulus: 1.000
Output value 1.436

Q+ parameters
slope: 0.144 semiSat: 0.560 beta: 1.000 sigma: 0.062 
maxBOLD estimate = 1.580


Trial 66: qplus Stimulus Selection
Stimulus: 0.588
Output value 1.149

Q+ parameters
slope: 0.144 semiSat: 0.560 beta: 1.000 sigma: 0.062 
maxBOLD estimate = 1.580


Trial 67: qplus Stimulus Selection
Stimulus: 0.381
Output value 0.287

Q+ parameters
slope: 0.144 semiSat: 0.560 beta: 1.000 sigma: 0.062 
maxBOLD estimate = 1.580


Trial 68: qplus Stimulus Selection
Stimulus: 0.588
Output value 1.005

Q+ parameters
slope: 0.144 semiSat: 0.560 beta: 1.000 sigma: 0.062 
maxBOLD estimate = 1.580


Trial 69: qplus Stimulus Selection
Stimulus: 0.381
Output value 0.144

Q+ parameters
slope: 0.144 semiSat: 0.560 beta: 1.000 sigma: 0.062 
maxBOLD estimate = 1.580


Trial 70: baseline Stimulus Selection
Stimulus: 0.010
Output value 0.144

Q+ parameters
slope: 0.144 semiSat: 0.560 beta: 1.000 sigma: 0.062 
maxBOLD estimate = 1.580


Trial 71: qplus Stimulus Selection
Stimulus: 0.381
Output value 0.144

Q+ parameters
slope: 0.144 semiSat: 0.560 beta: 1.000 sigma: 0.062 
maxBOLD estimate = 1.580


Trial 72: qplus Stimulus Selection
Stimulus: 0.588
Output value 0.862

Q+ parameters
slope: 0.144 semiSat: 0.560 beta: 1.000 sigma: 0.062 
maxBOLD estimate = 1.580


Trial 73: qplus Stimulus Selection
Stimulus: 0.588
Output value 1.005

Q+ parameters
slope: 0.144 semiSat: 0.560 beta: 1.000 sigma: 0.062 
maxBOLD estimate = 1.580


Trial 74: qplus Stimulus Selection
Stimulus: 0.588
Output value 0.718

Q+ parameters
slope: 0.144 semiSat: 0.560 beta: 1.000 sigma: 0.062 
maxBOLD estimate = 1.580


Trial 75: maxBOLD Stimulus Selection
Stimulus: 1.000
Output value 1.723

Q+ parameters
slope: 0.144 semiSat: 0.560 beta: 1.000 sigma: 0.062 
maxBOLD estimate = 1.580


Trial 76: qplus Stimulus Selection
Stimulus: 0.588
Output value 0.862

Q+ parameters
slope: 0.144 semiSat: 0.560 beta: 1.000 sigma: 0.062 
maxBOLD estimate = 1.580


Trial 77: qplus Stimulus Selection
Stimulus: 0.588
Output value 1.005

Q+ parameters
slope: 0.144 semiSat: 0.560 beta: 1.000 sigma: 0.062 
maxBOLD estimate = 1.580


Trial 78: qplus Stimulus Selection
Stimulus: 0.588
Output value 0.862

Q+ parameters
slope: 0.144 semiSat: 0.560 beta: 1.000 sigma: 0.062 
maxBOLD estimate = 1.580


Trial 79: qplus Stimulus Selection
Stimulus: 0.588
Output value 1.292

Q+ parameters
slope: 0.144 semiSat: 0.560 beta: 1.000 sigma: 0.062 
maxBOLD estimate = 1.580


Trial 80: baseline Stimulus Selection
Stimulus: 0.010
Output value 0.144

Q+ parameters
slope: 0.144 semiSat: 0.560 beta: 1.000 sigma: 0.062 
maxBOLD estimate = 1.580


Trial 81: qplus Stimulus Selection
Stimulus: 0.588
Output value 1.005

Q+ parameters
slope: 0.144 semiSat: 0.560 beta: 1.000 sigma: 0.062 
maxBOLD estimate = 1.580


Trial 82: qplus Stimulus Selection
Stimulus: 0.381
Output value -0.144

Q+ parameters
slope: 0.144 semiSat: 0.560 beta: 1.000 sigma: 0.062 
maxBOLD estimate = 1.580


Trial 83: qplus Stimulus Selection
Stimulus: 0.381
Output value 0.287

Q+ parameters
slope: 0.144 semiSat: 0.560 beta: 1.000 sigma: 0.062 
maxBOLD estimate = 1.580


Trial 84: qplus Stimulus Selection
Stimulus: 0.588
Output value 1.149

Q+ parameters
slope: 0.144 semiSat: 0.560 beta: 1.000 sigma: 0.062 
maxBOLD estimate = 1.580


Trial 85: maxBOLD Stimulus Selection
Stimulus: 1.000
Output value 1.580

Q+ parameters
slope: 0.144 semiSat: 0.560 beta: 1.000 sigma: 0.062 
maxBOLD estimate = 1.580


Trial 86: qplus Stimulus Selection
Stimulus: 0.381
Output value 0.287

Q+ parameters
slope: 0.144 semiSat: 0.560 beta: 1.000 sigma: 0.062 
maxBOLD estimate = 1.580


Trial 87: qplus Stimulus Selection
Stimulus: 0.505
Output value 0.287

Q+ parameters
slope: 0.144 semiSat: 0.560 beta: 1.000 sigma: 0.062 
maxBOLD estimate = 1.580


Trial 88: qplus Stimulus Selection
Stimulus: 0.381
Output value 0.431

Q+ parameters
slope: 0.144 semiSat: 0.560 beta: 1.000 sigma: 0.062 
maxBOLD estimate = 1.580


Trial 89: qplus Stimulus Selection
Stimulus: 0.588
Output value 1.005

Q+ parameters
slope: 0.144 semiSat: 0.560 beta: 1.000 sigma: 0.062 
maxBOLD estimate = 1.580


Trial 90: baseline Stimulus Selection
Stimulus: 0.010
Output value 0.144

Q+ parameters
slope: 0.144 semiSat: 0.560 beta: 1.000 sigma: 0.062 
maxBOLD estimate = 1.580


Trial 91: qplus Stimulus Selection
Stimulus: 0.588
Output value 1.149

Q+ parameters
slope: 0.144 semiSat: 0.560 beta: 1.000 sigma: 0.062 
maxBOLD estimate = 1.580


Trial 92: qplus Stimulus Selection
Stimulus: 0.588
Output value 0.862

Q+ parameters
slope: 0.144 semiSat: 0.560 beta: 1.000 sigma: 0.062 
maxBOLD estimate = 1.580


Trial 93: qplus Stimulus Selection
Stimulus: 0.588
Output value 1.005

Q+ parameters
slope: 0.144 semiSat: 0.560 beta: 1.000 sigma: 0.062 
maxBOLD estimate = 1.580


Trial 94: qplus Stimulus Selection
Stimulus: 0.588
Output value 0.862

Q+ parameters
slope: 0.144 semiSat: 0.560 beta: 1.000 sigma: 0.062 
maxBOLD estimate = 1.580


Trial 95: maxBOLD Stimulus Selection
Stimulus: 1.000
Output value 1.580

Q+ parameters
slope: 0.144 semiSat: 0.560 beta: 1.000 sigma: 0.062 
maxBOLD estimate = 1.580


Trial 96: qplus Stimulus Selection
Stimulus: 0.588
Output value 1.292

Q+ parameters
slope: 0.144 semiSat: 0.560 beta: 1.000 sigma: 0.062 
maxBOLD estimate = 1.580


Trial 97: qplus Stimulus Selection
Stimulus: 0.381
Output value 0.000

Q+ parameters
slope: 0.144 semiSat: 0.560 beta: 1.000 sigma: 0.062 
maxBOLD estimate = 1.580


Trial 98: qplus Stimulus Selection
Stimulus: 0.381
Output value 0.144

Q+ parameters
slope: 0.144 semiSat: 0.560 beta: 1.000 sigma: 0.062 
maxBOLD estimate = 1.580


Trial 99: qplus Stimulus Selection
Stimulus: 0.505
Output value 0.144

Q+ parameters
slope: 0.144 semiSat: 0.560 beta: 1.000 sigma: 0.062 
maxBOLD estimate = 1.580


Trial 100: baseline Stimulus Selection
Stimulus: 0.010
Output value 0.144

Q+ parameters
slope: 0.144 semiSat: 0.560 beta: 1.000 sigma: 0.062 
maxBOLD estimate = 1.580

--------------------------------------------------------------
FINAL VALUES
--------------------------------------------------------------
Simulated parameters:              slope: 0.200 semiSat: 0.570 beta: 1.000 sigma: 0.050 
Max posterior QUEST+ parameters:   slope: 0.144 semiSat: 0.560 beta: 1.000 sigma: 0.062 
Max BADS parameters:               slope: 0.141 semiSat: 0.561 beta: 1.000 sigma: 0.063 
maxBOLD estimate: 1.599
