/blue/stevenweisberg/stevenweisberg/MATLAB/projects/Weisberg_Aguirre_2020/scripts/run_sims
c0700a-s1.ufhpc
Tue Apr  6 18:25:36 EDT 2021
mkdir: cannot create directory ‘/blue/stevenweisberg/stevenweisberg/qpfMRIResults/model_parameter_set2/’: File exists
cp: cannot stat ‘/blue/stevenweisberg/stevenweisberg/qpfMRIResults/deploy_sim.sh’: No such file or directory
cp: cannot stat ‘/blue/stevenweisberg/stevenweisberg/qpfMRIResults/sim_wrapper.sh’: No such file or directory
------------------------------------------
Setting up environment variables
---
LD_LIBRARY_PATH is .:/apps/matlab/mcr/2020b/v99/runtime/glnxa64:/apps/matlab/mcr/2020b/v99/bin/glnxa64:/apps/matlab/mcr/2020b/v99/sys/os/glnxa64:/apps/matlab/mcr/2020b/v99/sys/opengl/lib/glnxa64
Warning: Executing startup failed in matlabrc.
This indicates a potentially serious problem in your MATLAB setup, which should be resolved as soon as possible.  Error detected was:
MATLAB:mpath:PathAlterationNotSupported
Modifying the search path is not supported by MATLAB Compiler. Remove functions that modify the search path from your MATLAB code. To make files visible to your deployed application, add the parent folder to your MATLAB session.
Warning: No stimulus domain specified. Defaulting to values between 0.01 and 1.
> In qpfmriParams (line 182)
In compiledSimulate (line 205)
Stimulus domain added from input.
Parameter slope specified as 0.20000
Parameter semiSat specified as 0.57000
Parameter beta specified as 1.00000
Parameter sigma specified as 0.05000
seed = 99seed = 104seed = 111seed = 111seed = 115seed = 101Initializing Q+. This may take a minute...
Elapsed time is 6.931920 seconds.
Simulated parameters:
slope: 0.200 semiSat: 0.570 beta: 1.000 sigma: 0.050 

Trial 1: baseline Stimulus Selection
Stimulus: 0.010
Output value 0.000

Q+ parameters
slope: 0.026 semiSat: 0.890 beta: 0.500 sigma: 0.010 
maxBOLD estimate = 1.000


Trial 2: maxBOLD Stimulus Selection
Stimulus: 1.000
Output value 1.364

Q+ parameters
slope: 0.055 semiSat: 0.670 beta: 1.250 sigma: 0.010 
maxBOLD estimate = 1.000


Trial 3: baseline Stimulus Selection
Stimulus: 0.010
Output value -0.142

Q+ parameters
slope: 0.055 semiSat: 0.670 beta: 1.250 sigma: 0.062 
maxBOLD estimate = 1.250


Trial 4: maxBOLD Stimulus Selection
Stimulus: 1.000
Output value 1.953

Q+ parameters
slope: 0.055 semiSat: 0.670 beta: 1.250 sigma: 0.062 
maxBOLD estimate = 1.562


Trial 5: baseline Stimulus Selection
Stimulus: 0.010
Output value -0.222

Q+ parameters
slope: 0.043 semiSat: 0.780 beta: 1.250 sigma: 0.062 
maxBOLD estimate = 1.953


Trial 6: maxBOLD Stimulus Selection
Stimulus: 1.000
Output value 1.720

Q+ parameters
slope: 0.043 semiSat: 0.780 beta: 0.969 sigma: 0.062 
maxBOLD estimate = 2.441


Trial 7: qplus Stimulus Selection
Stimulus: 0.711
Output value 1.290

Q+ parameters
slope: 0.089 semiSat: 0.340 beta: 0.750 sigma: 0.062 
maxBOLD estimate = 2.365


Trial 8: qplus Stimulus Selection
Stimulus: 0.340
Output value 0.156

Q+ parameters
slope: 0.183 semiSat: 0.450 beta: 0.969 sigma: 0.062 
maxBOLD estimate = 1.774


Trial 9: qplus Stimulus Selection
Stimulus: 0.546
Output value 0.806

Q+ parameters
slope: 0.183 semiSat: 0.560 beta: 1.031 sigma: 0.062 
maxBOLD estimate = 1.718


Trial 10: baseline Stimulus Selection
Stimulus: 0.010
Output value 0.151

Q+ parameters
slope: 0.234 semiSat: 0.560 beta: 0.938 sigma: 0.062 
maxBOLD estimate = 1.772


Trial 11: qplus Stimulus Selection
Stimulus: 0.505
Output value 0.439

Q+ parameters
slope: 0.298 semiSat: 0.560 beta: 0.969 sigma: 0.062 
maxBOLD estimate = 1.661


Trial 12: qplus Stimulus Selection
Stimulus: 0.629
Output value 1.207

Q+ parameters
slope: 0.183 semiSat: 0.560 beta: 1.031 sigma: 0.062 
maxBOLD estimate = 1.609


Trial 13: qplus Stimulus Selection
Stimulus: 0.505
Output value 0.146

Q+ parameters
slope: 0.298 semiSat: 0.560 beta: 0.969 sigma: 0.062 
maxBOLD estimate = 1.660


Trial 14: qplus Stimulus Selection
Stimulus: 0.670
Output value 1.316

Q+ parameters
slope: 0.234 semiSat: 0.560 beta: 1.000 sigma: 0.062 
maxBOLD estimate = 1.608


Trial 15: maxBOLD Stimulus Selection
Stimulus: 1.000
Output value 1.754

Q+ parameters
slope: 0.234 semiSat: 0.560 beta: 1.000 sigma: 0.062 
maxBOLD estimate = 1.608


Trial 16: qplus Stimulus Selection
Stimulus: 0.629
Output value 1.023

Q+ parameters
slope: 0.234 semiSat: 0.560 beta: 1.000 sigma: 0.062 
maxBOLD estimate = 1.608


Trial 17: qplus Stimulus Selection
Stimulus: 0.670
Output value 1.133

Q+ parameters
slope: 0.144 semiSat: 0.560 beta: 0.969 sigma: 0.062 
maxBOLD estimate = 1.608


Trial 18: qplus Stimulus Selection
Stimulus: 0.588
Output value 0.850

Q+ parameters
slope: 0.234 semiSat: 0.560 beta: 1.000 sigma: 0.062 
maxBOLD estimate = 1.558


Trial 19: qplus Stimulus Selection
Stimulus: 0.505
Output value 0.142

Q+ parameters
slope: 0.234 semiSat: 0.560 beta: 1.000 sigma: 0.062 
maxBOLD estimate = 1.558


Trial 20: baseline Stimulus Selection
Stimulus: 0.010
Output value -0.283

Q+ parameters
slope: 0.234 semiSat: 0.560 beta: 1.000 sigma: 0.062 
maxBOLD estimate = 1.558


Trial 21: qplus Stimulus Selection
Stimulus: 0.505
Output value 0.283

Q+ parameters
slope: 0.234 semiSat: 0.560 beta: 1.000 sigma: 0.062 
maxBOLD estimate = 1.558


Trial 22: qplus Stimulus Selection
Stimulus: 0.546
Output value 0.549

Q+ parameters
slope: 0.298 semiSat: 0.560 beta: 0.969 sigma: 0.062 
maxBOLD estimate = 1.558


Trial 23: qplus Stimulus Selection
Stimulus: 0.546
Output value 0.399

Q+ parameters
slope: 0.298 semiSat: 0.560 beta: 0.969 sigma: 0.062 
maxBOLD estimate = 1.509


Trial 24: qplus Stimulus Selection
Stimulus: 0.546
Output value 0.847

Q+ parameters
slope: 0.183 semiSat: 0.560 beta: 1.062 sigma: 0.062 
maxBOLD estimate = 1.462


Trial 25: maxBOLD Stimulus Selection
Stimulus: 1.000
Output value 1.505

Q+ parameters
slope: 0.298 semiSat: 0.560 beta: 0.969 sigma: 0.062 
maxBOLD estimate = 1.553


Trial 26: qplus Stimulus Selection
Stimulus: 0.546
Output value 0.727

Q+ parameters
slope: 0.183 semiSat: 0.560 beta: 1.062 sigma: 0.062 
maxBOLD estimate = 1.505


Trial 27: qplus Stimulus Selection
Stimulus: 0.505
Output value 0.282

Q+ parameters
slope: 0.298 semiSat: 0.560 beta: 0.969 sigma: 0.062 
maxBOLD estimate = 1.599


Trial 28: qplus Stimulus Selection
Stimulus: 0.546
Output value 0.682

Q+ parameters
slope: 0.298 semiSat: 0.560 beta: 0.969 sigma: 0.062 
maxBOLD estimate = 1.549


Trial 29: qplus Stimulus Selection
Stimulus: 0.546
Output value 0.725

Q+ parameters
slope: 0.183 semiSat: 0.560 beta: 1.062 sigma: 0.062 
maxBOLD estimate = 1.500


Trial 30: baseline Stimulus Selection
Stimulus: 0.010
Output value -0.145

Q+ parameters
slope: 0.234 semiSat: 0.560 beta: 1.000 sigma: 0.062 
maxBOLD estimate = 1.594


Trial 31: qplus Stimulus Selection
Stimulus: 0.546
Output value 0.421

Q+ parameters
slope: 0.298 semiSat: 0.560 beta: 0.969 sigma: 0.062 
maxBOLD estimate = 1.594


Trial 32: qplus Stimulus Selection
Stimulus: 0.711
Output value 1.224

Q+ parameters
slope: 0.298 semiSat: 0.560 beta: 0.969 sigma: 0.062 
maxBOLD estimate = 1.544


Trial 33: qplus Stimulus Selection
Stimulus: 0.711
Output value 1.445

Q+ parameters
slope: 0.183 semiSat: 0.560 beta: 1.062 sigma: 0.062 
maxBOLD estimate = 1.496


Trial 34: qplus Stimulus Selection
Stimulus: 0.794
Output value 1.540

Q+ parameters
slope: 0.234 semiSat: 0.560 beta: 0.969 sigma: 0.062 
maxBOLD estimate = 1.589


Trial 35: maxBOLD Stimulus Selection
Stimulus: 1.000
Output value 1.627

Q+ parameters
slope: 0.234 semiSat: 0.560 beta: 0.969 sigma: 0.062 
maxBOLD estimate = 1.540


Trial 36: qplus Stimulus Selection
Stimulus: 0.711
Output value 1.585

Q+ parameters
slope: 0.183 semiSat: 0.560 beta: 1.062 sigma: 0.062 
maxBOLD estimate = 1.492


Trial 37: qplus Stimulus Selection
Stimulus: 0.423
Output value 0.279

Q+ parameters
slope: 0.298 semiSat: 0.560 beta: 0.969 sigma: 0.062 
maxBOLD estimate = 1.585


Trial 38: qplus Stimulus Selection
Stimulus: 0.711
Output value 1.631

Q+ parameters
slope: 0.183 semiSat: 0.560 beta: 1.062 sigma: 0.062 
maxBOLD estimate = 1.535


Trial 39: qplus Stimulus Selection
Stimulus: 0.505
Output value 0.890

Q+ parameters
slope: 0.089 semiSat: 0.670 beta: 1.500 sigma: 0.062 
maxBOLD estimate = 1.631


Trial 40: baseline Stimulus Selection
Stimulus: 0.010
Output value 0.000

Q+ parameters
slope: 0.234 semiSat: 0.560 beta: 0.750 sigma: 0.062 
maxBOLD estimate = 2.447


Trial 41: qplus Stimulus Selection
Stimulus: 0.670
Output value 1.314

Q+ parameters
slope: 0.234 semiSat: 0.560 beta: 0.875 sigma: 0.062 
maxBOLD estimate = 1.835


Trial 42: qplus Stimulus Selection
Stimulus: 0.670
Output value 1.273

Q+ parameters
slope: 0.234 semiSat: 0.560 beta: 0.969 sigma: 0.062 
maxBOLD estimate = 1.606


Trial 43: qplus Stimulus Selection
Stimulus: 0.711
Output value 1.233

Q+ parameters
slope: 0.234 semiSat: 0.560 beta: 0.969 sigma: 0.062 
maxBOLD estimate = 1.556


Trial 44: qplus Stimulus Selection
Stimulus: 0.546
Output value 0.582

Q+ parameters
slope: 0.183 semiSat: 0.560 beta: 1.062 sigma: 0.062 
maxBOLD estimate = 1.507


Trial 45: maxBOLD Stimulus Selection
Stimulus: 1.000
Output value 1.269

Q+ parameters
slope: 0.234 semiSat: 0.560 beta: 0.969 sigma: 0.062 
maxBOLD estimate = 1.601


Trial 46: qplus Stimulus Selection
Stimulus: 0.753
Output value 1.366

Q+ parameters
slope: 0.234 semiSat: 0.560 beta: 0.969 sigma: 0.062 
maxBOLD estimate = 1.551


Trial 47: qplus Stimulus Selection
Stimulus: 0.546
Output value 0.726

Q+ parameters
slope: 0.183 semiSat: 0.560 beta: 1.062 sigma: 0.062 
maxBOLD estimate = 1.503


Trial 48: qplus Stimulus Selection
Stimulus: 0.505
Output value 0.422

Q+ parameters
slope: 0.234 semiSat: 0.560 beta: 0.969 sigma: 0.062 
maxBOLD estimate = 1.597


Trial 49: qplus Stimulus Selection
Stimulus: 0.546
Output value 0.545

Q+ parameters
slope: 0.234 semiSat: 0.560 beta: 0.969 sigma: 0.062 
maxBOLD estimate = 1.547


Trial 50: baseline Stimulus Selection
Stimulus: 0.010
Output value 0.000

Q+ parameters
slope: 0.183 semiSat: 0.560 beta: 1.062 sigma: 0.062 
maxBOLD estimate = 1.498


Trial 51: qplus Stimulus Selection
Stimulus: 0.794
Output value 1.542

Q+ parameters
slope: 0.234 semiSat: 0.560 beta: 0.969 sigma: 0.062 
maxBOLD estimate = 1.592


Trial 52: qplus Stimulus Selection
Stimulus: 0.711
Output value 1.358

Q+ parameters
slope: 0.234 semiSat: 0.560 beta: 0.969 sigma: 0.062 
maxBOLD estimate = 1.542


Trial 53: qplus Stimulus Selection
Stimulus: 0.629
Output value 1.299

Q+ parameters
slope: 0.183 semiSat: 0.560 beta: 1.062 sigma: 0.062 
maxBOLD estimate = 1.494


Trial 54: qplus Stimulus Selection
Stimulus: 0.794
Output value 1.538

Q+ parameters
slope: 0.234 semiSat: 0.560 beta: 0.969 sigma: 0.062 
maxBOLD estimate = 1.588


Trial 55: maxBOLD Stimulus Selection
Stimulus: 1.000
Output value 1.538

Q+ parameters
slope: 0.183 semiSat: 0.560 beta: 1.000 sigma: 0.062 
maxBOLD estimate = 1.538


Trial 56: qplus Stimulus Selection
Stimulus: 0.629
Output value 1.258

Q+ parameters
slope: 0.183 semiSat: 0.560 beta: 1.000 sigma: 0.062 
maxBOLD estimate = 1.538


Trial 57: qplus Stimulus Selection
Stimulus: 0.629
Output value 1.118

Q+ parameters
slope: 0.183 semiSat: 0.560 beta: 1.000 sigma: 0.062 
maxBOLD estimate = 1.538


Trial 58: qplus Stimulus Selection
Stimulus: 0.629
Output value 1.258

Q+ parameters
slope: 0.183 semiSat: 0.560 beta: 1.000 sigma: 0.062 
maxBOLD estimate = 1.538


Trial 59: qplus Stimulus Selection
Stimulus: 0.629
Output value 1.258

Q+ parameters
slope: 0.183 semiSat: 0.560 beta: 1.000 sigma: 0.062 
maxBOLD estimate = 1.538


Trial 60: baseline Stimulus Selection
Stimulus: 0.010
Output value 0.135

Q+ parameters
slope: 0.234 semiSat: 0.560 beta: 0.969 sigma: 0.062 
maxBOLD estimate = 1.538


Trial 61: qplus Stimulus Selection
Stimulus: 0.711
Output value 1.583

Q+ parameters
slope: 0.183 semiSat: 0.560 beta: 1.062 sigma: 0.062 
maxBOLD estimate = 1.490


Trial 62: qplus Stimulus Selection
Stimulus: 0.505
Output value 0.558

Q+ parameters
slope: 0.234 semiSat: 0.560 beta: 0.969 sigma: 0.062 
maxBOLD estimate = 1.583


Trial 63: qplus Stimulus Selection
Stimulus: 0.670
Output value 1.351

Q+ parameters
slope: 0.234 semiSat: 0.560 beta: 0.969 sigma: 0.062 
maxBOLD estimate = 1.534


Trial 64: qplus Stimulus Selection
Stimulus: 0.711
Output value 1.578

Q+ parameters
slope: 0.183 semiSat: 0.560 beta: 1.062 sigma: 0.062 
maxBOLD estimate = 1.486


Trial 65: maxBOLD Stimulus Selection
Stimulus: 1.000
Output value 1.529

Q+ parameters
slope: 0.234 semiSat: 0.560 beta: 0.969 sigma: 0.062 
maxBOLD estimate = 1.578


Trial 66: qplus Stimulus Selection
Stimulus: 0.753
Output value 1.347

Q+ parameters
slope: 0.234 semiSat: 0.560 beta: 0.969 sigma: 0.062 
maxBOLD estimate = 1.529


Trial 67: qplus Stimulus Selection
Stimulus: 0.711
Output value 1.574

Q+ parameters
slope: 0.183 semiSat: 0.560 beta: 1.062 sigma: 0.062 
maxBOLD estimate = 1.481


Trial 68: qplus Stimulus Selection
Stimulus: 0.794
Output value 1.525

Q+ parameters
slope: 0.234 semiSat: 0.560 beta: 0.969 sigma: 0.062 
maxBOLD estimate = 1.574


Trial 69: qplus Stimulus Selection
Stimulus: 0.753
Output value 1.611

Q+ parameters
slope: 0.298 semiSat: 0.560 beta: 0.969 sigma: 0.062 
maxBOLD estimate = 1.525


Trial 70: baseline Stimulus Selection
Stimulus: 0.010
Output value 0.143

Q+ parameters
slope: 0.183 semiSat: 0.560 beta: 1.062 sigma: 0.062 
maxBOLD estimate = 1.477


Trial 71: qplus Stimulus Selection
Stimulus: 0.794
Output value 1.520

Q+ parameters
slope: 0.234 semiSat: 0.560 beta: 0.969 sigma: 0.062 
maxBOLD estimate = 1.569


Trial 72: qplus Stimulus Selection
Stimulus: 0.711
Output value 1.473

Q+ parameters
slope: 0.298 semiSat: 0.560 beta: 0.969 sigma: 0.062 
maxBOLD estimate = 1.520


Trial 73: qplus Stimulus Selection
Stimulus: 0.546
Output value 0.996

Q+ parameters
slope: 0.183 semiSat: 0.560 beta: 1.062 sigma: 0.062 
maxBOLD estimate = 1.473


Trial 74: qplus Stimulus Selection
Stimulus: 0.794
Output value 1.516

Q+ parameters
slope: 0.234 semiSat: 0.560 beta: 0.969 sigma: 0.062 
maxBOLD estimate = 1.565


Trial 75: maxBOLD Stimulus Selection
Stimulus: 1.000
Output value 1.563

Q+ parameters
slope: 0.183 semiSat: 0.560 beta: 1.031 sigma: 0.062 
maxBOLD estimate = 1.516


Trial 76: qplus Stimulus Selection
Stimulus: 0.505
Output value 0.138

Q+ parameters
slope: 0.234 semiSat: 0.560 beta: 0.969 sigma: 0.062 
maxBOLD estimate = 1.563


Trial 77: qplus Stimulus Selection
Stimulus: 0.546
Output value 0.710

Q+ parameters
slope: 0.183 semiSat: 0.560 beta: 1.031 sigma: 0.062 
maxBOLD estimate = 1.514


Trial 78: qplus Stimulus Selection
Stimulus: 0.505
Output value 0.275

Q+ parameters
slope: 0.234 semiSat: 0.560 beta: 0.969 sigma: 0.062 
maxBOLD estimate = 1.562


Trial 79: qplus Stimulus Selection
Stimulus: 0.546
Output value 0.400

Q+ parameters
slope: 0.298 semiSat: 0.560 beta: 0.969 sigma: 0.062 
maxBOLD estimate = 1.513


Trial 80: baseline Stimulus Selection
Stimulus: 0.010
Output value -0.142

Q+ parameters
slope: 0.183 semiSat: 0.560 beta: 1.062 sigma: 0.062 
maxBOLD estimate = 1.466


Trial 81: qplus Stimulus Selection
Stimulus: 0.588
Output value 0.823

Q+ parameters
slope: 0.234 semiSat: 0.560 beta: 0.969 sigma: 0.062 
maxBOLD estimate = 1.557


Trial 82: qplus Stimulus Selection
Stimulus: 0.711
Output value 1.697

Q+ parameters
slope: 0.183 semiSat: 0.560 beta: 1.031 sigma: 0.062 
maxBOLD estimate = 1.509


Trial 83: qplus Stimulus Selection
Stimulus: 0.505
Output value 0.411

Q+ parameters
slope: 0.298 semiSat: 0.560 beta: 0.969 sigma: 0.062 
maxBOLD estimate = 1.556


Trial 84: qplus Stimulus Selection
Stimulus: 0.546
Output value 0.728

Q+ parameters
slope: 0.183 semiSat: 0.560 beta: 1.062 sigma: 0.062 
maxBOLD estimate = 1.507


Trial 85: maxBOLD Stimulus Selection
Stimulus: 1.000
Output value 1.692

Q+ parameters
slope: 0.234 semiSat: 0.560 beta: 0.969 sigma: 0.062 
maxBOLD estimate = 1.601


Trial 86: qplus Stimulus Selection
Stimulus: 0.546
Output value 0.582

Q+ parameters
slope: 0.183 semiSat: 0.560 beta: 1.031 sigma: 0.062 
maxBOLD estimate = 1.551


Trial 87: qplus Stimulus Selection
Stimulus: 0.505
Output value 0.282

Q+ parameters
slope: 0.234 semiSat: 0.560 beta: 0.969 sigma: 0.062 
maxBOLD estimate = 1.600


Trial 88: qplus Stimulus Selection
Stimulus: 0.546
Output value 0.726

Q+ parameters
slope: 0.183 semiSat: 0.560 beta: 1.031 sigma: 0.062 
maxBOLD estimate = 1.550


Trial 89: qplus Stimulus Selection
Stimulus: 0.505
Output value 0.422

Q+ parameters
slope: 0.234 semiSat: 0.560 beta: 0.969 sigma: 0.062 
maxBOLD estimate = 1.598


Trial 90: baseline Stimulus Selection
Stimulus: 0.010
Output value 0.136

Q+ parameters
slope: 0.298 semiSat: 0.560 beta: 0.969 sigma: 0.062 
maxBOLD estimate = 1.548


Trial 91: qplus Stimulus Selection
Stimulus: 0.546
Output value 0.724

Q+ parameters
slope: 0.183 semiSat: 0.560 beta: 1.062 sigma: 0.062 
maxBOLD estimate = 1.500


Trial 92: qplus Stimulus Selection
Stimulus: 0.794
Output value 1.263

Q+ parameters
slope: 0.234 semiSat: 0.560 beta: 0.969 sigma: 0.062 
maxBOLD estimate = 1.594


Trial 93: qplus Stimulus Selection
Stimulus: 0.546
Output value 0.680

Q+ parameters
slope: 0.298 semiSat: 0.560 beta: 0.969 sigma: 0.062 
maxBOLD estimate = 1.544


Trial 94: qplus Stimulus Selection
Stimulus: 0.546
Output value 0.722

Q+ parameters
slope: 0.183 semiSat: 0.560 beta: 1.062 sigma: 0.062 
maxBOLD estimate = 1.496


Trial 95: maxBOLD Stimulus Selection
Stimulus: 1.000
Output value 1.539

Q+ parameters
slope: 0.234 semiSat: 0.560 beta: 0.969 sigma: 0.062 
maxBOLD estimate = 1.589


Trial 96: qplus Stimulus Selection
Stimulus: 0.546
Output value 0.866

Q+ parameters
slope: 0.183 semiSat: 0.560 beta: 1.031 sigma: 0.062 
maxBOLD estimate = 1.539


Trial 97: qplus Stimulus Selection
Stimulus: 0.505
Output value 0.419

Q+ parameters
slope: 0.234 semiSat: 0.560 beta: 0.969 sigma: 0.062 
maxBOLD estimate = 1.588


Trial 98: qplus Stimulus Selection
Stimulus: 0.546
Output value 0.721

Q+ parameters
slope: 0.183 semiSat: 0.560 beta: 1.031 sigma: 0.062 
maxBOLD estimate = 1.538


Trial 99: qplus Stimulus Selection
Stimulus: 0.505
Output value 0.140

Q+ parameters
slope: 0.234 semiSat: 0.560 beta: 0.969 sigma: 0.062 
maxBOLD estimate = 1.586


Trial 100: baseline Stimulus Selection
Stimulus: 0.010
Output value 0.000

Q+ parameters
slope: 0.298 semiSat: 0.560 beta: 0.969 sigma: 0.062 
maxBOLD estimate = 1.536

--------------------------------------------------------------
FINAL VALUES
--------------------------------------------------------------
Simulated parameters:              slope: 0.200 semiSat: 0.570 beta: 1.000 sigma: 0.050 
Max posterior QUEST+ parameters:   slope: 0.183 semiSat: 0.560 beta: 1.062 sigma: 0.062 
Max BADS parameters:               slope: 0.213 semiSat: 0.555 beta: 1.000 sigma: 0.058 
maxBOLD estimate: 1.495
