/blue/stevenweisberg/stevenweisberg/MATLAB/projects/Weisberg_Aguirre_2020/scripts/run_sims
c29a-s24.ufhpc
Thu Nov 12 18:39:17 EST 2020
cp: cannot stat ‘/blue/stevenweisberg/stevenweisberg/qpfMRIResults/deploy_sim.sh’: No such file or directory
cp: cannot stat ‘/blue/stevenweisberg/stevenweisberg/qpfMRIResults/sim_wrapper.sh’: No such file or directory
------------------------------------------
Setting up environment variables
---
LD_LIBRARY_PATH is .:/apps/matlab/mcr/2020b/v99/runtime/glnxa64:/apps/matlab/mcr/2020b/v99/bin/glnxa64:/apps/matlab/mcr/2020b/v99/sys/os/glnxa64:/apps/matlab/mcr/2020b/v99/sys/opengl/lib/glnxa64
Warning: Executing startup failed in matlabrc.
This indicates a potentially serious problem in your MATLAB setup, which should be resolved as soon as possible.  Error detected was:
MATLAB:mpath:PathAlterationNotSupported
Modifying the search path is not supported by MATLAB Compiler. Remove functions that modify the search path from your MATLAB code. To make files visible to your deployed application, add the parent folder to your MATLAB session.
Warning: No stimulus domain specified. Defaulting to values between 0.01 and 1.
> In qpfmriParams (line 182)
In compiledSimulate (line 205)
Stimulus domain added from input.
Parameter slope specified as 0.41000
Parameter semiSat specified as 0.57000
Parameter beta specified as 1.00000
Parameter sigma specified as 0.25000
seed = 99seed = 104seed = 111seed = 111seed = 115seed = 101Initializing Q+. This may take a minute...
Elapsed time is 9.618899 seconds.
Simulated parameters:
slope: 0.410 semiSat: 0.570 beta: 1.000 sigma: 0.250 

Trial 1: baseline Stimulus Selection
Stimulus: 0.010
Output value 0.000

Q+ parameters
slope: 0.026 semiSat: 0.890 beta: 0.500 sigma: 0.010 
maxBOLD estimate = 1.000


Trial 2: maxBOLD Stimulus Selection
Stimulus: 1.000
Output value 1.364

Q+ parameters
slope: 0.055 semiSat: 0.670 beta: 1.250 sigma: 0.010 
maxBOLD estimate = 1.000


Trial 3: baseline Stimulus Selection
Stimulus: 0.010
Output value 0.128

Q+ parameters
slope: 0.055 semiSat: 0.670 beta: 1.125 sigma: 0.062 
maxBOLD estimate = 1.250


Trial 4: maxBOLD Stimulus Selection
Stimulus: 1.000
Output value 1.294

Q+ parameters
slope: 0.043 semiSat: 0.780 beta: 1.125 sigma: 0.114 
maxBOLD estimate = 1.406


Trial 5: baseline Stimulus Selection
Stimulus: 0.010
Output value 0.378

Q+ parameters
slope: 0.034 semiSat: 0.890 beta: 0.875 sigma: 0.114 
maxBOLD estimate = 1.582


Trial 6: maxBOLD Stimulus Selection
Stimulus: 1.000
Output value 1.557

Q+ parameters
slope: 0.055 semiSat: 0.670 beta: 1.125 sigma: 0.114 
maxBOLD estimate = 1.384


Trial 7: random Stimulus Selection
Stimulus: 0.051
Output value -0.248

Q+ parameters
slope: 0.043 semiSat: 0.780 beta: 0.875 sigma: 0.166 
maxBOLD estimate = 1.557


Trial 8: random Stimulus Selection
Stimulus: 0.588
Output value 0.557

Q+ parameters
slope: 0.070 semiSat: 0.450 beta: 0.750 sigma: 0.166 
maxBOLD estimate = 1.363


Trial 9: random Stimulus Selection
Stimulus: 0.505
Output value -0.192

Q+ parameters
slope: 0.616 semiSat: 0.560 beta: 1.031 sigma: 0.271 
maxBOLD estimate = 1.022


Trial 10: baseline Stimulus Selection
Stimulus: 0.010
Output value -0.240

Q+ parameters
slope: 0.616 semiSat: 0.560 beta: 1.250 sigma: 0.271 
maxBOLD estimate = 1.054


Trial 11: random Stimulus Selection
Stimulus: 0.092
Output value -0.359

Q+ parameters
slope: 0.379 semiSat: 0.560 beta: 1.500 sigma: 0.218 
maxBOLD estimate = 1.317


Trial 12: random Stimulus Selection
Stimulus: 0.464
Output value 0.314

Q+ parameters
slope: 0.113 semiSat: 0.560 beta: 0.875 sigma: 0.166 
maxBOLD estimate = 1.976


Trial 13: random Stimulus Selection
Stimulus: 0.959
Output value 0.442

Q+ parameters
slope: 1.000 semiSat: 0.560 beta: 0.938 sigma: 0.323 
maxBOLD estimate = 1.729


Trial 14: random Stimulus Selection
Stimulus: 0.340
Output value -0.184

Q+ parameters
slope: 0.379 semiSat: 0.560 beta: 1.250 sigma: 0.218 
maxBOLD estimate = 1.621


Trial 15: maxBOLD Stimulus Selection
Stimulus: 1.000
Output value 0.829

Q+ parameters
slope: 0.483 semiSat: 0.560 beta: 0.750 sigma: 0.166 
maxBOLD estimate = 2.026


Trial 16: random Stimulus Selection
Stimulus: 0.423
Output value 0.518

Q+ parameters
slope: 0.379 semiSat: 0.560 beta: 1.250 sigma: 0.218 
maxBOLD estimate = 1.520


Trial 17: random Stimulus Selection
Stimulus: 0.423
Output value -0.259

Q+ parameters
slope: 0.483 semiSat: 0.560 beta: 0.750 sigma: 0.166 
maxBOLD estimate = 1.900


Trial 18: random Stimulus Selection
Stimulus: 0.299
Output value 0.194

Q+ parameters
slope: 0.379 semiSat: 0.560 beta: 1.500 sigma: 0.218 
maxBOLD estimate = 1.425


Trial 19: random Stimulus Selection
Stimulus: 0.010
Output value -0.583

Q+ parameters
slope: 0.379 semiSat: 0.560 beta: 1.500 sigma: 0.323 
maxBOLD estimate = 2.137


Trial 20: baseline Stimulus Selection
Stimulus: 0.010
Output value -0.437

Q+ parameters
slope: 0.043 semiSat: 0.780 beta: 0.750 sigma: 0.114 
maxBOLD estimate = 3.206


Trial 21: random Stimulus Selection
Stimulus: 0.959
Output value -0.656

Q+ parameters
slope: 1.000 semiSat: 1.000 beta: 1.500 sigma: 0.271 
maxBOLD estimate = 2.404


Trial 22: random Stimulus Selection
Stimulus: 0.051
Output value -0.574

Q+ parameters
slope: 0.034 semiSat: 1.000 beta: 0.875 sigma: 0.114 
maxBOLD estimate = 3.606


Trial 23: random Stimulus Selection
Stimulus: 0.918
Output value 1.255

Q+ parameters
slope: 0.034 semiSat: 1.000 beta: 0.875 sigma: 0.114 
maxBOLD estimate = 3.156


Trial 24: random Stimulus Selection
Stimulus: 0.340
Output value 0.000

Q+ parameters
slope: 0.298 semiSat: 0.560 beta: 0.500 sigma: 0.166 
maxBOLD estimate = 2.761


Trial 25: maxBOLD Stimulus Selection
Stimulus: 1.000
Output value 0.251

Q+ parameters
slope: 0.483 semiSat: 0.560 beta: 0.500 sigma: 1.000 
maxBOLD estimate = 1.381


Trial 26: random Stimulus Selection
Stimulus: 0.959
Output value 0.941

Q+ parameters
slope: 0.013 semiSat: 0.560 beta: 1.250 sigma: 1.000 
maxBOLD estimate = 0.690


Trial 27: random Stimulus Selection
Stimulus: 0.134
Output value 1.059

Q+ parameters
slope: 0.010 semiSat: 0.670 beta: 1.125 sigma: 1.000 
maxBOLD estimate = 0.863


Trial 28: random Stimulus Selection
Stimulus: 0.794
Output value 0.529

Q+ parameters
slope: 0.379 semiSat: 0.010 beta: 0.500 sigma: 1.000 
maxBOLD estimate = 0.971


Trial 29: random Stimulus Selection
Stimulus: 0.546
Output value -0.110

Q+ parameters
slope: 0.013 semiSat: 0.560 beta: 1.250 sigma: 1.000 
maxBOLD estimate = 0.485


Trial 30: baseline Stimulus Selection
Stimulus: 0.010
Output value 0.465

Q+ parameters
slope: 0.010 semiSat: 0.340 beta: 0.938 sigma: 1.000 
maxBOLD estimate = 0.607

--------------------------------------------------------------
FINAL VALUES
--------------------------------------------------------------
Simulated parameters:              slope: 0.410 semiSat: 0.570 beta: 1.000 sigma: 0.250 
Max posterior QUEST+ parameters:   slope: 0.010 semiSat: 0.340 beta: 0.938 sigma: 1.000 
Max BADS parameters:               slope: 0.010 semiSat: 0.472 beta: 1.000 sigma: 1.000 
maxBOLD estimate: 0.563
