/blue/stevenweisberg/stevenweisberg/MATLAB/projects/Weisberg_Aguirre_2020/scripts/run_sims
c0706a-s5.ufhpc
Tue Apr  6 19:27:30 EDT 2021
mkdir: cannot create directory ‘/blue/stevenweisberg/stevenweisberg/qpfMRIResults/model_parameter_set2/’: File exists
cp: cannot stat ‘/blue/stevenweisberg/stevenweisberg/qpfMRIResults/deploy_sim.sh’: No such file or directory
cp: cannot stat ‘/blue/stevenweisberg/stevenweisberg/qpfMRIResults/sim_wrapper.sh’: No such file or directory
------------------------------------------
Setting up environment variables
---
LD_LIBRARY_PATH is .:/apps/matlab/mcr/2020b/v99/runtime/glnxa64:/apps/matlab/mcr/2020b/v99/bin/glnxa64:/apps/matlab/mcr/2020b/v99/sys/os/glnxa64:/apps/matlab/mcr/2020b/v99/sys/opengl/lib/glnxa64
Warning: Executing startup failed in matlabrc.
This indicates a potentially serious problem in your MATLAB setup, which should be resolved as soon as possible.  Error detected was:
MATLAB:mpath:PathAlterationNotSupported
Modifying the search path is not supported by MATLAB Compiler. Remove functions that modify the search path from your MATLAB code. To make files visible to your deployed application, add the parent folder to your MATLAB session.
Warning: No stimulus domain specified. Defaulting to values between 0.01 and 1.
> In qpfmriParams (line 182)
In compiledSimulate (line 205)
Stimulus domain added from input.
Parameter slope specified as 0.20000
Parameter semiSat specified as 0.57000
Parameter beta specified as 1.00000
Parameter sigma specified as 0.15000
seed = 99seed = 104seed = 111seed = 111seed = 115seed = 101Initializing Q+. This may take a minute...
Elapsed time is 7.159962 seconds.
Simulated parameters:
slope: 0.200 semiSat: 0.570 beta: 1.000 sigma: 0.150 

Trial 1: baseline Stimulus Selection
Stimulus: 0.010
Output value 0.000

Q+ parameters
slope: 0.026 semiSat: 0.890 beta: 0.500 sigma: 0.010 
maxBOLD estimate = 1.000


Trial 2: maxBOLD Stimulus Selection
Stimulus: 1.000
Output value 1.364

Q+ parameters
slope: 0.055 semiSat: 0.670 beta: 1.250 sigma: 0.010 
maxBOLD estimate = 1.000


Trial 3: baseline Stimulus Selection
Stimulus: 0.010
Output value 0.384

Q+ parameters
slope: 0.055 semiSat: 0.670 beta: 1.125 sigma: 0.166 
maxBOLD estimate = 1.250


Trial 4: maxBOLD Stimulus Selection
Stimulus: 1.000
Output value 1.598

Q+ parameters
slope: 0.043 semiSat: 0.780 beta: 1.250 sigma: 0.114 
maxBOLD estimate = 1.406


Trial 5: baseline Stimulus Selection
Stimulus: 0.010
Output value 0.200

Q+ parameters
slope: 0.043 semiSat: 0.780 beta: 1.250 sigma: 0.114 
maxBOLD estimate = 1.758


Trial 6: maxBOLD Stimulus Selection
Stimulus: 1.000
Output value 0.699

Q+ parameters
slope: 0.034 semiSat: 0.890 beta: 0.875 sigma: 0.114 
maxBOLD estimate = 2.197


Trial 7: random Stimulus Selection
Stimulus: 0.711
Output value 0.787

Q+ parameters
slope: 0.055 semiSat: 0.560 beta: 0.750 sigma: 0.114 
maxBOLD estimate = 1.923


Trial 8: random Stimulus Selection
Stimulus: 0.505
Output value -0.295

Q+ parameters
slope: 0.234 semiSat: 0.670 beta: 1.125 sigma: 0.114 
maxBOLD estimate = 1.442


Trial 9: random Stimulus Selection
Stimulus: 0.753
Output value 1.032

Q+ parameters
slope: 0.183 semiSat: 0.670 beta: 0.875 sigma: 0.062 
maxBOLD estimate = 1.622


Trial 10: baseline Stimulus Selection
Stimulus: 0.010
Output value 0.250

Q+ parameters
slope: 0.183 semiSat: 0.670 beta: 0.969 sigma: 0.114 
maxBOLD estimate = 1.419


Trial 11: random Stimulus Selection
Stimulus: 0.629
Output value -0.121

Q+ parameters
slope: 0.785 semiSat: 0.670 beta: 0.969 sigma: 0.114 
maxBOLD estimate = 1.375


Trial 12: random Stimulus Selection
Stimulus: 0.505
Output value -0.303

Q+ parameters
slope: 0.234 semiSat: 0.670 beta: 1.250 sigma: 0.114 
maxBOLD estimate = 1.332


Trial 13: random Stimulus Selection
Stimulus: 0.051
Output value -0.284

Q+ parameters
slope: 0.234 semiSat: 0.670 beta: 0.938 sigma: 0.114 
maxBOLD estimate = 1.665


Trial 14: random Stimulus Selection
Stimulus: 0.340
Output value 0.000

Q+ parameters
slope: 0.183 semiSat: 0.670 beta: 0.969 sigma: 0.114 
maxBOLD estimate = 1.561


Trial 15: maxBOLD Stimulus Selection
Stimulus: 1.000
Output value 1.753

Q+ parameters
slope: 0.234 semiSat: 0.670 beta: 1.062 sigma: 0.114 
maxBOLD estimate = 1.512


Trial 16: random Stimulus Selection
Stimulus: 0.051
Output value -0.274

Q+ parameters
slope: 0.234 semiSat: 0.670 beta: 0.938 sigma: 0.114 
maxBOLD estimate = 1.607


Trial 17: random Stimulus Selection
Stimulus: 0.876
Output value 1.643

Q+ parameters
slope: 0.234 semiSat: 0.670 beta: 1.000 sigma: 0.114 
maxBOLD estimate = 1.506


Trial 18: random Stimulus Selection
Stimulus: 0.546
Output value -0.240

Q+ parameters
slope: 0.298 semiSat: 0.670 beta: 0.875 sigma: 0.114 
maxBOLD estimate = 1.506


Trial 19: random Stimulus Selection
Stimulus: 0.257
Output value -0.300

Q+ parameters
slope: 0.234 semiSat: 0.670 beta: 1.250 sigma: 0.166 
maxBOLD estimate = 1.318


Trial 20: baseline Stimulus Selection
Stimulus: 0.010
Output value 0.337

Q+ parameters
slope: 0.183 semiSat: 0.670 beta: 0.750 sigma: 0.114 
maxBOLD estimate = 1.648


Trial 21: random Stimulus Selection
Stimulus: 0.918
Output value 1.685

Q+ parameters
slope: 0.234 semiSat: 0.670 beta: 1.250 sigma: 0.114 
maxBOLD estimate = 1.236


Trial 22: random Stimulus Selection
Stimulus: 0.216
Output value 0.123

Q+ parameters
slope: 0.183 semiSat: 0.670 beta: 0.875 sigma: 0.114 
maxBOLD estimate = 1.545


Trial 23: random Stimulus Selection
Stimulus: 0.918
Output value 0.921

Q+ parameters
slope: 0.234 semiSat: 0.670 beta: 1.250 sigma: 0.166 
maxBOLD estimate = 1.352


Trial 24: random Stimulus Selection
Stimulus: 0.876
Output value 1.478

Q+ parameters
slope: 0.183 semiSat: 0.670 beta: 0.875 sigma: 0.114 
maxBOLD estimate = 1.689


Trial 25: maxBOLD Stimulus Selection
Stimulus: 1.000
Output value 2.016

Q+ parameters
slope: 0.234 semiSat: 0.670 beta: 1.250 sigma: 0.166 
maxBOLD estimate = 1.478


Trial 26: random Stimulus Selection
Stimulus: 0.546
Output value 0.882

Q+ parameters
slope: 0.113 semiSat: 0.670 beta: 0.875 sigma: 0.114 
maxBOLD estimate = 1.848


Trial 27: random Stimulus Selection
Stimulus: 0.299
Output value 0.997

Q+ parameters
slope: 0.183 semiSat: 0.670 beta: 0.969 sigma: 0.166 
maxBOLD estimate = 1.617


Trial 28: random Stimulus Selection
Stimulus: 0.835
Output value 0.249

Q+ parameters
slope: 0.234 semiSat: 0.670 beta: 0.875 sigma: 0.166 
maxBOLD estimate = 1.566


Trial 29: random Stimulus Selection
Stimulus: 0.257
Output value 0.311

Q+ parameters
slope: 0.234 semiSat: 0.670 beta: 1.250 sigma: 0.166 
maxBOLD estimate = 1.371


Trial 30: baseline Stimulus Selection
Stimulus: 0.010
Output value -0.311

Q+ parameters
slope: 0.113 semiSat: 0.670 beta: 1.000 sigma: 0.114 
maxBOLD estimate = 1.713


Trial 31: random Stimulus Selection
Stimulus: 0.588
Output value 0.779

Q+ parameters
slope: 0.113 semiSat: 0.670 beta: 1.000 sigma: 0.114 
maxBOLD estimate = 1.713


Trial 32: random Stimulus Selection
Stimulus: 0.835
Output value 1.869

Q+ parameters
slope: 0.113 semiSat: 0.670 beta: 1.000 sigma: 0.114 
maxBOLD estimate = 1.713


Trial 33: random Stimulus Selection
Stimulus: 0.711
Output value 1.090

Q+ parameters
slope: 0.113 semiSat: 0.670 beta: 1.000 sigma: 0.114 
maxBOLD estimate = 1.713


Trial 34: random Stimulus Selection
Stimulus: 0.711
Output value 1.635

Q+ parameters
slope: 0.616 semiSat: 0.560 beta: 0.875 sigma: 0.114 
maxBOLD estimate = 1.713


Trial 35: maxBOLD Stimulus Selection
Stimulus: 1.000
Output value 1.635

Q+ parameters
slope: 0.144 semiSat: 0.670 beta: 1.500 sigma: 0.166 
maxBOLD estimate = 1.499


Trial 36: random Stimulus Selection
Stimulus: 0.010
Output value 0.307

Q+ parameters
slope: 0.183 semiSat: 0.670 beta: 0.750 sigma: 0.114 
maxBOLD estimate = 2.248


Trial 37: random Stimulus Selection
Stimulus: 0.299
Output value 1.150

Q+ parameters
slope: 0.144 semiSat: 0.670 beta: 1.500 sigma: 0.166 
maxBOLD estimate = 1.686


Trial 38: random Stimulus Selection
Stimulus: 0.092
Output value -0.345

Q+ parameters
slope: 0.055 semiSat: 0.670 beta: 0.750 sigma: 0.114 
maxBOLD estimate = 2.530


Trial 39: random Stimulus Selection
Stimulus: 0.423
Output value -0.302

Q+ parameters
slope: 0.183 semiSat: 0.670 beta: 0.875 sigma: 0.114 
maxBOLD estimate = 1.897


Trial 40: baseline Stimulus Selection
Stimulus: 0.010
Output value 0.000

Q+ parameters
slope: 0.144 semiSat: 0.670 beta: 1.500 sigma: 0.166 
maxBOLD estimate = 1.660


Trial 41: random Stimulus Selection
Stimulus: 0.876
Output value 0.849

Q+ parameters
slope: 0.089 semiSat: 0.670 beta: 0.750 sigma: 0.114 
maxBOLD estimate = 2.490


Trial 42: random Stimulus Selection
Stimulus: 0.175
Output value 0.446

Q+ parameters
slope: 0.616 semiSat: 0.560 beta: 0.875 sigma: 0.166 
maxBOLD estimate = 1.868


Trial 43: random Stimulus Selection
Stimulus: 0.051
Output value 0.446

Q+ parameters
slope: 0.144 semiSat: 0.670 beta: 1.500 sigma: 0.166 
maxBOLD estimate = 1.634


Trial 44: random Stimulus Selection
Stimulus: 0.464
Output value 0.000

Q+ parameters
slope: 0.183 semiSat: 0.670 beta: 0.750 sigma: 0.114 
maxBOLD estimate = 2.451


Trial 45: maxBOLD Stimulus Selection
Stimulus: 1.000
Output value 2.131

Q+ parameters
slope: 0.144 semiSat: 0.670 beta: 1.062 sigma: 0.166 
maxBOLD estimate = 1.838


Trial 46: random Stimulus Selection
Stimulus: 0.464
Output value 0.000

Q+ parameters
slope: 0.183 semiSat: 0.670 beta: 0.875 sigma: 0.166 
maxBOLD estimate = 1.953


Trial 47: random Stimulus Selection
Stimulus: 0.505
Output value 0.932

Q+ parameters
slope: 0.144 semiSat: 0.670 beta: 1.500 sigma: 0.166 
maxBOLD estimate = 1.709


Trial 48: random Stimulus Selection
Stimulus: 0.794
Output value 0.874

Q+ parameters
slope: 0.055 semiSat: 0.670 beta: 0.750 sigma: 0.114 
maxBOLD estimate = 2.564


Trial 49: random Stimulus Selection
Stimulus: 0.835
Output value 1.748

Q+ parameters
slope: 0.113 semiSat: 0.670 beta: 1.000 sigma: 0.166 
maxBOLD estimate = 1.923


Trial 50: baseline Stimulus Selection
Stimulus: 0.010
Output value -0.306

Q+ parameters
slope: 0.234 semiSat: 0.560 beta: 0.875 sigma: 0.166 
maxBOLD estimate = 1.923


Trial 51: random Stimulus Selection
Stimulus: 0.423
Output value 0.918

Q+ parameters
slope: 0.144 semiSat: 0.670 beta: 1.500 sigma: 0.166 
maxBOLD estimate = 1.682


Trial 52: random Stimulus Selection
Stimulus: 0.959
Output value 1.549

Q+ parameters
slope: 0.089 semiSat: 0.670 beta: 0.750 sigma: 0.114 
maxBOLD estimate = 2.524


Trial 53: random Stimulus Selection
Stimulus: 0.794
Output value 1.167

Q+ parameters
slope: 0.144 semiSat: 0.670 beta: 0.969 sigma: 0.166 
maxBOLD estimate = 1.893


Trial 54: random Stimulus Selection
Stimulus: 0.588
Output value 0.161

Q+ parameters
slope: 0.144 semiSat: 0.670 beta: 0.969 sigma: 0.166 
maxBOLD estimate = 1.834


Trial 55: maxBOLD Stimulus Selection
Stimulus: 1.000
Output value 1.292

Q+ parameters
slope: 0.144 semiSat: 0.670 beta: 1.000 sigma: 0.166 
maxBOLD estimate = 1.776


Trial 56: random Stimulus Selection
Stimulus: 0.629
Output value -0.313

Q+ parameters
slope: 0.144 semiSat: 0.670 beta: 0.969 sigma: 0.166 
maxBOLD estimate = 1.776


Trial 57: random Stimulus Selection
Stimulus: 0.670
Output value 1.496

Q+ parameters
slope: 0.144 semiSat: 0.670 beta: 1.062 sigma: 0.166 
maxBOLD estimate = 1.721


Trial 58: random Stimulus Selection
Stimulus: 0.794
Output value 0.997

Q+ parameters
slope: 0.144 semiSat: 0.670 beta: 1.000 sigma: 0.166 
maxBOLD estimate = 1.828


Trial 59: random Stimulus Selection
Stimulus: 0.216
Output value 0.000

Q+ parameters
slope: 0.144 semiSat: 0.670 beta: 1.000 sigma: 0.166 
maxBOLD estimate = 1.828


Trial 60: baseline Stimulus Selection
Stimulus: 0.010
Output value 0.322

Q+ parameters
slope: 0.144 semiSat: 0.670 beta: 0.969 sigma: 0.166 
maxBOLD estimate = 1.828


Trial 61: random Stimulus Selection
Stimulus: 0.381
Output value 0.966

Q+ parameters
slope: 0.144 semiSat: 0.670 beta: 1.000 sigma: 0.166 
maxBOLD estimate = 1.771


Trial 62: random Stimulus Selection
Stimulus: 0.175
Output value 1.127

Q+ parameters
slope: 0.144 semiSat: 0.670 beta: 1.000 sigma: 0.166 
maxBOLD estimate = 1.771


Trial 63: random Stimulus Selection
Stimulus: 0.381
Output value 0.322

Q+ parameters
slope: 0.144 semiSat: 0.670 beta: 1.000 sigma: 0.166 
maxBOLD estimate = 1.771


Trial 64: random Stimulus Selection
Stimulus: 0.381
Output value 0.161

Q+ parameters
slope: 0.144 semiSat: 0.670 beta: 1.000 sigma: 0.166 
maxBOLD estimate = 1.771


Trial 65: maxBOLD Stimulus Selection
Stimulus: 1.000
Output value 1.288

Q+ parameters
slope: 0.144 semiSat: 0.670 beta: 1.000 sigma: 0.166 
maxBOLD estimate = 1.771


Trial 66: random Stimulus Selection
Stimulus: 0.340
Output value 0.000

Q+ parameters
slope: 0.144 semiSat: 0.670 beta: 1.000 sigma: 0.166 
maxBOLD estimate = 1.771


Trial 67: random Stimulus Selection
Stimulus: 0.876
Output value 1.932

Q+ parameters
slope: 0.144 semiSat: 0.670 beta: 1.000 sigma: 0.166 
maxBOLD estimate = 1.771


Trial 68: random Stimulus Selection
Stimulus: 0.092
Output value -0.322

Q+ parameters
slope: 0.144 semiSat: 0.670 beta: 1.000 sigma: 0.166 
maxBOLD estimate = 1.771


Trial 69: random Stimulus Selection
Stimulus: 0.753
Output value 1.449

Q+ parameters
slope: 0.144 semiSat: 0.670 beta: 1.000 sigma: 0.166 
maxBOLD estimate = 1.771


Trial 70: baseline Stimulus Selection
Stimulus: 0.010
Output value -0.403

Q+ parameters
slope: 0.070 semiSat: 0.670 beta: 1.250 sigma: 0.166 
maxBOLD estimate = 1.771


Trial 71: random Stimulus Selection
Stimulus: 0.711
Output value 1.660

Q+ parameters
slope: 0.089 semiSat: 0.560 beta: 0.750 sigma: 0.114 
maxBOLD estimate = 2.214


Trial 72: random Stimulus Selection
Stimulus: 0.670
Output value 0.000

Q+ parameters
slope: 0.144 semiSat: 0.670 beta: 1.062 sigma: 0.166 
maxBOLD estimate = 1.660


Trial 73: random Stimulus Selection
Stimulus: 0.134
Output value 0.481

Q+ parameters
slope: 0.144 semiSat: 0.670 beta: 1.000 sigma: 0.166 
maxBOLD estimate = 1.764


Trial 74: random Stimulus Selection
Stimulus: 0.092
Output value -0.321

Q+ parameters
slope: 0.144 semiSat: 0.670 beta: 1.000 sigma: 0.166 
maxBOLD estimate = 1.764


Trial 75: maxBOLD Stimulus Selection
Stimulus: 1.000
Output value 1.764

Q+ parameters
slope: 0.144 semiSat: 0.670 beta: 1.000 sigma: 0.166 
maxBOLD estimate = 1.764


Trial 76: random Stimulus Selection
Stimulus: 0.918
Output value 0.777

Q+ parameters
slope: 0.144 semiSat: 0.670 beta: 0.969 sigma: 0.166 
maxBOLD estimate = 1.764


Trial 77: random Stimulus Selection
Stimulus: 0.464
Output value -0.311

Q+ parameters
slope: 0.113 semiSat: 0.670 beta: 1.000 sigma: 0.166 
maxBOLD estimate = 1.709


Trial 78: random Stimulus Selection
Stimulus: 0.753
Output value 1.398

Q+ parameters
slope: 0.113 semiSat: 0.670 beta: 1.000 sigma: 0.166 
maxBOLD estimate = 1.709


Trial 79: random Stimulus Selection
Stimulus: 0.876
Output value 1.864

Q+ parameters
slope: 0.113 semiSat: 0.670 beta: 1.000 sigma: 0.166 
maxBOLD estimate = 1.709


Trial 80: baseline Stimulus Selection
Stimulus: 0.010
Output value -0.466

Q+ parameters
slope: 0.055 semiSat: 0.780 beta: 1.500 sigma: 0.166 
maxBOLD estimate = 1.709


Trial 81: random Stimulus Selection
Stimulus: 0.588
Output value 0.524

Q+ parameters
slope: 0.055 semiSat: 0.670 beta: 0.750 sigma: 0.114 
maxBOLD estimate = 2.564


Trial 82: random Stimulus Selection
Stimulus: 0.711
Output value 0.339

Q+ parameters
slope: 0.055 semiSat: 0.670 beta: 0.969 sigma: 0.114 
maxBOLD estimate = 1.923


Trial 83: random Stimulus Selection
Stimulus: 0.010
Output value 0.000

Q+ parameters
slope: 0.089 semiSat: 0.670 beta: 1.000 sigma: 0.166 
maxBOLD estimate = 1.863


Trial 84: random Stimulus Selection
Stimulus: 0.257
Output value -0.339

Q+ parameters
slope: 0.089 semiSat: 0.670 beta: 1.000 sigma: 0.166 
maxBOLD estimate = 1.863


Trial 85: maxBOLD Stimulus Selection
Stimulus: 1.000
Output value 2.095

Q+ parameters
slope: 0.089 semiSat: 0.670 beta: 1.031 sigma: 0.166 
maxBOLD estimate = 1.863


Trial 86: random Stimulus Selection
Stimulus: 0.959
Output value 0.131

Q+ parameters
slope: 0.183 semiSat: 0.560 beta: 0.750 sigma: 0.166 
maxBOLD estimate = 1.921


Trial 87: random Stimulus Selection
Stimulus: 0.423
Output value -0.262

Q+ parameters
slope: 0.144 semiSat: 0.560 beta: 1.000 sigma: 0.166 
maxBOLD estimate = 1.441


Trial 88: random Stimulus Selection
Stimulus: 0.010
Output value -0.262

Q+ parameters
slope: 0.144 semiSat: 0.560 beta: 1.000 sigma: 0.166 
maxBOLD estimate = 1.441


Trial 89: random Stimulus Selection
Stimulus: 0.216
Output value 0.262

Q+ parameters
slope: 0.144 semiSat: 0.560 beta: 1.000 sigma: 0.166 
maxBOLD estimate = 1.441


Trial 90: baseline Stimulus Selection
Stimulus: 0.010
Output value -0.262

Q+ parameters
slope: 0.144 semiSat: 0.560 beta: 1.000 sigma: 0.166 
maxBOLD estimate = 1.441


Trial 91: random Stimulus Selection
Stimulus: 0.918
Output value 1.310

Q+ parameters
slope: 0.144 semiSat: 0.560 beta: 1.000 sigma: 0.166 
maxBOLD estimate = 1.441


Trial 92: random Stimulus Selection
Stimulus: 0.010
Output value -0.393

Q+ parameters
slope: 0.070 semiSat: 0.670 beta: 1.500 sigma: 0.166 
maxBOLD estimate = 1.441


Trial 93: random Stimulus Selection
Stimulus: 0.092
Output value 0.737

Q+ parameters
slope: 0.070 semiSat: 0.560 beta: 0.750 sigma: 0.114 
maxBOLD estimate = 2.161


Trial 94: random Stimulus Selection
Stimulus: 0.175
Output value 0.884

Q+ parameters
slope: 0.144 semiSat: 0.560 beta: 1.000 sigma: 0.166 
maxBOLD estimate = 1.621


Trial 95: maxBOLD Stimulus Selection
Stimulus: 1.000
Output value 0.258

Q+ parameters
slope: 0.089 semiSat: 0.560 beta: 0.875 sigma: 0.166 
maxBOLD estimate = 1.621


Trial 96: random Stimulus Selection
Stimulus: 0.216
Output value 0.967

Q+ parameters
slope: 0.070 semiSat: 0.670 beta: 1.500 sigma: 0.166 
maxBOLD estimate = 1.418


Trial 97: random Stimulus Selection
Stimulus: 0.794
Output value 0.725

Q+ parameters
slope: 0.070 semiSat: 0.560 beta: 0.750 sigma: 0.114 
maxBOLD estimate = 2.127


Trial 98: random Stimulus Selection
Stimulus: 1.000
Output value 2.176

Q+ parameters
slope: 0.055 semiSat: 0.670 beta: 1.250 sigma: 0.166 
maxBOLD estimate = 1.595


Trial 99: random Stimulus Selection
Stimulus: 0.876
Output value 0.878

Q+ parameters
slope: 0.055 semiSat: 0.670 beta: 0.969 sigma: 0.114 
maxBOLD estimate = 1.994


Trial 100: baseline Stimulus Selection
Stimulus: 0.010
Output value -0.362

Q+ parameters
slope: 0.055 semiSat: 0.670 beta: 1.031 sigma: 0.166 
maxBOLD estimate = 1.932

--------------------------------------------------------------
FINAL VALUES
--------------------------------------------------------------
Simulated parameters:              slope: 0.200 semiSat: 0.570 beta: 1.000 sigma: 0.150 
Max posterior QUEST+ parameters:   slope: 0.055 semiSat: 0.670 beta: 1.031 sigma: 0.166 
Max BADS parameters:               slope: 0.065 semiSat: 0.634 beta: 1.000 sigma: 0.136 
maxBOLD estimate: 1.889
