/blue/stevenweisberg/stevenweisberg/MATLAB/projects/Weisberg_Aguirre_2020/scripts/run_sims
c0700a-s6.ufhpc
Tue Apr  6 17:27:04 EDT 2021
mkdir: cannot create directory ‘/blue/stevenweisberg/stevenweisberg/qpfMRIResults/model_parameter_set2/’: File exists
cp: cannot stat ‘/blue/stevenweisberg/stevenweisberg/qpfMRIResults/deploy_sim.sh’: No such file or directory
cp: cannot stat ‘/blue/stevenweisberg/stevenweisberg/qpfMRIResults/sim_wrapper.sh’: No such file or directory
------------------------------------------
Setting up environment variables
---
LD_LIBRARY_PATH is .:/apps/matlab/mcr/2020b/v99/runtime/glnxa64:/apps/matlab/mcr/2020b/v99/bin/glnxa64:/apps/matlab/mcr/2020b/v99/sys/os/glnxa64:/apps/matlab/mcr/2020b/v99/sys/opengl/lib/glnxa64
Warning: Executing startup failed in matlabrc.
This indicates a potentially serious problem in your MATLAB setup, which should be resolved as soon as possible.  Error detected was:
MATLAB:mpath:PathAlterationNotSupported
Modifying the search path is not supported by MATLAB Compiler. Remove functions that modify the search path from your MATLAB code. To make files visible to your deployed application, add the parent folder to your MATLAB session.
Warning: No stimulus domain specified. Defaulting to values between 0.01 and 1.
> In qpfmriParams (line 182)
In compiledSimulate (line 205)
Stimulus domain added from input.
Parameter slope specified as 0.20000
Parameter semiSat specified as 0.57000
Parameter beta specified as 1.00000
Parameter sigma specified as 0.15000
seed = 99seed = 104seed = 111seed = 111seed = 115seed = 101Initializing Q+. This may take a minute...
Elapsed time is 7.134782 seconds.
Simulated parameters:
slope: 0.200 semiSat: 0.570 beta: 1.000 sigma: 0.150 

Trial 1: baseline Stimulus Selection
Stimulus: 0.010
Output value 0.000

Q+ parameters
slope: 0.026 semiSat: 0.890 beta: 0.500 sigma: 0.010 
maxBOLD estimate = 1.000


Trial 2: maxBOLD Stimulus Selection
Stimulus: 1.000
Output value 1.364

Q+ parameters
slope: 0.055 semiSat: 0.670 beta: 1.250 sigma: 0.010 
maxBOLD estimate = 1.000


Trial 3: baseline Stimulus Selection
Stimulus: 0.010
Output value 0.426

Q+ parameters
slope: 0.055 semiSat: 0.670 beta: 1.250 sigma: 0.166 
maxBOLD estimate = 1.250


Trial 4: maxBOLD Stimulus Selection
Stimulus: 1.000
Output value 1.953

Q+ parameters
slope: 0.055 semiSat: 0.670 beta: 1.250 sigma: 0.114 
maxBOLD estimate = 1.562


Trial 5: baseline Stimulus Selection
Stimulus: 0.010
Output value 0.888

Q+ parameters
slope: 0.043 semiSat: 0.780 beta: 1.250 sigma: 0.166 
maxBOLD estimate = 1.953


Trial 6: maxBOLD Stimulus Selection
Stimulus: 1.000
Output value 2.497

Q+ parameters
slope: 0.043 semiSat: 0.780 beta: 1.125 sigma: 0.062 
maxBOLD estimate = 2.441


Trial 7: qplus Stimulus Selection
Stimulus: 0.588
Output value 1.124

Q+ parameters
slope: 0.070 semiSat: 0.450 beta: 0.750 sigma: 0.062 
maxBOLD estimate = 2.747


Trial 8: qplus Stimulus Selection
Stimulus: 0.505
Output value 0.562

Q+ parameters
slope: 0.144 semiSat: 0.560 beta: 1.000 sigma: 0.114 
maxBOLD estimate = 2.060


Trial 9: qplus Stimulus Selection
Stimulus: 0.629
Output value 0.878

Q+ parameters
slope: 0.070 semiSat: 0.560 beta: 0.938 sigma: 0.114 
maxBOLD estimate = 2.060


Trial 10: baseline Stimulus Selection
Stimulus: 0.010
Output value 0.000

Q+ parameters
slope: 0.183 semiSat: 0.560 beta: 1.125 sigma: 0.062 
maxBOLD estimate = 1.931


Trial 11: qplus Stimulus Selection
Stimulus: 0.505
Output value 0.000

Q+ parameters
slope: 0.379 semiSat: 0.560 beta: 0.875 sigma: 0.114 
maxBOLD estimate = 2.173


Trial 12: qplus Stimulus Selection
Stimulus: 0.629
Output value 1.037

Q+ parameters
slope: 0.113 semiSat: 0.670 beta: 1.500 sigma: 0.166 
maxBOLD estimate = 1.901


Trial 13: qplus Stimulus Selection
Stimulus: 0.629
Output value 0.486

Q+ parameters
slope: 0.043 semiSat: 0.780 beta: 0.938 sigma: 0.114 
maxBOLD estimate = 2.852


Trial 14: qplus Stimulus Selection
Stimulus: 0.835
Output value 0.243

Q+ parameters
slope: 1.000 semiSat: 0.560 beta: 0.500 sigma: 0.114 
maxBOLD estimate = 2.673


Trial 15: maxBOLD Stimulus Selection
Stimulus: 1.000
Output value 1.519

Q+ parameters
slope: 0.616 semiSat: 0.560 beta: 1.250 sigma: 0.218 
maxBOLD estimate = 1.337


Trial 16: qplus Stimulus Selection
Stimulus: 0.588
Output value -0.228

Q+ parameters
slope: 0.144 semiSat: 0.670 beta: 1.500 sigma: 0.218 
maxBOLD estimate = 1.671


Trial 17: qplus Stimulus Selection
Stimulus: 0.794
Output value 1.367

Q+ parameters
slope: 0.070 semiSat: 0.670 beta: 0.750 sigma: 0.114 
maxBOLD estimate = 2.506


Trial 18: qplus Stimulus Selection
Stimulus: 0.711
Output value 2.819

Q+ parameters
slope: 0.144 semiSat: 0.670 beta: 1.500 sigma: 0.218 
maxBOLD estimate = 1.880


Trial 19: qplus Stimulus Selection
Stimulus: 0.629
Output value 0.961

Q+ parameters
slope: 0.070 semiSat: 0.670 beta: 0.750 sigma: 0.114 
maxBOLD estimate = 2.819


Trial 20: baseline Stimulus Selection
Stimulus: 0.010
Output value 0.144

Q+ parameters
slope: 0.183 semiSat: 0.560 beta: 0.750 sigma: 0.114 
maxBOLD estimate = 2.115


Trial 21: qplus Stimulus Selection
Stimulus: 0.629
Output value 1.442

Q+ parameters
slope: 0.234 semiSat: 0.560 beta: 1.000 sigma: 0.218 
maxBOLD estimate = 1.586


Trial 22: qplus Stimulus Selection
Stimulus: 0.629
Output value 0.649

Q+ parameters
slope: 0.144 semiSat: 0.670 beta: 1.500 sigma: 0.218 
maxBOLD estimate = 1.586


Trial 23: qplus Stimulus Selection
Stimulus: 0.629
Output value 0.811

Q+ parameters
slope: 0.070 semiSat: 0.560 beta: 0.750 sigma: 0.114 
maxBOLD estimate = 2.379


Trial 24: qplus Stimulus Selection
Stimulus: 0.918
Output value 1.135

Q+ parameters
slope: 0.113 semiSat: 0.560 beta: 0.875 sigma: 0.166 
maxBOLD estimate = 1.784


Trial 25: maxBOLD Stimulus Selection
Stimulus: 1.000
Output value 1.375

Q+ parameters
slope: 0.144 semiSat: 0.560 beta: 0.969 sigma: 0.166 
maxBOLD estimate = 1.561


Trial 26: qplus Stimulus Selection
Stimulus: 0.505
Output value 0.275

Q+ parameters
slope: 0.234 semiSat: 0.560 beta: 1.000 sigma: 0.166 
maxBOLD estimate = 1.512


Trial 27: qplus Stimulus Selection
Stimulus: 0.505
Output value 0.137

Q+ parameters
slope: 0.234 semiSat: 0.560 beta: 1.000 sigma: 0.166 
maxBOLD estimate = 1.512


Trial 28: qplus Stimulus Selection
Stimulus: 0.505
Output value 0.275

Q+ parameters
slope: 0.234 semiSat: 0.560 beta: 1.000 sigma: 0.166 
maxBOLD estimate = 1.512


Trial 29: qplus Stimulus Selection
Stimulus: 0.505
Output value 0.550

Q+ parameters
slope: 0.234 semiSat: 0.560 beta: 1.000 sigma: 0.166 
maxBOLD estimate = 1.512


Trial 30: baseline Stimulus Selection
Stimulus: 0.010
Output value 0.241

Q+ parameters
slope: 0.379 semiSat: 0.560 beta: 0.875 sigma: 0.166 
maxBOLD estimate = 1.512


Trial 31: qplus Stimulus Selection
Stimulus: 0.505
Output value 0.128

Q+ parameters
slope: 0.298 semiSat: 0.560 beta: 1.062 sigma: 0.166 
maxBOLD estimate = 1.323


Trial 32: qplus Stimulus Selection
Stimulus: 0.505
Output value 0.000

Q+ parameters
slope: 0.234 semiSat: 0.560 beta: 1.000 sigma: 0.166 
maxBOLD estimate = 1.406


Trial 33: qplus Stimulus Selection
Stimulus: 0.505
Output value -0.128

Q+ parameters
slope: 0.234 semiSat: 0.560 beta: 1.000 sigma: 0.166 
maxBOLD estimate = 1.406


Trial 34: qplus Stimulus Selection
Stimulus: 0.546
Output value 0.679

Q+ parameters
slope: 0.298 semiSat: 0.560 beta: 1.062 sigma: 0.218 
maxBOLD estimate = 1.406


Trial 35: maxBOLD Stimulus Selection
Stimulus: 1.000
Output value 1.316

Q+ parameters
slope: 0.298 semiSat: 0.560 beta: 0.969 sigma: 0.166 
maxBOLD estimate = 1.494


Trial 36: qplus Stimulus Selection
Stimulus: 0.588
Output value 0.140

Q+ parameters
slope: 0.298 semiSat: 0.560 beta: 1.062 sigma: 0.218 
maxBOLD estimate = 1.447


Trial 37: qplus Stimulus Selection
Stimulus: 0.629
Output value 1.490

Q+ parameters
slope: 0.298 semiSat: 0.560 beta: 0.969 sigma: 0.166 
maxBOLD estimate = 1.538


Trial 38: qplus Stimulus Selection
Stimulus: 0.546
Output value 0.813

Q+ parameters
slope: 0.234 semiSat: 0.560 beta: 1.000 sigma: 0.166 
maxBOLD estimate = 1.490


Trial 39: qplus Stimulus Selection
Stimulus: 0.505
Output value 0.677

Q+ parameters
slope: 0.234 semiSat: 0.560 beta: 1.000 sigma: 0.166 
maxBOLD estimate = 1.490


Trial 40: baseline Stimulus Selection
Stimulus: 0.010
Output value -0.271

Q+ parameters
slope: 0.234 semiSat: 0.560 beta: 1.000 sigma: 0.166 
maxBOLD estimate = 1.490


Trial 41: qplus Stimulus Selection
Stimulus: 0.505
Output value 0.271

Q+ parameters
slope: 0.234 semiSat: 0.560 beta: 1.000 sigma: 0.166 
maxBOLD estimate = 1.490


Trial 42: qplus Stimulus Selection
Stimulus: 0.505
Output value -0.271

Q+ parameters
slope: 0.234 semiSat: 0.560 beta: 1.000 sigma: 0.166 
maxBOLD estimate = 1.490


Trial 43: qplus Stimulus Selection
Stimulus: 0.588
Output value 0.787

Q+ parameters
slope: 0.298 semiSat: 0.560 beta: 0.969 sigma: 0.166 
maxBOLD estimate = 1.490


Trial 44: qplus Stimulus Selection
Stimulus: 0.588
Output value 1.050

Q+ parameters
slope: 0.234 semiSat: 0.560 beta: 1.000 sigma: 0.166 
maxBOLD estimate = 1.443


Trial 45: maxBOLD Stimulus Selection
Stimulus: 1.000
Output value 1.574

Q+ parameters
slope: 0.234 semiSat: 0.560 beta: 1.000 sigma: 0.166 
maxBOLD estimate = 1.443


Trial 46: qplus Stimulus Selection
Stimulus: 0.546
Output value 0.787

Q+ parameters
slope: 0.234 semiSat: 0.560 beta: 1.000 sigma: 0.166 
maxBOLD estimate = 1.443


Trial 47: qplus Stimulus Selection
Stimulus: 0.546
Output value 1.312

Q+ parameters
slope: 0.234 semiSat: 0.560 beta: 1.000 sigma: 0.166 
maxBOLD estimate = 1.443


Trial 48: qplus Stimulus Selection
Stimulus: 0.546
Output value 0.254

Q+ parameters
slope: 0.298 semiSat: 0.560 beta: 0.969 sigma: 0.166 
maxBOLD estimate = 1.443


Trial 49: qplus Stimulus Selection
Stimulus: 0.588
Output value 1.215

Q+ parameters
slope: 0.298 semiSat: 0.560 beta: 1.062 sigma: 0.166 
maxBOLD estimate = 1.398


Trial 50: baseline Stimulus Selection
Stimulus: 0.010
Output value -0.270

Q+ parameters
slope: 0.234 semiSat: 0.560 beta: 1.000 sigma: 0.166 
maxBOLD estimate = 1.485


Trial 51: qplus Stimulus Selection
Stimulus: 0.505
Output value 0.523

Q+ parameters
slope: 0.298 semiSat: 0.560 beta: 0.969 sigma: 0.166 
maxBOLD estimate = 1.485


Trial 52: qplus Stimulus Selection
Stimulus: 0.546
Output value -0.253

Q+ parameters
slope: 0.298 semiSat: 0.560 beta: 0.969 sigma: 0.166 
maxBOLD estimate = 1.439


Trial 53: qplus Stimulus Selection
Stimulus: 0.588
Output value 0.368

Q+ parameters
slope: 0.298 semiSat: 0.560 beta: 0.969 sigma: 0.166 
maxBOLD estimate = 1.394


Trial 54: qplus Stimulus Selection
Stimulus: 0.546
Output value 0.522

Q+ parameters
slope: 0.298 semiSat: 0.560 beta: 1.062 sigma: 0.166 
maxBOLD estimate = 1.350


Trial 55: maxBOLD Stimulus Selection
Stimulus: 1.000
Output value 1.011

Q+ parameters
slope: 0.298 semiSat: 0.560 beta: 0.969 sigma: 0.166 
maxBOLD estimate = 1.435


Trial 56: qplus Stimulus Selection
Stimulus: 0.588
Output value 0.612

Q+ parameters
slope: 0.298 semiSat: 0.560 beta: 0.969 sigma: 0.166 
maxBOLD estimate = 1.390


Trial 57: qplus Stimulus Selection
Stimulus: 0.588
Output value -0.367

Q+ parameters
slope: 0.089 semiSat: 0.670 beta: 1.500 sigma: 0.218 
maxBOLD estimate = 1.347


Trial 58: qplus Stimulus Selection
Stimulus: 0.753
Output value 0.413

Q+ parameters
slope: 0.234 semiSat: 0.560 beta: 0.750 sigma: 0.114 
maxBOLD estimate = 2.020


Trial 59: qplus Stimulus Selection
Stimulus: 0.670
Output value 0.241

Q+ parameters
slope: 0.234 semiSat: 0.560 beta: 0.875 sigma: 0.166 
maxBOLD estimate = 1.515


Trial 60: baseline Stimulus Selection
Stimulus: 0.010
Output value -0.233

Q+ parameters
slope: 0.298 semiSat: 0.560 beta: 0.969 sigma: 0.166 
maxBOLD estimate = 1.326


Trial 61: qplus Stimulus Selection
Stimulus: 0.546
Output value -0.248

Q+ parameters
slope: 0.298 semiSat: 0.560 beta: 1.062 sigma: 0.166 
maxBOLD estimate = 1.284


Trial 62: qplus Stimulus Selection
Stimulus: 0.505
Output value 0.240

Q+ parameters
slope: 0.298 semiSat: 0.560 beta: 0.969 sigma: 0.166 
maxBOLD estimate = 1.364


Trial 63: qplus Stimulus Selection
Stimulus: 0.546
Output value 0.766

Q+ parameters
slope: 0.183 semiSat: 0.560 beta: 1.062 sigma: 0.166 
maxBOLD estimate = 1.322


Trial 64: qplus Stimulus Selection
Stimulus: 0.505
Output value 0.495

Q+ parameters
slope: 0.298 semiSat: 0.560 beta: 0.969 sigma: 0.166 
maxBOLD estimate = 1.404


Trial 65: maxBOLD Stimulus Selection
Stimulus: 1.000
Output value 1.078

Q+ parameters
slope: 0.298 semiSat: 0.560 beta: 0.969 sigma: 0.166 
maxBOLD estimate = 1.360


Trial 66: qplus Stimulus Selection
Stimulus: 0.588
Output value 0.509

Q+ parameters
slope: 0.183 semiSat: 0.560 beta: 1.062 sigma: 0.166 
maxBOLD estimate = 1.318


Trial 67: qplus Stimulus Selection
Stimulus: 0.505
Output value 0.863

Q+ parameters
slope: 0.298 semiSat: 0.560 beta: 0.969 sigma: 0.166 
maxBOLD estimate = 1.400


Trial 68: qplus Stimulus Selection
Stimulus: 0.588
Output value 0.239

Q+ parameters
slope: 0.298 semiSat: 0.560 beta: 0.969 sigma: 0.166 
maxBOLD estimate = 1.357


Trial 69: qplus Stimulus Selection
Stimulus: 0.546
Output value 0.508

Q+ parameters
slope: 0.183 semiSat: 0.560 beta: 1.062 sigma: 0.166 
maxBOLD estimate = 1.314


Trial 70: baseline Stimulus Selection
Stimulus: 0.010
Output value 0.000

Q+ parameters
slope: 0.298 semiSat: 0.560 beta: 0.969 sigma: 0.166 
maxBOLD estimate = 1.396


Trial 71: qplus Stimulus Selection
Stimulus: 0.588
Output value 0.715

Q+ parameters
slope: 0.298 semiSat: 0.560 beta: 0.969 sigma: 0.166 
maxBOLD estimate = 1.353


Trial 72: qplus Stimulus Selection
Stimulus: 0.546
Output value 0.506

Q+ parameters
slope: 0.183 semiSat: 0.560 beta: 1.062 sigma: 0.166 
maxBOLD estimate = 1.310


Trial 73: qplus Stimulus Selection
Stimulus: 0.505
Output value 0.613

Q+ parameters
slope: 0.298 semiSat: 0.560 beta: 0.969 sigma: 0.166 
maxBOLD estimate = 1.392


Trial 74: qplus Stimulus Selection
Stimulus: 0.546
Output value 0.594

Q+ parameters
slope: 0.298 semiSat: 0.560 beta: 0.969 sigma: 0.166 
maxBOLD estimate = 1.349


Trial 75: maxBOLD Stimulus Selection
Stimulus: 1.000
Output value 1.514

Q+ parameters
slope: 0.183 semiSat: 0.560 beta: 1.062 sigma: 0.166 
maxBOLD estimate = 1.307


Trial 76: qplus Stimulus Selection
Stimulus: 0.505
Output value 0.978

Q+ parameters
slope: 0.298 semiSat: 0.560 beta: 0.969 sigma: 0.166 
maxBOLD estimate = 1.388


Trial 77: qplus Stimulus Selection
Stimulus: 0.505
Output value -0.237

Q+ parameters
slope: 0.298 semiSat: 0.560 beta: 0.969 sigma: 0.166 
maxBOLD estimate = 1.345


Trial 78: qplus Stimulus Selection
Stimulus: 0.546
Output value -0.229

Q+ parameters
slope: 0.298 semiSat: 0.560 beta: 0.969 sigma: 0.166 
maxBOLD estimate = 1.303


Trial 79: qplus Stimulus Selection
Stimulus: 0.588
Output value 0.333

Q+ parameters
slope: 0.298 semiSat: 0.560 beta: 0.969 sigma: 0.166 
maxBOLD estimate = 1.262


Trial 80: baseline Stimulus Selection
Stimulus: 0.010
Output value 0.472

Q+ parameters
slope: 0.379 semiSat: 0.560 beta: 1.062 sigma: 0.218 
maxBOLD estimate = 1.223


Trial 81: qplus Stimulus Selection
Stimulus: 0.588
Output value 1.144

Q+ parameters
slope: 0.298 semiSat: 0.560 beta: 0.969 sigma: 0.166 
maxBOLD estimate = 1.299


Trial 82: qplus Stimulus Selection
Stimulus: 0.588
Output value 1.337

Q+ parameters
slope: 0.379 semiSat: 0.560 beta: 1.062 sigma: 0.218 
maxBOLD estimate = 1.259


Trial 83: qplus Stimulus Selection
Stimulus: 0.505
Output value 0.824

Q+ parameters
slope: 0.298 semiSat: 0.560 beta: 0.969 sigma: 0.166 
maxBOLD estimate = 1.337


Trial 84: qplus Stimulus Selection
Stimulus: 0.546
Output value 0.876

Q+ parameters
slope: 0.183 semiSat: 0.560 beta: 1.062 sigma: 0.166 
maxBOLD estimate = 1.295


Trial 85: maxBOLD Stimulus Selection
Stimulus: 1.000
Output value 1.455

Q+ parameters
slope: 0.298 semiSat: 0.560 beta: 0.969 sigma: 0.166 
maxBOLD estimate = 1.376


Trial 86: qplus Stimulus Selection
Stimulus: 0.546
Output value 0.773

Q+ parameters
slope: 0.183 semiSat: 0.560 beta: 1.062 sigma: 0.166 
maxBOLD estimate = 1.333


Trial 87: qplus Stimulus Selection
Stimulus: 0.505
Output value 0.749

Q+ parameters
slope: 0.298 semiSat: 0.560 beta: 0.969 sigma: 0.166 
maxBOLD estimate = 1.417


Trial 88: qplus Stimulus Selection
Stimulus: 0.546
Output value 1.193

Q+ parameters
slope: 0.183 semiSat: 0.560 beta: 1.062 sigma: 0.166 
maxBOLD estimate = 1.372


Trial 89: qplus Stimulus Selection
Stimulus: 0.505
Output value 1.156

Q+ parameters
slope: 0.298 semiSat: 0.560 beta: 0.969 sigma: 0.166 
maxBOLD estimate = 1.458


Trial 90: baseline Stimulus Selection
Stimulus: 0.010
Output value 1.501

Q+ parameters
slope: 0.010 semiSat: 0.670 beta: 1.062 sigma: 0.427 
maxBOLD estimate = 1.413


Trial 91: qplus Stimulus Selection
Stimulus: 0.918
Output value 2.456

Q+ parameters
slope: 0.089 semiSat: 0.670 beta: 1.500 sigma: 0.166 
maxBOLD estimate = 1.501


Trial 92: qplus Stimulus Selection
Stimulus: 0.794
Output value 1.228

Q+ parameters
slope: 0.070 semiSat: 0.670 beta: 0.750 sigma: 0.114 
maxBOLD estimate = 2.251


Trial 93: qplus Stimulus Selection
Stimulus: 0.876
Output value 2.763

Q+ parameters
slope: 0.113 semiSat: 0.670 beta: 1.500 sigma: 0.166 
maxBOLD estimate = 1.689


Trial 94: qplus Stimulus Selection
Stimulus: 0.753
Output value 0.863

Q+ parameters
slope: 0.070 semiSat: 0.670 beta: 0.750 sigma: 0.114 
maxBOLD estimate = 2.533


Trial 95: maxBOLD Stimulus Selection
Stimulus: 1.000
Output value 1.727

Q+ parameters
slope: 0.089 semiSat: 0.670 beta: 1.000 sigma: 0.166 
maxBOLD estimate = 1.900


Trial 96: qplus Stimulus Selection
Stimulus: 1.000
Output value 1.036

Q+ parameters
slope: 0.089 semiSat: 0.670 beta: 1.000 sigma: 0.166 
maxBOLD estimate = 1.900


Trial 97: qplus Stimulus Selection
Stimulus: 0.629
Output value 1.209

Q+ parameters
slope: 0.089 semiSat: 0.670 beta: 1.000 sigma: 0.166 
maxBOLD estimate = 1.900


Trial 98: qplus Stimulus Selection
Stimulus: 1.000
Output value 0.389

Q+ parameters
slope: 0.234 semiSat: 0.560 beta: 0.750 sigma: 0.166 
maxBOLD estimate = 1.900


Trial 99: qplus Stimulus Selection
Stimulus: 0.629
Output value 0.437

Q+ parameters
slope: 0.043 semiSat: 0.670 beta: 1.125 sigma: 0.218 
maxBOLD estimate = 1.425


Trial 100: baseline Stimulus Selection
Stimulus: 0.010
Output value 0.310

Q+ parameters
slope: 0.089 semiSat: 0.670 beta: 1.062 sigma: 0.166 
maxBOLD estimate = 1.603

--------------------------------------------------------------
FINAL VALUES
--------------------------------------------------------------
Simulated parameters:              slope: 0.200 semiSat: 0.570 beta: 1.000 sigma: 0.150 
Max posterior QUEST+ parameters:   slope: 0.298 semiSat: 0.560 beta: 0.969 sigma: 0.218 
Max BADS parameters:               slope: 0.125 semiSat: 0.610 beta: 1.000 sigma: 0.179 
maxBOLD estimate: 1.487
