/blue/stevenweisberg/stevenweisberg/MATLAB/projects/Weisberg_Aguirre_2020/scripts/run_sims
c25a-s23.ufhpc
Tue Apr  6 20:00:15 EDT 2021
mkdir: cannot create directory ‘/blue/stevenweisberg/stevenweisberg/qpfMRIResults/model_parameter_set2/’: File exists
cp: cannot stat ‘/blue/stevenweisberg/stevenweisberg/qpfMRIResults/deploy_sim.sh’: No such file or directory
cp: cannot stat ‘/blue/stevenweisberg/stevenweisberg/qpfMRIResults/sim_wrapper.sh’: No such file or directory
------------------------------------------
Setting up environment variables
---
LD_LIBRARY_PATH is .:/apps/matlab/mcr/2020b/v99/runtime/glnxa64:/apps/matlab/mcr/2020b/v99/bin/glnxa64:/apps/matlab/mcr/2020b/v99/sys/os/glnxa64:/apps/matlab/mcr/2020b/v99/sys/opengl/lib/glnxa64
Warning: Executing startup failed in matlabrc.
This indicates a potentially serious problem in your MATLAB setup, which should be resolved as soon as possible.  Error detected was:
MATLAB:mpath:PathAlterationNotSupported
Modifying the search path is not supported by MATLAB Compiler. Remove functions that modify the search path from your MATLAB code. To make files visible to your deployed application, add the parent folder to your MATLAB session.
Warning: No stimulus domain specified. Defaulting to values between 0.01 and 1.
> In qpfmriParams (line 182)
In compiledSimulate (line 205)
Stimulus domain added from input.
Parameter slope specified as 0.20000
Parameter semiSat specified as 0.57000
Parameter beta specified as 1.00000
Parameter sigma specified as 0.10000
seed = 99seed = 104seed = 111seed = 111seed = 115seed = 101Initializing Q+. This may take a minute...
Elapsed time is 11.537634 seconds.
Simulated parameters:
slope: 0.200 semiSat: 0.570 beta: 1.000 sigma: 0.100 

Trial 1: baseline Stimulus Selection
Stimulus: 0.010
Output value 0.000

Q+ parameters
slope: 0.026 semiSat: 0.890 beta: 0.500 sigma: 0.010 
maxBOLD estimate = 1.000


Trial 2: maxBOLD Stimulus Selection
Stimulus: 1.000
Output value 1.364

Q+ parameters
slope: 0.055 semiSat: 0.670 beta: 1.250 sigma: 0.010 
maxBOLD estimate = 1.000


Trial 3: baseline Stimulus Selection
Stimulus: 0.010
Output value 0.142

Q+ parameters
slope: 0.055 semiSat: 0.670 beta: 1.250 sigma: 0.062 
maxBOLD estimate = 1.250


Trial 4: maxBOLD Stimulus Selection
Stimulus: 1.000
Output value 1.953

Q+ parameters
slope: 0.055 semiSat: 0.670 beta: 1.250 sigma: 0.062 
maxBOLD estimate = 1.562


Trial 5: baseline Stimulus Selection
Stimulus: 0.010
Output value 0.000

Q+ parameters
slope: 0.043 semiSat: 0.780 beta: 1.250 sigma: 0.062 
maxBOLD estimate = 1.953


Trial 6: maxBOLD Stimulus Selection
Stimulus: 1.000
Output value 1.942

Q+ parameters
slope: 0.034 semiSat: 1.000 beta: 1.250 sigma: 0.062 
maxBOLD estimate = 2.441


Trial 7: random Stimulus Selection
Stimulus: 0.340
Output value -0.208

Q+ parameters
slope: 0.055 semiSat: 0.890 beta: 0.750 sigma: 0.062 
maxBOLD estimate = 3.052


Trial 8: random Stimulus Selection
Stimulus: 1.000
Output value 1.365

Q+ parameters
slope: 0.055 semiSat: 0.890 beta: 0.938 sigma: 0.062 
maxBOLD estimate = 2.289


Trial 9: random Stimulus Selection
Stimulus: 0.381
Output value -0.390

Q+ parameters
slope: 0.070 semiSat: 0.890 beta: 1.000 sigma: 0.062 
maxBOLD estimate = 2.146


Trial 10: baseline Stimulus Selection
Stimulus: 0.010
Output value 0.000

Q+ parameters
slope: 0.070 semiSat: 0.890 beta: 1.000 sigma: 0.062 
maxBOLD estimate = 2.146


Trial 11: random Stimulus Selection
Stimulus: 0.835
Output value 1.024

Q+ parameters
slope: 0.089 semiSat: 0.780 beta: 0.875 sigma: 0.062 
maxBOLD estimate = 2.146


Trial 12: random Stimulus Selection
Stimulus: 0.010
Output value 0.000

Q+ parameters
slope: 0.089 semiSat: 0.780 beta: 0.969 sigma: 0.062 
maxBOLD estimate = 1.878


Trial 13: random Stimulus Selection
Stimulus: 0.464
Output value -0.145

Q+ parameters
slope: 0.144 semiSat: 0.780 beta: 0.875 sigma: 0.062 
maxBOLD estimate = 1.819


Trial 14: random Stimulus Selection
Stimulus: 0.051
Output value -0.271

Q+ parameters
slope: 0.183 semiSat: 0.780 beta: 0.938 sigma: 0.062 
maxBOLD estimate = 1.592


Trial 15: maxBOLD Stimulus Selection
Stimulus: 1.000
Output value 1.441

Q+ parameters
slope: 0.183 semiSat: 0.780 beta: 1.062 sigma: 0.114 
maxBOLD estimate = 1.492


Trial 16: random Stimulus Selection
Stimulus: 0.835
Output value 1.675

Q+ parameters
slope: 0.183 semiSat: 0.670 beta: 0.969 sigma: 0.114 
maxBOLD estimate = 1.585


Trial 17: random Stimulus Selection
Stimulus: 0.175
Output value 0.288

Q+ parameters
slope: 0.183 semiSat: 0.670 beta: 1.031 sigma: 0.114 
maxBOLD estimate = 1.536


Trial 18: random Stimulus Selection
Stimulus: 0.546
Output value 0.135

Q+ parameters
slope: 0.183 semiSat: 0.670 beta: 0.938 sigma: 0.114 
maxBOLD estimate = 1.584


Trial 19: random Stimulus Selection
Stimulus: 0.835
Output value 0.844

Q+ parameters
slope: 0.113 semiSat: 0.780 beta: 1.250 sigma: 0.114 
maxBOLD estimate = 1.485


Trial 20: baseline Stimulus Selection
Stimulus: 0.010
Output value -0.295

Q+ parameters
slope: 0.144 semiSat: 0.780 beta: 0.875 sigma: 0.114 
maxBOLD estimate = 1.856


Trial 21: random Stimulus Selection
Stimulus: 0.423
Output value 0.129

Q+ parameters
slope: 0.144 semiSat: 0.670 beta: 0.875 sigma: 0.114 
maxBOLD estimate = 1.624


Trial 22: random Stimulus Selection
Stimulus: 0.216
Output value -0.323

Q+ parameters
slope: 0.183 semiSat: 0.780 beta: 1.250 sigma: 0.114 
maxBOLD estimate = 1.421


Trial 23: random Stimulus Selection
Stimulus: 0.918
Output value 1.130

Q+ parameters
slope: 0.234 semiSat: 0.780 beta: 0.875 sigma: 0.114 
maxBOLD estimate = 1.776


Trial 24: random Stimulus Selection
Stimulus: 0.876
Output value 2.119

Q+ parameters
slope: 0.183 semiSat: 0.780 beta: 1.250 sigma: 0.114 
maxBOLD estimate = 1.554


Trial 25: maxBOLD Stimulus Selection
Stimulus: 1.000
Output value 1.545

Q+ parameters
slope: 0.183 semiSat: 0.780 beta: 0.875 sigma: 0.114 
maxBOLD estimate = 1.943


Trial 26: random Stimulus Selection
Stimulus: 0.175
Output value 0.000

Q+ parameters
slope: 0.234 semiSat: 0.670 beta: 0.875 sigma: 0.114 
maxBOLD estimate = 1.700


Trial 27: random Stimulus Selection
Stimulus: 0.216
Output value 0.000

Q+ parameters
slope: 0.183 semiSat: 0.780 beta: 1.250 sigma: 0.114 
maxBOLD estimate = 1.487


Trial 28: random Stimulus Selection
Stimulus: 0.794
Output value 1.627

Q+ parameters
slope: 0.234 semiSat: 0.670 beta: 0.875 sigma: 0.114 
maxBOLD estimate = 1.859


Trial 29: random Stimulus Selection
Stimulus: 0.423
Output value 0.296

Q+ parameters
slope: 0.183 semiSat: 0.670 beta: 1.000 sigma: 0.114 
maxBOLD estimate = 1.627


Trial 30: baseline Stimulus Selection
Stimulus: 0.010
Output value -0.148

Q+ parameters
slope: 0.183 semiSat: 0.670 beta: 1.000 sigma: 0.114 
maxBOLD estimate = 1.627


Trial 31: random Stimulus Selection
Stimulus: 0.918
Output value 1.886

Q+ parameters
slope: 0.234 semiSat: 0.670 beta: 1.062 sigma: 0.114 
maxBOLD estimate = 1.627


Trial 32: random Stimulus Selection
Stimulus: 0.670
Output value 1.257

Q+ parameters
slope: 0.183 semiSat: 0.670 beta: 1.000 sigma: 0.114 
maxBOLD estimate = 1.729


Trial 33: random Stimulus Selection
Stimulus: 0.505
Output value 0.314

Q+ parameters
slope: 0.183 semiSat: 0.670 beta: 1.000 sigma: 0.114 
maxBOLD estimate = 1.729


Trial 34: random Stimulus Selection
Stimulus: 0.629
Output value 1.100

Q+ parameters
slope: 0.183 semiSat: 0.670 beta: 1.000 sigma: 0.114 
maxBOLD estimate = 1.729


Trial 35: maxBOLD Stimulus Selection
Stimulus: 1.000
Output value 1.257

Q+ parameters
slope: 0.183 semiSat: 0.670 beta: 1.000 sigma: 0.114 
maxBOLD estimate = 1.729


Trial 36: random Stimulus Selection
Stimulus: 0.134
Output value 0.000

Q+ parameters
slope: 0.183 semiSat: 0.670 beta: 1.000 sigma: 0.114 
maxBOLD estimate = 1.729


Trial 37: random Stimulus Selection
Stimulus: 0.464
Output value 0.486

Q+ parameters
slope: 0.144 semiSat: 0.670 beta: 1.031 sigma: 0.114 
maxBOLD estimate = 1.729


Trial 38: random Stimulus Selection
Stimulus: 0.588
Output value 0.993

Q+ parameters
slope: 0.234 semiSat: 0.560 beta: 0.875 sigma: 0.114 
maxBOLD estimate = 1.783


Trial 39: random Stimulus Selection
Stimulus: 0.794
Output value 1.511

Q+ parameters
slope: 0.234 semiSat: 0.560 beta: 0.969 sigma: 0.114 
maxBOLD estimate = 1.560


Trial 40: baseline Stimulus Selection
Stimulus: 0.010
Output value 0.266

Q+ parameters
slope: 0.234 semiSat: 0.560 beta: 0.969 sigma: 0.114 
maxBOLD estimate = 1.511


Trial 41: random Stimulus Selection
Stimulus: 0.794
Output value 2.395

Q+ parameters
slope: 0.113 semiSat: 0.670 beta: 1.500 sigma: 0.114 
maxBOLD estimate = 1.464


Trial 42: random Stimulus Selection
Stimulus: 0.711
Output value 1.198

Q+ parameters
slope: 0.298 semiSat: 0.560 beta: 0.750 sigma: 0.114 
maxBOLD estimate = 2.196


Trial 43: random Stimulus Selection
Stimulus: 0.175
Output value 0.262

Q+ parameters
slope: 0.483 semiSat: 0.560 beta: 0.875 sigma: 0.114 
maxBOLD estimate = 1.647


Trial 44: random Stimulus Selection
Stimulus: 0.299
Output value 0.589

Q+ parameters
slope: 0.144 semiSat: 0.670 beta: 1.500 sigma: 0.114 
maxBOLD estimate = 1.441


Trial 45: maxBOLD Stimulus Selection
Stimulus: 1.000
Output value 1.474

Q+ parameters
slope: 0.298 semiSat: 0.560 beta: 0.750 sigma: 0.114 
maxBOLD estimate = 2.161


Trial 46: random Stimulus Selection
Stimulus: 0.051
Output value 0.571

Q+ parameters
slope: 0.234 semiSat: 0.560 beta: 0.969 sigma: 0.114 
maxBOLD estimate = 1.621


Trial 47: random Stimulus Selection
Stimulus: 0.092
Output value 0.857

Q+ parameters
slope: 0.144 semiSat: 0.670 beta: 1.500 sigma: 0.114 
maxBOLD estimate = 1.570


Trial 48: random Stimulus Selection
Stimulus: 0.711
Output value 1.285

Q+ parameters
slope: 0.298 semiSat: 0.560 beta: 0.750 sigma: 0.114 
maxBOLD estimate = 2.356


Trial 49: random Stimulus Selection
Stimulus: 0.381
Output value 0.562

Q+ parameters
slope: 0.234 semiSat: 0.560 beta: 0.875 sigma: 0.114 
maxBOLD estimate = 1.767


Trial 50: baseline Stimulus Selection
Stimulus: 0.010
Output value 0.632

Q+ parameters
slope: 0.144 semiSat: 0.670 beta: 1.500 sigma: 0.166 
maxBOLD estimate = 1.546


Trial 51: random Stimulus Selection
Stimulus: 0.010
Output value 0.158

Q+ parameters
slope: 0.113 semiSat: 0.670 beta: 0.750 sigma: 0.114 
maxBOLD estimate = 2.319


Trial 52: random Stimulus Selection
Stimulus: 0.753
Output value 1.522

Q+ parameters
slope: 0.234 semiSat: 0.560 beta: 0.875 sigma: 0.114 
maxBOLD estimate = 1.739


Trial 53: random Stimulus Selection
Stimulus: 0.588
Output value 1.206

Q+ parameters
slope: 0.298 semiSat: 0.560 beta: 0.969 sigma: 0.114 
maxBOLD estimate = 1.522


Trial 54: random Stimulus Selection
Stimulus: 0.753
Output value 1.709

Q+ parameters
slope: 0.379 semiSat: 0.560 beta: 1.062 sigma: 0.166 
maxBOLD estimate = 1.474


Trial 55: maxBOLD Stimulus Selection
Stimulus: 1.000
Output value 1.379

Q+ parameters
slope: 0.298 semiSat: 0.560 beta: 0.969 sigma: 0.114 
maxBOLD estimate = 1.566


Trial 56: random Stimulus Selection
Stimulus: 0.134
Output value -0.134

Q+ parameters
slope: 0.298 semiSat: 0.560 beta: 0.969 sigma: 0.114 
maxBOLD estimate = 1.517


Trial 57: random Stimulus Selection
Stimulus: 0.010
Output value 0.000

Q+ parameters
slope: 0.379 semiSat: 0.560 beta: 1.062 sigma: 0.166 
maxBOLD estimate = 1.470


Trial 58: random Stimulus Selection
Stimulus: 0.299
Output value -0.138

Q+ parameters
slope: 0.298 semiSat: 0.560 beta: 0.969 sigma: 0.114 
maxBOLD estimate = 1.562


Trial 59: random Stimulus Selection
Stimulus: 0.464
Output value 0.133

Q+ parameters
slope: 0.379 semiSat: 0.560 beta: 0.969 sigma: 0.114 
maxBOLD estimate = 1.513


Trial 60: baseline Stimulus Selection
Stimulus: 0.010
Output value 0.142

Q+ parameters
slope: 0.379 semiSat: 0.560 beta: 1.062 sigma: 0.166 
maxBOLD estimate = 1.466


Trial 61: random Stimulus Selection
Stimulus: 0.835
Output value 1.486

Q+ parameters
slope: 0.483 semiSat: 0.560 beta: 0.875 sigma: 0.114 
maxBOLD estimate = 1.557


Trial 62: random Stimulus Selection
Stimulus: 0.629
Output value 1.053

Q+ parameters
slope: 0.379 semiSat: 0.560 beta: 1.062 sigma: 0.114 
maxBOLD estimate = 1.363


Trial 63: random Stimulus Selection
Stimulus: 0.794
Output value 1.678

Q+ parameters
slope: 0.379 semiSat: 0.560 beta: 1.062 sigma: 0.166 
maxBOLD estimate = 1.448


Trial 64: random Stimulus Selection
Stimulus: 0.340
Output value -0.271

Q+ parameters
slope: 0.298 semiSat: 0.560 beta: 0.969 sigma: 0.114 
maxBOLD estimate = 1.538


Trial 65: maxBOLD Stimulus Selection
Stimulus: 1.000
Output value 1.181

Q+ parameters
slope: 0.298 semiSat: 0.560 beta: 0.969 sigma: 0.114 
maxBOLD estimate = 1.490


Trial 66: random Stimulus Selection
Stimulus: 0.092
Output value 0.000

Q+ parameters
slope: 0.379 semiSat: 0.560 beta: 1.062 sigma: 0.166 
maxBOLD estimate = 1.444


Trial 67: random Stimulus Selection
Stimulus: 0.299
Output value 0.135

Q+ parameters
slope: 0.298 semiSat: 0.560 beta: 0.969 sigma: 0.114 
maxBOLD estimate = 1.534


Trial 68: random Stimulus Selection
Stimulus: 0.257
Output value 0.000

Q+ parameters
slope: 0.298 semiSat: 0.560 beta: 0.969 sigma: 0.114 
maxBOLD estimate = 1.486


Trial 69: random Stimulus Selection
Stimulus: 0.670
Output value 1.668

Q+ parameters
slope: 0.379 semiSat: 0.560 beta: 1.062 sigma: 0.166 
maxBOLD estimate = 1.439


Trial 70: baseline Stimulus Selection
Stimulus: 0.010
Output value -0.135

Q+ parameters
slope: 0.298 semiSat: 0.560 beta: 0.969 sigma: 0.114 
maxBOLD estimate = 1.529


Trial 71: random Stimulus Selection
Stimulus: 0.629
Output value 1.431

Q+ parameters
slope: 0.379 semiSat: 0.560 beta: 1.062 sigma: 0.166 
maxBOLD estimate = 1.482


Trial 72: random Stimulus Selection
Stimulus: 0.340
Output value 0.000

Q+ parameters
slope: 0.483 semiSat: 0.560 beta: 0.875 sigma: 0.114 
maxBOLD estimate = 1.574


Trial 73: random Stimulus Selection
Stimulus: 0.835
Output value 1.597

Q+ parameters
slope: 0.379 semiSat: 0.560 beta: 1.062 sigma: 0.114 
maxBOLD estimate = 1.377


Trial 74: random Stimulus Selection
Stimulus: 0.010
Output value 0.000

Q+ parameters
slope: 0.379 semiSat: 0.560 beta: 1.000 sigma: 0.114 
maxBOLD estimate = 1.464


Trial 75: maxBOLD Stimulus Selection
Stimulus: 1.000
Output value 1.696

Q+ parameters
slope: 0.298 semiSat: 0.560 beta: 1.062 sigma: 0.114 
maxBOLD estimate = 1.464


Trial 76: random Stimulus Selection
Stimulus: 0.464
Output value 0.274

Q+ parameters
slope: 0.298 semiSat: 0.560 beta: 0.969 sigma: 0.114 
maxBOLD estimate = 1.555


Trial 77: random Stimulus Selection
Stimulus: 0.876
Output value 1.592

Q+ parameters
slope: 0.298 semiSat: 0.560 beta: 0.969 sigma: 0.114 
maxBOLD estimate = 1.506


Trial 78: random Stimulus Selection
Stimulus: 0.546
Output value 0.705

Q+ parameters
slope: 0.298 semiSat: 0.560 beta: 1.062 sigma: 0.114 
maxBOLD estimate = 1.459


Trial 79: random Stimulus Selection
Stimulus: 0.464
Output value 0.000

Q+ parameters
slope: 0.298 semiSat: 0.560 beta: 0.969 sigma: 0.114 
maxBOLD estimate = 1.551


Trial 80: baseline Stimulus Selection
Stimulus: 0.010
Output value 0.265

Q+ parameters
slope: 0.298 semiSat: 0.560 beta: 0.969 sigma: 0.114 
maxBOLD estimate = 1.502


Trial 81: random Stimulus Selection
Stimulus: 0.092
Output value -0.281

Q+ parameters
slope: 0.298 semiSat: 0.560 beta: 1.062 sigma: 0.114 
maxBOLD estimate = 1.455


Trial 82: random Stimulus Selection
Stimulus: 0.876
Output value 1.089

Q+ parameters
slope: 0.298 semiSat: 0.560 beta: 0.969 sigma: 0.114 
maxBOLD estimate = 1.546


Trial 83: random Stimulus Selection
Stimulus: 0.711
Output value 1.451

Q+ parameters
slope: 0.298 semiSat: 0.560 beta: 0.969 sigma: 0.114 
maxBOLD estimate = 1.498


Trial 84: random Stimulus Selection
Stimulus: 0.010
Output value 0.140

Q+ parameters
slope: 0.298 semiSat: 0.560 beta: 1.062 sigma: 0.114 
maxBOLD estimate = 1.451


Trial 85: maxBOLD Stimulus Selection
Stimulus: 1.000
Output value 1.358

Q+ parameters
slope: 0.298 semiSat: 0.560 beta: 0.969 sigma: 0.114 
maxBOLD estimate = 1.542


Trial 86: random Stimulus Selection
Stimulus: 0.464
Output value 0.263

Q+ parameters
slope: 0.298 semiSat: 0.560 beta: 0.969 sigma: 0.114 
maxBOLD estimate = 1.494


Trial 87: random Stimulus Selection
Stimulus: 0.092
Output value -0.140

Q+ parameters
slope: 0.298 semiSat: 0.560 beta: 1.062 sigma: 0.114 
maxBOLD estimate = 1.447


Trial 88: random Stimulus Selection
Stimulus: 0.959
Output value 1.354

Q+ parameters
slope: 0.298 semiSat: 0.560 beta: 0.969 sigma: 0.114 
maxBOLD estimate = 1.537


Trial 89: random Stimulus Selection
Stimulus: 0.670
Output value 1.312

Q+ parameters
slope: 0.298 semiSat: 0.560 beta: 0.969 sigma: 0.114 
maxBOLD estimate = 1.489


Trial 90: baseline Stimulus Selection
Stimulus: 0.010
Output value 0.279

Q+ parameters
slope: 0.298 semiSat: 0.560 beta: 1.062 sigma: 0.114 
maxBOLD estimate = 1.443


Trial 91: random Stimulus Selection
Stimulus: 0.134
Output value 0.270

Q+ parameters
slope: 0.298 semiSat: 0.560 beta: 0.969 sigma: 0.114 
maxBOLD estimate = 1.533


Trial 92: random Stimulus Selection
Stimulus: 0.546
Output value 0.654

Q+ parameters
slope: 0.298 semiSat: 0.560 beta: 0.969 sigma: 0.114 
maxBOLD estimate = 1.485


Trial 93: random Stimulus Selection
Stimulus: 0.670
Output value 1.667

Q+ parameters
slope: 0.298 semiSat: 0.560 beta: 1.062 sigma: 0.114 
maxBOLD estimate = 1.439


Trial 94: random Stimulus Selection
Stimulus: 0.216
Output value 0.000

Q+ parameters
slope: 0.298 semiSat: 0.560 beta: 0.969 sigma: 0.114 
maxBOLD estimate = 1.528


Trial 95: maxBOLD Stimulus Selection
Stimulus: 1.000
Output value 1.716

Q+ parameters
slope: 0.298 semiSat: 0.560 beta: 1.062 sigma: 0.114 
maxBOLD estimate = 1.481


Trial 96: random Stimulus Selection
Stimulus: 0.835
Output value 1.386

Q+ parameters
slope: 0.298 semiSat: 0.560 beta: 0.969 sigma: 0.114 
maxBOLD estimate = 1.573


Trial 97: random Stimulus Selection
Stimulus: 0.051
Output value 0.134

Q+ parameters
slope: 0.298 semiSat: 0.560 beta: 0.969 sigma: 0.114 
maxBOLD estimate = 1.524


Trial 98: random Stimulus Selection
Stimulus: 0.753
Output value 1.569

Q+ parameters
slope: 0.298 semiSat: 0.560 beta: 1.062 sigma: 0.114 
maxBOLD estimate = 1.476


Trial 99: random Stimulus Selection
Stimulus: 0.588
Output value 0.691

Q+ parameters
slope: 0.298 semiSat: 0.560 beta: 0.969 sigma: 0.114 
maxBOLD estimate = 1.569


Trial 100: baseline Stimulus Selection
Stimulus: 0.010
Output value 0.000

Q+ parameters
slope: 0.298 semiSat: 0.560 beta: 0.969 sigma: 0.114 
maxBOLD estimate = 1.520

--------------------------------------------------------------
FINAL VALUES
--------------------------------------------------------------
Simulated parameters:              slope: 0.200 semiSat: 0.570 beta: 1.000 sigma: 0.100 
Max posterior QUEST+ parameters:   slope: 0.298 semiSat: 0.560 beta: 0.969 sigma: 0.114 
Max BADS parameters:               slope: 0.280 semiSat: 0.573 beta: 1.000 sigma: 0.117 
maxBOLD estimate: 1.482
