/blue/stevenweisberg/stevenweisberg/MATLAB/projects/Weisberg_Aguirre_2020/scripts/run_sims
c0700a-s3.ufhpc
Wed Apr  7 02:08:42 EDT 2021
mkdir: cannot create directory ‘/blue/stevenweisberg/stevenweisberg/qpfMRIResults/model_parameter_set2/’: File exists
cp: cannot stat ‘/blue/stevenweisberg/stevenweisberg/qpfMRIResults/deploy_sim.sh’: No such file or directory
cp: cannot stat ‘/blue/stevenweisberg/stevenweisberg/qpfMRIResults/sim_wrapper.sh’: No such file or directory
------------------------------------------
Setting up environment variables
---
LD_LIBRARY_PATH is .:/apps/matlab/mcr/2020b/v99/runtime/glnxa64:/apps/matlab/mcr/2020b/v99/bin/glnxa64:/apps/matlab/mcr/2020b/v99/sys/os/glnxa64:/apps/matlab/mcr/2020b/v99/sys/opengl/lib/glnxa64
Warning: Executing startup failed in matlabrc.
This indicates a potentially serious problem in your MATLAB setup, which should be resolved as soon as possible.  Error detected was:
MATLAB:mpath:PathAlterationNotSupported
Modifying the search path is not supported by MATLAB Compiler. Remove functions that modify the search path from your MATLAB code. To make files visible to your deployed application, add the parent folder to your MATLAB session.
Warning: No stimulus domain specified. Defaulting to values between 0.01 and 1.
> In qpfmriParams (line 182)
In compiledSimulate (line 205)
Stimulus domain added from input.
Parameter slope specified as 0.20000
Parameter semiSat specified as 0.57000
Parameter beta specified as 1.00000
Parameter sigma specified as 0.15000
seed = 99seed = 104seed = 111seed = 111seed = 115seed = 101Initializing Q+. This may take a minute...
Elapsed time is 5.764910 seconds.
Simulated parameters:
slope: 0.200 semiSat: 0.570 beta: 1.000 sigma: 0.150 

Trial 1: baseline Stimulus Selection
Stimulus: 0.010
Output value 0.000

Q+ parameters
slope: 0.026 semiSat: 0.890 beta: 0.500 sigma: 0.010 
maxBOLD estimate = 1.000


Trial 2: maxBOLD Stimulus Selection
Stimulus: 1.000
Output value 1.364

Q+ parameters
slope: 0.055 semiSat: 0.670 beta: 1.250 sigma: 0.010 
maxBOLD estimate = 1.000


Trial 3: baseline Stimulus Selection
Stimulus: 0.010
Output value -0.142

Q+ parameters
slope: 0.055 semiSat: 0.670 beta: 1.250 sigma: 0.062 
maxBOLD estimate = 1.250


Trial 4: maxBOLD Stimulus Selection
Stimulus: 1.000
Output value 1.598

Q+ parameters
slope: 0.043 semiSat: 0.780 beta: 1.250 sigma: 0.062 
maxBOLD estimate = 1.562


Trial 5: baseline Stimulus Selection
Stimulus: 0.010
Output value -0.400

Q+ parameters
slope: 0.043 semiSat: 0.780 beta: 1.125 sigma: 0.114 
maxBOLD estimate = 1.953


Trial 6: maxBOLD Stimulus Selection
Stimulus: 1.000
Output value 1.548

Q+ parameters
slope: 0.043 semiSat: 0.780 beta: 0.969 sigma: 0.114 
maxBOLD estimate = 2.197


Trial 7: random Stimulus Selection
Stimulus: 0.959
Output value 1.863

Q+ parameters
slope: 0.055 semiSat: 0.560 beta: 0.875 sigma: 0.114 
maxBOLD estimate = 2.129


Trial 8: random Stimulus Selection
Stimulus: 0.092
Output value 0.000

Q+ parameters
slope: 0.055 semiSat: 0.670 beta: 1.062 sigma: 0.114 
maxBOLD estimate = 1.863


Trial 9: random Stimulus Selection
Stimulus: 0.794
Output value 1.518

Q+ parameters
slope: 0.070 semiSat: 0.560 beta: 0.938 sigma: 0.114 
maxBOLD estimate = 1.979


Trial 10: baseline Stimulus Selection
Stimulus: 0.010
Output value 0.295

Q+ parameters
slope: 0.070 semiSat: 0.560 beta: 0.875 sigma: 0.114 
maxBOLD estimate = 1.855


Trial 11: random Stimulus Selection
Stimulus: 0.876
Output value 1.098

Q+ parameters
slope: 0.089 semiSat: 0.450 beta: 1.062 sigma: 0.166 
maxBOLD estimate = 1.623


Trial 12: random Stimulus Selection
Stimulus: 0.216
Output value 0.470

Q+ parameters
slope: 0.055 semiSat: 0.780 beta: 1.500 sigma: 0.114 
maxBOLD estimate = 1.725


Trial 13: random Stimulus Selection
Stimulus: 0.794
Output value 0.882

Q+ parameters
slope: 0.070 semiSat: 0.670 beta: 0.750 sigma: 0.114 
maxBOLD estimate = 2.587


Trial 14: random Stimulus Selection
Stimulus: 0.876
Output value 1.158

Q+ parameters
slope: 0.070 semiSat: 0.560 beta: 0.938 sigma: 0.114 
maxBOLD estimate = 1.940


Trial 15: maxBOLD Stimulus Selection
Stimulus: 1.000
Output value 1.240

Q+ parameters
slope: 0.089 semiSat: 0.450 beta: 0.938 sigma: 0.114 
maxBOLD estimate = 1.819


Trial 16: random Stimulus Selection
Stimulus: 0.670
Output value 1.395

Q+ parameters
slope: 0.089 semiSat: 0.450 beta: 1.000 sigma: 0.114 
maxBOLD estimate = 1.705


Trial 17: random Stimulus Selection
Stimulus: 0.505
Output value 0.465

Q+ parameters
slope: 0.144 semiSat: 0.560 beta: 1.000 sigma: 0.114 
maxBOLD estimate = 1.705


Trial 18: random Stimulus Selection
Stimulus: 0.423
Output value 0.150

Q+ parameters
slope: 0.379 semiSat: 0.560 beta: 0.969 sigma: 0.114 
maxBOLD estimate = 1.705


Trial 19: random Stimulus Selection
Stimulus: 0.794
Output value 1.746

Q+ parameters
slope: 0.379 semiSat: 0.560 beta: 0.969 sigma: 0.114 
maxBOLD estimate = 1.652


Trial 20: baseline Stimulus Selection
Stimulus: 0.010
Output value 0.000

Q+ parameters
slope: 0.379 semiSat: 0.560 beta: 0.969 sigma: 0.114 
maxBOLD estimate = 1.601


Trial 21: random Stimulus Selection
Stimulus: 0.505
Output value 0.449

Q+ parameters
slope: 0.183 semiSat: 0.560 beta: 1.062 sigma: 0.114 
maxBOLD estimate = 1.550


Trial 22: random Stimulus Selection
Stimulus: 0.257
Output value 0.449

Q+ parameters
slope: 0.113 semiSat: 0.670 beta: 1.500 sigma: 0.114 
maxBOLD estimate = 1.647


Trial 23: random Stimulus Selection
Stimulus: 0.835
Output value 0.674

Q+ parameters
slope: 0.070 semiSat: 0.560 beta: 0.750 sigma: 0.114 
maxBOLD estimate = 2.471


Trial 24: random Stimulus Selection
Stimulus: 0.299
Output value -0.316

Q+ parameters
slope: 0.144 semiSat: 0.560 beta: 0.938 sigma: 0.114 
maxBOLD estimate = 1.853


Trial 25: maxBOLD Stimulus Selection
Stimulus: 1.000
Output value 1.422

Q+ parameters
slope: 0.144 semiSat: 0.560 beta: 1.000 sigma: 0.114 
maxBOLD estimate = 1.737


Trial 26: random Stimulus Selection
Stimulus: 0.257
Output value 0.158

Q+ parameters
slope: 0.144 semiSat: 0.560 beta: 1.000 sigma: 0.114 
maxBOLD estimate = 1.737


Trial 27: random Stimulus Selection
Stimulus: 0.175
Output value -0.316

Q+ parameters
slope: 0.144 semiSat: 0.560 beta: 1.000 sigma: 0.114 
maxBOLD estimate = 1.737


Trial 28: random Stimulus Selection
Stimulus: 0.216
Output value -0.158

Q+ parameters
slope: 0.144 semiSat: 0.560 beta: 1.000 sigma: 0.114 
maxBOLD estimate = 1.737


Trial 29: random Stimulus Selection
Stimulus: 1.000
Output value 1.580

Q+ parameters
slope: 0.144 semiSat: 0.560 beta: 1.000 sigma: 0.114 
maxBOLD estimate = 1.737


Trial 30: baseline Stimulus Selection
Stimulus: 0.010
Output value 0.276

Q+ parameters
slope: 0.379 semiSat: 0.560 beta: 0.875 sigma: 0.114 
maxBOLD estimate = 1.737


Trial 31: random Stimulus Selection
Stimulus: 0.299
Output value -0.294

Q+ parameters
slope: 0.183 semiSat: 0.560 beta: 1.062 sigma: 0.114 
maxBOLD estimate = 1.520


Trial 32: random Stimulus Selection
Stimulus: 0.918
Output value 0.936

Q+ parameters
slope: 0.298 semiSat: 0.560 beta: 1.062 sigma: 0.166 
maxBOLD estimate = 1.615


Trial 33: random Stimulus Selection
Stimulus: 0.835
Output value 2.808

Q+ parameters
slope: 0.113 semiSat: 0.670 beta: 1.500 sigma: 0.166 
maxBOLD estimate = 1.716


Trial 34: random Stimulus Selection
Stimulus: 0.835
Output value 0.176

Q+ parameters
slope: 0.070 semiSat: 0.670 beta: 0.750 sigma: 0.114 
maxBOLD estimate = 2.574


Trial 35: maxBOLD Stimulus Selection
Stimulus: 1.000
Output value 0.658

Q+ parameters
slope: 0.298 semiSat: 0.560 beta: 0.750 sigma: 0.114 
maxBOLD estimate = 1.931


Trial 36: random Stimulus Selection
Stimulus: 0.092
Output value -0.296

Q+ parameters
slope: 0.298 semiSat: 0.560 beta: 1.125 sigma: 0.166 
maxBOLD estimate = 1.448


Trial 37: random Stimulus Selection
Stimulus: 0.216
Output value -0.287

Q+ parameters
slope: 0.234 semiSat: 0.560 beta: 0.969 sigma: 0.166 
maxBOLD estimate = 1.629


Trial 38: random Stimulus Selection
Stimulus: 0.959
Output value 1.067

Q+ parameters
slope: 0.298 semiSat: 0.560 beta: 1.062 sigma: 0.166 
maxBOLD estimate = 1.578


Trial 39: random Stimulus Selection
Stimulus: 0.299
Output value 0.148

Q+ parameters
slope: 0.234 semiSat: 0.560 beta: 0.969 sigma: 0.166 
maxBOLD estimate = 1.677


Trial 40: baseline Stimulus Selection
Stimulus: 0.010
Output value 0.129

Q+ parameters
slope: 0.234 semiSat: 0.560 beta: 0.875 sigma: 0.114 
maxBOLD estimate = 1.624


Trial 41: random Stimulus Selection
Stimulus: 0.876
Output value 1.744

Q+ parameters
slope: 0.298 semiSat: 0.560 beta: 1.125 sigma: 0.166 
maxBOLD estimate = 1.421


Trial 42: random Stimulus Selection
Stimulus: 0.505
Output value 0.872

Q+ parameters
slope: 0.183 semiSat: 0.560 beta: 1.000 sigma: 0.166 
maxBOLD estimate = 1.599


Trial 43: random Stimulus Selection
Stimulus: 0.753
Output value 1.163

Q+ parameters
slope: 0.144 semiSat: 0.560 beta: 1.000 sigma: 0.166 
maxBOLD estimate = 1.599


Trial 44: random Stimulus Selection
Stimulus: 0.505
Output value 0.145

Q+ parameters
slope: 0.379 semiSat: 0.560 beta: 1.000 sigma: 0.166 
maxBOLD estimate = 1.599


Trial 45: maxBOLD Stimulus Selection
Stimulus: 1.000
Output value 1.744

Q+ parameters
slope: 0.379 semiSat: 0.560 beta: 1.000 sigma: 0.166 
maxBOLD estimate = 1.599


Trial 46: random Stimulus Selection
Stimulus: 0.423
Output value -0.291

Q+ parameters
slope: 0.379 semiSat: 0.560 beta: 1.000 sigma: 0.166 
maxBOLD estimate = 1.599


Trial 47: random Stimulus Selection
Stimulus: 0.010
Output value -0.145

Q+ parameters
slope: 0.379 semiSat: 0.560 beta: 1.000 sigma: 0.166 
maxBOLD estimate = 1.599


Trial 48: random Stimulus Selection
Stimulus: 0.010
Output value 0.145

Q+ parameters
slope: 0.379 semiSat: 0.560 beta: 1.000 sigma: 0.166 
maxBOLD estimate = 1.599


Trial 49: random Stimulus Selection
Stimulus: 0.299
Output value -0.291

Q+ parameters
slope: 0.379 semiSat: 0.560 beta: 1.000 sigma: 0.166 
maxBOLD estimate = 1.599


Trial 50: baseline Stimulus Selection
Stimulus: 0.010
Output value -0.309

Q+ parameters
slope: 0.298 semiSat: 0.560 beta: 1.062 sigma: 0.166 
maxBOLD estimate = 1.599


Trial 51: random Stimulus Selection
Stimulus: 0.381
Output value 0.319

Q+ parameters
slope: 0.234 semiSat: 0.560 beta: 1.031 sigma: 0.166 
maxBOLD estimate = 1.699


Trial 52: random Stimulus Selection
Stimulus: 0.257
Output value 0.279

Q+ parameters
slope: 0.234 semiSat: 0.560 beta: 0.875 sigma: 0.114 
maxBOLD estimate = 1.752


Trial 53: random Stimulus Selection
Stimulus: 0.340
Output value -0.157

Q+ parameters
slope: 0.298 semiSat: 0.560 beta: 1.125 sigma: 0.166 
maxBOLD estimate = 1.533


Trial 54: random Stimulus Selection
Stimulus: 0.546
Output value -0.314

Q+ parameters
slope: 0.379 semiSat: 0.670 beta: 1.000 sigma: 0.166 
maxBOLD estimate = 1.725


Trial 55: maxBOLD Stimulus Selection
Stimulus: 1.000
Output value 0.960

Q+ parameters
slope: 0.234 semiSat: 0.560 beta: 0.875 sigma: 0.114 
maxBOLD estimate = 1.725


Trial 56: random Stimulus Selection
Stimulus: 0.299
Output value 0.309

Q+ parameters
slope: 0.298 semiSat: 0.560 beta: 1.125 sigma: 0.166 
maxBOLD estimate = 1.509


Trial 57: random Stimulus Selection
Stimulus: 0.959
Output value 1.852

Q+ parameters
slope: 0.298 semiSat: 0.560 beta: 1.000 sigma: 0.166 
maxBOLD estimate = 1.698


Trial 58: random Stimulus Selection
Stimulus: 0.959
Output value 0.617

Q+ parameters
slope: 0.298 semiSat: 0.560 beta: 1.000 sigma: 0.166 
maxBOLD estimate = 1.698


Trial 59: random Stimulus Selection
Stimulus: 1.000
Output value 1.235

Q+ parameters
slope: 0.298 semiSat: 0.560 beta: 1.000 sigma: 0.166 
maxBOLD estimate = 1.698


Trial 60: baseline Stimulus Selection
Stimulus: 0.010
Output value -0.347

Q+ parameters
slope: 0.183 semiSat: 0.560 beta: 1.125 sigma: 0.166 
maxBOLD estimate = 1.698


Trial 61: random Stimulus Selection
Stimulus: 0.918
Output value 1.519

Q+ parameters
slope: 0.234 semiSat: 0.560 beta: 0.875 sigma: 0.114 
maxBOLD estimate = 1.910


Trial 62: random Stimulus Selection
Stimulus: 0.959
Output value 0.608

Q+ parameters
slope: 0.298 semiSat: 0.560 beta: 1.000 sigma: 0.166 
maxBOLD estimate = 1.671


Trial 63: random Stimulus Selection
Stimulus: 0.629
Output value 1.030

Q+ parameters
slope: 0.234 semiSat: 0.560 beta: 0.969 sigma: 0.166 
maxBOLD estimate = 1.671


Trial 64: random Stimulus Selection
Stimulus: 0.670
Output value 1.987

Q+ parameters
slope: 0.183 semiSat: 0.560 beta: 1.125 sigma: 0.166 
maxBOLD estimate = 1.619


Trial 65: maxBOLD Stimulus Selection
Stimulus: 1.000
Output value 1.449

Q+ parameters
slope: 0.298 semiSat: 0.560 beta: 0.875 sigma: 0.114 
maxBOLD estimate = 1.821


Trial 66: random Stimulus Selection
Stimulus: 0.216
Output value 0.326

Q+ parameters
slope: 0.183 semiSat: 0.560 beta: 1.125 sigma: 0.166 
maxBOLD estimate = 1.594


Trial 67: random Stimulus Selection
Stimulus: 0.010
Output value 0.000

Q+ parameters
slope: 0.298 semiSat: 0.560 beta: 0.875 sigma: 0.114 
maxBOLD estimate = 1.793


Trial 68: random Stimulus Selection
Stimulus: 0.670
Output value 1.284

Q+ parameters
slope: 0.183 semiSat: 0.560 beta: 1.125 sigma: 0.166 
maxBOLD estimate = 1.569


Trial 69: random Stimulus Selection
Stimulus: 0.340
Output value -0.281

Q+ parameters
slope: 0.298 semiSat: 0.560 beta: 0.875 sigma: 0.114 
maxBOLD estimate = 1.765


Trial 70: baseline Stimulus Selection
Stimulus: 0.010
Output value -0.316

Q+ parameters
slope: 0.183 semiSat: 0.560 beta: 1.125 sigma: 0.166 
maxBOLD estimate = 1.544


Trial 71: random Stimulus Selection
Stimulus: 0.051
Output value -0.138

Q+ parameters
slope: 0.298 semiSat: 0.560 beta: 0.875 sigma: 0.114 
maxBOLD estimate = 1.737


Trial 72: random Stimulus Selection
Stimulus: 0.588
Output value 1.727

Q+ parameters
slope: 0.298 semiSat: 0.560 beta: 1.250 sigma: 0.166 
maxBOLD estimate = 1.520


Trial 73: random Stimulus Selection
Stimulus: 0.711
Output value 1.209

Q+ parameters
slope: 0.234 semiSat: 0.560 beta: 0.875 sigma: 0.114 
maxBOLD estimate = 1.900


Trial 74: random Stimulus Selection
Stimulus: 0.918
Output value 1.814

Q+ parameters
slope: 0.298 semiSat: 0.560 beta: 1.000 sigma: 0.166 
maxBOLD estimate = 1.663


Trial 75: maxBOLD Stimulus Selection
Stimulus: 1.000
Output value 1.927

Q+ parameters
slope: 0.234 semiSat: 0.560 beta: 1.062 sigma: 0.166 
maxBOLD estimate = 1.663


Trial 76: random Stimulus Selection
Stimulus: 0.670
Output value 1.124

Q+ parameters
slope: 0.298 semiSat: 0.560 beta: 0.875 sigma: 0.114 
maxBOLD estimate = 1.767


Trial 77: random Stimulus Selection
Stimulus: 0.010
Output value -0.316

Q+ parameters
slope: 0.183 semiSat: 0.560 beta: 1.125 sigma: 0.166 
maxBOLD estimate = 1.546


Trial 78: random Stimulus Selection
Stimulus: 0.216
Output value 0.613

Q+ parameters
slope: 0.234 semiSat: 0.560 beta: 0.969 sigma: 0.166 
maxBOLD estimate = 1.739


Trial 79: random Stimulus Selection
Stimulus: 0.629
Output value 1.484

Q+ parameters
slope: 0.234 semiSat: 0.560 beta: 0.969 sigma: 0.166 
maxBOLD estimate = 1.685


Trial 80: baseline Stimulus Selection
Stimulus: 0.010
Output value 0.862

Q+ parameters
slope: 0.234 semiSat: 0.560 beta: 0.969 sigma: 0.166 
maxBOLD estimate = 1.632


Trial 81: random Stimulus Selection
Stimulus: 0.794
Output value 0.418

Q+ parameters
slope: 0.144 semiSat: 0.560 beta: 0.969 sigma: 0.166 
maxBOLD estimate = 1.581


Trial 82: random Stimulus Selection
Stimulus: 0.423
Output value 1.253

Q+ parameters
slope: 0.183 semiSat: 0.560 beta: 1.125 sigma: 0.166 
maxBOLD estimate = 1.532


Trial 83: random Stimulus Selection
Stimulus: 0.092
Output value -0.303

Q+ parameters
slope: 0.234 semiSat: 0.560 beta: 0.969 sigma: 0.166 
maxBOLD estimate = 1.723


Trial 84: random Stimulus Selection
Stimulus: 0.381
Output value -0.294

Q+ parameters
slope: 0.234 semiSat: 0.560 beta: 0.969 sigma: 0.166 
maxBOLD estimate = 1.669


Trial 85: maxBOLD Stimulus Selection
Stimulus: 1.000
Output value 0.588

Q+ parameters
slope: 0.298 semiSat: 0.560 beta: 1.000 sigma: 0.166 
maxBOLD estimate = 1.617


Trial 86: random Stimulus Selection
Stimulus: 0.505
Output value -0.294

Q+ parameters
slope: 0.483 semiSat: 0.560 beta: 1.000 sigma: 0.166 
maxBOLD estimate = 1.617


Trial 87: random Stimulus Selection
Stimulus: 0.505
Output value 0.000

Q+ parameters
slope: 0.483 semiSat: 0.560 beta: 1.000 sigma: 0.166 
maxBOLD estimate = 1.617


Trial 88: random Stimulus Selection
Stimulus: 1.000
Output value 1.874

Q+ parameters
slope: 0.379 semiSat: 0.560 beta: 1.062 sigma: 0.166 
maxBOLD estimate = 1.617


Trial 89: random Stimulus Selection
Stimulus: 0.835
Output value 1.513

Q+ parameters
slope: 0.379 semiSat: 0.560 beta: 0.969 sigma: 0.166 
maxBOLD estimate = 1.718


Trial 90: baseline Stimulus Selection
Stimulus: 0.010
Output value 0.293

Q+ parameters
slope: 0.379 semiSat: 0.560 beta: 0.969 sigma: 0.166 
maxBOLD estimate = 1.664


Trial 91: random Stimulus Selection
Stimulus: 0.216
Output value 0.852

Q+ parameters
slope: 0.379 semiSat: 0.560 beta: 0.969 sigma: 0.166 
maxBOLD estimate = 1.612


Trial 92: random Stimulus Selection
Stimulus: 0.010
Output value 0.963

Q+ parameters
slope: 0.379 semiSat: 0.560 beta: 0.969 sigma: 0.166 
maxBOLD estimate = 1.562


Trial 93: random Stimulus Selection
Stimulus: 0.753
Output value 1.754

Q+ parameters
slope: 0.379 semiSat: 0.560 beta: 1.062 sigma: 0.166 
maxBOLD estimate = 1.513


Trial 94: random Stimulus Selection
Stimulus: 0.175
Output value 0.850

Q+ parameters
slope: 0.379 semiSat: 0.560 beta: 0.969 sigma: 0.166 
maxBOLD estimate = 1.608


Trial 95: maxBOLD Stimulus Selection
Stimulus: 1.000
Output value 1.646

Q+ parameters
slope: 0.379 semiSat: 0.560 beta: 0.969 sigma: 0.166 
maxBOLD estimate = 1.558


Trial 96: random Stimulus Selection
Stimulus: 0.216
Output value 0.583

Q+ parameters
slope: 0.379 semiSat: 0.560 beta: 1.062 sigma: 0.166 
maxBOLD estimate = 1.509


Trial 97: random Stimulus Selection
Stimulus: 0.340
Output value 0.706

Q+ parameters
slope: 0.379 semiSat: 0.560 beta: 0.969 sigma: 0.166 
maxBOLD estimate = 1.603


Trial 98: random Stimulus Selection
Stimulus: 0.423
Output value 0.410

Q+ parameters
slope: 0.379 semiSat: 0.560 beta: 0.969 sigma: 0.166 
maxBOLD estimate = 1.553


Trial 99: random Stimulus Selection
Stimulus: 0.257
Output value 0.436

Q+ parameters
slope: 0.379 semiSat: 0.560 beta: 1.062 sigma: 0.166 
maxBOLD estimate = 1.505


Trial 100: baseline Stimulus Selection
Stimulus: 0.010
Output value 0.563

Q+ parameters
slope: 0.379 semiSat: 0.560 beta: 0.969 sigma: 0.166 
maxBOLD estimate = 1.599

--------------------------------------------------------------
FINAL VALUES
--------------------------------------------------------------
Simulated parameters:              slope: 0.200 semiSat: 0.570 beta: 1.000 sigma: 0.150 
Max posterior QUEST+ parameters:   slope: 0.379 semiSat: 0.560 beta: 0.969 sigma: 0.166 
Max BADS parameters:               slope: 1.000 semiSat: 0.578 beta: 1.000 sigma: 0.166 
maxBOLD estimate: 1.539
