/blue/stevenweisberg/stevenweisberg/MATLAB/projects/Weisberg_Aguirre_2020/scripts/run_sims
c0700a-s1.ufhpc
Wed Apr  7 04:29:19 EDT 2021
mkdir: cannot create directory ‘/blue/stevenweisberg/stevenweisberg/qpfMRIResults/model_parameter_set2/’: File exists
cp: cannot stat ‘/blue/stevenweisberg/stevenweisberg/qpfMRIResults/deploy_sim.sh’: No such file or directory
cp: cannot stat ‘/blue/stevenweisberg/stevenweisberg/qpfMRIResults/sim_wrapper.sh’: No such file or directory
------------------------------------------
Setting up environment variables
---
LD_LIBRARY_PATH is .:/apps/matlab/mcr/2020b/v99/runtime/glnxa64:/apps/matlab/mcr/2020b/v99/bin/glnxa64:/apps/matlab/mcr/2020b/v99/sys/os/glnxa64:/apps/matlab/mcr/2020b/v99/sys/opengl/lib/glnxa64
Warning: Executing startup failed in matlabrc.
This indicates a potentially serious problem in your MATLAB setup, which should be resolved as soon as possible.  Error detected was:
MATLAB:mpath:PathAlterationNotSupported
Modifying the search path is not supported by MATLAB Compiler. Remove functions that modify the search path from your MATLAB code. To make files visible to your deployed application, add the parent folder to your MATLAB session.
Warning: No stimulus domain specified. Defaulting to values between 0.01 and 1.
> In qpfmriParams (line 182)
In compiledSimulate (line 205)
Stimulus domain added from input.
Parameter slope specified as 0.20000
Parameter semiSat specified as 0.57000
Parameter beta specified as 1.00000
Parameter sigma specified as 0.15000
seed = 99seed = 104seed = 111seed = 111seed = 115seed = 101Initializing Q+. This may take a minute...
Elapsed time is 8.379214 seconds.
Simulated parameters:
slope: 0.200 semiSat: 0.570 beta: 1.000 sigma: 0.150 

Trial 1: baseline Stimulus Selection
Stimulus: 0.010
Output value 0.000

Q+ parameters
slope: 0.026 semiSat: 0.890 beta: 0.500 sigma: 0.010 
maxBOLD estimate = 1.000


Trial 2: maxBOLD Stimulus Selection
Stimulus: 1.000
Output value 1.364

Q+ parameters
slope: 0.055 semiSat: 0.670 beta: 1.250 sigma: 0.010 
maxBOLD estimate = 1.000


Trial 3: baseline Stimulus Selection
Stimulus: 0.010
Output value 0.284

Q+ parameters
slope: 0.055 semiSat: 0.670 beta: 1.250 sigma: 0.114 
maxBOLD estimate = 1.250


Trial 4: maxBOLD Stimulus Selection
Stimulus: 1.000
Output value 1.119

Q+ parameters
slope: 0.043 semiSat: 0.780 beta: 1.125 sigma: 0.114 
maxBOLD estimate = 1.562


Trial 5: baseline Stimulus Selection
Stimulus: 0.010
Output value 0.310

Q+ parameters
slope: 0.043 semiSat: 0.780 beta: 0.969 sigma: 0.114 
maxBOLD estimate = 1.758


Trial 6: maxBOLD Stimulus Selection
Stimulus: 1.000
Output value 1.916

Q+ parameters
slope: 0.043 semiSat: 0.780 beta: 1.125 sigma: 0.114 
maxBOLD estimate = 1.703


Trial 7: qplus Stimulus Selection
Stimulus: 0.505
Output value 0.522

Q+ parameters
slope: 0.055 semiSat: 0.560 beta: 0.750 sigma: 0.062 
maxBOLD estimate = 1.916


Trial 8: qplus Stimulus Selection
Stimulus: 0.670
Output value 1.176

Q+ parameters
slope: 0.113 semiSat: 0.560 beta: 1.000 sigma: 0.114 
maxBOLD estimate = 1.437


Trial 9: qplus Stimulus Selection
Stimulus: 0.505
Output value 0.522

Q+ parameters
slope: 0.113 semiSat: 0.560 beta: 1.000 sigma: 0.114 
maxBOLD estimate = 1.437


Trial 10: baseline Stimulus Selection
Stimulus: 0.010
Output value -0.392

Q+ parameters
slope: 0.055 semiSat: 0.560 beta: 1.500 sigma: 0.114 
maxBOLD estimate = 1.437


Trial 11: qplus Stimulus Selection
Stimulus: 0.381
Output value 0.551

Q+ parameters
slope: 0.043 semiSat: 0.780 beta: 0.938 sigma: 0.062 
maxBOLD estimate = 2.155


Trial 12: qplus Stimulus Selection
Stimulus: 0.753
Output value 1.378

Q+ parameters
slope: 0.144 semiSat: 0.560 beta: 0.750 sigma: 0.062 
maxBOLD estimate = 2.021


Trial 13: qplus Stimulus Selection
Stimulus: 0.629
Output value 0.207

Q+ parameters
slope: 1.000 semiSat: 0.670 beta: 1.500 sigma: 0.166 
maxBOLD estimate = 1.515


Trial 14: qplus Stimulus Selection
Stimulus: 0.629
Output value 0.930

Q+ parameters
slope: 0.089 semiSat: 0.560 beta: 0.750 sigma: 0.114 
maxBOLD estimate = 2.273


Trial 15: maxBOLD Stimulus Selection
Stimulus: 1.000
Output value 2.790

Q+ parameters
slope: 0.113 semiSat: 0.670 beta: 1.500 sigma: 0.114 
maxBOLD estimate = 1.705


Trial 16: qplus Stimulus Selection
Stimulus: 0.588
Output value 0.407

Q+ parameters
slope: 0.043 semiSat: 0.780 beta: 0.875 sigma: 0.062 
maxBOLD estimate = 2.557


Trial 17: qplus Stimulus Selection
Stimulus: 0.959
Output value 0.000

Q+ parameters
slope: 1.000 semiSat: 0.560 beta: 0.500 sigma: 0.166 
maxBOLD estimate = 2.238


Trial 18: qplus Stimulus Selection
Stimulus: 0.505
Output value 0.890

Q+ parameters
slope: 0.113 semiSat: 0.560 beta: 1.250 sigma: 0.166 
maxBOLD estimate = 1.119


Trial 19: qplus Stimulus Selection
Stimulus: 0.505
Output value -0.381

Q+ parameters
slope: 0.113 semiSat: 0.670 beta: 1.500 sigma: 0.166 
maxBOLD estimate = 1.398


Trial 20: baseline Stimulus Selection
Stimulus: 0.010
Output value -0.286

Q+ parameters
slope: 0.144 semiSat: 0.560 beta: 0.750 sigma: 0.114 
maxBOLD estimate = 2.098


Trial 21: qplus Stimulus Selection
Stimulus: 0.629
Output value 1.672

Q+ parameters
slope: 0.298 semiSat: 0.560 beta: 1.062 sigma: 0.166 
maxBOLD estimate = 1.573


Trial 22: qplus Stimulus Selection
Stimulus: 0.588
Output value 0.912

Q+ parameters
slope: 0.113 semiSat: 0.670 beta: 1.500 sigma: 0.166 
maxBOLD estimate = 1.672


Trial 23: qplus Stimulus Selection
Stimulus: 0.629
Output value 0.684

Q+ parameters
slope: 1.000 semiSat: 0.560 beta: 0.500 sigma: 0.114 
maxBOLD estimate = 2.507


Trial 24: qplus Stimulus Selection
Stimulus: 0.918
Output value 1.710

Q+ parameters
slope: 0.234 semiSat: 0.560 beta: 1.250 sigma: 0.166 
maxBOLD estimate = 1.254


Trial 25: maxBOLD Stimulus Selection
Stimulus: 1.000
Output value 1.028

Q+ parameters
slope: 0.234 semiSat: 0.560 beta: 1.031 sigma: 0.166 
maxBOLD estimate = 1.567


Trial 26: qplus Stimulus Selection
Stimulus: 0.588
Output value 0.735

Q+ parameters
slope: 0.144 semiSat: 0.560 beta: 1.000 sigma: 0.166 
maxBOLD estimate = 1.616


Trial 27: qplus Stimulus Selection
Stimulus: 0.588
Output value 1.469

Q+ parameters
slope: 0.144 semiSat: 0.560 beta: 1.000 sigma: 0.166 
maxBOLD estimate = 1.616


Trial 28: qplus Stimulus Selection
Stimulus: 0.505
Output value 0.152

Q+ parameters
slope: 0.234 semiSat: 0.560 beta: 1.031 sigma: 0.166 
maxBOLD estimate = 1.616


Trial 29: qplus Stimulus Selection
Stimulus: 0.588
Output value 0.663

Q+ parameters
slope: 0.234 semiSat: 0.560 beta: 0.875 sigma: 0.114 
maxBOLD estimate = 1.667


Trial 30: baseline Stimulus Selection
Stimulus: 0.010
Output value 0.000

Q+ parameters
slope: 0.234 semiSat: 0.560 beta: 1.031 sigma: 0.166 
maxBOLD estimate = 1.458


Trial 31: qplus Stimulus Selection
Stimulus: 0.505
Output value -0.282

Q+ parameters
slope: 0.234 semiSat: 0.560 beta: 1.031 sigma: 0.166 
maxBOLD estimate = 1.504


Trial 32: qplus Stimulus Selection
Stimulus: 0.588
Output value 1.229

Q+ parameters
slope: 0.234 semiSat: 0.560 beta: 0.969 sigma: 0.114 
maxBOLD estimate = 1.551


Trial 33: qplus Stimulus Selection
Stimulus: 0.546
Output value 0.704

Q+ parameters
slope: 0.234 semiSat: 0.560 beta: 1.031 sigma: 0.166 
maxBOLD estimate = 1.502


Trial 34: qplus Stimulus Selection
Stimulus: 0.505
Output value 0.145

Q+ parameters
slope: 0.234 semiSat: 0.560 beta: 1.031 sigma: 0.166 
maxBOLD estimate = 1.549


Trial 35: maxBOLD Stimulus Selection
Stimulus: 1.000
Output value 1.797

Q+ parameters
slope: 0.234 semiSat: 0.560 beta: 1.031 sigma: 0.166 
maxBOLD estimate = 1.598


Trial 36: qplus Stimulus Selection
Stimulus: 0.629
Output value 1.081

Q+ parameters
slope: 0.234 semiSat: 0.560 beta: 1.031 sigma: 0.166 
maxBOLD estimate = 1.648


Trial 37: qplus Stimulus Selection
Stimulus: 0.505
Output value 2.780

Q+ parameters
slope: 0.055 semiSat: 0.670 beta: 1.500 sigma: 0.218 
maxBOLD estimate = 1.699


Trial 38: qplus Stimulus Selection
Stimulus: 0.711
Output value 0.869

Q+ parameters
slope: 0.055 semiSat: 0.670 beta: 0.750 sigma: 0.114 
maxBOLD estimate = 2.549


Trial 39: qplus Stimulus Selection
Stimulus: 1.000
Output value 0.912

Q+ parameters
slope: 0.183 semiSat: 0.560 beta: 0.750 sigma: 0.114 
maxBOLD estimate = 1.912


Trial 40: baseline Stimulus Selection
Stimulus: 0.010
Output value 0.000

Q+ parameters
slope: 0.234 semiSat: 0.560 beta: 1.031 sigma: 0.166 
maxBOLD estimate = 1.434


Trial 41: qplus Stimulus Selection
Stimulus: 0.505
Output value 1.512

Q+ parameters
slope: 0.144 semiSat: 0.560 beta: 1.125 sigma: 0.166 
maxBOLD estimate = 1.478


Trial 42: qplus Stimulus Selection
Stimulus: 0.464
Output value -0.132

Q+ parameters
slope: 0.234 semiSat: 0.560 beta: 0.875 sigma: 0.166 
maxBOLD estimate = 1.663


Trial 43: qplus Stimulus Selection
Stimulus: 0.629
Output value 1.228

Q+ parameters
slope: 0.234 semiSat: 0.560 beta: 1.031 sigma: 0.166 
maxBOLD estimate = 1.455


Trial 44: qplus Stimulus Selection
Stimulus: 0.505
Output value 1.074

Q+ parameters
slope: 0.144 semiSat: 0.560 beta: 1.125 sigma: 0.166 
maxBOLD estimate = 1.501


Trial 45: maxBOLD Stimulus Selection
Stimulus: 1.000
Output value 1.295

Q+ parameters
slope: 0.144 semiSat: 0.560 beta: 0.938 sigma: 0.166 
maxBOLD estimate = 1.688


Trial 46: qplus Stimulus Selection
Stimulus: 0.505
Output value -0.297

Q+ parameters
slope: 0.234 semiSat: 0.560 beta: 1.031 sigma: 0.166 
maxBOLD estimate = 1.583


Trial 47: qplus Stimulus Selection
Stimulus: 0.546
Output value 1.836

Q+ parameters
slope: 0.234 semiSat: 0.560 beta: 1.031 sigma: 0.218 
maxBOLD estimate = 1.632


Trial 48: qplus Stimulus Selection
Stimulus: 0.505
Output value -0.268

Q+ parameters
slope: 0.234 semiSat: 0.560 beta: 0.875 sigma: 0.166 
maxBOLD estimate = 1.683


Trial 49: qplus Stimulus Selection
Stimulus: 0.588
Output value 0.552

Q+ parameters
slope: 0.234 semiSat: 0.560 beta: 1.031 sigma: 0.166 
maxBOLD estimate = 1.473


Trial 50: baseline Stimulus Selection
Stimulus: 0.010
Output value -0.285

Q+ parameters
slope: 0.234 semiSat: 0.560 beta: 1.031 sigma: 0.166 
maxBOLD estimate = 1.519


Trial 51: qplus Stimulus Selection
Stimulus: 0.505
Output value 0.498

Q+ parameters
slope: 0.234 semiSat: 0.560 beta: 0.875 sigma: 0.166 
maxBOLD estimate = 1.566


Trial 52: qplus Stimulus Selection
Stimulus: 0.588
Output value 0.000

Q+ parameters
slope: 0.234 semiSat: 0.560 beta: 1.031 sigma: 0.166 
maxBOLD estimate = 1.371


Trial 53: qplus Stimulus Selection
Stimulus: 0.505
Output value -0.265

Q+ parameters
slope: 0.234 semiSat: 0.560 beta: 1.031 sigma: 0.166 
maxBOLD estimate = 1.414


Trial 54: qplus Stimulus Selection
Stimulus: 0.546
Output value 0.547

Q+ parameters
slope: 0.234 semiSat: 0.560 beta: 1.031 sigma: 0.166 
maxBOLD estimate = 1.458


Trial 55: maxBOLD Stimulus Selection
Stimulus: 1.000
Output value 0.598

Q+ parameters
slope: 0.234 semiSat: 0.560 beta: 0.875 sigma: 0.166 
maxBOLD estimate = 1.503


Trial 56: qplus Stimulus Selection
Stimulus: 0.588
Output value 0.762

Q+ parameters
slope: 0.298 semiSat: 0.560 beta: 1.062 sigma: 0.166 
maxBOLD estimate = 1.315


Trial 57: qplus Stimulus Selection
Stimulus: 0.505
Output value -0.246

Q+ parameters
slope: 0.234 semiSat: 0.560 beta: 0.969 sigma: 0.166 
maxBOLD estimate = 1.398


Trial 58: qplus Stimulus Selection
Stimulus: 0.546
Output value 0.477

Q+ parameters
slope: 0.234 semiSat: 0.560 beta: 0.969 sigma: 0.166 
maxBOLD estimate = 1.354


Trial 59: qplus Stimulus Selection
Stimulus: 0.546
Output value -0.253

Q+ parameters
slope: 0.379 semiSat: 0.560 beta: 1.062 sigma: 0.218 
maxBOLD estimate = 1.312


Trial 60: baseline Stimulus Selection
Stimulus: 0.010
Output value -0.245

Q+ parameters
slope: 0.234 semiSat: 0.560 beta: 0.969 sigma: 0.166 
maxBOLD estimate = 1.394


Trial 61: qplus Stimulus Selection
Stimulus: 0.588
Output value 0.594

Q+ parameters
slope: 0.234 semiSat: 0.560 beta: 0.969 sigma: 0.166 
maxBOLD estimate = 1.350


Trial 62: qplus Stimulus Selection
Stimulus: 0.588
Output value 1.516

Q+ parameters
slope: 0.379 semiSat: 0.560 beta: 1.062 sigma: 0.218 
maxBOLD estimate = 1.308


Trial 63: qplus Stimulus Selection
Stimulus: 0.629
Output value 0.612

Q+ parameters
slope: 0.234 semiSat: 0.560 beta: 0.969 sigma: 0.166 
maxBOLD estimate = 1.390


Trial 64: qplus Stimulus Selection
Stimulus: 0.546
Output value 0.130

Q+ parameters
slope: 0.379 semiSat: 0.560 beta: 1.062 sigma: 0.218 
maxBOLD estimate = 1.346


Trial 65: maxBOLD Stimulus Selection
Stimulus: 1.000
Output value 1.134

Q+ parameters
slope: 0.234 semiSat: 0.560 beta: 0.969 sigma: 0.166 
maxBOLD estimate = 1.430


Trial 66: qplus Stimulus Selection
Stimulus: 0.588
Output value -0.110

Q+ parameters
slope: 0.234 semiSat: 0.560 beta: 0.875 sigma: 0.166 
maxBOLD estimate = 1.386


Trial 67: qplus Stimulus Selection
Stimulus: 0.629
Output value 0.744

Q+ parameters
slope: 0.298 semiSat: 0.560 beta: 1.125 sigma: 0.218 
maxBOLD estimate = 1.212


Trial 68: qplus Stimulus Selection
Stimulus: 0.588
Output value 1.449

Q+ parameters
slope: 0.379 semiSat: 0.560 beta: 1.062 sigma: 0.218 
maxBOLD estimate = 1.364


Trial 69: qplus Stimulus Selection
Stimulus: 0.505
Output value 0.383

Q+ parameters
slope: 0.234 semiSat: 0.560 beta: 0.969 sigma: 0.166 
maxBOLD estimate = 1.449


Trial 70: baseline Stimulus Selection
Stimulus: 0.010
Output value -0.247

Q+ parameters
slope: 0.234 semiSat: 0.560 beta: 0.969 sigma: 0.166 
maxBOLD estimate = 1.404


Trial 71: qplus Stimulus Selection
Stimulus: 0.505
Output value 1.445

Q+ parameters
slope: 0.144 semiSat: 0.560 beta: 1.062 sigma: 0.218 
maxBOLD estimate = 1.360


Trial 72: qplus Stimulus Selection
Stimulus: 0.629
Output value 0.891

Q+ parameters
slope: 0.234 semiSat: 0.560 beta: 0.969 sigma: 0.166 
maxBOLD estimate = 1.445


Trial 73: qplus Stimulus Selection
Stimulus: 0.546
Output value 1.233

Q+ parameters
slope: 0.234 semiSat: 0.560 beta: 0.969 sigma: 0.166 
maxBOLD estimate = 1.400


Trial 74: qplus Stimulus Selection
Stimulus: 0.505
Output value 0.358

Q+ parameters
slope: 0.234 semiSat: 0.560 beta: 0.969 sigma: 0.166 
maxBOLD estimate = 1.356


Trial 75: maxBOLD Stimulus Selection
Stimulus: 1.000
Output value 1.523

Q+ parameters
slope: 0.234 semiSat: 0.560 beta: 1.062 sigma: 0.166 
maxBOLD estimate = 1.314


Trial 76: qplus Stimulus Selection
Stimulus: 0.505
Output value 0.738

Q+ parameters
slope: 0.234 semiSat: 0.560 beta: 0.969 sigma: 0.166 
maxBOLD estimate = 1.396


Trial 77: qplus Stimulus Selection
Stimulus: 0.505
Output value -0.119

Q+ parameters
slope: 0.234 semiSat: 0.560 beta: 0.969 sigma: 0.166 
maxBOLD estimate = 1.352


Trial 78: qplus Stimulus Selection
Stimulus: 0.546
Output value 0.380

Q+ parameters
slope: 0.379 semiSat: 0.560 beta: 1.062 sigma: 0.218 
maxBOLD estimate = 1.310


Trial 79: qplus Stimulus Selection
Stimulus: 0.505
Output value -0.245

Q+ parameters
slope: 0.234 semiSat: 0.560 beta: 0.969 sigma: 0.166 
maxBOLD estimate = 1.392


Trial 80: baseline Stimulus Selection
Stimulus: 0.010
Output value -0.260

Q+ parameters
slope: 0.234 semiSat: 0.560 beta: 1.062 sigma: 0.166 
maxBOLD estimate = 1.348


Trial 81: qplus Stimulus Selection
Stimulus: 0.505
Output value -0.277

Q+ parameters
slope: 0.298 semiSat: 0.560 beta: 1.062 sigma: 0.166 
maxBOLD estimate = 1.433


Trial 82: qplus Stimulus Selection
Stimulus: 0.505
Output value -0.268

Q+ parameters
slope: 0.234 semiSat: 0.560 beta: 0.969 sigma: 0.166 
maxBOLD estimate = 1.522


Trial 83: qplus Stimulus Selection
Stimulus: 0.546
Output value 0.779

Q+ parameters
slope: 0.234 semiSat: 0.560 beta: 0.969 sigma: 0.166 
maxBOLD estimate = 1.475


Trial 84: qplus Stimulus Selection
Stimulus: 0.546
Output value 1.380

Q+ parameters
slope: 0.298 semiSat: 0.560 beta: 1.062 sigma: 0.166 
maxBOLD estimate = 1.428


Trial 85: maxBOLD Stimulus Selection
Stimulus: 1.000
Output value 0.802

Q+ parameters
slope: 0.234 semiSat: 0.560 beta: 0.969 sigma: 0.166 
maxBOLD estimate = 1.518


Trial 86: qplus Stimulus Selection
Stimulus: 0.546
Output value -0.259

Q+ parameters
slope: 0.234 semiSat: 0.560 beta: 0.969 sigma: 0.166 
maxBOLD estimate = 1.470


Trial 87: qplus Stimulus Selection
Stimulus: 0.588
Output value 0.963

Q+ parameters
slope: 0.298 semiSat: 0.560 beta: 1.062 sigma: 0.166 
maxBOLD estimate = 1.424


Trial 88: qplus Stimulus Selection
Stimulus: 0.546
Output value 0.666

Q+ parameters
slope: 0.234 semiSat: 0.560 beta: 0.969 sigma: 0.166 
maxBOLD estimate = 1.513


Trial 89: qplus Stimulus Selection
Stimulus: 0.588
Output value -0.117

Q+ parameters
slope: 0.234 semiSat: 0.560 beta: 0.875 sigma: 0.166 
maxBOLD estimate = 1.466


Trial 90: baseline Stimulus Selection
Stimulus: 0.010
Output value -0.292

Q+ parameters
slope: 0.379 semiSat: 0.560 beta: 1.250 sigma: 0.218 
maxBOLD estimate = 1.283


Trial 91: qplus Stimulus Selection
Stimulus: 0.588
Output value 0.706

Q+ parameters
slope: 0.234 semiSat: 0.560 beta: 0.969 sigma: 0.166 
maxBOLD estimate = 1.604


Trial 92: qplus Stimulus Selection
Stimulus: 0.546
Output value 0.274

Q+ parameters
slope: 0.234 semiSat: 0.560 beta: 0.969 sigma: 0.166 
maxBOLD estimate = 1.553


Trial 93: qplus Stimulus Selection
Stimulus: 0.546
Output value 0.145

Q+ parameters
slope: 0.298 semiSat: 0.560 beta: 1.062 sigma: 0.166 
maxBOLD estimate = 1.505


Trial 94: qplus Stimulus Selection
Stimulus: 0.546
Output value 0.000

Q+ parameters
slope: 0.234 semiSat: 0.560 beta: 0.969 sigma: 0.166 
maxBOLD estimate = 1.599


Trial 95: maxBOLD Stimulus Selection
Stimulus: 1.000
Output value 0.682

Q+ parameters
slope: 0.234 semiSat: 0.560 beta: 0.969 sigma: 0.166 
maxBOLD estimate = 1.549


Trial 96: qplus Stimulus Selection
Stimulus: 0.588
Output value 1.637

Q+ parameters
slope: 0.298 semiSat: 0.560 beta: 1.000 sigma: 0.166 
maxBOLD estimate = 1.501


Trial 97: qplus Stimulus Selection
Stimulus: 0.588
Output value 0.264

Q+ parameters
slope: 0.234 semiSat: 0.560 beta: 0.969 sigma: 0.166 
maxBOLD estimate = 1.501


Trial 98: qplus Stimulus Selection
Stimulus: 0.588
Output value 1.586

Q+ parameters
slope: 0.298 semiSat: 0.560 beta: 1.000 sigma: 0.166 
maxBOLD estimate = 1.454


Trial 99: qplus Stimulus Selection
Stimulus: 0.505
Output value -0.264

Q+ parameters
slope: 0.298 semiSat: 0.560 beta: 1.000 sigma: 0.166 
maxBOLD estimate = 1.454


Trial 100: baseline Stimulus Selection
Stimulus: 0.010
Output value 0.384

Q+ parameters
slope: 0.234 semiSat: 0.560 beta: 0.969 sigma: 0.166 
maxBOLD estimate = 1.454

--------------------------------------------------------------
FINAL VALUES
--------------------------------------------------------------
Simulated parameters:              slope: 0.200 semiSat: 0.570 beta: 1.000 sigma: 0.150 
Max posterior QUEST+ parameters:   slope: 0.234 semiSat: 0.560 beta: 0.969 sigma: 0.166 
Max BADS parameters:               slope: 0.339 semiSat: 0.569 beta: 1.000 sigma: 0.176 
maxBOLD estimate: 1.533
