/blue/stevenweisberg/stevenweisberg/MATLAB/projects/Weisberg_Aguirre_2020/scripts/run_sims
c29a-s27.ufhpc
Fri Nov 13 19:40:44 EST 2020
mkdir: cannot create directory ‘/blue/stevenweisberg/stevenweisberg/qpfMRIResults/model_parameter_set1/’: File exists
cp: cannot stat ‘/blue/stevenweisberg/stevenweisberg/qpfMRIResults/deploy_sim.sh’: No such file or directory
cp: cannot stat ‘/blue/stevenweisberg/stevenweisberg/qpfMRIResults/sim_wrapper.sh’: No such file or directory
------------------------------------------
Setting up environment variables
---
LD_LIBRARY_PATH is .:/apps/matlab/mcr/2020b/v99/runtime/glnxa64:/apps/matlab/mcr/2020b/v99/bin/glnxa64:/apps/matlab/mcr/2020b/v99/sys/os/glnxa64:/apps/matlab/mcr/2020b/v99/sys/opengl/lib/glnxa64
Warning: Executing startup failed in matlabrc.
This indicates a potentially serious problem in your MATLAB setup, which should be resolved as soon as possible.  Error detected was:
MATLAB:mpath:PathAlterationNotSupported
Modifying the search path is not supported by MATLAB Compiler. Remove functions that modify the search path from your MATLAB code. To make files visible to your deployed application, add the parent folder to your MATLAB session.
Warning: No stimulus domain specified. Defaulting to values between 0.01 and 1.
> In qpfmriParams (line 182)
In compiledSimulate (line 205)
Stimulus domain added from input.
Parameter slope specified as 0.41000
Parameter semiSat specified as 0.57000
Parameter beta specified as 1.00000
Parameter sigma specified as 0.05000
seed = 99seed = 104seed = 111seed = 111seed = 115seed = 101Initializing Q+. This may take a minute...
Elapsed time is 10.021934 seconds.
Simulated parameters:
slope: 0.410 semiSat: 0.570 beta: 1.000 sigma: 0.050 

Trial 1: baseline Stimulus Selection
Stimulus: 0.010
Output value 0.000

Q+ parameters
slope: 0.026 semiSat: 0.890 beta: 0.500 sigma: 0.010 
maxBOLD estimate = 1.000


Trial 2: maxBOLD Stimulus Selection
Stimulus: 1.000
Output value 1.364

Q+ parameters
slope: 0.055 semiSat: 0.670 beta: 1.250 sigma: 0.010 
maxBOLD estimate = 1.000


Trial 3: baseline Stimulus Selection
Stimulus: 0.010
Output value 0.142

Q+ parameters
slope: 0.055 semiSat: 0.670 beta: 1.250 sigma: 0.062 
maxBOLD estimate = 1.250


Trial 4: maxBOLD Stimulus Selection
Stimulus: 1.000
Output value 1.918

Q+ parameters
slope: 0.055 semiSat: 0.670 beta: 1.125 sigma: 0.062 
maxBOLD estimate = 1.562


Trial 5: baseline Stimulus Selection
Stimulus: 0.010
Output value 0.000

Q+ parameters
slope: 0.055 semiSat: 0.670 beta: 1.125 sigma: 0.114 
maxBOLD estimate = 1.758


Trial 6: maxBOLD Stimulus Selection
Stimulus: 1.000
Output value 2.022

Q+ parameters
slope: 0.043 semiSat: 0.780 beta: 1.125 sigma: 0.062 
maxBOLD estimate = 1.978


Trial 7: random Stimulus Selection
Stimulus: 0.216
Output value 0.196

Q+ parameters
slope: 0.043 semiSat: 0.780 beta: 0.969 sigma: 0.062 
maxBOLD estimate = 2.225


Trial 8: random Stimulus Selection
Stimulus: 0.835
Output value 1.457

Q+ parameters
slope: 0.043 semiSat: 0.780 beta: 1.062 sigma: 0.062 
maxBOLD estimate = 2.155


Trial 9: random Stimulus Selection
Stimulus: 0.588
Output value 0.937

Q+ parameters
slope: 0.070 semiSat: 0.450 beta: 0.750 sigma: 0.062 
maxBOLD estimate = 2.290


Trial 10: baseline Stimulus Selection
Stimulus: 0.010
Output value 0.000

Q+ parameters
slope: 0.089 semiSat: 0.450 beta: 0.875 sigma: 0.062 
maxBOLD estimate = 1.717


Trial 11: random Stimulus Selection
Stimulus: 0.918
Output value 1.742

Q+ parameters
slope: 0.089 semiSat: 0.450 beta: 1.062 sigma: 0.062 
maxBOLD estimate = 1.503


Trial 12: random Stimulus Selection
Stimulus: 0.794
Output value 1.742

Q+ parameters
slope: 0.089 semiSat: 0.450 beta: 1.000 sigma: 0.062 
maxBOLD estimate = 1.597


Trial 13: random Stimulus Selection
Stimulus: 0.588
Output value 1.016

Q+ parameters
slope: 0.089 semiSat: 0.450 beta: 1.000 sigma: 0.062 
maxBOLD estimate = 1.597


Trial 14: random Stimulus Selection
Stimulus: 0.876
Output value 1.597

Q+ parameters
slope: 0.089 semiSat: 0.450 beta: 1.000 sigma: 0.062 
maxBOLD estimate = 1.597


Trial 15: maxBOLD Stimulus Selection
Stimulus: 1.000
Output value 1.306

Q+ parameters
slope: 0.089 semiSat: 0.450 beta: 1.000 sigma: 0.062 
maxBOLD estimate = 1.597


Trial 16: random Stimulus Selection
Stimulus: 0.381
Output value 0.000

Q+ parameters
slope: 0.298 semiSat: 0.560 beta: 1.000 sigma: 0.062 
maxBOLD estimate = 1.597


Trial 17: random Stimulus Selection
Stimulus: 0.670
Output value 1.125

Q+ parameters
slope: 0.183 semiSat: 0.560 beta: 0.969 sigma: 0.062 
maxBOLD estimate = 1.597


Trial 18: random Stimulus Selection
Stimulus: 0.134
Output value -0.136

Q+ parameters
slope: 0.379 semiSat: 0.560 beta: 0.969 sigma: 0.062 
maxBOLD estimate = 1.547


Trial 19: random Stimulus Selection
Stimulus: 0.959
Output value 1.320

Q+ parameters
slope: 0.379 semiSat: 0.560 beta: 0.969 sigma: 0.062 
maxBOLD estimate = 1.498


Trial 20: baseline Stimulus Selection
Stimulus: 0.010
Output value 0.000

Q+ parameters
slope: 0.183 semiSat: 0.560 beta: 1.125 sigma: 0.062 
maxBOLD estimate = 1.452


Trial 21: random Stimulus Selection
Stimulus: 0.423
Output value -0.130

Q+ parameters
slope: 0.298 semiSat: 0.560 beta: 0.875 sigma: 0.062 
maxBOLD estimate = 1.633


Trial 22: random Stimulus Selection
Stimulus: 0.794
Output value 1.429

Q+ parameters
slope: 0.483 semiSat: 0.560 beta: 1.000 sigma: 0.062 
maxBOLD estimate = 1.429


Trial 23: random Stimulus Selection
Stimulus: 0.010
Output value -0.138

Q+ parameters
slope: 0.234 semiSat: 0.560 beta: 1.062 sigma: 0.062 
maxBOLD estimate = 1.429


Trial 24: random Stimulus Selection
Stimulus: 0.092
Output value 0.267

Q+ parameters
slope: 0.379 semiSat: 0.560 beta: 0.969 sigma: 0.062 
maxBOLD estimate = 1.518


Trial 25: maxBOLD Stimulus Selection
Stimulus: 1.000
Output value 1.425

Q+ parameters
slope: 0.379 semiSat: 0.560 beta: 0.969 sigma: 0.062 
maxBOLD estimate = 1.471


Trial 26: random Stimulus Selection
Stimulus: 0.464
Output value 0.275

Q+ parameters
slope: 0.234 semiSat: 0.560 beta: 1.062 sigma: 0.062 
maxBOLD estimate = 1.425


Trial 27: random Stimulus Selection
Stimulus: 0.588
Output value 0.963

Q+ parameters
slope: 0.298 semiSat: 0.560 beta: 1.000 sigma: 0.062 
maxBOLD estimate = 1.514


Trial 28: random Stimulus Selection
Stimulus: 0.299
Output value 0.000

Q+ parameters
slope: 0.298 semiSat: 0.560 beta: 1.000 sigma: 0.062 
maxBOLD estimate = 1.514


Trial 29: random Stimulus Selection
Stimulus: 0.629
Output value 1.376

Q+ parameters
slope: 0.298 semiSat: 0.560 beta: 1.000 sigma: 0.062 
maxBOLD estimate = 1.514


Trial 30: baseline Stimulus Selection
Stimulus: 0.010
Output value 0.000

Q+ parameters
slope: 0.298 semiSat: 0.560 beta: 1.000 sigma: 0.062 
maxBOLD estimate = 1.514

--------------------------------------------------------------
FINAL VALUES
--------------------------------------------------------------
Simulated parameters:              slope: 0.410 semiSat: 0.570 beta: 1.000 sigma: 0.050 
Max posterior QUEST+ parameters:   slope: 0.298 semiSat: 0.560 beta: 1.000 sigma: 0.062 
Max BADS parameters:               slope: 0.270 semiSat: 0.559 beta: 1.000 sigma: 0.051 
maxBOLD estimate: 1.488
