/blue/stevenweisberg/stevenweisberg/MATLAB/projects/Weisberg_Aguirre_2020/scripts/run_sims
c26a-s28.ufhpc
Fri Nov 13 16:01:21 EST 2020
mkdir: cannot create directory ‘/blue/stevenweisberg/stevenweisberg/qpfMRIResults/model_parameter_set1/’: File exists
cp: cannot stat ‘/blue/stevenweisberg/stevenweisberg/qpfMRIResults/deploy_sim.sh’: No such file or directory
cp: cannot stat ‘/blue/stevenweisberg/stevenweisberg/qpfMRIResults/sim_wrapper.sh’: No such file or directory
------------------------------------------
Setting up environment variables
---
LD_LIBRARY_PATH is .:/apps/matlab/mcr/2020b/v99/runtime/glnxa64:/apps/matlab/mcr/2020b/v99/bin/glnxa64:/apps/matlab/mcr/2020b/v99/sys/os/glnxa64:/apps/matlab/mcr/2020b/v99/sys/opengl/lib/glnxa64
Warning: Executing startup failed in matlabrc.
This indicates a potentially serious problem in your MATLAB setup, which should be resolved as soon as possible.  Error detected was:
MATLAB:mpath:PathAlterationNotSupported
Modifying the search path is not supported by MATLAB Compiler. Remove functions that modify the search path from your MATLAB code. To make files visible to your deployed application, add the parent folder to your MATLAB session.
Warning: No stimulus domain specified. Defaulting to values between 0.01 and 1.
> In qpfmriParams (line 182)
In compiledSimulate (line 205)
Stimulus domain added from input.
Parameter slope specified as 0.41000
Parameter semiSat specified as 0.57000
Parameter beta specified as 1.00000
Parameter sigma specified as 0.25000
seed = 99seed = 104seed = 111seed = 111seed = 115seed = 101Initializing Q+. This may take a minute...
Elapsed time is 9.934806 seconds.
Simulated parameters:
slope: 0.410 semiSat: 0.570 beta: 1.000 sigma: 0.250 

Trial 1: baseline Stimulus Selection
Stimulus: 0.010
Output value 0.000

Q+ parameters
slope: 0.026 semiSat: 0.890 beta: 0.500 sigma: 0.010 
maxBOLD estimate = 1.000


Trial 2: maxBOLD Stimulus Selection
Stimulus: 1.000
Output value 1.125

Q+ parameters
slope: 0.055 semiSat: 0.670 beta: 1.125 sigma: 0.010 
maxBOLD estimate = 1.000


Trial 3: baseline Stimulus Selection
Stimulus: 0.010
Output value 0.102

Q+ parameters
slope: 0.026 semiSat: 0.890 beta: 0.500 sigma: 0.271 
maxBOLD estimate = 1.125


Trial 4: maxBOLD Stimulus Selection
Stimulus: 1.000
Output value -0.051

Q+ parameters
slope: 0.026 semiSat: 0.890 beta: 0.500 sigma: 1.000 
maxBOLD estimate = 0.562


Trial 5: baseline Stimulus Selection
Stimulus: 0.010
Output value -0.077

Q+ parameters
slope: 0.016 semiSat: 0.450 beta: 1.500 sigma: 1.000 
maxBOLD estimate = 0.281


Trial 6: maxBOLD Stimulus Selection
Stimulus: 1.000
Output value 0.690

Q+ parameters
slope: 0.016 semiSat: 0.450 beta: 1.500 sigma: 1.000 
maxBOLD estimate = 0.422


Trial 7: qplus Stimulus Selection
Stimulus: 0.505
Output value 0.173

Q+ parameters
slope: 0.016 semiSat: 0.450 beta: 1.500 sigma: 1.000 
maxBOLD estimate = 0.633


Trial 8: qplus Stimulus Selection
Stimulus: 0.959
Output value 0.809

Q+ parameters
slope: 0.113 semiSat: 0.230 beta: 0.938 sigma: 1.000 
maxBOLD estimate = 0.949


Trial 9: qplus Stimulus Selection
Stimulus: 0.257
Output value 0.971

Q+ parameters
slope: 0.234 semiSat: 0.120 beta: 1.000 sigma: 0.479 
maxBOLD estimate = 0.890


Trial 10: baseline Stimulus Selection
Stimulus: 0.010
Output value 0.940

Q+ parameters
slope: 0.070 semiSat: 1.000 beta: 0.969 sigma: 1.000 
maxBOLD estimate = 0.890


Trial 11: qplus Stimulus Selection
Stimulus: 0.423
Output value 0.529

Q+ parameters
slope: 0.183 semiSat: 0.120 beta: 0.750 sigma: 1.000 
maxBOLD estimate = 0.862


Trial 12: qplus Stimulus Selection
Stimulus: 0.051
Output value 0.051

Q+ parameters
slope: 0.043 semiSat: 0.120 beta: 0.875 sigma: 1.000 
maxBOLD estimate = 0.647


Trial 13: qplus Stimulus Selection
Stimulus: 0.876
Output value 0.636

Q+ parameters
slope: 0.010 semiSat: 0.120 beta: 1.031 sigma: 1.000 
maxBOLD estimate = 0.566


Trial 14: qplus Stimulus Selection
Stimulus: 0.835
Output value 0.656

Q+ parameters
slope: 0.010 semiSat: 0.120 beta: 1.031 sigma: 1.000 
maxBOLD estimate = 0.583


Trial 15: maxBOLD Stimulus Selection
Stimulus: 1.000
Output value 0.677

Q+ parameters
slope: 0.010 semiSat: 0.120 beta: 1.031 sigma: 1.000 
maxBOLD estimate = 0.602


Trial 16: qplus Stimulus Selection
Stimulus: 0.835
Output value 0.698

Q+ parameters
slope: 0.010 semiSat: 0.120 beta: 1.031 sigma: 1.000 
maxBOLD estimate = 0.620


Trial 17: qplus Stimulus Selection
Stimulus: 0.835
Output value 0.720

Q+ parameters
slope: 0.010 semiSat: 0.120 beta: 1.031 sigma: 1.000 
maxBOLD estimate = 0.640


Trial 18: qplus Stimulus Selection
Stimulus: 0.835
Output value 0.697

Q+ parameters
slope: 0.013 semiSat: 0.340 beta: 0.969 sigma: 1.000 
maxBOLD estimate = 0.660


Trial 19: qplus Stimulus Selection
Stimulus: 0.794
Output value 0.654

Q+ parameters
slope: 0.010 semiSat: 0.120 beta: 0.938 sigma: 1.000 
maxBOLD estimate = 0.639


Trial 20: baseline Stimulus Selection
Stimulus: 0.010
Output value 0.327

Q+ parameters
slope: 0.070 semiSat: 0.120 beta: 1.500 sigma: 0.218 
maxBOLD estimate = 0.599


Trial 21: qplus Stimulus Selection
Stimulus: 0.216
Output value -0.041

Q+ parameters
slope: 0.785 semiSat: 0.230 beta: 0.500 sigma: 1.000 
maxBOLD estimate = 0.899


Trial 22: qplus Stimulus Selection
Stimulus: 0.092
Output value 0.735

Q+ parameters
slope: 0.089 semiSat: 0.120 beta: 1.500 sigma: 0.271 
maxBOLD estimate = 0.449


Trial 23: qplus Stimulus Selection
Stimulus: 0.216
Output value -0.031

Q+ parameters
slope: 1.000 semiSat: 0.010 beta: 0.500 sigma: 1.000 
maxBOLD estimate = 0.674


Trial 24: qplus Stimulus Selection
Stimulus: 0.051
Output value -0.092

Q+ parameters
slope: 0.043 semiSat: 0.230 beta: 1.500 sigma: 1.000 
maxBOLD estimate = 0.337


Trial 25: maxBOLD Stimulus Selection
Stimulus: 1.000
Output value 0.827

Q+ parameters
slope: 0.043 semiSat: 0.230 beta: 1.500 sigma: 0.271 
maxBOLD estimate = 0.506


Trial 26: qplus Stimulus Selection
Stimulus: 0.464
Output value -0.069

Q+ parameters
slope: 0.785 semiSat: 0.010 beta: 0.500 sigma: 1.000 
maxBOLD estimate = 0.758


Trial 27: qplus Stimulus Selection
Stimulus: 0.051
Output value 0.621

Q+ parameters
slope: 0.021 semiSat: 0.450 beta: 1.500 sigma: 1.000 
maxBOLD estimate = 0.379


Trial 28: qplus Stimulus Selection
Stimulus: 0.918
Output value 0.931

Q+ parameters
slope: 0.021 semiSat: 0.450 beta: 1.500 sigma: 0.427 
maxBOLD estimate = 0.569


Trial 29: qplus Stimulus Selection
Stimulus: 0.876
Output value 0.465

Q+ parameters
slope: 0.144 semiSat: 0.120 beta: 0.500 sigma: 1.000 
maxBOLD estimate = 0.853


Trial 30: baseline Stimulus Selection
Stimulus: 0.010
Output value -0.087

Q+ parameters
slope: 0.043 semiSat: 0.120 beta: 1.125 sigma: 1.000 
maxBOLD estimate = 0.427

--------------------------------------------------------------
FINAL VALUES
--------------------------------------------------------------
Simulated parameters:              slope: 0.410 semiSat: 0.570 beta: 1.000 sigma: 0.250 
Max posterior QUEST+ parameters:   slope: 0.043 semiSat: 0.120 beta: 1.125 sigma: 1.000 
Max BADS parameters:               slope: 0.083 semiSat: 0.054 beta: 1.000 sigma: 1.000 
maxBOLD estimate: 0.488
