/blue/stevenweisberg/stevenweisberg/MATLAB/projects/Weisberg_Aguirre_2020/scripts/run_sims
c0700a-s1.ufhpc
Tue Apr  6 21:33:02 EDT 2021
mkdir: cannot create directory ‘/blue/stevenweisberg/stevenweisberg/qpfMRIResults/model_parameter_set2/’: File exists
cp: cannot stat ‘/blue/stevenweisberg/stevenweisberg/qpfMRIResults/deploy_sim.sh’: No such file or directory
cp: cannot stat ‘/blue/stevenweisberg/stevenweisberg/qpfMRIResults/sim_wrapper.sh’: No such file or directory
------------------------------------------
Setting up environment variables
---
LD_LIBRARY_PATH is .:/apps/matlab/mcr/2020b/v99/runtime/glnxa64:/apps/matlab/mcr/2020b/v99/bin/glnxa64:/apps/matlab/mcr/2020b/v99/sys/os/glnxa64:/apps/matlab/mcr/2020b/v99/sys/opengl/lib/glnxa64
Warning: Executing startup failed in matlabrc.
This indicates a potentially serious problem in your MATLAB setup, which should be resolved as soon as possible.  Error detected was:
MATLAB:mpath:PathAlterationNotSupported
Modifying the search path is not supported by MATLAB Compiler. Remove functions that modify the search path from your MATLAB code. To make files visible to your deployed application, add the parent folder to your MATLAB session.
Warning: No stimulus domain specified. Defaulting to values between 0.01 and 1.
> In qpfmriParams (line 182)
In compiledSimulate (line 205)
Stimulus domain added from input.
Parameter slope specified as 0.20000
Parameter semiSat specified as 0.57000
Parameter beta specified as 1.00000
Parameter sigma specified as 0.05000
seed = 99seed = 104seed = 111seed = 111seed = 115seed = 101Initializing Q+. This may take a minute...
Elapsed time is 6.951716 seconds.
Simulated parameters:
slope: 0.200 semiSat: 0.570 beta: 1.000 sigma: 0.050 

Trial 1: baseline Stimulus Selection
Stimulus: 0.010
Output value 0.000

Q+ parameters
slope: 0.026 semiSat: 0.890 beta: 0.500 sigma: 0.010 
maxBOLD estimate = 1.000


Trial 2: maxBOLD Stimulus Selection
Stimulus: 1.000
Output value 1.364

Q+ parameters
slope: 0.055 semiSat: 0.670 beta: 1.250 sigma: 0.010 
maxBOLD estimate = 1.000


Trial 3: baseline Stimulus Selection
Stimulus: 0.010
Output value 0.000

Q+ parameters
slope: 0.055 semiSat: 0.670 beta: 1.250 sigma: 0.010 
maxBOLD estimate = 1.250


Trial 4: maxBOLD Stimulus Selection
Stimulus: 1.000
Output value 1.776

Q+ parameters
slope: 0.043 semiSat: 0.780 beta: 1.250 sigma: 0.062 
maxBOLD estimate = 1.562


Trial 5: baseline Stimulus Selection
Stimulus: 0.010
Output value 0.000

Q+ parameters
slope: 0.043 semiSat: 0.780 beta: 1.125 sigma: 0.062 
maxBOLD estimate = 1.953


Trial 6: maxBOLD Stimulus Selection
Stimulus: 1.000
Output value 1.742

Q+ parameters
slope: 0.043 semiSat: 0.780 beta: 0.969 sigma: 0.062 
maxBOLD estimate = 2.197


Trial 7: qplus Stimulus Selection
Stimulus: 0.670
Output value 1.161

Q+ parameters
slope: 0.089 semiSat: 0.340 beta: 0.750 sigma: 0.062 
maxBOLD estimate = 2.129


Trial 8: qplus Stimulus Selection
Stimulus: 0.340
Output value 0.272

Q+ parameters
slope: 0.113 semiSat: 0.450 beta: 0.938 sigma: 0.062 
maxBOLD estimate = 1.596


Trial 9: qplus Stimulus Selection
Stimulus: 0.505
Output value 0.816

Q+ parameters
slope: 0.144 semiSat: 0.560 beta: 1.500 sigma: 0.062 
maxBOLD estimate = 1.497


Trial 10: baseline Stimulus Selection
Stimulus: 0.010
Output value 0.153

Q+ parameters
slope: 0.183 semiSat: 0.560 beta: 0.750 sigma: 0.062 
maxBOLD estimate = 2.245


Trial 11: qplus Stimulus Selection
Stimulus: 0.629
Output value 1.292

Q+ parameters
slope: 0.234 semiSat: 0.560 beta: 0.938 sigma: 0.062 
maxBOLD estimate = 1.684


Trial 12: qplus Stimulus Selection
Stimulus: 0.505
Output value 0.574

Q+ parameters
slope: 0.183 semiSat: 0.560 beta: 1.000 sigma: 0.062 
maxBOLD estimate = 1.579


Trial 13: qplus Stimulus Selection
Stimulus: 0.505
Output value 0.574

Q+ parameters
slope: 0.183 semiSat: 0.560 beta: 1.000 sigma: 0.062 
maxBOLD estimate = 1.579


Trial 14: qplus Stimulus Selection
Stimulus: 0.588
Output value 1.005

Q+ parameters
slope: 0.183 semiSat: 0.560 beta: 1.000 sigma: 0.062 
maxBOLD estimate = 1.579


Trial 15: maxBOLD Stimulus Selection
Stimulus: 1.000
Output value 1.579

Q+ parameters
slope: 0.183 semiSat: 0.560 beta: 1.000 sigma: 0.062 
maxBOLD estimate = 1.579


Trial 16: qplus Stimulus Selection
Stimulus: 0.505
Output value 0.431

Q+ parameters
slope: 0.183 semiSat: 0.560 beta: 1.000 sigma: 0.062 
maxBOLD estimate = 1.579


Trial 17: qplus Stimulus Selection
Stimulus: 0.711
Output value 1.435

Q+ parameters
slope: 0.183 semiSat: 0.560 beta: 1.000 sigma: 0.062 
maxBOLD estimate = 1.579


Trial 18: qplus Stimulus Selection
Stimulus: 0.711
Output value 1.480

Q+ parameters
slope: 0.183 semiSat: 0.560 beta: 1.031 sigma: 0.062 
maxBOLD estimate = 1.579


Trial 19: qplus Stimulus Selection
Stimulus: 0.711
Output value 1.480

Q+ parameters
slope: 0.183 semiSat: 0.560 beta: 1.000 sigma: 0.062 
maxBOLD estimate = 1.628


Trial 20: baseline Stimulus Selection
Stimulus: 0.010
Output value 0.139

Q+ parameters
slope: 0.234 semiSat: 0.560 beta: 0.938 sigma: 0.062 
maxBOLD estimate = 1.628


Trial 21: qplus Stimulus Selection
Stimulus: 0.670
Output value 1.431

Q+ parameters
slope: 0.183 semiSat: 0.560 beta: 1.031 sigma: 0.062 
maxBOLD estimate = 1.526


Trial 22: qplus Stimulus Selection
Stimulus: 0.588
Output value 1.033

Q+ parameters
slope: 0.183 semiSat: 0.560 beta: 1.031 sigma: 0.062 
maxBOLD estimate = 1.574


Trial 23: qplus Stimulus Selection
Stimulus: 0.711
Output value 1.383

Q+ parameters
slope: 0.183 semiSat: 0.560 beta: 0.938 sigma: 0.062 
maxBOLD estimate = 1.623


Trial 24: qplus Stimulus Selection
Stimulus: 0.505
Output value 0.428

Q+ parameters
slope: 0.183 semiSat: 0.560 beta: 1.031 sigma: 0.062 
maxBOLD estimate = 1.522


Trial 25: maxBOLD Stimulus Selection
Stimulus: 1.000
Output value 1.618

Q+ parameters
slope: 0.183 semiSat: 0.560 beta: 1.031 sigma: 0.062 
maxBOLD estimate = 1.569


Trial 26: qplus Stimulus Selection
Stimulus: 0.711
Output value 1.765

Q+ parameters
slope: 0.183 semiSat: 0.560 beta: 1.000 sigma: 0.062 
maxBOLD estimate = 1.618


Trial 27: qplus Stimulus Selection
Stimulus: 0.753
Output value 1.471

Q+ parameters
slope: 0.183 semiSat: 0.560 beta: 1.000 sigma: 0.062 
maxBOLD estimate = 1.618


Trial 28: qplus Stimulus Selection
Stimulus: 0.505
Output value 0.441

Q+ parameters
slope: 0.183 semiSat: 0.560 beta: 1.000 sigma: 0.062 
maxBOLD estimate = 1.618


Trial 29: qplus Stimulus Selection
Stimulus: 0.753
Output value 1.324

Q+ parameters
slope: 0.183 semiSat: 0.560 beta: 1.000 sigma: 0.062 
maxBOLD estimate = 1.618


Trial 30: baseline Stimulus Selection
Stimulus: 0.010
Output value 0.000

Q+ parameters
slope: 0.183 semiSat: 0.560 beta: 0.938 sigma: 0.062 
maxBOLD estimate = 1.618


Trial 31: qplus Stimulus Selection
Stimulus: 0.588
Output value 0.853

Q+ parameters
slope: 0.183 semiSat: 0.560 beta: 1.031 sigma: 0.062 
maxBOLD estimate = 1.517


Trial 32: qplus Stimulus Selection
Stimulus: 0.423
Output value 0.293

Q+ parameters
slope: 0.183 semiSat: 0.560 beta: 1.031 sigma: 0.062 
maxBOLD estimate = 1.564


Trial 33: qplus Stimulus Selection
Stimulus: 0.711
Output value 1.375

Q+ parameters
slope: 0.183 semiSat: 0.560 beta: 0.938 sigma: 0.062 
maxBOLD estimate = 1.613


Trial 34: qplus Stimulus Selection
Stimulus: 0.588
Output value 0.993

Q+ parameters
slope: 0.183 semiSat: 0.560 beta: 1.031 sigma: 0.062 
maxBOLD estimate = 1.512


Trial 35: maxBOLD Stimulus Selection
Stimulus: 1.000
Output value 1.608

Q+ parameters
slope: 0.183 semiSat: 0.560 beta: 1.031 sigma: 0.062 
maxBOLD estimate = 1.560


Trial 36: qplus Stimulus Selection
Stimulus: 0.711
Output value 1.508

Q+ parameters
slope: 0.183 semiSat: 0.560 beta: 0.938 sigma: 0.062 
maxBOLD estimate = 1.608


Trial 37: qplus Stimulus Selection
Stimulus: 0.588
Output value 0.848

Q+ parameters
slope: 0.183 semiSat: 0.560 beta: 1.031 sigma: 0.062 
maxBOLD estimate = 1.508


Trial 38: qplus Stimulus Selection
Stimulus: 0.959
Output value 1.604

Q+ parameters
slope: 0.183 semiSat: 0.560 beta: 1.031 sigma: 0.062 
maxBOLD estimate = 1.555


Trial 39: qplus Stimulus Selection
Stimulus: 0.711
Output value 1.503

Q+ parameters
slope: 0.183 semiSat: 0.560 beta: 0.938 sigma: 0.062 
maxBOLD estimate = 1.604


Trial 40: baseline Stimulus Selection
Stimulus: 0.010
Output value 0.141

Q+ parameters
slope: 0.183 semiSat: 0.560 beta: 1.031 sigma: 0.062 
maxBOLD estimate = 1.503


Trial 41: qplus Stimulus Selection
Stimulus: 0.876
Output value 1.599

Q+ parameters
slope: 0.183 semiSat: 0.560 beta: 1.031 sigma: 0.062 
maxBOLD estimate = 1.550


Trial 42: qplus Stimulus Selection
Stimulus: 0.711
Output value 1.599

Q+ parameters
slope: 0.183 semiSat: 0.560 beta: 1.000 sigma: 0.062 
maxBOLD estimate = 1.599


Trial 43: qplus Stimulus Selection
Stimulus: 0.588
Output value 1.017

Q+ parameters
slope: 0.183 semiSat: 0.560 beta: 1.000 sigma: 0.062 
maxBOLD estimate = 1.599


Trial 44: qplus Stimulus Selection
Stimulus: 0.629
Output value 1.163

Q+ parameters
slope: 0.183 semiSat: 0.560 beta: 1.000 sigma: 0.062 
maxBOLD estimate = 1.599


Trial 45: maxBOLD Stimulus Selection
Stimulus: 1.000
Output value 1.454

Q+ parameters
slope: 0.183 semiSat: 0.560 beta: 1.000 sigma: 0.062 
maxBOLD estimate = 1.599


Trial 46: qplus Stimulus Selection
Stimulus: 0.629
Output value 1.308

Q+ parameters
slope: 0.183 semiSat: 0.560 beta: 1.000 sigma: 0.062 
maxBOLD estimate = 1.599


Trial 47: qplus Stimulus Selection
Stimulus: 0.670
Output value 1.454

Q+ parameters
slope: 0.183 semiSat: 0.560 beta: 1.000 sigma: 0.062 
maxBOLD estimate = 1.599


Trial 48: qplus Stimulus Selection
Stimulus: 0.670
Output value 1.454

Q+ parameters
slope: 0.183 semiSat: 0.560 beta: 1.000 sigma: 0.062 
maxBOLD estimate = 1.599


Trial 49: qplus Stimulus Selection
Stimulus: 0.753
Output value 1.454

Q+ parameters
slope: 0.183 semiSat: 0.560 beta: 1.000 sigma: 0.062 
maxBOLD estimate = 1.599


Trial 50: baseline Stimulus Selection
Stimulus: 0.010
Output value 0.136

Q+ parameters
slope: 0.183 semiSat: 0.560 beta: 0.938 sigma: 0.062 
maxBOLD estimate = 1.599


Trial 51: qplus Stimulus Selection
Stimulus: 0.588
Output value 1.124

Q+ parameters
slope: 0.183 semiSat: 0.560 beta: 1.031 sigma: 0.062 
maxBOLD estimate = 1.499


Trial 52: qplus Stimulus Selection
Stimulus: 0.876
Output value 1.594

Q+ parameters
slope: 0.183 semiSat: 0.560 beta: 1.031 sigma: 0.062 
maxBOLD estimate = 1.546


Trial 53: qplus Stimulus Selection
Stimulus: 0.711
Output value 1.594

Q+ parameters
slope: 0.183 semiSat: 0.560 beta: 1.000 sigma: 0.062 
maxBOLD estimate = 1.594


Trial 54: qplus Stimulus Selection
Stimulus: 0.670
Output value 1.449

Q+ parameters
slope: 0.183 semiSat: 0.560 beta: 1.000 sigma: 0.062 
maxBOLD estimate = 1.594


Trial 55: maxBOLD Stimulus Selection
Stimulus: 1.000
Output value 1.594

Q+ parameters
slope: 0.183 semiSat: 0.560 beta: 1.000 sigma: 0.062 
maxBOLD estimate = 1.594


Trial 56: qplus Stimulus Selection
Stimulus: 0.753
Output value 1.739

Q+ parameters
slope: 0.183 semiSat: 0.560 beta: 1.000 sigma: 0.062 
maxBOLD estimate = 1.594


Trial 57: qplus Stimulus Selection
Stimulus: 0.711
Output value 1.594

Q+ parameters
slope: 0.183 semiSat: 0.560 beta: 1.000 sigma: 0.062 
maxBOLD estimate = 1.594


Trial 58: qplus Stimulus Selection
Stimulus: 0.711
Output value 1.644

Q+ parameters
slope: 0.183 semiSat: 0.560 beta: 1.031 sigma: 0.062 
maxBOLD estimate = 1.594


Trial 59: qplus Stimulus Selection
Stimulus: 0.711
Output value 1.541

Q+ parameters
slope: 0.183 semiSat: 0.560 beta: 0.938 sigma: 0.062 
maxBOLD estimate = 1.644


Trial 60: baseline Stimulus Selection
Stimulus: 0.010
Output value 0.289

Q+ parameters
slope: 0.183 semiSat: 0.560 beta: 1.031 sigma: 0.062 
maxBOLD estimate = 1.541


Trial 61: qplus Stimulus Selection
Stimulus: 0.505
Output value 0.542

Q+ parameters
slope: 0.183 semiSat: 0.560 beta: 0.938 sigma: 0.062 
maxBOLD estimate = 1.589


Trial 62: qplus Stimulus Selection
Stimulus: 0.588
Output value 1.117

Q+ parameters
slope: 0.183 semiSat: 0.560 beta: 1.031 sigma: 0.062 
maxBOLD estimate = 1.490


Trial 63: qplus Stimulus Selection
Stimulus: 0.505
Output value 0.432

Q+ parameters
slope: 0.183 semiSat: 0.560 beta: 1.031 sigma: 0.062 
maxBOLD estimate = 1.537


Trial 64: qplus Stimulus Selection
Stimulus: 0.505
Output value 0.540

Q+ parameters
slope: 0.183 semiSat: 0.560 beta: 0.938 sigma: 0.062 
maxBOLD estimate = 1.585


Trial 65: maxBOLD Stimulus Selection
Stimulus: 1.000
Output value 1.671

Q+ parameters
slope: 0.183 semiSat: 0.560 beta: 1.031 sigma: 0.062 
maxBOLD estimate = 1.486


Trial 66: qplus Stimulus Selection
Stimulus: 0.959
Output value 1.723

Q+ parameters
slope: 0.183 semiSat: 0.560 beta: 1.031 sigma: 0.062 
maxBOLD estimate = 1.532


Trial 67: qplus Stimulus Selection
Stimulus: 0.711
Output value 1.481

Q+ parameters
slope: 0.183 semiSat: 0.560 beta: 0.938 sigma: 0.062 
maxBOLD estimate = 1.580


Trial 68: qplus Stimulus Selection
Stimulus: 0.381
Output value 0.000

Q+ parameters
slope: 0.183 semiSat: 0.560 beta: 1.031 sigma: 0.062 
maxBOLD estimate = 1.481


Trial 69: qplus Stimulus Selection
Stimulus: 0.876
Output value 1.718

Q+ parameters
slope: 0.183 semiSat: 0.560 beta: 1.031 sigma: 0.062 
maxBOLD estimate = 1.527


Trial 70: baseline Stimulus Selection
Stimulus: 0.010
Output value 0.139

Q+ parameters
slope: 0.144 semiSat: 0.560 beta: 0.969 sigma: 0.062 
maxBOLD estimate = 1.575


Trial 71: qplus Stimulus Selection
Stimulus: 0.381
Output value 0.143

Q+ parameters
slope: 0.183 semiSat: 0.560 beta: 1.031 sigma: 0.062 
maxBOLD estimate = 1.526


Trial 72: qplus Stimulus Selection
Stimulus: 0.505
Output value 0.295

Q+ parameters
slope: 0.183 semiSat: 0.560 beta: 1.031 sigma: 0.062 
maxBOLD estimate = 1.574


Trial 73: qplus Stimulus Selection
Stimulus: 0.711
Output value 1.383

Q+ parameters
slope: 0.183 semiSat: 0.560 beta: 0.938 sigma: 0.062 
maxBOLD estimate = 1.623


Trial 74: qplus Stimulus Selection
Stimulus: 0.381
Output value 0.143

Q+ parameters
slope: 0.183 semiSat: 0.560 beta: 1.031 sigma: 0.062 
maxBOLD estimate = 1.521


Trial 75: maxBOLD Stimulus Selection
Stimulus: 1.000
Output value 1.324

Q+ parameters
slope: 0.183 semiSat: 0.560 beta: 1.031 sigma: 0.062 
maxBOLD estimate = 1.569


Trial 76: qplus Stimulus Selection
Stimulus: 0.711
Output value 1.710

Q+ parameters
slope: 0.144 semiSat: 0.560 beta: 0.969 sigma: 0.062 
maxBOLD estimate = 1.618


Trial 77: qplus Stimulus Selection
Stimulus: 0.381
Output value 0.147

Q+ parameters
slope: 0.183 semiSat: 0.560 beta: 1.031 sigma: 0.062 
maxBOLD estimate = 1.567


Trial 78: qplus Stimulus Selection
Stimulus: 0.711
Output value 1.708

Q+ parameters
slope: 0.144 semiSat: 0.560 beta: 0.969 sigma: 0.062 
maxBOLD estimate = 1.616


Trial 79: qplus Stimulus Selection
Stimulus: 0.588
Output value 1.321

Q+ parameters
slope: 0.183 semiSat: 0.560 beta: 1.031 sigma: 0.062 
maxBOLD estimate = 1.566


Trial 80: baseline Stimulus Selection
Stimulus: 0.010
Output value 0.142

Q+ parameters
slope: 0.144 semiSat: 0.560 beta: 0.969 sigma: 0.062 
maxBOLD estimate = 1.615


Trial 81: qplus Stimulus Selection
Stimulus: 0.381
Output value 0.427

Q+ parameters
slope: 0.144 semiSat: 0.560 beta: 1.000 sigma: 0.062 
maxBOLD estimate = 1.564


Trial 82: qplus Stimulus Selection
Stimulus: 0.588
Output value 1.138

Q+ parameters
slope: 0.144 semiSat: 0.560 beta: 1.000 sigma: 0.062 
maxBOLD estimate = 1.564


Trial 83: qplus Stimulus Selection
Stimulus: 0.381
Output value 0.142

Q+ parameters
slope: 0.144 semiSat: 0.560 beta: 1.000 sigma: 0.062 
maxBOLD estimate = 1.564


Trial 84: qplus Stimulus Selection
Stimulus: 0.588
Output value 0.853

Q+ parameters
slope: 0.144 semiSat: 0.560 beta: 1.000 sigma: 0.062 
maxBOLD estimate = 1.564


Trial 85: maxBOLD Stimulus Selection
Stimulus: 1.000
Output value 1.706

Q+ parameters
slope: 0.144 semiSat: 0.560 beta: 1.000 sigma: 0.062 
maxBOLD estimate = 1.564


Trial 86: qplus Stimulus Selection
Stimulus: 0.588
Output value 0.711

Q+ parameters
slope: 0.144 semiSat: 0.560 beta: 1.000 sigma: 0.062 
maxBOLD estimate = 1.564


Trial 87: qplus Stimulus Selection
Stimulus: 0.588
Output value 1.280

Q+ parameters
slope: 0.144 semiSat: 0.560 beta: 1.000 sigma: 0.062 
maxBOLD estimate = 1.564


Trial 88: qplus Stimulus Selection
Stimulus: 0.381
Output value 0.000

Q+ parameters
slope: 0.144 semiSat: 0.560 beta: 1.000 sigma: 0.062 
maxBOLD estimate = 1.564


Trial 89: qplus Stimulus Selection
Stimulus: 0.381
Output value 0.284

Q+ parameters
slope: 0.144 semiSat: 0.560 beta: 1.000 sigma: 0.062 
maxBOLD estimate = 1.564


Trial 90: baseline Stimulus Selection
Stimulus: 0.010
Output value 0.284

Q+ parameters
slope: 0.144 semiSat: 0.560 beta: 1.000 sigma: 0.062 
maxBOLD estimate = 1.564


Trial 91: qplus Stimulus Selection
Stimulus: 0.588
Output value 1.138

Q+ parameters
slope: 0.144 semiSat: 0.560 beta: 1.000 sigma: 0.062 
maxBOLD estimate = 1.564


Trial 92: qplus Stimulus Selection
Stimulus: 0.588
Output value 0.995

Q+ parameters
slope: 0.144 semiSat: 0.560 beta: 1.000 sigma: 0.062 
maxBOLD estimate = 1.564


Trial 93: qplus Stimulus Selection
Stimulus: 0.588
Output value 1.138

Q+ parameters
slope: 0.144 semiSat: 0.560 beta: 1.000 sigma: 0.062 
maxBOLD estimate = 1.564


Trial 94: qplus Stimulus Selection
Stimulus: 0.381
Output value 0.427

Q+ parameters
slope: 0.144 semiSat: 0.560 beta: 1.000 sigma: 0.062 
maxBOLD estimate = 1.564


Trial 95: maxBOLD Stimulus Selection
Stimulus: 1.000
Output value 1.564

Q+ parameters
slope: 0.144 semiSat: 0.560 beta: 1.000 sigma: 0.062 
maxBOLD estimate = 1.564


Trial 96: qplus Stimulus Selection
Stimulus: 0.588
Output value 1.138

Q+ parameters
slope: 0.144 semiSat: 0.560 beta: 1.000 sigma: 0.062 
maxBOLD estimate = 1.564


Trial 97: qplus Stimulus Selection
Stimulus: 0.588
Output value 0.853

Q+ parameters
slope: 0.144 semiSat: 0.560 beta: 1.000 sigma: 0.062 
maxBOLD estimate = 1.564


Trial 98: qplus Stimulus Selection
Stimulus: 0.588
Output value 0.711

Q+ parameters
slope: 0.144 semiSat: 0.560 beta: 1.000 sigma: 0.062 
maxBOLD estimate = 1.564


Trial 99: qplus Stimulus Selection
Stimulus: 0.588
Output value 0.995

Q+ parameters
slope: 0.144 semiSat: 0.560 beta: 1.000 sigma: 0.062 
maxBOLD estimate = 1.564


Trial 100: baseline Stimulus Selection
Stimulus: 0.010
Output value 0.000

Q+ parameters
slope: 0.144 semiSat: 0.560 beta: 1.000 sigma: 0.062 
maxBOLD estimate = 1.564

--------------------------------------------------------------
FINAL VALUES
--------------------------------------------------------------
Simulated parameters:              slope: 0.200 semiSat: 0.570 beta: 1.000 sigma: 0.050 
Max posterior QUEST+ parameters:   slope: 0.144 semiSat: 0.560 beta: 1.000 sigma: 0.062 
Max BADS parameters:               slope: 0.144 semiSat: 0.558 beta: 1.000 sigma: 0.066 
maxBOLD estimate: 1.555
