/blue/stevenweisberg/stevenweisberg/MATLAB/projects/Weisberg_Aguirre_2020/scripts/run_sims
c27a-s1.ufhpc
Tue Apr  6 20:18:19 EDT 2021
mkdir: cannot create directory ‘/blue/stevenweisberg/stevenweisberg/qpfMRIResults/model_parameter_set2/’: File exists
cp: cannot stat ‘/blue/stevenweisberg/stevenweisberg/qpfMRIResults/deploy_sim.sh’: No such file or directory
cp: cannot stat ‘/blue/stevenweisberg/stevenweisberg/qpfMRIResults/sim_wrapper.sh’: No such file or directory
------------------------------------------
Setting up environment variables
---
LD_LIBRARY_PATH is .:/apps/matlab/mcr/2020b/v99/runtime/glnxa64:/apps/matlab/mcr/2020b/v99/bin/glnxa64:/apps/matlab/mcr/2020b/v99/sys/os/glnxa64:/apps/matlab/mcr/2020b/v99/sys/opengl/lib/glnxa64
Warning: Executing startup failed in matlabrc.
This indicates a potentially serious problem in your MATLAB setup, which should be resolved as soon as possible.  Error detected was:
MATLAB:mpath:PathAlterationNotSupported
Modifying the search path is not supported by MATLAB Compiler. Remove functions that modify the search path from your MATLAB code. To make files visible to your deployed application, add the parent folder to your MATLAB session.
Warning: No stimulus domain specified. Defaulting to values between 0.01 and 1.
> In qpfmriParams (line 182)
In compiledSimulate (line 205)
Stimulus domain added from input.
Parameter slope specified as 0.20000
Parameter semiSat specified as 0.57000
Parameter beta specified as 1.00000
Parameter sigma specified as 0.10000
seed = 99seed = 104seed = 111seed = 111seed = 115seed = 101Initializing Q+. This may take a minute...
Elapsed time is 9.758232 seconds.
Simulated parameters:
slope: 0.200 semiSat: 0.570 beta: 1.000 sigma: 0.100 

Trial 1: baseline Stimulus Selection
Stimulus: 0.010
Output value 0.000

Q+ parameters
slope: 0.026 semiSat: 0.890 beta: 0.500 sigma: 0.010 
maxBOLD estimate = 1.000


Trial 2: maxBOLD Stimulus Selection
Stimulus: 1.000
Output value 1.364

Q+ parameters
slope: 0.055 semiSat: 0.670 beta: 1.250 sigma: 0.010 
maxBOLD estimate = 1.000


Trial 3: baseline Stimulus Selection
Stimulus: 0.010
Output value -0.142

Q+ parameters
slope: 0.055 semiSat: 0.670 beta: 1.250 sigma: 0.062 
maxBOLD estimate = 1.250


Trial 4: maxBOLD Stimulus Selection
Stimulus: 1.000
Output value 1.278

Q+ parameters
slope: 0.043 semiSat: 0.780 beta: 1.125 sigma: 0.062 
maxBOLD estimate = 1.562


Trial 5: baseline Stimulus Selection
Stimulus: 0.010
Output value -0.180

Q+ parameters
slope: 0.043 semiSat: 0.780 beta: 1.125 sigma: 0.062 
maxBOLD estimate = 1.758


Trial 6: maxBOLD Stimulus Selection
Stimulus: 1.000
Output value 1.348

Q+ parameters
slope: 0.034 semiSat: 1.000 beta: 1.250 sigma: 0.062 
maxBOLD estimate = 1.978


Trial 7: random Stimulus Selection
Stimulus: 0.711
Output value 0.787

Q+ parameters
slope: 0.785 semiSat: 0.120 beta: 0.500 sigma: 0.062 
maxBOLD estimate = 2.472


Trial 8: random Stimulus Selection
Stimulus: 0.092
Output value -0.337

Q+ parameters
slope: 0.089 semiSat: 0.560 beta: 1.500 sigma: 0.062 
maxBOLD estimate = 1.236


Trial 9: random Stimulus Selection
Stimulus: 0.794
Output value 1.327

Q+ parameters
slope: 0.089 semiSat: 0.560 beta: 0.875 sigma: 0.062 
maxBOLD estimate = 1.854


Trial 10: baseline Stimulus Selection
Stimulus: 0.010
Output value -0.304

Q+ parameters
slope: 0.113 semiSat: 0.450 beta: 1.031 sigma: 0.114 
maxBOLD estimate = 1.622


Trial 11: random Stimulus Selection
Stimulus: 0.876
Output value 1.426

Q+ parameters
slope: 0.113 semiSat: 0.450 beta: 0.938 sigma: 0.062 
maxBOLD estimate = 1.673


Trial 12: random Stimulus Selection
Stimulus: 0.959
Output value 1.764

Q+ parameters
slope: 0.113 semiSat: 0.450 beta: 1.031 sigma: 0.062 
maxBOLD estimate = 1.568


Trial 13: random Stimulus Selection
Stimulus: 0.794
Output value 0.772

Q+ parameters
slope: 0.113 semiSat: 0.450 beta: 0.875 sigma: 0.114 
maxBOLD estimate = 1.617


Trial 14: random Stimulus Selection
Stimulus: 0.381
Output value -0.145

Q+ parameters
slope: 0.183 semiSat: 0.560 beta: 1.125 sigma: 0.114 
maxBOLD estimate = 1.415


Trial 15: maxBOLD Stimulus Selection
Stimulus: 1.000
Output value 1.221

Q+ parameters
slope: 0.183 semiSat: 0.560 beta: 0.938 sigma: 0.062 
maxBOLD estimate = 1.592


Trial 16: random Stimulus Selection
Stimulus: 0.216
Output value -0.280

Q+ parameters
slope: 0.183 semiSat: 0.560 beta: 1.031 sigma: 0.114 
maxBOLD estimate = 1.493


Trial 17: random Stimulus Selection
Stimulus: 0.092
Output value 0.144

Q+ parameters
slope: 0.183 semiSat: 0.560 beta: 1.031 sigma: 0.114 
maxBOLD estimate = 1.539


Trial 18: random Stimulus Selection
Stimulus: 0.588
Output value 0.676

Q+ parameters
slope: 0.183 semiSat: 0.560 beta: 0.938 sigma: 0.114 
maxBOLD estimate = 1.587


Trial 19: random Stimulus Selection
Stimulus: 0.794
Output value 1.116

Q+ parameters
slope: 0.183 semiSat: 0.560 beta: 1.031 sigma: 0.114 
maxBOLD estimate = 1.488


Trial 20: baseline Stimulus Selection
Stimulus: 0.010
Output value -0.144

Q+ parameters
slope: 0.183 semiSat: 0.560 beta: 1.031 sigma: 0.114 
maxBOLD estimate = 1.535


Trial 21: random Stimulus Selection
Stimulus: 0.175
Output value 0.270

Q+ parameters
slope: 0.183 semiSat: 0.560 beta: 0.938 sigma: 0.114 
maxBOLD estimate = 1.583


Trial 22: random Stimulus Selection
Stimulus: 0.175
Output value 0.278

Q+ parameters
slope: 0.183 semiSat: 0.560 beta: 1.031 sigma: 0.114 
maxBOLD estimate = 1.484


Trial 23: random Stimulus Selection
Stimulus: 0.092
Output value 0.000

Q+ parameters
slope: 0.183 semiSat: 0.560 beta: 1.031 sigma: 0.114 
maxBOLD estimate = 1.530


Trial 24: random Stimulus Selection
Stimulus: 0.629
Output value 0.973

Q+ parameters
slope: 0.144 semiSat: 0.560 beta: 0.969 sigma: 0.114 
maxBOLD estimate = 1.578


Trial 25: maxBOLD Stimulus Selection
Stimulus: 1.000
Output value 1.290

Q+ parameters
slope: 0.183 semiSat: 0.560 beta: 1.031 sigma: 0.114 
maxBOLD estimate = 1.529


Trial 26: random Stimulus Selection
Stimulus: 0.010
Output value -0.148

Q+ parameters
slope: 0.183 semiSat: 0.560 beta: 1.031 sigma: 0.114 
maxBOLD estimate = 1.576


Trial 27: random Stimulus Selection
Stimulus: 0.794
Output value 1.662

Q+ parameters
slope: 0.183 semiSat: 0.560 beta: 0.938 sigma: 0.114 
maxBOLD estimate = 1.626


Trial 28: random Stimulus Selection
Stimulus: 0.464
Output value 1.212

Q+ parameters
slope: 0.144 semiSat: 0.560 beta: 1.250 sigma: 0.166 
maxBOLD estimate = 1.524


Trial 29: random Stimulus Selection
Stimulus: 0.753
Output value 0.909

Q+ parameters
slope: 0.234 semiSat: 0.560 beta: 0.750 sigma: 0.062 
maxBOLD estimate = 1.905


Trial 30: baseline Stimulus Selection
Stimulus: 0.010
Output value -0.292

Q+ parameters
slope: 0.183 semiSat: 0.560 beta: 1.125 sigma: 0.114 
maxBOLD estimate = 1.429


Trial 31: random Stimulus Selection
Stimulus: 0.835
Output value 1.370

Q+ parameters
slope: 0.183 semiSat: 0.560 beta: 0.938 sigma: 0.114 
maxBOLD estimate = 1.607


Trial 32: random Stimulus Selection
Stimulus: 0.381
Output value 0.565

Q+ parameters
slope: 0.183 semiSat: 0.560 beta: 1.031 sigma: 0.114 
maxBOLD estimate = 1.507


Trial 33: random Stimulus Selection
Stimulus: 0.340
Output value 1.271

Q+ parameters
slope: 0.144 semiSat: 0.560 beta: 1.125 sigma: 0.166 
maxBOLD estimate = 1.554


Trial 34: random Stimulus Selection
Stimulus: 0.794
Output value 1.386

Q+ parameters
slope: 0.070 semiSat: 0.560 beta: 0.969 sigma: 0.114 
maxBOLD estimate = 1.748


Trial 35: maxBOLD Stimulus Selection
Stimulus: 1.000
Output value 1.732

Q+ parameters
slope: 0.183 semiSat: 0.560 beta: 0.938 sigma: 0.114 
maxBOLD estimate = 1.694


Trial 36: random Stimulus Selection
Stimulus: 0.381
Output value 0.000

Q+ parameters
slope: 0.183 semiSat: 0.560 beta: 1.031 sigma: 0.114 
maxBOLD estimate = 1.588


Trial 37: random Stimulus Selection
Stimulus: 0.711
Output value 1.842

Q+ parameters
slope: 0.183 semiSat: 0.560 beta: 1.031 sigma: 0.114 
maxBOLD estimate = 1.637


Trial 38: random Stimulus Selection
Stimulus: 0.753
Output value 1.295

Q+ parameters
slope: 0.183 semiSat: 0.560 beta: 0.938 sigma: 0.114 
maxBOLD estimate = 1.688


Trial 39: random Stimulus Selection
Stimulus: 0.423
Output value -0.288

Q+ parameters
slope: 0.234 semiSat: 0.560 beta: 1.000 sigma: 0.114 
maxBOLD estimate = 1.583


Trial 40: baseline Stimulus Selection
Stimulus: 0.010
Output value 0.144

Q+ parameters
slope: 0.234 semiSat: 0.560 beta: 1.000 sigma: 0.114 
maxBOLD estimate = 1.583


Trial 41: random Stimulus Selection
Stimulus: 0.299
Output value -0.297

Q+ parameters
slope: 0.183 semiSat: 0.560 beta: 1.031 sigma: 0.114 
maxBOLD estimate = 1.583


Trial 42: random Stimulus Selection
Stimulus: 0.257
Output value -0.288

Q+ parameters
slope: 0.144 semiSat: 0.560 beta: 0.969 sigma: 0.114 
maxBOLD estimate = 1.632


Trial 43: random Stimulus Selection
Stimulus: 0.092
Output value 0.445

Q+ parameters
slope: 0.183 semiSat: 0.560 beta: 1.031 sigma: 0.114 
maxBOLD estimate = 1.581


Trial 44: random Stimulus Selection
Stimulus: 0.010
Output value -0.144

Q+ parameters
slope: 0.144 semiSat: 0.560 beta: 0.969 sigma: 0.114 
maxBOLD estimate = 1.631


Trial 45: maxBOLD Stimulus Selection
Stimulus: 1.000
Output value 1.777

Q+ parameters
slope: 0.183 semiSat: 0.560 beta: 1.031 sigma: 0.114 
maxBOLD estimate = 1.580


Trial 46: random Stimulus Selection
Stimulus: 0.876
Output value 1.435

Q+ parameters
slope: 0.144 semiSat: 0.560 beta: 0.969 sigma: 0.114 
maxBOLD estimate = 1.629


Trial 47: random Stimulus Selection
Stimulus: 0.629
Output value 1.332

Q+ parameters
slope: 0.183 semiSat: 0.560 beta: 1.031 sigma: 0.114 
maxBOLD estimate = 1.578


Trial 48: random Stimulus Selection
Stimulus: 0.381
Output value 0.143

Q+ parameters
slope: 0.144 semiSat: 0.560 beta: 0.969 sigma: 0.114 
maxBOLD estimate = 1.628


Trial 49: random Stimulus Selection
Stimulus: 0.134
Output value -0.296

Q+ parameters
slope: 0.183 semiSat: 0.560 beta: 1.031 sigma: 0.114 
maxBOLD estimate = 1.577


Trial 50: baseline Stimulus Selection
Stimulus: 0.010
Output value 0.416

Q+ parameters
slope: 0.183 semiSat: 0.560 beta: 0.938 sigma: 0.114 
maxBOLD estimate = 1.626


Trial 51: random Stimulus Selection
Stimulus: 0.257
Output value 0.000

Q+ parameters
slope: 0.234 semiSat: 0.560 beta: 1.000 sigma: 0.114 
maxBOLD estimate = 1.524


Trial 52: random Stimulus Selection
Stimulus: 0.216
Output value 0.000

Q+ parameters
slope: 0.234 semiSat: 0.560 beta: 1.000 sigma: 0.114 
maxBOLD estimate = 1.524


Trial 53: random Stimulus Selection
Stimulus: 0.753
Output value 1.663

Q+ parameters
slope: 0.234 semiSat: 0.560 beta: 1.000 sigma: 0.114 
maxBOLD estimate = 1.524


Trial 54: random Stimulus Selection
Stimulus: 0.711
Output value 1.524

Q+ parameters
slope: 0.234 semiSat: 0.560 beta: 1.000 sigma: 0.114 
maxBOLD estimate = 1.524


Trial 55: maxBOLD Stimulus Selection
Stimulus: 1.000
Output value 1.663

Q+ parameters
slope: 0.234 semiSat: 0.560 beta: 1.000 sigma: 0.114 
maxBOLD estimate = 1.524


Trial 56: random Stimulus Selection
Stimulus: 0.711
Output value 1.663

Q+ parameters
slope: 0.234 semiSat: 0.560 beta: 1.000 sigma: 0.114 
maxBOLD estimate = 1.524


Trial 57: random Stimulus Selection
Stimulus: 0.711
Output value 1.386

Q+ parameters
slope: 0.234 semiSat: 0.560 beta: 1.000 sigma: 0.114 
maxBOLD estimate = 1.524


Trial 58: random Stimulus Selection
Stimulus: 1.000
Output value 1.663

Q+ parameters
slope: 0.234 semiSat: 0.560 beta: 1.000 sigma: 0.114 
maxBOLD estimate = 1.524


Trial 59: random Stimulus Selection
Stimulus: 0.340
Output value 0.416

Q+ parameters
slope: 0.234 semiSat: 0.560 beta: 1.000 sigma: 0.114 
maxBOLD estimate = 1.524


Trial 60: baseline Stimulus Selection
Stimulus: 0.010
Output value -0.346

Q+ parameters
slope: 0.144 semiSat: 0.560 beta: 1.250 sigma: 0.114 
maxBOLD estimate = 1.524


Trial 61: random Stimulus Selection
Stimulus: 0.051
Output value -0.152

Q+ parameters
slope: 0.144 semiSat: 0.560 beta: 0.875 sigma: 0.114 
maxBOLD estimate = 1.906


Trial 62: random Stimulus Selection
Stimulus: 0.175
Output value 0.000

Q+ parameters
slope: 0.144 semiSat: 0.560 beta: 0.969 sigma: 0.114 
maxBOLD estimate = 1.667


Trial 63: random Stimulus Selection
Stimulus: 0.340
Output value 0.294

Q+ parameters
slope: 0.234 semiSat: 0.560 beta: 1.000 sigma: 0.114 
maxBOLD estimate = 1.615


Trial 64: random Stimulus Selection
Stimulus: 0.010
Output value -0.303

Q+ parameters
slope: 0.183 semiSat: 0.560 beta: 1.031 sigma: 0.114 
maxBOLD estimate = 1.615


Trial 65: maxBOLD Stimulus Selection
Stimulus: 1.000
Output value 1.093

Q+ parameters
slope: 0.113 semiSat: 0.560 beta: 1.031 sigma: 0.114 
maxBOLD estimate = 1.666


Trial 66: random Stimulus Selection
Stimulus: 1.000
Output value 1.318

Q+ parameters
slope: 0.183 semiSat: 0.560 beta: 0.938 sigma: 0.114 
maxBOLD estimate = 1.718


Trial 67: random Stimulus Selection
Stimulus: 0.711
Output value 1.359

Q+ parameters
slope: 0.183 semiSat: 0.560 beta: 1.031 sigma: 0.114 
maxBOLD estimate = 1.610


Trial 68: random Stimulus Selection
Stimulus: 0.257
Output value 0.156

Q+ parameters
slope: 0.113 semiSat: 0.560 beta: 1.031 sigma: 0.114 
maxBOLD estimate = 1.661


Trial 69: random Stimulus Selection
Stimulus: 0.423
Output value 0.302

Q+ parameters
slope: 0.144 semiSat: 0.560 beta: 0.969 sigma: 0.114 
maxBOLD estimate = 1.713


Trial 70: baseline Stimulus Selection
Stimulus: 0.010
Output value -0.146

Q+ parameters
slope: 0.144 semiSat: 0.560 beta: 0.969 sigma: 0.114 
maxBOLD estimate = 1.659


Trial 71: random Stimulus Selection
Stimulus: 0.134
Output value 0.753

Q+ parameters
slope: 0.183 semiSat: 0.560 beta: 1.031 sigma: 0.114 
maxBOLD estimate = 1.607


Trial 72: random Stimulus Selection
Stimulus: 0.711
Output value 1.865

Q+ parameters
slope: 0.183 semiSat: 0.560 beta: 1.031 sigma: 0.114 
maxBOLD estimate = 1.657


Trial 73: random Stimulus Selection
Stimulus: 0.670
Output value 1.656

Q+ parameters
slope: 0.144 semiSat: 0.560 beta: 0.969 sigma: 0.114 
maxBOLD estimate = 1.709


Trial 74: random Stimulus Selection
Stimulus: 0.423
Output value 0.310

Q+ parameters
slope: 0.183 semiSat: 0.560 beta: 1.031 sigma: 0.114 
maxBOLD estimate = 1.656


Trial 75: maxBOLD Stimulus Selection
Stimulus: 1.000
Output value 1.164

Q+ parameters
slope: 0.183 semiSat: 0.560 beta: 0.938 sigma: 0.114 
maxBOLD estimate = 1.708


Trial 76: random Stimulus Selection
Stimulus: 0.876
Output value 1.801

Q+ parameters
slope: 0.183 semiSat: 0.560 beta: 1.031 sigma: 0.114 
maxBOLD estimate = 1.601


Trial 77: random Stimulus Selection
Stimulus: 0.216
Output value 0.155

Q+ parameters
slope: 0.183 semiSat: 0.560 beta: 1.031 sigma: 0.114 
maxBOLD estimate = 1.651


Trial 78: random Stimulus Selection
Stimulus: 0.753
Output value 1.915

Q+ parameters
slope: 0.183 semiSat: 0.560 beta: 1.031 sigma: 0.114 
maxBOLD estimate = 1.703


Trial 79: random Stimulus Selection
Stimulus: 0.175
Output value 0.000

Q+ parameters
slope: 0.183 semiSat: 0.560 beta: 0.938 sigma: 0.114 
maxBOLD estimate = 1.756


Trial 80: baseline Stimulus Selection
Stimulus: 0.010
Output value 0.772

Q+ parameters
slope: 0.234 semiSat: 0.560 beta: 1.031 sigma: 0.114 
maxBOLD estimate = 1.646


Trial 81: random Stimulus Selection
Stimulus: 0.051
Output value 0.145

Q+ parameters
slope: 0.183 semiSat: 0.560 beta: 0.938 sigma: 0.114 
maxBOLD estimate = 1.697


Trial 82: random Stimulus Selection
Stimulus: 0.505
Output value 0.448

Q+ parameters
slope: 0.234 semiSat: 0.560 beta: 1.031 sigma: 0.114 
maxBOLD estimate = 1.591


Trial 83: random Stimulus Selection
Stimulus: 0.546
Output value 0.923

Q+ parameters
slope: 0.234 semiSat: 0.560 beta: 1.031 sigma: 0.114 
maxBOLD estimate = 1.641


Trial 84: random Stimulus Selection
Stimulus: 0.876
Output value 1.587

Q+ parameters
slope: 0.183 semiSat: 0.560 beta: 0.938 sigma: 0.114 
maxBOLD estimate = 1.692


Trial 85: maxBOLD Stimulus Selection
Stimulus: 1.000
Output value 1.785

Q+ parameters
slope: 0.234 semiSat: 0.560 beta: 1.031 sigma: 0.114 
maxBOLD estimate = 1.587


Trial 86: random Stimulus Selection
Stimulus: 0.423
Output value 0.000

Q+ parameters
slope: 0.234 semiSat: 0.560 beta: 1.031 sigma: 0.114 
maxBOLD estimate = 1.636


Trial 87: random Stimulus Selection
Stimulus: 0.175
Output value 0.594

Q+ parameters
slope: 0.144 semiSat: 0.560 beta: 0.969 sigma: 0.114 
maxBOLD estimate = 1.687


Trial 88: random Stimulus Selection
Stimulus: 0.588
Output value 1.073

Q+ parameters
slope: 0.183 semiSat: 0.560 beta: 1.031 sigma: 0.114 
maxBOLD estimate = 1.635


Trial 89: random Stimulus Selection
Stimulus: 0.546
Output value 1.039

Q+ parameters
slope: 0.144 semiSat: 0.560 beta: 0.969 sigma: 0.114 
maxBOLD estimate = 1.686


Trial 90: baseline Stimulus Selection
Stimulus: 0.010
Output value 0.000

Q+ parameters
slope: 0.183 semiSat: 0.560 beta: 1.031 sigma: 0.114 
maxBOLD estimate = 1.633


Trial 91: random Stimulus Selection
Stimulus: 0.134
Output value -0.287

Q+ parameters
slope: 0.183 semiSat: 0.560 beta: 0.938 sigma: 0.114 
maxBOLD estimate = 1.684


Trial 92: random Stimulus Selection
Stimulus: 1.000
Output value 1.480

Q+ parameters
slope: 0.183 semiSat: 0.560 beta: 1.031 sigma: 0.114 
maxBOLD estimate = 1.579


Trial 93: random Stimulus Selection
Stimulus: 0.216
Output value 0.153

Q+ parameters
slope: 0.183 semiSat: 0.560 beta: 1.031 sigma: 0.114 
maxBOLD estimate = 1.628


Trial 94: random Stimulus Selection
Stimulus: 0.257
Output value 0.148

Q+ parameters
slope: 0.144 semiSat: 0.560 beta: 0.969 sigma: 0.114 
maxBOLD estimate = 1.679


Trial 95: maxBOLD Stimulus Selection
Stimulus: 1.000
Output value 1.525

Q+ parameters
slope: 0.183 semiSat: 0.560 beta: 1.031 sigma: 0.114 
maxBOLD estimate = 1.626


Trial 96: random Stimulus Selection
Stimulus: 0.959
Output value 1.625

Q+ parameters
slope: 0.144 semiSat: 0.560 beta: 0.969 sigma: 0.114 
maxBOLD estimate = 1.677


Trial 97: random Stimulus Selection
Stimulus: 1.000
Output value 1.066

Q+ parameters
slope: 0.183 semiSat: 0.560 beta: 1.031 sigma: 0.114 
maxBOLD estimate = 1.625


Trial 98: random Stimulus Selection
Stimulus: 0.464
Output value -0.286

Q+ parameters
slope: 0.183 semiSat: 0.560 beta: 0.938 sigma: 0.114 
maxBOLD estimate = 1.676


Trial 99: random Stimulus Selection
Stimulus: 0.959
Output value 1.767

Q+ parameters
slope: 0.234 semiSat: 0.560 beta: 1.031 sigma: 0.114 
maxBOLD estimate = 1.571


Trial 100: baseline Stimulus Selection
Stimulus: 0.010
Output value 0.000

Q+ parameters
slope: 0.234 semiSat: 0.560 beta: 1.031 sigma: 0.114 
maxBOLD estimate = 1.620

--------------------------------------------------------------
FINAL VALUES
--------------------------------------------------------------
Simulated parameters:              slope: 0.200 semiSat: 0.570 beta: 1.000 sigma: 0.100 
Max posterior QUEST+ parameters:   slope: 0.183 semiSat: 0.560 beta: 0.938 sigma: 0.114 
Max BADS parameters:               slope: 0.214 semiSat: 0.558 beta: 1.000 sigma: 0.114 
maxBOLD estimate: 1.671
