/blue/stevenweisberg/stevenweisberg/MATLAB/projects/Weisberg_Aguirre_2020/scripts/run_sims
c29a-s22.ufhpc
Sat Nov 14 01:52:00 EST 2020
mkdir: cannot create directory ‘/blue/stevenweisberg/stevenweisberg/qpfMRIResults/model_parameter_set1/’: File exists
cp: cannot stat ‘/blue/stevenweisberg/stevenweisberg/qpfMRIResults/deploy_sim.sh’: No such file or directory
cp: cannot stat ‘/blue/stevenweisberg/stevenweisberg/qpfMRIResults/sim_wrapper.sh’: No such file or directory
------------------------------------------
Setting up environment variables
---
LD_LIBRARY_PATH is .:/apps/matlab/mcr/2020b/v99/runtime/glnxa64:/apps/matlab/mcr/2020b/v99/bin/glnxa64:/apps/matlab/mcr/2020b/v99/sys/os/glnxa64:/apps/matlab/mcr/2020b/v99/sys/opengl/lib/glnxa64
Warning: Executing startup failed in matlabrc.
This indicates a potentially serious problem in your MATLAB setup, which should be resolved as soon as possible.  Error detected was:
MATLAB:mpath:PathAlterationNotSupported
Modifying the search path is not supported by MATLAB Compiler. Remove functions that modify the search path from your MATLAB code. To make files visible to your deployed application, add the parent folder to your MATLAB session.
Warning: No stimulus domain specified. Defaulting to values between 0.01 and 1.
> In qpfmriParams (line 182)
In compiledSimulate (line 205)
Stimulus domain added from input.
Parameter slope specified as 0.41000
Parameter semiSat specified as 0.57000
Parameter beta specified as 1.00000
Parameter sigma specified as 0.25000
seed = 99seed = 104seed = 111seed = 111seed = 115seed = 101Initializing Q+. This may take a minute...
Elapsed time is 9.735954 seconds.
Simulated parameters:
slope: 0.410 semiSat: 0.570 beta: 1.000 sigma: 0.250 

Trial 1: baseline Stimulus Selection
Stimulus: 0.010
Output value 0.000

Q+ parameters
slope: 0.026 semiSat: 0.890 beta: 0.500 sigma: 0.010 
maxBOLD estimate = 1.000


Trial 2: maxBOLD Stimulus Selection
Stimulus: 1.000
Output value 1.364

Q+ parameters
slope: 0.055 semiSat: 0.670 beta: 1.250 sigma: 0.010 
maxBOLD estimate = 1.000


Trial 3: baseline Stimulus Selection
Stimulus: 0.010
Output value -0.341

Q+ parameters
slope: 0.026 semiSat: 0.670 beta: 1.500 sigma: 1.000 
maxBOLD estimate = 1.250


Trial 4: maxBOLD Stimulus Selection
Stimulus: 1.000
Output value 0.447

Q+ parameters
slope: 0.034 semiSat: 0.890 beta: 0.875 sigma: 0.218 
maxBOLD estimate = 1.875


Trial 5: baseline Stimulus Selection
Stimulus: 0.010
Output value 0.578

Q+ parameters
slope: 0.043 semiSat: 0.780 beta: 0.969 sigma: 0.166 
maxBOLD estimate = 1.641


Trial 6: maxBOLD Stimulus Selection
Stimulus: 1.000
Output value 0.722

Q+ parameters
slope: 0.034 semiSat: 1.000 beta: 1.250 sigma: 0.218 
maxBOLD estimate = 1.589


Trial 7: qplus Stimulus Selection
Stimulus: 0.629
Output value 2.032

Q+ parameters
slope: 0.113 semiSat: 0.340 beta: 0.938 sigma: 0.166 
maxBOLD estimate = 1.987


Trial 8: qplus Stimulus Selection
Stimulus: 0.381
Output value -0.317

Q+ parameters
slope: 0.379 semiSat: 0.560 beta: 0.938 sigma: 0.166 
maxBOLD estimate = 1.863


Trial 9: qplus Stimulus Selection
Stimulus: 0.505
Output value -0.337

Q+ parameters
slope: 0.616 semiSat: 0.560 beta: 1.062 sigma: 0.218 
maxBOLD estimate = 1.746


Trial 10: baseline Stimulus Selection
Stimulus: 0.010
Output value 1.075

Q+ parameters
slope: 0.616 semiSat: 0.560 beta: 1.062 sigma: 0.531 
maxBOLD estimate = 1.855


Trial 11: qplus Stimulus Selection
Stimulus: 0.629
Output value 0.806

Q+ parameters
slope: 0.616 semiSat: 0.560 beta: 0.750 sigma: 0.166 
maxBOLD estimate = 1.971


Trial 12: qplus Stimulus Selection
Stimulus: 0.629
Output value 1.714

Q+ parameters
slope: 0.616 semiSat: 0.560 beta: 1.062 sigma: 0.114 
maxBOLD estimate = 1.478


Trial 13: qplus Stimulus Selection
Stimulus: 0.546
Output value -0.303

Q+ parameters
slope: 1.000 semiSat: 0.560 beta: 1.062 sigma: 0.166 
maxBOLD estimate = 1.571


Trial 14: qplus Stimulus Selection
Stimulus: 0.588
Output value 0.882

Q+ parameters
slope: 0.616 semiSat: 0.560 beta: 0.969 sigma: 0.114 
maxBOLD estimate = 1.669


Trial 15: maxBOLD Stimulus Selection
Stimulus: 1.000
Output value 1.874

Q+ parameters
slope: 0.785 semiSat: 0.560 beta: 1.062 sigma: 0.166 
maxBOLD estimate = 1.617


Trial 16: qplus Stimulus Selection
Stimulus: 0.505
Output value 2.811

Q+ parameters
slope: 0.144 semiSat: 0.560 beta: 1.500 sigma: 0.323 
maxBOLD estimate = 1.718


Trial 17: qplus Stimulus Selection
Stimulus: 0.670
Output value 1.581

Q+ parameters
slope: 0.379 semiSat: 0.560 beta: 1.125 sigma: 1.000 
maxBOLD estimate = 2.577


Trial 18: qplus Stimulus Selection
Stimulus: 0.464
Output value 0.791

Q+ parameters
slope: 0.379 semiSat: 0.560 beta: 0.750 sigma: 0.166 
maxBOLD estimate = 2.899


Trial 19: qplus Stimulus Selection
Stimulus: 0.505
Output value 2.224

Q+ parameters
slope: 0.298 semiSat: 0.560 beta: 1.250 sigma: 0.375 
maxBOLD estimate = 2.174


Trial 20: baseline Stimulus Selection
Stimulus: 0.010
Output value 0.185

Q+ parameters
slope: 0.234 semiSat: 0.560 beta: 0.750 sigma: 0.166 
maxBOLD estimate = 2.718


Trial 21: qplus Stimulus Selection
Stimulus: 0.629
Output value 0.788

Q+ parameters
slope: 0.379 semiSat: 0.560 beta: 1.062 sigma: 0.583 
maxBOLD estimate = 2.038


Trial 22: qplus Stimulus Selection
Stimulus: 0.670
Output value 1.993

Q+ parameters
slope: 0.379 semiSat: 0.560 beta: 1.125 sigma: 0.479 
maxBOLD estimate = 2.166


Trial 23: qplus Stimulus Selection
Stimulus: 0.629
Output value 1.744

Q+ parameters
slope: 0.379 semiSat: 0.560 beta: 1.125 sigma: 1.000 
maxBOLD estimate = 2.436


Trial 24: qplus Stimulus Selection
Stimulus: 0.629
Output value 0.748

Q+ parameters
slope: 0.234 semiSat: 0.560 beta: 0.750 sigma: 0.166 
maxBOLD estimate = 2.741


Trial 25: maxBOLD Stimulus Selection
Stimulus: 1.000
Output value 2.523

Q+ parameters
slope: 0.379 semiSat: 0.560 beta: 1.125 sigma: 0.375 
maxBOLD estimate = 2.056


Trial 26: qplus Stimulus Selection
Stimulus: 0.505
Output value -0.473

Q+ parameters
slope: 0.379 semiSat: 0.560 beta: 1.125 sigma: 0.427 
maxBOLD estimate = 2.313


Trial 27: qplus Stimulus Selection
Stimulus: 0.629
Output value 2.129

Q+ parameters
slope: 0.379 semiSat: 0.560 beta: 0.750 sigma: 0.218 
maxBOLD estimate = 2.602


Trial 28: qplus Stimulus Selection
Stimulus: 0.505
Output value 2.927

Q+ parameters
slope: 0.183 semiSat: 0.560 beta: 1.500 sigma: 0.375 
maxBOLD estimate = 1.951


Trial 29: qplus Stimulus Selection
Stimulus: 0.629
Output value 1.397

Q+ parameters
slope: 0.234 semiSat: 0.560 beta: 0.750 sigma: 0.166 
maxBOLD estimate = 2.927


Trial 30: baseline Stimulus Selection
Stimulus: 0.010
Output value 2.994

Q+ parameters
slope: 0.016 semiSat: 1.000 beta: 1.500 sigma: 1.000 
maxBOLD estimate = 2.195

--------------------------------------------------------------
FINAL VALUES
--------------------------------------------------------------
Simulated parameters:              slope: 0.410 semiSat: 0.570 beta: 1.000 sigma: 0.250 
Max posterior QUEST+ parameters:   slope: 0.234 semiSat: 0.560 beta: 0.500 sigma: 0.166 
Max BADS parameters:               slope: 0.032 semiSat: 0.996 beta: 1.000 sigma: 0.263 
maxBOLD estimate: 3.293
