/blue/stevenweisberg/stevenweisberg/MATLAB/projects/Weisberg_Aguirre_2020/scripts/run_sims
c0706a-s2.ufhpc
Tue Apr  6 18:23:22 EDT 2021
mkdir: cannot create directory ‘/blue/stevenweisberg/stevenweisberg/qpfMRIResults/model_parameter_set2/’: File exists
cp: cannot stat ‘/blue/stevenweisberg/stevenweisberg/qpfMRIResults/deploy_sim.sh’: No such file or directory
cp: cannot stat ‘/blue/stevenweisberg/stevenweisberg/qpfMRIResults/sim_wrapper.sh’: No such file or directory
------------------------------------------
Setting up environment variables
---
LD_LIBRARY_PATH is .:/apps/matlab/mcr/2020b/v99/runtime/glnxa64:/apps/matlab/mcr/2020b/v99/bin/glnxa64:/apps/matlab/mcr/2020b/v99/sys/os/glnxa64:/apps/matlab/mcr/2020b/v99/sys/opengl/lib/glnxa64
Warning: Executing startup failed in matlabrc.
This indicates a potentially serious problem in your MATLAB setup, which should be resolved as soon as possible.  Error detected was:
MATLAB:mpath:PathAlterationNotSupported
Modifying the search path is not supported by MATLAB Compiler. Remove functions that modify the search path from your MATLAB code. To make files visible to your deployed application, add the parent folder to your MATLAB session.
Warning: No stimulus domain specified. Defaulting to values between 0.01 and 1.
> In qpfmriParams (line 182)
In compiledSimulate (line 205)
Stimulus domain added from input.
Parameter slope specified as 0.20000
Parameter semiSat specified as 0.57000
Parameter beta specified as 1.00000
Parameter sigma specified as 0.05000
seed = 99seed = 104seed = 111seed = 111seed = 115seed = 101Initializing Q+. This may take a minute...
Elapsed time is 6.481254 seconds.
Simulated parameters:
slope: 0.200 semiSat: 0.570 beta: 1.000 sigma: 0.050 

Trial 1: baseline Stimulus Selection
Stimulus: 0.010
Output value 0.000

Q+ parameters
slope: 0.026 semiSat: 0.890 beta: 0.500 sigma: 0.010 
maxBOLD estimate = 1.000


Trial 2: maxBOLD Stimulus Selection
Stimulus: 1.000
Output value 1.364

Q+ parameters
slope: 0.055 semiSat: 0.670 beta: 1.250 sigma: 0.010 
maxBOLD estimate = 1.000


Trial 3: baseline Stimulus Selection
Stimulus: 0.010
Output value 0.142

Q+ parameters
slope: 0.055 semiSat: 0.670 beta: 1.250 sigma: 0.062 
maxBOLD estimate = 1.250


Trial 4: maxBOLD Stimulus Selection
Stimulus: 1.000
Output value 2.131

Q+ parameters
slope: 0.055 semiSat: 0.670 beta: 1.250 sigma: 0.062 
maxBOLD estimate = 1.562


Trial 5: baseline Stimulus Selection
Stimulus: 0.010
Output value 0.200

Q+ parameters
slope: 0.043 semiSat: 0.780 beta: 1.125 sigma: 0.062 
maxBOLD estimate = 1.953


Trial 6: maxBOLD Stimulus Selection
Stimulus: 1.000
Output value 1.355

Q+ parameters
slope: 0.043 semiSat: 0.780 beta: 0.969 sigma: 0.062 
maxBOLD estimate = 2.197


Trial 7: random Stimulus Selection
Stimulus: 0.464
Output value 0.000

Q+ parameters
slope: 0.070 semiSat: 1.000 beta: 1.500 sigma: 0.062 
maxBOLD estimate = 2.129


Trial 8: random Stimulus Selection
Stimulus: 0.546
Output value 0.218

Q+ parameters
slope: 0.070 semiSat: 0.890 beta: 0.750 sigma: 0.062 
maxBOLD estimate = 3.193


Trial 9: random Stimulus Selection
Stimulus: 0.546
Output value 0.327

Q+ parameters
slope: 0.616 semiSat: 0.560 beta: 0.750 sigma: 0.062 
maxBOLD estimate = 2.395


Trial 10: baseline Stimulus Selection
Stimulus: 0.010
Output value 0.143

Q+ parameters
slope: 0.785 semiSat: 0.560 beta: 0.875 sigma: 0.062 
maxBOLD estimate = 1.796


Trial 11: random Stimulus Selection
Stimulus: 0.216
Output value 0.000

Q+ parameters
slope: 0.616 semiSat: 0.560 beta: 0.969 sigma: 0.062 
maxBOLD estimate = 1.572


Trial 12: random Stimulus Selection
Stimulus: 0.134
Output value 0.000

Q+ parameters
slope: 0.785 semiSat: 0.560 beta: 1.062 sigma: 0.062 
maxBOLD estimate = 1.522


Trial 13: random Stimulus Selection
Stimulus: 0.216
Output value 0.285

Q+ parameters
slope: 0.616 semiSat: 0.560 beta: 0.969 sigma: 0.062 
maxBOLD estimate = 1.618


Trial 14: random Stimulus Selection
Stimulus: 0.464
Output value 0.138

Q+ parameters
slope: 0.616 semiSat: 0.560 beta: 0.969 sigma: 0.062 
maxBOLD estimate = 1.567


Trial 15: maxBOLD Stimulus Selection
Stimulus: 1.000
Output value 1.553

Q+ parameters
slope: 0.113 semiSat: 0.670 beta: 1.250 sigma: 0.062 
maxBOLD estimate = 1.518


Trial 16: random Stimulus Selection
Stimulus: 0.876
Output value 1.423

Q+ parameters
slope: 0.070 semiSat: 0.780 beta: 1.031 sigma: 0.062 
maxBOLD estimate = 1.898


Trial 17: random Stimulus Selection
Stimulus: 0.876
Output value 0.934

Q+ parameters
slope: 0.616 semiSat: 0.560 beta: 0.750 sigma: 0.062 
maxBOLD estimate = 1.957


Trial 18: random Stimulus Selection
Stimulus: 0.546
Output value 0.801

Q+ parameters
slope: 0.055 semiSat: 0.780 beta: 1.500 sigma: 0.062 
maxBOLD estimate = 1.468


Trial 19: random Stimulus Selection
Stimulus: 0.711
Output value 1.201

Q+ parameters
slope: 0.616 semiSat: 0.560 beta: 0.750 sigma: 0.062 
maxBOLD estimate = 2.201


Trial 20: baseline Stimulus Selection
Stimulus: 0.010
Output value 0.131

Q+ parameters
slope: 0.483 semiSat: 0.560 beta: 0.875 sigma: 0.062 
maxBOLD estimate = 1.651


Trial 21: random Stimulus Selection
Stimulus: 0.835
Output value 1.527

Q+ parameters
slope: 0.298 semiSat: 0.560 beta: 0.969 sigma: 0.062 
maxBOLD estimate = 1.445


Trial 22: random Stimulus Selection
Stimulus: 0.175
Output value 0.406

Q+ parameters
slope: 0.379 semiSat: 0.560 beta: 1.062 sigma: 0.062 
maxBOLD estimate = 1.400


Trial 23: random Stimulus Selection
Stimulus: 0.092
Output value 0.131

Q+ parameters
slope: 0.298 semiSat: 0.560 beta: 0.969 sigma: 0.062 
maxBOLD estimate = 1.487


Trial 24: random Stimulus Selection
Stimulus: 0.381
Output value 0.127

Q+ parameters
slope: 0.298 semiSat: 0.560 beta: 0.969 sigma: 0.062 
maxBOLD estimate = 1.441


Trial 25: maxBOLD Stimulus Selection
Stimulus: 1.000
Output value 1.618

Q+ parameters
slope: 0.379 semiSat: 0.560 beta: 1.062 sigma: 0.062 
maxBOLD estimate = 1.396


Trial 26: random Stimulus Selection
Stimulus: 0.629
Output value 1.175

Q+ parameters
slope: 0.298 semiSat: 0.560 beta: 0.969 sigma: 0.062 
maxBOLD estimate = 1.483


Trial 27: random Stimulus Selection
Stimulus: 0.505
Output value 0.588

Q+ parameters
slope: 0.234 semiSat: 0.560 beta: 1.125 sigma: 0.062 
maxBOLD estimate = 1.436


Trial 28: random Stimulus Selection
Stimulus: 0.588
Output value 0.964

Q+ parameters
slope: 0.234 semiSat: 0.560 beta: 0.938 sigma: 0.062 
maxBOLD estimate = 1.616


Trial 29: random Stimulus Selection
Stimulus: 0.546
Output value 0.826

Q+ parameters
slope: 0.298 semiSat: 0.560 beta: 1.000 sigma: 0.062 
maxBOLD estimate = 1.515


Trial 30: baseline Stimulus Selection
Stimulus: 0.010
Output value 0.138

Q+ parameters
slope: 0.298 semiSat: 0.560 beta: 1.000 sigma: 0.062 
maxBOLD estimate = 1.515


Trial 31: random Stimulus Selection
Stimulus: 0.423
Output value 0.413

Q+ parameters
slope: 0.298 semiSat: 0.560 beta: 1.000 sigma: 0.062 
maxBOLD estimate = 1.515


Trial 32: random Stimulus Selection
Stimulus: 0.876
Output value 1.515

Q+ parameters
slope: 0.298 semiSat: 0.560 beta: 1.000 sigma: 0.062 
maxBOLD estimate = 1.515


Trial 33: random Stimulus Selection
Stimulus: 0.794
Output value 1.653

Q+ parameters
slope: 0.298 semiSat: 0.560 beta: 1.000 sigma: 0.062 
maxBOLD estimate = 1.515


Trial 34: random Stimulus Selection
Stimulus: 0.423
Output value 0.275

Q+ parameters
slope: 0.298 semiSat: 0.560 beta: 1.000 sigma: 0.062 
maxBOLD estimate = 1.515


Trial 35: maxBOLD Stimulus Selection
Stimulus: 1.000
Output value 1.653

Q+ parameters
slope: 0.298 semiSat: 0.560 beta: 1.000 sigma: 0.062 
maxBOLD estimate = 1.515


Trial 36: random Stimulus Selection
Stimulus: 0.299
Output value 0.000

Q+ parameters
slope: 0.298 semiSat: 0.560 beta: 1.000 sigma: 0.062 
maxBOLD estimate = 1.515


Trial 37: random Stimulus Selection
Stimulus: 0.794
Output value 1.653

Q+ parameters
slope: 0.298 semiSat: 0.560 beta: 1.000 sigma: 0.062 
maxBOLD estimate = 1.515


Trial 38: random Stimulus Selection
Stimulus: 0.175
Output value 0.275

Q+ parameters
slope: 0.298 semiSat: 0.560 beta: 1.000 sigma: 0.062 
maxBOLD estimate = 1.515


Trial 39: random Stimulus Selection
Stimulus: 0.175
Output value -0.138

Q+ parameters
slope: 0.298 semiSat: 0.560 beta: 1.000 sigma: 0.062 
maxBOLD estimate = 1.515


Trial 40: baseline Stimulus Selection
Stimulus: 0.010
Output value 0.138

Q+ parameters
slope: 0.298 semiSat: 0.560 beta: 1.000 sigma: 0.062 
maxBOLD estimate = 1.515


Trial 41: random Stimulus Selection
Stimulus: 0.753
Output value 1.515

Q+ parameters
slope: 0.298 semiSat: 0.560 beta: 1.000 sigma: 0.062 
maxBOLD estimate = 1.515


Trial 42: random Stimulus Selection
Stimulus: 0.876
Output value 1.653

Q+ parameters
slope: 0.298 semiSat: 0.560 beta: 1.000 sigma: 0.062 
maxBOLD estimate = 1.515


Trial 43: random Stimulus Selection
Stimulus: 0.670
Output value 1.334

Q+ parameters
slope: 0.298 semiSat: 0.560 beta: 0.969 sigma: 0.062 
maxBOLD estimate = 1.515


Trial 44: random Stimulus Selection
Stimulus: 0.753
Output value 1.701

Q+ parameters
slope: 0.234 semiSat: 0.560 beta: 1.062 sigma: 0.062 
maxBOLD estimate = 1.468


Trial 45: maxBOLD Stimulus Selection
Stimulus: 1.000
Output value 1.648

Q+ parameters
slope: 0.234 semiSat: 0.560 beta: 0.969 sigma: 0.062 
maxBOLD estimate = 1.559


Trial 46: random Stimulus Selection
Stimulus: 0.340
Output value 0.266

Q+ parameters
slope: 0.298 semiSat: 0.560 beta: 0.969 sigma: 0.062 
maxBOLD estimate = 1.511


Trial 47: random Stimulus Selection
Stimulus: 0.711
Output value 1.646

Q+ parameters
slope: 0.183 semiSat: 0.560 beta: 1.125 sigma: 0.062 
maxBOLD estimate = 1.463


Trial 48: random Stimulus Selection
Stimulus: 0.051
Output value 0.000

Q+ parameters
slope: 0.298 semiSat: 0.560 beta: 0.875 sigma: 0.062 
maxBOLD estimate = 1.646


Trial 49: random Stimulus Selection
Stimulus: 0.257
Output value 0.147

Q+ parameters
slope: 0.183 semiSat: 0.560 beta: 1.125 sigma: 0.062 
maxBOLD estimate = 1.441


Trial 50: baseline Stimulus Selection
Stimulus: 0.010
Output value 0.000

Q+ parameters
slope: 0.234 semiSat: 0.560 beta: 0.969 sigma: 0.062 
maxBOLD estimate = 1.621


Trial 51: random Stimulus Selection
Stimulus: 0.134
Output value 0.277

Q+ parameters
slope: 0.234 semiSat: 0.560 beta: 0.969 sigma: 0.062 
maxBOLD estimate = 1.570


Trial 52: random Stimulus Selection
Stimulus: 0.588
Output value 0.804

Q+ parameters
slope: 0.298 semiSat: 0.560 beta: 0.969 sigma: 0.062 
maxBOLD estimate = 1.521


Trial 53: random Stimulus Selection
Stimulus: 0.381
Output value 0.000

Q+ parameters
slope: 0.183 semiSat: 0.560 beta: 1.031 sigma: 0.062 
maxBOLD estimate = 1.473


Trial 54: random Stimulus Selection
Stimulus: 0.588
Output value 0.535

Q+ parameters
slope: 0.298 semiSat: 0.560 beta: 0.969 sigma: 0.062 
maxBOLD estimate = 1.519


Trial 55: maxBOLD Stimulus Selection
Stimulus: 1.000
Output value 1.706

Q+ parameters
slope: 0.183 semiSat: 0.560 beta: 1.062 sigma: 0.062 
maxBOLD estimate = 1.472


Trial 56: random Stimulus Selection
Stimulus: 0.340
Output value 0.000

Q+ parameters
slope: 0.234 semiSat: 0.560 beta: 0.969 sigma: 0.062 
maxBOLD estimate = 1.564


Trial 57: random Stimulus Selection
Stimulus: 0.835
Output value 1.201

Q+ parameters
slope: 0.298 semiSat: 0.560 beta: 0.969 sigma: 0.062 
maxBOLD estimate = 1.515


Trial 58: random Stimulus Selection
Stimulus: 0.629
Output value 1.134

Q+ parameters
slope: 0.183 semiSat: 0.560 beta: 1.062 sigma: 0.062 
maxBOLD estimate = 1.468


Trial 59: random Stimulus Selection
Stimulus: 0.381
Output value -0.137

Q+ parameters
slope: 0.234 semiSat: 0.560 beta: 0.969 sigma: 0.062 
maxBOLD estimate = 1.559


Trial 60: baseline Stimulus Selection
Stimulus: 0.010
Output value -0.142

Q+ parameters
slope: 0.144 semiSat: 0.560 beta: 1.031 sigma: 0.062 
maxBOLD estimate = 1.511


Trial 61: random Stimulus Selection
Stimulus: 1.000
Output value 1.607

Q+ parameters
slope: 0.144 semiSat: 0.560 beta: 1.031 sigma: 0.062 
maxBOLD estimate = 1.558


Trial 62: random Stimulus Selection
Stimulus: 0.959
Output value 1.657

Q+ parameters
slope: 0.144 semiSat: 0.560 beta: 1.031 sigma: 0.062 
maxBOLD estimate = 1.607


Trial 63: random Stimulus Selection
Stimulus: 0.010
Output value -0.311

Q+ parameters
slope: 0.144 semiSat: 0.560 beta: 1.031 sigma: 0.062 
maxBOLD estimate = 1.657


Trial 64: random Stimulus Selection
Stimulus: 0.464
Output value -0.136

Q+ parameters
slope: 0.234 semiSat: 0.560 beta: 0.875 sigma: 0.062 
maxBOLD estimate = 1.709


Trial 65: maxBOLD Stimulus Selection
Stimulus: 1.000
Output value 1.529

Q+ parameters
slope: 0.144 semiSat: 0.560 beta: 1.125 sigma: 0.062 
maxBOLD estimate = 1.495


Trial 66: random Stimulus Selection
Stimulus: 0.216
Output value -0.134

Q+ parameters
slope: 0.298 semiSat: 0.560 beta: 0.875 sigma: 0.062 
maxBOLD estimate = 1.682


Trial 67: random Stimulus Selection
Stimulus: 0.381
Output value 0.000

Q+ parameters
slope: 0.144 semiSat: 0.560 beta: 1.125 sigma: 0.062 
maxBOLD estimate = 1.472


Trial 68: random Stimulus Selection
Stimulus: 0.588
Output value 0.931

Q+ parameters
slope: 0.144 semiSat: 0.560 beta: 1.031 sigma: 0.062 
maxBOLD estimate = 1.656


Trial 69: random Stimulus Selection
Stimulus: 0.175
Output value -0.272

Q+ parameters
slope: 0.234 semiSat: 0.560 beta: 0.875 sigma: 0.062 
maxBOLD estimate = 1.707


Trial 70: baseline Stimulus Selection
Stimulus: 0.010
Output value -0.153

Q+ parameters
slope: 0.144 semiSat: 0.560 beta: 1.125 sigma: 0.062 
maxBOLD estimate = 1.494


Trial 71: random Stimulus Selection
Stimulus: 0.670
Output value 1.146

Q+ parameters
slope: 0.144 semiSat: 0.560 beta: 0.938 sigma: 0.062 
maxBOLD estimate = 1.681


Trial 72: random Stimulus Selection
Stimulus: 0.340
Output value 0.148

Q+ parameters
slope: 0.144 semiSat: 0.560 beta: 1.031 sigma: 0.062 
maxBOLD estimate = 1.576


Trial 73: random Stimulus Selection
Stimulus: 0.464
Output value -0.152

Q+ parameters
slope: 0.144 semiSat: 0.560 beta: 1.031 sigma: 0.062 
maxBOLD estimate = 1.625


Trial 74: random Stimulus Selection
Stimulus: 0.216
Output value 0.000

Q+ parameters
slope: 0.144 semiSat: 0.560 beta: 0.938 sigma: 0.062 
maxBOLD estimate = 1.676


Trial 75: maxBOLD Stimulus Selection
Stimulus: 1.000
Output value 1.522

Q+ parameters
slope: 0.298 semiSat: 0.560 beta: 0.969 sigma: 0.062 
maxBOLD estimate = 1.571


Trial 76: random Stimulus Selection
Stimulus: 1.000
Output value 1.712

Q+ parameters
slope: 0.144 semiSat: 0.560 beta: 1.125 sigma: 0.062 
maxBOLD estimate = 1.522


Trial 77: random Stimulus Selection
Stimulus: 0.588
Output value 0.681

Q+ parameters
slope: 0.234 semiSat: 0.560 beta: 0.875 sigma: 0.062 
maxBOLD estimate = 1.712


Trial 78: random Stimulus Selection
Stimulus: 0.134
Output value -0.153

Q+ parameters
slope: 0.144 semiSat: 0.560 beta: 1.125 sigma: 0.062 
maxBOLD estimate = 1.498


Trial 79: random Stimulus Selection
Stimulus: 0.918
Output value 1.207

Q+ parameters
slope: 0.234 semiSat: 0.560 beta: 0.875 sigma: 0.062 
maxBOLD estimate = 1.685


Trial 80: baseline Stimulus Selection
Stimulus: 0.010
Output value 0.000

Q+ parameters
slope: 0.144 semiSat: 0.560 beta: 1.125 sigma: 0.062 
maxBOLD estimate = 1.475


Trial 81: random Stimulus Selection
Stimulus: 0.381
Output value 0.132

Q+ parameters
slope: 0.234 semiSat: 0.560 beta: 0.875 sigma: 0.062 
maxBOLD estimate = 1.659


Trial 82: random Stimulus Selection
Stimulus: 0.959
Output value 1.633

Q+ parameters
slope: 0.144 semiSat: 0.560 beta: 1.125 sigma: 0.062 
maxBOLD estimate = 1.452


Trial 83: random Stimulus Selection
Stimulus: 0.670
Output value 1.726

Q+ parameters
slope: 0.234 semiSat: 0.560 beta: 0.969 sigma: 0.062 
maxBOLD estimate = 1.633


Trial 84: random Stimulus Selection
Stimulus: 0.257
Output value 0.000

Q+ parameters
slope: 0.298 semiSat: 0.560 beta: 0.969 sigma: 0.062 
maxBOLD estimate = 1.582


Trial 85: maxBOLD Stimulus Selection
Stimulus: 1.000
Output value 1.620

Q+ parameters
slope: 0.298 semiSat: 0.560 beta: 0.969 sigma: 0.062 
maxBOLD estimate = 1.533


Trial 86: random Stimulus Selection
Stimulus: 0.299
Output value 0.000

Q+ parameters
slope: 0.144 semiSat: 0.560 beta: 1.125 sigma: 0.062 
maxBOLD estimate = 1.485


Trial 87: random Stimulus Selection
Stimulus: 0.918
Output value 1.196

Q+ parameters
slope: 0.234 semiSat: 0.560 beta: 0.875 sigma: 0.062 
maxBOLD estimate = 1.670


Trial 88: random Stimulus Selection
Stimulus: 0.299
Output value 0.000

Q+ parameters
slope: 0.144 semiSat: 0.560 beta: 1.125 sigma: 0.062 
maxBOLD estimate = 1.462


Trial 89: random Stimulus Selection
Stimulus: 0.216
Output value 0.131

Q+ parameters
slope: 0.234 semiSat: 0.560 beta: 0.875 sigma: 0.062 
maxBOLD estimate = 1.644


Trial 90: baseline Stimulus Selection
Stimulus: 0.010
Output value -0.147

Q+ parameters
slope: 0.234 semiSat: 0.560 beta: 1.125 sigma: 0.062 
maxBOLD estimate = 1.439


Trial 91: random Stimulus Selection
Stimulus: 0.588
Output value 0.644

Q+ parameters
slope: 0.234 semiSat: 0.560 beta: 0.875 sigma: 0.062 
maxBOLD estimate = 1.618


Trial 92: random Stimulus Selection
Stimulus: 0.051
Output value 0.145

Q+ parameters
slope: 0.234 semiSat: 0.560 beta: 1.125 sigma: 0.062 
maxBOLD estimate = 1.416


Trial 93: random Stimulus Selection
Stimulus: 0.959
Output value 1.403

Q+ parameters
slope: 0.298 semiSat: 0.560 beta: 0.969 sigma: 0.062 
maxBOLD estimate = 1.593


Trial 94: random Stimulus Selection
Stimulus: 0.876
Output value 1.631

Q+ parameters
slope: 0.298 semiSat: 0.560 beta: 0.969 sigma: 0.062 
maxBOLD estimate = 1.543


Trial 95: maxBOLD Stimulus Selection
Stimulus: 1.000
Output value 1.580

Q+ parameters
slope: 0.298 semiSat: 0.560 beta: 0.969 sigma: 0.062 
maxBOLD estimate = 1.495


Trial 96: random Stimulus Selection
Stimulus: 0.257
Output value 0.444

Q+ parameters
slope: 0.234 semiSat: 0.560 beta: 1.125 sigma: 0.062 
maxBOLD estimate = 1.448


Trial 97: random Stimulus Selection
Stimulus: 0.464
Output value 0.130

Q+ parameters
slope: 0.234 semiSat: 0.560 beta: 0.875 sigma: 0.062 
maxBOLD estimate = 1.630


Trial 98: random Stimulus Selection
Stimulus: 0.588
Output value 0.729

Q+ parameters
slope: 0.234 semiSat: 0.560 beta: 1.125 sigma: 0.062 
maxBOLD estimate = 1.426


Trial 99: random Stimulus Selection
Stimulus: 0.629
Output value 1.130

Q+ parameters
slope: 0.234 semiSat: 0.560 beta: 0.969 sigma: 0.062 
maxBOLD estimate = 1.604


Trial 100: baseline Stimulus Selection
Stimulus: 0.010
Output value -0.137

Q+ parameters
slope: 0.298 semiSat: 0.560 beta: 0.969 sigma: 0.062 
maxBOLD estimate = 1.554

--------------------------------------------------------------
FINAL VALUES
--------------------------------------------------------------
Simulated parameters:              slope: 0.200 semiSat: 0.570 beta: 1.000 sigma: 0.050 
Max posterior QUEST+ parameters:   slope: 0.234 semiSat: 0.560 beta: 0.969 sigma: 0.062 
Max BADS parameters:               slope: 0.186 semiSat: 0.569 beta: 1.000 sigma: 0.068 
maxBOLD estimate: 1.614
