/blue/stevenweisberg/stevenweisberg/MATLAB/projects/Weisberg_Aguirre_2020/scripts/run_sims
c0702a-s16.ufhpc
Wed Apr  7 09:46:15 EDT 2021
mkdir: cannot create directory ‘/blue/stevenweisberg/stevenweisberg/qpfMRIResults/model_parameter_set2/’: File exists
cp: cannot stat ‘/blue/stevenweisberg/stevenweisberg/qpfMRIResults/deploy_sim.sh’: No such file or directory
cp: cannot stat ‘/blue/stevenweisberg/stevenweisberg/qpfMRIResults/sim_wrapper.sh’: No such file or directory
------------------------------------------
Setting up environment variables
---
LD_LIBRARY_PATH is .:/apps/matlab/mcr/2020b/v99/runtime/glnxa64:/apps/matlab/mcr/2020b/v99/bin/glnxa64:/apps/matlab/mcr/2020b/v99/sys/os/glnxa64:/apps/matlab/mcr/2020b/v99/sys/opengl/lib/glnxa64
Warning: Executing startup failed in matlabrc.
This indicates a potentially serious problem in your MATLAB setup, which should be resolved as soon as possible.  Error detected was:
MATLAB:mpath:PathAlterationNotSupported
Modifying the search path is not supported by MATLAB Compiler. Remove functions that modify the search path from your MATLAB code. To make files visible to your deployed application, add the parent folder to your MATLAB session.
Warning: No stimulus domain specified. Defaulting to values between 0.01 and 1.
> In qpfmriParams (line 182)
In compiledSimulate (line 205)
Stimulus domain added from input.
Parameter slope specified as 0.20000
Parameter semiSat specified as 0.57000
Parameter beta specified as 1.00000
Parameter sigma specified as 0.15000
seed = 99seed = 104seed = 111seed = 111seed = 115seed = 101Initializing Q+. This may take a minute...
Elapsed time is 7.140467 seconds.
Simulated parameters:
slope: 0.200 semiSat: 0.570 beta: 1.000 sigma: 0.150 

Trial 1: baseline Stimulus Selection
Stimulus: 0.010
Output value 0.000

Q+ parameters
slope: 0.026 semiSat: 0.890 beta: 0.500 sigma: 0.010 
maxBOLD estimate = 1.000


Trial 2: maxBOLD Stimulus Selection
Stimulus: 1.000
Output value 1.364

Q+ parameters
slope: 0.055 semiSat: 0.670 beta: 1.250 sigma: 0.010 
maxBOLD estimate = 1.000


Trial 3: baseline Stimulus Selection
Stimulus: 0.010
Output value -0.284

Q+ parameters
slope: 0.055 semiSat: 0.670 beta: 1.250 sigma: 0.218 
maxBOLD estimate = 1.250


Trial 4: maxBOLD Stimulus Selection
Stimulus: 1.000
Output value 2.131

Q+ parameters
slope: 0.055 semiSat: 0.670 beta: 1.250 sigma: 0.114 
maxBOLD estimate = 1.562


Trial 5: baseline Stimulus Selection
Stimulus: 0.010
Output value -0.444

Q+ parameters
slope: 0.055 semiSat: 0.670 beta: 1.250 sigma: 0.166 
maxBOLD estimate = 1.953


Trial 6: maxBOLD Stimulus Selection
Stimulus: 1.000
Output value 1.935

Q+ parameters
slope: 0.043 semiSat: 0.780 beta: 0.969 sigma: 0.062 
maxBOLD estimate = 2.441


Trial 7: qplus Stimulus Selection
Stimulus: 0.588
Output value 0.269

Q+ parameters
slope: 0.055 semiSat: 1.000 beta: 1.250 sigma: 0.062 
maxBOLD estimate = 2.365


Trial 8: qplus Stimulus Selection
Stimulus: 0.835
Output value 1.814

Q+ parameters
slope: 0.034 semiSat: 1.000 beta: 1.125 sigma: 0.062 
maxBOLD estimate = 2.956


Trial 9: qplus Stimulus Selection
Stimulus: 0.629
Output value 0.756

Q+ parameters
slope: 0.043 semiSat: 0.560 beta: 0.500 sigma: 0.062 
maxBOLD estimate = 3.326


Trial 10: baseline Stimulus Selection
Stimulus: 0.010
Output value -0.293

Q+ parameters
slope: 0.144 semiSat: 0.560 beta: 0.969 sigma: 0.114 
maxBOLD estimate = 1.663


Trial 11: qplus Stimulus Selection
Stimulus: 0.381
Output value 0.128

Q+ parameters
slope: 0.113 semiSat: 0.560 beta: 0.875 sigma: 0.062 
maxBOLD estimate = 1.611


Trial 12: qplus Stimulus Selection
Stimulus: 0.629
Output value 0.545

Q+ parameters
slope: 0.070 semiSat: 0.670 beta: 1.062 sigma: 0.114 
maxBOLD estimate = 1.410


Trial 13: qplus Stimulus Selection
Stimulus: 0.711
Output value 0.396

Q+ parameters
slope: 0.070 semiSat: 0.670 beta: 0.969 sigma: 0.114 
maxBOLD estimate = 1.498


Trial 14: qplus Stimulus Selection
Stimulus: 0.711
Output value 1.406

Q+ parameters
slope: 0.144 semiSat: 0.560 beta: 0.969 sigma: 0.114 
maxBOLD estimate = 1.451


Trial 15: maxBOLD Stimulus Selection
Stimulus: 1.000
Output value 1.917

Q+ parameters
slope: 0.089 semiSat: 0.670 beta: 1.250 sigma: 0.114 
maxBOLD estimate = 1.406


Trial 16: qplus Stimulus Selection
Stimulus: 0.588
Output value 0.419

Q+ parameters
slope: 0.113 semiSat: 0.670 beta: 0.875 sigma: 0.114 
maxBOLD estimate = 1.757


Trial 17: qplus Stimulus Selection
Stimulus: 0.629
Output value 0.135

Q+ parameters
slope: 0.113 semiSat: 0.670 beta: 0.969 sigma: 0.114 
maxBOLD estimate = 1.537


Trial 18: qplus Stimulus Selection
Stimulus: 0.588
Output value 0.829

Q+ parameters
slope: 0.183 semiSat: 0.560 beta: 0.875 sigma: 0.114 
maxBOLD estimate = 1.489


Trial 19: qplus Stimulus Selection
Stimulus: 0.588
Output value 0.459

Q+ parameters
slope: 0.113 semiSat: 0.560 beta: 0.969 sigma: 0.114 
maxBOLD estimate = 1.303


Trial 20: baseline Stimulus Selection
Stimulus: 0.010
Output value 0.732

Q+ parameters
slope: 0.070 semiSat: 0.670 beta: 1.062 sigma: 0.166 
maxBOLD estimate = 1.262


Trial 21: qplus Stimulus Selection
Stimulus: 0.629
Output value 0.533

Q+ parameters
slope: 0.183 semiSat: 0.560 beta: 0.875 sigma: 0.114 
maxBOLD estimate = 1.341


Trial 22: qplus Stimulus Selection
Stimulus: 0.464
Output value -0.207

Q+ parameters
slope: 0.234 semiSat: 0.560 beta: 0.969 sigma: 0.114 
maxBOLD estimate = 1.174


Trial 23: qplus Stimulus Selection
Stimulus: 0.505
Output value 0.988

Q+ parameters
slope: 0.144 semiSat: 0.560 beta: 1.062 sigma: 0.166 
maxBOLD estimate = 1.137


Trial 24: qplus Stimulus Selection
Stimulus: 0.505
Output value -0.192

Q+ parameters
slope: 0.616 semiSat: 0.560 beta: 0.875 sigma: 0.166 
maxBOLD estimate = 1.208


Trial 25: maxBOLD Stimulus Selection
Stimulus: 1.000
Output value 1.225

Q+ parameters
slope: 0.379 semiSat: 0.560 beta: 1.062 sigma: 0.166 
maxBOLD estimate = 1.057


Trial 26: qplus Stimulus Selection
Stimulus: 0.546
Output value -0.179

Q+ parameters
slope: 0.616 semiSat: 0.560 beta: 0.875 sigma: 0.166 
maxBOLD estimate = 1.123


Trial 27: qplus Stimulus Selection
Stimulus: 0.588
Output value -0.268

Q+ parameters
slope: 0.144 semiSat: 0.670 beta: 1.500 sigma: 0.218 
maxBOLD estimate = 0.983


Trial 28: qplus Stimulus Selection
Stimulus: 0.753
Output value 0.628

Q+ parameters
slope: 0.113 semiSat: 0.670 beta: 0.938 sigma: 0.166 
maxBOLD estimate = 1.474


Trial 29: qplus Stimulus Selection
Stimulus: 0.629
Output value 1.884

Q+ parameters
slope: 0.144 semiSat: 0.670 beta: 1.500 sigma: 0.166 
maxBOLD estimate = 1.382


Trial 30: baseline Stimulus Selection
Stimulus: 0.010
Output value -0.094

Q+ parameters
slope: 1.000 semiSat: 0.560 beta: 0.500 sigma: 0.114 
maxBOLD estimate = 2.073


Trial 31: qplus Stimulus Selection
Stimulus: 0.918
Output value 1.201

Q+ parameters
slope: 0.379 semiSat: 0.560 beta: 1.062 sigma: 0.166 
maxBOLD estimate = 1.036


Trial 32: qplus Stimulus Selection
Stimulus: 0.546
Output value 1.276

Q+ parameters
slope: 0.298 semiSat: 0.560 beta: 1.062 sigma: 0.218 
maxBOLD estimate = 1.101


Trial 33: qplus Stimulus Selection
Stimulus: 0.629
Output value 1.134

Q+ parameters
slope: 0.234 semiSat: 0.560 beta: 0.969 sigma: 0.166 
maxBOLD estimate = 1.170


Trial 34: qplus Stimulus Selection
Stimulus: 0.588
Output value 1.314

Q+ parameters
slope: 0.379 semiSat: 0.560 beta: 1.062 sigma: 0.218 
maxBOLD estimate = 1.134


Trial 35: maxBOLD Stimulus Selection
Stimulus: 1.000
Output value 1.273

Q+ parameters
slope: 0.234 semiSat: 0.560 beta: 0.969 sigma: 0.166 
maxBOLD estimate = 1.204


Trial 36: qplus Stimulus Selection
Stimulus: 0.588
Output value 0.616

Q+ parameters
slope: 0.234 semiSat: 0.560 beta: 0.969 sigma: 0.166 
maxBOLD estimate = 1.167


Trial 37: qplus Stimulus Selection
Stimulus: 0.588
Output value 0.109

Q+ parameters
slope: 0.298 semiSat: 0.560 beta: 1.062 sigma: 0.218 
maxBOLD estimate = 1.130


Trial 38: qplus Stimulus Selection
Stimulus: 0.629
Output value 0.983

Q+ parameters
slope: 0.113 semiSat: 0.670 beta: 1.500 sigma: 0.166 
maxBOLD estimate = 1.201


Trial 39: qplus Stimulus Selection
Stimulus: 0.629
Output value 0.573

Q+ parameters
slope: 0.113 semiSat: 0.670 beta: 0.875 sigma: 0.166 
maxBOLD estimate = 1.801


Trial 40: baseline Stimulus Selection
Stimulus: 0.010
Output value 0.107

Q+ parameters
slope: 0.298 semiSat: 0.560 beta: 0.750 sigma: 0.166 
maxBOLD estimate = 1.576


Trial 41: qplus Stimulus Selection
Stimulus: 0.588
Output value 1.249

Q+ parameters
slope: 0.379 semiSat: 0.560 beta: 0.969 sigma: 0.218 
maxBOLD estimate = 1.182


Trial 42: qplus Stimulus Selection
Stimulus: 0.505
Output value 0.332

Q+ parameters
slope: 0.298 semiSat: 0.560 beta: 1.062 sigma: 0.218 
maxBOLD estimate = 1.145


Trial 43: qplus Stimulus Selection
Stimulus: 0.505
Output value 0.107

Q+ parameters
slope: 0.234 semiSat: 0.560 beta: 0.969 sigma: 0.166 
maxBOLD estimate = 1.217


Trial 44: qplus Stimulus Selection
Stimulus: 0.629
Output value 1.142

Q+ parameters
slope: 0.379 semiSat: 0.560 beta: 0.969 sigma: 0.218 
maxBOLD estimate = 1.179


Trial 45: maxBOLD Stimulus Selection
Stimulus: 1.000
Output value 1.324

Q+ parameters
slope: 0.298 semiSat: 0.560 beta: 1.062 sigma: 0.218 
maxBOLD estimate = 1.142


Trial 46: qplus Stimulus Selection
Stimulus: 0.505
Output value 0.748

Q+ parameters
slope: 0.234 semiSat: 0.560 beta: 0.969 sigma: 0.166 
maxBOLD estimate = 1.213


Trial 47: qplus Stimulus Selection
Stimulus: 0.505
Output value -0.227

Q+ parameters
slope: 0.298 semiSat: 0.560 beta: 1.062 sigma: 0.218 
maxBOLD estimate = 1.175


Trial 48: qplus Stimulus Selection
Stimulus: 0.505
Output value 0.844

Q+ parameters
slope: 0.183 semiSat: 0.560 beta: 1.062 sigma: 0.218 
maxBOLD estimate = 1.249


Trial 49: qplus Stimulus Selection
Stimulus: 0.629
Output value 1.285

Q+ parameters
slope: 0.234 semiSat: 0.560 beta: 0.969 sigma: 0.166 
maxBOLD estimate = 1.327


Trial 50: baseline Stimulus Selection
Stimulus: 0.010
Output value -0.248

Q+ parameters
slope: 0.183 semiSat: 0.560 beta: 1.062 sigma: 0.166 
maxBOLD estimate = 1.285


Trial 51: qplus Stimulus Selection
Stimulus: 0.505
Output value 0.000

Q+ parameters
slope: 0.234 semiSat: 0.560 beta: 0.875 sigma: 0.166 
maxBOLD estimate = 1.366


Trial 52: qplus Stimulus Selection
Stimulus: 0.629
Output value 0.856

Q+ parameters
slope: 0.234 semiSat: 0.560 beta: 1.125 sigma: 0.218 
maxBOLD estimate = 1.195


Trial 53: qplus Stimulus Selection
Stimulus: 0.505
Output value 1.169

Q+ parameters
slope: 0.183 semiSat: 0.560 beta: 1.062 sigma: 0.218 
maxBOLD estimate = 1.344


Trial 54: qplus Stimulus Selection
Stimulus: 0.588
Output value 0.114

Q+ parameters
slope: 0.234 semiSat: 0.560 beta: 0.875 sigma: 0.166 
maxBOLD estimate = 1.428


Trial 55: maxBOLD Stimulus Selection
Stimulus: 1.000
Output value 1.321

Q+ parameters
slope: 0.234 semiSat: 0.560 beta: 0.969 sigma: 0.166 
maxBOLD estimate = 1.250


Trial 56: qplus Stimulus Selection
Stimulus: 0.505
Output value 0.468

Q+ parameters
slope: 0.234 semiSat: 0.560 beta: 1.062 sigma: 0.218 
maxBOLD estimate = 1.211


Trial 57: qplus Stimulus Selection
Stimulus: 0.505
Output value 0.227

Q+ parameters
slope: 0.234 semiSat: 0.560 beta: 0.969 sigma: 0.166 
maxBOLD estimate = 1.286


Trial 58: qplus Stimulus Selection
Stimulus: 0.505
Output value -0.241

Q+ parameters
slope: 0.298 semiSat: 0.560 beta: 1.062 sigma: 0.218 
maxBOLD estimate = 1.246


Trial 59: qplus Stimulus Selection
Stimulus: 0.505
Output value 0.350

Q+ parameters
slope: 0.234 semiSat: 0.560 beta: 0.969 sigma: 0.166 
maxBOLD estimate = 1.324


Trial 60: baseline Stimulus Selection
Stimulus: 0.010
Output value -0.124

Q+ parameters
slope: 0.183 semiSat: 0.560 beta: 1.062 sigma: 0.166 
maxBOLD estimate = 1.283


Trial 61: qplus Stimulus Selection
Stimulus: 0.505
Output value -0.120

Q+ parameters
slope: 0.234 semiSat: 0.560 beta: 0.969 sigma: 0.166 
maxBOLD estimate = 1.363


Trial 62: qplus Stimulus Selection
Stimulus: 0.629
Output value 1.530

Q+ parameters
slope: 0.183 semiSat: 0.560 beta: 1.062 sigma: 0.166 
maxBOLD estimate = 1.320


Trial 63: qplus Stimulus Selection
Stimulus: 0.505
Output value 0.000

Q+ parameters
slope: 0.234 semiSat: 0.560 beta: 0.969 sigma: 0.166 
maxBOLD estimate = 1.403


Trial 64: qplus Stimulus Selection
Stimulus: 0.588
Output value 0.718

Q+ parameters
slope: 0.234 semiSat: 0.560 beta: 0.969 sigma: 0.166 
maxBOLD estimate = 1.359


Trial 65: maxBOLD Stimulus Selection
Stimulus: 1.000
Output value 1.399

Q+ parameters
slope: 0.183 semiSat: 0.560 beta: 1.062 sigma: 0.166 
maxBOLD estimate = 1.317


Trial 66: qplus Stimulus Selection
Stimulus: 0.505
Output value 0.739

Q+ parameters
slope: 0.234 semiSat: 0.560 beta: 0.969 sigma: 0.166 
maxBOLD estimate = 1.399


Trial 67: qplus Stimulus Selection
Stimulus: 0.629
Output value 1.193

Q+ parameters
slope: 0.234 semiSat: 0.560 beta: 0.969 sigma: 0.166 
maxBOLD estimate = 1.355


Trial 68: qplus Stimulus Selection
Stimulus: 0.505
Output value -0.116

Q+ parameters
slope: 0.234 semiSat: 0.560 beta: 0.969 sigma: 0.166 
maxBOLD estimate = 1.313


Trial 69: qplus Stimulus Selection
Stimulus: 0.505
Output value -0.224

Q+ parameters
slope: 0.234 semiSat: 0.560 beta: 0.969 sigma: 0.166 
maxBOLD estimate = 1.272


Trial 70: baseline Stimulus Selection
Stimulus: 0.010
Output value -0.238

Q+ parameters
slope: 0.234 semiSat: 0.560 beta: 1.062 sigma: 0.166 
maxBOLD estimate = 1.232


Trial 71: qplus Stimulus Selection
Stimulus: 0.711
Output value -0.119

Q+ parameters
slope: 0.089 semiSat: 0.670 beta: 1.000 sigma: 0.323 
maxBOLD estimate = 1.309


Trial 72: qplus Stimulus Selection
Stimulus: 0.918
Output value 1.250

Q+ parameters
slope: 0.234 semiSat: 0.560 beta: 0.875 sigma: 0.218 
maxBOLD estimate = 1.309


Trial 73: qplus Stimulus Selection
Stimulus: 0.423
Output value 0.221

Q+ parameters
slope: 0.234 semiSat: 0.560 beta: 1.062 sigma: 0.218 
maxBOLD estimate = 1.145


Trial 74: qplus Stimulus Selection
Stimulus: 0.505
Output value 0.118

Q+ parameters
slope: 0.234 semiSat: 0.560 beta: 1.062 sigma: 0.218 
maxBOLD estimate = 1.217


Trial 75: maxBOLD Stimulus Selection
Stimulus: 1.000
Output value 1.411

Q+ parameters
slope: 0.298 semiSat: 0.560 beta: 1.000 sigma: 0.218 
maxBOLD estimate = 1.293


Trial 76: qplus Stimulus Selection
Stimulus: 0.629
Output value 0.705

Q+ parameters
slope: 0.298 semiSat: 0.560 beta: 1.000 sigma: 0.218 
maxBOLD estimate = 1.293


Trial 77: qplus Stimulus Selection
Stimulus: 0.629
Output value 1.411

Q+ parameters
slope: 0.298 semiSat: 0.560 beta: 1.000 sigma: 0.218 
maxBOLD estimate = 1.293


Trial 78: qplus Stimulus Selection
Stimulus: 0.629
Output value 1.176

Q+ parameters
slope: 0.298 semiSat: 0.560 beta: 1.000 sigma: 0.218 
maxBOLD estimate = 1.293


Trial 79: qplus Stimulus Selection
Stimulus: 0.546
Output value 0.705

Q+ parameters
slope: 0.298 semiSat: 0.560 beta: 1.000 sigma: 0.218 
maxBOLD estimate = 1.293


Trial 80: baseline Stimulus Selection
Stimulus: 0.010
Output value 0.456

Q+ parameters
slope: 0.234 semiSat: 0.560 beta: 0.969 sigma: 0.218 
maxBOLD estimate = 1.293


Trial 81: qplus Stimulus Selection
Stimulus: 1.000
Output value 1.324

Q+ parameters
slope: 0.234 semiSat: 0.560 beta: 0.969 sigma: 0.218 
maxBOLD estimate = 1.253


Trial 82: qplus Stimulus Selection
Stimulus: 0.505
Output value 0.110

Q+ parameters
slope: 0.298 semiSat: 0.560 beta: 1.000 sigma: 0.218 
maxBOLD estimate = 1.214


Trial 83: qplus Stimulus Selection
Stimulus: 0.629
Output value 0.993

Q+ parameters
slope: 0.298 semiSat: 0.560 beta: 1.000 sigma: 0.218 
maxBOLD estimate = 1.214


Trial 84: qplus Stimulus Selection
Stimulus: 0.629
Output value 1.324

Q+ parameters
slope: 0.298 semiSat: 0.560 beta: 1.000 sigma: 0.218 
maxBOLD estimate = 1.214


Trial 85: maxBOLD Stimulus Selection
Stimulus: 1.000
Output value 0.569

Q+ parameters
slope: 0.379 semiSat: 0.560 beta: 1.031 sigma: 0.271 
maxBOLD estimate = 1.214


Trial 86: qplus Stimulus Selection
Stimulus: 0.629
Output value 1.323

Q+ parameters
slope: 0.234 semiSat: 0.560 beta: 0.969 sigma: 0.218 
maxBOLD estimate = 1.251


Trial 87: qplus Stimulus Selection
Stimulus: 0.505
Output value 0.771

Q+ parameters
slope: 0.298 semiSat: 0.560 beta: 1.000 sigma: 0.218 
maxBOLD estimate = 1.212


Trial 88: qplus Stimulus Selection
Stimulus: 0.629
Output value 0.331

Q+ parameters
slope: 0.298 semiSat: 0.560 beta: 1.000 sigma: 0.218 
maxBOLD estimate = 1.212


Trial 89: qplus Stimulus Selection
Stimulus: 0.670
Output value 0.682

Q+ parameters
slope: 0.379 semiSat: 0.560 beta: 1.031 sigma: 0.271 
maxBOLD estimate = 1.212


Trial 90: baseline Stimulus Selection
Stimulus: 0.010
Output value 0.330

Q+ parameters
slope: 0.234 semiSat: 0.560 beta: 0.969 sigma: 0.218 
maxBOLD estimate = 1.250


Trial 91: qplus Stimulus Selection
Stimulus: 0.959
Output value 1.173

Q+ parameters
slope: 0.234 semiSat: 0.560 beta: 0.969 sigma: 0.218 
maxBOLD estimate = 1.211


Trial 92: qplus Stimulus Selection
Stimulus: 0.505
Output value 0.533

Q+ parameters
slope: 0.298 semiSat: 0.560 beta: 1.000 sigma: 0.218 
maxBOLD estimate = 1.173


Trial 93: qplus Stimulus Selection
Stimulus: 0.629
Output value 0.320

Q+ parameters
slope: 0.298 semiSat: 0.560 beta: 1.000 sigma: 0.218 
maxBOLD estimate = 1.173


Trial 94: qplus Stimulus Selection
Stimulus: 0.670
Output value 0.960

Q+ parameters
slope: 0.298 semiSat: 0.560 beta: 1.000 sigma: 0.218 
maxBOLD estimate = 1.173


Trial 95: maxBOLD Stimulus Selection
Stimulus: 1.000
Output value 0.960

Q+ parameters
slope: 0.298 semiSat: 0.560 beta: 1.000 sigma: 0.218 
maxBOLD estimate = 1.173


Trial 96: qplus Stimulus Selection
Stimulus: 0.629
Output value 0.747

Q+ parameters
slope: 0.298 semiSat: 0.560 beta: 1.000 sigma: 0.218 
maxBOLD estimate = 1.173


Trial 97: qplus Stimulus Selection
Stimulus: 0.629
Output value 0.640

Q+ parameters
slope: 0.298 semiSat: 0.560 beta: 1.000 sigma: 0.218 
maxBOLD estimate = 1.173

