/blue/stevenweisberg/stevenweisberg/MATLAB/projects/Weisberg_Aguirre_2020/scripts/run_sims
c2a-s6.ufhpc
Thu Nov 12 16:25:35 EST 2020
cp: cannot stat ‘/blue/stevenweisberg/stevenweisberg/qpfMRIResults/deploy_sim.sh’: No such file or directory
cp: cannot stat ‘/blue/stevenweisberg/stevenweisberg/qpfMRIResults/sim_wrapper.sh’: No such file or directory
------------------------------------------
Setting up environment variables
---
LD_LIBRARY_PATH is .:/apps/matlab/mcr/2020b/v99/runtime/glnxa64:/apps/matlab/mcr/2020b/v99/bin/glnxa64:/apps/matlab/mcr/2020b/v99/sys/os/glnxa64:/apps/matlab/mcr/2020b/v99/sys/opengl/lib/glnxa64
Warning: Executing startup failed in matlabrc.
This indicates a potentially serious problem in your MATLAB setup, which should be resolved as soon as possible.  Error detected was:
MATLAB:mpath:PathAlterationNotSupported
Modifying the search path is not supported by MATLAB Compiler. Remove functions that modify the search path from your MATLAB code. To make files visible to your deployed application, add the parent folder to your MATLAB session.
Warning: No stimulus domain specified. Defaulting to values between 0.01 and 1.
> In qpfmriParams (line 182)
In compiledSimulate (line 205)
Stimulus domain added from input.
Parameter slope specified as 0.41000
Parameter semiSat specified as 0.57000
Parameter beta specified as 1.00000
Parameter sigma specified as 0.25000
seed = 99seed = 104seed = 111seed = 111seed = 115seed = 101Initializing Q+. This may take a minute...
Elapsed time is 18.367506 seconds.
Simulated parameters:
slope: 0.410 semiSat: 0.570 beta: 1.000 sigma: 0.250 

Trial 1: baseline Stimulus Selection
Stimulus: 0.010
Output value 0.000

Q+ parameters
slope: 0.026 semiSat: 0.890 beta: 0.500 sigma: 0.010 
maxBOLD estimate = 1.000


Trial 2: maxBOLD Stimulus Selection
Stimulus: 1.000
Output value 1.364

Q+ parameters
slope: 0.055 semiSat: 0.670 beta: 1.250 sigma: 0.010 
maxBOLD estimate = 1.000


Trial 3: baseline Stimulus Selection
Stimulus: 0.010
Output value 0.284

Q+ parameters
slope: 0.055 semiSat: 0.670 beta: 1.250 sigma: 0.114 
maxBOLD estimate = 1.250


Trial 4: maxBOLD Stimulus Selection
Stimulus: 1.000
Output value 1.598

Q+ parameters
slope: 0.055 semiSat: 0.670 beta: 1.125 sigma: 0.062 
maxBOLD estimate = 1.562


Trial 5: baseline Stimulus Selection
Stimulus: 0.010
Output value -0.310

Q+ parameters
slope: 0.043 semiSat: 0.780 beta: 0.969 sigma: 0.166 
maxBOLD estimate = 1.758


Trial 6: maxBOLD Stimulus Selection
Stimulus: 1.000
Output value 1.355

Q+ parameters
slope: 0.034 semiSat: 1.000 beta: 1.250 sigma: 0.114 
maxBOLD estimate = 1.703


Trial 7: random Stimulus Selection
Stimulus: 0.175
Output value 0.484

Q+ parameters
slope: 0.298 semiSat: 0.120 beta: 0.500 sigma: 0.114 
maxBOLD estimate = 2.129


Trial 8: random Stimulus Selection
Stimulus: 0.794
Output value 1.451

Q+ parameters
slope: 0.089 semiSat: 0.560 beta: 1.250 sigma: 0.218 
maxBOLD estimate = 1.064


Trial 9: random Stimulus Selection
Stimulus: 0.051
Output value -0.302

Q+ parameters
slope: 0.089 semiSat: 0.560 beta: 1.250 sigma: 0.218 
maxBOLD estimate = 1.330


Trial 10: baseline Stimulus Selection
Stimulus: 0.010
Output value 1.611

Q+ parameters
slope: 0.021 semiSat: 0.340 beta: 0.969 sigma: 1.000 
maxBOLD estimate = 1.663


Trial 11: random Stimulus Selection
Stimulus: 0.794
Output value 0.220

Q+ parameters
slope: 0.070 semiSat: 0.670 beta: 0.750 sigma: 0.218 
maxBOLD estimate = 1.611


Trial 12: random Stimulus Selection
Stimulus: 0.051
Output value -0.330

Q+ parameters
slope: 0.070 semiSat: 0.780 beta: 1.500 sigma: 0.375 
maxBOLD estimate = 1.208


Trial 13: random Stimulus Selection
Stimulus: 0.134
Output value -0.165

Q+ parameters
slope: 0.785 semiSat: 0.230 beta: 0.500 sigma: 0.166 
maxBOLD estimate = 1.812


Trial 14: random Stimulus Selection
Stimulus: 0.794
Output value 1.112

Q+ parameters
slope: 0.089 semiSat: 0.560 beta: 1.125 sigma: 0.271 
maxBOLD estimate = 0.906


Trial 15: maxBOLD Stimulus Selection
Stimulus: 1.000
Output value 1.390

Q+ parameters
slope: 0.070 semiSat: 0.670 beta: 1.250 sigma: 0.271 
maxBOLD estimate = 1.019


Trial 16: random Stimulus Selection
Stimulus: 0.381
Output value -0.261

Q+ parameters
slope: 0.113 semiSat: 0.670 beta: 1.125 sigma: 0.271 
maxBOLD estimate = 1.274


Trial 17: random Stimulus Selection
Stimulus: 0.918
Output value 1.368

Q+ parameters
slope: 0.089 semiSat: 0.780 beta: 1.500 sigma: 0.375 
maxBOLD estimate = 1.434


Trial 18: random Stimulus Selection
Stimulus: 0.588
Output value 0.684

Q+ parameters
slope: 1.000 semiSat: 0.450 beta: 0.500 sigma: 0.166 
maxBOLD estimate = 2.150


Trial 19: random Stimulus Selection
Stimulus: 0.257
Output value -0.220

Q+ parameters
slope: 0.113 semiSat: 0.670 beta: 1.125 sigma: 0.271 
maxBOLD estimate = 1.075


Trial 20: baseline Stimulus Selection
Stimulus: 0.010
Output value -0.234

Q+ parameters
slope: 0.144 semiSat: 0.560 beta: 1.062 sigma: 0.218 
maxBOLD estimate = 1.210


Trial 21: random Stimulus Selection
Stimulus: 0.546
Output value 0.745

Q+ parameters
slope: 0.144 semiSat: 0.560 beta: 1.062 sigma: 0.218 
maxBOLD estimate = 1.285


Trial 22: random Stimulus Selection
Stimulus: 0.670
Output value 0.838

Q+ parameters
slope: 0.144 semiSat: 0.670 beta: 1.125 sigma: 0.218 
maxBOLD estimate = 1.366


Trial 23: random Stimulus Selection
Stimulus: 0.629
Output value 0.855

Q+ parameters
slope: 0.785 semiSat: 0.560 beta: 0.875 sigma: 0.218 
maxBOLD estimate = 1.536


Trial 24: random Stimulus Selection
Stimulus: 0.876
Output value -0.061

Q+ parameters
slope: 1.000 semiSat: 0.560 beta: 0.500 sigma: 0.948 
maxBOLD estimate = 1.344


Trial 25: maxBOLD Stimulus Selection
Stimulus: 1.000
Output value 0.825

Q+ parameters
slope: 1.000 semiSat: 0.560 beta: 1.125 sigma: 0.166 
maxBOLD estimate = 0.672


Trial 26: random Stimulus Selection
Stimulus: 0.711
Output value 0.696

Q+ parameters
slope: 1.000 semiSat: 0.560 beta: 1.125 sigma: 0.166 
maxBOLD estimate = 0.756


Trial 27: random Stimulus Selection
Stimulus: 0.794
Output value 1.044

Q+ parameters
slope: 1.000 semiSat: 0.560 beta: 1.125 sigma: 0.166 
maxBOLD estimate = 0.851


Trial 28: random Stimulus Selection
Stimulus: 0.876
Output value 1.174

Q+ parameters
slope: 1.000 semiSat: 0.560 beta: 1.125 sigma: 0.166 
maxBOLD estimate = 0.957


Trial 29: random Stimulus Selection
Stimulus: 0.918
Output value 1.248

Q+ parameters
slope: 1.000 semiSat: 0.560 beta: 1.062 sigma: 0.166 
maxBOLD estimate = 1.077


Trial 30: baseline Stimulus Selection
Stimulus: 0.010
Output value -0.110

Q+ parameters
slope: 1.000 semiSat: 0.560 beta: 1.062 sigma: 0.166 
maxBOLD estimate = 1.144

--------------------------------------------------------------
FINAL VALUES
--------------------------------------------------------------
Simulated parameters:              slope: 0.410 semiSat: 0.570 beta: 1.000 sigma: 0.250 
Max posterior QUEST+ parameters:   slope: 1.000 semiSat: 0.560 beta: 1.062 sigma: 0.166 
Max BADS parameters:               slope: 0.799 semiSat: 0.573 beta: 1.000 sigma: 0.154 
maxBOLD estimate: 1.225
