/blue/stevenweisberg/stevenweisberg/MATLAB/projects/Weisberg_Aguirre_2020/scripts/run_sims
c0706a-s7.ufhpc
Wed Apr  7 09:46:15 EDT 2021
mkdir: cannot create directory ‘/blue/stevenweisberg/stevenweisberg/qpfMRIResults/model_parameter_set2/’: File exists
cp: cannot stat ‘/blue/stevenweisberg/stevenweisberg/qpfMRIResults/deploy_sim.sh’: No such file or directory
cp: cannot stat ‘/blue/stevenweisberg/stevenweisberg/qpfMRIResults/sim_wrapper.sh’: No such file or directory
------------------------------------------
Setting up environment variables
---
LD_LIBRARY_PATH is .:/apps/matlab/mcr/2020b/v99/runtime/glnxa64:/apps/matlab/mcr/2020b/v99/bin/glnxa64:/apps/matlab/mcr/2020b/v99/sys/os/glnxa64:/apps/matlab/mcr/2020b/v99/sys/opengl/lib/glnxa64
Warning: Executing startup failed in matlabrc.
This indicates a potentially serious problem in your MATLAB setup, which should be resolved as soon as possible.  Error detected was:
MATLAB:mpath:PathAlterationNotSupported
Modifying the search path is not supported by MATLAB Compiler. Remove functions that modify the search path from your MATLAB code. To make files visible to your deployed application, add the parent folder to your MATLAB session.
Warning: No stimulus domain specified. Defaulting to values between 0.01 and 1.
> In qpfmriParams (line 182)
In compiledSimulate (line 205)
Stimulus domain added from input.
Parameter slope specified as 0.20000
Parameter semiSat specified as 0.57000
Parameter beta specified as 1.00000
Parameter sigma specified as 0.15000
seed = 99seed = 104seed = 111seed = 111seed = 115seed = 101Initializing Q+. This may take a minute...
Elapsed time is 7.806487 seconds.
Simulated parameters:
slope: 0.200 semiSat: 0.570 beta: 1.000 sigma: 0.150 

Trial 1: baseline Stimulus Selection
Stimulus: 0.010
Output value 0.000

Q+ parameters
slope: 0.026 semiSat: 0.890 beta: 0.500 sigma: 0.010 
maxBOLD estimate = 1.000


Trial 2: maxBOLD Stimulus Selection
Stimulus: 1.000
Output value 1.364

Q+ parameters
slope: 0.055 semiSat: 0.670 beta: 1.250 sigma: 0.010 
maxBOLD estimate = 1.000


Trial 3: baseline Stimulus Selection
Stimulus: 0.010
Output value 0.128

Q+ parameters
slope: 0.043 semiSat: 0.780 beta: 1.125 sigma: 0.062 
maxBOLD estimate = 1.250


Trial 4: maxBOLD Stimulus Selection
Stimulus: 1.000
Output value 1.918

Q+ parameters
slope: 0.055 semiSat: 0.670 beta: 1.250 sigma: 0.114 
maxBOLD estimate = 1.406


Trial 5: baseline Stimulus Selection
Stimulus: 0.010
Output value 0.200

Q+ parameters
slope: 0.043 semiSat: 0.780 beta: 1.250 sigma: 0.114 
maxBOLD estimate = 1.758


Trial 6: maxBOLD Stimulus Selection
Stimulus: 1.000
Output value 0.999

Q+ parameters
slope: 0.034 semiSat: 1.000 beta: 1.250 sigma: 0.166 
maxBOLD estimate = 2.197


Trial 7: random Stimulus Selection
Stimulus: 0.257
Output value 0.936

Q+ parameters
slope: 0.034 semiSat: 1.000 beta: 1.250 sigma: 0.114 
maxBOLD estimate = 2.747


Trial 8: random Stimulus Selection
Stimulus: 0.876
Output value 0.780

Q+ parameters
slope: 0.089 semiSat: 0.560 beta: 0.500 sigma: 0.062 
maxBOLD estimate = 3.433


Trial 9: random Stimulus Selection
Stimulus: 0.299
Output value 0.605

Q+ parameters
slope: 0.234 semiSat: 0.340 beta: 0.969 sigma: 0.114 
maxBOLD estimate = 1.717


Trial 10: baseline Stimulus Selection
Stimulus: 0.010
Output value 0.643

Q+ parameters
slope: 0.113 semiSat: 0.670 beta: 1.062 sigma: 0.166 
maxBOLD estimate = 1.663


Trial 11: random Stimulus Selection
Stimulus: 0.257
Output value -0.281

Q+ parameters
slope: 0.379 semiSat: 0.340 beta: 0.875 sigma: 0.114 
maxBOLD estimate = 1.767


Trial 12: random Stimulus Selection
Stimulus: 0.670
Output value 1.476

Q+ parameters
slope: 0.089 semiSat: 0.670 beta: 1.500 sigma: 0.114 
maxBOLD estimate = 1.546


Trial 13: random Stimulus Selection
Stimulus: 0.134
Output value 0.158

Q+ parameters
slope: 0.113 semiSat: 0.560 beta: 0.750 sigma: 0.062 
maxBOLD estimate = 2.319


Trial 14: random Stimulus Selection
Stimulus: 1.000
Output value 2.016

Q+ parameters
slope: 0.113 semiSat: 0.560 beta: 1.062 sigma: 0.114 
maxBOLD estimate = 1.739


Trial 15: maxBOLD Stimulus Selection
Stimulus: 1.000
Output value 1.029

Q+ parameters
slope: 0.379 semiSat: 0.340 beta: 0.875 sigma: 0.114 
maxBOLD estimate = 1.848


Trial 16: random Stimulus Selection
Stimulus: 0.546
Output value 0.469

Q+ parameters
slope: 0.785 semiSat: 0.560 beta: 1.062 sigma: 0.114 
maxBOLD estimate = 1.617


Trial 17: random Stimulus Selection
Stimulus: 0.835
Output value 2.811

Q+ parameters
slope: 0.144 semiSat: 0.670 beta: 1.500 sigma: 0.114 
maxBOLD estimate = 1.718


Trial 18: random Stimulus Selection
Stimulus: 0.794
Output value 0.703

Q+ parameters
slope: 0.144 semiSat: 0.670 beta: 0.750 sigma: 0.114 
maxBOLD estimate = 2.577


Trial 19: random Stimulus Selection
Stimulus: 0.216
Output value 0.527

Q+ parameters
slope: 0.144 semiSat: 0.670 beta: 1.500 sigma: 0.166 
maxBOLD estimate = 1.933


Trial 20: baseline Stimulus Selection
Stimulus: 0.010
Output value 0.395

Q+ parameters
slope: 1.000 semiSat: 0.560 beta: 0.500 sigma: 0.114 
maxBOLD estimate = 2.899


Trial 21: random Stimulus Selection
Stimulus: 0.505
Output value 0.198

Q+ parameters
slope: 0.234 semiSat: 0.670 beta: 1.500 sigma: 0.114 
maxBOLD estimate = 1.450


Trial 22: random Stimulus Selection
Stimulus: 0.670
Output value 0.185

Q+ parameters
slope: 0.298 semiSat: 0.670 beta: 0.938 sigma: 0.166 
maxBOLD estimate = 2.174


Trial 23: random Stimulus Selection
Stimulus: 0.629
Output value 1.459

Q+ parameters
slope: 0.113 semiSat: 0.560 beta: 0.875 sigma: 0.166 
maxBOLD estimate = 2.039


Trial 24: random Stimulus Selection
Stimulus: 0.134
Output value 0.000

Q+ parameters
slope: 0.144 semiSat: 0.670 beta: 1.250 sigma: 0.166 
maxBOLD estimate = 1.784


Trial 25: maxBOLD Stimulus Selection
Stimulus: 1.000
Output value 1.900

Q+ parameters
slope: 0.234 semiSat: 0.670 beta: 0.938 sigma: 0.166 
maxBOLD estimate = 2.230


Trial 26: random Stimulus Selection
Stimulus: 0.010
Output value 0.000

Q+ parameters
slope: 0.113 semiSat: 0.670 beta: 0.875 sigma: 0.114 
maxBOLD estimate = 2.090


Trial 27: random Stimulus Selection
Stimulus: 0.175
Output value 0.000

Q+ parameters
slope: 0.183 semiSat: 0.670 beta: 1.250 sigma: 0.166 
maxBOLD estimate = 1.829


Trial 28: random Stimulus Selection
Stimulus: 0.381
Output value -0.312

Q+ parameters
slope: 0.144 semiSat: 0.670 beta: 0.750 sigma: 0.114 
maxBOLD estimate = 2.286


Trial 29: random Stimulus Selection
Stimulus: 0.340
Output value -0.390

Q+ parameters
slope: 0.144 semiSat: 0.670 beta: 1.250 sigma: 0.166 
maxBOLD estimate = 1.715


Trial 30: baseline Stimulus Selection
Stimulus: 0.010
Output value 0.146

Q+ parameters
slope: 0.144 semiSat: 0.670 beta: 0.750 sigma: 0.114 
maxBOLD estimate = 2.143


Trial 31: random Stimulus Selection
Stimulus: 1.000
Output value 1.534

Q+ parameters
slope: 0.144 semiSat: 0.670 beta: 1.500 sigma: 0.166 
maxBOLD estimate = 1.608


Trial 32: random Stimulus Selection
Stimulus: 0.835
Output value 0.986

Q+ parameters
slope: 0.144 semiSat: 0.670 beta: 0.750 sigma: 0.114 
maxBOLD estimate = 2.411


Trial 33: random Stimulus Selection
Stimulus: 0.423
Output value -0.411

Q+ parameters
slope: 0.144 semiSat: 0.670 beta: 1.250 sigma: 0.166 
maxBOLD estimate = 1.808


Trial 34: random Stimulus Selection
Stimulus: 0.175
Output value 0.462

Q+ parameters
slope: 0.144 semiSat: 0.670 beta: 0.750 sigma: 0.166 
maxBOLD estimate = 2.261


Trial 35: maxBOLD Stimulus Selection
Stimulus: 1.000
Output value 2.312

Q+ parameters
slope: 0.144 semiSat: 0.670 beta: 1.500 sigma: 0.166 
maxBOLD estimate = 1.695


Trial 36: random Stimulus Selection
Stimulus: 0.175
Output value 0.000

Q+ parameters
slope: 0.144 semiSat: 0.670 beta: 0.750 sigma: 0.114 
maxBOLD estimate = 2.543


Trial 37: random Stimulus Selection
Stimulus: 0.835
Output value 1.214

Q+ parameters
slope: 0.183 semiSat: 0.560 beta: 0.875 sigma: 0.166 
maxBOLD estimate = 1.907


Trial 38: random Stimulus Selection
Stimulus: 0.546
Output value -0.455

Q+ parameters
slope: 0.144 semiSat: 0.670 beta: 1.500 sigma: 0.166 
maxBOLD estimate = 1.669


Trial 39: random Stimulus Selection
Stimulus: 0.010
Output value 0.683

Q+ parameters
slope: 0.234 semiSat: 0.670 beta: 0.500 sigma: 0.166 
maxBOLD estimate = 2.503


Trial 40: baseline Stimulus Selection
Stimulus: 0.010
Output value 0.427

Q+ parameters
slope: 0.055 semiSat: 0.560 beta: 1.250 sigma: 0.323 
maxBOLD estimate = 1.252


Trial 41: random Stimulus Selection
Stimulus: 0.794
Output value 2.134

Q+ parameters
slope: 0.144 semiSat: 0.670 beta: 1.250 sigma: 0.166 
maxBOLD estimate = 1.565


Trial 42: random Stimulus Selection
Stimulus: 0.918
Output value 1.089

Q+ parameters
slope: 0.113 semiSat: 0.670 beta: 0.875 sigma: 0.166 
maxBOLD estimate = 1.956


Trial 43: random Stimulus Selection
Stimulus: 0.546
Output value 1.123

Q+ parameters
slope: 0.234 semiSat: 0.670 beta: 1.031 sigma: 0.218 
maxBOLD estimate = 1.711


Trial 44: random Stimulus Selection
Stimulus: 0.051
Output value 0.827

Q+ parameters
slope: 0.234 semiSat: 0.670 beta: 1.031 sigma: 0.218 
maxBOLD estimate = 1.765


Trial 45: maxBOLD Stimulus Selection
Stimulus: 1.000
Output value 1.861

Q+ parameters
slope: 0.234 semiSat: 0.670 beta: 0.938 sigma: 0.166 
maxBOLD estimate = 1.820


Trial 46: random Stimulus Selection
Stimulus: 0.051
Output value 1.120

Q+ parameters
slope: 0.234 semiSat: 0.670 beta: 1.031 sigma: 0.218 
maxBOLD estimate = 1.706


Trial 47: random Stimulus Selection
Stimulus: 0.010
Output value -0.400

Q+ parameters
slope: 0.144 semiSat: 0.670 beta: 1.250 sigma: 0.218 
maxBOLD estimate = 1.760


Trial 48: random Stimulus Selection
Stimulus: 0.711
Output value 1.800

Q+ parameters
slope: 0.183 semiSat: 0.560 beta: 0.750 sigma: 0.166 
maxBOLD estimate = 2.199


Trial 49: random Stimulus Selection
Stimulus: 0.423
Output value 1.800

Q+ parameters
slope: 0.113 semiSat: 0.670 beta: 1.500 sigma: 0.218 
maxBOLD estimate = 1.650


Trial 50: baseline Stimulus Selection
Stimulus: 0.010
Output value 0.169

Q+ parameters
slope: 0.070 semiSat: 0.670 beta: 0.750 sigma: 0.114 
maxBOLD estimate = 2.474


Trial 51: random Stimulus Selection
Stimulus: 0.010
Output value 0.000

Q+ parameters
slope: 0.183 semiSat: 0.560 beta: 0.875 sigma: 0.166 
maxBOLD estimate = 1.856


Trial 52: random Stimulus Selection
Stimulus: 0.051
Output value 0.000

Q+ parameters
slope: 0.113 semiSat: 0.670 beta: 1.500 sigma: 0.166 
maxBOLD estimate = 1.624


Trial 53: random Stimulus Selection
Stimulus: 0.794
Output value 1.993

Q+ parameters
slope: 0.183 semiSat: 0.560 beta: 0.750 sigma: 0.166 
maxBOLD estimate = 2.436


Trial 54: random Stimulus Selection
Stimulus: 0.753
Output value 2.055

Q+ parameters
slope: 0.616 semiSat: 0.670 beta: 1.031 sigma: 0.218 
maxBOLD estimate = 1.827


Trial 55: maxBOLD Stimulus Selection
Stimulus: 1.000
Output value 2.119

Q+ parameters
slope: 0.616 semiSat: 0.670 beta: 1.031 sigma: 0.218 
maxBOLD estimate = 1.884


Trial 56: random Stimulus Selection
Stimulus: 0.134
Output value 0.166

Q+ parameters
slope: 0.379 semiSat: 0.670 beta: 0.938 sigma: 0.166 
maxBOLD estimate = 1.943


Trial 57: random Stimulus Selection
Stimulus: 0.299
Output value 0.145

Q+ parameters
slope: 0.234 semiSat: 0.560 beta: 0.875 sigma: 0.166 
maxBOLD estimate = 1.821


Trial 58: random Stimulus Selection
Stimulus: 0.711
Output value 2.390

Q+ parameters
slope: 0.144 semiSat: 0.670 beta: 1.500 sigma: 0.166 
maxBOLD estimate = 1.594


Trial 59: random Stimulus Selection
Stimulus: 0.299
Output value -0.326

Q+ parameters
slope: 0.183 semiSat: 0.560 beta: 0.750 sigma: 0.166 
maxBOLD estimate = 2.390


Trial 60: baseline Stimulus Selection
Stimulus: 0.010
Output value 0.168

Q+ parameters
slope: 0.234 semiSat: 0.670 beta: 1.031 sigma: 0.166 
maxBOLD estimate = 1.793


Trial 61: random Stimulus Selection
Stimulus: 0.753
Output value 0.347

Q+ parameters
slope: 0.183 semiSat: 0.670 beta: 1.031 sigma: 0.218 
maxBOLD estimate = 1.849


Trial 62: random Stimulus Selection
Stimulus: 0.753
Output value 1.365

Q+ parameters
slope: 0.183 semiSat: 0.560 beta: 0.875 sigma: 0.166 
maxBOLD estimate = 1.907


Trial 63: random Stimulus Selection
Stimulus: 0.546
Output value 1.469

Q+ parameters
slope: 0.183 semiSat: 0.560 beta: 0.969 sigma: 0.166 
maxBOLD estimate = 1.668


Trial 64: random Stimulus Selection
Stimulus: 0.340
Output value 0.220

Q+ parameters
slope: 0.089 semiSat: 0.670 beta: 1.500 sigma: 0.166 
maxBOLD estimate = 1.616


Trial 65: maxBOLD Stimulus Selection
Stimulus: 1.000
Output value 1.157

Q+ parameters
slope: 0.183 semiSat: 0.560 beta: 0.750 sigma: 0.166 
maxBOLD estimate = 2.424


Trial 66: random Stimulus Selection
Stimulus: 0.464
Output value -0.289

Q+ parameters
slope: 0.183 semiSat: 0.560 beta: 0.875 sigma: 0.166 
maxBOLD estimate = 1.818


Trial 67: random Stimulus Selection
Stimulus: 0.753
Output value 2.603

Q+ parameters
slope: 0.089 semiSat: 0.670 beta: 1.500 sigma: 0.166 
maxBOLD estimate = 1.591


Trial 68: random Stimulus Selection
Stimulus: 0.257
Output value 0.488

Q+ parameters
slope: 0.183 semiSat: 0.560 beta: 0.750 sigma: 0.166 
maxBOLD estimate = 2.386


Trial 69: random Stimulus Selection
Stimulus: 0.299
Output value 0.473

Q+ parameters
slope: 0.183 semiSat: 0.560 beta: 0.969 sigma: 0.166 
maxBOLD estimate = 1.790


Trial 70: baseline Stimulus Selection
Stimulus: 0.010
Output value 0.458

Q+ parameters
slope: 0.183 semiSat: 0.560 beta: 0.969 sigma: 0.166 
maxBOLD estimate = 1.734


Trial 71: random Stimulus Selection
Stimulus: 0.381
Output value 1.603

Q+ parameters
slope: 0.113 semiSat: 0.670 beta: 1.500 sigma: 0.166 
maxBOLD estimate = 1.680


Trial 72: random Stimulus Selection
Stimulus: 0.423
Output value 0.344

Q+ parameters
slope: 0.113 semiSat: 0.560 beta: 0.750 sigma: 0.114 
maxBOLD estimate = 2.519


Trial 73: random Stimulus Selection
Stimulus: 0.216
Output value 0.902

Q+ parameters
slope: 0.183 semiSat: 0.560 beta: 0.875 sigma: 0.166 
maxBOLD estimate = 1.890


Trial 74: random Stimulus Selection
Stimulus: 0.299
Output value 1.578

Q+ parameters
slope: 0.089 semiSat: 0.670 beta: 1.500 sigma: 0.166 
maxBOLD estimate = 1.653


Trial 75: maxBOLD Stimulus Selection
Stimulus: 1.000
Output value 2.029

Q+ parameters
slope: 0.183 semiSat: 0.560 beta: 0.750 sigma: 0.166 
maxBOLD estimate = 2.480


Trial 76: random Stimulus Selection
Stimulus: 0.092
Output value 1.522

Q+ parameters
slope: 0.055 semiSat: 0.670 beta: 1.125 sigma: 0.218 
maxBOLD estimate = 1.860


Trial 77: random Stimulus Selection
Stimulus: 0.175
Output value 0.428

Q+ parameters
slope: 0.183 semiSat: 0.560 beta: 0.750 sigma: 0.166 
maxBOLD estimate = 2.093


Trial 78: random Stimulus Selection
Stimulus: 0.959
Output value 2.568

Q+ parameters
slope: 0.113 semiSat: 0.670 beta: 1.500 sigma: 0.166 
maxBOLD estimate = 1.569


Trial 79: random Stimulus Selection
Stimulus: 0.175
Output value 0.321

Q+ parameters
slope: 0.183 semiSat: 0.560 beta: 0.750 sigma: 0.166 
maxBOLD estimate = 2.354


Trial 80: baseline Stimulus Selection
Stimulus: 0.010
Output value 0.421

Q+ parameters
slope: 0.234 semiSat: 0.560 beta: 0.875 sigma: 0.166 
maxBOLD estimate = 1.766


Trial 81: random Stimulus Selection
Stimulus: 0.876
Output value 2.528

Q+ parameters
slope: 0.113 semiSat: 0.670 beta: 1.500 sigma: 0.166 
maxBOLD estimate = 1.545


Trial 82: random Stimulus Selection
Stimulus: 0.216
Output value 0.000

Q+ parameters
slope: 0.183 semiSat: 0.560 beta: 0.750 sigma: 0.166 
maxBOLD estimate = 2.317


Trial 83: random Stimulus Selection
Stimulus: 0.918
Output value 0.691

Q+ parameters
slope: 0.234 semiSat: 0.560 beta: 0.875 sigma: 0.166 
maxBOLD estimate = 1.738


Trial 84: random Stimulus Selection
Stimulus: 0.299
Output value 1.244

Q+ parameters
slope: 0.089 semiSat: 0.670 beta: 1.500 sigma: 0.166 
maxBOLD estimate = 1.521


Trial 85: maxBOLD Stimulus Selection
Stimulus: 1.000
Output value 0.778

Q+ parameters
slope: 0.183 semiSat: 0.560 beta: 0.750 sigma: 0.166 
maxBOLD estimate = 2.281


Trial 86: random Stimulus Selection
Stimulus: 0.835
Output value 1.633

Q+ parameters
slope: 0.089 semiSat: 0.560 beta: 0.875 sigma: 0.166 
maxBOLD estimate = 1.711


Trial 87: random Stimulus Selection
Stimulus: 0.505
Output value 0.255

Q+ parameters
slope: 0.183 semiSat: 0.560 beta: 0.938 sigma: 0.166 
maxBOLD estimate = 1.497


Trial 88: random Stimulus Selection
Stimulus: 0.959
Output value 1.005

Q+ parameters
slope: 0.379 semiSat: 0.560 beta: 0.875 sigma: 0.218 
maxBOLD estimate = 1.403


Trial 89: random Stimulus Selection
Stimulus: 0.670
Output value 1.507

Q+ parameters
slope: 0.055 semiSat: 0.560 beta: 1.125 sigma: 0.218 
maxBOLD estimate = 1.228


Trial 90: baseline Stimulus Selection
Stimulus: 0.010
Output value 0.235

Q+ parameters
slope: 0.379 semiSat: 0.560 beta: 0.938 sigma: 0.218 
maxBOLD estimate = 1.382


Trial 91: random Stimulus Selection
Stimulus: 0.794
Output value 1.325

Q+ parameters
slope: 0.379 semiSat: 0.560 beta: 0.938 sigma: 0.218 
maxBOLD estimate = 1.295


Trial 92: random Stimulus Selection
Stimulus: 0.876
Output value 0.117

Q+ parameters
slope: 0.043 semiSat: 0.670 beta: 1.062 sigma: 0.375 
maxBOLD estimate = 1.214


Trial 93: random Stimulus Selection
Stimulus: 0.464
Output value 0.330

Q+ parameters
slope: 0.379 semiSat: 0.560 beta: 0.938 sigma: 0.218 
maxBOLD estimate = 1.290


Trial 94: random Stimulus Selection
Stimulus: 0.711
Output value 0.907

Q+ parameters
slope: 0.055 semiSat: 0.560 beta: 1.031 sigma: 0.271 
maxBOLD estimate = 1.209


Trial 95: maxBOLD Stimulus Selection
Stimulus: 1.000
Output value 1.276

Q+ parameters
slope: 0.379 semiSat: 0.560 beta: 0.938 sigma: 0.218 
maxBOLD estimate = 1.247


Trial 96: random Stimulus Selection
Stimulus: 0.876
Output value 1.435

Q+ parameters
slope: 0.055 semiSat: 0.560 beta: 1.125 sigma: 0.218 
maxBOLD estimate = 1.169


Trial 97: random Stimulus Selection
Stimulus: 0.423
Output value 0.224

Q+ parameters
slope: 0.379 semiSat: 0.560 beta: 0.938 sigma: 0.218 
maxBOLD estimate = 1.316


Trial 98: random Stimulus Selection
Stimulus: 0.670
Output value 0.694

Q+ parameters
slope: 0.055 semiSat: 0.560 beta: 1.031 sigma: 0.271 
maxBOLD estimate = 1.233


Trial 99: random Stimulus Selection
Stimulus: 0.918
Output value 0.325

Q+ parameters
slope: 0.379 semiSat: 0.560 beta: 0.938 sigma: 0.218 
maxBOLD estimate = 1.272


Trial 100: baseline Stimulus Selection
Stimulus: 0.010
Output value 0.112

Q+ parameters
slope: 0.055 semiSat: 0.560 beta: 1.031 sigma: 0.271 
maxBOLD estimate = 1.192

--------------------------------------------------------------
FINAL VALUES
--------------------------------------------------------------
Simulated parameters:              slope: 0.200 semiSat: 0.570 beta: 1.000 sigma: 0.150 
Max posterior QUEST+ parameters:   slope: 0.055 semiSat: 0.560 beta: 1.031 sigma: 0.271 
Max BADS parameters:               slope: 0.060 semiSat: 0.506 beta: 1.000 sigma: 0.238 
maxBOLD estimate: 1.206
