/blue/stevenweisberg/stevenweisberg/MATLAB/projects/Weisberg_Aguirre_2020/scripts/run_sims
c3a-s1.ufhpc
Thu Nov 12 16:35:37 EST 2020
cp: cannot stat ‘/blue/stevenweisberg/stevenweisberg/qpfMRIResults/deploy_sim.sh’: No such file or directory
cp: cannot stat ‘/blue/stevenweisberg/stevenweisberg/qpfMRIResults/sim_wrapper.sh’: No such file or directory
------------------------------------------
Setting up environment variables
---
LD_LIBRARY_PATH is .:/apps/matlab/mcr/2020b/v99/runtime/glnxa64:/apps/matlab/mcr/2020b/v99/bin/glnxa64:/apps/matlab/mcr/2020b/v99/sys/os/glnxa64:/apps/matlab/mcr/2020b/v99/sys/opengl/lib/glnxa64
Warning: Executing startup failed in matlabrc.
This indicates a potentially serious problem in your MATLAB setup, which should be resolved as soon as possible.  Error detected was:
MATLAB:mpath:PathAlterationNotSupported
Modifying the search path is not supported by MATLAB Compiler. Remove functions that modify the search path from your MATLAB code. To make files visible to your deployed application, add the parent folder to your MATLAB session.
Warning: No stimulus domain specified. Defaulting to values between 0.01 and 1.
> In qpfmriParams (line 182)
In compiledSimulate (line 205)
Stimulus domain added from input.
Parameter slope specified as 0.41000
Parameter semiSat specified as 0.57000
Parameter beta specified as 1.00000
Parameter sigma specified as 0.25000
seed = 99seed = 104seed = 111seed = 111seed = 115seed = 101Initializing Q+. This may take a minute...
Elapsed time is 26.316992 seconds.
Simulated parameters:
slope: 0.410 semiSat: 0.570 beta: 1.000 sigma: 0.250 

Trial 1: baseline Stimulus Selection
Stimulus: 0.010
Output value 0.000

Q+ parameters
slope: 0.026 semiSat: 0.890 beta: 0.500 sigma: 0.010 
maxBOLD estimate = 1.000


Trial 2: maxBOLD Stimulus Selection
Stimulus: 1.000
Output value 1.364

Q+ parameters
slope: 0.055 semiSat: 0.670 beta: 1.250 sigma: 0.010 
maxBOLD estimate = 1.000


Trial 3: baseline Stimulus Selection
Stimulus: 0.010
Output value -0.284

Q+ parameters
slope: 0.055 semiSat: 0.670 beta: 1.250 sigma: 0.427 
maxBOLD estimate = 1.250


Trial 4: maxBOLD Stimulus Selection
Stimulus: 1.000
Output value 1.918

Q+ parameters
slope: 0.043 semiSat: 0.780 beta: 1.125 sigma: 1.000 
maxBOLD estimate = 1.562


Trial 5: baseline Stimulus Selection
Stimulus: 0.010
Output value -0.400

Q+ parameters
slope: 0.055 semiSat: 0.670 beta: 1.250 sigma: 1.000 
maxBOLD estimate = 1.758


Trial 6: maxBOLD Stimulus Selection
Stimulus: 1.000
Output value -0.200

Q+ parameters
slope: 0.026 semiSat: 0.890 beta: 0.500 sigma: 0.271 
maxBOLD estimate = 2.197


Trial 7: random Stimulus Selection
Stimulus: 0.216
Output value -0.194

Q+ parameters
slope: 0.070 semiSat: 0.670 beta: 0.969 sigma: 0.271 
maxBOLD estimate = 1.099


Trial 8: random Stimulus Selection
Stimulus: 0.175
Output value 1.125

Q+ parameters
slope: 0.055 semiSat: 0.230 beta: 0.969 sigma: 1.000 
maxBOLD estimate = 1.064


Trial 9: random Stimulus Selection
Stimulus: 0.464
Output value -0.234

Q+ parameters
slope: 0.089 semiSat: 0.890 beta: 1.250 sigma: 0.271 
maxBOLD estimate = 1.031


Trial 10: baseline Stimulus Selection
Stimulus: 0.010
Output value 0.879

Q+ parameters
slope: 0.070 semiSat: 1.000 beta: 1.500 sigma: 0.375 
maxBOLD estimate = 1.289


Trial 11: random Stimulus Selection
Stimulus: 0.216
Output value -0.308

Q+ parameters
slope: 0.055 semiSat: 1.000 beta: 0.875 sigma: 0.218 
maxBOLD estimate = 1.933


Trial 12: random Stimulus Selection
Stimulus: 0.918
Output value 1.480

Q+ parameters
slope: 0.055 semiSat: 0.780 beta: 0.875 sigma: 0.323 
maxBOLD estimate = 1.692


Trial 13: random Stimulus Selection
Stimulus: 0.134
Output value -0.202

Q+ parameters
slope: 0.089 semiSat: 0.780 beta: 0.750 sigma: 0.323 
maxBOLD estimate = 1.480


Trial 14: random Stimulus Selection
Stimulus: 0.794
Output value 1.060

Q+ parameters
slope: 0.055 semiSat: 0.780 beta: 0.875 sigma: 1.000 
maxBOLD estimate = 1.110


Trial 15: maxBOLD Stimulus Selection
Stimulus: 1.000
Output value 0.795

Q+ parameters
slope: 1.000 semiSat: 0.890 beta: 0.750 sigma: 0.479 
maxBOLD estimate = 0.971


Trial 16: random Stimulus Selection
Stimulus: 0.010
Output value -0.199

Q+ parameters
slope: 0.379 semiSat: 0.890 beta: 1.500 sigma: 0.166 
maxBOLD estimate = 0.728


Trial 17: random Stimulus Selection
Stimulus: 0.546
Output value 1.788

Q+ parameters
slope: 0.026 semiSat: 0.890 beta: 1.500 sigma: 1.000 
maxBOLD estimate = 1.093


Trial 18: random Stimulus Selection
Stimulus: 0.711
Output value -0.112

Q+ parameters
slope: 1.000 semiSat: 0.890 beta: 0.750 sigma: 0.271 
maxBOLD estimate = 1.639


Trial 19: random Stimulus Selection
Stimulus: 0.629
Output value 0.685

Q+ parameters
slope: 0.379 semiSat: 0.890 beta: 0.875 sigma: 1.000 
maxBOLD estimate = 1.229


Trial 20: baseline Stimulus Selection
Stimulus: 0.010
Output value -0.244

Q+ parameters
slope: 0.021 semiSat: 0.670 beta: 1.250 sigma: 1.000 
maxBOLD estimate = 1.076


Trial 21: random Stimulus Selection
Stimulus: 0.876
Output value 1.066

Q+ parameters
slope: 0.055 semiSat: 0.560 beta: 0.969 sigma: 0.792 
maxBOLD estimate = 1.345


Trial 22: random Stimulus Selection
Stimulus: 0.010
Output value -0.296

Q+ parameters
slope: 0.021 semiSat: 0.670 beta: 1.250 sigma: 1.000 
maxBOLD estimate = 1.303


Trial 23: random Stimulus Selection
Stimulus: 0.670
Output value -0.139

Q+ parameters
slope: 0.183 semiSat: 0.780 beta: 0.938 sigma: 1.000 
maxBOLD estimate = 1.628


Trial 24: random Stimulus Selection
Stimulus: 0.876
Output value 1.474

Q+ parameters
slope: 0.055 semiSat: 0.560 beta: 1.062 sigma: 0.635 
maxBOLD estimate = 1.526


Trial 25: maxBOLD Stimulus Selection
Stimulus: 1.000
Output value 0.940

Q+ parameters
slope: 0.055 semiSat: 0.560 beta: 1.062 sigma: 1.000 
maxBOLD estimate = 1.622


Trial 26: random Stimulus Selection
Stimulus: 0.175
Output value -0.333

Q+ parameters
slope: 0.113 semiSat: 0.670 beta: 1.062 sigma: 1.000 
maxBOLD estimate = 1.723


Trial 27: random Stimulus Selection
Stimulus: 0.257
Output value -0.250

Q+ parameters
slope: 0.379 semiSat: 0.560 beta: 0.750 sigma: 0.271 
maxBOLD estimate = 1.831


Trial 28: random Stimulus Selection
Stimulus: 0.629
Output value -0.242

Q+ parameters
slope: 0.026 semiSat: 0.670 beta: 0.969 sigma: 1.000 
maxBOLD estimate = 1.373


Trial 29: random Stimulus Selection
Stimulus: 0.134
Output value 0.469

Q+ parameters
slope: 0.026 semiSat: 0.670 beta: 0.969 sigma: 1.000 
maxBOLD estimate = 1.330


Trial 30: baseline Stimulus Selection
Stimulus: 0.010
Output value -0.293

Q+ parameters
slope: 0.016 semiSat: 0.890 beta: 1.250 sigma: 1.000 
maxBOLD estimate = 1.289

--------------------------------------------------------------
FINAL VALUES
--------------------------------------------------------------
Simulated parameters:              slope: 0.410 semiSat: 0.570 beta: 1.000 sigma: 0.250 
Max posterior QUEST+ parameters:   slope: 0.043 semiSat: 0.670 beta: 1.062 sigma: 0.479 
Max BADS parameters:               slope: 0.046 semiSat: 0.648 beta: 1.000 sigma: 0.474 
maxBOLD estimate: 1.554
