/blue/stevenweisberg/stevenweisberg/MATLAB/projects/Weisberg_Aguirre_2020/scripts/run_sims
c30a-s23.ufhpc
Tue Apr  6 18:47:05 EDT 2021
mkdir: cannot create directory ‘/blue/stevenweisberg/stevenweisberg/qpfMRIResults/model_parameter_set2/’: File exists
cp: cannot stat ‘/blue/stevenweisberg/stevenweisberg/qpfMRIResults/deploy_sim.sh’: No such file or directory
cp: cannot stat ‘/blue/stevenweisberg/stevenweisberg/qpfMRIResults/sim_wrapper.sh’: No such file or directory
------------------------------------------
Setting up environment variables
---
LD_LIBRARY_PATH is .:/apps/matlab/mcr/2020b/v99/runtime/glnxa64:/apps/matlab/mcr/2020b/v99/bin/glnxa64:/apps/matlab/mcr/2020b/v99/sys/os/glnxa64:/apps/matlab/mcr/2020b/v99/sys/opengl/lib/glnxa64
Warning: Executing startup failed in matlabrc.
This indicates a potentially serious problem in your MATLAB setup, which should be resolved as soon as possible.  Error detected was:
MATLAB:mpath:PathAlterationNotSupported
Modifying the search path is not supported by MATLAB Compiler. Remove functions that modify the search path from your MATLAB code. To make files visible to your deployed application, add the parent folder to your MATLAB session.
Warning: No stimulus domain specified. Defaulting to values between 0.01 and 1.
> In qpfmriParams (line 182)
In compiledSimulate (line 205)
Stimulus domain added from input.
Parameter slope specified as 0.20000
Parameter semiSat specified as 0.57000
Parameter beta specified as 1.00000
Parameter sigma specified as 0.10000
seed = 99seed = 104seed = 111seed = 111seed = 115seed = 101Initializing Q+. This may take a minute...
Elapsed time is 11.046413 seconds.
Simulated parameters:
slope: 0.200 semiSat: 0.570 beta: 1.000 sigma: 0.100 

Trial 1: baseline Stimulus Selection
Stimulus: 0.010
Output value 0.000

Q+ parameters
slope: 0.026 semiSat: 0.890 beta: 0.500 sigma: 0.010 
maxBOLD estimate = 1.000


Trial 2: maxBOLD Stimulus Selection
Stimulus: 1.000
Output value 1.364

Q+ parameters
slope: 0.055 semiSat: 0.670 beta: 1.250 sigma: 0.010 
maxBOLD estimate = 1.000


Trial 3: baseline Stimulus Selection
Stimulus: 0.010
Output value -0.284

Q+ parameters
slope: 0.055 semiSat: 0.670 beta: 1.250 sigma: 0.114 
maxBOLD estimate = 1.250


Trial 4: maxBOLD Stimulus Selection
Stimulus: 1.000
Output value 1.420

Q+ parameters
slope: 0.043 semiSat: 0.780 beta: 1.250 sigma: 0.114 
maxBOLD estimate = 1.562


Trial 5: baseline Stimulus Selection
Stimulus: 0.010
Output value 0.200

Q+ parameters
slope: 0.043 semiSat: 0.780 beta: 1.125 sigma: 0.114 
maxBOLD estimate = 1.953


Trial 6: maxBOLD Stimulus Selection
Stimulus: 1.000
Output value 1.742

Q+ parameters
slope: 0.043 semiSat: 0.780 beta: 0.969 sigma: 0.062 
maxBOLD estimate = 2.197


Trial 7: qplus Stimulus Selection
Stimulus: 0.670
Output value 0.871

Q+ parameters
slope: 0.070 semiSat: 0.560 beta: 0.750 sigma: 0.062 
maxBOLD estimate = 2.129


Trial 8: qplus Stimulus Selection
Stimulus: 0.505
Output value -0.363

Q+ parameters
slope: 0.234 semiSat: 0.670 beta: 1.250 sigma: 0.114 
maxBOLD estimate = 1.596


Trial 9: qplus Stimulus Selection
Stimulus: 0.711
Output value 2.041

Q+ parameters
slope: 0.616 semiSat: 0.670 beta: 0.938 sigma: 0.114 
maxBOLD estimate = 1.996


Trial 10: baseline Stimulus Selection
Stimulus: 0.010
Output value 0.383

Q+ parameters
slope: 0.616 semiSat: 0.670 beta: 0.750 sigma: 0.114 
maxBOLD estimate = 1.871


Trial 11: qplus Stimulus Selection
Stimulus: 0.629
Output value 1.626

Q+ parameters
slope: 0.616 semiSat: 0.560 beta: 1.062 sigma: 0.114 
maxBOLD estimate = 1.403


Trial 12: qplus Stimulus Selection
Stimulus: 0.588
Output value 1.050

Q+ parameters
slope: 0.379 semiSat: 0.560 beta: 0.969 sigma: 0.114 
maxBOLD estimate = 1.491


Trial 13: qplus Stimulus Selection
Stimulus: 0.588
Output value 1.018

Q+ parameters
slope: 0.379 semiSat: 0.560 beta: 0.969 sigma: 0.114 
maxBOLD estimate = 1.444


Trial 14: qplus Stimulus Selection
Stimulus: 0.588
Output value 0.616

Q+ parameters
slope: 0.379 semiSat: 0.560 beta: 0.969 sigma: 0.114 
maxBOLD estimate = 1.399


Trial 15: maxBOLD Stimulus Selection
Stimulus: 1.000
Output value 1.571

Q+ parameters
slope: 0.298 semiSat: 0.560 beta: 1.062 sigma: 0.114 
maxBOLD estimate = 1.355


Trial 16: qplus Stimulus Selection
Stimulus: 0.505
Output value -0.254

Q+ parameters
slope: 0.379 semiSat: 0.560 beta: 0.969 sigma: 0.114 
maxBOLD estimate = 1.440


Trial 17: qplus Stimulus Selection
Stimulus: 0.546
Output value 1.482

Q+ parameters
slope: 0.298 semiSat: 0.560 beta: 1.062 sigma: 0.166 
maxBOLD estimate = 1.395


Trial 18: qplus Stimulus Selection
Stimulus: 0.505
Output value 1.002

Q+ parameters
slope: 0.183 semiSat: 0.560 beta: 1.062 sigma: 0.114 
maxBOLD estimate = 1.482


Trial 19: qplus Stimulus Selection
Stimulus: 0.505
Output value 0.143

Q+ parameters
slope: 0.234 semiSat: 0.560 beta: 1.000 sigma: 0.114 
maxBOLD estimate = 1.575


Trial 20: baseline Stimulus Selection
Stimulus: 0.010
Output value 1.289

Q+ parameters
slope: 0.144 semiSat: 0.670 beta: 1.500 sigma: 0.166 
maxBOLD estimate = 1.575


Trial 21: qplus Stimulus Selection
Stimulus: 0.629
Output value 0.644

Q+ parameters
slope: 0.055 semiSat: 0.670 beta: 0.750 sigma: 0.114 
maxBOLD estimate = 2.362


Trial 22: qplus Stimulus Selection
Stimulus: 0.918
Output value 1.087

Q+ parameters
slope: 0.183 semiSat: 0.560 beta: 0.750 sigma: 0.114 
maxBOLD estimate = 1.772


Trial 23: qplus Stimulus Selection
Stimulus: 0.629
Output value 1.540

Q+ parameters
slope: 0.298 semiSat: 0.560 beta: 1.062 sigma: 0.166 
maxBOLD estimate = 1.329


Trial 24: qplus Stimulus Selection
Stimulus: 0.546
Output value 0.770

Q+ parameters
slope: 0.234 semiSat: 0.560 beta: 1.000 sigma: 0.114 
maxBOLD estimate = 1.412


Trial 25: maxBOLD Stimulus Selection
Stimulus: 1.000
Output value 1.540

Q+ parameters
slope: 0.234 semiSat: 0.560 beta: 1.000 sigma: 0.114 
maxBOLD estimate = 1.412


Trial 26: qplus Stimulus Selection
Stimulus: 0.588
Output value 1.637

Q+ parameters
slope: 0.298 semiSat: 0.560 beta: 1.062 sigma: 0.166 
maxBOLD estimate = 1.412


Trial 27: qplus Stimulus Selection
Stimulus: 0.588
Output value 0.614

Q+ parameters
slope: 0.113 semiSat: 0.670 beta: 1.500 sigma: 0.166 
maxBOLD estimate = 1.500


Trial 28: qplus Stimulus Selection
Stimulus: 0.629
Output value 0.767

Q+ parameters
slope: 0.055 semiSat: 0.670 beta: 0.750 sigma: 0.114 
maxBOLD estimate = 2.250


Trial 29: qplus Stimulus Selection
Stimulus: 0.876
Output value 0.537

Q+ parameters
slope: 0.234 semiSat: 0.560 beta: 0.875 sigma: 0.166 
maxBOLD estimate = 1.688


Trial 30: baseline Stimulus Selection
Stimulus: 0.010
Output value 0.201

Q+ parameters
slope: 0.113 semiSat: 0.670 beta: 1.500 sigma: 0.166 
maxBOLD estimate = 1.477


Trial 31: qplus Stimulus Selection
Stimulus: 0.629
Output value 0.906

Q+ parameters
slope: 0.055 semiSat: 0.670 beta: 0.750 sigma: 0.114 
maxBOLD estimate = 2.215


Trial 32: qplus Stimulus Selection
Stimulus: 0.794
Output value 0.000

Q+ parameters
slope: 0.043 semiSat: 0.780 beta: 1.250 sigma: 0.166 
maxBOLD estimate = 1.661


Trial 33: qplus Stimulus Selection
Stimulus: 0.753
Output value 0.425

Q+ parameters
slope: 0.055 semiSat: 0.670 beta: 0.750 sigma: 0.114 
maxBOLD estimate = 2.077


Trial 34: qplus Stimulus Selection
Stimulus: 1.000
Output value 2.124

Q+ parameters
slope: 0.070 semiSat: 0.670 beta: 1.250 sigma: 0.166 
maxBOLD estimate = 1.557


Trial 35: maxBOLD Stimulus Selection
Stimulus: 1.000
Output value 1.062

Q+ parameters
slope: 0.183 semiSat: 0.560 beta: 0.750 sigma: 0.114 
maxBOLD estimate = 1.947


Trial 36: qplus Stimulus Selection
Stimulus: 0.670
Output value 1.161

Q+ parameters
slope: 0.234 semiSat: 0.560 beta: 0.875 sigma: 0.114 
maxBOLD estimate = 1.460


Trial 37: qplus Stimulus Selection
Stimulus: 0.505
Output value -0.225

Q+ parameters
slope: 0.379 semiSat: 0.560 beta: 0.969 sigma: 0.166 
maxBOLD estimate = 1.278


Trial 38: qplus Stimulus Selection
Stimulus: 0.588
Output value 0.872

Q+ parameters
slope: 0.379 semiSat: 0.560 beta: 0.969 sigma: 0.166 
maxBOLD estimate = 1.238


Trial 39: qplus Stimulus Selection
Stimulus: 0.505
Output value -0.211

Q+ parameters
slope: 0.379 semiSat: 0.560 beta: 0.969 sigma: 0.166 
maxBOLD estimate = 1.199


Trial 40: baseline Stimulus Selection
Stimulus: 0.010
Output value 0.409

Q+ parameters
slope: 0.379 semiSat: 0.560 beta: 0.969 sigma: 0.166 
maxBOLD estimate = 1.162


Trial 41: qplus Stimulus Selection
Stimulus: 0.588
Output value 0.460

Q+ parameters
slope: 0.379 semiSat: 0.560 beta: 1.125 sigma: 0.166 
maxBOLD estimate = 1.125


Trial 42: qplus Stimulus Selection
Stimulus: 0.505
Output value 0.000

Q+ parameters
slope: 0.234 semiSat: 0.560 beta: 1.000 sigma: 0.166 
maxBOLD estimate = 1.266


Trial 43: qplus Stimulus Selection
Stimulus: 0.505
Output value 0.230

Q+ parameters
slope: 0.234 semiSat: 0.560 beta: 1.000 sigma: 0.114 
maxBOLD estimate = 1.266


Trial 44: qplus Stimulus Selection
Stimulus: 0.546
Output value 0.460

Q+ parameters
slope: 0.234 semiSat: 0.560 beta: 1.000 sigma: 0.114 
maxBOLD estimate = 1.266


Trial 45: maxBOLD Stimulus Selection
Stimulus: 1.000
Output value 1.151

Q+ parameters
slope: 0.234 semiSat: 0.560 beta: 1.000 sigma: 0.114 
maxBOLD estimate = 1.266


Trial 46: qplus Stimulus Selection
Stimulus: 0.546
Output value 1.036

Q+ parameters
slope: 0.234 semiSat: 0.560 beta: 1.000 sigma: 0.166 
maxBOLD estimate = 1.266


Trial 47: qplus Stimulus Selection
Stimulus: 0.505
Output value -0.245

Q+ parameters
slope: 0.298 semiSat: 0.560 beta: 1.062 sigma: 0.166 
maxBOLD estimate = 1.266


Trial 48: qplus Stimulus Selection
Stimulus: 0.588
Output value 0.749

Q+ parameters
slope: 0.379 semiSat: 0.560 beta: 0.875 sigma: 0.114 
maxBOLD estimate = 1.345


Trial 49: qplus Stimulus Selection
Stimulus: 0.546
Output value -0.227

Q+ parameters
slope: 0.379 semiSat: 0.560 beta: 1.062 sigma: 0.166 
maxBOLD estimate = 1.177


Trial 50: baseline Stimulus Selection
Stimulus: 0.010
Output value 0.220

Q+ parameters
slope: 0.379 semiSat: 0.560 beta: 0.969 sigma: 0.166 
maxBOLD estimate = 1.250


Trial 51: qplus Stimulus Selection
Stimulus: 0.588
Output value 0.585

Q+ parameters
slope: 0.298 semiSat: 0.560 beta: 1.062 sigma: 0.166 
maxBOLD estimate = 1.211


Trial 52: qplus Stimulus Selection
Stimulus: 0.588
Output value 0.000

Q+ parameters
slope: 0.234 semiSat: 0.560 beta: 1.000 sigma: 0.166 
maxBOLD estimate = 1.287


Trial 53: qplus Stimulus Selection
Stimulus: 0.670
Output value 1.287

Q+ parameters
slope: 0.234 semiSat: 0.560 beta: 1.000 sigma: 0.166 
maxBOLD estimate = 1.287


Trial 54: qplus Stimulus Selection
Stimulus: 0.546
Output value 0.340

Q+ parameters
slope: 0.298 semiSat: 0.560 beta: 0.969 sigma: 0.166 
maxBOLD estimate = 1.287


Trial 55: maxBOLD Stimulus Selection
Stimulus: 1.000
Output value 0.907

Q+ parameters
slope: 0.234 semiSat: 0.560 beta: 1.000 sigma: 0.166 
maxBOLD estimate = 1.247


Trial 56: qplus Stimulus Selection
Stimulus: 0.588
Output value 1.445

Q+ parameters
slope: 0.298 semiSat: 0.560 beta: 1.062 sigma: 0.166 
maxBOLD estimate = 1.247


Trial 57: qplus Stimulus Selection
Stimulus: 0.588
Output value 1.050

Q+ parameters
slope: 0.379 semiSat: 0.560 beta: 0.969 sigma: 0.166 
maxBOLD estimate = 1.325


Trial 58: qplus Stimulus Selection
Stimulus: 0.505
Output value 0.113

Q+ parameters
slope: 0.379 semiSat: 0.560 beta: 0.969 sigma: 0.166 
maxBOLD estimate = 1.283


Trial 59: qplus Stimulus Selection
Stimulus: 0.588
Output value 0.480

Q+ parameters
slope: 0.298 semiSat: 0.560 beta: 1.062 sigma: 0.166 
maxBOLD estimate = 1.243


Trial 60: baseline Stimulus Selection
Stimulus: 0.010
Output value 0.116

Q+ parameters
slope: 0.379 semiSat: 0.560 beta: 0.969 sigma: 0.166 
maxBOLD estimate = 1.321


Trial 61: qplus Stimulus Selection
Stimulus: 0.505
Output value 0.000

Q+ parameters
slope: 0.379 semiSat: 0.560 beta: 0.969 sigma: 0.166 
maxBOLD estimate = 1.280


Trial 62: qplus Stimulus Selection
Stimulus: 0.588
Output value 1.437

Q+ parameters
slope: 0.298 semiSat: 0.560 beta: 1.062 sigma: 0.166 
maxBOLD estimate = 1.240


Trial 63: qplus Stimulus Selection
Stimulus: 0.546
Output value 0.000

Q+ parameters
slope: 0.379 semiSat: 0.560 beta: 0.969 sigma: 0.166 
maxBOLD estimate = 1.317


Trial 64: qplus Stimulus Selection
Stimulus: 0.505
Output value 0.863

Q+ parameters
slope: 0.298 semiSat: 0.560 beta: 1.062 sigma: 0.166 
maxBOLD estimate = 1.276


Trial 65: maxBOLD Stimulus Selection
Stimulus: 1.000
Output value 1.479

Q+ parameters
slope: 0.234 semiSat: 0.560 beta: 1.000 sigma: 0.166 
maxBOLD estimate = 1.356


Trial 66: qplus Stimulus Selection
Stimulus: 0.505
Output value -0.123

Q+ parameters
slope: 0.234 semiSat: 0.560 beta: 1.000 sigma: 0.166 
maxBOLD estimate = 1.356


Trial 67: qplus Stimulus Selection
Stimulus: 0.505
Output value 0.616

Q+ parameters
slope: 0.234 semiSat: 0.560 beta: 1.000 sigma: 0.166 
maxBOLD estimate = 1.356


Trial 68: qplus Stimulus Selection
Stimulus: 0.505
Output value 0.123

Q+ parameters
slope: 0.234 semiSat: 0.560 beta: 1.000 sigma: 0.166 
maxBOLD estimate = 1.356


Trial 69: qplus Stimulus Selection
Stimulus: 0.546
Output value 0.986

Q+ parameters
slope: 0.234 semiSat: 0.560 beta: 1.000 sigma: 0.166 
maxBOLD estimate = 1.356


Trial 70: baseline Stimulus Selection
Stimulus: 0.010
Output value 0.000

Q+ parameters
slope: 0.234 semiSat: 0.560 beta: 1.000 sigma: 0.166 
maxBOLD estimate = 1.356


Trial 71: qplus Stimulus Selection
Stimulus: 0.546
Output value 1.233

Q+ parameters
slope: 0.234 semiSat: 0.560 beta: 1.000 sigma: 0.166 
maxBOLD estimate = 1.356


Trial 72: qplus Stimulus Selection
Stimulus: 0.546
Output value 0.863

Q+ parameters
slope: 0.234 semiSat: 0.560 beta: 1.000 sigma: 0.166 
maxBOLD estimate = 1.356


Trial 73: qplus Stimulus Selection
Stimulus: 0.546
Output value 0.123

Q+ parameters
slope: 0.234 semiSat: 0.560 beta: 1.000 sigma: 0.166 
maxBOLD estimate = 1.356


Trial 74: qplus Stimulus Selection
Stimulus: 0.546
Output value 0.863

Q+ parameters
slope: 0.234 semiSat: 0.560 beta: 1.000 sigma: 0.166 
maxBOLD estimate = 1.356


Trial 75: maxBOLD Stimulus Selection
Stimulus: 1.000
Output value 1.479

Q+ parameters
slope: 0.234 semiSat: 0.560 beta: 1.000 sigma: 0.166 
maxBOLD estimate = 1.356


Trial 76: qplus Stimulus Selection
Stimulus: 0.546
Output value -0.239

Q+ parameters
slope: 0.298 semiSat: 0.560 beta: 0.969 sigma: 0.166 
maxBOLD estimate = 1.356


Trial 77: qplus Stimulus Selection
Stimulus: 0.505
Output value -0.231

Q+ parameters
slope: 0.379 semiSat: 0.560 beta: 0.969 sigma: 0.166 
maxBOLD estimate = 1.313


Trial 78: qplus Stimulus Selection
Stimulus: 0.588
Output value 0.116

Q+ parameters
slope: 0.234 semiSat: 0.560 beta: 1.000 sigma: 0.166 
maxBOLD estimate = 1.272


Trial 79: qplus Stimulus Selection
Stimulus: 0.546
Output value 1.475

Q+ parameters
slope: 0.298 semiSat: 0.560 beta: 1.062 sigma: 0.166 
maxBOLD estimate = 1.272


Trial 80: baseline Stimulus Selection
Stimulus: 0.010
Output value 0.119

Q+ parameters
slope: 0.298 semiSat: 0.560 beta: 0.969 sigma: 0.166 
maxBOLD estimate = 1.352


Trial 81: qplus Stimulus Selection
Stimulus: 0.546
Output value 0.714

Q+ parameters
slope: 0.234 semiSat: 0.560 beta: 1.000 sigma: 0.166 
maxBOLD estimate = 1.310


Trial 82: qplus Stimulus Selection
Stimulus: 0.546
Output value -0.115

Q+ parameters
slope: 0.298 semiSat: 0.560 beta: 0.969 sigma: 0.166 
maxBOLD estimate = 1.310


Trial 83: qplus Stimulus Selection
Stimulus: 0.588
Output value 0.245

Q+ parameters
slope: 0.298 semiSat: 0.560 beta: 1.062 sigma: 0.166 
maxBOLD estimate = 1.269


Trial 84: qplus Stimulus Selection
Stimulus: 0.588
Output value 0.712

Q+ parameters
slope: 0.298 semiSat: 0.560 beta: 0.969 sigma: 0.166 
maxBOLD estimate = 1.348


Trial 85: maxBOLD Stimulus Selection
Stimulus: 1.000
Output value 0.178

Q+ parameters
slope: 0.379 semiSat: 0.560 beta: 0.750 sigma: 0.218 
maxBOLD estimate = 1.306


Trial 86: qplus Stimulus Selection
Stimulus: 0.588
Output value 0.601

Q+ parameters
slope: 0.379 semiSat: 0.560 beta: 1.125 sigma: 0.166 
maxBOLD estimate = 0.979


Trial 87: qplus Stimulus Selection
Stimulus: 0.505
Output value -0.106

Q+ parameters
slope: 0.298 semiSat: 0.560 beta: 1.062 sigma: 0.166 
maxBOLD estimate = 1.102


Trial 88: qplus Stimulus Selection
Stimulus: 0.629
Output value 0.220

Q+ parameters
slope: 0.234 semiSat: 0.560 beta: 1.031 sigma: 0.166 
maxBOLD estimate = 1.171


Trial 89: qplus Stimulus Selection
Stimulus: 0.670
Output value 1.019

Q+ parameters
slope: 0.234 semiSat: 0.560 beta: 1.031 sigma: 0.166 
maxBOLD estimate = 1.207


Trial 90: baseline Stimulus Selection
Stimulus: 0.010
Output value -0.241

Q+ parameters
slope: 0.298 semiSat: 0.560 beta: 1.062 sigma: 0.166 
maxBOLD estimate = 1.245


Trial 91: qplus Stimulus Selection
Stimulus: 0.505
Output value 0.722

Q+ parameters
slope: 0.234 semiSat: 0.560 beta: 1.000 sigma: 0.166 
maxBOLD estimate = 1.323


Trial 92: qplus Stimulus Selection
Stimulus: 0.546
Output value 0.361

Q+ parameters
slope: 0.234 semiSat: 0.560 beta: 1.000 sigma: 0.166 
maxBOLD estimate = 1.323


Trial 93: qplus Stimulus Selection
Stimulus: 0.546
Output value 0.481

Q+ parameters
slope: 0.234 semiSat: 0.560 beta: 1.000 sigma: 0.166 
maxBOLD estimate = 1.323


Trial 94: qplus Stimulus Selection
Stimulus: 0.546
Output value 0.842

Q+ parameters
slope: 0.234 semiSat: 0.560 beta: 1.000 sigma: 0.166 
maxBOLD estimate = 1.323


Trial 95: maxBOLD Stimulus Selection
Stimulus: 1.000
Output value 1.203

Q+ parameters
slope: 0.234 semiSat: 0.560 beta: 1.000 sigma: 0.166 
maxBOLD estimate = 1.323


Trial 96: qplus Stimulus Selection
Stimulus: 0.546
Output value 0.116

Q+ parameters
slope: 0.298 semiSat: 0.560 beta: 0.969 sigma: 0.166 
maxBOLD estimate = 1.323


Trial 97: qplus Stimulus Selection
Stimulus: 0.546
Output value 0.815

Q+ parameters
slope: 0.234 semiSat: 0.560 beta: 1.000 sigma: 0.166 
maxBOLD estimate = 1.281


Trial 98: qplus Stimulus Selection
Stimulus: 0.546
Output value 0.349

Q+ parameters
slope: 0.234 semiSat: 0.560 beta: 1.000 sigma: 0.166 
maxBOLD estimate = 1.281


Trial 99: qplus Stimulus Selection
Stimulus: 0.546
Output value 0.582

Q+ parameters
slope: 0.234 semiSat: 0.560 beta: 1.000 sigma: 0.166 
maxBOLD estimate = 1.281


Trial 100: baseline Stimulus Selection
Stimulus: 0.010
Output value 0.339

Q+ parameters
slope: 0.298 semiSat: 0.560 beta: 0.969 sigma: 0.166 
maxBOLD estimate = 1.281

--------------------------------------------------------------
FINAL VALUES
--------------------------------------------------------------
Simulated parameters:              slope: 0.200 semiSat: 0.570 beta: 1.000 sigma: 0.100 
Max posterior QUEST+ parameters:   slope: 0.298 semiSat: 0.560 beta: 0.969 sigma: 0.166 
Max BADS parameters:               slope: 0.309 semiSat: 0.571 beta: 1.000 sigma: 0.158 
maxBOLD estimate: 1.224
