/blue/stevenweisberg/stevenweisberg/MATLAB/projects/Weisberg_Aguirre_2020/scripts/run_sims
c0700a-s2.ufhpc
Tue Apr  6 22:06:45 EDT 2021
mkdir: cannot create directory ‘/blue/stevenweisberg/stevenweisberg/qpfMRIResults/model_parameter_set2/’: File exists
cp: cannot stat ‘/blue/stevenweisberg/stevenweisberg/qpfMRIResults/deploy_sim.sh’: No such file or directory
cp: cannot stat ‘/blue/stevenweisberg/stevenweisberg/qpfMRIResults/sim_wrapper.sh’: No such file or directory
------------------------------------------
Setting up environment variables
---
LD_LIBRARY_PATH is .:/apps/matlab/mcr/2020b/v99/runtime/glnxa64:/apps/matlab/mcr/2020b/v99/bin/glnxa64:/apps/matlab/mcr/2020b/v99/sys/os/glnxa64:/apps/matlab/mcr/2020b/v99/sys/opengl/lib/glnxa64
Warning: Executing startup failed in matlabrc.
This indicates a potentially serious problem in your MATLAB setup, which should be resolved as soon as possible.  Error detected was:
MATLAB:mpath:PathAlterationNotSupported
Modifying the search path is not supported by MATLAB Compiler. Remove functions that modify the search path from your MATLAB code. To make files visible to your deployed application, add the parent folder to your MATLAB session.
Warning: No stimulus domain specified. Defaulting to values between 0.01 and 1.
> In qpfmriParams (line 182)
In compiledSimulate (line 205)
Stimulus domain added from input.
Parameter slope specified as 0.20000
Parameter semiSat specified as 0.57000
Parameter beta specified as 1.00000
Parameter sigma specified as 0.10000
seed = 99seed = 104seed = 111seed = 111seed = 115seed = 101Initializing Q+. This may take a minute...
Elapsed time is 6.067667 seconds.
Simulated parameters:
slope: 0.200 semiSat: 0.570 beta: 1.000 sigma: 0.100 

Trial 1: baseline Stimulus Selection
Stimulus: 0.010
Output value 0.000

Q+ parameters
slope: 0.026 semiSat: 0.890 beta: 0.500 sigma: 0.010 
maxBOLD estimate = 1.000


Trial 2: maxBOLD Stimulus Selection
Stimulus: 1.000
Output value 1.364

Q+ parameters
slope: 0.055 semiSat: 0.670 beta: 1.250 sigma: 0.010 
maxBOLD estimate = 1.000


Trial 3: baseline Stimulus Selection
Stimulus: 0.010
Output value -0.142

Q+ parameters
slope: 0.055 semiSat: 0.670 beta: 1.250 sigma: 0.062 
maxBOLD estimate = 1.250


Trial 4: maxBOLD Stimulus Selection
Stimulus: 1.000
Output value 1.918

Q+ parameters
slope: 0.055 semiSat: 0.670 beta: 1.125 sigma: 0.062 
maxBOLD estimate = 1.562


Trial 5: baseline Stimulus Selection
Stimulus: 0.010
Output value 0.000

Q+ parameters
slope: 0.043 semiSat: 0.780 beta: 1.250 sigma: 0.062 
maxBOLD estimate = 1.758


Trial 6: maxBOLD Stimulus Selection
Stimulus: 1.000
Output value 1.748

Q+ parameters
slope: 0.034 semiSat: 1.000 beta: 1.250 sigma: 0.062 
maxBOLD estimate = 2.197


Trial 7: qplus Stimulus Selection
Stimulus: 0.711
Output value 0.874

Q+ parameters
slope: 0.785 semiSat: 0.120 beta: 0.500 sigma: 0.062 
maxBOLD estimate = 2.747


Trial 8: qplus Stimulus Selection
Stimulus: 0.299
Output value 0.468

Q+ parameters
slope: 0.089 semiSat: 0.450 beta: 1.250 sigma: 0.062 
maxBOLD estimate = 1.373


Trial 9: qplus Stimulus Selection
Stimulus: 0.381
Output value 0.273

Q+ parameters
slope: 0.183 semiSat: 0.450 beta: 0.875 sigma: 0.062 
maxBOLD estimate = 1.717


Trial 10: baseline Stimulus Selection
Stimulus: 0.010
Output value 0.171

Q+ parameters
slope: 0.113 semiSat: 0.560 beta: 1.250 sigma: 0.062 
maxBOLD estimate = 1.502


Trial 11: qplus Stimulus Selection
Stimulus: 0.505
Output value 0.320

Q+ parameters
slope: 0.234 semiSat: 0.560 beta: 0.938 sigma: 0.062 
maxBOLD estimate = 1.878


Trial 12: qplus Stimulus Selection
Stimulus: 0.629
Output value 1.200

Q+ parameters
slope: 0.234 semiSat: 0.560 beta: 0.938 sigma: 0.062 
maxBOLD estimate = 1.760


Trial 13: qplus Stimulus Selection
Stimulus: 0.505
Output value 0.450

Q+ parameters
slope: 0.234 semiSat: 0.560 beta: 1.000 sigma: 0.062 
maxBOLD estimate = 1.650


Trial 14: qplus Stimulus Selection
Stimulus: 0.588
Output value 0.900

Q+ parameters
slope: 0.234 semiSat: 0.560 beta: 1.000 sigma: 0.062 
maxBOLD estimate = 1.650


Trial 15: maxBOLD Stimulus Selection
Stimulus: 1.000
Output value 1.800

Q+ parameters
slope: 0.234 semiSat: 0.560 beta: 1.000 sigma: 0.062 
maxBOLD estimate = 1.650


Trial 16: qplus Stimulus Selection
Stimulus: 0.629
Output value 1.500

Q+ parameters
slope: 0.234 semiSat: 0.560 beta: 1.000 sigma: 0.062 
maxBOLD estimate = 1.650


Trial 17: qplus Stimulus Selection
Stimulus: 0.546
Output value 0.750

Q+ parameters
slope: 0.234 semiSat: 0.560 beta: 1.000 sigma: 0.062 
maxBOLD estimate = 1.650


Trial 18: qplus Stimulus Selection
Stimulus: 0.670
Output value 1.350

Q+ parameters
slope: 0.234 semiSat: 0.560 beta: 1.000 sigma: 0.062 
maxBOLD estimate = 1.650


Trial 19: qplus Stimulus Selection
Stimulus: 0.505
Output value 0.464

Q+ parameters
slope: 0.183 semiSat: 0.560 beta: 1.031 sigma: 0.062 
maxBOLD estimate = 1.650


Trial 20: baseline Stimulus Selection
Stimulus: 0.010
Output value -0.145

Q+ parameters
slope: 0.183 semiSat: 0.560 beta: 0.938 sigma: 0.062 
maxBOLD estimate = 1.702


Trial 21: qplus Stimulus Selection
Stimulus: 0.711
Output value 1.795

Q+ parameters
slope: 0.183 semiSat: 0.560 beta: 1.031 sigma: 0.062 
maxBOLD estimate = 1.595


Trial 22: qplus Stimulus Selection
Stimulus: 0.505
Output value -0.150

Q+ parameters
slope: 0.234 semiSat: 0.560 beta: 1.000 sigma: 0.114 
maxBOLD estimate = 1.645


Trial 23: qplus Stimulus Selection
Stimulus: 0.505
Output value 0.771

Q+ parameters
slope: 0.183 semiSat: 0.560 beta: 1.031 sigma: 0.114 
maxBOLD estimate = 1.645


Trial 24: qplus Stimulus Selection
Stimulus: 0.629
Output value 1.350

Q+ parameters
slope: 0.298 semiSat: 0.560 beta: 0.875 sigma: 0.062 
maxBOLD estimate = 1.697


Trial 25: maxBOLD Stimulus Selection
Stimulus: 1.000
Output value 1.822

Q+ parameters
slope: 0.183 semiSat: 0.560 beta: 1.125 sigma: 0.114 
maxBOLD estimate = 1.485


Trial 26: qplus Stimulus Selection
Stimulus: 0.505
Output value 0.939

Q+ parameters
slope: 0.183 semiSat: 0.560 beta: 1.031 sigma: 0.114 
maxBOLD estimate = 1.670


Trial 27: qplus Stimulus Selection
Stimulus: 0.629
Output value 0.881

Q+ parameters
slope: 0.183 semiSat: 0.560 beta: 0.938 sigma: 0.062 
maxBOLD estimate = 1.722


Trial 28: qplus Stimulus Selection
Stimulus: 0.588
Output value 1.486

Q+ parameters
slope: 0.183 semiSat: 0.560 beta: 1.125 sigma: 0.114 
maxBOLD estimate = 1.615


Trial 29: qplus Stimulus Selection
Stimulus: 0.423
Output value 0.310

Q+ parameters
slope: 0.183 semiSat: 0.560 beta: 0.938 sigma: 0.062 
maxBOLD estimate = 1.817


Trial 30: baseline Stimulus Selection
Stimulus: 0.010
Output value 0.000

Q+ parameters
slope: 0.183 semiSat: 0.560 beta: 1.031 sigma: 0.062 
maxBOLD estimate = 1.703


Trial 31: qplus Stimulus Selection
Stimulus: 0.629
Output value 0.898

Q+ parameters
slope: 0.183 semiSat: 0.560 beta: 0.938 sigma: 0.114 
maxBOLD estimate = 1.756


Trial 32: qplus Stimulus Selection
Stimulus: 0.588
Output value 1.235

Q+ parameters
slope: 0.183 semiSat: 0.560 beta: 1.031 sigma: 0.114 
maxBOLD estimate = 1.646


Trial 33: qplus Stimulus Selection
Stimulus: 0.505
Output value 0.309

Q+ parameters
slope: 0.144 semiSat: 0.560 beta: 1.000 sigma: 0.114 
maxBOLD estimate = 1.698


Trial 34: qplus Stimulus Selection
Stimulus: 0.670
Output value 1.235

Q+ parameters
slope: 0.144 semiSat: 0.560 beta: 1.000 sigma: 0.114 
maxBOLD estimate = 1.698


Trial 35: maxBOLD Stimulus Selection
Stimulus: 1.000
Output value 1.013

Q+ parameters
slope: 0.183 semiSat: 0.560 beta: 0.938 sigma: 0.114 
maxBOLD estimate = 1.698


Trial 36: qplus Stimulus Selection
Stimulus: 0.505
Output value 0.448

Q+ parameters
slope: 0.183 semiSat: 0.560 beta: 1.031 sigma: 0.114 
maxBOLD estimate = 1.592


Trial 37: qplus Stimulus Selection
Stimulus: 0.423
Output value 0.462

Q+ parameters
slope: 0.183 semiSat: 0.560 beta: 1.031 sigma: 0.114 
maxBOLD estimate = 1.642


Trial 38: qplus Stimulus Selection
Stimulus: 0.629
Output value 1.428

Q+ parameters
slope: 0.183 semiSat: 0.560 beta: 1.031 sigma: 0.114 
maxBOLD estimate = 1.693


Trial 39: qplus Stimulus Selection
Stimulus: 0.670
Output value 1.785

Q+ parameters
slope: 0.183 semiSat: 0.560 beta: 0.938 sigma: 0.114 
maxBOLD estimate = 1.746


Trial 40: baseline Stimulus Selection
Stimulus: 0.010
Output value 0.153

Q+ parameters
slope: 0.183 semiSat: 0.560 beta: 1.031 sigma: 0.114 
maxBOLD estimate = 1.637


Trial 41: qplus Stimulus Selection
Stimulus: 0.505
Output value 0.158

Q+ parameters
slope: 0.183 semiSat: 0.560 beta: 1.031 sigma: 0.114 
maxBOLD estimate = 1.688


Trial 42: qplus Stimulus Selection
Stimulus: 0.670
Output value 1.632

Q+ parameters
slope: 0.183 semiSat: 0.560 beta: 0.938 sigma: 0.114 
maxBOLD estimate = 1.741


Trial 43: qplus Stimulus Selection
Stimulus: 0.670
Output value 1.377

Q+ parameters
slope: 0.183 semiSat: 0.560 beta: 1.031 sigma: 0.114 
maxBOLD estimate = 1.632


Trial 44: qplus Stimulus Selection
Stimulus: 0.505
Output value 0.316

Q+ parameters
slope: 0.183 semiSat: 0.560 beta: 1.031 sigma: 0.114 
maxBOLD estimate = 1.683


Trial 45: maxBOLD Stimulus Selection
Stimulus: 1.000
Output value 1.479

Q+ parameters
slope: 0.183 semiSat: 0.560 beta: 0.938 sigma: 0.114 
maxBOLD estimate = 1.735


Trial 46: qplus Stimulus Selection
Stimulus: 0.588
Output value 0.763

Q+ parameters
slope: 0.183 semiSat: 0.560 beta: 1.031 sigma: 0.114 
maxBOLD estimate = 1.627


Trial 47: qplus Stimulus Selection
Stimulus: 0.505
Output value 0.429

Q+ parameters
slope: 0.183 semiSat: 0.560 beta: 0.938 sigma: 0.062 
maxBOLD estimate = 1.678


Trial 48: qplus Stimulus Selection
Stimulus: 0.629
Output value 1.327

Q+ parameters
slope: 0.183 semiSat: 0.560 beta: 1.031 sigma: 0.114 
maxBOLD estimate = 1.573


Trial 49: qplus Stimulus Selection
Stimulus: 0.423
Output value 0.304

Q+ parameters
slope: 0.183 semiSat: 0.560 beta: 1.031 sigma: 0.114 
maxBOLD estimate = 1.622


Trial 50: baseline Stimulus Selection
Stimulus: 0.010
Output value 0.000

Q+ parameters
slope: 0.183 semiSat: 0.560 beta: 1.031 sigma: 0.114 
maxBOLD estimate = 1.673


Trial 51: qplus Stimulus Selection
Stimulus: 0.629
Output value 1.176

Q+ parameters
slope: 0.183 semiSat: 0.560 beta: 0.938 sigma: 0.062 
maxBOLD estimate = 1.725


Trial 52: qplus Stimulus Selection
Stimulus: 0.588
Output value 1.364

Q+ parameters
slope: 0.183 semiSat: 0.560 beta: 1.031 sigma: 0.114 
maxBOLD estimate = 1.617


Trial 53: qplus Stimulus Selection
Stimulus: 0.423
Output value 0.625

Q+ parameters
slope: 0.183 semiSat: 0.560 beta: 1.031 sigma: 0.114 
maxBOLD estimate = 1.668


Trial 54: qplus Stimulus Selection
Stimulus: 0.711
Output value 1.774

Q+ parameters
slope: 0.183 semiSat: 0.560 beta: 1.031 sigma: 0.114 
maxBOLD estimate = 1.720


Trial 55: maxBOLD Stimulus Selection
Stimulus: 1.000
Output value 1.360

Q+ parameters
slope: 0.183 semiSat: 0.560 beta: 0.938 sigma: 0.114 
maxBOLD estimate = 1.774


Trial 56: qplus Stimulus Selection
Stimulus: 0.588
Output value 0.935

Q+ parameters
slope: 0.183 semiSat: 0.560 beta: 1.031 sigma: 0.114 
maxBOLD estimate = 1.663


Trial 57: qplus Stimulus Selection
Stimulus: 0.711
Output value 1.768

Q+ parameters
slope: 0.183 semiSat: 0.560 beta: 1.031 sigma: 0.114 
maxBOLD estimate = 1.715


Trial 58: qplus Stimulus Selection
Stimulus: 0.629
Output value 1.206

Q+ parameters
slope: 0.183 semiSat: 0.560 beta: 0.938 sigma: 0.114 
maxBOLD estimate = 1.768


Trial 59: qplus Stimulus Selection
Stimulus: 0.588
Output value 1.088

Q+ parameters
slope: 0.183 semiSat: 0.560 beta: 1.031 sigma: 0.114 
maxBOLD estimate = 1.658


Trial 60: baseline Stimulus Selection
Stimulus: 0.010
Output value 0.291

Q+ parameters
slope: 0.183 semiSat: 0.560 beta: 0.938 sigma: 0.114 
maxBOLD estimate = 1.710


Trial 61: qplus Stimulus Selection
Stimulus: 0.588
Output value 1.503

Q+ parameters
slope: 0.183 semiSat: 0.560 beta: 1.031 sigma: 0.114 
maxBOLD estimate = 1.603


Trial 62: qplus Stimulus Selection
Stimulus: 0.711
Output value 1.549

Q+ parameters
slope: 0.183 semiSat: 0.560 beta: 1.031 sigma: 0.114 
maxBOLD estimate = 1.653


Trial 63: qplus Stimulus Selection
Stimulus: 0.670
Output value 1.453

Q+ parameters
slope: 0.183 semiSat: 0.560 beta: 0.938 sigma: 0.114 
maxBOLD estimate = 1.704


Trial 64: qplus Stimulus Selection
Stimulus: 0.629
Output value 1.198

Q+ parameters
slope: 0.183 semiSat: 0.560 beta: 1.031 sigma: 0.114 
maxBOLD estimate = 1.598


Trial 65: maxBOLD Stimulus Selection
Stimulus: 1.000
Output value 1.854

Q+ parameters
slope: 0.183 semiSat: 0.560 beta: 1.031 sigma: 0.114 
maxBOLD estimate = 1.648


Trial 66: qplus Stimulus Selection
Stimulus: 0.505
Output value 0.159

Q+ parameters
slope: 0.183 semiSat: 0.560 beta: 1.031 sigma: 0.114 
maxBOLD estimate = 1.699


Trial 67: qplus Stimulus Selection
Stimulus: 0.629
Output value 0.896

Q+ parameters
slope: 0.183 semiSat: 0.560 beta: 0.938 sigma: 0.114 
maxBOLD estimate = 1.752


Trial 68: qplus Stimulus Selection
Stimulus: 0.588
Output value 0.616

Q+ parameters
slope: 0.183 semiSat: 0.560 beta: 1.031 sigma: 0.114 
maxBOLD estimate = 1.643


Trial 69: qplus Stimulus Selection
Stimulus: 0.670
Output value 1.155

Q+ parameters
slope: 0.183 semiSat: 0.560 beta: 0.938 sigma: 0.114 
maxBOLD estimate = 1.694


Trial 70: baseline Stimulus Selection
Stimulus: 0.010
Output value -0.149

Q+ parameters
slope: 0.183 semiSat: 0.560 beta: 1.031 sigma: 0.114 
maxBOLD estimate = 1.588


Trial 71: qplus Stimulus Selection
Stimulus: 0.505
Output value -0.307

Q+ parameters
slope: 0.183 semiSat: 0.560 beta: 1.031 sigma: 0.114 
maxBOLD estimate = 1.638


Trial 72: qplus Stimulus Selection
Stimulus: 0.505
Output value 0.154

Q+ parameters
slope: 0.234 semiSat: 0.560 beta: 1.000 sigma: 0.114 
maxBOLD estimate = 1.689


Trial 73: qplus Stimulus Selection
Stimulus: 0.670
Output value 1.075

Q+ parameters
slope: 0.144 semiSat: 0.560 beta: 1.000 sigma: 0.114 
maxBOLD estimate = 1.689


Trial 74: qplus Stimulus Selection
Stimulus: 0.505
Output value 0.154

Q+ parameters
slope: 0.234 semiSat: 0.560 beta: 1.000 sigma: 0.114 
maxBOLD estimate = 1.689


Trial 75: maxBOLD Stimulus Selection
Stimulus: 1.000
Output value 1.536

Q+ parameters
slope: 0.234 semiSat: 0.560 beta: 1.000 sigma: 0.114 
maxBOLD estimate = 1.689


Trial 76: qplus Stimulus Selection
Stimulus: 0.505
Output value 0.000

Q+ parameters
slope: 0.234 semiSat: 0.560 beta: 1.000 sigma: 0.114 
maxBOLD estimate = 1.689


Trial 77: qplus Stimulus Selection
Stimulus: 0.546
Output value 0.134

Q+ parameters
slope: 0.298 semiSat: 0.560 beta: 0.875 sigma: 0.114 
maxBOLD estimate = 1.689


Trial 78: qplus Stimulus Selection
Stimulus: 0.670
Output value 1.570

Q+ parameters
slope: 0.298 semiSat: 0.560 beta: 1.062 sigma: 0.114 
maxBOLD estimate = 1.478


Trial 79: qplus Stimulus Selection
Stimulus: 0.505
Output value 0.277

Q+ parameters
slope: 0.298 semiSat: 0.560 beta: 0.969 sigma: 0.114 
maxBOLD estimate = 1.570


Trial 80: baseline Stimulus Selection
Stimulus: 0.010
Output value 0.134

Q+ parameters
slope: 0.298 semiSat: 0.560 beta: 0.969 sigma: 0.114 
maxBOLD estimate = 1.521


Trial 81: qplus Stimulus Selection
Stimulus: 0.546
Output value 0.712

Q+ parameters
slope: 0.298 semiSat: 0.560 beta: 1.062 sigma: 0.114 
maxBOLD estimate = 1.474


Trial 82: qplus Stimulus Selection
Stimulus: 0.505
Output value 0.414

Q+ parameters
slope: 0.298 semiSat: 0.560 beta: 0.969 sigma: 0.114 
maxBOLD estimate = 1.566


Trial 83: qplus Stimulus Selection
Stimulus: 0.546
Output value 0.401

Q+ parameters
slope: 0.298 semiSat: 0.560 beta: 0.969 sigma: 0.114 
maxBOLD estimate = 1.517


Trial 84: qplus Stimulus Selection
Stimulus: 0.546
Output value 0.994

Q+ parameters
slope: 0.298 semiSat: 0.560 beta: 1.062 sigma: 0.114 
maxBOLD estimate = 1.470


Trial 85: maxBOLD Stimulus Selection
Stimulus: 1.000
Output value 1.650

Q+ parameters
slope: 0.298 semiSat: 0.560 beta: 0.969 sigma: 0.114 
maxBOLD estimate = 1.561


Trial 86: qplus Stimulus Selection
Stimulus: 0.546
Output value 0.877

Q+ parameters
slope: 0.298 semiSat: 0.560 beta: 1.062 sigma: 0.114 
maxBOLD estimate = 1.513


Trial 87: qplus Stimulus Selection
Stimulus: 0.588
Output value 1.698

Q+ parameters
slope: 0.298 semiSat: 0.560 beta: 0.969 sigma: 0.114 
maxBOLD estimate = 1.607


Trial 88: qplus Stimulus Selection
Stimulus: 0.546
Output value 1.132

Q+ parameters
slope: 0.234 semiSat: 0.560 beta: 1.000 sigma: 0.114 
maxBOLD estimate = 1.557


Trial 89: qplus Stimulus Selection
Stimulus: 0.546
Output value 0.548

Q+ parameters
slope: 0.298 semiSat: 0.560 beta: 0.969 sigma: 0.114 
maxBOLD estimate = 1.557


Trial 90: baseline Stimulus Selection
Stimulus: 0.010
Output value 0.398

Q+ parameters
slope: 0.298 semiSat: 0.560 beta: 0.969 sigma: 0.114 
maxBOLD estimate = 1.508


Trial 91: qplus Stimulus Selection
Stimulus: 0.546
Output value 0.706

Q+ parameters
slope: 0.298 semiSat: 0.560 beta: 1.062 sigma: 0.114 
maxBOLD estimate = 1.461


Trial 92: qplus Stimulus Selection
Stimulus: 0.505
Output value 0.706

Q+ parameters
slope: 0.234 semiSat: 0.560 beta: 1.000 sigma: 0.114 
maxBOLD estimate = 1.552


Trial 93: qplus Stimulus Selection
Stimulus: 0.546
Output value 0.988

Q+ parameters
slope: 0.234 semiSat: 0.560 beta: 1.000 sigma: 0.114 
maxBOLD estimate = 1.552


Trial 94: qplus Stimulus Selection
Stimulus: 0.505
Output value 0.565

Q+ parameters
slope: 0.234 semiSat: 0.560 beta: 1.000 sigma: 0.114 
maxBOLD estimate = 1.552


Trial 95: maxBOLD Stimulus Selection
Stimulus: 1.000
Output value 1.694

Q+ parameters
slope: 0.234 semiSat: 0.560 beta: 1.000 sigma: 0.114 
maxBOLD estimate = 1.552


Trial 96: qplus Stimulus Selection
Stimulus: 0.505
Output value 0.706

Q+ parameters
slope: 0.234 semiSat: 0.560 beta: 1.000 sigma: 0.114 
maxBOLD estimate = 1.552


Trial 97: qplus Stimulus Selection
Stimulus: 0.505
Output value 0.282

Q+ parameters
slope: 0.234 semiSat: 0.560 beta: 1.000 sigma: 0.114 
maxBOLD estimate = 1.552


Trial 98: qplus Stimulus Selection
Stimulus: 0.505
Output value 0.141

Q+ parameters
slope: 0.234 semiSat: 0.560 beta: 1.000 sigma: 0.114 
maxBOLD estimate = 1.552


Trial 99: qplus Stimulus Selection
Stimulus: 0.505
Output value 0.282

Q+ parameters
slope: 0.234 semiSat: 0.560 beta: 1.000 sigma: 0.114 
maxBOLD estimate = 1.552


Trial 100: baseline Stimulus Selection
Stimulus: 0.010
Output value 0.000

Q+ parameters
slope: 0.234 semiSat: 0.560 beta: 1.000 sigma: 0.114 
maxBOLD estimate = 1.552

--------------------------------------------------------------
FINAL VALUES
--------------------------------------------------------------
Simulated parameters:              slope: 0.200 semiSat: 0.570 beta: 1.000 sigma: 0.100 
Max posterior QUEST+ parameters:   slope: 0.234 semiSat: 0.560 beta: 1.000 sigma: 0.114 
Max BADS parameters:               slope: 0.217 semiSat: 0.562 beta: 1.000 sigma: 0.110 
maxBOLD estimate: 1.543
