/blue/stevenweisberg/stevenweisberg/MATLAB/projects/Weisberg_Aguirre_2020/scripts/run_sims
c7a-s7.ufhpc
Thu Nov 12 15:41:57 EST 2020
cp: cannot stat ‘/blue/stevenweisberg/stevenweisberg/qpfMRIResults/deploy_sim.sh’: No such file or directory
cp: cannot stat ‘/blue/stevenweisberg/stevenweisberg/qpfMRIResults/sim_wrapper.sh’: No such file or directory
------------------------------------------
Setting up environment variables
---
LD_LIBRARY_PATH is .:/apps/matlab/mcr/2020b/v99/runtime/glnxa64:/apps/matlab/mcr/2020b/v99/bin/glnxa64:/apps/matlab/mcr/2020b/v99/sys/os/glnxa64:/apps/matlab/mcr/2020b/v99/sys/opengl/lib/glnxa64
Warning: Executing startup failed in matlabrc.
This indicates a potentially serious problem in your MATLAB setup, which should be resolved as soon as possible.  Error detected was:
MATLAB:mpath:PathAlterationNotSupported
Modifying the search path is not supported by MATLAB Compiler. Remove functions that modify the search path from your MATLAB code. To make files visible to your deployed application, add the parent folder to your MATLAB session.
Warning: No stimulus domain specified. Defaulting to values between 0.01 and 1.
> In qpfmriParams (line 182)
In compiledSimulate (line 205)
Stimulus domain added from input.
Parameter slope specified as 0.41000
Parameter semiSat specified as 0.57000
Parameter beta specified as 1.00000
Parameter sigma specified as 0.25000
seed = 99seed = 104seed = 111seed = 111seed = 115seed = 101Initializing Q+. This may take a minute...
Elapsed time is 20.978012 seconds.
Simulated parameters:
slope: 0.410 semiSat: 0.570 beta: 1.000 sigma: 0.250 

Trial 1: baseline Stimulus Selection
Stimulus: 0.010
Output value 0.000

Q+ parameters
slope: 0.026 semiSat: 0.890 beta: 0.500 sigma: 0.010 
maxBOLD estimate = 1.000


Trial 2: maxBOLD Stimulus Selection
Stimulus: 1.000
Output value 1.364

Q+ parameters
slope: 0.055 semiSat: 0.670 beta: 1.250 sigma: 0.010 
maxBOLD estimate = 1.000


Trial 3: baseline Stimulus Selection
Stimulus: 0.010
Output value -0.128

Q+ parameters
slope: 0.055 semiSat: 0.670 beta: 1.125 sigma: 0.062 
maxBOLD estimate = 1.250


Trial 4: maxBOLD Stimulus Selection
Stimulus: 1.000
Output value 1.918

Q+ parameters
slope: 0.055 semiSat: 0.670 beta: 1.250 sigma: 0.114 
maxBOLD estimate = 1.406


Trial 5: baseline Stimulus Selection
Stimulus: 0.010
Output value 0.320

Q+ parameters
slope: 0.034 semiSat: 0.780 beta: 0.500 sigma: 0.166 
maxBOLD estimate = 1.758


Trial 6: maxBOLD Stimulus Selection
Stimulus: 1.000
Output value 1.199

Q+ parameters
slope: 0.043 semiSat: 0.560 beta: 1.250 sigma: 0.166 
maxBOLD estimate = 0.879


Trial 7: random Stimulus Selection
Stimulus: 0.299
Output value -0.225

Q+ parameters
slope: 0.089 semiSat: 0.670 beta: 1.125 sigma: 0.166 
maxBOLD estimate = 1.099


Trial 8: random Stimulus Selection
Stimulus: 1.000
Output value 1.517

Q+ parameters
slope: 0.089 semiSat: 0.670 beta: 1.125 sigma: 0.114 
maxBOLD estimate = 1.236


Trial 9: random Stimulus Selection
Stimulus: 0.340
Output value -0.316

Q+ parameters
slope: 0.089 semiSat: 0.780 beta: 1.250 sigma: 0.114 
maxBOLD estimate = 1.390


Trial 10: baseline Stimulus Selection
Stimulus: 0.010
Output value 0.474

Q+ parameters
slope: 0.070 semiSat: 0.890 beta: 1.500 sigma: 0.114 
maxBOLD estimate = 1.738


Trial 11: random Stimulus Selection
Stimulus: 0.546
Output value 0.711

Q+ parameters
slope: 0.144 semiSat: 0.560 beta: 0.750 sigma: 0.062 
maxBOLD estimate = 2.607


Trial 12: random Stimulus Selection
Stimulus: 0.464
Output value -0.344

Q+ parameters
slope: 0.379 semiSat: 0.560 beta: 0.969 sigma: 0.114 
maxBOLD estimate = 1.955


Trial 13: random Stimulus Selection
Stimulus: 0.753
Output value 2.196

Q+ parameters
slope: 0.379 semiSat: 0.560 beta: 1.062 sigma: 0.114 
maxBOLD estimate = 1.894


Trial 14: random Stimulus Selection
Stimulus: 0.753
Output value 1.595

Q+ parameters
slope: 0.379 semiSat: 0.560 beta: 0.969 sigma: 0.114 
maxBOLD estimate = 2.013


Trial 15: maxBOLD Stimulus Selection
Stimulus: 1.000
Output value 0.775

Q+ parameters
slope: 0.379 semiSat: 0.560 beta: 0.875 sigma: 0.166 
maxBOLD estimate = 1.950


Trial 16: random Stimulus Selection
Stimulus: 0.711
Output value 0.969

Q+ parameters
slope: 0.113 semiSat: 0.670 beta: 1.250 sigma: 0.166 
maxBOLD estimate = 1.706


Trial 17: random Stimulus Selection
Stimulus: 0.464
Output value 0.000

Q+ parameters
slope: 0.298 semiSat: 0.560 beta: 0.750 sigma: 0.166 
maxBOLD estimate = 2.133


Trial 18: random Stimulus Selection
Stimulus: 0.051
Output value 0.000

Q+ parameters
slope: 0.379 semiSat: 0.560 beta: 0.969 sigma: 0.166 
maxBOLD estimate = 1.599


Trial 19: random Stimulus Selection
Stimulus: 0.299
Output value -0.317

Q+ parameters
slope: 0.379 semiSat: 0.560 beta: 1.125 sigma: 0.166 
maxBOLD estimate = 1.549


Trial 20: baseline Stimulus Selection
Stimulus: 0.010
Output value -0.475

Q+ parameters
slope: 0.379 semiSat: 0.560 beta: 1.500 sigma: 0.166 
maxBOLD estimate = 1.743


Trial 21: random Stimulus Selection
Stimulus: 0.381
Output value -0.357

Q+ parameters
slope: 0.298 semiSat: 0.560 beta: 0.750 sigma: 0.114 
maxBOLD estimate = 2.615


Trial 22: random Stimulus Selection
Stimulus: 0.299
Output value 0.345

Q+ parameters
slope: 0.379 semiSat: 0.560 beta: 0.969 sigma: 0.166 
maxBOLD estimate = 1.961


Trial 23: random Stimulus Selection
Stimulus: 0.918
Output value 0.669

Q+ parameters
slope: 0.379 semiSat: 0.560 beta: 0.969 sigma: 0.218 
maxBOLD estimate = 1.900


Trial 24: random Stimulus Selection
Stimulus: 0.175
Output value -0.251

Q+ parameters
slope: 0.298 semiSat: 0.560 beta: 0.750 sigma: 0.218 
maxBOLD estimate = 1.840


Trial 25: maxBOLD Stimulus Selection
Stimulus: 1.000
Output value 0.847

Q+ parameters
slope: 0.298 semiSat: 0.560 beta: 0.750 sigma: 0.323 
maxBOLD estimate = 1.380


Trial 26: random Stimulus Selection
Stimulus: 0.794
Output value 0.988

Q+ parameters
slope: 0.113 semiSat: 0.670 beta: 0.875 sigma: 1.000 
maxBOLD estimate = 1.035


Trial 27: random Stimulus Selection
Stimulus: 0.299
Output value -0.144

Q+ parameters
slope: 0.113 semiSat: 0.560 beta: 0.875 sigma: 0.687 
maxBOLD estimate = 0.906


Trial 28: random Stimulus Selection
Stimulus: 0.299
Output value -0.140

Q+ parameters
slope: 0.055 semiSat: 0.560 beta: 0.969 sigma: 1.000 
maxBOLD estimate = 0.793


Trial 29: random Stimulus Selection
Stimulus: 0.092
Output value -0.148

Q+ parameters
slope: 0.055 semiSat: 0.560 beta: 1.062 sigma: 1.000 
maxBOLD estimate = 0.768


Trial 30: baseline Stimulus Selection
Stimulus: 0.010
Output value 0.000

Q+ parameters
slope: 0.055 semiSat: 0.560 beta: 0.969 sigma: 1.000 
maxBOLD estimate = 0.816

--------------------------------------------------------------
FINAL VALUES
--------------------------------------------------------------
Simulated parameters:              slope: 0.410 semiSat: 0.570 beta: 1.000 sigma: 0.250 
Max posterior QUEST+ parameters:   slope: 0.055 semiSat: 0.560 beta: 0.969 sigma: 1.000 
Max BADS parameters:               slope: 0.052 semiSat: 0.585 beta: 1.000 sigma: 1.000 
maxBOLD estimate: 0.803
