/blue/stevenweisberg/stevenweisberg/MATLAB/projects/Weisberg_Aguirre_2020/scripts/run_sims
c0700a-s1.ufhpc
Tue Apr  6 20:29:06 EDT 2021
mkdir: cannot create directory ‘/blue/stevenweisberg/stevenweisberg/qpfMRIResults/model_parameter_set2/’: File exists
cp: cannot stat ‘/blue/stevenweisberg/stevenweisberg/qpfMRIResults/deploy_sim.sh’: No such file or directory
cp: cannot stat ‘/blue/stevenweisberg/stevenweisberg/qpfMRIResults/sim_wrapper.sh’: No such file or directory
------------------------------------------
Setting up environment variables
---
LD_LIBRARY_PATH is .:/apps/matlab/mcr/2020b/v99/runtime/glnxa64:/apps/matlab/mcr/2020b/v99/bin/glnxa64:/apps/matlab/mcr/2020b/v99/sys/os/glnxa64:/apps/matlab/mcr/2020b/v99/sys/opengl/lib/glnxa64
Warning: Executing startup failed in matlabrc.
This indicates a potentially serious problem in your MATLAB setup, which should be resolved as soon as possible.  Error detected was:
MATLAB:mpath:PathAlterationNotSupported
Modifying the search path is not supported by MATLAB Compiler. Remove functions that modify the search path from your MATLAB code. To make files visible to your deployed application, add the parent folder to your MATLAB session.
Warning: No stimulus domain specified. Defaulting to values between 0.01 and 1.
> In qpfmriParams (line 182)
In compiledSimulate (line 205)
Stimulus domain added from input.
Parameter slope specified as 0.20000
Parameter semiSat specified as 0.57000
Parameter beta specified as 1.00000
Parameter sigma specified as 0.10000
seed = 99seed = 104seed = 111seed = 111seed = 115seed = 101Initializing Q+. This may take a minute...
Elapsed time is 7.358090 seconds.
Simulated parameters:
slope: 0.200 semiSat: 0.570 beta: 1.000 sigma: 0.100 

Trial 1: baseline Stimulus Selection
Stimulus: 0.010
Output value 0.000

Q+ parameters
slope: 0.026 semiSat: 0.890 beta: 0.500 sigma: 0.010 
maxBOLD estimate = 1.000


Trial 2: maxBOLD Stimulus Selection
Stimulus: 1.000
Output value 1.364

Q+ parameters
slope: 0.055 semiSat: 0.670 beta: 1.250 sigma: 0.010 
maxBOLD estimate = 1.000


Trial 3: baseline Stimulus Selection
Stimulus: 0.010
Output value -0.142

Q+ parameters
slope: 0.055 semiSat: 0.670 beta: 1.250 sigma: 0.062 
maxBOLD estimate = 1.250


Trial 4: maxBOLD Stimulus Selection
Stimulus: 1.000
Output value 1.598

Q+ parameters
slope: 0.055 semiSat: 0.670 beta: 1.125 sigma: 0.062 
maxBOLD estimate = 1.562


Trial 5: baseline Stimulus Selection
Stimulus: 0.010
Output value 0.200

Q+ parameters
slope: 0.043 semiSat: 0.780 beta: 1.250 sigma: 0.114 
maxBOLD estimate = 1.758


Trial 6: maxBOLD Stimulus Selection
Stimulus: 1.000
Output value 1.742

Q+ parameters
slope: 0.043 semiSat: 0.780 beta: 0.969 sigma: 0.062 
maxBOLD estimate = 2.197


Trial 7: random Stimulus Selection
Stimulus: 0.464
Output value 0.375

Q+ parameters
slope: 0.043 semiSat: 0.780 beta: 0.969 sigma: 0.062 
maxBOLD estimate = 2.129


Trial 8: random Stimulus Selection
Stimulus: 0.175
Output value -0.281

Q+ parameters
slope: 0.043 semiSat: 1.000 beta: 1.500 sigma: 0.062 
maxBOLD estimate = 2.062


Trial 9: random Stimulus Selection
Stimulus: 0.175
Output value 0.211

Q+ parameters
slope: 0.043 semiSat: 0.890 beta: 0.750 sigma: 0.062 
maxBOLD estimate = 3.093


Trial 10: baseline Stimulus Selection
Stimulus: 0.010
Output value 0.409

Q+ parameters
slope: 0.043 semiSat: 0.890 beta: 0.969 sigma: 0.062 
maxBOLD estimate = 2.320


Trial 11: random Stimulus Selection
Stimulus: 0.588
Output value 0.919

Q+ parameters
slope: 0.298 semiSat: 0.560 beta: 0.750 sigma: 0.062 
maxBOLD estimate = 2.247


Trial 12: random Stimulus Selection
Stimulus: 0.134
Output value 0.144

Q+ parameters
slope: 0.616 semiSat: 0.560 beta: 0.938 sigma: 0.062 
maxBOLD estimate = 1.686


Trial 13: random Stimulus Selection
Stimulus: 0.588
Output value 1.212

Q+ parameters
slope: 1.000 semiSat: 0.560 beta: 0.938 sigma: 0.114 
maxBOLD estimate = 1.580


Trial 14: random Stimulus Selection
Stimulus: 1.000
Output value 1.852

Q+ parameters
slope: 0.298 semiSat: 0.560 beta: 1.250 sigma: 0.114 
maxBOLD estimate = 1.481


Trial 15: maxBOLD Stimulus Selection
Stimulus: 1.000
Output value 1.736

Q+ parameters
slope: 0.234 semiSat: 0.560 beta: 0.938 sigma: 0.114 
maxBOLD estimate = 1.852


Trial 16: random Stimulus Selection
Stimulus: 0.010
Output value 0.296

Q+ parameters
slope: 0.379 semiSat: 0.560 beta: 0.938 sigma: 0.114 
maxBOLD estimate = 1.736


Trial 17: random Stimulus Selection
Stimulus: 0.546
Output value 0.763

Q+ parameters
slope: 0.298 semiSat: 0.560 beta: 1.031 sigma: 0.114 
maxBOLD estimate = 1.628


Trial 18: random Stimulus Selection
Stimulus: 0.753
Output value 1.430

Q+ parameters
slope: 0.379 semiSat: 0.560 beta: 0.938 sigma: 0.114 
maxBOLD estimate = 1.678


Trial 19: random Stimulus Selection
Stimulus: 0.092
Output value 0.148

Q+ parameters
slope: 0.298 semiSat: 0.560 beta: 1.031 sigma: 0.114 
maxBOLD estimate = 1.573


Trial 20: baseline Stimulus Selection
Stimulus: 0.010
Output value -0.152

Q+ parameters
slope: 0.298 semiSat: 0.560 beta: 1.031 sigma: 0.114 
maxBOLD estimate = 1.623


Trial 21: random Stimulus Selection
Stimulus: 0.918
Output value 1.569

Q+ parameters
slope: 0.379 semiSat: 0.560 beta: 0.938 sigma: 0.114 
maxBOLD estimate = 1.673


Trial 22: random Stimulus Selection
Stimulus: 0.918
Output value 1.177

Q+ parameters
slope: 0.298 semiSat: 0.560 beta: 1.031 sigma: 0.114 
maxBOLD estimate = 1.569


Trial 23: random Stimulus Selection
Stimulus: 0.257
Output value 0.000

Q+ parameters
slope: 0.298 semiSat: 0.560 beta: 1.031 sigma: 0.114 
maxBOLD estimate = 1.618


Trial 24: random Stimulus Selection
Stimulus: 0.299
Output value -0.284

Q+ parameters
slope: 0.379 semiSat: 0.560 beta: 0.938 sigma: 0.114 
maxBOLD estimate = 1.668


Trial 25: maxBOLD Stimulus Selection
Stimulus: 1.000
Output value 1.320

Q+ parameters
slope: 0.298 semiSat: 0.560 beta: 1.031 sigma: 0.114 
maxBOLD estimate = 1.564


Trial 26: random Stimulus Selection
Stimulus: 0.051
Output value -0.302

Q+ parameters
slope: 0.298 semiSat: 0.560 beta: 1.031 sigma: 0.114 
maxBOLD estimate = 1.613


Trial 27: random Stimulus Selection
Stimulus: 0.175
Output value -0.142

Q+ parameters
slope: 0.379 semiSat: 0.560 beta: 0.938 sigma: 0.114 
maxBOLD estimate = 1.663


Trial 28: random Stimulus Selection
Stimulus: 0.794
Output value 1.316

Q+ parameters
slope: 0.298 semiSat: 0.560 beta: 1.031 sigma: 0.114 
maxBOLD estimate = 1.559


Trial 29: random Stimulus Selection
Stimulus: 0.876
Output value 1.508

Q+ parameters
slope: 0.298 semiSat: 0.560 beta: 1.031 sigma: 0.114 
maxBOLD estimate = 1.608


Trial 30: baseline Stimulus Selection
Stimulus: 0.010
Output value -0.311

Q+ parameters
slope: 0.298 semiSat: 0.560 beta: 1.031 sigma: 0.114 
maxBOLD estimate = 1.658


Trial 31: random Stimulus Selection
Stimulus: 0.257
Output value -0.146

Q+ parameters
slope: 0.379 semiSat: 0.560 beta: 0.938 sigma: 0.114 
maxBOLD estimate = 1.710


Trial 32: random Stimulus Selection
Stimulus: 0.423
Output value 0.000

Q+ parameters
slope: 0.298 semiSat: 0.560 beta: 1.031 sigma: 0.114 
maxBOLD estimate = 1.603


Trial 33: random Stimulus Selection
Stimulus: 0.876
Output value 1.705

Q+ parameters
slope: 0.298 semiSat: 0.560 beta: 1.031 sigma: 0.114 
maxBOLD estimate = 1.653


Trial 34: random Stimulus Selection
Stimulus: 0.670
Output value 1.085

Q+ parameters
slope: 0.298 semiSat: 0.560 beta: 0.875 sigma: 0.114 
maxBOLD estimate = 1.705


Trial 35: maxBOLD Stimulus Selection
Stimulus: 1.000
Output value 1.314

Q+ parameters
slope: 0.379 semiSat: 0.560 beta: 0.969 sigma: 0.114 
maxBOLD estimate = 1.492


Trial 36: random Stimulus Selection
Stimulus: 0.134
Output value -0.328

Q+ parameters
slope: 0.298 semiSat: 0.560 beta: 1.250 sigma: 0.114 
maxBOLD estimate = 1.445


Trial 37: random Stimulus Selection
Stimulus: 0.216
Output value -0.287

Q+ parameters
slope: 0.298 semiSat: 0.560 beta: 0.875 sigma: 0.114 
maxBOLD estimate = 1.807


Trial 38: random Stimulus Selection
Stimulus: 0.257
Output value -0.139

Q+ parameters
slope: 0.379 semiSat: 0.560 beta: 0.969 sigma: 0.114 
maxBOLD estimate = 1.581


Trial 39: random Stimulus Selection
Stimulus: 0.257
Output value 0.270

Q+ parameters
slope: 0.379 semiSat: 0.560 beta: 0.969 sigma: 0.114 
maxBOLD estimate = 1.531


Trial 40: baseline Stimulus Selection
Stimulus: 0.010
Output value -0.337

Q+ parameters
slope: 0.234 semiSat: 0.560 beta: 1.250 sigma: 0.114 
maxBOLD estimate = 1.484


Trial 41: random Stimulus Selection
Stimulus: 0.299
Output value 0.000

Q+ parameters
slope: 0.298 semiSat: 0.560 beta: 0.875 sigma: 0.114 
maxBOLD estimate = 1.854


Trial 42: random Stimulus Selection
Stimulus: 0.670
Output value 1.429

Q+ parameters
slope: 0.379 semiSat: 0.560 beta: 0.969 sigma: 0.114 
maxBOLD estimate = 1.623


Trial 43: random Stimulus Selection
Stimulus: 0.959
Output value 1.384

Q+ parameters
slope: 0.379 semiSat: 0.560 beta: 0.969 sigma: 0.114 
maxBOLD estimate = 1.572


Trial 44: random Stimulus Selection
Stimulus: 0.876
Output value 1.523

Q+ parameters
slope: 0.483 semiSat: 0.560 beta: 1.000 sigma: 0.114 
maxBOLD estimate = 1.523


Trial 45: maxBOLD Stimulus Selection
Stimulus: 1.000
Output value 1.246

Q+ parameters
slope: 0.483 semiSat: 0.560 beta: 1.000 sigma: 0.114 
maxBOLD estimate = 1.523


Trial 46: random Stimulus Selection
Stimulus: 0.340
Output value -0.277

Q+ parameters
slope: 0.483 semiSat: 0.560 beta: 1.000 sigma: 0.114 
maxBOLD estimate = 1.523


Trial 47: random Stimulus Selection
Stimulus: 0.340
Output value -0.268

Q+ parameters
slope: 0.379 semiSat: 0.560 beta: 0.969 sigma: 0.114 
maxBOLD estimate = 1.523


Trial 48: random Stimulus Selection
Stimulus: 0.918
Output value 1.341

Q+ parameters
slope: 0.234 semiSat: 0.560 beta: 1.250 sigma: 0.114 
maxBOLD estimate = 1.475


Trial 49: random Stimulus Selection
Stimulus: 0.134
Output value -0.251

Q+ parameters
slope: 0.483 semiSat: 0.560 beta: 0.750 sigma: 0.114 
maxBOLD estimate = 1.844


Trial 50: baseline Stimulus Selection
Stimulus: 0.010
Output value -0.189

Q+ parameters
slope: 0.234 semiSat: 0.560 beta: 1.500 sigma: 0.114 
maxBOLD estimate = 1.383


Trial 51: random Stimulus Selection
Stimulus: 0.175
Output value -0.283

Q+ parameters
slope: 0.483 semiSat: 0.560 beta: 0.750 sigma: 0.114 
maxBOLD estimate = 2.075


Trial 52: random Stimulus Selection
Stimulus: 0.423
Output value -0.274

Q+ parameters
slope: 0.379 semiSat: 0.560 beta: 0.969 sigma: 0.114 
maxBOLD estimate = 1.556


Trial 53: random Stimulus Selection
Stimulus: 0.670
Output value 1.310

Q+ parameters
slope: 0.234 semiSat: 0.560 beta: 1.062 sigma: 0.114 
maxBOLD estimate = 1.507


Trial 54: random Stimulus Selection
Stimulus: 0.340
Output value -0.141

Q+ parameters
slope: 0.379 semiSat: 0.560 beta: 0.969 sigma: 0.114 
maxBOLD estimate = 1.602


Trial 55: maxBOLD Stimulus Selection
Stimulus: 1.000
Output value 1.366

Q+ parameters
slope: 0.379 semiSat: 0.560 beta: 0.969 sigma: 0.114 
maxBOLD estimate = 1.551


Trial 56: random Stimulus Selection
Stimulus: 0.794
Output value 1.550

Q+ parameters
slope: 0.298 semiSat: 0.560 beta: 1.031 sigma: 0.114 
maxBOLD estimate = 1.503


Trial 57: random Stimulus Selection
Stimulus: 0.216
Output value 0.137

Q+ parameters
slope: 0.379 semiSat: 0.560 beta: 0.969 sigma: 0.114 
maxBOLD estimate = 1.550


Trial 58: random Stimulus Selection
Stimulus: 0.959
Output value 1.740

Q+ parameters
slope: 0.234 semiSat: 0.560 beta: 1.062 sigma: 0.114 
maxBOLD estimate = 1.502


Trial 59: random Stimulus Selection
Stimulus: 0.918
Output value 1.686

Q+ parameters
slope: 0.379 semiSat: 0.560 beta: 0.969 sigma: 0.114 
maxBOLD estimate = 1.595


Trial 60: baseline Stimulus Selection
Stimulus: 0.010
Output value 0.272

Q+ parameters
slope: 0.379 semiSat: 0.560 beta: 0.969 sigma: 0.114 
maxBOLD estimate = 1.546


Trial 61: random Stimulus Selection
Stimulus: 0.505
Output value 0.561

Q+ parameters
slope: 0.298 semiSat: 0.560 beta: 1.031 sigma: 0.114 
maxBOLD estimate = 1.497


Trial 62: random Stimulus Selection
Stimulus: 0.876
Output value 1.303

Q+ parameters
slope: 0.298 semiSat: 0.560 beta: 1.031 sigma: 0.114 
maxBOLD estimate = 1.544


Trial 63: random Stimulus Selection
Stimulus: 0.876
Output value 1.140

Q+ parameters
slope: 0.298 semiSat: 0.560 beta: 0.875 sigma: 0.114 
maxBOLD estimate = 1.592


Trial 64: random Stimulus Selection
Stimulus: 0.175
Output value 0.380

Q+ parameters
slope: 0.298 semiSat: 0.560 beta: 1.500 sigma: 0.114 
maxBOLD estimate = 1.393


Trial 65: maxBOLD Stimulus Selection
Stimulus: 1.000
Output value 0.997

Q+ parameters
slope: 0.483 semiSat: 0.560 beta: 0.750 sigma: 0.114 
maxBOLD estimate = 2.090


Trial 66: random Stimulus Selection
Stimulus: 0.257
Output value -0.147

Q+ parameters
slope: 0.298 semiSat: 0.560 beta: 1.031 sigma: 0.114 
maxBOLD estimate = 1.567


Trial 67: random Stimulus Selection
Stimulus: 0.092
Output value 0.129

Q+ parameters
slope: 0.298 semiSat: 0.560 beta: 0.875 sigma: 0.114 
maxBOLD estimate = 1.616


Trial 68: random Stimulus Selection
Stimulus: 0.134
Output value -0.386

Q+ parameters
slope: 0.298 semiSat: 0.560 beta: 1.500 sigma: 0.114 
maxBOLD estimate = 1.414


Trial 69: random Stimulus Selection
Stimulus: 0.134
Output value -0.145

Q+ parameters
slope: 0.183 semiSat: 0.560 beta: 0.750 sigma: 0.114 
maxBOLD estimate = 2.121


Trial 70: baseline Stimulus Selection
Stimulus: 0.010
Output value -0.127

Q+ parameters
slope: 0.298 semiSat: 0.560 beta: 0.875 sigma: 0.114 
maxBOLD estimate = 1.591


Trial 71: random Stimulus Selection
Stimulus: 0.918
Output value 2.278

Q+ parameters
slope: 0.298 semiSat: 0.560 beta: 1.500 sigma: 0.114 
maxBOLD estimate = 1.392


Trial 72: random Stimulus Selection
Stimulus: 0.711
Output value 1.139

Q+ parameters
slope: 0.483 semiSat: 0.560 beta: 0.750 sigma: 0.114 
maxBOLD estimate = 2.088


Trial 73: random Stimulus Selection
Stimulus: 0.175
Output value -0.294

Q+ parameters
slope: 0.298 semiSat: 0.560 beta: 1.031 sigma: 0.114 
maxBOLD estimate = 1.566


Trial 74: random Stimulus Selection
Stimulus: 1.000
Output value 0.899

Q+ parameters
slope: 0.298 semiSat: 0.560 beta: 0.875 sigma: 0.114 
maxBOLD estimate = 1.615


Trial 75: maxBOLD Stimulus Selection
Stimulus: 1.000
Output value 1.349

Q+ parameters
slope: 0.298 semiSat: 0.560 beta: 1.500 sigma: 0.114 
maxBOLD estimate = 1.413


Trial 76: random Stimulus Selection
Stimulus: 0.629
Output value 1.012

Q+ parameters
slope: 0.183 semiSat: 0.560 beta: 0.750 sigma: 0.114 
maxBOLD estimate = 2.120


Trial 77: random Stimulus Selection
Stimulus: 0.588
Output value 1.012

Q+ parameters
slope: 0.298 semiSat: 0.560 beta: 0.875 sigma: 0.114 
maxBOLD estimate = 1.590


Trial 78: random Stimulus Selection
Stimulus: 1.000
Output value 1.138

Q+ parameters
slope: 0.234 semiSat: 0.560 beta: 1.125 sigma: 0.114 
maxBOLD estimate = 1.391


Trial 79: random Stimulus Selection
Stimulus: 0.959
Output value 0.871

Q+ parameters
slope: 0.298 semiSat: 0.560 beta: 0.875 sigma: 0.114 
maxBOLD estimate = 1.565


Trial 80: baseline Stimulus Selection
Stimulus: 0.010
Output value 0.280

Q+ parameters
slope: 0.234 semiSat: 0.560 beta: 1.125 sigma: 0.114 
maxBOLD estimate = 1.369


Trial 81: random Stimulus Selection
Stimulus: 0.299
Output value -0.123

Q+ parameters
slope: 0.298 semiSat: 0.560 beta: 0.875 sigma: 0.114 
maxBOLD estimate = 1.541


Trial 82: random Stimulus Selection
Stimulus: 0.051
Output value -0.368

Q+ parameters
slope: 0.298 semiSat: 0.560 beta: 1.500 sigma: 0.114 
maxBOLD estimate = 1.348


Trial 83: random Stimulus Selection
Stimulus: 0.464
Output value -0.276

Q+ parameters
slope: 0.298 semiSat: 0.560 beta: 0.750 sigma: 0.114 
maxBOLD estimate = 2.022


Trial 84: random Stimulus Selection
Stimulus: 1.000
Output value 1.034

Q+ parameters
slope: 0.379 semiSat: 0.560 beta: 0.938 sigma: 0.114 
maxBOLD estimate = 1.517


Trial 85: maxBOLD Stimulus Selection
Stimulus: 1.000
Output value 1.333

Q+ parameters
slope: 0.298 semiSat: 0.560 beta: 1.031 sigma: 0.114 
maxBOLD estimate = 1.422


Trial 86: random Stimulus Selection
Stimulus: 0.588
Output value 0.400

Q+ parameters
slope: 0.234 semiSat: 0.560 beta: 1.000 sigma: 0.114 
maxBOLD estimate = 1.466


Trial 87: random Stimulus Selection
Stimulus: 0.134
Output value -0.267

Q+ parameters
slope: 0.234 semiSat: 0.560 beta: 1.000 sigma: 0.114 
maxBOLD estimate = 1.466


Trial 88: random Stimulus Selection
Stimulus: 0.423
Output value -0.267

Q+ parameters
slope: 0.234 semiSat: 0.560 beta: 1.000 sigma: 0.114 
maxBOLD estimate = 1.466


Trial 89: random Stimulus Selection
Stimulus: 0.010
Output value -0.267

Q+ parameters
slope: 0.234 semiSat: 0.560 beta: 1.000 sigma: 0.114 
maxBOLD estimate = 1.466


Trial 90: baseline Stimulus Selection
Stimulus: 0.010
Output value -0.133

Q+ parameters
slope: 0.234 semiSat: 0.560 beta: 1.000 sigma: 0.114 
maxBOLD estimate = 1.466


Trial 91: random Stimulus Selection
Stimulus: 0.588
Output value 0.800

Q+ parameters
slope: 0.234 semiSat: 0.560 beta: 1.000 sigma: 0.114 
maxBOLD estimate = 1.466


Trial 92: random Stimulus Selection
Stimulus: 0.175
Output value -0.267

Q+ parameters
slope: 0.234 semiSat: 0.560 beta: 1.000 sigma: 0.114 
maxBOLD estimate = 1.466


Trial 93: random Stimulus Selection
Stimulus: 0.711
Output value 1.333

Q+ parameters
slope: 0.234 semiSat: 0.560 beta: 1.000 sigma: 0.114 
maxBOLD estimate = 1.466


Trial 94: random Stimulus Selection
Stimulus: 0.134
Output value -0.267

Q+ parameters
slope: 0.234 semiSat: 0.560 beta: 1.000 sigma: 0.114 
maxBOLD estimate = 1.466


Trial 95: maxBOLD Stimulus Selection
Stimulus: 1.000
Output value 1.466

Q+ parameters
slope: 0.234 semiSat: 0.560 beta: 1.000 sigma: 0.114 
maxBOLD estimate = 1.466


Trial 96: random Stimulus Selection
Stimulus: 0.464
Output value -0.267

Q+ parameters
slope: 0.234 semiSat: 0.560 beta: 1.000 sigma: 0.114 
maxBOLD estimate = 1.466


Trial 97: random Stimulus Selection
Stimulus: 0.959
Output value 1.200

Q+ parameters
slope: 0.234 semiSat: 0.560 beta: 1.000 sigma: 0.114 
maxBOLD estimate = 1.466


Trial 98: random Stimulus Selection
Stimulus: 1.000
Output value 1.200

Q+ parameters
slope: 0.234 semiSat: 0.560 beta: 1.000 sigma: 0.114 
maxBOLD estimate = 1.466


Trial 99: random Stimulus Selection
Stimulus: 0.381
Output value 0.267

Q+ parameters
slope: 0.234 semiSat: 0.560 beta: 1.000 sigma: 0.114 
maxBOLD estimate = 1.466


Trial 100: baseline Stimulus Selection
Stimulus: 0.010
Output value -0.137

Q+ parameters
slope: 0.234 semiSat: 0.560 beta: 1.031 sigma: 0.114 
maxBOLD estimate = 1.466

--------------------------------------------------------------
FINAL VALUES
--------------------------------------------------------------
Simulated parameters:              slope: 0.200 semiSat: 0.570 beta: 1.000 sigma: 0.100 
Max posterior QUEST+ parameters:   slope: 0.298 semiSat: 0.560 beta: 0.750 sigma: 0.114 
Max BADS parameters:               slope: 0.210 semiSat: 0.586 beta: 1.000 sigma: 0.151 
maxBOLD estimate: 1.783
