/blue/stevenweisberg/stevenweisberg/MATLAB/projects/Weisberg_Aguirre_2020/scripts/run_sims
c22a-s8.ufhpc
Thu Nov 12 23:48:22 EST 2020
cp: cannot stat ‘/blue/stevenweisberg/stevenweisberg/qpfMRIResults/deploy_sim.sh’: No such file or directory
cp: cannot stat ‘/blue/stevenweisberg/stevenweisberg/qpfMRIResults/sim_wrapper.sh’: No such file or directory
------------------------------------------
Setting up environment variables
---
LD_LIBRARY_PATH is .:/apps/matlab/mcr/2020b/v99/runtime/glnxa64:/apps/matlab/mcr/2020b/v99/bin/glnxa64:/apps/matlab/mcr/2020b/v99/sys/os/glnxa64:/apps/matlab/mcr/2020b/v99/sys/opengl/lib/glnxa64
Warning: Executing startup failed in matlabrc.
This indicates a potentially serious problem in your MATLAB setup, which should be resolved as soon as possible.  Error detected was:
MATLAB:mpath:PathAlterationNotSupported
Modifying the search path is not supported by MATLAB Compiler. Remove functions that modify the search path from your MATLAB code. To make files visible to your deployed application, add the parent folder to your MATLAB session.
Warning: No stimulus domain specified. Defaulting to values between 0.01 and 1.
> In qpfmriParams (line 182)
In compiledSimulate (line 205)
Stimulus domain added from input.
Parameter slope specified as 0.41000
Parameter semiSat specified as 0.57000
Parameter beta specified as 1.00000
Parameter sigma specified as 0.25000
seed = 99seed = 104seed = 111seed = 111seed = 115seed = 101Initializing Q+. This may take a minute...
Elapsed time is 9.786767 seconds.
Simulated parameters:
slope: 0.410 semiSat: 0.570 beta: 1.000 sigma: 0.250 

Trial 1: baseline Stimulus Selection
Stimulus: 0.010
Output value 0.000

Q+ parameters
slope: 0.026 semiSat: 0.890 beta: 0.500 sigma: 0.010 
maxBOLD estimate = 1.000


Trial 2: maxBOLD Stimulus Selection
Stimulus: 1.000
Output value 1.364

Q+ parameters
slope: 0.055 semiSat: 0.670 beta: 1.250 sigma: 0.010 
maxBOLD estimate = 1.000


Trial 3: baseline Stimulus Selection
Stimulus: 0.010
Output value 0.852

Q+ parameters
slope: 0.055 semiSat: 0.670 beta: 1.250 sigma: 0.531 
maxBOLD estimate = 1.250


Trial 4: maxBOLD Stimulus Selection
Stimulus: 1.000
Output value 2.131

Q+ parameters
slope: 0.055 semiSat: 0.670 beta: 1.250 sigma: 0.166 
maxBOLD estimate = 1.562


Trial 5: baseline Stimulus Selection
Stimulus: 0.010
Output value 0.666

Q+ parameters
slope: 0.043 semiSat: 0.560 beta: 1.250 sigma: 0.114 
maxBOLD estimate = 1.953


Trial 6: maxBOLD Stimulus Selection
Stimulus: 1.000
Output value 3.662

Q+ parameters
slope: 0.034 semiSat: 0.780 beta: 1.500 sigma: 0.114 
maxBOLD estimate = 2.441


Trial 7: qplus Stimulus Selection
Stimulus: 0.505
Output value 0.416

Q+ parameters
slope: 0.043 semiSat: 1.000 beta: 1.250 sigma: 0.062 
maxBOLD estimate = 3.662


Trial 8: qplus Stimulus Selection
Stimulus: 0.835
Output value 1.248

Q+ parameters
slope: 0.055 semiSat: 1.000 beta: 1.000 sigma: 0.062 
maxBOLD estimate = 4.578


Trial 9: qplus Stimulus Selection
Stimulus: 0.794
Output value 1.248

Q+ parameters
slope: 0.070 semiSat: 1.000 beta: 1.000 sigma: 0.062 
maxBOLD estimate = 4.578


Trial 10: baseline Stimulus Selection
Stimulus: 0.010
Output value 0.208

Q+ parameters
slope: 0.089 semiSat: 0.780 beta: 0.500 sigma: 0.062 
maxBOLD estimate = 4.578


Trial 11: qplus Stimulus Selection
Stimulus: 0.711
Output value 2.185

Q+ parameters
slope: 0.055 semiSat: 0.890 beta: 1.500 sigma: 0.114 
maxBOLD estimate = 2.289


Trial 12: qplus Stimulus Selection
Stimulus: 0.711
Output value 0.936

Q+ parameters
slope: 1.000 semiSat: 0.560 beta: 0.500 sigma: 0.114 
maxBOLD estimate = 3.433


Trial 13: qplus Stimulus Selection
Stimulus: 0.629
Output value 1.170

Q+ parameters
slope: 0.234 semiSat: 0.670 beta: 1.500 sigma: 0.166 
maxBOLD estimate = 1.717


Trial 14: qplus Stimulus Selection
Stimulus: 0.588
Output value 1.536

Q+ parameters
slope: 0.070 semiSat: 0.670 beta: 0.938 sigma: 0.114 
maxBOLD estimate = 2.575


Trial 15: maxBOLD Stimulus Selection
Stimulus: 1.000
Output value 0.658

Q+ parameters
slope: 0.070 semiSat: 0.560 beta: 0.750 sigma: 0.166 
maxBOLD estimate = 2.414


Trial 16: qplus Stimulus Selection
Stimulus: 0.629
Output value 1.188

Q+ parameters
slope: 1.000 semiSat: 0.560 beta: 1.031 sigma: 0.323 
maxBOLD estimate = 1.810


Trial 17: qplus Stimulus Selection
Stimulus: 0.505
Output value 0.000

Q+ parameters
slope: 0.616 semiSat: 0.560 beta: 0.875 sigma: 0.218 
maxBOLD estimate = 1.867


Trial 18: qplus Stimulus Selection
Stimulus: 0.505
Output value -0.371

Q+ parameters
slope: 0.616 semiSat: 0.560 beta: 1.250 sigma: 0.271 
maxBOLD estimate = 1.634


Trial 19: qplus Stimulus Selection
Stimulus: 0.588
Output value 0.000

Q+ parameters
slope: 0.183 semiSat: 0.670 beta: 0.969 sigma: 0.271 
maxBOLD estimate = 2.042


Trial 20: baseline Stimulus Selection
Stimulus: 0.010
Output value -0.382

Q+ parameters
slope: 0.379 semiSat: 0.560 beta: 1.062 sigma: 0.323 
maxBOLD estimate = 1.978


Trial 21: qplus Stimulus Selection
Stimulus: 0.629
Output value 0.000

Q+ parameters
slope: 0.144 semiSat: 0.670 beta: 1.500 sigma: 0.271 
maxBOLD estimate = 2.102


Trial 22: qplus Stimulus Selection
Stimulus: 0.794
Output value 0.143

Q+ parameters
slope: 1.000 semiSat: 0.560 beta: 0.500 sigma: 0.166 
maxBOLD estimate = 3.153


Trial 23: qplus Stimulus Selection
Stimulus: 0.835
Output value 0.896

Q+ parameters
slope: 0.055 semiSat: 0.670 beta: 1.250 sigma: 0.583 
maxBOLD estimate = 1.576


Trial 24: qplus Stimulus Selection
Stimulus: 0.381
Output value -0.537

Q+ parameters
slope: 0.089 semiSat: 0.780 beta: 1.500 sigma: 0.479 
maxBOLD estimate = 1.971


Trial 25: maxBOLD Stimulus Selection
Stimulus: 1.000
Output value 0.537

Q+ parameters
slope: 1.000 semiSat: 0.560 beta: 0.500 sigma: 0.166 
maxBOLD estimate = 2.956


Trial 26: qplus Stimulus Selection
Stimulus: 0.959
Output value 1.562

Q+ parameters
slope: 0.144 semiSat: 0.560 beta: 0.969 sigma: 0.479 
maxBOLD estimate = 1.478


Trial 27: qplus Stimulus Selection
Stimulus: 1.000
Output value 0.504

Q+ parameters
slope: 0.144 semiSat: 0.560 beta: 0.969 sigma: 0.739 
maxBOLD estimate = 1.432


Trial 28: qplus Stimulus Selection
Stimulus: 0.423
Output value 0.158

Q+ parameters
slope: 0.070 semiSat: 0.670 beta: 1.250 sigma: 0.844 
maxBOLD estimate = 1.387


Trial 29: qplus Stimulus Selection
Stimulus: 1.000
Output value 2.364

Q+ parameters
slope: 0.055 semiSat: 0.670 beta: 1.250 sigma: 0.583 
maxBOLD estimate = 1.734


Trial 30: baseline Stimulus Selection
Stimulus: 0.010
Output value 0.837

Q+ parameters
slope: 0.089 semiSat: 0.780 beta: 1.062 sigma: 0.323 
maxBOLD estimate = 2.167

--------------------------------------------------------------
FINAL VALUES
--------------------------------------------------------------
Simulated parameters:              slope: 0.410 semiSat: 0.570 beta: 1.000 sigma: 0.250 
Max posterior QUEST+ parameters:   slope: 0.113 semiSat: 0.780 beta: 1.031 sigma: 0.323 
Max BADS parameters:               slope: 0.105 semiSat: 0.812 beta: 1.000 sigma: 0.353 
maxBOLD estimate: 2.294
