/blue/stevenweisberg/stevenweisberg/MATLAB/projects/Weisberg_Aguirre_2020/scripts/run_sims
c0700a-s7.ufhpc
Tue Apr  6 17:27:04 EDT 2021
mkdir: cannot create directory ‘/blue/stevenweisberg/stevenweisberg/qpfMRIResults/model_parameter_set2/’: File exists
cp: cannot stat ‘/blue/stevenweisberg/stevenweisberg/qpfMRIResults/deploy_sim.sh’: No such file or directory
cp: cannot stat ‘/blue/stevenweisberg/stevenweisberg/qpfMRIResults/sim_wrapper.sh’: No such file or directory
------------------------------------------
Setting up environment variables
---
LD_LIBRARY_PATH is .:/apps/matlab/mcr/2020b/v99/runtime/glnxa64:/apps/matlab/mcr/2020b/v99/bin/glnxa64:/apps/matlab/mcr/2020b/v99/sys/os/glnxa64:/apps/matlab/mcr/2020b/v99/sys/opengl/lib/glnxa64
Warning: Executing startup failed in matlabrc.
This indicates a potentially serious problem in your MATLAB setup, which should be resolved as soon as possible.  Error detected was:
MATLAB:mpath:PathAlterationNotSupported
Modifying the search path is not supported by MATLAB Compiler. Remove functions that modify the search path from your MATLAB code. To make files visible to your deployed application, add the parent folder to your MATLAB session.
Warning: No stimulus domain specified. Defaulting to values between 0.01 and 1.
> In qpfmriParams (line 182)
In compiledSimulate (line 205)
Stimulus domain added from input.
Parameter slope specified as 0.20000
Parameter semiSat specified as 0.57000
Parameter beta specified as 1.00000
Parameter sigma specified as 0.10000
seed = 99seed = 104seed = 111seed = 111seed = 115seed = 101Initializing Q+. This may take a minute...
Elapsed time is 7.864433 seconds.
Simulated parameters:
slope: 0.200 semiSat: 0.570 beta: 1.000 sigma: 0.100 

Trial 1: baseline Stimulus Selection
Stimulus: 0.010
Output value 0.000

Q+ parameters
slope: 0.026 semiSat: 0.890 beta: 0.500 sigma: 0.010 
maxBOLD estimate = 1.000


Trial 2: maxBOLD Stimulus Selection
Stimulus: 1.000
Output value 1.364

Q+ parameters
slope: 0.055 semiSat: 0.670 beta: 1.250 sigma: 0.010 
maxBOLD estimate = 1.000


Trial 3: baseline Stimulus Selection
Stimulus: 0.010
Output value 0.000

Q+ parameters
slope: 0.055 semiSat: 0.670 beta: 1.250 sigma: 0.010 
maxBOLD estimate = 1.250


Trial 4: maxBOLD Stimulus Selection
Stimulus: 1.000
Output value 0.826

Q+ parameters
slope: 0.043 semiSat: 0.780 beta: 0.969 sigma: 0.114 
maxBOLD estimate = 1.562


Trial 5: baseline Stimulus Selection
Stimulus: 0.010
Output value -0.310

Q+ parameters
slope: 0.055 semiSat: 0.670 beta: 1.125 sigma: 0.114 
maxBOLD estimate = 1.514


Trial 6: maxBOLD Stimulus Selection
Stimulus: 1.000
Output value 1.200

Q+ parameters
slope: 0.043 semiSat: 0.780 beta: 0.969 sigma: 0.062 
maxBOLD estimate = 1.703


Trial 7: random Stimulus Selection
Stimulus: 0.464
Output value 0.187

Q+ parameters
slope: 0.055 semiSat: 0.890 beta: 1.250 sigma: 0.114 
maxBOLD estimate = 1.650


Trial 8: random Stimulus Selection
Stimulus: 0.051
Output value 0.234

Q+ parameters
slope: 0.034 semiSat: 1.000 beta: 1.250 sigma: 0.062 
maxBOLD estimate = 2.062


Trial 9: random Stimulus Selection
Stimulus: 0.629
Output value 0.469

Q+ parameters
slope: 0.034 semiSat: 1.000 beta: 1.000 sigma: 0.062 
maxBOLD estimate = 2.578


Trial 10: baseline Stimulus Selection
Stimulus: 0.010
Output value 0.242

Q+ parameters
slope: 0.034 semiSat: 1.000 beta: 1.031 sigma: 0.062 
maxBOLD estimate = 2.578


Trial 11: random Stimulus Selection
Stimulus: 0.299
Output value -0.121

Q+ parameters
slope: 0.113 semiSat: 0.560 beta: 0.500 sigma: 0.062 
maxBOLD estimate = 2.658


Trial 12: random Stimulus Selection
Stimulus: 0.299
Output value -0.302

Q+ parameters
slope: 0.089 semiSat: 0.670 beta: 1.250 sigma: 0.114 
maxBOLD estimate = 1.329


Trial 13: random Stimulus Selection
Stimulus: 0.216
Output value 0.264

Q+ parameters
slope: 0.113 semiSat: 0.560 beta: 0.875 sigma: 0.114 
maxBOLD estimate = 1.661


Trial 14: random Stimulus Selection
Stimulus: 0.257
Output value -0.116

Q+ parameters
slope: 0.113 semiSat: 0.560 beta: 0.875 sigma: 0.114 
maxBOLD estimate = 1.454


Trial 15: maxBOLD Stimulus Selection
Stimulus: 1.000
Output value 1.735

Q+ parameters
slope: 0.089 semiSat: 0.670 beta: 1.250 sigma: 0.114 
maxBOLD estimate = 1.272


Trial 16: random Stimulus Selection
Stimulus: 0.546
Output value 0.813

Q+ parameters
slope: 0.144 semiSat: 0.560 beta: 0.938 sigma: 0.114 
maxBOLD estimate = 1.590


Trial 17: random Stimulus Selection
Stimulus: 1.000
Output value 2.033

Q+ parameters
slope: 0.089 semiSat: 0.670 beta: 1.250 sigma: 0.114 
maxBOLD estimate = 1.491


Trial 18: random Stimulus Selection
Stimulus: 0.257
Output value -0.254

Q+ parameters
slope: 0.113 semiSat: 0.560 beta: 0.750 sigma: 0.114 
maxBOLD estimate = 1.863


Trial 19: random Stimulus Selection
Stimulus: 0.794
Output value 1.715

Q+ parameters
slope: 0.144 semiSat: 0.560 beta: 1.125 sigma: 0.114 
maxBOLD estimate = 1.397


Trial 20: baseline Stimulus Selection
Stimulus: 0.010
Output value -0.322

Q+ parameters
slope: 0.144 semiSat: 0.560 beta: 1.125 sigma: 0.114 
maxBOLD estimate = 1.572


Trial 21: random Stimulus Selection
Stimulus: 0.959
Output value 1.266

Q+ parameters
slope: 0.113 semiSat: 0.560 beta: 0.875 sigma: 0.114 
maxBOLD estimate = 1.769


Trial 22: random Stimulus Selection
Stimulus: 0.340
Output value -0.281

Q+ parameters
slope: 0.144 semiSat: 0.560 beta: 1.000 sigma: 0.114 
maxBOLD estimate = 1.548


Trial 23: random Stimulus Selection
Stimulus: 0.629
Output value 1.688

Q+ parameters
slope: 0.183 semiSat: 0.560 beta: 1.000 sigma: 0.114 
maxBOLD estimate = 1.548


Trial 24: random Stimulus Selection
Stimulus: 0.464
Output value -0.141

Q+ parameters
slope: 0.234 semiSat: 0.560 beta: 1.000 sigma: 0.114 
maxBOLD estimate = 1.548


Trial 25: maxBOLD Stimulus Selection
Stimulus: 1.000
Output value 1.125

Q+ parameters
slope: 0.234 semiSat: 0.560 beta: 1.000 sigma: 0.114 
maxBOLD estimate = 1.548


Trial 26: random Stimulus Selection
Stimulus: 0.794
Output value 1.688

Q+ parameters
slope: 0.234 semiSat: 0.560 beta: 1.000 sigma: 0.114 
maxBOLD estimate = 1.548


Trial 27: random Stimulus Selection
Stimulus: 0.876
Output value 1.688

Q+ parameters
slope: 0.234 semiSat: 0.560 beta: 1.000 sigma: 0.114 
maxBOLD estimate = 1.548


Trial 28: random Stimulus Selection
Stimulus: 0.299
Output value 0.141

Q+ parameters
slope: 0.234 semiSat: 0.560 beta: 1.000 sigma: 0.114 
maxBOLD estimate = 1.548


Trial 29: random Stimulus Selection
Stimulus: 0.835
Output value 1.688

Q+ parameters
slope: 0.234 semiSat: 0.560 beta: 1.000 sigma: 0.114 
maxBOLD estimate = 1.548


Trial 30: baseline Stimulus Selection
Stimulus: 0.010
Output value -0.317

Q+ parameters
slope: 0.183 semiSat: 0.560 beta: 1.125 sigma: 0.114 
maxBOLD estimate = 1.548


Trial 31: random Stimulus Selection
Stimulus: 0.670
Output value 1.108

Q+ parameters
slope: 0.234 semiSat: 0.560 beta: 0.875 sigma: 0.114 
maxBOLD estimate = 1.741


Trial 32: random Stimulus Selection
Stimulus: 0.423
Output value -0.138

Q+ parameters
slope: 0.234 semiSat: 0.560 beta: 1.000 sigma: 0.114 
maxBOLD estimate = 1.523


Trial 33: random Stimulus Selection
Stimulus: 0.464
Output value -0.138

Q+ parameters
slope: 0.234 semiSat: 0.560 beta: 1.000 sigma: 0.114 
maxBOLD estimate = 1.523


Trial 34: random Stimulus Selection
Stimulus: 0.299
Output value 0.277

Q+ parameters
slope: 0.234 semiSat: 0.560 beta: 1.000 sigma: 0.114 
maxBOLD estimate = 1.523


Trial 35: maxBOLD Stimulus Selection
Stimulus: 1.000
Output value 1.662

Q+ parameters
slope: 0.234 semiSat: 0.560 beta: 1.000 sigma: 0.114 
maxBOLD estimate = 1.523


Trial 36: random Stimulus Selection
Stimulus: 0.175
Output value -0.138

Q+ parameters
slope: 0.234 semiSat: 0.560 beta: 1.000 sigma: 0.114 
maxBOLD estimate = 1.523


Trial 37: random Stimulus Selection
Stimulus: 0.464
Output value 0.277

Q+ parameters
slope: 0.234 semiSat: 0.560 beta: 1.000 sigma: 0.114 
maxBOLD estimate = 1.523


Trial 38: random Stimulus Selection
Stimulus: 0.753
Output value 1.523

Q+ parameters
slope: 0.234 semiSat: 0.560 beta: 1.000 sigma: 0.114 
maxBOLD estimate = 1.523


Trial 39: random Stimulus Selection
Stimulus: 0.092
Output value -0.138

Q+ parameters
slope: 0.234 semiSat: 0.560 beta: 1.000 sigma: 0.114 
maxBOLD estimate = 1.523


Trial 40: baseline Stimulus Selection
Stimulus: 0.010
Output value 0.138

Q+ parameters
slope: 0.234 semiSat: 0.560 beta: 1.000 sigma: 0.114 
maxBOLD estimate = 1.523


Trial 41: random Stimulus Selection
Stimulus: 0.546
Output value 0.402

Q+ parameters
slope: 0.234 semiSat: 0.560 beta: 0.969 sigma: 0.114 
maxBOLD estimate = 1.523


Trial 42: random Stimulus Selection
Stimulus: 0.794
Output value 1.170

Q+ parameters
slope: 0.379 semiSat: 0.560 beta: 0.969 sigma: 0.114 
maxBOLD estimate = 1.476


Trial 43: random Stimulus Selection
Stimulus: 0.876
Output value 1.381

Q+ parameters
slope: 0.234 semiSat: 0.560 beta: 1.062 sigma: 0.114 
maxBOLD estimate = 1.430


Trial 44: random Stimulus Selection
Stimulus: 0.629
Output value 0.669

Q+ parameters
slope: 0.234 semiSat: 0.560 beta: 0.969 sigma: 0.114 
maxBOLD estimate = 1.519


Trial 45: maxBOLD Stimulus Selection
Stimulus: 1.000
Output value 1.296

Q+ parameters
slope: 0.234 semiSat: 0.560 beta: 0.969 sigma: 0.114 
maxBOLD estimate = 1.472


Trial 46: random Stimulus Selection
Stimulus: 0.835
Output value 1.130

Q+ parameters
slope: 0.234 semiSat: 0.560 beta: 0.969 sigma: 0.114 
maxBOLD estimate = 1.426


Trial 47: random Stimulus Selection
Stimulus: 0.216
Output value -0.267

Q+ parameters
slope: 0.234 semiSat: 0.560 beta: 1.062 sigma: 0.114 
maxBOLD estimate = 1.381


Trial 48: random Stimulus Selection
Stimulus: 0.423
Output value -0.258

Q+ parameters
slope: 0.234 semiSat: 0.560 beta: 0.969 sigma: 0.114 
maxBOLD estimate = 1.467


Trial 49: random Stimulus Selection
Stimulus: 0.959
Output value 1.377

Q+ parameters
slope: 0.234 semiSat: 0.560 beta: 0.969 sigma: 0.114 
maxBOLD estimate = 1.421


Trial 50: baseline Stimulus Selection
Stimulus: 0.010
Output value -0.266

Q+ parameters
slope: 0.234 semiSat: 0.560 beta: 1.062 sigma: 0.114 
maxBOLD estimate = 1.377


Trial 51: random Stimulus Selection
Stimulus: 0.423
Output value 0.258

Q+ parameters
slope: 0.234 semiSat: 0.560 beta: 0.969 sigma: 0.114 
maxBOLD estimate = 1.463


Trial 52: random Stimulus Selection
Stimulus: 0.257
Output value -0.250

Q+ parameters
slope: 0.234 semiSat: 0.560 beta: 0.969 sigma: 0.114 
maxBOLD estimate = 1.417


Trial 53: random Stimulus Selection
Stimulus: 0.464
Output value 0.133

Q+ parameters
slope: 0.234 semiSat: 0.560 beta: 1.062 sigma: 0.114 
maxBOLD estimate = 1.373


Trial 54: random Stimulus Selection
Stimulus: 0.670
Output value 1.542

Q+ parameters
slope: 0.234 semiSat: 0.560 beta: 0.969 sigma: 0.114 
maxBOLD estimate = 1.459


Trial 55: maxBOLD Stimulus Selection
Stimulus: 1.000
Output value 1.502

Q+ parameters
slope: 0.234 semiSat: 0.560 beta: 1.062 sigma: 0.114 
maxBOLD estimate = 1.413


Trial 56: random Stimulus Selection
Stimulus: 0.918
Output value 1.587

Q+ parameters
slope: 0.234 semiSat: 0.560 beta: 0.969 sigma: 0.114 
maxBOLD estimate = 1.502


Trial 57: random Stimulus Selection
Stimulus: 0.959
Output value 1.281

Q+ parameters
slope: 0.234 semiSat: 0.560 beta: 0.969 sigma: 0.114 
maxBOLD estimate = 1.455


Trial 58: random Stimulus Selection
Stimulus: 0.505
Output value 0.681

Q+ parameters
slope: 0.234 semiSat: 0.560 beta: 1.062 sigma: 0.114 
maxBOLD estimate = 1.409


Trial 59: random Stimulus Selection
Stimulus: 0.588
Output value 1.582

Q+ parameters
slope: 0.234 semiSat: 0.560 beta: 0.969 sigma: 0.114 
maxBOLD estimate = 1.497


Trial 60: baseline Stimulus Selection
Stimulus: 0.010
Output value -0.280

Q+ parameters
slope: 0.234 semiSat: 0.560 beta: 1.062 sigma: 0.114 
maxBOLD estimate = 1.451


Trial 61: random Stimulus Selection
Stimulus: 0.340
Output value 0.136

Q+ parameters
slope: 0.234 semiSat: 0.560 beta: 0.969 sigma: 0.114 
maxBOLD estimate = 1.541


Trial 62: random Stimulus Selection
Stimulus: 0.175
Output value 0.721

Q+ parameters
slope: 0.234 semiSat: 0.560 beta: 1.062 sigma: 0.114 
maxBOLD estimate = 1.493


Trial 63: random Stimulus Selection
Stimulus: 0.299
Output value 0.000

Q+ parameters
slope: 0.234 semiSat: 0.560 beta: 0.969 sigma: 0.114 
maxBOLD estimate = 1.586


Trial 64: random Stimulus Selection
Stimulus: 0.711
Output value 1.218

Q+ parameters
slope: 0.234 semiSat: 0.560 beta: 0.969 sigma: 0.114 
maxBOLD estimate = 1.537


Trial 65: maxBOLD Stimulus Selection
Stimulus: 1.000
Output value 1.726

Q+ parameters
slope: 0.234 semiSat: 0.560 beta: 1.062 sigma: 0.114 
maxBOLD estimate = 1.489


Trial 66: random Stimulus Selection
Stimulus: 0.629
Output value 1.254

Q+ parameters
slope: 0.234 semiSat: 0.560 beta: 0.969 sigma: 0.114 
maxBOLD estimate = 1.582


Trial 67: random Stimulus Selection
Stimulus: 0.835
Output value 1.619

Q+ parameters
slope: 0.234 semiSat: 0.560 beta: 0.969 sigma: 0.114 
maxBOLD estimate = 1.532


Trial 68: random Stimulus Selection
Stimulus: 0.010
Output value 0.131

Q+ parameters
slope: 0.234 semiSat: 0.560 beta: 0.969 sigma: 0.114 
maxBOLD estimate = 1.484


Trial 69: random Stimulus Selection
Stimulus: 0.588
Output value 0.833

Q+ parameters
slope: 0.234 semiSat: 0.560 beta: 1.062 sigma: 0.114 
maxBOLD estimate = 1.438


Trial 70: baseline Stimulus Selection
Stimulus: 0.010
Output value 0.404

Q+ parameters
slope: 0.234 semiSat: 0.560 beta: 0.969 sigma: 0.114 
maxBOLD estimate = 1.528


Trial 71: random Stimulus Selection
Stimulus: 0.051
Output value 0.130

Q+ parameters
slope: 0.234 semiSat: 0.560 beta: 0.969 sigma: 0.114 
maxBOLD estimate = 1.480


Trial 72: random Stimulus Selection
Stimulus: 0.175
Output value -0.277

Q+ parameters
slope: 0.234 semiSat: 0.560 beta: 1.062 sigma: 0.114 
maxBOLD estimate = 1.434


Trial 73: random Stimulus Selection
Stimulus: 0.794
Output value 1.610

Q+ parameters
slope: 0.234 semiSat: 0.560 beta: 0.969 sigma: 0.114 
maxBOLD estimate = 1.524


Trial 74: random Stimulus Selection
Stimulus: 0.010
Output value -0.143

Q+ parameters
slope: 0.234 semiSat: 0.560 beta: 1.062 sigma: 0.114 
maxBOLD estimate = 1.476


Trial 75: maxBOLD Stimulus Selection
Stimulus: 1.000
Output value 1.657

Q+ parameters
slope: 0.234 semiSat: 0.560 beta: 0.969 sigma: 0.114 
maxBOLD estimate = 1.568


Trial 76: random Stimulus Selection
Stimulus: 0.299
Output value -0.134

Q+ parameters
slope: 0.234 semiSat: 0.560 beta: 0.969 sigma: 0.114 
maxBOLD estimate = 1.519


Trial 77: random Stimulus Selection
Stimulus: 0.175
Output value -0.130

Q+ parameters
slope: 0.234 semiSat: 0.560 beta: 0.969 sigma: 0.114 
maxBOLD estimate = 1.472


Trial 78: random Stimulus Selection
Stimulus: 0.092
Output value 0.138

Q+ parameters
slope: 0.234 semiSat: 0.560 beta: 1.062 sigma: 0.114 
maxBOLD estimate = 1.426


Trial 79: random Stimulus Selection
Stimulus: 0.794
Output value 1.334

Q+ parameters
slope: 0.234 semiSat: 0.560 beta: 0.969 sigma: 0.114 
maxBOLD estimate = 1.515


Trial 80: baseline Stimulus Selection
Stimulus: 0.010
Output value -0.283

Q+ parameters
slope: 0.234 semiSat: 0.560 beta: 1.062 sigma: 0.114 
maxBOLD estimate = 1.468


Trial 81: random Stimulus Selection
Stimulus: 1.000
Output value 1.648

Q+ parameters
slope: 0.234 semiSat: 0.560 beta: 0.969 sigma: 0.114 
maxBOLD estimate = 1.559


Trial 82: random Stimulus Selection
Stimulus: 0.753
Output value 1.197

Q+ parameters
slope: 0.234 semiSat: 0.560 beta: 0.969 sigma: 0.114 
maxBOLD estimate = 1.511


Trial 83: random Stimulus Selection
Stimulus: 0.340
Output value -0.283

Q+ parameters
slope: 0.234 semiSat: 0.560 beta: 1.062 sigma: 0.114 
maxBOLD estimate = 1.463


Trial 84: random Stimulus Selection
Stimulus: 0.753
Output value 1.095

Q+ parameters
slope: 0.234 semiSat: 0.560 beta: 0.969 sigma: 0.114 
maxBOLD estimate = 1.555


Trial 85: maxBOLD Stimulus Selection
Stimulus: 1.000
Output value 1.061

Q+ parameters
slope: 0.234 semiSat: 0.560 beta: 0.969 sigma: 0.114 
maxBOLD estimate = 1.506


Trial 86: random Stimulus Selection
Stimulus: 0.051
Output value -0.282

Q+ parameters
slope: 0.234 semiSat: 0.560 beta: 1.062 sigma: 0.114 
maxBOLD estimate = 1.459


Trial 87: random Stimulus Selection
Stimulus: 0.629
Output value 1.229

Q+ parameters
slope: 0.234 semiSat: 0.560 beta: 0.969 sigma: 0.114 
maxBOLD estimate = 1.550


Trial 88: random Stimulus Selection
Stimulus: 0.257
Output value -0.265

Q+ parameters
slope: 0.234 semiSat: 0.560 beta: 0.969 sigma: 0.114 
maxBOLD estimate = 1.502


Trial 89: random Stimulus Selection
Stimulus: 0.753
Output value 0.769

Q+ parameters
slope: 0.234 semiSat: 0.560 beta: 0.969 sigma: 0.114 
maxBOLD estimate = 1.455


Trial 90: baseline Stimulus Selection
Stimulus: 0.010
Output value -0.272

Q+ parameters
slope: 0.234 semiSat: 0.560 beta: 1.062 sigma: 0.114 
maxBOLD estimate = 1.409


Trial 91: random Stimulus Selection
Stimulus: 0.546
Output value 0.264

Q+ parameters
slope: 0.234 semiSat: 0.560 beta: 0.969 sigma: 0.114 
maxBOLD estimate = 1.498


Trial 92: random Stimulus Selection
Stimulus: 0.092
Output value -0.280

Q+ parameters
slope: 0.234 semiSat: 0.560 beta: 1.062 sigma: 0.114 
maxBOLD estimate = 1.451


Trial 93: random Stimulus Selection
Stimulus: 1.000
Output value 1.358

Q+ parameters
slope: 0.234 semiSat: 0.560 beta: 0.969 sigma: 0.114 
maxBOLD estimate = 1.541


Trial 94: random Stimulus Selection
Stimulus: 0.959
Output value 1.052

Q+ parameters
slope: 0.234 semiSat: 0.560 beta: 0.969 sigma: 0.114 
maxBOLD estimate = 1.493


Trial 95: maxBOLD Stimulus Selection
Stimulus: 1.000
Output value 0.838

Q+ parameters
slope: 0.234 semiSat: 0.560 beta: 1.062 sigma: 0.114 
maxBOLD estimate = 1.447


Trial 96: random Stimulus Selection
Stimulus: 0.464
Output value -0.271

Q+ parameters
slope: 0.234 semiSat: 0.560 beta: 0.969 sigma: 0.114 
maxBOLD estimate = 1.537


Trial 97: random Stimulus Selection
Stimulus: 0.959
Output value 1.574

Q+ parameters
slope: 0.234 semiSat: 0.560 beta: 0.969 sigma: 0.114 
maxBOLD estimate = 1.489


Trial 98: random Stimulus Selection
Stimulus: 0.711
Output value 1.254

Q+ parameters
slope: 0.234 semiSat: 0.560 beta: 1.062 sigma: 0.114 
maxBOLD estimate = 1.442


Trial 99: random Stimulus Selection
Stimulus: 0.340
Output value -0.270

Q+ parameters
slope: 0.234 semiSat: 0.560 beta: 0.969 sigma: 0.114 
maxBOLD estimate = 1.533


Trial 100: baseline Stimulus Selection
Stimulus: 0.010
Output value -0.262

Q+ parameters
slope: 0.234 semiSat: 0.560 beta: 0.969 sigma: 0.114 
maxBOLD estimate = 1.485

--------------------------------------------------------------
FINAL VALUES
--------------------------------------------------------------
Simulated parameters:              slope: 0.200 semiSat: 0.570 beta: 1.000 sigma: 0.100 
Max posterior QUEST+ parameters:   slope: 0.234 semiSat: 0.560 beta: 1.062 sigma: 0.114 
Max BADS parameters:               slope: 0.316 semiSat: 0.558 beta: 1.000 sigma: 0.119 
maxBOLD estimate: 1.421
