/blue/stevenweisberg/stevenweisberg/MATLAB/projects/Weisberg_Aguirre_2020/scripts/run_sims
c27a-s6.ufhpc
Fri Nov 13 18:19:29 EST 2020
mkdir: cannot create directory ‘/blue/stevenweisberg/stevenweisberg/qpfMRIResults/model_parameter_set1/’: File exists
cp: cannot stat ‘/blue/stevenweisberg/stevenweisberg/qpfMRIResults/deploy_sim.sh’: No such file or directory
cp: cannot stat ‘/blue/stevenweisberg/stevenweisberg/qpfMRIResults/sim_wrapper.sh’: No such file or directory
------------------------------------------
Setting up environment variables
---
LD_LIBRARY_PATH is .:/apps/matlab/mcr/2020b/v99/runtime/glnxa64:/apps/matlab/mcr/2020b/v99/bin/glnxa64:/apps/matlab/mcr/2020b/v99/sys/os/glnxa64:/apps/matlab/mcr/2020b/v99/sys/opengl/lib/glnxa64
Warning: Executing startup failed in matlabrc.
This indicates a potentially serious problem in your MATLAB setup, which should be resolved as soon as possible.  Error detected was:
MATLAB:mpath:PathAlterationNotSupported
Modifying the search path is not supported by MATLAB Compiler. Remove functions that modify the search path from your MATLAB code. To make files visible to your deployed application, add the parent folder to your MATLAB session.
Warning: No stimulus domain specified. Defaulting to values between 0.01 and 1.
> In qpfmriParams (line 182)
In compiledSimulate (line 205)
Stimulus domain added from input.
Parameter slope specified as 0.41000
Parameter semiSat specified as 0.57000
Parameter beta specified as 1.00000
Parameter sigma specified as 0.25000
seed = 99seed = 104seed = 111seed = 111seed = 115seed = 101Initializing Q+. This may take a minute...
Elapsed time is 10.169545 seconds.
Simulated parameters:
slope: 0.410 semiSat: 0.570 beta: 1.000 sigma: 0.250 

Trial 1: baseline Stimulus Selection
Stimulus: 0.010
Output value 0.000

Q+ parameters
slope: 0.026 semiSat: 0.890 beta: 0.500 sigma: 0.010 
maxBOLD estimate = 1.000


Trial 2: maxBOLD Stimulus Selection
Stimulus: 1.000
Output value -0.091

Q+ parameters
slope: 0.026 semiSat: 0.890 beta: 0.500 sigma: 0.479 
maxBOLD estimate = 1.000


Trial 3: baseline Stimulus Selection
Stimulus: 0.010
Output value -0.114

Q+ parameters
slope: 0.055 semiSat: 0.670 beta: 1.250 sigma: 0.531 
maxBOLD estimate = 0.500


Trial 4: maxBOLD Stimulus Selection
Stimulus: 1.000
Output value 0.852

Q+ parameters
slope: 0.055 semiSat: 0.670 beta: 1.250 sigma: 0.010 
maxBOLD estimate = 0.625


Trial 5: baseline Stimulus Selection
Stimulus: 0.010
Output value -0.213

Q+ parameters
slope: 0.026 semiSat: 0.560 beta: 1.500 sigma: 1.000 
maxBOLD estimate = 0.781


Trial 6: maxBOLD Stimulus Selection
Stimulus: 1.000
Output value 1.598

Q+ parameters
slope: 0.043 semiSat: 0.560 beta: 1.250 sigma: 0.114 
maxBOLD estimate = 1.172


Trial 7: qplus Stimulus Selection
Stimulus: 0.505
Output value -0.333

Q+ parameters
slope: 0.089 semiSat: 0.890 beta: 1.250 sigma: 0.166 
maxBOLD estimate = 1.465


Trial 8: qplus Stimulus Selection
Stimulus: 0.711
Output value 0.333

Q+ parameters
slope: 1.000 semiSat: 0.560 beta: 0.500 sigma: 0.166 
maxBOLD estimate = 1.831


Trial 9: qplus Stimulus Selection
Stimulus: 0.835
Output value 1.498

Q+ parameters
slope: 0.183 semiSat: 0.780 beta: 1.500 sigma: 0.166 
maxBOLD estimate = 0.916


Trial 10: baseline Stimulus Selection
Stimulus: 0.010
Output value 0.218

Q+ parameters
slope: 0.144 semiSat: 0.780 beta: 0.875 sigma: 0.218 
maxBOLD estimate = 1.373


Trial 11: qplus Stimulus Selection
Stimulus: 0.835
Output value 0.191

Q+ parameters
slope: 0.379 semiSat: 0.890 beta: 0.875 sigma: 0.531 
maxBOLD estimate = 1.202


Trial 12: qplus Stimulus Selection
Stimulus: 0.835
Output value 1.721

Q+ parameters
slope: 0.026 semiSat: 0.890 beta: 1.500 sigma: 1.000 
maxBOLD estimate = 1.051


Trial 13: qplus Stimulus Selection
Stimulus: 1.000
Output value 0.287

Q+ parameters
slope: 0.379 semiSat: 0.780 beta: 0.500 sigma: 0.166 
maxBOLD estimate = 1.577


Trial 14: qplus Stimulus Selection
Stimulus: 0.835
Output value 0.887

Q+ parameters
slope: 0.013 semiSat: 0.560 beta: 1.031 sigma: 1.000 
maxBOLD estimate = 0.789


Trial 15: maxBOLD Stimulus Selection
Stimulus: 1.000
Output value 0.832

Q+ parameters
slope: 0.021 semiSat: 0.450 beta: 0.938 sigma: 1.000 
maxBOLD estimate = 0.813


Trial 16: qplus Stimulus Selection
Stimulus: 1.000
Output value 0.858

Q+ parameters
slope: 0.013 semiSat: 0.560 beta: 1.031 sigma: 1.000 
maxBOLD estimate = 0.762


Trial 17: qplus Stimulus Selection
Stimulus: 0.918
Output value -0.125

Q+ parameters
slope: 0.010 semiSat: 0.670 beta: 0.875 sigma: 1.000 
maxBOLD estimate = 0.786


Trial 18: qplus Stimulus Selection
Stimulus: 0.175
Output value -0.129

Q+ parameters
slope: 0.483 semiSat: 0.780 beta: 1.031 sigma: 0.166 
maxBOLD estimate = 0.688


Trial 19: qplus Stimulus Selection
Stimulus: 0.711
Output value 0.774

Q+ parameters
slope: 0.234 semiSat: 0.670 beta: 1.000 sigma: 0.218 
maxBOLD estimate = 0.709


Trial 20: baseline Stimulus Selection
Stimulus: 0.010
Output value -0.145

Q+ parameters
slope: 0.234 semiSat: 0.670 beta: 1.125 sigma: 0.218 
maxBOLD estimate = 0.709


Trial 21: qplus Stimulus Selection
Stimulus: 0.629
Output value 0.925

Q+ parameters
slope: 0.616 semiSat: 0.560 beta: 1.062 sigma: 0.218 
maxBOLD estimate = 0.798


Trial 22: qplus Stimulus Selection
Stimulus: 0.588
Output value 1.156

Q+ parameters
slope: 0.616 semiSat: 0.560 beta: 1.250 sigma: 0.218 
maxBOLD estimate = 0.848


Trial 23: qplus Stimulus Selection
Stimulus: 0.588
Output value 0.867

Q+ parameters
slope: 0.026 semiSat: 0.780 beta: 1.500 sigma: 1.000 
maxBOLD estimate = 1.060


Trial 24: qplus Stimulus Selection
Stimulus: 1.000
Output value 1.626

Q+ parameters
slope: 1.000 semiSat: 0.560 beta: 0.938 sigma: 0.427 
maxBOLD estimate = 1.590


Trial 25: maxBOLD Stimulus Selection
Stimulus: 1.000
Output value 1.524

Q+ parameters
slope: 1.000 semiSat: 0.560 beta: 0.938 sigma: 0.375 
maxBOLD estimate = 1.491


Trial 26: qplus Stimulus Selection
Stimulus: 0.505
Output value -0.238

Q+ parameters
slope: 1.000 semiSat: 0.560 beta: 0.938 sigma: 0.323 
maxBOLD estimate = 1.397


Trial 27: qplus Stimulus Selection
Stimulus: 0.505
Output value 0.536

Q+ parameters
slope: 0.055 semiSat: 0.560 beta: 1.125 sigma: 0.739 
maxBOLD estimate = 1.310


Trial 28: qplus Stimulus Selection
Stimulus: 0.876
Output value -0.134

Q+ parameters
slope: 1.000 semiSat: 0.560 beta: 0.500 sigma: 0.635 
maxBOLD estimate = 1.474


Trial 29: qplus Stimulus Selection
Stimulus: 0.381
Output value 0.829

Q+ parameters
slope: 0.021 semiSat: 0.560 beta: 1.031 sigma: 1.000 
maxBOLD estimate = 0.737


Trial 30: baseline Stimulus Selection
Stimulus: 0.010
Output value 0.259

Q+ parameters
slope: 0.616 semiSat: 0.560 beta: 1.250 sigma: 0.218 
maxBOLD estimate = 0.760

--------------------------------------------------------------
FINAL VALUES
--------------------------------------------------------------
Simulated parameters:              slope: 0.410 semiSat: 0.570 beta: 1.000 sigma: 0.250 
Max posterior QUEST+ parameters:   slope: 0.016 semiSat: 1.000 beta: 1.500 sigma: 1.000 
Max BADS parameters:               slope: 1.000 semiSat: 0.549 beta: 1.000 sigma: 0.238 
maxBOLD estimate: 0.972
