/blue/stevenweisberg/stevenweisberg/MATLAB/projects/Weisberg_Aguirre_2020/scripts/run_sims
c25a-s22.ufhpc
Thu Nov 12 20:42:10 EST 2020
cp: cannot stat ‘/blue/stevenweisberg/stevenweisberg/qpfMRIResults/deploy_sim.sh’: No such file or directory
cp: cannot stat ‘/blue/stevenweisberg/stevenweisberg/qpfMRIResults/sim_wrapper.sh’: No such file or directory
------------------------------------------
Setting up environment variables
---
LD_LIBRARY_PATH is .:/apps/matlab/mcr/2020b/v99/runtime/glnxa64:/apps/matlab/mcr/2020b/v99/bin/glnxa64:/apps/matlab/mcr/2020b/v99/sys/os/glnxa64:/apps/matlab/mcr/2020b/v99/sys/opengl/lib/glnxa64
Warning: Executing startup failed in matlabrc.
This indicates a potentially serious problem in your MATLAB setup, which should be resolved as soon as possible.  Error detected was:
MATLAB:mpath:PathAlterationNotSupported
Modifying the search path is not supported by MATLAB Compiler. Remove functions that modify the search path from your MATLAB code. To make files visible to your deployed application, add the parent folder to your MATLAB session.
Warning: No stimulus domain specified. Defaulting to values between 0.01 and 1.
> In qpfmriParams (line 182)
In compiledSimulate (line 205)
Stimulus domain added from input.
Parameter slope specified as 0.41000
Parameter semiSat specified as 0.57000
Parameter beta specified as 1.00000
Parameter sigma specified as 0.25000
seed = 99seed = 104seed = 111seed = 111seed = 115seed = 101Initializing Q+. This may take a minute...
Elapsed time is 10.004962 seconds.
Simulated parameters:
slope: 0.410 semiSat: 0.570 beta: 1.000 sigma: 0.250 

Trial 1: baseline Stimulus Selection
Stimulus: 0.010
Output value 0.000

Q+ parameters
slope: 0.026 semiSat: 0.890 beta: 0.500 sigma: 0.010 
maxBOLD estimate = 1.000


Trial 2: maxBOLD Stimulus Selection
Stimulus: 1.000
Output value -0.045

Q+ parameters
slope: 0.026 semiSat: 0.890 beta: 0.500 sigma: 0.218 
maxBOLD estimate = 1.000


Trial 3: baseline Stimulus Selection
Stimulus: 0.010
Output value 0.818

Q+ parameters
slope: 0.016 semiSat: 0.450 beta: 1.500 sigma: 1.000 
maxBOLD estimate = 0.500


Trial 4: maxBOLD Stimulus Selection
Stimulus: 1.000
Output value -0.102

Q+ parameters
slope: 0.034 semiSat: 0.890 beta: 0.750 sigma: 1.000 
maxBOLD estimate = 0.750


Trial 5: baseline Stimulus Selection
Stimulus: 0.010
Output value -0.153

Q+ parameters
slope: 0.026 semiSat: 0.670 beta: 1.500 sigma: 0.844 
maxBOLD estimate = 0.562


Trial 6: maxBOLD Stimulus Selection
Stimulus: 1.000
Output value 0.288

Q+ parameters
slope: 0.043 semiSat: 0.780 beta: 1.250 sigma: 1.000 
maxBOLD estimate = 0.844


Trial 7: random Stimulus Selection
Stimulus: 0.423
Output value -0.288

Q+ parameters
slope: 0.089 semiSat: 0.890 beta: 1.500 sigma: 0.166 
maxBOLD estimate = 1.055


Trial 8: random Stimulus Selection
Stimulus: 0.670
Output value 0.755

Q+ parameters
slope: 0.144 semiSat: 0.670 beta: 0.875 sigma: 0.166 
maxBOLD estimate = 1.582


Trial 9: random Stimulus Selection
Stimulus: 0.381
Output value -0.267

Q+ parameters
slope: 0.144 semiSat: 0.670 beta: 1.062 sigma: 0.166 
maxBOLD estimate = 1.384


Trial 10: baseline Stimulus Selection
Stimulus: 0.010
Output value 0.267

Q+ parameters
slope: 0.089 semiSat: 0.780 beta: 1.000 sigma: 0.166 
maxBOLD estimate = 1.471


Trial 11: random Stimulus Selection
Stimulus: 0.876
Output value 1.805

Q+ parameters
slope: 0.144 semiSat: 0.670 beta: 1.125 sigma: 0.166 
maxBOLD estimate = 1.471


Trial 12: random Stimulus Selection
Stimulus: 0.918
Output value 2.256

Q+ parameters
slope: 0.616 semiSat: 0.890 beta: 1.250 sigma: 0.218 
maxBOLD estimate = 1.655


Trial 13: random Stimulus Selection
Stimulus: 0.010
Output value -0.423

Q+ parameters
slope: 0.089 semiSat: 0.890 beta: 1.125 sigma: 0.166 
maxBOLD estimate = 2.068


Trial 14: random Stimulus Selection
Stimulus: 0.175
Output value -0.397

Q+ parameters
slope: 0.070 semiSat: 0.890 beta: 0.938 sigma: 0.114 
maxBOLD estimate = 2.327


Trial 15: maxBOLD Stimulus Selection
Stimulus: 1.000
Output value 1.983

Q+ parameters
slope: 0.070 semiSat: 0.890 beta: 1.000 sigma: 0.166 
maxBOLD estimate = 2.181


Trial 16: random Stimulus Selection
Stimulus: 0.381
Output value -0.198

Q+ parameters
slope: 0.070 semiSat: 0.890 beta: 1.000 sigma: 0.114 
maxBOLD estimate = 2.181


Trial 17: random Stimulus Selection
Stimulus: 0.340
Output value 0.793

Q+ parameters
slope: 0.070 semiSat: 0.890 beta: 1.000 sigma: 0.166 
maxBOLD estimate = 2.181


Trial 18: random Stimulus Selection
Stimulus: 0.216
Output value -0.397

Q+ parameters
slope: 0.070 semiSat: 0.890 beta: 1.000 sigma: 0.114 
maxBOLD estimate = 2.181


Trial 19: random Stimulus Selection
Stimulus: 0.876
Output value 1.785

Q+ parameters
slope: 0.113 semiSat: 0.670 beta: 0.750 sigma: 0.166 
maxBOLD estimate = 2.181


Trial 20: baseline Stimulus Selection
Stimulus: 0.010
Output value -0.335

Q+ parameters
slope: 0.144 semiSat: 0.670 beta: 1.125 sigma: 0.218 
maxBOLD estimate = 1.636


Trial 21: random Stimulus Selection
Stimulus: 0.381
Output value 0.837

Q+ parameters
slope: 0.113 semiSat: 0.780 beta: 1.250 sigma: 0.218 
maxBOLD estimate = 1.841


Trial 22: random Stimulus Selection
Stimulus: 0.257
Output value 0.366

Q+ parameters
slope: 0.089 semiSat: 0.780 beta: 0.875 sigma: 0.166 
maxBOLD estimate = 2.301


Trial 23: random Stimulus Selection
Stimulus: 0.588
Output value 1.716

Q+ parameters
slope: 1.000 semiSat: 0.560 beta: 0.938 sigma: 0.218 
maxBOLD estimate = 2.013


Trial 24: random Stimulus Selection
Stimulus: 1.000
Output value 2.188

Q+ parameters
slope: 0.144 semiSat: 0.670 beta: 1.062 sigma: 0.218 
maxBOLD estimate = 1.887


Trial 25: maxBOLD Stimulus Selection
Stimulus: 1.000
Output value 2.068

Q+ parameters
slope: 0.089 semiSat: 0.780 beta: 1.031 sigma: 0.218 
maxBOLD estimate = 2.005


Trial 26: random Stimulus Selection
Stimulus: 0.629
Output value 1.128

Q+ parameters
slope: 0.483 semiSat: 0.560 beta: 0.750 sigma: 0.166 
maxBOLD estimate = 2.068


Trial 27: random Stimulus Selection
Stimulus: 0.918
Output value 2.538

Q+ parameters
slope: 0.298 semiSat: 0.560 beta: 1.500 sigma: 0.218 
maxBOLD estimate = 1.551


Trial 28: random Stimulus Selection
Stimulus: 0.175
Output value 1.269

Q+ parameters
slope: 1.000 semiSat: 0.120 beta: 0.500 sigma: 0.375 
maxBOLD estimate = 2.326


Trial 29: random Stimulus Selection
Stimulus: 0.340
Output value 0.000

Q+ parameters
slope: 1.000 semiSat: 0.120 beta: 0.500 sigma: 1.000 
maxBOLD estimate = 1.163


Trial 30: baseline Stimulus Selection
Stimulus: 0.010
Output value 0.317

Q+ parameters
slope: 1.000 semiSat: 0.120 beta: 0.500 sigma: 1.000 
maxBOLD estimate = 0.582

--------------------------------------------------------------
FINAL VALUES
--------------------------------------------------------------
Simulated parameters:              slope: 0.410 semiSat: 0.570 beta: 1.000 sigma: 0.250 
Max posterior QUEST+ parameters:   slope: 0.010 semiSat: 0.340 beta: 0.938 sigma: 1.000 
Max BADS parameters:               slope: 0.010 semiSat: 0.446 beta: 1.000 sigma: 1.000 
maxBOLD estimate: 0.291
