/blue/stevenweisberg/stevenweisberg/MATLAB/projects/Weisberg_Aguirre_2020/scripts/run_sims
c0700a-s3.ufhpc
Tue Apr  6 21:12:10 EDT 2021
mkdir: cannot create directory ‘/blue/stevenweisberg/stevenweisberg/qpfMRIResults/model_parameter_set2/’: File exists
cp: cannot stat ‘/blue/stevenweisberg/stevenweisberg/qpfMRIResults/deploy_sim.sh’: No such file or directory
cp: cannot stat ‘/blue/stevenweisberg/stevenweisberg/qpfMRIResults/sim_wrapper.sh’: No such file or directory
------------------------------------------
Setting up environment variables
---
LD_LIBRARY_PATH is .:/apps/matlab/mcr/2020b/v99/runtime/glnxa64:/apps/matlab/mcr/2020b/v99/bin/glnxa64:/apps/matlab/mcr/2020b/v99/sys/os/glnxa64:/apps/matlab/mcr/2020b/v99/sys/opengl/lib/glnxa64
Warning: Executing startup failed in matlabrc.
This indicates a potentially serious problem in your MATLAB setup, which should be resolved as soon as possible.  Error detected was:
MATLAB:mpath:PathAlterationNotSupported
Modifying the search path is not supported by MATLAB Compiler. Remove functions that modify the search path from your MATLAB code. To make files visible to your deployed application, add the parent folder to your MATLAB session.
Warning: No stimulus domain specified. Defaulting to values between 0.01 and 1.
> In qpfmriParams (line 182)
In compiledSimulate (line 205)
Stimulus domain added from input.
Parameter slope specified as 0.20000
Parameter semiSat specified as 0.57000
Parameter beta specified as 1.00000
Parameter sigma specified as 0.15000
seed = 99seed = 104seed = 111seed = 111seed = 115seed = 101Initializing Q+. This may take a minute...
Elapsed time is 7.482164 seconds.
Simulated parameters:
slope: 0.200 semiSat: 0.570 beta: 1.000 sigma: 0.150 

Trial 1: baseline Stimulus Selection
Stimulus: 0.010
Output value 0.000

Q+ parameters
slope: 0.026 semiSat: 0.890 beta: 0.500 sigma: 0.010 
maxBOLD estimate = 1.000


Trial 2: maxBOLD Stimulus Selection
Stimulus: 1.000
Output value 1.364

Q+ parameters
slope: 0.055 semiSat: 0.670 beta: 1.250 sigma: 0.010 
maxBOLD estimate = 1.000


Trial 3: baseline Stimulus Selection
Stimulus: 0.010
Output value -0.142

Q+ parameters
slope: 0.055 semiSat: 0.670 beta: 1.250 sigma: 0.062 
maxBOLD estimate = 1.250


Trial 4: maxBOLD Stimulus Selection
Stimulus: 1.000
Output value 1.918

Q+ parameters
slope: 0.055 semiSat: 0.670 beta: 1.125 sigma: 0.062 
maxBOLD estimate = 1.562


Trial 5: baseline Stimulus Selection
Stimulus: 0.010
Output value 0.180

Q+ parameters
slope: 0.055 semiSat: 0.670 beta: 1.125 sigma: 0.114 
maxBOLD estimate = 1.758


Trial 6: maxBOLD Stimulus Selection
Stimulus: 1.000
Output value 2.225

Q+ parameters
slope: 0.055 semiSat: 0.670 beta: 1.125 sigma: 0.114 
maxBOLD estimate = 1.978


Trial 7: qplus Stimulus Selection
Stimulus: 0.505
Output value 0.683

Q+ parameters
slope: 0.043 semiSat: 0.780 beta: 1.125 sigma: 0.114 
maxBOLD estimate = 2.225


Trial 8: qplus Stimulus Selection
Stimulus: 0.711
Output value 1.365

Q+ parameters
slope: 0.183 semiSat: 0.560 beta: 0.750 sigma: 0.062 
maxBOLD estimate = 2.503


Trial 9: qplus Stimulus Selection
Stimulus: 0.629
Output value 1.728

Q+ parameters
slope: 0.144 semiSat: 0.560 beta: 1.125 sigma: 0.114 
maxBOLD estimate = 1.877


Trial 10: baseline Stimulus Selection
Stimulus: 0.010
Output value -0.192

Q+ parameters
slope: 0.183 semiSat: 0.560 beta: 1.000 sigma: 0.114 
maxBOLD estimate = 2.112


Trial 11: qplus Stimulus Selection
Stimulus: 0.464
Output value 0.792

Q+ parameters
slope: 0.113 semiSat: 0.560 beta: 1.031 sigma: 0.114 
maxBOLD estimate = 2.112


Trial 12: qplus Stimulus Selection
Stimulus: 0.464
Output value 0.000

Q+ parameters
slope: 0.234 semiSat: 0.560 beta: 0.938 sigma: 0.062 
maxBOLD estimate = 2.178


Trial 13: qplus Stimulus Selection
Stimulus: 0.588
Output value 0.539

Q+ parameters
slope: 0.144 semiSat: 0.560 beta: 0.969 sigma: 0.114 
maxBOLD estimate = 2.042


Trial 14: qplus Stimulus Selection
Stimulus: 0.629
Output value 1.219

Q+ parameters
slope: 0.144 semiSat: 0.560 beta: 0.969 sigma: 0.114 
maxBOLD estimate = 1.978


Trial 15: maxBOLD Stimulus Selection
Stimulus: 1.000
Output value 1.143

Q+ parameters
slope: 0.183 semiSat: 0.560 beta: 0.938 sigma: 0.114 
maxBOLD estimate = 1.916


Trial 16: qplus Stimulus Selection
Stimulus: 0.629
Output value 1.266

Q+ parameters
slope: 0.144 semiSat: 0.560 beta: 0.969 sigma: 0.114 
maxBOLD estimate = 1.796


Trial 17: qplus Stimulus Selection
Stimulus: 0.588
Output value 1.661

Q+ parameters
slope: 0.089 semiSat: 0.670 beta: 1.500 sigma: 0.114 
maxBOLD estimate = 1.740


Trial 18: qplus Stimulus Selection
Stimulus: 0.588
Output value 0.712

Q+ parameters
slope: 0.183 semiSat: 0.560 beta: 0.750 sigma: 0.114 
maxBOLD estimate = 2.610


Trial 19: qplus Stimulus Selection
Stimulus: 0.711
Output value 1.090

Q+ parameters
slope: 0.183 semiSat: 0.560 beta: 0.875 sigma: 0.114 
maxBOLD estimate = 1.958


Trial 20: baseline Stimulus Selection
Stimulus: 0.010
Output value -0.331

Q+ parameters
slope: 0.144 semiSat: 0.560 beta: 1.062 sigma: 0.114 
maxBOLD estimate = 1.713


Trial 21: qplus Stimulus Selection
Stimulus: 0.505
Output value 0.321

Q+ parameters
slope: 0.144 semiSat: 0.560 beta: 0.969 sigma: 0.114 
maxBOLD estimate = 1.820


Trial 22: qplus Stimulus Selection
Stimulus: 0.505
Output value -0.341

Q+ parameters
slope: 0.183 semiSat: 0.560 beta: 1.062 sigma: 0.166 
maxBOLD estimate = 1.763


Trial 23: qplus Stimulus Selection
Stimulus: 0.588
Output value 1.022

Q+ parameters
slope: 0.089 semiSat: 0.670 beta: 1.500 sigma: 0.114 
maxBOLD estimate = 1.873


Trial 24: qplus Stimulus Selection
Stimulus: 0.588
Output value 0.383

Q+ parameters
slope: 0.055 semiSat: 0.670 beta: 0.750 sigma: 0.114 
maxBOLD estimate = 2.810


Trial 25: maxBOLD Stimulus Selection
Stimulus: 1.000
Output value 1.006

Q+ parameters
slope: 0.234 semiSat: 0.560 beta: 0.750 sigma: 0.114 
maxBOLD estimate = 2.108


Trial 26: qplus Stimulus Selection
Stimulus: 0.629
Output value 1.527

Q+ parameters
slope: 0.183 semiSat: 0.560 beta: 1.062 sigma: 0.114 
maxBOLD estimate = 1.581


Trial 27: qplus Stimulus Selection
Stimulus: 0.505
Output value 0.000

Q+ parameters
slope: 0.144 semiSat: 0.560 beta: 0.969 sigma: 0.114 
maxBOLD estimate = 1.679


Trial 28: qplus Stimulus Selection
Stimulus: 0.588
Output value 0.860

Q+ parameters
slope: 0.144 semiSat: 0.560 beta: 0.969 sigma: 0.114 
maxBOLD estimate = 1.627


Trial 29: qplus Stimulus Selection
Stimulus: 0.588
Output value 1.066

Q+ parameters
slope: 0.183 semiSat: 0.560 beta: 1.062 sigma: 0.114 
maxBOLD estimate = 1.576


Trial 30: baseline Stimulus Selection
Stimulus: 0.010
Output value 0.457

Q+ parameters
slope: 0.089 semiSat: 0.670 beta: 1.500 sigma: 0.166 
maxBOLD estimate = 1.675


Trial 31: qplus Stimulus Selection
Stimulus: 0.629
Output value 1.199

Q+ parameters
slope: 0.183 semiSat: 0.560 beta: 0.750 sigma: 0.114 
maxBOLD estimate = 2.512


Trial 32: qplus Stimulus Selection
Stimulus: 0.670
Output value 1.798

Q+ parameters
slope: 0.144 semiSat: 0.670 beta: 1.500 sigma: 0.166 
maxBOLD estimate = 1.884


Trial 33: qplus Stimulus Selection
Stimulus: 0.629
Output value 0.899

Q+ parameters
slope: 0.234 semiSat: 0.560 beta: 0.500 sigma: 0.114 
maxBOLD estimate = 2.826


Trial 34: qplus Stimulus Selection
Stimulus: 1.000
Output value 1.638

Q+ parameters
slope: 0.298 semiSat: 0.560 beta: 1.062 sigma: 0.166 
maxBOLD estimate = 1.413


Trial 35: maxBOLD Stimulus Selection
Stimulus: 1.000
Output value 1.740

Q+ parameters
slope: 0.298 semiSat: 0.560 beta: 1.062 sigma: 0.166 
maxBOLD estimate = 1.501


Trial 36: qplus Stimulus Selection
Stimulus: 0.505
Output value 0.154

Q+ parameters
slope: 0.183 semiSat: 0.560 beta: 1.062 sigma: 0.166 
maxBOLD estimate = 1.595


Trial 37: qplus Stimulus Selection
Stimulus: 0.505
Output value 0.448

Q+ parameters
slope: 0.234 semiSat: 0.560 beta: 0.969 sigma: 0.166 
maxBOLD estimate = 1.695


Trial 38: qplus Stimulus Selection
Stimulus: 0.588
Output value 1.110

Q+ parameters
slope: 0.183 semiSat: 0.560 beta: 1.062 sigma: 0.166 
maxBOLD estimate = 1.642


Trial 39: qplus Stimulus Selection
Stimulus: 0.505
Output value 0.139

Q+ parameters
slope: 0.234 semiSat: 0.560 beta: 0.875 sigma: 0.114 
maxBOLD estimate = 1.744


Trial 40: baseline Stimulus Selection
Stimulus: 0.010
Output value -0.147

Q+ parameters
slope: 0.183 semiSat: 0.560 beta: 1.062 sigma: 0.114 
maxBOLD estimate = 1.526


Trial 41: qplus Stimulus Selection
Stimulus: 0.505
Output value 0.783

Q+ parameters
slope: 0.183 semiSat: 0.560 beta: 1.062 sigma: 0.166 
maxBOLD estimate = 1.622


Trial 42: qplus Stimulus Selection
Stimulus: 0.505
Output value 0.455

Q+ parameters
slope: 0.144 semiSat: 0.560 beta: 0.969 sigma: 0.114 
maxBOLD estimate = 1.723


Trial 43: qplus Stimulus Selection
Stimulus: 0.588
Output value 0.882

Q+ parameters
slope: 0.144 semiSat: 0.560 beta: 0.969 sigma: 0.114 
maxBOLD estimate = 1.669


Trial 44: qplus Stimulus Selection
Stimulus: 0.588
Output value 0.997

Q+ parameters
slope: 0.234 semiSat: 0.560 beta: 0.969 sigma: 0.114 
maxBOLD estimate = 1.617


Trial 45: maxBOLD Stimulus Selection
Stimulus: 1.000
Output value 1.664

Q+ parameters
slope: 0.183 semiSat: 0.560 beta: 1.062 sigma: 0.114 
maxBOLD estimate = 1.567


Trial 46: qplus Stimulus Selection
Stimulus: 0.505
Output value 0.293

Q+ parameters
slope: 0.234 semiSat: 0.560 beta: 0.969 sigma: 0.114 
maxBOLD estimate = 1.664


Trial 47: qplus Stimulus Selection
Stimulus: 0.546
Output value 0.568

Q+ parameters
slope: 0.234 semiSat: 0.560 beta: 0.969 sigma: 0.114 
maxBOLD estimate = 1.612


Trial 48: qplus Stimulus Selection
Stimulus: 0.546
Output value 0.905

Q+ parameters
slope: 0.183 semiSat: 0.560 beta: 1.062 sigma: 0.114 
maxBOLD estimate = 1.562


Trial 49: qplus Stimulus Selection
Stimulus: 0.505
Output value 1.122

Q+ parameters
slope: 0.183 semiSat: 0.560 beta: 1.062 sigma: 0.166 
maxBOLD estimate = 1.660


Trial 50: baseline Stimulus Selection
Stimulus: 0.010
Output value 0.140

Q+ parameters
slope: 0.234 semiSat: 0.560 beta: 0.875 sigma: 0.114 
maxBOLD estimate = 1.763


Trial 51: qplus Stimulus Selection
Stimulus: 0.629
Output value 1.359

Q+ parameters
slope: 0.234 semiSat: 0.560 beta: 0.969 sigma: 0.166 
maxBOLD estimate = 1.543


Trial 52: qplus Stimulus Selection
Stimulus: 0.505
Output value 0.866

Q+ parameters
slope: 0.183 semiSat: 0.560 beta: 1.062 sigma: 0.166 
maxBOLD estimate = 1.495


Trial 53: qplus Stimulus Selection
Stimulus: 0.505
Output value 0.280

Q+ parameters
slope: 0.234 semiSat: 0.560 beta: 0.969 sigma: 0.166 
maxBOLD estimate = 1.588


Trial 54: qplus Stimulus Selection
Stimulus: 0.588
Output value 0.892

Q+ parameters
slope: 0.183 semiSat: 0.560 beta: 1.062 sigma: 0.166 
maxBOLD estimate = 1.539


Trial 55: maxBOLD Stimulus Selection
Stimulus: 1.000
Output value 1.008

Q+ parameters
slope: 0.234 semiSat: 0.560 beta: 0.969 sigma: 0.166 
maxBOLD estimate = 1.635


Trial 56: qplus Stimulus Selection
Stimulus: 0.588
Output value 0.697

Q+ parameters
slope: 0.234 semiSat: 0.560 beta: 0.969 sigma: 0.166 
maxBOLD estimate = 1.584


Trial 57: qplus Stimulus Selection
Stimulus: 0.588
Output value 1.037

Q+ parameters
slope: 0.183 semiSat: 0.560 beta: 1.062 sigma: 0.166 
maxBOLD estimate = 1.534


Trial 58: qplus Stimulus Selection
Stimulus: 0.505
Output value 0.130

Q+ parameters
slope: 0.234 semiSat: 0.560 beta: 0.875 sigma: 0.114 
maxBOLD estimate = 1.630


Trial 59: qplus Stimulus Selection
Stimulus: 0.588
Output value 1.240

Q+ parameters
slope: 0.183 semiSat: 0.560 beta: 1.062 sigma: 0.166 
maxBOLD estimate = 1.426


Trial 60: baseline Stimulus Selection
Stimulus: 0.010
Output value 0.603

Q+ parameters
slope: 0.234 semiSat: 0.560 beta: 0.875 sigma: 0.166 
maxBOLD estimate = 1.515


Trial 61: qplus Stimulus Selection
Stimulus: 0.588
Output value 1.168

Q+ parameters
slope: 0.298 semiSat: 0.560 beta: 0.969 sigma: 0.166 
maxBOLD estimate = 1.326


Trial 62: qplus Stimulus Selection
Stimulus: 0.505
Output value 1.752

Q+ parameters
slope: 0.113 semiSat: 0.560 beta: 1.250 sigma: 0.218 
maxBOLD estimate = 1.285


Trial 63: qplus Stimulus Selection
Stimulus: 0.711
Output value 1.533

Q+ parameters
slope: 0.234 semiSat: 0.560 beta: 0.875 sigma: 0.166 
maxBOLD estimate = 1.606


Trial 64: qplus Stimulus Selection
Stimulus: 0.629
Output value 1.086

Q+ parameters
slope: 0.183 semiSat: 0.560 beta: 1.062 sigma: 0.166 
maxBOLD estimate = 1.405


Trial 65: maxBOLD Stimulus Selection
Stimulus: 1.000
Output value 1.578

Q+ parameters
slope: 0.298 semiSat: 0.560 beta: 0.969 sigma: 0.166 
maxBOLD estimate = 1.493


Trial 66: qplus Stimulus Selection
Stimulus: 0.546
Output value 1.117

Q+ parameters
slope: 0.183 semiSat: 0.560 beta: 1.062 sigma: 0.166 
maxBOLD estimate = 1.446


Trial 67: qplus Stimulus Selection
Stimulus: 0.505
Output value 0.812

Q+ parameters
slope: 0.144 semiSat: 0.560 beta: 0.969 sigma: 0.166 
maxBOLD estimate = 1.537


Trial 68: qplus Stimulus Selection
Stimulus: 0.670
Output value 1.049

Q+ parameters
slope: 0.298 semiSat: 0.560 beta: 0.969 sigma: 0.166 
maxBOLD estimate = 1.489


Trial 69: qplus Stimulus Selection
Stimulus: 0.505
Output value 0.696

Q+ parameters
slope: 0.183 semiSat: 0.560 beta: 1.062 sigma: 0.166 
maxBOLD estimate = 1.442


Trial 70: baseline Stimulus Selection
Stimulus: 0.010
Output value 0.135

Q+ parameters
slope: 0.144 semiSat: 0.560 beta: 0.969 sigma: 0.166 
maxBOLD estimate = 1.532


Trial 71: qplus Stimulus Selection
Stimulus: 0.588
Output value 0.654

Q+ parameters
slope: 0.144 semiSat: 0.560 beta: 0.969 sigma: 0.166 
maxBOLD estimate = 1.484


Trial 72: qplus Stimulus Selection
Stimulus: 0.588
Output value 0.760

Q+ parameters
slope: 0.298 semiSat: 0.560 beta: 0.969 sigma: 0.166 
maxBOLD estimate = 1.438


Trial 73: qplus Stimulus Selection
Stimulus: 0.670
Output value 1.615

Q+ parameters
slope: 0.183 semiSat: 0.560 beta: 1.062 sigma: 0.166 
maxBOLD estimate = 1.393


Trial 74: qplus Stimulus Selection
Stimulus: 0.505
Output value 0.521

Q+ parameters
slope: 0.144 semiSat: 0.560 beta: 0.969 sigma: 0.166 
maxBOLD estimate = 1.480


Trial 75: maxBOLD Stimulus Selection
Stimulus: 1.000
Output value 1.662

Q+ parameters
slope: 0.183 semiSat: 0.560 beta: 1.062 sigma: 0.166 
maxBOLD estimate = 1.434


Trial 76: qplus Stimulus Selection
Stimulus: 0.505
Output value 0.805

Q+ parameters
slope: 0.144 semiSat: 0.560 beta: 0.969 sigma: 0.166 
maxBOLD estimate = 1.523


Trial 77: qplus Stimulus Selection
Stimulus: 0.588
Output value 0.780

Q+ parameters
slope: 0.144 semiSat: 0.560 beta: 0.969 sigma: 0.166 
maxBOLD estimate = 1.476


Trial 78: qplus Stimulus Selection
Stimulus: 0.670
Output value 1.519

Q+ parameters
slope: 0.183 semiSat: 0.560 beta: 1.062 sigma: 0.166 
maxBOLD estimate = 1.430


Trial 79: qplus Stimulus Selection
Stimulus: 0.505
Output value -0.268

Q+ parameters
slope: 0.144 semiSat: 0.560 beta: 0.969 sigma: 0.166 
maxBOLD estimate = 1.519


Trial 80: baseline Stimulus Selection
Stimulus: 0.010
Output value -0.284

Q+ parameters
slope: 0.183 semiSat: 0.560 beta: 1.062 sigma: 0.166 
maxBOLD estimate = 1.472


Trial 81: qplus Stimulus Selection
Stimulus: 0.505
Output value -0.138

Q+ parameters
slope: 0.298 semiSat: 0.560 beta: 0.969 sigma: 0.166 
maxBOLD estimate = 1.564


Trial 82: qplus Stimulus Selection
Stimulus: 0.670
Output value 0.667

Q+ parameters
slope: 0.144 semiSat: 0.560 beta: 0.969 sigma: 0.166 
maxBOLD estimate = 1.515


Trial 83: qplus Stimulus Selection
Stimulus: 0.588
Output value 0.425

Q+ parameters
slope: 0.183 semiSat: 0.560 beta: 1.062 sigma: 0.166 
maxBOLD estimate = 1.467


Trial 84: qplus Stimulus Selection
Stimulus: 0.505
Output value 0.275

Q+ parameters
slope: 0.144 semiSat: 0.560 beta: 0.969 sigma: 0.166 
maxBOLD estimate = 1.559


Trial 85: maxBOLD Stimulus Selection
Stimulus: 1.000
Output value 1.197

Q+ parameters
slope: 0.298 semiSat: 0.560 beta: 0.969 sigma: 0.166 
maxBOLD estimate = 1.510


Trial 86: qplus Stimulus Selection
Stimulus: 0.546
Output value 0.424

Q+ parameters
slope: 0.183 semiSat: 0.560 beta: 1.062 sigma: 0.166 
maxBOLD estimate = 1.463


Trial 87: qplus Stimulus Selection
Stimulus: 0.546
Output value 0.274

Q+ parameters
slope: 0.298 semiSat: 0.560 beta: 0.969 sigma: 0.166 
maxBOLD estimate = 1.555


Trial 88: qplus Stimulus Selection
Stimulus: 0.588
Output value 0.928

Q+ parameters
slope: 0.298 semiSat: 0.560 beta: 0.969 sigma: 0.166 
maxBOLD estimate = 1.506


Trial 89: qplus Stimulus Selection
Stimulus: 0.711
Output value 1.268

Q+ parameters
slope: 0.183 semiSat: 0.560 beta: 1.062 sigma: 0.166 
maxBOLD estimate = 1.459


Trial 90: baseline Stimulus Selection
Stimulus: 0.010
Output value 0.123

Q+ parameters
slope: 0.234 semiSat: 0.560 beta: 0.875 sigma: 0.166 
maxBOLD estimate = 1.550


Trial 91: qplus Stimulus Selection
Stimulus: 0.629
Output value 1.179

Q+ parameters
slope: 0.183 semiSat: 0.560 beta: 1.062 sigma: 0.166 
maxBOLD estimate = 1.356


Trial 92: qplus Stimulus Selection
Stimulus: 0.588
Output value 0.508

Q+ parameters
slope: 0.298 semiSat: 0.560 beta: 0.969 sigma: 0.166 
maxBOLD estimate = 1.441


Trial 93: qplus Stimulus Selection
Stimulus: 0.546
Output value 0.405

Q+ parameters
slope: 0.183 semiSat: 0.560 beta: 1.062 sigma: 0.166 
maxBOLD estimate = 1.396


Trial 94: qplus Stimulus Selection
Stimulus: 0.546
Output value 0.914

Q+ parameters
slope: 0.298 semiSat: 0.560 beta: 0.969 sigma: 0.166 
maxBOLD estimate = 1.483


Trial 95: maxBOLD Stimulus Selection
Stimulus: 1.000
Output value 1.519

Q+ parameters
slope: 0.298 semiSat: 0.560 beta: 0.969 sigma: 0.166 
maxBOLD estimate = 1.437


Trial 96: qplus Stimulus Selection
Stimulus: 0.546
Output value 0.807

Q+ parameters
slope: 0.183 semiSat: 0.560 beta: 1.062 sigma: 0.166 
maxBOLD estimate = 1.392


Trial 97: qplus Stimulus Selection
Stimulus: 0.505
Output value 0.391

Q+ parameters
slope: 0.298 semiSat: 0.560 beta: 0.969 sigma: 0.166 
maxBOLD estimate = 1.479


Trial 98: qplus Stimulus Selection
Stimulus: 0.711
Output value 1.514

Q+ parameters
slope: 0.298 semiSat: 0.560 beta: 0.969 sigma: 0.166 
maxBOLD estimate = 1.433


Trial 99: qplus Stimulus Selection
Stimulus: 0.546
Output value 0.134

Q+ parameters
slope: 0.183 semiSat: 0.560 beta: 1.062 sigma: 0.166 
maxBOLD estimate = 1.388


Trial 100: baseline Stimulus Selection
Stimulus: 0.010
Output value -0.130

Q+ parameters
slope: 0.298 semiSat: 0.560 beta: 0.969 sigma: 0.166 
maxBOLD estimate = 1.475

--------------------------------------------------------------
FINAL VALUES
--------------------------------------------------------------
Simulated parameters:              slope: 0.200 semiSat: 0.570 beta: 1.000 sigma: 0.150 
Max posterior QUEST+ parameters:   slope: 0.298 semiSat: 0.560 beta: 0.969 sigma: 0.166 
Max BADS parameters:               slope: 0.240 semiSat: 0.573 beta: 1.000 sigma: 0.156 
maxBOLD estimate: 1.460
