/blue/stevenweisberg/stevenweisberg/MATLAB/projects/Weisberg_Aguirre_2020/scripts/run_sims
c0700a-s3.ufhpc
Wed Apr  7 03:33:18 EDT 2021
mkdir: cannot create directory ‘/blue/stevenweisberg/stevenweisberg/qpfMRIResults/model_parameter_set2/’: File exists
cp: cannot stat ‘/blue/stevenweisberg/stevenweisberg/qpfMRIResults/deploy_sim.sh’: No such file or directory
cp: cannot stat ‘/blue/stevenweisberg/stevenweisberg/qpfMRIResults/sim_wrapper.sh’: No such file or directory
------------------------------------------
Setting up environment variables
---
LD_LIBRARY_PATH is .:/apps/matlab/mcr/2020b/v99/runtime/glnxa64:/apps/matlab/mcr/2020b/v99/bin/glnxa64:/apps/matlab/mcr/2020b/v99/sys/os/glnxa64:/apps/matlab/mcr/2020b/v99/sys/opengl/lib/glnxa64
Warning: Executing startup failed in matlabrc.
This indicates a potentially serious problem in your MATLAB setup, which should be resolved as soon as possible.  Error detected was:
MATLAB:mpath:PathAlterationNotSupported
Modifying the search path is not supported by MATLAB Compiler. Remove functions that modify the search path from your MATLAB code. To make files visible to your deployed application, add the parent folder to your MATLAB session.
Warning: No stimulus domain specified. Defaulting to values between 0.01 and 1.
> In qpfmriParams (line 182)
In compiledSimulate (line 205)
Stimulus domain added from input.
Parameter slope specified as 0.20000
Parameter semiSat specified as 0.57000
Parameter beta specified as 1.00000
Parameter sigma specified as 0.10000
seed = 99seed = 104seed = 111seed = 111seed = 115seed = 101Initializing Q+. This may take a minute...
Elapsed time is 7.414677 seconds.
Simulated parameters:
slope: 0.200 semiSat: 0.570 beta: 1.000 sigma: 0.100 

Trial 1: baseline Stimulus Selection
Stimulus: 0.010
Output value 0.000

Q+ parameters
slope: 0.026 semiSat: 0.890 beta: 0.500 sigma: 0.010 
maxBOLD estimate = 1.000


Trial 2: maxBOLD Stimulus Selection
Stimulus: 1.000
Output value 1.364

Q+ parameters
slope: 0.055 semiSat: 0.670 beta: 1.250 sigma: 0.010 
maxBOLD estimate = 1.000


Trial 3: baseline Stimulus Selection
Stimulus: 0.010
Output value 0.000

Q+ parameters
slope: 0.043 semiSat: 0.780 beta: 1.250 sigma: 0.010 
maxBOLD estimate = 1.250


Trial 4: maxBOLD Stimulus Selection
Stimulus: 1.000
Output value 2.131

Q+ parameters
slope: 0.043 semiSat: 0.780 beta: 1.250 sigma: 0.114 
maxBOLD estimate = 1.562


Trial 5: baseline Stimulus Selection
Stimulus: 0.010
Output value 0.222

Q+ parameters
slope: 0.034 semiSat: 1.000 beta: 1.250 sigma: 0.062 
maxBOLD estimate = 1.953


Trial 6: maxBOLD Stimulus Selection
Stimulus: 1.000
Output value 0.971

Q+ parameters
slope: 0.034 semiSat: 0.890 beta: 0.875 sigma: 0.062 
maxBOLD estimate = 2.441


Trial 7: qplus Stimulus Selection
Stimulus: 0.835
Output value 1.165

Q+ parameters
slope: 0.070 semiSat: 0.450 beta: 0.750 sigma: 0.062 
maxBOLD estimate = 2.136


Trial 8: qplus Stimulus Selection
Stimulus: 0.505
Output value -0.273

Q+ parameters
slope: 0.183 semiSat: 0.670 beta: 0.938 sigma: 0.114 
maxBOLD estimate = 1.602


Trial 9: qplus Stimulus Selection
Stimulus: 0.711
Output value 1.152

Q+ parameters
slope: 0.379 semiSat: 0.670 beta: 0.938 sigma: 0.062 
maxBOLD estimate = 1.502


Trial 10: baseline Stimulus Selection
Stimulus: 0.010
Output value -0.320

Q+ parameters
slope: 0.234 semiSat: 0.670 beta: 1.250 sigma: 0.114 
maxBOLD estimate = 1.408


Trial 11: qplus Stimulus Selection
Stimulus: 0.629
Output value 0.700

Q+ parameters
slope: 0.113 semiSat: 0.670 beta: 0.875 sigma: 0.062 
maxBOLD estimate = 1.760


Trial 12: qplus Stimulus Selection
Stimulus: 0.588
Output value 0.875

Q+ parameters
slope: 0.144 semiSat: 0.670 beta: 1.250 sigma: 0.114 
maxBOLD estimate = 1.540


Trial 13: qplus Stimulus Selection
Stimulus: 0.629
Output value 0.919

Q+ parameters
slope: 0.183 semiSat: 0.560 beta: 0.750 sigma: 0.062 
maxBOLD estimate = 1.925


Trial 14: qplus Stimulus Selection
Stimulus: 0.629
Output value 1.378

Q+ parameters
slope: 0.113 semiSat: 0.670 beta: 1.500 sigma: 0.114 
maxBOLD estimate = 1.444


Trial 15: maxBOLD Stimulus Selection
Stimulus: 1.000
Output value 1.034

Q+ parameters
slope: 0.055 semiSat: 0.670 beta: 0.750 sigma: 0.062 
maxBOLD estimate = 2.166


Trial 16: qplus Stimulus Selection
Stimulus: 0.876
Output value 0.886

Q+ parameters
slope: 0.298 semiSat: 0.560 beta: 0.750 sigma: 0.114 
maxBOLD estimate = 1.624


Trial 17: qplus Stimulus Selection
Stimulus: 0.629
Output value 1.059

Q+ parameters
slope: 0.298 semiSat: 0.560 beta: 1.062 sigma: 0.114 
maxBOLD estimate = 1.218


Trial 18: qplus Stimulus Selection
Stimulus: 0.505
Output value 0.353

Q+ parameters
slope: 0.234 semiSat: 0.560 beta: 1.000 sigma: 0.114 
maxBOLD estimate = 1.294


Trial 19: qplus Stimulus Selection
Stimulus: 0.505
Output value -0.118

Q+ parameters
slope: 0.234 semiSat: 0.560 beta: 1.000 sigma: 0.114 
maxBOLD estimate = 1.294


Trial 20: baseline Stimulus Selection
Stimulus: 0.010
Output value -0.118

Q+ parameters
slope: 0.234 semiSat: 0.560 beta: 1.000 sigma: 0.114 
maxBOLD estimate = 1.294


Trial 21: qplus Stimulus Selection
Stimulus: 0.588
Output value 0.353

Q+ parameters
slope: 0.234 semiSat: 0.560 beta: 1.000 sigma: 0.114 
maxBOLD estimate = 1.294


Trial 22: qplus Stimulus Selection
Stimulus: 0.588
Output value 0.177

Q+ parameters
slope: 0.144 semiSat: 0.670 beta: 1.500 sigma: 0.114 
maxBOLD estimate = 1.294


Trial 23: qplus Stimulus Selection
Stimulus: 0.588
Output value 0.154

Q+ parameters
slope: 0.113 semiSat: 0.670 beta: 0.875 sigma: 0.114 
maxBOLD estimate = 1.942


Trial 24: qplus Stimulus Selection
Stimulus: 0.794
Output value 1.236

Q+ parameters
slope: 0.089 semiSat: 0.670 beta: 1.000 sigma: 0.114 
maxBOLD estimate = 1.699


Trial 25: maxBOLD Stimulus Selection
Stimulus: 1.000
Output value 1.390

Q+ parameters
slope: 0.089 semiSat: 0.670 beta: 1.000 sigma: 0.114 
maxBOLD estimate = 1.699


Trial 26: qplus Stimulus Selection
Stimulus: 0.588
Output value 0.927

Q+ parameters
slope: 0.089 semiSat: 0.670 beta: 1.000 sigma: 0.114 
maxBOLD estimate = 1.699


Trial 27: qplus Stimulus Selection
Stimulus: 0.711
Output value 1.274

Q+ parameters
slope: 0.234 semiSat: 0.560 beta: 0.750 sigma: 0.114 
maxBOLD estimate = 1.699


Trial 28: qplus Stimulus Selection
Stimulus: 0.629
Output value 1.354

Q+ parameters
slope: 0.183 semiSat: 0.560 beta: 1.062 sigma: 0.166 
maxBOLD estimate = 1.274


Trial 29: qplus Stimulus Selection
Stimulus: 0.505
Output value 0.000

Q+ parameters
slope: 0.144 semiSat: 0.670 beta: 1.500 sigma: 0.114 
maxBOLD estimate = 1.354


Trial 30: baseline Stimulus Selection
Stimulus: 0.010
Output value -0.138

Q+ parameters
slope: 0.183 semiSat: 0.560 beta: 0.750 sigma: 0.114 
maxBOLD estimate = 2.031


Trial 31: qplus Stimulus Selection
Stimulus: 0.670
Output value 1.869

Q+ parameters
slope: 0.144 semiSat: 0.670 beta: 1.500 sigma: 0.114 
maxBOLD estimate = 1.523


Trial 32: qplus Stimulus Selection
Stimulus: 0.588
Output value 0.623

Q+ parameters
slope: 0.055 semiSat: 0.670 beta: 0.750 sigma: 0.114 
maxBOLD estimate = 2.285


Trial 33: qplus Stimulus Selection
Stimulus: 1.000
Output value 0.818

Q+ parameters
slope: 0.234 semiSat: 0.560 beta: 0.750 sigma: 0.114 
maxBOLD estimate = 1.713


Trial 34: qplus Stimulus Selection
Stimulus: 0.629
Output value 1.084

Q+ parameters
slope: 0.234 semiSat: 0.560 beta: 1.031 sigma: 0.166 
maxBOLD estimate = 1.285


Trial 35: maxBOLD Stimulus Selection
Stimulus: 1.000
Output value 1.367

Q+ parameters
slope: 0.234 semiSat: 0.560 beta: 1.031 sigma: 0.114 
maxBOLD estimate = 1.325


Trial 36: qplus Stimulus Selection
Stimulus: 0.546
Output value 0.373

Q+ parameters
slope: 0.144 semiSat: 0.670 beta: 1.500 sigma: 0.166 
maxBOLD estimate = 1.367


Trial 37: qplus Stimulus Selection
Stimulus: 0.588
Output value 0.699

Q+ parameters
slope: 0.183 semiSat: 0.560 beta: 0.750 sigma: 0.114 
maxBOLD estimate = 2.050


Trial 38: qplus Stimulus Selection
Stimulus: 0.670
Output value 1.887

Q+ parameters
slope: 0.144 semiSat: 0.670 beta: 1.500 sigma: 0.166 
maxBOLD estimate = 1.538


Trial 39: qplus Stimulus Selection
Stimulus: 0.588
Output value 0.314

Q+ parameters
slope: 0.183 semiSat: 0.560 beta: 0.500 sigma: 0.114 
maxBOLD estimate = 2.306


Trial 40: baseline Stimulus Selection
Stimulus: 0.010
Output value 0.000

Q+ parameters
slope: 0.298 semiSat: 0.560 beta: 1.062 sigma: 0.166 
maxBOLD estimate = 1.153


Trial 41: qplus Stimulus Selection
Stimulus: 0.505
Output value 0.000

Q+ parameters
slope: 0.298 semiSat: 0.560 beta: 0.969 sigma: 0.114 
maxBOLD estimate = 1.225


Trial 42: qplus Stimulus Selection
Stimulus: 0.546
Output value 0.459

Q+ parameters
slope: 0.183 semiSat: 0.560 beta: 1.062 sigma: 0.166 
maxBOLD estimate = 1.187


Trial 43: qplus Stimulus Selection
Stimulus: 0.546
Output value 0.444

Q+ parameters
slope: 0.298 semiSat: 0.560 beta: 0.969 sigma: 0.114 
maxBOLD estimate = 1.261


Trial 44: qplus Stimulus Selection
Stimulus: 0.546
Output value 0.802

Q+ parameters
slope: 0.234 semiSat: 0.560 beta: 1.031 sigma: 0.114 
maxBOLD estimate = 1.222


Trial 45: maxBOLD Stimulus Selection
Stimulus: 1.000
Output value 1.417

Q+ parameters
slope: 0.234 semiSat: 0.560 beta: 1.031 sigma: 0.114 
maxBOLD estimate = 1.260


Trial 46: qplus Stimulus Selection
Stimulus: 0.546
Output value 0.853

Q+ parameters
slope: 0.234 semiSat: 0.560 beta: 1.031 sigma: 0.114 
maxBOLD estimate = 1.299


Trial 47: qplus Stimulus Selection
Stimulus: 0.546
Output value 0.590

Q+ parameters
slope: 0.298 semiSat: 0.560 beta: 0.969 sigma: 0.114 
maxBOLD estimate = 1.340


Trial 48: qplus Stimulus Selection
Stimulus: 0.546
Output value 0.852

Q+ parameters
slope: 0.234 semiSat: 0.560 beta: 1.031 sigma: 0.114 
maxBOLD estimate = 1.298


Trial 49: qplus Stimulus Selection
Stimulus: 0.546
Output value 0.608

Q+ parameters
slope: 0.234 semiSat: 0.560 beta: 1.000 sigma: 0.114 
maxBOLD estimate = 1.339


Trial 50: baseline Stimulus Selection
Stimulus: 0.010
Output value -0.122

Q+ parameters
slope: 0.234 semiSat: 0.560 beta: 1.000 sigma: 0.114 
maxBOLD estimate = 1.339


Trial 51: qplus Stimulus Selection
Stimulus: 0.546
Output value 0.354

Q+ parameters
slope: 0.298 semiSat: 0.560 beta: 0.969 sigma: 0.114 
maxBOLD estimate = 1.339


Trial 52: qplus Stimulus Selection
Stimulus: 0.546
Output value 0.486

Q+ parameters
slope: 0.234 semiSat: 0.560 beta: 1.031 sigma: 0.114 
maxBOLD estimate = 1.297


Trial 53: qplus Stimulus Selection
Stimulus: 0.546
Output value 0.000

Q+ parameters
slope: 0.298 semiSat: 0.560 beta: 0.969 sigma: 0.114 
maxBOLD estimate = 1.337


Trial 54: qplus Stimulus Selection
Stimulus: 0.711
Output value 0.799

Q+ parameters
slope: 0.298 semiSat: 0.560 beta: 0.969 sigma: 0.114 
maxBOLD estimate = 1.295


Trial 55: maxBOLD Stimulus Selection
Stimulus: 1.000
Output value 1.412

Q+ parameters
slope: 0.234 semiSat: 0.560 beta: 1.031 sigma: 0.114 
maxBOLD estimate = 1.255


Trial 56: qplus Stimulus Selection
Stimulus: 0.505
Output value 0.000

Q+ parameters
slope: 0.298 semiSat: 0.560 beta: 0.969 sigma: 0.114 
maxBOLD estimate = 1.294


Trial 57: qplus Stimulus Selection
Stimulus: 0.546
Output value 0.588

Q+ parameters
slope: 0.234 semiSat: 0.560 beta: 1.031 sigma: 0.114 
maxBOLD estimate = 1.254


Trial 58: qplus Stimulus Selection
Stimulus: 0.505
Output value 0.342

Q+ parameters
slope: 0.298 semiSat: 0.560 beta: 0.969 sigma: 0.114 
maxBOLD estimate = 1.293


Trial 59: qplus Stimulus Selection
Stimulus: 0.546
Output value 0.331

Q+ parameters
slope: 0.298 semiSat: 0.560 beta: 0.969 sigma: 0.114 
maxBOLD estimate = 1.253


Trial 60: baseline Stimulus Selection
Stimulus: 0.010
Output value 0.107

Q+ parameters
slope: 0.298 semiSat: 0.560 beta: 0.969 sigma: 0.114 
maxBOLD estimate = 1.213


Trial 61: qplus Stimulus Selection
Stimulus: 0.546
Output value 1.249

Q+ parameters
slope: 0.298 semiSat: 0.560 beta: 1.062 sigma: 0.166 
maxBOLD estimate = 1.175


Trial 62: qplus Stimulus Selection
Stimulus: 0.505
Output value 0.724

Q+ parameters
slope: 0.183 semiSat: 0.560 beta: 1.062 sigma: 0.166 
maxBOLD estimate = 1.249


Trial 63: qplus Stimulus Selection
Stimulus: 0.505
Output value 0.117

Q+ parameters
slope: 0.234 semiSat: 0.560 beta: 0.969 sigma: 0.114 
maxBOLD estimate = 1.327


Trial 64: qplus Stimulus Selection
Stimulus: 0.546
Output value 0.340

Q+ parameters
slope: 0.298 semiSat: 0.560 beta: 0.969 sigma: 0.114 
maxBOLD estimate = 1.286


Trial 65: maxBOLD Stimulus Selection
Stimulus: 1.000
Output value 1.323

Q+ parameters
slope: 0.298 semiSat: 0.560 beta: 1.062 sigma: 0.166 
maxBOLD estimate = 1.245


Trial 66: qplus Stimulus Selection
Stimulus: 0.505
Output value 0.466

Q+ parameters
slope: 0.234 semiSat: 0.560 beta: 0.969 sigma: 0.114 
maxBOLD estimate = 1.323


Trial 67: qplus Stimulus Selection
Stimulus: 0.546
Output value 0.339

Q+ parameters
slope: 0.298 semiSat: 0.560 beta: 0.969 sigma: 0.114 
maxBOLD estimate = 1.282


Trial 68: qplus Stimulus Selection
Stimulus: 0.546
Output value 0.720

Q+ parameters
slope: 0.183 semiSat: 0.560 beta: 1.062 sigma: 0.114 
maxBOLD estimate = 1.242


Trial 69: qplus Stimulus Selection
Stimulus: 0.505
Output value 0.232

Q+ parameters
slope: 0.234 semiSat: 0.560 beta: 0.969 sigma: 0.114 
maxBOLD estimate = 1.319


Trial 70: baseline Stimulus Selection
Stimulus: 0.010
Output value -0.120

Q+ parameters
slope: 0.234 semiSat: 0.560 beta: 1.031 sigma: 0.114 
maxBOLD estimate = 1.278


Trial 71: qplus Stimulus Selection
Stimulus: 0.546
Output value 0.348

Q+ parameters
slope: 0.234 semiSat: 0.560 beta: 0.969 sigma: 0.114 
maxBOLD estimate = 1.318


Trial 72: qplus Stimulus Selection
Stimulus: 0.711
Output value 1.237

Q+ parameters
slope: 0.298 semiSat: 0.560 beta: 0.969 sigma: 0.114 
maxBOLD estimate = 1.277


Trial 73: qplus Stimulus Selection
Stimulus: 0.546
Output value 0.597

Q+ parameters
slope: 0.183 semiSat: 0.560 beta: 1.062 sigma: 0.114 
maxBOLD estimate = 1.237


Trial 74: qplus Stimulus Selection
Stimulus: 0.505
Output value 0.000

Q+ parameters
slope: 0.234 semiSat: 0.560 beta: 0.969 sigma: 0.114 
maxBOLD estimate = 1.314


Trial 75: maxBOLD Stimulus Selection
Stimulus: 1.000
Output value 1.346

Q+ parameters
slope: 0.298 semiSat: 0.560 beta: 0.969 sigma: 0.114 
maxBOLD estimate = 1.273


Trial 76: qplus Stimulus Selection
Stimulus: 0.546
Output value 0.477

Q+ parameters
slope: 0.183 semiSat: 0.560 beta: 1.062 sigma: 0.114 
maxBOLD estimate = 1.233


Trial 77: qplus Stimulus Selection
Stimulus: 0.505
Output value 0.000

Q+ parameters
slope: 0.234 semiSat: 0.560 beta: 0.969 sigma: 0.114 
maxBOLD estimate = 1.311


Trial 78: qplus Stimulus Selection
Stimulus: 0.711
Output value 0.894

Q+ parameters
slope: 0.298 semiSat: 0.560 beta: 0.969 sigma: 0.114 
maxBOLD estimate = 1.270


Trial 79: qplus Stimulus Selection
Stimulus: 0.546
Output value -0.119

Q+ parameters
slope: 0.298 semiSat: 0.560 beta: 1.062 sigma: 0.166 
maxBOLD estimate = 1.230


Trial 80: baseline Stimulus Selection
Stimulus: 0.010
Output value -0.230

Q+ parameters
slope: 0.298 semiSat: 0.560 beta: 0.969 sigma: 0.114 
maxBOLD estimate = 1.307


Trial 81: qplus Stimulus Selection
Stimulus: 0.546
Output value 0.489

Q+ parameters
slope: 0.183 semiSat: 0.560 beta: 1.062 sigma: 0.114 
maxBOLD estimate = 1.266


Trial 82: qplus Stimulus Selection
Stimulus: 0.505
Output value -0.237

Q+ parameters
slope: 0.234 semiSat: 0.560 beta: 0.969 sigma: 0.114 
maxBOLD estimate = 1.345


Trial 83: qplus Stimulus Selection
Stimulus: 0.711
Output value 0.803

Q+ parameters
slope: 0.234 semiSat: 0.560 beta: 0.969 sigma: 0.114 
maxBOLD estimate = 1.303


Trial 84: qplus Stimulus Selection
Stimulus: 0.546
Output value 0.122

Q+ parameters
slope: 0.298 semiSat: 0.560 beta: 1.062 sigma: 0.166 
maxBOLD estimate = 1.262


Trial 85: maxBOLD Stimulus Selection
Stimulus: 1.000
Output value 0.945

Q+ parameters
slope: 0.234 semiSat: 0.560 beta: 0.969 sigma: 0.114 
maxBOLD estimate = 1.341


Trial 86: qplus Stimulus Selection
Stimulus: 0.711
Output value 1.144

Q+ parameters
slope: 0.298 semiSat: 0.560 beta: 0.969 sigma: 0.114 
maxBOLD estimate = 1.299


Trial 87: qplus Stimulus Selection
Stimulus: 0.546
Output value 0.333

Q+ parameters
slope: 0.298 semiSat: 0.560 beta: 0.969 sigma: 0.114 
maxBOLD estimate = 1.259


Trial 88: qplus Stimulus Selection
Stimulus: 0.546
Output value 0.471

Q+ parameters
slope: 0.298 semiSat: 0.560 beta: 1.062 sigma: 0.166 
maxBOLD estimate = 1.219


Trial 89: qplus Stimulus Selection
Stimulus: 0.505
Output value 0.228

Q+ parameters
slope: 0.298 semiSat: 0.560 beta: 0.969 sigma: 0.114 
maxBOLD estimate = 1.296


Trial 90: baseline Stimulus Selection
Stimulus: 0.010
Output value -0.242

Q+ parameters
slope: 0.298 semiSat: 0.560 beta: 1.062 sigma: 0.166 
maxBOLD estimate = 1.255


Trial 91: qplus Stimulus Selection
Stimulus: 0.588
Output value 1.057

Q+ parameters
slope: 0.298 semiSat: 0.560 beta: 0.969 sigma: 0.114 
maxBOLD estimate = 1.334


Trial 92: qplus Stimulus Selection
Stimulus: 0.546
Output value 0.455

Q+ parameters
slope: 0.298 semiSat: 0.560 beta: 0.969 sigma: 0.114 
maxBOLD estimate = 1.292


Trial 93: qplus Stimulus Selection
Stimulus: 0.546
Output value 0.242

Q+ parameters
slope: 0.298 semiSat: 0.560 beta: 1.062 sigma: 0.166 
maxBOLD estimate = 1.251


Trial 94: qplus Stimulus Selection
Stimulus: 0.505
Output value 0.468

Q+ parameters
slope: 0.298 semiSat: 0.560 beta: 0.969 sigma: 0.114 
maxBOLD estimate = 1.330


Trial 95: maxBOLD Stimulus Selection
Stimulus: 1.000
Output value 1.361

Q+ parameters
slope: 0.298 semiSat: 0.560 beta: 0.969 sigma: 0.114 
maxBOLD estimate = 1.288


Trial 96: qplus Stimulus Selection
Stimulus: 0.546
Output value 0.482

Q+ parameters
slope: 0.298 semiSat: 0.560 beta: 1.062 sigma: 0.114 
maxBOLD estimate = 1.248


Trial 97: qplus Stimulus Selection
Stimulus: 0.546
Output value 0.350

Q+ parameters
slope: 0.298 semiSat: 0.560 beta: 0.969 sigma: 0.114 
maxBOLD estimate = 1.326


Trial 98: qplus Stimulus Selection
Stimulus: 0.711
Output value 1.357

Q+ parameters
slope: 0.298 semiSat: 0.560 beta: 0.969 sigma: 0.114 
maxBOLD estimate = 1.284


Trial 99: qplus Stimulus Selection
Stimulus: 0.546
Output value 0.721

Q+ parameters
slope: 0.298 semiSat: 0.560 beta: 1.062 sigma: 0.114 
maxBOLD estimate = 1.244


Trial 100: baseline Stimulus Selection
Stimulus: 0.010
Output value 0.116

Q+ parameters
slope: 0.298 semiSat: 0.560 beta: 0.969 sigma: 0.114 
maxBOLD estimate = 1.322

--------------------------------------------------------------
FINAL VALUES
--------------------------------------------------------------
Simulated parameters:              slope: 0.200 semiSat: 0.570 beta: 1.000 sigma: 0.100 
Max posterior QUEST+ parameters:   slope: 0.234 semiSat: 0.560 beta: 0.875 sigma: 0.114 
Max BADS parameters:               slope: 0.196 semiSat: 0.575 beta: 1.000 sigma: 0.119 
maxBOLD estimate: 1.447
