/blue/stevenweisberg/stevenweisberg/MATLAB/projects/Weisberg_Aguirre_2020/scripts/run_sims
c27a-s4.ufhpc
Fri Nov 13 18:11:43 EST 2020
mkdir: cannot create directory ‘/blue/stevenweisberg/stevenweisberg/qpfMRIResults/model_parameter_set1/’: File exists
cp: cannot stat ‘/blue/stevenweisberg/stevenweisberg/qpfMRIResults/deploy_sim.sh’: No such file or directory
cp: cannot stat ‘/blue/stevenweisberg/stevenweisberg/qpfMRIResults/sim_wrapper.sh’: No such file or directory
------------------------------------------
Setting up environment variables
---
LD_LIBRARY_PATH is .:/apps/matlab/mcr/2020b/v99/runtime/glnxa64:/apps/matlab/mcr/2020b/v99/bin/glnxa64:/apps/matlab/mcr/2020b/v99/sys/os/glnxa64:/apps/matlab/mcr/2020b/v99/sys/opengl/lib/glnxa64
Warning: Executing startup failed in matlabrc.
This indicates a potentially serious problem in your MATLAB setup, which should be resolved as soon as possible.  Error detected was:
MATLAB:mpath:PathAlterationNotSupported
Modifying the search path is not supported by MATLAB Compiler. Remove functions that modify the search path from your MATLAB code. To make files visible to your deployed application, add the parent folder to your MATLAB session.
Warning: No stimulus domain specified. Defaulting to values between 0.01 and 1.
> In qpfmriParams (line 182)
In compiledSimulate (line 205)
Stimulus domain added from input.
Parameter slope specified as 0.41000
Parameter semiSat specified as 0.57000
Parameter beta specified as 1.00000
Parameter sigma specified as 0.25000
seed = 99seed = 104seed = 111seed = 111seed = 115seed = 101Initializing Q+. This may take a minute...
Elapsed time is 9.682941 seconds.
Simulated parameters:
slope: 0.410 semiSat: 0.570 beta: 1.000 sigma: 0.250 

Trial 1: baseline Stimulus Selection
Stimulus: 0.010
Output value 0.000

Q+ parameters
slope: 0.026 semiSat: 0.890 beta: 0.500 sigma: 0.010 
maxBOLD estimate = 1.000


Trial 2: maxBOLD Stimulus Selection
Stimulus: 1.000
Output value 1.364

Q+ parameters
slope: 0.055 semiSat: 0.670 beta: 1.250 sigma: 0.010 
maxBOLD estimate = 1.000


Trial 3: baseline Stimulus Selection
Stimulus: 0.010
Output value -0.284

Q+ parameters
slope: 0.055 semiSat: 0.670 beta: 1.250 sigma: 0.531 
maxBOLD estimate = 1.250


Trial 4: maxBOLD Stimulus Selection
Stimulus: 1.000
Output value 1.953

Q+ parameters
slope: 0.055 semiSat: 0.670 beta: 1.250 sigma: 0.166 
maxBOLD estimate = 1.562


Trial 5: baseline Stimulus Selection
Stimulus: 0.010
Output value 1.110

Q+ parameters
slope: 0.055 semiSat: 0.670 beta: 1.250 sigma: 0.479 
maxBOLD estimate = 1.953


Trial 6: maxBOLD Stimulus Selection
Stimulus: 1.000
Output value 3.329

Q+ parameters
slope: 0.055 semiSat: 0.670 beta: 1.250 sigma: 0.166 
maxBOLD estimate = 2.441


Trial 7: qplus Stimulus Selection
Stimulus: 0.505
Output value 0.832

Q+ parameters
slope: 0.055 semiSat: 0.560 beta: 0.750 sigma: 0.114 
maxBOLD estimate = 3.052


Trial 8: qplus Stimulus Selection
Stimulus: 0.629
Output value 3.745

Q+ parameters
slope: 0.183 semiSat: 0.560 beta: 1.500 sigma: 0.114 
maxBOLD estimate = 2.289


Trial 9: qplus Stimulus Selection
Stimulus: 0.464
Output value 0.702

Q+ parameters
slope: 0.113 semiSat: 0.560 beta: 0.750 sigma: 0.114 
maxBOLD estimate = 3.433


Trial 10: baseline Stimulus Selection
Stimulus: 0.010
Output value 0.000

Q+ parameters
slope: 0.089 semiSat: 0.560 beta: 1.062 sigma: 0.114 
maxBOLD estimate = 2.575


Trial 11: qplus Stimulus Selection
Stimulus: 0.588
Output value 0.700

Q+ parameters
slope: 0.144 semiSat: 0.560 beta: 0.938 sigma: 0.114 
maxBOLD estimate = 2.736


Trial 12: qplus Stimulus Selection
Stimulus: 0.629
Output value 2.099

Q+ parameters
slope: 0.113 semiSat: 0.560 beta: 1.000 sigma: 0.114 
maxBOLD estimate = 2.565


Trial 13: qplus Stimulus Selection
Stimulus: 0.505
Output value -0.452

Q+ parameters
slope: 0.234 semiSat: 0.560 beta: 0.969 sigma: 0.166 
maxBOLD estimate = 2.565


Trial 14: qplus Stimulus Selection
Stimulus: 0.629
Output value 2.485

Q+ parameters
slope: 0.183 semiSat: 0.560 beta: 1.000 sigma: 0.114 
maxBOLD estimate = 2.485


Trial 15: maxBOLD Stimulus Selection
Stimulus: 1.000
Output value 2.711

Q+ parameters
slope: 0.113 semiSat: 0.560 beta: 1.000 sigma: 0.114 
maxBOLD estimate = 2.485


Trial 16: qplus Stimulus Selection
Stimulus: 0.505
Output value -0.438

Q+ parameters
slope: 0.234 semiSat: 0.560 beta: 0.969 sigma: 0.166 
maxBOLD estimate = 2.485


Trial 17: qplus Stimulus Selection
Stimulus: 0.588
Output value 2.735

Q+ parameters
slope: 0.144 semiSat: 0.560 beta: 1.250 sigma: 0.114 
maxBOLD estimate = 2.407


Trial 18: qplus Stimulus Selection
Stimulus: 0.505
Output value 2.308

Q+ parameters
slope: 0.089 semiSat: 0.560 beta: 0.938 sigma: 0.114 
maxBOLD estimate = 3.009


Trial 19: qplus Stimulus Selection
Stimulus: 0.423
Output value -0.529

Q+ parameters
slope: 0.144 semiSat: 0.560 beta: 1.031 sigma: 0.114 
maxBOLD estimate = 2.821


Trial 20: baseline Stimulus Selection
Stimulus: 0.010
Output value 0.231

Q+ parameters
slope: 0.144 semiSat: 0.560 beta: 0.875 sigma: 0.114 
maxBOLD estimate = 2.909


Trial 21: qplus Stimulus Selection
Stimulus: 0.670
Output value 2.863

Q+ parameters
slope: 0.234 semiSat: 0.560 beta: 1.031 sigma: 0.166 
maxBOLD estimate = 2.545


Trial 22: qplus Stimulus Selection
Stimulus: 0.505
Output value -0.492

Q+ parameters
slope: 0.234 semiSat: 0.560 beta: 1.031 sigma: 0.166 
maxBOLD estimate = 2.625


Trial 23: qplus Stimulus Selection
Stimulus: 0.588
Output value 1.846

Q+ parameters
slope: 0.234 semiSat: 0.560 beta: 0.938 sigma: 0.166 
maxBOLD estimate = 2.707


Trial 24: qplus Stimulus Selection
Stimulus: 0.588
Output value 1.903

Q+ parameters
slope: 0.234 semiSat: 0.560 beta: 1.031 sigma: 0.166 
maxBOLD estimate = 2.538


Trial 25: maxBOLD Stimulus Selection
Stimulus: 1.000
Output value 2.676

Q+ parameters
slope: 0.144 semiSat: 0.560 beta: 0.938 sigma: 0.114 
maxBOLD estimate = 2.617


Trial 26: qplus Stimulus Selection
Stimulus: 0.588
Output value 0.209

Q+ parameters
slope: 0.144 semiSat: 0.560 beta: 0.938 sigma: 0.166 
maxBOLD estimate = 2.453


Trial 27: qplus Stimulus Selection
Stimulus: 0.670
Output value 0.549

Q+ parameters
slope: 0.298 semiSat: 0.560 beta: 0.875 sigma: 0.218 
maxBOLD estimate = 2.300


Trial 28: qplus Stimulus Selection
Stimulus: 0.505
Output value 1.372

Q+ parameters
slope: 0.298 semiSat: 0.560 beta: 1.500 sigma: 0.218 
maxBOLD estimate = 2.013


Trial 29: qplus Stimulus Selection
Stimulus: 0.505
Output value 0.206

Q+ parameters
slope: 0.298 semiSat: 0.560 beta: 0.750 sigma: 0.114 
maxBOLD estimate = 3.019


Trial 30: baseline Stimulus Selection
Stimulus: 0.010
Output value 0.579

Q+ parameters
slope: 0.234 semiSat: 0.560 beta: 0.938 sigma: 0.166 
maxBOLD estimate = 2.264

--------------------------------------------------------------
FINAL VALUES
--------------------------------------------------------------
Simulated parameters:              slope: 0.410 semiSat: 0.570 beta: 1.000 sigma: 0.250 
Max posterior QUEST+ parameters:   slope: 0.483 semiSat: 0.560 beta: 1.125 sigma: 0.218 
Max BADS parameters:               slope: 0.493 semiSat: 0.533 beta: 1.000 sigma: 0.199 
maxBOLD estimate: 1.794
