/blue/stevenweisberg/stevenweisberg/MATLAB/projects/Weisberg_Aguirre_2020/scripts/run_sims
c0700a-s7.ufhpc
Tue Apr  6 17:27:06 EDT 2021
mkdir: cannot create directory ‘/blue/stevenweisberg/stevenweisberg/qpfMRIResults/model_parameter_set2/’: File exists
cp: cannot stat ‘/blue/stevenweisberg/stevenweisberg/qpfMRIResults/deploy_sim.sh’: No such file or directory
cp: cannot stat ‘/blue/stevenweisberg/stevenweisberg/qpfMRIResults/sim_wrapper.sh’: No such file or directory
------------------------------------------
Setting up environment variables
---
LD_LIBRARY_PATH is .:/apps/matlab/mcr/2020b/v99/runtime/glnxa64:/apps/matlab/mcr/2020b/v99/bin/glnxa64:/apps/matlab/mcr/2020b/v99/sys/os/glnxa64:/apps/matlab/mcr/2020b/v99/sys/opengl/lib/glnxa64
Warning: Executing startup failed in matlabrc.
This indicates a potentially serious problem in your MATLAB setup, which should be resolved as soon as possible.  Error detected was:
MATLAB:mpath:PathAlterationNotSupported
Modifying the search path is not supported by MATLAB Compiler. Remove functions that modify the search path from your MATLAB code. To make files visible to your deployed application, add the parent folder to your MATLAB session.
Warning: No stimulus domain specified. Defaulting to values between 0.01 and 1.
> In qpfmriParams (line 182)
In compiledSimulate (line 205)
Stimulus domain added from input.
Parameter slope specified as 0.20000
Parameter semiSat specified as 0.57000
Parameter beta specified as 1.00000
Parameter sigma specified as 0.10000
seed = 99seed = 104seed = 111seed = 111seed = 115seed = 101Initializing Q+. This may take a minute...
Elapsed time is 7.125166 seconds.
Simulated parameters:
slope: 0.200 semiSat: 0.570 beta: 1.000 sigma: 0.100 

Trial 1: baseline Stimulus Selection
Stimulus: 0.010
Output value 0.000

Q+ parameters
slope: 0.026 semiSat: 0.890 beta: 0.500 sigma: 0.010 
maxBOLD estimate = 1.000


Trial 2: maxBOLD Stimulus Selection
Stimulus: 1.000
Output value 1.364

Q+ parameters
slope: 0.055 semiSat: 0.670 beta: 1.250 sigma: 0.010 
maxBOLD estimate = 1.000


Trial 3: baseline Stimulus Selection
Stimulus: 0.010
Output value 0.000

Q+ parameters
slope: 0.055 semiSat: 0.670 beta: 1.250 sigma: 0.010 
maxBOLD estimate = 1.250


Trial 4: maxBOLD Stimulus Selection
Stimulus: 1.000
Output value 0.826

Q+ parameters
slope: 0.043 semiSat: 0.780 beta: 0.969 sigma: 0.114 
maxBOLD estimate = 1.562


Trial 5: baseline Stimulus Selection
Stimulus: 0.010
Output value 0.000

Q+ parameters
slope: 0.043 semiSat: 0.780 beta: 1.250 sigma: 0.062 
maxBOLD estimate = 1.514


Trial 6: maxBOLD Stimulus Selection
Stimulus: 1.000
Output value 1.333

Q+ parameters
slope: 0.043 semiSat: 0.780 beta: 0.969 sigma: 0.062 
maxBOLD estimate = 1.892


Trial 7: qplus Stimulus Selection
Stimulus: 0.711
Output value 0.807

Q+ parameters
slope: 0.043 semiSat: 0.780 beta: 0.969 sigma: 0.062 
maxBOLD estimate = 1.833


Trial 8: qplus Stimulus Selection
Stimulus: 0.588
Output value 0.242

Q+ parameters
slope: 0.183 semiSat: 0.670 beta: 0.750 sigma: 0.062 
maxBOLD estimate = 1.776


Trial 9: qplus Stimulus Selection
Stimulus: 0.753
Output value 1.665

Q+ parameters
slope: 0.113 semiSat: 0.670 beta: 1.250 sigma: 0.114 
maxBOLD estimate = 1.332


Trial 10: baseline Stimulus Selection
Stimulus: 0.010
Output value -0.284

Q+ parameters
slope: 0.089 semiSat: 0.560 beta: 0.938 sigma: 0.114 
maxBOLD estimate = 1.665


Trial 11: qplus Stimulus Selection
Stimulus: 0.505
Output value 0.124

Q+ parameters
slope: 0.234 semiSat: 0.560 beta: 0.875 sigma: 0.062 
maxBOLD estimate = 1.561


Trial 12: qplus Stimulus Selection
Stimulus: 0.629
Output value 1.676

Q+ parameters
slope: 0.379 semiSat: 0.560 beta: 1.125 sigma: 0.114 
maxBOLD estimate = 1.366


Trial 13: qplus Stimulus Selection
Stimulus: 0.505
Output value 0.838

Q+ parameters
slope: 0.183 semiSat: 0.560 beta: 1.000 sigma: 0.114 
maxBOLD estimate = 1.536


Trial 14: qplus Stimulus Selection
Stimulus: 0.505
Output value 0.559

Q+ parameters
slope: 0.183 semiSat: 0.560 beta: 1.000 sigma: 0.114 
maxBOLD estimate = 1.536


Trial 15: maxBOLD Stimulus Selection
Stimulus: 1.000
Output value 1.536

Q+ parameters
slope: 0.113 semiSat: 0.560 beta: 1.000 sigma: 0.114 
maxBOLD estimate = 1.536


Trial 16: qplus Stimulus Selection
Stimulus: 0.505
Output value 0.978

Q+ parameters
slope: 0.113 semiSat: 0.560 beta: 1.000 sigma: 0.114 
maxBOLD estimate = 1.536


Trial 17: qplus Stimulus Selection
Stimulus: 0.464
Output value 0.148

Q+ parameters
slope: 0.144 semiSat: 0.560 beta: 1.062 sigma: 0.114 
maxBOLD estimate = 1.536


Trial 18: qplus Stimulus Selection
Stimulus: 0.588
Output value 0.835

Q+ parameters
slope: 0.144 semiSat: 0.560 beta: 0.938 sigma: 0.114 
maxBOLD estimate = 1.632


Trial 19: qplus Stimulus Selection
Stimulus: 0.423
Output value 0.148

Q+ parameters
slope: 0.144 semiSat: 0.560 beta: 1.062 sigma: 0.114 
maxBOLD estimate = 1.530


Trial 20: baseline Stimulus Selection
Stimulus: 0.010
Output value -0.157

Q+ parameters
slope: 0.144 semiSat: 0.560 beta: 1.062 sigma: 0.114 
maxBOLD estimate = 1.626


Trial 21: qplus Stimulus Selection
Stimulus: 0.629
Output value 0.883

Q+ parameters
slope: 0.144 semiSat: 0.560 beta: 0.938 sigma: 0.114 
maxBOLD estimate = 1.728


Trial 22: qplus Stimulus Selection
Stimulus: 0.670
Output value 1.367

Q+ parameters
slope: 0.144 semiSat: 0.560 beta: 1.031 sigma: 0.114 
maxBOLD estimate = 1.620


Trial 23: qplus Stimulus Selection
Stimulus: 0.423
Output value 0.157

Q+ parameters
slope: 0.144 semiSat: 0.560 beta: 1.031 sigma: 0.114 
maxBOLD estimate = 1.670


Trial 24: qplus Stimulus Selection
Stimulus: 0.629
Output value 1.174

Q+ parameters
slope: 0.144 semiSat: 0.560 beta: 0.938 sigma: 0.114 
maxBOLD estimate = 1.722


Trial 25: maxBOLD Stimulus Selection
Stimulus: 1.000
Output value 0.826

Q+ parameters
slope: 0.144 semiSat: 0.560 beta: 0.938 sigma: 0.114 
maxBOLD estimate = 1.615


Trial 26: qplus Stimulus Selection
Stimulus: 0.505
Output value 0.000

Q+ parameters
slope: 0.144 semiSat: 0.560 beta: 1.062 sigma: 0.114 
maxBOLD estimate = 1.514


Trial 27: qplus Stimulus Selection
Stimulus: 0.505
Output value -0.256

Q+ parameters
slope: 0.234 semiSat: 0.560 beta: 0.875 sigma: 0.114 
maxBOLD estimate = 1.608


Trial 28: qplus Stimulus Selection
Stimulus: 0.588
Output value 0.544

Q+ parameters
slope: 0.234 semiSat: 0.560 beta: 1.062 sigma: 0.166 
maxBOLD estimate = 1.407


Trial 29: qplus Stimulus Selection
Stimulus: 0.505
Output value 0.578

Q+ parameters
slope: 0.234 semiSat: 0.560 beta: 1.062 sigma: 0.166 
maxBOLD estimate = 1.495


Trial 30: baseline Stimulus Selection
Stimulus: 0.010
Output value 0.000

Q+ parameters
slope: 0.144 semiSat: 0.560 beta: 0.938 sigma: 0.114 
maxBOLD estimate = 1.589


Trial 31: qplus Stimulus Selection
Stimulus: 0.588
Output value 0.677

Q+ parameters
slope: 0.183 semiSat: 0.560 beta: 1.000 sigma: 0.114 
maxBOLD estimate = 1.489


Trial 32: qplus Stimulus Selection
Stimulus: 0.505
Output value 0.677

Q+ parameters
slope: 0.183 semiSat: 0.560 beta: 1.000 sigma: 0.114 
maxBOLD estimate = 1.489


Trial 33: qplus Stimulus Selection
Stimulus: 0.505
Output value 0.000

Q+ parameters
slope: 0.183 semiSat: 0.560 beta: 1.000 sigma: 0.114 
maxBOLD estimate = 1.489


Trial 34: qplus Stimulus Selection
Stimulus: 0.588
Output value 1.219

Q+ parameters
slope: 0.183 semiSat: 0.560 beta: 1.000 sigma: 0.114 
maxBOLD estimate = 1.489


Trial 35: maxBOLD Stimulus Selection
Stimulus: 1.000
Output value 1.625

Q+ parameters
slope: 0.183 semiSat: 0.560 beta: 1.000 sigma: 0.114 
maxBOLD estimate = 1.489


Trial 36: qplus Stimulus Selection
Stimulus: 0.505
Output value 0.406

Q+ parameters
slope: 0.183 semiSat: 0.560 beta: 1.000 sigma: 0.114 
maxBOLD estimate = 1.489


Trial 37: qplus Stimulus Selection
Stimulus: 0.505
Output value 0.135

Q+ parameters
slope: 0.183 semiSat: 0.560 beta: 1.000 sigma: 0.114 
maxBOLD estimate = 1.489


Trial 38: qplus Stimulus Selection
Stimulus: 0.505
Output value 0.000

Q+ parameters
slope: 0.183 semiSat: 0.560 beta: 1.000 sigma: 0.114 
maxBOLD estimate = 1.489


Trial 39: qplus Stimulus Selection
Stimulus: 0.505
Output value 0.271

Q+ parameters
slope: 0.183 semiSat: 0.560 beta: 1.000 sigma: 0.114 
maxBOLD estimate = 1.489


Trial 40: baseline Stimulus Selection
Stimulus: 0.010
Output value 0.262

Q+ parameters
slope: 0.234 semiSat: 0.560 beta: 0.969 sigma: 0.114 
maxBOLD estimate = 1.489


Trial 41: qplus Stimulus Selection
Stimulus: 0.588
Output value 0.947

Q+ parameters
slope: 0.234 semiSat: 0.560 beta: 1.031 sigma: 0.114 
maxBOLD estimate = 1.443


Trial 42: qplus Stimulus Selection
Stimulus: 0.588
Output value 1.048

Q+ parameters
slope: 0.234 semiSat: 0.560 beta: 0.969 sigma: 0.114 
maxBOLD estimate = 1.488


Trial 43: qplus Stimulus Selection
Stimulus: 0.546
Output value 0.541

Q+ parameters
slope: 0.234 semiSat: 0.560 beta: 1.031 sigma: 0.114 
maxBOLD estimate = 1.442


Trial 44: qplus Stimulus Selection
Stimulus: 0.505
Output value 0.393

Q+ parameters
slope: 0.234 semiSat: 0.560 beta: 0.969 sigma: 0.114 
maxBOLD estimate = 1.487


Trial 45: maxBOLD Stimulus Selection
Stimulus: 1.000
Output value 1.669

Q+ parameters
slope: 0.183 semiSat: 0.560 beta: 1.062 sigma: 0.114 
maxBOLD estimate = 1.440


Trial 46: qplus Stimulus Selection
Stimulus: 0.505
Output value 0.270

Q+ parameters
slope: 0.234 semiSat: 0.560 beta: 0.969 sigma: 0.114 
maxBOLD estimate = 1.530


Trial 47: qplus Stimulus Selection
Stimulus: 0.546
Output value 0.392

Q+ parameters
slope: 0.234 semiSat: 0.560 beta: 0.969 sigma: 0.114 
maxBOLD estimate = 1.482


Trial 48: qplus Stimulus Selection
Stimulus: 0.546
Output value 0.379

Q+ parameters
slope: 0.234 semiSat: 0.560 beta: 0.969 sigma: 0.114 
maxBOLD estimate = 1.436


Trial 49: qplus Stimulus Selection
Stimulus: 0.546
Output value 0.403

Q+ parameters
slope: 0.298 semiSat: 0.560 beta: 1.062 sigma: 0.166 
maxBOLD estimate = 1.391


Trial 50: baseline Stimulus Selection
Stimulus: 0.010
Output value 0.260

Q+ parameters
slope: 0.234 semiSat: 0.560 beta: 0.969 sigma: 0.114 
maxBOLD estimate = 1.478


Trial 51: qplus Stimulus Selection
Stimulus: 0.588
Output value 0.631

Q+ parameters
slope: 0.234 semiSat: 0.560 beta: 0.969 sigma: 0.114 
maxBOLD estimate = 1.432


Trial 52: qplus Stimulus Selection
Stimulus: 0.546
Output value 0.122

Q+ parameters
slope: 0.234 semiSat: 0.560 beta: 0.969 sigma: 0.114 
maxBOLD estimate = 1.387


Trial 53: qplus Stimulus Selection
Stimulus: 0.588
Output value 0.592

Q+ parameters
slope: 0.234 semiSat: 0.560 beta: 0.969 sigma: 0.114 
maxBOLD estimate = 1.344


Trial 54: qplus Stimulus Selection
Stimulus: 0.546
Output value 0.344

Q+ parameters
slope: 0.234 semiSat: 0.560 beta: 0.969 sigma: 0.114 
maxBOLD estimate = 1.302


Trial 55: maxBOLD Stimulus Selection
Stimulus: 1.000
Output value 1.222

Q+ parameters
slope: 0.234 semiSat: 0.560 beta: 0.969 sigma: 0.114 
maxBOLD estimate = 1.261


Trial 56: qplus Stimulus Selection
Stimulus: 0.505
Output value -0.236

Q+ parameters
slope: 0.298 semiSat: 0.560 beta: 1.062 sigma: 0.166 
maxBOLD estimate = 1.222


Trial 57: qplus Stimulus Selection
Stimulus: 0.505
Output value 0.114

Q+ parameters
slope: 0.234 semiSat: 0.560 beta: 0.969 sigma: 0.114 
maxBOLD estimate = 1.298


Trial 58: qplus Stimulus Selection
Stimulus: 0.588
Output value 0.775

Q+ parameters
slope: 0.234 semiSat: 0.560 beta: 0.969 sigma: 0.114 
maxBOLD estimate = 1.257


Trial 59: qplus Stimulus Selection
Stimulus: 0.588
Output value 1.107

Q+ parameters
slope: 0.298 semiSat: 0.560 beta: 1.000 sigma: 0.114 
maxBOLD estimate = 1.218


Trial 60: baseline Stimulus Selection
Stimulus: 0.010
Output value -0.249

Q+ parameters
slope: 0.183 semiSat: 0.560 beta: 1.125 sigma: 0.166 
maxBOLD estimate = 1.218


Trial 61: qplus Stimulus Selection
Stimulus: 0.505
Output value 0.362

Q+ parameters
slope: 0.234 semiSat: 0.560 beta: 0.969 sigma: 0.114 
maxBOLD estimate = 1.370


Trial 62: qplus Stimulus Selection
Stimulus: 0.588
Output value 1.207

Q+ parameters
slope: 0.298 semiSat: 0.560 beta: 1.000 sigma: 0.114 
maxBOLD estimate = 1.328


Trial 63: qplus Stimulus Selection
Stimulus: 0.546
Output value 0.117

Q+ parameters
slope: 0.234 semiSat: 0.560 beta: 0.969 sigma: 0.114 
maxBOLD estimate = 1.328


Trial 64: qplus Stimulus Selection
Stimulus: 0.588
Output value 0.793

Q+ parameters
slope: 0.234 semiSat: 0.560 beta: 0.969 sigma: 0.114 
maxBOLD estimate = 1.286


Trial 65: maxBOLD Stimulus Selection
Stimulus: 1.000
Output value 1.359

Q+ parameters
slope: 0.298 semiSat: 0.560 beta: 1.000 sigma: 0.114 
maxBOLD estimate = 1.246


Trial 66: qplus Stimulus Selection
Stimulus: 0.505
Output value -0.241

Q+ parameters
slope: 0.298 semiSat: 0.560 beta: 1.062 sigma: 0.166 
maxBOLD estimate = 1.246


Trial 67: qplus Stimulus Selection
Stimulus: 0.505
Output value -0.233

Q+ parameters
slope: 0.234 semiSat: 0.560 beta: 0.969 sigma: 0.114 
maxBOLD estimate = 1.324


Trial 68: qplus Stimulus Selection
Stimulus: 0.588
Output value 0.565

Q+ parameters
slope: 0.234 semiSat: 0.560 beta: 0.969 sigma: 0.114 
maxBOLD estimate = 1.282


Trial 69: qplus Stimulus Selection
Stimulus: 0.588
Output value 0.960

Q+ parameters
slope: 0.379 semiSat: 0.560 beta: 1.062 sigma: 0.166 
maxBOLD estimate = 1.242


Trial 70: baseline Stimulus Selection
Stimulus: 0.010
Output value -0.240

Q+ parameters
slope: 0.298 semiSat: 0.560 beta: 1.000 sigma: 0.114 
maxBOLD estimate = 1.320


Trial 71: qplus Stimulus Selection
Stimulus: 0.588
Output value 0.581

Q+ parameters
slope: 0.234 semiSat: 0.560 beta: 0.969 sigma: 0.114 
maxBOLD estimate = 1.320


Trial 72: qplus Stimulus Selection
Stimulus: 0.546
Output value 0.247

Q+ parameters
slope: 0.298 semiSat: 0.560 beta: 1.062 sigma: 0.166 
maxBOLD estimate = 1.279


Trial 73: qplus Stimulus Selection
Stimulus: 0.588
Output value 0.838

Q+ parameters
slope: 0.234 semiSat: 0.560 beta: 0.969 sigma: 0.114 
maxBOLD estimate = 1.359


Trial 74: qplus Stimulus Selection
Stimulus: 0.711
Output value 1.275

Q+ parameters
slope: 0.298 semiSat: 0.560 beta: 0.969 sigma: 0.114 
maxBOLD estimate = 1.316


Trial 75: maxBOLD Stimulus Selection
Stimulus: 1.000
Output value 1.478

Q+ parameters
slope: 0.298 semiSat: 0.560 beta: 1.062 sigma: 0.166 
maxBOLD estimate = 1.275


Trial 76: qplus Stimulus Selection
Stimulus: 0.546
Output value 0.239

Q+ parameters
slope: 0.234 semiSat: 0.560 beta: 0.969 sigma: 0.114 
maxBOLD estimate = 1.355


Trial 77: qplus Stimulus Selection
Stimulus: 0.711
Output value 0.925

Q+ parameters
slope: 0.234 semiSat: 0.560 beta: 0.969 sigma: 0.114 
maxBOLD estimate = 1.312


Trial 78: qplus Stimulus Selection
Stimulus: 0.588
Output value 0.694

Q+ parameters
slope: 0.298 semiSat: 0.560 beta: 1.000 sigma: 0.114 
maxBOLD estimate = 1.271


Trial 79: qplus Stimulus Selection
Stimulus: 0.588
Output value 0.925

Q+ parameters
slope: 0.298 semiSat: 0.560 beta: 1.000 sigma: 0.114 
maxBOLD estimate = 1.271


Trial 80: baseline Stimulus Selection
Stimulus: 0.010
Output value 0.336

Q+ parameters
slope: 0.298 semiSat: 0.560 beta: 0.969 sigma: 0.114 
maxBOLD estimate = 1.271


Trial 81: qplus Stimulus Selection
Stimulus: 0.588
Output value 1.071

Q+ parameters
slope: 0.298 semiSat: 0.560 beta: 1.062 sigma: 0.166 
maxBOLD estimate = 1.232


Trial 82: qplus Stimulus Selection
Stimulus: 0.505
Output value 0.461

Q+ parameters
slope: 0.298 semiSat: 0.560 beta: 0.969 sigma: 0.114 
maxBOLD estimate = 1.309


Trial 83: qplus Stimulus Selection
Stimulus: 0.711
Output value 1.340

Q+ parameters
slope: 0.298 semiSat: 0.560 beta: 0.969 sigma: 0.114 
maxBOLD estimate = 1.268


Trial 84: qplus Stimulus Selection
Stimulus: 0.588
Output value 0.830

Q+ parameters
slope: 0.298 semiSat: 0.560 beta: 1.062 sigma: 0.166 
maxBOLD estimate = 1.228


Trial 85: maxBOLD Stimulus Selection
Stimulus: 1.000
Output value 1.379

Q+ parameters
slope: 0.298 semiSat: 0.560 beta: 0.969 sigma: 0.114 
maxBOLD estimate = 1.305


Trial 86: qplus Stimulus Selection
Stimulus: 0.711
Output value 1.002

Q+ parameters
slope: 0.298 semiSat: 0.560 beta: 0.969 sigma: 0.114 
maxBOLD estimate = 1.264


Trial 87: qplus Stimulus Selection
Stimulus: 0.588
Output value 0.710

Q+ parameters
slope: 0.298 semiSat: 0.560 beta: 1.062 sigma: 0.166 
maxBOLD estimate = 1.225


Trial 88: qplus Stimulus Selection
Stimulus: 0.505
Output value -0.229

Q+ parameters
slope: 0.298 semiSat: 0.560 beta: 0.969 sigma: 0.114 
maxBOLD estimate = 1.301


Trial 89: qplus Stimulus Selection
Stimulus: 0.711
Output value 1.332

Q+ parameters
slope: 0.298 semiSat: 0.560 beta: 0.969 sigma: 0.114 
maxBOLD estimate = 1.261


Trial 90: baseline Stimulus Selection
Stimulus: 0.010
Output value 0.222

Q+ parameters
slope: 0.298 semiSat: 0.560 beta: 1.000 sigma: 0.114 
maxBOLD estimate = 1.221


Trial 91: qplus Stimulus Selection
Stimulus: 0.546
Output value 0.590

Q+ parameters
slope: 0.298 semiSat: 0.560 beta: 1.062 sigma: 0.166 
maxBOLD estimate = 1.221


Trial 92: qplus Stimulus Selection
Stimulus: 0.505
Output value 0.343

Q+ parameters
slope: 0.298 semiSat: 0.560 beta: 0.969 sigma: 0.114 
maxBOLD estimate = 1.297


Trial 93: qplus Stimulus Selection
Stimulus: 0.711
Output value 1.218

Q+ parameters
slope: 0.298 semiSat: 0.560 beta: 0.969 sigma: 0.114 
maxBOLD estimate = 1.257


Trial 94: qplus Stimulus Selection
Stimulus: 0.588
Output value 0.941

Q+ parameters
slope: 0.298 semiSat: 0.560 beta: 1.062 sigma: 0.166 
maxBOLD estimate = 1.218


Trial 95: maxBOLD Stimulus Selection
Stimulus: 1.000
Output value 1.367

Q+ parameters
slope: 0.298 semiSat: 0.560 beta: 0.969 sigma: 0.114 
maxBOLD estimate = 1.294


Trial 96: qplus Stimulus Selection
Stimulus: 0.711
Output value 1.325

Q+ parameters
slope: 0.298 semiSat: 0.560 beta: 0.969 sigma: 0.114 
maxBOLD estimate = 1.253


Trial 97: qplus Stimulus Selection
Stimulus: 0.588
Output value 0.352

Q+ parameters
slope: 0.298 semiSat: 0.560 beta: 1.062 sigma: 0.166 
maxBOLD estimate = 1.214


Trial 98: qplus Stimulus Selection
Stimulus: 0.505
Output value 0.000

Q+ parameters
slope: 0.298 semiSat: 0.560 beta: 0.969 sigma: 0.114 
maxBOLD estimate = 1.290


Trial 99: qplus Stimulus Selection
Stimulus: 0.711
Output value 1.101

Q+ parameters
slope: 0.298 semiSat: 0.560 beta: 0.969 sigma: 0.114 
maxBOLD estimate = 1.250


Trial 100: baseline Stimulus Selection
Stimulus: 0.010
Output value -0.117

Q+ parameters
slope: 0.298 semiSat: 0.560 beta: 1.062 sigma: 0.114 
maxBOLD estimate = 1.211

--------------------------------------------------------------
FINAL VALUES
--------------------------------------------------------------
Simulated parameters:              slope: 0.200 semiSat: 0.570 beta: 1.000 sigma: 0.100 
Max posterior QUEST+ parameters:   slope: 0.234 semiSat: 0.560 beta: 0.875 sigma: 0.114 
Max BADS parameters:               slope: 0.221 semiSat: 0.585 beta: 1.000 sigma: 0.112 
maxBOLD estimate: 1.602
