/blue/stevenweisberg/stevenweisberg/MATLAB/projects/Weisberg_Aguirre_2020/scripts/run_sims
c0700a-s3.ufhpc
Wed Apr  7 04:03:53 EDT 2021
mkdir: cannot create directory ‘/blue/stevenweisberg/stevenweisberg/qpfMRIResults/model_parameter_set2/’: File exists
cp: cannot stat ‘/blue/stevenweisberg/stevenweisberg/qpfMRIResults/deploy_sim.sh’: No such file or directory
cp: cannot stat ‘/blue/stevenweisberg/stevenweisberg/qpfMRIResults/sim_wrapper.sh’: No such file or directory
------------------------------------------
Setting up environment variables
---
LD_LIBRARY_PATH is .:/apps/matlab/mcr/2020b/v99/runtime/glnxa64:/apps/matlab/mcr/2020b/v99/bin/glnxa64:/apps/matlab/mcr/2020b/v99/sys/os/glnxa64:/apps/matlab/mcr/2020b/v99/sys/opengl/lib/glnxa64
Warning: Executing startup failed in matlabrc.
This indicates a potentially serious problem in your MATLAB setup, which should be resolved as soon as possible.  Error detected was:
MATLAB:mpath:PathAlterationNotSupported
Modifying the search path is not supported by MATLAB Compiler. Remove functions that modify the search path from your MATLAB code. To make files visible to your deployed application, add the parent folder to your MATLAB session.
Warning: No stimulus domain specified. Defaulting to values between 0.01 and 1.
> In qpfmriParams (line 182)
In compiledSimulate (line 205)
Stimulus domain added from input.
Parameter slope specified as 0.20000
Parameter semiSat specified as 0.57000
Parameter beta specified as 1.00000
Parameter sigma specified as 0.05000
seed = 99seed = 104seed = 111seed = 111seed = 115seed = 101Initializing Q+. This may take a minute...
Elapsed time is 7.185364 seconds.
Simulated parameters:
slope: 0.200 semiSat: 0.570 beta: 1.000 sigma: 0.050 

Trial 1: baseline Stimulus Selection
Stimulus: 0.010
Output value 0.000

Q+ parameters
slope: 0.026 semiSat: 0.890 beta: 0.500 sigma: 0.010 
maxBOLD estimate = 1.000


Trial 2: maxBOLD Stimulus Selection
Stimulus: 1.000
Output value 1.364

Q+ parameters
slope: 0.055 semiSat: 0.670 beta: 1.250 sigma: 0.010 
maxBOLD estimate = 1.000


Trial 3: baseline Stimulus Selection
Stimulus: 0.010
Output value 0.000

Q+ parameters
slope: 0.055 semiSat: 0.670 beta: 1.250 sigma: 0.010 
maxBOLD estimate = 1.250


Trial 4: maxBOLD Stimulus Selection
Stimulus: 1.000
Output value 2.131

Q+ parameters
slope: 0.055 semiSat: 0.670 beta: 1.250 sigma: 0.062 
maxBOLD estimate = 1.562


Trial 5: baseline Stimulus Selection
Stimulus: 0.010
Output value 0.000

Q+ parameters
slope: 0.043 semiSat: 0.780 beta: 1.125 sigma: 0.062 
maxBOLD estimate = 1.953


Trial 6: maxBOLD Stimulus Selection
Stimulus: 1.000
Output value 1.548

Q+ parameters
slope: 0.043 semiSat: 0.780 beta: 0.969 sigma: 0.062 
maxBOLD estimate = 2.197


Trial 7: random Stimulus Selection
Stimulus: 0.051
Output value 0.000

Q+ parameters
slope: 0.043 semiSat: 0.780 beta: 0.969 sigma: 0.062 
maxBOLD estimate = 2.129


Trial 8: random Stimulus Selection
Stimulus: 0.918
Output value 1.271

Q+ parameters
slope: 0.043 semiSat: 0.780 beta: 0.969 sigma: 0.062 
maxBOLD estimate = 2.062


Trial 9: random Stimulus Selection
Stimulus: 0.340
Output value 0.000

Q+ parameters
slope: 0.070 semiSat: 0.780 beta: 0.875 sigma: 0.062 
maxBOLD estimate = 1.998


Trial 10: baseline Stimulus Selection
Stimulus: 0.010
Output value 0.000

Q+ parameters
slope: 0.089 semiSat: 0.780 beta: 1.000 sigma: 0.062 
maxBOLD estimate = 1.748


Trial 11: random Stimulus Selection
Stimulus: 0.546
Output value 0.616

Q+ parameters
slope: 0.070 semiSat: 0.780 beta: 0.969 sigma: 0.062 
maxBOLD estimate = 1.748


Trial 12: random Stimulus Selection
Stimulus: 0.835
Output value 1.347

Q+ parameters
slope: 0.183 semiSat: 0.560 beta: 0.875 sigma: 0.062 
maxBOLD estimate = 1.693


Trial 13: random Stimulus Selection
Stimulus: 0.753
Output value 1.667

Q+ parameters
slope: 0.144 semiSat: 0.560 beta: 1.031 sigma: 0.062 
maxBOLD estimate = 1.482


Trial 14: random Stimulus Selection
Stimulus: 1.000
Output value 1.432

Q+ parameters
slope: 0.144 semiSat: 0.560 beta: 1.031 sigma: 0.062 
maxBOLD estimate = 1.528


Trial 15: maxBOLD Stimulus Selection
Stimulus: 1.000
Output value 1.773

Q+ parameters
slope: 0.144 semiSat: 0.560 beta: 1.031 sigma: 0.062 
maxBOLD estimate = 1.576


Trial 16: random Stimulus Selection
Stimulus: 0.340
Output value 0.000

Q+ parameters
slope: 0.234 semiSat: 0.560 beta: 0.875 sigma: 0.062 
maxBOLD estimate = 1.625


Trial 17: random Stimulus Selection
Stimulus: 0.670
Output value 1.600

Q+ parameters
slope: 0.183 semiSat: 0.560 beta: 1.125 sigma: 0.062 
maxBOLD estimate = 1.422


Trial 18: random Stimulus Selection
Stimulus: 0.340
Output value 0.136

Q+ parameters
slope: 0.234 semiSat: 0.560 beta: 0.938 sigma: 0.062 
maxBOLD estimate = 1.600


Trial 19: random Stimulus Selection
Stimulus: 0.918
Output value 1.687

Q+ parameters
slope: 0.234 semiSat: 0.560 beta: 1.031 sigma: 0.062 
maxBOLD estimate = 1.500


Trial 20: baseline Stimulus Selection
Stimulus: 0.010
Output value 0.000

Q+ parameters
slope: 0.234 semiSat: 0.560 beta: 1.031 sigma: 0.062 
maxBOLD estimate = 1.546


Trial 21: random Stimulus Selection
Stimulus: 0.340
Output value 0.145

Q+ parameters
slope: 0.183 semiSat: 0.560 beta: 1.000 sigma: 0.062 
maxBOLD estimate = 1.595


Trial 22: random Stimulus Selection
Stimulus: 0.010
Output value 0.136

Q+ parameters
slope: 0.234 semiSat: 0.560 beta: 0.938 sigma: 0.062 
maxBOLD estimate = 1.595


Trial 23: random Stimulus Selection
Stimulus: 0.629
Output value 0.981

Q+ parameters
slope: 0.234 semiSat: 0.560 beta: 1.031 sigma: 0.062 
maxBOLD estimate = 1.495


Trial 24: random Stimulus Selection
Stimulus: 0.505
Output value 0.561

Q+ parameters
slope: 0.183 semiSat: 0.560 beta: 1.000 sigma: 0.062 
maxBOLD estimate = 1.542


Trial 25: maxBOLD Stimulus Selection
Stimulus: 1.000
Output value 1.735

Q+ parameters
slope: 0.234 semiSat: 0.560 beta: 1.031 sigma: 0.062 
maxBOLD estimate = 1.542


Trial 26: random Stimulus Selection
Stimulus: 0.381
Output value 0.140

Q+ parameters
slope: 0.144 semiSat: 0.560 beta: 0.969 sigma: 0.062 
maxBOLD estimate = 1.590


Trial 27: random Stimulus Selection
Stimulus: 0.918
Output value 1.588

Q+ parameters
slope: 0.234 semiSat: 0.560 beta: 1.031 sigma: 0.062 
maxBOLD estimate = 1.540


Trial 28: random Stimulus Selection
Stimulus: 0.134
Output value 0.000

Q+ parameters
slope: 0.183 semiSat: 0.560 beta: 1.000 sigma: 0.062 
maxBOLD estimate = 1.588


Trial 29: random Stimulus Selection
Stimulus: 0.670
Output value 1.444

Q+ parameters
slope: 0.183 semiSat: 0.560 beta: 1.000 sigma: 0.062 
maxBOLD estimate = 1.588


Trial 30: baseline Stimulus Selection
Stimulus: 0.010
Output value 0.135

Q+ parameters
slope: 0.234 semiSat: 0.560 beta: 0.938 sigma: 0.062 
maxBOLD estimate = 1.588


Trial 31: random Stimulus Selection
Stimulus: 0.753
Output value 1.489

Q+ parameters
slope: 0.183 semiSat: 0.560 beta: 1.000 sigma: 0.062 
maxBOLD estimate = 1.489


Trial 32: random Stimulus Selection
Stimulus: 0.299
Output value 0.135

Q+ parameters
slope: 0.183 semiSat: 0.560 beta: 1.000 sigma: 0.062 
maxBOLD estimate = 1.489


Trial 33: random Stimulus Selection
Stimulus: 0.629
Output value 1.083

Q+ parameters
slope: 0.183 semiSat: 0.560 beta: 1.000 sigma: 0.062 
maxBOLD estimate = 1.489


Trial 34: random Stimulus Selection
Stimulus: 0.959
Output value 1.489

Q+ parameters
slope: 0.183 semiSat: 0.560 beta: 1.000 sigma: 0.062 
maxBOLD estimate = 1.489


Trial 35: maxBOLD Stimulus Selection
Stimulus: 1.000
Output value 1.625

Q+ parameters
slope: 0.183 semiSat: 0.560 beta: 1.000 sigma: 0.062 
maxBOLD estimate = 1.489


Trial 36: random Stimulus Selection
Stimulus: 0.753
Output value 1.726

Q+ parameters
slope: 0.183 semiSat: 0.560 beta: 1.062 sigma: 0.062 
maxBOLD estimate = 1.489


Trial 37: random Stimulus Selection
Stimulus: 0.134
Output value 0.000

Q+ parameters
slope: 0.234 semiSat: 0.560 beta: 0.969 sigma: 0.062 
maxBOLD estimate = 1.582


Trial 38: random Stimulus Selection
Stimulus: 0.175
Output value 0.139

Q+ parameters
slope: 0.183 semiSat: 0.560 beta: 1.000 sigma: 0.062 
maxBOLD estimate = 1.533


Trial 39: random Stimulus Selection
Stimulus: 0.835
Output value 1.533

Q+ parameters
slope: 0.183 semiSat: 0.560 beta: 1.000 sigma: 0.062 
maxBOLD estimate = 1.533


Trial 40: baseline Stimulus Selection
Stimulus: 0.010
Output value 0.000

Q+ parameters
slope: 0.234 semiSat: 0.560 beta: 0.969 sigma: 0.062 
maxBOLD estimate = 1.533


Trial 41: random Stimulus Selection
Stimulus: 0.753
Output value 1.253

Q+ parameters
slope: 0.234 semiSat: 0.560 beta: 1.031 sigma: 0.062 
maxBOLD estimate = 1.485


Trial 42: random Stimulus Selection
Stimulus: 0.876
Output value 1.392

Q+ parameters
slope: 0.183 semiSat: 0.560 beta: 1.000 sigma: 0.062 
maxBOLD estimate = 1.531


Trial 43: random Stimulus Selection
Stimulus: 0.051
Output value 0.000

Q+ parameters
slope: 0.183 semiSat: 0.560 beta: 1.000 sigma: 0.062 
maxBOLD estimate = 1.531


Trial 44: random Stimulus Selection
Stimulus: 0.588
Output value 0.974

Q+ parameters
slope: 0.183 semiSat: 0.560 beta: 1.000 sigma: 0.062 
maxBOLD estimate = 1.531


Trial 45: maxBOLD Stimulus Selection
Stimulus: 1.000
Output value 1.671

Q+ parameters
slope: 0.183 semiSat: 0.560 beta: 1.000 sigma: 0.062 
maxBOLD estimate = 1.531


Trial 46: random Stimulus Selection
Stimulus: 0.546
Output value 0.405

Q+ parameters
slope: 0.234 semiSat: 0.560 beta: 0.969 sigma: 0.062 
maxBOLD estimate = 1.531


Trial 47: random Stimulus Selection
Stimulus: 1.000
Output value 1.530

Q+ parameters
slope: 0.234 semiSat: 0.560 beta: 1.031 sigma: 0.062 
maxBOLD estimate = 1.483


Trial 48: random Stimulus Selection
Stimulus: 0.092
Output value -0.139

Q+ parameters
slope: 0.183 semiSat: 0.560 beta: 1.000 sigma: 0.062 
maxBOLD estimate = 1.530


Trial 49: random Stimulus Selection
Stimulus: 0.051
Output value 0.000

Q+ parameters
slope: 0.183 semiSat: 0.560 beta: 1.000 sigma: 0.062 
maxBOLD estimate = 1.530


Trial 50: baseline Stimulus Selection
Stimulus: 0.010
Output value 0.000

Q+ parameters
slope: 0.183 semiSat: 0.560 beta: 1.000 sigma: 0.062 
maxBOLD estimate = 1.530


Trial 51: random Stimulus Selection
Stimulus: 0.711
Output value 1.391

Q+ parameters
slope: 0.183 semiSat: 0.560 beta: 1.000 sigma: 0.062 
maxBOLD estimate = 1.530


Trial 52: random Stimulus Selection
Stimulus: 0.340
Output value 0.000

Q+ parameters
slope: 0.183 semiSat: 0.560 beta: 1.000 sigma: 0.062 
maxBOLD estimate = 1.530


Trial 53: random Stimulus Selection
Stimulus: 0.340
Output value 0.139

Q+ parameters
slope: 0.183 semiSat: 0.560 beta: 1.000 sigma: 0.062 
maxBOLD estimate = 1.530


Trial 54: random Stimulus Selection
Stimulus: 0.299
Output value 0.000

Q+ parameters
slope: 0.183 semiSat: 0.560 beta: 1.000 sigma: 0.062 
maxBOLD estimate = 1.530


Trial 55: maxBOLD Stimulus Selection
Stimulus: 1.000
Output value 1.391

Q+ parameters
slope: 0.183 semiSat: 0.560 beta: 1.000 sigma: 0.062 
maxBOLD estimate = 1.530


Trial 56: random Stimulus Selection
Stimulus: 0.794
Output value 1.530

Q+ parameters
slope: 0.183 semiSat: 0.560 beta: 1.000 sigma: 0.062 
maxBOLD estimate = 1.530


Trial 57: random Stimulus Selection
Stimulus: 0.381
Output value 0.278

Q+ parameters
slope: 0.183 semiSat: 0.560 beta: 1.000 sigma: 0.062 
maxBOLD estimate = 1.530


Trial 58: random Stimulus Selection
Stimulus: 0.299
Output value -0.139

Q+ parameters
slope: 0.183 semiSat: 0.560 beta: 1.000 sigma: 0.062 
maxBOLD estimate = 1.530


Trial 59: random Stimulus Selection
Stimulus: 0.423
Output value 0.139

Q+ parameters
slope: 0.183 semiSat: 0.560 beta: 1.000 sigma: 0.062 
maxBOLD estimate = 1.530


Trial 60: baseline Stimulus Selection
Stimulus: 0.010
Output value 0.139

Q+ parameters
slope: 0.183 semiSat: 0.560 beta: 1.000 sigma: 0.062 
maxBOLD estimate = 1.530


Trial 61: random Stimulus Selection
Stimulus: 0.629
Output value 0.861

Q+ parameters
slope: 0.144 semiSat: 0.560 beta: 1.031 sigma: 0.062 
maxBOLD estimate = 1.530


Trial 62: random Stimulus Selection
Stimulus: 0.588
Output value 0.672

Q+ parameters
slope: 0.144 semiSat: 0.560 beta: 0.938 sigma: 0.062 
maxBOLD estimate = 1.578


Trial 63: random Stimulus Selection
Stimulus: 0.134
Output value -0.139

Q+ parameters
slope: 0.144 semiSat: 0.560 beta: 1.031 sigma: 0.062 
maxBOLD estimate = 1.479


Trial 64: random Stimulus Selection
Stimulus: 0.505
Output value 0.269

Q+ parameters
slope: 0.234 semiSat: 0.560 beta: 0.969 sigma: 0.062 
maxBOLD estimate = 1.525


Trial 65: maxBOLD Stimulus Selection
Stimulus: 1.000
Output value 1.247

Q+ parameters
slope: 0.234 semiSat: 0.560 beta: 1.031 sigma: 0.062 
maxBOLD estimate = 1.478


Trial 66: random Stimulus Selection
Stimulus: 0.629
Output value 0.831

Q+ parameters
slope: 0.144 semiSat: 0.560 beta: 1.000 sigma: 0.062 
maxBOLD estimate = 1.524


Trial 67: random Stimulus Selection
Stimulus: 0.051
Output value 0.000

Q+ parameters
slope: 0.144 semiSat: 0.560 beta: 1.000 sigma: 0.062 
maxBOLD estimate = 1.524


Trial 68: random Stimulus Selection
Stimulus: 0.629
Output value 0.831

Q+ parameters
slope: 0.144 semiSat: 0.560 beta: 1.000 sigma: 0.062 
maxBOLD estimate = 1.524


Trial 69: random Stimulus Selection
Stimulus: 0.588
Output value 0.403

Q+ parameters
slope: 0.144 semiSat: 0.560 beta: 0.969 sigma: 0.062 
maxBOLD estimate = 1.524


Trial 70: baseline Stimulus Selection
Stimulus: 0.010
Output value -0.138

Q+ parameters
slope: 0.234 semiSat: 0.560 beta: 1.031 sigma: 0.062 
maxBOLD estimate = 1.476


Trial 71: random Stimulus Selection
Stimulus: 0.711
Output value 1.072

Q+ parameters
slope: 0.144 semiSat: 0.560 beta: 0.969 sigma: 0.062 
maxBOLD estimate = 1.522


Trial 72: random Stimulus Selection
Stimulus: 0.134
Output value -0.138

Q+ parameters
slope: 0.234 semiSat: 0.560 beta: 1.031 sigma: 0.062 
maxBOLD estimate = 1.475


Trial 73: random Stimulus Selection
Stimulus: 0.299
Output value -0.134

Q+ parameters
slope: 0.144 semiSat: 0.560 beta: 0.969 sigma: 0.062 
maxBOLD estimate = 1.521


Trial 74: random Stimulus Selection
Stimulus: 0.629
Output value 1.243

Q+ parameters
slope: 0.234 semiSat: 0.560 beta: 1.031 sigma: 0.062 
maxBOLD estimate = 1.473


Trial 75: maxBOLD Stimulus Selection
Stimulus: 1.000
Output value 1.606

Q+ parameters
slope: 0.144 semiSat: 0.560 beta: 0.969 sigma: 0.062 
maxBOLD estimate = 1.519


Trial 76: random Stimulus Selection
Stimulus: 0.051
Output value 0.142

Q+ parameters
slope: 0.183 semiSat: 0.560 beta: 1.062 sigma: 0.062 
maxBOLD estimate = 1.472


Trial 77: random Stimulus Selection
Stimulus: 0.051
Output value 0.275

Q+ parameters
slope: 0.144 semiSat: 0.560 beta: 0.969 sigma: 0.062 
maxBOLD estimate = 1.564


Trial 78: random Stimulus Selection
Stimulus: 0.423
Output value -0.133

Q+ parameters
slope: 0.144 semiSat: 0.560 beta: 0.969 sigma: 0.062 
maxBOLD estimate = 1.515


Trial 79: random Stimulus Selection
Stimulus: 0.670
Output value 1.513

Q+ parameters
slope: 0.234 semiSat: 0.560 beta: 1.031 sigma: 0.062 
maxBOLD estimate = 1.468


Trial 80: baseline Stimulus Selection
Stimulus: 0.010
Output value 0.267

Q+ parameters
slope: 0.144 semiSat: 0.560 beta: 0.969 sigma: 0.062 
maxBOLD estimate = 1.513


Trial 81: random Stimulus Selection
Stimulus: 0.753
Output value 1.512

Q+ parameters
slope: 0.234 semiSat: 0.560 beta: 1.031 sigma: 0.062 
maxBOLD estimate = 1.466


Trial 82: random Stimulus Selection
Stimulus: 0.629
Output value 1.065

Q+ parameters
slope: 0.144 semiSat: 0.560 beta: 0.969 sigma: 0.062 
maxBOLD estimate = 1.512


Trial 83: random Stimulus Selection
Stimulus: 0.794
Output value 1.698

Q+ parameters
slope: 0.183 semiSat: 0.560 beta: 1.062 sigma: 0.062 
maxBOLD estimate = 1.465


Trial 84: random Stimulus Selection
Stimulus: 0.876
Output value 1.114

Q+ parameters
slope: 0.234 semiSat: 0.560 beta: 0.875 sigma: 0.062 
maxBOLD estimate = 1.556


Trial 85: maxBOLD Stimulus Selection
Stimulus: 1.000
Output value 1.578

Q+ parameters
slope: 0.183 semiSat: 0.560 beta: 1.062 sigma: 0.062 
maxBOLD estimate = 1.362


Trial 86: random Stimulus Selection
Stimulus: 0.711
Output value 1.628

Q+ parameters
slope: 0.234 semiSat: 0.560 beta: 1.031 sigma: 0.062 
maxBOLD estimate = 1.447


Trial 87: random Stimulus Selection
Stimulus: 0.134
Output value 0.280

Q+ parameters
slope: 0.234 semiSat: 0.560 beta: 1.031 sigma: 0.062 
maxBOLD estimate = 1.492


Trial 88: random Stimulus Selection
Stimulus: 0.010
Output value 0.136

Q+ parameters
slope: 0.144 semiSat: 0.560 beta: 0.969 sigma: 0.062 
maxBOLD estimate = 1.539


Trial 89: random Stimulus Selection
Stimulus: 0.794
Output value 1.537

Q+ parameters
slope: 0.144 semiSat: 0.560 beta: 1.031 sigma: 0.062 
maxBOLD estimate = 1.491


Trial 90: baseline Stimulus Selection
Stimulus: 0.010
Output value 0.000

Q+ parameters
slope: 0.144 semiSat: 0.560 beta: 1.000 sigma: 0.062 
maxBOLD estimate = 1.537


Trial 91: random Stimulus Selection
Stimulus: 0.464
Output value 0.140

Q+ parameters
slope: 0.144 semiSat: 0.560 beta: 1.000 sigma: 0.062 
maxBOLD estimate = 1.537


Trial 92: random Stimulus Selection
Stimulus: 0.423
Output value 0.000

Q+ parameters
slope: 0.144 semiSat: 0.560 beta: 1.000 sigma: 0.062 
maxBOLD estimate = 1.537


Trial 93: random Stimulus Selection
Stimulus: 0.670
Output value 1.489

Q+ parameters
slope: 0.234 semiSat: 0.560 beta: 0.969 sigma: 0.062 
maxBOLD estimate = 1.537


Trial 94: random Stimulus Selection
Stimulus: 0.505
Output value 0.419

Q+ parameters
slope: 0.234 semiSat: 0.560 beta: 1.031 sigma: 0.062 
maxBOLD estimate = 1.489


Trial 95: maxBOLD Stimulus Selection
Stimulus: 1.000
Output value 1.536

Q+ parameters
slope: 0.144 semiSat: 0.560 beta: 1.000 sigma: 0.062 
maxBOLD estimate = 1.536


Trial 96: random Stimulus Selection
Stimulus: 0.629
Output value 0.855

Q+ parameters
slope: 0.234 semiSat: 0.560 beta: 0.875 sigma: 0.062 
maxBOLD estimate = 1.536


Trial 97: random Stimulus Selection
Stimulus: 0.381
Output value 0.260

Q+ parameters
slope: 0.183 semiSat: 0.560 beta: 1.062 sigma: 0.062 
maxBOLD estimate = 1.344


Trial 98: random Stimulus Selection
Stimulus: 0.629
Output value 1.338

Q+ parameters
slope: 0.234 semiSat: 0.560 beta: 1.031 sigma: 0.062 
maxBOLD estimate = 1.428


Trial 99: random Stimulus Selection
Stimulus: 0.216
Output value -0.138

Q+ parameters
slope: 0.234 semiSat: 0.560 beta: 1.031 sigma: 0.062 
maxBOLD estimate = 1.472


Trial 100: baseline Stimulus Selection
Stimulus: 0.010
Output value 0.000

Q+ parameters
slope: 0.144 semiSat: 0.560 beta: 1.031 sigma: 0.062 
maxBOLD estimate = 1.518

--------------------------------------------------------------
FINAL VALUES
--------------------------------------------------------------
Simulated parameters:              slope: 0.200 semiSat: 0.570 beta: 1.000 sigma: 0.050 
Max posterior QUEST+ parameters:   slope: 0.144 semiSat: 0.560 beta: 1.031 sigma: 0.062 
Max BADS parameters:               slope: 0.226 semiSat: 0.576 beta: 1.000 sigma: 0.063 
maxBOLD estimate: 1.474
