/blue/stevenweisberg/stevenweisberg/MATLAB/projects/Weisberg_Aguirre_2020/scripts/run_sims
c0700a-s1.ufhpc
Tue Apr  6 22:23:24 EDT 2021
mkdir: cannot create directory ‘/blue/stevenweisberg/stevenweisberg/qpfMRIResults/model_parameter_set2/’: File exists
cp: cannot stat ‘/blue/stevenweisberg/stevenweisberg/qpfMRIResults/deploy_sim.sh’: No such file or directory
cp: cannot stat ‘/blue/stevenweisberg/stevenweisberg/qpfMRIResults/sim_wrapper.sh’: No such file or directory
------------------------------------------
Setting up environment variables
---
LD_LIBRARY_PATH is .:/apps/matlab/mcr/2020b/v99/runtime/glnxa64:/apps/matlab/mcr/2020b/v99/bin/glnxa64:/apps/matlab/mcr/2020b/v99/sys/os/glnxa64:/apps/matlab/mcr/2020b/v99/sys/opengl/lib/glnxa64
Warning: Executing startup failed in matlabrc.
This indicates a potentially serious problem in your MATLAB setup, which should be resolved as soon as possible.  Error detected was:
MATLAB:mpath:PathAlterationNotSupported
Modifying the search path is not supported by MATLAB Compiler. Remove functions that modify the search path from your MATLAB code. To make files visible to your deployed application, add the parent folder to your MATLAB session.
Warning: No stimulus domain specified. Defaulting to values between 0.01 and 1.
> In qpfmriParams (line 182)
In compiledSimulate (line 205)
Stimulus domain added from input.
Parameter slope specified as 0.20000
Parameter semiSat specified as 0.57000
Parameter beta specified as 1.00000
Parameter sigma specified as 0.15000
seed = 99seed = 104seed = 111seed = 111seed = 115seed = 101Initializing Q+. This may take a minute...
Elapsed time is 7.638246 seconds.
Simulated parameters:
slope: 0.200 semiSat: 0.570 beta: 1.000 sigma: 0.150 

Trial 1: baseline Stimulus Selection
Stimulus: 0.010
Output value 0.000

Q+ parameters
slope: 0.026 semiSat: 0.890 beta: 0.500 sigma: 0.010 
maxBOLD estimate = 1.000


Trial 2: maxBOLD Stimulus Selection
Stimulus: 1.000
Output value 1.364

Q+ parameters
slope: 0.055 semiSat: 0.670 beta: 1.250 sigma: 0.010 
maxBOLD estimate = 1.000


Trial 3: baseline Stimulus Selection
Stimulus: 0.010
Output value -0.284

Q+ parameters
slope: 0.055 semiSat: 0.670 beta: 1.250 sigma: 0.166 
maxBOLD estimate = 1.250


Trial 4: maxBOLD Stimulus Selection
Stimulus: 1.000
Output value 2.131

Q+ parameters
slope: 0.055 semiSat: 0.670 beta: 1.250 sigma: 0.062 
maxBOLD estimate = 1.562


Trial 5: baseline Stimulus Selection
Stimulus: 0.010
Output value 0.599

Q+ parameters
slope: 0.043 semiSat: 0.780 beta: 1.125 sigma: 0.166 
maxBOLD estimate = 1.953


Trial 6: maxBOLD Stimulus Selection
Stimulus: 1.000
Output value 0.524

Q+ parameters
slope: 0.034 semiSat: 0.890 beta: 0.875 sigma: 0.166 
maxBOLD estimate = 2.197


Trial 7: random Stimulus Selection
Stimulus: 0.670
Output value 1.802

Q+ parameters
slope: 0.113 semiSat: 0.340 beta: 0.938 sigma: 0.166 
maxBOLD estimate = 1.923


Trial 8: random Stimulus Selection
Stimulus: 1.000
Output value 1.075

Q+ parameters
slope: 0.113 semiSat: 0.340 beta: 0.938 sigma: 0.166 
maxBOLD estimate = 1.802


Trial 9: random Stimulus Selection
Stimulus: 0.134
Output value 0.000

Q+ parameters
slope: 0.144 semiSat: 0.450 beta: 1.000 sigma: 0.166 
maxBOLD estimate = 1.690


Trial 10: baseline Stimulus Selection
Stimulus: 0.010
Output value -0.154

Q+ parameters
slope: 0.144 semiSat: 0.450 beta: 1.000 sigma: 0.166 
maxBOLD estimate = 1.690


Trial 11: random Stimulus Selection
Stimulus: 0.753
Output value 1.296

Q+ parameters
slope: 0.113 semiSat: 0.450 beta: 0.938 sigma: 0.114 
maxBOLD estimate = 1.690


Trial 12: random Stimulus Selection
Stimulus: 0.175
Output value 0.288

Q+ parameters
slope: 0.183 semiSat: 0.340 beta: 1.000 sigma: 0.166 
maxBOLD estimate = 1.584


Trial 13: random Stimulus Selection
Stimulus: 0.876
Output value 1.080

Q+ parameters
slope: 0.113 semiSat: 0.450 beta: 0.938 sigma: 0.166 
maxBOLD estimate = 1.584


Trial 14: random Stimulus Selection
Stimulus: 0.381
Output value 0.608

Q+ parameters
slope: 0.089 semiSat: 0.560 beta: 1.500 sigma: 0.114 
maxBOLD estimate = 1.485


Trial 15: maxBOLD Stimulus Selection
Stimulus: 1.000
Output value 0.000

Q+ parameters
slope: 1.000 semiSat: 0.450 beta: 0.500 sigma: 0.166 
maxBOLD estimate = 2.228


Trial 16: random Stimulus Selection
Stimulus: 0.711
Output value 0.646

Q+ parameters
slope: 0.234 semiSat: 0.560 beta: 1.062 sigma: 0.166 
maxBOLD estimate = 1.114


Trial 17: random Stimulus Selection
Stimulus: 0.918
Output value 0.915

Q+ parameters
slope: 0.234 semiSat: 0.560 beta: 1.062 sigma: 0.166 
maxBOLD estimate = 1.183


Trial 18: random Stimulus Selection
Stimulus: 0.876
Output value 0.972

Q+ parameters
slope: 0.234 semiSat: 0.560 beta: 1.062 sigma: 0.218 
maxBOLD estimate = 1.257


Trial 19: random Stimulus Selection
Stimulus: 0.010
Output value -0.258

Q+ parameters
slope: 0.144 semiSat: 0.450 beta: 1.062 sigma: 0.166 
maxBOLD estimate = 1.336


Trial 20: baseline Stimulus Selection
Stimulus: 0.010
Output value 0.548

Q+ parameters
slope: 0.234 semiSat: 0.560 beta: 1.062 sigma: 0.271 
maxBOLD estimate = 1.420


Trial 21: random Stimulus Selection
Stimulus: 0.711
Output value 0.463

Q+ parameters
slope: 0.113 semiSat: 0.560 beta: 1.125 sigma: 0.323 
maxBOLD estimate = 1.508


Trial 22: random Stimulus Selection
Stimulus: 0.051
Output value 1.080

Q+ parameters
slope: 0.183 semiSat: 0.560 beta: 1.000 sigma: 0.323 
maxBOLD estimate = 1.697


Trial 23: random Stimulus Selection
Stimulus: 0.670
Output value 0.135

Q+ parameters
slope: 0.144 semiSat: 0.670 beta: 0.875 sigma: 0.166 
maxBOLD estimate = 1.697


Trial 24: random Stimulus Selection
Stimulus: 0.299
Output value 0.169

Q+ parameters
slope: 0.113 semiSat: 0.670 beta: 1.250 sigma: 0.218 
maxBOLD estimate = 1.485


Trial 25: maxBOLD Stimulus Selection
Stimulus: 1.000
Output value 0.886

Q+ parameters
slope: 0.144 semiSat: 0.560 beta: 0.750 sigma: 0.166 
maxBOLD estimate = 1.856


Trial 26: random Stimulus Selection
Stimulus: 0.588
Output value 0.633

Q+ parameters
slope: 0.113 semiSat: 0.670 beta: 1.250 sigma: 0.166 
maxBOLD estimate = 1.392


Trial 27: random Stimulus Selection
Stimulus: 0.505
Output value 0.593

Q+ parameters
slope: 0.144 semiSat: 0.560 beta: 0.750 sigma: 0.166 
maxBOLD estimate = 1.740


Trial 28: random Stimulus Selection
Stimulus: 0.711
Output value 1.513

Q+ parameters
slope: 0.234 semiSat: 0.560 beta: 1.062 sigma: 0.218 
maxBOLD estimate = 1.305


Trial 29: random Stimulus Selection
Stimulus: 0.134
Output value 0.000

Q+ parameters
slope: 0.234 semiSat: 0.560 beta: 1.062 sigma: 0.218 
maxBOLD estimate = 1.386


Trial 30: baseline Stimulus Selection
Stimulus: 0.010
Output value -0.130

Q+ parameters
slope: 0.234 semiSat: 0.560 beta: 0.969 sigma: 0.218 
maxBOLD estimate = 1.473


Trial 31: random Stimulus Selection
Stimulus: 0.546
Output value 1.103

Q+ parameters
slope: 0.234 semiSat: 0.560 beta: 1.062 sigma: 0.218 
maxBOLD estimate = 1.427


Trial 32: random Stimulus Selection
Stimulus: 0.175
Output value 0.241

Q+ parameters
slope: 0.234 semiSat: 0.560 beta: 0.875 sigma: 0.166 
maxBOLD estimate = 1.516


Trial 33: random Stimulus Selection
Stimulus: 0.092
Output value 0.234

Q+ parameters
slope: 0.234 semiSat: 0.560 beta: 0.969 sigma: 0.166 
maxBOLD estimate = 1.327


Trial 34: random Stimulus Selection
Stimulus: 0.051
Output value -0.124

Q+ parameters
slope: 0.234 semiSat: 0.560 beta: 1.062 sigma: 0.218 
maxBOLD estimate = 1.285


Trial 35: maxBOLD Stimulus Selection
Stimulus: 1.000
Output value 1.323

Q+ parameters
slope: 0.234 semiSat: 0.560 beta: 0.969 sigma: 0.166 
maxBOLD estimate = 1.366


Trial 36: random Stimulus Selection
Stimulus: 0.175
Output value -0.233

Q+ parameters
slope: 0.234 semiSat: 0.560 beta: 0.969 sigma: 0.166 
maxBOLD estimate = 1.323


Trial 37: random Stimulus Selection
Stimulus: 0.918
Output value 1.242

Q+ parameters
slope: 0.234 semiSat: 0.560 beta: 0.969 sigma: 0.166 
maxBOLD estimate = 1.282


Trial 38: random Stimulus Selection
Stimulus: 0.092
Output value 0.120

Q+ parameters
slope: 0.234 semiSat: 0.560 beta: 1.062 sigma: 0.166 
maxBOLD estimate = 1.242


Trial 39: random Stimulus Selection
Stimulus: 0.546
Output value 0.581

Q+ parameters
slope: 0.234 semiSat: 0.560 beta: 0.969 sigma: 0.166 
maxBOLD estimate = 1.319


Trial 40: baseline Stimulus Selection
Stimulus: 0.010
Output value 0.675

Q+ parameters
slope: 0.234 semiSat: 0.560 beta: 0.969 sigma: 0.218 
maxBOLD estimate = 1.278


Trial 41: random Stimulus Selection
Stimulus: 1.000
Output value 1.315

Q+ parameters
slope: 0.234 semiSat: 0.560 beta: 1.062 sigma: 0.166 
maxBOLD estimate = 1.238


Trial 42: random Stimulus Selection
Stimulus: 0.175
Output value 1.495

Q+ parameters
slope: 0.055 semiSat: 0.450 beta: 1.250 sigma: 0.375 
maxBOLD estimate = 1.315


Trial 43: random Stimulus Selection
Stimulus: 0.381
Output value 0.131

Q+ parameters
slope: 0.113 semiSat: 0.560 beta: 0.875 sigma: 0.166 
maxBOLD estimate = 1.644


Trial 44: random Stimulus Selection
Stimulus: 0.134
Output value -0.253

Q+ parameters
slope: 0.234 semiSat: 0.560 beta: 0.969 sigma: 0.166 
maxBOLD estimate = 1.439


Trial 45: maxBOLD Stimulus Selection
Stimulus: 1.000
Output value 0.491

Q+ parameters
slope: 0.234 semiSat: 0.560 beta: 0.969 sigma: 0.218 
maxBOLD estimate = 1.394


Trial 46: random Stimulus Selection
Stimulus: 0.464
Output value 0.119

Q+ parameters
slope: 0.234 semiSat: 0.560 beta: 0.969 sigma: 0.166 
maxBOLD estimate = 1.350


Trial 47: random Stimulus Selection
Stimulus: 1.000
Output value 1.516

Q+ parameters
slope: 0.234 semiSat: 0.560 beta: 1.062 sigma: 0.166 
maxBOLD estimate = 1.308


Trial 48: random Stimulus Selection
Stimulus: 0.092
Output value 0.367

Q+ parameters
slope: 0.234 semiSat: 0.560 beta: 0.969 sigma: 0.166 
maxBOLD estimate = 1.390


Trial 49: random Stimulus Selection
Stimulus: 0.092
Output value -0.237

Q+ parameters
slope: 0.234 semiSat: 0.560 beta: 0.969 sigma: 0.166 
maxBOLD estimate = 1.346


Trial 50: baseline Stimulus Selection
Stimulus: 0.010
Output value 0.230

Q+ parameters
slope: 0.234 semiSat: 0.560 beta: 0.969 sigma: 0.166 
maxBOLD estimate = 1.304


Trial 51: random Stimulus Selection
Stimulus: 0.794
Output value 1.464

Q+ parameters
slope: 0.234 semiSat: 0.560 beta: 1.062 sigma: 0.166 
maxBOLD estimate = 1.263


Trial 52: random Stimulus Selection
Stimulus: 0.670
Output value 1.098

Q+ parameters
slope: 0.113 semiSat: 0.670 beta: 1.500 sigma: 0.166 
maxBOLD estimate = 1.342


Trial 53: random Stimulus Selection
Stimulus: 0.835
Output value 1.098

Q+ parameters
slope: 0.113 semiSat: 0.560 beta: 0.750 sigma: 0.114 
maxBOLD estimate = 2.014


Trial 54: random Stimulus Selection
Stimulus: 0.753
Output value 1.442

Q+ parameters
slope: 0.234 semiSat: 0.560 beta: 0.875 sigma: 0.166 
maxBOLD estimate = 1.510


Trial 55: maxBOLD Stimulus Selection
Stimulus: 1.000
Output value 0.815

Q+ parameters
slope: 0.234 semiSat: 0.560 beta: 0.969 sigma: 0.166 
maxBOLD estimate = 1.321


Trial 56: random Stimulus Selection
Stimulus: 0.753
Output value 1.484

Q+ parameters
slope: 0.234 semiSat: 0.560 beta: 1.062 sigma: 0.166 
maxBOLD estimate = 1.280


Trial 57: random Stimulus Selection
Stimulus: 0.134
Output value -0.240

Q+ parameters
slope: 0.234 semiSat: 0.560 beta: 0.969 sigma: 0.166 
maxBOLD estimate = 1.360


Trial 58: random Stimulus Selection
Stimulus: 0.794
Output value 1.527

Q+ parameters
slope: 0.234 semiSat: 0.560 beta: 1.062 sigma: 0.166 
maxBOLD estimate = 1.318


Trial 59: random Stimulus Selection
Stimulus: 0.629
Output value 1.110

Q+ parameters
slope: 0.234 semiSat: 0.560 beta: 0.969 sigma: 0.166 
maxBOLD estimate = 1.400


Trial 60: baseline Stimulus Selection
Stimulus: 0.010
Output value -0.262

Q+ parameters
slope: 0.234 semiSat: 0.560 beta: 1.062 sigma: 0.166 
maxBOLD estimate = 1.356


Trial 61: random Stimulus Selection
Stimulus: 0.711
Output value 2.358

Q+ parameters
slope: 0.113 semiSat: 0.670 beta: 1.500 sigma: 0.166 
maxBOLD estimate = 1.441


Trial 62: random Stimulus Selection
Stimulus: 0.546
Output value 0.147

Q+ parameters
slope: 0.113 semiSat: 0.670 beta: 0.750 sigma: 0.114 
maxBOLD estimate = 2.162


Trial 63: random Stimulus Selection
Stimulus: 0.588
Output value 1.161

Q+ parameters
slope: 0.234 semiSat: 0.560 beta: 0.875 sigma: 0.166 
maxBOLD estimate = 1.621


Trial 64: random Stimulus Selection
Stimulus: 0.299
Output value 0.000

Q+ parameters
slope: 0.113 semiSat: 0.670 beta: 1.500 sigma: 0.166 
maxBOLD estimate = 1.419


Trial 65: maxBOLD Stimulus Selection
Stimulus: 1.000
Output value 1.451

Q+ parameters
slope: 0.144 semiSat: 0.560 beta: 0.750 sigma: 0.114 
maxBOLD estimate = 2.128


Trial 66: random Stimulus Selection
Stimulus: 0.051
Output value 0.762

Q+ parameters
slope: 0.234 semiSat: 0.560 beta: 0.875 sigma: 0.166 
maxBOLD estimate = 1.596


Trial 67: random Stimulus Selection
Stimulus: 0.423
Output value -0.270

Q+ parameters
slope: 0.234 semiSat: 0.560 beta: 1.062 sigma: 0.166 
maxBOLD estimate = 1.396


Trial 68: random Stimulus Selection
Stimulus: 0.340
Output value 1.012

Q+ parameters
slope: 0.113 semiSat: 0.670 beta: 1.500 sigma: 0.166 
maxBOLD estimate = 1.484


Trial 69: random Stimulus Selection
Stimulus: 0.835
Output value 1.214

Q+ parameters
slope: 0.113 semiSat: 0.560 beta: 0.750 sigma: 0.114 
maxBOLD estimate = 2.225


Trial 70: baseline Stimulus Selection
Stimulus: 0.010
Output value -0.294

Q+ parameters
slope: 0.234 semiSat: 0.560 beta: 0.969 sigma: 0.166 
maxBOLD estimate = 1.669


Trial 71: random Stimulus Selection
Stimulus: 0.753
Output value 1.424

Q+ parameters
slope: 0.234 semiSat: 0.560 beta: 0.969 sigma: 0.166 
maxBOLD estimate = 1.617


Trial 72: random Stimulus Selection
Stimulus: 0.835
Output value 1.517

Q+ parameters
slope: 0.234 semiSat: 0.560 beta: 0.969 sigma: 0.166 
maxBOLD estimate = 1.566


Trial 73: random Stimulus Selection
Stimulus: 0.423
Output value -0.267

Q+ parameters
slope: 0.234 semiSat: 0.560 beta: 0.969 sigma: 0.166 
maxBOLD estimate = 1.517


Trial 74: random Stimulus Selection
Stimulus: 0.505
Output value -0.401

Q+ parameters
slope: 0.113 semiSat: 0.670 beta: 1.500 sigma: 0.166 
maxBOLD estimate = 1.470


Trial 75: maxBOLD Stimulus Selection
Stimulus: 1.000
Output value 0.752

Q+ parameters
slope: 0.298 semiSat: 0.560 beta: 0.750 sigma: 0.114 
maxBOLD estimate = 2.205


Trial 76: random Stimulus Selection
Stimulus: 0.835
Output value 1.184

Q+ parameters
slope: 0.234 semiSat: 0.560 beta: 0.875 sigma: 0.166 
maxBOLD estimate = 1.654


Trial 77: random Stimulus Selection
Stimulus: 0.959
Output value 1.677

Q+ parameters
slope: 0.234 semiSat: 0.560 beta: 1.062 sigma: 0.166 
maxBOLD estimate = 1.447


Trial 78: random Stimulus Selection
Stimulus: 0.216
Output value -0.271

Q+ parameters
slope: 0.234 semiSat: 0.560 beta: 0.969 sigma: 0.166 
maxBOLD estimate = 1.538


Trial 79: random Stimulus Selection
Stimulus: 0.505
Output value 0.262

Q+ parameters
slope: 0.234 semiSat: 0.560 beta: 0.969 sigma: 0.166 
maxBOLD estimate = 1.489


Trial 80: baseline Stimulus Selection
Stimulus: 0.010
Output value 0.000

Q+ parameters
slope: 0.234 semiSat: 0.560 beta: 0.969 sigma: 0.166 
maxBOLD estimate = 1.443


Trial 81: random Stimulus Selection
Stimulus: 0.959
Output value 1.620

Q+ parameters
slope: 0.379 semiSat: 0.560 beta: 1.062 sigma: 0.166 
maxBOLD estimate = 1.398


Trial 82: random Stimulus Selection
Stimulus: 0.918
Output value 2.430

Q+ parameters
slope: 0.113 semiSat: 0.670 beta: 1.500 sigma: 0.166 
maxBOLD estimate = 1.485


Trial 83: random Stimulus Selection
Stimulus: 0.299
Output value -0.152

Q+ parameters
slope: 0.113 semiSat: 0.670 beta: 0.750 sigma: 0.114 
maxBOLD estimate = 2.228


Trial 84: random Stimulus Selection
Stimulus: 0.340
Output value -0.266

Q+ parameters
slope: 0.234 semiSat: 0.560 beta: 0.875 sigma: 0.166 
maxBOLD estimate = 1.671


Trial 85: maxBOLD Stimulus Selection
Stimulus: 1.000
Output value 1.159

Q+ parameters
slope: 0.234 semiSat: 0.560 beta: 0.969 sigma: 0.166 
maxBOLD estimate = 1.462


Trial 86: random Stimulus Selection
Stimulus: 0.051
Output value 0.274

Q+ parameters
slope: 0.379 semiSat: 0.560 beta: 1.062 sigma: 0.166 
maxBOLD estimate = 1.416


Trial 87: random Stimulus Selection
Stimulus: 0.257
Output value -0.133

Q+ parameters
slope: 0.234 semiSat: 0.560 beta: 0.969 sigma: 0.166 
maxBOLD estimate = 1.505


Trial 88: random Stimulus Selection
Stimulus: 0.753
Output value 0.899

Q+ parameters
slope: 0.234 semiSat: 0.560 beta: 0.969 sigma: 0.166 
maxBOLD estimate = 1.458


Trial 89: random Stimulus Selection
Stimulus: 0.918
Output value 1.637

Q+ parameters
slope: 0.379 semiSat: 0.560 beta: 1.062 sigma: 0.166 
maxBOLD estimate = 1.412


Trial 90: baseline Stimulus Selection
Stimulus: 0.010
Output value 0.000

Q+ parameters
slope: 0.234 semiSat: 0.560 beta: 0.969 sigma: 0.166 
maxBOLD estimate = 1.500


Trial 91: random Stimulus Selection
Stimulus: 0.794
Output value 1.536

Q+ parameters
slope: 0.234 semiSat: 0.560 beta: 0.969 sigma: 0.166 
maxBOLD estimate = 1.454


Trial 92: random Stimulus Selection
Stimulus: 0.340
Output value -0.272

Q+ parameters
slope: 0.379 semiSat: 0.560 beta: 1.062 sigma: 0.166 
maxBOLD estimate = 1.408


Trial 93: random Stimulus Selection
Stimulus: 0.959
Output value 1.318

Q+ parameters
slope: 0.234 semiSat: 0.560 beta: 0.969 sigma: 0.166 
maxBOLD estimate = 1.496


Trial 94: random Stimulus Selection
Stimulus: 0.340
Output value 0.383

Q+ parameters
slope: 0.234 semiSat: 0.560 beta: 0.969 sigma: 0.166 
maxBOLD estimate = 1.449


Trial 95: maxBOLD Stimulus Selection
Stimulus: 1.000
Output value 1.628

Q+ parameters
slope: 0.379 semiSat: 0.560 beta: 1.062 sigma: 0.166 
maxBOLD estimate = 1.404


Trial 96: random Stimulus Selection
Stimulus: 0.423
Output value 1.017

Q+ parameters
slope: 0.113 semiSat: 0.670 beta: 1.500 sigma: 0.166 
maxBOLD estimate = 1.492


Trial 97: random Stimulus Selection
Stimulus: 0.753
Output value 1.373

Q+ parameters
slope: 0.113 semiSat: 0.670 beta: 0.750 sigma: 0.114 
maxBOLD estimate = 2.238


Trial 98: random Stimulus Selection
Stimulus: 0.711
Output value 1.469

Q+ parameters
slope: 0.234 semiSat: 0.560 beta: 0.875 sigma: 0.166 
maxBOLD estimate = 1.678


Trial 99: random Stimulus Selection
Stimulus: 0.423
Output value -0.200

Q+ parameters
slope: 0.113 semiSat: 0.670 beta: 1.500 sigma: 0.166 
maxBOLD estimate = 1.469


Trial 100: baseline Stimulus Selection
Stimulus: 0.010
Output value -0.300

Q+ parameters
slope: 0.298 semiSat: 0.560 beta: 0.750 sigma: 0.114 
maxBOLD estimate = 2.203

--------------------------------------------------------------
FINAL VALUES
--------------------------------------------------------------
Simulated parameters:              slope: 0.200 semiSat: 0.570 beta: 1.000 sigma: 0.150 
Max posterior QUEST+ parameters:   slope: 0.234 semiSat: 0.560 beta: 1.062 sigma: 0.166 
Max BADS parameters:               slope: 0.932 semiSat: 0.548 beta: 1.000 sigma: 0.158 
maxBOLD estimate: 1.367
