/blue/stevenweisberg/stevenweisberg/MATLAB/projects/Weisberg_Aguirre_2020/scripts/run_sims
c0706a-s7.ufhpc
Wed Apr  7 06:41:49 EDT 2021
mkdir: cannot create directory ‘/blue/stevenweisberg/stevenweisberg/qpfMRIResults/model_parameter_set2/’: File exists
cp: cannot stat ‘/blue/stevenweisberg/stevenweisberg/qpfMRIResults/deploy_sim.sh’: No such file or directory
cp: cannot stat ‘/blue/stevenweisberg/stevenweisberg/qpfMRIResults/sim_wrapper.sh’: No such file or directory
------------------------------------------
Setting up environment variables
---
LD_LIBRARY_PATH is .:/apps/matlab/mcr/2020b/v99/runtime/glnxa64:/apps/matlab/mcr/2020b/v99/bin/glnxa64:/apps/matlab/mcr/2020b/v99/sys/os/glnxa64:/apps/matlab/mcr/2020b/v99/sys/opengl/lib/glnxa64
Warning: Executing startup failed in matlabrc.
This indicates a potentially serious problem in your MATLAB setup, which should be resolved as soon as possible.  Error detected was:
MATLAB:mpath:PathAlterationNotSupported
Modifying the search path is not supported by MATLAB Compiler. Remove functions that modify the search path from your MATLAB code. To make files visible to your deployed application, add the parent folder to your MATLAB session.
Warning: No stimulus domain specified. Defaulting to values between 0.01 and 1.
> In qpfmriParams (line 182)
In compiledSimulate (line 205)
Stimulus domain added from input.
Parameter slope specified as 0.20000
Parameter semiSat specified as 0.57000
Parameter beta specified as 1.00000
Parameter sigma specified as 0.10000
seed = 99seed = 104seed = 111seed = 111seed = 115seed = 101Initializing Q+. This may take a minute...
Elapsed time is 6.782377 seconds.
Simulated parameters:
slope: 0.200 semiSat: 0.570 beta: 1.000 sigma: 0.100 

Trial 1: baseline Stimulus Selection
Stimulus: 0.010
Output value 0.000

Q+ parameters
slope: 0.026 semiSat: 0.890 beta: 0.500 sigma: 0.010 
maxBOLD estimate = 1.000


Trial 2: maxBOLD Stimulus Selection
Stimulus: 1.000
Output value 1.364

Q+ parameters
slope: 0.055 semiSat: 0.670 beta: 1.250 sigma: 0.010 
maxBOLD estimate = 1.000


Trial 3: baseline Stimulus Selection
Stimulus: 0.010
Output value -0.284

Q+ parameters
slope: 0.055 semiSat: 0.670 beta: 1.250 sigma: 0.114 
maxBOLD estimate = 1.250


Trial 4: maxBOLD Stimulus Selection
Stimulus: 1.000
Output value 2.131

Q+ parameters
slope: 0.055 semiSat: 0.670 beta: 1.250 sigma: 0.062 
maxBOLD estimate = 1.562


Trial 5: baseline Stimulus Selection
Stimulus: 0.010
Output value 0.000

Q+ parameters
slope: 0.055 semiSat: 0.670 beta: 1.125 sigma: 0.062 
maxBOLD estimate = 1.953


Trial 6: maxBOLD Stimulus Selection
Stimulus: 1.000
Output value 2.022

Q+ parameters
slope: 0.043 semiSat: 0.780 beta: 1.125 sigma: 0.062 
maxBOLD estimate = 2.197


Trial 7: random Stimulus Selection
Stimulus: 0.010
Output value 0.000

Q+ parameters
slope: 0.043 semiSat: 0.780 beta: 1.125 sigma: 0.062 
maxBOLD estimate = 2.472


Trial 8: random Stimulus Selection
Stimulus: 0.629
Output value 0.948

Q+ parameters
slope: 0.055 semiSat: 0.560 beta: 0.750 sigma: 0.062 
maxBOLD estimate = 2.781


Trial 9: random Stimulus Selection
Stimulus: 0.588
Output value 0.918

Q+ parameters
slope: 0.070 semiSat: 0.560 beta: 0.969 sigma: 0.062 
maxBOLD estimate = 2.086


Trial 10: baseline Stimulus Selection
Stimulus: 0.010
Output value 0.172

Q+ parameters
slope: 0.070 semiSat: 0.450 beta: 0.938 sigma: 0.062 
maxBOLD estimate = 2.021


Trial 11: random Stimulus Selection
Stimulus: 0.835
Output value 2.013

Q+ parameters
slope: 0.089 semiSat: 0.560 beta: 1.062 sigma: 0.062 
maxBOLD estimate = 1.894


Trial 12: random Stimulus Selection
Stimulus: 0.546
Output value 0.640

Q+ parameters
slope: 0.183 semiSat: 0.560 beta: 0.875 sigma: 0.062 
maxBOLD estimate = 2.013


Trial 13: random Stimulus Selection
Stimulus: 0.505
Output value 0.155

Q+ parameters
slope: 0.234 semiSat: 0.560 beta: 0.969 sigma: 0.062 
maxBOLD estimate = 1.761


Trial 14: random Stimulus Selection
Stimulus: 0.505
Output value 0.000

Q+ parameters
slope: 0.298 semiSat: 0.560 beta: 1.062 sigma: 0.114 
maxBOLD estimate = 1.706


Trial 15: maxBOLD Stimulus Selection
Stimulus: 1.000
Output value 1.977

Q+ parameters
slope: 0.144 semiSat: 0.560 beta: 1.000 sigma: 0.062 
maxBOLD estimate = 1.813


Trial 16: random Stimulus Selection
Stimulus: 0.505
Output value 0.165

Q+ parameters
slope: 0.144 semiSat: 0.560 beta: 1.000 sigma: 0.062 
maxBOLD estimate = 1.813


Trial 17: random Stimulus Selection
Stimulus: 1.000
Output value 2.966

Q+ parameters
slope: 0.089 semiSat: 0.670 beta: 1.500 sigma: 0.062 
maxBOLD estimate = 1.813


Trial 18: random Stimulus Selection
Stimulus: 0.216
Output value 0.371

Q+ parameters
slope: 0.183 semiSat: 0.560 beta: 0.750 sigma: 0.062 
maxBOLD estimate = 2.719


Trial 19: random Stimulus Selection
Stimulus: 0.629
Output value 0.649

Q+ parameters
slope: 0.183 semiSat: 0.560 beta: 0.875 sigma: 0.062 
maxBOLD estimate = 2.039


Trial 20: baseline Stimulus Selection
Stimulus: 0.010
Output value -0.487

Q+ parameters
slope: 0.070 semiSat: 0.670 beta: 1.500 sigma: 0.062 
maxBOLD estimate = 1.784


Trial 21: random Stimulus Selection
Stimulus: 0.835
Output value 1.293

Q+ parameters
slope: 0.043 semiSat: 0.780 beta: 1.062 sigma: 0.062 
maxBOLD estimate = 2.676


Trial 22: random Stimulus Selection
Stimulus: 0.381
Output value 0.000

Q+ parameters
slope: 0.055 semiSat: 0.670 beta: 0.750 sigma: 0.062 
maxBOLD estimate = 2.844


Trial 23: random Stimulus Selection
Stimulus: 0.464
Output value 0.400

Q+ parameters
slope: 0.070 semiSat: 0.670 beta: 1.031 sigma: 0.062 
maxBOLD estimate = 2.133


Trial 24: random Stimulus Selection
Stimulus: 0.835
Output value 1.650

Q+ parameters
slope: 0.070 semiSat: 0.670 beta: 1.031 sigma: 0.062 
maxBOLD estimate = 2.199


Trial 25: maxBOLD Stimulus Selection
Stimulus: 1.000
Output value 2.126

Q+ parameters
slope: 0.070 semiSat: 0.670 beta: 1.031 sigma: 0.062 
maxBOLD estimate = 2.268


Trial 26: random Stimulus Selection
Stimulus: 0.918
Output value 1.595

Q+ parameters
slope: 0.070 semiSat: 0.670 beta: 0.938 sigma: 0.062 
maxBOLD estimate = 2.339


Trial 27: random Stimulus Selection
Stimulus: 0.175
Output value 0.206

Q+ parameters
slope: 0.070 semiSat: 0.670 beta: 1.031 sigma: 0.062 
maxBOLD estimate = 2.193


Trial 28: random Stimulus Selection
Stimulus: 0.588
Output value 1.311

Q+ parameters
slope: 0.055 semiSat: 0.670 beta: 1.062 sigma: 0.062 
maxBOLD estimate = 2.261


Trial 29: random Stimulus Selection
Stimulus: 0.670
Output value 1.311

Q+ parameters
slope: 0.183 semiSat: 0.560 beta: 0.750 sigma: 0.062 
maxBOLD estimate = 2.403


Trial 30: baseline Stimulus Selection
Stimulus: 0.010
Output value 0.000

Q+ parameters
slope: 0.113 semiSat: 0.560 beta: 1.062 sigma: 0.114 
maxBOLD estimate = 1.802


Trial 31: random Stimulus Selection
Stimulus: 0.092
Output value 0.169

Q+ parameters
slope: 0.144 semiSat: 0.560 beta: 0.969 sigma: 0.062 
maxBOLD estimate = 1.915


Trial 32: random Stimulus Selection
Stimulus: 0.464
Output value 0.843

Q+ parameters
slope: 0.070 semiSat: 0.670 beta: 1.250 sigma: 0.114 
maxBOLD estimate = 1.855


Trial 33: random Stimulus Selection
Stimulus: 1.000
Output value 1.475

Q+ parameters
slope: 0.055 semiSat: 0.670 beta: 1.000 sigma: 0.062 
maxBOLD estimate = 2.319


Trial 34: random Stimulus Selection
Stimulus: 0.051
Output value 0.000

Q+ parameters
slope: 0.055 semiSat: 0.670 beta: 1.000 sigma: 0.062 
maxBOLD estimate = 2.319


Trial 35: maxBOLD Stimulus Selection
Stimulus: 1.000
Output value 1.897

Q+ parameters
slope: 0.055 semiSat: 0.670 beta: 1.000 sigma: 0.062 
maxBOLD estimate = 2.319


Trial 36: random Stimulus Selection
Stimulus: 0.299
Output value 0.000

Q+ parameters
slope: 0.144 semiSat: 0.560 beta: 0.750 sigma: 0.062 
maxBOLD estimate = 2.319


Trial 37: random Stimulus Selection
Stimulus: 0.423
Output value 0.000

Q+ parameters
slope: 0.113 semiSat: 0.560 beta: 1.062 sigma: 0.114 
maxBOLD estimate = 1.739


Trial 38: random Stimulus Selection
Stimulus: 0.670
Output value 1.790

Q+ parameters
slope: 0.144 semiSat: 0.560 beta: 0.969 sigma: 0.114 
maxBOLD estimate = 1.848


Trial 39: random Stimulus Selection
Stimulus: 0.464
Output value 0.519

Q+ parameters
slope: 0.113 semiSat: 0.560 beta: 1.062 sigma: 0.114 
maxBOLD estimate = 1.790


Trial 40: baseline Stimulus Selection
Stimulus: 0.010
Output value -0.167

Q+ parameters
slope: 0.144 semiSat: 0.560 beta: 0.969 sigma: 0.114 
maxBOLD estimate = 1.902


Trial 41: random Stimulus Selection
Stimulus: 0.835
Output value 1.842

Q+ parameters
slope: 0.144 semiSat: 0.560 beta: 1.000 sigma: 0.114 
maxBOLD estimate = 1.842


Trial 42: random Stimulus Selection
Stimulus: 0.092
Output value -0.324

Q+ parameters
slope: 0.144 semiSat: 0.560 beta: 0.969 sigma: 0.114 
maxBOLD estimate = 1.842


Trial 43: random Stimulus Selection
Stimulus: 0.753
Output value 1.257

Q+ parameters
slope: 0.144 semiSat: 0.560 beta: 0.969 sigma: 0.114 
maxBOLD estimate = 1.785


Trial 44: random Stimulus Selection
Stimulus: 0.629
Output value 1.336

Q+ parameters
slope: 0.113 semiSat: 0.560 beta: 1.062 sigma: 0.114 
maxBOLD estimate = 1.729


Trial 45: maxBOLD Stimulus Selection
Stimulus: 1.000
Output value 1.294

Q+ parameters
slope: 0.144 semiSat: 0.560 beta: 0.969 sigma: 0.114 
maxBOLD estimate = 1.837


Trial 46: random Stimulus Selection
Stimulus: 0.588
Output value 0.784

Q+ parameters
slope: 0.144 semiSat: 0.560 beta: 0.969 sigma: 0.114 
maxBOLD estimate = 1.780


Trial 47: random Stimulus Selection
Stimulus: 0.051
Output value 0.000

Q+ parameters
slope: 0.144 semiSat: 0.560 beta: 1.000 sigma: 0.114 
maxBOLD estimate = 1.724


Trial 48: random Stimulus Selection
Stimulus: 0.588
Output value 1.567

Q+ parameters
slope: 0.144 semiSat: 0.560 beta: 1.000 sigma: 0.114 
maxBOLD estimate = 1.724


Trial 49: random Stimulus Selection
Stimulus: 0.629
Output value 1.567

Q+ parameters
slope: 0.144 semiSat: 0.560 beta: 1.000 sigma: 0.114 
maxBOLD estimate = 1.724


Trial 50: baseline Stimulus Selection
Stimulus: 0.010
Output value 0.627

Q+ parameters
slope: 0.144 semiSat: 0.560 beta: 1.000 sigma: 0.114 
maxBOLD estimate = 1.724


Trial 51: random Stimulus Selection
Stimulus: 0.670
Output value 1.567

Q+ parameters
slope: 0.144 semiSat: 0.560 beta: 1.000 sigma: 0.114 
maxBOLD estimate = 1.724


Trial 52: random Stimulus Selection
Stimulus: 1.000
Output value 1.881

Q+ parameters
slope: 0.144 semiSat: 0.560 beta: 1.000 sigma: 0.114 
maxBOLD estimate = 1.724


Trial 53: random Stimulus Selection
Stimulus: 0.670
Output value 1.097

Q+ parameters
slope: 0.144 semiSat: 0.560 beta: 1.000 sigma: 0.114 
maxBOLD estimate = 1.724


Trial 54: random Stimulus Selection
Stimulus: 0.257
Output value -0.313

Q+ parameters
slope: 0.144 semiSat: 0.560 beta: 1.000 sigma: 0.114 
maxBOLD estimate = 1.724


Trial 55: maxBOLD Stimulus Selection
Stimulus: 1.000
Output value 1.254

Q+ parameters
slope: 0.144 semiSat: 0.560 beta: 1.000 sigma: 0.114 
maxBOLD estimate = 1.724


Trial 56: random Stimulus Selection
Stimulus: 0.505
Output value 0.470

Q+ parameters
slope: 0.144 semiSat: 0.560 beta: 1.000 sigma: 0.114 
maxBOLD estimate = 1.724


Trial 57: random Stimulus Selection
Stimulus: 0.835
Output value 0.911

Q+ parameters
slope: 0.144 semiSat: 0.560 beta: 0.969 sigma: 0.114 
maxBOLD estimate = 1.724


Trial 58: random Stimulus Selection
Stimulus: 0.918
Output value 1.215

Q+ parameters
slope: 0.144 semiSat: 0.560 beta: 1.000 sigma: 0.114 
maxBOLD estimate = 1.670


Trial 59: random Stimulus Selection
Stimulus: 0.051
Output value -0.304

Q+ parameters
slope: 0.144 semiSat: 0.560 beta: 1.000 sigma: 0.114 
maxBOLD estimate = 1.670


Trial 60: baseline Stimulus Selection
Stimulus: 0.010
Output value -0.152

Q+ parameters
slope: 0.144 semiSat: 0.560 beta: 1.000 sigma: 0.114 
maxBOLD estimate = 1.670


Trial 61: random Stimulus Selection
Stimulus: 0.381
Output value 0.304

Q+ parameters
slope: 0.144 semiSat: 0.560 beta: 1.000 sigma: 0.114 
maxBOLD estimate = 1.670


Trial 62: random Stimulus Selection
Stimulus: 0.711
Output value 1.215

Q+ parameters
slope: 0.144 semiSat: 0.560 beta: 1.000 sigma: 0.114 
maxBOLD estimate = 1.670


Trial 63: random Stimulus Selection
Stimulus: 0.794
Output value 1.518

Q+ parameters
slope: 0.144 semiSat: 0.560 beta: 1.000 sigma: 0.114 
maxBOLD estimate = 1.670


Trial 64: random Stimulus Selection
Stimulus: 0.505
Output value 0.152

Q+ parameters
slope: 0.144 semiSat: 0.560 beta: 1.000 sigma: 0.114 
maxBOLD estimate = 1.670


Trial 65: maxBOLD Stimulus Selection
Stimulus: 1.000
Output value 0.930

Q+ parameters
slope: 0.234 semiSat: 0.560 beta: 0.875 sigma: 0.114 
maxBOLD estimate = 1.670


Trial 66: random Stimulus Selection
Stimulus: 0.464
Output value 0.141

Q+ parameters
slope: 0.298 semiSat: 0.560 beta: 1.062 sigma: 0.114 
maxBOLD estimate = 1.461


Trial 67: random Stimulus Selection
Stimulus: 0.711
Output value 1.231

Q+ parameters
slope: 0.234 semiSat: 0.560 beta: 0.969 sigma: 0.114 
maxBOLD estimate = 1.553


Trial 68: random Stimulus Selection
Stimulus: 0.835
Output value 1.128

Q+ parameters
slope: 0.234 semiSat: 0.560 beta: 1.031 sigma: 0.114 
maxBOLD estimate = 1.504


Trial 69: random Stimulus Selection
Stimulus: 0.464
Output value 0.000

Q+ parameters
slope: 0.234 semiSat: 0.560 beta: 0.969 sigma: 0.114 
maxBOLD estimate = 1.551


Trial 70: baseline Stimulus Selection
Stimulus: 0.010
Output value 0.145

Q+ parameters
slope: 0.298 semiSat: 0.560 beta: 1.062 sigma: 0.114 
maxBOLD estimate = 1.503


Trial 71: random Stimulus Selection
Stimulus: 0.051
Output value -0.281

Q+ parameters
slope: 0.234 semiSat: 0.560 beta: 0.969 sigma: 0.114 
maxBOLD estimate = 1.597


Trial 72: random Stimulus Selection
Stimulus: 0.010
Output value -0.136

Q+ parameters
slope: 0.234 semiSat: 0.560 beta: 0.969 sigma: 0.114 
maxBOLD estimate = 1.547


Trial 73: random Stimulus Selection
Stimulus: 0.134
Output value -0.289

Q+ parameters
slope: 0.298 semiSat: 0.560 beta: 1.062 sigma: 0.114 
maxBOLD estimate = 1.498


Trial 74: random Stimulus Selection
Stimulus: 0.423
Output value 0.868

Q+ parameters
slope: 0.144 semiSat: 0.560 beta: 1.000 sigma: 0.114 
maxBOLD estimate = 1.592


Trial 75: maxBOLD Stimulus Selection
Stimulus: 1.000
Output value 1.122

Q+ parameters
slope: 0.234 semiSat: 0.560 beta: 0.969 sigma: 0.114 
maxBOLD estimate = 1.592


Trial 76: random Stimulus Selection
Stimulus: 0.092
Output value -0.272

Q+ parameters
slope: 0.234 semiSat: 0.560 beta: 0.969 sigma: 0.114 
maxBOLD estimate = 1.542


Trial 77: random Stimulus Selection
Stimulus: 0.340
Output value 0.000

Q+ parameters
slope: 0.298 semiSat: 0.560 beta: 1.062 sigma: 0.114 
maxBOLD estimate = 1.494


Trial 78: random Stimulus Selection
Stimulus: 0.464
Output value 0.140

Q+ parameters
slope: 0.234 semiSat: 0.560 beta: 0.969 sigma: 0.114 
maxBOLD estimate = 1.587


Trial 79: random Stimulus Selection
Stimulus: 1.000
Output value 1.354

Q+ parameters
slope: 0.234 semiSat: 0.560 beta: 0.969 sigma: 0.114 
maxBOLD estimate = 1.538


Trial 80: baseline Stimulus Selection
Stimulus: 0.010
Output value 0.000

Q+ parameters
slope: 0.298 semiSat: 0.560 beta: 1.062 sigma: 0.114 
maxBOLD estimate = 1.490


Trial 81: random Stimulus Selection
Stimulus: 0.010
Output value -0.139

Q+ parameters
slope: 0.234 semiSat: 0.560 beta: 0.969 sigma: 0.114 
maxBOLD estimate = 1.583


Trial 82: random Stimulus Selection
Stimulus: 0.505
Output value 0.741

Q+ parameters
slope: 0.234 semiSat: 0.560 beta: 1.062 sigma: 0.114 
maxBOLD estimate = 1.533


Trial 83: random Stimulus Selection
Stimulus: 0.464
Output value 0.296

Q+ parameters
slope: 0.144 semiSat: 0.560 beta: 1.000 sigma: 0.114 
maxBOLD estimate = 1.629


Trial 84: random Stimulus Selection
Stimulus: 0.010
Output value -0.296

Q+ parameters
slope: 0.144 semiSat: 0.560 beta: 1.000 sigma: 0.114 
maxBOLD estimate = 1.629


Trial 85: maxBOLD Stimulus Selection
Stimulus: 1.000
Output value 0.889

Q+ parameters
slope: 0.144 semiSat: 0.560 beta: 1.000 sigma: 0.114 
maxBOLD estimate = 1.629


Trial 86: random Stimulus Selection
Stimulus: 0.753
Output value 1.481

Q+ parameters
slope: 0.144 semiSat: 0.560 beta: 1.000 sigma: 0.114 
maxBOLD estimate = 1.629


Trial 87: random Stimulus Selection
Stimulus: 0.051
Output value 0.000

Q+ parameters
slope: 0.144 semiSat: 0.560 beta: 1.000 sigma: 0.114 
maxBOLD estimate = 1.629


Trial 88: random Stimulus Selection
Stimulus: 0.381
Output value -0.143

Q+ parameters
slope: 0.183 semiSat: 0.560 beta: 0.969 sigma: 0.114 
maxBOLD estimate = 1.629


Trial 89: random Stimulus Selection
Stimulus: 0.629
Output value 1.435

Q+ parameters
slope: 0.183 semiSat: 0.560 beta: 1.000 sigma: 0.114 
maxBOLD estimate = 1.578


Trial 90: baseline Stimulus Selection
Stimulus: 0.010
Output value 0.143

Q+ parameters
slope: 0.183 semiSat: 0.560 beta: 1.000 sigma: 0.114 
maxBOLD estimate = 1.578


Trial 91: random Stimulus Selection
Stimulus: 0.670
Output value 1.291

Q+ parameters
slope: 0.144 semiSat: 0.560 beta: 1.000 sigma: 0.114 
maxBOLD estimate = 1.578


Trial 92: random Stimulus Selection
Stimulus: 0.257
Output value -0.287

Q+ parameters
slope: 0.144 semiSat: 0.560 beta: 1.000 sigma: 0.114 
maxBOLD estimate = 1.578


Trial 93: random Stimulus Selection
Stimulus: 0.835
Output value 1.722

Q+ parameters
slope: 0.144 semiSat: 0.560 beta: 1.000 sigma: 0.114 
maxBOLD estimate = 1.578


Trial 94: random Stimulus Selection
Stimulus: 0.546
Output value 0.574

Q+ parameters
slope: 0.144 semiSat: 0.560 beta: 1.000 sigma: 0.114 
maxBOLD estimate = 1.578


Trial 95: maxBOLD Stimulus Selection
Stimulus: 1.000
Output value 1.722

Q+ parameters
slope: 0.144 semiSat: 0.560 beta: 1.000 sigma: 0.114 
maxBOLD estimate = 1.578


Trial 96: random Stimulus Selection
Stimulus: 0.753
Output value 1.435

Q+ parameters
slope: 0.144 semiSat: 0.560 beta: 1.000 sigma: 0.114 
maxBOLD estimate = 1.578


Trial 97: random Stimulus Selection
Stimulus: 0.381
Output value 0.000

Q+ parameters
slope: 0.183 semiSat: 0.560 beta: 1.000 sigma: 0.114 
maxBOLD estimate = 1.578


Trial 98: random Stimulus Selection
Stimulus: 0.175
Output value 0.139

Q+ parameters
slope: 0.183 semiSat: 0.560 beta: 0.969 sigma: 0.114 
maxBOLD estimate = 1.578


Trial 99: random Stimulus Selection
Stimulus: 0.711
Output value 1.477

Q+ parameters
slope: 0.183 semiSat: 0.560 beta: 1.062 sigma: 0.114 
maxBOLD estimate = 1.529


Trial 100: baseline Stimulus Selection
Stimulus: 0.010
Output value -0.286

Q+ parameters
slope: 0.183 semiSat: 0.560 beta: 0.969 sigma: 0.114 
maxBOLD estimate = 1.625

--------------------------------------------------------------
FINAL VALUES
--------------------------------------------------------------
Simulated parameters:              slope: 0.200 semiSat: 0.570 beta: 1.000 sigma: 0.100 
Max posterior QUEST+ parameters:   slope: 0.183 semiSat: 0.560 beta: 1.031 sigma: 0.114 
Max BADS parameters:               slope: 0.175 semiSat: 0.560 beta: 1.000 sigma: 0.102 
maxBOLD estimate: 1.593
