/blue/stevenweisberg/stevenweisberg/MATLAB/projects/Weisberg_Aguirre_2020/scripts/run_sims
c0706a-s9.ufhpc
Wed Apr  7 09:31:19 EDT 2021
mkdir: cannot create directory ‘/blue/stevenweisberg/stevenweisberg/qpfMRIResults/model_parameter_set2/’: File exists
cp: cannot stat ‘/blue/stevenweisberg/stevenweisberg/qpfMRIResults/deploy_sim.sh’: No such file or directory
cp: cannot stat ‘/blue/stevenweisberg/stevenweisberg/qpfMRIResults/sim_wrapper.sh’: No such file or directory
------------------------------------------
Setting up environment variables
---
LD_LIBRARY_PATH is .:/apps/matlab/mcr/2020b/v99/runtime/glnxa64:/apps/matlab/mcr/2020b/v99/bin/glnxa64:/apps/matlab/mcr/2020b/v99/sys/os/glnxa64:/apps/matlab/mcr/2020b/v99/sys/opengl/lib/glnxa64
Warning: Executing startup failed in matlabrc.
This indicates a potentially serious problem in your MATLAB setup, which should be resolved as soon as possible.  Error detected was:
MATLAB:mpath:PathAlterationNotSupported
Modifying the search path is not supported by MATLAB Compiler. Remove functions that modify the search path from your MATLAB code. To make files visible to your deployed application, add the parent folder to your MATLAB session.
Warning: No stimulus domain specified. Defaulting to values between 0.01 and 1.
> In qpfmriParams (line 182)
In compiledSimulate (line 205)
Stimulus domain added from input.
Parameter slope specified as 0.20000
Parameter semiSat specified as 0.57000
Parameter beta specified as 1.00000
Parameter sigma specified as 0.05000
seed = 99seed = 104seed = 111seed = 111seed = 115seed = 101Initializing Q+. This may take a minute...
Elapsed time is 8.316307 seconds.
Simulated parameters:
slope: 0.200 semiSat: 0.570 beta: 1.000 sigma: 0.050 

Trial 1: baseline Stimulus Selection
Stimulus: 0.010
Output value 0.000

Q+ parameters
slope: 0.026 semiSat: 0.890 beta: 0.500 sigma: 0.010 
maxBOLD estimate = 1.000


Trial 2: maxBOLD Stimulus Selection
Stimulus: 1.000
Output value 1.364

Q+ parameters
slope: 0.055 semiSat: 0.670 beta: 1.250 sigma: 0.010 
maxBOLD estimate = 1.000


Trial 3: baseline Stimulus Selection
Stimulus: 0.010
Output value 0.142

Q+ parameters
slope: 0.055 semiSat: 0.670 beta: 1.250 sigma: 0.062 
maxBOLD estimate = 1.250


Trial 4: maxBOLD Stimulus Selection
Stimulus: 1.000
Output value 1.598

Q+ parameters
slope: 0.043 semiSat: 0.780 beta: 1.250 sigma: 0.062 
maxBOLD estimate = 1.562


Trial 5: baseline Stimulus Selection
Stimulus: 0.010
Output value 0.222

Q+ parameters
slope: 0.034 semiSat: 1.000 beta: 1.250 sigma: 0.062 
maxBOLD estimate = 1.953


Trial 6: maxBOLD Stimulus Selection
Stimulus: 1.000
Output value 1.165

Q+ parameters
slope: 0.034 semiSat: 0.890 beta: 0.875 sigma: 0.062 
maxBOLD estimate = 2.441


Trial 7: qplus Stimulus Selection
Stimulus: 0.835
Output value 1.165

Q+ parameters
slope: 0.070 semiSat: 0.450 beta: 0.750 sigma: 0.062 
maxBOLD estimate = 2.136


Trial 8: qplus Stimulus Selection
Stimulus: 0.464
Output value 0.619

Q+ parameters
slope: 0.089 semiSat: 0.560 beta: 1.062 sigma: 0.062 
maxBOLD estimate = 1.602


Trial 9: qplus Stimulus Selection
Stimulus: 0.505
Output value 0.435

Q+ parameters
slope: 0.144 semiSat: 0.560 beta: 0.938 sigma: 0.062 
maxBOLD estimate = 1.702


Trial 10: baseline Stimulus Selection
Stimulus: 0.010
Output value 0.136

Q+ parameters
slope: 0.144 semiSat: 0.560 beta: 0.938 sigma: 0.062 
maxBOLD estimate = 1.596


Trial 11: qplus Stimulus Selection
Stimulus: 0.629
Output value 1.224

Q+ parameters
slope: 0.183 semiSat: 0.560 beta: 1.000 sigma: 0.062 
maxBOLD estimate = 1.496


Trial 12: qplus Stimulus Selection
Stimulus: 0.670
Output value 1.496

Q+ parameters
slope: 0.183 semiSat: 0.560 beta: 1.000 sigma: 0.062 
maxBOLD estimate = 1.496


Trial 13: qplus Stimulus Selection
Stimulus: 0.505
Output value 0.000

Q+ parameters
slope: 0.298 semiSat: 0.560 beta: 1.062 sigma: 0.114 
maxBOLD estimate = 1.496


Trial 14: qplus Stimulus Selection
Stimulus: 0.588
Output value 1.301

Q+ parameters
slope: 0.183 semiSat: 0.560 beta: 1.000 sigma: 0.062 
maxBOLD estimate = 1.590


Trial 15: maxBOLD Stimulus Selection
Stimulus: 1.000
Output value 1.138

Q+ parameters
slope: 0.298 semiSat: 0.560 beta: 0.875 sigma: 0.062 
maxBOLD estimate = 1.590


Trial 16: qplus Stimulus Selection
Stimulus: 0.505
Output value -0.134

Q+ parameters
slope: 0.298 semiSat: 0.560 beta: 1.062 sigma: 0.062 
maxBOLD estimate = 1.391


Trial 17: qplus Stimulus Selection
Stimulus: 0.588
Output value 0.781

Q+ parameters
slope: 0.234 semiSat: 0.560 beta: 0.969 sigma: 0.062 
maxBOLD estimate = 1.478


Trial 18: qplus Stimulus Selection
Stimulus: 0.546
Output value 0.252

Q+ parameters
slope: 0.234 semiSat: 0.560 beta: 0.969 sigma: 0.062 
maxBOLD estimate = 1.432


Trial 19: qplus Stimulus Selection
Stimulus: 0.588
Output value 1.702

Q+ parameters
slope: 0.298 semiSat: 0.560 beta: 1.125 sigma: 0.114 
maxBOLD estimate = 1.387


Trial 20: baseline Stimulus Selection
Stimulus: 0.010
Output value 0.000

Q+ parameters
slope: 0.234 semiSat: 0.560 beta: 0.969 sigma: 0.062 
maxBOLD estimate = 1.560


Trial 21: qplus Stimulus Selection
Stimulus: 0.711
Output value 1.464

Q+ parameters
slope: 0.298 semiSat: 0.560 beta: 0.969 sigma: 0.062 
maxBOLD estimate = 1.512


Trial 22: qplus Stimulus Selection
Stimulus: 0.546
Output value 0.799

Q+ parameters
slope: 0.234 semiSat: 0.560 beta: 1.000 sigma: 0.062 
maxBOLD estimate = 1.464


Trial 23: qplus Stimulus Selection
Stimulus: 0.505
Output value 0.399

Q+ parameters
slope: 0.234 semiSat: 0.560 beta: 1.000 sigma: 0.062 
maxBOLD estimate = 1.464


Trial 24: qplus Stimulus Selection
Stimulus: 0.505
Output value 0.133

Q+ parameters
slope: 0.234 semiSat: 0.560 beta: 1.000 sigma: 0.062 
maxBOLD estimate = 1.464


Trial 25: maxBOLD Stimulus Selection
Stimulus: 1.000
Output value 1.597

Q+ parameters
slope: 0.234 semiSat: 0.560 beta: 1.000 sigma: 0.062 
maxBOLD estimate = 1.464


Trial 26: qplus Stimulus Selection
Stimulus: 0.505
Output value 0.133

Q+ parameters
slope: 0.234 semiSat: 0.560 beta: 1.000 sigma: 0.062 
maxBOLD estimate = 1.464


Trial 27: qplus Stimulus Selection
Stimulus: 0.670
Output value 1.510

Q+ parameters
slope: 0.234 semiSat: 0.560 beta: 1.031 sigma: 0.062 
maxBOLD estimate = 1.464


Trial 28: qplus Stimulus Selection
Stimulus: 0.670
Output value 1.557

Q+ parameters
slope: 0.234 semiSat: 0.560 beta: 1.031 sigma: 0.062 
maxBOLD estimate = 1.510


Trial 29: qplus Stimulus Selection
Stimulus: 0.670
Output value 1.416

Q+ parameters
slope: 0.234 semiSat: 0.560 beta: 1.000 sigma: 0.062 
maxBOLD estimate = 1.557


Trial 30: baseline Stimulus Selection
Stimulus: 0.010
Output value -0.292

Q+ parameters
slope: 0.183 semiSat: 0.560 beta: 1.031 sigma: 0.062 
maxBOLD estimate = 1.557


Trial 31: qplus Stimulus Selection
Stimulus: 0.464
Output value 0.438

Q+ parameters
slope: 0.183 semiSat: 0.560 beta: 1.000 sigma: 0.062 
maxBOLD estimate = 1.606


Trial 32: qplus Stimulus Selection
Stimulus: 0.711
Output value 1.460

Q+ parameters
slope: 0.234 semiSat: 0.560 beta: 1.000 sigma: 0.062 
maxBOLD estimate = 1.606


Trial 33: qplus Stimulus Selection
Stimulus: 0.505
Output value 0.438

Q+ parameters
slope: 0.183 semiSat: 0.560 beta: 1.000 sigma: 0.062 
maxBOLD estimate = 1.606


Trial 34: qplus Stimulus Selection
Stimulus: 0.505
Output value 0.146

Q+ parameters
slope: 0.234 semiSat: 0.560 beta: 1.000 sigma: 0.062 
maxBOLD estimate = 1.606


Trial 35: maxBOLD Stimulus Selection
Stimulus: 1.000
Output value 1.314

Q+ parameters
slope: 0.234 semiSat: 0.560 beta: 1.000 sigma: 0.062 
maxBOLD estimate = 1.606


Trial 36: qplus Stimulus Selection
Stimulus: 0.505
Output value 0.292

Q+ parameters
slope: 0.234 semiSat: 0.560 beta: 1.000 sigma: 0.062 
maxBOLD estimate = 1.606


Trial 37: qplus Stimulus Selection
Stimulus: 0.546
Output value 0.411

Q+ parameters
slope: 0.234 semiSat: 0.560 beta: 0.938 sigma: 0.062 
maxBOLD estimate = 1.606


Trial 38: qplus Stimulus Selection
Stimulus: 0.959
Output value 1.553

Q+ parameters
slope: 0.183 semiSat: 0.560 beta: 1.031 sigma: 0.062 
maxBOLD estimate = 1.506


Trial 39: qplus Stimulus Selection
Stimulus: 0.464
Output value 0.137

Q+ parameters
slope: 0.234 semiSat: 0.560 beta: 0.969 sigma: 0.062 
maxBOLD estimate = 1.553


Trial 40: baseline Stimulus Selection
Stimulus: 0.010
Output value -0.154

Q+ parameters
slope: 0.183 semiSat: 0.560 beta: 1.125 sigma: 0.062 
maxBOLD estimate = 1.504


Trial 41: qplus Stimulus Selection
Stimulus: 0.588
Output value 0.673

Q+ parameters
slope: 0.234 semiSat: 0.560 beta: 0.875 sigma: 0.062 
maxBOLD estimate = 1.692


Trial 42: qplus Stimulus Selection
Stimulus: 0.629
Output value 1.249

Q+ parameters
slope: 0.234 semiSat: 0.560 beta: 1.031 sigma: 0.062 
maxBOLD estimate = 1.481


Trial 43: qplus Stimulus Selection
Stimulus: 0.505
Output value 0.286

Q+ parameters
slope: 0.234 semiSat: 0.560 beta: 1.031 sigma: 0.062 
maxBOLD estimate = 1.527


Trial 44: qplus Stimulus Selection
Stimulus: 0.546
Output value 0.555

Q+ parameters
slope: 0.234 semiSat: 0.560 beta: 0.969 sigma: 0.062 
maxBOLD estimate = 1.575


Trial 45: maxBOLD Stimulus Selection
Stimulus: 1.000
Output value 1.430

Q+ parameters
slope: 0.234 semiSat: 0.560 beta: 1.031 sigma: 0.062 
maxBOLD estimate = 1.525


Trial 46: qplus Stimulus Selection
Stimulus: 0.546
Output value 0.693

Q+ parameters
slope: 0.234 semiSat: 0.560 beta: 0.969 sigma: 0.062 
maxBOLD estimate = 1.573


Trial 47: qplus Stimulus Selection
Stimulus: 0.711
Output value 1.476

Q+ parameters
slope: 0.298 semiSat: 0.560 beta: 0.969 sigma: 0.062 
maxBOLD estimate = 1.524


Trial 48: qplus Stimulus Selection
Stimulus: 0.546
Output value 0.554

Q+ parameters
slope: 0.234 semiSat: 0.560 beta: 1.031 sigma: 0.062 
maxBOLD estimate = 1.476


Trial 49: qplus Stimulus Selection
Stimulus: 0.546
Output value 0.856

Q+ parameters
slope: 0.234 semiSat: 0.560 beta: 1.031 sigma: 0.062 
maxBOLD estimate = 1.522


Trial 50: baseline Stimulus Selection
Stimulus: 0.010
Output value 0.000

Q+ parameters
slope: 0.234 semiSat: 0.560 beta: 0.969 sigma: 0.062 
maxBOLD estimate = 1.570


Trial 51: qplus Stimulus Selection
Stimulus: 0.753
Output value 1.473

Q+ parameters
slope: 0.234 semiSat: 0.560 beta: 0.969 sigma: 0.062 
maxBOLD estimate = 1.521


Trial 52: qplus Stimulus Selection
Stimulus: 0.546
Output value 0.829

Q+ parameters
slope: 0.234 semiSat: 0.560 beta: 1.031 sigma: 0.062 
maxBOLD estimate = 1.473


Trial 53: qplus Stimulus Selection
Stimulus: 0.670
Output value 1.204

Q+ parameters
slope: 0.234 semiSat: 0.560 beta: 0.969 sigma: 0.062 
maxBOLD estimate = 1.519


Trial 54: qplus Stimulus Selection
Stimulus: 0.711
Output value 1.426

Q+ parameters
slope: 0.298 semiSat: 0.560 beta: 0.969 sigma: 0.062 
maxBOLD estimate = 1.472


Trial 55: maxBOLD Stimulus Selection
Stimulus: 1.000
Output value 1.515

Q+ parameters
slope: 0.234 semiSat: 0.560 beta: 1.062 sigma: 0.062 
maxBOLD estimate = 1.426


Trial 56: qplus Stimulus Selection
Stimulus: 0.464
Output value 0.133

Q+ parameters
slope: 0.298 semiSat: 0.560 beta: 0.969 sigma: 0.062 
maxBOLD estimate = 1.515


Trial 57: qplus Stimulus Selection
Stimulus: 0.546
Output value 0.801

Q+ parameters
slope: 0.234 semiSat: 0.560 beta: 1.000 sigma: 0.062 
maxBOLD estimate = 1.468


Trial 58: qplus Stimulus Selection
Stimulus: 0.505
Output value 0.413

Q+ parameters
slope: 0.183 semiSat: 0.560 beta: 1.031 sigma: 0.062 
maxBOLD estimate = 1.468


Trial 59: qplus Stimulus Selection
Stimulus: 0.464
Output value -0.133

Q+ parameters
slope: 0.298 semiSat: 0.560 beta: 0.969 sigma: 0.062 
maxBOLD estimate = 1.514


Trial 60: baseline Stimulus Selection
Stimulus: 0.010
Output value 0.258

Q+ parameters
slope: 0.298 semiSat: 0.560 beta: 0.969 sigma: 0.062 
maxBOLD estimate = 1.466


Trial 61: qplus Stimulus Selection
Stimulus: 0.546
Output value 0.000

Q+ parameters
slope: 0.298 semiSat: 0.560 beta: 0.969 sigma: 0.062 
maxBOLD estimate = 1.420


Trial 62: qplus Stimulus Selection
Stimulus: 0.588
Output value 0.985

Q+ parameters
slope: 0.234 semiSat: 0.560 beta: 1.125 sigma: 0.062 
maxBOLD estimate = 1.376


Trial 63: qplus Stimulus Selection
Stimulus: 0.505
Output value 0.409

Q+ parameters
slope: 0.234 semiSat: 0.560 beta: 0.969 sigma: 0.062 
maxBOLD estimate = 1.548


Trial 64: qplus Stimulus Selection
Stimulus: 0.711
Output value 1.057

Q+ parameters
slope: 0.234 semiSat: 0.560 beta: 0.969 sigma: 0.062 
maxBOLD estimate = 1.500


Trial 65: maxBOLD Stimulus Selection
Stimulus: 1.000
Output value 1.535

Q+ parameters
slope: 0.298 semiSat: 0.560 beta: 0.969 sigma: 0.062 
maxBOLD estimate = 1.453


Trial 66: qplus Stimulus Selection
Stimulus: 0.546
Output value 0.680

Q+ parameters
slope: 0.234 semiSat: 0.560 beta: 1.062 sigma: 0.062 
maxBOLD estimate = 1.407


Trial 67: qplus Stimulus Selection
Stimulus: 0.711
Output value 1.317

Q+ parameters
slope: 0.298 semiSat: 0.560 beta: 0.969 sigma: 0.062 
maxBOLD estimate = 1.495


Trial 68: qplus Stimulus Selection
Stimulus: 0.711
Output value 1.276

Q+ parameters
slope: 0.298 semiSat: 0.560 beta: 0.969 sigma: 0.062 
maxBOLD estimate = 1.449


Trial 69: qplus Stimulus Selection
Stimulus: 0.546
Output value 0.678

Q+ parameters
slope: 0.234 semiSat: 0.560 beta: 1.062 sigma: 0.062 
maxBOLD estimate = 1.403


Trial 70: baseline Stimulus Selection
Stimulus: 0.010
Output value 0.394

Q+ parameters
slope: 0.234 semiSat: 0.560 beta: 0.969 sigma: 0.062 
maxBOLD estimate = 1.491


Trial 71: qplus Stimulus Selection
Stimulus: 0.711
Output value 1.527

Q+ parameters
slope: 0.298 semiSat: 0.560 beta: 0.969 sigma: 0.062 
maxBOLD estimate = 1.445


Trial 72: qplus Stimulus Selection
Stimulus: 0.546
Output value 0.739

Q+ parameters
slope: 0.298 semiSat: 0.560 beta: 0.969 sigma: 0.062 
maxBOLD estimate = 1.399


Trial 73: qplus Stimulus Selection
Stimulus: 0.546
Output value 0.786

Q+ parameters
slope: 0.298 semiSat: 0.560 beta: 1.062 sigma: 0.062 
maxBOLD estimate = 1.356


Trial 74: qplus Stimulus Selection
Stimulus: 0.505
Output value 0.381

Q+ parameters
slope: 0.298 semiSat: 0.560 beta: 0.969 sigma: 0.062 
maxBOLD estimate = 1.440


Trial 75: maxBOLD Stimulus Selection
Stimulus: 1.000
Output value 1.617

Q+ parameters
slope: 0.298 semiSat: 0.560 beta: 1.062 sigma: 0.062 
maxBOLD estimate = 1.395


Trial 76: qplus Stimulus Selection
Stimulus: 0.588
Output value 0.653

Q+ parameters
slope: 0.298 semiSat: 0.560 beta: 0.969 sigma: 0.062 
maxBOLD estimate = 1.483


Trial 77: qplus Stimulus Selection
Stimulus: 0.711
Output value 1.518

Q+ parameters
slope: 0.298 semiSat: 0.560 beta: 0.969 sigma: 0.062 
maxBOLD estimate = 1.436


Trial 78: qplus Stimulus Selection
Stimulus: 0.546
Output value 0.490

Q+ parameters
slope: 0.298 semiSat: 0.560 beta: 0.969 sigma: 0.062 
maxBOLD estimate = 1.391


Trial 79: qplus Stimulus Selection
Stimulus: 0.546
Output value 0.551

Q+ parameters
slope: 0.234 semiSat: 0.560 beta: 1.125 sigma: 0.062 
maxBOLD estimate = 1.348


Trial 80: baseline Stimulus Selection
Stimulus: 0.010
Output value -0.267

Q+ parameters
slope: 0.298 semiSat: 0.560 beta: 0.969 sigma: 0.062 
maxBOLD estimate = 1.516


Trial 81: qplus Stimulus Selection
Stimulus: 0.546
Output value 0.259

Q+ parameters
slope: 0.298 semiSat: 0.560 beta: 0.969 sigma: 0.062 
maxBOLD estimate = 1.469


Trial 82: qplus Stimulus Selection
Stimulus: 0.546
Output value 0.687

Q+ parameters
slope: 0.183 semiSat: 0.560 beta: 1.062 sigma: 0.062 
maxBOLD estimate = 1.423


Trial 83: qplus Stimulus Selection
Stimulus: 0.588
Output value 1.198

Q+ parameters
slope: 0.298 semiSat: 0.560 beta: 0.969 sigma: 0.062 
maxBOLD estimate = 1.512


Trial 84: qplus Stimulus Selection
Stimulus: 0.711
Output value 1.032

Q+ parameters
slope: 0.298 semiSat: 0.560 beta: 0.969 sigma: 0.062 
maxBOLD estimate = 1.465


Trial 85: maxBOLD Stimulus Selection
Stimulus: 1.000
Output value 1.306

Q+ parameters
slope: 0.234 semiSat: 0.560 beta: 1.125 sigma: 0.062 
maxBOLD estimate = 1.419


Trial 86: qplus Stimulus Selection
Stimulus: 0.505
Output value 0.000

Q+ parameters
slope: 0.298 semiSat: 0.560 beta: 0.875 sigma: 0.062 
maxBOLD estimate = 1.596


Trial 87: qplus Stimulus Selection
Stimulus: 0.670
Output value 1.349

Q+ parameters
slope: 0.298 semiSat: 0.560 beta: 1.062 sigma: 0.062 
maxBOLD estimate = 1.397


Trial 88: qplus Stimulus Selection
Stimulus: 0.505
Output value 0.392

Q+ parameters
slope: 0.298 semiSat: 0.560 beta: 0.969 sigma: 0.062 
maxBOLD estimate = 1.484


Trial 89: qplus Stimulus Selection
Stimulus: 0.546
Output value 0.506

Q+ parameters
slope: 0.298 semiSat: 0.560 beta: 0.969 sigma: 0.062 
maxBOLD estimate = 1.438


Trial 90: baseline Stimulus Selection
Stimulus: 0.010
Output value 0.135

Q+ parameters
slope: 0.298 semiSat: 0.560 beta: 1.062 sigma: 0.062 
maxBOLD estimate = 1.393


Trial 91: qplus Stimulus Selection
Stimulus: 0.505
Output value 0.652

Q+ parameters
slope: 0.298 semiSat: 0.560 beta: 0.969 sigma: 0.062 
maxBOLD estimate = 1.480


Trial 92: qplus Stimulus Selection
Stimulus: 0.546
Output value 0.379

Q+ parameters
slope: 0.298 semiSat: 0.560 beta: 0.969 sigma: 0.062 
maxBOLD estimate = 1.434


Trial 93: qplus Stimulus Selection
Stimulus: 0.546
Output value 0.537

Q+ parameters
slope: 0.298 semiSat: 0.560 beta: 1.062 sigma: 0.062 
maxBOLD estimate = 1.389


Trial 94: qplus Stimulus Selection
Stimulus: 0.505
Output value 0.650

Q+ parameters
slope: 0.298 semiSat: 0.560 beta: 0.969 sigma: 0.062 
maxBOLD estimate = 1.476


Trial 95: maxBOLD Stimulus Selection
Stimulus: 1.000
Output value 1.385

Q+ parameters
slope: 0.298 semiSat: 0.560 beta: 0.969 sigma: 0.062 
maxBOLD estimate = 1.430


Trial 96: qplus Stimulus Selection
Stimulus: 0.546
Output value 0.850

Q+ parameters
slope: 0.234 semiSat: 0.560 beta: 1.125 sigma: 0.062 
maxBOLD estimate = 1.385


Trial 97: qplus Stimulus Selection
Stimulus: 0.505
Output value 0.137

Q+ parameters
slope: 0.234 semiSat: 0.560 beta: 0.969 sigma: 0.062 
maxBOLD estimate = 1.558


Trial 98: qplus Stimulus Selection
Stimulus: 0.711
Output value 1.595

Q+ parameters
slope: 0.298 semiSat: 0.560 beta: 0.969 sigma: 0.062 
maxBOLD estimate = 1.509


Trial 99: qplus Stimulus Selection
Stimulus: 0.711
Output value 1.030

Q+ parameters
slope: 0.298 semiSat: 0.560 beta: 0.969 sigma: 0.062 
maxBOLD estimate = 1.462


Trial 100: baseline Stimulus Selection
Stimulus: 0.010
Output value 0.137

Q+ parameters
slope: 0.298 semiSat: 0.560 beta: 1.062 sigma: 0.062 
maxBOLD estimate = 1.416

--------------------------------------------------------------
FINAL VALUES
--------------------------------------------------------------
Simulated parameters:              slope: 0.200 semiSat: 0.570 beta: 1.000 sigma: 0.050 
Max posterior QUEST+ parameters:   slope: 0.234 semiSat: 0.560 beta: 0.969 sigma: 0.062 
Max BADS parameters:               slope: 0.191 semiSat: 0.579 beta: 1.000 sigma: 0.065 
maxBOLD estimate: 1.564
