/blue/stevenweisberg/stevenweisberg/MATLAB/projects/Weisberg_Aguirre_2020/scripts/run_sims
c35a-s5.ufhpc
Fri Nov 13 15:24:55 EST 2020
mkdir: cannot create directory ‘/blue/stevenweisberg/stevenweisberg/qpfMRIResults/model_parameter_set1/’: File exists
cp: cannot stat ‘/blue/stevenweisberg/stevenweisberg/qpfMRIResults/deploy_sim.sh’: No such file or directory
cp: cannot stat ‘/blue/stevenweisberg/stevenweisberg/qpfMRIResults/sim_wrapper.sh’: No such file or directory
------------------------------------------
Setting up environment variables
---
LD_LIBRARY_PATH is .:/apps/matlab/mcr/2020b/v99/runtime/glnxa64:/apps/matlab/mcr/2020b/v99/bin/glnxa64:/apps/matlab/mcr/2020b/v99/sys/os/glnxa64:/apps/matlab/mcr/2020b/v99/sys/opengl/lib/glnxa64
Warning: Executing startup failed in matlabrc.
This indicates a potentially serious problem in your MATLAB setup, which should be resolved as soon as possible.  Error detected was:
MATLAB:mpath:PathAlterationNotSupported
Modifying the search path is not supported by MATLAB Compiler. Remove functions that modify the search path from your MATLAB code. To make files visible to your deployed application, add the parent folder to your MATLAB session.
Warning: No stimulus domain specified. Defaulting to values between 0.01 and 1.
> In qpfmriParams (line 182)
In compiledSimulate (line 205)
Stimulus domain added from input.
Parameter slope specified as 0.41000
Parameter semiSat specified as 0.57000
Parameter beta specified as 1.00000
Parameter sigma specified as 0.25000
seed = 99seed = 104seed = 111seed = 111seed = 115seed = 101Initializing Q+. This may take a minute...
Elapsed time is 9.437716 seconds.
Simulated parameters:
slope: 0.410 semiSat: 0.570 beta: 1.000 sigma: 0.250 

Trial 1: baseline Stimulus Selection
Stimulus: 0.010
Output value 0.000

Q+ parameters
slope: 0.026 semiSat: 0.890 beta: 0.500 sigma: 0.010 
maxBOLD estimate = 1.000


Trial 2: maxBOLD Stimulus Selection
Stimulus: 1.000
Output value 1.364

Q+ parameters
slope: 0.055 semiSat: 0.670 beta: 1.250 sigma: 0.010 
maxBOLD estimate = 1.000


Trial 3: baseline Stimulus Selection
Stimulus: 0.010
Output value -0.284

Q+ parameters
slope: 0.055 semiSat: 0.670 beta: 1.250 sigma: 0.218 
maxBOLD estimate = 1.250


Trial 4: maxBOLD Stimulus Selection
Stimulus: 1.000
Output value 2.131

Q+ parameters
slope: 0.055 semiSat: 0.670 beta: 1.250 sigma: 0.114 
maxBOLD estimate = 1.562


Trial 5: baseline Stimulus Selection
Stimulus: 0.010
Output value 0.599

Q+ parameters
slope: 0.055 semiSat: 0.670 beta: 1.125 sigma: 0.166 
maxBOLD estimate = 1.953


Trial 6: maxBOLD Stimulus Selection
Stimulus: 1.000
Output value 2.247

Q+ parameters
slope: 0.043 semiSat: 0.780 beta: 1.250 sigma: 0.114 
maxBOLD estimate = 2.197


Trial 7: random Stimulus Selection
Stimulus: 0.794
Output value 0.375

Q+ parameters
slope: 0.113 semiSat: 1.000 beta: 1.500 sigma: 0.062 
maxBOLD estimate = 2.747


Trial 8: random Stimulus Selection
Stimulus: 0.835
Output value 1.124

Q+ parameters
slope: 0.298 semiSat: 0.780 beta: 0.500 sigma: 0.062 
maxBOLD estimate = 4.120


Trial 9: random Stimulus Selection
Stimulus: 0.753
Output value 1.545

Q+ parameters
slope: 0.055 semiSat: 0.670 beta: 1.031 sigma: 0.114 
maxBOLD estimate = 2.060


Trial 10: baseline Stimulus Selection
Stimulus: 0.010
Output value 0.000

Q+ parameters
slope: 0.070 semiSat: 0.670 beta: 0.969 sigma: 0.114 
maxBOLD estimate = 2.124


Trial 11: random Stimulus Selection
Stimulus: 0.299
Output value 0.000

Q+ parameters
slope: 0.089 semiSat: 0.670 beta: 1.031 sigma: 0.114 
maxBOLD estimate = 2.058


Trial 12: random Stimulus Selection
Stimulus: 0.753
Output value 0.995

Q+ parameters
slope: 0.055 semiSat: 0.670 beta: 1.031 sigma: 0.114 
maxBOLD estimate = 2.122


Trial 13: random Stimulus Selection
Stimulus: 0.381
Output value 0.597

Q+ parameters
slope: 0.043 semiSat: 0.890 beta: 1.500 sigma: 0.114 
maxBOLD estimate = 2.189


Trial 14: random Stimulus Selection
Stimulus: 0.257
Output value 0.000

Q+ parameters
slope: 0.070 semiSat: 0.780 beta: 0.750 sigma: 0.114 
maxBOLD estimate = 3.283


Trial 15: maxBOLD Stimulus Selection
Stimulus: 1.000
Output value 0.671

Q+ parameters
slope: 0.113 semiSat: 0.670 beta: 0.750 sigma: 0.166 
maxBOLD estimate = 2.462


Trial 16: random Stimulus Selection
Stimulus: 0.753
Output value 2.077

Q+ parameters
slope: 0.144 semiSat: 0.670 beta: 1.031 sigma: 0.166 
maxBOLD estimate = 1.847


Trial 17: random Stimulus Selection
Stimulus: 0.670
Output value 1.948

Q+ parameters
slope: 0.234 semiSat: 0.560 beta: 0.938 sigma: 0.166 
maxBOLD estimate = 1.904


Trial 18: random Stimulus Selection
Stimulus: 0.835
Output value 1.339

Q+ parameters
slope: 0.234 semiSat: 0.560 beta: 1.031 sigma: 0.218 
maxBOLD estimate = 1.785


Trial 19: random Stimulus Selection
Stimulus: 0.835
Output value 2.071

Q+ parameters
slope: 0.234 semiSat: 0.560 beta: 1.031 sigma: 0.218 
maxBOLD estimate = 1.841


Trial 20: baseline Stimulus Selection
Stimulus: 0.010
Output value 0.324

Q+ parameters
slope: 0.234 semiSat: 0.560 beta: 0.938 sigma: 0.218 
maxBOLD estimate = 1.899


Trial 21: random Stimulus Selection
Stimulus: 0.588
Output value 0.000

Q+ parameters
slope: 0.183 semiSat: 0.670 beta: 1.250 sigma: 0.218 
maxBOLD estimate = 1.780


Trial 22: random Stimulus Selection
Stimulus: 0.794
Output value 1.062

Q+ parameters
slope: 0.483 semiSat: 0.450 beta: 0.750 sigma: 0.166 
maxBOLD estimate = 2.225


Trial 23: random Stimulus Selection
Stimulus: 0.670
Output value 2.275

Q+ parameters
slope: 0.379 semiSat: 0.560 beta: 1.500 sigma: 0.166 
maxBOLD estimate = 1.669


Trial 24: random Stimulus Selection
Stimulus: 0.051
Output value -0.341

Q+ parameters
slope: 0.089 semiSat: 0.560 beta: 0.750 sigma: 0.166 
maxBOLD estimate = 2.503


Trial 25: maxBOLD Stimulus Selection
Stimulus: 1.000
Output value 0.000

Q+ parameters
slope: 1.000 semiSat: 0.450 beta: 0.500 sigma: 0.583 
maxBOLD estimate = 1.877


Trial 26: random Stimulus Selection
Stimulus: 0.588
Output value -0.149

Q+ parameters
slope: 0.089 semiSat: 0.560 beta: 0.875 sigma: 0.792 
maxBOLD estimate = 0.939


Trial 27: random Stimulus Selection
Stimulus: 0.010
Output value 0.261

Q+ parameters
slope: 0.089 semiSat: 0.560 beta: 0.875 sigma: 1.000 
maxBOLD estimate = 0.821


Trial 28: random Stimulus Selection
Stimulus: 0.051
Output value -0.163

Q+ parameters
slope: 0.026 semiSat: 0.780 beta: 1.250 sigma: 1.000 
maxBOLD estimate = 0.719


Trial 29: random Stimulus Selection
Stimulus: 1.000
Output value 1.102

Q+ parameters
slope: 0.055 semiSat: 0.670 beta: 1.125 sigma: 1.000 
maxBOLD estimate = 0.898


Trial 30: baseline Stimulus Selection
Stimulus: 0.010
Output value -0.195

Q+ parameters
slope: 0.055 semiSat: 0.560 beta: 1.062 sigma: 0.583 
maxBOLD estimate = 1.011

--------------------------------------------------------------
FINAL VALUES
--------------------------------------------------------------
Simulated parameters:              slope: 0.410 semiSat: 0.570 beta: 1.000 sigma: 0.250 
Max posterior QUEST+ parameters:   slope: 0.055 semiSat: 0.560 beta: 1.062 sigma: 0.427 
Max BADS parameters:               slope: 0.055 semiSat: 0.552 beta: 1.000 sigma: 0.986 
maxBOLD estimate: 1.075
