/blue/stevenweisberg/stevenweisberg/MATLAB/projects/Weisberg_Aguirre_2020/scripts/run_sims
c26a-s25.ufhpc
Fri Nov 13 16:55:26 EST 2020
mkdir: cannot create directory ‘/blue/stevenweisberg/stevenweisberg/qpfMRIResults/model_parameter_set1/’: File exists
cp: cannot stat ‘/blue/stevenweisberg/stevenweisberg/qpfMRIResults/deploy_sim.sh’: No such file or directory
cp: cannot stat ‘/blue/stevenweisberg/stevenweisberg/qpfMRIResults/sim_wrapper.sh’: No such file or directory
------------------------------------------
Setting up environment variables
---
LD_LIBRARY_PATH is .:/apps/matlab/mcr/2020b/v99/runtime/glnxa64:/apps/matlab/mcr/2020b/v99/bin/glnxa64:/apps/matlab/mcr/2020b/v99/sys/os/glnxa64:/apps/matlab/mcr/2020b/v99/sys/opengl/lib/glnxa64
Warning: Executing startup failed in matlabrc.
This indicates a potentially serious problem in your MATLAB setup, which should be resolved as soon as possible.  Error detected was:
MATLAB:mpath:PathAlterationNotSupported
Modifying the search path is not supported by MATLAB Compiler. Remove functions that modify the search path from your MATLAB code. To make files visible to your deployed application, add the parent folder to your MATLAB session.
Warning: No stimulus domain specified. Defaulting to values between 0.01 and 1.
> In qpfmriParams (line 182)
In compiledSimulate (line 205)
Stimulus domain added from input.
Parameter slope specified as 0.41000
Parameter semiSat specified as 0.57000
Parameter beta specified as 1.00000
Parameter sigma specified as 0.25000
seed = 99seed = 104seed = 111seed = 111seed = 115seed = 101Initializing Q+. This may take a minute...
Elapsed time is 10.339304 seconds.
Simulated parameters:
slope: 0.410 semiSat: 0.570 beta: 1.000 sigma: 0.250 

Trial 1: baseline Stimulus Selection
Stimulus: 0.010
Output value 0.000

Q+ parameters
slope: 0.026 semiSat: 0.890 beta: 0.500 sigma: 0.010 
maxBOLD estimate = 1.000


Trial 2: maxBOLD Stimulus Selection
Stimulus: 1.000
Output value 1.364

Q+ parameters
slope: 0.055 semiSat: 0.670 beta: 1.250 sigma: 0.010 
maxBOLD estimate = 1.000


Trial 3: baseline Stimulus Selection
Stimulus: 0.010
Output value 1.534

Q+ parameters
slope: 0.026 semiSat: 0.670 beta: 1.500 sigma: 1.000 
maxBOLD estimate = 1.250


Trial 4: maxBOLD Stimulus Selection
Stimulus: 1.000
Output value 1.065

Q+ parameters
slope: 0.055 semiSat: 0.670 beta: 1.250 sigma: 1.000 
maxBOLD estimate = 1.875


Trial 5: baseline Stimulus Selection
Stimulus: 0.010
Output value 0.000

Q+ parameters
slope: 0.043 semiSat: 0.780 beta: 1.125 sigma: 0.114 
maxBOLD estimate = 2.344


Trial 6: maxBOLD Stimulus Selection
Stimulus: 1.000
Output value 1.049

Q+ parameters
slope: 0.034 semiSat: 0.890 beta: 0.875 sigma: 0.114 
maxBOLD estimate = 2.637


Trial 7: random Stimulus Selection
Stimulus: 0.670
Output value 2.360

Q+ parameters
slope: 0.113 semiSat: 0.340 beta: 0.938 sigma: 0.166 
maxBOLD estimate = 2.307


Trial 8: random Stimulus Selection
Stimulus: 0.505
Output value 0.983

Q+ parameters
slope: 0.183 semiSat: 0.560 beta: 1.250 sigma: 0.166 
maxBOLD estimate = 2.163


Trial 9: random Stimulus Selection
Stimulus: 0.918
Output value 0.922

Q+ parameters
slope: 0.144 semiSat: 0.450 beta: 0.750 sigma: 0.114 
maxBOLD estimate = 2.704


Trial 10: baseline Stimulus Selection
Stimulus: 0.010
Output value -0.369

Q+ parameters
slope: 0.234 semiSat: 0.450 beta: 1.000 sigma: 0.114 
maxBOLD estimate = 2.028


Trial 11: random Stimulus Selection
Stimulus: 0.340
Output value -0.323

Q+ parameters
slope: 0.298 semiSat: 0.450 beta: 0.875 sigma: 0.114 
maxBOLD estimate = 2.028


Trial 12: random Stimulus Selection
Stimulus: 0.588
Output value 2.178

Q+ parameters
slope: 0.298 semiSat: 0.450 beta: 1.125 sigma: 0.114 
maxBOLD estimate = 1.774


Trial 13: random Stimulus Selection
Stimulus: 0.340
Output value -0.318

Q+ parameters
slope: 0.298 semiSat: 0.450 beta: 0.875 sigma: 0.114 
maxBOLD estimate = 1.996


Trial 14: random Stimulus Selection
Stimulus: 0.588
Output value 1.518

Q+ parameters
slope: 0.298 semiSat: 0.450 beta: 1.062 sigma: 0.114 
maxBOLD estimate = 1.747


Trial 15: maxBOLD Stimulus Selection
Stimulus: 1.000
Output value 1.471

Q+ parameters
slope: 0.298 semiSat: 0.450 beta: 0.969 sigma: 0.114 
maxBOLD estimate = 1.856


Trial 16: random Stimulus Selection
Stimulus: 0.257
Output value -0.347

Q+ parameters
slope: 0.298 semiSat: 0.450 beta: 1.062 sigma: 0.166 
maxBOLD estimate = 1.798


Trial 17: random Stimulus Selection
Stimulus: 0.216
Output value 0.505

Q+ parameters
slope: 0.298 semiSat: 0.450 beta: 0.969 sigma: 0.166 
maxBOLD estimate = 1.910


Trial 18: random Stimulus Selection
Stimulus: 0.299
Output value -0.357

Q+ parameters
slope: 0.298 semiSat: 0.450 beta: 1.062 sigma: 0.166 
maxBOLD estimate = 1.850


Trial 19: random Stimulus Selection
Stimulus: 1.000
Output value 2.078

Q+ parameters
slope: 0.298 semiSat: 0.450 beta: 0.969 sigma: 0.114 
maxBOLD estimate = 1.966


Trial 20: baseline Stimulus Selection
Stimulus: 0.010
Output value 1.515

Q+ parameters
slope: 0.183 semiSat: 0.560 beta: 1.250 sigma: 0.271 
maxBOLD estimate = 1.905


Trial 21: random Stimulus Selection
Stimulus: 0.876
Output value 2.435

Q+ parameters
slope: 0.144 semiSat: 0.560 beta: 0.938 sigma: 0.166 
maxBOLD estimate = 2.381


Trial 22: random Stimulus Selection
Stimulus: 0.505
Output value 0.380

Q+ parameters
slope: 0.144 semiSat: 0.560 beta: 0.938 sigma: 0.166 
maxBOLD estimate = 2.232


Trial 23: random Stimulus Selection
Stimulus: 0.835
Output value 2.283

Q+ parameters
slope: 0.183 semiSat: 0.560 beta: 1.000 sigma: 0.166 
maxBOLD estimate = 2.092


Trial 24: random Stimulus Selection
Stimulus: 0.423
Output value 0.380

Q+ parameters
slope: 0.183 semiSat: 0.560 beta: 1.000 sigma: 0.166 
maxBOLD estimate = 2.092


Trial 25: maxBOLD Stimulus Selection
Stimulus: 1.000
Output value 2.092

Q+ parameters
slope: 0.183 semiSat: 0.560 beta: 1.000 sigma: 0.166 
maxBOLD estimate = 2.092


Trial 26: random Stimulus Selection
Stimulus: 0.051
Output value 0.713

Q+ parameters
slope: 0.183 semiSat: 0.560 beta: 1.250 sigma: 0.218 
maxBOLD estimate = 2.092


Trial 27: random Stimulus Selection
Stimulus: 0.670
Output value 0.892

Q+ parameters
slope: 0.144 semiSat: 0.560 beta: 0.750 sigma: 0.166 
maxBOLD estimate = 2.616


Trial 28: random Stimulus Selection
Stimulus: 0.835
Output value 1.115

Q+ parameters
slope: 0.183 semiSat: 0.560 beta: 1.250 sigma: 0.218 
maxBOLD estimate = 1.962


Trial 29: random Stimulus Selection
Stimulus: 0.918
Output value 2.299

Q+ parameters
slope: 0.144 semiSat: 0.560 beta: 0.938 sigma: 0.166 
maxBOLD estimate = 2.452


Trial 30: baseline Stimulus Selection
Stimulus: 0.010
Output value -0.196

Q+ parameters
slope: 0.144 semiSat: 0.560 beta: 0.938 sigma: 0.166 
maxBOLD estimate = 2.299

--------------------------------------------------------------
FINAL VALUES
--------------------------------------------------------------
Simulated parameters:              slope: 0.410 semiSat: 0.570 beta: 1.000 sigma: 0.250 
Max posterior QUEST+ parameters:   slope: 0.183 semiSat: 0.560 beta: 1.250 sigma: 0.218 
Max BADS parameters:               slope: 0.168 semiSat: 0.525 beta: 1.000 sigma: 0.174 
maxBOLD estimate: 2.132
