/blue/stevenweisberg/stevenweisberg/MATLAB/projects/Weisberg_Aguirre_2020/scripts/run_sims
c0706a-s7.ufhpc
Wed Apr  7 08:26:42 EDT 2021
mkdir: cannot create directory ‘/blue/stevenweisberg/stevenweisberg/qpfMRIResults/model_parameter_set2/’: File exists
cp: cannot stat ‘/blue/stevenweisberg/stevenweisberg/qpfMRIResults/deploy_sim.sh’: No such file or directory
cp: cannot stat ‘/blue/stevenweisberg/stevenweisberg/qpfMRIResults/sim_wrapper.sh’: No such file or directory
------------------------------------------
Setting up environment variables
---
LD_LIBRARY_PATH is .:/apps/matlab/mcr/2020b/v99/runtime/glnxa64:/apps/matlab/mcr/2020b/v99/bin/glnxa64:/apps/matlab/mcr/2020b/v99/sys/os/glnxa64:/apps/matlab/mcr/2020b/v99/sys/opengl/lib/glnxa64
Warning: Executing startup failed in matlabrc.
This indicates a potentially serious problem in your MATLAB setup, which should be resolved as soon as possible.  Error detected was:
MATLAB:mpath:PathAlterationNotSupported
Modifying the search path is not supported by MATLAB Compiler. Remove functions that modify the search path from your MATLAB code. To make files visible to your deployed application, add the parent folder to your MATLAB session.
Warning: No stimulus domain specified. Defaulting to values between 0.01 and 1.
> In qpfmriParams (line 182)
In compiledSimulate (line 205)
Stimulus domain added from input.
Parameter slope specified as 0.20000
Parameter semiSat specified as 0.57000
Parameter beta specified as 1.00000
Parameter sigma specified as 0.10000
seed = 99seed = 104seed = 111seed = 111seed = 115seed = 101Initializing Q+. This may take a minute...
Elapsed time is 7.190039 seconds.
Simulated parameters:
slope: 0.200 semiSat: 0.570 beta: 1.000 sigma: 0.100 

Trial 1: baseline Stimulus Selection
Stimulus: 0.010
Output value 0.000

Q+ parameters
slope: 0.026 semiSat: 0.890 beta: 0.500 sigma: 0.010 
maxBOLD estimate = 1.000


Trial 2: maxBOLD Stimulus Selection
Stimulus: 1.000
Output value 0.705

Q+ parameters
slope: 0.043 semiSat: 0.780 beta: 0.969 sigma: 0.010 
maxBOLD estimate = 1.000


Trial 3: baseline Stimulus Selection
Stimulus: 0.010
Output value 0.000

Q+ parameters
slope: 0.055 semiSat: 0.670 beta: 1.250 sigma: 0.010 
maxBOLD estimate = 0.969


Trial 4: maxBOLD Stimulus Selection
Stimulus: 1.000
Output value 1.651

Q+ parameters
slope: 0.055 semiSat: 0.670 beta: 1.250 sigma: 0.062 
maxBOLD estimate = 1.211


Trial 5: baseline Stimulus Selection
Stimulus: 0.010
Output value -0.155

Q+ parameters
slope: 0.055 semiSat: 0.670 beta: 1.125 sigma: 0.114 
maxBOLD estimate = 1.514


Trial 6: maxBOLD Stimulus Selection
Stimulus: 1.000
Output value 1.567

Q+ parameters
slope: 0.043 semiSat: 0.780 beta: 1.125 sigma: 0.114 
maxBOLD estimate = 1.703


Trial 7: random Stimulus Selection
Stimulus: 0.381
Output value 0.762

Q+ parameters
slope: 0.070 semiSat: 0.450 beta: 0.875 sigma: 0.062 
maxBOLD estimate = 1.916


Trial 8: random Stimulus Selection
Stimulus: 0.876
Output value 2.743

Q+ parameters
slope: 0.070 semiSat: 0.670 beta: 1.500 sigma: 0.114 
maxBOLD estimate = 1.676


Trial 9: random Stimulus Selection
Stimulus: 0.340
Output value -0.343

Q+ parameters
slope: 0.089 semiSat: 0.780 beta: 0.750 sigma: 0.114 
maxBOLD estimate = 2.514


Trial 10: baseline Stimulus Selection
Stimulus: 0.010
Output value 0.000

Q+ parameters
slope: 0.089 semiSat: 0.670 beta: 0.875 sigma: 0.062 
maxBOLD estimate = 1.886


Trial 11: random Stimulus Selection
Stimulus: 0.257
Output value -0.291

Q+ parameters
slope: 0.144 semiSat: 0.560 beta: 0.969 sigma: 0.114 
maxBOLD estimate = 1.650


Trial 12: random Stimulus Selection
Stimulus: 0.711
Output value 1.408

Q+ parameters
slope: 0.144 semiSat: 0.560 beta: 0.969 sigma: 0.114 
maxBOLD estimate = 1.599


Trial 13: random Stimulus Selection
Stimulus: 0.670
Output value 1.091

Q+ parameters
slope: 0.144 semiSat: 0.560 beta: 0.969 sigma: 0.114 
maxBOLD estimate = 1.549


Trial 14: random Stimulus Selection
Stimulus: 0.299
Output value -0.145

Q+ parameters
slope: 0.144 semiSat: 0.560 beta: 1.062 sigma: 0.114 
maxBOLD estimate = 1.500


Trial 15: maxBOLD Stimulus Selection
Stimulus: 1.000
Output value 1.848

Q+ parameters
slope: 0.144 semiSat: 0.560 beta: 1.062 sigma: 0.114 
maxBOLD estimate = 1.594


Trial 16: random Stimulus Selection
Stimulus: 0.959
Output value 1.347

Q+ parameters
slope: 0.144 semiSat: 0.560 beta: 0.875 sigma: 0.114 
maxBOLD estimate = 1.694


Trial 17: random Stimulus Selection
Stimulus: 0.876
Output value 1.718

Q+ parameters
slope: 0.144 semiSat: 0.560 beta: 1.062 sigma: 0.114 
maxBOLD estimate = 1.482


Trial 18: random Stimulus Selection
Stimulus: 0.299
Output value -0.139

Q+ parameters
slope: 0.144 semiSat: 0.560 beta: 0.969 sigma: 0.114 
maxBOLD estimate = 1.574


Trial 19: random Stimulus Selection
Stimulus: 0.794
Output value 2.288

Q+ parameters
slope: 0.113 semiSat: 0.670 beta: 1.500 sigma: 0.114 
maxBOLD estimate = 1.525


Trial 20: baseline Stimulus Selection
Stimulus: 0.010
Output value -0.312

Q+ parameters
slope: 0.144 semiSat: 0.560 beta: 0.750 sigma: 0.062 
maxBOLD estimate = 2.288


Trial 21: random Stimulus Selection
Stimulus: 0.010
Output value 0.000

Q+ parameters
slope: 0.144 semiSat: 0.560 beta: 0.938 sigma: 0.114 
maxBOLD estimate = 1.716


Trial 22: random Stimulus Selection
Stimulus: 0.051
Output value 0.283

Q+ parameters
slope: 0.144 semiSat: 0.560 beta: 0.969 sigma: 0.114 
maxBOLD estimate = 1.609


Trial 23: random Stimulus Selection
Stimulus: 0.959
Output value 2.338

Q+ parameters
slope: 0.113 semiSat: 0.670 beta: 1.500 sigma: 0.114 
maxBOLD estimate = 1.558


Trial 24: random Stimulus Selection
Stimulus: 1.000
Output value 0.956

Q+ parameters
slope: 0.144 semiSat: 0.560 beta: 0.750 sigma: 0.062 
maxBOLD estimate = 2.338


Trial 25: maxBOLD Stimulus Selection
Stimulus: 1.000
Output value 1.046

Q+ parameters
slope: 0.144 semiSat: 0.560 beta: 0.938 sigma: 0.114 
maxBOLD estimate = 1.753


Trial 26: random Stimulus Selection
Stimulus: 0.010
Output value -0.131

Q+ parameters
slope: 0.298 semiSat: 0.450 beta: 0.875 sigma: 0.114 
maxBOLD estimate = 1.644


Trial 27: random Stimulus Selection
Stimulus: 0.794
Output value 1.961

Q+ parameters
slope: 0.234 semiSat: 0.450 beta: 1.500 sigma: 0.114 
maxBOLD estimate = 1.438


Trial 28: random Stimulus Selection
Stimulus: 0.216
Output value -0.147

Q+ parameters
slope: 0.144 semiSat: 0.560 beta: 0.750 sigma: 0.114 
maxBOLD estimate = 2.157


Trial 29: random Stimulus Selection
Stimulus: 0.918
Output value 1.030

Q+ parameters
slope: 0.298 semiSat: 0.450 beta: 0.875 sigma: 0.114 
maxBOLD estimate = 1.618


Trial 30: baseline Stimulus Selection
Stimulus: 0.010
Output value -0.386

Q+ parameters
slope: 0.234 semiSat: 0.450 beta: 1.500 sigma: 0.114 
maxBOLD estimate = 1.416


Trial 31: random Stimulus Selection
Stimulus: 0.340
Output value -0.290

Q+ parameters
slope: 0.298 semiSat: 0.450 beta: 0.750 sigma: 0.062 
maxBOLD estimate = 2.124


Trial 32: random Stimulus Selection
Stimulus: 0.423
Output value -0.281

Q+ parameters
slope: 0.144 semiSat: 0.560 beta: 0.969 sigma: 0.114 
maxBOLD estimate = 1.593


Trial 33: random Stimulus Selection
Stimulus: 0.876
Output value 1.262

Q+ parameters
slope: 0.234 semiSat: 0.560 beta: 1.000 sigma: 0.114 
maxBOLD estimate = 1.543


Trial 34: random Stimulus Selection
Stimulus: 0.711
Output value 0.894

Q+ parameters
slope: 0.144 semiSat: 0.560 beta: 1.062 sigma: 0.166 
maxBOLD estimate = 1.543


Trial 35: maxBOLD Stimulus Selection
Stimulus: 1.000
Output value 1.434

Q+ parameters
slope: 0.234 semiSat: 0.560 beta: 0.875 sigma: 0.114 
maxBOLD estimate = 1.639


Trial 36: random Stimulus Selection
Stimulus: 0.464
Output value 0.000

Q+ parameters
slope: 0.144 semiSat: 0.560 beta: 1.062 sigma: 0.114 
maxBOLD estimate = 1.434


Trial 37: random Stimulus Selection
Stimulus: 0.546
Output value 0.000

Q+ parameters
slope: 1.000 semiSat: 0.560 beta: 0.969 sigma: 0.114 
maxBOLD estimate = 1.524


Trial 38: random Stimulus Selection
Stimulus: 0.175
Output value -0.403

Q+ parameters
slope: 0.183 semiSat: 0.670 beta: 1.500 sigma: 0.114 
maxBOLD estimate = 1.476


Trial 39: random Stimulus Selection
Stimulus: 0.588
Output value 0.151

Q+ parameters
slope: 0.183 semiSat: 0.670 beta: 0.750 sigma: 0.114 
maxBOLD estimate = 2.215


Trial 40: baseline Stimulus Selection
Stimulus: 0.010
Output value -0.311

Q+ parameters
slope: 0.183 semiSat: 0.670 beta: 1.031 sigma: 0.114 
maxBOLD estimate = 1.661


Trial 41: random Stimulus Selection
Stimulus: 0.051
Output value 0.000

Q+ parameters
slope: 0.183 semiSat: 0.670 beta: 1.031 sigma: 0.114 
maxBOLD estimate = 1.713


Trial 42: random Stimulus Selection
Stimulus: 0.134
Output value -0.166

Q+ parameters
slope: 0.183 semiSat: 0.670 beta: 1.031 sigma: 0.114 
maxBOLD estimate = 1.766


Trial 43: random Stimulus Selection
Stimulus: 0.505
Output value 0.466

Q+ parameters
slope: 0.144 semiSat: 0.670 beta: 0.938 sigma: 0.114 
maxBOLD estimate = 1.822


Trial 44: random Stimulus Selection
Stimulus: 0.423
Output value -0.160

Q+ parameters
slope: 0.183 semiSat: 0.670 beta: 1.031 sigma: 0.114 
maxBOLD estimate = 1.708


Trial 45: maxBOLD Stimulus Selection
Stimulus: 1.000
Output value 1.486

Q+ parameters
slope: 0.113 semiSat: 0.670 beta: 1.031 sigma: 0.114 
maxBOLD estimate = 1.761


Trial 46: random Stimulus Selection
Stimulus: 0.216
Output value 0.310

Q+ parameters
slope: 0.144 semiSat: 0.670 beta: 0.938 sigma: 0.114 
maxBOLD estimate = 1.816


Trial 47: random Stimulus Selection
Stimulus: 0.918
Output value 1.756

Q+ parameters
slope: 0.183 semiSat: 0.670 beta: 1.031 sigma: 0.114 
maxBOLD estimate = 1.703


Trial 48: random Stimulus Selection
Stimulus: 0.257
Output value -0.165

Q+ parameters
slope: 0.113 semiSat: 0.670 beta: 1.031 sigma: 0.114 
maxBOLD estimate = 1.756


Trial 49: random Stimulus Selection
Stimulus: 0.340
Output value 0.154

Q+ parameters
slope: 0.144 semiSat: 0.670 beta: 0.938 sigma: 0.114 
maxBOLD estimate = 1.811


Trial 50: baseline Stimulus Selection
Stimulus: 0.010
Output value -0.318

Q+ parameters
slope: 0.183 semiSat: 0.670 beta: 1.031 sigma: 0.114 
maxBOLD estimate = 1.698


Trial 51: random Stimulus Selection
Stimulus: 1.000
Output value 1.477

Q+ parameters
slope: 0.183 semiSat: 0.670 beta: 1.031 sigma: 0.114 
maxBOLD estimate = 1.751


Trial 52: random Stimulus Selection
Stimulus: 0.794
Output value 1.580

Q+ parameters
slope: 0.234 semiSat: 0.560 beta: 0.875 sigma: 0.114 
maxBOLD estimate = 1.805


Trial 53: random Stimulus Selection
Stimulus: 0.134
Output value -0.359

Q+ parameters
slope: 0.113 semiSat: 0.670 beta: 1.250 sigma: 0.114 
maxBOLD estimate = 1.580


Trial 54: random Stimulus Selection
Stimulus: 0.010
Output value 0.157

Q+ parameters
slope: 0.089 semiSat: 0.670 beta: 0.875 sigma: 0.114 
maxBOLD estimate = 1.975


Trial 55: maxBOLD Stimulus Selection
Stimulus: 1.000
Output value 0.550

Q+ parameters
slope: 0.144 semiSat: 0.560 beta: 0.875 sigma: 0.114 
maxBOLD estimate = 1.728


Trial 56: random Stimulus Selection
Stimulus: 0.794
Output value 2.062

Q+ parameters
slope: 0.113 semiSat: 0.670 beta: 1.500 sigma: 0.114 
maxBOLD estimate = 1.512


Trial 57: random Stimulus Selection
Stimulus: 0.216
Output value 0.000

Q+ parameters
slope: 0.144 semiSat: 0.670 beta: 0.750 sigma: 0.114 
maxBOLD estimate = 2.268


Trial 58: random Stimulus Selection
Stimulus: 0.588
Output value 0.947

Q+ parameters
slope: 0.144 semiSat: 0.560 beta: 0.875 sigma: 0.114 
maxBOLD estimate = 1.701


Trial 59: random Stimulus Selection
Stimulus: 1.000
Output value 1.725

Q+ parameters
slope: 0.144 semiSat: 0.560 beta: 1.062 sigma: 0.114 
maxBOLD estimate = 1.488


Trial 60: baseline Stimulus Selection
Stimulus: 0.010
Output value 0.000

Q+ parameters
slope: 0.113 semiSat: 0.670 beta: 1.500 sigma: 0.114 
maxBOLD estimate = 1.581


Trial 61: random Stimulus Selection
Stimulus: 0.629
Output value 1.132

Q+ parameters
slope: 0.144 semiSat: 0.560 beta: 0.750 sigma: 0.114 
maxBOLD estimate = 2.372


Trial 62: random Stimulus Selection
Stimulus: 0.918
Output value 0.990

Q+ parameters
slope: 0.144 semiSat: 0.560 beta: 0.875 sigma: 0.114 
maxBOLD estimate = 1.779


Trial 63: random Stimulus Selection
Stimulus: 0.629
Output value 1.061

Q+ parameters
slope: 0.113 semiSat: 0.670 beta: 1.500 sigma: 0.114 
maxBOLD estimate = 1.556


Trial 64: random Stimulus Selection
Stimulus: 0.299
Output value -0.159

Q+ parameters
slope: 0.089 semiSat: 0.670 beta: 0.750 sigma: 0.114 
maxBOLD estimate = 2.335


Trial 65: maxBOLD Stimulus Selection
Stimulus: 1.000
Output value 1.254

Q+ parameters
slope: 0.144 semiSat: 0.560 beta: 0.875 sigma: 0.114 
maxBOLD estimate = 1.751


Trial 66: random Stimulus Selection
Stimulus: 0.381
Output value -0.135

Q+ parameters
slope: 0.144 semiSat: 0.560 beta: 0.969 sigma: 0.114 
maxBOLD estimate = 1.532


Trial 67: random Stimulus Selection
Stimulus: 0.175
Output value -0.143

Q+ parameters
slope: 0.144 semiSat: 0.560 beta: 1.062 sigma: 0.114 
maxBOLD estimate = 1.484


Trial 68: random Stimulus Selection
Stimulus: 0.629
Output value 0.645

Q+ parameters
slope: 0.113 semiSat: 0.670 beta: 1.500 sigma: 0.114 
maxBOLD estimate = 1.577


Trial 69: random Stimulus Selection
Stimulus: 1.000
Output value 0.968

Q+ parameters
slope: 0.070 semiSat: 0.670 beta: 0.750 sigma: 0.114 
maxBOLD estimate = 2.366


Trial 70: baseline Stimulus Selection
Stimulus: 0.010
Output value -0.282

Q+ parameters
slope: 0.144 semiSat: 0.560 beta: 0.875 sigma: 0.114 
maxBOLD estimate = 1.774


Trial 71: random Stimulus Selection
Stimulus: 0.546
Output value 0.635

Q+ parameters
slope: 0.113 semiSat: 0.670 beta: 1.500 sigma: 0.114 
maxBOLD estimate = 1.552


Trial 72: random Stimulus Selection
Stimulus: 0.051
Output value 0.000

Q+ parameters
slope: 0.070 semiSat: 0.670 beta: 0.750 sigma: 0.114 
maxBOLD estimate = 2.329


Trial 73: random Stimulus Selection
Stimulus: 0.711
Output value 1.250

Q+ parameters
slope: 0.144 semiSat: 0.560 beta: 0.875 sigma: 0.114 
maxBOLD estimate = 1.746


Trial 74: random Stimulus Selection
Stimulus: 0.423
Output value 0.417

Q+ parameters
slope: 0.113 semiSat: 0.670 beta: 1.500 sigma: 0.114 
maxBOLD estimate = 1.528


Trial 75: maxBOLD Stimulus Selection
Stimulus: 1.000
Output value 1.250

Q+ parameters
slope: 0.144 semiSat: 0.560 beta: 0.750 sigma: 0.114 
maxBOLD estimate = 2.292


Trial 76: random Stimulus Selection
Stimulus: 1.000
Output value 1.641

Q+ parameters
slope: 0.144 semiSat: 0.560 beta: 0.875 sigma: 0.114 
maxBOLD estimate = 1.719


Trial 77: random Stimulus Selection
Stimulus: 0.175
Output value 0.000

Q+ parameters
slope: 0.113 semiSat: 0.670 beta: 1.500 sigma: 0.114 
maxBOLD estimate = 1.504


Trial 78: random Stimulus Selection
Stimulus: 0.918
Output value 1.077

Q+ parameters
slope: 0.144 semiSat: 0.560 beta: 0.750 sigma: 0.114 
maxBOLD estimate = 2.256


Trial 79: random Stimulus Selection
Stimulus: 0.670
Output value 0.808

Q+ parameters
slope: 0.144 semiSat: 0.560 beta: 0.875 sigma: 0.114 
maxBOLD estimate = 1.692


Trial 80: baseline Stimulus Selection
Stimulus: 0.010
Output value -0.404

Q+ parameters
slope: 0.113 semiSat: 0.670 beta: 1.500 sigma: 0.114 
maxBOLD estimate = 1.481


Trial 81: random Stimulus Selection
Stimulus: 0.588
Output value 0.454

Q+ parameters
slope: 0.144 semiSat: 0.560 beta: 0.750 sigma: 0.114 
maxBOLD estimate = 2.221


Trial 82: random Stimulus Selection
Stimulus: 0.381
Output value -0.265

Q+ parameters
slope: 0.183 semiSat: 0.560 beta: 0.875 sigma: 0.114 
maxBOLD estimate = 1.666


Trial 83: random Stimulus Selection
Stimulus: 0.835
Output value 2.186

Q+ parameters
slope: 0.113 semiSat: 0.670 beta: 1.500 sigma: 0.114 
maxBOLD estimate = 1.458


Trial 84: random Stimulus Selection
Stimulus: 0.794
Output value 0.745

Q+ parameters
slope: 0.113 semiSat: 0.670 beta: 0.750 sigma: 0.114 
maxBOLD estimate = 2.186


Trial 85: maxBOLD Stimulus Selection
Stimulus: 1.000
Output value 1.174

Q+ parameters
slope: 0.183 semiSat: 0.560 beta: 0.875 sigma: 0.114 
maxBOLD estimate = 1.640


Trial 86: random Stimulus Selection
Stimulus: 0.134
Output value -0.391

Q+ parameters
slope: 0.113 semiSat: 0.670 beta: 1.500 sigma: 0.114 
maxBOLD estimate = 1.435


Trial 87: random Stimulus Selection
Stimulus: 0.711
Output value 0.440

Q+ parameters
slope: 0.113 semiSat: 0.670 beta: 0.750 sigma: 0.114 
maxBOLD estimate = 2.152


Trial 88: random Stimulus Selection
Stimulus: 0.010
Output value -0.128

Q+ parameters
slope: 0.183 semiSat: 0.560 beta: 0.875 sigma: 0.114 
maxBOLD estimate = 1.614


Trial 89: random Stimulus Selection
Stimulus: 0.918
Output value 0.955

Q+ parameters
slope: 0.144 semiSat: 0.560 beta: 1.062 sigma: 0.114 
maxBOLD estimate = 1.412


Trial 90: baseline Stimulus Selection
Stimulus: 0.010
Output value -0.409

Q+ parameters
slope: 0.113 semiSat: 0.670 beta: 1.500 sigma: 0.114 
maxBOLD estimate = 1.501


Trial 91: random Stimulus Selection
Stimulus: 0.918
Output value 0.921

Q+ parameters
slope: 0.089 semiSat: 0.670 beta: 0.750 sigma: 0.114 
maxBOLD estimate = 2.251


Trial 92: random Stimulus Selection
Stimulus: 0.835
Output value 1.074

Q+ parameters
slope: 0.144 semiSat: 0.560 beta: 0.875 sigma: 0.114 
maxBOLD estimate = 1.688


Trial 93: random Stimulus Selection
Stimulus: 0.134
Output value 1.209

Q+ parameters
slope: 0.113 semiSat: 0.670 beta: 1.500 sigma: 0.166 
maxBOLD estimate = 1.477


Trial 94: random Stimulus Selection
Stimulus: 0.505
Output value 0.302

Q+ parameters
slope: 0.089 semiSat: 0.670 beta: 0.750 sigma: 0.114 
maxBOLD estimate = 2.216


Trial 95: maxBOLD Stimulus Selection
Stimulus: 1.000
Output value 1.586

Q+ parameters
slope: 0.144 semiSat: 0.560 beta: 0.875 sigma: 0.114 
maxBOLD estimate = 1.662


Trial 96: random Stimulus Selection
Stimulus: 0.629
Output value 1.405

Q+ parameters
slope: 0.144 semiSat: 0.560 beta: 1.062 sigma: 0.114 
maxBOLD estimate = 1.454


Trial 97: random Stimulus Selection
Stimulus: 0.876
Output value 1.497

Q+ parameters
slope: 0.144 semiSat: 0.560 beta: 0.969 sigma: 0.114 
maxBOLD estimate = 1.545


Trial 98: random Stimulus Selection
Stimulus: 0.340
Output value 0.434

Q+ parameters
slope: 0.183 semiSat: 0.560 beta: 1.062 sigma: 0.166 
maxBOLD estimate = 1.497


Trial 99: random Stimulus Selection
Stimulus: 0.010
Output value 0.000

Q+ parameters
slope: 0.144 semiSat: 0.560 beta: 0.969 sigma: 0.114 
maxBOLD estimate = 1.590


Trial 100: baseline Stimulus Selection
Stimulus: 0.010
Output value -0.136

Q+ parameters
slope: 0.144 semiSat: 0.560 beta: 0.969 sigma: 0.114 
maxBOLD estimate = 1.541

--------------------------------------------------------------
FINAL VALUES
--------------------------------------------------------------
Simulated parameters:              slope: 0.200 semiSat: 0.570 beta: 1.000 sigma: 0.100 
Max posterior QUEST+ parameters:   slope: 0.144 semiSat: 0.560 beta: 0.969 sigma: 0.114 
Max BADS parameters:               slope: 0.113 semiSat: 0.593 beta: 1.000 sigma: 0.122 
maxBOLD estimate: 1.631
