/blue/stevenweisberg/stevenweisberg/MATLAB/projects/Weisberg_Aguirre_2020/scripts/run_sims
c26b-s27.ufhpc
Thu Nov 12 21:42:14 EST 2020
cp: cannot stat ‘/blue/stevenweisberg/stevenweisberg/qpfMRIResults/deploy_sim.sh’: No such file or directory
cp: cannot stat ‘/blue/stevenweisberg/stevenweisberg/qpfMRIResults/sim_wrapper.sh’: No such file or directory
------------------------------------------
Setting up environment variables
---
LD_LIBRARY_PATH is .:/apps/matlab/mcr/2020b/v99/runtime/glnxa64:/apps/matlab/mcr/2020b/v99/bin/glnxa64:/apps/matlab/mcr/2020b/v99/sys/os/glnxa64:/apps/matlab/mcr/2020b/v99/sys/opengl/lib/glnxa64
Warning: Executing startup failed in matlabrc.
This indicates a potentially serious problem in your MATLAB setup, which should be resolved as soon as possible.  Error detected was:
MATLAB:mpath:PathAlterationNotSupported
Modifying the search path is not supported by MATLAB Compiler. Remove functions that modify the search path from your MATLAB code. To make files visible to your deployed application, add the parent folder to your MATLAB session.
Warning: No stimulus domain specified. Defaulting to values between 0.01 and 1.
> In qpfmriParams (line 182)
In compiledSimulate (line 205)
Stimulus domain added from input.
Parameter slope specified as 0.41000
Parameter semiSat specified as 0.57000
Parameter beta specified as 1.00000
Parameter sigma specified as 0.15000
seed = 99seed = 104seed = 111seed = 111seed = 115seed = 101Initializing Q+. This may take a minute...
Elapsed time is 9.531659 seconds.
Simulated parameters:
slope: 0.410 semiSat: 0.570 beta: 1.000 sigma: 0.150 

Trial 1: baseline Stimulus Selection
Stimulus: 0.010
Output value 0.000

Q+ parameters
slope: 0.026 semiSat: 0.890 beta: 0.500 sigma: 0.010 
maxBOLD estimate = 1.000


Trial 2: maxBOLD Stimulus Selection
Stimulus: 1.000
Output value 1.364

Q+ parameters
slope: 0.055 semiSat: 0.670 beta: 1.250 sigma: 0.010 
maxBOLD estimate = 1.000


Trial 3: baseline Stimulus Selection
Stimulus: 0.010
Output value 0.284

Q+ parameters
slope: 0.055 semiSat: 0.670 beta: 1.250 sigma: 0.114 
maxBOLD estimate = 1.250


Trial 4: maxBOLD Stimulus Selection
Stimulus: 1.000
Output value 0.826

Q+ parameters
slope: 0.043 semiSat: 0.780 beta: 0.969 sigma: 0.114 
maxBOLD estimate = 1.562


Trial 5: baseline Stimulus Selection
Stimulus: 0.010
Output value -0.344

Q+ parameters
slope: 0.055 semiSat: 0.670 beta: 1.250 sigma: 0.166 
maxBOLD estimate = 1.514


Trial 6: maxBOLD Stimulus Selection
Stimulus: 1.000
Output value 2.365

Q+ parameters
slope: 0.034 semiSat: 0.670 beta: 1.250 sigma: 0.114 
maxBOLD estimate = 1.892


Trial 7: random Stimulus Selection
Stimulus: 0.753
Output value 1.129

Q+ parameters
slope: 0.070 semiSat: 0.450 beta: 0.750 sigma: 0.114 
maxBOLD estimate = 2.365


Trial 8: random Stimulus Selection
Stimulus: 0.918
Output value 2.177

Q+ parameters
slope: 0.055 semiSat: 0.560 beta: 1.125 sigma: 0.114 
maxBOLD estimate = 1.774


Trial 9: random Stimulus Selection
Stimulus: 0.175
Output value 0.726

Q+ parameters
slope: 0.043 semiSat: 0.450 beta: 1.000 sigma: 0.114 
maxBOLD estimate = 1.996


Trial 10: baseline Stimulus Selection
Stimulus: 0.010
Output value 0.000

Q+ parameters
slope: 0.055 semiSat: 0.340 beta: 0.875 sigma: 0.114 
maxBOLD estimate = 1.996


Trial 11: random Stimulus Selection
Stimulus: 0.835
Output value 1.905

Q+ parameters
slope: 0.070 semiSat: 0.340 beta: 1.000 sigma: 0.114 
maxBOLD estimate = 1.746


Trial 12: random Stimulus Selection
Stimulus: 0.092
Output value -0.139

Q+ parameters
slope: 0.234 semiSat: 0.230 beta: 0.875 sigma: 0.114 
maxBOLD estimate = 1.746


Trial 13: random Stimulus Selection
Stimulus: 0.876
Output value 1.719

Q+ parameters
slope: 0.070 semiSat: 0.450 beta: 1.125 sigma: 0.114 
maxBOLD estimate = 1.528


Trial 14: random Stimulus Selection
Stimulus: 0.835
Output value 1.494

Q+ parameters
slope: 0.070 semiSat: 0.450 beta: 1.062 sigma: 0.114 
maxBOLD estimate = 1.719


Trial 15: maxBOLD Stimulus Selection
Stimulus: 1.000
Output value 1.453

Q+ parameters
slope: 0.089 semiSat: 0.340 beta: 0.875 sigma: 0.114 
maxBOLD estimate = 1.826


Trial 16: random Stimulus Selection
Stimulus: 0.753
Output value 1.471

Q+ parameters
slope: 0.070 semiSat: 0.450 beta: 1.125 sigma: 0.114 
maxBOLD estimate = 1.598


Trial 17: random Stimulus Selection
Stimulus: 0.959
Output value 1.910

Q+ parameters
slope: 0.070 semiSat: 0.450 beta: 1.062 sigma: 0.114 
maxBOLD estimate = 1.798


Trial 18: random Stimulus Selection
Stimulus: 0.959
Output value 0.456

Q+ parameters
slope: 0.070 semiSat: 0.450 beta: 0.875 sigma: 0.166 
maxBOLD estimate = 1.910


Trial 19: random Stimulus Selection
Stimulus: 0.092
Output value -0.323

Q+ parameters
slope: 0.234 semiSat: 0.230 beta: 1.062 sigma: 0.166 
maxBOLD estimate = 1.671


Trial 20: baseline Stimulus Selection
Stimulus: 0.010
Output value -0.141

Q+ parameters
slope: 0.144 semiSat: 0.230 beta: 0.875 sigma: 0.114 
maxBOLD estimate = 1.776


Trial 21: random Stimulus Selection
Stimulus: 0.959
Output value 1.801

Q+ parameters
slope: 0.234 semiSat: 0.230 beta: 1.062 sigma: 0.114 
maxBOLD estimate = 1.554


Trial 22: random Stimulus Selection
Stimulus: 0.299
Output value 0.319

Q+ parameters
slope: 0.113 semiSat: 0.450 beta: 1.062 sigma: 0.166 
maxBOLD estimate = 1.651


Trial 23: random Stimulus Selection
Stimulus: 0.918
Output value 1.345

Q+ parameters
slope: 0.089 semiSat: 0.450 beta: 0.938 sigma: 0.114 
maxBOLD estimate = 1.754


Trial 24: random Stimulus Selection
Stimulus: 0.423
Output value 0.168

Q+ parameters
slope: 0.183 semiSat: 0.670 beta: 1.125 sigma: 0.166 
maxBOLD estimate = 1.644


Trial 25: maxBOLD Stimulus Selection
Stimulus: 1.000
Output value 0.736

Q+ parameters
slope: 0.089 semiSat: 0.560 beta: 0.875 sigma: 0.114 
maxBOLD estimate = 1.850


Trial 26: random Stimulus Selection
Stimulus: 0.381
Output value -0.331

Q+ parameters
slope: 0.183 semiSat: 0.670 beta: 1.125 sigma: 0.166 
maxBOLD estimate = 1.619


Trial 27: random Stimulus Selection
Stimulus: 0.753
Output value 1.242

Q+ parameters
slope: 0.183 semiSat: 0.670 beta: 0.938 sigma: 0.114 
maxBOLD estimate = 1.821


Trial 28: random Stimulus Selection
Stimulus: 0.423
Output value -0.320

Q+ parameters
slope: 0.183 semiSat: 0.670 beta: 1.031 sigma: 0.166 
maxBOLD estimate = 1.707


Trial 29: random Stimulus Selection
Stimulus: 0.588
Output value 1.200

Q+ parameters
slope: 0.379 semiSat: 0.560 beta: 0.938 sigma: 0.166 
maxBOLD estimate = 1.761


Trial 30: baseline Stimulus Selection
Stimulus: 0.010
Output value 0.155

Q+ parameters
slope: 0.183 semiSat: 0.670 beta: 1.031 sigma: 0.166 
maxBOLD estimate = 1.651

--------------------------------------------------------------
FINAL VALUES
--------------------------------------------------------------
Simulated parameters:              slope: 0.410 semiSat: 0.570 beta: 1.000 sigma: 0.150 
Max posterior QUEST+ parameters:   slope: 0.183 semiSat: 0.560 beta: 1.062 sigma: 0.166 
Max BADS parameters:               slope: 0.214 semiSat: 0.583 beta: 1.000 sigma: 0.148 
maxBOLD estimate: 1.491
