/blue/stevenweisberg/stevenweisberg/MATLAB/projects/Weisberg_Aguirre_2020/scripts/run_sims
c25a-s23.ufhpc
Sat Nov 14 01:10:51 EST 2020
mkdir: cannot create directory ‘/blue/stevenweisberg/stevenweisberg/qpfMRIResults/model_parameter_set1/’: File exists
cp: cannot stat ‘/blue/stevenweisberg/stevenweisberg/qpfMRIResults/deploy_sim.sh’: No such file or directory
cp: cannot stat ‘/blue/stevenweisberg/stevenweisberg/qpfMRIResults/sim_wrapper.sh’: No such file or directory
------------------------------------------
Setting up environment variables
---
LD_LIBRARY_PATH is .:/apps/matlab/mcr/2020b/v99/runtime/glnxa64:/apps/matlab/mcr/2020b/v99/bin/glnxa64:/apps/matlab/mcr/2020b/v99/sys/os/glnxa64:/apps/matlab/mcr/2020b/v99/sys/opengl/lib/glnxa64
Warning: Executing startup failed in matlabrc.
This indicates a potentially serious problem in your MATLAB setup, which should be resolved as soon as possible.  Error detected was:
MATLAB:mpath:PathAlterationNotSupported
Modifying the search path is not supported by MATLAB Compiler. Remove functions that modify the search path from your MATLAB code. To make files visible to your deployed application, add the parent folder to your MATLAB session.
Warning: No stimulus domain specified. Defaulting to values between 0.01 and 1.
> In qpfmriParams (line 182)
In compiledSimulate (line 205)
Stimulus domain added from input.
Parameter slope specified as 0.41000
Parameter semiSat specified as 0.57000
Parameter beta specified as 1.00000
Parameter sigma specified as 0.15000
seed = 99seed = 104seed = 111seed = 111seed = 115seed = 101Initializing Q+. This may take a minute...
Elapsed time is 9.752842 seconds.
Simulated parameters:
slope: 0.410 semiSat: 0.570 beta: 1.000 sigma: 0.150 

Trial 1: baseline Stimulus Selection
Stimulus: 0.010
Output value 0.000

Q+ parameters
slope: 0.026 semiSat: 0.890 beta: 0.500 sigma: 0.010 
maxBOLD estimate = 1.000


Trial 2: maxBOLD Stimulus Selection
Stimulus: 1.000
Output value 1.364

Q+ parameters
slope: 0.055 semiSat: 0.670 beta: 1.250 sigma: 0.010 
maxBOLD estimate = 1.000


Trial 3: baseline Stimulus Selection
Stimulus: 0.010
Output value 0.000

Q+ parameters
slope: 0.055 semiSat: 0.670 beta: 1.125 sigma: 0.010 
maxBOLD estimate = 1.250


Trial 4: maxBOLD Stimulus Selection
Stimulus: 1.000
Output value 0.619

Q+ parameters
slope: 0.043 semiSat: 0.780 beta: 0.969 sigma: 0.114 
maxBOLD estimate = 1.406


Trial 5: baseline Stimulus Selection
Stimulus: 0.010
Output value 0.774

Q+ parameters
slope: 0.055 semiSat: 0.670 beta: 1.250 sigma: 0.323 
maxBOLD estimate = 1.362


Trial 6: maxBOLD Stimulus Selection
Stimulus: 1.000
Output value 0.900

Q+ parameters
slope: 0.043 semiSat: 0.780 beta: 0.969 sigma: 0.114 
maxBOLD estimate = 1.703


Trial 7: random Stimulus Selection
Stimulus: 0.257
Output value -0.375

Q+ parameters
slope: 0.055 semiSat: 0.890 beta: 1.250 sigma: 0.114 
maxBOLD estimate = 1.650


Trial 8: random Stimulus Selection
Stimulus: 0.588
Output value 0.562

Q+ parameters
slope: 0.070 semiSat: 0.670 beta: 0.750 sigma: 0.114 
maxBOLD estimate = 2.062


Trial 9: random Stimulus Selection
Stimulus: 0.340
Output value -0.264

Q+ parameters
slope: 0.113 semiSat: 0.670 beta: 0.938 sigma: 0.114 
maxBOLD estimate = 1.547


Trial 10: baseline Stimulus Selection
Stimulus: 0.010
Output value 0.395

Q+ parameters
slope: 0.089 semiSat: 0.780 beta: 1.000 sigma: 0.166 
maxBOLD estimate = 1.450


Trial 11: random Stimulus Selection
Stimulus: 0.175
Output value -0.247

Q+ parameters
slope: 0.113 semiSat: 0.670 beta: 0.938 sigma: 0.114 
maxBOLD estimate = 1.450


Trial 12: random Stimulus Selection
Stimulus: 0.918
Output value 0.637

Q+ parameters
slope: 0.234 semiSat: 0.890 beta: 1.031 sigma: 0.166 
maxBOLD estimate = 1.359


Trial 13: random Stimulus Selection
Stimulus: 0.381
Output value 0.956

Q+ parameters
slope: 0.113 semiSat: 0.670 beta: 1.250 sigma: 0.166 
maxBOLD estimate = 1.402


Trial 14: random Stimulus Selection
Stimulus: 0.588
Output value -0.119

Q+ parameters
slope: 0.183 semiSat: 0.780 beta: 0.750 sigma: 0.114 
maxBOLD estimate = 1.752


Trial 15: maxBOLD Stimulus Selection
Stimulus: 1.000
Output value 2.150

Q+ parameters
slope: 0.113 semiSat: 0.670 beta: 1.500 sigma: 0.114 
maxBOLD estimate = 1.314


Trial 16: random Stimulus Selection
Stimulus: 0.257
Output value 0.000

Q+ parameters
slope: 0.089 semiSat: 0.670 beta: 0.750 sigma: 0.114 
maxBOLD estimate = 1.971


Trial 17: random Stimulus Selection
Stimulus: 0.092
Output value -0.260

Q+ parameters
slope: 0.144 semiSat: 0.560 beta: 0.969 sigma: 0.114 
maxBOLD estimate = 1.478


Trial 18: random Stimulus Selection
Stimulus: 0.010
Output value 1.562

Q+ parameters
slope: 0.043 semiSat: 0.780 beta: 1.500 sigma: 0.427 
maxBOLD estimate = 1.432


Trial 19: random Stimulus Selection
Stimulus: 0.051
Output value 0.000

Q+ parameters
slope: 0.070 semiSat: 0.780 beta: 0.750 sigma: 0.114 
maxBOLD estimate = 2.148


Trial 20: baseline Stimulus Selection
Stimulus: 0.010
Output value 0.513

Q+ parameters
slope: 0.113 semiSat: 0.670 beta: 0.875 sigma: 0.114 
maxBOLD estimate = 1.611


Trial 21: random Stimulus Selection
Stimulus: 0.588
Output value 1.009

Q+ parameters
slope: 0.183 semiSat: 0.560 beta: 0.875 sigma: 0.114 
maxBOLD estimate = 1.410


Trial 22: random Stimulus Selection
Stimulus: 0.299
Output value 0.000

Q+ parameters
slope: 0.113 semiSat: 0.670 beta: 1.500 sigma: 0.166 
maxBOLD estimate = 1.234


Trial 23: random Stimulus Selection
Stimulus: 0.051
Output value 0.378

Q+ parameters
slope: 0.183 semiSat: 0.560 beta: 0.750 sigma: 0.114 
maxBOLD estimate = 1.850


Trial 24: random Stimulus Selection
Stimulus: 0.299
Output value -0.221

Q+ parameters
slope: 0.183 semiSat: 0.560 beta: 0.875 sigma: 0.114 
maxBOLD estimate = 1.388


Trial 25: maxBOLD Stimulus Selection
Stimulus: 1.000
Output value 0.962

Q+ parameters
slope: 0.144 semiSat: 0.560 beta: 0.969 sigma: 0.114 
maxBOLD estimate = 1.214


Trial 26: random Stimulus Selection
Stimulus: 0.175
Output value -0.227

Q+ parameters
slope: 0.183 semiSat: 0.560 beta: 1.062 sigma: 0.166 
maxBOLD estimate = 1.176


Trial 27: random Stimulus Selection
Stimulus: 0.918
Output value 0.597

Q+ parameters
slope: 0.183 semiSat: 0.560 beta: 0.875 sigma: 0.166 
maxBOLD estimate = 1.250


Trial 28: random Stimulus Selection
Stimulus: 1.000
Output value 0.634

Q+ parameters
slope: 0.183 semiSat: 0.560 beta: 1.062 sigma: 0.166 
maxBOLD estimate = 1.094


Trial 29: random Stimulus Selection
Stimulus: 0.175
Output value -0.224

Q+ parameters
slope: 0.183 semiSat: 0.560 beta: 1.062 sigma: 0.166 
maxBOLD estimate = 1.162


Trial 30: baseline Stimulus Selection
Stimulus: 0.010
Output value -0.239

Q+ parameters
slope: 0.183 semiSat: 0.560 beta: 1.062 sigma: 0.166 
maxBOLD estimate = 1.235

--------------------------------------------------------------
FINAL VALUES
--------------------------------------------------------------
Simulated parameters:              slope: 0.410 semiSat: 0.570 beta: 1.000 sigma: 0.150 
Max posterior QUEST+ parameters:   slope: 0.144 semiSat: 0.560 beta: 0.969 sigma: 0.166 
Max BADS parameters:               slope: 0.249 semiSat: 0.581 beta: 1.000 sigma: 0.147 
maxBOLD estimate: 1.415
