/blue/stevenweisberg/stevenweisberg/MATLAB/projects/Weisberg_Aguirre_2020/scripts/run_sims
c31a-s3.ufhpc
Thu Nov 12 14:13:23 EST 2020
cp: cannot stat ‘/blue/stevenweisberg/stevenweisberg/qpfMRIResults/deploy_sim.sh’: No such file or directory
cp: cannot stat ‘/blue/stevenweisberg/stevenweisberg/qpfMRIResults/sim_wrapper.sh’: No such file or directory
------------------------------------------
Setting up environment variables
---
LD_LIBRARY_PATH is .:/apps/matlab/mcr/2020b/v99/runtime/glnxa64:/apps/matlab/mcr/2020b/v99/bin/glnxa64:/apps/matlab/mcr/2020b/v99/sys/os/glnxa64:/apps/matlab/mcr/2020b/v99/sys/opengl/lib/glnxa64
Warning: Executing startup failed in matlabrc.
This indicates a potentially serious problem in your MATLAB setup, which should be resolved as soon as possible.  Error detected was:
MATLAB:mpath:PathAlterationNotSupported
Modifying the search path is not supported by MATLAB Compiler. Remove functions that modify the search path from your MATLAB code. To make files visible to your deployed application, add the parent folder to your MATLAB session.
Warning: No stimulus domain specified. Defaulting to values between 0.01 and 1.
> In qpfmriParams (line 182)
In compiledSimulate (line 205)
Stimulus domain added from input.
Parameter slope specified as 0.41000
Parameter semiSat specified as 0.57000
Parameter beta specified as 1.00000
Parameter sigma specified as 0.25000
seed = 99seed = 104seed = 111seed = 111seed = 115seed = 101Initializing Q+. This may take a minute...
Elapsed time is 9.488929 seconds.
Simulated parameters:
slope: 0.410 semiSat: 0.570 beta: 1.000 sigma: 0.250 

Trial 1: baseline Stimulus Selection
Stimulus: 0.010
Output value 0.000

Q+ parameters
slope: 0.026 semiSat: 0.890 beta: 0.500 sigma: 0.010 
maxBOLD estimate = 1.000


Trial 2: maxBOLD Stimulus Selection
Stimulus: 1.000
Output value 0.000

Q+ parameters
slope: 0.026 semiSat: 0.890 beta: 0.500 sigma: 0.166 
maxBOLD estimate = 1.000


Trial 3: baseline Stimulus Selection
Stimulus: 0.010
Output value -0.136

Q+ parameters
slope: 0.026 semiSat: 0.560 beta: 1.500 sigma: 1.000 
maxBOLD estimate = 0.500


Trial 4: maxBOLD Stimulus Selection
Stimulus: 1.000
Output value 1.023

Q+ parameters
slope: 0.043 semiSat: 0.560 beta: 1.250 sigma: 1.000 
maxBOLD estimate = 0.750


Trial 5: baseline Stimulus Selection
Stimulus: 0.010
Output value -0.213

Q+ parameters
slope: 0.043 semiSat: 0.560 beta: 1.250 sigma: 1.000 
maxBOLD estimate = 0.938


Trial 6: maxBOLD Stimulus Selection
Stimulus: 1.000
Output value 1.199

Q+ parameters
slope: 0.055 semiSat: 0.670 beta: 1.250 sigma: 0.479 
maxBOLD estimate = 1.172


Trial 7: random Stimulus Selection
Stimulus: 1.000
Output value 1.165

Q+ parameters
slope: 0.055 semiSat: 0.670 beta: 1.250 sigma: 1.000 
maxBOLD estimate = 1.465


Trial 8: random Stimulus Selection
Stimulus: 0.794
Output value 1.748

Q+ parameters
slope: 0.070 semiSat: 0.560 beta: 1.500 sigma: 1.000 
maxBOLD estimate = 1.831


Trial 9: random Stimulus Selection
Stimulus: 0.134
Output value -0.125

Q+ parameters
slope: 0.070 semiSat: 0.560 beta: 0.500 sigma: 0.114 
maxBOLD estimate = 2.747


Trial 10: baseline Stimulus Selection
Stimulus: 0.010
Output value -0.375

Q+ parameters
slope: 0.055 semiSat: 0.560 beta: 1.500 sigma: 0.271 
maxBOLD estimate = 1.373


Trial 11: random Stimulus Selection
Stimulus: 0.175
Output value -0.281

Q+ parameters
slope: 0.113 semiSat: 0.450 beta: 0.750 sigma: 0.166 
maxBOLD estimate = 2.060


Trial 12: random Stimulus Selection
Stimulus: 0.711
Output value 1.405

Q+ parameters
slope: 0.144 semiSat: 0.670 beta: 1.250 sigma: 0.218 
maxBOLD estimate = 1.545


Trial 13: random Stimulus Selection
Stimulus: 0.876
Output value 0.790

Q+ parameters
slope: 0.234 semiSat: 0.670 beta: 0.750 sigma: 0.166 
maxBOLD estimate = 1.931


Trial 14: random Stimulus Selection
Stimulus: 0.876
Output value 1.646

Q+ parameters
slope: 0.055 semiSat: 0.560 beta: 1.250 sigma: 0.218 
maxBOLD estimate = 1.448


Trial 15: maxBOLD Stimulus Selection
Stimulus: 1.000
Output value 1.389

Q+ parameters
slope: 0.070 semiSat: 0.670 beta: 0.938 sigma: 0.166 
maxBOLD estimate = 1.810


Trial 16: random Stimulus Selection
Stimulus: 0.216
Output value -0.299

Q+ parameters
slope: 0.183 semiSat: 0.670 beta: 0.969 sigma: 0.218 
maxBOLD estimate = 1.697


Trial 17: random Stimulus Selection
Stimulus: 0.092
Output value -0.290

Q+ parameters
slope: 0.183 semiSat: 0.670 beta: 0.969 sigma: 0.218 
maxBOLD estimate = 1.644


Trial 18: random Stimulus Selection
Stimulus: 0.381
Output value -0.308

Q+ parameters
slope: 0.183 semiSat: 0.670 beta: 1.062 sigma: 0.218 
maxBOLD estimate = 1.593


Trial 19: random Stimulus Selection
Stimulus: 0.959
Output value 1.798

Q+ parameters
slope: 0.183 semiSat: 0.670 beta: 1.062 sigma: 0.218 
maxBOLD estimate = 1.692


Trial 20: baseline Stimulus Selection
Stimulus: 0.010
Output value 0.368

Q+ parameters
slope: 0.234 semiSat: 0.670 beta: 0.750 sigma: 0.166 
maxBOLD estimate = 1.798


Trial 21: random Stimulus Selection
Stimulus: 0.876
Output value 1.839

Q+ parameters
slope: 0.144 semiSat: 0.670 beta: 1.250 sigma: 0.271 
maxBOLD estimate = 1.349


Trial 22: random Stimulus Selection
Stimulus: 0.423
Output value 0.144

Q+ parameters
slope: 0.234 semiSat: 0.670 beta: 0.938 sigma: 0.218 
maxBOLD estimate = 1.686


Trial 23: random Stimulus Selection
Stimulus: 0.588
Output value 2.155

Q+ parameters
slope: 0.379 semiSat: 0.560 beta: 1.500 sigma: 0.375 
maxBOLD estimate = 1.580


Trial 24: random Stimulus Selection
Stimulus: 0.216
Output value 0.216

Q+ parameters
slope: 1.000 semiSat: 0.450 beta: 0.500 sigma: 0.166 
maxBOLD estimate = 2.371


Trial 25: maxBOLD Stimulus Selection
Stimulus: 1.000
Output value 1.616

Q+ parameters
slope: 0.070 semiSat: 0.450 beta: 1.250 sigma: 0.323 
maxBOLD estimate = 1.185


Trial 26: random Stimulus Selection
Stimulus: 0.299
Output value 0.303

Q+ parameters
slope: 0.483 semiSat: 0.450 beta: 1.125 sigma: 0.271 
maxBOLD estimate = 1.482


Trial 27: random Stimulus Selection
Stimulus: 0.876
Output value 1.326

Q+ parameters
slope: 0.483 semiSat: 0.450 beta: 0.875 sigma: 0.218 
maxBOLD estimate = 1.667


Trial 28: random Stimulus Selection
Stimulus: 0.092
Output value 0.149

Q+ parameters
slope: 0.483 semiSat: 0.450 beta: 1.125 sigma: 0.271 
maxBOLD estimate = 1.459


Trial 29: random Stimulus Selection
Stimulus: 0.010
Output value 0.448

Q+ parameters
slope: 0.483 semiSat: 0.450 beta: 0.750 sigma: 0.166 
maxBOLD estimate = 1.641


Trial 30: baseline Stimulus Selection
Stimulus: 0.010
Output value 1.119

Q+ parameters
slope: 0.055 semiSat: 0.560 beta: 1.250 sigma: 0.375 
maxBOLD estimate = 1.231

--------------------------------------------------------------
FINAL VALUES
--------------------------------------------------------------
Simulated parameters:              slope: 0.410 semiSat: 0.570 beta: 1.000 sigma: 0.250 
Max posterior QUEST+ parameters:   slope: 0.483 semiSat: 0.450 beta: 0.750 sigma: 0.166 
Max BADS parameters:               slope: 0.858 semiSat: 0.521 beta: 1.000 sigma: 0.335 
maxBOLD estimate: 1.624
