/blue/stevenweisberg/stevenweisberg/MATLAB/projects/Weisberg_Aguirre_2020/scripts/run_sims
c31a-s1.ufhpc
Tue Apr  6 20:29:08 EDT 2021
mkdir: cannot create directory ‘/blue/stevenweisberg/stevenweisberg/qpfMRIResults/model_parameter_set2/’: File exists
cp: cannot stat ‘/blue/stevenweisberg/stevenweisberg/qpfMRIResults/deploy_sim.sh’: No such file or directory
cp: cannot stat ‘/blue/stevenweisberg/stevenweisberg/qpfMRIResults/sim_wrapper.sh’: No such file or directory
------------------------------------------
Setting up environment variables
---
LD_LIBRARY_PATH is .:/apps/matlab/mcr/2020b/v99/runtime/glnxa64:/apps/matlab/mcr/2020b/v99/bin/glnxa64:/apps/matlab/mcr/2020b/v99/sys/os/glnxa64:/apps/matlab/mcr/2020b/v99/sys/opengl/lib/glnxa64
Warning: Executing startup failed in matlabrc.
This indicates a potentially serious problem in your MATLAB setup, which should be resolved as soon as possible.  Error detected was:
MATLAB:mpath:PathAlterationNotSupported
Modifying the search path is not supported by MATLAB Compiler. Remove functions that modify the search path from your MATLAB code. To make files visible to your deployed application, add the parent folder to your MATLAB session.
Warning: No stimulus domain specified. Defaulting to values between 0.01 and 1.
> In qpfmriParams (line 182)
In compiledSimulate (line 205)
Stimulus domain added from input.
Parameter slope specified as 0.20000
Parameter semiSat specified as 0.57000
Parameter beta specified as 1.00000
Parameter sigma specified as 0.15000
seed = 99seed = 104seed = 111seed = 111seed = 115seed = 101Initializing Q+. This may take a minute...
Elapsed time is 9.373076 seconds.
Simulated parameters:
slope: 0.200 semiSat: 0.570 beta: 1.000 sigma: 0.150 

Trial 1: baseline Stimulus Selection
Stimulus: 0.010
Output value 0.000

Q+ parameters
slope: 0.026 semiSat: 0.890 beta: 0.500 sigma: 0.010 
maxBOLD estimate = 1.000


Trial 2: maxBOLD Stimulus Selection
Stimulus: 1.000
Output value 1.364

Q+ parameters
slope: 0.055 semiSat: 0.670 beta: 1.250 sigma: 0.010 
maxBOLD estimate = 1.000


Trial 3: baseline Stimulus Selection
Stimulus: 0.010
Output value 0.511

Q+ parameters
slope: 0.043 semiSat: 0.780 beta: 1.125 sigma: 0.218 
maxBOLD estimate = 1.250


Trial 4: maxBOLD Stimulus Selection
Stimulus: 1.000
Output value 1.918

Q+ parameters
slope: 0.055 semiSat: 0.670 beta: 1.250 sigma: 0.114 
maxBOLD estimate = 1.406


Trial 5: baseline Stimulus Selection
Stimulus: 0.010
Output value 0.400

Q+ parameters
slope: 0.043 semiSat: 0.780 beta: 1.250 sigma: 0.166 
maxBOLD estimate = 1.758


Trial 6: maxBOLD Stimulus Selection
Stimulus: 1.000
Output value 1.498

Q+ parameters
slope: 0.034 semiSat: 1.000 beta: 1.250 sigma: 0.114 
maxBOLD estimate = 2.197


Trial 7: random Stimulus Selection
Stimulus: 0.876
Output value 1.498

Q+ parameters
slope: 0.070 semiSat: 0.670 beta: 0.750 sigma: 0.062 
maxBOLD estimate = 2.747


Trial 8: random Stimulus Selection
Stimulus: 0.670
Output value 1.159

Q+ parameters
slope: 0.055 semiSat: 0.670 beta: 1.031 sigma: 0.114 
maxBOLD estimate = 2.060


Trial 9: random Stimulus Selection
Stimulus: 0.257
Output value -0.338

Q+ parameters
slope: 0.113 semiSat: 0.670 beta: 0.875 sigma: 0.114 
maxBOLD estimate = 2.124


Trial 10: baseline Stimulus Selection
Stimulus: 0.010
Output value -0.422

Q+ parameters
slope: 0.089 semiSat: 0.670 beta: 1.250 sigma: 0.114 
maxBOLD estimate = 1.859


Trial 11: random Stimulus Selection
Stimulus: 0.711
Output value 0.739

Q+ parameters
slope: 0.070 semiSat: 0.670 beta: 0.875 sigma: 0.114 
maxBOLD estimate = 2.323


Trial 12: random Stimulus Selection
Stimulus: 0.959
Output value 3.050

Q+ parameters
slope: 0.055 semiSat: 0.780 beta: 1.500 sigma: 0.114 
maxBOLD estimate = 2.033


Trial 13: random Stimulus Selection
Stimulus: 0.835
Output value 1.871

Q+ parameters
slope: 0.144 semiSat: 0.670 beta: 0.750 sigma: 0.114 
maxBOLD estimate = 3.050


Trial 14: random Stimulus Selection
Stimulus: 0.299
Output value 0.643

Q+ parameters
slope: 0.070 semiSat: 0.670 beta: 1.031 sigma: 0.114 
maxBOLD estimate = 2.287


Trial 15: maxBOLD Stimulus Selection
Stimulus: 1.000
Output value 1.715

Q+ parameters
slope: 0.055 semiSat: 0.670 beta: 1.000 sigma: 0.114 
maxBOLD estimate = 2.359


Trial 16: random Stimulus Selection
Stimulus: 0.381
Output value -0.442

Q+ parameters
slope: 0.070 semiSat: 0.670 beta: 1.031 sigma: 0.114 
maxBOLD estimate = 2.359


Trial 17: random Stimulus Selection
Stimulus: 0.753
Output value 2.488

Q+ parameters
slope: 0.234 semiSat: 0.670 beta: 0.938 sigma: 0.114 
maxBOLD estimate = 2.432


Trial 18: random Stimulus Selection
Stimulus: 0.753
Output value 2.332

Q+ parameters
slope: 0.089 semiSat: 0.560 beta: 0.938 sigma: 0.114 
maxBOLD estimate = 2.280


Trial 19: random Stimulus Selection
Stimulus: 0.876
Output value 2.405

Q+ parameters
slope: 0.089 semiSat: 0.560 beta: 1.031 sigma: 0.114 
maxBOLD estimate = 2.138


Trial 20: baseline Stimulus Selection
Stimulus: 0.010
Output value 0.752

Q+ parameters
slope: 0.298 semiSat: 0.670 beta: 0.750 sigma: 0.114 
maxBOLD estimate = 2.205


Trial 21: random Stimulus Selection
Stimulus: 0.134
Output value 0.939

Q+ parameters
slope: 0.234 semiSat: 0.670 beta: 1.250 sigma: 0.166 
maxBOLD estimate = 1.653


Trial 22: random Stimulus Selection
Stimulus: 0.505
Output value 0.352

Q+ parameters
slope: 0.234 semiSat: 0.670 beta: 0.938 sigma: 0.114 
maxBOLD estimate = 2.067


Trial 23: random Stimulus Selection
Stimulus: 0.835
Output value 3.171

Q+ parameters
slope: 0.070 semiSat: 0.670 beta: 1.500 sigma: 0.166 
maxBOLD estimate = 1.938


Trial 24: random Stimulus Selection
Stimulus: 0.505
Output value 0.495

Q+ parameters
slope: 0.043 semiSat: 0.780 beta: 0.938 sigma: 0.114 
maxBOLD estimate = 2.906


Trial 25: maxBOLD Stimulus Selection
Stimulus: 1.000
Output value 1.053

Q+ parameters
slope: 0.043 semiSat: 0.780 beta: 1.062 sigma: 0.114 
maxBOLD estimate = 2.725


Trial 26: random Stimulus Selection
Stimulus: 0.216
Output value -0.197

Q+ parameters
slope: 0.070 semiSat: 0.670 beta: 0.750 sigma: 0.114 
maxBOLD estimate = 2.895


Trial 27: random Stimulus Selection
Stimulus: 0.340
Output value 0.691

Q+ parameters
slope: 0.070 semiSat: 0.560 beta: 0.875 sigma: 0.114 
maxBOLD estimate = 2.171


Trial 28: random Stimulus Selection
Stimulus: 0.257
Output value 1.554

Q+ parameters
slope: 0.055 semiSat: 0.670 beta: 1.500 sigma: 0.166 
maxBOLD estimate = 1.900


Trial 29: random Stimulus Selection
Stimulus: 0.588
Output value 0.000

Q+ parameters
slope: 0.043 semiSat: 0.780 beta: 0.938 sigma: 0.114 
maxBOLD estimate = 2.850


Trial 30: baseline Stimulus Selection
Stimulus: 0.010
Output value 0.364

Q+ parameters
slope: 0.055 semiSat: 0.670 beta: 0.750 sigma: 0.114 
maxBOLD estimate = 2.672


Trial 31: random Stimulus Selection
Stimulus: 0.753
Output value 1.588

Q+ parameters
slope: 0.055 semiSat: 0.670 beta: 0.969 sigma: 0.114 
maxBOLD estimate = 2.004


Trial 32: random Stimulus Selection
Stimulus: 0.381
Output value 0.000

Q+ parameters
slope: 0.234 semiSat: 0.670 beta: 0.938 sigma: 0.166 
maxBOLD estimate = 1.941


Trial 33: random Stimulus Selection
Stimulus: 1.000
Output value 2.275

Q+ parameters
slope: 0.113 semiSat: 0.670 beta: 1.250 sigma: 0.166 
maxBOLD estimate = 1.820


Trial 34: random Stimulus Selection
Stimulus: 0.340
Output value -0.310

Q+ parameters
slope: 0.144 semiSat: 0.560 beta: 0.750 sigma: 0.114 
maxBOLD estimate = 2.275


Trial 35: maxBOLD Stimulus Selection
Stimulus: 1.000
Output value 2.094

Q+ parameters
slope: 0.113 semiSat: 0.670 beta: 1.500 sigma: 0.218 
maxBOLD estimate = 1.706


Trial 36: random Stimulus Selection
Stimulus: 0.546
Output value 0.523

Q+ parameters
slope: 0.070 semiSat: 0.670 beta: 0.750 sigma: 0.114 
maxBOLD estimate = 2.559


Trial 37: random Stimulus Selection
Stimulus: 0.216
Output value -0.153

Q+ parameters
slope: 0.089 semiSat: 0.560 beta: 0.875 sigma: 0.166 
maxBOLD estimate = 1.919


Trial 38: random Stimulus Selection
Stimulus: 0.216
Output value 0.229

Q+ parameters
slope: 0.089 semiSat: 0.670 beta: 1.500 sigma: 0.166 
maxBOLD estimate = 1.679


Trial 39: random Stimulus Selection
Stimulus: 0.464
Output value 0.515

Q+ parameters
slope: 0.070 semiSat: 0.670 beta: 0.750 sigma: 0.114 
maxBOLD estimate = 2.519


Trial 40: baseline Stimulus Selection
Stimulus: 0.010
Output value -0.301

Q+ parameters
slope: 0.113 semiSat: 0.560 beta: 0.875 sigma: 0.166 
maxBOLD estimate = 1.889


Trial 41: random Stimulus Selection
Stimulus: 0.753
Output value 0.160

Q+ parameters
slope: 0.113 semiSat: 0.670 beta: 1.062 sigma: 0.218 
maxBOLD estimate = 1.653


Trial 42: random Stimulus Selection
Stimulus: 0.340
Output value 0.000

Q+ parameters
slope: 0.113 semiSat: 0.670 beta: 1.250 sigma: 0.218 
maxBOLD estimate = 1.757


Trial 43: random Stimulus Selection
Stimulus: 0.423
Output value -0.150

Q+ parameters
slope: 0.144 semiSat: 0.560 beta: 0.750 sigma: 0.114 
maxBOLD estimate = 2.196


Trial 44: random Stimulus Selection
Stimulus: 0.918
Output value 1.123

Q+ parameters
slope: 0.113 semiSat: 0.670 beta: 1.500 sigma: 0.218 
maxBOLD estimate = 1.647


Trial 45: maxBOLD Stimulus Selection
Stimulus: 1.000
Output value 1.516

Q+ parameters
slope: 0.089 semiSat: 0.670 beta: 0.750 sigma: 0.114 
maxBOLD estimate = 2.470


Trial 46: random Stimulus Selection
Stimulus: 0.670
Output value 0.158

Q+ parameters
slope: 0.234 semiSat: 0.670 beta: 0.938 sigma: 0.218 
maxBOLD estimate = 1.853


Trial 47: random Stimulus Selection
Stimulus: 0.216
Output value -0.395

Q+ parameters
slope: 0.113 semiSat: 0.670 beta: 1.250 sigma: 0.218 
maxBOLD estimate = 1.737


Trial 48: random Stimulus Selection
Stimulus: 0.051
Output value 0.000

Q+ parameters
slope: 0.089 semiSat: 0.560 beta: 0.750 sigma: 0.114 
maxBOLD estimate = 2.171


Trial 49: random Stimulus Selection
Stimulus: 0.010
Output value -0.444

Q+ parameters
slope: 0.113 semiSat: 0.670 beta: 1.500 sigma: 0.218 
maxBOLD estimate = 1.628


Trial 50: baseline Stimulus Selection
Stimulus: 0.010
Output value -0.167

Q+ parameters
slope: 0.089 semiSat: 0.670 beta: 0.750 sigma: 0.114 
maxBOLD estimate = 2.442


Trial 51: random Stimulus Selection
Stimulus: 0.835
Output value 0.291

Q+ parameters
slope: 0.113 semiSat: 0.560 beta: 0.875 sigma: 0.166 
maxBOLD estimate = 1.832


Trial 52: random Stimulus Selection
Stimulus: 0.216
Output value 0.874

Q+ parameters
slope: 0.113 semiSat: 0.670 beta: 1.500 sigma: 0.218 
maxBOLD estimate = 1.603


Trial 53: random Stimulus Selection
Stimulus: 0.340
Output value -0.328

Q+ parameters
slope: 0.089 semiSat: 0.670 beta: 0.750 sigma: 0.114 
maxBOLD estimate = 2.404


Trial 54: random Stimulus Selection
Stimulus: 0.299
Output value -0.287

Q+ parameters
slope: 0.183 semiSat: 0.560 beta: 0.875 sigma: 0.166 
maxBOLD estimate = 1.803


Trial 55: maxBOLD Stimulus Selection
Stimulus: 1.000
Output value 0.377

Q+ parameters
slope: 0.234 semiSat: 0.560 beta: 0.875 sigma: 0.218 
maxBOLD estimate = 1.578


Trial 56: random Stimulus Selection
Stimulus: 0.546
Output value 1.130

Q+ parameters
slope: 0.113 semiSat: 0.670 beta: 1.500 sigma: 0.218 
maxBOLD estimate = 1.381


Trial 57: random Stimulus Selection
Stimulus: 0.010
Output value 0.000

Q+ parameters
slope: 0.144 semiSat: 0.560 beta: 0.750 sigma: 0.166 
maxBOLD estimate = 2.071


Trial 58: random Stimulus Selection
Stimulus: 0.134
Output value 0.000

Q+ parameters
slope: 0.113 semiSat: 0.670 beta: 1.500 sigma: 0.218 
maxBOLD estimate = 1.553


Trial 59: random Stimulus Selection
Stimulus: 0.753
Output value 1.271

Q+ parameters
slope: 0.089 semiSat: 0.670 beta: 0.750 sigma: 0.114 
maxBOLD estimate = 2.330


Trial 60: baseline Stimulus Selection
Stimulus: 0.010
Output value 0.397

Q+ parameters
slope: 0.144 semiSat: 0.670 beta: 1.250 sigma: 0.218 
maxBOLD estimate = 1.747


Trial 61: random Stimulus Selection
Stimulus: 0.876
Output value 1.042

Q+ parameters
slope: 0.298 semiSat: 0.670 beta: 0.750 sigma: 0.166 
maxBOLD estimate = 2.184


Trial 62: random Stimulus Selection
Stimulus: 0.464
Output value 1.787

Q+ parameters
slope: 0.113 semiSat: 0.670 beta: 1.500 sigma: 0.218 
maxBOLD estimate = 1.638


Trial 63: random Stimulus Selection
Stimulus: 0.010
Output value 0.503

Q+ parameters
slope: 0.089 semiSat: 0.670 beta: 0.750 sigma: 0.114 
maxBOLD estimate = 2.457


Trial 64: random Stimulus Selection
Stimulus: 0.629
Output value 1.466

Q+ parameters
slope: 0.113 semiSat: 0.560 beta: 0.875 sigma: 0.166 
maxBOLD estimate = 1.843


Trial 65: maxBOLD Stimulus Selection
Stimulus: 1.000
Output value 2.639

Q+ parameters
slope: 0.113 semiSat: 0.670 beta: 1.500 sigma: 0.218 
maxBOLD estimate = 1.612


Trial 66: random Stimulus Selection
Stimulus: 0.918
Output value 1.154

Q+ parameters
slope: 0.089 semiSat: 0.670 beta: 0.750 sigma: 0.114 
maxBOLD estimate = 2.419


Trial 67: random Stimulus Selection
Stimulus: 0.918
Output value 1.010

Q+ parameters
slope: 0.113 semiSat: 0.560 beta: 0.875 sigma: 0.166 
maxBOLD estimate = 1.814


Trial 68: random Stimulus Selection
Stimulus: 0.051
Output value 0.000

Q+ parameters
slope: 0.113 semiSat: 0.670 beta: 1.500 sigma: 0.218 
maxBOLD estimate = 1.587


Trial 69: random Stimulus Selection
Stimulus: 0.134
Output value 1.136

Q+ parameters
slope: 0.089 semiSat: 0.670 beta: 0.750 sigma: 0.166 
maxBOLD estimate = 2.381


Trial 70: baseline Stimulus Selection
Stimulus: 0.010
Output value 0.731

Q+ parameters
slope: 0.234 semiSat: 0.560 beta: 0.750 sigma: 0.166 
maxBOLD estimate = 1.786


Trial 71: random Stimulus Selection
Stimulus: 0.753
Output value 1.644

Q+ parameters
slope: 0.113 semiSat: 0.670 beta: 1.500 sigma: 0.218 
maxBOLD estimate = 1.339


Trial 72: random Stimulus Selection
Stimulus: 0.876
Output value 1.370

Q+ parameters
slope: 0.183 semiSat: 0.560 beta: 0.750 sigma: 0.166 
maxBOLD estimate = 2.009


Trial 73: random Stimulus Selection
Stimulus: 0.753
Output value 2.260

Q+ parameters
slope: 0.113 semiSat: 0.670 beta: 1.500 sigma: 0.218 
maxBOLD estimate = 1.507


Trial 74: random Stimulus Selection
Stimulus: 0.134
Output value -0.154

Q+ parameters
slope: 0.089 semiSat: 0.670 beta: 0.750 sigma: 0.114 
maxBOLD estimate = 2.260


Trial 75: maxBOLD Stimulus Selection
Stimulus: 1.000
Output value 2.774

Q+ parameters
slope: 0.144 semiSat: 0.670 beta: 1.500 sigma: 0.218 
maxBOLD estimate = 1.695


Trial 76: random Stimulus Selection
Stimulus: 0.381
Output value -0.116

Q+ parameters
slope: 1.000 semiSat: 0.560 beta: 0.500 sigma: 0.114 
maxBOLD estimate = 2.543


Trial 77: random Stimulus Selection
Stimulus: 0.670
Output value 1.474

Q+ parameters
slope: 0.234 semiSat: 0.560 beta: 1.062 sigma: 0.218 
maxBOLD estimate = 1.271


Trial 78: random Stimulus Selection
Stimulus: 0.340
Output value -0.261

Q+ parameters
slope: 0.234 semiSat: 0.560 beta: 1.062 sigma: 0.218 
maxBOLD estimate = 1.351


Trial 79: random Stimulus Selection
Stimulus: 1.000
Output value 1.663

Q+ parameters
slope: 0.234 semiSat: 0.560 beta: 1.062 sigma: 0.218 
maxBOLD estimate = 1.435


Trial 80: baseline Stimulus Selection
Stimulus: 0.010
Output value 0.000

Q+ parameters
slope: 0.234 semiSat: 0.560 beta: 1.062 sigma: 0.218 
maxBOLD estimate = 1.525


Trial 81: random Stimulus Selection
Stimulus: 0.381
Output value 1.105

Q+ parameters
slope: 0.113 semiSat: 0.670 beta: 1.500 sigma: 0.218 
maxBOLD estimate = 1.620


Trial 82: random Stimulus Selection
Stimulus: 0.340
Output value 0.331

Q+ parameters
slope: 0.089 semiSat: 0.670 beta: 0.750 sigma: 0.114 
maxBOLD estimate = 2.430


Trial 83: random Stimulus Selection
Stimulus: 0.051
Output value 0.870

Q+ parameters
slope: 0.234 semiSat: 0.560 beta: 0.875 sigma: 0.218 
maxBOLD estimate = 1.823


Trial 84: random Stimulus Selection
Stimulus: 0.216
Output value 1.740

Q+ parameters
slope: 0.070 semiSat: 0.670 beta: 1.500 sigma: 0.218 
maxBOLD estimate = 1.595


Trial 85: maxBOLD Stimulus Selection
Stimulus: 1.000
Output value 1.631

Q+ parameters
slope: 0.089 semiSat: 0.670 beta: 0.750 sigma: 0.114 
maxBOLD estimate = 2.392


Trial 86: random Stimulus Selection
Stimulus: 0.216
Output value 0.428

Q+ parameters
slope: 0.234 semiSat: 0.560 beta: 0.875 sigma: 0.166 
maxBOLD estimate = 1.794


Trial 87: random Stimulus Selection
Stimulus: 0.711
Output value 2.569

Q+ parameters
slope: 0.144 semiSat: 0.670 beta: 1.500 sigma: 0.218 
maxBOLD estimate = 1.570


Trial 88: random Stimulus Selection
Stimulus: 0.216
Output value 0.161

Q+ parameters
slope: 0.089 semiSat: 0.670 beta: 0.750 sigma: 0.114 
maxBOLD estimate = 2.355


Trial 89: random Stimulus Selection
Stimulus: 0.092
Output value 0.281

Q+ parameters
slope: 0.234 semiSat: 0.560 beta: 0.875 sigma: 0.166 
maxBOLD estimate = 1.766


Trial 90: baseline Stimulus Selection
Stimulus: 0.010
Output value -0.421

Q+ parameters
slope: 0.113 semiSat: 0.670 beta: 1.500 sigma: 0.218 
maxBOLD estimate = 1.545


Trial 91: random Stimulus Selection
Stimulus: 0.010
Output value 0.158

Q+ parameters
slope: 0.089 semiSat: 0.670 beta: 0.750 sigma: 0.114 
maxBOLD estimate = 2.318


Trial 92: random Stimulus Selection
Stimulus: 0.010
Output value 0.000

Q+ parameters
slope: 0.234 semiSat: 0.560 beta: 0.875 sigma: 0.166 
maxBOLD estimate = 1.739


Trial 93: random Stimulus Selection
Stimulus: 0.670
Output value 1.660

Q+ parameters
slope: 0.144 semiSat: 0.670 beta: 1.500 sigma: 0.218 
maxBOLD estimate = 1.521


Trial 94: random Stimulus Selection
Stimulus: 0.711
Output value 1.400

Q+ parameters
slope: 0.234 semiSat: 0.560 beta: 0.750 sigma: 0.166 
maxBOLD estimate = 2.282


Trial 95: maxBOLD Stimulus Selection
Stimulus: 1.000
Output value 1.089

Q+ parameters
slope: 0.298 semiSat: 0.560 beta: 0.875 sigma: 0.166 
maxBOLD estimate = 1.711


Trial 96: random Stimulus Selection
Stimulus: 0.340
Output value -0.204

Q+ parameters
slope: 0.144 semiSat: 0.670 beta: 1.500 sigma: 0.218 
maxBOLD estimate = 1.497


Trial 97: random Stimulus Selection
Stimulus: 0.918
Output value 0.919

Q+ parameters
slope: 0.234 semiSat: 0.560 beta: 0.750 sigma: 0.114 
maxBOLD estimate = 2.246


Trial 98: random Stimulus Selection
Stimulus: 0.629
Output value 1.780

Q+ parameters
slope: 0.379 semiSat: 0.560 beta: 0.969 sigma: 0.218 
maxBOLD estimate = 1.685


Trial 99: random Stimulus Selection
Stimulus: 0.175
Output value 0.000

Q+ parameters
slope: 0.144 semiSat: 0.670 beta: 1.500 sigma: 0.218 
maxBOLD estimate = 1.632


Trial 100: baseline Stimulus Selection
Stimulus: 0.010
Output value 0.111

Q+ parameters
slope: 1.000 semiSat: 0.560 beta: 0.500 sigma: 0.114 
maxBOLD estimate = 2.448

--------------------------------------------------------------
FINAL VALUES
--------------------------------------------------------------
Simulated parameters:              slope: 0.200 semiSat: 0.570 beta: 1.000 sigma: 0.150 
Max posterior QUEST+ parameters:   slope: 0.234 semiSat: 0.560 beta: 1.125 sigma: 0.218 
Max BADS parameters:               slope: 1.000 semiSat: 0.597 beta: 1.000 sigma: 0.189 
maxBOLD estimate: 1.534
