/blue/stevenweisberg/stevenweisberg/MATLAB/projects/Weisberg_Aguirre_2020/scripts/run_sims
c0706a-s6.ufhpc
Wed Apr  7 10:02:34 EDT 2021
mkdir: cannot create directory ‘/blue/stevenweisberg/stevenweisberg/qpfMRIResults/model_parameter_set2/’: File exists
cp: cannot stat ‘/blue/stevenweisberg/stevenweisberg/qpfMRIResults/deploy_sim.sh’: No such file or directory
cp: cannot stat ‘/blue/stevenweisberg/stevenweisberg/qpfMRIResults/sim_wrapper.sh’: No such file or directory
------------------------------------------
Setting up environment variables
---
LD_LIBRARY_PATH is .:/apps/matlab/mcr/2020b/v99/runtime/glnxa64:/apps/matlab/mcr/2020b/v99/bin/glnxa64:/apps/matlab/mcr/2020b/v99/sys/os/glnxa64:/apps/matlab/mcr/2020b/v99/sys/opengl/lib/glnxa64
Warning: Executing startup failed in matlabrc.
This indicates a potentially serious problem in your MATLAB setup, which should be resolved as soon as possible.  Error detected was:
MATLAB:mpath:PathAlterationNotSupported
Modifying the search path is not supported by MATLAB Compiler. Remove functions that modify the search path from your MATLAB code. To make files visible to your deployed application, add the parent folder to your MATLAB session.
Warning: No stimulus domain specified. Defaulting to values between 0.01 and 1.
> In qpfmriParams (line 182)
In compiledSimulate (line 205)
Stimulus domain added from input.
Parameter slope specified as 0.20000
Parameter semiSat specified as 0.57000
Parameter beta specified as 1.00000
Parameter sigma specified as 0.05000
seed = 99seed = 104seed = 111seed = 111seed = 115seed = 101Initializing Q+. This may take a minute...
Elapsed time is 7.574954 seconds.
Simulated parameters:
slope: 0.200 semiSat: 0.570 beta: 1.000 sigma: 0.050 

Trial 1: baseline Stimulus Selection
Stimulus: 0.010
Output value 0.000

Q+ parameters
slope: 0.026 semiSat: 0.890 beta: 0.500 sigma: 0.010 
maxBOLD estimate = 1.000


Trial 2: maxBOLD Stimulus Selection
Stimulus: 1.000
Output value 1.364

Q+ parameters
slope: 0.055 semiSat: 0.670 beta: 1.250 sigma: 0.010 
maxBOLD estimate = 1.000


Trial 3: baseline Stimulus Selection
Stimulus: 0.010
Output value -0.142

Q+ parameters
slope: 0.055 semiSat: 0.670 beta: 1.250 sigma: 0.062 
maxBOLD estimate = 1.250


Trial 4: maxBOLD Stimulus Selection
Stimulus: 1.000
Output value 1.918

Q+ parameters
slope: 0.055 semiSat: 0.670 beta: 1.125 sigma: 0.062 
maxBOLD estimate = 1.562


Trial 5: baseline Stimulus Selection
Stimulus: 0.010
Output value 0.180

Q+ parameters
slope: 0.043 semiSat: 0.780 beta: 1.125 sigma: 0.062 
maxBOLD estimate = 1.758


Trial 6: maxBOLD Stimulus Selection
Stimulus: 1.000
Output value 1.124

Q+ parameters
slope: 0.034 semiSat: 1.000 beta: 1.250 sigma: 0.062 
maxBOLD estimate = 1.978


Trial 7: qplus Stimulus Selection
Stimulus: 0.711
Output value 0.787

Q+ parameters
slope: 0.785 semiSat: 0.120 beta: 0.500 sigma: 0.062 
maxBOLD estimate = 2.472


Trial 8: qplus Stimulus Selection
Stimulus: 0.299
Output value 0.169

Q+ parameters
slope: 0.089 semiSat: 0.560 beta: 1.500 sigma: 0.062 
maxBOLD estimate = 1.236


Trial 9: qplus Stimulus Selection
Stimulus: 0.464
Output value 0.253

Q+ parameters
slope: 0.183 semiSat: 0.560 beta: 0.750 sigma: 0.062 
maxBOLD estimate = 1.854


Trial 10: baseline Stimulus Selection
Stimulus: 0.010
Output value 0.142

Q+ parameters
slope: 0.183 semiSat: 0.560 beta: 1.125 sigma: 0.062 
maxBOLD estimate = 1.390


Trial 11: qplus Stimulus Selection
Stimulus: 0.588
Output value 1.067

Q+ parameters
slope: 0.234 semiSat: 0.560 beta: 0.938 sigma: 0.062 
maxBOLD estimate = 1.564


Trial 12: qplus Stimulus Selection
Stimulus: 0.505
Output value 0.000

Q+ parameters
slope: 0.234 semiSat: 0.560 beta: 1.000 sigma: 0.062 
maxBOLD estimate = 1.466


Trial 13: qplus Stimulus Selection
Stimulus: 0.588
Output value 0.667

Q+ parameters
slope: 0.234 semiSat: 0.560 beta: 1.000 sigma: 0.062 
maxBOLD estimate = 1.466


Trial 14: qplus Stimulus Selection
Stimulus: 0.670
Output value 0.817

Q+ parameters
slope: 0.298 semiSat: 0.560 beta: 0.875 sigma: 0.062 
maxBOLD estimate = 1.466


Trial 15: maxBOLD Stimulus Selection
Stimulus: 1.000
Output value 1.050

Q+ parameters
slope: 0.234 semiSat: 0.560 beta: 1.000 sigma: 0.062 
maxBOLD estimate = 1.283


Trial 16: qplus Stimulus Selection
Stimulus: 0.505
Output value 0.248

Q+ parameters
slope: 0.183 semiSat: 0.560 beta: 1.062 sigma: 0.062 
maxBOLD estimate = 1.283


Trial 17: qplus Stimulus Selection
Stimulus: 0.505
Output value 0.124

Q+ parameters
slope: 0.234 semiSat: 0.560 beta: 1.000 sigma: 0.062 
maxBOLD estimate = 1.363


Trial 18: qplus Stimulus Selection
Stimulus: 0.546
Output value 0.480

Q+ parameters
slope: 0.298 semiSat: 0.560 beta: 0.969 sigma: 0.062 
maxBOLD estimate = 1.363


Trial 19: qplus Stimulus Selection
Stimulus: 0.629
Output value 1.047

Q+ parameters
slope: 0.298 semiSat: 0.560 beta: 0.969 sigma: 0.062 
maxBOLD estimate = 1.321


Trial 20: baseline Stimulus Selection
Stimulus: 0.010
Output value -0.124

Q+ parameters
slope: 0.298 semiSat: 0.560 beta: 1.062 sigma: 0.062 
maxBOLD estimate = 1.280


Trial 21: qplus Stimulus Selection
Stimulus: 0.588
Output value 1.078

Q+ parameters
slope: 0.298 semiSat: 0.560 beta: 0.969 sigma: 0.062 
maxBOLD estimate = 1.359


Trial 22: qplus Stimulus Selection
Stimulus: 0.546
Output value 0.348

Q+ parameters
slope: 0.298 semiSat: 0.560 beta: 0.969 sigma: 0.062 
maxBOLD estimate = 1.317


Trial 23: qplus Stimulus Selection
Stimulus: 0.711
Output value 1.348

Q+ parameters
slope: 0.298 semiSat: 0.560 beta: 0.969 sigma: 0.062 
maxBOLD estimate = 1.276


Trial 24: qplus Stimulus Selection
Stimulus: 0.546
Output value 0.109

Q+ parameters
slope: 0.298 semiSat: 0.560 beta: 0.969 sigma: 0.062 
maxBOLD estimate = 1.236


Trial 25: maxBOLD Stimulus Selection
Stimulus: 1.000
Output value 1.388

Q+ parameters
slope: 0.298 semiSat: 0.560 beta: 1.062 sigma: 0.062 
maxBOLD estimate = 1.197


Trial 26: qplus Stimulus Selection
Stimulus: 0.588
Output value 0.784

Q+ parameters
slope: 0.298 semiSat: 0.560 beta: 0.969 sigma: 0.062 
maxBOLD estimate = 1.272


Trial 27: qplus Stimulus Selection
Stimulus: 0.546
Output value -0.238

Q+ parameters
slope: 0.379 semiSat: 0.560 beta: 1.062 sigma: 0.114 
maxBOLD estimate = 1.232


Trial 28: qplus Stimulus Selection
Stimulus: 0.588
Output value 1.153

Q+ parameters
slope: 0.298 semiSat: 0.560 beta: 0.969 sigma: 0.062 
maxBOLD estimate = 1.309


Trial 29: qplus Stimulus Selection
Stimulus: 0.588
Output value 0.447

Q+ parameters
slope: 0.298 semiSat: 0.560 beta: 0.969 sigma: 0.062 
maxBOLD estimate = 1.269


Trial 30: baseline Stimulus Selection
Stimulus: 0.010
Output value -0.119

Q+ parameters
slope: 0.298 semiSat: 0.560 beta: 1.062 sigma: 0.062 
maxBOLD estimate = 1.229


Trial 31: qplus Stimulus Selection
Stimulus: 0.588
Output value 0.805

Q+ parameters
slope: 0.298 semiSat: 0.560 beta: 0.969 sigma: 0.062 
maxBOLD estimate = 1.306


Trial 32: qplus Stimulus Selection
Stimulus: 0.711
Output value 1.337

Q+ parameters
slope: 0.298 semiSat: 0.560 beta: 0.969 sigma: 0.062 
maxBOLD estimate = 1.265


Trial 33: qplus Stimulus Selection
Stimulus: 0.546
Output value 0.710

Q+ parameters
slope: 0.298 semiSat: 0.560 beta: 1.062 sigma: 0.062 
maxBOLD estimate = 1.225


Trial 34: qplus Stimulus Selection
Stimulus: 0.588
Output value 0.573

Q+ parameters
slope: 0.298 semiSat: 0.560 beta: 0.969 sigma: 0.062 
maxBOLD estimate = 1.302


Trial 35: maxBOLD Stimulus Selection
Stimulus: 1.000
Output value 1.333

Q+ parameters
slope: 0.298 semiSat: 0.560 beta: 0.969 sigma: 0.062 
maxBOLD estimate = 1.261


Trial 36: qplus Stimulus Selection
Stimulus: 0.546
Output value 0.323

Q+ parameters
slope: 0.298 semiSat: 0.560 beta: 0.969 sigma: 0.062 
maxBOLD estimate = 1.222


Trial 37: qplus Stimulus Selection
Stimulus: 0.546
Output value 0.343

Q+ parameters
slope: 0.298 semiSat: 0.560 beta: 1.062 sigma: 0.062 
maxBOLD estimate = 1.184


Trial 38: qplus Stimulus Selection
Stimulus: 0.588
Output value 0.222

Q+ parameters
slope: 0.298 semiSat: 0.560 beta: 0.969 sigma: 0.114 
maxBOLD estimate = 1.258


Trial 39: qplus Stimulus Selection
Stimulus: 0.546
Output value 0.429

Q+ parameters
slope: 0.298 semiSat: 0.560 beta: 0.969 sigma: 0.062 
maxBOLD estimate = 1.218


Trial 40: baseline Stimulus Selection
Stimulus: 0.010
Output value 0.000

Q+ parameters
slope: 0.298 semiSat: 0.560 beta: 0.969 sigma: 0.062 
maxBOLD estimate = 1.180


Trial 41: qplus Stimulus Selection
Stimulus: 0.546
Output value 0.663

Q+ parameters
slope: 0.298 semiSat: 0.560 beta: 1.062 sigma: 0.062 
maxBOLD estimate = 1.143


Trial 42: qplus Stimulus Selection
Stimulus: 0.505
Output value -0.117

Q+ parameters
slope: 0.298 semiSat: 0.560 beta: 1.062 sigma: 0.114 
maxBOLD estimate = 1.215


Trial 43: qplus Stimulus Selection
Stimulus: 0.588
Output value 0.568

Q+ parameters
slope: 0.298 semiSat: 0.560 beta: 0.969 sigma: 0.062 
maxBOLD estimate = 1.291


Trial 44: qplus Stimulus Selection
Stimulus: 0.546
Output value 0.440

Q+ parameters
slope: 0.298 semiSat: 0.560 beta: 0.969 sigma: 0.062 
maxBOLD estimate = 1.250


Trial 45: maxBOLD Stimulus Selection
Stimulus: 1.000
Output value 1.280

Q+ parameters
slope: 0.298 semiSat: 0.560 beta: 0.969 sigma: 0.062 
maxBOLD estimate = 1.211


Trial 46: qplus Stimulus Selection
Stimulus: 0.546
Output value 0.340

Q+ parameters
slope: 0.183 semiSat: 0.560 beta: 1.062 sigma: 0.062 
maxBOLD estimate = 1.174


Trial 47: qplus Stimulus Selection
Stimulus: 0.505
Output value 0.329

Q+ parameters
slope: 0.298 semiSat: 0.560 beta: 0.969 sigma: 0.062 
maxBOLD estimate = 1.247


Trial 48: qplus Stimulus Selection
Stimulus: 0.546
Output value 0.817

Q+ parameters
slope: 0.183 semiSat: 0.560 beta: 1.062 sigma: 0.062 
maxBOLD estimate = 1.208


Trial 49: qplus Stimulus Selection
Stimulus: 0.505
Output value 0.452

Q+ parameters
slope: 0.298 semiSat: 0.560 beta: 0.969 sigma: 0.062 
maxBOLD estimate = 1.283


Trial 50: baseline Stimulus Selection
Stimulus: 0.010
Output value -0.120

Q+ parameters
slope: 0.183 semiSat: 0.560 beta: 1.062 sigma: 0.062 
maxBOLD estimate = 1.243


Trial 51: qplus Stimulus Selection
Stimulus: 0.505
Output value 0.116

Q+ parameters
slope: 0.298 semiSat: 0.560 beta: 0.969 sigma: 0.062 
maxBOLD estimate = 1.321


Trial 52: qplus Stimulus Selection
Stimulus: 0.711
Output value 1.352

Q+ parameters
slope: 0.298 semiSat: 0.560 beta: 0.969 sigma: 0.062 
maxBOLD estimate = 1.280


Trial 53: qplus Stimulus Selection
Stimulus: 0.546
Output value 0.359

Q+ parameters
slope: 0.183 semiSat: 0.560 beta: 1.062 sigma: 0.062 
maxBOLD estimate = 1.240


Trial 54: qplus Stimulus Selection
Stimulus: 0.464
Output value 0.232

Q+ parameters
slope: 0.298 semiSat: 0.560 beta: 0.969 sigma: 0.062 
maxBOLD estimate = 1.317


Trial 55: maxBOLD Stimulus Selection
Stimulus: 1.000
Output value 1.349

Q+ parameters
slope: 0.298 semiSat: 0.560 beta: 0.969 sigma: 0.062 
maxBOLD estimate = 1.276


Trial 56: qplus Stimulus Selection
Stimulus: 0.546
Output value 0.955

Q+ parameters
slope: 0.183 semiSat: 0.560 beta: 1.062 sigma: 0.062 
maxBOLD estimate = 1.236


Trial 57: qplus Stimulus Selection
Stimulus: 0.588
Output value 0.463

Q+ parameters
slope: 0.298 semiSat: 0.560 beta: 0.969 sigma: 0.062 
maxBOLD estimate = 1.313


Trial 58: qplus Stimulus Selection
Stimulus: 0.546
Output value 0.614

Q+ parameters
slope: 0.183 semiSat: 0.560 beta: 1.062 sigma: 0.062 
maxBOLD estimate = 1.272


Trial 59: qplus Stimulus Selection
Stimulus: 0.505
Output value 0.238

Q+ parameters
slope: 0.298 semiSat: 0.560 beta: 0.969 sigma: 0.062 
maxBOLD estimate = 1.352


Trial 60: baseline Stimulus Selection
Stimulus: 0.010
Output value 0.115

Q+ parameters
slope: 0.298 semiSat: 0.560 beta: 0.969 sigma: 0.062 
maxBOLD estimate = 1.310


Trial 61: qplus Stimulus Selection
Stimulus: 0.711
Output value 1.341

Q+ parameters
slope: 0.298 semiSat: 0.560 beta: 0.969 sigma: 0.062 
maxBOLD estimate = 1.269


Trial 62: qplus Stimulus Selection
Stimulus: 0.546
Output value 0.594

Q+ parameters
slope: 0.183 semiSat: 0.560 beta: 1.062 sigma: 0.062 
maxBOLD estimate = 1.229


Trial 63: qplus Stimulus Selection
Stimulus: 0.505
Output value 0.575

Q+ parameters
slope: 0.298 semiSat: 0.560 beta: 0.969 sigma: 0.062 
maxBOLD estimate = 1.306


Trial 64: qplus Stimulus Selection
Stimulus: 0.546
Output value 0.733

Q+ parameters
slope: 0.183 semiSat: 0.560 beta: 1.062 sigma: 0.062 
maxBOLD estimate = 1.265


Trial 65: maxBOLD Stimulus Selection
Stimulus: 1.000
Output value 1.421

Q+ parameters
slope: 0.298 semiSat: 0.560 beta: 0.969 sigma: 0.062 
maxBOLD estimate = 1.344


Trial 66: qplus Stimulus Selection
Stimulus: 0.629
Output value 1.147

Q+ parameters
slope: 0.298 semiSat: 0.560 beta: 0.969 sigma: 0.062 
maxBOLD estimate = 1.302


Trial 67: qplus Stimulus Selection
Stimulus: 0.546
Output value 0.244

Q+ parameters
slope: 0.183 semiSat: 0.560 beta: 1.062 sigma: 0.062 
maxBOLD estimate = 1.261


Trial 68: qplus Stimulus Selection
Stimulus: 0.505
Output value 0.354

Q+ parameters
slope: 0.298 semiSat: 0.560 beta: 0.969 sigma: 0.062 
maxBOLD estimate = 1.340


Trial 69: qplus Stimulus Selection
Stimulus: 0.423
Output value 0.229

Q+ parameters
slope: 0.298 semiSat: 0.560 beta: 0.969 sigma: 0.062 
maxBOLD estimate = 1.298


Trial 70: baseline Stimulus Selection
Stimulus: 0.010
Output value 0.000

Q+ parameters
slope: 0.183 semiSat: 0.560 beta: 1.062 sigma: 0.062 
maxBOLD estimate = 1.258


Trial 71: qplus Stimulus Selection
Stimulus: 0.464
Output value 0.000

Q+ parameters
slope: 0.298 semiSat: 0.560 beta: 0.969 sigma: 0.062 
maxBOLD estimate = 1.336


Trial 72: qplus Stimulus Selection
Stimulus: 0.711
Output value 1.140

Q+ parameters
slope: 0.298 semiSat: 0.560 beta: 0.969 sigma: 0.062 
maxBOLD estimate = 1.295


Trial 73: qplus Stimulus Selection
Stimulus: 0.546
Output value 0.363

Q+ parameters
slope: 0.183 semiSat: 0.560 beta: 1.062 sigma: 0.062 
maxBOLD estimate = 1.254


Trial 74: qplus Stimulus Selection
Stimulus: 0.464
Output value 0.235

Q+ parameters
slope: 0.298 semiSat: 0.560 beta: 0.969 sigma: 0.062 
maxBOLD estimate = 1.333


Trial 75: maxBOLD Stimulus Selection
Stimulus: 1.000
Output value 1.496

Q+ parameters
slope: 0.183 semiSat: 0.560 beta: 1.062 sigma: 0.062 
maxBOLD estimate = 1.291


Trial 76: qplus Stimulus Selection
Stimulus: 0.505
Output value 0.242

Q+ parameters
slope: 0.298 semiSat: 0.560 beta: 0.969 sigma: 0.062 
maxBOLD estimate = 1.372


Trial 77: qplus Stimulus Selection
Stimulus: 0.711
Output value 1.053

Q+ parameters
slope: 0.298 semiSat: 0.560 beta: 0.969 sigma: 0.062 
maxBOLD estimate = 1.329


Trial 78: qplus Stimulus Selection
Stimulus: 0.546
Output value 0.373

Q+ parameters
slope: 0.183 semiSat: 0.560 beta: 1.062 sigma: 0.062 
maxBOLD estimate = 1.287


Trial 79: qplus Stimulus Selection
Stimulus: 0.505
Output value 0.241

Q+ parameters
slope: 0.298 semiSat: 0.560 beta: 0.969 sigma: 0.062 
maxBOLD estimate = 1.368


Trial 80: baseline Stimulus Selection
Stimulus: 0.010
Output value 0.233

Q+ parameters
slope: 0.298 semiSat: 0.560 beta: 0.969 sigma: 0.062 
maxBOLD estimate = 1.325


Trial 81: qplus Stimulus Selection
Stimulus: 0.711
Output value 1.488

Q+ parameters
slope: 0.183 semiSat: 0.560 beta: 1.062 sigma: 0.062 
maxBOLD estimate = 1.284


Trial 82: qplus Stimulus Selection
Stimulus: 0.464
Output value 0.240

Q+ parameters
slope: 0.298 semiSat: 0.560 beta: 0.969 sigma: 0.062 
maxBOLD estimate = 1.364


Trial 83: qplus Stimulus Selection
Stimulus: 0.711
Output value 1.396

Q+ parameters
slope: 0.298 semiSat: 0.560 beta: 0.969 sigma: 0.062 
maxBOLD estimate = 1.321


Trial 84: qplus Stimulus Selection
Stimulus: 0.546
Output value 0.618

Q+ parameters
slope: 0.183 semiSat: 0.560 beta: 1.062 sigma: 0.062 
maxBOLD estimate = 1.280


Trial 85: maxBOLD Stimulus Selection
Stimulus: 1.000
Output value 1.437

Q+ parameters
slope: 0.298 semiSat: 0.560 beta: 0.969 sigma: 0.062 
maxBOLD estimate = 1.360


Trial 86: qplus Stimulus Selection
Stimulus: 0.711
Output value 1.044

Q+ parameters
slope: 0.298 semiSat: 0.560 beta: 0.969 sigma: 0.062 
maxBOLD estimate = 1.317


Trial 87: qplus Stimulus Selection
Stimulus: 0.546
Output value 0.616

Q+ parameters
slope: 0.183 semiSat: 0.560 beta: 1.062 sigma: 0.062 
maxBOLD estimate = 1.276


Trial 88: qplus Stimulus Selection
Stimulus: 0.794
Output value 1.433

Q+ parameters
slope: 0.298 semiSat: 0.560 beta: 0.969 sigma: 0.062 
maxBOLD estimate = 1.356


Trial 89: qplus Stimulus Selection
Stimulus: 0.423
Output value -0.116

Q+ parameters
slope: 0.298 semiSat: 0.560 beta: 0.969 sigma: 0.062 
maxBOLD estimate = 1.314


Trial 90: baseline Stimulus Selection
Stimulus: 0.010
Output value -0.123

Q+ parameters
slope: 0.183 semiSat: 0.560 beta: 1.062 sigma: 0.062 
maxBOLD estimate = 1.273


Trial 91: qplus Stimulus Selection
Stimulus: 0.588
Output value 1.072

Q+ parameters
slope: 0.298 semiSat: 0.560 beta: 0.969 sigma: 0.062 
maxBOLD estimate = 1.352


Trial 92: qplus Stimulus Selection
Stimulus: 0.546
Output value -0.115

Q+ parameters
slope: 0.298 semiSat: 0.560 beta: 0.969 sigma: 0.062 
maxBOLD estimate = 1.310


Trial 93: qplus Stimulus Selection
Stimulus: 0.546
Output value 0.858

Q+ parameters
slope: 0.183 semiSat: 0.560 beta: 1.062 sigma: 0.062 
maxBOLD estimate = 1.269


Trial 94: qplus Stimulus Selection
Stimulus: 0.464
Output value -0.119

Q+ parameters
slope: 0.298 semiSat: 0.560 beta: 0.969 sigma: 0.062 
maxBOLD estimate = 1.348


Trial 95: maxBOLD Stimulus Selection
Stimulus: 1.000
Output value 1.380

Q+ parameters
slope: 0.298 semiSat: 0.560 beta: 0.969 sigma: 0.062 
maxBOLD estimate = 1.306


Trial 96: qplus Stimulus Selection
Stimulus: 0.546
Output value 0.733

Q+ parameters
slope: 0.183 semiSat: 0.560 beta: 1.062 sigma: 0.062 
maxBOLD estimate = 1.265


Trial 97: qplus Stimulus Selection
Stimulus: 0.464
Output value -0.118

Q+ parameters
slope: 0.298 semiSat: 0.560 beta: 0.969 sigma: 0.062 
maxBOLD estimate = 1.344


Trial 98: qplus Stimulus Selection
Stimulus: 0.711
Output value 1.376

Q+ parameters
slope: 0.298 semiSat: 0.560 beta: 0.969 sigma: 0.062 
maxBOLD estimate = 1.302

