/blue/stevenweisberg/stevenweisberg/MATLAB/projects/Weisberg_Aguirre_2020/scripts/run_sims
c26a-s25.ufhpc
Fri Nov 13 16:41:21 EST 2020
mkdir: cannot create directory ‘/blue/stevenweisberg/stevenweisberg/qpfMRIResults/model_parameter_set1/’: File exists
cp: cannot stat ‘/blue/stevenweisberg/stevenweisberg/qpfMRIResults/deploy_sim.sh’: No such file or directory
cp: cannot stat ‘/blue/stevenweisberg/stevenweisberg/qpfMRIResults/sim_wrapper.sh’: No such file or directory
------------------------------------------
Setting up environment variables
---
LD_LIBRARY_PATH is .:/apps/matlab/mcr/2020b/v99/runtime/glnxa64:/apps/matlab/mcr/2020b/v99/bin/glnxa64:/apps/matlab/mcr/2020b/v99/sys/os/glnxa64:/apps/matlab/mcr/2020b/v99/sys/opengl/lib/glnxa64
Warning: Executing startup failed in matlabrc.
This indicates a potentially serious problem in your MATLAB setup, which should be resolved as soon as possible.  Error detected was:
MATLAB:mpath:PathAlterationNotSupported
Modifying the search path is not supported by MATLAB Compiler. Remove functions that modify the search path from your MATLAB code. To make files visible to your deployed application, add the parent folder to your MATLAB session.
Warning: No stimulus domain specified. Defaulting to values between 0.01 and 1.
> In qpfmriParams (line 182)
In compiledSimulate (line 205)
Stimulus domain added from input.
Parameter slope specified as 0.41000
Parameter semiSat specified as 0.57000
Parameter beta specified as 1.00000
Parameter sigma specified as 0.05000
seed = 99seed = 104seed = 111seed = 111seed = 115seed = 101Initializing Q+. This may take a minute...
Elapsed time is 10.366907 seconds.
Simulated parameters:
slope: 0.410 semiSat: 0.570 beta: 1.000 sigma: 0.050 

Trial 1: baseline Stimulus Selection
Stimulus: 0.010
Output value 0.000

Q+ parameters
slope: 0.026 semiSat: 0.890 beta: 0.500 sigma: 0.010 
maxBOLD estimate = 1.000


Trial 2: maxBOLD Stimulus Selection
Stimulus: 1.000
Output value 1.364

Q+ parameters
slope: 0.055 semiSat: 0.670 beta: 1.250 sigma: 0.010 
maxBOLD estimate = 1.000


Trial 3: baseline Stimulus Selection
Stimulus: 0.010
Output value 0.128

Q+ parameters
slope: 0.055 semiSat: 0.670 beta: 1.125 sigma: 0.062 
maxBOLD estimate = 1.250


Trial 4: maxBOLD Stimulus Selection
Stimulus: 1.000
Output value 1.726

Q+ parameters
slope: 0.055 semiSat: 0.670 beta: 1.125 sigma: 0.114 
maxBOLD estimate = 1.406


Trial 5: baseline Stimulus Selection
Stimulus: 0.010
Output value 0.000

Q+ parameters
slope: 0.055 semiSat: 0.670 beta: 1.125 sigma: 0.114 
maxBOLD estimate = 1.582


Trial 6: maxBOLD Stimulus Selection
Stimulus: 1.000
Output value 1.254

Q+ parameters
slope: 0.043 semiSat: 0.780 beta: 0.969 sigma: 0.062 
maxBOLD estimate = 1.780


Trial 7: qplus Stimulus Selection
Stimulus: 0.588
Output value 0.882

Q+ parameters
slope: 0.055 semiSat: 0.560 beta: 0.938 sigma: 0.062 
maxBOLD estimate = 1.724


Trial 8: qplus Stimulus Selection
Stimulus: 0.505
Output value 0.129

Q+ parameters
slope: 0.379 semiSat: 0.560 beta: 0.875 sigma: 0.062 
maxBOLD estimate = 1.616


Trial 9: qplus Stimulus Selection
Stimulus: 0.629
Output value 1.013

Q+ parameters
slope: 0.616 semiSat: 0.560 beta: 0.875 sigma: 0.062 
maxBOLD estimate = 1.414


Trial 10: baseline Stimulus Selection
Stimulus: 0.010
Output value -0.239

Q+ parameters
slope: 0.616 semiSat: 0.560 beta: 1.062 sigma: 0.062 
maxBOLD estimate = 1.238


Trial 11: qplus Stimulus Selection
Stimulus: 0.546
Output value 0.672

Q+ parameters
slope: 0.379 semiSat: 0.560 beta: 1.125 sigma: 0.062 
maxBOLD estimate = 1.315


Trial 12: qplus Stimulus Selection
Stimulus: 0.588
Output value 0.912

Q+ parameters
slope: 0.379 semiSat: 0.560 beta: 0.969 sigma: 0.062 
maxBOLD estimate = 1.479


Trial 13: qplus Stimulus Selection
Stimulus: 0.505
Output value -0.126

Q+ parameters
slope: 0.616 semiSat: 0.560 beta: 0.969 sigma: 0.062 
maxBOLD estimate = 1.433


Trial 14: qplus Stimulus Selection
Stimulus: 0.588
Output value 1.100

Q+ parameters
slope: 0.379 semiSat: 0.560 beta: 0.969 sigma: 0.062 
maxBOLD estimate = 1.388


Trial 15: maxBOLD Stimulus Selection
Stimulus: 1.000
Output value 1.387

Q+ parameters
slope: 0.379 semiSat: 0.560 beta: 1.031 sigma: 0.062 
maxBOLD estimate = 1.345


Trial 16: qplus Stimulus Selection
Stimulus: 0.588
Output value 0.733

Q+ parameters
slope: 0.379 semiSat: 0.560 beta: 0.969 sigma: 0.062 
maxBOLD estimate = 1.387


Trial 17: qplus Stimulus Selection
Stimulus: 0.505
Output value 0.000

Q+ parameters
slope: 0.379 semiSat: 0.560 beta: 1.031 sigma: 0.062 
maxBOLD estimate = 1.344


Trial 18: qplus Stimulus Selection
Stimulus: 0.588
Output value 0.976

Q+ parameters
slope: 0.379 semiSat: 0.560 beta: 0.969 sigma: 0.062 
maxBOLD estimate = 1.386


Trial 19: qplus Stimulus Selection
Stimulus: 0.670
Output value 1.556

Q+ parameters
slope: 0.379 semiSat: 0.560 beta: 1.062 sigma: 0.062 
maxBOLD estimate = 1.342


Trial 20: baseline Stimulus Selection
Stimulus: 0.010
Output value 0.130

Q+ parameters
slope: 0.379 semiSat: 0.560 beta: 1.000 sigma: 0.062 
maxBOLD estimate = 1.426


Trial 21: qplus Stimulus Selection
Stimulus: 0.546
Output value 0.519

Q+ parameters
slope: 0.379 semiSat: 0.560 beta: 1.000 sigma: 0.062 
maxBOLD estimate = 1.426


Trial 22: qplus Stimulus Selection
Stimulus: 0.629
Output value 1.604

Q+ parameters
slope: 0.379 semiSat: 0.560 beta: 1.031 sigma: 0.062 
maxBOLD estimate = 1.426


Trial 23: qplus Stimulus Selection
Stimulus: 0.629
Output value 1.655

Q+ parameters
slope: 0.379 semiSat: 0.560 beta: 1.031 sigma: 0.062 
maxBOLD estimate = 1.471


Trial 24: qplus Stimulus Selection
Stimulus: 0.629
Output value 1.706

Q+ parameters
slope: 0.379 semiSat: 0.560 beta: 1.031 sigma: 0.114 
maxBOLD estimate = 1.517


Trial 25: maxBOLD Stimulus Selection
Stimulus: 1.000
Output value 1.244

Q+ parameters
slope: 0.379 semiSat: 0.560 beta: 0.875 sigma: 0.062 
maxBOLD estimate = 1.564


Trial 26: qplus Stimulus Selection
Stimulus: 0.670
Output value 1.680

Q+ parameters
slope: 0.379 semiSat: 0.560 beta: 1.125 sigma: 0.114 
maxBOLD estimate = 1.369


Trial 27: qplus Stimulus Selection
Stimulus: 0.588
Output value 1.400

Q+ parameters
slope: 0.379 semiSat: 0.560 beta: 1.000 sigma: 0.062 
maxBOLD estimate = 1.540


Trial 28: qplus Stimulus Selection
Stimulus: 0.546
Output value 0.560

Q+ parameters
slope: 0.379 semiSat: 0.560 beta: 1.000 sigma: 0.062 
maxBOLD estimate = 1.540


Trial 29: qplus Stimulus Selection
Stimulus: 0.670
Output value 1.260

Q+ parameters
slope: 0.379 semiSat: 0.560 beta: 1.000 sigma: 0.114 
maxBOLD estimate = 1.540


Trial 30: baseline Stimulus Selection
Stimulus: 0.010
Output value -0.280

Q+ parameters
slope: 0.379 semiSat: 0.560 beta: 1.000 sigma: 0.062 
maxBOLD estimate = 1.540

--------------------------------------------------------------
FINAL VALUES
--------------------------------------------------------------
Simulated parameters:              slope: 0.410 semiSat: 0.570 beta: 1.000 sigma: 0.050 
Max posterior QUEST+ parameters:   slope: 0.379 semiSat: 0.560 beta: 1.000 sigma: 0.062 
Max BADS parameters:               slope: 0.379 semiSat: 0.571 beta: 1.000 sigma: 0.061 
maxBOLD estimate: 1.557
