/blue/stevenweisberg/stevenweisberg/MATLAB/projects/Weisberg_Aguirre_2020/scripts/run_sims
c26a-s35.ufhpc
Fri Nov 13 16:29:52 EST 2020
mkdir: cannot create directory ‘/blue/stevenweisberg/stevenweisberg/qpfMRIResults/model_parameter_set1/’: File exists
cp: cannot stat ‘/blue/stevenweisberg/stevenweisberg/qpfMRIResults/deploy_sim.sh’: No such file or directory
cp: cannot stat ‘/blue/stevenweisberg/stevenweisberg/qpfMRIResults/sim_wrapper.sh’: No such file or directory
------------------------------------------
Setting up environment variables
---
LD_LIBRARY_PATH is .:/apps/matlab/mcr/2020b/v99/runtime/glnxa64:/apps/matlab/mcr/2020b/v99/bin/glnxa64:/apps/matlab/mcr/2020b/v99/sys/os/glnxa64:/apps/matlab/mcr/2020b/v99/sys/opengl/lib/glnxa64
Warning: Executing startup failed in matlabrc.
This indicates a potentially serious problem in your MATLAB setup, which should be resolved as soon as possible.  Error detected was:
MATLAB:mpath:PathAlterationNotSupported
Modifying the search path is not supported by MATLAB Compiler. Remove functions that modify the search path from your MATLAB code. To make files visible to your deployed application, add the parent folder to your MATLAB session.
Warning: No stimulus domain specified. Defaulting to values between 0.01 and 1.
> In qpfmriParams (line 182)
In compiledSimulate (line 205)
Stimulus domain added from input.
Parameter slope specified as 0.41000
Parameter semiSat specified as 0.57000
Parameter beta specified as 1.00000
Parameter sigma specified as 0.25000
seed = 99seed = 104seed = 111seed = 111seed = 115seed = 101Initializing Q+. This may take a minute...
Elapsed time is 11.777013 seconds.
Simulated parameters:
slope: 0.410 semiSat: 0.570 beta: 1.000 sigma: 0.250 

Trial 1: baseline Stimulus Selection
Stimulus: 0.010
Output value 0.000

Q+ parameters
slope: 0.026 semiSat: 0.890 beta: 0.500 sigma: 0.010 
maxBOLD estimate = 1.000


Trial 2: maxBOLD Stimulus Selection
Stimulus: 1.000
Output value 1.125

Q+ parameters
slope: 0.055 semiSat: 0.670 beta: 1.125 sigma: 0.010 
maxBOLD estimate = 1.000


Trial 3: baseline Stimulus Selection
Stimulus: 0.010
Output value 0.511

Q+ parameters
slope: 0.055 semiSat: 0.670 beta: 1.250 sigma: 0.271 
maxBOLD estimate = 1.125


Trial 4: maxBOLD Stimulus Selection
Stimulus: 1.000
Output value 0.991

Q+ parameters
slope: 0.043 semiSat: 0.780 beta: 0.969 sigma: 0.114 
maxBOLD estimate = 1.406


Trial 5: baseline Stimulus Selection
Stimulus: 0.010
Output value -0.120

Q+ parameters
slope: 0.043 semiSat: 0.780 beta: 0.969 sigma: 0.114 
maxBOLD estimate = 1.362


Trial 6: maxBOLD Stimulus Selection
Stimulus: 1.000
Output value 0.814

Q+ parameters
slope: 0.043 semiSat: 0.780 beta: 0.969 sigma: 0.114 
maxBOLD estimate = 1.320


Trial 7: random Stimulus Selection
Stimulus: 0.588
Output value 0.610

Q+ parameters
slope: 0.089 semiSat: 0.340 beta: 0.750 sigma: 0.114 
maxBOLD estimate = 1.278


Trial 8: random Stimulus Selection
Stimulus: 0.257
Output value -0.169

Q+ parameters
slope: 0.113 semiSat: 0.560 beta: 0.969 sigma: 0.114 
maxBOLD estimate = 0.959


Trial 9: random Stimulus Selection
Stimulus: 0.216
Output value -0.179

Q+ parameters
slope: 0.113 semiSat: 0.560 beta: 1.062 sigma: 0.114 
maxBOLD estimate = 0.929


Trial 10: baseline Stimulus Selection
Stimulus: 0.010
Output value 0.555

Q+ parameters
slope: 0.089 semiSat: 0.670 beta: 1.031 sigma: 0.218 
maxBOLD estimate = 0.987


Trial 11: random Stimulus Selection
Stimulus: 0.092
Output value 0.000

Q+ parameters
slope: 0.113 semiSat: 0.560 beta: 1.031 sigma: 0.114 
maxBOLD estimate = 1.018


Trial 12: random Stimulus Selection
Stimulus: 0.299
Output value -0.185

Q+ parameters
slope: 0.144 semiSat: 0.560 beta: 0.969 sigma: 0.114 
maxBOLD estimate = 1.050


Trial 13: random Stimulus Selection
Stimulus: 0.381
Output value -0.179

Q+ parameters
slope: 0.183 semiSat: 0.560 beta: 0.969 sigma: 0.114 
maxBOLD estimate = 1.017


Trial 14: random Stimulus Selection
Stimulus: 0.464
Output value -0.174

Q+ parameters
slope: 0.379 semiSat: 0.560 beta: 0.969 sigma: 0.114 
maxBOLD estimate = 0.985


Trial 15: maxBOLD Stimulus Selection
Stimulus: 1.000
Output value 0.000

Q+ parameters
slope: 0.070 semiSat: 0.890 beta: 0.875 sigma: 0.375 
maxBOLD estimate = 0.954


Trial 16: random Stimulus Selection
Stimulus: 0.546
Output value 0.066

Q+ parameters
slope: 0.785 semiSat: 0.560 beta: 0.875 sigma: 0.218 
maxBOLD estimate = 0.835


Trial 17: random Stimulus Selection
Stimulus: 1.000
Output value 0.598

Q+ parameters
slope: 1.000 semiSat: 0.560 beta: 0.750 sigma: 0.271 
maxBOLD estimate = 0.731


Trial 18: random Stimulus Selection
Stimulus: 0.835
Output value 0.560

Q+ parameters
slope: 1.000 semiSat: 0.560 beta: 0.938 sigma: 0.271 
maxBOLD estimate = 0.548


Trial 19: random Stimulus Selection
Stimulus: 0.629
Output value 0.525

Q+ parameters
slope: 1.000 semiSat: 0.560 beta: 0.938 sigma: 0.271 
maxBOLD estimate = 0.514


Trial 20: baseline Stimulus Selection
Stimulus: 0.010
Output value -0.088

Q+ parameters
slope: 0.483 semiSat: 0.560 beta: 1.000 sigma: 0.271 
maxBOLD estimate = 0.482


Trial 21: random Stimulus Selection
Stimulus: 0.629
Output value 0.525

Q+ parameters
slope: 0.483 semiSat: 0.560 beta: 1.000 sigma: 0.271 
maxBOLD estimate = 0.482


Trial 22: random Stimulus Selection
Stimulus: 0.505
Output value -0.090

Q+ parameters
slope: 0.616 semiSat: 0.560 beta: 1.031 sigma: 0.271 
maxBOLD estimate = 0.482


Trial 23: random Stimulus Selection
Stimulus: 0.423
Output value -0.085

Q+ parameters
slope: 0.616 semiSat: 0.560 beta: 0.938 sigma: 0.271 
maxBOLD estimate = 0.497


Trial 24: random Stimulus Selection
Stimulus: 0.381
Output value 0.254

Q+ parameters
slope: 0.785 semiSat: 0.340 beta: 0.500 sigma: 1.000 
maxBOLD estimate = 0.466


Trial 25: maxBOLD Stimulus Selection
Stimulus: 1.000
Output value 0.127

Q+ parameters
slope: 0.785 semiSat: 0.340 beta: 0.500 sigma: 1.000 
maxBOLD estimate = 0.233


Trial 26: random Stimulus Selection
Stimulus: 0.257
Output value -0.011

Q+ parameters
slope: 0.785 semiSat: 0.340 beta: 0.500 sigma: 1.000 
maxBOLD estimate = 0.116


Trial 27: random Stimulus Selection
Stimulus: 0.670
Output value 0.056

Q+ parameters
slope: 0.010 semiSat: 0.120 beta: 0.875 sigma: 1.000 
maxBOLD estimate = 0.058


Trial 28: random Stimulus Selection
Stimulus: 0.464
Output value -0.008

Q+ parameters
slope: 0.010 semiSat: 0.120 beta: 0.875 sigma: 1.000 
maxBOLD estimate = 0.051


Trial 29: random Stimulus Selection
Stimulus: 0.546
Output value 0.043

Q+ parameters
slope: 0.010 semiSat: 0.120 beta: 0.875 sigma: 1.000 
maxBOLD estimate = 0.045


Trial 30: baseline Stimulus Selection
Stimulus: 0.010
Output value 0.021

Q+ parameters
slope: 0.785 semiSat: 0.340 beta: 0.500 sigma: 1.000 
maxBOLD estimate = 0.039

--------------------------------------------------------------
FINAL VALUES
--------------------------------------------------------------
Simulated parameters:              slope: 0.410 semiSat: 0.570 beta: 1.000 sigma: 0.250 
Max posterior QUEST+ parameters:   slope: 0.785 semiSat: 0.340 beta: 0.500 sigma: 1.000 
Max BADS parameters:               slope: 0.029 semiSat: 0.506 beta: 1.000 sigma: 1.000 
maxBOLD estimate: 0.019
