/blue/stevenweisberg/stevenweisberg/MATLAB/projects/Weisberg_Aguirre_2020/scripts/run_sims
c30a-s3.ufhpc
Tue Apr  6 21:12:34 EDT 2021
mkdir: cannot create directory ‘/blue/stevenweisberg/stevenweisberg/qpfMRIResults/model_parameter_set2/’: File exists
cp: cannot stat ‘/blue/stevenweisberg/stevenweisberg/qpfMRIResults/deploy_sim.sh’: No such file or directory
cp: cannot stat ‘/blue/stevenweisberg/stevenweisberg/qpfMRIResults/sim_wrapper.sh’: No such file or directory
------------------------------------------
Setting up environment variables
---
LD_LIBRARY_PATH is .:/apps/matlab/mcr/2020b/v99/runtime/glnxa64:/apps/matlab/mcr/2020b/v99/bin/glnxa64:/apps/matlab/mcr/2020b/v99/sys/os/glnxa64:/apps/matlab/mcr/2020b/v99/sys/opengl/lib/glnxa64
Warning: Executing startup failed in matlabrc.
This indicates a potentially serious problem in your MATLAB setup, which should be resolved as soon as possible.  Error detected was:
MATLAB:mpath:PathAlterationNotSupported
Modifying the search path is not supported by MATLAB Compiler. Remove functions that modify the search path from your MATLAB code. To make files visible to your deployed application, add the parent folder to your MATLAB session.
Warning: No stimulus domain specified. Defaulting to values between 0.01 and 1.
> In qpfmriParams (line 182)
In compiledSimulate (line 205)
Stimulus domain added from input.
Parameter slope specified as 0.20000
Parameter semiSat specified as 0.57000
Parameter beta specified as 1.00000
Parameter sigma specified as 0.10000
seed = 99seed = 104seed = 111seed = 111seed = 115seed = 101Initializing Q+. This may take a minute...
Elapsed time is 10.090937 seconds.
Simulated parameters:
slope: 0.200 semiSat: 0.570 beta: 1.000 sigma: 0.100 

Trial 1: baseline Stimulus Selection
Stimulus: 0.010
Output value 0.000

Q+ parameters
slope: 0.026 semiSat: 0.890 beta: 0.500 sigma: 0.010 
maxBOLD estimate = 1.000


Trial 2: maxBOLD Stimulus Selection
Stimulus: 1.000
Output value 1.364

Q+ parameters
slope: 0.055 semiSat: 0.670 beta: 1.250 sigma: 0.010 
maxBOLD estimate = 1.000


Trial 3: baseline Stimulus Selection
Stimulus: 0.010
Output value 0.000

Q+ parameters
slope: 0.055 semiSat: 0.670 beta: 1.125 sigma: 0.010 
maxBOLD estimate = 1.250


Trial 4: maxBOLD Stimulus Selection
Stimulus: 1.000
Output value 1.726

Q+ parameters
slope: 0.055 semiSat: 0.670 beta: 1.125 sigma: 0.062 
maxBOLD estimate = 1.406


Trial 5: baseline Stimulus Selection
Stimulus: 0.010
Output value -0.162

Q+ parameters
slope: 0.055 semiSat: 0.670 beta: 1.125 sigma: 0.114 
maxBOLD estimate = 1.582


Trial 6: maxBOLD Stimulus Selection
Stimulus: 1.000
Output value 2.225

Q+ parameters
slope: 0.043 semiSat: 0.780 beta: 1.250 sigma: 0.114 
maxBOLD estimate = 1.780


Trial 7: random Stimulus Selection
Stimulus: 0.918
Output value 1.719

Q+ parameters
slope: 0.043 semiSat: 0.780 beta: 1.062 sigma: 0.062 
maxBOLD estimate = 2.225


Trial 8: random Stimulus Selection
Stimulus: 0.134
Output value 0.000

Q+ parameters
slope: 0.055 semiSat: 0.670 beta: 0.875 sigma: 0.062 
maxBOLD estimate = 2.364


Trial 9: random Stimulus Selection
Stimulus: 0.134
Output value 0.165

Q+ parameters
slope: 0.070 semiSat: 0.560 beta: 0.875 sigma: 0.062 
maxBOLD estimate = 2.068


Trial 10: baseline Stimulus Selection
Stimulus: 0.010
Output value 0.144

Q+ parameters
slope: 0.070 semiSat: 0.560 beta: 0.875 sigma: 0.062 
maxBOLD estimate = 1.810


Trial 11: random Stimulus Selection
Stimulus: 0.918
Output value 1.377

Q+ parameters
slope: 0.070 semiSat: 0.670 beta: 1.062 sigma: 0.062 
maxBOLD estimate = 1.584


Trial 12: random Stimulus Selection
Stimulus: 0.918
Output value 1.334

Q+ parameters
slope: 0.070 semiSat: 0.670 beta: 0.969 sigma: 0.062 
maxBOLD estimate = 1.683


Trial 13: random Stimulus Selection
Stimulus: 0.423
Output value 0.185

Q+ parameters
slope: 0.070 semiSat: 0.780 beta: 1.250 sigma: 0.114 
maxBOLD estimate = 1.630


Trial 14: random Stimulus Selection
Stimulus: 0.505
Output value 0.278

Q+ parameters
slope: 0.234 semiSat: 0.560 beta: 0.750 sigma: 0.062 
maxBOLD estimate = 2.037


Trial 15: maxBOLD Stimulus Selection
Stimulus: 1.000
Output value 1.624

Q+ parameters
slope: 0.113 semiSat: 0.780 beta: 1.062 sigma: 0.062 
maxBOLD estimate = 1.528


Trial 16: random Stimulus Selection
Stimulus: 0.051
Output value -0.314

Q+ parameters
slope: 0.113 semiSat: 0.780 beta: 1.062 sigma: 0.114 
maxBOLD estimate = 1.624


Trial 17: random Stimulus Selection
Stimulus: 0.134
Output value -0.162

Q+ parameters
slope: 0.089 semiSat: 0.780 beta: 1.031 sigma: 0.062 
maxBOLD estimate = 1.725


Trial 18: random Stimulus Selection
Stimulus: 0.340
Output value -0.167

Q+ parameters
slope: 0.089 semiSat: 0.780 beta: 1.031 sigma: 0.062 
maxBOLD estimate = 1.779


Trial 19: random Stimulus Selection
Stimulus: 0.835
Output value 1.126

Q+ parameters
slope: 0.144 semiSat: 0.670 beta: 0.750 sigma: 0.062 
maxBOLD estimate = 1.835


Trial 20: baseline Stimulus Selection
Stimulus: 0.010
Output value -0.156

Q+ parameters
slope: 0.113 semiSat: 0.670 beta: 1.250 sigma: 0.062 
maxBOLD estimate = 1.376


Trial 21: random Stimulus Selection
Stimulus: 0.175
Output value -0.137

Q+ parameters
slope: 0.144 semiSat: 0.670 beta: 0.875 sigma: 0.062 
maxBOLD estimate = 1.720


Trial 22: random Stimulus Selection
Stimulus: 0.257
Output value 0.141

Q+ parameters
slope: 0.183 semiSat: 0.670 beta: 1.031 sigma: 0.062 
maxBOLD estimate = 1.505


Trial 23: random Stimulus Selection
Stimulus: 0.546
Output value 0.410

Q+ parameters
slope: 0.144 semiSat: 0.670 beta: 0.969 sigma: 0.062 
maxBOLD estimate = 1.552


Trial 24: random Stimulus Selection
Stimulus: 0.918
Output value 1.324

Q+ parameters
slope: 0.616 semiSat: 0.560 beta: 0.969 sigma: 0.062 
maxBOLD estimate = 1.503


Trial 25: maxBOLD Stimulus Selection
Stimulus: 1.000
Output value 0.898

Q+ parameters
slope: 0.379 semiSat: 0.560 beta: 0.969 sigma: 0.114 
maxBOLD estimate = 1.456


Trial 26: random Stimulus Selection
Stimulus: 0.876
Output value 1.491

Q+ parameters
slope: 0.379 semiSat: 0.560 beta: 0.969 sigma: 0.062 
maxBOLD estimate = 1.411


Trial 27: random Stimulus Selection
Stimulus: 0.794
Output value 1.445

Q+ parameters
slope: 0.234 semiSat: 0.560 beta: 0.969 sigma: 0.062 
maxBOLD estimate = 1.367


Trial 28: random Stimulus Selection
Stimulus: 0.835
Output value 1.535

Q+ parameters
slope: 0.379 semiSat: 0.560 beta: 1.062 sigma: 0.114 
maxBOLD estimate = 1.324


Trial 29: random Stimulus Selection
Stimulus: 0.711
Output value 1.631

Q+ parameters
slope: 0.379 semiSat: 0.560 beta: 1.062 sigma: 0.114 
maxBOLD estimate = 1.407


Trial 30: baseline Stimulus Selection
Stimulus: 0.010
Output value 0.132

Q+ parameters
slope: 0.616 semiSat: 0.560 beta: 0.969 sigma: 0.114 
maxBOLD estimate = 1.495


Trial 31: random Stimulus Selection
Stimulus: 0.835
Output value 1.678

Q+ parameters
slope: 0.785 semiSat: 0.560 beta: 1.062 sigma: 0.114 
maxBOLD estimate = 1.448


Trial 32: random Stimulus Selection
Stimulus: 0.340
Output value 0.407

Q+ parameters
slope: 0.616 semiSat: 0.560 beta: 0.969 sigma: 0.114 
maxBOLD estimate = 1.539


Trial 33: random Stimulus Selection
Stimulus: 0.216
Output value -0.144

Q+ parameters
slope: 0.785 semiSat: 0.560 beta: 1.062 sigma: 0.114 
maxBOLD estimate = 1.491


Trial 34: random Stimulus Selection
Stimulus: 0.670
Output value 0.882

Q+ parameters
slope: 0.379 semiSat: 0.560 beta: 0.875 sigma: 0.114 
maxBOLD estimate = 1.584


Trial 35: maxBOLD Stimulus Selection
Stimulus: 1.000
Output value 1.512

Q+ parameters
slope: 0.144 semiSat: 0.670 beta: 1.500 sigma: 0.114 
maxBOLD estimate = 1.386


Trial 36: random Stimulus Selection
Stimulus: 0.175
Output value -0.283

Q+ parameters
slope: 0.616 semiSat: 0.560 beta: 0.750 sigma: 0.062 
maxBOLD estimate = 2.079


Trial 37: random Stimulus Selection
Stimulus: 1.000
Output value 1.373

Q+ parameters
slope: 0.379 semiSat: 0.560 beta: 0.969 sigma: 0.114 
maxBOLD estimate = 1.559


Trial 38: random Stimulus Selection
Stimulus: 0.505
Output value 0.266

Q+ parameters
slope: 0.379 semiSat: 0.560 beta: 0.969 sigma: 0.114 
maxBOLD estimate = 1.510


Trial 39: random Stimulus Selection
Stimulus: 0.505
Output value 0.387

Q+ parameters
slope: 0.298 semiSat: 0.560 beta: 0.969 sigma: 0.114 
maxBOLD estimate = 1.463


Trial 40: baseline Stimulus Selection
Stimulus: 0.010
Output value -0.137

Q+ parameters
slope: 0.183 semiSat: 0.560 beta: 1.062 sigma: 0.114 
maxBOLD estimate = 1.417


Trial 41: random Stimulus Selection
Stimulus: 1.000
Output value 1.459

Q+ parameters
slope: 0.298 semiSat: 0.560 beta: 0.969 sigma: 0.114 
maxBOLD estimate = 1.506


Trial 42: random Stimulus Selection
Stimulus: 0.876
Output value 1.268

Q+ parameters
slope: 0.183 semiSat: 0.560 beta: 1.062 sigma: 0.114 
maxBOLD estimate = 1.459


Trial 43: random Stimulus Selection
Stimulus: 0.588
Output value 0.546

Q+ parameters
slope: 0.298 semiSat: 0.560 beta: 0.969 sigma: 0.114 
maxBOLD estimate = 1.550


Trial 44: random Stimulus Selection
Stimulus: 0.340
Output value -0.264

Q+ parameters
slope: 0.298 semiSat: 0.560 beta: 0.969 sigma: 0.114 
maxBOLD estimate = 1.502


Trial 45: maxBOLD Stimulus Selection
Stimulus: 1.000
Output value 1.785

Q+ parameters
slope: 0.113 semiSat: 0.670 beta: 1.500 sigma: 0.114 
maxBOLD estimate = 1.455


Trial 46: random Stimulus Selection
Stimulus: 0.835
Output value 1.190

Q+ parameters
slope: 0.234 semiSat: 0.560 beta: 0.750 sigma: 0.062 
maxBOLD estimate = 2.182


Trial 47: random Stimulus Selection
Stimulus: 0.381
Output value 0.130

Q+ parameters
slope: 0.298 semiSat: 0.560 beta: 0.875 sigma: 0.114 
maxBOLD estimate = 1.636


Trial 48: random Stimulus Selection
Stimulus: 0.918
Output value 2.343

Q+ parameters
slope: 0.113 semiSat: 0.670 beta: 1.500 sigma: 0.114 
maxBOLD estimate = 1.432


Trial 49: random Stimulus Selection
Stimulus: 0.918
Output value 1.172

Q+ parameters
slope: 0.234 semiSat: 0.560 beta: 0.750 sigma: 0.062 
maxBOLD estimate = 2.148


Trial 50: baseline Stimulus Selection
Stimulus: 0.010
Output value 0.128

Q+ parameters
slope: 0.298 semiSat: 0.560 beta: 0.875 sigma: 0.114 
maxBOLD estimate = 1.611


Trial 51: random Stimulus Selection
Stimulus: 0.381
Output value 0.577

Q+ parameters
slope: 0.113 semiSat: 0.670 beta: 1.500 sigma: 0.114 
maxBOLD estimate = 1.410


Trial 52: random Stimulus Selection
Stimulus: 0.134
Output value 0.288

Q+ parameters
slope: 0.234 semiSat: 0.560 beta: 0.750 sigma: 0.062 
maxBOLD estimate = 2.114


Trial 53: random Stimulus Selection
Stimulus: 0.918
Output value 1.536

Q+ parameters
slope: 0.298 semiSat: 0.560 beta: 0.969 sigma: 0.114 
maxBOLD estimate = 1.586


Trial 54: random Stimulus Selection
Stimulus: 0.588
Output value 1.353

Q+ parameters
slope: 0.298 semiSat: 0.560 beta: 0.969 sigma: 0.114 
maxBOLD estimate = 1.536


Trial 55: maxBOLD Stimulus Selection
Stimulus: 1.000
Output value 1.573

Q+ parameters
slope: 0.298 semiSat: 0.560 beta: 0.969 sigma: 0.114 
maxBOLD estimate = 1.488


Trial 56: random Stimulus Selection
Stimulus: 0.753
Output value 1.671

Q+ parameters
slope: 0.298 semiSat: 0.560 beta: 1.062 sigma: 0.114 
maxBOLD estimate = 1.442


Trial 57: random Stimulus Selection
Stimulus: 0.175
Output value 0.405

Q+ parameters
slope: 0.298 semiSat: 0.560 beta: 0.969 sigma: 0.114 
maxBOLD estimate = 1.532


Trial 58: random Stimulus Selection
Stimulus: 0.340
Output value 0.392

Q+ parameters
slope: 0.298 semiSat: 0.560 beta: 0.969 sigma: 0.114 
maxBOLD estimate = 1.484


Trial 59: random Stimulus Selection
Stimulus: 0.670
Output value 1.764

Q+ parameters
slope: 0.234 semiSat: 0.560 beta: 1.125 sigma: 0.114 
maxBOLD estimate = 1.438


Trial 60: baseline Stimulus Selection
Stimulus: 0.010
Output value 0.276

Q+ parameters
slope: 0.234 semiSat: 0.560 beta: 0.938 sigma: 0.114 
maxBOLD estimate = 1.617


Trial 61: random Stimulus Selection
Stimulus: 0.629
Output value 1.335

Q+ parameters
slope: 0.298 semiSat: 0.560 beta: 0.969 sigma: 0.114 
maxBOLD estimate = 1.516


Trial 62: random Stimulus Selection
Stimulus: 0.423
Output value 0.451

Q+ parameters
slope: 0.183 semiSat: 0.560 beta: 1.125 sigma: 0.114 
maxBOLD estimate = 1.469


Trial 63: random Stimulus Selection
Stimulus: 0.711
Output value 1.549

Q+ parameters
slope: 0.234 semiSat: 0.560 beta: 0.938 sigma: 0.114 
maxBOLD estimate = 1.652


Trial 64: random Stimulus Selection
Stimulus: 0.711
Output value 1.501

Q+ parameters
slope: 0.298 semiSat: 0.560 beta: 0.969 sigma: 0.114 
maxBOLD estimate = 1.549


Trial 65: maxBOLD Stimulus Selection
Stimulus: 1.000
Output value 1.454

Q+ parameters
slope: 0.298 semiSat: 0.560 beta: 0.969 sigma: 0.114 
maxBOLD estimate = 1.501


Trial 66: random Stimulus Selection
Stimulus: 1.000
Output value 1.784

Q+ parameters
slope: 0.183 semiSat: 0.560 beta: 1.125 sigma: 0.114 
maxBOLD estimate = 1.454


Trial 67: random Stimulus Selection
Stimulus: 0.918
Output value 1.533

Q+ parameters
slope: 0.234 semiSat: 0.560 beta: 0.938 sigma: 0.114 
maxBOLD estimate = 1.636


Trial 68: random Stimulus Selection
Stimulus: 0.010
Output value 0.000

Q+ parameters
slope: 0.298 semiSat: 0.560 beta: 0.969 sigma: 0.114 
maxBOLD estimate = 1.533


Trial 69: random Stimulus Selection
Stimulus: 0.464
Output value -0.139

Q+ parameters
slope: 0.379 semiSat: 0.560 beta: 1.031 sigma: 0.114 
maxBOLD estimate = 1.485


Trial 70: baseline Stimulus Selection
Stimulus: 0.010
Output value -0.287

Q+ parameters
slope: 0.379 semiSat: 0.560 beta: 1.031 sigma: 0.114 
maxBOLD estimate = 1.532


Trial 71: random Stimulus Selection
Stimulus: 0.175
Output value -0.139

Q+ parameters
slope: 0.298 semiSat: 0.560 beta: 0.969 sigma: 0.114 
maxBOLD estimate = 1.580


Trial 72: random Stimulus Selection
Stimulus: 0.546
Output value 0.287

Q+ parameters
slope: 0.379 semiSat: 0.560 beta: 1.031 sigma: 0.114 
maxBOLD estimate = 1.530


Trial 73: random Stimulus Selection
Stimulus: 0.588
Output value 0.695

Q+ parameters
slope: 0.298 semiSat: 0.560 beta: 0.969 sigma: 0.114 
maxBOLD estimate = 1.578


Trial 74: random Stimulus Selection
Stimulus: 0.918
Output value 1.077

Q+ parameters
slope: 0.298 semiSat: 0.560 beta: 0.969 sigma: 0.114 
maxBOLD estimate = 1.529


Trial 75: maxBOLD Stimulus Selection
Stimulus: 1.000
Output value 1.717

Q+ parameters
slope: 0.298 semiSat: 0.560 beta: 1.062 sigma: 0.114 
maxBOLD estimate = 1.481


Trial 76: random Stimulus Selection
Stimulus: 0.092
Output value 0.139

Q+ parameters
slope: 0.298 semiSat: 0.560 beta: 0.969 sigma: 0.114 
maxBOLD estimate = 1.574


Trial 77: random Stimulus Selection
Stimulus: 0.175
Output value -0.134

Q+ parameters
slope: 0.298 semiSat: 0.560 beta: 0.969 sigma: 0.114 
maxBOLD estimate = 1.524


Trial 78: random Stimulus Selection
Stimulus: 0.629
Output value 1.171

Q+ parameters
slope: 0.298 semiSat: 0.560 beta: 0.969 sigma: 0.114 
maxBOLD estimate = 1.477


Trial 79: random Stimulus Selection
Stimulus: 0.381
Output value 0.415

Q+ parameters
slope: 0.298 semiSat: 0.560 beta: 1.062 sigma: 0.114 
maxBOLD estimate = 1.431


Trial 80: baseline Stimulus Selection
Stimulus: 0.010
Output value 0.000

Q+ parameters
slope: 0.298 semiSat: 0.560 beta: 0.969 sigma: 0.114 
maxBOLD estimate = 1.520


Trial 81: random Stimulus Selection
Stimulus: 0.959
Output value 1.707

Q+ parameters
slope: 0.298 semiSat: 0.560 beta: 1.062 sigma: 0.114 
maxBOLD estimate = 1.473


Trial 82: random Stimulus Selection
Stimulus: 0.340
Output value 0.276

Q+ parameters
slope: 0.298 semiSat: 0.560 beta: 0.969 sigma: 0.114 
maxBOLD estimate = 1.565


Trial 83: random Stimulus Selection
Stimulus: 0.753
Output value 1.602

Q+ parameters
slope: 0.298 semiSat: 0.560 beta: 0.969 sigma: 0.114 
maxBOLD estimate = 1.516


Trial 84: random Stimulus Selection
Stimulus: 0.381
Output value 0.000

Q+ parameters
slope: 0.298 semiSat: 0.560 beta: 1.062 sigma: 0.114 
maxBOLD estimate = 1.468


Trial 85: maxBOLD Stimulus Selection
Stimulus: 1.000
Output value 1.374

Q+ parameters
slope: 0.298 semiSat: 0.560 beta: 0.969 sigma: 0.114 
maxBOLD estimate = 1.560


Trial 86: random Stimulus Selection
Stimulus: 0.711
Output value 1.464

Q+ parameters
slope: 0.298 semiSat: 0.560 beta: 0.969 sigma: 0.114 
maxBOLD estimate = 1.511


Trial 87: random Stimulus Selection
Stimulus: 0.753
Output value 1.556

Q+ parameters
slope: 0.298 semiSat: 0.560 beta: 1.062 sigma: 0.114 
maxBOLD estimate = 1.464


Trial 88: random Stimulus Selection
Stimulus: 1.000
Output value 0.959

Q+ parameters
slope: 0.298 semiSat: 0.560 beta: 0.969 sigma: 0.114 
maxBOLD estimate = 1.556


Trial 89: random Stimulus Selection
Stimulus: 0.835
Output value 1.460

Q+ parameters
slope: 0.298 semiSat: 0.560 beta: 0.969 sigma: 0.114 
maxBOLD estimate = 1.507


Trial 90: baseline Stimulus Selection
Stimulus: 0.010
Output value -0.141

Q+ parameters
slope: 0.298 semiSat: 0.560 beta: 1.062 sigma: 0.114 
maxBOLD estimate = 1.460


Trial 91: random Stimulus Selection
Stimulus: 0.546
Output value 0.546

Q+ parameters
slope: 0.298 semiSat: 0.560 beta: 0.969 sigma: 0.114 
maxBOLD estimate = 1.551


Trial 92: random Stimulus Selection
Stimulus: 0.216
Output value 0.000

Q+ parameters
slope: 0.298 semiSat: 0.560 beta: 0.969 sigma: 0.114 
maxBOLD estimate = 1.503


Trial 93: random Stimulus Selection
Stimulus: 0.092
Output value -0.281

Q+ parameters
slope: 0.298 semiSat: 0.560 beta: 1.062 sigma: 0.114 
maxBOLD estimate = 1.456


Trial 94: random Stimulus Selection
Stimulus: 0.299
Output value -0.272

Q+ parameters
slope: 0.298 semiSat: 0.560 beta: 0.969 sigma: 0.114 
maxBOLD estimate = 1.547


Trial 95: maxBOLD Stimulus Selection
Stimulus: 1.000
Output value 1.188

Q+ parameters
slope: 0.298 semiSat: 0.560 beta: 0.969 sigma: 0.114 
maxBOLD estimate = 1.498


Trial 96: random Stimulus Selection
Stimulus: 0.175
Output value -0.280

Q+ parameters
slope: 0.298 semiSat: 0.560 beta: 1.062 sigma: 0.114 
maxBOLD estimate = 1.452


Trial 97: random Stimulus Selection
Stimulus: 0.010
Output value -0.272

Q+ parameters
slope: 0.298 semiSat: 0.560 beta: 0.969 sigma: 0.114 
maxBOLD estimate = 1.542


Trial 98: random Stimulus Selection
Stimulus: 0.051
Output value -0.306

Q+ parameters
slope: 0.234 semiSat: 0.560 beta: 1.125 sigma: 0.114 
maxBOLD estimate = 1.494


Trial 99: random Stimulus Selection
Stimulus: 1.000
Output value 1.070

Q+ parameters
slope: 0.379 semiSat: 0.560 beta: 0.875 sigma: 0.114 
maxBOLD estimate = 1.681


Trial 100: baseline Stimulus Selection
Stimulus: 0.010
Output value -0.301

Q+ parameters
slope: 0.183 semiSat: 0.560 beta: 1.125 sigma: 0.114 
maxBOLD estimate = 1.471

--------------------------------------------------------------
FINAL VALUES
--------------------------------------------------------------
Simulated parameters:              slope: 0.200 semiSat: 0.570 beta: 1.000 sigma: 0.100 
Max posterior QUEST+ parameters:   slope: 0.234 semiSat: 0.560 beta: 0.750 sigma: 0.062 
Max BADS parameters:               slope: 0.058 semiSat: 0.708 beta: 1.000 sigma: 0.112 
maxBOLD estimate: 2.206
