/blue/stevenweisberg/stevenweisberg/MATLAB/projects/Weisberg_Aguirre_2020/scripts/run_sims
c2a-s17.ufhpc
Sat Nov 14 00:42:32 EST 2020
mkdir: cannot create directory ‘/blue/stevenweisberg/stevenweisberg/qpfMRIResults/model_parameter_set1/’: File exists
cp: cannot stat ‘/blue/stevenweisberg/stevenweisberg/qpfMRIResults/deploy_sim.sh’: No such file or directory
cp: cannot stat ‘/blue/stevenweisberg/stevenweisberg/qpfMRIResults/sim_wrapper.sh’: No such file or directory
------------------------------------------
Setting up environment variables
---
LD_LIBRARY_PATH is .:/apps/matlab/mcr/2020b/v99/runtime/glnxa64:/apps/matlab/mcr/2020b/v99/bin/glnxa64:/apps/matlab/mcr/2020b/v99/sys/os/glnxa64:/apps/matlab/mcr/2020b/v99/sys/opengl/lib/glnxa64
Warning: Executing startup failed in matlabrc.
This indicates a potentially serious problem in your MATLAB setup, which should be resolved as soon as possible.  Error detected was:
MATLAB:mpath:PathAlterationNotSupported
Modifying the search path is not supported by MATLAB Compiler. Remove functions that modify the search path from your MATLAB code. To make files visible to your deployed application, add the parent folder to your MATLAB session.
Warning: No stimulus domain specified. Defaulting to values between 0.01 and 1.
> In qpfmriParams (line 182)
In compiledSimulate (line 205)
Stimulus domain added from input.
Parameter slope specified as 0.41000
Parameter semiSat specified as 0.57000
Parameter beta specified as 1.00000
Parameter sigma specified as 0.25000
seed = 99seed = 104seed = 111seed = 111seed = 115seed = 101Initializing Q+. This may take a minute...
Elapsed time is 24.194686 seconds.
Simulated parameters:
slope: 0.410 semiSat: 0.570 beta: 1.000 sigma: 0.250 

Trial 1: baseline Stimulus Selection
Stimulus: 0.010
Output value 0.000

Q+ parameters
slope: 0.026 semiSat: 0.890 beta: 0.500 sigma: 0.010 
maxBOLD estimate = 1.000


Trial 2: maxBOLD Stimulus Selection
Stimulus: 1.000
Output value 1.364

Q+ parameters
slope: 0.055 semiSat: 0.670 beta: 1.250 sigma: 0.010 
maxBOLD estimate = 1.000


Trial 3: baseline Stimulus Selection
Stimulus: 0.010
Output value -0.284

Q+ parameters
slope: 0.055 semiSat: 0.670 beta: 1.250 sigma: 1.000 
maxBOLD estimate = 1.250


Trial 4: maxBOLD Stimulus Selection
Stimulus: 1.000
Output value 2.131

Q+ parameters
slope: 0.055 semiSat: 0.670 beta: 1.250 sigma: 0.218 
maxBOLD estimate = 1.562


Trial 5: baseline Stimulus Selection
Stimulus: 0.010
Output value 0.888

Q+ parameters
slope: 0.055 semiSat: 0.670 beta: 1.250 sigma: 0.271 
maxBOLD estimate = 1.953


Trial 6: maxBOLD Stimulus Selection
Stimulus: 1.000
Output value 1.505

Q+ parameters
slope: 0.043 semiSat: 0.780 beta: 0.969 sigma: 0.166 
maxBOLD estimate = 2.441


Trial 7: random Stimulus Selection
Stimulus: 0.216
Output value -0.403

Q+ parameters
slope: 0.055 semiSat: 0.780 beta: 0.938 sigma: 0.166 
maxBOLD estimate = 2.365


Trial 8: random Stimulus Selection
Stimulus: 0.340
Output value 0.195

Q+ parameters
slope: 0.070 semiSat: 0.780 beta: 0.969 sigma: 0.166 
maxBOLD estimate = 2.217


Trial 9: random Stimulus Selection
Stimulus: 0.010
Output value 0.549

Q+ parameters
slope: 0.055 semiSat: 0.890 beta: 0.938 sigma: 0.166 
maxBOLD estimate = 2.148


Trial 10: baseline Stimulus Selection
Stimulus: 0.010
Output value -0.549

Q+ parameters
slope: 0.070 semiSat: 0.890 beta: 1.500 sigma: 0.218 
maxBOLD estimate = 2.014


Trial 11: random Stimulus Selection
Stimulus: 0.175
Output value 0.721

Q+ parameters
slope: 0.055 semiSat: 0.890 beta: 0.875 sigma: 0.166 
maxBOLD estimate = 3.021


Trial 12: random Stimulus Selection
Stimulus: 0.092
Output value -0.225

Q+ parameters
slope: 0.055 semiSat: 0.890 beta: 0.938 sigma: 0.166 
maxBOLD estimate = 2.643


Trial 13: random Stimulus Selection
Stimulus: 0.876
Output value 1.971

Q+ parameters
slope: 0.113 semiSat: 0.670 beta: 0.875 sigma: 0.166 
maxBOLD estimate = 2.478


Trial 14: random Stimulus Selection
Stimulus: 0.629
Output value 0.554

Q+ parameters
slope: 0.183 semiSat: 0.670 beta: 0.938 sigma: 0.166 
maxBOLD estimate = 2.168


Trial 15: maxBOLD Stimulus Selection
Stimulus: 1.000
Output value 1.074

Q+ parameters
slope: 0.113 semiSat: 0.670 beta: 0.969 sigma: 0.166 
maxBOLD estimate = 2.033


Trial 16: random Stimulus Selection
Stimulus: 0.464
Output value -0.358

Q+ parameters
slope: 0.183 semiSat: 0.670 beta: 1.000 sigma: 0.218 
maxBOLD estimate = 1.969


Trial 17: random Stimulus Selection
Stimulus: 0.711
Output value 1.007

Q+ parameters
slope: 0.183 semiSat: 0.670 beta: 0.938 sigma: 0.166 
maxBOLD estimate = 1.969


Trial 18: random Stimulus Selection
Stimulus: 0.051
Output value -0.315

Q+ parameters
slope: 0.183 semiSat: 0.670 beta: 0.938 sigma: 0.166 
maxBOLD estimate = 1.846


Trial 19: random Stimulus Selection
Stimulus: 0.175
Output value -0.315

Q+ parameters
slope: 0.183 semiSat: 0.670 beta: 1.000 sigma: 0.166 
maxBOLD estimate = 1.731


Trial 20: baseline Stimulus Selection
Stimulus: 0.010
Output value 0.472

Q+ parameters
slope: 0.183 semiSat: 0.670 beta: 1.000 sigma: 0.166 
maxBOLD estimate = 1.731


Trial 21: random Stimulus Selection
Stimulus: 0.876
Output value 0.688

Q+ parameters
slope: 0.144 semiSat: 0.670 beta: 0.875 sigma: 0.166 
maxBOLD estimate = 1.731


Trial 22: random Stimulus Selection
Stimulus: 0.299
Output value -0.275

Q+ parameters
slope: 0.183 semiSat: 0.670 beta: 1.000 sigma: 0.166 
maxBOLD estimate = 1.514


Trial 23: random Stimulus Selection
Stimulus: 0.381
Output value -0.275

Q+ parameters
slope: 0.183 semiSat: 0.670 beta: 1.000 sigma: 0.166 
maxBOLD estimate = 1.514


Trial 24: random Stimulus Selection
Stimulus: 0.588
Output value 0.843

Q+ parameters
slope: 0.183 semiSat: 0.560 beta: 0.875 sigma: 0.166 
maxBOLD estimate = 1.514


Trial 25: maxBOLD Stimulus Selection
Stimulus: 1.000
Output value 1.280

Q+ parameters
slope: 0.234 semiSat: 0.560 beta: 1.062 sigma: 0.166 
maxBOLD estimate = 1.325


Trial 26: random Stimulus Selection
Stimulus: 0.959
Output value 1.488

Q+ parameters
slope: 0.379 semiSat: 0.560 beta: 0.969 sigma: 0.166 
maxBOLD estimate = 1.408


Trial 27: random Stimulus Selection
Stimulus: 0.959
Output value 1.581

Q+ parameters
slope: 0.234 semiSat: 0.560 beta: 1.062 sigma: 0.166 
maxBOLD estimate = 1.364


Trial 28: random Stimulus Selection
Stimulus: 0.918
Output value 1.276

Q+ parameters
slope: 0.234 semiSat: 0.560 beta: 0.969 sigma: 0.166 
maxBOLD estimate = 1.449


Trial 29: random Stimulus Selection
Stimulus: 0.216
Output value 0.271

Q+ parameters
slope: 0.234 semiSat: 0.560 beta: 1.062 sigma: 0.166 
maxBOLD estimate = 1.404


Trial 30: baseline Stimulus Selection
Stimulus: 0.010
Output value 0.000

Q+ parameters
slope: 0.234 semiSat: 0.560 beta: 0.969 sigma: 0.166 
maxBOLD estimate = 1.492

--------------------------------------------------------------
FINAL VALUES
--------------------------------------------------------------
Simulated parameters:              slope: 0.410 semiSat: 0.570 beta: 1.000 sigma: 0.250 
Max posterior QUEST+ parameters:   slope: 0.234 semiSat: 0.560 beta: 0.969 sigma: 0.166 
Max BADS parameters:               slope: 0.145 semiSat: 0.611 beta: 1.000 sigma: 0.165 
maxBOLD estimate: 1.502
