/blue/stevenweisberg/stevenweisberg/MATLAB/projects/Weisberg_Aguirre_2020/scripts/run_sims
c25a-s23.ufhpc
Fri Nov 13 23:17:37 EST 2020
mkdir: cannot create directory ‘/blue/stevenweisberg/stevenweisberg/qpfMRIResults/model_parameter_set1/’: File exists
cp: cannot stat ‘/blue/stevenweisberg/stevenweisberg/qpfMRIResults/deploy_sim.sh’: No such file or directory
cp: cannot stat ‘/blue/stevenweisberg/stevenweisberg/qpfMRIResults/sim_wrapper.sh’: No such file or directory
------------------------------------------
Setting up environment variables
---
LD_LIBRARY_PATH is .:/apps/matlab/mcr/2020b/v99/runtime/glnxa64:/apps/matlab/mcr/2020b/v99/bin/glnxa64:/apps/matlab/mcr/2020b/v99/sys/os/glnxa64:/apps/matlab/mcr/2020b/v99/sys/opengl/lib/glnxa64
Warning: Executing startup failed in matlabrc.
This indicates a potentially serious problem in your MATLAB setup, which should be resolved as soon as possible.  Error detected was:
MATLAB:mpath:PathAlterationNotSupported
Modifying the search path is not supported by MATLAB Compiler. Remove functions that modify the search path from your MATLAB code. To make files visible to your deployed application, add the parent folder to your MATLAB session.
Warning: No stimulus domain specified. Defaulting to values between 0.01 and 1.
> In qpfmriParams (line 182)
In compiledSimulate (line 205)
Stimulus domain added from input.
Parameter slope specified as 0.41000
Parameter semiSat specified as 0.57000
Parameter beta specified as 1.00000
Parameter sigma specified as 0.15000
seed = 99seed = 104seed = 111seed = 111seed = 115seed = 101Initializing Q+. This may take a minute...
Elapsed time is 9.881713 seconds.
Simulated parameters:
slope: 0.410 semiSat: 0.570 beta: 1.000 sigma: 0.150 

Trial 1: baseline Stimulus Selection
Stimulus: 0.010
Output value 0.000

Q+ parameters
slope: 0.026 semiSat: 0.890 beta: 0.500 sigma: 0.010 
maxBOLD estimate = 1.000


Trial 2: maxBOLD Stimulus Selection
Stimulus: 1.000
Output value 1.364

Q+ parameters
slope: 0.055 semiSat: 0.670 beta: 1.250 sigma: 0.010 
maxBOLD estimate = 1.000


Trial 3: baseline Stimulus Selection
Stimulus: 0.010
Output value 0.284

Q+ parameters
slope: 0.055 semiSat: 0.670 beta: 1.250 sigma: 0.114 
maxBOLD estimate = 1.250


Trial 4: maxBOLD Stimulus Selection
Stimulus: 1.000
Output value 2.131

Q+ parameters
slope: 0.055 semiSat: 0.670 beta: 1.250 sigma: 0.010 
maxBOLD estimate = 1.562


Trial 5: baseline Stimulus Selection
Stimulus: 0.010
Output value 0.444

Q+ parameters
slope: 0.043 semiSat: 0.780 beta: 1.250 sigma: 0.114 
maxBOLD estimate = 1.953


Trial 6: maxBOLD Stimulus Selection
Stimulus: 1.000
Output value 2.247

Q+ parameters
slope: 0.043 semiSat: 0.780 beta: 1.125 sigma: 0.062 
maxBOLD estimate = 2.441


Trial 7: random Stimulus Selection
Stimulus: 0.505
Output value 0.726

Q+ parameters
slope: 0.043 semiSat: 0.780 beta: 0.969 sigma: 0.062 
maxBOLD estimate = 2.747


Trial 8: random Stimulus Selection
Stimulus: 0.216
Output value 0.272

Q+ parameters
slope: 0.043 semiSat: 0.890 beta: 1.125 sigma: 0.062 
maxBOLD estimate = 2.661


Trial 9: random Stimulus Selection
Stimulus: 0.876
Output value 2.041

Q+ parameters
slope: 0.183 semiSat: 0.560 beta: 0.750 sigma: 0.062 
maxBOLD estimate = 2.993


Trial 10: baseline Stimulus Selection
Stimulus: 0.010
Output value -0.510

Q+ parameters
slope: 0.070 semiSat: 0.670 beta: 1.250 sigma: 0.114 
maxBOLD estimate = 2.245


Trial 11: random Stimulus Selection
Stimulus: 0.340
Output value 1.116

Q+ parameters
slope: 0.043 semiSat: 0.560 beta: 0.875 sigma: 0.114 
maxBOLD estimate = 2.806


Trial 12: random Stimulus Selection
Stimulus: 0.340
Output value -0.391

Q+ parameters
slope: 0.089 semiSat: 0.670 beta: 0.875 sigma: 0.114 
maxBOLD estimate = 2.455


Trial 13: random Stimulus Selection
Stimulus: 0.340
Output value 1.172

Q+ parameters
slope: 0.070 semiSat: 0.560 beta: 1.000 sigma: 0.114 
maxBOLD estimate = 2.149


Trial 14: random Stimulus Selection
Stimulus: 0.381
Output value 0.220

Q+ parameters
slope: 0.070 semiSat: 0.670 beta: 1.125 sigma: 0.114 
maxBOLD estimate = 2.149


Trial 15: maxBOLD Stimulus Selection
Stimulus: 1.000
Output value 1.648

Q+ parameters
slope: 0.055 semiSat: 0.670 beta: 0.938 sigma: 0.062 
maxBOLD estimate = 2.417


Trial 16: random Stimulus Selection
Stimulus: 0.381
Output value 0.966

Q+ parameters
slope: 0.055 semiSat: 0.560 beta: 0.938 sigma: 0.114 
maxBOLD estimate = 2.266


Trial 17: random Stimulus Selection
Stimulus: 0.629
Output value 1.642

Q+ parameters
slope: 0.089 semiSat: 0.560 beta: 1.062 sigma: 0.114 
maxBOLD estimate = 2.124


Trial 18: random Stimulus Selection
Stimulus: 0.794
Output value 2.116

Q+ parameters
slope: 0.379 semiSat: 0.560 beta: 0.938 sigma: 0.114 
maxBOLD estimate = 2.257


Trial 19: random Stimulus Selection
Stimulus: 0.711
Output value 3.463

Q+ parameters
slope: 0.144 semiSat: 0.560 beta: 1.500 sigma: 0.114 
maxBOLD estimate = 2.116


Trial 20: baseline Stimulus Selection
Stimulus: 0.010
Output value 0.433

Q+ parameters
slope: 1.000 semiSat: 0.560 beta: 0.500 sigma: 0.114 
maxBOLD estimate = 3.174


Trial 21: random Stimulus Selection
Stimulus: 0.299
Output value 0.000

Q+ parameters
slope: 0.298 semiSat: 0.560 beta: 1.500 sigma: 0.114 
maxBOLD estimate = 1.587


Trial 22: random Stimulus Selection
Stimulus: 0.175
Output value 0.325

Q+ parameters
slope: 0.379 semiSat: 0.560 beta: 0.750 sigma: 0.114 
maxBOLD estimate = 2.381


Trial 23: random Stimulus Selection
Stimulus: 0.010
Output value 1.035

Q+ parameters
slope: 0.616 semiSat: 0.560 beta: 1.062 sigma: 0.166 
maxBOLD estimate = 1.785


Trial 24: random Stimulus Selection
Stimulus: 0.464
Output value 0.647

Q+ parameters
slope: 0.298 semiSat: 0.560 beta: 1.250 sigma: 0.166 
maxBOLD estimate = 1.897


Trial 25: maxBOLD Stimulus Selection
Stimulus: 1.000
Output value 1.293

Q+ parameters
slope: 0.379 semiSat: 0.560 beta: 0.750 sigma: 0.114 
maxBOLD estimate = 2.371


Trial 26: random Stimulus Selection
Stimulus: 0.257
Output value 0.728

Q+ parameters
slope: 0.234 semiSat: 0.560 beta: 1.500 sigma: 0.166 
maxBOLD estimate = 1.778


Trial 27: random Stimulus Selection
Stimulus: 0.588
Output value 1.455

Q+ parameters
slope: 1.000 semiSat: 0.560 beta: 0.750 sigma: 0.114 
maxBOLD estimate = 2.668


Trial 28: random Stimulus Selection
Stimulus: 0.340
Output value 1.023

Q+ parameters
slope: 1.000 semiSat: 0.560 beta: 0.938 sigma: 0.166 
maxBOLD estimate = 2.001


Trial 29: random Stimulus Selection
Stimulus: 0.340
Output value -0.512

Q+ parameters
slope: 0.234 semiSat: 0.560 beta: 1.500 sigma: 0.166 
maxBOLD estimate = 1.876


Trial 30: baseline Stimulus Selection
Stimulus: 0.010
Output value -0.192

Q+ parameters
slope: 1.000 semiSat: 0.560 beta: 0.750 sigma: 0.114 
maxBOLD estimate = 2.814

--------------------------------------------------------------
FINAL VALUES
--------------------------------------------------------------
Simulated parameters:              slope: 0.410 semiSat: 0.570 beta: 1.000 sigma: 0.150 
Max posterior QUEST+ parameters:   slope: 0.234 semiSat: 0.560 beta: 1.500 sigma: 0.166 
Max BADS parameters:               slope: 0.501 semiSat: 0.523 beta: 1.000 sigma: 0.135 
maxBOLD estimate: 1.852
