/blue/stevenweisberg/stevenweisberg/MATLAB/projects/Weisberg_Aguirre_2020/scripts/run_sims
c7a-s9.ufhpc
Thu Nov 12 15:52:29 EST 2020
cp: cannot stat ‘/blue/stevenweisberg/stevenweisberg/qpfMRIResults/deploy_sim.sh’: No such file or directory
cp: cannot stat ‘/blue/stevenweisberg/stevenweisberg/qpfMRIResults/sim_wrapper.sh’: No such file or directory
------------------------------------------
Setting up environment variables
---
LD_LIBRARY_PATH is .:/apps/matlab/mcr/2020b/v99/runtime/glnxa64:/apps/matlab/mcr/2020b/v99/bin/glnxa64:/apps/matlab/mcr/2020b/v99/sys/os/glnxa64:/apps/matlab/mcr/2020b/v99/sys/opengl/lib/glnxa64
Warning: Executing startup failed in matlabrc.
This indicates a potentially serious problem in your MATLAB setup, which should be resolved as soon as possible.  Error detected was:
MATLAB:mpath:PathAlterationNotSupported
Modifying the search path is not supported by MATLAB Compiler. Remove functions that modify the search path from your MATLAB code. To make files visible to your deployed application, add the parent folder to your MATLAB session.
Warning: No stimulus domain specified. Defaulting to values between 0.01 and 1.
> In qpfmriParams (line 182)
In compiledSimulate (line 205)
Stimulus domain added from input.
Parameter slope specified as 0.41000
Parameter semiSat specified as 0.57000
Parameter beta specified as 1.00000
Parameter sigma specified as 0.05000
seed = 99seed = 104seed = 111seed = 111seed = 115seed = 101Initializing Q+. This may take a minute...
Elapsed time is 19.356141 seconds.
Simulated parameters:
slope: 0.410 semiSat: 0.570 beta: 1.000 sigma: 0.050 

Trial 1: baseline Stimulus Selection
Stimulus: 0.010
Output value 0.000

Q+ parameters
slope: 0.026 semiSat: 0.890 beta: 0.500 sigma: 0.010 
maxBOLD estimate = 1.000


Trial 2: maxBOLD Stimulus Selection
Stimulus: 1.000
Output value 1.364

Q+ parameters
slope: 0.055 semiSat: 0.670 beta: 1.250 sigma: 0.010 
maxBOLD estimate = 1.000


Trial 3: baseline Stimulus Selection
Stimulus: 0.010
Output value 0.142

Q+ parameters
slope: 0.055 semiSat: 0.670 beta: 1.250 sigma: 0.062 
maxBOLD estimate = 1.250


Trial 4: maxBOLD Stimulus Selection
Stimulus: 1.000
Output value 1.598

Q+ parameters
slope: 0.055 semiSat: 0.670 beta: 1.125 sigma: 0.062 
maxBOLD estimate = 1.562


Trial 5: baseline Stimulus Selection
Stimulus: 0.010
Output value -0.200

Q+ parameters
slope: 0.043 semiSat: 0.780 beta: 1.250 sigma: 0.062 
maxBOLD estimate = 1.758


Trial 6: maxBOLD Stimulus Selection
Stimulus: 1.000
Output value 1.498

Q+ parameters
slope: 0.034 semiSat: 1.000 beta: 1.250 sigma: 0.062 
maxBOLD estimate = 2.197


Trial 7: random Stimulus Selection
Stimulus: 0.340
Output value -0.218

Q+ parameters
slope: 0.055 semiSat: 0.890 beta: 0.875 sigma: 0.062 
maxBOLD estimate = 2.747


Trial 8: random Stimulus Selection
Stimulus: 0.257
Output value -0.205

Q+ parameters
slope: 0.055 semiSat: 0.890 beta: 0.938 sigma: 0.062 
maxBOLD estimate = 2.403


Trial 9: random Stimulus Selection
Stimulus: 0.092
Output value -0.192

Q+ parameters
slope: 0.055 semiSat: 0.890 beta: 0.938 sigma: 0.062 
maxBOLD estimate = 2.253


Trial 10: baseline Stimulus Selection
Stimulus: 0.010
Output value -0.288

Q+ parameters
slope: 0.055 semiSat: 1.000 beta: 1.500 sigma: 0.062 
maxBOLD estimate = 2.112


Trial 11: random Stimulus Selection
Stimulus: 0.546
Output value 0.000

Q+ parameters
slope: 0.070 semiSat: 1.000 beta: 0.875 sigma: 0.062 
maxBOLD estimate = 3.168


Trial 12: random Stimulus Selection
Stimulus: 0.876
Output value 1.103

Q+ parameters
slope: 0.055 semiSat: 0.890 beta: 0.875 sigma: 0.062 
maxBOLD estimate = 2.772


Trial 13: random Stimulus Selection
Stimulus: 0.794
Output value 1.158

Q+ parameters
slope: 0.070 semiSat: 0.670 beta: 0.750 sigma: 0.062 
maxBOLD estimate = 2.426


Trial 14: random Stimulus Selection
Stimulus: 0.711
Output value 1.158

Q+ parameters
slope: 0.183 semiSat: 0.670 beta: 0.875 sigma: 0.062 
maxBOLD estimate = 1.819


Trial 15: maxBOLD Stimulus Selection
Stimulus: 1.000
Output value 1.492

Q+ parameters
slope: 0.616 semiSat: 0.670 beta: 0.938 sigma: 0.062 
maxBOLD estimate = 1.592


Trial 16: random Stimulus Selection
Stimulus: 0.051
Output value 0.000

Q+ parameters
slope: 0.483 semiSat: 0.670 beta: 1.000 sigma: 0.062 
maxBOLD estimate = 1.492


Trial 17: random Stimulus Selection
Stimulus: 0.629
Output value 1.183

Q+ parameters
slope: 1.000 semiSat: 0.560 beta: 0.969 sigma: 0.062 
maxBOLD estimate = 1.492


Trial 18: random Stimulus Selection
Stimulus: 0.464
Output value 0.000

Q+ parameters
slope: 1.000 semiSat: 0.560 beta: 0.969 sigma: 0.062 
maxBOLD estimate = 1.446


Trial 19: random Stimulus Selection
Stimulus: 0.464
Output value -0.135

Q+ parameters
slope: 1.000 semiSat: 0.560 beta: 1.062 sigma: 0.114 
maxBOLD estimate = 1.401


Trial 20: baseline Stimulus Selection
Stimulus: 0.010
Output value 0.000

Q+ parameters
slope: 1.000 semiSat: 0.560 beta: 0.969 sigma: 0.062 
maxBOLD estimate = 1.488


Trial 21: random Stimulus Selection
Stimulus: 0.629
Output value 1.397

Q+ parameters
slope: 1.000 semiSat: 0.560 beta: 0.969 sigma: 0.062 
maxBOLD estimate = 1.442


Trial 22: random Stimulus Selection
Stimulus: 0.092
Output value 0.000

Q+ parameters
slope: 1.000 semiSat: 0.560 beta: 1.062 sigma: 0.062 
maxBOLD estimate = 1.397


Trial 23: random Stimulus Selection
Stimulus: 0.753
Output value 1.568

Q+ parameters
slope: 1.000 semiSat: 0.560 beta: 0.969 sigma: 0.062 
maxBOLD estimate = 1.484


Trial 24: random Stimulus Selection
Stimulus: 0.876
Output value 1.393

Q+ parameters
slope: 1.000 semiSat: 0.560 beta: 0.969 sigma: 0.062 
maxBOLD estimate = 1.437


Trial 25: maxBOLD Stimulus Selection
Stimulus: 1.000
Output value 1.614

Q+ parameters
slope: 1.000 semiSat: 0.560 beta: 1.062 sigma: 0.062 
maxBOLD estimate = 1.393


Trial 26: random Stimulus Selection
Stimulus: 0.918
Output value 1.564

Q+ parameters
slope: 1.000 semiSat: 0.560 beta: 0.969 sigma: 0.062 
maxBOLD estimate = 1.480


Trial 27: random Stimulus Selection
Stimulus: 0.588
Output value 1.108

Q+ parameters
slope: 0.379 semiSat: 0.560 beta: 1.062 sigma: 0.062 
maxBOLD estimate = 1.433


Trial 28: random Stimulus Selection
Stimulus: 0.257
Output value -0.134

Q+ parameters
slope: 0.616 semiSat: 0.560 beta: 0.969 sigma: 0.062 
maxBOLD estimate = 1.523


Trial 29: random Stimulus Selection
Stimulus: 0.381
Output value -0.130

Q+ parameters
slope: 0.616 semiSat: 0.560 beta: 0.969 sigma: 0.062 
maxBOLD estimate = 1.475


Trial 30: baseline Stimulus Selection
Stimulus: 0.010
Output value 0.000

Q+ parameters
slope: 0.379 semiSat: 0.560 beta: 1.062 sigma: 0.062 
maxBOLD estimate = 1.429

--------------------------------------------------------------
FINAL VALUES
--------------------------------------------------------------
Simulated parameters:              slope: 0.410 semiSat: 0.570 beta: 1.000 sigma: 0.050 
Max posterior QUEST+ parameters:   slope: 0.616 semiSat: 0.560 beta: 0.969 sigma: 0.062 
Max BADS parameters:               slope: 0.594 semiSat: 0.580 beta: 1.000 sigma: 0.051 
maxBOLD estimate: 1.530
