/blue/stevenweisberg/stevenweisberg/MATLAB/projects/Weisberg_Aguirre_2020/scripts/run_sims
c0700a-s6.ufhpc
Tue Apr  6 18:27:14 EDT 2021
mkdir: cannot create directory ‘/blue/stevenweisberg/stevenweisberg/qpfMRIResults/model_parameter_set2/’: File exists
cp: cannot stat ‘/blue/stevenweisberg/stevenweisberg/qpfMRIResults/deploy_sim.sh’: No such file or directory
cp: cannot stat ‘/blue/stevenweisberg/stevenweisberg/qpfMRIResults/sim_wrapper.sh’: No such file or directory
------------------------------------------
Setting up environment variables
---
LD_LIBRARY_PATH is .:/apps/matlab/mcr/2020b/v99/runtime/glnxa64:/apps/matlab/mcr/2020b/v99/bin/glnxa64:/apps/matlab/mcr/2020b/v99/sys/os/glnxa64:/apps/matlab/mcr/2020b/v99/sys/opengl/lib/glnxa64
Warning: Executing startup failed in matlabrc.
This indicates a potentially serious problem in your MATLAB setup, which should be resolved as soon as possible.  Error detected was:
MATLAB:mpath:PathAlterationNotSupported
Modifying the search path is not supported by MATLAB Compiler. Remove functions that modify the search path from your MATLAB code. To make files visible to your deployed application, add the parent folder to your MATLAB session.
Warning: No stimulus domain specified. Defaulting to values between 0.01 and 1.
> In qpfmriParams (line 182)
In compiledSimulate (line 205)
Stimulus domain added from input.
Parameter slope specified as 0.20000
Parameter semiSat specified as 0.57000
Parameter beta specified as 1.00000
Parameter sigma specified as 0.10000
seed = 99seed = 104seed = 111seed = 111seed = 115seed = 101Initializing Q+. This may take a minute...
Elapsed time is 7.042603 seconds.
Simulated parameters:
slope: 0.200 semiSat: 0.570 beta: 1.000 sigma: 0.100 

Trial 1: baseline Stimulus Selection
Stimulus: 0.010
Output value 0.000

Q+ parameters
slope: 0.026 semiSat: 0.890 beta: 0.500 sigma: 0.010 
maxBOLD estimate = 1.000


Trial 2: maxBOLD Stimulus Selection
Stimulus: 1.000
Output value 1.364

Q+ parameters
slope: 0.055 semiSat: 0.670 beta: 1.250 sigma: 0.010 
maxBOLD estimate = 1.000


Trial 3: baseline Stimulus Selection
Stimulus: 0.010
Output value 0.110

Q+ parameters
slope: 0.043 semiSat: 0.780 beta: 0.969 sigma: 0.062 
maxBOLD estimate = 1.250


Trial 4: maxBOLD Stimulus Selection
Stimulus: 1.000
Output value 1.486

Q+ parameters
slope: 0.055 semiSat: 0.670 beta: 1.125 sigma: 0.062 
maxBOLD estimate = 1.211


Trial 5: baseline Stimulus Selection
Stimulus: 0.010
Output value -0.310

Q+ parameters
slope: 0.043 semiSat: 0.560 beta: 1.250 sigma: 0.114 
maxBOLD estimate = 1.362


Trial 6: maxBOLD Stimulus Selection
Stimulus: 1.000
Output value 1.567

Q+ parameters
slope: 0.043 semiSat: 0.780 beta: 1.125 sigma: 0.062 
maxBOLD estimate = 1.703


Trial 7: random Stimulus Selection
Stimulus: 0.629
Output value 0.784

Q+ parameters
slope: 0.070 semiSat: 0.450 beta: 0.750 sigma: 0.062 
maxBOLD estimate = 1.916


Trial 8: random Stimulus Selection
Stimulus: 0.423
Output value 0.127

Q+ parameters
slope: 0.144 semiSat: 0.560 beta: 0.969 sigma: 0.062 
maxBOLD estimate = 1.437


Trial 9: random Stimulus Selection
Stimulus: 0.505
Output value 0.652

Q+ parameters
slope: 0.070 semiSat: 0.560 beta: 1.031 sigma: 0.062 
maxBOLD estimate = 1.392


Trial 10: baseline Stimulus Selection
Stimulus: 0.010
Output value 0.130

Q+ parameters
slope: 0.070 semiSat: 0.560 beta: 1.000 sigma: 0.062 
maxBOLD estimate = 1.435


Trial 11: random Stimulus Selection
Stimulus: 0.670
Output value 1.174

Q+ parameters
slope: 0.070 semiSat: 0.560 beta: 1.000 sigma: 0.062 
maxBOLD estimate = 1.435


Trial 12: random Stimulus Selection
Stimulus: 0.959
Output value 1.762

Q+ parameters
slope: 0.113 semiSat: 0.560 beta: 1.125 sigma: 0.114 
maxBOLD estimate = 1.435


Trial 13: random Stimulus Selection
Stimulus: 0.175
Output value 0.000

Q+ parameters
slope: 0.089 semiSat: 0.560 beta: 1.000 sigma: 0.114 
maxBOLD estimate = 1.615


Trial 14: random Stimulus Selection
Stimulus: 0.546
Output value 0.440

Q+ parameters
slope: 0.113 semiSat: 0.670 beta: 1.500 sigma: 0.114 
maxBOLD estimate = 1.615


Trial 15: maxBOLD Stimulus Selection
Stimulus: 1.000
Output value 1.239

Q+ parameters
slope: 0.043 semiSat: 0.780 beta: 0.938 sigma: 0.062 
maxBOLD estimate = 2.422


Trial 16: random Stimulus Selection
Stimulus: 0.423
Output value -0.155

Q+ parameters
slope: 0.183 semiSat: 0.560 beta: 0.750 sigma: 0.114 
maxBOLD estimate = 2.271


Trial 17: random Stimulus Selection
Stimulus: 0.423
Output value 0.271

Q+ parameters
slope: 0.113 semiSat: 0.560 beta: 0.875 sigma: 0.114 
maxBOLD estimate = 1.703


Trial 18: random Stimulus Selection
Stimulus: 0.216
Output value -0.288

Q+ parameters
slope: 0.113 semiSat: 0.560 beta: 1.062 sigma: 0.114 
maxBOLD estimate = 1.490


Trial 19: random Stimulus Selection
Stimulus: 0.299
Output value 0.288

Q+ parameters
slope: 0.113 semiSat: 0.560 beta: 1.000 sigma: 0.114 
maxBOLD estimate = 1.583


Trial 20: baseline Stimulus Selection
Stimulus: 0.010
Output value 0.432

Q+ parameters
slope: 0.113 semiSat: 0.670 beta: 1.500 sigma: 0.114 
maxBOLD estimate = 1.583


Trial 21: random Stimulus Selection
Stimulus: 0.381
Output value 0.162

Q+ parameters
slope: 0.070 semiSat: 0.670 beta: 0.750 sigma: 0.062 
maxBOLD estimate = 2.375


Trial 22: random Stimulus Selection
Stimulus: 0.876
Output value 1.295

Q+ parameters
slope: 0.070 semiSat: 0.670 beta: 1.000 sigma: 0.114 
maxBOLD estimate = 1.781


Trial 23: random Stimulus Selection
Stimulus: 0.175
Output value -0.142

Q+ parameters
slope: 0.183 semiSat: 0.560 beta: 0.875 sigma: 0.114 
maxBOLD estimate = 1.781


Trial 24: random Stimulus Selection
Stimulus: 1.000
Output value 2.338

Q+ parameters
slope: 0.089 semiSat: 0.670 beta: 1.500 sigma: 0.114 
maxBOLD estimate = 1.559


Trial 25: maxBOLD Stimulus Selection
Stimulus: 1.000
Output value 0.956

Q+ parameters
slope: 0.070 semiSat: 0.670 beta: 0.750 sigma: 0.062 
maxBOLD estimate = 2.338


Trial 26: random Stimulus Selection
Stimulus: 0.505
Output value -0.159

Q+ parameters
slope: 0.089 semiSat: 0.670 beta: 1.000 sigma: 0.114 
maxBOLD estimate = 1.753


Trial 27: random Stimulus Selection
Stimulus: 0.835
Output value 1.594

Q+ parameters
slope: 0.089 semiSat: 0.670 beta: 1.000 sigma: 0.114 
maxBOLD estimate = 1.753


Trial 28: random Stimulus Selection
Stimulus: 0.257
Output value -0.319

Q+ parameters
slope: 0.089 semiSat: 0.670 beta: 1.000 sigma: 0.114 
maxBOLD estimate = 1.753


Trial 29: random Stimulus Selection
Stimulus: 0.835
Output value 0.697

Q+ parameters
slope: 0.113 semiSat: 0.670 beta: 0.875 sigma: 0.114 
maxBOLD estimate = 1.753


Trial 30: baseline Stimulus Selection
Stimulus: 0.010
Output value 0.000

Q+ parameters
slope: 0.483 semiSat: 0.560 beta: 0.875 sigma: 0.114 
maxBOLD estimate = 1.534


Trial 31: random Stimulus Selection
Stimulus: 0.711
Output value 1.831

Q+ parameters
slope: 0.089 semiSat: 0.670 beta: 1.500 sigma: 0.114 
maxBOLD estimate = 1.343


Trial 32: random Stimulus Selection
Stimulus: 0.340
Output value 0.137

Q+ parameters
slope: 0.183 semiSat: 0.560 beta: 0.750 sigma: 0.062 
maxBOLD estimate = 2.014


Trial 33: random Stimulus Selection
Stimulus: 0.794
Output value 2.265

Q+ parameters
slope: 0.113 semiSat: 0.670 beta: 1.500 sigma: 0.114 
maxBOLD estimate = 1.510


Trial 34: random Stimulus Selection
Stimulus: 0.216
Output value 0.309

Q+ parameters
slope: 0.183 semiSat: 0.560 beta: 0.750 sigma: 0.062 
maxBOLD estimate = 2.265


Trial 35: maxBOLD Stimulus Selection
Stimulus: 1.000
Output value 1.216

Q+ parameters
slope: 0.113 semiSat: 0.560 beta: 0.875 sigma: 0.114 
maxBOLD estimate = 1.699


Trial 36: random Stimulus Selection
Stimulus: 0.546
Output value 1.014

Q+ parameters
slope: 0.089 semiSat: 0.670 beta: 1.500 sigma: 0.114 
maxBOLD estimate = 1.487


Trial 37: random Stimulus Selection
Stimulus: 0.794
Output value 1.368

Q+ parameters
slope: 0.183 semiSat: 0.560 beta: 0.750 sigma: 0.062 
maxBOLD estimate = 2.230


Trial 38: random Stimulus Selection
Stimulus: 0.340
Output value 0.798

Q+ parameters
slope: 0.113 semiSat: 0.560 beta: 0.875 sigma: 0.114 
maxBOLD estimate = 1.673


Trial 39: random Stimulus Selection
Stimulus: 0.175
Output value -0.283

Q+ parameters
slope: 0.183 semiSat: 0.560 beta: 1.062 sigma: 0.114 
maxBOLD estimate = 1.463


Trial 40: baseline Stimulus Selection
Stimulus: 0.010
Output value 0.371

Q+ parameters
slope: 0.234 semiSat: 0.560 beta: 0.875 sigma: 0.114 
maxBOLD estimate = 1.555


Trial 41: random Stimulus Selection
Stimulus: 0.423
Output value -0.263

Q+ parameters
slope: 0.183 semiSat: 0.560 beta: 1.062 sigma: 0.114 
maxBOLD estimate = 1.361


Trial 42: random Stimulus Selection
Stimulus: 0.381
Output value 0.419

Q+ parameters
slope: 0.183 semiSat: 0.560 beta: 1.062 sigma: 0.114 
maxBOLD estimate = 1.446


Trial 43: random Stimulus Selection
Stimulus: 0.629
Output value 1.082

Q+ parameters
slope: 0.183 semiSat: 0.560 beta: 0.969 sigma: 0.114 
maxBOLD estimate = 1.536


Trial 44: random Stimulus Selection
Stimulus: 0.876
Output value 1.294

Q+ parameters
slope: 0.183 semiSat: 0.560 beta: 1.062 sigma: 0.114 
maxBOLD estimate = 1.488


Trial 45: maxBOLD Stimulus Selection
Stimulus: 1.000
Output value 1.671

Q+ parameters
slope: 0.183 semiSat: 0.560 beta: 0.969 sigma: 0.114 
maxBOLD estimate = 1.581


Trial 46: random Stimulus Selection
Stimulus: 0.092
Output value -0.270

Q+ parameters
slope: 0.183 semiSat: 0.560 beta: 0.969 sigma: 0.114 
maxBOLD estimate = 1.532


Trial 47: random Stimulus Selection
Stimulus: 0.794
Output value 1.147

Q+ parameters
slope: 0.183 semiSat: 0.560 beta: 1.062 sigma: 0.114 
maxBOLD estimate = 1.484


Trial 48: random Stimulus Selection
Stimulus: 0.423
Output value -0.139

Q+ parameters
slope: 0.234 semiSat: 0.560 beta: 0.969 sigma: 0.114 
maxBOLD estimate = 1.576


Trial 49: random Stimulus Selection
Stimulus: 0.257
Output value -0.286

Q+ parameters
slope: 0.234 semiSat: 0.560 beta: 1.031 sigma: 0.114 
maxBOLD estimate = 1.527


Trial 50: baseline Stimulus Selection
Stimulus: 0.010
Output value -0.139

Q+ parameters
slope: 0.183 semiSat: 0.560 beta: 0.969 sigma: 0.114 
maxBOLD estimate = 1.575


Trial 51: random Stimulus Selection
Stimulus: 0.588
Output value 0.589

Q+ parameters
slope: 0.183 semiSat: 0.560 beta: 1.062 sigma: 0.114 
maxBOLD estimate = 1.526


Trial 52: random Stimulus Selection
Stimulus: 1.000
Output value 1.285

Q+ parameters
slope: 0.144 semiSat: 0.560 beta: 0.969 sigma: 0.114 
maxBOLD estimate = 1.621


Trial 53: random Stimulus Selection
Stimulus: 0.711
Output value 1.927

Q+ parameters
slope: 0.089 semiSat: 0.670 beta: 1.500 sigma: 0.114 
maxBOLD estimate = 1.570


Trial 54: random Stimulus Selection
Stimulus: 0.381
Output value 0.161

Q+ parameters
slope: 0.183 semiSat: 0.560 beta: 0.750 sigma: 0.114 
maxBOLD estimate = 2.356


Trial 55: maxBOLD Stimulus Selection
Stimulus: 1.000
Output value 1.265

Q+ parameters
slope: 0.183 semiSat: 0.560 beta: 0.875 sigma: 0.114 
maxBOLD estimate = 1.767


Trial 56: random Stimulus Selection
Stimulus: 0.959
Output value 2.108

Q+ parameters
slope: 0.089 semiSat: 0.670 beta: 1.500 sigma: 0.114 
maxBOLD estimate = 1.546


Trial 57: random Stimulus Selection
Stimulus: 0.340
Output value -0.158

Q+ parameters
slope: 0.183 semiSat: 0.560 beta: 0.750 sigma: 0.114 
maxBOLD estimate = 2.319


Trial 58: random Stimulus Selection
Stimulus: 0.546
Output value 0.277

Q+ parameters
slope: 0.234 semiSat: 0.560 beta: 0.875 sigma: 0.114 
maxBOLD estimate = 1.739


Trial 59: random Stimulus Selection
Stimulus: 0.381
Output value 0.294

Q+ parameters
slope: 0.183 semiSat: 0.560 beta: 1.062 sigma: 0.114 
maxBOLD estimate = 1.522


Trial 60: baseline Stimulus Selection
Stimulus: 0.010
Output value -0.142

Q+ parameters
slope: 0.144 semiSat: 0.560 beta: 0.969 sigma: 0.114 
maxBOLD estimate = 1.617


Trial 61: random Stimulus Selection
Stimulus: 0.505
Output value -0.138

Q+ parameters
slope: 0.234 semiSat: 0.560 beta: 0.969 sigma: 0.114 
maxBOLD estimate = 1.566


Trial 62: random Stimulus Selection
Stimulus: 0.010
Output value -0.142

Q+ parameters
slope: 0.234 semiSat: 0.560 beta: 1.031 sigma: 0.114 
maxBOLD estimate = 1.517


Trial 63: random Stimulus Selection
Stimulus: 0.340
Output value 0.373

Q+ parameters
slope: 0.234 semiSat: 0.560 beta: 0.875 sigma: 0.114 
maxBOLD estimate = 1.565


Trial 64: random Stimulus Selection
Stimulus: 0.835
Output value 1.587

Q+ parameters
slope: 0.183 semiSat: 0.560 beta: 1.062 sigma: 0.114 
maxBOLD estimate = 1.369


Trial 65: maxBOLD Stimulus Selection
Stimulus: 1.000
Output value 1.637

Q+ parameters
slope: 0.234 semiSat: 0.560 beta: 1.031 sigma: 0.114 
maxBOLD estimate = 1.455


Trial 66: random Stimulus Selection
Stimulus: 0.051
Output value 0.422

Q+ parameters
slope: 0.234 semiSat: 0.560 beta: 1.031 sigma: 0.114 
maxBOLD estimate = 1.500


Trial 67: random Stimulus Selection
Stimulus: 0.175
Output value 0.136

Q+ parameters
slope: 0.234 semiSat: 0.560 beta: 0.969 sigma: 0.114 
maxBOLD estimate = 1.547


Trial 68: random Stimulus Selection
Stimulus: 0.134
Output value 0.141

Q+ parameters
slope: 0.234 semiSat: 0.560 beta: 1.031 sigma: 0.114 
maxBOLD estimate = 1.499


Trial 69: random Stimulus Selection
Stimulus: 0.134
Output value 0.136

Q+ parameters
slope: 0.234 semiSat: 0.560 beta: 0.969 sigma: 0.114 
maxBOLD estimate = 1.546


Trial 70: baseline Stimulus Selection
Stimulus: 0.010
Output value -0.289

Q+ parameters
slope: 0.183 semiSat: 0.560 beta: 1.062 sigma: 0.114 
maxBOLD estimate = 1.497


Trial 71: random Stimulus Selection
Stimulus: 0.216
Output value -0.127

Q+ parameters
slope: 0.234 semiSat: 0.560 beta: 0.875 sigma: 0.114 
maxBOLD estimate = 1.591


Trial 72: random Stimulus Selection
Stimulus: 0.835
Output value 1.076

Q+ parameters
slope: 0.183 semiSat: 0.560 beta: 1.062 sigma: 0.114 
maxBOLD estimate = 1.392


Trial 73: random Stimulus Selection
Stimulus: 0.959
Output value 1.664

Q+ parameters
slope: 0.234 semiSat: 0.560 beta: 1.031 sigma: 0.114 
maxBOLD estimate = 1.479


Trial 74: random Stimulus Selection
Stimulus: 0.670
Output value 1.075

Q+ parameters
slope: 0.234 semiSat: 0.560 beta: 0.969 sigma: 0.114 
maxBOLD estimate = 1.525


Trial 75: maxBOLD Stimulus Selection
Stimulus: 1.000
Output value 1.041

Q+ parameters
slope: 0.234 semiSat: 0.560 beta: 0.969 sigma: 0.114 
maxBOLD estimate = 1.478


Trial 76: random Stimulus Selection
Stimulus: 0.175
Output value -0.252

Q+ parameters
slope: 0.298 semiSat: 0.560 beta: 0.969 sigma: 0.114 
maxBOLD estimate = 1.431


Trial 77: random Stimulus Selection
Stimulus: 0.299
Output value 0.134

Q+ parameters
slope: 0.183 semiSat: 0.560 beta: 1.062 sigma: 0.114 
maxBOLD estimate = 1.387


Trial 78: random Stimulus Selection
Stimulus: 0.794
Output value 1.427

Q+ parameters
slope: 0.234 semiSat: 0.560 beta: 0.969 sigma: 0.114 
maxBOLD estimate = 1.473


Trial 79: random Stimulus Selection
Stimulus: 0.546
Output value 0.126

Q+ parameters
slope: 0.298 semiSat: 0.560 beta: 0.969 sigma: 0.114 
maxBOLD estimate = 1.427


Trial 80: baseline Stimulus Selection
Stimulus: 0.010
Output value 0.000

Q+ parameters
slope: 0.183 semiSat: 0.560 beta: 1.062 sigma: 0.114 
maxBOLD estimate = 1.383


Trial 81: random Stimulus Selection
Stimulus: 0.918
Output value 0.906

Q+ parameters
slope: 0.234 semiSat: 0.560 beta: 0.969 sigma: 0.114 
maxBOLD estimate = 1.469


Trial 82: random Stimulus Selection
Stimulus: 0.959
Output value 1.650

Q+ parameters
slope: 0.183 semiSat: 0.560 beta: 1.062 sigma: 0.114 
maxBOLD estimate = 1.423


Trial 83: random Stimulus Selection
Stimulus: 0.257
Output value -0.266

Q+ parameters
slope: 0.234 semiSat: 0.560 beta: 0.969 sigma: 0.114 
maxBOLD estimate = 1.512


Trial 84: random Stimulus Selection
Stimulus: 0.381
Output value -0.258

Q+ parameters
slope: 0.298 semiSat: 0.560 beta: 0.969 sigma: 0.114 
maxBOLD estimate = 1.465


Trial 85: maxBOLD Stimulus Selection
Stimulus: 1.000
Output value 1.508

Q+ parameters
slope: 0.183 semiSat: 0.560 beta: 1.062 sigma: 0.114 
maxBOLD estimate = 1.419


Trial 86: random Stimulus Selection
Stimulus: 0.423
Output value 0.133

Q+ parameters
slope: 0.234 semiSat: 0.560 beta: 0.969 sigma: 0.114 
maxBOLD estimate = 1.508


Trial 87: random Stimulus Selection
Stimulus: 0.794
Output value 1.029

Q+ parameters
slope: 0.298 semiSat: 0.560 beta: 0.969 sigma: 0.114 
maxBOLD estimate = 1.461


Trial 88: random Stimulus Selection
Stimulus: 0.299
Output value -0.273

Q+ parameters
slope: 0.183 semiSat: 0.560 beta: 1.062 sigma: 0.114 
maxBOLD estimate = 1.415


Trial 89: random Stimulus Selection
Stimulus: 0.918
Output value 0.927

Q+ parameters
slope: 0.234 semiSat: 0.560 beta: 0.969 sigma: 0.114 
maxBOLD estimate = 1.503


Trial 90: baseline Stimulus Selection
Stimulus: 0.010
Output value -0.281

Q+ parameters
slope: 0.183 semiSat: 0.560 beta: 1.062 sigma: 0.114 
maxBOLD estimate = 1.456


Trial 91: random Stimulus Selection
Stimulus: 0.918
Output value 1.363

Q+ parameters
slope: 0.234 semiSat: 0.560 beta: 0.969 sigma: 0.114 
maxBOLD estimate = 1.547


Trial 92: random Stimulus Selection
Stimulus: 0.216
Output value -0.264

Q+ parameters
slope: 0.298 semiSat: 0.560 beta: 0.969 sigma: 0.114 
maxBOLD estimate = 1.499


Trial 93: random Stimulus Selection
Stimulus: 0.546
Output value 0.281

Q+ parameters
slope: 0.183 semiSat: 0.560 beta: 1.062 sigma: 0.114 
maxBOLD estimate = 1.452


Trial 94: random Stimulus Selection
Stimulus: 0.092
Output value -0.272

Q+ parameters
slope: 0.234 semiSat: 0.560 beta: 0.969 sigma: 0.114 
maxBOLD estimate = 1.543


Trial 95: maxBOLD Stimulus Selection
Stimulus: 1.000
Output value 1.316

Q+ parameters
slope: 0.298 semiSat: 0.560 beta: 0.969 sigma: 0.114 
maxBOLD estimate = 1.495


Trial 96: random Stimulus Selection
Stimulus: 0.175
Output value -0.140

Q+ parameters
slope: 0.183 semiSat: 0.560 beta: 1.062 sigma: 0.114 
maxBOLD estimate = 1.448


Trial 97: random Stimulus Selection
Stimulus: 0.051
Output value -0.271

Q+ parameters
slope: 0.234 semiSat: 0.560 beta: 0.969 sigma: 0.114 
maxBOLD estimate = 1.539


Trial 98: random Stimulus Selection
Stimulus: 0.588
Output value 0.788

Q+ parameters
slope: 0.298 semiSat: 0.560 beta: 0.969 sigma: 0.114 
maxBOLD estimate = 1.491


Trial 99: random Stimulus Selection
Stimulus: 0.629
Output value 1.255

Q+ parameters
slope: 0.183 semiSat: 0.560 beta: 1.062 sigma: 0.114 
maxBOLD estimate = 1.444


Trial 100: baseline Stimulus Selection
Stimulus: 0.010
Output value -0.135

Q+ parameters
slope: 0.298 semiSat: 0.560 beta: 0.969 sigma: 0.114 
maxBOLD estimate = 1.534

--------------------------------------------------------------
FINAL VALUES
--------------------------------------------------------------
Simulated parameters:              slope: 0.200 semiSat: 0.570 beta: 1.000 sigma: 0.100 
Max posterior QUEST+ parameters:   slope: 0.234 semiSat: 0.560 beta: 0.969 sigma: 0.114 
Max BADS parameters:               slope: 0.194 semiSat: 0.574 beta: 1.000 sigma: 0.112 
maxBOLD estimate: 1.538
