/blue/stevenweisberg/stevenweisberg/MATLAB/projects/Weisberg_Aguirre_2020/scripts/run_sims
c25a-s23.ufhpc
Fri Nov 13 23:17:37 EST 2020
mkdir: cannot create directory ‘/blue/stevenweisberg/stevenweisberg/qpfMRIResults/model_parameter_set1/’: File exists
cp: cannot stat ‘/blue/stevenweisberg/stevenweisberg/qpfMRIResults/deploy_sim.sh’: No such file or directory
cp: cannot stat ‘/blue/stevenweisberg/stevenweisberg/qpfMRIResults/sim_wrapper.sh’: No such file or directory
------------------------------------------
Setting up environment variables
---
LD_LIBRARY_PATH is .:/apps/matlab/mcr/2020b/v99/runtime/glnxa64:/apps/matlab/mcr/2020b/v99/bin/glnxa64:/apps/matlab/mcr/2020b/v99/sys/os/glnxa64:/apps/matlab/mcr/2020b/v99/sys/opengl/lib/glnxa64
Warning: Executing startup failed in matlabrc.
This indicates a potentially serious problem in your MATLAB setup, which should be resolved as soon as possible.  Error detected was:
MATLAB:mpath:PathAlterationNotSupported
Modifying the search path is not supported by MATLAB Compiler. Remove functions that modify the search path from your MATLAB code. To make files visible to your deployed application, add the parent folder to your MATLAB session.
Warning: No stimulus domain specified. Defaulting to values between 0.01 and 1.
> In qpfmriParams (line 182)
In compiledSimulate (line 205)
Stimulus domain added from input.
Parameter slope specified as 0.41000
Parameter semiSat specified as 0.57000
Parameter beta specified as 1.00000
Parameter sigma specified as 0.15000
seed = 99seed = 104seed = 111seed = 111seed = 115seed = 101Initializing Q+. This may take a minute...
Elapsed time is 9.762661 seconds.
Simulated parameters:
slope: 0.410 semiSat: 0.570 beta: 1.000 sigma: 0.150 

Trial 1: baseline Stimulus Selection
Stimulus: 0.010
Output value 0.000

Q+ parameters
slope: 0.026 semiSat: 0.890 beta: 0.500 sigma: 0.010 
maxBOLD estimate = 1.000


Trial 2: maxBOLD Stimulus Selection
Stimulus: 1.000
Output value 1.364

Q+ parameters
slope: 0.055 semiSat: 0.670 beta: 1.250 sigma: 0.010 
maxBOLD estimate = 1.000


Trial 3: baseline Stimulus Selection
Stimulus: 0.010
Output value 0.284

Q+ parameters
slope: 0.055 semiSat: 0.670 beta: 1.250 sigma: 0.114 
maxBOLD estimate = 1.250


Trial 4: maxBOLD Stimulus Selection
Stimulus: 1.000
Output value 1.598

Q+ parameters
slope: 0.043 semiSat: 0.780 beta: 1.250 sigma: 0.114 
maxBOLD estimate = 1.562


Trial 5: baseline Stimulus Selection
Stimulus: 0.010
Output value 0.172

Q+ parameters
slope: 0.043 semiSat: 0.780 beta: 0.969 sigma: 0.062 
maxBOLD estimate = 1.953


Trial 6: maxBOLD Stimulus Selection
Stimulus: 1.000
Output value 2.322

Q+ parameters
slope: 0.043 semiSat: 0.780 beta: 1.125 sigma: 0.114 
maxBOLD estimate = 1.892


Trial 7: random Stimulus Selection
Stimulus: 0.464
Output value -0.581

Q+ parameters
slope: 0.070 semiSat: 1.000 beta: 1.500 sigma: 0.114 
maxBOLD estimate = 2.129


Trial 8: random Stimulus Selection
Stimulus: 0.959
Output value 0.762

Q+ parameters
slope: 0.144 semiSat: 1.000 beta: 0.875 sigma: 0.062 
maxBOLD estimate = 3.193


Trial 9: random Stimulus Selection
Stimulus: 0.340
Output value 0.190

Q+ parameters
slope: 0.070 semiSat: 0.890 beta: 0.750 sigma: 0.062 
maxBOLD estimate = 2.794


Trial 10: baseline Stimulus Selection
Stimulus: 0.010
Output value -0.286

Q+ parameters
slope: 0.113 semiSat: 1.000 beta: 1.500 sigma: 0.062 
maxBOLD estimate = 2.095


Trial 11: random Stimulus Selection
Stimulus: 0.381
Output value 0.250

Q+ parameters
slope: 0.055 semiSat: 1.000 beta: 0.875 sigma: 0.062 
maxBOLD estimate = 3.143


Trial 12: random Stimulus Selection
Stimulus: 0.299
Output value 0.750

Q+ parameters
slope: 0.043 semiSat: 1.000 beta: 1.000 sigma: 0.062 
maxBOLD estimate = 2.750


Trial 13: random Stimulus Selection
Stimulus: 0.711
Output value 1.125

Q+ parameters
slope: 1.000 semiSat: 0.560 beta: 0.500 sigma: 0.114 
maxBOLD estimate = 2.750


Trial 14: random Stimulus Selection
Stimulus: 0.794
Output value 2.250

Q+ parameters
slope: 0.234 semiSat: 0.670 beta: 1.500 sigma: 0.114 
maxBOLD estimate = 1.375


Trial 15: maxBOLD Stimulus Selection
Stimulus: 1.000
Output value 1.641

Q+ parameters
slope: 0.379 semiSat: 0.560 beta: 0.875 sigma: 0.114 
maxBOLD estimate = 2.063


Trial 16: random Stimulus Selection
Stimulus: 0.092
Output value 0.159

Q+ parameters
slope: 0.379 semiSat: 0.560 beta: 0.969 sigma: 0.114 
maxBOLD estimate = 1.805


Trial 17: random Stimulus Selection
Stimulus: 0.381
Output value 0.000

Q+ parameters
slope: 0.379 semiSat: 0.560 beta: 0.969 sigma: 0.114 
maxBOLD estimate = 1.748


Trial 18: random Stimulus Selection
Stimulus: 0.711
Output value 2.772

Q+ parameters
slope: 0.234 semiSat: 0.670 beta: 1.500 sigma: 0.166 
maxBOLD estimate = 1.694


Trial 19: random Stimulus Selection
Stimulus: 0.340
Output value 0.173

Q+ parameters
slope: 0.298 semiSat: 0.560 beta: 0.750 sigma: 0.114 
maxBOLD estimate = 2.541


Trial 20: baseline Stimulus Selection
Stimulus: 0.010
Output value 0.000

Q+ parameters
slope: 0.379 semiSat: 0.560 beta: 0.875 sigma: 0.114 
maxBOLD estimate = 1.905


Trial 21: random Stimulus Selection
Stimulus: 0.629
Output value 1.591

Q+ parameters
slope: 0.234 semiSat: 0.670 beta: 1.500 sigma: 0.114 
maxBOLD estimate = 1.667


Trial 22: random Stimulus Selection
Stimulus: 0.835
Output value 1.364

Q+ parameters
slope: 0.183 semiSat: 0.560 beta: 0.750 sigma: 0.114 
maxBOLD estimate = 2.501


Trial 23: random Stimulus Selection
Stimulus: 0.134
Output value 0.298

Q+ parameters
slope: 0.379 semiSat: 0.560 beta: 0.875 sigma: 0.114 
maxBOLD estimate = 1.876


Trial 24: random Stimulus Selection
Stimulus: 0.381
Output value 0.448

Q+ parameters
slope: 0.234 semiSat: 0.670 beta: 1.500 sigma: 0.114 
maxBOLD estimate = 1.641


Trial 25: maxBOLD Stimulus Selection
Stimulus: 1.000
Output value 1.175

Q+ parameters
slope: 0.183 semiSat: 0.560 beta: 0.750 sigma: 0.114 
maxBOLD estimate = 2.462


Trial 26: random Stimulus Selection
Stimulus: 1.000
Output value 1.322

Q+ parameters
slope: 0.379 semiSat: 0.560 beta: 0.875 sigma: 0.114 
maxBOLD estimate = 1.846


Trial 27: random Stimulus Selection
Stimulus: 0.546
Output value 0.220

Q+ parameters
slope: 0.234 semiSat: 0.670 beta: 1.500 sigma: 0.114 
maxBOLD estimate = 1.616


Trial 28: random Stimulus Selection
Stimulus: 0.051
Output value -0.330

Q+ parameters
slope: 0.616 semiSat: 0.670 beta: 0.750 sigma: 0.114 
maxBOLD estimate = 2.423


Trial 29: random Stimulus Selection
Stimulus: 0.835
Output value 2.974

Q+ parameters
slope: 0.234 semiSat: 0.670 beta: 1.500 sigma: 0.114 
maxBOLD estimate = 1.818


Trial 30: baseline Stimulus Selection
Stimulus: 0.010
Output value 0.000

Q+ parameters
slope: 0.616 semiSat: 0.670 beta: 0.750 sigma: 0.114 
maxBOLD estimate = 2.726

--------------------------------------------------------------
FINAL VALUES
--------------------------------------------------------------
Simulated parameters:              slope: 0.410 semiSat: 0.570 beta: 1.000 sigma: 0.150 
Max posterior QUEST+ parameters:   slope: 0.234 semiSat: 0.670 beta: 1.500 sigma: 0.114 
Max BADS parameters:               slope: 0.517 semiSat: 0.623 beta: 1.000 sigma: 0.102 
maxBOLD estimate: 1.673
