/blue/stevenweisberg/stevenweisberg/MATLAB/projects/Weisberg_Aguirre_2020/scripts/run_sims
c29a-s4.ufhpc
Thu Nov 12 15:25:26 EST 2020
cp: cannot stat ‘/blue/stevenweisberg/stevenweisberg/qpfMRIResults/deploy_sim.sh’: No such file or directory
cp: cannot stat ‘/blue/stevenweisberg/stevenweisberg/qpfMRIResults/sim_wrapper.sh’: No such file or directory
------------------------------------------
Setting up environment variables
---
LD_LIBRARY_PATH is .:/apps/matlab/mcr/2020b/v99/runtime/glnxa64:/apps/matlab/mcr/2020b/v99/bin/glnxa64:/apps/matlab/mcr/2020b/v99/sys/os/glnxa64:/apps/matlab/mcr/2020b/v99/sys/opengl/lib/glnxa64
Warning: Executing startup failed in matlabrc.
This indicates a potentially serious problem in your MATLAB setup, which should be resolved as soon as possible.  Error detected was:
MATLAB:mpath:PathAlterationNotSupported
Modifying the search path is not supported by MATLAB Compiler. Remove functions that modify the search path from your MATLAB code. To make files visible to your deployed application, add the parent folder to your MATLAB session.
Warning: No stimulus domain specified. Defaulting to values between 0.01 and 1.
> In qpfmriParams (line 182)
In compiledSimulate (line 205)
Stimulus domain added from input.
Parameter slope specified as 0.41000
Parameter semiSat specified as 0.57000
Parameter beta specified as 1.00000
Parameter sigma specified as 0.15000
seed = 99seed = 104seed = 111seed = 111seed = 115seed = 101Initializing Q+. This may take a minute...
Elapsed time is 9.561893 seconds.
Simulated parameters:
slope: 0.410 semiSat: 0.570 beta: 1.000 sigma: 0.150 

Trial 1: baseline Stimulus Selection
Stimulus: 0.010
Output value 0.000

Q+ parameters
slope: 0.026 semiSat: 0.890 beta: 0.500 sigma: 0.010 
maxBOLD estimate = 1.000


Trial 2: maxBOLD Stimulus Selection
Stimulus: 1.000
Output value 1.364

Q+ parameters
slope: 0.055 semiSat: 0.670 beta: 1.250 sigma: 0.010 
maxBOLD estimate = 1.000


Trial 3: baseline Stimulus Selection
Stimulus: 0.010
Output value -0.142

Q+ parameters
slope: 0.055 semiSat: 0.670 beta: 1.250 sigma: 0.062 
maxBOLD estimate = 1.250


Trial 4: maxBOLD Stimulus Selection
Stimulus: 1.000
Output value 2.131

Q+ parameters
slope: 0.055 semiSat: 0.670 beta: 1.250 sigma: 0.062 
maxBOLD estimate = 1.562


Trial 5: baseline Stimulus Selection
Stimulus: 0.010
Output value 0.222

Q+ parameters
slope: 0.043 semiSat: 0.780 beta: 1.250 sigma: 0.114 
maxBOLD estimate = 1.953


Trial 6: maxBOLD Stimulus Selection
Stimulus: 1.000
Output value 2.219

Q+ parameters
slope: 0.034 semiSat: 1.000 beta: 1.250 sigma: 0.062 
maxBOLD estimate = 2.441


Trial 7: random Stimulus Selection
Stimulus: 0.423
Output value 0.728

Q+ parameters
slope: 0.034 semiSat: 0.890 beta: 0.875 sigma: 0.062 
maxBOLD estimate = 3.052


Trial 8: random Stimulus Selection
Stimulus: 0.835
Output value 2.003

Q+ parameters
slope: 0.113 semiSat: 0.560 beta: 0.750 sigma: 0.114 
maxBOLD estimate = 2.670


Trial 9: random Stimulus Selection
Stimulus: 0.010
Output value 0.176

Q+ parameters
slope: 0.089 semiSat: 0.560 beta: 0.969 sigma: 0.114 
maxBOLD estimate = 2.003


Trial 10: baseline Stimulus Selection
Stimulus: 0.010
Output value 0.661

Q+ parameters
slope: 0.183 semiSat: 0.670 beta: 0.938 sigma: 0.166 
maxBOLD estimate = 1.940


Trial 11: random Stimulus Selection
Stimulus: 0.629
Output value 1.602

Q+ parameters
slope: 0.483 semiSat: 0.450 beta: 0.969 sigma: 0.114 
maxBOLD estimate = 1.819


Trial 12: random Stimulus Selection
Stimulus: 0.257
Output value 0.000

Q+ parameters
slope: 0.144 semiSat: 0.560 beta: 1.500 sigma: 0.114 
maxBOLD estimate = 1.762


Trial 13: random Stimulus Selection
Stimulus: 0.464
Output value 0.180

Q+ parameters
slope: 0.379 semiSat: 0.560 beta: 0.750 sigma: 0.062 
maxBOLD estimate = 2.643


Trial 14: random Stimulus Selection
Stimulus: 0.546
Output value 0.158

Q+ parameters
slope: 0.785 semiSat: 0.560 beta: 0.875 sigma: 0.114 
maxBOLD estimate = 1.982


Trial 15: maxBOLD Stimulus Selection
Stimulus: 1.000
Output value 1.675

Q+ parameters
slope: 1.000 semiSat: 0.560 beta: 1.062 sigma: 0.166 
maxBOLD estimate = 1.735


Trial 16: random Stimulus Selection
Stimulus: 0.340
Output value 0.712

Q+ parameters
slope: 1.000 semiSat: 0.560 beta: 1.062 sigma: 0.166 
maxBOLD estimate = 1.843


Trial 17: random Stimulus Selection
Stimulus: 0.340
Output value 0.156

Q+ parameters
slope: 0.785 semiSat: 0.560 beta: 0.875 sigma: 0.114 
maxBOLD estimate = 1.958


Trial 18: random Stimulus Selection
Stimulus: 0.670
Output value 1.558

Q+ parameters
slope: 0.144 semiSat: 0.560 beta: 1.250 sigma: 0.166 
maxBOLD estimate = 1.713


Trial 19: random Stimulus Selection
Stimulus: 0.010
Output value 0.292

Q+ parameters
slope: 0.616 semiSat: 0.560 beta: 0.750 sigma: 0.114 
maxBOLD estimate = 2.142


Trial 20: baseline Stimulus Selection
Stimulus: 0.010
Output value -0.438

Q+ parameters
slope: 0.144 semiSat: 0.560 beta: 1.500 sigma: 0.114 
maxBOLD estimate = 1.606


Trial 21: random Stimulus Selection
Stimulus: 0.340
Output value -0.164

Q+ parameters
slope: 0.616 semiSat: 0.560 beta: 0.750 sigma: 0.114 
maxBOLD estimate = 2.409


Trial 22: random Stimulus Selection
Stimulus: 0.092
Output value -0.246

Q+ parameters
slope: 0.144 semiSat: 0.560 beta: 1.500 sigma: 0.114 
maxBOLD estimate = 1.807


Trial 23: random Stimulus Selection
Stimulus: 0.340
Output value 0.000

Q+ parameters
slope: 0.234 semiSat: 0.560 beta: 0.750 sigma: 0.114 
maxBOLD estimate = 2.711


Trial 24: random Stimulus Selection
Stimulus: 0.959
Output value 1.969

Q+ parameters
slope: 1.000 semiSat: 0.560 beta: 0.969 sigma: 0.114 
maxBOLD estimate = 2.033


Trial 25: maxBOLD Stimulus Selection
Stimulus: 1.000
Output value 1.908

Q+ parameters
slope: 1.000 semiSat: 0.560 beta: 0.969 sigma: 0.114 
maxBOLD estimate = 1.969


Trial 26: random Stimulus Selection
Stimulus: 0.753
Output value 1.366

Q+ parameters
slope: 0.785 semiSat: 0.560 beta: 0.875 sigma: 0.114 
maxBOLD estimate = 1.908


Trial 27: random Stimulus Selection
Stimulus: 0.588
Output value 1.328

Q+ parameters
slope: 0.144 semiSat: 0.560 beta: 1.250 sigma: 0.114 
maxBOLD estimate = 1.669


Trial 28: random Stimulus Selection
Stimulus: 0.464
Output value -0.356

Q+ parameters
slope: 0.234 semiSat: 0.560 beta: 0.938 sigma: 0.114 
maxBOLD estimate = 2.087


Trial 29: random Stimulus Selection
Stimulus: 0.299
Output value 0.000

Q+ parameters
slope: 0.379 semiSat: 0.560 beta: 0.938 sigma: 0.114 
maxBOLD estimate = 1.956


Trial 30: baseline Stimulus Selection
Stimulus: 0.010
Output value -0.172

Q+ parameters
slope: 0.379 semiSat: 0.560 beta: 1.031 sigma: 0.114 
maxBOLD estimate = 1.834

--------------------------------------------------------------
FINAL VALUES
--------------------------------------------------------------
Simulated parameters:              slope: 0.410 semiSat: 0.570 beta: 1.000 sigma: 0.150 
Max posterior QUEST+ parameters:   slope: 0.379 semiSat: 0.560 beta: 0.938 sigma: 0.114 
Max BADS parameters:               slope: 0.797 semiSat: 0.579 beta: 1.000 sigma: 0.136 
maxBOLD estimate: 1.975
