/blue/stevenweisberg/stevenweisberg/MATLAB/projects/Weisberg_Aguirre_2020/scripts/run_sims
c0706a-s16.ufhpc
Wed Apr  7 07:25:03 EDT 2021
mkdir: cannot create directory ‘/blue/stevenweisberg/stevenweisberg/qpfMRIResults/model_parameter_set2/’: File exists
cp: cannot stat ‘/blue/stevenweisberg/stevenweisberg/qpfMRIResults/deploy_sim.sh’: No such file or directory
cp: cannot stat ‘/blue/stevenweisberg/stevenweisberg/qpfMRIResults/sim_wrapper.sh’: No such file or directory
------------------------------------------
Setting up environment variables
---
LD_LIBRARY_PATH is .:/apps/matlab/mcr/2020b/v99/runtime/glnxa64:/apps/matlab/mcr/2020b/v99/bin/glnxa64:/apps/matlab/mcr/2020b/v99/sys/os/glnxa64:/apps/matlab/mcr/2020b/v99/sys/opengl/lib/glnxa64
Warning: Executing startup failed in matlabrc.
This indicates a potentially serious problem in your MATLAB setup, which should be resolved as soon as possible.  Error detected was:
MATLAB:mpath:PathAlterationNotSupported
Modifying the search path is not supported by MATLAB Compiler. Remove functions that modify the search path from your MATLAB code. To make files visible to your deployed application, add the parent folder to your MATLAB session.
Warning: No stimulus domain specified. Defaulting to values between 0.01 and 1.
> In qpfmriParams (line 182)
In compiledSimulate (line 205)
Stimulus domain added from input.
Parameter slope specified as 0.20000
Parameter semiSat specified as 0.57000
Parameter beta specified as 1.00000
Parameter sigma specified as 0.15000
seed = 99seed = 104seed = 111seed = 111seed = 115seed = 101Initializing Q+. This may take a minute...
Elapsed time is 6.805433 seconds.
Simulated parameters:
slope: 0.200 semiSat: 0.570 beta: 1.000 sigma: 0.150 

Trial 1: baseline Stimulus Selection
Stimulus: 0.010
Output value 0.000

Q+ parameters
slope: 0.026 semiSat: 0.890 beta: 0.500 sigma: 0.010 
maxBOLD estimate = 1.000


Trial 2: maxBOLD Stimulus Selection
Stimulus: 1.000
Output value 1.364

Q+ parameters
slope: 0.055 semiSat: 0.670 beta: 1.250 sigma: 0.010 
maxBOLD estimate = 1.000


Trial 3: baseline Stimulus Selection
Stimulus: 0.010
Output value -0.284

Q+ parameters
slope: 0.055 semiSat: 0.670 beta: 1.250 sigma: 0.114 
maxBOLD estimate = 1.250


Trial 4: maxBOLD Stimulus Selection
Stimulus: 1.000
Output value 1.953

Q+ parameters
slope: 0.055 semiSat: 0.670 beta: 1.250 sigma: 0.114 
maxBOLD estimate = 1.562


Trial 5: baseline Stimulus Selection
Stimulus: 0.010
Output value -0.222

Q+ parameters
slope: 0.043 semiSat: 0.780 beta: 1.250 sigma: 0.114 
maxBOLD estimate = 1.953


Trial 6: maxBOLD Stimulus Selection
Stimulus: 1.000
Output value 2.219

Q+ parameters
slope: 0.034 semiSat: 1.000 beta: 1.250 sigma: 0.062 
maxBOLD estimate = 2.441


Trial 7: qplus Stimulus Selection
Stimulus: 0.711
Output value 0.832

Q+ parameters
slope: 0.785 semiSat: 0.120 beta: 0.500 sigma: 0.062 
maxBOLD estimate = 3.052


Trial 8: qplus Stimulus Selection
Stimulus: 0.340
Output value 0.347

Q+ parameters
slope: 0.089 semiSat: 0.560 beta: 1.250 sigma: 0.062 
maxBOLD estimate = 1.526


Trial 9: qplus Stimulus Selection
Stimulus: 0.505
Output value 0.152

Q+ parameters
slope: 0.379 semiSat: 0.560 beta: 0.875 sigma: 0.114 
maxBOLD estimate = 1.907


Trial 10: baseline Stimulus Selection
Stimulus: 0.010
Output value -0.322

Q+ parameters
slope: 0.379 semiSat: 0.560 beta: 1.062 sigma: 0.114 
maxBOLD estimate = 1.669


Trial 11: qplus Stimulus Selection
Stimulus: 0.629
Output value 1.451

Q+ parameters
slope: 0.144 semiSat: 0.670 beta: 1.500 sigma: 0.114 
maxBOLD estimate = 1.773


Trial 12: qplus Stimulus Selection
Stimulus: 0.588
Output value 0.544

Q+ parameters
slope: 0.055 semiSat: 0.670 beta: 0.750 sigma: 0.062 
maxBOLD estimate = 2.660


Trial 13: qplus Stimulus Selection
Stimulus: 0.794
Output value 1.428

Q+ parameters
slope: 0.113 semiSat: 0.560 beta: 0.875 sigma: 0.114 
maxBOLD estimate = 1.995


Trial 14: qplus Stimulus Selection
Stimulus: 0.629
Output value 1.190

Q+ parameters
slope: 0.113 semiSat: 0.670 beta: 1.500 sigma: 0.114 
maxBOLD estimate = 1.746


Trial 15: maxBOLD Stimulus Selection
Stimulus: 1.000
Output value 1.071

Q+ parameters
slope: 0.070 semiSat: 0.670 beta: 0.750 sigma: 0.062 
maxBOLD estimate = 2.618


Trial 16: qplus Stimulus Selection
Stimulus: 0.546
Output value -0.167

Q+ parameters
slope: 0.144 semiSat: 0.670 beta: 0.938 sigma: 0.114 
maxBOLD estimate = 1.964


Trial 17: qplus Stimulus Selection
Stimulus: 0.588
Output value 1.004

Q+ parameters
slope: 0.144 semiSat: 0.670 beta: 1.500 sigma: 0.114 
maxBOLD estimate = 1.841


Trial 18: qplus Stimulus Selection
Stimulus: 0.588
Output value 1.130

Q+ parameters
slope: 0.070 semiSat: 0.670 beta: 0.750 sigma: 0.062 
maxBOLD estimate = 2.761


Trial 19: qplus Stimulus Selection
Stimulus: 0.918
Output value 0.988

Q+ parameters
slope: 0.298 semiSat: 0.560 beta: 0.750 sigma: 0.114 
maxBOLD estimate = 2.071


Trial 20: baseline Stimulus Selection
Stimulus: 0.010
Output value 0.000

Q+ parameters
slope: 0.113 semiSat: 0.670 beta: 1.500 sigma: 0.114 
maxBOLD estimate = 1.553


Trial 21: qplus Stimulus Selection
Stimulus: 0.588
Output value 0.635

Q+ parameters
slope: 0.070 semiSat: 0.670 beta: 0.750 sigma: 0.114 
maxBOLD estimate = 2.330


Trial 22: qplus Stimulus Selection
Stimulus: 0.670
Output value 2.145

Q+ parameters
slope: 0.113 semiSat: 0.670 beta: 1.500 sigma: 0.166 
maxBOLD estimate = 1.748


Trial 23: qplus Stimulus Selection
Stimulus: 0.588
Output value 0.357

Q+ parameters
slope: 0.070 semiSat: 0.670 beta: 0.750 sigma: 0.062 
maxBOLD estimate = 2.621


Trial 24: qplus Stimulus Selection
Stimulus: 1.000
Output value 1.206

Q+ parameters
slope: 0.234 semiSat: 0.560 beta: 0.750 sigma: 0.114 
maxBOLD estimate = 1.966


Trial 25: maxBOLD Stimulus Selection
Stimulus: 1.000
Output value 2.011

Q+ parameters
slope: 0.113 semiSat: 0.670 beta: 1.500 sigma: 0.114 
maxBOLD estimate = 1.474


Trial 26: qplus Stimulus Selection
Stimulus: 0.629
Output value 1.056

Q+ parameters
slope: 0.234 semiSat: 0.560 beta: 0.750 sigma: 0.114 
maxBOLD estimate = 2.212


Trial 27: qplus Stimulus Selection
Stimulus: 0.670
Output value 2.262

Q+ parameters
slope: 0.113 semiSat: 0.670 beta: 1.500 sigma: 0.114 
maxBOLD estimate = 1.659


Trial 28: qplus Stimulus Selection
Stimulus: 0.546
Output value -0.113

Q+ parameters
slope: 1.000 semiSat: 0.560 beta: 0.500 sigma: 0.114 
maxBOLD estimate = 2.488


Trial 29: qplus Stimulus Selection
Stimulus: 0.918
Output value 1.202

Q+ parameters
slope: 0.379 semiSat: 0.560 beta: 1.062 sigma: 0.166 
maxBOLD estimate = 1.244


Trial 30: baseline Stimulus Selection
Stimulus: 0.010
Output value -0.255

Q+ parameters
slope: 0.379 semiSat: 0.560 beta: 1.062 sigma: 0.166 
maxBOLD estimate = 1.322


Trial 31: qplus Stimulus Selection
Stimulus: 0.546
Output value 0.678

Q+ parameters
slope: 0.379 semiSat: 0.560 beta: 1.062 sigma: 0.166 
maxBOLD estimate = 1.404


Trial 32: qplus Stimulus Selection
Stimulus: 0.505
Output value 0.144

Q+ parameters
slope: 0.379 semiSat: 0.560 beta: 1.062 sigma: 0.166 
maxBOLD estimate = 1.492


Trial 33: qplus Stimulus Selection
Stimulus: 0.505
Output value -0.216

Q+ parameters
slope: 0.144 semiSat: 0.670 beta: 1.500 sigma: 0.166 
maxBOLD estimate = 1.585


Trial 34: qplus Stimulus Selection
Stimulus: 0.588
Output value 0.324

Q+ parameters
slope: 1.000 semiSat: 0.560 beta: 0.500 sigma: 0.114 
maxBOLD estimate = 2.378


Trial 35: maxBOLD Stimulus Selection
Stimulus: 1.000
Output value 1.378

Q+ parameters
slope: 0.785 semiSat: 0.560 beta: 1.062 sigma: 0.166 
maxBOLD estimate = 1.189


Trial 36: qplus Stimulus Selection
Stimulus: 0.546
Output value 1.551

Q+ parameters
slope: 0.379 semiSat: 0.560 beta: 1.125 sigma: 0.166 
maxBOLD estimate = 1.263


Trial 37: qplus Stimulus Selection
Stimulus: 0.505
Output value 0.824

Q+ parameters
slope: 0.298 semiSat: 0.560 beta: 1.062 sigma: 0.166 
maxBOLD estimate = 1.421


Trial 38: qplus Stimulus Selection
Stimulus: 0.505
Output value 0.583

Q+ parameters
slope: 0.298 semiSat: 0.560 beta: 1.062 sigma: 0.166 
maxBOLD estimate = 1.510


Trial 39: qplus Stimulus Selection
Stimulus: 0.505
Output value -0.141

Q+ parameters
slope: 0.298 semiSat: 0.560 beta: 0.969 sigma: 0.166 
maxBOLD estimate = 1.605


Trial 40: baseline Stimulus Selection
Stimulus: 0.010
Output value 0.000

Q+ parameters
slope: 0.298 semiSat: 0.560 beta: 1.062 sigma: 0.166 
maxBOLD estimate = 1.554


Trial 41: qplus Stimulus Selection
Stimulus: 0.588
Output value 0.873

Q+ parameters
slope: 0.298 semiSat: 0.560 beta: 0.969 sigma: 0.166 
maxBOLD estimate = 1.652


Trial 42: qplus Stimulus Selection
Stimulus: 0.629
Output value 1.268

Q+ parameters
slope: 0.298 semiSat: 0.560 beta: 0.969 sigma: 0.166 
maxBOLD estimate = 1.600


Trial 43: qplus Stimulus Selection
Stimulus: 0.505
Output value 0.749

Q+ parameters
slope: 0.298 semiSat: 0.560 beta: 1.062 sigma: 0.166 
maxBOLD estimate = 1.550


Trial 44: qplus Stimulus Selection
Stimulus: 0.505
Output value 0.290

Q+ parameters
slope: 0.298 semiSat: 0.560 beta: 0.969 sigma: 0.166 
maxBOLD estimate = 1.647


Trial 45: maxBOLD Stimulus Selection
Stimulus: 1.000
Output value 1.849

Q+ parameters
slope: 0.183 semiSat: 0.560 beta: 1.062 sigma: 0.166 
maxBOLD estimate = 1.595


Trial 46: qplus Stimulus Selection
Stimulus: 0.505
Output value 0.299

Q+ parameters
slope: 0.298 semiSat: 0.560 beta: 0.969 sigma: 0.166 
maxBOLD estimate = 1.695


Trial 47: qplus Stimulus Selection
Stimulus: 0.629
Output value 1.269

Q+ parameters
slope: 0.183 semiSat: 0.560 beta: 1.062 sigma: 0.166 
maxBOLD estimate = 1.642


Trial 48: qplus Stimulus Selection
Stimulus: 0.629
Output value 0.922

Q+ parameters
slope: 0.298 semiSat: 0.560 beta: 0.969 sigma: 0.166 
maxBOLD estimate = 1.745


Trial 49: qplus Stimulus Selection
Stimulus: 0.629
Output value 1.340

Q+ parameters
slope: 0.298 semiSat: 0.560 beta: 0.969 sigma: 0.166 
maxBOLD estimate = 1.690


Trial 50: baseline Stimulus Selection
Stimulus: 0.010
Output value -0.158

Q+ parameters
slope: 0.183 semiSat: 0.560 beta: 1.062 sigma: 0.166 
maxBOLD estimate = 1.637


Trial 51: qplus Stimulus Selection
Stimulus: 0.505
Output value 1.226

Q+ parameters
slope: 0.298 semiSat: 0.560 beta: 0.969 sigma: 0.166 
maxBOLD estimate = 1.740


Trial 52: qplus Stimulus Selection
Stimulus: 0.629
Output value 1.791

Q+ parameters
slope: 0.183 semiSat: 0.560 beta: 1.062 sigma: 0.166 
maxBOLD estimate = 1.685


Trial 53: qplus Stimulus Selection
Stimulus: 0.505
Output value 0.285

Q+ parameters
slope: 0.234 semiSat: 0.560 beta: 0.875 sigma: 0.114 
maxBOLD estimate = 1.791


Trial 54: qplus Stimulus Selection
Stimulus: 0.629
Output value 1.923

Q+ parameters
slope: 0.183 semiSat: 0.560 beta: 1.125 sigma: 0.166 
maxBOLD estimate = 1.567


Trial 55: maxBOLD Stimulus Selection
Stimulus: 1.000
Output value 1.863

Q+ parameters
slope: 0.298 semiSat: 0.560 beta: 0.969 sigma: 0.166 
maxBOLD estimate = 1.763


Trial 56: qplus Stimulus Selection
Stimulus: 0.505
Output value 0.990

Q+ parameters
slope: 0.183 semiSat: 0.560 beta: 1.062 sigma: 0.166 
maxBOLD estimate = 1.708


Trial 57: qplus Stimulus Selection
Stimulus: 0.505
Output value 1.979

Q+ parameters
slope: 0.089 semiSat: 0.670 beta: 1.500 sigma: 0.166 
maxBOLD estimate = 1.814


Trial 58: qplus Stimulus Selection
Stimulus: 0.588
Output value 0.742

Q+ parameters
slope: 0.070 semiSat: 0.670 beta: 0.750 sigma: 0.114 
maxBOLD estimate = 2.722


Trial 59: qplus Stimulus Selection
Stimulus: 0.711
Output value 1.461

Q+ parameters
slope: 0.113 semiSat: 0.560 beta: 0.875 sigma: 0.114 
maxBOLD estimate = 2.041


Trial 60: baseline Stimulus Selection
Stimulus: 0.010
Output value 0.731

Q+ parameters
slope: 0.089 semiSat: 0.670 beta: 1.500 sigma: 0.166 
maxBOLD estimate = 1.786


Trial 61: qplus Stimulus Selection
Stimulus: 0.629
Output value 0.913

Q+ parameters
slope: 0.070 semiSat: 0.670 beta: 0.750 sigma: 0.114 
maxBOLD estimate = 2.679


Trial 62: qplus Stimulus Selection
Stimulus: 0.670
Output value 1.438

Q+ parameters
slope: 0.113 semiSat: 0.560 beta: 0.875 sigma: 0.114 
maxBOLD estimate = 2.009


Trial 63: qplus Stimulus Selection
Stimulus: 0.670
Output value 1.678

Q+ parameters
slope: 0.089 semiSat: 0.670 beta: 1.500 sigma: 0.166 
maxBOLD estimate = 1.758


Trial 64: qplus Stimulus Selection
Stimulus: 0.588
Output value 0.899

Q+ parameters
slope: 0.183 semiSat: 0.560 beta: 0.750 sigma: 0.114 
maxBOLD estimate = 2.637


Trial 65: maxBOLD Stimulus Selection
Stimulus: 1.000
Output value 1.573

Q+ parameters
slope: 0.113 semiSat: 0.560 beta: 0.875 sigma: 0.114 
maxBOLD estimate = 1.978


Trial 66: qplus Stimulus Selection
Stimulus: 0.670
Output value 1.504

Q+ parameters
slope: 0.183 semiSat: 0.560 beta: 1.062 sigma: 0.166 
maxBOLD estimate = 1.731


Trial 67: qplus Stimulus Selection
Stimulus: 0.505
Output value 0.486

Q+ parameters
slope: 0.144 semiSat: 0.560 beta: 0.969 sigma: 0.114 
maxBOLD estimate = 1.839


Trial 68: qplus Stimulus Selection
Stimulus: 0.629
Output value 1.098

Q+ parameters
slope: 0.144 semiSat: 0.560 beta: 0.969 sigma: 0.114 
maxBOLD estimate = 1.781


Trial 69: qplus Stimulus Selection
Stimulus: 0.588
Output value 1.500

Q+ parameters
slope: 0.183 semiSat: 0.560 beta: 1.062 sigma: 0.166 
maxBOLD estimate = 1.726


Trial 70: baseline Stimulus Selection
Stimulus: 0.010
Output value 0.146

Q+ parameters
slope: 0.144 semiSat: 0.560 beta: 0.875 sigma: 0.114 
maxBOLD estimate = 1.834


Trial 71: qplus Stimulus Selection
Stimulus: 0.629
Output value 1.395

Q+ parameters
slope: 0.183 semiSat: 0.560 beta: 1.062 sigma: 0.166 
maxBOLD estimate = 1.604


Trial 72: qplus Stimulus Selection
Stimulus: 0.423
Output value 0.165

Q+ parameters
slope: 0.183 semiSat: 0.560 beta: 1.062 sigma: 0.166 
maxBOLD estimate = 1.705


Trial 73: qplus Stimulus Selection
Stimulus: 0.505
Output value 0.319

Q+ parameters
slope: 0.144 semiSat: 0.560 beta: 0.969 sigma: 0.166 
maxBOLD estimate = 1.811


Trial 74: qplus Stimulus Selection
Stimulus: 0.629
Output value 1.864

Q+ parameters
slope: 0.183 semiSat: 0.560 beta: 1.062 sigma: 0.166 
maxBOLD estimate = 1.755


Trial 75: maxBOLD Stimulus Selection
Stimulus: 1.000
Output value 1.779

Q+ parameters
slope: 0.144 semiSat: 0.560 beta: 0.875 sigma: 0.114 
maxBOLD estimate = 1.864


Trial 76: qplus Stimulus Selection
Stimulus: 0.670
Output value 1.891

Q+ parameters
slope: 0.183 semiSat: 0.560 beta: 1.062 sigma: 0.166 
maxBOLD estimate = 1.631


Trial 77: qplus Stimulus Selection
Stimulus: 0.464
Output value 0.000

Q+ parameters
slope: 0.183 semiSat: 0.560 beta: 1.062 sigma: 0.166 
maxBOLD estimate = 1.733


Trial 78: qplus Stimulus Selection
Stimulus: 0.505
Output value 0.000

Q+ parameters
slope: 0.234 semiSat: 0.560 beta: 0.875 sigma: 0.114 
maxBOLD estimate = 1.841


Trial 79: qplus Stimulus Selection
Stimulus: 0.629
Output value 0.623

Q+ parameters
slope: 0.183 semiSat: 0.560 beta: 1.062 sigma: 0.166 
maxBOLD estimate = 1.611


Trial 80: baseline Stimulus Selection
Stimulus: 0.010
Output value -0.165

Q+ parameters
slope: 0.183 semiSat: 0.560 beta: 1.062 sigma: 0.166 
maxBOLD estimate = 1.712


Trial 81: qplus Stimulus Selection
Stimulus: 0.505
Output value 0.000

Q+ parameters
slope: 0.234 semiSat: 0.560 beta: 0.875 sigma: 0.114 
maxBOLD estimate = 1.819


Trial 82: qplus Stimulus Selection
Stimulus: 0.588
Output value 0.922

Q+ parameters
slope: 0.183 semiSat: 0.560 beta: 1.062 sigma: 0.166 
maxBOLD estimate = 1.592


Trial 83: qplus Stimulus Selection
Stimulus: 0.464
Output value 0.980

Q+ parameters
slope: 0.183 semiSat: 0.560 beta: 1.062 sigma: 0.166 
maxBOLD estimate = 1.691


Trial 84: qplus Stimulus Selection
Stimulus: 0.505
Output value 0.653

Q+ parameters
slope: 0.144 semiSat: 0.560 beta: 1.000 sigma: 0.114 
maxBOLD estimate = 1.797


Trial 85: maxBOLD Stimulus Selection
Stimulus: 1.000
Output value 1.143

Q+ parameters
slope: 0.144 semiSat: 0.560 beta: 1.000 sigma: 0.166 
maxBOLD estimate = 1.797


Trial 86: qplus Stimulus Selection
Stimulus: 0.588
Output value 0.633

Q+ parameters
slope: 0.144 semiSat: 0.560 beta: 0.969 sigma: 0.166 
maxBOLD estimate = 1.797


Trial 87: qplus Stimulus Selection
Stimulus: 0.588
Output value 0.613

Q+ parameters
slope: 0.298 semiSat: 0.560 beta: 0.969 sigma: 0.166 
maxBOLD estimate = 1.741


Trial 88: qplus Stimulus Selection
Stimulus: 0.588
Output value 1.629

Q+ parameters
slope: 0.183 semiSat: 0.560 beta: 1.062 sigma: 0.166 
maxBOLD estimate = 1.686


Trial 89: qplus Stimulus Selection
Stimulus: 0.505
Output value 0.631

Q+ parameters
slope: 0.144 semiSat: 0.560 beta: 0.969 sigma: 0.114 
maxBOLD estimate = 1.792


Trial 90: baseline Stimulus Selection
Stimulus: 0.010
Output value 0.168

Q+ parameters
slope: 0.183 semiSat: 0.560 beta: 1.062 sigma: 0.166 
maxBOLD estimate = 1.736


Trial 91: qplus Stimulus Selection
Stimulus: 0.505
Output value 0.293

Q+ parameters
slope: 0.144 semiSat: 0.560 beta: 0.875 sigma: 0.114 
maxBOLD estimate = 1.844


Trial 92: qplus Stimulus Selection
Stimulus: 0.629
Output value 0.935

Q+ parameters
slope: 0.183 semiSat: 0.560 beta: 1.062 sigma: 0.166 
maxBOLD estimate = 1.614


Trial 93: qplus Stimulus Selection
Stimulus: 0.505
Output value 0.828

Q+ parameters
slope: 0.183 semiSat: 0.560 beta: 1.062 sigma: 0.166 
maxBOLD estimate = 1.714


Trial 94: qplus Stimulus Selection
Stimulus: 0.505
Output value 0.725

Q+ parameters
slope: 0.144 semiSat: 0.560 beta: 0.875 sigma: 0.114 
maxBOLD estimate = 1.822


Trial 95: maxBOLD Stimulus Selection
Stimulus: 1.000
Output value 1.847

Q+ parameters
slope: 0.183 semiSat: 0.560 beta: 1.062 sigma: 0.166 
maxBOLD estimate = 1.594


Trial 96: qplus Stimulus Selection
Stimulus: 0.629
Output value 1.309

Q+ parameters
slope: 0.183 semiSat: 0.560 beta: 1.062 sigma: 0.166 
maxBOLD estimate = 1.694


Trial 97: qplus Stimulus Selection
Stimulus: 0.505
Output value 0.634

Q+ parameters
slope: 0.144 semiSat: 0.560 beta: 0.969 sigma: 0.114 
maxBOLD estimate = 1.799


Trial 98: qplus Stimulus Selection
Stimulus: 0.546
Output value 0.768

Q+ parameters
slope: 0.144 semiSat: 0.560 beta: 0.969 sigma: 0.114 
maxBOLD estimate = 1.743


Trial 99: qplus Stimulus Selection
Stimulus: 0.588
Output value 1.142

Q+ parameters
slope: 0.183 semiSat: 0.560 beta: 1.062 sigma: 0.166 
maxBOLD estimate = 1.689


Trial 100: baseline Stimulus Selection
Stimulus: 0.010
Output value 0.571

Q+ parameters
slope: 0.234 semiSat: 0.560 beta: 0.875 sigma: 0.114 
maxBOLD estimate = 1.794

--------------------------------------------------------------
FINAL VALUES
--------------------------------------------------------------
Simulated parameters:              slope: 0.200 semiSat: 0.570 beta: 1.000 sigma: 0.150 
Max posterior QUEST+ parameters:   slope: 0.234 semiSat: 0.560 beta: 0.875 sigma: 0.166 
Max BADS parameters:               slope: 0.159 semiSat: 0.584 beta: 1.000 sigma: 0.137 
maxBOLD estimate: 1.780
