/blue/stevenweisberg/stevenweisberg/MATLAB/projects/Weisberg_Aguirre_2020/scripts/run_sims
c27a-s37.ufhpc
Fri Nov 13 17:48:17 EST 2020
mkdir: cannot create directory ‘/blue/stevenweisberg/stevenweisberg/qpfMRIResults/model_parameter_set1/’: File exists
cp: cannot stat ‘/blue/stevenweisberg/stevenweisberg/qpfMRIResults/deploy_sim.sh’: No such file or directory
cp: cannot stat ‘/blue/stevenweisberg/stevenweisberg/qpfMRIResults/sim_wrapper.sh’: No such file or directory
------------------------------------------
Setting up environment variables
---
LD_LIBRARY_PATH is .:/apps/matlab/mcr/2020b/v99/runtime/glnxa64:/apps/matlab/mcr/2020b/v99/bin/glnxa64:/apps/matlab/mcr/2020b/v99/sys/os/glnxa64:/apps/matlab/mcr/2020b/v99/sys/opengl/lib/glnxa64
Warning: Executing startup failed in matlabrc.
This indicates a potentially serious problem in your MATLAB setup, which should be resolved as soon as possible.  Error detected was:
MATLAB:mpath:PathAlterationNotSupported
Modifying the search path is not supported by MATLAB Compiler. Remove functions that modify the search path from your MATLAB code. To make files visible to your deployed application, add the parent folder to your MATLAB session.
Warning: No stimulus domain specified. Defaulting to values between 0.01 and 1.
> In qpfmriParams (line 182)
In compiledSimulate (line 205)
Stimulus domain added from input.
Parameter slope specified as 0.41000
Parameter semiSat specified as 0.57000
Parameter beta specified as 1.00000
Parameter sigma specified as 0.25000
seed = 99seed = 104seed = 111seed = 111seed = 115seed = 101Initializing Q+. This may take a minute...
Elapsed time is 9.386655 seconds.
Simulated parameters:
slope: 0.410 semiSat: 0.570 beta: 1.000 sigma: 0.250 

Trial 1: baseline Stimulus Selection
Stimulus: 0.010
Output value 0.000

Q+ parameters
slope: 0.026 semiSat: 0.890 beta: 0.500 sigma: 0.010 
maxBOLD estimate = 1.000


Trial 2: maxBOLD Stimulus Selection
Stimulus: 1.000
Output value 1.364

Q+ parameters
slope: 0.055 semiSat: 0.670 beta: 1.250 sigma: 0.010 
maxBOLD estimate = 1.000


Trial 3: baseline Stimulus Selection
Stimulus: 0.010
Output value 0.568

Q+ parameters
slope: 0.055 semiSat: 0.670 beta: 1.250 sigma: 0.218 
maxBOLD estimate = 1.250


Trial 4: maxBOLD Stimulus Selection
Stimulus: 1.000
Output value 2.131

Q+ parameters
slope: 0.055 semiSat: 0.670 beta: 1.250 sigma: 0.010 
maxBOLD estimate = 1.562


Trial 5: baseline Stimulus Selection
Stimulus: 0.010
Output value 0.666

Q+ parameters
slope: 0.055 semiSat: 0.670 beta: 1.250 sigma: 0.218 
maxBOLD estimate = 1.953


Trial 6: maxBOLD Stimulus Selection
Stimulus: 1.000
Output value 1.935

Q+ parameters
slope: 0.043 semiSat: 0.780 beta: 0.969 sigma: 0.114 
maxBOLD estimate = 2.441


Trial 7: qplus Stimulus Selection
Stimulus: 0.505
Output value 1.290

Q+ parameters
slope: 0.144 semiSat: 0.230 beta: 0.750 sigma: 0.218 
maxBOLD estimate = 2.365


Trial 8: qplus Stimulus Selection
Stimulus: 0.381
Output value -0.161

Q+ parameters
slope: 0.089 semiSat: 0.780 beta: 1.000 sigma: 0.218 
maxBOLD estimate = 1.774


Trial 9: qplus Stimulus Selection
Stimulus: 0.711
Output value 2.903

Q+ parameters
slope: 0.234 semiSat: 0.670 beta: 1.500 sigma: 0.271 
maxBOLD estimate = 1.774


Trial 10: baseline Stimulus Selection
Stimulus: 0.010
Output value 0.121

Q+ parameters
slope: 1.000 semiSat: 0.560 beta: 0.500 sigma: 0.114 
maxBOLD estimate = 2.661


Trial 11: qplus Stimulus Selection
Stimulus: 0.753
Output value 1.542

Q+ parameters
slope: 0.298 semiSat: 0.560 beta: 1.062 sigma: 0.166 
maxBOLD estimate = 1.330


Trial 12: qplus Stimulus Selection
Stimulus: 0.629
Output value 1.735

Q+ parameters
slope: 0.379 semiSat: 0.560 beta: 1.125 sigma: 0.218 
maxBOLD estimate = 1.414


Trial 13: qplus Stimulus Selection
Stimulus: 0.505
Output value -0.307

Q+ parameters
slope: 0.616 semiSat: 0.560 beta: 1.062 sigma: 0.218 
maxBOLD estimate = 1.590


Trial 14: qplus Stimulus Selection
Stimulus: 0.588
Output value 1.555

Q+ parameters
slope: 0.785 semiSat: 0.560 beta: 1.125 sigma: 0.218 
maxBOLD estimate = 1.690


Trial 15: maxBOLD Stimulus Selection
Stimulus: 1.000
Output value 2.138

Q+ parameters
slope: 0.379 semiSat: 0.560 beta: 1.031 sigma: 0.218 
maxBOLD estimate = 1.901


Trial 16: qplus Stimulus Selection
Stimulus: 0.629
Output value 0.802

Q+ parameters
slope: 0.144 semiSat: 0.670 beta: 1.500 sigma: 0.271 
maxBOLD estimate = 1.960


Trial 17: qplus Stimulus Selection
Stimulus: 0.629
Output value 0.936

Q+ parameters
slope: 0.483 semiSat: 0.560 beta: 0.500 sigma: 0.114 
maxBOLD estimate = 2.940


Trial 18: qplus Stimulus Selection
Stimulus: 0.835
Output value 1.804

Q+ parameters
slope: 0.379 semiSat: 0.560 beta: 1.125 sigma: 0.218 
maxBOLD estimate = 1.470


Trial 19: qplus Stimulus Selection
Stimulus: 0.588
Output value 1.015

Q+ parameters
slope: 0.379 semiSat: 0.560 beta: 1.125 sigma: 0.218 
maxBOLD estimate = 1.654


Trial 20: baseline Stimulus Selection
Stimulus: 0.010
Output value -0.381

Q+ parameters
slope: 0.379 semiSat: 0.560 beta: 1.125 sigma: 0.218 
maxBOLD estimate = 1.861


Trial 21: qplus Stimulus Selection
Stimulus: 0.505
Output value 0.737

Q+ parameters
slope: 0.234 semiSat: 0.560 beta: 0.969 sigma: 0.166 
maxBOLD estimate = 2.093


Trial 22: qplus Stimulus Selection
Stimulus: 0.505
Output value 0.000

Q+ parameters
slope: 0.379 semiSat: 0.560 beta: 1.031 sigma: 0.166 
maxBOLD estimate = 2.028


Trial 23: qplus Stimulus Selection
Stimulus: 0.588
Output value 1.925

Q+ parameters
slope: 0.379 semiSat: 0.560 beta: 1.125 sigma: 0.218 
maxBOLD estimate = 2.091


Trial 24: qplus Stimulus Selection
Stimulus: 0.588
Output value -0.642

Q+ parameters
slope: 0.144 semiSat: 0.670 beta: 1.500 sigma: 0.271 
maxBOLD estimate = 2.353


Trial 25: maxBOLD Stimulus Selection
Stimulus: 1.000
Output value 0.481

Q+ parameters
slope: 0.483 semiSat: 0.560 beta: 0.500 sigma: 0.114 
maxBOLD estimate = 3.529


Trial 26: qplus Stimulus Selection
Stimulus: 0.464
Output value -0.321

Q+ parameters
slope: 0.234 semiSat: 0.560 beta: 1.000 sigma: 0.218 
maxBOLD estimate = 1.764


Trial 27: qplus Stimulus Selection
Stimulus: 0.670
Output value 1.985

Q+ parameters
slope: 0.234 semiSat: 0.560 beta: 1.031 sigma: 0.218 
maxBOLD estimate = 1.764


Trial 28: qplus Stimulus Selection
Stimulus: 0.670
Output value 1.158

Q+ parameters
slope: 0.234 semiSat: 0.560 beta: 1.000 sigma: 0.218 
maxBOLD estimate = 1.820


Trial 29: qplus Stimulus Selection
Stimulus: 0.670
Output value 2.047

Q+ parameters
slope: 0.234 semiSat: 0.560 beta: 1.031 sigma: 0.218 
maxBOLD estimate = 1.820


Trial 30: baseline Stimulus Selection
Stimulus: 0.010
Output value -0.362

Q+ parameters
slope: 0.298 semiSat: 0.560 beta: 1.062 sigma: 0.218 
maxBOLD estimate = 1.876

--------------------------------------------------------------
FINAL VALUES
--------------------------------------------------------------
Simulated parameters:              slope: 0.410 semiSat: 0.570 beta: 1.000 sigma: 0.250 
Max posterior QUEST+ parameters:   slope: 0.298 semiSat: 0.560 beta: 1.062 sigma: 0.218 
Max BADS parameters:               slope: 0.348 semiSat: 0.573 beta: 1.000 sigma: 0.200 
maxBOLD estimate: 2.007
