/blue/stevenweisberg/stevenweisberg/MATLAB/projects/Weisberg_Aguirre_2020/scripts/run_sims
c26b-s22.ufhpc
Thu Nov 12 15:58:42 EST 2020
cp: cannot stat ‘/blue/stevenweisberg/stevenweisberg/qpfMRIResults/deploy_sim.sh’: No such file or directory
cp: cannot stat ‘/blue/stevenweisberg/stevenweisberg/qpfMRIResults/sim_wrapper.sh’: No such file or directory
------------------------------------------
Setting up environment variables
---
LD_LIBRARY_PATH is .:/apps/matlab/mcr/2020b/v99/runtime/glnxa64:/apps/matlab/mcr/2020b/v99/bin/glnxa64:/apps/matlab/mcr/2020b/v99/sys/os/glnxa64:/apps/matlab/mcr/2020b/v99/sys/opengl/lib/glnxa64
Warning: Executing startup failed in matlabrc.
This indicates a potentially serious problem in your MATLAB setup, which should be resolved as soon as possible.  Error detected was:
MATLAB:mpath:PathAlterationNotSupported
Modifying the search path is not supported by MATLAB Compiler. Remove functions that modify the search path from your MATLAB code. To make files visible to your deployed application, add the parent folder to your MATLAB session.
Warning: No stimulus domain specified. Defaulting to values between 0.01 and 1.
> In qpfmriParams (line 182)
In compiledSimulate (line 205)
Stimulus domain added from input.
Parameter slope specified as 0.41000
Parameter semiSat specified as 0.57000
Parameter beta specified as 1.00000
Parameter sigma specified as 0.25000
seed = 99seed = 104seed = 111seed = 111seed = 115seed = 101Initializing Q+. This may take a minute...
Elapsed time is 10.139718 seconds.
Simulated parameters:
slope: 0.410 semiSat: 0.570 beta: 1.000 sigma: 0.250 

Trial 1: baseline Stimulus Selection
Stimulus: 0.010
Output value 0.000

Q+ parameters
slope: 0.026 semiSat: 0.890 beta: 0.500 sigma: 0.010 
maxBOLD estimate = 1.000


Trial 2: maxBOLD Stimulus Selection
Stimulus: 1.000
Output value 0.341

Q+ parameters
slope: 0.034 semiSat: 0.890 beta: 0.750 sigma: 0.010 
maxBOLD estimate = 1.000


Trial 3: baseline Stimulus Selection
Stimulus: 0.010
Output value 0.341

Q+ parameters
slope: 0.055 semiSat: 0.670 beta: 1.250 sigma: 0.218 
maxBOLD estimate = 0.750


Trial 4: maxBOLD Stimulus Selection
Stimulus: 1.000
Output value 1.278

Q+ parameters
slope: 0.055 semiSat: 0.670 beta: 1.250 sigma: 0.218 
maxBOLD estimate = 0.938


Trial 5: baseline Stimulus Selection
Stimulus: 0.010
Output value 0.400

Q+ parameters
slope: 0.055 semiSat: 0.670 beta: 1.250 sigma: 0.427 
maxBOLD estimate = 1.172


Trial 6: maxBOLD Stimulus Selection
Stimulus: 1.000
Output value 1.998

Q+ parameters
slope: 0.055 semiSat: 0.670 beta: 1.250 sigma: 0.271 
maxBOLD estimate = 1.465


Trial 7: qplus Stimulus Selection
Stimulus: 0.505
Output value 0.780

Q+ parameters
slope: 0.070 semiSat: 0.450 beta: 0.938 sigma: 0.166 
maxBOLD estimate = 1.831


Trial 8: qplus Stimulus Selection
Stimulus: 0.505
Output value 2.107

Q+ parameters
slope: 0.070 semiSat: 0.560 beta: 1.500 sigma: 0.218 
maxBOLD estimate = 1.717


Trial 9: qplus Stimulus Selection
Stimulus: 0.299
Output value 0.819

Q+ parameters
slope: 0.483 semiSat: 0.120 beta: 0.500 sigma: 0.166 
maxBOLD estimate = 2.575


Trial 10: baseline Stimulus Selection
Stimulus: 0.010
Output value 0.702

Q+ parameters
slope: 0.070 semiSat: 0.560 beta: 1.500 sigma: 0.218 
maxBOLD estimate = 1.287


Trial 11: qplus Stimulus Selection
Stimulus: 0.381
Output value -0.307

Q+ parameters
slope: 0.183 semiSat: 0.560 beta: 0.875 sigma: 0.218 
maxBOLD estimate = 1.931


Trial 12: qplus Stimulus Selection
Stimulus: 0.711
Output value 2.765

Q+ parameters
slope: 0.234 semiSat: 0.560 beta: 1.500 sigma: 0.218 
maxBOLD estimate = 1.690


Trial 13: qplus Stimulus Selection
Stimulus: 0.629
Output value 1.037

Q+ parameters
slope: 0.183 semiSat: 0.560 beta: 0.750 sigma: 0.166 
maxBOLD estimate = 2.535


Trial 14: qplus Stimulus Selection
Stimulus: 0.711
Output value 0.756

Q+ parameters
slope: 0.183 semiSat: 0.560 beta: 0.875 sigma: 0.218 
maxBOLD estimate = 1.901


Trial 15: maxBOLD Stimulus Selection
Stimulus: 1.000
Output value 2.722

Q+ parameters
slope: 0.234 semiSat: 0.560 beta: 1.500 sigma: 0.218 
maxBOLD estimate = 1.663


Trial 16: qplus Stimulus Selection
Stimulus: 0.505
Output value -0.340

Q+ parameters
slope: 0.183 semiSat: 0.560 beta: 0.750 sigma: 0.166 
maxBOLD estimate = 2.495


Trial 17: qplus Stimulus Selection
Stimulus: 0.753
Output value 1.978

Q+ parameters
slope: 0.379 semiSat: 0.560 beta: 0.969 sigma: 0.271 
maxBOLD estimate = 1.871


Trial 18: qplus Stimulus Selection
Stimulus: 0.629
Output value 0.773

Q+ parameters
slope: 0.183 semiSat: 0.560 beta: 0.938 sigma: 0.218 
maxBOLD estimate = 1.813


Trial 19: qplus Stimulus Selection
Stimulus: 0.629
Output value 1.159

Q+ parameters
slope: 0.144 semiSat: 0.670 beta: 1.500 sigma: 0.271 
maxBOLD estimate = 1.700


Trial 20: baseline Stimulus Selection
Stimulus: 0.010
Output value 0.348

Q+ parameters
slope: 0.055 semiSat: 0.670 beta: 0.750 sigma: 0.166 
maxBOLD estimate = 2.549


Trial 21: qplus Stimulus Selection
Stimulus: 0.835
Output value 1.825

Q+ parameters
slope: 0.183 semiSat: 0.560 beta: 0.875 sigma: 0.218 
maxBOLD estimate = 1.912


Trial 22: qplus Stimulus Selection
Stimulus: 0.629
Output value 0.760

Q+ parameters
slope: 0.234 semiSat: 0.560 beta: 1.000 sigma: 0.271 
maxBOLD estimate = 1.673


Trial 23: qplus Stimulus Selection
Stimulus: 0.629
Output value 1.825

Q+ parameters
slope: 0.234 semiSat: 0.560 beta: 1.000 sigma: 0.271 
maxBOLD estimate = 1.673


Trial 24: qplus Stimulus Selection
Stimulus: 0.505
Output value -0.323

Q+ parameters
slope: 0.298 semiSat: 0.560 beta: 1.062 sigma: 0.271 
maxBOLD estimate = 1.673


Trial 25: maxBOLD Stimulus Selection
Stimulus: 1.000
Output value 1.555

Q+ parameters
slope: 0.234 semiSat: 0.560 beta: 0.875 sigma: 0.218 
maxBOLD estimate = 1.778


Trial 26: qplus Stimulus Selection
Stimulus: 0.629
Output value -0.424

Q+ parameters
slope: 0.183 semiSat: 0.670 beta: 1.500 sigma: 0.271 
maxBOLD estimate = 1.555


Trial 27: qplus Stimulus Selection
Stimulus: 0.753
Output value 0.795

Q+ parameters
slope: 0.183 semiSat: 0.560 beta: 0.750 sigma: 0.166 
maxBOLD estimate = 2.333


Trial 28: qplus Stimulus Selection
Stimulus: 0.629
Output value 0.278

Q+ parameters
slope: 0.183 semiSat: 0.560 beta: 0.875 sigma: 0.271 
maxBOLD estimate = 1.750


Trial 29: qplus Stimulus Selection
Stimulus: 0.588
Output value 0.626

Q+ parameters
slope: 0.483 semiSat: 0.560 beta: 0.750 sigma: 0.271 
maxBOLD estimate = 1.531


Trial 30: baseline Stimulus Selection
Stimulus: 0.010
Output value -0.209

Q+ parameters
slope: 0.089 semiSat: 0.560 beta: 1.000 sigma: 0.687 
maxBOLD estimate = 1.148

--------------------------------------------------------------
FINAL VALUES
--------------------------------------------------------------
Simulated parameters:              slope: 0.410 semiSat: 0.570 beta: 1.000 sigma: 0.250 
Max posterior QUEST+ parameters:   slope: 0.089 semiSat: 0.560 beta: 1.000 sigma: 0.687 
Max BADS parameters:               slope: 0.089 semiSat: 0.563 beta: 1.000 sigma: 0.679 
maxBOLD estimate: 1.151
