/blue/stevenweisberg/stevenweisberg/MATLAB/projects/Weisberg_Aguirre_2020/scripts/run_sims
c0700a-s3.ufhpc
Tue Apr  6 20:55:00 EDT 2021
mkdir: cannot create directory ‘/blue/stevenweisberg/stevenweisberg/qpfMRIResults/model_parameter_set2/’: File exists
cp: cannot stat ‘/blue/stevenweisberg/stevenweisberg/qpfMRIResults/deploy_sim.sh’: No such file or directory
cp: cannot stat ‘/blue/stevenweisberg/stevenweisberg/qpfMRIResults/sim_wrapper.sh’: No such file or directory
------------------------------------------
Setting up environment variables
---
LD_LIBRARY_PATH is .:/apps/matlab/mcr/2020b/v99/runtime/glnxa64:/apps/matlab/mcr/2020b/v99/bin/glnxa64:/apps/matlab/mcr/2020b/v99/sys/os/glnxa64:/apps/matlab/mcr/2020b/v99/sys/opengl/lib/glnxa64
Warning: Executing startup failed in matlabrc.
This indicates a potentially serious problem in your MATLAB setup, which should be resolved as soon as possible.  Error detected was:
MATLAB:mpath:PathAlterationNotSupported
Modifying the search path is not supported by MATLAB Compiler. Remove functions that modify the search path from your MATLAB code. To make files visible to your deployed application, add the parent folder to your MATLAB session.
Warning: No stimulus domain specified. Defaulting to values between 0.01 and 1.
> In qpfmriParams (line 182)
In compiledSimulate (line 205)
Stimulus domain added from input.
Parameter slope specified as 0.20000
Parameter semiSat specified as 0.57000
Parameter beta specified as 1.00000
Parameter sigma specified as 0.15000
seed = 99seed = 104seed = 111seed = 111seed = 115seed = 101Initializing Q+. This may take a minute...
Elapsed time is 7.336457 seconds.
Simulated parameters:
slope: 0.200 semiSat: 0.570 beta: 1.000 sigma: 0.150 

Trial 1: baseline Stimulus Selection
Stimulus: 0.010
Output value 0.000

Q+ parameters
slope: 0.026 semiSat: 0.890 beta: 0.500 sigma: 0.010 
maxBOLD estimate = 1.000


Trial 2: maxBOLD Stimulus Selection
Stimulus: 1.000
Output value 1.125

Q+ parameters
slope: 0.055 semiSat: 0.670 beta: 1.125 sigma: 0.010 
maxBOLD estimate = 1.000


Trial 3: baseline Stimulus Selection
Stimulus: 0.010
Output value 0.000

Q+ parameters
slope: 0.043 semiSat: 0.780 beta: 1.250 sigma: 0.010 
maxBOLD estimate = 1.125


Trial 4: maxBOLD Stimulus Selection
Stimulus: 1.000
Output value 0.959

Q+ parameters
slope: 0.034 semiSat: 1.000 beta: 1.250 sigma: 0.062 
maxBOLD estimate = 1.406


Trial 5: baseline Stimulus Selection
Stimulus: 0.010
Output value 0.140

Q+ parameters
slope: 0.034 semiSat: 0.890 beta: 0.875 sigma: 0.062 
maxBOLD estimate = 1.758


Trial 6: maxBOLD Stimulus Selection
Stimulus: 1.000
Output value 1.355

Q+ parameters
slope: 0.043 semiSat: 0.780 beta: 0.969 sigma: 0.114 
maxBOLD estimate = 1.538


Trial 7: random Stimulus Selection
Stimulus: 0.257
Output value 0.000

Q+ parameters
slope: 0.055 semiSat: 0.890 beta: 1.062 sigma: 0.114 
maxBOLD estimate = 1.490


Trial 8: random Stimulus Selection
Stimulus: 1.000
Output value 1.682

Q+ parameters
slope: 0.055 semiSat: 0.890 beta: 1.062 sigma: 0.114 
maxBOLD estimate = 1.583


Trial 9: random Stimulus Selection
Stimulus: 0.588
Output value 0.688

Q+ parameters
slope: 0.298 semiSat: 0.560 beta: 0.750 sigma: 0.114 
maxBOLD estimate = 1.682


Trial 10: baseline Stimulus Selection
Stimulus: 0.010
Output value 0.000

Q+ parameters
slope: 0.379 semiSat: 0.560 beta: 0.938 sigma: 0.114 
maxBOLD estimate = 1.262


Trial 11: random Stimulus Selection
Stimulus: 0.546
Output value 0.665

Q+ parameters
slope: 0.113 semiSat: 0.560 beta: 1.031 sigma: 0.166 
maxBOLD estimate = 1.183


Trial 12: random Stimulus Selection
Stimulus: 0.423
Output value 0.104

Q+ parameters
slope: 0.144 semiSat: 0.560 beta: 0.938 sigma: 0.114 
maxBOLD estimate = 1.220


Trial 13: random Stimulus Selection
Stimulus: 0.257
Output value 0.208

Q+ parameters
slope: 0.234 semiSat: 0.560 beta: 1.000 sigma: 0.166 
maxBOLD estimate = 1.143


Trial 14: random Stimulus Selection
Stimulus: 0.794
Output value 1.143

Q+ parameters
slope: 0.234 semiSat: 0.560 beta: 1.000 sigma: 0.166 
maxBOLD estimate = 1.143


Trial 15: maxBOLD Stimulus Selection
Stimulus: 1.000
Output value 1.325

Q+ parameters
slope: 0.234 semiSat: 0.560 beta: 1.062 sigma: 0.166 
maxBOLD estimate = 1.143


Trial 16: random Stimulus Selection
Stimulus: 0.753
Output value 0.552

Q+ parameters
slope: 0.144 semiSat: 0.560 beta: 1.000 sigma: 0.166 
maxBOLD estimate = 1.215


Trial 17: random Stimulus Selection
Stimulus: 0.753
Output value 0.621

Q+ parameters
slope: 0.113 semiSat: 0.560 beta: 0.938 sigma: 0.166 
maxBOLD estimate = 1.215


Trial 18: random Stimulus Selection
Stimulus: 0.711
Output value 1.035

Q+ parameters
slope: 0.144 semiSat: 0.560 beta: 1.000 sigma: 0.166 
maxBOLD estimate = 1.139


Trial 19: random Stimulus Selection
Stimulus: 0.711
Output value 1.035

Q+ parameters
slope: 0.144 semiSat: 0.560 beta: 1.000 sigma: 0.166 
maxBOLD estimate = 1.139


Trial 20: baseline Stimulus Selection
Stimulus: 0.010
Output value -0.207

Q+ parameters
slope: 0.144 semiSat: 0.560 beta: 1.000 sigma: 0.166 
maxBOLD estimate = 1.139


Trial 21: random Stimulus Selection
Stimulus: 0.340
Output value -0.207

Q+ parameters
slope: 0.144 semiSat: 0.560 beta: 1.000 sigma: 0.166 
maxBOLD estimate = 1.139


Trial 22: random Stimulus Selection
Stimulus: 0.464
Output value -0.201

Q+ parameters
slope: 0.379 semiSat: 0.560 beta: 0.969 sigma: 0.166 
maxBOLD estimate = 1.139


Trial 23: random Stimulus Selection
Stimulus: 0.918
Output value 0.680

Q+ parameters
slope: 0.379 semiSat: 0.560 beta: 0.969 sigma: 0.166 
maxBOLD estimate = 1.103


Trial 24: random Stimulus Selection
Stimulus: 0.918
Output value 0.875

Q+ parameters
slope: 0.379 semiSat: 0.560 beta: 1.500 sigma: 0.218 
maxBOLD estimate = 1.069


Trial 25: maxBOLD Stimulus Selection
Stimulus: 1.000
Output value 0.437

Q+ parameters
slope: 0.298 semiSat: 0.560 beta: 0.750 sigma: 0.166 
maxBOLD estimate = 1.603


Trial 26: random Stimulus Selection
Stimulus: 0.299
Output value -0.205

Q+ parameters
slope: 0.379 semiSat: 0.560 beta: 0.938 sigma: 0.166 
maxBOLD estimate = 1.203


Trial 27: random Stimulus Selection
Stimulus: 0.299
Output value -0.192

Q+ parameters
slope: 0.379 semiSat: 0.560 beta: 0.938 sigma: 0.166 
maxBOLD estimate = 1.127


Trial 28: random Stimulus Selection
Stimulus: 0.670
Output value 1.441

Q+ parameters
slope: 0.379 semiSat: 0.560 beta: 1.500 sigma: 0.218 
maxBOLD estimate = 1.057


Trial 29: random Stimulus Selection
Stimulus: 0.753
Output value 0.649

Q+ parameters
slope: 0.298 semiSat: 0.560 beta: 0.750 sigma: 0.166 
maxBOLD estimate = 1.585


Trial 30: baseline Stimulus Selection
Stimulus: 0.010
Output value -0.209

Q+ parameters
slope: 0.379 semiSat: 0.560 beta: 0.969 sigma: 0.166 
maxBOLD estimate = 1.189


Trial 31: random Stimulus Selection
Stimulus: 0.464
Output value 0.628

Q+ parameters
slope: 0.298 semiSat: 0.560 beta: 1.500 sigma: 0.218 
maxBOLD estimate = 1.152


Trial 32: random Stimulus Selection
Stimulus: 0.340
Output value 0.000

Q+ parameters
slope: 0.183 semiSat: 0.560 beta: 0.750 sigma: 0.166 
maxBOLD estimate = 1.728


Trial 33: random Stimulus Selection
Stimulus: 0.711
Output value 0.618

Q+ parameters
slope: 0.379 semiSat: 0.560 beta: 0.875 sigma: 0.166 
maxBOLD estimate = 1.296


Trial 34: random Stimulus Selection
Stimulus: 0.175
Output value -0.200

Q+ parameters
slope: 0.379 semiSat: 0.560 beta: 0.969 sigma: 0.166 
maxBOLD estimate = 1.134


Trial 35: maxBOLD Stimulus Selection
Stimulus: 1.000
Output value 1.797

Q+ parameters
slope: 0.298 semiSat: 0.560 beta: 1.500 sigma: 0.218 
maxBOLD estimate = 1.098


Trial 36: random Stimulus Selection
Stimulus: 0.794
Output value 1.123

Q+ parameters
slope: 0.298 semiSat: 0.560 beta: 0.750 sigma: 0.166 
maxBOLD estimate = 1.648


Trial 37: random Stimulus Selection
Stimulus: 0.175
Output value -0.197

Q+ parameters
slope: 0.379 semiSat: 0.560 beta: 0.875 sigma: 0.166 
maxBOLD estimate = 1.236


Trial 38: random Stimulus Selection
Stimulus: 0.753
Output value 1.622

Q+ parameters
slope: 0.298 semiSat: 0.560 beta: 1.500 sigma: 0.166 
maxBOLD estimate = 1.081


Trial 39: random Stimulus Selection
Stimulus: 0.753
Output value 1.216

Q+ parameters
slope: 0.298 semiSat: 0.560 beta: 0.750 sigma: 0.166 
maxBOLD estimate = 1.622


Trial 40: baseline Stimulus Selection
Stimulus: 0.010
Output value 0.097

Q+ parameters
slope: 0.379 semiSat: 0.560 beta: 0.875 sigma: 0.166 
maxBOLD estimate = 1.216


Trial 41: random Stimulus Selection
Stimulus: 0.299
Output value 0.145

Q+ parameters
slope: 0.379 semiSat: 0.560 beta: 1.500 sigma: 0.218 
maxBOLD estimate = 1.064


Trial 42: random Stimulus Selection
Stimulus: 0.134
Output value 0.000

Q+ parameters
slope: 0.298 semiSat: 0.560 beta: 0.750 sigma: 0.166 
maxBOLD estimate = 1.597


Trial 43: random Stimulus Selection
Stimulus: 0.670
Output value 0.857

Q+ parameters
slope: 0.379 semiSat: 0.560 beta: 0.875 sigma: 0.166 
maxBOLD estimate = 1.197


Trial 44: random Stimulus Selection
Stimulus: 0.051
Output value 0.143

Q+ parameters
slope: 0.379 semiSat: 0.560 beta: 1.500 sigma: 0.218 
maxBOLD estimate = 1.048


Trial 45: maxBOLD Stimulus Selection
Stimulus: 1.000
Output value 1.072

Q+ parameters
slope: 0.298 semiSat: 0.560 beta: 0.750 sigma: 0.166 
maxBOLD estimate = 1.572


Trial 46: random Stimulus Selection
Stimulus: 0.381
Output value 0.281

Q+ parameters
slope: 0.379 semiSat: 0.560 beta: 0.875 sigma: 0.166 
maxBOLD estimate = 1.179


Trial 47: random Stimulus Selection
Stimulus: 0.175
Output value -0.234

Q+ parameters
slope: 0.379 semiSat: 0.560 beta: 1.250 sigma: 0.166 
maxBOLD estimate = 1.031


Trial 48: random Stimulus Selection
Stimulus: 0.257
Output value 0.513

Q+ parameters
slope: 0.379 semiSat: 0.560 beta: 0.875 sigma: 0.166 
maxBOLD estimate = 1.289


Trial 49: random Stimulus Selection
Stimulus: 0.753
Output value 1.192

Q+ parameters
slope: 0.379 semiSat: 0.560 beta: 0.969 sigma: 0.166 
maxBOLD estimate = 1.128


Trial 50: baseline Stimulus Selection
Stimulus: 0.010
Output value -0.149

Q+ parameters
slope: 0.379 semiSat: 0.560 beta: 1.500 sigma: 0.218 
maxBOLD estimate = 1.093


Trial 51: random Stimulus Selection
Stimulus: 0.546
Output value 0.447

Q+ parameters
slope: 0.298 semiSat: 0.560 beta: 0.750 sigma: 0.166 
maxBOLD estimate = 1.639


Trial 52: random Stimulus Selection
Stimulus: 0.092
Output value 0.196

Q+ parameters
slope: 0.379 semiSat: 0.560 beta: 0.875 sigma: 0.166 
maxBOLD estimate = 1.229


Trial 53: random Stimulus Selection
Stimulus: 1.000
Output value 1.009

Q+ parameters
slope: 0.298 semiSat: 0.560 beta: 1.031 sigma: 0.166 
maxBOLD estimate = 1.076


Trial 54: random Stimulus Selection
Stimulus: 0.464
Output value -0.195

Q+ parameters
slope: 0.379 semiSat: 0.560 beta: 0.969 sigma: 0.166 
maxBOLD estimate = 1.109


Trial 55: maxBOLD Stimulus Selection
Stimulus: 1.000
Output value 1.136

Q+ parameters
slope: 0.379 semiSat: 0.560 beta: 0.969 sigma: 0.166 
maxBOLD estimate = 1.075


Trial 56: random Stimulus Selection
Stimulus: 0.092
Output value -0.142

Q+ parameters
slope: 0.379 semiSat: 0.560 beta: 1.500 sigma: 0.166 
maxBOLD estimate = 1.041


Trial 57: random Stimulus Selection
Stimulus: 0.505
Output value 0.426

Q+ parameters
slope: 0.298 semiSat: 0.560 beta: 0.750 sigma: 0.166 
maxBOLD estimate = 1.562


Trial 58: random Stimulus Selection
Stimulus: 0.588
Output value 1.098

Q+ parameters
slope: 0.379 semiSat: 0.560 beta: 0.938 sigma: 0.166 
maxBOLD estimate = 1.171


Trial 59: random Stimulus Selection
Stimulus: 0.711
Output value 1.497

Q+ parameters
slope: 0.379 semiSat: 0.560 beta: 1.250 sigma: 0.218 
maxBOLD estimate = 1.098


Trial 60: baseline Stimulus Selection
Stimulus: 0.010
Output value -0.218

Q+ parameters
slope: 0.379 semiSat: 0.560 beta: 0.875 sigma: 0.166 
maxBOLD estimate = 1.373


Trial 61: random Stimulus Selection
Stimulus: 0.464
Output value 0.307

Q+ parameters
slope: 0.379 semiSat: 0.560 beta: 0.938 sigma: 0.166 
maxBOLD estimate = 1.201


Trial 62: random Stimulus Selection
Stimulus: 0.092
Output value -0.256

Q+ parameters
slope: 0.379 semiSat: 0.560 beta: 1.250 sigma: 0.218 
maxBOLD estimate = 1.126


Trial 63: random Stimulus Selection
Stimulus: 0.257
Output value 0.112

Q+ parameters
slope: 0.183 semiSat: 0.560 beta: 0.875 sigma: 0.166 
maxBOLD estimate = 1.407


Trial 64: random Stimulus Selection
Stimulus: 0.216
Output value 0.000

Q+ parameters
slope: 0.379 semiSat: 0.560 beta: 0.938 sigma: 0.166 
maxBOLD estimate = 1.231


Trial 65: maxBOLD Stimulus Selection
Stimulus: 1.000
Output value 1.574

Q+ parameters
slope: 0.379 semiSat: 0.560 beta: 1.250 sigma: 0.218 
maxBOLD estimate = 1.155


Trial 66: random Stimulus Selection
Stimulus: 0.918
Output value 0.918

Q+ parameters
slope: 0.183 semiSat: 0.560 beta: 0.875 sigma: 0.166 
maxBOLD estimate = 1.443


Trial 67: random Stimulus Selection
Stimulus: 0.423
Output value -0.100

Q+ parameters
slope: 0.379 semiSat: 0.560 beta: 0.875 sigma: 0.166 
maxBOLD estimate = 1.263


Trial 68: random Stimulus Selection
Stimulus: 0.051
Output value 0.126

Q+ parameters
slope: 0.379 semiSat: 0.560 beta: 1.250 sigma: 0.218 
maxBOLD estimate = 1.105


Trial 69: random Stimulus Selection
Stimulus: 0.051
Output value 0.110

Q+ parameters
slope: 0.379 semiSat: 0.560 beta: 0.875 sigma: 0.166 
maxBOLD estimate = 1.381


Trial 70: baseline Stimulus Selection
Stimulus: 0.010
Output value 0.288

Q+ parameters
slope: 0.379 semiSat: 0.560 beta: 0.875 sigma: 0.166 
maxBOLD estimate = 1.208


Trial 71: random Stimulus Selection
Stimulus: 0.711
Output value 1.442

Q+ parameters
slope: 0.379 semiSat: 0.560 beta: 1.250 sigma: 0.218 
maxBOLD estimate = 1.057


Trial 72: random Stimulus Selection
Stimulus: 0.918
Output value 1.157

Q+ parameters
slope: 0.379 semiSat: 0.560 beta: 0.875 sigma: 0.166 
maxBOLD estimate = 1.322


Trial 73: random Stimulus Selection
Stimulus: 0.505
Output value 0.102

Q+ parameters
slope: 0.379 semiSat: 0.560 beta: 0.969 sigma: 0.166 
maxBOLD estimate = 1.157


Trial 74: random Stimulus Selection
Stimulus: 0.959
Output value 0.637

Q+ parameters
slope: 0.379 semiSat: 0.560 beta: 1.250 sigma: 0.218 
maxBOLD estimate = 1.120


Trial 75: maxBOLD Stimulus Selection
Stimulus: 1.000
Output value 0.955

Q+ parameters
slope: 0.483 semiSat: 0.560 beta: 0.750 sigma: 0.166 
maxBOLD estimate = 1.401


Trial 76: random Stimulus Selection
Stimulus: 0.051
Output value 0.322

Q+ parameters
slope: 0.379 semiSat: 0.560 beta: 1.125 sigma: 0.218 
maxBOLD estimate = 1.050


Trial 77: random Stimulus Selection
Stimulus: 0.588
Output value 0.470

Q+ parameters
slope: 0.379 semiSat: 0.560 beta: 0.875 sigma: 0.166 
maxBOLD estimate = 1.182


Trial 78: random Stimulus Selection
Stimulus: 0.505
Output value 0.000

Q+ parameters
slope: 0.379 semiSat: 0.560 beta: 1.125 sigma: 0.218 
maxBOLD estimate = 1.034


Trial 79: random Stimulus Selection
Stimulus: 0.423
Output value -0.185

Q+ parameters
slope: 0.379 semiSat: 0.560 beta: 0.875 sigma: 0.166 
maxBOLD estimate = 1.163


Trial 80: baseline Stimulus Selection
Stimulus: 0.010
Output value -0.208

Q+ parameters
slope: 0.379 semiSat: 0.560 beta: 1.125 sigma: 0.166 
maxBOLD estimate = 1.018


Trial 81: random Stimulus Selection
Stimulus: 0.340
Output value -0.234

Q+ parameters
slope: 0.379 semiSat: 0.560 beta: 1.125 sigma: 0.218 
maxBOLD estimate = 1.145


Trial 82: random Stimulus Selection
Stimulus: 0.464
Output value 0.102

Q+ parameters
slope: 0.379 semiSat: 0.560 beta: 0.875 sigma: 0.166 
maxBOLD estimate = 1.288


Trial 83: random Stimulus Selection
Stimulus: 0.423
Output value -0.115

Q+ parameters
slope: 0.379 semiSat: 0.560 beta: 1.125 sigma: 0.218 
maxBOLD estimate = 1.127


Trial 84: random Stimulus Selection
Stimulus: 0.711
Output value 0.807

Q+ parameters
slope: 0.379 semiSat: 0.560 beta: 0.875 sigma: 0.166 
maxBOLD estimate = 1.268


Trial 85: maxBOLD Stimulus Selection
Stimulus: 1.000
Output value 1.362

Q+ parameters
slope: 0.379 semiSat: 0.560 beta: 1.125 sigma: 0.218 
maxBOLD estimate = 1.110


Trial 86: random Stimulus Selection
Stimulus: 0.175
Output value 0.397

Q+ parameters
slope: 0.379 semiSat: 0.560 beta: 0.875 sigma: 0.166 
maxBOLD estimate = 1.248


Trial 87: random Stimulus Selection
Stimulus: 0.092
Output value -0.112

Q+ parameters
slope: 0.379 semiSat: 0.560 beta: 1.125 sigma: 0.218 
maxBOLD estimate = 1.092


Trial 88: random Stimulus Selection
Stimulus: 0.175
Output value -0.195

Q+ parameters
slope: 0.379 semiSat: 0.560 beta: 0.875 sigma: 0.166 
maxBOLD estimate = 1.229


Trial 89: random Stimulus Selection
Stimulus: 0.299
Output value -0.220

Q+ parameters
slope: 0.379 semiSat: 0.560 beta: 1.125 sigma: 0.218 
maxBOLD estimate = 1.075


Trial 90: baseline Stimulus Selection
Stimulus: 0.010
Output value -0.247

Q+ parameters
slope: 0.379 semiSat: 0.560 beta: 1.125 sigma: 0.218 
maxBOLD estimate = 1.210


Trial 91: random Stimulus Selection
Stimulus: 0.464
Output value 0.108

Q+ parameters
slope: 0.379 semiSat: 0.560 beta: 0.875 sigma: 0.166 
maxBOLD estimate = 1.361


Trial 92: random Stimulus Selection
Stimulus: 0.010
Output value 0.629

Q+ parameters
slope: 0.379 semiSat: 0.560 beta: 0.969 sigma: 0.218 
maxBOLD estimate = 1.191


Trial 93: random Stimulus Selection
Stimulus: 0.010
Output value -0.236

Q+ parameters
slope: 0.379 semiSat: 0.560 beta: 1.125 sigma: 0.218 
maxBOLD estimate = 1.153


Trial 94: random Stimulus Selection
Stimulus: 0.588
Output value 1.135

Q+ parameters
slope: 0.379 semiSat: 0.560 beta: 0.875 sigma: 0.166 
maxBOLD estimate = 1.298


Trial 95: maxBOLD Stimulus Selection
Stimulus: 1.000
Output value 1.393

Q+ parameters
slope: 0.379 semiSat: 0.560 beta: 1.125 sigma: 0.218 
maxBOLD estimate = 1.135


Trial 96: random Stimulus Selection
Stimulus: 0.299
Output value -0.102

Q+ parameters
slope: 0.379 semiSat: 0.560 beta: 0.875 sigma: 0.166 
maxBOLD estimate = 1.277


Trial 97: random Stimulus Selection
Stimulus: 0.753
Output value 1.372

Q+ parameters
slope: 0.379 semiSat: 0.560 beta: 1.125 sigma: 0.218 
maxBOLD estimate = 1.118


Trial 98: random Stimulus Selection
Stimulus: 0.299
Output value 0.514

Q+ parameters
slope: 0.379 semiSat: 0.560 beta: 1.125 sigma: 0.218 
maxBOLD estimate = 1.257


Trial 99: random Stimulus Selection
Stimulus: 0.464
Output value 0.563

Q+ parameters
slope: 0.379 semiSat: 0.560 beta: 0.875 sigma: 0.166 
maxBOLD estimate = 1.415


Trial 100: baseline Stimulus Selection
Stimulus: 0.010
Output value 0.380

Q+ parameters
slope: 0.379 semiSat: 0.560 beta: 1.125 sigma: 0.218 
maxBOLD estimate = 1.238

--------------------------------------------------------------
FINAL VALUES
--------------------------------------------------------------
Simulated parameters:              slope: 0.200 semiSat: 0.570 beta: 1.000 sigma: 0.150 
Max posterior QUEST+ parameters:   slope: 0.379 semiSat: 0.560 beta: 0.875 sigma: 0.166 
Max BADS parameters:               slope: 0.288 semiSat: 0.572 beta: 1.000 sigma: 0.208 
maxBOLD estimate: 1.378
