/blue/stevenweisberg/stevenweisberg/MATLAB/projects/Weisberg_Aguirre_2020/scripts/run_sims
c31a-s16.ufhpc
Thu Nov 12 14:01:10 EST 2020
cp: cannot stat ‘/blue/stevenweisberg/stevenweisberg/qpfMRIResults/deploy_sim.sh’: No such file or directory
cp: cannot stat ‘/blue/stevenweisberg/stevenweisberg/qpfMRIResults/sim_wrapper.sh’: No such file or directory
------------------------------------------
Setting up environment variables
---
LD_LIBRARY_PATH is .:/apps/matlab/mcr/2020b/v99/runtime/glnxa64:/apps/matlab/mcr/2020b/v99/bin/glnxa64:/apps/matlab/mcr/2020b/v99/sys/os/glnxa64:/apps/matlab/mcr/2020b/v99/sys/opengl/lib/glnxa64
Warning: Executing startup failed in matlabrc.
This indicates a potentially serious problem in your MATLAB setup, which should be resolved as soon as possible.  Error detected was:
MATLAB:mpath:PathAlterationNotSupported
Modifying the search path is not supported by MATLAB Compiler. Remove functions that modify the search path from your MATLAB code. To make files visible to your deployed application, add the parent folder to your MATLAB session.
Warning: No stimulus domain specified. Defaulting to values between 0.01 and 1.
> In qpfmriParams (line 182)
In compiledSimulate (line 205)
Stimulus domain added from input.
Parameter slope specified as 0.41000
Parameter semiSat specified as 0.57000
Parameter beta specified as 1.00000
Parameter sigma specified as 0.15000
seed = 99seed = 104seed = 111seed = 111seed = 115seed = 101Initializing Q+. This may take a minute...
Elapsed time is 8.818488 seconds.
Simulated parameters:
slope: 0.410 semiSat: 0.570 beta: 1.000 sigma: 0.150 

Trial 1: baseline Stimulus Selection
Stimulus: 0.010
Output value 0.000

Q+ parameters
slope: 0.026 semiSat: 0.890 beta: 0.500 sigma: 0.010 
maxBOLD estimate = 1.000


Trial 2: maxBOLD Stimulus Selection
Stimulus: 1.000
Output value 1.364

Q+ parameters
slope: 0.055 semiSat: 0.670 beta: 1.250 sigma: 0.010 
maxBOLD estimate = 1.000


Trial 3: baseline Stimulus Selection
Stimulus: 0.010
Output value 0.000

Q+ parameters
slope: 0.055 semiSat: 0.670 beta: 1.250 sigma: 0.010 
maxBOLD estimate = 1.250


Trial 4: maxBOLD Stimulus Selection
Stimulus: 1.000
Output value 1.598

Q+ parameters
slope: 0.055 semiSat: 0.670 beta: 1.125 sigma: 0.062 
maxBOLD estimate = 1.562


Trial 5: baseline Stimulus Selection
Stimulus: 0.010
Output value 0.539

Q+ parameters
slope: 0.043 semiSat: 0.780 beta: 1.125 sigma: 0.114 
maxBOLD estimate = 1.758


Trial 6: maxBOLD Stimulus Selection
Stimulus: 1.000
Output value 1.567

Q+ parameters
slope: 0.043 semiSat: 0.780 beta: 0.969 sigma: 0.062 
maxBOLD estimate = 1.978


Trial 7: random Stimulus Selection
Stimulus: 0.092
Output value 0.762

Q+ parameters
slope: 0.298 semiSat: 0.120 beta: 0.875 sigma: 0.114 
maxBOLD estimate = 1.916


Trial 8: random Stimulus Selection
Stimulus: 0.918
Output value 1.943

Q+ parameters
slope: 0.298 semiSat: 0.120 beta: 1.062 sigma: 0.114 
maxBOLD estimate = 1.676


Trial 9: random Stimulus Selection
Stimulus: 0.381
Output value 0.971

Q+ parameters
slope: 0.070 semiSat: 0.560 beta: 1.500 sigma: 0.166 
maxBOLD estimate = 1.781


Trial 10: baseline Stimulus Selection
Stimulus: 0.010
Output value 0.455

Q+ parameters
slope: 0.043 semiSat: 0.780 beta: 0.938 sigma: 0.114 
maxBOLD estimate = 2.672


Trial 11: random Stimulus Selection
Stimulus: 1.000
Output value 1.281

Q+ parameters
slope: 0.043 semiSat: 0.780 beta: 0.938 sigma: 0.114 
maxBOLD estimate = 2.505


Trial 12: random Stimulus Selection
Stimulus: 0.588
Output value 1.761

Q+ parameters
slope: 0.483 semiSat: 0.450 beta: 0.750 sigma: 0.114 
maxBOLD estimate = 2.348


Trial 13: random Stimulus Selection
Stimulus: 0.340
Output value 0.480

Q+ parameters
slope: 0.234 semiSat: 0.560 beta: 1.500 sigma: 0.166 
maxBOLD estimate = 1.761


Trial 14: random Stimulus Selection
Stimulus: 0.381
Output value 0.360

Q+ parameters
slope: 0.234 semiSat: 0.450 beta: 0.750 sigma: 0.114 
maxBOLD estimate = 2.642


Trial 15: maxBOLD Stimulus Selection
Stimulus: 1.000
Output value 1.734

Q+ parameters
slope: 0.298 semiSat: 0.450 beta: 0.875 sigma: 0.114 
maxBOLD estimate = 1.981


Trial 16: random Stimulus Selection
Stimulus: 0.753
Output value 2.364

Q+ parameters
slope: 0.379 semiSat: 0.560 beta: 1.500 sigma: 0.166 
maxBOLD estimate = 1.734


Trial 17: random Stimulus Selection
Stimulus: 0.670
Output value 1.064

Q+ parameters
slope: 0.089 semiSat: 0.560 beta: 0.750 sigma: 0.114 
maxBOLD estimate = 2.600


Trial 18: random Stimulus Selection
Stimulus: 0.464
Output value 0.532

Q+ parameters
slope: 0.234 semiSat: 0.560 beta: 1.500 sigma: 0.166 
maxBOLD estimate = 1.950


Trial 19: random Stimulus Selection
Stimulus: 0.175
Output value 1.163

Q+ parameters
slope: 0.026 semiSat: 0.780 beta: 0.875 sigma: 0.114 
maxBOLD estimate = 2.925


Trial 20: baseline Stimulus Selection
Stimulus: 0.010
Output value 0.465

Q+ parameters
slope: 1.000 semiSat: 0.560 beta: 0.500 sigma: 0.114 
maxBOLD estimate = 2.560


Trial 21: random Stimulus Selection
Stimulus: 0.464
Output value -0.349

Q+ parameters
slope: 0.379 semiSat: 0.560 beta: 1.500 sigma: 0.166 
maxBOLD estimate = 1.280


Trial 22: random Stimulus Selection
Stimulus: 0.794
Output value 1.963

Q+ parameters
slope: 0.379 semiSat: 0.560 beta: 0.938 sigma: 0.166 
maxBOLD estimate = 1.920


Trial 23: random Stimulus Selection
Stimulus: 0.381
Output value -0.169

Q+ parameters
slope: 0.616 semiSat: 0.560 beta: 1.031 sigma: 0.166 
maxBOLD estimate = 1.800


Trial 24: random Stimulus Selection
Stimulus: 0.876
Output value 1.107

Q+ parameters
slope: 1.000 semiSat: 0.560 beta: 0.938 sigma: 0.166 
maxBOLD estimate = 1.856


Trial 25: maxBOLD Stimulus Selection
Stimulus: 1.000
Output value 2.373

Q+ parameters
slope: 0.379 semiSat: 0.560 beta: 1.250 sigma: 0.166 
maxBOLD estimate = 1.740


Trial 26: random Stimulus Selection
Stimulus: 0.423
Output value -0.148

Q+ parameters
slope: 0.483 semiSat: 0.560 beta: 0.750 sigma: 0.114 
maxBOLD estimate = 2.175


Trial 27: random Stimulus Selection
Stimulus: 0.257
Output value 0.185

Q+ parameters
slope: 0.483 semiSat: 0.560 beta: 1.250 sigma: 0.166 
maxBOLD estimate = 1.631


Trial 28: random Stimulus Selection
Stimulus: 0.257
Output value -0.162

Q+ parameters
slope: 0.379 semiSat: 0.560 beta: 0.875 sigma: 0.166 
maxBOLD estimate = 2.039


Trial 29: random Stimulus Selection
Stimulus: 0.175
Output value 0.000

Q+ parameters
slope: 0.616 semiSat: 0.560 beta: 1.031 sigma: 0.166 
maxBOLD estimate = 1.784


Trial 30: baseline Stimulus Selection
Stimulus: 0.010
Output value 0.470

Q+ parameters
slope: 0.379 semiSat: 0.560 beta: 0.938 sigma: 0.166 
maxBOLD estimate = 1.840

--------------------------------------------------------------
FINAL VALUES
--------------------------------------------------------------
Simulated parameters:              slope: 0.410 semiSat: 0.570 beta: 1.000 sigma: 0.150 
Max posterior QUEST+ parameters:   slope: 0.379 semiSat: 0.560 beta: 1.250 sigma: 0.166 
Max BADS parameters:               slope: 0.588 semiSat: 0.559 beta: 1.000 sigma: 0.159 
maxBOLD estimate: 1.590
