/blue/stevenweisberg/stevenweisberg/MATLAB/projects/Weisberg_Aguirre_2020/scripts/run_sims
c4a-s20.ufhpc
Fri Nov 13 16:14:14 EST 2020
mkdir: cannot create directory ‘/blue/stevenweisberg/stevenweisberg/qpfMRIResults/model_parameter_set1/’: File exists
cp: cannot stat ‘/blue/stevenweisberg/stevenweisberg/qpfMRIResults/deploy_sim.sh’: No such file or directory
cp: cannot stat ‘/blue/stevenweisberg/stevenweisberg/qpfMRIResults/sim_wrapper.sh’: No such file or directory
------------------------------------------
Setting up environment variables
---
LD_LIBRARY_PATH is .:/apps/matlab/mcr/2020b/v99/runtime/glnxa64:/apps/matlab/mcr/2020b/v99/bin/glnxa64:/apps/matlab/mcr/2020b/v99/sys/os/glnxa64:/apps/matlab/mcr/2020b/v99/sys/opengl/lib/glnxa64
Warning: Executing startup failed in matlabrc.
This indicates a potentially serious problem in your MATLAB setup, which should be resolved as soon as possible.  Error detected was:
MATLAB:mpath:PathAlterationNotSupported
Modifying the search path is not supported by MATLAB Compiler. Remove functions that modify the search path from your MATLAB code. To make files visible to your deployed application, add the parent folder to your MATLAB session.
Warning: No stimulus domain specified. Defaulting to values between 0.01 and 1.
> In qpfmriParams (line 182)
In compiledSimulate (line 205)
Stimulus domain added from input.
Parameter slope specified as 0.41000
Parameter semiSat specified as 0.57000
Parameter beta specified as 1.00000
Parameter sigma specified as 0.25000
seed = 99seed = 104seed = 111seed = 111seed = 115seed = 101Initializing Q+. This may take a minute...
Elapsed time is 23.850727 seconds.
Simulated parameters:
slope: 0.410 semiSat: 0.570 beta: 1.000 sigma: 0.250 

Trial 1: baseline Stimulus Selection
Stimulus: 0.010
Output value 0.000

Q+ parameters
slope: 0.026 semiSat: 0.890 beta: 0.500 sigma: 0.010 
maxBOLD estimate = 1.000


Trial 2: maxBOLD Stimulus Selection
Stimulus: 1.000
Output value 1.364

Q+ parameters
slope: 0.055 semiSat: 0.670 beta: 1.250 sigma: 0.010 
maxBOLD estimate = 1.000


Trial 3: baseline Stimulus Selection
Stimulus: 0.010
Output value -0.284

Q+ parameters
slope: 0.055 semiSat: 0.670 beta: 1.250 sigma: 0.271 
maxBOLD estimate = 1.250


Trial 4: maxBOLD Stimulus Selection
Stimulus: 1.000
Output value 1.598

Q+ parameters
slope: 0.043 semiSat: 0.780 beta: 1.250 sigma: 0.114 
maxBOLD estimate = 1.562


Trial 5: baseline Stimulus Selection
Stimulus: 0.010
Output value 0.000

Q+ parameters
slope: 0.043 semiSat: 0.780 beta: 1.250 sigma: 0.114 
maxBOLD estimate = 1.953


Trial 6: maxBOLD Stimulus Selection
Stimulus: 1.000
Output value 1.720

Q+ parameters
slope: 0.043 semiSat: 0.780 beta: 0.969 sigma: 0.062 
maxBOLD estimate = 2.441


Trial 7: qplus Stimulus Selection
Stimulus: 0.629
Output value -0.323

Q+ parameters
slope: 0.113 semiSat: 1.000 beta: 1.500 sigma: 0.062 
maxBOLD estimate = 2.365


Trial 8: qplus Stimulus Selection
Stimulus: 0.876
Output value 0.907

Q+ parameters
slope: 0.089 semiSat: 1.000 beta: 0.938 sigma: 0.062 
maxBOLD estimate = 3.548


Trial 9: qplus Stimulus Selection
Stimulus: 0.835
Output value 0.605

Q+ parameters
slope: 0.183 semiSat: 0.780 beta: 0.500 sigma: 0.062 
maxBOLD estimate = 3.326


Trial 10: baseline Stimulus Selection
Stimulus: 0.010
Output value 0.661

Q+ parameters
slope: 0.379 semiSat: 0.780 beta: 0.875 sigma: 0.166 
maxBOLD estimate = 1.663


Trial 11: qplus Stimulus Selection
Stimulus: 0.711
Output value 1.786

Q+ parameters
slope: 0.785 semiSat: 0.670 beta: 1.125 sigma: 0.166 
maxBOLD estimate = 1.455


Trial 12: qplus Stimulus Selection
Stimulus: 0.629
Output value 2.679

Q+ parameters
slope: 0.234 semiSat: 0.670 beta: 1.500 sigma: 0.323 
maxBOLD estimate = 1.637


Trial 13: qplus Stimulus Selection
Stimulus: 0.918
Output value 1.507

Q+ parameters
slope: 0.055 semiSat: 0.670 beta: 0.750 sigma: 0.166 
maxBOLD estimate = 2.455


Trial 14: qplus Stimulus Selection
Stimulus: 0.711
Output value 1.758

Q+ parameters
slope: 0.298 semiSat: 0.670 beta: 1.500 sigma: 0.323 
maxBOLD estimate = 1.842


Trial 15: maxBOLD Stimulus Selection
Stimulus: 1.000
Output value 0.879

Q+ parameters
slope: 0.785 semiSat: 0.230 beta: 0.500 sigma: 0.114 
maxBOLD estimate = 2.762


Trial 16: qplus Stimulus Selection
Stimulus: 0.381
Output value 0.000

Q+ parameters
slope: 0.234 semiSat: 0.670 beta: 1.500 sigma: 0.218 
maxBOLD estimate = 1.381


Trial 17: qplus Stimulus Selection
Stimulus: 0.711
Output value 3.108

Q+ parameters
slope: 0.379 semiSat: 0.670 beta: 1.500 sigma: 0.323 
maxBOLD estimate = 2.072


Trial 18: qplus Stimulus Selection
Stimulus: 0.588
Output value 0.706

Q+ parameters
slope: 0.785 semiSat: 0.450 beta: 0.500 sigma: 0.114 
maxBOLD estimate = 3.108


Trial 19: qplus Stimulus Selection
Stimulus: 0.505
Output value 1.059

Q+ parameters
slope: 0.113 semiSat: 0.670 beta: 1.500 sigma: 0.271 
maxBOLD estimate = 1.554


Trial 20: baseline Stimulus Selection
Stimulus: 0.010
Output value 0.636

Q+ parameters
slope: 0.055 semiSat: 0.670 beta: 0.750 sigma: 0.166 
maxBOLD estimate = 2.331


Trial 21: qplus Stimulus Selection
Stimulus: 0.711
Output value 2.861

Q+ parameters
slope: 0.144 semiSat: 0.670 beta: 1.500 sigma: 0.323 
maxBOLD estimate = 1.748


Trial 22: qplus Stimulus Selection
Stimulus: 0.753
Output value 1.430

Q+ parameters
slope: 0.089 semiSat: 0.560 beta: 0.750 sigma: 0.166 
maxBOLD estimate = 2.622


Trial 23: qplus Stimulus Selection
Stimulus: 0.753
Output value 3.218

Q+ parameters
slope: 0.234 semiSat: 0.670 beta: 1.500 sigma: 0.375 
maxBOLD estimate = 1.967


Trial 24: qplus Stimulus Selection
Stimulus: 0.711
Output value 0.402

Q+ parameters
slope: 0.144 semiSat: 0.560 beta: 0.500 sigma: 0.166 
maxBOLD estimate = 2.950


Trial 25: maxBOLD Stimulus Selection
Stimulus: 1.000
Output value 2.414

Q+ parameters
slope: 0.144 semiSat: 0.670 beta: 1.500 sigma: 0.271 
maxBOLD estimate = 1.475


Trial 26: qplus Stimulus Selection
Stimulus: 0.753
Output value 0.302

Q+ parameters
slope: 0.183 semiSat: 0.560 beta: 0.750 sigma: 0.218 
maxBOLD estimate = 2.212


Trial 27: qplus Stimulus Selection
Stimulus: 0.505
Output value -0.453

Q+ parameters
slope: 0.144 semiSat: 0.670 beta: 1.500 sigma: 0.323 
maxBOLD estimate = 1.659


Trial 28: qplus Stimulus Selection
Stimulus: 0.753
Output value 0.339

Q+ parameters
slope: 1.000 semiSat: 0.560 beta: 0.500 sigma: 0.166 
maxBOLD estimate = 2.489


Trial 29: qplus Stimulus Selection
Stimulus: 0.794
Output value 2.036

Q+ parameters
slope: 0.113 semiSat: 0.670 beta: 1.500 sigma: 0.271 
maxBOLD estimate = 1.244


Trial 30: baseline Stimulus Selection
Stimulus: 0.010
Output value -0.509

Q+ parameters
slope: 0.144 semiSat: 0.670 beta: 1.500 sigma: 0.323 
maxBOLD estimate = 1.867

--------------------------------------------------------------
FINAL VALUES
--------------------------------------------------------------
Simulated parameters:              slope: 0.410 semiSat: 0.570 beta: 1.000 sigma: 0.250 
Max posterior QUEST+ parameters:   slope: 1.000 semiSat: 0.560 beta: 0.500 sigma: 0.166 
Max BADS parameters:               slope: 0.045 semiSat: 0.791 beta: 1.000 sigma: 0.166 
maxBOLD estimate: 2.793
