/blue/stevenweisberg/stevenweisberg/MATLAB/projects/Weisberg_Aguirre_2020/scripts/run_sims
c0700a-s2.ufhpc
Wed Apr  7 03:15:01 EDT 2021
mkdir: cannot create directory ‘/blue/stevenweisberg/stevenweisberg/qpfMRIResults/model_parameter_set2/’: File exists
cp: cannot stat ‘/blue/stevenweisberg/stevenweisberg/qpfMRIResults/deploy_sim.sh’: No such file or directory
cp: cannot stat ‘/blue/stevenweisberg/stevenweisberg/qpfMRIResults/sim_wrapper.sh’: No such file or directory
------------------------------------------
Setting up environment variables
---
LD_LIBRARY_PATH is .:/apps/matlab/mcr/2020b/v99/runtime/glnxa64:/apps/matlab/mcr/2020b/v99/bin/glnxa64:/apps/matlab/mcr/2020b/v99/sys/os/glnxa64:/apps/matlab/mcr/2020b/v99/sys/opengl/lib/glnxa64
Warning: Executing startup failed in matlabrc.
This indicates a potentially serious problem in your MATLAB setup, which should be resolved as soon as possible.  Error detected was:
MATLAB:mpath:PathAlterationNotSupported
Modifying the search path is not supported by MATLAB Compiler. Remove functions that modify the search path from your MATLAB code. To make files visible to your deployed application, add the parent folder to your MATLAB session.
Warning: No stimulus domain specified. Defaulting to values between 0.01 and 1.
> In qpfmriParams (line 182)
In compiledSimulate (line 205)
Stimulus domain added from input.
Parameter slope specified as 0.20000
Parameter semiSat specified as 0.57000
Parameter beta specified as 1.00000
Parameter sigma specified as 0.10000
seed = 99seed = 104seed = 111seed = 111seed = 115seed = 101Initializing Q+. This may take a minute...
Elapsed time is 7.196601 seconds.
Simulated parameters:
slope: 0.200 semiSat: 0.570 beta: 1.000 sigma: 0.100 

Trial 1: baseline Stimulus Selection
Stimulus: 0.010
Output value 0.000

Q+ parameters
slope: 0.026 semiSat: 0.890 beta: 0.500 sigma: 0.010 
maxBOLD estimate = 1.000


Trial 2: maxBOLD Stimulus Selection
Stimulus: 1.000
Output value 1.364

Q+ parameters
slope: 0.055 semiSat: 0.670 beta: 1.250 sigma: 0.010 
maxBOLD estimate = 1.000


Trial 3: baseline Stimulus Selection
Stimulus: 0.010
Output value 0.000

Q+ parameters
slope: 0.055 semiSat: 0.670 beta: 1.250 sigma: 0.010 
maxBOLD estimate = 1.250


Trial 4: maxBOLD Stimulus Selection
Stimulus: 1.000
Output value 2.131

Q+ parameters
slope: 0.055 semiSat: 0.670 beta: 1.250 sigma: 0.062 
maxBOLD estimate = 1.562


Trial 5: baseline Stimulus Selection
Stimulus: 0.010
Output value -0.222

Q+ parameters
slope: 0.043 semiSat: 0.780 beta: 1.250 sigma: 0.062 
maxBOLD estimate = 1.953


Trial 6: maxBOLD Stimulus Selection
Stimulus: 1.000
Output value 2.996

Q+ parameters
slope: 0.043 semiSat: 0.780 beta: 1.125 sigma: 0.114 
maxBOLD estimate = 2.441


Trial 7: random Stimulus Selection
Stimulus: 0.134
Output value -0.375

Q+ parameters
slope: 0.043 semiSat: 0.780 beta: 0.750 sigma: 0.062 
maxBOLD estimate = 2.747


Trial 8: random Stimulus Selection
Stimulus: 0.876
Output value 0.936

Q+ parameters
slope: 0.070 semiSat: 0.890 beta: 1.000 sigma: 0.062 
maxBOLD estimate = 2.060


Trial 9: random Stimulus Selection
Stimulus: 0.216
Output value -0.375

Q+ parameters
slope: 0.070 semiSat: 0.890 beta: 1.000 sigma: 0.062 
maxBOLD estimate = 2.060


Trial 10: baseline Stimulus Selection
Stimulus: 0.010
Output value -0.421

Q+ parameters
slope: 0.089 semiSat: 0.890 beta: 1.125 sigma: 0.114 
maxBOLD estimate = 2.060


Trial 11: random Stimulus Selection
Stimulus: 0.299
Output value 0.211

Q+ parameters
slope: 0.070 semiSat: 0.890 beta: 1.000 sigma: 0.062 
maxBOLD estimate = 2.317


Trial 12: random Stimulus Selection
Stimulus: 0.794
Output value 1.422

Q+ parameters
slope: 0.055 semiSat: 0.890 beta: 1.125 sigma: 0.062 
maxBOLD estimate = 2.317


Trial 13: random Stimulus Selection
Stimulus: 0.010
Output value -0.533

Q+ parameters
slope: 0.055 semiSat: 0.890 beta: 1.125 sigma: 0.062 
maxBOLD estimate = 2.607


Trial 14: random Stimulus Selection
Stimulus: 0.711
Output value 0.533

Q+ parameters
slope: 0.616 semiSat: 0.340 beta: 0.500 sigma: 0.062 
maxBOLD estimate = 2.933


Trial 15: maxBOLD Stimulus Selection
Stimulus: 1.000
Output value 1.650

Q+ parameters
slope: 0.113 semiSat: 0.670 beta: 1.125 sigma: 0.114 
maxBOLD estimate = 1.466


Trial 16: random Stimulus Selection
Stimulus: 0.959
Output value 1.753

Q+ parameters
slope: 0.070 semiSat: 0.670 beta: 1.062 sigma: 0.114 
maxBOLD estimate = 1.650


Trial 17: random Stimulus Selection
Stimulus: 0.257
Output value -0.299

Q+ parameters
slope: 0.089 semiSat: 0.670 beta: 0.938 sigma: 0.114 
maxBOLD estimate = 1.753


Trial 18: random Stimulus Selection
Stimulus: 0.464
Output value 0.476

Q+ parameters
slope: 0.070 semiSat: 0.670 beta: 1.062 sigma: 0.114 
maxBOLD estimate = 1.643


Trial 19: random Stimulus Selection
Stimulus: 0.794
Output value 0.833

Q+ parameters
slope: 0.144 semiSat: 0.670 beta: 0.875 sigma: 0.114 
maxBOLD estimate = 1.746


Trial 20: baseline Stimulus Selection
Stimulus: 0.010
Output value -0.148

Q+ parameters
slope: 0.183 semiSat: 0.670 beta: 1.062 sigma: 0.114 
maxBOLD estimate = 1.528


Trial 21: random Stimulus Selection
Stimulus: 0.423
Output value 0.258

Q+ parameters
slope: 0.183 semiSat: 0.670 beta: 0.875 sigma: 0.114 
maxBOLD estimate = 1.623


Trial 22: random Stimulus Selection
Stimulus: 0.670
Output value 1.646

Q+ parameters
slope: 0.379 semiSat: 0.560 beta: 1.062 sigma: 0.114 
maxBOLD estimate = 1.420


Trial 23: random Stimulus Selection
Stimulus: 0.835
Output value 1.595

Q+ parameters
slope: 0.234 semiSat: 0.560 beta: 0.969 sigma: 0.114 
maxBOLD estimate = 1.509


Trial 24: random Stimulus Selection
Stimulus: 0.918
Output value 1.695

Q+ parameters
slope: 0.234 semiSat: 0.560 beta: 1.062 sigma: 0.114 
maxBOLD estimate = 1.462


Trial 25: maxBOLD Stimulus Selection
Stimulus: 1.000
Output value 1.368

Q+ parameters
slope: 0.234 semiSat: 0.560 beta: 0.969 sigma: 0.114 
maxBOLD estimate = 1.553


Trial 26: random Stimulus Selection
Stimulus: 0.505
Output value 0.398

Q+ parameters
slope: 0.234 semiSat: 0.560 beta: 0.969 sigma: 0.114 
maxBOLD estimate = 1.505


Trial 27: random Stimulus Selection
Stimulus: 0.092
Output value 0.282

Q+ parameters
slope: 0.234 semiSat: 0.560 beta: 1.062 sigma: 0.114 
maxBOLD estimate = 1.458


Trial 28: random Stimulus Selection
Stimulus: 0.959
Output value 1.795

Q+ parameters
slope: 0.144 semiSat: 0.560 beta: 1.062 sigma: 0.114 
maxBOLD estimate = 1.549


Trial 29: random Stimulus Selection
Stimulus: 0.216
Output value -0.290

Q+ parameters
slope: 0.234 semiSat: 0.560 beta: 0.969 sigma: 0.114 
maxBOLD estimate = 1.646


Trial 30: baseline Stimulus Selection
Stimulus: 0.010
Output value -0.140

Q+ parameters
slope: 0.234 semiSat: 0.560 beta: 0.969 sigma: 0.114 
maxBOLD estimate = 1.594


Trial 31: random Stimulus Selection
Stimulus: 0.010
Output value 0.000

Q+ parameters
slope: 0.234 semiSat: 0.560 beta: 0.969 sigma: 0.114 
maxBOLD estimate = 1.544


Trial 32: random Stimulus Selection
Stimulus: 0.670
Output value 1.590

Q+ parameters
slope: 0.234 semiSat: 0.560 beta: 1.062 sigma: 0.114 
maxBOLD estimate = 1.496


Trial 33: random Stimulus Selection
Stimulus: 0.340
Output value 0.420

Q+ parameters
slope: 0.234 semiSat: 0.560 beta: 0.969 sigma: 0.114 
maxBOLD estimate = 1.590


Trial 34: random Stimulus Selection
Stimulus: 0.711
Output value 1.339

Q+ parameters
slope: 0.234 semiSat: 0.560 beta: 1.062 sigma: 0.114 
maxBOLD estimate = 1.540


Trial 35: maxBOLD Stimulus Selection
Stimulus: 1.000
Output value 1.585

Q+ parameters
slope: 0.234 semiSat: 0.560 beta: 0.969 sigma: 0.114 
maxBOLD estimate = 1.636


Trial 36: random Stimulus Selection
Stimulus: 1.000
Output value 1.117

Q+ parameters
slope: 0.234 semiSat: 0.560 beta: 0.969 sigma: 0.114 
maxBOLD estimate = 1.585


Trial 37: random Stimulus Selection
Stimulus: 0.794
Output value 1.780

Q+ parameters
slope: 0.234 semiSat: 0.560 beta: 1.062 sigma: 0.114 
maxBOLD estimate = 1.536


Trial 38: random Stimulus Selection
Stimulus: 0.423
Output value 0.946

Q+ parameters
slope: 0.144 semiSat: 0.560 beta: 1.062 sigma: 0.166 
maxBOLD estimate = 1.632


Trial 39: random Stimulus Selection
Stimulus: 0.918
Output value 1.517

Q+ parameters
slope: 0.183 semiSat: 0.560 beta: 0.875 sigma: 0.114 
maxBOLD estimate = 1.734


Trial 40: baseline Stimulus Selection
Stimulus: 0.010
Output value -0.345

Q+ parameters
slope: 0.234 semiSat: 0.560 beta: 1.250 sigma: 0.114 
maxBOLD estimate = 1.517


Trial 41: random Stimulus Selection
Stimulus: 0.340
Output value 0.151

Q+ parameters
slope: 0.183 semiSat: 0.560 beta: 0.875 sigma: 0.114 
maxBOLD estimate = 1.896


Trial 42: random Stimulus Selection
Stimulus: 0.794
Output value 1.659

Q+ parameters
slope: 0.113 semiSat: 0.560 beta: 1.000 sigma: 0.114 
maxBOLD estimate = 1.659


Trial 43: random Stimulus Selection
Stimulus: 0.918
Output value 1.810

Q+ parameters
slope: 0.113 semiSat: 0.560 beta: 1.000 sigma: 0.114 
maxBOLD estimate = 1.659


Trial 44: random Stimulus Selection
Stimulus: 0.464
Output value 1.056

Q+ parameters
slope: 0.113 semiSat: 0.560 beta: 1.000 sigma: 0.114 
maxBOLD estimate = 1.659


Trial 45: maxBOLD Stimulus Selection
Stimulus: 1.000
Output value 1.810

Q+ parameters
slope: 0.113 semiSat: 0.560 beta: 1.000 sigma: 0.114 
maxBOLD estimate = 1.659


Trial 46: random Stimulus Selection
Stimulus: 0.546
Output value 0.151

Q+ parameters
slope: 0.113 semiSat: 0.560 beta: 1.000 sigma: 0.114 
maxBOLD estimate = 1.659


Trial 47: random Stimulus Selection
Stimulus: 0.629
Output value 1.659

Q+ parameters
slope: 0.113 semiSat: 0.560 beta: 1.000 sigma: 0.114 
maxBOLD estimate = 1.659


Trial 48: random Stimulus Selection
Stimulus: 0.381
Output value -0.151

Q+ parameters
slope: 0.113 semiSat: 0.560 beta: 1.000 sigma: 0.114 
maxBOLD estimate = 1.659


Trial 49: random Stimulus Selection
Stimulus: 0.753
Output value 1.810

Q+ parameters
slope: 0.113 semiSat: 0.560 beta: 1.000 sigma: 0.114 
maxBOLD estimate = 1.659


Trial 50: baseline Stimulus Selection
Stimulus: 0.010
Output value -0.321

Q+ parameters
slope: 0.144 semiSat: 0.560 beta: 1.062 sigma: 0.114 
maxBOLD estimate = 1.659


Trial 51: random Stimulus Selection
Stimulus: 0.464
Output value 0.962

Q+ parameters
slope: 0.113 semiSat: 0.560 beta: 1.000 sigma: 0.114 
maxBOLD estimate = 1.763


Trial 52: random Stimulus Selection
Stimulus: 0.670
Output value 1.603

Q+ parameters
slope: 0.113 semiSat: 0.560 beta: 1.000 sigma: 0.114 
maxBOLD estimate = 1.763


Trial 53: random Stimulus Selection
Stimulus: 0.629
Output value 0.801

Q+ parameters
slope: 0.113 semiSat: 0.560 beta: 1.000 sigma: 0.114 
maxBOLD estimate = 1.763


Trial 54: random Stimulus Selection
Stimulus: 0.505
Output value 0.801

Q+ parameters
slope: 0.113 semiSat: 0.560 beta: 1.000 sigma: 0.114 
maxBOLD estimate = 1.763


Trial 55: maxBOLD Stimulus Selection
Stimulus: 1.000
Output value 1.923

Q+ parameters
slope: 0.113 semiSat: 0.560 beta: 1.000 sigma: 0.114 
maxBOLD estimate = 1.763


Trial 56: random Stimulus Selection
Stimulus: 0.092
Output value 0.160

Q+ parameters
slope: 0.113 semiSat: 0.560 beta: 1.000 sigma: 0.114 
maxBOLD estimate = 1.763


Trial 57: random Stimulus Selection
Stimulus: 0.794
Output value 1.603

Q+ parameters
slope: 0.113 semiSat: 0.560 beta: 1.000 sigma: 0.114 
maxBOLD estimate = 1.763


Trial 58: random Stimulus Selection
Stimulus: 0.134
Output value 0.641

Q+ parameters
slope: 0.113 semiSat: 0.560 beta: 1.000 sigma: 0.114 
maxBOLD estimate = 1.763


Trial 59: random Stimulus Selection
Stimulus: 0.257
Output value -0.160

Q+ parameters
slope: 0.113 semiSat: 0.560 beta: 1.000 sigma: 0.114 
maxBOLD estimate = 1.763


Trial 60: baseline Stimulus Selection
Stimulus: 0.010
Output value 0.300

Q+ parameters
slope: 0.144 semiSat: 0.560 beta: 0.938 sigma: 0.114 
maxBOLD estimate = 1.763


Trial 61: random Stimulus Selection
Stimulus: 0.423
Output value 0.300

Q+ parameters
slope: 0.113 semiSat: 0.560 beta: 1.000 sigma: 0.114 
maxBOLD estimate = 1.653


Trial 62: random Stimulus Selection
Stimulus: 0.340
Output value 0.300

Q+ parameters
slope: 0.113 semiSat: 0.560 beta: 1.000 sigma: 0.114 
maxBOLD estimate = 1.653


Trial 63: random Stimulus Selection
Stimulus: 0.092
Output value 0.300

Q+ parameters
slope: 0.183 semiSat: 0.560 beta: 1.000 sigma: 0.114 
maxBOLD estimate = 1.653


Trial 64: random Stimulus Selection
Stimulus: 0.423
Output value 0.601

Q+ parameters
slope: 0.113 semiSat: 0.560 beta: 1.000 sigma: 0.114 
maxBOLD estimate = 1.653


Trial 65: maxBOLD Stimulus Selection
Stimulus: 1.000
Output value 1.803

Q+ parameters
slope: 0.113 semiSat: 0.560 beta: 1.000 sigma: 0.114 
maxBOLD estimate = 1.653


Trial 66: random Stimulus Selection
Stimulus: 0.546
Output value 1.202

Q+ parameters
slope: 0.113 semiSat: 0.560 beta: 1.000 sigma: 0.114 
maxBOLD estimate = 1.653


Trial 67: random Stimulus Selection
Stimulus: 0.959
Output value 1.502

Q+ parameters
slope: 0.113 semiSat: 0.560 beta: 1.000 sigma: 0.114 
maxBOLD estimate = 1.653


Trial 68: random Stimulus Selection
Stimulus: 0.876
Output value 1.052

Q+ parameters
slope: 0.113 semiSat: 0.560 beta: 1.000 sigma: 0.114 
maxBOLD estimate = 1.653


Trial 69: random Stimulus Selection
Stimulus: 0.010
Output value -0.150

Q+ parameters
slope: 0.113 semiSat: 0.560 beta: 1.000 sigma: 0.114 
maxBOLD estimate = 1.653


Trial 70: baseline Stimulus Selection
Stimulus: 0.010
Output value -0.319

Q+ parameters
slope: 0.144 semiSat: 0.560 beta: 1.062 sigma: 0.114 
maxBOLD estimate = 1.653


Trial 71: random Stimulus Selection
Stimulus: 0.876
Output value 1.916

Q+ parameters
slope: 0.113 semiSat: 0.560 beta: 1.000 sigma: 0.114 
maxBOLD estimate = 1.756


Trial 72: random Stimulus Selection
Stimulus: 0.092
Output value 0.000

Q+ parameters
slope: 0.144 semiSat: 0.560 beta: 0.938 sigma: 0.114 
maxBOLD estimate = 1.756


Trial 73: random Stimulus Selection
Stimulus: 0.175
Output value 0.000

Q+ parameters
slope: 0.113 semiSat: 0.560 beta: 1.000 sigma: 0.114 
maxBOLD estimate = 1.646


Trial 74: random Stimulus Selection
Stimulus: 0.010
Output value -0.299

Q+ parameters
slope: 0.113 semiSat: 0.560 beta: 1.000 sigma: 0.114 
maxBOLD estimate = 1.646


Trial 75: maxBOLD Stimulus Selection
Stimulus: 1.000
Output value 0.898

Q+ parameters
slope: 0.113 semiSat: 0.560 beta: 1.000 sigma: 0.114 
maxBOLD estimate = 1.646


Trial 76: random Stimulus Selection
Stimulus: 0.092
Output value -0.299

Q+ parameters
slope: 0.113 semiSat: 0.560 beta: 1.000 sigma: 0.114 
maxBOLD estimate = 1.646


Trial 77: random Stimulus Selection
Stimulus: 0.134
Output value 0.150

Q+ parameters
slope: 0.113 semiSat: 0.560 beta: 1.000 sigma: 0.114 
maxBOLD estimate = 1.646


Trial 78: random Stimulus Selection
Stimulus: 0.753
Output value 1.497

Q+ parameters
slope: 0.113 semiSat: 0.560 beta: 1.000 sigma: 0.114 
maxBOLD estimate = 1.646


Trial 79: random Stimulus Selection
Stimulus: 0.216
Output value 0.748

Q+ parameters
slope: 0.113 semiSat: 0.560 beta: 1.000 sigma: 0.114 
maxBOLD estimate = 1.646


Trial 80: baseline Stimulus Selection
Stimulus: 0.010
Output value -0.150

Q+ parameters
slope: 0.113 semiSat: 0.560 beta: 1.000 sigma: 0.114 
maxBOLD estimate = 1.646


Trial 81: random Stimulus Selection
Stimulus: 0.092
Output value -0.299

Q+ parameters
slope: 0.113 semiSat: 0.560 beta: 1.000 sigma: 0.114 
maxBOLD estimate = 1.646


Trial 82: random Stimulus Selection
Stimulus: 0.876
Output value 1.796

Q+ parameters
slope: 0.113 semiSat: 0.560 beta: 1.000 sigma: 0.114 
maxBOLD estimate = 1.646


Trial 83: random Stimulus Selection
Stimulus: 0.464
Output value 0.000

Q+ parameters
slope: 0.113 semiSat: 0.560 beta: 1.000 sigma: 0.114 
maxBOLD estimate = 1.646


Trial 84: random Stimulus Selection
Stimulus: 0.670
Output value 1.048

Q+ parameters
slope: 0.113 semiSat: 0.560 beta: 1.000 sigma: 0.114 
maxBOLD estimate = 1.646


Trial 85: maxBOLD Stimulus Selection
Stimulus: 1.000
Output value 0.898

Q+ parameters
slope: 0.113 semiSat: 0.560 beta: 1.000 sigma: 0.114 
maxBOLD estimate = 1.646


Trial 86: random Stimulus Selection
Stimulus: 1.000
Output value 1.796

Q+ parameters
slope: 0.113 semiSat: 0.560 beta: 1.000 sigma: 0.114 
maxBOLD estimate = 1.646


Trial 87: random Stimulus Selection
Stimulus: 0.134
Output value 0.449

Q+ parameters
slope: 0.113 semiSat: 0.560 beta: 1.000 sigma: 0.114 
maxBOLD estimate = 1.646


Trial 88: random Stimulus Selection
Stimulus: 0.051
Output value 0.449

Q+ parameters
slope: 0.113 semiSat: 0.560 beta: 1.000 sigma: 0.114 
maxBOLD estimate = 1.646


Trial 89: random Stimulus Selection
Stimulus: 0.051
Output value 0.449

Q+ parameters
slope: 0.113 semiSat: 0.560 beta: 1.000 sigma: 0.114 
maxBOLD estimate = 1.646


Trial 90: baseline Stimulus Selection
Stimulus: 0.010
Output value -0.299

Q+ parameters
slope: 0.113 semiSat: 0.560 beta: 1.000 sigma: 0.114 
maxBOLD estimate = 1.646


Trial 91: random Stimulus Selection
Stimulus: 0.134
Output value 0.599

Q+ parameters
slope: 0.113 semiSat: 0.560 beta: 1.000 sigma: 0.114 
maxBOLD estimate = 1.646


Trial 92: random Stimulus Selection
Stimulus: 0.918
Output value 1.197

Q+ parameters
slope: 0.113 semiSat: 0.560 beta: 1.000 sigma: 0.114 
maxBOLD estimate = 1.646


Trial 93: random Stimulus Selection
Stimulus: 0.794
Output value 1.796

Q+ parameters
slope: 0.183 semiSat: 0.560 beta: 1.000 sigma: 0.114 
maxBOLD estimate = 1.646


Trial 94: random Stimulus Selection
Stimulus: 0.175
Output value 0.150

Q+ parameters
slope: 0.183 semiSat: 0.560 beta: 1.000 sigma: 0.114 
maxBOLD estimate = 1.646


Trial 95: maxBOLD Stimulus Selection
Stimulus: 1.000
Output value 1.347

Q+ parameters
slope: 0.183 semiSat: 0.560 beta: 1.000 sigma: 0.114 
maxBOLD estimate = 1.646


Trial 96: random Stimulus Selection
Stimulus: 0.257
Output value -0.299

Q+ parameters
slope: 0.113 semiSat: 0.560 beta: 1.000 sigma: 0.114 
maxBOLD estimate = 1.646


Trial 97: random Stimulus Selection
Stimulus: 0.959
Output value 1.497

Q+ parameters
slope: 0.113 semiSat: 0.560 beta: 1.000 sigma: 0.114 
maxBOLD estimate = 1.646


Trial 98: random Stimulus Selection
Stimulus: 0.381
Output value -0.150

Q+ parameters
slope: 0.183 semiSat: 0.560 beta: 1.000 sigma: 0.114 
maxBOLD estimate = 1.646


Trial 99: random Stimulus Selection
Stimulus: 0.876
Output value 1.197

Q+ parameters
slope: 0.183 semiSat: 0.560 beta: 1.000 sigma: 0.114 
maxBOLD estimate = 1.646


Trial 100: baseline Stimulus Selection
Stimulus: 0.010
Output value 0.449

Q+ parameters
slope: 0.183 semiSat: 0.560 beta: 1.000 sigma: 0.114 
maxBOLD estimate = 1.646

--------------------------------------------------------------
FINAL VALUES
--------------------------------------------------------------
Simulated parameters:              slope: 0.200 semiSat: 0.570 beta: 1.000 sigma: 0.100 
Max posterior QUEST+ parameters:   slope: 0.183 semiSat: 0.560 beta: 1.000 sigma: 0.114 
Max BADS parameters:               slope: 0.188 semiSat: 0.558 beta: 1.000 sigma: 0.120 
maxBOLD estimate: 1.582
