/blue/stevenweisberg/stevenweisberg/MATLAB/projects/Weisberg_Aguirre_2020/scripts/run_sims
c22a-s23.ufhpc
Tue Apr  6 19:04:16 EDT 2021
mkdir: cannot create directory ‘/blue/stevenweisberg/stevenweisberg/qpfMRIResults/model_parameter_set2/’: File exists
cp: cannot stat ‘/blue/stevenweisberg/stevenweisberg/qpfMRIResults/deploy_sim.sh’: No such file or directory
cp: cannot stat ‘/blue/stevenweisberg/stevenweisberg/qpfMRIResults/sim_wrapper.sh’: No such file or directory
------------------------------------------
Setting up environment variables
---
LD_LIBRARY_PATH is .:/apps/matlab/mcr/2020b/v99/runtime/glnxa64:/apps/matlab/mcr/2020b/v99/bin/glnxa64:/apps/matlab/mcr/2020b/v99/sys/os/glnxa64:/apps/matlab/mcr/2020b/v99/sys/opengl/lib/glnxa64
Warning: Executing startup failed in matlabrc.
This indicates a potentially serious problem in your MATLAB setup, which should be resolved as soon as possible.  Error detected was:
MATLAB:mpath:PathAlterationNotSupported
Modifying the search path is not supported by MATLAB Compiler. Remove functions that modify the search path from your MATLAB code. To make files visible to your deployed application, add the parent folder to your MATLAB session.
Warning: No stimulus domain specified. Defaulting to values between 0.01 and 1.
> In qpfmriParams (line 182)
In compiledSimulate (line 205)
Stimulus domain added from input.
Parameter slope specified as 0.20000
Parameter semiSat specified as 0.57000
Parameter beta specified as 1.00000
Parameter sigma specified as 0.15000
seed = 99seed = 104seed = 111seed = 111seed = 115seed = 101Initializing Q+. This may take a minute...
Elapsed time is 9.667058 seconds.
Simulated parameters:
slope: 0.200 semiSat: 0.570 beta: 1.000 sigma: 0.150 

Trial 1: baseline Stimulus Selection
Stimulus: 0.010
Output value 0.000

Q+ parameters
slope: 0.026 semiSat: 0.890 beta: 0.500 sigma: 0.010 
maxBOLD estimate = 1.000


Trial 2: maxBOLD Stimulus Selection
Stimulus: 1.000
Output value 1.364

Q+ parameters
slope: 0.055 semiSat: 0.670 beta: 1.250 sigma: 0.010 
maxBOLD estimate = 1.000


Trial 3: baseline Stimulus Selection
Stimulus: 0.010
Output value -0.142

Q+ parameters
slope: 0.055 semiSat: 0.670 beta: 1.250 sigma: 0.062 
maxBOLD estimate = 1.250


Trial 4: maxBOLD Stimulus Selection
Stimulus: 1.000
Output value 1.420

Q+ parameters
slope: 0.043 semiSat: 0.780 beta: 1.250 sigma: 0.114 
maxBOLD estimate = 1.562


Trial 5: baseline Stimulus Selection
Stimulus: 0.010
Output value -0.222

Q+ parameters
slope: 0.043 semiSat: 0.780 beta: 1.250 sigma: 0.114 
maxBOLD estimate = 1.953


Trial 6: maxBOLD Stimulus Selection
Stimulus: 1.000
Output value 1.720

Q+ parameters
slope: 0.043 semiSat: 0.780 beta: 0.969 sigma: 0.062 
maxBOLD estimate = 2.441


Trial 7: random Stimulus Selection
Stimulus: 0.918
Output value 1.828

Q+ parameters
slope: 0.043 semiSat: 0.780 beta: 1.062 sigma: 0.062 
maxBOLD estimate = 2.365


Trial 8: random Stimulus Selection
Stimulus: 0.257
Output value 0.857

Q+ parameters
slope: 0.034 semiSat: 1.000 beta: 1.250 sigma: 0.062 
maxBOLD estimate = 2.513


Trial 9: random Stimulus Selection
Stimulus: 0.546
Output value 0.286

Q+ parameters
slope: 0.043 semiSat: 1.000 beta: 1.000 sigma: 0.062 
maxBOLD estimate = 3.141


Trial 10: baseline Stimulus Selection
Stimulus: 0.010
Output value -0.143

Q+ parameters
slope: 0.616 semiSat: 0.340 beta: 0.500 sigma: 0.062 
maxBOLD estimate = 3.141


Trial 11: random Stimulus Selection
Stimulus: 0.381
Output value 0.535

Q+ parameters
slope: 0.070 semiSat: 0.560 beta: 1.250 sigma: 0.114 
maxBOLD estimate = 1.571


Trial 12: random Stimulus Selection
Stimulus: 0.340
Output value 0.000

Q+ parameters
slope: 0.089 semiSat: 0.560 beta: 0.875 sigma: 0.114 
maxBOLD estimate = 1.963


Trial 13: random Stimulus Selection
Stimulus: 0.794
Output value 2.342

Q+ parameters
slope: 0.089 semiSat: 0.560 beta: 1.250 sigma: 0.114 
maxBOLD estimate = 1.718


Trial 14: random Stimulus Selection
Stimulus: 0.257
Output value 0.854

Q+ parameters
slope: 0.089 semiSat: 0.560 beta: 0.875 sigma: 0.114 
maxBOLD estimate = 2.147


Trial 15: maxBOLD Stimulus Selection
Stimulus: 1.000
Output value 2.818

Q+ parameters
slope: 0.070 semiSat: 0.670 beta: 1.500 sigma: 0.166 
maxBOLD estimate = 1.879


Trial 16: random Stimulus Selection
Stimulus: 0.423
Output value 0.192

Q+ parameters
slope: 0.113 semiSat: 0.560 beta: 0.750 sigma: 0.114 
maxBOLD estimate = 2.818


Trial 17: random Stimulus Selection
Stimulus: 0.753
Output value 1.513

Q+ parameters
slope: 0.089 semiSat: 0.560 beta: 0.875 sigma: 0.114 
maxBOLD estimate = 2.114


Trial 18: random Stimulus Selection
Stimulus: 0.629
Output value 3.026

Q+ parameters
slope: 0.144 semiSat: 0.560 beta: 1.500 sigma: 0.114 
maxBOLD estimate = 1.850


Trial 19: random Stimulus Selection
Stimulus: 1.000
Output value 1.135

Q+ parameters
slope: 0.144 semiSat: 0.560 beta: 0.750 sigma: 0.114 
maxBOLD estimate = 2.774


Trial 20: baseline Stimulus Selection
Stimulus: 0.010
Output value 0.000

Q+ parameters
slope: 0.144 semiSat: 0.450 beta: 0.938 sigma: 0.114 
maxBOLD estimate = 2.081


Trial 21: random Stimulus Selection
Stimulus: 0.423
Output value 0.499

Q+ parameters
slope: 0.144 semiSat: 0.450 beta: 0.938 sigma: 0.114 
maxBOLD estimate = 1.951


Trial 22: random Stimulus Selection
Stimulus: 0.299
Output value 0.249

Q+ parameters
slope: 0.113 semiSat: 0.560 beta: 1.500 sigma: 0.114 
maxBOLD estimate = 1.829


Trial 23: random Stimulus Selection
Stimulus: 0.670
Output value 1.683

Q+ parameters
slope: 0.144 semiSat: 0.560 beta: 0.750 sigma: 0.114 
maxBOLD estimate = 2.743


Trial 24: random Stimulus Selection
Stimulus: 0.546
Output value 1.227

Q+ parameters
slope: 0.113 semiSat: 0.450 beta: 0.938 sigma: 0.114 
maxBOLD estimate = 2.057


Trial 25: maxBOLD Stimulus Selection
Stimulus: 1.000
Output value 1.973

Q+ parameters
slope: 0.113 semiSat: 0.450 beta: 0.938 sigma: 0.114 
maxBOLD estimate = 1.929


Trial 26: random Stimulus Selection
Stimulus: 0.505
Output value 1.726

Q+ parameters
slope: 0.113 semiSat: 0.560 beta: 1.500 sigma: 0.114 
maxBOLD estimate = 1.808


Trial 27: random Stimulus Selection
Stimulus: 0.505
Output value 1.110

Q+ parameters
slope: 0.113 semiSat: 0.450 beta: 0.750 sigma: 0.114 
maxBOLD estimate = 2.712


Trial 28: random Stimulus Selection
Stimulus: 0.546
Output value 0.462

Q+ parameters
slope: 0.089 semiSat: 0.560 beta: 1.250 sigma: 0.166 
maxBOLD estimate = 2.034


Trial 29: random Stimulus Selection
Stimulus: 0.381
Output value 0.000

Q+ parameters
slope: 0.144 semiSat: 0.560 beta: 0.750 sigma: 0.114 
maxBOLD estimate = 2.543


Trial 30: baseline Stimulus Selection
Stimulus: 0.010
Output value -0.520

Q+ parameters
slope: 0.113 semiSat: 0.560 beta: 1.500 sigma: 0.166 
maxBOLD estimate = 1.907


Trial 31: random Stimulus Selection
Stimulus: 0.753
Output value 0.390

Q+ parameters
slope: 0.785 semiSat: 0.450 beta: 0.500 sigma: 0.114 
maxBOLD estimate = 2.861


Trial 32: random Stimulus Selection
Stimulus: 0.588
Output value 1.170

Q+ parameters
slope: 0.089 semiSat: 0.560 beta: 1.500 sigma: 0.166 
maxBOLD estimate = 1.430


Trial 33: random Stimulus Selection
Stimulus: 0.711
Output value 1.195

Q+ parameters
slope: 0.089 semiSat: 0.560 beta: 0.875 sigma: 0.114 
maxBOLD estimate = 2.145


Trial 34: random Stimulus Selection
Stimulus: 0.423
Output value 0.192

Q+ parameters
slope: 0.089 semiSat: 0.560 beta: 1.125 sigma: 0.166 
maxBOLD estimate = 1.877


Trial 35: maxBOLD Stimulus Selection
Stimulus: 1.000
Output value 2.046

Q+ parameters
slope: 0.070 semiSat: 0.560 beta: 0.969 sigma: 0.114 
maxBOLD estimate = 2.112


Trial 36: random Stimulus Selection
Stimulus: 0.629
Output value 1.395

Q+ parameters
slope: 0.113 semiSat: 0.560 beta: 0.938 sigma: 0.114 
maxBOLD estimate = 2.046


Trial 37: random Stimulus Selection
Stimulus: 1.000
Output value 1.569

Q+ parameters
slope: 0.089 semiSat: 0.560 beta: 1.125 sigma: 0.166 
maxBOLD estimate = 1.918


Trial 38: random Stimulus Selection
Stimulus: 0.959
Output value 1.545

Q+ parameters
slope: 0.089 semiSat: 0.560 beta: 0.875 sigma: 0.114 
maxBOLD estimate = 2.158


Trial 39: random Stimulus Selection
Stimulus: 0.753
Output value 2.124

Q+ parameters
slope: 0.089 semiSat: 0.560 beta: 1.125 sigma: 0.166 
maxBOLD estimate = 1.888


Trial 40: baseline Stimulus Selection
Stimulus: 0.010
Output value 0.374

Q+ parameters
slope: 0.089 semiSat: 0.560 beta: 0.969 sigma: 0.114 
maxBOLD estimate = 2.124


Trial 41: random Stimulus Selection
Stimulus: 0.794
Output value 1.578

Q+ parameters
slope: 0.113 semiSat: 0.560 beta: 0.938 sigma: 0.114 
maxBOLD estimate = 2.058


Trial 42: random Stimulus Selection
Stimulus: 0.794
Output value 1.052

Q+ parameters
slope: 0.113 semiSat: 0.560 beta: 1.000 sigma: 0.166 
maxBOLD estimate = 1.929


Trial 43: random Stimulus Selection
Stimulus: 0.299
Output value 0.702

Q+ parameters
slope: 0.113 semiSat: 0.560 beta: 1.000 sigma: 0.166 
maxBOLD estimate = 1.929


Trial 44: random Stimulus Selection
Stimulus: 1.000
Output value 1.403

Q+ parameters
slope: 0.113 semiSat: 0.560 beta: 1.000 sigma: 0.166 
maxBOLD estimate = 1.929


Trial 45: maxBOLD Stimulus Selection
Stimulus: 1.000
Output value 0.822

Q+ parameters
slope: 0.113 semiSat: 0.560 beta: 0.938 sigma: 0.166 
maxBOLD estimate = 1.929


Trial 46: random Stimulus Selection
Stimulus: 0.092
Output value 0.170

Q+ parameters
slope: 0.113 semiSat: 0.560 beta: 1.031 sigma: 0.166 
maxBOLD estimate = 1.809


Trial 47: random Stimulus Selection
Stimulus: 0.711
Output value 1.749

Q+ parameters
slope: 0.113 semiSat: 0.560 beta: 1.031 sigma: 0.166 
maxBOLD estimate = 1.865


Trial 48: random Stimulus Selection
Stimulus: 0.381
Output value 0.164

Q+ parameters
slope: 0.113 semiSat: 0.560 beta: 0.938 sigma: 0.166 
maxBOLD estimate = 1.923


Trial 49: random Stimulus Selection
Stimulus: 0.959
Output value 2.029

Q+ parameters
slope: 0.113 semiSat: 0.560 beta: 1.031 sigma: 0.166 
maxBOLD estimate = 1.803


Trial 50: baseline Stimulus Selection
Stimulus: 0.010
Output value -0.174

Q+ parameters
slope: 0.113 semiSat: 0.560 beta: 1.031 sigma: 0.166 
maxBOLD estimate = 1.860


Trial 51: random Stimulus Selection
Stimulus: 0.753
Output value 0.981

Q+ parameters
slope: 0.113 semiSat: 0.560 beta: 0.938 sigma: 0.166 
maxBOLD estimate = 1.918


Trial 52: random Stimulus Selection
Stimulus: 0.876
Output value 2.206

Q+ parameters
slope: 0.089 semiSat: 0.560 beta: 1.125 sigma: 0.166 
maxBOLD estimate = 1.798


Trial 53: random Stimulus Selection
Stimulus: 0.876
Output value 1.551

Q+ parameters
slope: 0.113 semiSat: 0.560 beta: 0.938 sigma: 0.166 
maxBOLD estimate = 2.022


Trial 54: random Stimulus Selection
Stimulus: 0.711
Output value 1.422

Q+ parameters
slope: 0.113 semiSat: 0.560 beta: 1.031 sigma: 0.166 
maxBOLD estimate = 1.896


Trial 55: maxBOLD Stimulus Selection
Stimulus: 1.000
Output value 1.333

Q+ parameters
slope: 0.113 semiSat: 0.560 beta: 0.938 sigma: 0.166 
maxBOLD estimate = 1.955


Trial 56: random Stimulus Selection
Stimulus: 0.051
Output value -0.375

Q+ parameters
slope: 0.089 semiSat: 0.560 beta: 1.125 sigma: 0.166 
maxBOLD estimate = 1.833


Trial 57: random Stimulus Selection
Stimulus: 0.340
Output value -0.352

Q+ parameters
slope: 0.113 semiSat: 0.560 beta: 0.938 sigma: 0.166 
maxBOLD estimate = 2.062


Trial 58: random Stimulus Selection
Stimulus: 0.464
Output value -0.363

Q+ parameters
slope: 0.113 semiSat: 0.560 beta: 1.031 sigma: 0.166 
maxBOLD estimate = 1.933


Trial 59: random Stimulus Selection
Stimulus: 0.588
Output value 1.020

Q+ parameters
slope: 0.113 semiSat: 0.560 beta: 0.938 sigma: 0.166 
maxBOLD estimate = 1.994


Trial 60: baseline Stimulus Selection
Stimulus: 0.010
Output value 0.478

Q+ parameters
slope: 0.183 semiSat: 0.560 beta: 0.938 sigma: 0.166 
maxBOLD estimate = 1.869


Trial 61: random Stimulus Selection
Stimulus: 0.092
Output value -0.329

Q+ parameters
slope: 0.113 semiSat: 0.560 beta: 1.031 sigma: 0.166 
maxBOLD estimate = 1.752


Trial 62: random Stimulus Selection
Stimulus: 0.381
Output value 0.847

Q+ parameters
slope: 0.113 semiSat: 0.560 beta: 1.031 sigma: 0.166 
maxBOLD estimate = 1.807


Trial 63: random Stimulus Selection
Stimulus: 0.505
Output value 0.000

Q+ parameters
slope: 0.183 semiSat: 0.560 beta: 0.938 sigma: 0.166 
maxBOLD estimate = 1.864


Trial 64: random Stimulus Selection
Stimulus: 0.794
Output value 1.474

Q+ parameters
slope: 0.113 semiSat: 0.560 beta: 1.031 sigma: 0.166 
maxBOLD estimate = 1.747


Trial 65: maxBOLD Stimulus Selection
Stimulus: 1.000
Output value 0.921

Q+ parameters
slope: 0.183 semiSat: 0.560 beta: 0.938 sigma: 0.166 
maxBOLD estimate = 1.802


Trial 66: random Stimulus Selection
Stimulus: 0.051
Output value 0.489

Q+ parameters
slope: 0.144 semiSat: 0.560 beta: 1.062 sigma: 0.166 
maxBOLD estimate = 1.689


Trial 67: random Stimulus Selection
Stimulus: 0.918
Output value 1.530

Q+ parameters
slope: 0.183 semiSat: 0.560 beta: 0.938 sigma: 0.166 
maxBOLD estimate = 1.795


Trial 68: random Stimulus Selection
Stimulus: 0.711
Output value 1.788

Q+ parameters
slope: 0.144 semiSat: 0.560 beta: 1.062 sigma: 0.166 
maxBOLD estimate = 1.683


Trial 69: random Stimulus Selection
Stimulus: 0.010
Output value 0.457

Q+ parameters
slope: 0.183 semiSat: 0.560 beta: 0.938 sigma: 0.166 
maxBOLD estimate = 1.788


Trial 70: baseline Stimulus Selection
Stimulus: 0.010
Output value 0.571

Q+ parameters
slope: 0.183 semiSat: 0.560 beta: 0.938 sigma: 0.166 
maxBOLD estimate = 1.676


Trial 71: random Stimulus Selection
Stimulus: 0.092
Output value 1.062

Q+ parameters
slope: 0.183 semiSat: 0.560 beta: 1.062 sigma: 0.218 
maxBOLD estimate = 1.571


Trial 72: random Stimulus Selection
Stimulus: 0.381
Output value 0.313

Q+ parameters
slope: 0.183 semiSat: 0.560 beta: 1.031 sigma: 0.166 
maxBOLD estimate = 1.669


Trial 73: random Stimulus Selection
Stimulus: 0.464
Output value 0.440

Q+ parameters
slope: 0.183 semiSat: 0.560 beta: 0.938 sigma: 0.166 
maxBOLD estimate = 1.722


Trial 74: random Stimulus Selection
Stimulus: 0.876
Output value 1.513

Q+ parameters
slope: 0.183 semiSat: 0.560 beta: 1.031 sigma: 0.166 
maxBOLD estimate = 1.614


Trial 75: maxBOLD Stimulus Selection
Stimulus: 1.000
Output value 1.560

Q+ parameters
slope: 0.183 semiSat: 0.560 beta: 1.031 sigma: 0.166 
maxBOLD estimate = 1.664


Trial 76: random Stimulus Selection
Stimulus: 0.216
Output value 0.322

Q+ parameters
slope: 0.183 semiSat: 0.560 beta: 1.031 sigma: 0.166 
maxBOLD estimate = 1.716


Trial 77: random Stimulus Selection
Stimulus: 0.876
Output value 1.207

Q+ parameters
slope: 0.183 semiSat: 0.560 beta: 0.938 sigma: 0.166 
maxBOLD estimate = 1.770


Trial 78: random Stimulus Selection
Stimulus: 0.794
Output value 1.867

Q+ parameters
slope: 0.183 semiSat: 0.560 beta: 1.031 sigma: 0.166 
maxBOLD estimate = 1.659


Trial 79: random Stimulus Selection
Stimulus: 0.835
Output value 0.875

Q+ parameters
slope: 0.183 semiSat: 0.560 beta: 0.938 sigma: 0.166 
maxBOLD estimate = 1.711


Trial 80: baseline Stimulus Selection
Stimulus: 0.010
Output value -0.310

Q+ parameters
slope: 0.183 semiSat: 0.560 beta: 1.062 sigma: 0.166 
maxBOLD estimate = 1.604


Trial 81: random Stimulus Selection
Stimulus: 0.794
Output value 1.153

Q+ parameters
slope: 0.144 semiSat: 0.560 beta: 1.062 sigma: 0.166 
maxBOLD estimate = 1.705


Trial 82: random Stimulus Selection
Stimulus: 0.629
Output value 0.463

Q+ parameters
slope: 0.183 semiSat: 0.560 beta: 0.938 sigma: 0.166 
maxBOLD estimate = 1.811


Trial 83: random Stimulus Selection
Stimulus: 0.670
Output value 1.968

Q+ parameters
slope: 0.144 semiSat: 0.560 beta: 1.062 sigma: 0.166 
maxBOLD estimate = 1.698


Trial 84: random Stimulus Selection
Stimulus: 0.216
Output value -0.308

Q+ parameters
slope: 0.183 semiSat: 0.560 beta: 0.938 sigma: 0.166 
maxBOLD estimate = 1.804


Trial 85: maxBOLD Stimulus Selection
Stimulus: 1.000
Output value 1.797

Q+ parameters
slope: 0.144 semiSat: 0.560 beta: 1.062 sigma: 0.166 
maxBOLD estimate = 1.691


Trial 86: random Stimulus Selection
Stimulus: 0.918
Output value 1.899

Q+ parameters
slope: 0.144 semiSat: 0.560 beta: 0.969 sigma: 0.166 
maxBOLD estimate = 1.797


Trial 87: random Stimulus Selection
Stimulus: 0.546
Output value 0.490

Q+ parameters
slope: 0.113 semiSat: 0.560 beta: 1.031 sigma: 0.166 
maxBOLD estimate = 1.741


Trial 88: random Stimulus Selection
Stimulus: 0.546
Output value 1.530

Q+ parameters
slope: 0.183 semiSat: 0.560 beta: 0.938 sigma: 0.166 
maxBOLD estimate = 1.795


Trial 89: random Stimulus Selection
Stimulus: 0.918
Output value 1.788

Q+ parameters
slope: 0.144 semiSat: 0.560 beta: 1.062 sigma: 0.166 
maxBOLD estimate = 1.683


Trial 90: baseline Stimulus Selection
Stimulus: 0.010
Output value 0.305

Q+ parameters
slope: 0.183 semiSat: 0.560 beta: 0.938 sigma: 0.166 
maxBOLD estimate = 1.788


Trial 91: random Stimulus Selection
Stimulus: 0.753
Output value 0.972

Q+ parameters
slope: 0.144 semiSat: 0.560 beta: 1.062 sigma: 0.166 
maxBOLD estimate = 1.676


Trial 92: random Stimulus Selection
Stimulus: 0.340
Output value -0.304

Q+ parameters
slope: 0.183 semiSat: 0.560 beta: 0.938 sigma: 0.166 
maxBOLD estimate = 1.781


Trial 93: random Stimulus Selection
Stimulus: 0.340
Output value -0.323

Q+ parameters
slope: 0.144 semiSat: 0.560 beta: 1.062 sigma: 0.166 
maxBOLD estimate = 1.670


Trial 94: random Stimulus Selection
Stimulus: 0.381
Output value 0.625

Q+ parameters
slope: 0.144 semiSat: 0.560 beta: 0.969 sigma: 0.166 
maxBOLD estimate = 1.774


Trial 95: maxBOLD Stimulus Selection
Stimulus: 1.000
Output value 1.992

Q+ parameters
slope: 0.144 semiSat: 0.560 beta: 1.062 sigma: 0.166 
maxBOLD estimate = 1.719


Trial 96: random Stimulus Selection
Stimulus: 0.216
Output value 0.934

Q+ parameters
slope: 0.183 semiSat: 0.560 beta: 0.938 sigma: 0.166 
maxBOLD estimate = 1.826


Trial 97: random Stimulus Selection
Stimulus: 0.588
Output value 1.654

Q+ parameters
slope: 0.144 semiSat: 0.560 beta: 1.062 sigma: 0.166 
maxBOLD estimate = 1.712


Trial 98: random Stimulus Selection
Stimulus: 0.835
Output value 1.705

Q+ parameters
slope: 0.183 semiSat: 0.560 beta: 0.938 sigma: 0.166 
maxBOLD estimate = 1.819


Trial 99: random Stimulus Selection
Stimulus: 0.134
Output value 0.659

Q+ parameters
slope: 0.144 semiSat: 0.560 beta: 1.062 sigma: 0.166 
maxBOLD estimate = 1.705


Trial 100: baseline Stimulus Selection
Stimulus: 0.010
Output value -0.329

Q+ parameters
slope: 0.144 semiSat: 0.560 beta: 1.000 sigma: 0.166 
maxBOLD estimate = 1.812

--------------------------------------------------------------
FINAL VALUES
--------------------------------------------------------------
Simulated parameters:              slope: 0.200 semiSat: 0.570 beta: 1.000 sigma: 0.150 
Max posterior QUEST+ parameters:   slope: 0.144 semiSat: 0.560 beta: 1.000 sigma: 0.166 
Max BADS parameters:               slope: 0.182 semiSat: 0.542 beta: 1.000 sigma: 0.173 
maxBOLD estimate: 1.851
