/blue/stevenweisberg/stevenweisberg/MATLAB/projects/Weisberg_Aguirre_2020/scripts/run_sims
c0700a-s2.ufhpc
Tue Apr  6 18:52:05 EDT 2021
mkdir: cannot create directory ‘/blue/stevenweisberg/stevenweisberg/qpfMRIResults/model_parameter_set2/’: File exists
cp: cannot stat ‘/blue/stevenweisberg/stevenweisberg/qpfMRIResults/deploy_sim.sh’: No such file or directory
cp: cannot stat ‘/blue/stevenweisberg/stevenweisberg/qpfMRIResults/sim_wrapper.sh’: No such file or directory
------------------------------------------
Setting up environment variables
---
LD_LIBRARY_PATH is .:/apps/matlab/mcr/2020b/v99/runtime/glnxa64:/apps/matlab/mcr/2020b/v99/bin/glnxa64:/apps/matlab/mcr/2020b/v99/sys/os/glnxa64:/apps/matlab/mcr/2020b/v99/sys/opengl/lib/glnxa64
Warning: Executing startup failed in matlabrc.
This indicates a potentially serious problem in your MATLAB setup, which should be resolved as soon as possible.  Error detected was:
MATLAB:mpath:PathAlterationNotSupported
Modifying the search path is not supported by MATLAB Compiler. Remove functions that modify the search path from your MATLAB code. To make files visible to your deployed application, add the parent folder to your MATLAB session.
Warning: No stimulus domain specified. Defaulting to values between 0.01 and 1.
> In qpfmriParams (line 182)
In compiledSimulate (line 205)
Stimulus domain added from input.
Parameter slope specified as 0.20000
Parameter semiSat specified as 0.57000
Parameter beta specified as 1.00000
Parameter sigma specified as 0.10000
seed = 99seed = 104seed = 111seed = 111seed = 115seed = 101Initializing Q+. This may take a minute...
Elapsed time is 6.508086 seconds.
Simulated parameters:
slope: 0.200 semiSat: 0.570 beta: 1.000 sigma: 0.100 

Trial 1: baseline Stimulus Selection
Stimulus: 0.010
Output value 0.000

Q+ parameters
slope: 0.026 semiSat: 0.890 beta: 0.500 sigma: 0.010 
maxBOLD estimate = 1.000


Trial 2: maxBOLD Stimulus Selection
Stimulus: 1.000
Output value 1.364

Q+ parameters
slope: 0.055 semiSat: 0.670 beta: 1.250 sigma: 0.010 
maxBOLD estimate = 1.000


Trial 3: baseline Stimulus Selection
Stimulus: 0.010
Output value 0.128

Q+ parameters
slope: 0.055 semiSat: 0.670 beta: 1.125 sigma: 0.062 
maxBOLD estimate = 1.250


Trial 4: maxBOLD Stimulus Selection
Stimulus: 1.000
Output value 1.007

Q+ parameters
slope: 0.043 semiSat: 0.780 beta: 1.125 sigma: 0.114 
maxBOLD estimate = 1.406


Trial 5: baseline Stimulus Selection
Stimulus: 0.010
Output value -0.324

Q+ parameters
slope: 0.043 semiSat: 0.780 beta: 1.125 sigma: 0.114 
maxBOLD estimate = 1.582


Trial 6: maxBOLD Stimulus Selection
Stimulus: 1.000
Output value 1.411

Q+ parameters
slope: 0.043 semiSat: 0.780 beta: 0.969 sigma: 0.062 
maxBOLD estimate = 1.780


Trial 7: qplus Stimulus Selection
Stimulus: 0.629
Output value 1.097

Q+ parameters
slope: 0.070 semiSat: 0.450 beta: 0.875 sigma: 0.062 
maxBOLD estimate = 1.724


Trial 8: qplus Stimulus Selection
Stimulus: 0.381
Output value 0.240

Q+ parameters
slope: 0.183 semiSat: 0.450 beta: 0.875 sigma: 0.062 
maxBOLD estimate = 1.509


Trial 9: qplus Stimulus Selection
Stimulus: 0.505
Output value 1.080

Q+ parameters
slope: 0.113 semiSat: 0.560 beta: 1.500 sigma: 0.062 
maxBOLD estimate = 1.320


Trial 10: baseline Stimulus Selection
Stimulus: 0.010
Output value 0.135

Q+ parameters
slope: 0.113 semiSat: 0.560 beta: 0.750 sigma: 0.062 
maxBOLD estimate = 1.980


Trial 11: qplus Stimulus Selection
Stimulus: 0.670
Output value 2.025

Q+ parameters
slope: 0.113 semiSat: 0.560 beta: 1.250 sigma: 0.114 
maxBOLD estimate = 1.485


Trial 12: qplus Stimulus Selection
Stimulus: 0.505
Output value 0.127

Q+ parameters
slope: 0.234 semiSat: 0.560 beta: 0.750 sigma: 0.062 
maxBOLD estimate = 1.856


Trial 13: qplus Stimulus Selection
Stimulus: 0.629
Output value 1.740

Q+ parameters
slope: 0.144 semiSat: 0.560 beta: 1.250 sigma: 0.062 
maxBOLD estimate = 1.392


Trial 14: qplus Stimulus Selection
Stimulus: 0.505
Output value 0.297

Q+ parameters
slope: 0.144 semiSat: 0.560 beta: 0.938 sigma: 0.062 
maxBOLD estimate = 1.740


Trial 15: maxBOLD Stimulus Selection
Stimulus: 1.000
Output value 1.251

Q+ parameters
slope: 0.144 semiSat: 0.560 beta: 0.938 sigma: 0.062 
maxBOLD estimate = 1.632


Trial 16: qplus Stimulus Selection
Stimulus: 0.505
Output value 0.695

Q+ parameters
slope: 0.183 semiSat: 0.560 beta: 1.000 sigma: 0.114 
maxBOLD estimate = 1.530


Trial 17: qplus Stimulus Selection
Stimulus: 0.588
Output value 1.391

Q+ parameters
slope: 0.183 semiSat: 0.560 beta: 1.000 sigma: 0.114 
maxBOLD estimate = 1.530


Trial 18: qplus Stimulus Selection
Stimulus: 0.588
Output value 1.251

Q+ parameters
slope: 0.183 semiSat: 0.560 beta: 1.000 sigma: 0.114 
maxBOLD estimate = 1.530


Trial 19: qplus Stimulus Selection
Stimulus: 0.505
Output value 1.043

Q+ parameters
slope: 0.144 semiSat: 0.560 beta: 1.250 sigma: 0.114 
maxBOLD estimate = 1.530


Trial 20: baseline Stimulus Selection
Stimulus: 0.010
Output value 0.000

Q+ parameters
slope: 0.144 semiSat: 0.560 beta: 0.750 sigma: 0.062 
maxBOLD estimate = 1.912


Trial 21: qplus Stimulus Selection
Stimulus: 0.423
Output value 0.652

Q+ parameters
slope: 0.144 semiSat: 0.560 beta: 1.250 sigma: 0.114 
maxBOLD estimate = 1.434


Trial 22: qplus Stimulus Selection
Stimulus: 0.629
Output value 1.528

Q+ parameters
slope: 0.144 semiSat: 0.560 beta: 0.938 sigma: 0.114 
maxBOLD estimate = 1.792


Trial 23: qplus Stimulus Selection
Stimulus: 0.464
Output value 0.430

Q+ parameters
slope: 0.144 semiSat: 0.560 beta: 0.938 sigma: 0.114 
maxBOLD estimate = 1.680


Trial 24: qplus Stimulus Selection
Stimulus: 0.423
Output value 0.457

Q+ parameters
slope: 0.089 semiSat: 0.560 beta: 1.062 sigma: 0.114 
maxBOLD estimate = 1.575


Trial 25: maxBOLD Stimulus Selection
Stimulus: 1.000
Output value 1.284

Q+ parameters
slope: 0.144 semiSat: 0.560 beta: 0.938 sigma: 0.114 
maxBOLD estimate = 1.674


Trial 26: qplus Stimulus Selection
Stimulus: 0.670
Output value 1.061

Q+ parameters
slope: 0.089 semiSat: 0.560 beta: 1.062 sigma: 0.114 
maxBOLD estimate = 1.569


Trial 27: qplus Stimulus Selection
Stimulus: 0.423
Output value 0.142

Q+ parameters
slope: 0.144 semiSat: 0.560 beta: 0.938 sigma: 0.114 
maxBOLD estimate = 1.667


Trial 28: qplus Stimulus Selection
Stimulus: 0.670
Output value 1.319

Q+ parameters
slope: 0.113 semiSat: 0.560 beta: 1.031 sigma: 0.114 
maxBOLD estimate = 1.563


Trial 29: qplus Stimulus Selection
Stimulus: 0.670
Output value 1.759

Q+ parameters
slope: 0.183 semiSat: 0.560 beta: 1.000 sigma: 0.114 
maxBOLD estimate = 1.612


Trial 30: baseline Stimulus Selection
Stimulus: 0.010
Output value 0.137

Q+ parameters
slope: 0.144 semiSat: 0.560 beta: 0.938 sigma: 0.114 
maxBOLD estimate = 1.612


Trial 31: qplus Stimulus Selection
Stimulus: 0.505
Output value 0.687

Q+ parameters
slope: 0.144 semiSat: 0.560 beta: 1.250 sigma: 0.114 
maxBOLD estimate = 1.511


Trial 32: qplus Stimulus Selection
Stimulus: 0.588
Output value 0.644

Q+ parameters
slope: 0.234 semiSat: 0.560 beta: 0.750 sigma: 0.062 
maxBOLD estimate = 1.889


Trial 33: qplus Stimulus Selection
Stimulus: 0.546
Output value 1.288

Q+ parameters
slope: 0.144 semiSat: 0.560 beta: 1.250 sigma: 0.114 
maxBOLD estimate = 1.417


Trial 34: qplus Stimulus Selection
Stimulus: 0.588
Output value 1.358

Q+ parameters
slope: 0.183 semiSat: 0.560 beta: 0.938 sigma: 0.114 
maxBOLD estimate = 1.771


Trial 35: maxBOLD Stimulus Selection
Stimulus: 1.000
Output value 1.415

Q+ parameters
slope: 0.183 semiSat: 0.560 beta: 0.938 sigma: 0.114 
maxBOLD estimate = 1.660


Trial 36: qplus Stimulus Selection
Stimulus: 0.711
Output value 1.751

Q+ parameters
slope: 0.183 semiSat: 0.560 beta: 1.031 sigma: 0.114 
maxBOLD estimate = 1.557


Trial 37: qplus Stimulus Selection
Stimulus: 0.629
Output value 1.354

Q+ parameters
slope: 0.183 semiSat: 0.560 beta: 1.031 sigma: 0.114 
maxBOLD estimate = 1.605


Trial 38: qplus Stimulus Selection
Stimulus: 0.629
Output value 1.129

Q+ parameters
slope: 0.183 semiSat: 0.560 beta: 0.938 sigma: 0.114 
maxBOLD estimate = 1.655


Trial 39: qplus Stimulus Selection
Stimulus: 0.588
Output value 1.018

Q+ parameters
slope: 0.183 semiSat: 0.560 beta: 1.031 sigma: 0.114 
maxBOLD estimate = 1.552


Trial 40: baseline Stimulus Selection
Stimulus: 0.010
Output value 0.136

Q+ parameters
slope: 0.183 semiSat: 0.560 beta: 0.938 sigma: 0.114 
maxBOLD estimate = 1.600


Trial 41: qplus Stimulus Selection
Stimulus: 0.588
Output value 1.266

Q+ parameters
slope: 0.183 semiSat: 0.560 beta: 1.031 sigma: 0.114 
maxBOLD estimate = 1.500


Trial 42: qplus Stimulus Selection
Stimulus: 0.505
Output value 0.725

Q+ parameters
slope: 0.183 semiSat: 0.560 beta: 1.031 sigma: 0.114 
maxBOLD estimate = 1.547


Trial 43: qplus Stimulus Selection
Stimulus: 0.629
Output value 1.496

Q+ parameters
slope: 0.183 semiSat: 0.560 beta: 1.031 sigma: 0.114 
maxBOLD estimate = 1.596


Trial 44: qplus Stimulus Selection
Stimulus: 0.629
Output value 1.683

Q+ parameters
slope: 0.183 semiSat: 0.560 beta: 0.938 sigma: 0.114 
maxBOLD estimate = 1.645


Trial 45: maxBOLD Stimulus Selection
Stimulus: 1.000
Output value 1.735

Q+ parameters
slope: 0.183 semiSat: 0.560 beta: 1.031 sigma: 0.114 
maxBOLD estimate = 1.543


Trial 46: qplus Stimulus Selection
Stimulus: 0.505
Output value 0.895

Q+ parameters
slope: 0.183 semiSat: 0.560 beta: 1.031 sigma: 0.114 
maxBOLD estimate = 1.591


Trial 47: qplus Stimulus Selection
Stimulus: 0.711
Output value 1.538

Q+ parameters
slope: 0.183 semiSat: 0.560 beta: 0.938 sigma: 0.114 
maxBOLD estimate = 1.641


Trial 48: qplus Stimulus Selection
Stimulus: 0.629
Output value 1.298

Q+ parameters
slope: 0.183 semiSat: 0.560 beta: 1.031 sigma: 0.114 
maxBOLD estimate = 1.538


Trial 49: qplus Stimulus Selection
Stimulus: 0.505
Output value 0.446

Q+ parameters
slope: 0.183 semiSat: 0.560 beta: 1.031 sigma: 0.114 
maxBOLD estimate = 1.586


Trial 50: baseline Stimulus Selection
Stimulus: 0.010
Output value -0.153

Q+ parameters
slope: 0.183 semiSat: 0.560 beta: 1.031 sigma: 0.114 
maxBOLD estimate = 1.636


Trial 51: qplus Stimulus Selection
Stimulus: 0.629
Output value 1.150

Q+ parameters
slope: 0.183 semiSat: 0.560 beta: 0.938 sigma: 0.114 
maxBOLD estimate = 1.687


Trial 52: qplus Stimulus Selection
Stimulus: 0.588
Output value 0.889

Q+ parameters
slope: 0.183 semiSat: 0.560 beta: 1.031 sigma: 0.114 
maxBOLD estimate = 1.581


Trial 53: qplus Stimulus Selection
Stimulus: 0.711
Output value 1.376

Q+ parameters
slope: 0.183 semiSat: 0.560 beta: 1.031 sigma: 0.114 
maxBOLD estimate = 1.631


Trial 54: qplus Stimulus Selection
Stimulus: 0.629
Output value 1.003

Q+ parameters
slope: 0.183 semiSat: 0.560 beta: 0.938 sigma: 0.114 
maxBOLD estimate = 1.682


Trial 55: maxBOLD Stimulus Selection
Stimulus: 1.000
Output value 1.035

Q+ parameters
slope: 0.183 semiSat: 0.560 beta: 1.031 sigma: 0.114 
maxBOLD estimate = 1.577


Trial 56: qplus Stimulus Selection
Stimulus: 0.629
Output value 0.831

Q+ parameters
slope: 0.183 semiSat: 0.560 beta: 0.938 sigma: 0.114 
maxBOLD estimate = 1.626


Trial 57: qplus Stimulus Selection
Stimulus: 0.588
Output value 1.286

Q+ parameters
slope: 0.183 semiSat: 0.560 beta: 1.031 sigma: 0.114 
maxBOLD estimate = 1.524


Trial 58: qplus Stimulus Selection
Stimulus: 0.505
Output value 0.295

Q+ parameters
slope: 0.183 semiSat: 0.560 beta: 1.031 sigma: 0.114 
maxBOLD estimate = 1.572


Trial 59: qplus Stimulus Selection
Stimulus: 0.629
Output value 0.967

Q+ parameters
slope: 0.183 semiSat: 0.560 beta: 0.938 sigma: 0.114 
maxBOLD estimate = 1.621


Trial 60: baseline Stimulus Selection
Stimulus: 0.010
Output value 0.000

Q+ parameters
slope: 0.183 semiSat: 0.560 beta: 1.031 sigma: 0.114 
maxBOLD estimate = 1.520


Trial 61: qplus Stimulus Selection
Stimulus: 0.505
Output value 0.147

Q+ parameters
slope: 0.183 semiSat: 0.560 beta: 1.031 sigma: 0.114 
maxBOLD estimate = 1.567


Trial 62: qplus Stimulus Selection
Stimulus: 0.629
Output value 1.102

Q+ parameters
slope: 0.183 semiSat: 0.560 beta: 0.938 sigma: 0.114 
maxBOLD estimate = 1.616


Trial 63: qplus Stimulus Selection
Stimulus: 0.588
Output value 0.852

Q+ parameters
slope: 0.183 semiSat: 0.560 beta: 1.031 sigma: 0.114 
maxBOLD estimate = 1.515


Trial 64: qplus Stimulus Selection
Stimulus: 0.711
Output value 1.758

Q+ parameters
slope: 0.183 semiSat: 0.560 beta: 1.031 sigma: 0.114 
maxBOLD estimate = 1.562


Trial 65: maxBOLD Stimulus Selection
Stimulus: 1.000
Output value 1.511

Q+ parameters
slope: 0.183 semiSat: 0.560 beta: 1.031 sigma: 0.114 
maxBOLD estimate = 1.611


Trial 66: qplus Stimulus Selection
Stimulus: 0.629
Output value 1.416

Q+ parameters
slope: 0.183 semiSat: 0.560 beta: 0.938 sigma: 0.114 
maxBOLD estimate = 1.662


Trial 67: qplus Stimulus Selection
Stimulus: 0.588
Output value 1.314

Q+ parameters
slope: 0.183 semiSat: 0.560 beta: 1.031 sigma: 0.114 
maxBOLD estimate = 1.558


Trial 68: qplus Stimulus Selection
Stimulus: 0.629
Output value 0.904

Q+ parameters
slope: 0.183 semiSat: 0.560 beta: 1.031 sigma: 0.114 
maxBOLD estimate = 1.606


Trial 69: qplus Stimulus Selection
Stimulus: 0.629
Output value 1.271

Q+ parameters
slope: 0.183 semiSat: 0.560 beta: 0.938 sigma: 0.114 
maxBOLD estimate = 1.657


Trial 70: baseline Stimulus Selection
Stimulus: 0.010
Output value -0.146

Q+ parameters
slope: 0.183 semiSat: 0.560 beta: 1.031 sigma: 0.114 
maxBOLD estimate = 1.553


Trial 71: qplus Stimulus Selection
Stimulus: 0.711
Output value 1.502

Q+ parameters
slope: 0.183 semiSat: 0.560 beta: 1.031 sigma: 0.114 
maxBOLD estimate = 1.602


Trial 72: qplus Stimulus Selection
Stimulus: 0.629
Output value 1.548

Q+ parameters
slope: 0.183 semiSat: 0.560 beta: 0.938 sigma: 0.114 
maxBOLD estimate = 1.652


Trial 73: qplus Stimulus Selection
Stimulus: 0.588
Output value 1.161

Q+ parameters
slope: 0.183 semiSat: 0.560 beta: 1.031 sigma: 0.114 
maxBOLD estimate = 1.548


Trial 74: qplus Stimulus Selection
Stimulus: 0.505
Output value 0.749

Q+ parameters
slope: 0.183 semiSat: 0.560 beta: 1.031 sigma: 0.114 
maxBOLD estimate = 1.597


Trial 75: maxBOLD Stimulus Selection
Stimulus: 1.000
Output value 1.698

Q+ parameters
slope: 0.183 semiSat: 0.560 beta: 1.031 sigma: 0.114 
maxBOLD estimate = 1.647


Trial 76: qplus Stimulus Selection
Stimulus: 0.629
Output value 1.303

Q+ parameters
slope: 0.183 semiSat: 0.560 beta: 0.938 sigma: 0.114 
maxBOLD estimate = 1.698


Trial 77: qplus Stimulus Selection
Stimulus: 0.588
Output value 1.194

Q+ parameters
slope: 0.183 semiSat: 0.560 beta: 1.031 sigma: 0.114 
maxBOLD estimate = 1.592


Trial 78: qplus Stimulus Selection
Stimulus: 0.711
Output value 1.847

Q+ parameters
slope: 0.183 semiSat: 0.560 beta: 1.031 sigma: 0.114 
maxBOLD estimate = 1.642


Trial 79: qplus Stimulus Selection
Stimulus: 0.629
Output value 1.342

Q+ parameters
slope: 0.183 semiSat: 0.560 beta: 0.969 sigma: 0.114 
maxBOLD estimate = 1.693


Trial 80: baseline Stimulus Selection
Stimulus: 0.010
Output value 0.419

Q+ parameters
slope: 0.183 semiSat: 0.560 beta: 0.938 sigma: 0.114 
maxBOLD estimate = 1.640


Trial 81: qplus Stimulus Selection
Stimulus: 0.588
Output value 1.153

Q+ parameters
slope: 0.183 semiSat: 0.560 beta: 1.031 sigma: 0.114 
maxBOLD estimate = 1.538


Trial 82: qplus Stimulus Selection
Stimulus: 0.505
Output value 0.743

Q+ parameters
slope: 0.183 semiSat: 0.560 beta: 1.031 sigma: 0.114 
maxBOLD estimate = 1.586


Trial 83: qplus Stimulus Selection
Stimulus: 0.711
Output value 1.296

Q+ parameters
slope: 0.183 semiSat: 0.560 beta: 0.969 sigma: 0.114 
maxBOLD estimate = 1.635


Trial 84: qplus Stimulus Selection
Stimulus: 0.381
Output value 0.297

Q+ parameters
slope: 0.183 semiSat: 0.560 beta: 1.031 sigma: 0.114 
maxBOLD estimate = 1.584


Trial 85: maxBOLD Stimulus Selection
Stimulus: 1.000
Output value 1.225

Q+ parameters
slope: 0.183 semiSat: 0.560 beta: 1.031 sigma: 0.114 
maxBOLD estimate = 1.634


Trial 86: qplus Stimulus Selection
Stimulus: 0.629
Output value 1.149

Q+ parameters
slope: 0.183 semiSat: 0.560 beta: 0.938 sigma: 0.114 
maxBOLD estimate = 1.685


Trial 87: qplus Stimulus Selection
Stimulus: 0.588
Output value 0.444

Q+ parameters
slope: 0.183 semiSat: 0.560 beta: 1.031 sigma: 0.114 
maxBOLD estimate = 1.580


Trial 88: qplus Stimulus Selection
Stimulus: 0.629
Output value 0.833

Q+ parameters
slope: 0.183 semiSat: 0.560 beta: 0.938 sigma: 0.114 
maxBOLD estimate = 1.629


Trial 89: qplus Stimulus Selection
Stimulus: 0.588
Output value 0.573

Q+ parameters
slope: 0.183 semiSat: 0.560 beta: 1.031 sigma: 0.114 
maxBOLD estimate = 1.527


Trial 90: baseline Stimulus Selection
Stimulus: 0.010
Output value 0.295

Q+ parameters
slope: 0.183 semiSat: 0.560 beta: 1.031 sigma: 0.114 
maxBOLD estimate = 1.575


Trial 91: qplus Stimulus Selection
Stimulus: 0.629
Output value 1.246

Q+ parameters
slope: 0.183 semiSat: 0.560 beta: 0.938 sigma: 0.114 
maxBOLD estimate = 1.624


Trial 92: qplus Stimulus Selection
Stimulus: 0.588
Output value 0.571

Q+ parameters
slope: 0.183 semiSat: 0.560 beta: 1.031 sigma: 0.114 
maxBOLD estimate = 1.522


Trial 93: qplus Stimulus Selection
Stimulus: 0.711
Output value 1.472

Q+ parameters
slope: 0.183 semiSat: 0.560 beta: 1.031 sigma: 0.114 
maxBOLD estimate = 1.570


Trial 94: qplus Stimulus Selection
Stimulus: 0.629
Output value 0.966

Q+ parameters
slope: 0.183 semiSat: 0.560 beta: 0.938 sigma: 0.114 
maxBOLD estimate = 1.619


Trial 95: maxBOLD Stimulus Selection
Stimulus: 1.000
Output value 1.708

Q+ parameters
slope: 0.183 semiSat: 0.560 beta: 1.031 sigma: 0.114 
maxBOLD estimate = 1.518


Trial 96: qplus Stimulus Selection
Stimulus: 0.505
Output value 0.147

Q+ parameters
slope: 0.183 semiSat: 0.560 beta: 1.031 sigma: 0.114 
maxBOLD estimate = 1.565


Trial 97: qplus Stimulus Selection
Stimulus: 0.629
Output value 0.825

Q+ parameters
slope: 0.183 semiSat: 0.560 beta: 0.938 sigma: 0.114 
maxBOLD estimate = 1.614


Trial 98: qplus Stimulus Selection
Stimulus: 0.588
Output value 1.277

Q+ parameters
slope: 0.183 semiSat: 0.560 beta: 1.031 sigma: 0.114 
maxBOLD estimate = 1.513


Trial 99: qplus Stimulus Selection
Stimulus: 0.505
Output value 0.585

Q+ parameters
slope: 0.183 semiSat: 0.560 beta: 1.031 sigma: 0.114 
maxBOLD estimate = 1.561


Trial 100: baseline Stimulus Selection
Stimulus: 0.010
Output value 0.274

Q+ parameters
slope: 0.183 semiSat: 0.560 beta: 0.938 sigma: 0.114 
maxBOLD estimate = 1.609

--------------------------------------------------------------
FINAL VALUES
--------------------------------------------------------------
Simulated parameters:              slope: 0.200 semiSat: 0.570 beta: 1.000 sigma: 0.100 
Max posterior QUEST+ parameters:   slope: 0.183 semiSat: 0.560 beta: 1.031 sigma: 0.114 
Max BADS parameters:               slope: 0.178 semiSat: 0.564 beta: 1.000 sigma: 0.110 
maxBOLD estimate: 1.503
