/blue/stevenweisberg/stevenweisberg/MATLAB/projects/Weisberg_Aguirre_2020/scripts/run_sims
c0700a-s3.ufhpc
Wed Apr  7 04:05:48 EDT 2021
mkdir: cannot create directory ‘/blue/stevenweisberg/stevenweisberg/qpfMRIResults/model_parameter_set2/’: File exists
cp: cannot stat ‘/blue/stevenweisberg/stevenweisberg/qpfMRIResults/deploy_sim.sh’: No such file or directory
cp: cannot stat ‘/blue/stevenweisberg/stevenweisberg/qpfMRIResults/sim_wrapper.sh’: No such file or directory
------------------------------------------
Setting up environment variables
---
LD_LIBRARY_PATH is .:/apps/matlab/mcr/2020b/v99/runtime/glnxa64:/apps/matlab/mcr/2020b/v99/bin/glnxa64:/apps/matlab/mcr/2020b/v99/sys/os/glnxa64:/apps/matlab/mcr/2020b/v99/sys/opengl/lib/glnxa64
Warning: Executing startup failed in matlabrc.
This indicates a potentially serious problem in your MATLAB setup, which should be resolved as soon as possible.  Error detected was:
MATLAB:mpath:PathAlterationNotSupported
Modifying the search path is not supported by MATLAB Compiler. Remove functions that modify the search path from your MATLAB code. To make files visible to your deployed application, add the parent folder to your MATLAB session.
Warning: No stimulus domain specified. Defaulting to values between 0.01 and 1.
> In qpfmriParams (line 182)
In compiledSimulate (line 205)
Stimulus domain added from input.
Parameter slope specified as 0.20000
Parameter semiSat specified as 0.57000
Parameter beta specified as 1.00000
Parameter sigma specified as 0.10000
seed = 99seed = 104seed = 111seed = 111seed = 115seed = 101Initializing Q+. This may take a minute...
Elapsed time is 7.211237 seconds.
Simulated parameters:
slope: 0.200 semiSat: 0.570 beta: 1.000 sigma: 0.100 

Trial 1: baseline Stimulus Selection
Stimulus: 0.010
Output value 0.000

Q+ parameters
slope: 0.026 semiSat: 0.890 beta: 0.500 sigma: 0.010 
maxBOLD estimate = 1.000


Trial 2: maxBOLD Stimulus Selection
Stimulus: 1.000
Output value 1.364

Q+ parameters
slope: 0.055 semiSat: 0.670 beta: 1.250 sigma: 0.010 
maxBOLD estimate = 1.000


Trial 3: baseline Stimulus Selection
Stimulus: 0.010
Output value -0.284

Q+ parameters
slope: 0.055 semiSat: 0.670 beta: 1.250 sigma: 0.166 
maxBOLD estimate = 1.250


Trial 4: maxBOLD Stimulus Selection
Stimulus: 1.000
Output value 1.278

Q+ parameters
slope: 0.043 semiSat: 0.780 beta: 1.125 sigma: 0.062 
maxBOLD estimate = 1.562


Trial 5: baseline Stimulus Selection
Stimulus: 0.010
Output value -0.200

Q+ parameters
slope: 0.043 semiSat: 0.780 beta: 1.250 sigma: 0.114 
maxBOLD estimate = 1.758


Trial 6: maxBOLD Stimulus Selection
Stimulus: 1.000
Output value 1.998

Q+ parameters
slope: 0.034 semiSat: 1.000 beta: 1.250 sigma: 0.062 
maxBOLD estimate = 2.197


Trial 7: qplus Stimulus Selection
Stimulus: 0.711
Output value 0.499

Q+ parameters
slope: 0.043 semiSat: 0.560 beta: 0.500 sigma: 0.062 
maxBOLD estimate = 2.747


Trial 8: qplus Stimulus Selection
Stimulus: 0.505
Output value -0.242

Q+ parameters
slope: 0.234 semiSat: 0.670 beta: 0.969 sigma: 0.114 
maxBOLD estimate = 1.373


Trial 9: qplus Stimulus Selection
Stimulus: 0.629
Output value 0.586

Q+ parameters
slope: 0.234 semiSat: 0.670 beta: 0.969 sigma: 0.114 
maxBOLD estimate = 1.330


Trial 10: baseline Stimulus Selection
Stimulus: 0.010
Output value -0.351

Q+ parameters
slope: 0.144 semiSat: 0.670 beta: 1.500 sigma: 0.114 
maxBOLD estimate = 1.289


Trial 11: qplus Stimulus Selection
Stimulus: 0.588
Output value 0.615

Q+ parameters
slope: 0.113 semiSat: 0.670 beta: 0.875 sigma: 0.062 
maxBOLD estimate = 1.933


Trial 12: qplus Stimulus Selection
Stimulus: 0.794
Output value 1.211

Q+ parameters
slope: 0.113 semiSat: 0.670 beta: 0.875 sigma: 0.062 
maxBOLD estimate = 1.692


Trial 13: qplus Stimulus Selection
Stimulus: 0.588
Output value 1.413

Q+ parameters
slope: 0.616 semiSat: 0.560 beta: 0.875 sigma: 0.166 
maxBOLD estimate = 1.480


Trial 14: qplus Stimulus Selection
Stimulus: 0.505
Output value 0.530

Q+ parameters
slope: 0.113 semiSat: 0.670 beta: 1.500 sigma: 0.166 
maxBOLD estimate = 1.295


Trial 15: maxBOLD Stimulus Selection
Stimulus: 1.000
Output value 0.927

Q+ parameters
slope: 0.183 semiSat: 0.560 beta: 0.750 sigma: 0.114 
maxBOLD estimate = 1.943


Trial 16: qplus Stimulus Selection
Stimulus: 0.670
Output value 1.589

Q+ parameters
slope: 0.113 semiSat: 0.670 beta: 1.500 sigma: 0.114 
maxBOLD estimate = 1.457


Trial 17: qplus Stimulus Selection
Stimulus: 0.629
Output value 0.894

Q+ parameters
slope: 0.070 semiSat: 0.560 beta: 0.750 sigma: 0.114 
maxBOLD estimate = 2.185


Trial 18: qplus Stimulus Selection
Stimulus: 0.711
Output value 1.304

Q+ parameters
slope: 0.234 semiSat: 0.560 beta: 0.875 sigma: 0.114 
maxBOLD estimate = 1.639


Trial 19: qplus Stimulus Selection
Stimulus: 0.505
Output value 0.391

Q+ parameters
slope: 0.144 semiSat: 0.560 beta: 1.000 sigma: 0.114 
maxBOLD estimate = 1.434


Trial 20: baseline Stimulus Selection
Stimulus: 0.010
Output value -0.130

Q+ parameters
slope: 0.144 semiSat: 0.560 beta: 1.000 sigma: 0.114 
maxBOLD estimate = 1.434


Trial 21: qplus Stimulus Selection
Stimulus: 0.505
Output value 1.467

Q+ parameters
slope: 0.113 semiSat: 0.560 beta: 1.125 sigma: 0.166 
maxBOLD estimate = 1.434


Trial 22: qplus Stimulus Selection
Stimulus: 0.464
Output value 0.257

Q+ parameters
slope: 0.113 semiSat: 0.560 beta: 0.875 sigma: 0.114 
maxBOLD estimate = 1.613


Trial 23: qplus Stimulus Selection
Stimulus: 0.629
Output value 1.636

Q+ parameters
slope: 0.183 semiSat: 0.560 beta: 1.062 sigma: 0.166 
maxBOLD estimate = 1.412


Trial 24: qplus Stimulus Selection
Stimulus: 0.505
Output value 0.384

Q+ parameters
slope: 0.144 semiSat: 0.560 beta: 0.938 sigma: 0.114 
maxBOLD estimate = 1.500


Trial 25: maxBOLD Stimulus Selection
Stimulus: 1.000
Output value 1.630

Q+ parameters
slope: 0.183 semiSat: 0.560 beta: 1.062 sigma: 0.166 
maxBOLD estimate = 1.406


Trial 26: qplus Stimulus Selection
Stimulus: 0.505
Output value 0.127

Q+ parameters
slope: 0.144 semiSat: 0.560 beta: 0.938 sigma: 0.114 
maxBOLD estimate = 1.494


Trial 27: qplus Stimulus Selection
Stimulus: 0.629
Output value 1.273

Q+ parameters
slope: 0.183 semiSat: 0.560 beta: 1.000 sigma: 0.114 
maxBOLD estimate = 1.401


Trial 28: qplus Stimulus Selection
Stimulus: 0.505
Output value 0.000

Q+ parameters
slope: 0.183 semiSat: 0.560 beta: 1.062 sigma: 0.166 
maxBOLD estimate = 1.401


Trial 29: qplus Stimulus Selection
Stimulus: 0.588
Output value 0.888

Q+ parameters
slope: 0.144 semiSat: 0.560 beta: 0.938 sigma: 0.114 
maxBOLD estimate = 1.488


Trial 30: baseline Stimulus Selection
Stimulus: 0.010
Output value 0.000

Q+ parameters
slope: 0.183 semiSat: 0.560 beta: 1.000 sigma: 0.114 
maxBOLD estimate = 1.395


Trial 31: qplus Stimulus Selection
Stimulus: 0.505
Output value -0.246

Q+ parameters
slope: 0.234 semiSat: 0.560 beta: 0.969 sigma: 0.166 
maxBOLD estimate = 1.395


Trial 32: qplus Stimulus Selection
Stimulus: 0.505
Output value 0.369

Q+ parameters
slope: 0.183 semiSat: 0.560 beta: 1.000 sigma: 0.114 
maxBOLD estimate = 1.352


Trial 33: qplus Stimulus Selection
Stimulus: 0.505
Output value 0.492

Q+ parameters
slope: 0.183 semiSat: 0.560 beta: 1.000 sigma: 0.114 
maxBOLD estimate = 1.352


Trial 34: qplus Stimulus Selection
Stimulus: 0.505
Output value 0.000

Q+ parameters
slope: 0.183 semiSat: 0.560 beta: 1.000 sigma: 0.114 
maxBOLD estimate = 1.352


Trial 35: maxBOLD Stimulus Selection
Stimulus: 1.000
Output value 1.567

Q+ parameters
slope: 0.183 semiSat: 0.560 beta: 1.062 sigma: 0.114 
maxBOLD estimate = 1.352


Trial 36: qplus Stimulus Selection
Stimulus: 0.588
Output value 0.416

Q+ parameters
slope: 0.183 semiSat: 0.560 beta: 1.062 sigma: 0.166 
maxBOLD estimate = 1.436


Trial 37: qplus Stimulus Selection
Stimulus: 0.588
Output value 0.607

Q+ parameters
slope: 0.234 semiSat: 0.560 beta: 0.875 sigma: 0.114 
maxBOLD estimate = 1.526


Trial 38: qplus Stimulus Selection
Stimulus: 0.670
Output value 0.645

Q+ parameters
slope: 0.183 semiSat: 0.560 beta: 1.062 sigma: 0.166 
maxBOLD estimate = 1.335


Trial 39: qplus Stimulus Selection
Stimulus: 0.629
Output value 0.875

Q+ parameters
slope: 0.144 semiSat: 0.560 beta: 0.969 sigma: 0.114 
maxBOLD estimate = 1.419


Trial 40: baseline Stimulus Selection
Stimulus: 0.010
Output value -0.133

Q+ parameters
slope: 0.183 semiSat: 0.560 beta: 1.062 sigma: 0.166 
maxBOLD estimate = 1.374


Trial 41: qplus Stimulus Selection
Stimulus: 0.588
Output value 0.257

Q+ parameters
slope: 0.144 semiSat: 0.560 beta: 0.969 sigma: 0.114 
maxBOLD estimate = 1.460


Trial 42: qplus Stimulus Selection
Stimulus: 0.588
Output value 0.956

Q+ parameters
slope: 0.183 semiSat: 0.560 beta: 1.062 sigma: 0.166 
maxBOLD estimate = 1.415


Trial 43: qplus Stimulus Selection
Stimulus: 0.588
Output value 0.410

Q+ parameters
slope: 0.089 semiSat: 0.670 beta: 1.500 sigma: 0.114 
maxBOLD estimate = 1.503


Trial 44: qplus Stimulus Selection
Stimulus: 0.794
Output value 0.922

Q+ parameters
slope: 0.070 semiSat: 0.670 beta: 0.750 sigma: 0.114 
maxBOLD estimate = 2.255


Trial 45: maxBOLD Stimulus Selection
Stimulus: 1.000
Output value 1.691

Q+ parameters
slope: 0.089 semiSat: 0.670 beta: 1.000 sigma: 0.114 
maxBOLD estimate = 1.691


Trial 46: qplus Stimulus Selection
Stimulus: 0.959
Output value 0.922

Q+ parameters
slope: 0.234 semiSat: 0.560 beta: 0.750 sigma: 0.114 
maxBOLD estimate = 1.691


Trial 47: qplus Stimulus Selection
Stimulus: 0.670
Output value 1.347

Q+ parameters
slope: 0.183 semiSat: 0.560 beta: 1.062 sigma: 0.166 
maxBOLD estimate = 1.268


Trial 48: qplus Stimulus Selection
Stimulus: 0.505
Output value 0.000

Q+ parameters
slope: 0.183 semiSat: 0.560 beta: 1.062 sigma: 0.166 
maxBOLD estimate = 1.347


Trial 49: qplus Stimulus Selection
Stimulus: 0.629
Output value 0.390

Q+ parameters
slope: 0.089 semiSat: 0.670 beta: 1.500 sigma: 0.166 
maxBOLD estimate = 1.432


Trial 50: baseline Stimulus Selection
Stimulus: 0.010
Output value 0.000

Q+ parameters
slope: 0.070 semiSat: 0.670 beta: 0.750 sigma: 0.114 
maxBOLD estimate = 2.147


Trial 51: qplus Stimulus Selection
Stimulus: 0.753
Output value 1.409

Q+ parameters
slope: 0.113 semiSat: 0.560 beta: 0.875 sigma: 0.114 
maxBOLD estimate = 1.611


Trial 52: qplus Stimulus Selection
Stimulus: 0.670
Output value 2.306

Q+ parameters
slope: 0.089 semiSat: 0.670 beta: 1.500 sigma: 0.166 
maxBOLD estimate = 1.409


Trial 53: qplus Stimulus Selection
Stimulus: 0.588
Output value 0.577

Q+ parameters
slope: 0.070 semiSat: 0.560 beta: 0.750 sigma: 0.114 
maxBOLD estimate = 2.114


Trial 54: qplus Stimulus Selection
Stimulus: 0.711
Output value 1.135

Q+ parameters
slope: 0.144 semiSat: 0.560 beta: 0.875 sigma: 0.114 
maxBOLD estimate = 1.585


Trial 55: maxBOLD Stimulus Selection
Stimulus: 1.000
Output value 2.270

Q+ parameters
slope: 0.089 semiSat: 0.670 beta: 1.500 sigma: 0.166 
maxBOLD estimate = 1.387


Trial 56: qplus Stimulus Selection
Stimulus: 0.588
Output value 0.993

Q+ parameters
slope: 0.070 semiSat: 0.560 beta: 0.750 sigma: 0.114 
maxBOLD estimate = 2.081


Trial 57: qplus Stimulus Selection
Stimulus: 0.711
Output value 1.596

Q+ parameters
slope: 0.144 semiSat: 0.560 beta: 0.938 sigma: 0.114 
maxBOLD estimate = 1.561


Trial 58: qplus Stimulus Selection
Stimulus: 0.546
Output value 0.644

Q+ parameters
slope: 0.144 semiSat: 0.560 beta: 0.969 sigma: 0.114 
maxBOLD estimate = 1.463


Trial 59: qplus Stimulus Selection
Stimulus: 0.588
Output value 1.095

Q+ parameters
slope: 0.183 semiSat: 0.560 beta: 1.062 sigma: 0.166 
maxBOLD estimate = 1.417


Trial 60: baseline Stimulus Selection
Stimulus: 0.010
Output value 0.616

Q+ parameters
slope: 0.089 semiSat: 0.670 beta: 1.500 sigma: 0.166 
maxBOLD estimate = 1.506


Trial 61: qplus Stimulus Selection
Stimulus: 0.629
Output value 1.232

Q+ parameters
slope: 0.070 semiSat: 0.670 beta: 0.750 sigma: 0.114 
maxBOLD estimate = 2.259


Trial 62: qplus Stimulus Selection
Stimulus: 1.000
Output value 1.155

Q+ parameters
slope: 0.234 semiSat: 0.560 beta: 0.750 sigma: 0.114 
maxBOLD estimate = 1.694


Trial 63: qplus Stimulus Selection
Stimulus: 1.000
Output value 1.473

Q+ parameters
slope: 0.183 semiSat: 0.560 beta: 1.062 sigma: 0.166 
maxBOLD estimate = 1.271


Trial 64: qplus Stimulus Selection
Stimulus: 0.505
Output value 0.261

Q+ parameters
slope: 0.183 semiSat: 0.560 beta: 1.062 sigma: 0.166 
maxBOLD estimate = 1.350


Trial 65: maxBOLD Stimulus Selection
Stimulus: 1.000
Output value 1.516

Q+ parameters
slope: 0.144 semiSat: 0.560 beta: 0.969 sigma: 0.114 
maxBOLD estimate = 1.434


Trial 66: qplus Stimulus Selection
Stimulus: 0.588
Output value 1.208

Q+ parameters
slope: 0.183 semiSat: 0.560 beta: 1.062 sigma: 0.166 
maxBOLD estimate = 1.390


Trial 67: qplus Stimulus Selection
Stimulus: 0.505
Output value 0.520

Q+ parameters
slope: 0.144 semiSat: 0.560 beta: 0.969 sigma: 0.114 
maxBOLD estimate = 1.476


Trial 68: qplus Stimulus Selection
Stimulus: 0.588
Output value 0.756

Q+ parameters
slope: 0.144 semiSat: 0.560 beta: 0.969 sigma: 0.114 
maxBOLD estimate = 1.430


Trial 69: qplus Stimulus Selection
Stimulus: 0.588
Output value 1.205

Q+ parameters
slope: 0.183 semiSat: 0.560 beta: 1.062 sigma: 0.166 
maxBOLD estimate = 1.386


Trial 70: baseline Stimulus Selection
Stimulus: 0.010
Output value -0.130

Q+ parameters
slope: 0.144 semiSat: 0.560 beta: 0.969 sigma: 0.114 
maxBOLD estimate = 1.472


Trial 71: qplus Stimulus Selection
Stimulus: 0.588
Output value 0.827

Q+ parameters
slope: 0.183 semiSat: 0.560 beta: 1.062 sigma: 0.166 
maxBOLD estimate = 1.426


Trial 72: qplus Stimulus Selection
Stimulus: 0.588
Output value 1.468

Q+ parameters
slope: 0.144 semiSat: 0.560 beta: 0.969 sigma: 0.166 
maxBOLD estimate = 1.515


Trial 73: qplus Stimulus Selection
Stimulus: 0.588
Output value 1.164

Q+ parameters
slope: 0.144 semiSat: 0.560 beta: 0.969 sigma: 0.114 
maxBOLD estimate = 1.468


Trial 74: qplus Stimulus Selection
Stimulus: 0.588
Output value 1.374

Q+ parameters
slope: 0.183 semiSat: 0.560 beta: 1.062 sigma: 0.166 
maxBOLD estimate = 1.422


Trial 75: maxBOLD Stimulus Selection
Stimulus: 1.000
Output value 1.597

Q+ parameters
slope: 0.144 semiSat: 0.560 beta: 0.969 sigma: 0.114 
maxBOLD estimate = 1.511


Trial 76: qplus Stimulus Selection
Stimulus: 0.588
Output value 0.932

Q+ parameters
slope: 0.144 semiSat: 0.560 beta: 1.000 sigma: 0.114 
maxBOLD estimate = 1.464


Trial 77: qplus Stimulus Selection
Stimulus: 0.629
Output value 1.273

Q+ parameters
slope: 0.183 semiSat: 0.560 beta: 1.062 sigma: 0.114 
maxBOLD estimate = 1.464


Trial 78: qplus Stimulus Selection
Stimulus: 0.505
Output value 0.685

Q+ parameters
slope: 0.144 semiSat: 0.560 beta: 0.969 sigma: 0.114 
maxBOLD estimate = 1.555


Trial 79: qplus Stimulus Selection
Stimulus: 0.588
Output value 1.233

Q+ parameters
slope: 0.144 semiSat: 0.560 beta: 1.000 sigma: 0.114 
maxBOLD estimate = 1.507


Trial 80: baseline Stimulus Selection
Stimulus: 0.010
Output value 0.133

Q+ parameters
slope: 0.144 semiSat: 0.560 beta: 0.969 sigma: 0.114 
maxBOLD estimate = 1.507


Trial 81: qplus Stimulus Selection
Stimulus: 0.588
Output value 1.269

Q+ parameters
slope: 0.183 semiSat: 0.560 beta: 1.062 sigma: 0.166 
maxBOLD estimate = 1.460


Trial 82: qplus Stimulus Selection
Stimulus: 0.505
Output value 0.273

Q+ parameters
slope: 0.144 semiSat: 0.560 beta: 0.969 sigma: 0.114 
maxBOLD estimate = 1.551


Trial 83: qplus Stimulus Selection
Stimulus: 0.588
Output value 0.819

Q+ parameters
slope: 0.144 semiSat: 0.560 beta: 1.000 sigma: 0.114 
maxBOLD estimate = 1.502


Trial 84: qplus Stimulus Selection
Stimulus: 0.381
Output value 0.137

Q+ parameters
slope: 0.144 semiSat: 0.560 beta: 1.000 sigma: 0.114 
maxBOLD estimate = 1.502


Trial 85: maxBOLD Stimulus Selection
Stimulus: 1.000
Output value 1.093

Q+ parameters
slope: 0.144 semiSat: 0.560 beta: 1.000 sigma: 0.114 
maxBOLD estimate = 1.502


Trial 86: qplus Stimulus Selection
Stimulus: 0.381
Output value 0.273

Q+ parameters
slope: 0.144 semiSat: 0.560 beta: 1.000 sigma: 0.114 
maxBOLD estimate = 1.502


Trial 87: qplus Stimulus Selection
Stimulus: 0.381
Output value 0.000

Q+ parameters
slope: 0.144 semiSat: 0.560 beta: 1.000 sigma: 0.114 
maxBOLD estimate = 1.502


Trial 88: qplus Stimulus Selection
Stimulus: 0.381
Output value 0.273

Q+ parameters
slope: 0.144 semiSat: 0.560 beta: 1.000 sigma: 0.114 
maxBOLD estimate = 1.502


Trial 89: qplus Stimulus Selection
Stimulus: 0.381
Output value -0.265

Q+ parameters
slope: 0.183 semiSat: 0.560 beta: 0.969 sigma: 0.114 
maxBOLD estimate = 1.502


Trial 90: baseline Stimulus Selection
Stimulus: 0.010
Output value 0.000

Q+ parameters
slope: 0.183 semiSat: 0.560 beta: 1.062 sigma: 0.166 
maxBOLD estimate = 1.455


Trial 91: qplus Stimulus Selection
Stimulus: 0.505
Output value 0.136

Q+ parameters
slope: 0.183 semiSat: 0.560 beta: 0.969 sigma: 0.114 
maxBOLD estimate = 1.546


Trial 92: qplus Stimulus Selection
Stimulus: 0.381
Output value -0.132

Q+ parameters
slope: 0.183 semiSat: 0.560 beta: 0.969 sigma: 0.114 
maxBOLD estimate = 1.498


Trial 93: qplus Stimulus Selection
Stimulus: 0.505
Output value 0.000

Q+ parameters
slope: 0.183 semiSat: 0.560 beta: 1.062 sigma: 0.166 
maxBOLD estimate = 1.451


Trial 94: qplus Stimulus Selection
Stimulus: 0.505
Output value 0.136

Q+ parameters
slope: 0.183 semiSat: 0.560 beta: 0.969 sigma: 0.114 
maxBOLD estimate = 1.542


Trial 95: maxBOLD Stimulus Selection
Stimulus: 1.000
Output value 1.086

Q+ parameters
slope: 0.234 semiSat: 0.560 beta: 1.000 sigma: 0.114 
maxBOLD estimate = 1.494


Trial 96: qplus Stimulus Selection
Stimulus: 0.546
Output value 0.263

Q+ parameters
slope: 0.234 semiSat: 0.560 beta: 0.969 sigma: 0.114 
maxBOLD estimate = 1.494


Trial 97: qplus Stimulus Selection
Stimulus: 0.546
Output value 0.140

Q+ parameters
slope: 0.183 semiSat: 0.560 beta: 1.062 sigma: 0.166 
maxBOLD estimate = 1.447


Trial 98: qplus Stimulus Selection
Stimulus: 0.505
Output value 0.542

Q+ parameters
slope: 0.183 semiSat: 0.560 beta: 0.969 sigma: 0.114 
maxBOLD estimate = 1.538


Trial 99: qplus Stimulus Selection
Stimulus: 0.546
Output value 0.394

Q+ parameters
slope: 0.234 semiSat: 0.560 beta: 0.969 sigma: 0.114 
maxBOLD estimate = 1.489


Trial 100: baseline Stimulus Selection
Stimulus: 0.010
Output value -0.279

Q+ parameters
slope: 0.298 semiSat: 0.560 beta: 1.062 sigma: 0.166 
maxBOLD estimate = 1.443

--------------------------------------------------------------
FINAL VALUES
--------------------------------------------------------------
Simulated parameters:              slope: 0.200 semiSat: 0.570 beta: 1.000 sigma: 0.100 
Max posterior QUEST+ parameters:   slope: 0.234 semiSat: 0.560 beta: 0.875 sigma: 0.114 
Max BADS parameters:               slope: 0.187 semiSat: 0.579 beta: 1.000 sigma: 0.132 
maxBOLD estimate: 1.620
