/blue/stevenweisberg/stevenweisberg/MATLAB/projects/Weisberg_Aguirre_2020/scripts/run_sims
c0706a-s5.ufhpc
Wed Apr  7 09:20:48 EDT 2021
mkdir: cannot create directory ‘/blue/stevenweisberg/stevenweisberg/qpfMRIResults/model_parameter_set2/’: File exists
cp: cannot stat ‘/blue/stevenweisberg/stevenweisberg/qpfMRIResults/deploy_sim.sh’: No such file or directory
cp: cannot stat ‘/blue/stevenweisberg/stevenweisberg/qpfMRIResults/sim_wrapper.sh’: No such file or directory
------------------------------------------
Setting up environment variables
---
LD_LIBRARY_PATH is .:/apps/matlab/mcr/2020b/v99/runtime/glnxa64:/apps/matlab/mcr/2020b/v99/bin/glnxa64:/apps/matlab/mcr/2020b/v99/sys/os/glnxa64:/apps/matlab/mcr/2020b/v99/sys/opengl/lib/glnxa64
Warning: Executing startup failed in matlabrc.
This indicates a potentially serious problem in your MATLAB setup, which should be resolved as soon as possible.  Error detected was:
MATLAB:mpath:PathAlterationNotSupported
Modifying the search path is not supported by MATLAB Compiler. Remove functions that modify the search path from your MATLAB code. To make files visible to your deployed application, add the parent folder to your MATLAB session.
Warning: No stimulus domain specified. Defaulting to values between 0.01 and 1.
> In qpfmriParams (line 182)
In compiledSimulate (line 205)
Stimulus domain added from input.
Parameter slope specified as 0.20000
Parameter semiSat specified as 0.57000
Parameter beta specified as 1.00000
Parameter sigma specified as 0.10000
seed = 99seed = 104seed = 111seed = 111seed = 115seed = 101Initializing Q+. This may take a minute...
Elapsed time is 7.283672 seconds.
Simulated parameters:
slope: 0.200 semiSat: 0.570 beta: 1.000 sigma: 0.100 

Trial 1: baseline Stimulus Selection
Stimulus: 0.010
Output value 0.000

Q+ parameters
slope: 0.026 semiSat: 0.890 beta: 0.500 sigma: 0.010 
maxBOLD estimate = 1.000


Trial 2: maxBOLD Stimulus Selection
Stimulus: 1.000
Output value 1.364

Q+ parameters
slope: 0.055 semiSat: 0.670 beta: 1.250 sigma: 0.010 
maxBOLD estimate = 1.000


Trial 3: baseline Stimulus Selection
Stimulus: 0.010
Output value 0.128

Q+ parameters
slope: 0.055 semiSat: 0.670 beta: 1.125 sigma: 0.062 
maxBOLD estimate = 1.250


Trial 4: maxBOLD Stimulus Selection
Stimulus: 1.000
Output value 1.726

Q+ parameters
slope: 0.055 semiSat: 0.670 beta: 1.125 sigma: 0.062 
maxBOLD estimate = 1.406


Trial 5: baseline Stimulus Selection
Stimulus: 0.010
Output value -0.162

Q+ parameters
slope: 0.043 semiSat: 0.780 beta: 1.125 sigma: 0.062 
maxBOLD estimate = 1.582


Trial 6: maxBOLD Stimulus Selection
Stimulus: 1.000
Output value 1.254

Q+ parameters
slope: 0.043 semiSat: 0.780 beta: 0.969 sigma: 0.062 
maxBOLD estimate = 1.780


Trial 7: qplus Stimulus Selection
Stimulus: 0.670
Output value 1.058

Q+ parameters
slope: 0.089 semiSat: 0.340 beta: 0.750 sigma: 0.062 
maxBOLD estimate = 1.724


Trial 8: qplus Stimulus Selection
Stimulus: 0.340
Output value 0.176

Q+ parameters
slope: 0.113 semiSat: 0.560 beta: 1.500 sigma: 0.062 
maxBOLD estimate = 1.293


Trial 9: qplus Stimulus Selection
Stimulus: 0.505
Output value 0.132

Q+ parameters
slope: 0.298 semiSat: 0.560 beta: 0.750 sigma: 0.062 
maxBOLD estimate = 1.940


Trial 10: baseline Stimulus Selection
Stimulus: 0.010
Output value -0.331

Q+ parameters
slope: 0.144 semiSat: 0.560 beta: 1.250 sigma: 0.114 
maxBOLD estimate = 1.455


Trial 11: qplus Stimulus Selection
Stimulus: 0.588
Output value 0.496

Q+ parameters
slope: 0.089 semiSat: 0.670 beta: 1.000 sigma: 0.114 
maxBOLD estimate = 1.818


Trial 12: qplus Stimulus Selection
Stimulus: 0.629
Output value 0.827

Q+ parameters
slope: 0.089 semiSat: 0.670 beta: 1.000 sigma: 0.114 
maxBOLD estimate = 1.818


Trial 13: qplus Stimulus Selection
Stimulus: 0.588
Output value 0.496

Q+ parameters
slope: 0.089 semiSat: 0.670 beta: 1.000 sigma: 0.114 
maxBOLD estimate = 1.818


Trial 14: qplus Stimulus Selection
Stimulus: 0.753
Output value 1.157

Q+ parameters
slope: 0.055 semiSat: 0.670 beta: 1.000 sigma: 0.062 
maxBOLD estimate = 1.818


Trial 15: maxBOLD Stimulus Selection
Stimulus: 1.000
Output value 1.323

Q+ parameters
slope: 0.055 semiSat: 0.670 beta: 1.000 sigma: 0.062 
maxBOLD estimate = 1.818


Trial 16: qplus Stimulus Selection
Stimulus: 0.546
Output value 0.661

Q+ parameters
slope: 0.055 semiSat: 0.670 beta: 1.000 sigma: 0.114 
maxBOLD estimate = 1.818


Trial 17: qplus Stimulus Selection
Stimulus: 0.629
Output value 1.323

Q+ parameters
slope: 0.055 semiSat: 0.670 beta: 1.000 sigma: 0.114 
maxBOLD estimate = 1.818


Trial 18: qplus Stimulus Selection
Stimulus: 0.629
Output value 1.364

Q+ parameters
slope: 0.234 semiSat: 0.560 beta: 0.750 sigma: 0.114 
maxBOLD estimate = 1.818


Trial 19: qplus Stimulus Selection
Stimulus: 0.464
Output value 0.279

Q+ parameters
slope: 0.144 semiSat: 0.560 beta: 1.125 sigma: 0.166 
maxBOLD estimate = 1.364


Trial 20: baseline Stimulus Selection
Stimulus: 0.010
Output value 0.122

Q+ parameters
slope: 0.234 semiSat: 0.560 beta: 0.875 sigma: 0.114 
maxBOLD estimate = 1.534


Trial 21: qplus Stimulus Selection
Stimulus: 0.505
Output value 0.687

Q+ parameters
slope: 0.144 semiSat: 0.560 beta: 1.125 sigma: 0.166 
maxBOLD estimate = 1.343


Trial 22: qplus Stimulus Selection
Stimulus: 0.505
Output value 0.687

Q+ parameters
slope: 0.113 semiSat: 0.560 beta: 1.000 sigma: 0.114 
maxBOLD estimate = 1.510


Trial 23: qplus Stimulus Selection
Stimulus: 0.505
Output value 0.257

Q+ parameters
slope: 0.144 semiSat: 0.560 beta: 0.938 sigma: 0.114 
maxBOLD estimate = 1.510


Trial 24: qplus Stimulus Selection
Stimulus: 0.505
Output value 0.133

Q+ parameters
slope: 0.234 semiSat: 0.560 beta: 1.031 sigma: 0.166 
maxBOLD estimate = 1.416


Trial 25: maxBOLD Stimulus Selection
Stimulus: 1.000
Output value 1.415

Q+ parameters
slope: 0.144 semiSat: 0.560 beta: 0.969 sigma: 0.114 
maxBOLD estimate = 1.460


Trial 26: qplus Stimulus Selection
Stimulus: 0.588
Output value 0.997

Q+ parameters
slope: 0.144 semiSat: 0.560 beta: 0.969 sigma: 0.114 
maxBOLD estimate = 1.415


Trial 27: qplus Stimulus Selection
Stimulus: 0.505
Output value 0.132

Q+ parameters
slope: 0.183 semiSat: 0.560 beta: 1.062 sigma: 0.114 
maxBOLD estimate = 1.370


Trial 28: qplus Stimulus Selection
Stimulus: 0.588
Output value 0.769

Q+ parameters
slope: 0.144 semiSat: 0.560 beta: 0.969 sigma: 0.114 
maxBOLD estimate = 1.456


Trial 29: qplus Stimulus Selection
Stimulus: 0.588
Output value 0.870

Q+ parameters
slope: 0.144 semiSat: 0.560 beta: 0.969 sigma: 0.114 
maxBOLD estimate = 1.411


Trial 30: baseline Stimulus Selection
Stimulus: 0.010
Output value 0.128

Q+ parameters
slope: 0.234 semiSat: 0.560 beta: 1.031 sigma: 0.114 
maxBOLD estimate = 1.366


Trial 31: qplus Stimulus Selection
Stimulus: 0.505
Output value 0.496

Q+ parameters
slope: 0.144 semiSat: 0.560 beta: 0.969 sigma: 0.114 
maxBOLD estimate = 1.409


Trial 32: qplus Stimulus Selection
Stimulus: 0.670
Output value 1.319

Q+ parameters
slope: 0.183 semiSat: 0.560 beta: 1.062 sigma: 0.114 
maxBOLD estimate = 1.365


Trial 33: qplus Stimulus Selection
Stimulus: 0.505
Output value 0.128

Q+ parameters
slope: 0.144 semiSat: 0.560 beta: 0.969 sigma: 0.114 
maxBOLD estimate = 1.450


Trial 34: qplus Stimulus Selection
Stimulus: 0.588
Output value 0.790

Q+ parameters
slope: 0.234 semiSat: 0.560 beta: 1.031 sigma: 0.114 
maxBOLD estimate = 1.405


Trial 35: maxBOLD Stimulus Selection
Stimulus: 1.000
Output value 1.276

Q+ parameters
slope: 0.144 semiSat: 0.560 beta: 0.969 sigma: 0.114 
maxBOLD estimate = 1.449


Trial 36: qplus Stimulus Selection
Stimulus: 0.670
Output value 1.113

Q+ parameters
slope: 0.144 semiSat: 0.560 beta: 0.969 sigma: 0.114 
maxBOLD estimate = 1.404


Trial 37: qplus Stimulus Selection
Stimulus: 0.505
Output value 0.919

Q+ parameters
slope: 0.183 semiSat: 0.560 beta: 1.062 sigma: 0.114 
maxBOLD estimate = 1.360


Trial 38: qplus Stimulus Selection
Stimulus: 0.505
Output value 0.382

Q+ parameters
slope: 0.144 semiSat: 0.560 beta: 0.969 sigma: 0.114 
maxBOLD estimate = 1.445


Trial 39: qplus Stimulus Selection
Stimulus: 0.670
Output value 1.312

Q+ parameters
slope: 0.234 semiSat: 0.560 beta: 1.031 sigma: 0.114 
maxBOLD estimate = 1.400


Trial 40: baseline Stimulus Selection
Stimulus: 0.010
Output value -0.127

Q+ parameters
slope: 0.144 semiSat: 0.560 beta: 0.969 sigma: 0.114 
maxBOLD estimate = 1.443


Trial 41: qplus Stimulus Selection
Stimulus: 0.505
Output value 0.000

Q+ parameters
slope: 0.234 semiSat: 0.560 beta: 1.031 sigma: 0.114 
maxBOLD estimate = 1.398


Trial 42: qplus Stimulus Selection
Stimulus: 0.505
Output value 0.135

Q+ parameters
slope: 0.234 semiSat: 0.560 beta: 1.031 sigma: 0.114 
maxBOLD estimate = 1.442


Trial 43: qplus Stimulus Selection
Stimulus: 0.670
Output value 1.048

Q+ parameters
slope: 0.144 semiSat: 0.560 beta: 0.969 sigma: 0.114 
maxBOLD estimate = 1.487


Trial 44: qplus Stimulus Selection
Stimulus: 0.711
Output value 1.486

Q+ parameters
slope: 0.234 semiSat: 0.560 beta: 1.031 sigma: 0.114 
maxBOLD estimate = 1.441


Trial 45: maxBOLD Stimulus Selection
Stimulus: 1.000
Output value 1.439

Q+ parameters
slope: 0.144 semiSat: 0.560 beta: 0.969 sigma: 0.114 
maxBOLD estimate = 1.486


Trial 46: qplus Stimulus Selection
Stimulus: 0.670
Output value 1.214

Q+ parameters
slope: 0.234 semiSat: 0.560 beta: 1.031 sigma: 0.114 
maxBOLD estimate = 1.439


Trial 47: qplus Stimulus Selection
Stimulus: 0.505
Output value 0.392

Q+ parameters
slope: 0.144 semiSat: 0.560 beta: 0.969 sigma: 0.114 
maxBOLD estimate = 1.484


Trial 48: qplus Stimulus Selection
Stimulus: 0.711
Output value 1.213

Q+ parameters
slope: 0.234 semiSat: 0.560 beta: 1.031 sigma: 0.114 
maxBOLD estimate = 1.438


Trial 49: qplus Stimulus Selection
Stimulus: 0.505
Output value 0.261

Q+ parameters
slope: 0.144 semiSat: 0.560 beta: 0.969 sigma: 0.114 
maxBOLD estimate = 1.483


Trial 50: baseline Stimulus Selection
Stimulus: 0.010
Output value 0.135

Q+ parameters
slope: 0.234 semiSat: 0.560 beta: 1.031 sigma: 0.114 
maxBOLD estimate = 1.436


Trial 51: qplus Stimulus Selection
Stimulus: 0.670
Output value 1.296

Q+ parameters
slope: 0.234 semiSat: 0.560 beta: 0.875 sigma: 0.114 
maxBOLD estimate = 1.481


Trial 52: qplus Stimulus Selection
Stimulus: 0.711
Output value 1.458

Q+ parameters
slope: 0.234 semiSat: 0.560 beta: 1.031 sigma: 0.114 
maxBOLD estimate = 1.296


Trial 53: qplus Stimulus Selection
Stimulus: 0.505
Output value 0.501

Q+ parameters
slope: 0.234 semiSat: 0.560 beta: 1.031 sigma: 0.114 
maxBOLD estimate = 1.337


Trial 54: qplus Stimulus Selection
Stimulus: 0.505
Output value 0.129

Q+ parameters
slope: 0.234 semiSat: 0.560 beta: 1.031 sigma: 0.114 
maxBOLD estimate = 1.378


Trial 55: maxBOLD Stimulus Selection
Stimulus: 1.000
Output value 1.466

Q+ parameters
slope: 0.234 semiSat: 0.560 beta: 1.031 sigma: 0.114 
maxBOLD estimate = 1.421


Trial 56: qplus Stimulus Selection
Stimulus: 0.670
Output value 1.283

Q+ parameters
slope: 0.234 semiSat: 0.560 beta: 0.875 sigma: 0.114 
maxBOLD estimate = 1.466


Trial 57: qplus Stimulus Selection
Stimulus: 0.711
Output value 1.574

Q+ parameters
slope: 0.183 semiSat: 0.560 beta: 1.125 sigma: 0.114 
maxBOLD estimate = 1.283


Trial 58: qplus Stimulus Selection
Stimulus: 0.464
Output value 0.000

Q+ parameters
slope: 0.234 semiSat: 0.560 beta: 1.000 sigma: 0.114 
maxBOLD estimate = 1.443


Trial 59: qplus Stimulus Selection
Stimulus: 0.670
Output value 1.312

Q+ parameters
slope: 0.234 semiSat: 0.560 beta: 1.000 sigma: 0.114 
maxBOLD estimate = 1.443


Trial 60: baseline Stimulus Selection
Stimulus: 0.010
Output value 0.246

Q+ parameters
slope: 0.234 semiSat: 0.560 beta: 0.938 sigma: 0.114 
maxBOLD estimate = 1.443


Trial 61: qplus Stimulus Selection
Stimulus: 0.711
Output value 1.522

Q+ parameters
slope: 0.234 semiSat: 0.560 beta: 1.031 sigma: 0.114 
maxBOLD estimate = 1.353


Trial 62: qplus Stimulus Selection
Stimulus: 0.670
Output value 1.569

Q+ parameters
slope: 0.234 semiSat: 0.560 beta: 1.031 sigma: 0.114 
maxBOLD estimate = 1.395


Trial 63: qplus Stimulus Selection
Stimulus: 0.670
Output value 1.349

Q+ parameters
slope: 0.234 semiSat: 0.560 beta: 1.031 sigma: 0.114 
maxBOLD estimate = 1.439


Trial 64: qplus Stimulus Selection
Stimulus: 0.546
Output value 0.506

Q+ parameters
slope: 0.234 semiSat: 0.560 beta: 0.938 sigma: 0.114 
maxBOLD estimate = 1.484


Trial 65: maxBOLD Stimulus Selection
Stimulus: 1.000
Output value 1.565

Q+ parameters
slope: 0.234 semiSat: 0.560 beta: 1.031 sigma: 0.114 
maxBOLD estimate = 1.391


Trial 66: qplus Stimulus Selection
Stimulus: 0.670
Output value 1.614

Q+ parameters
slope: 0.234 semiSat: 0.560 beta: 1.031 sigma: 0.114 
maxBOLD estimate = 1.434


Trial 67: qplus Stimulus Selection
Stimulus: 0.546
Output value 0.807

Q+ parameters
slope: 0.234 semiSat: 0.560 beta: 1.000 sigma: 0.114 
maxBOLD estimate = 1.479


Trial 68: qplus Stimulus Selection
Stimulus: 0.546
Output value 0.130

Q+ parameters
slope: 0.298 semiSat: 0.560 beta: 0.969 sigma: 0.114 
maxBOLD estimate = 1.479


Trial 69: qplus Stimulus Selection
Stimulus: 0.711
Output value 1.209

Q+ parameters
slope: 0.234 semiSat: 0.560 beta: 1.031 sigma: 0.114 
maxBOLD estimate = 1.433


Trial 70: baseline Stimulus Selection
Stimulus: 0.010
Output value 0.000

Q+ parameters
slope: 0.234 semiSat: 0.560 beta: 0.938 sigma: 0.114 
maxBOLD estimate = 1.478


Trial 71: qplus Stimulus Selection
Stimulus: 0.711
Output value 1.559

Q+ parameters
slope: 0.234 semiSat: 0.560 beta: 1.031 sigma: 0.114 
maxBOLD estimate = 1.385


Trial 72: qplus Stimulus Selection
Stimulus: 0.588
Output value 1.339

Q+ parameters
slope: 0.234 semiSat: 0.560 beta: 1.031 sigma: 0.114 
maxBOLD estimate = 1.429


Trial 73: qplus Stimulus Selection
Stimulus: 0.546
Output value 0.691

Q+ parameters
slope: 0.234 semiSat: 0.560 beta: 1.031 sigma: 0.114 
maxBOLD estimate = 1.473


Trial 74: qplus Stimulus Selection
Stimulus: 0.546
Output value 0.829

Q+ parameters
slope: 0.234 semiSat: 0.560 beta: 1.000 sigma: 0.114 
maxBOLD estimate = 1.519


Trial 75: maxBOLD Stimulus Selection
Stimulus: 1.000
Output value 1.165

Q+ parameters
slope: 0.234 semiSat: 0.560 beta: 0.938 sigma: 0.114 
maxBOLD estimate = 1.519


Trial 76: qplus Stimulus Selection
Stimulus: 0.546
Output value 0.534

Q+ parameters
slope: 0.234 semiSat: 0.560 beta: 1.031 sigma: 0.114 
maxBOLD estimate = 1.424


Trial 77: qplus Stimulus Selection
Stimulus: 0.670
Output value 1.515

Q+ parameters
slope: 0.234 semiSat: 0.560 beta: 1.031 sigma: 0.114 
maxBOLD estimate = 1.469


Trial 78: qplus Stimulus Selection
Stimulus: 0.546
Output value 0.534

Q+ parameters
slope: 0.298 semiSat: 0.560 beta: 0.969 sigma: 0.114 
maxBOLD estimate = 1.515


Trial 79: qplus Stimulus Selection
Stimulus: 0.546
Output value 0.688

Q+ parameters
slope: 0.234 semiSat: 0.560 beta: 1.031 sigma: 0.114 
maxBOLD estimate = 1.467


Trial 80: baseline Stimulus Selection
Stimulus: 0.010
Output value -0.142

Q+ parameters
slope: 0.234 semiSat: 0.560 beta: 1.031 sigma: 0.114 
maxBOLD estimate = 1.513


Trial 81: qplus Stimulus Selection
Stimulus: 0.546
Output value 0.931

Q+ parameters
slope: 0.234 semiSat: 0.560 beta: 0.938 sigma: 0.114 
maxBOLD estimate = 1.561


Trial 82: qplus Stimulus Selection
Stimulus: 0.546
Output value 0.549

Q+ parameters
slope: 0.234 semiSat: 0.560 beta: 1.031 sigma: 0.114 
maxBOLD estimate = 1.463


Trial 83: qplus Stimulus Selection
Stimulus: 0.670
Output value 1.415

Q+ parameters
slope: 0.234 semiSat: 0.560 beta: 1.031 sigma: 0.114 
maxBOLD estimate = 1.509


Trial 84: qplus Stimulus Selection
Stimulus: 0.670
Output value 1.273

Q+ parameters
slope: 0.234 semiSat: 0.560 beta: 1.000 sigma: 0.114 
maxBOLD estimate = 1.556


Trial 85: maxBOLD Stimulus Selection
Stimulus: 1.000
Output value 1.556

Q+ parameters
slope: 0.234 semiSat: 0.560 beta: 1.000 sigma: 0.114 
maxBOLD estimate = 1.556


Trial 86: qplus Stimulus Selection
Stimulus: 0.546
Output value 0.566

Q+ parameters
slope: 0.234 semiSat: 0.560 beta: 1.000 sigma: 0.114 
maxBOLD estimate = 1.556


Trial 87: qplus Stimulus Selection
Stimulus: 0.546
Output value 0.424

Q+ parameters
slope: 0.234 semiSat: 0.560 beta: 1.000 sigma: 0.114 
maxBOLD estimate = 1.556


Trial 88: qplus Stimulus Selection
Stimulus: 0.546
Output value 0.990

Q+ parameters
slope: 0.234 semiSat: 0.560 beta: 1.000 sigma: 0.114 
maxBOLD estimate = 1.556


Trial 89: qplus Stimulus Selection
Stimulus: 0.670
Output value 1.415

Q+ parameters
slope: 0.234 semiSat: 0.560 beta: 1.000 sigma: 0.114 
maxBOLD estimate = 1.556


Trial 90: baseline Stimulus Selection
Stimulus: 0.010
Output value 0.133

Q+ parameters
slope: 0.234 semiSat: 0.560 beta: 0.938 sigma: 0.114 
maxBOLD estimate = 1.556


Trial 91: qplus Stimulus Selection
Stimulus: 0.711
Output value 1.368

Q+ parameters
slope: 0.234 semiSat: 0.560 beta: 1.031 sigma: 0.114 
maxBOLD estimate = 1.459


Trial 92: qplus Stimulus Selection
Stimulus: 0.670
Output value 1.692

Q+ parameters
slope: 0.234 semiSat: 0.560 beta: 1.031 sigma: 0.114 
maxBOLD estimate = 1.504


Trial 93: qplus Stimulus Selection
Stimulus: 0.670
Output value 1.551

Q+ parameters
slope: 0.234 semiSat: 0.560 beta: 1.000 sigma: 0.114 
maxBOLD estimate = 1.551


Trial 94: qplus Stimulus Selection
Stimulus: 0.546
Output value 0.873

Q+ parameters
slope: 0.234 semiSat: 0.560 beta: 1.031 sigma: 0.114 
maxBOLD estimate = 1.551


Trial 95: maxBOLD Stimulus Selection
Stimulus: 1.000
Output value 1.527

Q+ parameters
slope: 0.234 semiSat: 0.560 beta: 0.875 sigma: 0.114 
maxBOLD estimate = 1.600


Trial 96: qplus Stimulus Selection
Stimulus: 0.588
Output value 1.575

Q+ parameters
slope: 0.234 semiSat: 0.560 beta: 1.031 sigma: 0.114 
maxBOLD estimate = 1.400


Trial 97: qplus Stimulus Selection
Stimulus: 0.588
Output value 1.083

Q+ parameters
slope: 0.234 semiSat: 0.560 beta: 1.031 sigma: 0.114 
maxBOLD estimate = 1.444


Trial 98: qplus Stimulus Selection
Stimulus: 0.588
Output value 1.535

Q+ parameters
slope: 0.234 semiSat: 0.560 beta: 1.031 sigma: 0.114 
maxBOLD estimate = 1.489


Trial 99: qplus Stimulus Selection
Stimulus: 0.670
Output value 1.295

Q+ parameters
slope: 0.234 semiSat: 0.560 beta: 1.031 sigma: 0.114 
maxBOLD estimate = 1.535


Trial 100: baseline Stimulus Selection
Stimulus: 0.010
Output value -0.135

Q+ parameters
slope: 0.234 semiSat: 0.560 beta: 0.938 sigma: 0.114 
maxBOLD estimate = 1.583

--------------------------------------------------------------
FINAL VALUES
--------------------------------------------------------------
Simulated parameters:              slope: 0.200 semiSat: 0.570 beta: 1.000 sigma: 0.100 
Max posterior QUEST+ parameters:   slope: 0.234 semiSat: 0.560 beta: 1.031 sigma: 0.114 
Max BADS parameters:               slope: 0.234 semiSat: 0.559 beta: 1.000 sigma: 0.111 
maxBOLD estimate: 1.470
