/blue/stevenweisberg/stevenweisberg/MATLAB/projects/Weisberg_Aguirre_2020/scripts/run_sims
c25a-s23.ufhpc
Sat Nov 14 01:46:27 EST 2020
mkdir: cannot create directory ‘/blue/stevenweisberg/stevenweisberg/qpfMRIResults/model_parameter_set1/’: File exists
cp: cannot stat ‘/blue/stevenweisberg/stevenweisberg/qpfMRIResults/deploy_sim.sh’: No such file or directory
cp: cannot stat ‘/blue/stevenweisberg/stevenweisberg/qpfMRIResults/sim_wrapper.sh’: No such file or directory
------------------------------------------
Setting up environment variables
---
LD_LIBRARY_PATH is .:/apps/matlab/mcr/2020b/v99/runtime/glnxa64:/apps/matlab/mcr/2020b/v99/bin/glnxa64:/apps/matlab/mcr/2020b/v99/sys/os/glnxa64:/apps/matlab/mcr/2020b/v99/sys/opengl/lib/glnxa64
Warning: Executing startup failed in matlabrc.
This indicates a potentially serious problem in your MATLAB setup, which should be resolved as soon as possible.  Error detected was:
MATLAB:mpath:PathAlterationNotSupported
Modifying the search path is not supported by MATLAB Compiler. Remove functions that modify the search path from your MATLAB code. To make files visible to your deployed application, add the parent folder to your MATLAB session.
Warning: No stimulus domain specified. Defaulting to values between 0.01 and 1.
> In qpfmriParams (line 182)
In compiledSimulate (line 205)
Stimulus domain added from input.
Parameter slope specified as 0.41000
Parameter semiSat specified as 0.57000
Parameter beta specified as 1.00000
Parameter sigma specified as 0.15000
seed = 99seed = 104seed = 111seed = 111seed = 115seed = 101Initializing Q+. This may take a minute...
Elapsed time is 9.617911 seconds.
Simulated parameters:
slope: 0.410 semiSat: 0.570 beta: 1.000 sigma: 0.150 

Trial 1: baseline Stimulus Selection
Stimulus: 0.010
Output value 0.000

Q+ parameters
slope: 0.026 semiSat: 0.890 beta: 0.500 sigma: 0.010 
maxBOLD estimate = 1.000


Trial 2: maxBOLD Stimulus Selection
Stimulus: 1.000
Output value 1.364

Q+ parameters
slope: 0.055 semiSat: 0.670 beta: 1.250 sigma: 0.010 
maxBOLD estimate = 1.000


Trial 3: baseline Stimulus Selection
Stimulus: 0.010
Output value -0.284

Q+ parameters
slope: 0.055 semiSat: 0.670 beta: 1.250 sigma: 0.114 
maxBOLD estimate = 1.250


Trial 4: maxBOLD Stimulus Selection
Stimulus: 1.000
Output value 2.131

Q+ parameters
slope: 0.055 semiSat: 0.670 beta: 1.250 sigma: 0.062 
maxBOLD estimate = 1.562


Trial 5: baseline Stimulus Selection
Stimulus: 0.010
Output value 0.000

Q+ parameters
slope: 0.043 semiSat: 0.780 beta: 0.969 sigma: 0.062 
maxBOLD estimate = 1.953


Trial 6: maxBOLD Stimulus Selection
Stimulus: 1.000
Output value 1.000

Q+ parameters
slope: 0.043 semiSat: 0.780 beta: 0.969 sigma: 0.062 
maxBOLD estimate = 1.892


Trial 7: qplus Stimulus Selection
Stimulus: 0.588
Output value 0.484

Q+ parameters
slope: 0.043 semiSat: 0.780 beta: 0.969 sigma: 0.062 
maxBOLD estimate = 1.833


Trial 8: qplus Stimulus Selection
Stimulus: 0.753
Output value 1.130

Q+ parameters
slope: 0.113 semiSat: 0.670 beta: 0.875 sigma: 0.062 
maxBOLD estimate = 1.776


Trial 9: qplus Stimulus Selection
Stimulus: 0.629
Output value 0.795

Q+ parameters
slope: 0.070 semiSat: 0.670 beta: 1.125 sigma: 0.062 
maxBOLD estimate = 1.554


Trial 10: baseline Stimulus Selection
Stimulus: 0.010
Output value -0.358

Q+ parameters
slope: 0.055 semiSat: 0.670 beta: 1.125 sigma: 0.114 
maxBOLD estimate = 1.748


Trial 11: qplus Stimulus Selection
Stimulus: 0.464
Output value 0.134

Q+ parameters
slope: 0.089 semiSat: 0.560 beta: 0.750 sigma: 0.062 
maxBOLD estimate = 1.966


Trial 12: qplus Stimulus Selection
Stimulus: 0.711
Output value 0.838

Q+ parameters
slope: 0.113 semiSat: 0.670 beta: 1.250 sigma: 0.114 
maxBOLD estimate = 1.475


Trial 13: qplus Stimulus Selection
Stimulus: 0.629
Output value 0.587

Q+ parameters
slope: 0.113 semiSat: 0.670 beta: 0.875 sigma: 0.062 
maxBOLD estimate = 1.844


Trial 14: qplus Stimulus Selection
Stimulus: 0.794
Output value 0.994

Q+ parameters
slope: 0.070 semiSat: 0.670 beta: 0.969 sigma: 0.114 
maxBOLD estimate = 1.613


Trial 15: maxBOLD Stimulus Selection
Stimulus: 1.000
Output value 1.358

Q+ parameters
slope: 0.113 semiSat: 0.670 beta: 1.062 sigma: 0.114 
maxBOLD estimate = 1.563


Trial 16: qplus Stimulus Selection
Stimulus: 0.588
Output value 1.321

Q+ parameters
slope: 0.113 semiSat: 0.560 beta: 0.875 sigma: 0.114 
maxBOLD estimate = 1.660


Trial 17: qplus Stimulus Selection
Stimulus: 0.588
Output value 1.123

Q+ parameters
slope: 0.113 semiSat: 0.560 beta: 1.062 sigma: 0.166 
maxBOLD estimate = 1.453


Trial 18: qplus Stimulus Selection
Stimulus: 0.505
Output value 0.123

Q+ parameters
slope: 0.183 semiSat: 0.560 beta: 0.875 sigma: 0.114 
maxBOLD estimate = 1.544


Trial 19: qplus Stimulus Selection
Stimulus: 0.588
Output value 1.174

Q+ parameters
slope: 0.379 semiSat: 0.560 beta: 1.062 sigma: 0.166 
maxBOLD estimate = 1.351


Trial 20: baseline Stimulus Selection
Stimulus: 0.010
Output value 0.000

Q+ parameters
slope: 0.616 semiSat: 0.560 beta: 0.875 sigma: 0.166 
maxBOLD estimate = 1.435


Trial 21: qplus Stimulus Selection
Stimulus: 0.505
Output value 0.364

Q+ parameters
slope: 0.234 semiSat: 0.560 beta: 1.062 sigma: 0.166 
maxBOLD estimate = 1.256


Trial 22: qplus Stimulus Selection
Stimulus: 0.505
Output value 0.387

Q+ parameters
slope: 0.234 semiSat: 0.560 beta: 1.062 sigma: 0.166 
maxBOLD estimate = 1.334


Trial 23: qplus Stimulus Selection
Stimulus: 0.505
Output value 0.000

Q+ parameters
slope: 0.483 semiSat: 0.560 beta: 0.875 sigma: 0.166 
maxBOLD estimate = 1.418


Trial 24: qplus Stimulus Selection
Stimulus: 0.588
Output value 1.438

Q+ parameters
slope: 0.379 semiSat: 0.560 beta: 1.062 sigma: 0.166 
maxBOLD estimate = 1.240


Trial 25: maxBOLD Stimulus Selection
Stimulus: 1.000
Output value 1.528

Q+ parameters
slope: 0.379 semiSat: 0.560 beta: 1.062 sigma: 0.166 
maxBOLD estimate = 1.318


Trial 26: qplus Stimulus Selection
Stimulus: 0.546
Output value 1.909

Q+ parameters
slope: 0.483 semiSat: 0.560 beta: 1.500 sigma: 0.218 
maxBOLD estimate = 1.400


Trial 27: qplus Stimulus Selection
Stimulus: 0.588
Output value 0.859

Q+ parameters
slope: 0.298 semiSat: 0.560 beta: 0.750 sigma: 0.114 
maxBOLD estimate = 2.100


Trial 28: qplus Stimulus Selection
Stimulus: 0.629
Output value 1.128

Q+ parameters
slope: 0.616 semiSat: 0.560 beta: 0.875 sigma: 0.166 
maxBOLD estimate = 1.575


Trial 29: qplus Stimulus Selection
Stimulus: 0.546
Output value 1.316

Q+ parameters
slope: 0.483 semiSat: 0.560 beta: 1.500 sigma: 0.218 
maxBOLD estimate = 1.378


Trial 30: baseline Stimulus Selection
Stimulus: 0.010
Output value 0.282

Q+ parameters
slope: 1.000 semiSat: 0.560 beta: 0.500 sigma: 0.114 
maxBOLD estimate = 2.068

--------------------------------------------------------------
FINAL VALUES
--------------------------------------------------------------
Simulated parameters:              slope: 0.410 semiSat: 0.570 beta: 1.000 sigma: 0.150 
Max posterior QUEST+ parameters:   slope: 0.483 semiSat: 0.560 beta: 1.500 sigma: 0.166 
Max BADS parameters:               slope: 0.983 semiSat: 0.537 beta: 1.000 sigma: 0.167 
maxBOLD estimate: 1.158
