/blue/stevenweisberg/stevenweisberg/MATLAB/projects/Weisberg_Aguirre_2020/scripts/run_sims
c0700a-s2.ufhpc
Wed Apr  7 06:23:32 EDT 2021
mkdir: cannot create directory ‘/blue/stevenweisberg/stevenweisberg/qpfMRIResults/model_parameter_set2/’: File exists
cp: cannot stat ‘/blue/stevenweisberg/stevenweisberg/qpfMRIResults/deploy_sim.sh’: No such file or directory
cp: cannot stat ‘/blue/stevenweisberg/stevenweisberg/qpfMRIResults/sim_wrapper.sh’: No such file or directory
------------------------------------------
Setting up environment variables
---
LD_LIBRARY_PATH is .:/apps/matlab/mcr/2020b/v99/runtime/glnxa64:/apps/matlab/mcr/2020b/v99/bin/glnxa64:/apps/matlab/mcr/2020b/v99/sys/os/glnxa64:/apps/matlab/mcr/2020b/v99/sys/opengl/lib/glnxa64
Warning: Executing startup failed in matlabrc.
This indicates a potentially serious problem in your MATLAB setup, which should be resolved as soon as possible.  Error detected was:
MATLAB:mpath:PathAlterationNotSupported
Modifying the search path is not supported by MATLAB Compiler. Remove functions that modify the search path from your MATLAB code. To make files visible to your deployed application, add the parent folder to your MATLAB session.
Warning: No stimulus domain specified. Defaulting to values between 0.01 and 1.
> In qpfmriParams (line 182)
In compiledSimulate (line 205)
Stimulus domain added from input.
Parameter slope specified as 0.20000
Parameter semiSat specified as 0.57000
Parameter beta specified as 1.00000
Parameter sigma specified as 0.05000
seed = 99seed = 104seed = 111seed = 111seed = 115seed = 101Initializing Q+. This may take a minute...
Elapsed time is 8.011212 seconds.
Simulated parameters:
slope: 0.200 semiSat: 0.570 beta: 1.000 sigma: 0.050 

Trial 1: baseline Stimulus Selection
Stimulus: 0.010
Output value 0.000

Q+ parameters
slope: 0.026 semiSat: 0.890 beta: 0.500 sigma: 0.010 
maxBOLD estimate = 1.000


Trial 2: maxBOLD Stimulus Selection
Stimulus: 1.000
Output value 1.364

Q+ parameters
slope: 0.055 semiSat: 0.670 beta: 1.250 sigma: 0.010 
maxBOLD estimate = 1.000


Trial 3: baseline Stimulus Selection
Stimulus: 0.010
Output value 0.000

Q+ parameters
slope: 0.055 semiSat: 0.670 beta: 1.250 sigma: 0.010 
maxBOLD estimate = 1.250


Trial 4: maxBOLD Stimulus Selection
Stimulus: 1.000
Output value 1.953

Q+ parameters
slope: 0.043 semiSat: 0.780 beta: 1.250 sigma: 0.062 
maxBOLD estimate = 1.562


Trial 5: baseline Stimulus Selection
Stimulus: 0.010
Output value 0.000

Q+ parameters
slope: 0.043 semiSat: 0.780 beta: 0.969 sigma: 0.062 
maxBOLD estimate = 1.953


Trial 6: maxBOLD Stimulus Selection
Stimulus: 1.000
Output value 1.742

Q+ parameters
slope: 0.043 semiSat: 0.780 beta: 1.125 sigma: 0.062 
maxBOLD estimate = 1.892


Trial 7: qplus Stimulus Selection
Stimulus: 0.670
Output value 1.161

Q+ parameters
slope: 0.089 semiSat: 0.340 beta: 0.750 sigma: 0.062 
maxBOLD estimate = 2.129


Trial 8: qplus Stimulus Selection
Stimulus: 0.340
Output value 0.136

Q+ parameters
slope: 0.183 semiSat: 0.450 beta: 0.938 sigma: 0.062 
maxBOLD estimate = 1.596


Trial 9: qplus Stimulus Selection
Stimulus: 0.505
Output value 0.136

Q+ parameters
slope: 0.379 semiSat: 0.560 beta: 1.000 sigma: 0.062 
maxBOLD estimate = 1.497


Trial 10: baseline Stimulus Selection
Stimulus: 0.010
Output value 0.136

Q+ parameters
slope: 0.379 semiSat: 0.560 beta: 1.000 sigma: 0.062 
maxBOLD estimate = 1.497


Trial 11: qplus Stimulus Selection
Stimulus: 0.588
Output value 0.982

Q+ parameters
slope: 0.234 semiSat: 0.560 beta: 1.031 sigma: 0.062 
maxBOLD estimate = 1.497


Trial 12: qplus Stimulus Selection
Stimulus: 0.505
Output value 0.395

Q+ parameters
slope: 0.234 semiSat: 0.560 beta: 0.938 sigma: 0.062 
maxBOLD estimate = 1.543


Trial 13: qplus Stimulus Selection
Stimulus: 0.670
Output value 1.184

Q+ parameters
slope: 0.183 semiSat: 0.560 beta: 1.000 sigma: 0.062 
maxBOLD estimate = 1.447


Trial 14: qplus Stimulus Selection
Stimulus: 0.505
Output value 0.395

Q+ parameters
slope: 0.183 semiSat: 0.560 beta: 1.000 sigma: 0.062 
maxBOLD estimate = 1.447


Trial 15: maxBOLD Stimulus Selection
Stimulus: 1.000
Output value 1.677

Q+ parameters
slope: 0.183 semiSat: 0.560 beta: 1.062 sigma: 0.062 
maxBOLD estimate = 1.447


Trial 16: qplus Stimulus Selection
Stimulus: 0.711
Output value 1.730

Q+ parameters
slope: 0.183 semiSat: 0.560 beta: 1.031 sigma: 0.062 
maxBOLD estimate = 1.537


Trial 17: qplus Stimulus Selection
Stimulus: 0.629
Output value 1.338

Q+ parameters
slope: 0.183 semiSat: 0.560 beta: 1.031 sigma: 0.062 
maxBOLD estimate = 1.585


Trial 18: qplus Stimulus Selection
Stimulus: 0.505
Output value 0.418

Q+ parameters
slope: 0.234 semiSat: 0.560 beta: 0.938 sigma: 0.062 
maxBOLD estimate = 1.635


Trial 19: qplus Stimulus Selection
Stimulus: 0.670
Output value 1.437

Q+ parameters
slope: 0.183 semiSat: 0.560 beta: 1.031 sigma: 0.062 
maxBOLD estimate = 1.533


Trial 20: baseline Stimulus Selection
Stimulus: 0.010
Output value 0.126

Q+ parameters
slope: 0.298 semiSat: 0.560 beta: 0.875 sigma: 0.062 
maxBOLD estimate = 1.581


Trial 21: qplus Stimulus Selection
Stimulus: 0.670
Output value 1.556

Q+ parameters
slope: 0.183 semiSat: 0.560 beta: 1.125 sigma: 0.062 
maxBOLD estimate = 1.383


Trial 22: qplus Stimulus Selection
Stimulus: 0.464
Output value 0.438

Q+ parameters
slope: 0.183 semiSat: 0.560 beta: 1.031 sigma: 0.062 
maxBOLD estimate = 1.556


Trial 23: qplus Stimulus Selection
Stimulus: 0.505
Output value 0.128

Q+ parameters
slope: 0.298 semiSat: 0.560 beta: 0.875 sigma: 0.062 
maxBOLD estimate = 1.605


Trial 24: qplus Stimulus Selection
Stimulus: 0.670
Output value 1.580

Q+ parameters
slope: 0.183 semiSat: 0.560 beta: 1.125 sigma: 0.062 
maxBOLD estimate = 1.404


Trial 25: maxBOLD Stimulus Selection
Stimulus: 1.000
Output value 1.580

Q+ parameters
slope: 0.234 semiSat: 0.560 beta: 1.000 sigma: 0.062 
maxBOLD estimate = 1.580


Trial 26: qplus Stimulus Selection
Stimulus: 0.546
Output value 0.556

Q+ parameters
slope: 0.298 semiSat: 0.560 beta: 0.969 sigma: 0.062 
maxBOLD estimate = 1.580


Trial 27: qplus Stimulus Selection
Stimulus: 0.711
Output value 1.530

Q+ parameters
slope: 0.234 semiSat: 0.560 beta: 1.000 sigma: 0.062 
maxBOLD estimate = 1.530


Trial 28: qplus Stimulus Selection
Stimulus: 0.505
Output value 0.139

Q+ parameters
slope: 0.234 semiSat: 0.560 beta: 1.000 sigma: 0.062 
maxBOLD estimate = 1.530


Trial 29: qplus Stimulus Selection
Stimulus: 0.546
Output value 0.404

Q+ parameters
slope: 0.298 semiSat: 0.560 beta: 0.969 sigma: 0.062 
maxBOLD estimate = 1.530


Trial 30: baseline Stimulus Selection
Stimulus: 0.010
Output value 0.000

Q+ parameters
slope: 0.298 semiSat: 0.560 beta: 0.969 sigma: 0.062 
maxBOLD estimate = 1.482


Trial 31: qplus Stimulus Selection
Stimulus: 0.546
Output value 0.506

Q+ parameters
slope: 0.298 semiSat: 0.560 beta: 0.969 sigma: 0.062 
maxBOLD estimate = 1.436


Trial 32: qplus Stimulus Selection
Stimulus: 0.505
Output value 0.285

Q+ parameters
slope: 0.183 semiSat: 0.560 beta: 1.125 sigma: 0.062 
maxBOLD estimate = 1.391


Trial 33: qplus Stimulus Selection
Stimulus: 0.464
Output value 0.133

Q+ parameters
slope: 0.234 semiSat: 0.560 beta: 0.938 sigma: 0.062 
maxBOLD estimate = 1.565


Trial 34: qplus Stimulus Selection
Stimulus: 0.959
Output value 1.292

Q+ parameters
slope: 0.298 semiSat: 0.560 beta: 0.969 sigma: 0.062 
maxBOLD estimate = 1.467


Trial 35: maxBOLD Stimulus Selection
Stimulus: 1.000
Output value 1.377

Q+ parameters
slope: 0.298 semiSat: 0.560 beta: 0.969 sigma: 0.062 
maxBOLD estimate = 1.421


Trial 36: qplus Stimulus Selection
Stimulus: 0.505
Output value 0.422

Q+ parameters
slope: 0.234 semiSat: 0.560 beta: 1.125 sigma: 0.062 
maxBOLD estimate = 1.377


Trial 37: qplus Stimulus Selection
Stimulus: 0.464
Output value 0.264

Q+ parameters
slope: 0.234 semiSat: 0.560 beta: 0.938 sigma: 0.062 
maxBOLD estimate = 1.549


Trial 38: qplus Stimulus Selection
Stimulus: 0.959
Output value 1.279

Q+ parameters
slope: 0.298 semiSat: 0.560 beta: 0.969 sigma: 0.062 
maxBOLD estimate = 1.452


Trial 39: qplus Stimulus Selection
Stimulus: 0.546
Output value 0.576

Q+ parameters
slope: 0.183 semiSat: 0.560 beta: 1.125 sigma: 0.062 
maxBOLD estimate = 1.407


Trial 40: baseline Stimulus Selection
Stimulus: 0.010
Output value -0.135

Q+ parameters
slope: 0.234 semiSat: 0.560 beta: 0.938 sigma: 0.062 
maxBOLD estimate = 1.583


Trial 41: qplus Stimulus Selection
Stimulus: 0.959
Output value 1.669

Q+ parameters
slope: 0.183 semiSat: 0.560 beta: 1.031 sigma: 0.062 
maxBOLD estimate = 1.484


Trial 42: qplus Stimulus Selection
Stimulus: 0.464
Output value 0.135

Q+ parameters
slope: 0.298 semiSat: 0.560 beta: 0.969 sigma: 0.062 
maxBOLD estimate = 1.530


Trial 43: qplus Stimulus Selection
Stimulus: 0.546
Output value 0.695

Q+ parameters
slope: 0.183 semiSat: 0.560 beta: 1.031 sigma: 0.062 
maxBOLD estimate = 1.482


Trial 44: qplus Stimulus Selection
Stimulus: 0.464
Output value 0.135

Q+ parameters
slope: 0.298 semiSat: 0.560 beta: 0.969 sigma: 0.062 
maxBOLD estimate = 1.529


Trial 45: maxBOLD Stimulus Selection
Stimulus: 1.000
Output value 1.388

Q+ parameters
slope: 0.183 semiSat: 0.560 beta: 1.031 sigma: 0.062 
maxBOLD estimate = 1.481


Trial 46: qplus Stimulus Selection
Stimulus: 0.505
Output value 0.404

Q+ parameters
slope: 0.298 semiSat: 0.560 beta: 0.969 sigma: 0.062 
maxBOLD estimate = 1.527


Trial 47: qplus Stimulus Selection
Stimulus: 0.546
Output value 0.555

Q+ parameters
slope: 0.183 semiSat: 0.560 beta: 1.031 sigma: 0.062 
maxBOLD estimate = 1.480


Trial 48: qplus Stimulus Selection
Stimulus: 0.505
Output value 0.269

Q+ parameters
slope: 0.298 semiSat: 0.560 beta: 0.969 sigma: 0.062 
maxBOLD estimate = 1.526


Trial 49: qplus Stimulus Selection
Stimulus: 0.546
Output value 0.831

Q+ parameters
slope: 0.183 semiSat: 0.560 beta: 1.031 sigma: 0.062 
maxBOLD estimate = 1.478


Trial 50: baseline Stimulus Selection
Stimulus: 0.010
Output value 0.134

Q+ parameters
slope: 0.298 semiSat: 0.560 beta: 0.969 sigma: 0.062 
maxBOLD estimate = 1.524


Trial 51: qplus Stimulus Selection
Stimulus: 0.546
Output value 0.831

Q+ parameters
slope: 0.183 semiSat: 0.560 beta: 1.031 sigma: 0.062 
maxBOLD estimate = 1.477


Trial 52: qplus Stimulus Selection
Stimulus: 0.464
Output value 0.134

Q+ parameters
slope: 0.298 semiSat: 0.560 beta: 0.969 sigma: 0.062 
maxBOLD estimate = 1.523


Trial 53: qplus Stimulus Selection
Stimulus: 0.546
Output value 0.520

Q+ parameters
slope: 0.298 semiSat: 0.560 beta: 0.969 sigma: 0.062 
maxBOLD estimate = 1.475


Trial 54: qplus Stimulus Selection
Stimulus: 0.546
Output value 0.731

Q+ parameters
slope: 0.234 semiSat: 0.560 beta: 1.125 sigma: 0.062 
maxBOLD estimate = 1.429


Trial 55: maxBOLD Stimulus Selection
Stimulus: 1.000
Output value 1.279

Q+ parameters
slope: 0.298 semiSat: 0.560 beta: 0.875 sigma: 0.062 
maxBOLD estimate = 1.608


Trial 56: qplus Stimulus Selection
Stimulus: 0.670
Output value 1.583

Q+ parameters
slope: 0.234 semiSat: 0.560 beta: 1.125 sigma: 0.062 
maxBOLD estimate = 1.407


Trial 57: qplus Stimulus Selection
Stimulus: 0.505
Output value 0.135

Q+ parameters
slope: 0.234 semiSat: 0.560 beta: 0.938 sigma: 0.062 
maxBOLD estimate = 1.583


Trial 58: qplus Stimulus Selection
Stimulus: 0.959
Output value 1.437

Q+ parameters
slope: 0.298 semiSat: 0.560 beta: 0.969 sigma: 0.062 
maxBOLD estimate = 1.484


Trial 59: qplus Stimulus Selection
Stimulus: 0.546
Output value 1.029

Q+ parameters
slope: 0.234 semiSat: 0.560 beta: 1.125 sigma: 0.062 
maxBOLD estimate = 1.437


Trial 60: baseline Stimulus Selection
Stimulus: 0.010
Output value 0.129

Q+ parameters
slope: 0.298 semiSat: 0.560 beta: 0.875 sigma: 0.062 
maxBOLD estimate = 1.617


Trial 61: qplus Stimulus Selection
Stimulus: 0.670
Output value 1.592

Q+ parameters
slope: 0.234 semiSat: 0.560 beta: 1.125 sigma: 0.062 
maxBOLD estimate = 1.415


Trial 62: qplus Stimulus Selection
Stimulus: 0.505
Output value 0.380

Q+ parameters
slope: 0.298 semiSat: 0.560 beta: 0.875 sigma: 0.062 
maxBOLD estimate = 1.592


Trial 63: qplus Stimulus Selection
Stimulus: 0.670
Output value 1.567

Q+ parameters
slope: 0.234 semiSat: 0.560 beta: 1.125 sigma: 0.062 
maxBOLD estimate = 1.393


Trial 64: qplus Stimulus Selection
Stimulus: 0.505
Output value 0.401

Q+ parameters
slope: 0.234 semiSat: 0.560 beta: 0.938 sigma: 0.062 
maxBOLD estimate = 1.567


Trial 65: maxBOLD Stimulus Selection
Stimulus: 1.000
Output value 1.469

Q+ parameters
slope: 0.234 semiSat: 0.560 beta: 1.000 sigma: 0.062 
maxBOLD estimate = 1.469


Trial 66: qplus Stimulus Selection
Stimulus: 0.670
Output value 1.335

Q+ parameters
slope: 0.234 semiSat: 0.560 beta: 1.000 sigma: 0.062 
maxBOLD estimate = 1.469


Trial 67: qplus Stimulus Selection
Stimulus: 0.546
Output value 0.517

Q+ parameters
slope: 0.298 semiSat: 0.560 beta: 0.969 sigma: 0.062 
maxBOLD estimate = 1.469


Trial 68: qplus Stimulus Selection
Stimulus: 0.546
Output value 0.437

Q+ parameters
slope: 0.234 semiSat: 0.560 beta: 1.125 sigma: 0.062 
maxBOLD estimate = 1.423


Trial 69: qplus Stimulus Selection
Stimulus: 0.505
Output value 0.382

Q+ parameters
slope: 0.298 semiSat: 0.560 beta: 0.875 sigma: 0.062 
maxBOLD estimate = 1.601


Trial 70: baseline Stimulus Selection
Stimulus: 0.010
Output value 0.000

Q+ parameters
slope: 0.234 semiSat: 0.560 beta: 1.125 sigma: 0.062 
maxBOLD estimate = 1.401


Trial 71: qplus Stimulus Selection
Stimulus: 0.464
Output value 0.134

Q+ parameters
slope: 0.234 semiSat: 0.560 beta: 0.938 sigma: 0.062 
maxBOLD estimate = 1.576


Trial 72: qplus Stimulus Selection
Stimulus: 0.876
Output value 1.662

Q+ parameters
slope: 0.183 semiSat: 0.560 beta: 1.031 sigma: 0.062 
maxBOLD estimate = 1.477


Trial 73: qplus Stimulus Selection
Stimulus: 0.464
Output value 0.277

Q+ parameters
slope: 0.234 semiSat: 0.560 beta: 1.000 sigma: 0.062 
maxBOLD estimate = 1.524


Trial 74: qplus Stimulus Selection
Stimulus: 0.505
Output value 0.429

Q+ parameters
slope: 0.183 semiSat: 0.560 beta: 1.031 sigma: 0.062 
maxBOLD estimate = 1.524


Trial 75: maxBOLD Stimulus Selection
Stimulus: 1.000
Output value 1.660

Q+ parameters
slope: 0.298 semiSat: 0.560 beta: 0.969 sigma: 0.062 
maxBOLD estimate = 1.571


Trial 76: qplus Stimulus Selection
Stimulus: 0.711
Output value 1.384

Q+ parameters
slope: 0.234 semiSat: 0.560 beta: 1.000 sigma: 0.062 
maxBOLD estimate = 1.522


Trial 77: qplus Stimulus Selection
Stimulus: 0.546
Output value 0.830

Q+ parameters
slope: 0.234 semiSat: 0.560 beta: 1.000 sigma: 0.062 
maxBOLD estimate = 1.522


Trial 78: qplus Stimulus Selection
Stimulus: 0.505
Output value 0.415

Q+ parameters
slope: 0.234 semiSat: 0.560 beta: 1.000 sigma: 0.062 
maxBOLD estimate = 1.522


Trial 79: qplus Stimulus Selection
Stimulus: 0.505
Output value 0.285

Q+ parameters
slope: 0.183 semiSat: 0.560 beta: 1.031 sigma: 0.062 
maxBOLD estimate = 1.522


Trial 80: baseline Stimulus Selection
Stimulus: 0.010
Output value 0.125

Q+ parameters
slope: 0.298 semiSat: 0.560 beta: 0.875 sigma: 0.062 
maxBOLD estimate = 1.570


Trial 81: qplus Stimulus Selection
Stimulus: 0.670
Output value 1.545

Q+ parameters
slope: 0.234 semiSat: 0.560 beta: 1.125 sigma: 0.062 
maxBOLD estimate = 1.373


Trial 82: qplus Stimulus Selection
Stimulus: 0.464
Output value 0.132

Q+ parameters
slope: 0.234 semiSat: 0.560 beta: 0.938 sigma: 0.062 
maxBOLD estimate = 1.545


Trial 83: qplus Stimulus Selection
Stimulus: 0.959
Output value 1.358

Q+ parameters
slope: 0.183 semiSat: 0.560 beta: 1.031 sigma: 0.062 
maxBOLD estimate = 1.449


Trial 84: qplus Stimulus Selection
Stimulus: 0.464
Output value 0.272

Q+ parameters
slope: 0.234 semiSat: 0.560 beta: 1.000 sigma: 0.062 
maxBOLD estimate = 1.494


Trial 85: maxBOLD Stimulus Selection
Stimulus: 1.000
Output value 1.494

Q+ parameters
slope: 0.234 semiSat: 0.560 beta: 1.000 sigma: 0.062 
maxBOLD estimate = 1.494


Trial 86: qplus Stimulus Selection
Stimulus: 0.546
Output value 0.679

Q+ parameters
slope: 0.234 semiSat: 0.560 beta: 1.000 sigma: 0.062 
maxBOLD estimate = 1.494


Trial 87: qplus Stimulus Selection
Stimulus: 0.546
Output value 0.543

Q+ parameters
slope: 0.234 semiSat: 0.560 beta: 1.000 sigma: 0.062 
maxBOLD estimate = 1.494


Trial 88: qplus Stimulus Selection
Stimulus: 0.546
Output value 0.543

Q+ parameters
slope: 0.234 semiSat: 0.560 beta: 1.000 sigma: 0.062 
maxBOLD estimate = 1.494


Trial 89: qplus Stimulus Selection
Stimulus: 0.546
Output value 0.679

Q+ parameters
slope: 0.234 semiSat: 0.560 beta: 1.000 sigma: 0.062 
maxBOLD estimate = 1.494


Trial 90: baseline Stimulus Selection
Stimulus: 0.010
Output value -0.140

Q+ parameters
slope: 0.183 semiSat: 0.560 beta: 1.031 sigma: 0.062 
maxBOLD estimate = 1.494


Trial 91: qplus Stimulus Selection
Stimulus: 0.505
Output value 0.420

Q+ parameters
slope: 0.234 semiSat: 0.560 beta: 1.000 sigma: 0.062 
maxBOLD estimate = 1.540


Trial 92: qplus Stimulus Selection
Stimulus: 0.546
Output value 0.560

Q+ parameters
slope: 0.234 semiSat: 0.560 beta: 1.000 sigma: 0.062 
maxBOLD estimate = 1.540


Trial 93: qplus Stimulus Selection
Stimulus: 0.546
Output value 0.543

Q+ parameters
slope: 0.298 semiSat: 0.560 beta: 0.969 sigma: 0.062 
maxBOLD estimate = 1.540


Trial 94: qplus Stimulus Selection
Stimulus: 0.546
Output value 0.394

Q+ parameters
slope: 0.298 semiSat: 0.560 beta: 0.969 sigma: 0.062 
maxBOLD estimate = 1.492


Trial 95: maxBOLD Stimulus Selection
Stimulus: 1.000
Output value 1.491

Q+ parameters
slope: 0.183 semiSat: 0.560 beta: 1.031 sigma: 0.062 
maxBOLD estimate = 1.446


Trial 96: qplus Stimulus Selection
Stimulus: 0.588
Output value 0.813

Q+ parameters
slope: 0.234 semiSat: 0.560 beta: 1.000 sigma: 0.062 
maxBOLD estimate = 1.491


Trial 97: qplus Stimulus Selection
Stimulus: 0.505
Output value 0.271

Q+ parameters
slope: 0.234 semiSat: 0.560 beta: 1.000 sigma: 0.062 
maxBOLD estimate = 1.491


Trial 98: qplus Stimulus Selection
Stimulus: 0.546
Output value 0.394

Q+ parameters
slope: 0.298 semiSat: 0.560 beta: 0.969 sigma: 0.062 
maxBOLD estimate = 1.491


Trial 99: qplus Stimulus Selection
Stimulus: 0.546
Output value 0.382

Q+ parameters
slope: 0.298 semiSat: 0.560 beta: 0.969 sigma: 0.062 
maxBOLD estimate = 1.444


Trial 100: baseline Stimulus Selection
Stimulus: 0.010
Output value 0.000

Q+ parameters
slope: 0.234 semiSat: 0.560 beta: 1.125 sigma: 0.062 
maxBOLD estimate = 1.399

--------------------------------------------------------------
FINAL VALUES
--------------------------------------------------------------
Simulated parameters:              slope: 0.200 semiSat: 0.570 beta: 1.000 sigma: 0.050 
Max posterior QUEST+ parameters:   slope: 0.298 semiSat: 0.560 beta: 0.969 sigma: 0.062 
Max BADS parameters:               slope: 0.276 semiSat: 0.562 beta: 1.000 sigma: 0.052 
maxBOLD estimate: 1.526
