/blue/stevenweisberg/stevenweisberg/MATLAB/projects/Weisberg_Aguirre_2020/scripts/run_sims
c0704a-s12.ufhpc
Wed Apr  7 06:49:02 EDT 2021
mkdir: cannot create directory ‘/blue/stevenweisberg/stevenweisberg/qpfMRIResults/model_parameter_set2/’: File exists
cp: cannot stat ‘/blue/stevenweisberg/stevenweisberg/qpfMRIResults/deploy_sim.sh’: No such file or directory
cp: cannot stat ‘/blue/stevenweisberg/stevenweisberg/qpfMRIResults/sim_wrapper.sh’: No such file or directory
------------------------------------------
Setting up environment variables
---
LD_LIBRARY_PATH is .:/apps/matlab/mcr/2020b/v99/runtime/glnxa64:/apps/matlab/mcr/2020b/v99/bin/glnxa64:/apps/matlab/mcr/2020b/v99/sys/os/glnxa64:/apps/matlab/mcr/2020b/v99/sys/opengl/lib/glnxa64
Warning: Executing startup failed in matlabrc.
This indicates a potentially serious problem in your MATLAB setup, which should be resolved as soon as possible.  Error detected was:
MATLAB:mpath:PathAlterationNotSupported
Modifying the search path is not supported by MATLAB Compiler. Remove functions that modify the search path from your MATLAB code. To make files visible to your deployed application, add the parent folder to your MATLAB session.
Warning: No stimulus domain specified. Defaulting to values between 0.01 and 1.
> In qpfmriParams (line 182)
In compiledSimulate (line 205)
Stimulus domain added from input.
Parameter slope specified as 0.20000
Parameter semiSat specified as 0.57000
Parameter beta specified as 1.00000
Parameter sigma specified as 0.15000
seed = 99seed = 104seed = 111seed = 111seed = 115seed = 101Initializing Q+. This may take a minute...
Elapsed time is 6.325441 seconds.
Simulated parameters:
slope: 0.200 semiSat: 0.570 beta: 1.000 sigma: 0.150 

Trial 1: baseline Stimulus Selection
Stimulus: 0.010
Output value 0.000

Q+ parameters
slope: 0.026 semiSat: 0.890 beta: 0.500 sigma: 0.010 
maxBOLD estimate = 1.000


Trial 2: maxBOLD Stimulus Selection
Stimulus: 1.000
Output value 1.364

Q+ parameters
slope: 0.055 semiSat: 0.670 beta: 1.250 sigma: 0.010 
maxBOLD estimate = 1.000


Trial 3: baseline Stimulus Selection
Stimulus: 0.010
Output value 0.142

Q+ parameters
slope: 0.055 semiSat: 0.670 beta: 1.250 sigma: 0.062 
maxBOLD estimate = 1.250


Trial 4: maxBOLD Stimulus Selection
Stimulus: 1.000
Output value 1.598

Q+ parameters
slope: 0.055 semiSat: 0.670 beta: 1.125 sigma: 0.062 
maxBOLD estimate = 1.562


Trial 5: baseline Stimulus Selection
Stimulus: 0.010
Output value 0.719

Q+ parameters
slope: 0.043 semiSat: 0.780 beta: 1.125 sigma: 0.166 
maxBOLD estimate = 1.758


Trial 6: maxBOLD Stimulus Selection
Stimulus: 1.000
Output value 1.219

Q+ parameters
slope: 0.043 semiSat: 0.780 beta: 0.969 sigma: 0.114 
maxBOLD estimate = 1.978


Trial 7: qplus Stimulus Selection
Stimulus: 0.588
Output value 1.219

Q+ parameters
slope: 0.070 semiSat: 0.450 beta: 0.875 sigma: 0.062 
maxBOLD estimate = 1.916


Trial 8: qplus Stimulus Selection
Stimulus: 0.381
Output value -0.152

Q+ parameters
slope: 0.298 semiSat: 0.560 beta: 1.000 sigma: 0.114 
maxBOLD estimate = 1.676


Trial 9: qplus Stimulus Selection
Stimulus: 0.505
Output value 0.933

Q+ parameters
slope: 0.298 semiSat: 0.450 beta: 0.875 sigma: 0.114 
maxBOLD estimate = 1.676


Trial 10: baseline Stimulus Selection
Stimulus: 0.010
Output value -0.200

Q+ parameters
slope: 0.113 semiSat: 0.560 beta: 1.500 sigma: 0.114 
maxBOLD estimate = 1.467


Trial 11: qplus Stimulus Selection
Stimulus: 0.505
Output value 0.450

Q+ parameters
slope: 0.089 semiSat: 0.560 beta: 0.750 sigma: 0.062 
maxBOLD estimate = 2.200


Trial 12: qplus Stimulus Selection
Stimulus: 0.670
Output value 1.125

Q+ parameters
slope: 0.113 semiSat: 0.560 beta: 0.938 sigma: 0.114 
maxBOLD estimate = 1.650


Trial 13: qplus Stimulus Selection
Stimulus: 0.629
Output value 1.406

Q+ parameters
slope: 0.089 semiSat: 0.560 beta: 1.250 sigma: 0.114 
maxBOLD estimate = 1.547


Trial 14: qplus Stimulus Selection
Stimulus: 0.505
Output value 0.615

Q+ parameters
slope: 0.070 semiSat: 0.560 beta: 0.875 sigma: 0.062 
maxBOLD estimate = 1.934


Trial 15: maxBOLD Stimulus Selection
Stimulus: 1.000
Output value 1.154

Q+ parameters
slope: 0.144 semiSat: 0.560 beta: 0.938 sigma: 0.114 
maxBOLD estimate = 1.692


Trial 16: qplus Stimulus Selection
Stimulus: 0.629
Output value 1.338

Q+ parameters
slope: 0.113 semiSat: 0.560 beta: 1.031 sigma: 0.114 
maxBOLD estimate = 1.586


Trial 17: qplus Stimulus Selection
Stimulus: 0.505
Output value 0.767

Q+ parameters
slope: 0.113 semiSat: 0.560 beta: 1.031 sigma: 0.114 
maxBOLD estimate = 1.636


Trial 18: qplus Stimulus Selection
Stimulus: 0.505
Output value 0.288

Q+ parameters
slope: 0.144 semiSat: 0.560 beta: 0.938 sigma: 0.114 
maxBOLD estimate = 1.687


Trial 19: qplus Stimulus Selection
Stimulus: 0.629
Output value 1.150

Q+ parameters
slope: 0.183 semiSat: 0.560 beta: 1.000 sigma: 0.114 
maxBOLD estimate = 1.581


Trial 20: baseline Stimulus Selection
Stimulus: 0.010
Output value -0.359

Q+ parameters
slope: 0.144 semiSat: 0.560 beta: 1.250 sigma: 0.114 
maxBOLD estimate = 1.581


Trial 21: qplus Stimulus Selection
Stimulus: 0.588
Output value 1.101

Q+ parameters
slope: 0.144 semiSat: 0.560 beta: 0.875 sigma: 0.114 
maxBOLD estimate = 1.977


Trial 22: qplus Stimulus Selection
Stimulus: 0.464
Output value 0.442

Q+ parameters
slope: 0.144 semiSat: 0.560 beta: 0.938 sigma: 0.114 
maxBOLD estimate = 1.730


Trial 23: qplus Stimulus Selection
Stimulus: 0.423
Output value 0.663

Q+ parameters
slope: 0.144 semiSat: 0.560 beta: 1.125 sigma: 0.114 
maxBOLD estimate = 1.622


Trial 24: qplus Stimulus Selection
Stimulus: 0.670
Output value 1.399

Q+ parameters
slope: 0.144 semiSat: 0.560 beta: 0.938 sigma: 0.114 
maxBOLD estimate = 1.824


Trial 25: maxBOLD Stimulus Selection
Stimulus: 1.000
Output value 1.443

Q+ parameters
slope: 0.113 semiSat: 0.560 beta: 1.031 sigma: 0.114 
maxBOLD estimate = 1.710


Trial 26: qplus Stimulus Selection
Stimulus: 0.423
Output value 0.150

Q+ parameters
slope: 0.144 semiSat: 0.560 beta: 0.938 sigma: 0.114 
maxBOLD estimate = 1.764


Trial 27: qplus Stimulus Selection
Stimulus: 0.711
Output value 1.860

Q+ parameters
slope: 0.113 semiSat: 0.560 beta: 1.031 sigma: 0.114 
maxBOLD estimate = 1.654


Trial 28: qplus Stimulus Selection
Stimulus: 0.629
Output value 1.918

Q+ parameters
slope: 0.183 semiSat: 0.560 beta: 1.031 sigma: 0.114 
maxBOLD estimate = 1.705


Trial 29: qplus Stimulus Selection
Stimulus: 0.505
Output value 0.989

Q+ parameters
slope: 0.183 semiSat: 0.560 beta: 1.031 sigma: 0.114 
maxBOLD estimate = 1.758


Trial 30: baseline Stimulus Selection
Stimulus: 0.010
Output value -0.170

Q+ parameters
slope: 0.183 semiSat: 0.560 beta: 1.031 sigma: 0.114 
maxBOLD estimate = 1.813


Trial 31: qplus Stimulus Selection
Stimulus: 0.505
Output value 0.638

Q+ parameters
slope: 0.183 semiSat: 0.560 beta: 0.938 sigma: 0.114 
maxBOLD estimate = 1.870


Trial 32: qplus Stimulus Selection
Stimulus: 0.670
Output value 1.046

Q+ parameters
slope: 0.183 semiSat: 0.560 beta: 0.938 sigma: 0.114 
maxBOLD estimate = 1.753


Trial 33: qplus Stimulus Selection
Stimulus: 0.505
Output value 0.308

Q+ parameters
slope: 0.183 semiSat: 0.560 beta: 1.031 sigma: 0.114 
maxBOLD estimate = 1.644


Trial 34: qplus Stimulus Selection
Stimulus: 0.629
Output value 0.953

Q+ parameters
slope: 0.183 semiSat: 0.560 beta: 1.031 sigma: 0.114 
maxBOLD estimate = 1.695


Trial 35: maxBOLD Stimulus Selection
Stimulus: 1.000
Output value 0.894

Q+ parameters
slope: 0.183 semiSat: 0.560 beta: 0.938 sigma: 0.114 
maxBOLD estimate = 1.748


Trial 36: qplus Stimulus Selection
Stimulus: 0.588
Output value 0.698

Q+ parameters
slope: 0.183 semiSat: 0.560 beta: 0.938 sigma: 0.114 
maxBOLD estimate = 1.639


Trial 37: qplus Stimulus Selection
Stimulus: 0.588
Output value 1.296

Q+ parameters
slope: 0.183 semiSat: 0.560 beta: 1.031 sigma: 0.114 
maxBOLD estimate = 1.536


Trial 38: qplus Stimulus Selection
Stimulus: 0.505
Output value 0.446

Q+ parameters
slope: 0.183 semiSat: 0.560 beta: 1.031 sigma: 0.114 
maxBOLD estimate = 1.584


Trial 39: qplus Stimulus Selection
Stimulus: 0.505
Output value 0.278

Q+ parameters
slope: 0.183 semiSat: 0.560 beta: 0.938 sigma: 0.114 
maxBOLD estimate = 1.634


Trial 40: baseline Stimulus Selection
Stimulus: 0.010
Output value -0.348

Q+ parameters
slope: 0.144 semiSat: 0.560 beta: 1.250 sigma: 0.114 
maxBOLD estimate = 1.532


Trial 41: qplus Stimulus Selection
Stimulus: 0.505
Output value 0.163

Q+ parameters
slope: 0.183 semiSat: 0.560 beta: 0.938 sigma: 0.114 
maxBOLD estimate = 1.915


Trial 42: qplus Stimulus Selection
Stimulus: 1.000
Output value 0.918

Q+ parameters
slope: 0.183 semiSat: 0.560 beta: 0.938 sigma: 0.114 
maxBOLD estimate = 1.795


Trial 43: qplus Stimulus Selection
Stimulus: 0.546
Output value 0.430

Q+ parameters
slope: 0.183 semiSat: 0.560 beta: 0.938 sigma: 0.114 
maxBOLD estimate = 1.683


Trial 44: qplus Stimulus Selection
Stimulus: 0.588
Output value 0.592

Q+ parameters
slope: 0.183 semiSat: 0.560 beta: 1.031 sigma: 0.114 
maxBOLD estimate = 1.578


Trial 45: maxBOLD Stimulus Selection
Stimulus: 1.000
Output value 0.763

Q+ parameters
slope: 0.183 semiSat: 0.560 beta: 1.031 sigma: 0.166 
maxBOLD estimate = 1.627


Trial 46: qplus Stimulus Selection
Stimulus: 0.588
Output value 0.715

Q+ parameters
slope: 0.183 semiSat: 0.560 beta: 0.938 sigma: 0.114 
maxBOLD estimate = 1.678


Trial 47: qplus Stimulus Selection
Stimulus: 0.588
Output value 0.804

Q+ parameters
slope: 0.183 semiSat: 0.560 beta: 0.938 sigma: 0.114 
maxBOLD estimate = 1.573


Trial 48: qplus Stimulus Selection
Stimulus: 0.588
Output value 1.206

Q+ parameters
slope: 0.183 semiSat: 0.560 beta: 1.125 sigma: 0.166 
maxBOLD estimate = 1.475


Trial 49: qplus Stimulus Selection
Stimulus: 0.505
Output value -0.283

Q+ parameters
slope: 0.183 semiSat: 0.560 beta: 0.938 sigma: 0.166 
maxBOLD estimate = 1.659


Trial 50: baseline Stimulus Selection
Stimulus: 0.010
Output value 0.000

Q+ parameters
slope: 0.183 semiSat: 0.560 beta: 1.031 sigma: 0.114 
maxBOLD estimate = 1.555


Trial 51: qplus Stimulus Selection
Stimulus: 0.505
Output value -0.137

Q+ parameters
slope: 0.234 semiSat: 0.560 beta: 0.938 sigma: 0.166 
maxBOLD estimate = 1.604


Trial 52: qplus Stimulus Selection
Stimulus: 0.546
Output value 0.282

Q+ parameters
slope: 0.183 semiSat: 0.560 beta: 1.031 sigma: 0.166 
maxBOLD estimate = 1.504


Trial 53: qplus Stimulus Selection
Stimulus: 0.505
Output value 0.727

Q+ parameters
slope: 0.183 semiSat: 0.560 beta: 1.031 sigma: 0.166 
maxBOLD estimate = 1.551


Trial 54: qplus Stimulus Selection
Stimulus: 0.505
Output value 0.273

Q+ parameters
slope: 0.234 semiSat: 0.560 beta: 0.938 sigma: 0.166 
maxBOLD estimate = 1.599


Trial 55: maxBOLD Stimulus Selection
Stimulus: 1.000
Output value 1.840

Q+ parameters
slope: 0.183 semiSat: 0.560 beta: 1.125 sigma: 0.166 
maxBOLD estimate = 1.499


Trial 56: qplus Stimulus Selection
Stimulus: 0.505
Output value 0.719

Q+ parameters
slope: 0.183 semiSat: 0.560 beta: 0.938 sigma: 0.114 
maxBOLD estimate = 1.687


Trial 57: qplus Stimulus Selection
Stimulus: 0.588
Output value 0.741

Q+ parameters
slope: 0.183 semiSat: 0.560 beta: 1.031 sigma: 0.166 
maxBOLD estimate = 1.581


Trial 58: qplus Stimulus Selection
Stimulus: 0.505
Output value 0.139

Q+ parameters
slope: 0.183 semiSat: 0.560 beta: 0.938 sigma: 0.114 
maxBOLD estimate = 1.631


Trial 59: qplus Stimulus Selection
Stimulus: 0.588
Output value 1.876

Q+ parameters
slope: 0.183 semiSat: 0.560 beta: 1.125 sigma: 0.166 
maxBOLD estimate = 1.529


Trial 60: baseline Stimulus Selection
Stimulus: 0.010
Output value 0.137

Q+ parameters
slope: 0.234 semiSat: 0.560 beta: 0.875 sigma: 0.166 
maxBOLD estimate = 1.720


Trial 61: qplus Stimulus Selection
Stimulus: 0.629
Output value 1.129

Q+ parameters
slope: 0.183 semiSat: 0.560 beta: 1.031 sigma: 0.166 
maxBOLD estimate = 1.505


Trial 62: qplus Stimulus Selection
Stimulus: 0.505
Output value 0.291

Q+ parameters
slope: 0.183 semiSat: 0.560 beta: 1.031 sigma: 0.166 
maxBOLD estimate = 1.552


Trial 63: qplus Stimulus Selection
Stimulus: 0.505
Output value 1.200

Q+ parameters
slope: 0.183 semiSat: 0.560 beta: 1.031 sigma: 0.166 
maxBOLD estimate = 1.600


Trial 64: qplus Stimulus Selection
Stimulus: 0.670
Output value 1.688

Q+ parameters
slope: 0.183 semiSat: 0.560 beta: 0.938 sigma: 0.166 
maxBOLD estimate = 1.650


Trial 65: maxBOLD Stimulus Selection
Stimulus: 1.000
Output value 1.740

Q+ parameters
slope: 0.183 semiSat: 0.560 beta: 1.031 sigma: 0.166 
maxBOLD estimate = 1.547


Trial 66: qplus Stimulus Selection
Stimulus: 0.505
Output value 1.047

Q+ parameters
slope: 0.183 semiSat: 0.560 beta: 1.031 sigma: 0.166 
maxBOLD estimate = 1.595


Trial 67: qplus Stimulus Selection
Stimulus: 0.505
Output value 0.771

Q+ parameters
slope: 0.183 semiSat: 0.560 beta: 1.031 sigma: 0.166 
maxBOLD estimate = 1.645


Trial 68: qplus Stimulus Selection
Stimulus: 0.629
Output value 1.446

Q+ parameters
slope: 0.183 semiSat: 0.560 beta: 0.938 sigma: 0.166 
maxBOLD estimate = 1.697


Trial 69: qplus Stimulus Selection
Stimulus: 0.629
Output value 1.193

Q+ parameters
slope: 0.183 semiSat: 0.560 beta: 1.031 sigma: 0.166 
maxBOLD estimate = 1.591


Trial 70: baseline Stimulus Selection
Stimulus: 0.010
Output value 0.280

Q+ parameters
slope: 0.183 semiSat: 0.560 beta: 0.938 sigma: 0.166 
maxBOLD estimate = 1.640


Trial 71: qplus Stimulus Selection
Stimulus: 0.629
Output value 0.577

Q+ parameters
slope: 0.183 semiSat: 0.560 beta: 1.031 sigma: 0.166 
maxBOLD estimate = 1.538


Trial 72: qplus Stimulus Selection
Stimulus: 0.505
Output value 0.000

Q+ parameters
slope: 0.183 semiSat: 0.560 beta: 1.031 sigma: 0.166 
maxBOLD estimate = 1.586


Trial 73: qplus Stimulus Selection
Stimulus: 0.670
Output value 1.394

Q+ parameters
slope: 0.183 semiSat: 0.560 beta: 0.938 sigma: 0.166 
maxBOLD estimate = 1.635


Trial 74: qplus Stimulus Selection
Stimulus: 0.670
Output value 1.581

Q+ parameters
slope: 0.183 semiSat: 0.560 beta: 1.031 sigma: 0.166 
maxBOLD estimate = 1.533


Trial 75: maxBOLD Stimulus Selection
Stimulus: 1.000
Output value 1.631

Q+ parameters
slope: 0.183 semiSat: 0.560 beta: 1.031 sigma: 0.166 
maxBOLD estimate = 1.581


Trial 76: qplus Stimulus Selection
Stimulus: 0.505
Output value 0.139

Q+ parameters
slope: 0.183 semiSat: 0.560 beta: 0.938 sigma: 0.166 
maxBOLD estimate = 1.631


Trial 77: qplus Stimulus Selection
Stimulus: 0.670
Output value 0.860

Q+ parameters
slope: 0.183 semiSat: 0.560 beta: 1.031 sigma: 0.166 
maxBOLD estimate = 1.529


Trial 78: qplus Stimulus Selection
Stimulus: 0.505
Output value 0.000

Q+ parameters
slope: 0.183 semiSat: 0.560 beta: 1.031 sigma: 0.166 
maxBOLD estimate = 1.576


Trial 79: qplus Stimulus Selection
Stimulus: 0.546
Output value 1.108

Q+ parameters
slope: 0.183 semiSat: 0.560 beta: 0.938 sigma: 0.166 
maxBOLD estimate = 1.626


Trial 80: baseline Stimulus Selection
Stimulus: 0.010
Output value 0.143

Q+ parameters
slope: 0.183 semiSat: 0.560 beta: 1.031 sigma: 0.166 
maxBOLD estimate = 1.524


Trial 81: qplus Stimulus Selection
Stimulus: 0.711
Output value 1.326

Q+ parameters
slope: 0.183 semiSat: 0.560 beta: 1.031 sigma: 0.166 
maxBOLD estimate = 1.572


Trial 82: qplus Stimulus Selection
Stimulus: 0.670
Output value 0.691

Q+ parameters
slope: 0.183 semiSat: 0.560 beta: 0.938 sigma: 0.166 
maxBOLD estimate = 1.621


Trial 83: qplus Stimulus Selection
Stimulus: 0.588
Output value 0.570

Q+ parameters
slope: 0.183 semiSat: 0.560 beta: 1.031 sigma: 0.166 
maxBOLD estimate = 1.520


Trial 84: qplus Stimulus Selection
Stimulus: 0.711
Output value 1.763

Q+ parameters
slope: 0.183 semiSat: 0.560 beta: 1.031 sigma: 0.166 
maxBOLD estimate = 1.567


Trial 85: maxBOLD Stimulus Selection
Stimulus: 1.000
Output value 0.689

Q+ parameters
slope: 0.183 semiSat: 0.560 beta: 0.938 sigma: 0.166 
maxBOLD estimate = 1.616


Trial 86: qplus Stimulus Selection
Stimulus: 0.588
Output value 0.568

Q+ parameters
slope: 0.183 semiSat: 0.560 beta: 1.031 sigma: 0.166 
maxBOLD estimate = 1.515


Trial 87: qplus Stimulus Selection
Stimulus: 0.588
Output value 0.879

Q+ parameters
slope: 0.183 semiSat: 0.560 beta: 1.031 sigma: 0.166 
maxBOLD estimate = 1.562


Trial 88: qplus Stimulus Selection
Stimulus: 0.588
Output value 0.824

Q+ parameters
slope: 0.183 semiSat: 0.560 beta: 0.938 sigma: 0.166 
maxBOLD estimate = 1.611


Trial 89: qplus Stimulus Selection
Stimulus: 0.588
Output value 0.425

Q+ parameters
slope: 0.183 semiSat: 0.560 beta: 1.031 sigma: 0.166 
maxBOLD estimate = 1.510


Trial 90: baseline Stimulus Selection
Stimulus: 0.010
Output value -0.133

Q+ parameters
slope: 0.183 semiSat: 0.560 beta: 0.938 sigma: 0.166 
maxBOLD estimate = 1.558


Trial 91: qplus Stimulus Selection
Stimulus: 0.588
Output value 0.958

Q+ parameters
slope: 0.183 semiSat: 0.560 beta: 1.031 sigma: 0.166 
maxBOLD estimate = 1.460


Trial 92: qplus Stimulus Selection
Stimulus: 0.505
Output value 0.847

Q+ parameters
slope: 0.183 semiSat: 0.560 beta: 1.031 sigma: 0.166 
maxBOLD estimate = 1.506


Trial 93: qplus Stimulus Selection
Stimulus: 0.505
Output value 0.794

Q+ parameters
slope: 0.183 semiSat: 0.560 beta: 0.938 sigma: 0.166 
maxBOLD estimate = 1.553


Trial 94: qplus Stimulus Selection
Stimulus: 0.588
Output value 0.955

Q+ parameters
slope: 0.183 semiSat: 0.560 beta: 1.031 sigma: 0.166 
maxBOLD estimate = 1.456


Trial 95: maxBOLD Stimulus Selection
Stimulus: 1.000
Output value 1.689

Q+ parameters
slope: 0.183 semiSat: 0.560 beta: 1.031 sigma: 0.166 
maxBOLD estimate = 1.501


Trial 96: qplus Stimulus Selection
Stimulus: 0.505
Output value 0.726

Q+ parameters
slope: 0.183 semiSat: 0.560 beta: 1.031 sigma: 0.166 
maxBOLD estimate = 1.548


Trial 97: qplus Stimulus Selection
Stimulus: 0.588
Output value 0.953

Q+ parameters
slope: 0.183 semiSat: 0.560 beta: 0.938 sigma: 0.166 
maxBOLD estimate = 1.597


Trial 98: qplus Stimulus Selection
Stimulus: 0.588
Output value 1.684

Q+ parameters
slope: 0.183 semiSat: 0.560 beta: 1.031 sigma: 0.166 
maxBOLD estimate = 1.497


Trial 99: qplus Stimulus Selection
Stimulus: 0.505
Output value 0.434

Q+ parameters
slope: 0.183 semiSat: 0.560 beta: 1.031 sigma: 0.166 
maxBOLD estimate = 1.544


Trial 100: baseline Stimulus Selection
Stimulus: 0.010
Output value 0.000

Q+ parameters
slope: 0.183 semiSat: 0.560 beta: 0.938 sigma: 0.166 
maxBOLD estimate = 1.592

--------------------------------------------------------------
FINAL VALUES
--------------------------------------------------------------
Simulated parameters:              slope: 0.200 semiSat: 0.570 beta: 1.000 sigma: 0.150 
Max posterior QUEST+ parameters:   slope: 0.183 semiSat: 0.560 beta: 1.031 sigma: 0.166 
Max BADS parameters:               slope: 0.204 semiSat: 0.551 beta: 1.000 sigma: 0.161 
maxBOLD estimate: 1.519
