/blue/stevenweisberg/stevenweisberg/MATLAB/projects/Weisberg_Aguirre_2020/scripts/run_sims
c30a-s2.ufhpc
Thu Nov 12 23:34:01 EST 2020
cp: cannot stat ‘/blue/stevenweisberg/stevenweisberg/qpfMRIResults/deploy_sim.sh’: No such file or directory
cp: cannot stat ‘/blue/stevenweisberg/stevenweisberg/qpfMRIResults/sim_wrapper.sh’: No such file or directory
------------------------------------------
Setting up environment variables
---
LD_LIBRARY_PATH is .:/apps/matlab/mcr/2020b/v99/runtime/glnxa64:/apps/matlab/mcr/2020b/v99/bin/glnxa64:/apps/matlab/mcr/2020b/v99/sys/os/glnxa64:/apps/matlab/mcr/2020b/v99/sys/opengl/lib/glnxa64
Warning: Executing startup failed in matlabrc.
This indicates a potentially serious problem in your MATLAB setup, which should be resolved as soon as possible.  Error detected was:
MATLAB:mpath:PathAlterationNotSupported
Modifying the search path is not supported by MATLAB Compiler. Remove functions that modify the search path from your MATLAB code. To make files visible to your deployed application, add the parent folder to your MATLAB session.
Warning: No stimulus domain specified. Defaulting to values between 0.01 and 1.
> In qpfmriParams (line 182)
In compiledSimulate (line 205)
Stimulus domain added from input.
Parameter slope specified as 0.41000
Parameter semiSat specified as 0.57000
Parameter beta specified as 1.00000
Parameter sigma specified as 0.25000
seed = 99seed = 104seed = 111seed = 111seed = 115seed = 101Initializing Q+. This may take a minute...
Elapsed time is 9.820643 seconds.
Simulated parameters:
slope: 0.410 semiSat: 0.570 beta: 1.000 sigma: 0.250 

Trial 1: baseline Stimulus Selection
Stimulus: 0.010
Output value 0.000

Q+ parameters
slope: 0.026 semiSat: 0.890 beta: 0.500 sigma: 0.010 
maxBOLD estimate = 1.000


Trial 2: maxBOLD Stimulus Selection
Stimulus: 1.000
Output value 1.364

Q+ parameters
slope: 0.055 semiSat: 0.670 beta: 1.250 sigma: 0.010 
maxBOLD estimate = 1.000


Trial 3: baseline Stimulus Selection
Stimulus: 0.010
Output value -0.284

Q+ parameters
slope: 0.055 semiSat: 0.670 beta: 1.250 sigma: 0.218 
maxBOLD estimate = 1.250


Trial 4: maxBOLD Stimulus Selection
Stimulus: 1.000
Output value 1.776

Q+ parameters
slope: 0.055 semiSat: 0.670 beta: 1.250 sigma: 0.114 
maxBOLD estimate = 1.562


Trial 5: baseline Stimulus Selection
Stimulus: 0.010
Output value 0.599

Q+ parameters
slope: 0.043 semiSat: 0.780 beta: 1.125 sigma: 0.218 
maxBOLD estimate = 1.953


Trial 6: maxBOLD Stimulus Selection
Stimulus: 1.000
Output value 0.300

Q+ parameters
slope: 0.034 semiSat: 0.890 beta: 0.750 sigma: 0.218 
maxBOLD estimate = 2.197


Trial 7: random Stimulus Selection
Stimulus: 1.000
Output value 2.247

Q+ parameters
slope: 0.055 semiSat: 0.670 beta: 1.250 sigma: 0.635 
maxBOLD estimate = 1.648


Trial 8: random Stimulus Selection
Stimulus: 0.670
Output value 1.264

Q+ parameters
slope: 0.089 semiSat: 0.340 beta: 0.750 sigma: 0.166 
maxBOLD estimate = 2.060


Trial 9: random Stimulus Selection
Stimulus: 0.051
Output value -0.351

Q+ parameters
slope: 0.089 semiSat: 0.450 beta: 1.250 sigma: 0.427 
maxBOLD estimate = 1.545


Trial 10: baseline Stimulus Selection
Stimulus: 0.010
Output value -0.439

Q+ parameters
slope: 0.089 semiSat: 0.450 beta: 1.250 sigma: 0.375 
maxBOLD estimate = 1.931


Trial 11: random Stimulus Selection
Stimulus: 0.711
Output value 0.329

Q+ parameters
slope: 0.483 semiSat: 0.120 beta: 0.500 sigma: 0.166 
maxBOLD estimate = 2.414


Trial 12: random Stimulus Selection
Stimulus: 0.546
Output value 0.549

Q+ parameters
slope: 0.070 semiSat: 0.450 beta: 1.250 sigma: 0.323 
maxBOLD estimate = 1.207


Trial 13: random Stimulus Selection
Stimulus: 0.505
Output value -0.291

Q+ parameters
slope: 1.000 semiSat: 0.560 beta: 1.062 sigma: 0.271 
maxBOLD estimate = 1.509


Trial 14: random Stimulus Selection
Stimulus: 0.505
Output value -0.310

Q+ parameters
slope: 1.000 semiSat: 0.560 beta: 1.062 sigma: 0.271 
maxBOLD estimate = 1.603


Trial 15: maxBOLD Stimulus Selection
Stimulus: 1.000
Output value 1.490

Q+ parameters
slope: 0.785 semiSat: 0.560 beta: 0.875 sigma: 0.218 
maxBOLD estimate = 1.703


Trial 16: random Stimulus Selection
Stimulus: 1.000
Output value 1.727

Q+ parameters
slope: 1.000 semiSat: 0.560 beta: 1.062 sigma: 0.218 
maxBOLD estimate = 1.490


Trial 17: random Stimulus Selection
Stimulus: 1.000
Output value 1.835

Q+ parameters
slope: 1.000 semiSat: 0.560 beta: 1.062 sigma: 0.218 
maxBOLD estimate = 1.583


Trial 18: random Stimulus Selection
Stimulus: 0.670
Output value 1.950

Q+ parameters
slope: 1.000 semiSat: 0.560 beta: 1.062 sigma: 0.218 
maxBOLD estimate = 1.682


Trial 19: random Stimulus Selection
Stimulus: 0.216
Output value 1.036

Q+ parameters
slope: 1.000 semiSat: 0.560 beta: 1.062 sigma: 0.271 
maxBOLD estimate = 1.788


Trial 20: baseline Stimulus Selection
Stimulus: 0.010
Output value -0.367

Q+ parameters
slope: 1.000 semiSat: 0.560 beta: 1.062 sigma: 0.218 
maxBOLD estimate = 1.899


Trial 21: random Stimulus Selection
Stimulus: 0.629
Output value 1.600

Q+ parameters
slope: 1.000 semiSat: 0.560 beta: 0.969 sigma: 0.218 
maxBOLD estimate = 2.018


Trial 22: random Stimulus Selection
Stimulus: 0.794
Output value 1.244

Q+ parameters
slope: 0.785 semiSat: 0.560 beta: 0.875 sigma: 0.166 
maxBOLD estimate = 1.955


Trial 23: random Stimulus Selection
Stimulus: 0.464
Output value 0.000

Q+ parameters
slope: 1.000 semiSat: 0.560 beta: 1.062 sigma: 0.166 
maxBOLD estimate = 1.711


Trial 24: random Stimulus Selection
Stimulus: 0.876
Output value 2.107

Q+ parameters
slope: 1.000 semiSat: 0.560 beta: 1.062 sigma: 0.218 
maxBOLD estimate = 1.818


Trial 25: maxBOLD Stimulus Selection
Stimulus: 1.000
Output value 2.052

Q+ parameters
slope: 1.000 semiSat: 0.560 beta: 1.062 sigma: 0.218 
maxBOLD estimate = 1.931


Trial 26: random Stimulus Selection
Stimulus: 0.753
Output value 2.378

Q+ parameters
slope: 1.000 semiSat: 0.560 beta: 1.062 sigma: 0.218 
maxBOLD estimate = 2.052


Trial 27: random Stimulus Selection
Stimulus: 0.835
Output value 1.387

Q+ parameters
slope: 0.785 semiSat: 0.560 beta: 0.875 sigma: 0.166 
maxBOLD estimate = 2.180


Trial 28: random Stimulus Selection
Stimulus: 0.505
Output value 0.553

Q+ parameters
slope: 1.000 semiSat: 0.560 beta: 1.062 sigma: 0.218 
maxBOLD estimate = 1.908


Trial 29: random Stimulus Selection
Stimulus: 0.876
Output value 2.153

Q+ parameters
slope: 1.000 semiSat: 0.560 beta: 1.062 sigma: 0.218 
maxBOLD estimate = 2.027


Trial 30: baseline Stimulus Selection
Stimulus: 0.010
Output value 0.514

Q+ parameters
slope: 0.785 semiSat: 0.560 beta: 0.875 sigma: 0.218 
maxBOLD estimate = 2.153

--------------------------------------------------------------
FINAL VALUES
--------------------------------------------------------------
Simulated parameters:              slope: 0.410 semiSat: 0.570 beta: 1.000 sigma: 0.250 
Max posterior QUEST+ parameters:   slope: 1.000 semiSat: 0.560 beta: 1.062 sigma: 0.218 
Max BADS parameters:               slope: 0.933 semiSat: 0.585 beta: 1.000 sigma: 0.206 
maxBOLD estimate: 1.748
