/blue/stevenweisberg/stevenweisberg/MATLAB/projects/Weisberg_Aguirre_2020/scripts/run_sims
c0706a-s9.ufhpc
Wed Apr  7 10:11:40 EDT 2021
mkdir: cannot create directory ‘/blue/stevenweisberg/stevenweisberg/qpfMRIResults/model_parameter_set2/’: File exists
cp: cannot stat ‘/blue/stevenweisberg/stevenweisberg/qpfMRIResults/deploy_sim.sh’: No such file or directory
cp: cannot stat ‘/blue/stevenweisberg/stevenweisberg/qpfMRIResults/sim_wrapper.sh’: No such file or directory
------------------------------------------
Setting up environment variables
---
LD_LIBRARY_PATH is .:/apps/matlab/mcr/2020b/v99/runtime/glnxa64:/apps/matlab/mcr/2020b/v99/bin/glnxa64:/apps/matlab/mcr/2020b/v99/sys/os/glnxa64:/apps/matlab/mcr/2020b/v99/sys/opengl/lib/glnxa64
Warning: Executing startup failed in matlabrc.
This indicates a potentially serious problem in your MATLAB setup, which should be resolved as soon as possible.  Error detected was:
MATLAB:mpath:PathAlterationNotSupported
Modifying the search path is not supported by MATLAB Compiler. Remove functions that modify the search path from your MATLAB code. To make files visible to your deployed application, add the parent folder to your MATLAB session.
Warning: No stimulus domain specified. Defaulting to values between 0.01 and 1.
> In qpfmriParams (line 182)
In compiledSimulate (line 205)
Stimulus domain added from input.
Parameter slope specified as 0.20000
Parameter semiSat specified as 0.57000
Parameter beta specified as 1.00000
Parameter sigma specified as 0.05000
seed = 99seed = 104seed = 111seed = 111seed = 115seed = 101Initializing Q+. This may take a minute...
Elapsed time is 8.368876 seconds.
Simulated parameters:
slope: 0.200 semiSat: 0.570 beta: 1.000 sigma: 0.050 

Trial 1: baseline Stimulus Selection
Stimulus: 0.010
Output value 0.000

Q+ parameters
slope: 0.026 semiSat: 0.890 beta: 0.500 sigma: 0.010 
maxBOLD estimate = 1.000


Trial 2: maxBOLD Stimulus Selection
Stimulus: 1.000
Output value 1.364

Q+ parameters
slope: 0.055 semiSat: 0.670 beta: 1.250 sigma: 0.010 
maxBOLD estimate = 1.000


Trial 3: baseline Stimulus Selection
Stimulus: 0.010
Output value -0.284

Q+ parameters
slope: 0.055 semiSat: 0.670 beta: 1.250 sigma: 0.114 
maxBOLD estimate = 1.250


Trial 4: maxBOLD Stimulus Selection
Stimulus: 1.000
Output value 1.598

Q+ parameters
slope: 0.055 semiSat: 0.670 beta: 1.125 sigma: 0.062 
maxBOLD estimate = 1.562


Trial 5: baseline Stimulus Selection
Stimulus: 0.010
Output value 0.200

Q+ parameters
slope: 0.043 semiSat: 0.780 beta: 1.250 sigma: 0.062 
maxBOLD estimate = 1.758


Trial 6: maxBOLD Stimulus Selection
Stimulus: 1.000
Output value 1.355

Q+ parameters
slope: 0.043 semiSat: 0.780 beta: 0.969 sigma: 0.062 
maxBOLD estimate = 2.197


Trial 7: random Stimulus Selection
Stimulus: 0.835
Output value 1.161

Q+ parameters
slope: 0.070 semiSat: 0.450 beta: 0.750 sigma: 0.062 
maxBOLD estimate = 2.129


Trial 8: random Stimulus Selection
Stimulus: 0.175
Output value -0.308

Q+ parameters
slope: 0.089 semiSat: 0.560 beta: 1.062 sigma: 0.062 
maxBOLD estimate = 1.596


Trial 9: random Stimulus Selection
Stimulus: 0.423
Output value 0.000

Q+ parameters
slope: 0.183 semiSat: 0.670 beta: 0.938 sigma: 0.062 
maxBOLD estimate = 1.696


Trial 10: baseline Stimulus Selection
Stimulus: 0.010
Output value 0.000

Q+ parameters
slope: 0.183 semiSat: 0.670 beta: 1.031 sigma: 0.062 
maxBOLD estimate = 1.590


Trial 11: random Stimulus Selection
Stimulus: 0.134
Output value -0.280

Q+ parameters
slope: 0.183 semiSat: 0.670 beta: 0.938 sigma: 0.062 
maxBOLD estimate = 1.640


Trial 12: random Stimulus Selection
Stimulus: 1.000
Output value 1.730

Q+ parameters
slope: 0.183 semiSat: 0.670 beta: 1.031 sigma: 0.062 
maxBOLD estimate = 1.537


Trial 13: random Stimulus Selection
Stimulus: 0.340
Output value 0.297

Q+ parameters
slope: 0.183 semiSat: 0.670 beta: 1.031 sigma: 0.062 
maxBOLD estimate = 1.585


Trial 14: random Stimulus Selection
Stimulus: 0.959
Output value 1.686

Q+ parameters
slope: 0.183 semiSat: 0.670 beta: 1.031 sigma: 0.062 
maxBOLD estimate = 1.635


Trial 15: maxBOLD Stimulus Selection
Stimulus: 1.000
Output value 1.839

Q+ parameters
slope: 0.144 semiSat: 0.670 beta: 1.000 sigma: 0.062 
maxBOLD estimate = 1.686


Trial 16: random Stimulus Selection
Stimulus: 0.464
Output value 0.445

Q+ parameters
slope: 0.144 semiSat: 0.560 beta: 0.969 sigma: 0.062 
maxBOLD estimate = 1.686


Trial 17: random Stimulus Selection
Stimulus: 0.257
Output value -0.144

Q+ parameters
slope: 0.234 semiSat: 0.560 beta: 0.969 sigma: 0.062 
maxBOLD estimate = 1.633


Trial 18: random Stimulus Selection
Stimulus: 0.711
Output value 1.582

Q+ parameters
slope: 0.234 semiSat: 0.560 beta: 1.000 sigma: 0.062 
maxBOLD estimate = 1.582


Trial 19: random Stimulus Selection
Stimulus: 0.010
Output value 0.144

Q+ parameters
slope: 0.234 semiSat: 0.560 beta: 1.000 sigma: 0.062 
maxBOLD estimate = 1.582


Trial 20: baseline Stimulus Selection
Stimulus: 0.010
Output value 0.000

Q+ parameters
slope: 0.234 semiSat: 0.560 beta: 1.000 sigma: 0.062 
maxBOLD estimate = 1.582


Trial 21: random Stimulus Selection
Stimulus: 0.299
Output value -0.144

Q+ parameters
slope: 0.234 semiSat: 0.560 beta: 1.000 sigma: 0.062 
maxBOLD estimate = 1.582


Trial 22: random Stimulus Selection
Stimulus: 0.959
Output value 1.582

Q+ parameters
slope: 0.234 semiSat: 0.560 beta: 1.000 sigma: 0.062 
maxBOLD estimate = 1.582


Trial 23: random Stimulus Selection
Stimulus: 0.216
Output value -0.144

Q+ parameters
slope: 0.234 semiSat: 0.560 beta: 1.000 sigma: 0.062 
maxBOLD estimate = 1.582


Trial 24: random Stimulus Selection
Stimulus: 0.959
Output value 1.214

Q+ parameters
slope: 0.234 semiSat: 0.560 beta: 0.938 sigma: 0.062 
maxBOLD estimate = 1.582


Trial 25: maxBOLD Stimulus Selection
Stimulus: 1.000
Output value 1.618

Q+ parameters
slope: 0.234 semiSat: 0.560 beta: 1.000 sigma: 0.062 
maxBOLD estimate = 1.483


Trial 26: random Stimulus Selection
Stimulus: 0.588
Output value 0.405

Q+ parameters
slope: 0.234 semiSat: 0.670 beta: 1.500 sigma: 0.062 
maxBOLD estimate = 1.483


Trial 27: random Stimulus Selection
Stimulus: 0.257
Output value 0.000

Q+ parameters
slope: 0.234 semiSat: 0.560 beta: 0.750 sigma: 0.062 
maxBOLD estimate = 2.225


Trial 28: random Stimulus Selection
Stimulus: 0.918
Output value 1.460

Q+ parameters
slope: 0.234 semiSat: 0.560 beta: 0.875 sigma: 0.062 
maxBOLD estimate = 1.669


Trial 29: random Stimulus Selection
Stimulus: 0.092
Output value 0.000

Q+ parameters
slope: 0.234 semiSat: 0.560 beta: 1.000 sigma: 0.062 
maxBOLD estimate = 1.460


Trial 30: baseline Stimulus Selection
Stimulus: 0.010
Output value -0.398

Q+ parameters
slope: 0.144 semiSat: 0.670 beta: 1.500 sigma: 0.062 
maxBOLD estimate = 1.460


Trial 31: random Stimulus Selection
Stimulus: 0.092
Output value -0.149

Q+ parameters
slope: 0.234 semiSat: 0.560 beta: 0.750 sigma: 0.062 
maxBOLD estimate = 2.190


Trial 32: random Stimulus Selection
Stimulus: 0.959
Output value 1.260

Q+ parameters
slope: 0.183 semiSat: 0.560 beta: 0.938 sigma: 0.062 
maxBOLD estimate = 1.643


Trial 33: random Stimulus Selection
Stimulus: 0.092
Output value -0.136

Q+ parameters
slope: 0.144 semiSat: 0.560 beta: 0.969 sigma: 0.062 
maxBOLD estimate = 1.540


Trial 34: random Stimulus Selection
Stimulus: 0.423
Output value 0.280

Q+ parameters
slope: 0.183 semiSat: 0.560 beta: 1.031 sigma: 0.062 
maxBOLD estimate = 1.492


Trial 35: maxBOLD Stimulus Selection
Stimulus: 1.000
Output value 1.539

Q+ parameters
slope: 0.234 semiSat: 0.560 beta: 1.000 sigma: 0.062 
maxBOLD estimate = 1.539


Trial 36: random Stimulus Selection
Stimulus: 0.670
Output value 1.084

Q+ parameters
slope: 0.144 semiSat: 0.560 beta: 0.969 sigma: 0.062 
maxBOLD estimate = 1.539


Trial 37: random Stimulus Selection
Stimulus: 0.918
Output value 1.444

Q+ parameters
slope: 0.144 semiSat: 0.560 beta: 0.969 sigma: 0.062 
maxBOLD estimate = 1.491


Trial 38: random Stimulus Selection
Stimulus: 0.381
Output value -0.394

Q+ parameters
slope: 0.144 semiSat: 0.670 beta: 1.500 sigma: 0.062 
maxBOLD estimate = 1.444


Trial 39: random Stimulus Selection
Stimulus: 0.381
Output value 0.000

Q+ parameters
slope: 0.183 semiSat: 0.560 beta: 0.750 sigma: 0.062 
maxBOLD estimate = 2.166


Trial 40: baseline Stimulus Selection
Stimulus: 0.010
Output value -0.277

Q+ parameters
slope: 0.183 semiSat: 0.560 beta: 0.938 sigma: 0.062 
maxBOLD estimate = 1.624


Trial 41: random Stimulus Selection
Stimulus: 0.794
Output value 1.207

Q+ parameters
slope: 0.144 semiSat: 0.560 beta: 0.969 sigma: 0.062 
maxBOLD estimate = 1.523


Trial 42: random Stimulus Selection
Stimulus: 1.000
Output value 1.383

Q+ parameters
slope: 0.183 semiSat: 0.560 beta: 1.031 sigma: 0.062 
maxBOLD estimate = 1.475


Trial 43: random Stimulus Selection
Stimulus: 0.010
Output value -0.285

Q+ parameters
slope: 0.183 semiSat: 0.560 beta: 1.031 sigma: 0.062 
maxBOLD estimate = 1.521


Trial 44: random Stimulus Selection
Stimulus: 0.876
Output value 1.244

Q+ parameters
slope: 0.144 semiSat: 0.560 beta: 0.969 sigma: 0.062 
maxBOLD estimate = 1.569


Trial 45: maxBOLD Stimulus Selection
Stimulus: 1.000
Output value 1.710

Q+ parameters
slope: 0.183 semiSat: 0.560 beta: 1.031 sigma: 0.062 
maxBOLD estimate = 1.520


Trial 46: random Stimulus Selection
Stimulus: 0.051
Output value 0.000

Q+ parameters
slope: 0.144 semiSat: 0.560 beta: 0.969 sigma: 0.062 
maxBOLD estimate = 1.567


Trial 47: random Stimulus Selection
Stimulus: 0.423
Output value 0.142

Q+ parameters
slope: 0.183 semiSat: 0.560 beta: 1.031 sigma: 0.062 
maxBOLD estimate = 1.518


Trial 48: random Stimulus Selection
Stimulus: 0.959
Output value 1.655

Q+ parameters
slope: 0.144 semiSat: 0.560 beta: 0.969 sigma: 0.062 
maxBOLD estimate = 1.566


Trial 49: random Stimulus Selection
Stimulus: 0.299
Output value -0.142

Q+ parameters
slope: 0.183 semiSat: 0.560 beta: 1.031 sigma: 0.062 
maxBOLD estimate = 1.517


Trial 50: baseline Stimulus Selection
Stimulus: 0.010
Output value -0.276

Q+ parameters
slope: 0.144 semiSat: 0.560 beta: 0.969 sigma: 0.062 
maxBOLD estimate = 1.564


Trial 51: random Stimulus Selection
Stimulus: 0.381
Output value 0.267

Q+ parameters
slope: 0.144 semiSat: 0.560 beta: 0.969 sigma: 0.062 
maxBOLD estimate = 1.516


Trial 52: random Stimulus Selection
Stimulus: 0.010
Output value 0.000

Q+ parameters
slope: 0.183 semiSat: 0.560 beta: 1.062 sigma: 0.062 
maxBOLD estimate = 1.468


Trial 53: random Stimulus Selection
Stimulus: 0.299
Output value -0.275

Q+ parameters
slope: 0.144 semiSat: 0.560 beta: 0.969 sigma: 0.062 
maxBOLD estimate = 1.560


Trial 54: random Stimulus Selection
Stimulus: 0.670
Output value 1.198

Q+ parameters
slope: 0.144 semiSat: 0.560 beta: 0.969 sigma: 0.062 
maxBOLD estimate = 1.511


Trial 55: maxBOLD Stimulus Selection
Stimulus: 1.000
Output value 1.273

Q+ parameters
slope: 0.183 semiSat: 0.560 beta: 1.062 sigma: 0.062 
maxBOLD estimate = 1.464


Trial 56: random Stimulus Selection
Stimulus: 0.918
Output value 1.507

Q+ parameters
slope: 0.144 semiSat: 0.560 beta: 0.969 sigma: 0.062 
maxBOLD estimate = 1.555


Trial 57: random Stimulus Selection
Stimulus: 0.711
Output value 1.554

Q+ parameters
slope: 0.183 semiSat: 0.560 beta: 1.031 sigma: 0.062 
maxBOLD estimate = 1.507


Trial 58: random Stimulus Selection
Stimulus: 0.959
Output value 1.505

Q+ parameters
slope: 0.144 semiSat: 0.560 beta: 0.969 sigma: 0.062 
maxBOLD estimate = 1.554


Trial 59: random Stimulus Selection
Stimulus: 0.670
Output value 1.694

Q+ parameters
slope: 0.183 semiSat: 0.560 beta: 1.031 sigma: 0.062 
maxBOLD estimate = 1.505


Trial 60: baseline Stimulus Selection
Stimulus: 0.010
Output value -0.146

Q+ parameters
slope: 0.183 semiSat: 0.560 beta: 1.031 sigma: 0.062 
maxBOLD estimate = 1.552


Trial 61: random Stimulus Selection
Stimulus: 0.216
Output value 0.273

Q+ parameters
slope: 0.183 semiSat: 0.560 beta: 0.938 sigma: 0.062 
maxBOLD estimate = 1.601


Trial 62: random Stimulus Selection
Stimulus: 0.216
Output value 0.000

Q+ parameters
slope: 0.183 semiSat: 0.560 beta: 1.031 sigma: 0.062 
maxBOLD estimate = 1.501


Trial 63: random Stimulus Selection
Stimulus: 1.000
Output value 1.636

Q+ parameters
slope: 0.144 semiSat: 0.560 beta: 0.969 sigma: 0.062 
maxBOLD estimate = 1.548


Trial 64: random Stimulus Selection
Stimulus: 0.464
Output value 0.141

Q+ parameters
slope: 0.183 semiSat: 0.560 beta: 1.031 sigma: 0.062 
maxBOLD estimate = 1.499


Trial 65: maxBOLD Stimulus Selection
Stimulus: 1.000
Output value 1.740

Q+ parameters
slope: 0.183 semiSat: 0.560 beta: 1.031 sigma: 0.062 
maxBOLD estimate = 1.546


Trial 66: random Stimulus Selection
Stimulus: 0.175
Output value -0.281

Q+ parameters
slope: 0.144 semiSat: 0.560 beta: 0.969 sigma: 0.062 
maxBOLD estimate = 1.595


Trial 67: random Stimulus Selection
Stimulus: 0.464
Output value 0.000

Q+ parameters
slope: 0.234 semiSat: 0.560 beta: 1.000 sigma: 0.062 
maxBOLD estimate = 1.545


Trial 68: random Stimulus Selection
Stimulus: 0.835
Output value 1.593

Q+ parameters
slope: 0.183 semiSat: 0.560 beta: 1.031 sigma: 0.062 
maxBOLD estimate = 1.545


Trial 69: random Stimulus Selection
Stimulus: 0.175
Output value 0.421

Q+ parameters
slope: 0.144 semiSat: 0.560 beta: 0.969 sigma: 0.062 
maxBOLD estimate = 1.593


Trial 70: baseline Stimulus Selection
Stimulus: 0.010
Output value -0.289

Q+ parameters
slope: 0.183 semiSat: 0.560 beta: 1.031 sigma: 0.062 
maxBOLD estimate = 1.543


Trial 71: random Stimulus Selection
Stimulus: 0.505
Output value 0.140

Q+ parameters
slope: 0.144 semiSat: 0.560 beta: 0.969 sigma: 0.062 
maxBOLD estimate = 1.591


Trial 72: random Stimulus Selection
Stimulus: 0.216
Output value -0.280

Q+ parameters
slope: 0.234 semiSat: 0.560 beta: 1.000 sigma: 0.062 
maxBOLD estimate = 1.542


Trial 73: random Stimulus Selection
Stimulus: 0.505
Output value 0.280

Q+ parameters
slope: 0.234 semiSat: 0.560 beta: 1.000 sigma: 0.062 
maxBOLD estimate = 1.542


Trial 74: random Stimulus Selection
Stimulus: 0.051
Output value -0.280

Q+ parameters
slope: 0.234 semiSat: 0.560 beta: 1.000 sigma: 0.062 
maxBOLD estimate = 1.542


Trial 75: maxBOLD Stimulus Selection
Stimulus: 1.000
Output value 1.542

Q+ parameters
slope: 0.234 semiSat: 0.560 beta: 1.000 sigma: 0.062 
maxBOLD estimate = 1.542

