/blue/stevenweisberg/stevenweisberg/MATLAB/projects/Weisberg_Aguirre_2020/scripts/run_sims
c5a-s1.ufhpc
Thu Nov 12 13:14:15 EST 2020
cp: cannot stat ‘/blue/stevenweisberg/stevenweisberg/qpfMRIResults/deploy_sim.sh’: No such file or directory
cp: cannot stat ‘/blue/stevenweisberg/stevenweisberg/qpfMRIResults/sim_wrapper.sh’: No such file or directory
------------------------------------------
Setting up environment variables
---
LD_LIBRARY_PATH is .:/apps/matlab/mcr/2020b/v99/runtime/glnxa64:/apps/matlab/mcr/2020b/v99/bin/glnxa64:/apps/matlab/mcr/2020b/v99/sys/os/glnxa64:/apps/matlab/mcr/2020b/v99/sys/opengl/lib/glnxa64
Warning: Executing startup failed in matlabrc.
This indicates a potentially serious problem in your MATLAB setup, which should be resolved as soon as possible.  Error detected was:
MATLAB:mpath:PathAlterationNotSupported
Modifying the search path is not supported by MATLAB Compiler. Remove functions that modify the search path from your MATLAB code. To make files visible to your deployed application, add the parent folder to your MATLAB session.
Warning: No stimulus domain specified. Defaulting to values between 0.01 and 1.
> In qpfmriParams (line 182)
In compiledSimulate (line 205)
Stimulus domain added from input.
Parameter slope specified as 0.41000
Parameter semiSat specified as 0.57000
Parameter beta specified as 1.00000
Parameter sigma specified as 0.25000
seed = 99seed = 104seed = 111seed = 111seed = 115seed = 101Initializing Q+. This may take a minute...
Elapsed time is 19.038055 seconds.
Simulated parameters:
slope: 0.410 semiSat: 0.570 beta: 1.000 sigma: 0.250 

Trial 1: baseline Stimulus Selection
Stimulus: 0.010
Output value 0.000

Q+ parameters
slope: 0.026 semiSat: 0.890 beta: 0.500 sigma: 0.010 
maxBOLD estimate = 1.000


Trial 2: maxBOLD Stimulus Selection
Stimulus: 1.000
Output value 1.364

Q+ parameters
slope: 0.055 semiSat: 0.670 beta: 1.250 sigma: 0.010 
maxBOLD estimate = 1.000


Trial 3: baseline Stimulus Selection
Stimulus: 0.010
Output value -0.284

Q+ parameters
slope: 0.055 semiSat: 0.670 beta: 1.250 sigma: 0.271 
maxBOLD estimate = 1.250


Trial 4: maxBOLD Stimulus Selection
Stimulus: 1.000
Output value 1.243

Q+ parameters
slope: 0.055 semiSat: 0.670 beta: 1.250 sigma: 0.271 
maxBOLD estimate = 1.562


Trial 5: baseline Stimulus Selection
Stimulus: 0.010
Output value 0.688

Q+ parameters
slope: 0.043 semiSat: 0.780 beta: 0.969 sigma: 0.166 
maxBOLD estimate = 1.953


Trial 6: maxBOLD Stimulus Selection
Stimulus: 1.000
Output value 2.365

Q+ parameters
slope: 0.043 semiSat: 0.780 beta: 1.250 sigma: 0.166 
maxBOLD estimate = 1.892


Trial 7: qplus Stimulus Selection
Stimulus: 0.505
Output value 0.000

Q+ parameters
slope: 0.089 semiSat: 0.890 beta: 0.969 sigma: 0.114 
maxBOLD estimate = 2.365


Trial 8: qplus Stimulus Selection
Stimulus: 0.835
Output value 2.343

Q+ parameters
slope: 0.183 semiSat: 0.670 beta: 0.938 sigma: 0.166 
maxBOLD estimate = 2.291


Trial 9: qplus Stimulus Selection
Stimulus: 0.711
Output value 1.465

Q+ parameters
slope: 0.298 semiSat: 0.670 beta: 0.938 sigma: 0.166 
maxBOLD estimate = 2.148


Trial 10: baseline Stimulus Selection
Stimulus: 0.010
Output value 0.481

Q+ parameters
slope: 0.616 semiSat: 0.560 beta: 0.875 sigma: 0.166 
maxBOLD estimate = 2.014


Trial 11: qplus Stimulus Selection
Stimulus: 0.629
Output value 2.042

Q+ parameters
slope: 0.616 semiSat: 0.560 beta: 1.062 sigma: 0.166 
maxBOLD estimate = 1.762


Trial 12: qplus Stimulus Selection
Stimulus: 0.588
Output value 2.553

Q+ parameters
slope: 0.616 semiSat: 0.560 beta: 1.250 sigma: 0.166 
maxBOLD estimate = 1.872


Trial 13: qplus Stimulus Selection
Stimulus: 0.505
Output value -0.160

Q+ parameters
slope: 1.000 semiSat: 0.560 beta: 0.750 sigma: 0.114 
maxBOLD estimate = 2.340


Trial 14: qplus Stimulus Selection
Stimulus: 0.588
Output value 0.678

Q+ parameters
slope: 0.616 semiSat: 0.560 beta: 1.062 sigma: 0.218 
maxBOLD estimate = 1.755


Trial 15: maxBOLD Stimulus Selection
Stimulus: 1.000
Output value 1.150

Q+ parameters
slope: 0.616 semiSat: 0.560 beta: 0.969 sigma: 0.218 
maxBOLD estimate = 1.865


Trial 16: qplus Stimulus Selection
Stimulus: 0.629
Output value 2.217

Q+ parameters
slope: 0.379 semiSat: 0.560 beta: 1.125 sigma: 0.271 
maxBOLD estimate = 1.807


Trial 17: qplus Stimulus Selection
Stimulus: 0.629
Output value 0.485

Q+ parameters
slope: 0.616 semiSat: 0.560 beta: 0.875 sigma: 0.271 
maxBOLD estimate = 2.032


Trial 18: qplus Stimulus Selection
Stimulus: 0.711
Output value 1.374

Q+ parameters
slope: 0.379 semiSat: 0.560 beta: 1.062 sigma: 0.323 
maxBOLD estimate = 1.778


Trial 19: qplus Stimulus Selection
Stimulus: 0.629
Output value 1.771

Q+ parameters
slope: 0.616 semiSat: 0.560 beta: 0.938 sigma: 0.271 
maxBOLD estimate = 1.889


Trial 20: baseline Stimulus Selection
Stimulus: 0.010
Output value -0.342

Q+ parameters
slope: 0.616 semiSat: 0.560 beta: 1.062 sigma: 0.271 
maxBOLD estimate = 1.771


Trial 21: qplus Stimulus Selection
Stimulus: 0.505
Output value 0.299

Q+ parameters
slope: 0.616 semiSat: 0.560 beta: 0.875 sigma: 0.218 
maxBOLD estimate = 1.882


Trial 22: qplus Stimulus Selection
Stimulus: 0.505
Output value 1.113

Q+ parameters
slope: 0.379 semiSat: 0.560 beta: 1.062 sigma: 0.323 
maxBOLD estimate = 1.647


Trial 23: qplus Stimulus Selection
Stimulus: 0.505
Output value 0.676

Q+ parameters
slope: 0.379 semiSat: 0.560 beta: 1.062 sigma: 0.271 
maxBOLD estimate = 1.750


Trial 24: qplus Stimulus Selection
Stimulus: 0.505
Output value 0.898

Q+ parameters
slope: 0.379 semiSat: 0.560 beta: 1.062 sigma: 0.323 
maxBOLD estimate = 1.859


Trial 25: maxBOLD Stimulus Selection
Stimulus: 1.000
Output value 2.290

Q+ parameters
slope: 0.298 semiSat: 0.560 beta: 1.062 sigma: 0.323 
maxBOLD estimate = 1.975


Trial 26: qplus Stimulus Selection
Stimulus: 0.629
Output value 1.789

Q+ parameters
slope: 0.234 semiSat: 0.560 beta: 0.938 sigma: 0.218 
maxBOLD estimate = 2.099


Trial 27: qplus Stimulus Selection
Stimulus: 0.505
Output value -0.347

Q+ parameters
slope: 0.379 semiSat: 0.560 beta: 0.969 sigma: 0.271 
maxBOLD estimate = 1.968


Trial 28: qplus Stimulus Selection
Stimulus: 0.505
Output value 0.184

Q+ parameters
slope: 0.379 semiSat: 0.560 beta: 1.062 sigma: 0.323 
maxBOLD estimate = 1.906


Trial 29: qplus Stimulus Selection
Stimulus: 0.629
Output value 1.611

Q+ parameters
slope: 0.379 semiSat: 0.560 beta: 0.875 sigma: 0.218 
maxBOLD estimate = 2.025


Trial 30: baseline Stimulus Selection
Stimulus: 0.010
Output value 0.468

Q+ parameters
slope: 0.379 semiSat: 0.560 beta: 0.969 sigma: 0.271 
maxBOLD estimate = 1.772

--------------------------------------------------------------
FINAL VALUES
--------------------------------------------------------------
Simulated parameters:              slope: 0.410 semiSat: 0.570 beta: 1.000 sigma: 0.250 
Max posterior QUEST+ parameters:   slope: 0.379 semiSat: 0.560 beta: 0.969 sigma: 0.271 
Max BADS parameters:               slope: 0.387 semiSat: 0.570 beta: 1.000 sigma: 0.244 
maxBOLD estimate: 1.693
